<?xml version="1.0" encoding="UTF-8" ?>
<testsuite errors="0" failures="0" hostname="Larppa-PC" name="Algoritmit.DijkstraTest" tests="4" time="12.183" timestamp="2013-06-15T16:33:41">
  <properties>
    <property name="libs.jsp-compiler.javadoc" value="" />
    <property name="nb.wait.for.caches" value="true" />
    <property name="javac.test.classpath" value=":build/classes:C:\Program Files\NetBeans 7.2.1\platform\modules\ext\junit-4.10.jar" />
    <property name="libs.jsf20.maven-pom" value="" />
    <property name="libs.j2me_ant_ext.javadoc" value="" />
    <property name="libs.junit.javadoc" value="C:\Program Files\NetBeans 7.2.1\java\docs\junit-3.8.2-api.zip" />
    <property name="libs.nokiaS80-ant-utils.javadoc" value="" />
    <property name="ant.core.lib" value="C:\Program Files\NetBeans 7.2.1\java\ant\lib\ant.jar" />
    <property name="libs.jakarta_slide_ant_webdav.javadoc" value="" />
    <property name="javadoc.windowtitle" value="" />
    <property name="libs.jsp-compilation.javadoc" value="" />
    <property name="user.dir" value="C:\Users\Larppa\Tiralabra13\tekoalytesti" />
    <property name="libs.hibernate-persistence.javadoc" value="" />
    <property name="libs.JMUnit4CLDC10.javadoc" value="C:\Program Files\NetBeans 7.2.1\mobility\modules\docs\jmunit-1.2.1-api.zip" />
    <property name="java.vm.version" value="19.1-b02" />
    <property name="libs.jstl11.maven-pom" value="" />
    <property name="libs.MySQLDriver.classpath" value="C:\Program Files\NetBeans 7.2.1\ide\modules\ext\mysql-connector-java-5.1.18-bin.jar" />
    <property name="libs.eclipselinkmodelgen.src" value="" />
    <property name="libs.jstl11.src" value="" />
    <property name="javadoc.notree" value="false" />
    <property name="libs.javaee-web-api-6.0.classpath" value="C:\Program Files\NetBeans 7.2.1\enterprise\modules\ext\javaee-web-api-6.0.jar" />
    <property name="libs.hibernate-support.maven-pom" value="" />
    <property name="libs.hibernate-support.javadoc" value="" />
    <property name="jdk.home" value="C:\Program Files\Java\jdk1.6.0_24" />
    <property name="libs.javac-api.src" value="" />
    <property name="javadoc.noindex" value="false" />
    <property name="sun.os.patch.level" value="Service Pack 1" />
    <property name="do.archive+manifest.available" value="true" />
    <property name="java.vm.specification.name" value="Java Virtual Machine Specification" />
    <property name="libs.semc-ant-utils.classpath" value="C:\Program Files\NetBeans 7.2.1\mobility\modules\ext\org-netbeans-modules-j2me-cdc-project-semc.jar" />
    <property name="nb.show.statistics.ui" value="usageStatisticsEnabled" />
    <property name="libs.nokiadeployment.classpath" value="C:\Program Files\NetBeans 7.2.1\mobility\modules\org-netbeans-modules-mobility-deployment-nokia.jar" />
    <property name="have.tests" value="true" />
    <property name="libs.nokiaS80-ant-utils.maven-pom" value="" />
    <property name="org.xml.sax.driver" value="com.sun.org.apache.xerces.internal.jaxp.SAXParserImpl$JAXPSAXParser" />
    <property name="libs.javac-api.javadoc" value="" />
    <property name="os.name" value="Windows 7" />
    <property name="libs.beans-binding.classpath" value="C:\Program Files\NetBeans 7.2.1\java\modules\ext\beansbinding-1.2.1.jar" />
    <property name="ap.proc.none.internal" value="" />
    <property name="libs.restapi.javadoc" value="C:\Program Files\NetBeans 7.2.1\enterprise\docs\jsr311-api-1.1.1-javadoc.zip" />
    <property name="libs.JWSAntTasks.maven-pom" value="" />
    <property name="libs.testng.src" value="" />
    <property name="libs.ojec-ant-utils.src" value="" />
    <property name="libs.spring-webmvc3.0.src" value="" />
    <property name="libs.restapi.classpath" value="C:\Program Files\NetBeans 7.2.1\enterprise\modules\ext\rest\jsr311-api-1.1.1.jar" />
    <property name="java.vendor.url.bug" value="http://java.sun.com/cgi-bin/bugreport.cgi" />
    <property name="libs.jaxb.maven-pom" value="" />
    <property name="os.arch" value="amd64" />
    <property name="libs.eclipselink.src" value="" />
    <property name="user.name" value="Larppa" />
    <property name="libs.jsf12.javadoc" value="C:\Program Files\NetBeans 7.2.1\enterprise\docs\javaee6-doc-api.zip" />
    <property name="copylibs.rebase" value="true" />
    <property name="manifest.available+main.class" value="true" />
    <property name="libs.spring-webmvc3.0.maven-pom" value="" />
    <property name="libs.swing-layout.maven-pom" value="" />
    <property name="build.classes.dir" value="build/classes" />
    <property name="netbeans.accept_license_class" value="org.netbeans.license.AcceptLicense" />
    <property name="build.sysclasspath" value="ignore" />
    <property name="ap.supported.internal" value="true" />
    <property name="libs.jaxws21.javadoc" value="C:\Program Files\NetBeans 7.2.1\java\docs\jaxws-api-doc.zip" />
    <property name="includes" value="**" />
    <property name="libs.ojec-ant-utils.maven-pom" value="" />
    <property name="user.country" value="US" />
    <property name="manifest.file" value="manifest.mf" />
    <property name="libs.jstl11.javadoc" value="C:\Program Files\NetBeans 7.2.1\enterprise\docs\javaee6-doc-api.zip" />
    <property name="libs.JMUnit4CLDC11.src" value="" />
    <property name="javadoc.encoding" value="UTF-8" />
    <property name="javac.classpath" value="" />
    <property name="libs.jsp-compilation-syscp.src" value="" />
    <property name="libs.JAVADB_DRIVER_LABEL.src" value="" />
    <property name="debug-transport" value="dt_shmem" />
    <property name="netbeans.home" value="C:\Program Files\NetBeans 7.2.1\platform" />
    <property name="build.compiler.emacs" value="true" />
    <property name="libs.javaee-web-api-6.0.src" value="" />
    <property name="libs.ejb3-persistence.src" value="" />
    <property name="libs.jsp-compilation-syscp.classpath" value="C:\Program Files\NetBeans 7.2.1\java\ant\lib\ant.jar;C:\Program Files\NetBeans 7.2.1\enterprise\modules\ext\servlet3.0-jsp2.2-api.jar;C:\Program Files\NetBeans 7.2.1\enterprise\modules\ext\glassfish-jspparser-3.0.jar;C:\Program Files\NetBeans 7.2.1\enterprise\modules\ext\standard.jar;C:\Program Files\NetBeans 7.2.1\enterprise\modules\ext\jsf-2_1\jsf-impl.jar" />
    <property name="libs.nokiaS80-ant-utils.src" value="" />
    <property name="libs.cdc-pp-awt-layout.javadoc" value="" />
    <property name="libs.j2me_ant_ext.classpath" value="C:\Program Files\NetBeans 7.2.1\mobility\modules\org-netbeans-modules-mobility-antext.jar;C:\Program Files\NetBeans 7.2.1\java\modules\org-netbeans-modules-classfile.jar" />
    <property name="java.endorsed.dirs" value="C:\Program Files\Java\jdk1.6.0_24\jre\lib\endorsed" />
    <property name="libs.groovy-all.src" value="" />
    <property name="netbeans.dynamic.classpath" value="C:\Program Files\NetBeans 7.2.1\platform\core\core.jar;C:\Program Files\NetBeans 7.2.1\platform\core\org-openide-filesystems.jar;C:\Program Files\NetBeans 7.2.1\platform\core\locale\core_ja.jar;C:\Program Files\NetBeans 7.2.1\platform\core\locale\core_pt_BR.jar;C:\Program Files\NetBeans 7.2.1\platform\core\locale\core_ru.jar;C:\Program Files\NetBeans 7.2.1\platform\core\locale\core_zh_CN.jar;C:\Program Files\NetBeans 7.2.1\platform\core\locale\org-openide-filesystems_ja.jar;C:\Program Files\NetBeans 7.2.1\platform\core\locale\org-openide-filesystems_pt_BR.jar;C:\Program Files\NetBeans 7.2.1\platform\core\locale\org-openide-filesystems_ru.jar;C:\Program Files\NetBeans 7.2.1\platform\core\locale\org-openide-filesystems_zh_CN.jar;C:\Program Files\NetBeans 7.2.1\nb\core\org-netbeans-upgrader.jar;C:\Program Files\NetBeans 7.2.1\nb\core\locale\core_nb.jar;C:\Program Files\NetBeans 7.2.1\nb\core\locale\core_nb_ja.jar;C:\Program Files\NetBeans 7.2.1\nb\core\locale\core_nb_pt_BR.jar;C:\Program Files\NetBeans 7.2.1\nb\core\locale\core_nb_ru.jar;C:\Program Files\NetBeans 7.2.1\nb\core\locale\core_nb_zh_CN.jar;C:\Program Files\NetBeans 7.2.1\nb\core\locale\org-netbeans-upgrader_ja.jar;C:\Program Files\NetBeans 7.2.1\nb\core\locale\org-netbeans-upgrader_pt_BR.jar;C:\Program Files\NetBeans 7.2.1\nb\core\locale\org-netbeans-upgrader_ru.jar;C:\Program Files\NetBeans 7.2.1\nb\core\locale\org-netbeans-upgrader_zh_CN.jar" />
    <property name="libs.cdc-agui-swing-layout.maven-pom" value="" />
    <property name="libs.cdc-pp-awt-layout.src" value="C:\Program Files\NetBeans 7.2.1\mobility\sources\cdc-pp-awt-layout-src.zip" />
    <property name="java.vm.specification.version" value="1.0" />
    <property name="libs.jakarta_slide_ant_webdav.src" value="" />
    <property name="libs.primefaces.classpath" value="C:\Program Files\NetBeans 7.2.1\enterprise\modules\ext\primefaces\primefaces-3.2.jar" />
    <property name="libs.javaee-api-6.0.classpath" value="C:\Program Files\NetBeans 7.2.1\enterprise\modules\ext\javaee-api-6.0.jar" />
    <property name="libs.sjmc-ant-utils.maven-pom" value="" />
    <property name="libs.groovy-all.maven-pom" value="" />
    <property name="libs.JMUnit4CLDC10.maven-pom" value="" />
    <property name="netbeans.productversion" value="NetBeans IDE 7.2.1 (Build 201210100934)" />
    <property name="libs.hibernate-persistence.classpath" value="C:\Program Files\NetBeans 7.2.1\java\modules\ext\hibernate\antlr-2.7.6.jar;C:\Program Files\NetBeans 7.2.1\java\modules\ext\hibernate\asm.jar;C:\Program Files\NetBeans 7.2.1\java\modules\ext\hibernate\asm-attrs.jar;C:\Program Files\NetBeans 7.2.1\java\modules\ext\hibernate\cglib-2.1.3.jar;C:\Program Files\NetBeans 7.2.1\java\modules\ext\hibernate\commons-collections-2.1.1.jar;C:\Program Files\NetBeans 7.2.1\ide\modules\org-apache-commons-logging.jar;C:\Program Files\NetBeans 7.2.1\java\modules\ext\hibernate\dom4j-1.6.1.jar;C:\Program Files\NetBeans 7.2.1\java\modules\ext\hibernate\ehcache-1.2.3.jar;C:\Program Files\NetBeans 7.2.1\java\modules\ext\hibernate\jdbc2_0-stdext.jar;C:\Program Files\NetBeans 7.2.1\java\modules\ext\hibernate\jta.jar;C:\Program Files\NetBeans 7.2.1\java\modules\ext\hibernate\hibernate3.jar;C:\Program Files\NetBeans 7.2.1\java\modules\ext\hibernate\hibernate-tools.jar;C:\Program Files\NetBeans 7.2.1\java\modules\ext\hibernate\hibernate-annotations.jar;C:\Program Files\NetBeans 7.2.1\java\modules\ext\hibernate\hibernate-commons-annotations.jar;C:\Program Files\NetBeans 7.2.1\java\modules\ext\hibernate\hibernate-entitymanager.jar;C:\Program Files\NetBeans 7.2.1\java\modules\ext\hibernate\javassist.jar;C:\Program Files\NetBeans 7.2.1\java\modules\ext\hibernate\ejb3-persistence.jar" />
    <property name="libs.jaxws21.src" value="" />
    <property name="ant.file.type.tekoalytesti" value="file" />
    <property name="do.archive" value="true" />
    <property name="libs.jakarta_slide_ant_webdav.classpath" value="C:\Program Files\NetBeans 7.2.1\mobility\modules\ext\commons-httpclient-3.0.1.jar;C:\Program Files\NetBeans 7.2.1\ide\modules\org-apache-commons-logging.jar;C:\Program Files\NetBeans 7.2.1\mobility\modules\ext\jdom-1.0.jar;C:\Program Files\NetBeans 7.2.1\mobility\modules\ext\jakarta-slide-webdavlib-2.1.jar;C:\Program Files\NetBeans 7.2.1\mobility\modules\ext\jakarta-slide-ant-webdav-2.1.jar" />
    <property name="java.vendor" value="Sun Microsystems Inc." />
    <property name="libs.JMUnit4CLDC10.src" value="" />
    <property name="libs.javaee-api-6.0.javadoc" value="C:\Program Files\NetBeans 7.2.1\enterprise\docs\javaee6-doc-api.zip" />
    <property name="jar.index.metainf" value="false" />
    <property name="javac.debug" value="true" />
    <property name="javadoc.splitindex" value="true" />
    <property name="file.separator" value="\" />
    <property name="libs.junit_4.maven-pom" value="" />
    <property name="mkdist.disabled" value="false" />
    <property name="javac.test.processorpath" value=":build/classes:C:\Program Files\NetBeans 7.2.1\platform\modules\ext\junit-4.10.jar" />
    <property name="netbeans.buildnumber" value="0.3.15" />
    <property name="libs.JWSAntTasks.javadoc" value="" />
    <property name="build.generated.sources.dir" value="build/generated-sources" />
    <property name="user.variant" value="" />
    <property name="libs.eclipselinkmodelgen.classpath" value="C:\Program Files\NetBeans 7.2.1\java\modules\ext\eclipselink\org.eclipse.persistence.jpa.modelgen.processor-2.3.2.jar" />
    <property name="sun.java.launcher" value="SUN_STANDARD" />
    <property name="libs.junit.classpath" value="C:\Program Files\NetBeans 7.2.1\java\modules\ext\junit-3.8.2.jar" />
    <property name="libs.jaxb.javadoc" value="C:\Program Files\NetBeans 7.2.1\ide\docs\jaxb-api-doc.zip" />
    <property name="libs.struts.classpath" value="C:\Program Files\NetBeans 7.2.1\enterprise\modules\ext\struts\antlr-2.7.2.jar;C:\Program Files\NetBeans 7.2.1\enterprise\modules\ext\struts\bsf-2.3.0.jar;C:\Program Files\NetBeans 7.2.1\enterprise\modules\ext\struts\commons-beanutils-1.8.0.jar;C:\Program Files\NetBeans 7.2.1\enterprise\modules\ext\struts\commons-chain-1.2.jar;C:\Program Files\NetBeans 7.2.1\enterprise\modules\ext\struts\commons-digester-1.8.jar;C:\Program Files\NetBeans 7.2.1\enterprise\modules\ext\struts\commons-fileupload-1.1.1.jar;C:\Program Files\NetBeans 7.2.1\enterprise\modules\ext\struts\commons-io-1.1.jar;C:\Program Files\NetBeans 7.2.1\enterprise\modules\ext\struts\commons-logging-1.0.4.jar;C:\Program Files\NetBeans 7.2.1\enterprise\modules\ext\struts\commons-validator-1.3.1.jar;C:\Program Files\NetBeans 7.2.1\enterprise\modules\ext\struts\jstl-1.0.2.jar;C:\Program Files\NetBeans 7.2.1\enterprise\modules\ext\struts\oro-2.0.8.jar;C:\Program Files\NetBeans 7.2.1\enterprise\modules\ext\struts\standard-1.0.6.jar;C:\Program Files\NetBeans 7.2.1\enterprise\modules\ext\struts\struts-core-1.3.10.jar;C:\Program Files\NetBeans 7.2.1\enterprise\modules\ext\struts\struts-el-1.3.10.jar;C:\Program Files\NetBeans 7.2.1\enterprise\modules\ext\struts\struts-extras-1.3.10.jar;C:\Program Files\NetBeans 7.2.1\enterprise\modules\ext\struts\struts-faces-1.3.10.jar;C:\Program Files\NetBeans 7.2.1\enterprise\modules\ext\struts\struts-mailreader-dao-1.3.10.jar;C:\Program Files\NetBeans 7.2.1\enterprise\modules\ext\struts\struts-scripting-1.3.10.jar;C:\Program Files\NetBeans 7.2.1\enterprise\modules\ext\struts\struts-taglib-1.3.10.jar;C:\Program Files\NetBeans 7.2.1\enterprise\modules\ext\struts\struts-tiles-1.3.10.jar" />
    <property name="ant.home" value="C:\Program Files\NetBeans 7.2.1\java\ant" />
    <property name="libs.junit_4.src" value="C:\Program Files\NetBeans 7.2.1\java\docs\junit-4.10-sources.jar" />
    <property name="libs.testng.classpath" value="C:\Program Files\NetBeans 7.2.1\platform\modules\ext\testng-6.5.1-dist.jar" />
    <property name="libs.absolutelayout.maven-pom" value="" />
    <property name="ant.java.version" value="1.6" />
    <property name="java.library.path" value="C:\Program Files\Java\jdk1.6.0_24\jre\bin;.;C:\Windows\Sun\Java\bin;C:\Windows\system32;C:\Windows;C:\Program Files (x86)\AMD APP\bin\x86_64;C:\Program Files (x86)\AMD APP\bin\x86;C:\Program Files (x86)\NVIDIA Corporation\PhysX\Common;C:\Program Files\Common Files\Microsoft Shared\Windows Live;C:\Program Files (x86)\Common Files\Microsoft Shared\Windows Live;C:\Windows\system32;C:\Windows;C:\Windows\System32\Wbem;C:\Windows\System32\WindowsPowerShell\v1.0\;C:\Program Files (x86)\ATI Technologies\ATI.ACE\Core-Static;C:\Program Files (x86)\Windows Live\Shared;C:\Program Files (x86)\QuickTime\QTSystem\;C:\Program Files (x86)\Common Files\Teleca Shared;C:\Program Files\MiKTeX 2.9\miktex\bin\x64\;C:\Ch\bin" />
    <property name="javadoc.author" value="false" />
    <property name="libs.metro.maven-pom" value="" />
    <property name="manifest.available+main.class-mkdist.available" value="true" />
    <property name="java.util.logging.config.class" value="org.netbeans.core.startup.TopLogging" />
    <property name="libs.PostgreSQLDriver.src" value="" />
    <property name="sun.arch.data.model" value="64" />
    <property name="basedir" value="C:\Users\Larppa\Tiralabra13\tekoalytesti" />
    <property name="libs.jpa20-persistence.maven-pom" value="" />
    <property name="jar.compress" value="false" />
    <property name="libs.jstl11.classpath" value="C:\Program Files\NetBeans 7.2.1\enterprise\modules\ext\standard.jar;C:\Program Files\NetBeans 7.2.1\enterprise\modules\ext\jstl.jar" />
    <property name="path.separator" value=";" />
    <property name="libs.javaee-web-api-6.0.javadoc" value="C:\Program Files\NetBeans 7.2.1\enterprise\docs\javaee6-doc-api.zip" />
    <property name="ant.junit.enabletestlistenerevents" value="true" />
    <property name="sun.io.unicode.encoding" value="UnicodeLittle" />
    <property name="libs.semc-ant-utils.javadoc" value="" />
    <property name="libs.jaxws21.classpath" value="C:\Program Files\NetBeans 7.2.1\ide\modules\ext\jaxb\jaxb-impl.jar;C:\Program Files\NetBeans 7.2.1\ide\modules\ext\jaxb\jaxb-xjc.jar;C:\Program Files\NetBeans 7.2.1\java\modules\ext\jaxws22\FastInfoset.jar;C:\Program Files\NetBeans 7.2.1\java\modules\ext\jaxws22\gmbal-api-only.jar;C:\Program Files\NetBeans 7.2.1\java\modules\ext\jaxws22\ha-api.jar;C:\Program Files\NetBeans 7.2.1\java\modules\ext\jaxws22\javax.mail_1.4.jar;C:\Program Files\NetBeans 7.2.1\java\modules\ext\jaxws22\jaxws-rt.jar;C:\Program Files\NetBeans 7.2.1\java\modules\ext\jaxws22\jaxws-tools.jar;C:\Program Files\NetBeans 7.2.1\java\modules\ext\jaxws22\management-api.jar;C:\Program Files\NetBeans 7.2.1\java\modules\ext\jaxws22\mimepull.jar;C:\Program Files\NetBeans 7.2.1\java\modules\ext\jaxws22\policy.jar;C:\Program Files\NetBeans 7.2.1\java\modules\ext\jaxws22\saaj-impl.jar;C:\Program Files\NetBeans 7.2.1\java\modules\ext\jaxws22\stax-ex.jar;C:\Program Files\NetBeans 7.2.1\java\modules\ext\jaxws22\stax2-api.jar;C:\Program Files\NetBeans 7.2.1\java\modules\ext\jaxws22\streambuffer.jar;C:\Program Files\NetBeans 7.2.1\java\modules\ext\jaxws22\woodstox-core-asl.jar;C:\Program Files\NetBeans 7.2.1\java\modules\ext\jaxws22\api\jaxws-api.jar;C:\Program Files\NetBeans 7.2.1\java\modules\ext\jaxws22\api\jsr181-api.jar;C:\Program Files\NetBeans 7.2.1\java\modules\ext\jaxws22\api\javax.annotation.jar;C:\Program Files\NetBeans 7.2.1\java\modules\ext\jaxws22\api\saaj-api.jar;C:\Program Files\NetBeans 7.2.1\ide\modules\ext\jaxb\activation.jar;C:\Program Files\NetBeans 7.2.1\ide\modules\ext\jaxb\api\jaxb-api.jar;C:\Program Files\NetBeans 7.2.1\ide\modules\ext\jaxb\api\jsr173_1.0_api.jar" />
    <property name="libs.struts.src" value="" />
    <property name="compile.on.save" value="true" />
    <property name="apple.awt.graphics.UseQuartz" value="true" />
    <property name="user.language" value="en" />
    <property name="testng.mode" value="testng" />
    <property name="libs.JAXB-ENDORSED.maven-pom" value="" />
    <property name="libs.spring-framework.classpath" value="C:\Program Files\NetBeans 7.2.1\ide\modules\org-apache-commons-logging.jar;C:\Program Files\NetBeans 7.2.1\java\modules\ext\cglib-2.2.jar;C:\Program Files\NetBeans 7.2.1\java\modules\ext\spring\spring-2.5.6.SEC03.jar" />
    <property name="libs.eclipselink.maven-pom" value="" />
    <property name="manifest.available" value="true" />
    <property name="libs.primefaces.javadoc" value="" />
    <property name="libs.spring-framework300.maven-pom" value="" />
    <property name="run.test.classpath" value=":build/classes:C:\Program Files\NetBeans 7.2.1\platform\modules\ext\junit-4.10.jar:build/test/classes" />
    <property name="ant.project.invoked-targets" value="test" />
    <property name="libs.swing-layout.javadoc" value="C:\Program Files\NetBeans 7.2.1\platform\docs\swing-layout-1.0.4-doc.zip" />
    <property name="libs.ejb3-persistence.maven-pom" value="" />
    <property name="libs.PostgreSQLDriver.maven-pom" value="" />
    <property name="java.class.version" value="50.0" />
    <property name="libs.JAVADB_DRIVER_LABEL.classpath" value="C:\Program Files\glassfish-3.1.1\javadb\lib\derby.jar;C:\Program Files\glassfish-3.1.1\javadb\lib\derbyclient.jar;C:\Program Files\glassfish-3.1.1\javadb\lib\derbynet.jar" />
    <property name="libs.javaee-endorsed-api-6.0.src" value="" />
    <property name="libs.cdc-ant-utils.classpath" value="C:\Program Files\NetBeans 7.2.1\mobility\modules\ext\org-netbeans-modules-j2me-cdc-project.jar" />
    <property name="netbeans.system_http_proxy" value="DIRECT" />
    <property name="libs.eclipselink.javadoc" value="" />
    <property name="libs.jsp-compilation.maven-pom" value="" />
    <property name="user.properties.file" value="C:\Users\Larppa\AppData\Roaming\NetBeans\7.2.1\build.properties" />
    <property name="runtime.encoding" value="UTF-8" />
    <property name="libs.spring-framework.src" value="" />
    <property name="libs.javac-api.maven-pom" value="" />
    <property name="file.encoding.pkg" value="sun.io" />
    <property name="sun.cpu.endian" value="little" />
    <property name="libs.JAXB-ENDORSED.javadoc" value="" />
    <property name="libs.JWSAntTasks.classpath" value="C:\Program Files\NetBeans 7.2.1\java\ant\extra\org-netbeans-modules-javawebstart-anttasks.jar" />
    <property name="libs.spring-framework300.src" value="" />
    <property name="libs.ant-contrib.classpath" value="C:\Program Files\NetBeans 7.2.1\mobility\modules\ext\ant-contrib-1.0b3.jar" />
    <property name="empty.dir" value="C:\Users\Larppa\Tiralabra13\tekoalytesti\build\empty" />
    <property name="version-output" value="java version &quot;1.6" />
    <property name="javadoc.preview" value="true" />
    <property name="libs.jpa20-persistence.javadoc" value="" />
    <property name="java.home" value="C:\Program Files\Java\jdk1.6.0_24\jre" />
    <property name="libs.ojec-ant-utils.javadoc" value="" />
    <property name="libs.jsp-compilation.src" value="" />
    <property name="libs.spring-webmvc.src" value="" />
    <property name="libs.ant-contrib.javadoc" value="" />
    <property name="debug.test.classpath" value=":build/classes:C:\Program Files\NetBeans 7.2.1\platform\modules\ext\junit-4.10.jar:build/test/classes" />
    <property name="libs.javaee-endorsed-api-6.0.classpath" value="C:\Program Files\NetBeans 7.2.1\enterprise\modules\ext\javaee6-endorsed\javax.annotation.jar;C:\Program Files\NetBeans 7.2.1\enterprise\modules\ext\javaee6-endorsed\jaxb-api-osgi.jar;C:\Program Files\NetBeans 7.2.1\enterprise\modules\ext\javaee6-endorsed\webservices-api-osgi.jar" />
    <property name="libs.javaee-api-6.0.src" value="" />
    <property name="netbeans.importclass" value="org.netbeans.upgrade.AutoUpgrade" />
    <property name="ant.project.default-target" value="default" />
    <property name="annotation.processing.run.all.processors" value="true" />
    <property name="libs.savaje-ant-utils.classpath" value="C:\Program Files\NetBeans 7.2.1\mobility\modules\ext\org-netbeans-modules-j2me-cdc-project-savaje.jar" />
    <property name="libs.PostgreSQLDriver.javadoc" value="" />
    <property name="libs.restlib.classpath" value="C:\Program Files\NetBeans 7.2.1\enterprise\modules\ext\rest\asm-3.1.jar;C:\Program Files\NetBeans 7.2.1\enterprise\modules\ext\rest\jackson-core-asl-1.7.1.jar;C:\Program Files\NetBeans 7.2.1\enterprise\modules\ext\rest\jackson-jaxrs-1.7.1.jar;C:\Program Files\NetBeans 7.2.1\enterprise\modules\ext\rest\jackson-mapper-asl-1.7.1.jar;C:\Program Files\NetBeans 7.2.1\enterprise\modules\ext\rest\jackson-xc-1.7.1.jar;C:\Program Files\NetBeans 7.2.1\enterprise\modules\ext\rest\jersey-apache-client-1.8.jar;C:\Program Files\NetBeans 7.2.1\enterprise\modules\ext\rest\jersey-atom-abdera-1.8.jar;C:\Program Files\NetBeans 7.2.1\enterprise\modules\ext\rest\jersey-client-1.8.jar;C:\Program Files\NetBeans 7.2.1\enterprise\modules\ext\rest\jersey-core-1.8.jar;C:\Program Files\NetBeans 7.2.1\enterprise\modules\ext\rest\jersey-guice-1.8.jar;C:\Program Files\NetBeans 7.2.1\enterprise\modules\ext\rest\jersey-json-1.8.jar;C:\Program Files\NetBeans 7.2.1\enterprise\modules\ext\rest\jersey-multipart-1.8.jar;C:\Program Files\NetBeans 7.2.1\enterprise\modules\ext\rest\jersey-server-1.8.jar;C:\Program Files\NetBeans 7.2.1\enterprise\modules\ext\rest\jersey-simple-server-1.8.jar;C:\Program Files\NetBeans 7.2.1\enterprise\modules\ext\rest\jersey-spring-1.8.jar;C:\Program Files\NetBeans 7.2.1\enterprise\modules\ext\rest\jettison-1.1.jar;C:\Program Files\NetBeans 7.2.1\enterprise\modules\ext\rest\oauth-client-1.8.jar;C:\Program Files\NetBeans 7.2.1\enterprise\modules\ext\rest\oauth-server-1.8.jar;C:\Program Files\NetBeans 7.2.1\enterprise\modules\ext\rest\oauth-signature-1.8.jar;C:\Program Files\NetBeans 7.2.1\ide\modules\ext\jaxb\activation.jar;C:\Program Files\NetBeans 7.2.1\ide\modules\ext\jaxb\api\jaxb-api.jar;C:\Program Files\NetBeans 7.2.1\ide\modules\ext\jaxb\api\jsr173_1.0_api.jar" />
    <property name="libs.JMUnit4CLDC11.javadoc" value="C:\Program Files\NetBeans 7.2.1\mobility\modules\docs\jmunit-1.2.1-api.zip" />
    <property name="libs.MySQLDriver.maven-pom" value="" />
    <property name="libs.savaje-ant-utils.src" value="" />
    <property name="libs.junit_4.javadoc" value="C:\Program Files\NetBeans 7.2.1\java\docs\junit-4.10-javadoc.jar" />
    <property name="libs.spring-webmvc.javadoc" value="" />
    <property name="libs.javaee-web-api-6.0.maven-pom" value="" />
    <property name="libs.cdc-pp-awt-layout.classpath" value="C:\Program Files\NetBeans 7.2.1\mobility\modules\ext\cdc-pp-awt-layout.jar" />
    <property name="libs.cdc-agui-swing-layout.src" value="C:\Program Files\NetBeans 7.2.1\mobility\sources\cdc-agui-swing-layout-src.zip" />
    <property name="run.classpath" value=":build/classes" />
    <property name="libs.hibernate-support.src" value="" />
    <property name="jna.boot.library.name" value="jnidispatch-340" />
    <property name="libs.javaee-endorsed-api-6.0.javadoc" value="C:\Program Files\NetBeans 7.2.1\enterprise\docs\javaee6-doc-api.zip" />
    <property name="libs.JMUnit4CLDC11.classpath" value="C:\Program Files\NetBeans 7.2.1\mobility\modules\ext\jmunit4cldc11-1.2.1.jar" />
    <property name="libs.spring-webmvc3.0.javadoc" value="" />
    <property name="annotation.processing.enabled.in.editor" value="false" />
    <property name="libs.semc-ant-utils.maven-pom" value="" />
    <property name="libs.nokiadeployment.maven-pom" value="" />
    <property name="libs.restapi.src" value="" />
    <property name="sun.management.compiler" value="HotSpot 64-Bit Server Compiler" />
    <property name="javac.deprecation" value="false" />
    <property name="javadoc.use" value="true" />
    <property name="sun.java2d.noddraw" value="true" />
    <property name="libs.jsp-compiler.classpath" value="C:\Program Files\NetBeans 7.2.1\enterprise\ant\extra\jspcompile.jar" />
    <property name="javac.processorpath" value="" />
    <property name="libs.spring-webmvc.classpath" value="C:\Program Files\NetBeans 7.2.1\enterprise\modules\ext\spring\spring-webmvc-2.5.6.SEC03.jar" />
    <property name="javac.compilerargs" value="" />
    <property name="ant.file" value="C:\Users\Larppa\Tiralabra13\tekoalytesti\build.xml" />
    <property name="libs.beans-binding.maven-pom" value="" />
    <property name="libs.jsf12.classpath" value="C:\Program Files\NetBeans 7.2.1\enterprise\modules\ext\jsf-1_2\commons-beanutils.jar;C:\Program Files\NetBeans 7.2.1\enterprise\modules\ext\jsf-1_2\commons-collections.jar;C:\Program Files\NetBeans 7.2.1\enterprise\modules\ext\jsf-1_2\commons-digester.jar;C:\Program Files\NetBeans 7.2.1\enterprise\modules\ext\jsf-1_2\commons-logging.jar;C:\Program Files\NetBeans 7.2.1\enterprise\modules\ext\jsf-1_2\jsf-api.jar;C:\Program Files\NetBeans 7.2.1\enterprise\modules\ext\jsf-1_2\jsf-impl.jar" />
    <property name="libs.restapi.maven-pom" value="" />
    <property name="libs.beans-binding.src" value="" />
    <property name="java.vm.specification.vendor" value="Sun Microsystems Inc." />
    <property name="libs.swing-layout.src" value="C:\Program Files\NetBeans 7.2.1\platform\docs\swing-layout-1.0.4-src.zip" />
    <property name="libs.j2me_ant_ext.src" value="" />
    <property name="org.openide.major.version" value="IDE/1" />
    <property name="java.vm.name" value="Java HotSpot(TM) 64-Bit Server VM" />
    <property name="netbeans.user" value="C:\Users\Larppa\AppData\Roaming\NetBeans\7.2.1" />
    <property name="javadoc.additionalparam" value="" />
    <property name="java.io.tmpdir" value="C:\Users\Larppa\AppData\Local\Temp\" />
    <property name="java.vendor.url" value="http://java.sun.com/" />
    <property name="endorsed.classpath.cmd.line.arg" value="-Xbootclasspath/p:&apos;C:\Users\Larppa\Tiralabra13\tekoalytesti\${endorsed.classpath}&apos;" />
    <property name="junit.available" value="true" />
    <property name="libs.jsp-compiler.src" value="" />
    <property name="sun.boot.library.path" value="C:\Program Files\Java\jdk1.6.0_24\jre\bin" />
    <property name="have.sources" value="true" />
    <property name="debug.classpath" value=":build/classes" />
    <property name="javadoc.private" value="false" />
    <property name="test.src.dir" value="test" />
    <property name="libs.jsf20.classpath" value="C:\Program Files\NetBeans 7.2.1\enterprise\modules\ext\jsf-2_1\jsf-api.jar;C:\Program Files\NetBeans 7.2.1\enterprise\modules\ext\jsf-2_1\jsf-impl.jar" />
    <property name="ap.processors.internal" value="" />
    <property name="meta.inf.dir" value="src/META-INF" />
    <property name="javadoc.encoding.used" value="UTF-8" />
    <property name="dist.jar" value="dist/tekoalytesti.jar" />
    <property name="java.runtime.name" value="Java(TM) SE Runtime Environment" />
    <property name="ant.project.name" value="tekoalytesti" />
    <property name="netbeans.default_userdir_root" value="C:\Users\Larppa\AppData\Roaming\NetBeans" />
    <property name="libs.jsp-compilation-syscp.maven-pom" value="" />
    <property name="manifest.available-mkdist.available" value="true" />
    <property name="libs.j2me_ant_ext.maven-pom" value="" />
    <property name="sun.cpu.isalist" value="amd64" />
    <property name="libs.CopyLibs.javadoc" value="" />
    <property name="org.openide.specification.version" value="6.2" />
    <property name="libs.hibernate-support.classpath" value="C:\Program Files\NetBeans 7.2.1\java\modules\ext\hibernate\antlr-2.7.6.jar;C:\Program Files\NetBeans 7.2.1\java\modules\ext\hibernate\asm.jar;C:\Program Files\NetBeans 7.2.1\java\modules\ext\hibernate\asm-attrs.jar;C:\Program Files\NetBeans 7.2.1\java\modules\ext\hibernate\cglib-2.1.3.jar;C:\Program Files\NetBeans 7.2.1\java\modules\ext\hibernate\commons-collections-2.1.1.jar;C:\Program Files\NetBeans 7.2.1\ide\modules\org-apache-commons-logging.jar;C:\Program Files\NetBeans 7.2.1\java\modules\ext\hibernate\dom4j-1.6.1.jar;C:\Program Files\NetBeans 7.2.1\java\modules\ext\hibernate\ehcache-1.2.3.jar;C:\Program Files\NetBeans 7.2.1\java\modules\ext\hibernate\jdbc2_0-stdext.jar;C:\Program Files\NetBeans 7.2.1\java\modules\ext\hibernate\jta.jar;C:\Program Files\NetBeans 7.2.1\java\modules\ext\hibernate\hibernate3.jar;C:\Program Files\NetBeans 7.2.1\java\modules\ext\hibernate\hibernate-tools.jar;C:\Program Files\NetBeans 7.2.1\java\modules\ext\hibernate\hibernate-annotations.jar;C:\Program Files\NetBeans 7.2.1\java\modules\ext\hibernate\hibernate-commons-annotations.jar;C:\Program Files\NetBeans 7.2.1\java\modules\ext\hibernate\hibernate-entitymanager.jar;C:\Program Files\NetBeans 7.2.1\java\modules\ext\hibernate\javassist.jar" />
    <property name="user.home" value="C:\Users\Larppa" />
    <property name="annotation.processing.processors.list" value="" />
    <property name="libs.primefaces.maven-pom" value="" />
    <property name="debug-args-line" value="-Xdebug" />
    <property name="sun.zip.disableMemoryMapping" value="true" />
    <property name="libs.javaee-api-6.0.maven-pom" value="" />
    <property name="libs.JWSAntTasks.src" value="" />
    <property name="jar.index" value="false" />
    <property name="libs.CopyLibs.maven-pom" value="" />
    <property name="libs.spring-framework300.javadoc" value="" />
    <property name="libs.hibernate-persistence.maven-pom" value="" />
    <property name="libs.absolutelayout.javadoc" value="" />
    <property name="java.specification.name" value="Java Platform API Specification" />
    <property name="libs.jakarta_slide_ant_webdav.maven-pom" value="" />
    <property name="do.archive+main.class.available" value="true" />
    <property name="libs.sjmc-ant-utils.src" value="" />
    <property name="libs.cdc-agui-swing-layout.javadoc" value="" />
    <property name="java.specification.vendor" value="Sun Microsystems Inc." />
    <property name="libs.javac-api.classpath" value="C:\Program Files\NetBeans 7.2.1\java\modules\ext\nb-javac-api.jar" />
    <property name="libs.nokiaS80-ant-utils.classpath" value="C:\Program Files\NetBeans 7.2.1\mobility\modules\ext\org-netbeans-modules-j2me-cdc-project-nokiaS80.jar" />
    <property name="java.version" value="1.6.0_24" />
    <property name="ant.file.tekoalytesti" value="C:\Users\Larppa\Tiralabra13\tekoalytesti\build.xml" />
    <property name="run.jvmargs.ide" value="" />
    <property name="javadoc.version" value="false" />
    <property name="libs.MySQLDriver.javadoc" value="" />
    <property name="org.openide.version" value="deprecated" />
    <property name="source.encoding" value="UTF-8" />
    <property name="ap.cmd.line.internal" value="" />
    <property name="libs.eclipselinkmodelgen.maven-pom" value="" />
    <property name="libs.jsp-compilation-syscp.javadoc" value="" />
    <property name="libs.junit.maven-pom" value="" />
    <property name="libs.eclipselinkmodelgen.javadoc" value="" />
    <property name="libs.metro.javadoc" value="C:\Program Files\NetBeans 7.2.1\enterprise\docs\metro-1.4-doc.zip" />
    <property name="libs.struts.maven-pom" value="" />
    <property name="netbeans.home+have.tests" value="true" />
    <property name="ant.file.type.tekoalytesti-impl" value="file" />
    <property name="annotation.processing.processor.options" value="" />
    <property name="libs.testng.maven-pom" value="" />
    <property name="libs.jaxb.src" value="" />
    <property name="libs.cdc-ant-utils.src" value="" />
    <property name="work.dir" value="C:\Users\Larppa\Tiralabra13\tekoalytesti" />
    <property name="libs.jaxb.classpath" value="C:\Program Files\NetBeans 7.2.1\ide\modules\ext\jaxb\jaxb-impl.jar;C:\Program Files\NetBeans 7.2.1\ide\modules\ext\jaxb\jaxb-xjc.jar;C:\Program Files\NetBeans 7.2.1\ide\modules\ext\jaxb\jaxb1-impl.jar;C:\Program Files\NetBeans 7.2.1\ide\modules\ext\jaxb\activation.jar;C:\Program Files\NetBeans 7.2.1\ide\modules\ext\jaxb\api\jaxb-api.jar;C:\Program Files\NetBeans 7.2.1\ide\modules\ext\jaxb\api\jsr173_1.0_api.jar" />
    <property name="php.global.include.path" value="" />
    <property name="do.depend" value="false" />
    <property name="dist.javadoc.dir" value="dist/javadoc" />
    <property name="libs.spring-webmvc3.0.classpath" value="C:\Program Files\NetBeans 7.2.1\java\modules\ext\spring-3.0\spring-webmvc-3.1.1.RELEASE.jar" />
    <property name="libs.swing-layout.classpath" value="C:\Program Files\NetBeans 7.2.1\platform\modules\ext\swing-layout-1.0.4.jar" />
    <property name="libs.restlib.src" value="" />
    <property name="javac.source" value="1.6" />
    <property name="build.generated.dir" value="build/generated" />
    <property name="line.separator" value="&#xd;&#xa;" />
    <property name="libs.hibernate-persistence.src" value="" />
    <property name="java.specification.version" value="1.6" />
    <property name="java.vm.info" value="mixed mode" />
    <property name="libs.jaxws21.maven-pom" value="" />
    <property name="libs.cdc-ant-utils.javadoc" value="" />
    <property name="nb.junit.batch" value="true" />
    <property name="junit.forkmode" value="perTest" />
    <property name="libs.ojec-ant-utils.classpath" value="C:\Program Files\NetBeans 7.2.1\mobility\modules\ext\org-netbeans-modules-j2me-cdc-project-ojec.jar" />
    <property name="libs.spring-framework.maven-pom" value="" />
    <property name="sun.boot.class.path" value="C:\Users\Larppa\Tiralabra13\tekoalytesti\${endorsed.classpath};C:\Program Files\Java\jdk1.6.0_24\jre\lib\resources.jar;C:\Program Files\Java\jdk1.6.0_24\jre\lib\rt.jar;C:\Program Files\Java\jdk1.6.0_24\jre\lib\sunrsasign.jar;C:\Program Files\Java\jdk1.6.0_24\jre\lib\jsse.jar;C:\Program Files\Java\jdk1.6.0_24\jre\lib\jce.jar;C:\Program Files\Java\jdk1.6.0_24\jre\lib\charsets.jar;C:\Program Files\Java\jdk1.6.0_24\jre\lib\modules\jdk.boot.jar;C:\Program Files\Java\jdk1.6.0_24\jre\classes" />
    <property name="javac.target" value="1.6" />
    <property name="built-jar.properties" value="C:\Users\Larppa\Tiralabra13\tekoalytesti\build\built-jar.properties" />
    <property name="build.test.classes.dir" value="build/test/classes" />
    <property name="ant.file.tekoalytesti-impl" value="C:\Users\Larppa\Tiralabra13\tekoalytesti\nbproject\build-impl.xml" />
    <property name="src.dir" value="src" />
    <property name="sun.awt.keepWorkingSetOnMinimize" value="true" />
    <property name="annotation.processing.enabled" value="true" />
    <property name="libs.jsf20.src" value="" />
    <property name="libs.jpa20-persistence.src" value="" />
    <property name="libs.jsf12.src" value="" />
    <property name="libs.nokiadeployment.src" value="" />
    <property name="libs.savaje-ant-utils.javadoc" value="" />
    <property name="libs.JAVADB_DRIVER_LABEL.maven-pom" value="" />
    <property name="libs.struts.javadoc" value="C:\Program Files\NetBeans 7.2.1\enterprise\docs\struts-1.3.10-javadoc.zip" />
    <property name="ignore.failing.tests" value="true" />
    <property name="libs.cdc-ant-utils.maven-pom" value="" />
    <property name="libs.primefaces.src" value="" />
    <property name="libs.cdc-agui-swing-layout.classpath" value="C:\Program Files\NetBeans 7.2.1\mobility\modules\ext\cdc-agui-swing-layout.jar" />
    <property name="dist.dir" value="dist" />
    <property name="libs.groovy-all.javadoc" value="" />
    <property name="do.archive+manifest.available+main.class" value="true" />
    <property name="testng.debug.mode" value="" />
    <property name="libs.groovy-all.classpath" value="C:\Program Files\NetBeans 7.2.1\groovy\modules\ext\groovy-all.jar" />
    <property name="javac.fork" value="true" />
    <property name="libs.sjmc-ant-utils.classpath" value="C:\Program Files\NetBeans 7.2.1\mobility\modules\ext\org-netbeans-modules-j2me-cdc-project-sjmc.jar" />
    <property name="libs.JMUnit4CLDC10.classpath" value="C:\Program Files\NetBeans 7.2.1\mobility\modules\ext\jmunit4cldc10-1.2.1.jar" />
    <property name="java.awt.printerjob" value="sun.awt.windows.WPrinterJob" />
    <property name="default.javac.source" value="1.6" />
    <property name="debug-transport-by-os" value="dt_shmem" />
    <property name="libs.MySQLDriver.src" value="" />
    <property name="sun.jnu.encoding" value="Cp1252" />
    <property name="libs.ant-contrib.maven-pom" value="" />
    <property name="libs.nokiadeployment.javadoc" value="" />
    <property name="build.test.results.dir" value="build/test/results" />
    <property name="java.runtime.version" value="1.6.0_24-b07" />
    <property name="libs.ejb3-persistence.javadoc" value="" />
    <property name="manifest.available+main.class+mkdist.available" value="true" />
    <property name="libs.sjmc-ant-utils.javadoc" value="" />
    <property name="default.javac.target" value="1.6" />
    <property name="libs.junit_4.classpath" value="C:\Program Files\NetBeans 7.2.1\platform\modules\ext\junit-4.10.jar" />
    <property name="user.timezone" value="" />
    <property name="nb.junit.single" value="false" />
    <property name="libs.ant-contrib.src" value="" />
    <property name="libs.javaee-endorsed-api-6.0.maven-pom" value="" />
    <property name="libs.JAVADB_DRIVER_LABEL.javadoc" value="" />
    <property name="netbeans.dirs" value="C:\Program Files\NetBeans 7.2.1\nb;C:\Program Files\NetBeans 7.2.1\ergonomics;C:\Program Files\NetBeans 7.2.1\ide;C:\Program Files\NetBeans 7.2.1\java;C:\Program Files\NetBeans 7.2.1\apisupport;C:\Program Files\NetBeans 7.2.1\webcommon;C:\Program Files\NetBeans 7.2.1\websvccommon;C:\Program Files\NetBeans 7.2.1\enterprise;C:\Program Files\NetBeans 7.2.1\mobility;C:\Program Files\NetBeans 7.2.1\profiler;C:\Program Files\NetBeans 7.2.1\python;C:\Program Files\NetBeans 7.2.1\php;C:\Program Files\NetBeans 7.2.1\identity;C:\Program Files\NetBeans 7.2.1\harness;C:\Program Files\NetBeans 7.2.1\cnd;C:\Program Files\NetBeans 7.2.1\dlight;C:\Program Files\NetBeans 7.2.1\groovy;C:\Program Files\NetBeans 7.2.1\extra;C:\Program Files\NetBeans 7.2.1\javacard;C:\Program Files\NetBeans 7.2.1\javafx;C:\Program Files\NetBeans 7.2.1\tmc_netbeans" />
    <property name="libs.jsf20.javadoc" value="C:\Program Files\NetBeans 7.2.1\enterprise\docs\javaee6-doc-api.zip" />
    <property name="java.ext.dirs" value="C:\Program Files\Java\jdk1.6.0_24\jre\lib\ext;C:\Windows\Sun\Java\lib\ext" />
    <property name="libs.metro.src" value="" />
    <property name="libs.savaje-ant-utils.maven-pom" value="" />
    <property name="libs.semc-ant-utils.src" value="" />
    <property name="libs.absolutelayout.classpath" value="C:\Program Files\NetBeans 7.2.1\java\modules\ext\AbsoluteLayout.jar" />
    <property name="excludes" value="" />
    <property name="libs.metro.classpath" value="C:\Program Files\NetBeans 7.2.1\ide\modules\ext\jaxb\activation.jar;C:\Program Files\NetBeans 7.2.1\enterprise\modules\ext\metro\webservices-api.jar;C:\Program Files\NetBeans 7.2.1\enterprise\modules\ext\metro\webservices-extra-api.jar;C:\Program Files\NetBeans 7.2.1\enterprise\modules\ext\metro\webservices-extra.jar;C:\Program Files\NetBeans 7.2.1\enterprise\modules\ext\metro\webservices-rt.jar;C:\Program Files\NetBeans 7.2.1\enterprise\modules\ext\metro\webservices-tools.jar" />
    <property name="libs.restlib.maven-pom" value="" />
    <property name="java.class.path" value="C:\Users\Larppa\Tiralabra13\tekoalytesti\build\classes;C:\Program Files\NetBeans 7.2.1\platform\modules\ext\junit-4.10.jar;C:\Users\Larppa\Tiralabra13\tekoalytesti\build\test\classes;C:\Users\Larppa\Tiralabra13\tekoalytesti;C:\Program Files (x86)\Java\jre6\lib\ext\QTJava.zip;C:\Program Files\NetBeans 7.2.1\java\ant\lib\ant-launcher.jar;C:\Program Files\NetBeans 7.2.1\java\ant\lib\ant.jar;C:\Program Files\NetBeans 7.2.1\java\ant\lib\ant-junit.jar;C:\Program Files\NetBeans 7.2.1\java\ant\lib\ant-junit4.jar" />
    <property name="apple.laf.useScreenMenuBar" value="true" />
    <property name="do.mkdist" value="true" />
    <property name="libs.absolutelayout.src" value="" />
    <property name="libs.jpa20-persistence.classpath" value="C:\Program Files\NetBeans 7.2.1\java\modules\ext\eclipselink\javax.persistence-2.0.3.jar" />
    <property name="libs.cdc-pp-awt-layout.maven-pom" value="" />
    <property name="os.version" value="6.1" />
    <property name="application.args" value="" />
    <property name="libs.JMUnit4CLDC11.maven-pom" value="" />
    <property name="main.class.available" value="true" />
    <property name="sun.desktop" value="windows" />
    <property name="libs.restlib.javadoc" value="C:\Program Files\NetBeans 7.2.1\enterprise\docs\jersey-1.8-javadoc.zip;C:\Program Files\NetBeans 7.2.1\enterprise\docs\jersey-apache-client-1.8-javadoc.zip;C:\Program Files\NetBeans 7.2.1\enterprise\docs\jersey-atom-abdera-1.8-javadoc.zip;C:\Program Files\NetBeans 7.2.1\enterprise\docs\jersey-guice-1.8-javadoc.zip;C:\Program Files\NetBeans 7.2.1\enterprise\docs\jersey-multipart-1.8-javadoc.zip;C:\Program Files\NetBeans 7.2.1\enterprise\docs\jersey-simple-server-1.8-javadoc.zip;C:\Program Files\NetBeans 7.2.1\enterprise\docs\jersey-spring-1.8-javadoc.zip;C:\Program Files\NetBeans 7.2.1\enterprise\docs\oauth-client-1.8-javadoc.zip;C:\Program Files\NetBeans 7.2.1\enterprise\docs\oauth-server-1.8-javadoc.zip;C:\Program Files\NetBeans 7.2.1\enterprise\docs\oauth-signature-1.8-javadoc.zip" />
    <property name="libs.JAXB-ENDORSED.classpath" value="C:\Program Files\NetBeans 7.2.1\ide\modules\ext\jaxb\api\jaxb-api.jar" />
    <property name="libs.eclipselink.classpath" value="C:\Program Files\NetBeans 7.2.1\java\modules\ext\eclipselink\eclipselink-2.3.2.jar;C:\Program Files\NetBeans 7.2.1\java\modules\ext\eclipselink\javax.persistence-2.0.3.jar;C:\Program Files\NetBeans 7.2.1\java\modules\ext\eclipselink\org.eclipse.persistence.jpa.jpql_1.0.1.jar" />
    <property name="java.awt.graphicsenv" value="sun.awt.Win32GraphicsEnvironment" />
    <property name="libs.beans-binding.javadoc" value="C:\Program Files\NetBeans 7.2.1\java\docs\beansbinding-1.2.1-doc.zip" />
    <property name="java.vm.vendor" value="Sun Microsystems Inc." />
    <property name="libs.CopyLibs.classpath" value="C:\Program Files\NetBeans 7.2.1\java\ant\extra\org-netbeans-modules-java-j2seproject-copylibstask.jar" />
    <property name="libs.spring-framework300.classpath" value="C:\Program Files\NetBeans 7.2.1\ide\modules\org-apache-commons-logging.jar;C:\Program Files\NetBeans 7.2.1\java\modules\ext\cglib-2.2.jar;C:\Program Files\NetBeans 7.2.1\java\modules\ext\spring-3.0\spring-aop-3.1.1.RELEASE.jar;C:\Program Files\NetBeans 7.2.1\java\modules\ext\spring-3.0\spring-asm-3.1.1.RELEASE.jar;C:\Program Files\NetBeans 7.2.1\java\modules\ext\spring-3.0\spring-aspects-3.1.1.RELEASE.jar;C:\Program Files\NetBeans 7.2.1\java\modules\ext\spring-3.0\spring-beans-3.1.1.RELEASE.jar;C:\Program Files\NetBeans 7.2.1\java\modules\ext\spring-3.0\spring-context-3.1.1.RELEASE.jar;C:\Program Files\NetBeans 7.2.1\java\modules\ext\spring-3.0\spring-context-support-3.1.1.RELEASE.jar;C:\Program Files\NetBeans 7.2.1\java\modules\ext\spring-3.0\spring-core-3.1.1.RELEASE.jar;C:\Program Files\NetBeans 7.2.1\java\modules\ext\spring-3.0\spring-expression-3.1.1.RELEASE.jar;C:\Program Files\NetBeans 7.2.1\java\modules\ext\spring-3.0\spring-instrument-3.1.1.RELEASE.jar;C:\Program Files\NetBeans 7.2.1\java\modules\ext\spring-3.0\spring-instrument-tomcat-3.1.1.RELEASE.jar;C:\Program Files\NetBeans 7.2.1\java\modules\ext\spring-3.0\spring-jdbc-3.1.1.RELEASE.jar;C:\Program Files\NetBeans 7.2.1\java\modules\ext\spring-3.0\spring-jms-3.1.1.RELEASE.jar;C:\Program Files\NetBeans 7.2.1\java\modules\ext\spring-3.0\spring-orm-3.1.1.RELEASE.jar;C:\Program Files\NetBeans 7.2.1\java\modules\ext\spring-3.0\spring-oxm-3.1.1.RELEASE.jar;C:\Program Files\NetBeans 7.2.1\java\modules\ext\spring-3.0\spring-test-3.1.1.RELEASE.jar;C:\Program Files\NetBeans 7.2.1\java\modules\ext\spring-3.0\spring-tx-3.1.1.RELEASE.jar;C:\Program Files\NetBeans 7.2.1\java\modules\ext\spring-3.0\spring-web-3.1.1.RELEASE.jar;C:\Program Files\NetBeans 7.2.1\java\modules\ext\spring-3.0\spring-webmvc-portlet-3.1.1.RELEASE.jar;C:\Program Files\NetBeans 7.2.1\java\modules\ext\spring-3.0\spring-webmvc-3.1.1.RELEASE.jar;C:\Program Files\NetBeans 7.2.1\java\modules\ext\spring-3.0\spring-struts-3.1.1.RELEASE.jar" />
    <property name="libs.jsp-compiler.maven-pom" value="" />
    <property name="libs.spring-webmvc.maven-pom" value="" />
    <property name="run.jvmargs" value="" />
    <property name="libs.ejb3-persistence.classpath" value="C:\Program Files\NetBeans 7.2.1\java\modules\ext\hibernate\ejb3-persistence.jar" />
    <property name="libs.JAXB-ENDORSED.src" value="" />
    <property name="libs.spring-framework.javadoc" value="" />
    <property name="libs.testng.javadoc" value="C:\Program Files\NetBeans 7.2.1\platform\docs\testng-6.5.1-javadoc.zip" />
    <property name="libs.PostgreSQLDriver.classpath" value="C:\Program Files\NetBeans 7.2.1\ide\modules\ext\postgresql-9.1-901.jdbc4.jar" />
    <property name="libs.jsf12.maven-pom" value="" />
    <property name="libs.junit.src" value="" />
    <property name="annotation.processing.source.output" value="build/generated-sources/ap-source-output" />
    <property name="main.class" value="Main.Main" />
    <property name="libs.CopyLibs.src" value="" />
    <property name="build.dir" value="build" />
    <property name="libs.jsp-compilation.classpath" value="C:\Program Files\NetBeans 7.2.1\java\ant\lib\ant.jar;C:\Program Files\NetBeans 7.2.1\enterprise\modules\ext\servlet3.0-jsp2.2-api.jar;C:\Program Files\NetBeans 7.2.1\enterprise\modules\ext\glassfish-jspparser-3.0.jar;C:\Program Files\NetBeans 7.2.1\enterprise\modules\ext\jsf-2_1\jsf-api.jar;C:\Program Files\NetBeans 7.2.1\enterprise\modules\ext\jstl.jar;C:\Program Files\NetBeans 7.2.1\java\ant\lib\ant-launcher.jar" />
    <property name="ant.version" value="Apache Ant(TM) version 1.8.3 compiled on February 26 2012" />
    <property name="build.classes.excludes" value="**/*.java,**/*.form" />
    <property name="file.encoding" value="Cp1252" />
    <property name="javadoc.nonavbar" value="false" />
    <property name="jdkBug6558476" value="true" />
    <property name="platform.active" value="default_platform" />
    <property name="awt.toolkit" value="sun.awt.windows.WToolkit" />
  </properties>
  <testcase classname="Algoritmit.DijkstraTest" name="testRelaxMekaniikka" time="0.0040" />
  <testcase classname="Algoritmit.DijkstraTest" name="testDijkstra" time="0.0010" />
  <testcase classname="Algoritmit.DijkstraTest" name="testTarkastaArvot" time="0.0" />
  <testcase classname="Algoritmit.DijkstraTest" name="testaaSatunnaisia" time="11.772" />
  <system-out><![CDATA[RelaxMekaniikka
Dijkstra
kaikki ok
Reitin pituus: 16
(1, 1)
(1, 2)
(1, 3)
(2, 3)
(3, 3)
(4, 3)
(5, 3)
(6, 3)
(6, 4)
(6, 5)
(7, 5)
(8, 5)
(8, 6)
(8, 7)
(9, 7)
(9, 8)
(9, 9)
tarkastaArvot
Huonot naatit
Huonot naatit
kaikki ok
Testataan 100 000 satunnaista reittiä
kaikki ok
Reitin pituus: 14
(4, 1)
(4, 2)
(4, 3)
(4, 4)
(4, 5)
(4, 6)
(4, 7)
(4, 8)
(4, 9)
(5, 9)
(6, 9)
(6, 10)
(6, 11)
(6, 12)
(6, 13)
kaikki ok
Reitin pituus: 20
(10, 15)
(10, 14)
(10, 13)
(11, 13)
(12, 13)
(12, 12)
(12, 11)
(12, 10)
(12, 9)
(13, 9)
(14, 9)
(14, 8)
(14, 7)
(14, 6)
(14, 5)
(15, 5)
(16, 5)
(17, 5)
(17, 4)
(17, 3)
(17, 2)
kaikki ok
Reitin pituus: 10
(1, 15)
(2, 15)
(2, 16)
(2, 17)
(3, 17)
(4, 17)
(4, 16)
(4, 15)
(5, 15)
(6, 15)
(6, 16)
kaikki ok
Reitin pituus: 8
(8, 6)
(8, 7)
(7, 7)
(6, 7)
(6, 8)
(6, 9)
(6, 10)
(6, 11)
(6, 12)
kaikki ok
Reitin pituus: 22
(5, 1)
(4, 1)
(4, 2)
(4, 3)
(5, 3)
(6, 3)
(6, 4)
(6, 5)
(7, 5)
(8, 5)
(8, 6)
(8, 7)
(9, 7)
(10, 7)
(11, 7)
(12, 7)
(12, 8)
(12, 9)
(12, 10)
(12, 11)
(12, 12)
(12, 13)
(11, 13)
kaikki ok
Reitin pituus: 9
(13, 9)
(14, 9)
(14, 8)
(14, 7)
(14, 6)
(14, 5)
(14, 4)
(14, 3)
(13, 3)
(12, 3)
kaikki ok
Reitin pituus: 4
(11, 11)
(12, 11)
(12, 12)
(12, 13)
(13, 13)
kaikki ok
Reitin pituus: 18
(7, 19)
(8, 19)
(8, 18)
(8, 17)
(7, 17)
(6, 17)
(6, 16)
(6, 15)
(5, 15)
(4, 15)
(4, 14)
(4, 13)
(4, 12)
(4, 11)
(4, 10)
(4, 9)
(4, 8)
(4, 7)
(4, 6)
kaikki ok
Reitin pituus: 8
(14, 15)
(14, 14)
(14, 13)
(13, 13)
(12, 13)
(12, 12)
(12, 11)
(11, 11)
(10, 11)
kaikki ok
Reitin pituus: 10
(14, 11)
(14, 12)
(14, 13)
(14, 14)
(14, 15)
(14, 16)
(14, 17)
(15, 17)
(16, 17)
(17, 17)
(17, 18)
kaikki ok
Reitin pituus: 15
(12, 3)
(12, 4)
(12, 5)
(11, 5)
(10, 5)
(10, 6)
(10, 7)
(9, 7)
(8, 7)
(7, 7)
(6, 7)
(6, 8)
(6, 9)
(6, 10)
(6, 11)
(6, 12)
kaikki ok
Reitin pituus: 11
(4, 12)
(4, 13)
(5, 13)
(6, 13)
(7, 13)
(8, 13)
(8, 14)
(8, 15)
(9, 15)
(10, 15)
(11, 15)
(12, 15)
kaikki ok
Reitin pituus: 13
(15, 13)
(14, 13)
(14, 14)
(14, 15)
(13, 15)
(12, 15)
(11, 15)
(10, 15)
(9, 15)
(8, 15)
(7, 15)
(6, 15)
(6, 16)
(6, 17)
kaikki ok
Reitin pituus: 23
(16, 19)
(17, 19)
(17, 18)
(17, 17)
(16, 17)
(15, 17)
(14, 17)
(14, 16)
(14, 15)
(13, 15)
(12, 15)
(11, 15)
(10, 15)
(9, 15)
(8, 15)
(8, 14)
(8, 13)
(7, 13)
(6, 13)
(6, 12)
(6, 11)
(6, 10)
(6, 9)
(6, 8)
kaikki ok
Reitin pituus: 14
(6, 5)
(6, 4)
(6, 3)
(7, 3)
(8, 3)
(9, 3)
(10, 3)
(11, 3)
(12, 3)
(13, 3)
(14, 3)
(15, 3)
(16, 3)
(17, 3)
(17, 2)
kaikki ok
Reitin pituus: 6
(7, 15)
(6, 15)
(5, 15)
(4, 15)
(4, 14)
(4, 13)
(4, 12)
kaikki ok
Reitin pituus: 3
(3, 3)
(4, 3)
(4, 4)
(4, 5)
kaikki ok
Reitin pituus: 11
(4, 12)
(4, 11)
(4, 10)
(4, 9)
(4, 8)
(4, 7)
(4, 6)
(4, 5)
(4, 4)
(4, 3)
(4, 2)
(4, 1)
kaikki ok
Reitin pituus: 23
(16, 1)
(15, 1)
(14, 1)
(14, 2)
(14, 3)
(14, 4)
(14, 5)
(14, 6)
(14, 7)
(14, 8)
(14, 9)
(14, 10)
(14, 11)
(14, 12)
(14, 13)
(14, 14)
(14, 15)
(13, 15)
(12, 15)
(11, 15)
(10, 15)
(9, 15)
(8, 15)
(8, 14)
kaikki ok
Reitin pituus: 13
(12, 7)
(11, 7)
(10, 7)
(9, 7)
(8, 7)
(8, 6)
(8, 5)
(7, 5)
(6, 5)
(6, 4)
(6, 3)
(5, 3)
(4, 3)
(4, 4)
kaikki ok
Reitin pituus: 14
(13, 15)
(12, 15)
(11, 15)
(10, 15)
(9, 15)
(8, 15)
(7, 15)
(6, 15)
(5, 15)
(4, 15)
(4, 14)
(4, 13)
(3, 13)
(2, 13)
(1, 13)
kaikki ok
Reitin pituus: 8
(9, 11)
(8, 11)
(7, 11)
(6, 11)
(6, 10)
(6, 9)
(5, 9)
(4, 9)
(4, 10)
kaikki ok
Reitin pituus: 22
(6, 15)
(5, 15)
(4, 15)
(4, 14)
(4, 13)
(4, 12)
(4, 11)
(4, 10)
(4, 9)
(4, 8)
(4, 7)
(4, 6)
(4, 5)
(4, 4)
(4, 3)
(5, 3)
(6, 3)
(7, 3)
(8, 3)
(9, 3)
(10, 3)
(10, 2)
(10, 1)
kaikki ok
Reitin pituus: 27
(5, 19)
(6, 19)
(7, 19)
(8, 19)
(8, 18)
(8, 17)
(7, 17)
(6, 17)
(6, 16)
(6, 15)
(5, 15)
(4, 15)
(4, 14)
(4, 13)
(5, 13)
(6, 13)
(6, 12)
(6, 11)
(6, 10)
(6, 9)
(6, 8)
(6, 7)
(7, 7)
(8, 7)
(9, 7)
(9, 8)
(9, 9)
(10, 9)
kaikki ok
Reitin pituus: 20
(14, 10)
(14, 9)
(13, 9)
(12, 9)
(12, 8)
(12, 7)
(11, 7)
(10, 7)
(9, 7)
(8, 7)
(8, 6)
(8, 5)
(7, 5)
(6, 5)
(6, 4)
(6, 3)
(5, 3)
(4, 3)
(4, 4)
(4, 5)
(3, 5)
kaikki ok
Reitin pituus: 19
(13, 1)
(14, 1)
(14, 2)
(14, 3)
(14, 4)
(14, 5)
(14, 6)
(14, 7)
(14, 8)
(14, 9)
(13, 9)
(12, 9)
(12, 10)
(12, 11)
(11, 11)
(10, 11)
(9, 11)
(8, 11)
(7, 11)
(6, 11)
kaikki ok
Reitin pituus: 21
(6, 7)
(6, 8)
(6, 9)
(6, 10)
(6, 11)
(6, 12)
(6, 13)
(7, 13)
(8, 13)
(8, 14)
(8, 15)
(9, 15)
(10, 15)
(11, 15)
(12, 15)
(12, 16)
(12, 17)
(11, 17)
(10, 17)
(10, 18)
(10, 19)
(11, 19)
kaikki ok
Reitin pituus: 7
(8, 11)
(9, 11)
(10, 11)
(11, 11)
(12, 11)
(12, 12)
(12, 13)
(11, 13)
kaikki ok
Reitin pituus: 17
(16, 19)
(17, 19)
(17, 18)
(17, 17)
(16, 17)
(15, 17)
(14, 17)
(14, 16)
(14, 15)
(14, 14)
(14, 13)
(13, 13)
(12, 13)
(12, 12)
(12, 11)
(11, 11)
(10, 11)
(9, 11)
kaikki ok
Reitin pituus: 2
(4, 4)
(4, 3)
(4, 2)
kaikki ok
Reitin pituus: 24
(17, 5)
(16, 5)
(15, 5)
(14, 5)
(14, 6)
(14, 7)
(14, 8)
(14, 9)
(14, 10)
(14, 11)
(14, 12)
(14, 13)
(14, 14)
(14, 15)
(13, 15)
(12, 15)
(12, 16)
(12, 17)
(11, 17)
(10, 17)
(10, 18)
(10, 19)
(9, 19)
(8, 19)
(7, 19)
kaikki ok
Reitin pituus: 17
(6, 10)
(6, 9)
(5, 9)
(4, 9)
(4, 8)
(4, 7)
(4, 6)
(4, 5)
(4, 4)
(4, 3)
(5, 3)
(6, 3)
(7, 3)
(8, 3)
(9, 3)
(10, 3)
(10, 2)
(10, 1)
kaikki ok
Reitin pituus: 23
(9, 7)
(10, 7)
(11, 7)
(12, 7)
(12, 8)
(12, 9)
(13, 9)
(14, 9)
(14, 10)
(14, 11)
(14, 12)
(14, 13)
(14, 14)
(14, 15)
(13, 15)
(12, 15)
(12, 16)
(12, 17)
(11, 17)
(10, 17)
(10, 18)
(10, 19)
(11, 19)
(12, 19)
kaikki ok
Reitin pituus: 6
(2, 1)
(3, 1)
(4, 1)
(4, 2)
(4, 3)
(4, 4)
(4, 5)
kaikki ok
Reitin pituus: 2
(13, 9)
(12, 9)
(12, 8)
kaikki ok
Reitin pituus: 19
(13, 9)
(12, 9)
(12, 8)
(12, 7)
(11, 7)
(10, 7)
(9, 7)
(8, 7)
(8, 6)
(8, 5)
(7, 5)
(6, 5)
(6, 4)
(6, 3)
(5, 3)
(4, 3)
(4, 2)
(4, 1)
(3, 1)
(2, 1)
kaikki ok
Reitin pituus: 14
(1, 3)
(2, 3)
(3, 3)
(4, 3)
(4, 4)
(4, 5)
(4, 6)
(4, 7)
(4, 8)
(4, 9)
(4, 10)
(4, 11)
(4, 12)
(4, 13)
(3, 13)
kaikki ok
Reitin pituus: 12
(8, 11)
(7, 11)
(6, 11)
(6, 10)
(6, 9)
(6, 8)
(6, 7)
(7, 7)
(8, 7)
(9, 7)
(9, 8)
(9, 9)
(10, 9)
kaikki ok
Reitin pituus: 16
(16, 16)
(16, 17)
(15, 17)
(14, 17)
(14, 16)
(14, 15)
(14, 14)
(14, 13)
(13, 13)
(12, 13)
(12, 12)
(12, 11)
(11, 11)
(10, 11)
(9, 11)
(8, 11)
(7, 11)
kaikki ok
Reitin pituus: 5
(4, 9)
(5, 9)
(6, 9)
(6, 8)
(6, 7)
(7, 7)
kaikki ok
Reitin pituus: 14
(6, 19)
(7, 19)
(8, 19)
(9, 19)
(10, 19)
(11, 19)
(12, 19)
(13, 19)
(14, 19)
(15, 19)
(16, 19)
(17, 19)
(17, 18)
(17, 17)
(16, 17)
kaikki ok
Reitin pituus: 2
(4, 3)
(4, 4)
(4, 5)
kaikki ok
Reitin pituus: 24
(5, 15)
(6, 15)
(7, 15)
(8, 15)
(9, 15)
(10, 15)
(11, 15)
(12, 15)
(13, 15)
(14, 15)
(14, 14)
(14, 13)
(14, 12)
(14, 11)
(14, 10)
(14, 9)
(14, 8)
(14, 7)
(14, 6)
(14, 5)
(14, 4)
(14, 3)
(14, 2)
(14, 1)
(15, 1)
kaikki ok
Reitin pituus: 7
(12, 4)
(12, 3)
(13, 3)
(14, 3)
(14, 2)
(14, 1)
(13, 1)
(12, 1)
kaikki ok
Reitin pituus: 29
(13, 19)
(12, 19)
(11, 19)
(10, 19)
(10, 18)
(10, 17)
(11, 17)
(12, 17)
(12, 16)
(12, 15)
(13, 15)
(14, 15)
(14, 14)
(14, 13)
(14, 12)
(14, 11)
(14, 10)
(14, 9)
(14, 8)
(14, 7)
(14, 6)
(14, 5)
(14, 4)
(14, 3)
(13, 3)
(12, 3)
(11, 3)
(10, 3)
(10, 2)
(10, 1)
kaikki ok
Reitin pituus: 18
(17, 2)
(17, 3)
(16, 3)
(15, 3)
(14, 3)
(13, 3)
(12, 3)
(11, 3)
(10, 3)
(9, 3)
(8, 3)
(8, 2)
(8, 1)
(7, 1)
(6, 1)
(5, 1)
(4, 1)
(3, 1)
(2, 1)
kaikki ok
Reitin pituus: 18
(1, 1)
(2, 1)
(3, 1)
(4, 1)
(5, 1)
(6, 1)
(7, 1)
(8, 1)
(8, 2)
(8, 3)
(9, 3)
(10, 3)
(10, 2)
(10, 1)
(11, 1)
(12, 1)
(13, 1)
(14, 1)
(15, 1)
kaikki ok
Reitin pituus: 14
(4, 1)
(4, 2)
(4, 3)
(5, 3)
(6, 3)
(6, 4)
(6, 5)
(7, 5)
(8, 5)
(8, 6)
(8, 7)
(9, 7)
(9, 8)
(9, 9)
(10, 9)
kaikki ok
Reitin pituus: 3
(9, 3)
(10, 3)
(10, 2)
(10, 1)
kaikki ok
Reitin pituus: 17
(12, 5)
(11, 5)
(10, 5)
(10, 6)
(10, 7)
(9, 7)
(8, 7)
(7, 7)
(6, 7)
(6, 8)
(6, 9)
(6, 10)
(6, 11)
(6, 12)
(6, 13)
(7, 13)
(8, 13)
(8, 14)
kaikki ok
Reitin pituus: 20
(1, 5)
(2, 5)
(3, 5)
(4, 5)
(4, 6)
(4, 7)
(4, 8)
(4, 9)
(4, 10)
(4, 11)
(4, 12)
(4, 13)
(4, 14)
(4, 15)
(5, 15)
(6, 15)
(6, 16)
(6, 17)
(7, 17)
(8, 17)
(8, 18)
kaikki ok
Reitin pituus: 10
(11, 11)
(10, 11)
(9, 11)
(8, 11)
(7, 11)
(6, 11)
(6, 12)
(6, 13)
(5, 13)
(4, 13)
(4, 14)
kaikki ok
Reitin pituus: 16
(8, 6)
(8, 7)
(9, 7)
(10, 7)
(11, 7)
(12, 7)
(12, 8)
(12, 9)
(12, 10)
(12, 11)
(12, 12)
(12, 13)
(13, 13)
(14, 13)
(15, 13)
(16, 13)
(17, 13)
kaikki ok
Reitin pituus: 6
(10, 17)
(11, 17)
(12, 17)
(12, 16)
(12, 15)
(11, 15)
(10, 15)
kaikki ok
Reitin pituus: 19
(1, 1)
(2, 1)
(3, 1)
(4, 1)
(5, 1)
(6, 1)
(7, 1)
(8, 1)
(8, 2)
(8, 3)
(9, 3)
(10, 3)
(11, 3)
(12, 3)
(13, 3)
(14, 3)
(15, 3)
(16, 3)
(17, 3)
(17, 2)
kaikki ok
Reitin pituus: 6
(5, 15)
(6, 15)
(7, 15)
(8, 15)
(9, 15)
(10, 15)
(10, 14)
kaikki ok
Reitin pituus: 12
(12, 8)
(12, 9)
(12, 10)
(12, 11)
(12, 12)
(12, 13)
(11, 13)
(10, 13)
(10, 14)
(10, 15)
(11, 15)
(12, 15)
(12, 16)
kaikki ok
Reitin pituus: 2
(13, 13)
(12, 13)
(11, 13)
kaikki ok
Reitin pituus: 20
(9, 9)
(9, 8)
(9, 7)
(10, 7)
(11, 7)
(12, 7)
(12, 8)
(12, 9)
(13, 9)
(14, 9)
(14, 10)
(14, 11)
(14, 12)
(14, 13)
(14, 14)
(14, 15)
(14, 16)
(14, 17)
(15, 17)
(16, 17)
(17, 17)
kaikki ok
Reitin pituus: 12
(10, 15)
(11, 15)
(12, 15)
(13, 15)
(14, 15)
(14, 16)
(14, 17)
(15, 17)
(16, 17)
(17, 17)
(17, 18)
(17, 19)
(16, 19)
kaikki ok
Reitin pituus: 8
(9, 7)
(10, 7)
(10, 6)
(10, 5)
(11, 5)
(12, 5)
(12, 4)
(12, 3)
(11, 3)
kaikki ok
Reitin pituus: 18
(12, 4)
(12, 5)
(11, 5)
(10, 5)
(10, 6)
(10, 7)
(11, 7)
(12, 7)
(12, 8)
(12, 9)
(12, 10)
(12, 11)
(12, 12)
(12, 13)
(11, 13)
(10, 13)
(10, 14)
(10, 15)
(11, 15)
kaikki ok
Reitin pituus: 20
(13, 1)
(14, 1)
(14, 2)
(14, 3)
(14, 4)
(14, 5)
(14, 6)
(14, 7)
(14, 8)
(14, 9)
(14, 10)
(14, 11)
(14, 12)
(14, 13)
(14, 14)
(14, 15)
(13, 15)
(12, 15)
(12, 16)
(12, 17)
(11, 17)
kaikki ok
Reitin pituus: 17
(4, 3)
(5, 3)
(6, 3)
(7, 3)
(8, 3)
(9, 3)
(10, 3)
(11, 3)
(12, 3)
(13, 3)
(14, 3)
(14, 4)
(14, 5)
(14, 6)
(14, 7)
(14, 8)
(14, 9)
(14, 10)
kaikki ok
Reitin pituus: 7
(3, 17)
(4, 17)
(4, 16)
(4, 15)
(5, 15)
(6, 15)
(6, 16)
(6, 17)
kaikki ok
Reitin pituus: 11
(3, 5)
(4, 5)
(4, 6)
(4, 7)
(4, 8)
(4, 9)
(5, 9)
(6, 9)
(6, 10)
(6, 11)
(6, 12)
(6, 13)
kaikki ok
Reitin pituus: 15
(2, 19)
(3, 19)
(4, 19)
(5, 19)
(6, 19)
(7, 19)
(8, 19)
(9, 19)
(10, 19)
(11, 19)
(12, 19)
(13, 19)
(14, 19)
(15, 19)
(16, 19)
(17, 19)
kaikki ok
Reitin pituus: 16
(17, 17)
(16, 17)
(15, 17)
(14, 17)
(14, 16)
(14, 15)
(14, 14)
(14, 13)
(13, 13)
(12, 13)
(12, 12)
(12, 11)
(11, 11)
(10, 11)
(9, 11)
(8, 11)
(7, 11)
kaikki ok
Reitin pituus: 8
(7, 3)
(6, 3)
(6, 4)
(6, 5)
(7, 5)
(8, 5)
(8, 6)
(8, 7)
(9, 7)
kaikki ok
Reitin pituus: 3
(4, 13)
(4, 14)
(4, 15)
(5, 15)
kaikki ok
Reitin pituus: 24
(4, 19)
(3, 19)
(2, 19)
(1, 19)
(1, 18)
(1, 17)
(2, 17)
(3, 17)
(4, 17)
(4, 16)
(4, 15)
(4, 14)
(4, 13)
(4, 12)
(4, 11)
(4, 10)
(4, 9)
(4, 8)
(4, 7)
(4, 6)
(4, 5)
(4, 4)
(4, 3)
(5, 3)
(6, 3)
kaikki ok
Reitin pituus: 17
(14, 9)
(14, 10)
(14, 11)
(14, 12)
(14, 13)
(14, 14)
(14, 15)
(13, 15)
(12, 15)
(11, 15)
(10, 15)
(9, 15)
(8, 15)
(7, 15)
(6, 15)
(6, 16)
(6, 17)
(7, 17)
kaikki ok
Reitin pituus: 12
(6, 17)
(6, 16)
(6, 15)
(7, 15)
(8, 15)
(9, 15)
(10, 15)
(11, 15)
(12, 15)
(13, 15)
(14, 15)
(14, 16)
(14, 17)
kaikki ok
Reitin pituus: 23
(3, 1)
(4, 1)
(4, 2)
(4, 3)
(4, 4)
(4, 5)
(4, 6)
(4, 7)
(4, 8)
(4, 9)
(5, 9)
(6, 9)
(6, 10)
(6, 11)
(6, 12)
(6, 13)
(7, 13)
(8, 13)
(8, 14)
(8, 15)
(9, 15)
(10, 15)
(11, 15)
(12, 15)
kaikki ok
Reitin pituus: 20
(10, 1)
(10, 2)
(10, 3)
(11, 3)
(12, 3)
(12, 4)
(12, 5)
(11, 5)
(10, 5)
(10, 6)
(10, 7)
(11, 7)
(12, 7)
(12, 8)
(12, 9)
(12, 10)
(12, 11)
(11, 11)
(10, 11)
(9, 11)
(8, 11)
kaikki ok
Reitin pituus: 3
(14, 6)
(14, 5)
(15, 5)
(16, 5)
kaikki ok
Reitin pituus: 29
(11, 19)
(10, 19)
(9, 19)
(8, 19)
(8, 18)
(8, 17)
(7, 17)
(6, 17)
(6, 16)
(6, 15)
(5, 15)
(4, 15)
(4, 14)
(4, 13)
(4, 12)
(4, 11)
(4, 10)
(4, 9)
(4, 8)
(4, 7)
(4, 6)
(4, 5)
(4, 4)
(4, 3)
(4, 2)
(4, 1)
(5, 1)
(6, 1)
(7, 1)
(8, 1)
kaikki ok
Reitin pituus: 6
(3, 13)
(4, 13)
(4, 14)
(4, 15)
(5, 15)
(6, 15)
(7, 15)
kaikki ok
Reitin pituus: 17
(5, 13)
(4, 13)
(4, 14)
(4, 15)
(5, 15)
(6, 15)
(6, 16)
(6, 17)
(7, 17)
(8, 17)
(8, 18)
(8, 19)
(9, 19)
(10, 19)
(11, 19)
(12, 19)
(13, 19)
(14, 19)
kaikki ok
Reitin pituus: 5
(2, 3)
(1, 3)
(1, 4)
(1, 5)
(2, 5)
(3, 5)
kaikki ok
Reitin pituus: 7
(6, 7)
(7, 7)
(8, 7)
(9, 7)
(10, 7)
(11, 7)
(12, 7)
(12, 8)
kaikki ok
Reitin pituus: 16
(12, 15)
(13, 15)
(14, 15)
(14, 14)
(14, 13)
(14, 12)
(14, 11)
(14, 10)
(14, 9)
(14, 8)
(14, 7)
(14, 6)
(14, 5)
(14, 4)
(14, 3)
(15, 3)
(16, 3)
kaikki ok
Reitin pituus: 8
(12, 7)
(12, 8)
(12, 9)
(13, 9)
(14, 9)
(14, 8)
(14, 7)
(14, 6)
(14, 5)
kaikki ok
Reitin pituus: 25
(8, 19)
(8, 18)
(8, 17)
(7, 17)
(6, 17)
(6, 16)
(6, 15)
(5, 15)
(4, 15)
(4, 14)
(4, 13)
(4, 12)
(4, 11)
(4, 10)
(4, 9)
(4, 8)
(4, 7)
(4, 6)
(4, 5)
(3, 5)
(2, 5)
(1, 5)
(1, 4)
(1, 3)
(1, 2)
(1, 1)
kaikki ok
Reitin pituus: 3
(14, 3)
(14, 2)
(14, 1)
(15, 1)
kaikki ok
Reitin pituus: 21
(17, 18)
(17, 17)
(16, 17)
(15, 17)
(14, 17)
(14, 16)
(14, 15)
(13, 15)
(12, 15)
(11, 15)
(10, 15)
(9, 15)
(8, 15)
(7, 15)
(6, 15)
(5, 15)
(4, 15)
(4, 14)
(4, 13)
(4, 12)
(4, 11)
(4, 10)
kaikki ok
Reitin pituus: 16
(5, 1)
(4, 1)
(4, 2)
(4, 3)
(5, 3)
(6, 3)
(6, 4)
(6, 5)
(7, 5)
(8, 5)
(8, 6)
(8, 7)
(9, 7)
(10, 7)
(11, 7)
(12, 7)
(12, 8)
kaikki ok
Reitin pituus: 16
(12, 12)
(12, 13)
(11, 13)
(10, 13)
(10, 14)
(10, 15)
(11, 15)
(12, 15)
(12, 16)
(12, 17)
(11, 17)
(10, 17)
(10, 18)
(10, 19)
(11, 19)
(12, 19)
(13, 19)
kaikki ok
Reitin pituus: 23
(7, 19)
(8, 19)
(8, 18)
(8, 17)
(7, 17)
(6, 17)
(6, 16)
(6, 15)
(5, 15)
(4, 15)
(4, 14)
(4, 13)
(5, 13)
(6, 13)
(6, 12)
(6, 11)
(6, 10)
(6, 9)
(6, 8)
(6, 7)
(7, 7)
(8, 7)
(8, 6)
(8, 5)
kaikki ok
Reitin pituus: 15
(1, 1)
(2, 1)
(3, 1)
(4, 1)
(5, 1)
(6, 1)
(7, 1)
(8, 1)
(8, 2)
(8, 3)
(9, 3)
(10, 3)
(11, 3)
(12, 3)
(12, 4)
(12, 5)
kaikki ok
Reitin pituus: 21
(12, 12)
(12, 11)
(11, 11)
(10, 11)
(9, 11)
(8, 11)
(7, 11)
(6, 11)
(6, 10)
(6, 9)
(5, 9)
(4, 9)
(4, 8)
(4, 7)
(4, 6)
(4, 5)
(4, 4)
(4, 3)
(3, 3)
(2, 3)
(1, 3)
(1, 2)
kaikki ok
Reitin pituus: 13
(15, 5)
(14, 5)
(14, 6)
(14, 7)
(14, 8)
(14, 9)
(13, 9)
(12, 9)
(12, 8)
(12, 7)
(11, 7)
(10, 7)
(9, 7)
(8, 7)
kaikki ok
Reitin pituus: 24
(9, 19)
(10, 19)
(10, 18)
(10, 17)
(11, 17)
(12, 17)
(12, 16)
(12, 15)
(13, 15)
(14, 15)
(14, 14)
(14, 13)
(14, 12)
(14, 11)
(14, 10)
(14, 9)
(14, 8)
(14, 7)
(14, 6)
(14, 5)
(14, 4)
(14, 3)
(14, 2)
(14, 1)
(15, 1)
kaikki ok
Reitin pituus: 10
(16, 15)
(17, 15)
(17, 14)
(17, 13)
(16, 13)
(15, 13)
(14, 13)
(13, 13)
(12, 13)
(11, 13)
(10, 13)
kaikki ok
Reitin pituus: 12
(8, 1)
(8, 2)
(8, 3)
(9, 3)
(10, 3)
(11, 3)
(12, 3)
(13, 3)
(14, 3)
(15, 3)
(16, 3)
(17, 3)
(17, 4)
kaikki ok
Reitin pituus: 9
(14, 7)
(14, 8)
(14, 9)
(13, 9)
(12, 9)
(12, 8)
(12, 7)
(11, 7)
(10, 7)
(10, 6)
kaikki ok
Reitin pituus: 11
(7, 17)
(6, 17)
(6, 16)
(6, 15)
(5, 15)
(4, 15)
(4, 14)
(4, 13)
(3, 13)
(2, 13)
(1, 13)
(1, 14)
kaikki ok
Reitin pituus: 10
(13, 3)
(12, 3)
(11, 3)
(10, 3)
(9, 3)
(8, 3)
(7, 3)
(6, 3)
(5, 3)
(4, 3)
(4, 2)
kaikki ok
Reitin pituus: 7
(3, 13)
(4, 13)
(4, 14)
(4, 15)
(4, 16)
(4, 17)
(3, 17)
(2, 17)
kaikki ok
Reitin pituus: 9
(4, 7)
(4, 8)
(4, 9)
(5, 9)
(6, 9)
(6, 8)
(6, 7)
(7, 7)
(8, 7)
(9, 7)
kaikki ok
Reitin pituus: 20
(14, 12)
(14, 13)
(13, 13)
(12, 13)
(12, 12)
(12, 11)
(11, 11)
(10, 11)
(9, 11)
(8, 11)
(7, 11)
(6, 11)
(6, 10)
(6, 9)
(5, 9)
(4, 9)
(4, 8)
(4, 7)
(4, 6)
(4, 5)
(3, 5)
kaikki ok
Reitin pituus: 8
(12, 16)
(12, 17)
(11, 17)
(10, 17)
(10, 18)
(10, 19)
(9, 19)
(8, 19)
(7, 19)
kaikki ok
Reitin pituus: 32
(1, 1)
(1, 2)
(1, 3)
(2, 3)
(3, 3)
(4, 3)
(5, 3)
(6, 3)
(6, 4)
(6, 5)
(7, 5)
(8, 5)
(8, 6)
(8, 7)
(9, 7)
(10, 7)
(11, 7)
(12, 7)
(12, 8)
(12, 9)
(12, 10)
(12, 11)
(12, 12)
(12, 13)
(13, 13)
(14, 13)
(14, 14)
(14, 15)
(14, 16)
(14, 17)
(15, 17)
(16, 17)
(17, 17)
kaikki ok
Reitin pituus: 8
(12, 17)
(12, 16)
(12, 15)
(11, 15)
(10, 15)
(10, 14)
(10, 13)
(11, 13)
(12, 13)
kaikki ok
Reitin pituus: 13
(4, 4)
(4, 3)
(5, 3)
(6, 3)
(7, 3)
(8, 3)
(9, 3)
(10, 3)
(11, 3)
(12, 3)
(13, 3)
(14, 3)
(14, 4)
(14, 5)
kaikki ok
Reitin pituus: 10
(14, 15)
(13, 15)
(12, 15)
(11, 15)
(10, 15)
(9, 15)
(8, 15)
(7, 15)
(6, 15)
(5, 15)
(4, 15)
kaikki ok
Reitin pituus: 8
(1, 3)
(2, 3)
(3, 3)
(4, 3)
(5, 3)
(6, 3)
(7, 3)
(8, 3)
(8, 2)
kaikki ok
Reitin pituus: 21
(17, 19)
(17, 18)
(17, 17)
(16, 17)
(15, 17)
(14, 17)
(14, 16)
(14, 15)
(14, 14)
(14, 13)
(14, 12)
(14, 11)
(14, 10)
(14, 9)
(14, 8)
(14, 7)
(14, 6)
(14, 5)
(14, 4)
(14, 3)
(15, 3)
(16, 3)
kaikki ok
Reitin pituus: 24
(9, 19)
(8, 19)
(8, 18)
(8, 17)
(7, 17)
(6, 17)
(6, 16)
(6, 15)
(5, 15)
(4, 15)
(4, 14)
(4, 13)
(4, 12)
(4, 11)
(4, 10)
(4, 9)
(4, 8)
(4, 7)
(4, 6)
(4, 5)
(4, 4)
(4, 3)
(4, 2)
(4, 1)
(5, 1)
kaikki ok
Reitin pituus: 27
(1, 18)
(1, 17)
(2, 17)
(3, 17)
(4, 17)
(4, 16)
(4, 15)
(4, 14)
(4, 13)
(4, 12)
(4, 11)
(4, 10)
(4, 9)
(4, 8)
(4, 7)
(4, 6)
(4, 5)
(4, 4)
(4, 3)
(5, 3)
(6, 3)
(7, 3)
(8, 3)
(9, 3)
(10, 3)
(11, 3)
(12, 3)
(13, 3)
kaikki ok
Reitin pituus: 17
(16, 15)
(17, 15)
(17, 14)
(17, 13)
(16, 13)
(15, 13)
(14, 13)
(14, 12)
(14, 11)
(14, 10)
(14, 9)
(14, 8)
(14, 7)
(14, 6)
(14, 5)
(14, 4)
(14, 3)
(15, 3)
kaikki ok
Reitin pituus: 13
(14, 4)
(14, 3)
(13, 3)
(12, 3)
(12, 4)
(12, 5)
(11, 5)
(10, 5)
(10, 6)
(10, 7)
(9, 7)
(9, 8)
(9, 9)
(8, 9)
kaikki ok
Reitin pituus: 11
(12, 9)
(13, 9)
(14, 9)
(14, 8)
(14, 7)
(14, 6)
(14, 5)
(14, 4)
(14, 3)
(14, 2)
(14, 1)
(15, 1)
kaikki ok
Reitin pituus: 2
(5, 3)
(6, 3)
(6, 4)
kaikki ok
Reitin pituus: 15
(16, 13)
(15, 13)
(14, 13)
(14, 14)
(14, 15)
(13, 15)
(12, 15)
(11, 15)
(10, 15)
(9, 15)
(8, 15)
(7, 15)
(6, 15)
(5, 15)
(4, 15)
(4, 16)
kaikki ok
Reitin pituus: 13
(16, 3)
(15, 3)
(14, 3)
(13, 3)
(12, 3)
(12, 4)
(12, 5)
(11, 5)
(10, 5)
(10, 6)
(10, 7)
(9, 7)
(8, 7)
(7, 7)
kaikki ok
Reitin pituus: 18
(16, 15)
(17, 15)
(17, 14)
(17, 13)
(16, 13)
(15, 13)
(14, 13)
(13, 13)
(12, 13)
(12, 12)
(12, 11)
(12, 10)
(12, 9)
(12, 8)
(12, 7)
(11, 7)
(10, 7)
(9, 7)
(9, 8)
kaikki ok
Reitin pituus: 15
(8, 9)
(9, 9)
(9, 8)
(9, 7)
(8, 7)
(7, 7)
(6, 7)
(6, 8)
(6, 9)
(6, 10)
(6, 11)
(6, 12)
(6, 13)
(7, 13)
(8, 13)
(8, 14)
kaikki ok
Reitin pituus: 4
(14, 12)
(14, 13)
(14, 14)
(14, 15)
(14, 16)
kaikki ok
Reitin pituus: 18
(17, 3)
(16, 3)
(15, 3)
(14, 3)
(13, 3)
(12, 3)
(12, 4)
(12, 5)
(11, 5)
(10, 5)
(10, 6)
(10, 7)
(9, 7)
(8, 7)
(7, 7)
(6, 7)
(6, 8)
(6, 9)
(5, 9)
kaikki ok
Reitin pituus: 4
(17, 4)
(17, 5)
(16, 5)
(15, 5)
(14, 5)
kaikki ok
Reitin pituus: 18
(17, 1)
(16, 1)
(15, 1)
(14, 1)
(13, 1)
(12, 1)
(11, 1)
(10, 1)
(10, 2)
(10, 3)
(9, 3)
(8, 3)
(8, 2)
(8, 1)
(7, 1)
(6, 1)
(5, 1)
(4, 1)
(3, 1)
kaikki ok
Reitin pituus: 11
(10, 18)
(10, 19)
(11, 19)
(12, 19)
(13, 19)
(14, 19)
(15, 19)
(16, 19)
(17, 19)
(17, 18)
(17, 17)
(16, 17)
kaikki ok
Reitin pituus: 16
(13, 15)
(12, 15)
(12, 16)
(12, 17)
(11, 17)
(10, 17)
(10, 18)
(10, 19)
(9, 19)
(8, 19)
(7, 19)
(6, 19)
(5, 19)
(4, 19)
(3, 19)
(2, 19)
(1, 19)
kaikki ok
Reitin pituus: 9
(7, 13)
(6, 13)
(6, 12)
(6, 11)
(7, 11)
(8, 11)
(9, 11)
(10, 11)
(11, 11)
(12, 11)
kaikki ok
Reitin pituus: 7
(7, 3)
(6, 3)
(6, 4)
(6, 5)
(7, 5)
(8, 5)
(8, 6)
(8, 7)
kaikki ok
Reitin pituus: 26
(3, 19)
(2, 19)
(1, 19)
(1, 18)
(1, 17)
(2, 17)
(3, 17)
(4, 17)
(4, 16)
(4, 15)
(4, 14)
(4, 13)
(4, 12)
(4, 11)
(4, 10)
(4, 9)
(4, 8)
(4, 7)
(4, 6)
(4, 5)
(4, 4)
(4, 3)
(5, 3)
(6, 3)
(7, 3)
(8, 3)
(8, 2)
kaikki ok
Reitin pituus: 18
(4, 4)
(4, 5)
(4, 6)
(4, 7)
(4, 8)
(4, 9)
(5, 9)
(6, 9)
(6, 10)
(6, 11)
(7, 11)
(8, 11)
(9, 11)
(10, 11)
(11, 11)
(12, 11)
(12, 12)
(12, 13)
(13, 13)
kaikki ok
Reitin pituus: 9
(6, 3)
(6, 4)
(6, 5)
(7, 5)
(8, 5)
(8, 6)
(8, 7)
(7, 7)
(6, 7)
(6, 8)
kaikki ok
Reitin pituus: 2
(4, 15)
(4, 14)
(4, 13)
kaikki ok
Reitin pituus: 11
(6, 9)
(5, 9)
(4, 9)
(4, 10)
(4, 11)
(4, 12)
(4, 13)
(4, 14)
(4, 15)
(5, 15)
(6, 15)
(6, 16)
kaikki ok
Reitin pituus: 12
(7, 11)
(6, 11)
(6, 10)
(6, 9)
(6, 8)
(6, 7)
(7, 7)
(8, 7)
(8, 6)
(8, 5)
(7, 5)
(6, 5)
(6, 4)
kaikki ok
Reitin pituus: 9
(1, 15)
(1, 14)
(1, 13)
(2, 13)
(3, 13)
(4, 13)
(5, 13)
(6, 13)
(7, 13)
(8, 13)
kaikki ok
Reitin pituus: 22
(4, 16)
(4, 15)
(5, 15)
(6, 15)
(7, 15)
(8, 15)
(9, 15)
(10, 15)
(10, 14)
(10, 13)
(11, 13)
(12, 13)
(12, 12)
(12, 11)
(12, 10)
(12, 9)
(13, 9)
(14, 9)
(14, 8)
(14, 7)
(14, 6)
(14, 5)
(14, 4)
kaikki ok
Reitin pituus: 14
(8, 3)
(9, 3)
(10, 3)
(11, 3)
(12, 3)
(12, 4)
(12, 5)
(11, 5)
(10, 5)
(10, 6)
(10, 7)
(11, 7)
(12, 7)
(12, 8)
(12, 9)
kaikki ok
Reitin pituus: 11
(8, 7)
(9, 7)
(10, 7)
(11, 7)
(12, 7)
(12, 8)
(12, 9)
(12, 10)
(12, 11)
(12, 12)
(12, 13)
(11, 13)
kaikki ok
Reitin pituus: 29
(2, 15)
(1, 15)
(1, 14)
(1, 13)
(2, 13)
(3, 13)
(4, 13)
(5, 13)
(6, 13)
(6, 12)
(6, 11)
(6, 10)
(6, 9)
(6, 8)
(6, 7)
(7, 7)
(8, 7)
(9, 7)
(10, 7)
(10, 6)
(10, 5)
(11, 5)
(12, 5)
(12, 4)
(12, 3)
(13, 3)
(14, 3)
(15, 3)
(16, 3)
(17, 3)
kaikki ok
Reitin pituus: 1
(5, 15)
(6, 15)
kaikki ok
Reitin pituus: 24
(15, 19)
(16, 19)
(17, 19)
(17, 18)
(17, 17)
(16, 17)
(15, 17)
(14, 17)
(14, 16)
(14, 15)
(14, 14)
(14, 13)
(14, 12)
(14, 11)
(14, 10)
(14, 9)
(13, 9)
(12, 9)
(12, 8)
(12, 7)
(11, 7)
(10, 7)
(10, 6)
(10, 5)
(11, 5)
kaikki ok
Reitin pituus: 6
(5, 15)
(6, 15)
(7, 15)
(8, 15)
(8, 14)
(8, 13)
(7, 13)
kaikki ok
Reitin pituus: 21
(2, 3)
(3, 3)
(4, 3)
(4, 4)
(4, 5)
(4, 6)
(4, 7)
(4, 8)
(4, 9)
(4, 10)
(4, 11)
(4, 12)
(4, 13)
(4, 14)
(4, 15)
(4, 16)
(4, 17)
(3, 17)
(2, 17)
(1, 17)
(1, 18)
(1, 19)
kaikki ok
Reitin pituus: 12
(1, 5)
(1, 4)
(1, 3)
(2, 3)
(3, 3)
(4, 3)
(5, 3)
(6, 3)
(6, 4)
(6, 5)
(7, 5)
(8, 5)
(8, 6)
kaikki ok
Reitin pituus: 14
(13, 13)
(12, 13)
(12, 12)
(12, 11)
(11, 11)
(10, 11)
(9, 11)
(8, 11)
(7, 11)
(6, 11)
(6, 10)
(6, 9)
(5, 9)
(4, 9)
(4, 8)
kaikki ok
Reitin pituus: 24
(17, 1)
(17, 2)
(17, 3)
(17, 4)
(17, 5)
(16, 5)
(15, 5)
(14, 5)
(14, 6)
(14, 7)
(14, 8)
(14, 9)
(14, 10)
(14, 11)
(14, 12)
(14, 13)
(14, 14)
(14, 15)
(14, 16)
(14, 17)
(15, 17)
(16, 17)
(17, 17)
(17, 18)
(17, 19)
kaikki ok
Reitin pituus: 11
(4, 2)
(4, 3)
(4, 4)
(4, 5)
(4, 6)
(4, 7)
(4, 8)
(4, 9)
(5, 9)
(6, 9)
(6, 8)
(6, 7)
kaikki ok
Reitin pituus: 10
(7, 7)
(8, 7)
(9, 7)
(10, 7)
(10, 6)
(10, 5)
(11, 5)
(12, 5)
(12, 4)
(12, 3)
(11, 3)
kaikki ok
Reitin pituus: 12
(13, 9)
(12, 9)
(12, 10)
(12, 11)
(11, 11)
(10, 11)
(9, 11)
(8, 11)
(7, 11)
(6, 11)
(6, 10)
(6, 9)
(5, 9)
kaikki ok
Reitin pituus: 12
(8, 14)
(8, 15)
(9, 15)
(10, 15)
(10, 14)
(10, 13)
(11, 13)
(12, 13)
(12, 12)
(12, 11)
(12, 10)
(12, 9)
(12, 8)
kaikki ok
Reitin pituus: 14
(13, 3)
(12, 3)
(12, 4)
(12, 5)
(11, 5)
(10, 5)
(10, 6)
(10, 7)
(9, 7)
(8, 7)
(7, 7)
(6, 7)
(6, 8)
(6, 9)
(6, 10)
kaikki ok
Reitin pituus: 18
(12, 1)
(13, 1)
(14, 1)
(14, 2)
(14, 3)
(14, 4)
(14, 5)
(14, 6)
(14, 7)
(14, 8)
(14, 9)
(14, 10)
(14, 11)
(14, 12)
(14, 13)
(13, 13)
(12, 13)
(11, 13)
(10, 13)
kaikki ok
Reitin pituus: 22
(6, 9)
(6, 10)
(6, 11)
(6, 12)
(6, 13)
(7, 13)
(8, 13)
(8, 14)
(8, 15)
(9, 15)
(10, 15)
(11, 15)
(12, 15)
(12, 16)
(12, 17)
(11, 17)
(10, 17)
(10, 18)
(10, 19)
(11, 19)
(12, 19)
(13, 19)
(14, 19)
kaikki ok
Reitin pituus: 13
(12, 4)
(12, 3)
(11, 3)
(10, 3)
(9, 3)
(8, 3)
(8, 2)
(8, 1)
(7, 1)
(6, 1)
(5, 1)
(4, 1)
(3, 1)
(2, 1)
kaikki ok
Reitin pituus: 7
(12, 4)
(12, 3)
(13, 3)
(14, 3)
(14, 4)
(14, 5)
(14, 6)
(14, 7)
kaikki ok
Reitin pituus: 12
(3, 5)
(4, 5)
(4, 4)
(4, 3)
(5, 3)
(6, 3)
(7, 3)
(8, 3)
(9, 3)
(10, 3)
(11, 3)
(12, 3)
(13, 3)
kaikki ok
Reitin pituus: 11
(12, 5)
(11, 5)
(10, 5)
(10, 6)
(10, 7)
(11, 7)
(12, 7)
(12, 8)
(12, 9)
(12, 10)
(12, 11)
(11, 11)
kaikki ok
Reitin pituus: 9
(4, 6)
(4, 7)
(4, 8)
(4, 9)
(5, 9)
(6, 9)
(6, 8)
(6, 7)
(7, 7)
(8, 7)
kaikki ok
Reitin pituus: 15
(14, 15)
(14, 14)
(14, 13)
(14, 12)
(14, 11)
(14, 10)
(14, 9)
(14, 8)
(14, 7)
(14, 6)
(14, 5)
(14, 4)
(14, 3)
(13, 3)
(12, 3)
(12, 4)
kaikki ok
Reitin pituus: 13
(6, 4)
(6, 3)
(7, 3)
(8, 3)
(9, 3)
(10, 3)
(11, 3)
(12, 3)
(13, 3)
(14, 3)
(14, 4)
(14, 5)
(15, 5)
(16, 5)
kaikki ok
Reitin pituus: 6
(12, 19)
(11, 19)
(10, 19)
(9, 19)
(8, 19)
(7, 19)
(6, 19)
kaikki ok
Reitin pituus: 0
(2, 16)
kaikki ok
Reitin pituus: 11
(4, 15)
(5, 15)
(6, 15)
(6, 16)
(6, 17)
(7, 17)
(8, 17)
(8, 18)
(8, 19)
(9, 19)
(10, 19)
(10, 18)
kaikki ok
Reitin pituus: 11
(7, 5)
(8, 5)
(8, 6)
(8, 7)
(9, 7)
(10, 7)
(11, 7)
(12, 7)
(12, 8)
(12, 9)
(12, 10)
(12, 11)
kaikki ok
Reitin pituus: 16
(5, 3)
(6, 3)
(7, 3)
(8, 3)
(9, 3)
(10, 3)
(11, 3)
(12, 3)
(13, 3)
(14, 3)
(14, 4)
(14, 5)
(14, 6)
(14, 7)
(14, 8)
(14, 9)
(14, 10)
kaikki ok
Reitin pituus: 12
(6, 4)
(6, 3)
(7, 3)
(8, 3)
(9, 3)
(10, 3)
(11, 3)
(12, 3)
(13, 3)
(14, 3)
(15, 3)
(16, 3)
(17, 3)
kaikki ok
Reitin pituus: 12
(6, 5)
(7, 5)
(8, 5)
(8, 6)
(8, 7)
(7, 7)
(6, 7)
(6, 8)
(6, 9)
(6, 10)
(6, 11)
(7, 11)
(8, 11)
kaikki ok
Reitin pituus: 18
(16, 3)
(15, 3)
(14, 3)
(14, 4)
(14, 5)
(14, 6)
(14, 7)
(14, 8)
(14, 9)
(13, 9)
(12, 9)
(12, 10)
(12, 11)
(12, 12)
(12, 13)
(11, 13)
(10, 13)
(10, 14)
(10, 15)
kaikki ok
Reitin pituus: 19
(14, 10)
(14, 9)
(13, 9)
(12, 9)
(12, 8)
(12, 7)
(11, 7)
(10, 7)
(9, 7)
(8, 7)
(8, 6)
(8, 5)
(7, 5)
(6, 5)
(6, 4)
(6, 3)
(5, 3)
(4, 3)
(4, 2)
(4, 1)
kaikki ok
Reitin pituus: 22
(8, 19)
(8, 18)
(8, 17)
(7, 17)
(6, 17)
(6, 16)
(6, 15)
(5, 15)
(4, 15)
(4, 14)
(4, 13)
(4, 12)
(4, 11)
(4, 10)
(4, 9)
(5, 9)
(6, 9)
(6, 8)
(6, 7)
(7, 7)
(8, 7)
(9, 7)
(9, 8)
kaikki ok
Reitin pituus: 28
(3, 3)
(4, 3)
(4, 4)
(4, 5)
(4, 6)
(4, 7)
(4, 8)
(4, 9)
(4, 10)
(4, 11)
(4, 12)
(4, 13)
(4, 14)
(4, 15)
(5, 15)
(6, 15)
(6, 16)
(6, 17)
(7, 17)
(8, 17)
(8, 18)
(8, 19)
(9, 19)
(10, 19)
(11, 19)
(12, 19)
(13, 19)
(14, 19)
(15, 19)
kaikki ok
Reitin pituus: 6
(12, 4)
(12, 3)
(13, 3)
(14, 3)
(14, 4)
(14, 5)
(14, 6)
kaikki ok
Reitin pituus: 11
(6, 7)
(6, 8)
(6, 9)
(5, 9)
(4, 9)
(4, 8)
(4, 7)
(4, 6)
(4, 5)
(3, 5)
(2, 5)
(1, 5)
kaikki ok
Reitin pituus: 17
(16, 13)
(15, 13)
(14, 13)
(14, 14)
(14, 15)
(13, 15)
(12, 15)
(11, 15)
(10, 15)
(9, 15)
(8, 15)
(7, 15)
(6, 15)
(5, 15)
(4, 15)
(4, 16)
(4, 17)
(3, 17)
kaikki ok
Reitin pituus: 1
(5, 9)
(6, 9)
kaikki ok
Reitin pituus: 22
(14, 7)
(14, 8)
(14, 9)
(13, 9)
(12, 9)
(12, 10)
(12, 11)
(11, 11)
(10, 11)
(9, 11)
(8, 11)
(7, 11)
(6, 11)
(6, 12)
(6, 13)
(5, 13)
(4, 13)
(3, 13)
(2, 13)
(1, 13)
(1, 14)
(1, 15)
(2, 15)
kaikki ok
Reitin pituus: 4
(13, 9)
(14, 9)
(14, 8)
(14, 7)
(14, 6)
kaikki ok
Reitin pituus: 15
(11, 17)
(12, 17)
(12, 16)
(12, 15)
(11, 15)
(10, 15)
(9, 15)
(8, 15)
(8, 14)
(8, 13)
(7, 13)
(6, 13)
(5, 13)
(4, 13)
(4, 12)
(4, 11)
kaikki ok
Reitin pituus: 21
(1, 18)
(1, 17)
(2, 17)
(3, 17)
(4, 17)
(4, 16)
(4, 15)
(4, 14)
(4, 13)
(4, 12)
(4, 11)
(4, 10)
(4, 9)
(4, 8)
(4, 7)
(4, 6)
(4, 5)
(4, 4)
(4, 3)
(5, 3)
(6, 3)
(7, 3)
kaikki ok
Reitin pituus: 6
(10, 15)
(9, 15)
(8, 15)
(7, 15)
(6, 15)
(5, 15)
(4, 15)
kaikki ok
Reitin pituus: 13
(11, 13)
(10, 13)
(10, 14)
(10, 15)
(9, 15)
(8, 15)
(7, 15)
(6, 15)
(5, 15)
(4, 15)
(4, 14)
(4, 13)
(4, 12)
(4, 11)
kaikki ok
Reitin pituus: 9
(6, 4)
(6, 5)
(7, 5)
(8, 5)
(8, 6)
(8, 7)
(9, 7)
(9, 8)
(9, 9)
(8, 9)
kaikki ok
Reitin pituus: 19
(9, 19)
(10, 19)
(10, 18)
(10, 17)
(11, 17)
(12, 17)
(12, 16)
(12, 15)
(13, 15)
(14, 15)
(14, 14)
(14, 13)
(14, 12)
(14, 11)
(14, 10)
(14, 9)
(13, 9)
(12, 9)
(12, 8)
(12, 7)
kaikki ok
Reitin pituus: 13
(4, 12)
(4, 13)
(5, 13)
(6, 13)
(6, 12)
(6, 11)
(7, 11)
(8, 11)
(9, 11)
(10, 11)
(11, 11)
(12, 11)
(12, 12)
(12, 13)
kaikki ok
Reitin pituus: 12
(4, 14)
(4, 15)
(5, 15)
(6, 15)
(7, 15)
(8, 15)
(9, 15)
(10, 15)
(10, 14)
(10, 13)
(11, 13)
(12, 13)
(12, 12)
kaikki ok
Reitin pituus: 7
(2, 13)
(3, 13)
(4, 13)
(4, 12)
(4, 11)
(4, 10)
(4, 9)
(5, 9)
kaikki ok
Reitin pituus: 23
(5, 3)
(4, 3)
(4, 4)
(4, 5)
(4, 6)
(4, 7)
(4, 8)
(4, 9)
(4, 10)
(4, 11)
(4, 12)
(4, 13)
(4, 14)
(4, 15)
(5, 15)
(6, 15)
(7, 15)
(8, 15)
(9, 15)
(10, 15)
(11, 15)
(12, 15)
(12, 16)
(12, 17)
kaikki ok
Reitin pituus: 17
(2, 13)
(3, 13)
(4, 13)
(4, 14)
(4, 15)
(5, 15)
(6, 15)
(7, 15)
(8, 15)
(9, 15)
(10, 15)
(11, 15)
(12, 15)
(13, 15)
(14, 15)
(14, 14)
(14, 13)
(15, 13)
kaikki ok
Reitin pituus: 20
(16, 15)
(17, 15)
(17, 14)
(17, 13)
(16, 13)
(15, 13)
(14, 13)
(13, 13)
(12, 13)
(12, 12)
(12, 11)
(11, 11)
(10, 11)
(9, 11)
(8, 11)
(7, 11)
(6, 11)
(6, 10)
(6, 9)
(5, 9)
(4, 9)
kaikki ok
Reitin pituus: 15
(12, 8)
(12, 9)
(12, 10)
(12, 11)
(12, 12)
(12, 13)
(13, 13)
(14, 13)
(14, 14)
(14, 15)
(14, 16)
(14, 17)
(15, 17)
(16, 17)
(17, 17)
(17, 18)
kaikki ok
Reitin pituus: 12
(1, 18)
(1, 17)
(2, 17)
(3, 17)
(4, 17)
(4, 16)
(4, 15)
(5, 15)
(6, 15)
(7, 15)
(8, 15)
(9, 15)
(10, 15)
kaikki ok
Reitin pituus: 6
(3, 19)
(4, 19)
(5, 19)
(6, 19)
(7, 19)
(8, 19)
(9, 19)
kaikki ok
Reitin pituus: 8
(4, 11)
(4, 12)
(4, 13)
(4, 14)
(4, 15)
(4, 16)
(4, 17)
(3, 17)
(2, 17)
kaikki ok
Reitin pituus: 3
(17, 2)
(17, 1)
(16, 1)
(15, 1)
kaikki ok
Reitin pituus: 12
(10, 13)
(10, 14)
(10, 15)
(9, 15)
(8, 15)
(7, 15)
(6, 15)
(5, 15)
(4, 15)
(4, 16)
(4, 17)
(3, 17)
(2, 17)
kaikki ok
Reitin pituus: 26
(6, 5)
(7, 5)
(8, 5)
(8, 6)
(8, 7)
(9, 7)
(10, 7)
(11, 7)
(12, 7)
(12, 8)
(12, 9)
(13, 9)
(14, 9)
(14, 10)
(14, 11)
(14, 12)
(14, 13)
(14, 14)
(14, 15)
(14, 16)
(14, 17)
(15, 17)
(16, 17)
(17, 17)
(17, 18)
(17, 19)
(16, 19)
kaikki ok
Reitin pituus: 14
(16, 16)
(16, 17)
(15, 17)
(14, 17)
(14, 16)
(14, 15)
(14, 14)
(14, 13)
(14, 12)
(14, 11)
(14, 10)
(14, 9)
(14, 8)
(14, 7)
(14, 6)
kaikki ok
Reitin pituus: 15
(2, 17)
(3, 17)
(4, 17)
(4, 16)
(4, 15)
(4, 14)
(4, 13)
(5, 13)
(6, 13)
(6, 12)
(6, 11)
(7, 11)
(8, 11)
(9, 11)
(10, 11)
(11, 11)
kaikki ok
Reitin pituus: 12
(8, 1)
(8, 2)
(8, 3)
(9, 3)
(10, 3)
(10, 2)
(10, 1)
(11, 1)
(12, 1)
(13, 1)
(14, 1)
(15, 1)
(16, 1)
kaikki ok
Reitin pituus: 18
(12, 17)
(12, 16)
(12, 15)
(13, 15)
(14, 15)
(14, 14)
(14, 13)
(14, 12)
(14, 11)
(14, 10)
(14, 9)
(14, 8)
(14, 7)
(14, 6)
(14, 5)
(15, 5)
(16, 5)
(17, 5)
(17, 4)
kaikki ok
Reitin pituus: 1
(12, 4)
(12, 3)
kaikki ok
Reitin pituus: 9
(10, 6)
(10, 7)
(11, 7)
(12, 7)
(12, 8)
(12, 9)
(12, 10)
(12, 11)
(12, 12)
(12, 13)
kaikki ok
Reitin pituus: 10
(10, 2)
(10, 3)
(9, 3)
(8, 3)
(7, 3)
(6, 3)
(5, 3)
(4, 3)
(4, 4)
(4, 5)
(4, 6)
kaikki ok
Reitin pituus: 10
(4, 3)
(4, 4)
(4, 5)
(4, 6)
(4, 7)
(4, 8)
(4, 9)
(5, 9)
(6, 9)
(6, 10)
(6, 11)
kaikki ok
Reitin pituus: 19
(16, 19)
(17, 19)
(17, 18)
(17, 17)
(16, 17)
(15, 17)
(14, 17)
(14, 16)
(14, 15)
(14, 14)
(14, 13)
(13, 13)
(12, 13)
(12, 12)
(12, 11)
(11, 11)
(10, 11)
(9, 11)
(8, 11)
(7, 11)
kaikki ok
Reitin pituus: 30
(17, 17)
(16, 17)
(15, 17)
(14, 17)
(14, 16)
(14, 15)
(14, 14)
(14, 13)
(14, 12)
(14, 11)
(14, 10)
(14, 9)
(14, 8)
(14, 7)
(14, 6)
(14, 5)
(14, 4)
(14, 3)
(13, 3)
(12, 3)
(11, 3)
(10, 3)
(9, 3)
(8, 3)
(8, 2)
(8, 1)
(7, 1)
(6, 1)
(5, 1)
(4, 1)
(3, 1)
kaikki ok
Reitin pituus: 26
(6, 3)
(5, 3)
(4, 3)
(4, 4)
(4, 5)
(4, 6)
(4, 7)
(4, 8)
(4, 9)
(4, 10)
(4, 11)
(4, 12)
(4, 13)
(4, 14)
(4, 15)
(5, 15)
(6, 15)
(6, 16)
(6, 17)
(7, 17)
(8, 17)
(8, 18)
(8, 19)
(9, 19)
(10, 19)
(10, 18)
(10, 17)
kaikki ok
Reitin pituus: 15
(11, 11)
(12, 11)
(12, 10)
(12, 9)
(13, 9)
(14, 9)
(14, 8)
(14, 7)
(14, 6)
(14, 5)
(15, 5)
(16, 5)
(17, 5)
(17, 4)
(17, 3)
(17, 2)
kaikki ok
Reitin pituus: 19
(3, 13)
(4, 13)
(4, 12)
(4, 11)
(4, 10)
(4, 9)
(4, 8)
(4, 7)
(4, 6)
(4, 5)
(4, 4)
(4, 3)
(5, 3)
(6, 3)
(7, 3)
(8, 3)
(9, 3)
(10, 3)
(10, 2)
(10, 1)
kaikki ok
Reitin pituus: 26
(3, 1)
(4, 1)
(4, 2)
(4, 3)
(4, 4)
(4, 5)
(4, 6)
(4, 7)
(4, 8)
(4, 9)
(5, 9)
(6, 9)
(6, 10)
(6, 11)
(6, 12)
(6, 13)
(7, 13)
(8, 13)
(8, 14)
(8, 15)
(9, 15)
(10, 15)
(11, 15)
(12, 15)
(12, 16)
(12, 17)
(11, 17)
kaikki ok
Reitin pituus: 12
(13, 13)
(14, 13)
(14, 12)
(14, 11)
(14, 10)
(14, 9)
(14, 8)
(14, 7)
(14, 6)
(14, 5)
(14, 4)
(14, 3)
(15, 3)
kaikki ok
Reitin pituus: 13
(7, 5)
(8, 5)
(8, 6)
(8, 7)
(9, 7)
(10, 7)
(11, 7)
(12, 7)
(12, 8)
(12, 9)
(13, 9)
(14, 9)
(14, 8)
(14, 7)
kaikki ok
Reitin pituus: 23
(4, 2)
(4, 3)
(5, 3)
(6, 3)
(6, 4)
(6, 5)
(7, 5)
(8, 5)
(8, 6)
(8, 7)
(9, 7)
(10, 7)
(11, 7)
(12, 7)
(12, 8)
(12, 9)
(12, 10)
(12, 11)
(12, 12)
(12, 13)
(13, 13)
(14, 13)
(15, 13)
(16, 13)
kaikki ok
Reitin pituus: 15
(17, 2)
(17, 3)
(16, 3)
(15, 3)
(14, 3)
(13, 3)
(12, 3)
(12, 4)
(12, 5)
(11, 5)
(10, 5)
(10, 6)
(10, 7)
(9, 7)
(9, 8)
(9, 9)
kaikki ok
Reitin pituus: 5
(14, 19)
(13, 19)
(12, 19)
(11, 19)
(10, 19)
(9, 19)
kaikki ok
Reitin pituus: 31
(2, 19)
(3, 19)
(4, 19)
(5, 19)
(6, 19)
(7, 19)
(8, 19)
(9, 19)
(10, 19)
(10, 18)
(10, 17)
(11, 17)
(12, 17)
(12, 16)
(12, 15)
(13, 15)
(14, 15)
(14, 14)
(14, 13)
(14, 12)
(14, 11)
(14, 10)
(14, 9)
(14, 8)
(14, 7)
(14, 6)
(14, 5)
(14, 4)
(14, 3)
(15, 3)
(16, 3)
(17, 3)
kaikki ok
Reitin pituus: 16
(2, 5)
(3, 5)
(4, 5)
(4, 4)
(4, 3)
(5, 3)
(6, 3)
(7, 3)
(8, 3)
(9, 3)
(10, 3)
(11, 3)
(12, 3)
(13, 3)
(14, 3)
(15, 3)
(16, 3)
kaikki ok
Reitin pituus: 20
(2, 16)
(2, 17)
(3, 17)
(4, 17)
(4, 16)
(4, 15)
(5, 15)
(6, 15)
(7, 15)
(8, 15)
(9, 15)
(10, 15)
(11, 15)
(12, 15)
(13, 15)
(14, 15)
(14, 14)
(14, 13)
(14, 12)
(14, 11)
(14, 10)
kaikki ok
Reitin pituus: 6
(6, 7)
(7, 7)
(8, 7)
(9, 7)
(9, 8)
(9, 9)
(10, 9)
kaikki ok
Reitin pituus: 13
(5, 15)
(6, 15)
(7, 15)
(8, 15)
(9, 15)
(10, 15)
(11, 15)
(12, 15)
(13, 15)
(14, 15)
(14, 16)
(14, 17)
(15, 17)
(16, 17)
kaikki ok
Reitin pituus: 21
(10, 5)
(10, 6)
(10, 7)
(9, 7)
(8, 7)
(7, 7)
(6, 7)
(6, 8)
(6, 9)
(6, 10)
(6, 11)
(6, 12)
(6, 13)
(5, 13)
(4, 13)
(4, 14)
(4, 15)
(4, 16)
(4, 17)
(3, 17)
(2, 17)
(1, 17)
kaikki ok
Reitin pituus: 22
(7, 5)
(8, 5)
(8, 6)
(8, 7)
(7, 7)
(6, 7)
(6, 8)
(6, 9)
(5, 9)
(4, 9)
(4, 10)
(4, 11)
(4, 12)
(4, 13)
(4, 14)
(4, 15)
(4, 16)
(4, 17)
(3, 17)
(2, 17)
(1, 17)
(1, 18)
(1, 19)
kaikki ok
Reitin pituus: 20
(2, 13)
(3, 13)
(4, 13)
(4, 14)
(4, 15)
(5, 15)
(6, 15)
(7, 15)
(8, 15)
(9, 15)
(10, 15)
(11, 15)
(12, 15)
(13, 15)
(14, 15)
(14, 14)
(14, 13)
(15, 13)
(16, 13)
(17, 13)
(17, 14)
kaikki ok
Reitin pituus: 23
(6, 19)
(7, 19)
(8, 19)
(9, 19)
(10, 19)
(10, 18)
(10, 17)
(11, 17)
(12, 17)
(12, 16)
(12, 15)
(13, 15)
(14, 15)
(14, 14)
(14, 13)
(14, 12)
(14, 11)
(14, 10)
(14, 9)
(14, 8)
(14, 7)
(14, 6)
(14, 5)
(14, 4)
kaikki ok
Reitin pituus: 7
(16, 17)
(15, 17)
(14, 17)
(14, 16)
(14, 15)
(13, 15)
(12, 15)
(11, 15)
kaikki ok
Reitin pituus: 5
(17, 2)
(17, 3)
(16, 3)
(15, 3)
(14, 3)
(13, 3)
kaikki ok
Reitin pituus: 28
(1, 19)
(1, 18)
(1, 17)
(2, 17)
(3, 17)
(4, 17)
(4, 16)
(4, 15)
(5, 15)
(6, 15)
(7, 15)
(8, 15)
(9, 15)
(10, 15)
(10, 14)
(10, 13)
(11, 13)
(12, 13)
(12, 12)
(12, 11)
(12, 10)
(12, 9)
(13, 9)
(14, 9)
(14, 8)
(14, 7)
(14, 6)
(14, 5)
(14, 4)
kaikki ok
Reitin pituus: 4
(4, 3)
(4, 2)
(4, 1)
(3, 1)
(2, 1)
kaikki ok
Reitin pituus: 14
(4, 4)
(4, 5)
(4, 6)
(4, 7)
(4, 8)
(4, 9)
(4, 10)
(4, 11)
(4, 12)
(4, 13)
(4, 14)
(4, 15)
(4, 16)
(4, 17)
(3, 17)
kaikki ok
Reitin pituus: 2
(14, 16)
(14, 15)
(13, 15)
kaikki ok
Reitin pituus: 7
(6, 11)
(6, 10)
(6, 9)
(6, 8)
(6, 7)
(7, 7)
(8, 7)
(9, 7)
kaikki ok
Reitin pituus: 7
(4, 17)
(4, 16)
(4, 15)
(4, 14)
(4, 13)
(5, 13)
(6, 13)
(7, 13)
kaikki ok
Reitin pituus: 14
(12, 8)
(12, 9)
(12, 10)
(12, 11)
(12, 12)
(12, 13)
(11, 13)
(10, 13)
(10, 14)
(10, 15)
(9, 15)
(8, 15)
(7, 15)
(6, 15)
(6, 16)
kaikki ok
Reitin pituus: 19
(7, 1)
(8, 1)
(8, 2)
(8, 3)
(9, 3)
(10, 3)
(11, 3)
(12, 3)
(12, 4)
(12, 5)
(11, 5)
(10, 5)
(10, 6)
(10, 7)
(11, 7)
(12, 7)
(12, 8)
(12, 9)
(12, 10)
(12, 11)
kaikki ok
Reitin pituus: 19
(1, 14)
(1, 13)
(2, 13)
(3, 13)
(4, 13)
(4, 14)
(4, 15)
(5, 15)
(6, 15)
(6, 16)
(6, 17)
(7, 17)
(8, 17)
(8, 18)
(8, 19)
(9, 19)
(10, 19)
(11, 19)
(12, 19)
(13, 19)
kaikki ok
Reitin pituus: 21
(6, 17)
(6, 16)
(6, 15)
(7, 15)
(8, 15)
(9, 15)
(10, 15)
(10, 14)
(10, 13)
(11, 13)
(12, 13)
(12, 12)
(12, 11)
(12, 10)
(12, 9)
(13, 9)
(14, 9)
(14, 8)
(14, 7)
(14, 6)
(14, 5)
(15, 5)
kaikki ok
Reitin pituus: 12
(6, 19)
(7, 19)
(8, 19)
(8, 18)
(8, 17)
(7, 17)
(6, 17)
(6, 16)
(6, 15)
(7, 15)
(8, 15)
(8, 14)
(8, 13)
kaikki ok
Reitin pituus: 6
(1, 4)
(1, 5)
(2, 5)
(3, 5)
(4, 5)
(4, 6)
(4, 7)
kaikki ok
Reitin pituus: 6
(12, 7)
(11, 7)
(10, 7)
(9, 7)
(8, 7)
(7, 7)
(6, 7)
kaikki ok
Reitin pituus: 15
(12, 12)
(12, 11)
(12, 10)
(12, 9)
(12, 8)
(12, 7)
(11, 7)
(10, 7)
(10, 6)
(10, 5)
(11, 5)
(12, 5)
(12, 4)
(12, 3)
(11, 3)
(10, 3)
kaikki ok
Reitin pituus: 2
(9, 8)
(9, 9)
(8, 9)
kaikki ok
Reitin pituus: 6
(12, 8)
(12, 7)
(11, 7)
(10, 7)
(9, 7)
(8, 7)
(8, 6)
kaikki ok
Reitin pituus: 20
(2, 5)
(3, 5)
(4, 5)
(4, 6)
(4, 7)
(4, 8)
(4, 9)
(5, 9)
(6, 9)
(6, 10)
(6, 11)
(6, 12)
(6, 13)
(7, 13)
(8, 13)
(8, 14)
(8, 15)
(9, 15)
(10, 15)
(10, 14)
(10, 13)
kaikki ok
Reitin pituus: 23
(10, 6)
(10, 7)
(9, 7)
(8, 7)
(7, 7)
(6, 7)
(6, 8)
(6, 9)
(6, 10)
(6, 11)
(6, 12)
(6, 13)
(7, 13)
(8, 13)
(8, 14)
(8, 15)
(7, 15)
(6, 15)
(6, 16)
(6, 17)
(7, 17)
(8, 17)
(8, 18)
(8, 19)
kaikki ok
Reitin pituus: 11
(8, 7)
(8, 6)
(8, 5)
(7, 5)
(6, 5)
(6, 4)
(6, 3)
(5, 3)
(4, 3)
(4, 4)
(4, 5)
(3, 5)
kaikki ok
Reitin pituus: 2
(4, 15)
(4, 16)
(4, 17)
kaikki ok
Reitin pituus: 10
(10, 13)
(10, 14)
(10, 15)
(9, 15)
(8, 15)
(7, 15)
(6, 15)
(6, 16)
(6, 17)
(7, 17)
(8, 17)
kaikki ok
Reitin pituus: 14
(16, 17)
(15, 17)
(14, 17)
(14, 16)
(14, 15)
(14, 14)
(14, 13)
(13, 13)
(12, 13)
(12, 12)
(12, 11)
(11, 11)
(10, 11)
(9, 11)
(8, 11)
kaikki ok
Reitin pituus: 17
(17, 15)
(16, 15)
(16, 16)
(16, 17)
(17, 17)
(17, 18)
(17, 19)
(16, 19)
(15, 19)
(14, 19)
(13, 19)
(12, 19)
(11, 19)
(10, 19)
(9, 19)
(8, 19)
(7, 19)
(6, 19)
kaikki ok
Reitin pituus: 14
(12, 17)
(12, 16)
(12, 15)
(11, 15)
(10, 15)
(9, 15)
(8, 15)
(8, 14)
(8, 13)
(7, 13)
(6, 13)
(5, 13)
(4, 13)
(4, 12)
(4, 11)
kaikki ok
Reitin pituus: 20
(7, 1)
(6, 1)
(5, 1)
(4, 1)
(4, 2)
(4, 3)
(4, 4)
(4, 5)
(4, 6)
(4, 7)
(4, 8)
(4, 9)
(4, 10)
(4, 11)
(4, 12)
(4, 13)
(4, 14)
(4, 15)
(4, 16)
(4, 17)
(3, 17)
kaikki ok
Reitin pituus: 12
(15, 3)
(14, 3)
(13, 3)
(12, 3)
(12, 4)
(12, 5)
(11, 5)
(10, 5)
(10, 6)
(10, 7)
(9, 7)
(8, 7)
(8, 6)
kaikki ok
Reitin pituus: 16
(10, 13)
(11, 13)
(12, 13)
(12, 12)
(12, 11)
(12, 10)
(12, 9)
(12, 8)
(12, 7)
(11, 7)
(10, 7)
(9, 7)
(8, 7)
(8, 6)
(8, 5)
(7, 5)
(6, 5)
kaikki ok
Reitin pituus: 13
(4, 10)
(4, 9)
(4, 8)
(4, 7)
(4, 6)
(4, 5)
(4, 4)
(4, 3)
(4, 2)
(4, 1)
(5, 1)
(6, 1)
(7, 1)
(8, 1)
kaikki ok
Reitin pituus: 14
(1, 14)
(1, 13)
(2, 13)
(3, 13)
(4, 13)
(4, 14)
(4, 15)
(5, 15)
(6, 15)
(6, 16)
(6, 17)
(7, 17)
(8, 17)
(8, 18)
(8, 19)
kaikki ok
Reitin pituus: 15
(7, 13)
(8, 13)
(8, 14)
(8, 15)
(9, 15)
(10, 15)
(11, 15)
(12, 15)
(13, 15)
(14, 15)
(14, 16)
(14, 17)
(15, 17)
(16, 17)
(17, 17)
(17, 18)
kaikki ok
Reitin pituus: 22
(10, 19)
(10, 18)
(10, 17)
(11, 17)
(12, 17)
(12, 16)
(12, 15)
(13, 15)
(14, 15)
(14, 14)
(14, 13)
(14, 12)
(14, 11)
(14, 10)
(14, 9)
(14, 8)
(14, 7)
(14, 6)
(14, 5)
(14, 4)
(14, 3)
(15, 3)
(16, 3)
kaikki ok
Reitin pituus: 28
(5, 19)
(6, 19)
(7, 19)
(8, 19)
(8, 18)
(8, 17)
(7, 17)
(6, 17)
(6, 16)
(6, 15)
(5, 15)
(4, 15)
(4, 14)
(4, 13)
(4, 12)
(4, 11)
(4, 10)
(4, 9)
(4, 8)
(4, 7)
(4, 6)
(4, 5)
(3, 5)
(2, 5)
(1, 5)
(1, 4)
(1, 3)
(1, 2)
(1, 1)
kaikki ok
Reitin pituus: 20
(6, 19)
(7, 19)
(8, 19)
(9, 19)
(10, 19)
(10, 18)
(10, 17)
(11, 17)
(12, 17)
(12, 16)
(12, 15)
(13, 15)
(14, 15)
(14, 14)
(14, 13)
(14, 12)
(14, 11)
(14, 10)
(14, 9)
(14, 8)
(14, 7)
kaikki ok
Reitin pituus: 16
(6, 3)
(5, 3)
(4, 3)
(4, 4)
(4, 5)
(4, 6)
(4, 7)
(4, 8)
(4, 9)
(4, 10)
(4, 11)
(4, 12)
(4, 13)
(5, 13)
(6, 13)
(7, 13)
(8, 13)
kaikki ok
Reitin pituus: 7
(6, 9)
(6, 8)
(6, 7)
(7, 7)
(8, 7)
(9, 7)
(10, 7)
(11, 7)
kaikki ok
Reitin pituus: 19
(10, 19)
(9, 19)
(8, 19)
(8, 18)
(8, 17)
(7, 17)
(6, 17)
(6, 16)
(6, 15)
(7, 15)
(8, 15)
(8, 14)
(8, 13)
(7, 13)
(6, 13)
(6, 12)
(6, 11)
(6, 10)
(6, 9)
(6, 8)
kaikki ok
Reitin pituus: 21
(1, 15)
(2, 15)
(2, 16)
(2, 17)
(3, 17)
(4, 17)
(4, 16)
(4, 15)
(5, 15)
(6, 15)
(7, 15)
(8, 15)
(9, 15)
(10, 15)
(11, 15)
(12, 15)
(13, 15)
(14, 15)
(14, 16)
(14, 17)
(15, 17)
(16, 17)
kaikki ok
Reitin pituus: 9
(17, 14)
(17, 13)
(16, 13)
(15, 13)
(14, 13)
(14, 12)
(14, 11)
(14, 10)
(14, 9)
(13, 9)
kaikki ok
Reitin pituus: 30
(17, 18)
(17, 17)
(16, 17)
(15, 17)
(14, 17)
(14, 16)
(14, 15)
(13, 15)
(12, 15)
(11, 15)
(10, 15)
(9, 15)
(8, 15)
(8, 14)
(8, 13)
(7, 13)
(6, 13)
(6, 12)
(6, 11)
(6, 10)
(6, 9)
(5, 9)
(4, 9)
(4, 8)
(4, 7)
(4, 6)
(4, 5)
(4, 4)
(4, 3)
(4, 2)
(4, 1)
kaikki ok
Reitin pituus: 21
(6, 16)
(6, 15)
(5, 15)
(4, 15)
(4, 14)
(4, 13)
(4, 12)
(4, 11)
(4, 10)
(4, 9)
(5, 9)
(6, 9)
(6, 8)
(6, 7)
(7, 7)
(8, 7)
(9, 7)
(10, 7)
(10, 6)
(10, 5)
(11, 5)
(12, 5)
kaikki ok
Reitin pituus: 8
(15, 17)
(14, 17)
(14, 16)
(14, 15)
(13, 15)
(12, 15)
(11, 15)
(10, 15)
(10, 14)
kaikki ok
Reitin pituus: 17
(17, 18)
(17, 17)
(16, 17)
(15, 17)
(14, 17)
(14, 16)
(14, 15)
(14, 14)
(14, 13)
(13, 13)
(12, 13)
(12, 12)
(12, 11)
(11, 11)
(10, 11)
(9, 11)
(8, 11)
(7, 11)
kaikki ok
Reitin pituus: 19
(8, 18)
(8, 17)
(7, 17)
(6, 17)
(6, 16)
(6, 15)
(5, 15)
(4, 15)
(4, 14)
(4, 13)
(4, 12)
(4, 11)
(4, 10)
(4, 9)
(5, 9)
(6, 9)
(6, 8)
(6, 7)
(7, 7)
(8, 7)
kaikki ok
Reitin pituus: 15
(12, 17)
(12, 16)
(12, 15)
(13, 15)
(14, 15)
(14, 14)
(14, 13)
(14, 12)
(14, 11)
(14, 10)
(14, 9)
(13, 9)
(12, 9)
(12, 8)
(12, 7)
(11, 7)
kaikki ok
Reitin pituus: 8
(2, 3)
(3, 3)
(4, 3)
(4, 4)
(4, 5)
(4, 6)
(4, 7)
(4, 8)
(4, 9)
kaikki ok
Reitin pituus: 14
(14, 3)
(13, 3)
(12, 3)
(11, 3)
(10, 3)
(9, 3)
(8, 3)
(7, 3)
(6, 3)
(5, 3)
(4, 3)
(3, 3)
(2, 3)
(1, 3)
(1, 2)
kaikki ok
Reitin pituus: 14
(6, 10)
(6, 9)
(6, 8)
(6, 7)
(7, 7)
(8, 7)
(9, 7)
(10, 7)
(10, 6)
(10, 5)
(11, 5)
(12, 5)
(12, 4)
(12, 3)
(11, 3)
kaikki ok
Reitin pituus: 17
(17, 15)
(17, 14)
(17, 13)
(16, 13)
(15, 13)
(14, 13)
(13, 13)
(12, 13)
(12, 12)
(12, 11)
(12, 10)
(12, 9)
(12, 8)
(12, 7)
(11, 7)
(10, 7)
(10, 6)
(10, 5)
kaikki ok
Reitin pituus: 7
(16, 19)
(17, 19)
(17, 18)
(17, 17)
(16, 17)
(16, 16)
(16, 15)
(17, 15)
kaikki ok
Reitin pituus: 15
(14, 2)
(14, 3)
(14, 4)
(14, 5)
(14, 6)
(14, 7)
(14, 8)
(14, 9)
(13, 9)
(12, 9)
(12, 10)
(12, 11)
(11, 11)
(10, 11)
(9, 11)
(8, 11)
kaikki ok
Reitin pituus: 12
(3, 3)
(4, 3)
(4, 4)
(4, 5)
(4, 6)
(4, 7)
(4, 8)
(4, 9)
(5, 9)
(6, 9)
(6, 10)
(6, 11)
(7, 11)
kaikki ok
Reitin pituus: 6
(5, 15)
(6, 15)
(6, 16)
(6, 17)
(7, 17)
(8, 17)
(8, 18)
kaikki ok
Reitin pituus: 16
(16, 5)
(15, 5)
(14, 5)
(14, 6)
(14, 7)
(14, 8)
(14, 9)
(13, 9)
(12, 9)
(12, 8)
(12, 7)
(11, 7)
(10, 7)
(9, 7)
(8, 7)
(8, 6)
(8, 5)
kaikki ok
Reitin pituus: 14
(4, 2)
(4, 3)
(4, 4)
(4, 5)
(4, 6)
(4, 7)
(4, 8)
(4, 9)
(4, 10)
(4, 11)
(4, 12)
(4, 13)
(4, 14)
(4, 15)
(4, 16)
kaikki ok
Reitin pituus: 11
(6, 5)
(7, 5)
(8, 5)
(8, 6)
(8, 7)
(7, 7)
(6, 7)
(6, 8)
(6, 9)
(6, 10)
(6, 11)
(7, 11)
kaikki ok
Reitin pituus: 11
(5, 1)
(4, 1)
(4, 2)
(4, 3)
(4, 4)
(4, 5)
(4, 6)
(4, 7)
(4, 8)
(4, 9)
(5, 9)
(6, 9)
kaikki ok
Reitin pituus: 19
(4, 9)
(5, 9)
(6, 9)
(6, 10)
(6, 11)
(7, 11)
(8, 11)
(9, 11)
(10, 11)
(11, 11)
(12, 11)
(12, 12)
(12, 13)
(13, 13)
(14, 13)
(14, 14)
(14, 15)
(14, 16)
(14, 17)
(15, 17)
kaikki ok
Reitin pituus: 23
(8, 1)
(8, 2)
(8, 3)
(9, 3)
(10, 3)
(11, 3)
(12, 3)
(13, 3)
(14, 3)
(14, 4)
(14, 5)
(14, 6)
(14, 7)
(14, 8)
(14, 9)
(13, 9)
(12, 9)
(12, 10)
(12, 11)
(12, 12)
(12, 13)
(11, 13)
(10, 13)
(10, 14)
kaikki ok
Reitin pituus: 21
(17, 14)
(17, 13)
(16, 13)
(15, 13)
(14, 13)
(13, 13)
(12, 13)
(11, 13)
(10, 13)
(10, 14)
(10, 15)
(9, 15)
(8, 15)
(7, 15)
(6, 15)
(5, 15)
(4, 15)
(4, 16)
(4, 17)
(3, 17)
(2, 17)
(2, 16)
kaikki ok
Reitin pituus: 15
(4, 8)
(4, 7)
(4, 6)
(4, 5)
(4, 4)
(4, 3)
(5, 3)
(6, 3)
(7, 3)
(8, 3)
(9, 3)
(10, 3)
(10, 2)
(10, 1)
(11, 1)
(12, 1)
kaikki ok
Reitin pituus: 14
(14, 4)
(14, 3)
(13, 3)
(12, 3)
(11, 3)
(10, 3)
(9, 3)
(8, 3)
(7, 3)
(6, 3)
(5, 3)
(4, 3)
(4, 4)
(4, 5)
(3, 5)
kaikki ok
Reitin pituus: 19
(6, 5)
(7, 5)
(8, 5)
(8, 6)
(8, 7)
(7, 7)
(6, 7)
(6, 8)
(6, 9)
(5, 9)
(4, 9)
(4, 10)
(4, 11)
(4, 12)
(4, 13)
(4, 14)
(4, 15)
(4, 16)
(4, 17)
(3, 17)
kaikki ok
Reitin pituus: 24
(14, 6)
(14, 7)
(14, 8)
(14, 9)
(13, 9)
(12, 9)
(12, 10)
(12, 11)
(11, 11)
(10, 11)
(9, 11)
(8, 11)
(7, 11)
(6, 11)
(6, 12)
(6, 13)
(5, 13)
(4, 13)
(3, 13)
(2, 13)
(1, 13)
(1, 14)
(1, 15)
(2, 15)
(2, 16)
kaikki ok
Reitin pituus: 1
(10, 3)
(10, 2)
kaikki ok
Reitin pituus: 4
(9, 3)
(10, 3)
(11, 3)
(12, 3)
(12, 4)
kaikki ok
Reitin pituus: 13
(8, 19)
(8, 18)
(8, 17)
(7, 17)
(6, 17)
(6, 16)
(6, 15)
(5, 15)
(4, 15)
(4, 14)
(4, 13)
(3, 13)
(2, 13)
(1, 13)
kaikki ok
Reitin pituus: 13
(13, 13)
(12, 13)
(12, 12)
(12, 11)
(11, 11)
(10, 11)
(9, 11)
(8, 11)
(7, 11)
(6, 11)
(6, 10)
(6, 9)
(5, 9)
(4, 9)
kaikki ok
Reitin pituus: 15
(8, 17)
(7, 17)
(6, 17)
(6, 16)
(6, 15)
(5, 15)
(4, 15)
(4, 14)
(4, 13)
(4, 12)
(4, 11)
(4, 10)
(4, 9)
(5, 9)
(6, 9)
(6, 8)
kaikki ok
Reitin pituus: 21
(2, 13)
(3, 13)
(4, 13)
(5, 13)
(6, 13)
(6, 12)
(6, 11)
(6, 10)
(6, 9)
(6, 8)
(6, 7)
(7, 7)
(8, 7)
(9, 7)
(10, 7)
(10, 6)
(10, 5)
(11, 5)
(12, 5)
(12, 4)
(12, 3)
(13, 3)
kaikki ok
Reitin pituus: 15
(16, 19)
(15, 19)
(14, 19)
(13, 19)
(12, 19)
(11, 19)
(10, 19)
(9, 19)
(8, 19)
(8, 18)
(8, 17)
(7, 17)
(6, 17)
(6, 16)
(6, 15)
(5, 15)
kaikki ok
Reitin pituus: 7
(4, 12)
(4, 13)
(5, 13)
(6, 13)
(6, 12)
(6, 11)
(7, 11)
(8, 11)
kaikki ok
Reitin pituus: 16
(6, 5)
(7, 5)
(8, 5)
(8, 6)
(8, 7)
(7, 7)
(6, 7)
(6, 8)
(6, 9)
(6, 10)
(6, 11)
(6, 12)
(6, 13)
(7, 13)
(8, 13)
(8, 14)
(8, 15)
kaikki ok
Reitin pituus: 19
(5, 15)
(4, 15)
(4, 14)
(4, 13)
(4, 12)
(4, 11)
(4, 10)
(4, 9)
(4, 8)
(4, 7)
(4, 6)
(4, 5)
(4, 4)
(4, 3)
(4, 2)
(4, 1)
(5, 1)
(6, 1)
(7, 1)
(8, 1)
kaikki ok
Reitin pituus: 5
(2, 13)
(3, 13)
(4, 13)
(5, 13)
(6, 13)
(7, 13)
kaikki ok
Reitin pituus: 25
(1, 18)
(1, 17)
(2, 17)
(3, 17)
(4, 17)
(4, 16)
(4, 15)
(4, 14)
(4, 13)
(4, 12)
(4, 11)
(4, 10)
(4, 9)
(4, 8)
(4, 7)
(4, 6)
(4, 5)
(4, 4)
(4, 3)
(5, 3)
(6, 3)
(7, 3)
(8, 3)
(9, 3)
(10, 3)
(10, 2)
kaikki ok
Reitin pituus: 16
(1, 15)
(2, 15)
(2, 16)
(2, 17)
(1, 17)
(1, 18)
(1, 19)
(2, 19)
(3, 19)
(4, 19)
(5, 19)
(6, 19)
(7, 19)
(8, 19)
(9, 19)
(10, 19)
(11, 19)
kaikki ok
Reitin pituus: 18
(7, 19)
(8, 19)
(8, 18)
(8, 17)
(7, 17)
(6, 17)
(6, 16)
(6, 15)
(5, 15)
(4, 15)
(4, 14)
(4, 13)
(5, 13)
(6, 13)
(6, 12)
(6, 11)
(7, 11)
(8, 11)
(9, 11)
kaikki ok
Reitin pituus: 22
(14, 11)
(14, 10)
(14, 9)
(14, 8)
(14, 7)
(14, 6)
(14, 5)
(14, 4)
(14, 3)
(13, 3)
(12, 3)
(11, 3)
(10, 3)
(9, 3)
(8, 3)
(7, 3)
(6, 3)
(5, 3)
(4, 3)
(3, 3)
(2, 3)
(1, 3)
(1, 4)
kaikki ok
Reitin pituus: 17
(12, 17)
(12, 16)
(12, 15)
(13, 15)
(14, 15)
(14, 14)
(14, 13)
(14, 12)
(14, 11)
(14, 10)
(14, 9)
(13, 9)
(12, 9)
(12, 8)
(12, 7)
(11, 7)
(10, 7)
(10, 6)
kaikki ok
Reitin pituus: 19
(1, 1)
(1, 2)
(1, 3)
(1, 4)
(1, 5)
(2, 5)
(3, 5)
(4, 5)
(4, 6)
(4, 7)
(4, 8)
(4, 9)
(4, 10)
(4, 11)
(4, 12)
(4, 13)
(3, 13)
(2, 13)
(1, 13)
(1, 14)
kaikki ok
Reitin pituus: 22
(2, 13)
(3, 13)
(4, 13)
(4, 12)
(4, 11)
(4, 10)
(4, 9)
(4, 8)
(4, 7)
(4, 6)
(4, 5)
(4, 4)
(4, 3)
(5, 3)
(6, 3)
(7, 3)
(8, 3)
(9, 3)
(10, 3)
(10, 2)
(10, 1)
(11, 1)
(12, 1)
kaikki ok
Reitin pituus: 1
(6, 16)
(6, 17)
kaikki ok
Reitin pituus: 19
(12, 1)
(13, 1)
(14, 1)
(14, 2)
(14, 3)
(14, 4)
(14, 5)
(14, 6)
(14, 7)
(14, 8)
(14, 9)
(14, 10)
(14, 11)
(14, 12)
(14, 13)
(14, 14)
(14, 15)
(13, 15)
(12, 15)
(12, 16)
kaikki ok
Reitin pituus: 6
(12, 19)
(11, 19)
(10, 19)
(10, 18)
(10, 17)
(11, 17)
(12, 17)
kaikki ok
Reitin pituus: 7
(5, 13)
(4, 13)
(4, 14)
(4, 15)
(5, 15)
(6, 15)
(6, 16)
(6, 17)
kaikki ok
Reitin pituus: 14
(12, 9)
(13, 9)
(14, 9)
(14, 8)
(14, 7)
(14, 6)
(14, 5)
(14, 4)
(14, 3)
(14, 2)
(14, 1)
(13, 1)
(12, 1)
(11, 1)
(10, 1)
kaikki ok
Reitin pituus: 28
(10, 3)
(9, 3)
(8, 3)
(7, 3)
(6, 3)
(5, 3)
(4, 3)
(4, 4)
(4, 5)
(4, 6)
(4, 7)
(4, 8)
(4, 9)
(4, 10)
(4, 11)
(4, 12)
(4, 13)
(4, 14)
(4, 15)
(4, 16)
(4, 17)
(3, 17)
(2, 17)
(1, 17)
(1, 18)
(1, 19)
(2, 19)
(3, 19)
(4, 19)
kaikki ok
Reitin pituus: 8
(6, 17)
(7, 17)
(8, 17)
(8, 18)
(8, 19)
(9, 19)
(10, 19)
(10, 18)
(10, 17)
kaikki ok
Reitin pituus: 14
(12, 7)
(11, 7)
(10, 7)
(9, 7)
(8, 7)
(8, 6)
(8, 5)
(7, 5)
(6, 5)
(6, 4)
(6, 3)
(5, 3)
(4, 3)
(4, 4)
(4, 5)
kaikki ok
Reitin pituus: 13
(14, 9)
(14, 10)
(14, 11)
(14, 12)
(14, 13)
(14, 14)
(14, 15)
(13, 15)
(12, 15)
(11, 15)
(10, 15)
(9, 15)
(8, 15)
(8, 14)
kaikki ok
Reitin pituus: 6
(7, 3)
(8, 3)
(9, 3)
(10, 3)
(11, 3)
(12, 3)
(12, 4)
kaikki ok
Reitin pituus: 17
(10, 19)
(10, 18)
(10, 17)
(11, 17)
(12, 17)
(12, 16)
(12, 15)
(13, 15)
(14, 15)
(14, 14)
(14, 13)
(14, 12)
(14, 11)
(14, 10)
(14, 9)
(14, 8)
(14, 7)
(14, 6)
kaikki ok
Reitin pituus: 5
(4, 5)
(4, 4)
(4, 3)
(5, 3)
(6, 3)
(7, 3)
kaikki ok
Reitin pituus: 22
(1, 5)
(2, 5)
(3, 5)
(4, 5)
(4, 6)
(4, 7)
(4, 8)
(4, 9)
(5, 9)
(6, 9)
(6, 10)
(6, 11)
(7, 11)
(8, 11)
(9, 11)
(10, 11)
(11, 11)
(12, 11)
(12, 12)
(12, 13)
(13, 13)
(14, 13)
(14, 14)
kaikki ok
Reitin pituus: 12
(14, 13)
(14, 12)
(14, 11)
(14, 10)
(14, 9)
(14, 8)
(14, 7)
(14, 6)
(14, 5)
(14, 4)
(14, 3)
(15, 3)
(16, 3)
kaikki ok
Reitin pituus: 16
(1, 5)
(2, 5)
(3, 5)
(4, 5)
(4, 6)
(4, 7)
(4, 8)
(4, 9)
(4, 10)
(4, 11)
(4, 12)
(4, 13)
(4, 14)
(4, 15)
(4, 16)
(4, 17)
(3, 17)
kaikki ok
Reitin pituus: 14
(4, 11)
(4, 10)
(4, 9)
(5, 9)
(6, 9)
(6, 10)
(6, 11)
(7, 11)
(8, 11)
(9, 11)
(10, 11)
(11, 11)
(12, 11)
(12, 12)
(12, 13)
kaikki ok
Reitin pituus: 4
(7, 3)
(6, 3)
(5, 3)
(4, 3)
(4, 4)
kaikki ok
Reitin pituus: 10
(8, 15)
(9, 15)
(10, 15)
(10, 14)
(10, 13)
(11, 13)
(12, 13)
(12, 12)
(12, 11)
(12, 10)
(12, 9)
kaikki ok
Reitin pituus: 1
(15, 3)
(16, 3)
kaikki ok
Reitin pituus: 7
(6, 8)
(6, 9)
(6, 10)
(6, 11)
(6, 12)
(6, 13)
(7, 13)
(8, 13)
kaikki ok
Reitin pituus: 16
(14, 3)
(13, 3)
(12, 3)
(12, 4)
(12, 5)
(11, 5)
(10, 5)
(10, 6)
(10, 7)
(9, 7)
(8, 7)
(7, 7)
(6, 7)
(6, 8)
(6, 9)
(6, 10)
(6, 11)
kaikki ok
Reitin pituus: 10
(14, 6)
(14, 7)
(14, 8)
(14, 9)
(14, 10)
(14, 11)
(14, 12)
(14, 13)
(14, 14)
(14, 15)
(14, 16)
kaikki ok
Reitin pituus: 10
(11, 15)
(10, 15)
(9, 15)
(8, 15)
(8, 14)
(8, 13)
(7, 13)
(6, 13)
(6, 12)
(6, 11)
(6, 10)
kaikki ok
Reitin pituus: 9
(12, 17)
(12, 16)
(12, 15)
(13, 15)
(14, 15)
(14, 14)
(14, 13)
(14, 12)
(14, 11)
(14, 10)
kaikki ok
Reitin pituus: 23
(4, 2)
(4, 3)
(4, 4)
(4, 5)
(4, 6)
(4, 7)
(4, 8)
(4, 9)
(4, 10)
(4, 11)
(4, 12)
(4, 13)
(4, 14)
(4, 15)
(4, 16)
(4, 17)
(3, 17)
(2, 17)
(1, 17)
(1, 18)
(1, 19)
(2, 19)
(3, 19)
(4, 19)
kaikki ok
Reitin pituus: 6
(12, 19)
(13, 19)
(14, 19)
(15, 19)
(16, 19)
(17, 19)
(17, 18)
kaikki ok
Reitin pituus: 7
(14, 8)
(14, 7)
(14, 6)
(14, 5)
(14, 4)
(14, 3)
(15, 3)
(16, 3)
kaikki ok
Reitin pituus: 0
(3, 5)
kaikki ok
Reitin pituus: 10
(9, 8)
(9, 7)
(10, 7)
(10, 6)
(10, 5)
(11, 5)
(12, 5)
(12, 4)
(12, 3)
(11, 3)
(10, 3)
kaikki ok
Reitin pituus: 22
(14, 7)
(14, 8)
(14, 9)
(13, 9)
(12, 9)
(12, 10)
(12, 11)
(11, 11)
(10, 11)
(9, 11)
(8, 11)
(7, 11)
(6, 11)
(6, 12)
(6, 13)
(5, 13)
(4, 13)
(4, 14)
(4, 15)
(4, 16)
(4, 17)
(3, 17)
(2, 17)
kaikki ok
Reitin pituus: 21
(15, 13)
(14, 13)
(13, 13)
(12, 13)
(12, 12)
(12, 11)
(11, 11)
(10, 11)
(9, 11)
(8, 11)
(7, 11)
(6, 11)
(6, 10)
(6, 9)
(5, 9)
(4, 9)
(4, 8)
(4, 7)
(4, 6)
(4, 5)
(3, 5)
(2, 5)
kaikki ok
Reitin pituus: 18
(4, 13)
(5, 13)
(6, 13)
(6, 12)
(6, 11)
(7, 11)
(8, 11)
(9, 11)
(10, 11)
(11, 11)
(12, 11)
(12, 10)
(12, 9)
(13, 9)
(14, 9)
(14, 8)
(14, 7)
(14, 6)
(14, 5)
kaikki ok
Reitin pituus: 15
(2, 16)
(2, 17)
(3, 17)
(4, 17)
(4, 16)
(4, 15)
(4, 14)
(4, 13)
(4, 12)
(4, 11)
(4, 10)
(4, 9)
(4, 8)
(4, 7)
(4, 6)
(4, 5)
kaikki ok
Reitin pituus: 9
(15, 5)
(14, 5)
(14, 4)
(14, 3)
(13, 3)
(12, 3)
(11, 3)
(10, 3)
(9, 3)
(8, 3)
kaikki ok
Reitin pituus: 12
(8, 15)
(7, 15)
(6, 15)
(6, 16)
(6, 17)
(7, 17)
(8, 17)
(8, 18)
(8, 19)
(7, 19)
(6, 19)
(5, 19)
(4, 19)
kaikki ok
Reitin pituus: 9
(14, 7)
(14, 8)
(14, 9)
(13, 9)
(12, 9)
(12, 8)
(12, 7)
(11, 7)
(10, 7)
(9, 7)
kaikki ok
Reitin pituus: 13
(8, 5)
(7, 5)
(6, 5)
(6, 4)
(6, 3)
(7, 3)
(8, 3)
(9, 3)
(10, 3)
(11, 3)
(12, 3)
(13, 3)
(14, 3)
(14, 4)
kaikki ok
Reitin pituus: 9
(8, 17)
(7, 17)
(6, 17)
(6, 16)
(6, 15)
(7, 15)
(8, 15)
(8, 14)
(8, 13)
(7, 13)
kaikki ok
Reitin pituus: 2
(2, 16)
(2, 15)
(1, 15)
kaikki ok
Reitin pituus: 9
(4, 11)
(4, 10)
(4, 9)
(5, 9)
(6, 9)
(6, 10)
(6, 11)
(7, 11)
(8, 11)
(9, 11)
kaikki ok
Reitin pituus: 12
(14, 4)
(14, 5)
(14, 6)
(14, 7)
(14, 8)
(14, 9)
(13, 9)
(12, 9)
(12, 10)
(12, 11)
(11, 11)
(10, 11)
(9, 11)
kaikki ok
Reitin pituus: 23
(11, 17)
(12, 17)
(12, 16)
(12, 15)
(13, 15)
(14, 15)
(14, 14)
(14, 13)
(14, 12)
(14, 11)
(14, 10)
(14, 9)
(13, 9)
(12, 9)
(12, 8)
(12, 7)
(11, 7)
(10, 7)
(9, 7)
(8, 7)
(8, 6)
(8, 5)
(7, 5)
(6, 5)
kaikki ok
Reitin pituus: 14
(8, 15)
(8, 14)
(8, 13)
(7, 13)
(6, 13)
(6, 12)
(6, 11)
(6, 10)
(6, 9)
(5, 9)
(4, 9)
(4, 8)
(4, 7)
(4, 6)
(4, 5)
kaikki ok
Reitin pituus: 5
(14, 15)
(13, 15)
(12, 15)
(12, 16)
(12, 17)
(11, 17)
kaikki ok
Reitin pituus: 8
(10, 1)
(10, 2)
(10, 3)
(11, 3)
(12, 3)
(12, 4)
(12, 5)
(11, 5)
(10, 5)
kaikki ok
Reitin pituus: 15
(16, 17)
(15, 17)
(14, 17)
(14, 16)
(14, 15)
(14, 14)
(14, 13)
(14, 12)
(14, 11)
(14, 10)
(14, 9)
(14, 8)
(14, 7)
(14, 6)
(14, 5)
(15, 5)
kaikki ok
Reitin pituus: 28
(15, 1)
(14, 1)
(14, 2)
(14, 3)
(14, 4)
(14, 5)
(14, 6)
(14, 7)
(14, 8)
(14, 9)
(14, 10)
(14, 11)
(14, 12)
(14, 13)
(14, 14)
(14, 15)
(13, 15)
(12, 15)
(12, 16)
(12, 17)
(11, 17)
(10, 17)
(10, 18)
(10, 19)
(9, 19)
(8, 19)
(7, 19)
(6, 19)
(5, 19)
kaikki ok
Reitin pituus: 24
(10, 19)
(10, 18)
(10, 17)
(11, 17)
(12, 17)
(12, 16)
(12, 15)
(13, 15)
(14, 15)
(14, 14)
(14, 13)
(14, 12)
(14, 11)
(14, 10)
(14, 9)
(13, 9)
(12, 9)
(12, 8)
(12, 7)
(11, 7)
(10, 7)
(9, 7)
(9, 8)
(9, 9)
(10, 9)
kaikki ok
Reitin pituus: 13
(14, 9)
(14, 10)
(14, 11)
(14, 12)
(14, 13)
(14, 14)
(14, 15)
(13, 15)
(12, 15)
(11, 15)
(10, 15)
(9, 15)
(8, 15)
(8, 14)
kaikki ok
Reitin pituus: 5
(4, 6)
(4, 7)
(4, 8)
(4, 9)
(5, 9)
(6, 9)
kaikki ok
Reitin pituus: 11
(2, 5)
(3, 5)
(4, 5)
(4, 4)
(4, 3)
(5, 3)
(6, 3)
(7, 3)
(8, 3)
(9, 3)
(10, 3)
(10, 2)
kaikki ok
Reitin pituus: 16
(12, 8)
(12, 9)
(12, 10)
(12, 11)
(12, 12)
(12, 13)
(11, 13)
(10, 13)
(10, 14)
(10, 15)
(9, 15)
(8, 15)
(7, 15)
(6, 15)
(6, 16)
(6, 17)
(7, 17)
kaikki ok
Reitin pituus: 18
(8, 19)
(9, 19)
(10, 19)
(10, 18)
(10, 17)
(11, 17)
(12, 17)
(12, 16)
(12, 15)
(13, 15)
(14, 15)
(14, 14)
(14, 13)
(13, 13)
(12, 13)
(12, 12)
(12, 11)
(12, 10)
(12, 9)
kaikki ok
Reitin pituus: 18
(10, 13)
(11, 13)
(12, 13)
(13, 13)
(14, 13)
(14, 12)
(14, 11)
(14, 10)
(14, 9)
(14, 8)
(14, 7)
(14, 6)
(14, 5)
(14, 4)
(14, 3)
(14, 2)
(14, 1)
(13, 1)
(12, 1)
kaikki ok
Reitin pituus: 8
(14, 6)
(14, 7)
(14, 8)
(14, 9)
(14, 10)
(14, 11)
(14, 12)
(14, 13)
(13, 13)
kaikki ok
Reitin pituus: 29
(7, 1)
(8, 1)
(8, 2)
(8, 3)
(9, 3)
(10, 3)
(11, 3)
(12, 3)
(13, 3)
(14, 3)
(14, 4)
(14, 5)
(14, 6)
(14, 7)
(14, 8)
(14, 9)
(14, 10)
(14, 11)
(14, 12)
(14, 13)
(14, 14)
(14, 15)
(14, 16)
(14, 17)
(15, 17)
(16, 17)
(17, 17)
(17, 18)
(17, 19)
(16, 19)
kaikki ok
Reitin pituus: 6
(7, 17)
(8, 17)
(8, 18)
(8, 19)
(9, 19)
(10, 19)
(11, 19)
kaikki ok
Reitin pituus: 13
(12, 11)
(12, 10)
(12, 9)
(13, 9)
(14, 9)
(14, 8)
(14, 7)
(14, 6)
(14, 5)
(14, 4)
(14, 3)
(14, 2)
(14, 1)
(15, 1)
kaikki ok
Reitin pituus: 14
(13, 15)
(12, 15)
(12, 16)
(12, 17)
(11, 17)
(10, 17)
(10, 18)
(10, 19)
(9, 19)
(8, 19)
(7, 19)
(6, 19)
(5, 19)
(4, 19)
(3, 19)
kaikki ok
Reitin pituus: 14
(6, 15)
(7, 15)
(8, 15)
(9, 15)
(10, 15)
(10, 14)
(10, 13)
(11, 13)
(12, 13)
(12, 12)
(12, 11)
(12, 10)
(12, 9)
(13, 9)
(14, 9)
kaikki ok
Reitin pituus: 10
(12, 11)
(11, 11)
(10, 11)
(9, 11)
(8, 11)
(7, 11)
(6, 11)
(6, 12)
(6, 13)
(5, 13)
(4, 13)
kaikki ok
Reitin pituus: 14
(13, 9)
(12, 9)
(12, 8)
(12, 7)
(11, 7)
(10, 7)
(9, 7)
(8, 7)
(8, 6)
(8, 5)
(7, 5)
(6, 5)
(6, 4)
(6, 3)
(5, 3)
kaikki ok
Reitin pituus: 18
(4, 11)
(4, 12)
(4, 13)
(4, 14)
(4, 15)
(5, 15)
(6, 15)
(6, 16)
(6, 17)
(7, 17)
(8, 17)
(8, 18)
(8, 19)
(9, 19)
(10, 19)
(11, 19)
(12, 19)
(13, 19)
(14, 19)
kaikki ok
Reitin pituus: 24
(10, 1)
(10, 2)
(10, 3)
(9, 3)
(8, 3)
(7, 3)
(6, 3)
(5, 3)
(4, 3)
(4, 4)
(4, 5)
(4, 6)
(4, 7)
(4, 8)
(4, 9)
(4, 10)
(4, 11)
(4, 12)
(4, 13)
(4, 14)
(4, 15)
(4, 16)
(4, 17)
(3, 17)
(2, 17)
kaikki ok
Reitin pituus: 4
(17, 13)
(16, 13)
(15, 13)
(14, 13)
(14, 14)
kaikki ok
Reitin pituus: 26
(1, 19)
(1, 18)
(1, 17)
(2, 17)
(3, 17)
(4, 17)
(4, 16)
(4, 15)
(4, 14)
(4, 13)
(5, 13)
(6, 13)
(6, 12)
(6, 11)
(6, 10)
(6, 9)
(6, 8)
(6, 7)
(7, 7)
(8, 7)
(9, 7)
(10, 7)
(10, 6)
(10, 5)
(11, 5)
(12, 5)
(12, 4)
kaikki ok
Reitin pituus: 12
(10, 15)
(11, 15)
(12, 15)
(12, 16)
(12, 17)
(11, 17)
(10, 17)
(10, 18)
(10, 19)
(11, 19)
(12, 19)
(13, 19)
(14, 19)
kaikki ok
Reitin pituus: 16
(6, 11)
(7, 11)
(8, 11)
(9, 11)
(10, 11)
(11, 11)
(12, 11)
(12, 10)
(12, 9)
(13, 9)
(14, 9)
(14, 8)
(14, 7)
(14, 6)
(14, 5)
(14, 4)
(14, 3)
kaikki ok
Reitin pituus: 17
(15, 1)
(14, 1)
(14, 2)
(14, 3)
(14, 4)
(14, 5)
(14, 6)
(14, 7)
(14, 8)
(14, 9)
(13, 9)
(12, 9)
(12, 10)
(12, 11)
(11, 11)
(10, 11)
(9, 11)
(8, 11)
kaikki ok
Reitin pituus: 16
(4, 13)
(4, 14)
(4, 15)
(5, 15)
(6, 15)
(6, 16)
(6, 17)
(7, 17)
(8, 17)
(8, 18)
(8, 19)
(9, 19)
(10, 19)
(11, 19)
(12, 19)
(13, 19)
(14, 19)
kaikki ok
Reitin pituus: 6
(8, 18)
(8, 19)
(9, 19)
(10, 19)
(11, 19)
(12, 19)
(13, 19)
kaikki ok
Reitin pituus: 1
(16, 15)
(16, 16)
kaikki ok
Reitin pituus: 7
(6, 3)
(5, 3)
(4, 3)
(4, 4)
(4, 5)
(4, 6)
(4, 7)
(4, 8)
kaikki ok
Reitin pituus: 21
(17, 18)
(17, 17)
(16, 17)
(15, 17)
(14, 17)
(14, 16)
(14, 15)
(13, 15)
(12, 15)
(11, 15)
(10, 15)
(9, 15)
(8, 15)
(8, 14)
(8, 13)
(7, 13)
(6, 13)
(6, 12)
(6, 11)
(6, 10)
(6, 9)
(5, 9)
kaikki ok
Reitin pituus: 9
(12, 11)
(12, 10)
(12, 9)
(13, 9)
(14, 9)
(14, 8)
(14, 7)
(14, 6)
(14, 5)
(14, 4)
kaikki ok
Reitin pituus: 2
(11, 11)
(10, 11)
(9, 11)
kaikki ok
Reitin pituus: 11
(12, 9)
(12, 8)
(12, 7)
(11, 7)
(10, 7)
(9, 7)
(8, 7)
(7, 7)
(6, 7)
(6, 8)
(6, 9)
(5, 9)
kaikki ok
Reitin pituus: 9
(13, 15)
(14, 15)
(14, 14)
(14, 13)
(14, 12)
(14, 11)
(14, 10)
(14, 9)
(14, 8)
(14, 7)
kaikki ok
Reitin pituus: 26
(15, 19)
(14, 19)
(13, 19)
(12, 19)
(11, 19)
(10, 19)
(9, 19)
(8, 19)
(8, 18)
(8, 17)
(7, 17)
(6, 17)
(6, 16)
(6, 15)
(5, 15)
(4, 15)
(4, 14)
(4, 13)
(4, 12)
(4, 11)
(4, 10)
(4, 9)
(4, 8)
(4, 7)
(4, 6)
(4, 5)
(4, 4)
kaikki ok
Reitin pituus: 13
(9, 7)
(10, 7)
(11, 7)
(12, 7)
(12, 8)
(12, 9)
(13, 9)
(14, 9)
(14, 10)
(14, 11)
(14, 12)
(14, 13)
(14, 14)
(14, 15)
kaikki ok
Reitin pituus: 11
(6, 8)
(6, 9)
(6, 10)
(6, 11)
(6, 12)
(6, 13)
(7, 13)
(8, 13)
(8, 14)
(8, 15)
(9, 15)
(10, 15)
kaikki ok
Reitin pituus: 5
(8, 15)
(9, 15)
(10, 15)
(11, 15)
(12, 15)
(12, 16)
kaikki ok
Reitin pituus: 16
(17, 2)
(17, 3)
(17, 4)
(17, 5)
(16, 5)
(15, 5)
(14, 5)
(14, 6)
(14, 7)
(14, 8)
(14, 9)
(14, 10)
(14, 11)
(14, 12)
(14, 13)
(14, 14)
(14, 15)
kaikki ok
Reitin pituus: 16
(9, 8)
(9, 7)
(10, 7)
(11, 7)
(12, 7)
(12, 8)
(12, 9)
(13, 9)
(14, 9)
(14, 10)
(14, 11)
(14, 12)
(14, 13)
(15, 13)
(16, 13)
(17, 13)
(17, 14)
kaikki ok
Reitin pituus: 14
(13, 15)
(12, 15)
(11, 15)
(10, 15)
(9, 15)
(8, 15)
(7, 15)
(6, 15)
(5, 15)
(4, 15)
(4, 16)
(4, 17)
(3, 17)
(2, 17)
(1, 17)
kaikki ok
Reitin pituus: 12
(5, 1)
(4, 1)
(4, 2)
(4, 3)
(5, 3)
(6, 3)
(6, 4)
(6, 5)
(7, 5)
(8, 5)
(8, 6)
(8, 7)
(9, 7)
kaikki ok
Reitin pituus: 14
(1, 15)
(1, 14)
(1, 13)
(2, 13)
(3, 13)
(4, 13)
(5, 13)
(6, 13)
(6, 12)
(6, 11)
(7, 11)
(8, 11)
(9, 11)
(10, 11)
(11, 11)
kaikki ok
Reitin pituus: 16
(17, 4)
(17, 3)
(16, 3)
(15, 3)
(14, 3)
(13, 3)
(12, 3)
(11, 3)
(10, 3)
(9, 3)
(8, 3)
(7, 3)
(6, 3)
(6, 4)
(6, 5)
(7, 5)
(8, 5)
kaikki ok
Reitin pituus: 8
(14, 5)
(14, 6)
(14, 7)
(14, 8)
(14, 9)
(13, 9)
(12, 9)
(12, 10)
(12, 11)
kaikki ok
Reitin pituus: 15
(6, 12)
(6, 11)
(7, 11)
(8, 11)
(9, 11)
(10, 11)
(11, 11)
(12, 11)
(12, 10)
(12, 9)
(13, 9)
(14, 9)
(14, 8)
(14, 7)
(14, 6)
(14, 5)
kaikki ok
Reitin pituus: 27
(16, 16)
(16, 17)
(15, 17)
(14, 17)
(14, 16)
(14, 15)
(13, 15)
(12, 15)
(11, 15)
(10, 15)
(9, 15)
(8, 15)
(7, 15)
(6, 15)
(5, 15)
(4, 15)
(4, 14)
(4, 13)
(4, 12)
(4, 11)
(4, 10)
(4, 9)
(4, 8)
(4, 7)
(4, 6)
(4, 5)
(3, 5)
(2, 5)
kaikki ok
Reitin pituus: 9
(9, 7)
(8, 7)
(7, 7)
(6, 7)
(6, 8)
(6, 9)
(6, 10)
(6, 11)
(7, 11)
(8, 11)
kaikki ok
Reitin pituus: 25
(1, 4)
(1, 5)
(2, 5)
(3, 5)
(4, 5)
(4, 6)
(4, 7)
(4, 8)
(4, 9)
(5, 9)
(6, 9)
(6, 10)
(6, 11)
(7, 11)
(8, 11)
(9, 11)
(10, 11)
(11, 11)
(12, 11)
(12, 12)
(12, 13)
(13, 13)
(14, 13)
(15, 13)
(16, 13)
(17, 13)
kaikki ok
Reitin pituus: 19
(1, 14)
(1, 13)
(2, 13)
(3, 13)
(4, 13)
(4, 12)
(4, 11)
(4, 10)
(4, 9)
(4, 8)
(4, 7)
(4, 6)
(4, 5)
(4, 4)
(4, 3)
(3, 3)
(2, 3)
(1, 3)
(1, 2)
(1, 1)
kaikki ok
Reitin pituus: 8
(16, 17)
(15, 17)
(14, 17)
(14, 16)
(14, 15)
(14, 14)
(14, 13)
(14, 12)
(14, 11)
kaikki ok
Reitin pituus: 22
(2, 16)
(2, 17)
(3, 17)
(4, 17)
(4, 16)
(4, 15)
(4, 14)
(4, 13)
(4, 12)
(4, 11)
(4, 10)
(4, 9)
(4, 8)
(4, 7)
(4, 6)
(4, 5)
(4, 4)
(4, 3)
(4, 2)
(4, 1)
(5, 1)
(6, 1)
(7, 1)
kaikki ok
Reitin pituus: 12
(4, 8)
(4, 9)
(4, 10)
(4, 11)
(4, 12)
(4, 13)
(4, 14)
(4, 15)
(4, 16)
(4, 17)
(3, 17)
(2, 17)
(2, 16)
kaikki ok
Reitin pituus: 16
(14, 4)
(14, 3)
(13, 3)
(12, 3)
(12, 4)
(12, 5)
(11, 5)
(10, 5)
(10, 6)
(10, 7)
(9, 7)
(8, 7)
(7, 7)
(6, 7)
(6, 8)
(6, 9)
(5, 9)
kaikki ok
Reitin pituus: 3
(8, 2)
(8, 1)
(7, 1)
(6, 1)
kaikki ok
Reitin pituus: 13
(8, 1)
(8, 2)
(8, 3)
(7, 3)
(6, 3)
(6, 4)
(6, 5)
(7, 5)
(8, 5)
(8, 6)
(8, 7)
(9, 7)
(10, 7)
(11, 7)
kaikki ok
Reitin pituus: 3
(13, 9)
(12, 9)
(12, 8)
(12, 7)
kaikki ok
Reitin pituus: 1
(6, 15)
(6, 16)
kaikki ok
Reitin pituus: 3
(14, 12)
(14, 13)
(14, 14)
(14, 15)
kaikki ok
Reitin pituus: 18
(11, 17)
(12, 17)
(12, 16)
(12, 15)
(13, 15)
(14, 15)
(14, 14)
(14, 13)
(14, 12)
(14, 11)
(14, 10)
(14, 9)
(14, 8)
(14, 7)
(14, 6)
(14, 5)
(14, 4)
(14, 3)
(15, 3)
kaikki ok
Reitin pituus: 10
(8, 11)
(9, 11)
(10, 11)
(11, 11)
(12, 11)
(12, 12)
(12, 13)
(13, 13)
(14, 13)
(15, 13)
(16, 13)
kaikki ok
Reitin pituus: 7
(4, 1)
(4, 2)
(4, 3)
(5, 3)
(6, 3)
(7, 3)
(8, 3)
(9, 3)
kaikki ok
Reitin pituus: 21
(17, 17)
(16, 17)
(15, 17)
(14, 17)
(14, 16)
(14, 15)
(14, 14)
(14, 13)
(14, 12)
(14, 11)
(14, 10)
(14, 9)
(14, 8)
(14, 7)
(14, 6)
(14, 5)
(14, 4)
(14, 3)
(13, 3)
(12, 3)
(11, 3)
(10, 3)
kaikki ok
Reitin pituus: 3
(13, 15)
(14, 15)
(14, 16)
(14, 17)
kaikki ok
Reitin pituus: 15
(3, 13)
(4, 13)
(5, 13)
(6, 13)
(6, 12)
(6, 11)
(6, 10)
(6, 9)
(6, 8)
(6, 7)
(7, 7)
(8, 7)
(9, 7)
(9, 8)
(9, 9)
(10, 9)
kaikki ok
Reitin pituus: 4
(9, 7)
(8, 7)
(7, 7)
(6, 7)
(6, 8)
kaikki ok
Reitin pituus: 16
(6, 7)
(6, 8)
(6, 9)
(6, 10)
(6, 11)
(6, 12)
(6, 13)
(7, 13)
(8, 13)
(8, 14)
(8, 15)
(9, 15)
(10, 15)
(11, 15)
(12, 15)
(12, 16)
(12, 17)
kaikki ok
Reitin pituus: 21
(2, 1)
(3, 1)
(4, 1)
(4, 2)
(4, 3)
(4, 4)
(4, 5)
(4, 6)
(4, 7)
(4, 8)
(4, 9)
(4, 10)
(4, 11)
(4, 12)
(4, 13)
(4, 14)
(4, 15)
(4, 16)
(4, 17)
(3, 17)
(2, 17)
(2, 16)
kaikki ok
Reitin pituus: 13
(8, 19)
(9, 19)
(10, 19)
(10, 18)
(10, 17)
(11, 17)
(12, 17)
(12, 16)
(12, 15)
(11, 15)
(10, 15)
(10, 14)
(10, 13)
(11, 13)
kaikki ok
Reitin pituus: 16
(17, 13)
(16, 13)
(15, 13)
(14, 13)
(14, 14)
(14, 15)
(13, 15)
(12, 15)
(11, 15)
(10, 15)
(9, 15)
(8, 15)
(7, 15)
(6, 15)
(5, 15)
(4, 15)
(4, 16)
kaikki ok
Reitin pituus: 20
(12, 17)
(12, 16)
(12, 15)
(13, 15)
(14, 15)
(14, 14)
(14, 13)
(14, 12)
(14, 11)
(14, 10)
(14, 9)
(13, 9)
(12, 9)
(12, 8)
(12, 7)
(11, 7)
(10, 7)
(9, 7)
(9, 8)
(9, 9)
(8, 9)
kaikki ok
Reitin pituus: 23
(4, 19)
(5, 19)
(6, 19)
(7, 19)
(8, 19)
(9, 19)
(10, 19)
(10, 18)
(10, 17)
(11, 17)
(12, 17)
(12, 16)
(12, 15)
(13, 15)
(14, 15)
(14, 14)
(14, 13)
(14, 12)
(14, 11)
(14, 10)
(14, 9)
(14, 8)
(14, 7)
(14, 6)
kaikki ok
Reitin pituus: 27
(15, 3)
(14, 3)
(14, 4)
(14, 5)
(14, 6)
(14, 7)
(14, 8)
(14, 9)
(14, 10)
(14, 11)
(14, 12)
(14, 13)
(14, 14)
(14, 15)
(13, 15)
(12, 15)
(12, 16)
(12, 17)
(11, 17)
(10, 17)
(10, 18)
(10, 19)
(9, 19)
(8, 19)
(7, 19)
(6, 19)
(5, 19)
(4, 19)
kaikki ok
Reitin pituus: 12
(12, 11)
(11, 11)
(10, 11)
(9, 11)
(8, 11)
(7, 11)
(6, 11)
(6, 12)
(6, 13)
(5, 13)
(4, 13)
(3, 13)
(2, 13)
kaikki ok
Reitin pituus: 27
(12, 19)
(11, 19)
(10, 19)
(9, 19)
(8, 19)
(8, 18)
(8, 17)
(7, 17)
(6, 17)
(6, 16)
(6, 15)
(5, 15)
(4, 15)
(4, 14)
(4, 13)
(4, 12)
(4, 11)
(4, 10)
(4, 9)
(4, 8)
(4, 7)
(4, 6)
(4, 5)
(4, 4)
(4, 3)
(4, 2)
(4, 1)
(5, 1)
kaikki ok
Reitin pituus: 12
(5, 9)
(4, 9)
(4, 8)
(4, 7)
(4, 6)
(4, 5)
(4, 4)
(4, 3)
(4, 2)
(4, 1)
(5, 1)
(6, 1)
(7, 1)
kaikki ok
Reitin pituus: 14
(4, 14)
(4, 13)
(4, 12)
(4, 11)
(4, 10)
(4, 9)
(4, 8)
(4, 7)
(4, 6)
(4, 5)
(4, 4)
(4, 3)
(4, 2)
(4, 1)
(5, 1)
kaikki ok
Reitin pituus: 24
(1, 3)
(2, 3)
(3, 3)
(4, 3)
(4, 4)
(4, 5)
(4, 6)
(4, 7)
(4, 8)
(4, 9)
(4, 10)
(4, 11)
(4, 12)
(4, 13)
(4, 14)
(4, 15)
(5, 15)
(6, 15)
(6, 16)
(6, 17)
(7, 17)
(8, 17)
(8, 18)
(8, 19)
(7, 19)
kaikki ok
Reitin pituus: 21
(14, 13)
(13, 13)
(12, 13)
(12, 12)
(12, 11)
(11, 11)
(10, 11)
(9, 11)
(8, 11)
(7, 11)
(6, 11)
(6, 10)
(6, 9)
(5, 9)
(4, 9)
(4, 8)
(4, 7)
(4, 6)
(4, 5)
(3, 5)
(2, 5)
(1, 5)
kaikki ok
Reitin pituus: 20
(16, 16)
(16, 17)
(17, 17)
(17, 18)
(17, 19)
(16, 19)
(15, 19)
(14, 19)
(13, 19)
(12, 19)
(11, 19)
(10, 19)
(9, 19)
(8, 19)
(7, 19)
(6, 19)
(5, 19)
(4, 19)
(3, 19)
(2, 19)
(1, 19)
kaikki ok
Reitin pituus: 16
(7, 7)
(8, 7)
(9, 7)
(10, 7)
(11, 7)
(12, 7)
(12, 8)
(12, 9)
(12, 10)
(12, 11)
(12, 12)
(12, 13)
(13, 13)
(14, 13)
(14, 14)
(14, 15)
(14, 16)
kaikki ok
Reitin pituus: 16
(10, 9)
(9, 9)
(9, 8)
(9, 7)
(8, 7)
(8, 6)
(8, 5)
(7, 5)
(6, 5)
(6, 4)
(6, 3)
(7, 3)
(8, 3)
(8, 2)
(8, 1)
(7, 1)
(6, 1)
kaikki ok
Reitin pituus: 13
(9, 19)
(10, 19)
(10, 18)
(10, 17)
(11, 17)
(12, 17)
(12, 16)
(12, 15)
(11, 15)
(10, 15)
(10, 14)
(10, 13)
(11, 13)
(12, 13)
kaikki ok
Reitin pituus: 22
(9, 8)
(9, 7)
(8, 7)
(7, 7)
(6, 7)
(6, 8)
(6, 9)
(5, 9)
(4, 9)
(4, 10)
(4, 11)
(4, 12)
(4, 13)
(4, 14)
(4, 15)
(5, 15)
(6, 15)
(6, 16)
(6, 17)
(7, 17)
(8, 17)
(8, 18)
(8, 19)
kaikki ok
Reitin pituus: 17
(1, 1)
(2, 1)
(3, 1)
(4, 1)
(5, 1)
(6, 1)
(7, 1)
(8, 1)
(8, 2)
(8, 3)
(9, 3)
(10, 3)
(11, 3)
(12, 3)
(13, 3)
(14, 3)
(14, 4)
(14, 5)
kaikki ok
Reitin pituus: 13
(14, 6)
(14, 7)
(14, 8)
(14, 9)
(13, 9)
(12, 9)
(12, 8)
(12, 7)
(11, 7)
(10, 7)
(9, 7)
(9, 8)
(9, 9)
(10, 9)
kaikki ok
Reitin pituus: 16
(14, 16)
(14, 15)
(14, 14)
(14, 13)
(13, 13)
(12, 13)
(12, 12)
(12, 11)
(12, 10)
(12, 9)
(12, 8)
(12, 7)
(11, 7)
(10, 7)
(10, 6)
(10, 5)
(11, 5)
kaikki ok
Reitin pituus: 11
(4, 11)
(4, 10)
(4, 9)
(4, 8)
(4, 7)
(4, 6)
(4, 5)
(4, 4)
(4, 3)
(4, 2)
(4, 1)
(3, 1)
kaikki ok
Reitin pituus: 12
(4, 4)
(4, 3)
(5, 3)
(6, 3)
(7, 3)
(8, 3)
(9, 3)
(10, 3)
(11, 3)
(12, 3)
(12, 4)
(12, 5)
(11, 5)
kaikki ok
Reitin pituus: 12
(12, 3)
(11, 3)
(10, 3)
(9, 3)
(8, 3)
(8, 2)
(8, 1)
(7, 1)
(6, 1)
(5, 1)
(4, 1)
(3, 1)
(2, 1)
kaikki ok
Reitin pituus: 8
(14, 9)
(14, 8)
(14, 7)
(14, 6)
(14, 5)
(14, 4)
(14, 3)
(13, 3)
(12, 3)
kaikki ok
Reitin pituus: 7
(10, 11)
(11, 11)
(12, 11)
(12, 10)
(12, 9)
(13, 9)
(14, 9)
(14, 8)
kaikki ok
Reitin pituus: 10
(1, 5)
(1, 4)
(1, 3)
(2, 3)
(3, 3)
(4, 3)
(5, 3)
(6, 3)
(6, 4)
(6, 5)
(7, 5)
kaikki ok
Reitin pituus: 16
(12, 17)
(12, 16)
(12, 15)
(13, 15)
(14, 15)
(14, 14)
(14, 13)
(14, 12)
(14, 11)
(14, 10)
(14, 9)
(14, 8)
(14, 7)
(14, 6)
(14, 5)
(14, 4)
(14, 3)
kaikki ok
Reitin pituus: 12
(6, 13)
(6, 12)
(6, 11)
(6, 10)
(6, 9)
(6, 8)
(6, 7)
(7, 7)
(8, 7)
(8, 6)
(8, 5)
(7, 5)
(6, 5)
kaikki ok
Reitin pituus: 17
(17, 3)
(16, 3)
(15, 3)
(14, 3)
(14, 4)
(14, 5)
(14, 6)
(14, 7)
(14, 8)
(14, 9)
(14, 10)
(14, 11)
(14, 12)
(14, 13)
(15, 13)
(16, 13)
(17, 13)
(17, 14)
kaikki ok
Reitin pituus: 5
(2, 5)
(3, 5)
(4, 5)
(4, 6)
(4, 7)
(4, 8)
kaikki ok
Reitin pituus: 18
(12, 4)
(12, 5)
(11, 5)
(10, 5)
(10, 6)
(10, 7)
(9, 7)
(8, 7)
(7, 7)
(6, 7)
(6, 8)
(6, 9)
(5, 9)
(4, 9)
(4, 10)
(4, 11)
(4, 12)
(4, 13)
(4, 14)
kaikki ok
Reitin pituus: 16
(14, 10)
(14, 11)
(14, 12)
(14, 13)
(14, 14)
(14, 15)
(13, 15)
(12, 15)
(11, 15)
(10, 15)
(9, 15)
(8, 15)
(7, 15)
(6, 15)
(5, 15)
(4, 15)
(4, 14)
kaikki ok
Reitin pituus: 4
(16, 13)
(17, 13)
(17, 14)
(17, 15)
(16, 15)
kaikki ok
Reitin pituus: 13
(9, 7)
(8, 7)
(8, 6)
(8, 5)
(7, 5)
(6, 5)
(6, 4)
(6, 3)
(5, 3)
(4, 3)
(4, 4)
(4, 5)
(3, 5)
(2, 5)
kaikki ok
Reitin pituus: 13
(8, 2)
(8, 3)
(9, 3)
(10, 3)
(11, 3)
(12, 3)
(13, 3)
(14, 3)
(14, 4)
(14, 5)
(14, 6)
(14, 7)
(14, 8)
(14, 9)
kaikki ok
Reitin pituus: 13
(4, 12)
(4, 13)
(5, 13)
(6, 13)
(7, 13)
(8, 13)
(8, 14)
(8, 15)
(9, 15)
(10, 15)
(11, 15)
(12, 15)
(13, 15)
(14, 15)
kaikki ok
Reitin pituus: 10
(15, 3)
(14, 3)
(13, 3)
(12, 3)
(12, 4)
(12, 5)
(11, 5)
(10, 5)
(10, 6)
(10, 7)
(9, 7)
kaikki ok
Reitin pituus: 7
(12, 11)
(12, 10)
(12, 9)
(12, 8)
(12, 7)
(11, 7)
(10, 7)
(10, 6)
kaikki ok
Reitin pituus: 1
(11, 15)
(12, 15)
kaikki ok
Reitin pituus: 14
(1, 13)
(2, 13)
(3, 13)
(4, 13)
(4, 12)
(4, 11)
(4, 10)
(4, 9)
(5, 9)
(6, 9)
(6, 8)
(6, 7)
(7, 7)
(8, 7)
(8, 6)
kaikki ok
Reitin pituus: 7
(10, 14)
(10, 15)
(11, 15)
(12, 15)
(13, 15)
(14, 15)
(14, 16)
(14, 17)
kaikki ok
Reitin pituus: 15
(17, 19)
(17, 18)
(17, 17)
(16, 17)
(15, 17)
(14, 17)
(14, 16)
(14, 15)
(14, 14)
(14, 13)
(13, 13)
(12, 13)
(12, 12)
(12, 11)
(11, 11)
(10, 11)
kaikki ok
Reitin pituus: 21
(1, 18)
(1, 17)
(2, 17)
(3, 17)
(4, 17)
(4, 16)
(4, 15)
(4, 14)
(4, 13)
(4, 12)
(4, 11)
(4, 10)
(4, 9)
(4, 8)
(4, 7)
(4, 6)
(4, 5)
(4, 4)
(4, 3)
(4, 2)
(4, 1)
(5, 1)
kaikki ok
Reitin pituus: 8
(10, 14)
(10, 13)
(11, 13)
(12, 13)
(12, 12)
(12, 11)
(12, 10)
(12, 9)
(13, 9)
kaikki ok
Reitin pituus: 19
(4, 11)
(4, 12)
(4, 13)
(5, 13)
(6, 13)
(7, 13)
(8, 13)
(8, 14)
(8, 15)
(9, 15)
(10, 15)
(11, 15)
(12, 15)
(13, 15)
(14, 15)
(14, 16)
(14, 17)
(15, 17)
(16, 17)
(17, 17)
kaikki ok
Reitin pituus: 18
(1, 17)
(2, 17)
(3, 17)
(4, 17)
(4, 16)
(4, 15)
(4, 14)
(4, 13)
(4, 12)
(4, 11)
(4, 10)
(4, 9)
(4, 8)
(4, 7)
(4, 6)
(4, 5)
(4, 4)
(4, 3)
(3, 3)
kaikki ok
Reitin pituus: 20
(7, 17)
(6, 17)
(6, 16)
(6, 15)
(7, 15)
(8, 15)
(8, 14)
(8, 13)
(7, 13)
(6, 13)
(6, 12)
(6, 11)
(6, 10)
(6, 9)
(6, 8)
(6, 7)
(7, 7)
(8, 7)
(8, 6)
(8, 5)
(7, 5)
kaikki ok
Reitin pituus: 5
(4, 13)
(5, 13)
(6, 13)
(7, 13)
(8, 13)
(8, 14)
kaikki ok
Reitin pituus: 22
(17, 15)
(16, 15)
(16, 16)
(16, 17)
(15, 17)
(14, 17)
(14, 16)
(14, 15)
(13, 15)
(12, 15)
(11, 15)
(10, 15)
(9, 15)
(8, 15)
(7, 15)
(6, 15)
(5, 15)
(4, 15)
(4, 14)
(4, 13)
(3, 13)
(2, 13)
(1, 13)
kaikki ok
Reitin pituus: 7
(7, 19)
(6, 19)
(5, 19)
(4, 19)
(3, 19)
(2, 19)
(1, 19)
(1, 18)
kaikki ok
Reitin pituus: 16
(1, 15)
(2, 15)
(2, 16)
(2, 17)
(3, 17)
(4, 17)
(4, 16)
(4, 15)
(5, 15)
(6, 15)
(7, 15)
(8, 15)
(9, 15)
(10, 15)
(11, 15)
(12, 15)
(13, 15)
kaikki ok
Reitin pituus: 11
(14, 5)
(14, 6)
(14, 7)
(14, 8)
(14, 9)
(14, 10)
(14, 11)
(14, 12)
(14, 13)
(14, 14)
(14, 15)
(13, 15)
kaikki ok
Reitin pituus: 19
(12, 15)
(13, 15)
(14, 15)
(14, 14)
(14, 13)
(14, 12)
(14, 11)
(14, 10)
(14, 9)
(14, 8)
(14, 7)
(14, 6)
(14, 5)
(14, 4)
(14, 3)
(13, 3)
(12, 3)
(11, 3)
(10, 3)
(9, 3)
kaikki ok
Reitin pituus: 29
(8, 2)
(8, 3)
(9, 3)
(10, 3)
(11, 3)
(12, 3)
(13, 3)
(14, 3)
(14, 4)
(14, 5)
(14, 6)
(14, 7)
(14, 8)
(14, 9)
(14, 10)
(14, 11)
(14, 12)
(14, 13)
(14, 14)
(14, 15)
(14, 16)
(14, 17)
(15, 17)
(16, 17)
(17, 17)
(17, 18)
(17, 19)
(16, 19)
(15, 19)
(14, 19)
kaikki ok
Reitin pituus: 28
(2, 5)
(3, 5)
(4, 5)
(4, 6)
(4, 7)
(4, 8)
(4, 9)
(5, 9)
(6, 9)
(6, 10)
(6, 11)
(6, 12)
(6, 13)
(7, 13)
(8, 13)
(8, 14)
(8, 15)
(9, 15)
(10, 15)
(11, 15)
(12, 15)
(13, 15)
(14, 15)
(14, 16)
(14, 17)
(15, 17)
(16, 17)
(17, 17)
(17, 18)
kaikki ok
Reitin pituus: 14
(14, 3)
(14, 4)
(14, 5)
(14, 6)
(14, 7)
(14, 8)
(14, 9)
(13, 9)
(12, 9)
(12, 10)
(12, 11)
(11, 11)
(10, 11)
(9, 11)
(8, 11)
kaikki ok
Reitin pituus: 20
(3, 5)
(4, 5)
(4, 6)
(4, 7)
(4, 8)
(4, 9)
(5, 9)
(6, 9)
(6, 10)
(6, 11)
(7, 11)
(8, 11)
(9, 11)
(10, 11)
(11, 11)
(12, 11)
(12, 12)
(12, 13)
(13, 13)
(14, 13)
(14, 14)
kaikki ok
Reitin pituus: 10
(14, 8)
(14, 9)
(13, 9)
(12, 9)
(12, 8)
(12, 7)
(11, 7)
(10, 7)
(9, 7)
(8, 7)
(8, 6)
kaikki ok
Reitin pituus: 9
(12, 4)
(12, 5)
(11, 5)
(10, 5)
(10, 6)
(10, 7)
(9, 7)
(9, 8)
(9, 9)
(10, 9)
kaikki ok
Reitin pituus: 21
(12, 12)
(12, 11)
(11, 11)
(10, 11)
(9, 11)
(8, 11)
(7, 11)
(6, 11)
(6, 10)
(6, 9)
(5, 9)
(4, 9)
(4, 8)
(4, 7)
(4, 6)
(4, 5)
(4, 4)
(4, 3)
(4, 2)
(4, 1)
(3, 1)
(2, 1)
kaikki ok
Reitin pituus: 18
(7, 1)
(6, 1)
(5, 1)
(4, 1)
(4, 2)
(4, 3)
(4, 4)
(4, 5)
(4, 6)
(4, 7)
(4, 8)
(4, 9)
(5, 9)
(6, 9)
(6, 10)
(6, 11)
(6, 12)
(6, 13)
(7, 13)
kaikki ok
Reitin pituus: 15
(15, 13)
(14, 13)
(14, 14)
(14, 15)
(13, 15)
(12, 15)
(11, 15)
(10, 15)
(9, 15)
(8, 15)
(7, 15)
(6, 15)
(5, 15)
(4, 15)
(4, 16)
(4, 17)
kaikki ok
Reitin pituus: 12
(16, 19)
(17, 19)
(17, 18)
(17, 17)
(16, 17)
(15, 17)
(14, 17)
(14, 16)
(14, 15)
(14, 14)
(14, 13)
(14, 12)
(14, 11)
kaikki ok
Reitin pituus: 29
(16, 16)
(16, 17)
(15, 17)
(14, 17)
(14, 16)
(14, 15)
(13, 15)
(12, 15)
(11, 15)
(10, 15)
(9, 15)
(8, 15)
(7, 15)
(6, 15)
(5, 15)
(4, 15)
(4, 14)
(4, 13)
(4, 12)
(4, 11)
(4, 10)
(4, 9)
(4, 8)
(4, 7)
(4, 6)
(4, 5)
(4, 4)
(4, 3)
(3, 3)
(2, 3)
kaikki ok
Reitin pituus: 11
(14, 12)
(14, 13)
(13, 13)
(12, 13)
(12, 12)
(12, 11)
(11, 11)
(10, 11)
(9, 11)
(8, 11)
(7, 11)
(6, 11)
kaikki ok
Reitin pituus: 4
(6, 10)
(6, 9)
(5, 9)
(4, 9)
(4, 8)
kaikki ok
Reitin pituus: 15
(16, 1)
(15, 1)
(14, 1)
(13, 1)
(12, 1)
(11, 1)
(10, 1)
(10, 2)
(10, 3)
(9, 3)
(8, 3)
(8, 2)
(8, 1)
(7, 1)
(6, 1)
(5, 1)
kaikki ok
Reitin pituus: 10
(8, 6)
(8, 7)
(9, 7)
(10, 7)
(11, 7)
(12, 7)
(12, 8)
(12, 9)
(12, 10)
(12, 11)
(12, 12)
kaikki ok
Reitin pituus: 13
(8, 6)
(8, 7)
(9, 7)
(10, 7)
(10, 6)
(10, 5)
(11, 5)
(12, 5)
(12, 4)
(12, 3)
(13, 3)
(14, 3)
(15, 3)
(16, 3)
kaikki ok
Reitin pituus: 6
(8, 15)
(9, 15)
(10, 15)
(11, 15)
(12, 15)
(13, 15)
(14, 15)
kaikki ok
Reitin pituus: 11
(9, 9)
(9, 8)
(9, 7)
(10, 7)
(11, 7)
(12, 7)
(12, 8)
(12, 9)
(12, 10)
(12, 11)
(11, 11)
(10, 11)
kaikki ok
Reitin pituus: 27
(14, 1)
(14, 2)
(14, 3)
(13, 3)
(12, 3)
(12, 4)
(12, 5)
(11, 5)
(10, 5)
(10, 6)
(10, 7)
(9, 7)
(8, 7)
(7, 7)
(6, 7)
(6, 8)
(6, 9)
(6, 10)
(6, 11)
(6, 12)
(6, 13)
(5, 13)
(4, 13)
(4, 14)
(4, 15)
(4, 16)
(4, 17)
(3, 17)
kaikki ok
Reitin pituus: 20
(11, 11)
(12, 11)
(12, 12)
(12, 13)
(11, 13)
(10, 13)
(10, 14)
(10, 15)
(11, 15)
(12, 15)
(12, 16)
(12, 17)
(11, 17)
(10, 17)
(10, 18)
(10, 19)
(9, 19)
(8, 19)
(7, 19)
(6, 19)
(5, 19)
kaikki ok
Reitin pituus: 17
(13, 9)
(12, 9)
(12, 8)
(12, 7)
(11, 7)
(10, 7)
(9, 7)
(8, 7)
(8, 6)
(8, 5)
(7, 5)
(6, 5)
(6, 4)
(6, 3)
(5, 3)
(4, 3)
(3, 3)
(2, 3)
kaikki ok
Reitin pituus: 20
(12, 17)
(12, 16)
(12, 15)
(13, 15)
(14, 15)
(14, 14)
(14, 13)
(14, 12)
(14, 11)
(14, 10)
(14, 9)
(13, 9)
(12, 9)
(12, 8)
(12, 7)
(11, 7)
(10, 7)
(9, 7)
(9, 8)
(9, 9)
(10, 9)
kaikki ok
Reitin pituus: 17
(10, 17)
(11, 17)
(12, 17)
(12, 16)
(12, 15)
(13, 15)
(14, 15)
(14, 14)
(14, 13)
(14, 12)
(14, 11)
(14, 10)
(14, 9)
(14, 8)
(14, 7)
(14, 6)
(14, 5)
(15, 5)
kaikki ok
Reitin pituus: 9
(11, 1)
(10, 1)
(10, 2)
(10, 3)
(9, 3)
(8, 3)
(8, 2)
(8, 1)
(7, 1)
(6, 1)
kaikki ok
Reitin pituus: 10
(8, 2)
(8, 3)
(7, 3)
(6, 3)
(5, 3)
(4, 3)
(4, 4)
(4, 5)
(4, 6)
(4, 7)
(4, 8)
kaikki ok
Reitin pituus: 21
(11, 19)
(10, 19)
(10, 18)
(10, 17)
(11, 17)
(12, 17)
(12, 16)
(12, 15)
(13, 15)
(14, 15)
(14, 14)
(14, 13)
(14, 12)
(14, 11)
(14, 10)
(14, 9)
(14, 8)
(14, 7)
(14, 6)
(14, 5)
(15, 5)
(16, 5)
kaikki ok
Reitin pituus: 16
(14, 15)
(14, 14)
(14, 13)
(14, 12)
(14, 11)
(14, 10)
(14, 9)
(14, 8)
(14, 7)
(14, 6)
(14, 5)
(14, 4)
(14, 3)
(14, 2)
(14, 1)
(15, 1)
(16, 1)
kaikki ok
Reitin pituus: 24
(16, 19)
(17, 19)
(17, 18)
(17, 17)
(16, 17)
(15, 17)
(14, 17)
(14, 16)
(14, 15)
(14, 14)
(14, 13)
(13, 13)
(12, 13)
(12, 12)
(12, 11)
(12, 10)
(12, 9)
(12, 8)
(12, 7)
(11, 7)
(10, 7)
(9, 7)
(8, 7)
(8, 6)
(8, 5)
kaikki ok
Reitin pituus: 4
(12, 17)
(11, 17)
(10, 17)
(10, 18)
(10, 19)
kaikki ok
Reitin pituus: 13
(12, 1)
(11, 1)
(10, 1)
(10, 2)
(10, 3)
(9, 3)
(8, 3)
(7, 3)
(6, 3)
(6, 4)
(6, 5)
(7, 5)
(8, 5)
(8, 6)
kaikki ok
Reitin pituus: 3
(3, 13)
(4, 13)
(5, 13)
(6, 13)
kaikki ok
Reitin pituus: 13
(11, 7)
(10, 7)
(9, 7)
(8, 7)
(7, 7)
(6, 7)
(6, 8)
(6, 9)
(6, 10)
(6, 11)
(6, 12)
(6, 13)
(7, 13)
(8, 13)
kaikki ok
Reitin pituus: 6
(11, 1)
(10, 1)
(10, 2)
(10, 3)
(11, 3)
(12, 3)
(12, 4)
kaikki ok
Reitin pituus: 17
(17, 3)
(16, 3)
(15, 3)
(14, 3)
(13, 3)
(12, 3)
(11, 3)
(10, 3)
(9, 3)
(8, 3)
(8, 2)
(8, 1)
(7, 1)
(6, 1)
(5, 1)
(4, 1)
(3, 1)
(2, 1)
kaikki ok
Reitin pituus: 16
(14, 2)
(14, 3)
(14, 4)
(14, 5)
(14, 6)
(14, 7)
(14, 8)
(14, 9)
(13, 9)
(12, 9)
(12, 10)
(12, 11)
(11, 11)
(10, 11)
(9, 11)
(8, 11)
(7, 11)
kaikki ok
Reitin pituus: 3
(17, 13)
(17, 14)
(17, 15)
(16, 15)
kaikki ok
Reitin pituus: 7
(3, 17)
(2, 17)
(1, 17)
(1, 18)
(1, 19)
(2, 19)
(3, 19)
(4, 19)
kaikki ok
Reitin pituus: 9
(9, 15)
(10, 15)
(11, 15)
(12, 15)
(13, 15)
(14, 15)
(14, 16)
(14, 17)
(15, 17)
(16, 17)
kaikki ok
Reitin pituus: 25
(7, 1)
(8, 1)
(8, 2)
(8, 3)
(9, 3)
(10, 3)
(11, 3)
(12, 3)
(13, 3)
(14, 3)
(14, 4)
(14, 5)
(14, 6)
(14, 7)
(14, 8)
(14, 9)
(14, 10)
(14, 11)
(14, 12)
(14, 13)
(14, 14)
(14, 15)
(13, 15)
(12, 15)
(12, 16)
(12, 17)
kaikki ok
Reitin pituus: 27
(17, 17)
(16, 17)
(15, 17)
(14, 17)
(14, 16)
(14, 15)
(13, 15)
(12, 15)
(11, 15)
(10, 15)
(9, 15)
(8, 15)
(8, 14)
(8, 13)
(7, 13)
(6, 13)
(6, 12)
(6, 11)
(6, 10)
(6, 9)
(5, 9)
(4, 9)
(4, 8)
(4, 7)
(4, 6)
(4, 5)
(4, 4)
(4, 3)
kaikki ok
Reitin pituus: 7
(9, 15)
(8, 15)
(8, 14)
(8, 13)
(7, 13)
(6, 13)
(6, 12)
(6, 11)
kaikki ok
Reitin pituus: 20
(1, 14)
(1, 13)
(2, 13)
(3, 13)
(4, 13)
(5, 13)
(6, 13)
(6, 12)
(6, 11)
(7, 11)
(8, 11)
(9, 11)
(10, 11)
(11, 11)
(12, 11)
(12, 12)
(12, 13)
(13, 13)
(14, 13)
(15, 13)
(16, 13)
kaikki ok
Reitin pituus: 12
(12, 9)
(12, 8)
(12, 7)
(11, 7)
(10, 7)
(9, 7)
(8, 7)
(7, 7)
(6, 7)
(6, 8)
(6, 9)
(5, 9)
(4, 9)
kaikki ok
Reitin pituus: 13
(6, 12)
(6, 11)
(7, 11)
(8, 11)
(9, 11)
(10, 11)
(11, 11)
(12, 11)
(12, 12)
(12, 13)
(13, 13)
(14, 13)
(14, 12)
(14, 11)
kaikki ok
Reitin pituus: 12
(11, 11)
(12, 11)
(12, 12)
(12, 13)
(11, 13)
(10, 13)
(10, 14)
(10, 15)
(11, 15)
(12, 15)
(12, 16)
(12, 17)
(11, 17)
kaikki ok
Reitin pituus: 3
(17, 19)
(17, 18)
(17, 17)
(16, 17)
kaikki ok
Reitin pituus: 19
(6, 1)
(5, 1)
(4, 1)
(4, 2)
(4, 3)
(4, 4)
(4, 5)
(4, 6)
(4, 7)
(4, 8)
(4, 9)
(4, 10)
(4, 11)
(4, 12)
(4, 13)
(5, 13)
(6, 13)
(7, 13)
(8, 13)
(8, 14)
kaikki ok
Reitin pituus: 9
(10, 9)
(9, 9)
(9, 8)
(9, 7)
(8, 7)
(8, 6)
(8, 5)
(7, 5)
(6, 5)
(6, 4)
kaikki ok
Reitin pituus: 27
(3, 5)
(4, 5)
(4, 6)
(4, 7)
(4, 8)
(4, 9)
(5, 9)
(6, 9)
(6, 10)
(6, 11)
(6, 12)
(6, 13)
(7, 13)
(8, 13)
(8, 14)
(8, 15)
(9, 15)
(10, 15)
(11, 15)
(12, 15)
(13, 15)
(14, 15)
(14, 16)
(14, 17)
(15, 17)
(16, 17)
(17, 17)
(17, 18)
kaikki ok
Reitin pituus: 16
(2, 13)
(3, 13)
(4, 13)
(4, 14)
(4, 15)
(5, 15)
(6, 15)
(6, 16)
(6, 17)
(7, 17)
(8, 17)
(8, 18)
(8, 19)
(9, 19)
(10, 19)
(10, 18)
(10, 17)
kaikki ok
Reitin pituus: 9
(10, 17)
(11, 17)
(12, 17)
(12, 16)
(12, 15)
(11, 15)
(10, 15)
(10, 14)
(10, 13)
(11, 13)
kaikki ok
Reitin pituus: 16
(3, 17)
(4, 17)
(4, 16)
(4, 15)
(4, 14)
(4, 13)
(4, 12)
(4, 11)
(4, 10)
(4, 9)
(5, 9)
(6, 9)
(6, 8)
(6, 7)
(7, 7)
(8, 7)
(8, 6)
kaikki ok
Reitin pituus: 20
(2, 3)
(3, 3)
(4, 3)
(4, 4)
(4, 5)
(4, 6)
(4, 7)
(4, 8)
(4, 9)
(4, 10)
(4, 11)
(4, 12)
(4, 13)
(4, 14)
(4, 15)
(4, 16)
(4, 17)
(3, 17)
(2, 17)
(1, 17)
(1, 18)
kaikki ok
Reitin pituus: 5
(4, 4)
(4, 3)
(5, 3)
(6, 3)
(7, 3)
(8, 3)
kaikki ok
Reitin pituus: 7
(11, 17)
(12, 17)
(12, 16)
(12, 15)
(11, 15)
(10, 15)
(9, 15)
(8, 15)
kaikki ok
Reitin pituus: 20
(12, 1)
(13, 1)
(14, 1)
(14, 2)
(14, 3)
(14, 4)
(14, 5)
(14, 6)
(14, 7)
(14, 8)
(14, 9)
(14, 10)
(14, 11)
(14, 12)
(14, 13)
(15, 13)
(16, 13)
(17, 13)
(17, 14)
(17, 15)
(16, 15)
kaikki ok
Reitin pituus: 16
(14, 7)
(14, 6)
(14, 5)
(14, 4)
(14, 3)
(13, 3)
(12, 3)
(11, 3)
(10, 3)
(9, 3)
(8, 3)
(7, 3)
(6, 3)
(5, 3)
(4, 3)
(3, 3)
(2, 3)
kaikki ok
Reitin pituus: 6
(14, 6)
(14, 7)
(14, 8)
(14, 9)
(13, 9)
(12, 9)
(12, 8)
kaikki ok
Reitin pituus: 18
(2, 15)
(1, 15)
(1, 14)
(1, 13)
(2, 13)
(3, 13)
(4, 13)
(5, 13)
(6, 13)
(6, 12)
(6, 11)
(6, 10)
(6, 9)
(6, 8)
(6, 7)
(7, 7)
(8, 7)
(9, 7)
(9, 8)
kaikki ok
Reitin pituus: 29
(17, 4)
(17, 5)
(16, 5)
(15, 5)
(14, 5)
(14, 6)
(14, 7)
(14, 8)
(14, 9)
(14, 10)
(14, 11)
(14, 12)
(14, 13)
(14, 14)
(14, 15)
(13, 15)
(12, 15)
(12, 16)
(12, 17)
(11, 17)
(10, 17)
(10, 18)
(10, 19)
(9, 19)
(8, 19)
(7, 19)
(6, 19)
(5, 19)
(4, 19)
(3, 19)
kaikki ok
Reitin pituus: 16
(14, 15)
(14, 14)
(14, 13)
(13, 13)
(12, 13)
(12, 12)
(12, 11)
(12, 10)
(12, 9)
(12, 8)
(12, 7)
(11, 7)
(10, 7)
(9, 7)
(8, 7)
(8, 6)
(8, 5)
kaikki ok
Reitin pituus: 7
(16, 5)
(15, 5)
(14, 5)
(14, 4)
(14, 3)
(13, 3)
(12, 3)
(11, 3)
kaikki ok
Reitin pituus: 9
(10, 5)
(10, 6)
(10, 7)
(11, 7)
(12, 7)
(12, 8)
(12, 9)
(12, 10)
(12, 11)
(11, 11)
kaikki ok
Reitin pituus: 16
(17, 19)
(17, 18)
(17, 17)
(16, 17)
(15, 17)
(14, 17)
(14, 16)
(14, 15)
(14, 14)
(14, 13)
(13, 13)
(12, 13)
(12, 12)
(12, 11)
(11, 11)
(10, 11)
(9, 11)
kaikki ok
Reitin pituus: 6
(6, 13)
(6, 12)
(6, 11)
(6, 10)
(6, 9)
(6, 8)
(6, 7)
kaikki ok
Reitin pituus: 14
(6, 16)
(6, 15)
(5, 15)
(4, 15)
(4, 14)
(4, 13)
(4, 12)
(4, 11)
(4, 10)
(4, 9)
(4, 8)
(4, 7)
(4, 6)
(4, 5)
(4, 4)
kaikki ok
Reitin pituus: 10
(9, 7)
(10, 7)
(10, 6)
(10, 5)
(11, 5)
(12, 5)
(12, 4)
(12, 3)
(11, 3)
(10, 3)
(10, 2)
kaikki ok
Reitin pituus: 17
(8, 5)
(8, 6)
(8, 7)
(7, 7)
(6, 7)
(6, 8)
(6, 9)
(6, 10)
(6, 11)
(6, 12)
(6, 13)
(5, 13)
(4, 13)
(4, 14)
(4, 15)
(4, 16)
(4, 17)
(3, 17)
kaikki ok
Reitin pituus: 25
(8, 6)
(8, 7)
(7, 7)
(6, 7)
(6, 8)
(6, 9)
(6, 10)
(6, 11)
(6, 12)
(6, 13)
(7, 13)
(8, 13)
(8, 14)
(8, 15)
(7, 15)
(6, 15)
(6, 16)
(6, 17)
(7, 17)
(8, 17)
(8, 18)
(8, 19)
(9, 19)
(10, 19)
(11, 19)
(12, 19)
kaikki ok
Reitin pituus: 24
(4, 5)
(4, 6)
(4, 7)
(4, 8)
(4, 9)
(4, 10)
(4, 11)
(4, 12)
(4, 13)
(4, 14)
(4, 15)
(5, 15)
(6, 15)
(6, 16)
(6, 17)
(7, 17)
(8, 17)
(8, 18)
(8, 19)
(9, 19)
(10, 19)
(11, 19)
(12, 19)
(13, 19)
(14, 19)
kaikki ok
Reitin pituus: 9
(4, 13)
(4, 12)
(4, 11)
(4, 10)
(4, 9)
(4, 8)
(4, 7)
(4, 6)
(4, 5)
(3, 5)
kaikki ok
Reitin pituus: 5
(9, 15)
(8, 15)
(8, 14)
(8, 13)
(7, 13)
(6, 13)
kaikki ok
Reitin pituus: 19
(13, 3)
(12, 3)
(12, 4)
(12, 5)
(11, 5)
(10, 5)
(10, 6)
(10, 7)
(9, 7)
(8, 7)
(7, 7)
(6, 7)
(6, 8)
(6, 9)
(6, 10)
(6, 11)
(6, 12)
(6, 13)
(7, 13)
(8, 13)
kaikki ok
Reitin pituus: 11
(13, 13)
(12, 13)
(11, 13)
(10, 13)
(10, 14)
(10, 15)
(9, 15)
(8, 15)
(7, 15)
(6, 15)
(6, 16)
(6, 17)
kaikki ok
Reitin pituus: 10
(14, 2)
(14, 3)
(14, 4)
(14, 5)
(14, 6)
(14, 7)
(14, 8)
(14, 9)
(13, 9)
(12, 9)
(12, 10)
kaikki ok
Reitin pituus: 20
(11, 19)
(10, 19)
(10, 18)
(10, 17)
(11, 17)
(12, 17)
(12, 16)
(12, 15)
(13, 15)
(14, 15)
(14, 14)
(14, 13)
(14, 12)
(14, 11)
(14, 10)
(14, 9)
(14, 8)
(14, 7)
(14, 6)
(14, 5)
(14, 4)
kaikki ok
Reitin pituus: 17
(16, 16)
(16, 17)
(15, 17)
(14, 17)
(14, 16)
(14, 15)
(14, 14)
(14, 13)
(13, 13)
(12, 13)
(12, 12)
(12, 11)
(11, 11)
(10, 11)
(9, 11)
(8, 11)
(7, 11)
(6, 11)
kaikki ok
Reitin pituus: 22
(9, 3)
(8, 3)
(7, 3)
(6, 3)
(5, 3)
(4, 3)
(4, 4)
(4, 5)
(4, 6)
(4, 7)
(4, 8)
(4, 9)
(4, 10)
(4, 11)
(4, 12)
(4, 13)
(3, 13)
(2, 13)
(1, 13)
(1, 14)
(1, 15)
(2, 15)
(2, 16)
kaikki ok
Reitin pituus: 11
(11, 11)
(10, 11)
(9, 11)
(8, 11)
(7, 11)
(6, 11)
(6, 10)
(6, 9)
(5, 9)
(4, 9)
(4, 8)
(4, 7)
kaikki ok
Reitin pituus: 26
(1, 13)
(2, 13)
(3, 13)
(4, 13)
(5, 13)
(6, 13)
(6, 12)
(6, 11)
(7, 11)
(8, 11)
(9, 11)
(10, 11)
(11, 11)
(12, 11)
(12, 10)
(12, 9)
(13, 9)
(14, 9)
(14, 8)
(14, 7)
(14, 6)
(14, 5)
(14, 4)
(14, 3)
(15, 3)
(16, 3)
(17, 3)
kaikki ok
Reitin pituus: 16
(1, 13)
(2, 13)
(3, 13)
(4, 13)
(5, 13)
(6, 13)
(7, 13)
(8, 13)
(8, 14)
(8, 15)
(9, 15)
(10, 15)
(11, 15)
(12, 15)
(13, 15)
(14, 15)
(14, 16)
kaikki ok
Reitin pituus: 22
(16, 19)
(17, 19)
(17, 18)
(17, 17)
(16, 17)
(15, 17)
(14, 17)
(14, 16)
(14, 15)
(14, 14)
(14, 13)
(13, 13)
(12, 13)
(12, 12)
(12, 11)
(12, 10)
(12, 9)
(12, 8)
(12, 7)
(11, 7)
(10, 7)
(9, 7)
(9, 8)
kaikki ok
Reitin pituus: 13
(4, 9)
(4, 8)
(4, 7)
(4, 6)
(4, 5)
(4, 4)
(4, 3)
(5, 3)
(6, 3)
(7, 3)
(8, 3)
(9, 3)
(10, 3)
(11, 3)
kaikki ok
Reitin pituus: 2
(8, 9)
(9, 9)
(9, 8)
kaikki ok
Reitin pituus: 6
(2, 16)
(2, 15)
(1, 15)
(1, 14)
(1, 13)
(2, 13)
(3, 13)
kaikki ok
Reitin pituus: 17
(14, 1)
(14, 2)
(14, 3)
(14, 4)
(14, 5)
(14, 6)
(14, 7)
(14, 8)
(14, 9)
(14, 10)
(14, 11)
(14, 12)
(14, 13)
(14, 14)
(14, 15)
(13, 15)
(12, 15)
(11, 15)
kaikki ok
Reitin pituus: 21
(6, 10)
(6, 11)
(7, 11)
(8, 11)
(9, 11)
(10, 11)
(11, 11)
(12, 11)
(12, 12)
(12, 13)
(13, 13)
(14, 13)
(14, 14)
(14, 15)
(14, 16)
(14, 17)
(15, 17)
(16, 17)
(17, 17)
(17, 18)
(17, 19)
(16, 19)
kaikki ok
Reitin pituus: 20
(4, 10)
(4, 9)
(5, 9)
(6, 9)
(6, 8)
(6, 7)
(7, 7)
(8, 7)
(9, 7)
(10, 7)
(10, 6)
(10, 5)
(11, 5)
(12, 5)
(12, 4)
(12, 3)
(13, 3)
(14, 3)
(15, 3)
(16, 3)
(17, 3)
kaikki ok
Reitin pituus: 5
(11, 5)
(10, 5)
(10, 6)
(10, 7)
(9, 7)
(8, 7)
kaikki ok
Reitin pituus: 10
(9, 7)
(8, 7)
(8, 6)
(8, 5)
(7, 5)
(6, 5)
(6, 4)
(6, 3)
(5, 3)
(4, 3)
(4, 2)
kaikki ok
Reitin pituus: 25
(1, 1)
(1, 2)
(1, 3)
(1, 4)
(1, 5)
(2, 5)
(3, 5)
(4, 5)
(4, 6)
(4, 7)
(4, 8)
(4, 9)
(4, 10)
(4, 11)
(4, 12)
(4, 13)
(4, 14)
(4, 15)
(4, 16)
(4, 17)
(3, 17)
(2, 17)
(1, 17)
(1, 18)
(1, 19)
(2, 19)
kaikki ok
Reitin pituus: 27
(8, 5)
(8, 6)
(8, 7)
(9, 7)
(10, 7)
(11, 7)
(12, 7)
(12, 8)
(12, 9)
(12, 10)
(12, 11)
(12, 12)
(12, 13)
(13, 13)
(14, 13)
(14, 14)
(14, 15)
(14, 16)
(14, 17)
(15, 17)
(16, 17)
(17, 17)
(17, 18)
(17, 19)
(16, 19)
(15, 19)
(14, 19)
(13, 19)
kaikki ok
Reitin pituus: 19
(1, 15)
(1, 14)
(1, 13)
(2, 13)
(3, 13)
(4, 13)
(5, 13)
(6, 13)
(6, 12)
(6, 11)
(6, 10)
(6, 9)
(6, 8)
(6, 7)
(7, 7)
(8, 7)
(8, 6)
(8, 5)
(7, 5)
(6, 5)
kaikki ok
Reitin pituus: 6
(7, 5)
(8, 5)
(8, 6)
(8, 7)
(9, 7)
(10, 7)
(11, 7)
kaikki ok
Reitin pituus: 26
(4, 15)
(4, 14)
(4, 13)
(4, 12)
(4, 11)
(4, 10)
(4, 9)
(4, 8)
(4, 7)
(4, 6)
(4, 5)
(4, 4)
(4, 3)
(5, 3)
(6, 3)
(7, 3)
(8, 3)
(9, 3)
(10, 3)
(11, 3)
(12, 3)
(13, 3)
(14, 3)
(15, 3)
(16, 3)
(17, 3)
(17, 2)
kaikki ok
Reitin pituus: 12
(3, 19)
(4, 19)
(5, 19)
(6, 19)
(7, 19)
(8, 19)
(9, 19)
(10, 19)
(11, 19)
(12, 19)
(13, 19)
(14, 19)
(15, 19)
kaikki ok
Reitin pituus: 7
(8, 2)
(8, 3)
(7, 3)
(6, 3)
(6, 4)
(6, 5)
(7, 5)
(8, 5)
kaikki ok
Reitin pituus: 23
(8, 17)
(7, 17)
(6, 17)
(6, 16)
(6, 15)
(5, 15)
(4, 15)
(4, 14)
(4, 13)
(4, 12)
(4, 11)
(4, 10)
(4, 9)
(4, 8)
(4, 7)
(4, 6)
(4, 5)
(4, 4)
(4, 3)
(4, 2)
(4, 1)
(3, 1)
(2, 1)
(1, 1)
kaikki ok
Reitin pituus: 10
(11, 5)
(12, 5)
(12, 4)
(12, 3)
(11, 3)
(10, 3)
(9, 3)
(8, 3)
(7, 3)
(6, 3)
(6, 4)
kaikki ok
Reitin pituus: 5
(14, 13)
(15, 13)
(16, 13)
(17, 13)
(17, 14)
(17, 15)
kaikki ok
Reitin pituus: 21
(8, 11)
(7, 11)
(6, 11)
(6, 12)
(6, 13)
(7, 13)
(8, 13)
(8, 14)
(8, 15)
(7, 15)
(6, 15)
(6, 16)
(6, 17)
(7, 17)
(8, 17)
(8, 18)
(8, 19)
(9, 19)
(10, 19)
(11, 19)
(12, 19)
(13, 19)
kaikki ok
Reitin pituus: 25
(7, 3)
(6, 3)
(5, 3)
(4, 3)
(4, 4)
(4, 5)
(4, 6)
(4, 7)
(4, 8)
(4, 9)
(4, 10)
(4, 11)
(4, 12)
(4, 13)
(4, 14)
(4, 15)
(4, 16)
(4, 17)
(3, 17)
(2, 17)
(1, 17)
(1, 18)
(1, 19)
(2, 19)
(3, 19)
(4, 19)
kaikki ok
Reitin pituus: 13
(14, 17)
(14, 16)
(14, 15)
(13, 15)
(12, 15)
(11, 15)
(10, 15)
(9, 15)
(8, 15)
(7, 15)
(6, 15)
(6, 16)
(6, 17)
(7, 17)
kaikki ok
Reitin pituus: 15
(7, 19)
(8, 19)
(8, 18)
(8, 17)
(7, 17)
(6, 17)
(6, 16)
(6, 15)
(5, 15)
(4, 15)
(4, 14)
(4, 13)
(5, 13)
(6, 13)
(6, 12)
(6, 11)
kaikki ok
Reitin pituus: 18
(16, 3)
(15, 3)
(14, 3)
(13, 3)
(12, 3)
(12, 4)
(12, 5)
(11, 5)
(10, 5)
(10, 6)
(10, 7)
(9, 7)
(8, 7)
(7, 7)
(6, 7)
(6, 8)
(6, 9)
(6, 10)
(6, 11)
kaikki ok
Reitin pituus: 17
(17, 1)
(16, 1)
(15, 1)
(14, 1)
(13, 1)
(12, 1)
(11, 1)
(10, 1)
(10, 2)
(10, 3)
(9, 3)
(8, 3)
(8, 2)
(8, 1)
(7, 1)
(6, 1)
(5, 1)
(4, 1)
kaikki ok
Reitin pituus: 16
(6, 12)
(6, 11)
(7, 11)
(8, 11)
(9, 11)
(10, 11)
(11, 11)
(12, 11)
(12, 10)
(12, 9)
(13, 9)
(14, 9)
(14, 8)
(14, 7)
(14, 6)
(14, 5)
(14, 4)
kaikki ok
Reitin pituus: 22
(10, 17)
(11, 17)
(12, 17)
(12, 16)
(12, 15)
(13, 15)
(14, 15)
(14, 14)
(14, 13)
(14, 12)
(14, 11)
(14, 10)
(14, 9)
(14, 8)
(14, 7)
(14, 6)
(14, 5)
(14, 4)
(14, 3)
(14, 2)
(14, 1)
(15, 1)
(16, 1)
kaikki ok
Reitin pituus: 24
(2, 5)
(3, 5)
(4, 5)
(4, 6)
(4, 7)
(4, 8)
(4, 9)
(5, 9)
(6, 9)
(6, 10)
(6, 11)
(7, 11)
(8, 11)
(9, 11)
(10, 11)
(11, 11)
(12, 11)
(12, 12)
(12, 13)
(13, 13)
(14, 13)
(15, 13)
(16, 13)
(17, 13)
(17, 14)
kaikki ok
Reitin pituus: 25
(13, 1)
(14, 1)
(14, 2)
(14, 3)
(14, 4)
(14, 5)
(14, 6)
(14, 7)
(14, 8)
(14, 9)
(14, 10)
(14, 11)
(14, 12)
(14, 13)
(13, 13)
(12, 13)
(11, 13)
(10, 13)
(10, 14)
(10, 15)
(9, 15)
(8, 15)
(7, 15)
(6, 15)
(6, 16)
(6, 17)
kaikki ok
Reitin pituus: 13
(9, 7)
(8, 7)
(7, 7)
(6, 7)
(6, 8)
(6, 9)
(5, 9)
(4, 9)
(4, 10)
(4, 11)
(4, 12)
(4, 13)
(4, 14)
(4, 15)
kaikki ok
Reitin pituus: 24
(8, 17)
(7, 17)
(6, 17)
(6, 16)
(6, 15)
(7, 15)
(8, 15)
(9, 15)
(10, 15)
(10, 14)
(10, 13)
(11, 13)
(12, 13)
(12, 12)
(12, 11)
(12, 10)
(12, 9)
(13, 9)
(14, 9)
(14, 8)
(14, 7)
(14, 6)
(14, 5)
(14, 4)
(14, 3)
kaikki ok
Reitin pituus: 4
(8, 17)
(7, 17)
(6, 17)
(6, 16)
(6, 15)
kaikki ok
Reitin pituus: 30
(15, 1)
(14, 1)
(14, 2)
(14, 3)
(13, 3)
(12, 3)
(12, 4)
(12, 5)
(11, 5)
(10, 5)
(10, 6)
(10, 7)
(9, 7)
(8, 7)
(7, 7)
(6, 7)
(6, 8)
(6, 9)
(6, 10)
(6, 11)
(6, 12)
(6, 13)
(5, 13)
(4, 13)
(4, 14)
(4, 15)
(4, 16)
(4, 17)
(3, 17)
(2, 17)
(1, 17)
kaikki ok
Reitin pituus: 10
(12, 19)
(13, 19)
(14, 19)
(15, 19)
(16, 19)
(17, 19)
(17, 18)
(17, 17)
(16, 17)
(15, 17)
(14, 17)
kaikki ok
Reitin pituus: 21
(5, 15)
(4, 15)
(4, 14)
(4, 13)
(5, 13)
(6, 13)
(6, 12)
(6, 11)
(6, 10)
(6, 9)
(6, 8)
(6, 7)
(7, 7)
(8, 7)
(9, 7)
(10, 7)
(10, 6)
(10, 5)
(11, 5)
(12, 5)
(12, 4)
(12, 3)
kaikki ok
Reitin pituus: 2
(12, 13)
(12, 12)
(12, 11)
kaikki ok
Reitin pituus: 10
(4, 2)
(4, 3)
(4, 4)
(4, 5)
(4, 6)
(4, 7)
(4, 8)
(4, 9)
(5, 9)
(6, 9)
(6, 8)
kaikki ok
Reitin pituus: 17
(8, 9)
(9, 9)
(9, 8)
(9, 7)
(10, 7)
(11, 7)
(12, 7)
(12, 8)
(12, 9)
(12, 10)
(12, 11)
(12, 12)
(12, 13)
(11, 13)
(10, 13)
(10, 14)
(10, 15)
(11, 15)
kaikki ok
Reitin pituus: 5
(4, 6)
(4, 5)
(4, 4)
(4, 3)
(5, 3)
(6, 3)
kaikki ok
Reitin pituus: 9
(11, 19)
(10, 19)
(9, 19)
(8, 19)
(7, 19)
(6, 19)
(5, 19)
(4, 19)
(3, 19)
(2, 19)
kaikki ok
Reitin pituus: 12
(10, 9)
(9, 9)
(9, 8)
(9, 7)
(8, 7)
(7, 7)
(6, 7)
(6, 8)
(6, 9)
(6, 10)
(6, 11)
(6, 12)
(6, 13)
kaikki ok
Reitin pituus: 12
(10, 2)
(10, 3)
(11, 3)
(12, 3)
(12, 4)
(12, 5)
(11, 5)
(10, 5)
(10, 6)
(10, 7)
(11, 7)
(12, 7)
(12, 8)
kaikki ok
Reitin pituus: 16
(15, 3)
(14, 3)
(14, 4)
(14, 5)
(14, 6)
(14, 7)
(14, 8)
(14, 9)
(13, 9)
(12, 9)
(12, 10)
(12, 11)
(11, 11)
(10, 11)
(9, 11)
(8, 11)
(7, 11)
kaikki ok
Reitin pituus: 25
(10, 2)
(10, 3)
(9, 3)
(8, 3)
(7, 3)
(6, 3)
(5, 3)
(4, 3)
(4, 4)
(4, 5)
(4, 6)
(4, 7)
(4, 8)
(4, 9)
(4, 10)
(4, 11)
(4, 12)
(4, 13)
(4, 14)
(4, 15)
(4, 16)
(4, 17)
(3, 17)
(2, 17)
(1, 17)
(1, 18)
kaikki ok
Reitin pituus: 13
(10, 9)
(9, 9)
(9, 8)
(9, 7)
(8, 7)
(8, 6)
(8, 5)
(7, 5)
(6, 5)
(6, 4)
(6, 3)
(7, 3)
(8, 3)
(8, 2)
kaikki ok
Reitin pituus: 7
(5, 9)
(6, 9)
(6, 10)
(6, 11)
(6, 12)
(6, 13)
(7, 13)
(8, 13)
kaikki ok
Reitin pituus: 15
(4, 10)
(4, 9)
(5, 9)
(6, 9)
(6, 10)
(6, 11)
(7, 11)
(8, 11)
(9, 11)
(10, 11)
(11, 11)
(12, 11)
(12, 12)
(12, 13)
(13, 13)
(14, 13)
kaikki ok
Reitin pituus: 2
(16, 3)
(15, 3)
(14, 3)
kaikki ok
Reitin pituus: 7
(6, 19)
(7, 19)
(8, 19)
(9, 19)
(10, 19)
(11, 19)
(12, 19)
(13, 19)
kaikki ok
Reitin pituus: 26
(7, 17)
(6, 17)
(6, 16)
(6, 15)
(7, 15)
(8, 15)
(9, 15)
(10, 15)
(10, 14)
(10, 13)
(11, 13)
(12, 13)
(12, 12)
(12, 11)
(12, 10)
(12, 9)
(13, 9)
(14, 9)
(14, 8)
(14, 7)
(14, 6)
(14, 5)
(14, 4)
(14, 3)
(14, 2)
(14, 1)
(15, 1)
kaikki ok
Reitin pituus: 22
(11, 19)
(10, 19)
(10, 18)
(10, 17)
(11, 17)
(12, 17)
(12, 16)
(12, 15)
(13, 15)
(14, 15)
(14, 14)
(14, 13)
(14, 12)
(14, 11)
(14, 10)
(14, 9)
(14, 8)
(14, 7)
(14, 6)
(14, 5)
(14, 4)
(14, 3)
(14, 2)
kaikki ok
Reitin pituus: 21
(3, 5)
(4, 5)
(4, 6)
(4, 7)
(4, 8)
(4, 9)
(5, 9)
(6, 9)
(6, 10)
(6, 11)
(7, 11)
(8, 11)
(9, 11)
(10, 11)
(11, 11)
(12, 11)
(12, 12)
(12, 13)
(13, 13)
(14, 13)
(15, 13)
(16, 13)
kaikki ok
Reitin pituus: 19
(4, 11)
(4, 10)
(4, 9)
(5, 9)
(6, 9)
(6, 8)
(6, 7)
(7, 7)
(8, 7)
(9, 7)
(10, 7)
(11, 7)
(12, 7)
(12, 8)
(12, 9)
(13, 9)
(14, 9)
(14, 8)
(14, 7)
(14, 6)
kaikki ok
Reitin pituus: 17
(8, 11)
(7, 11)
(6, 11)
(6, 12)
(6, 13)
(5, 13)
(4, 13)
(4, 14)
(4, 15)
(4, 16)
(4, 17)
(3, 17)
(2, 17)
(1, 17)
(1, 18)
(1, 19)
(2, 19)
(3, 19)
kaikki ok
Reitin pituus: 20
(8, 2)
(8, 3)
(7, 3)
(6, 3)
(5, 3)
(4, 3)
(4, 4)
(4, 5)
(4, 6)
(4, 7)
(4, 8)
(4, 9)
(4, 10)
(4, 11)
(4, 12)
(4, 13)
(4, 14)
(4, 15)
(5, 15)
(6, 15)
(6, 16)
kaikki ok
Reitin pituus: 8
(12, 5)
(11, 5)
(10, 5)
(10, 6)
(10, 7)
(9, 7)
(9, 8)
(9, 9)
(8, 9)
kaikki ok
Reitin pituus: 23
(11, 17)
(12, 17)
(12, 16)
(12, 15)
(11, 15)
(10, 15)
(9, 15)
(8, 15)
(8, 14)
(8, 13)
(7, 13)
(6, 13)
(5, 13)
(4, 13)
(4, 12)
(4, 11)
(4, 10)
(4, 9)
(4, 8)
(4, 7)
(4, 6)
(4, 5)
(3, 5)
(2, 5)
kaikki ok
Reitin pituus: 29
(4, 19)
(3, 19)
(2, 19)
(1, 19)
(1, 18)
(1, 17)
(2, 17)
(3, 17)
(4, 17)
(4, 16)
(4, 15)
(4, 14)
(4, 13)
(5, 13)
(6, 13)
(6, 12)
(6, 11)
(6, 10)
(6, 9)
(6, 8)
(6, 7)
(7, 7)
(8, 7)
(9, 7)
(10, 7)
(10, 6)
(10, 5)
(11, 5)
(12, 5)
(12, 4)
kaikki ok
Reitin pituus: 12
(7, 19)
(8, 19)
(9, 19)
(10, 19)
(10, 18)
(10, 17)
(11, 17)
(12, 17)
(12, 16)
(12, 15)
(13, 15)
(14, 15)
(14, 14)
kaikki ok
Reitin pituus: 11
(5, 3)
(4, 3)
(4, 4)
(4, 5)
(4, 6)
(4, 7)
(4, 8)
(4, 9)
(5, 9)
(6, 9)
(6, 10)
(6, 11)
kaikki ok
Reitin pituus: 3
(14, 5)
(14, 4)
(14, 3)
(13, 3)
kaikki ok
Reitin pituus: 17
(13, 9)
(12, 9)
(12, 8)
(12, 7)
(11, 7)
(10, 7)
(9, 7)
(8, 7)
(8, 6)
(8, 5)
(7, 5)
(6, 5)
(6, 4)
(6, 3)
(5, 3)
(4, 3)
(4, 2)
(4, 1)
kaikki ok
Reitin pituus: 13
(8, 14)
(8, 15)
(9, 15)
(10, 15)
(11, 15)
(12, 15)
(13, 15)
(14, 15)
(14, 16)
(14, 17)
(15, 17)
(16, 17)
(16, 16)
(16, 15)
kaikki ok
Reitin pituus: 19
(15, 13)
(14, 13)
(14, 14)
(14, 15)
(13, 15)
(12, 15)
(11, 15)
(10, 15)
(9, 15)
(8, 15)
(7, 15)
(6, 15)
(5, 15)
(4, 15)
(4, 16)
(4, 17)
(3, 17)
(2, 17)
(2, 16)
(2, 15)
kaikki ok
Reitin pituus: 24
(4, 5)
(4, 6)
(4, 7)
(4, 8)
(4, 9)
(5, 9)
(6, 9)
(6, 10)
(6, 11)
(7, 11)
(8, 11)
(9, 11)
(10, 11)
(11, 11)
(12, 11)
(12, 12)
(12, 13)
(13, 13)
(14, 13)
(15, 13)
(16, 13)
(17, 13)
(17, 14)
(17, 15)
(16, 15)
kaikki ok
Reitin pituus: 14
(11, 15)
(10, 15)
(10, 14)
(10, 13)
(11, 13)
(12, 13)
(12, 12)
(12, 11)
(12, 10)
(12, 9)
(12, 8)
(12, 7)
(11, 7)
(10, 7)
(10, 6)
kaikki ok
Reitin pituus: 11
(6, 19)
(5, 19)
(4, 19)
(3, 19)
(2, 19)
(1, 19)
(1, 18)
(1, 17)
(2, 17)
(2, 16)
(2, 15)
(1, 15)
kaikki ok
Reitin pituus: 23
(15, 1)
(14, 1)
(14, 2)
(14, 3)
(13, 3)
(12, 3)
(12, 4)
(12, 5)
(11, 5)
(10, 5)
(10, 6)
(10, 7)
(9, 7)
(8, 7)
(7, 7)
(6, 7)
(6, 8)
(6, 9)
(6, 10)
(6, 11)
(6, 12)
(6, 13)
(7, 13)
(8, 13)
kaikki ok
Reitin pituus: 11
(13, 19)
(12, 19)
(11, 19)
(10, 19)
(9, 19)
(8, 19)
(7, 19)
(6, 19)
(5, 19)
(4, 19)
(3, 19)
(2, 19)
kaikki ok
Reitin pituus: 12
(3, 5)
(4, 5)
(4, 4)
(4, 3)
(5, 3)
(6, 3)
(7, 3)
(8, 3)
(9, 3)
(10, 3)
(11, 3)
(12, 3)
(13, 3)
kaikki ok
Reitin pituus: 10
(4, 7)
(4, 6)
(4, 5)
(4, 4)
(4, 3)
(5, 3)
(6, 3)
(7, 3)
(8, 3)
(9, 3)
(10, 3)
kaikki ok
Reitin pituus: 21
(12, 15)
(11, 15)
(10, 15)
(9, 15)
(8, 15)
(7, 15)
(6, 15)
(5, 15)
(4, 15)
(4, 14)
(4, 13)
(4, 12)
(4, 11)
(4, 10)
(4, 9)
(4, 8)
(4, 7)
(4, 6)
(4, 5)
(4, 4)
(4, 3)
(3, 3)
kaikki ok
Reitin pituus: 16
(3, 5)
(4, 5)
(4, 4)
(4, 3)
(5, 3)
(6, 3)
(7, 3)
(8, 3)
(9, 3)
(10, 3)
(11, 3)
(12, 3)
(13, 3)
(14, 3)
(14, 4)
(14, 5)
(15, 5)
kaikki ok
Reitin pituus: 24
(1, 15)
(1, 14)
(1, 13)
(2, 13)
(3, 13)
(4, 13)
(5, 13)
(6, 13)
(6, 12)
(6, 11)
(7, 11)
(8, 11)
(9, 11)
(10, 11)
(11, 11)
(12, 11)
(12, 10)
(12, 9)
(13, 9)
(14, 9)
(14, 8)
(14, 7)
(14, 6)
(14, 5)
(15, 5)
kaikki ok
Reitin pituus: 7
(12, 15)
(11, 15)
(10, 15)
(9, 15)
(8, 15)
(7, 15)
(6, 15)
(6, 16)
kaikki ok
Reitin pituus: 7
(7, 13)
(8, 13)
(8, 14)
(8, 15)
(9, 15)
(10, 15)
(11, 15)
(12, 15)
kaikki ok
Reitin pituus: 22
(6, 5)
(7, 5)
(8, 5)
(8, 6)
(8, 7)
(9, 7)
(10, 7)
(11, 7)
(12, 7)
(12, 8)
(12, 9)
(13, 9)
(14, 9)
(14, 10)
(14, 11)
(14, 12)
(14, 13)
(15, 13)
(16, 13)
(17, 13)
(17, 14)
(17, 15)
(16, 15)
kaikki ok
Reitin pituus: 13
(17, 5)
(17, 4)
(17, 3)
(16, 3)
(15, 3)
(14, 3)
(13, 3)
(12, 3)
(11, 3)
(10, 3)
(9, 3)
(8, 3)
(7, 3)
(6, 3)
kaikki ok
Reitin pituus: 14
(4, 15)
(4, 14)
(4, 13)
(4, 12)
(4, 11)
(4, 10)
(4, 9)
(5, 9)
(6, 9)
(6, 8)
(6, 7)
(7, 7)
(8, 7)
(9, 7)
(9, 8)
kaikki ok
Reitin pituus: 29
(12, 19)
(11, 19)
(10, 19)
(10, 18)
(10, 17)
(11, 17)
(12, 17)
(12, 16)
(12, 15)
(13, 15)
(14, 15)
(14, 14)
(14, 13)
(14, 12)
(14, 11)
(14, 10)
(14, 9)
(14, 8)
(14, 7)
(14, 6)
(14, 5)
(14, 4)
(14, 3)
(13, 3)
(12, 3)
(11, 3)
(10, 3)
(9, 3)
(8, 3)
(8, 2)
kaikki ok
Reitin pituus: 13
(17, 18)
(17, 17)
(16, 17)
(15, 17)
(14, 17)
(14, 16)
(14, 15)
(14, 14)
(14, 13)
(14, 12)
(14, 11)
(14, 10)
(14, 9)
(14, 8)
kaikki ok
Reitin pituus: 17
(14, 16)
(14, 15)
(13, 15)
(12, 15)
(12, 16)
(12, 17)
(11, 17)
(10, 17)
(10, 18)
(10, 19)
(9, 19)
(8, 19)
(7, 19)
(6, 19)
(5, 19)
(4, 19)
(3, 19)
(2, 19)
kaikki ok
Reitin pituus: 13
(14, 4)
(14, 3)
(13, 3)
(12, 3)
(12, 4)
(12, 5)
(11, 5)
(10, 5)
(10, 6)
(10, 7)
(9, 7)
(8, 7)
(7, 7)
(6, 7)
kaikki ok
Reitin pituus: 8
(13, 9)
(12, 9)
(12, 8)
(12, 7)
(11, 7)
(10, 7)
(9, 7)
(8, 7)
(7, 7)
kaikki ok
Reitin pituus: 25
(12, 19)
(11, 19)
(10, 19)
(9, 19)
(8, 19)
(8, 18)
(8, 17)
(7, 17)
(6, 17)
(6, 16)
(6, 15)
(5, 15)
(4, 15)
(4, 14)
(4, 13)
(4, 12)
(4, 11)
(4, 10)
(4, 9)
(4, 8)
(4, 7)
(4, 6)
(4, 5)
(4, 4)
(4, 3)
(4, 2)
kaikki ok
Reitin pituus: 10
(15, 5)
(14, 5)
(14, 6)
(14, 7)
(14, 8)
(14, 9)
(14, 10)
(14, 11)
(14, 12)
(14, 13)
(14, 14)
kaikki ok
Reitin pituus: 16
(4, 14)
(4, 15)
(5, 15)
(6, 15)
(7, 15)
(8, 15)
(9, 15)
(10, 15)
(11, 15)
(12, 15)
(13, 15)
(14, 15)
(14, 14)
(14, 13)
(14, 12)
(14, 11)
(14, 10)
kaikki ok
Reitin pituus: 21
(17, 19)
(17, 18)
(17, 17)
(16, 17)
(15, 17)
(14, 17)
(14, 16)
(14, 15)
(14, 14)
(14, 13)
(14, 12)
(14, 11)
(14, 10)
(14, 9)
(14, 8)
(14, 7)
(14, 6)
(14, 5)
(15, 5)
(16, 5)
(17, 5)
(17, 4)
kaikki ok
Reitin pituus: 28
(12, 3)
(12, 4)
(12, 5)
(11, 5)
(10, 5)
(10, 6)
(10, 7)
(9, 7)
(8, 7)
(7, 7)
(6, 7)
(6, 8)
(6, 9)
(6, 10)
(6, 11)
(6, 12)
(6, 13)
(5, 13)
(4, 13)
(4, 14)
(4, 15)
(4, 16)
(4, 17)
(3, 17)
(2, 17)
(1, 17)
(1, 18)
(1, 19)
(2, 19)
kaikki ok
Reitin pituus: 13
(7, 13)
(6, 13)
(6, 12)
(6, 11)
(7, 11)
(8, 11)
(9, 11)
(10, 11)
(11, 11)
(12, 11)
(12, 10)
(12, 9)
(13, 9)
(14, 9)
kaikki ok
Reitin pituus: 9
(12, 13)
(12, 12)
(12, 11)
(11, 11)
(10, 11)
(9, 11)
(8, 11)
(7, 11)
(6, 11)
(6, 12)
kaikki ok
Reitin pituus: 25
(10, 1)
(11, 1)
(12, 1)
(13, 1)
(14, 1)
(14, 2)
(14, 3)
(14, 4)
(14, 5)
(14, 6)
(14, 7)
(14, 8)
(14, 9)
(14, 10)
(14, 11)
(14, 12)
(14, 13)
(14, 14)
(14, 15)
(14, 16)
(14, 17)
(15, 17)
(16, 17)
(17, 17)
(17, 18)
(17, 19)
kaikki ok
Reitin pituus: 25
(12, 1)
(13, 1)
(14, 1)
(14, 2)
(14, 3)
(14, 4)
(14, 5)
(14, 6)
(14, 7)
(14, 8)
(14, 9)
(14, 10)
(14, 11)
(14, 12)
(14, 13)
(14, 14)
(14, 15)
(13, 15)
(12, 15)
(12, 16)
(12, 17)
(11, 17)
(10, 17)
(10, 18)
(10, 19)
(11, 19)
kaikki ok
Reitin pituus: 9
(9, 8)
(9, 7)
(8, 7)
(7, 7)
(6, 7)
(6, 8)
(6, 9)
(6, 10)
(6, 11)
(7, 11)
kaikki ok
Reitin pituus: 25
(9, 3)
(10, 3)
(11, 3)
(12, 3)
(13, 3)
(14, 3)
(14, 4)
(14, 5)
(14, 6)
(14, 7)
(14, 8)
(14, 9)
(14, 10)
(14, 11)
(14, 12)
(14, 13)
(14, 14)
(14, 15)
(13, 15)
(12, 15)
(12, 16)
(12, 17)
(11, 17)
(10, 17)
(10, 18)
(10, 19)
kaikki ok
Reitin pituus: 7
(10, 13)
(10, 14)
(10, 15)
(9, 15)
(8, 15)
(8, 14)
(8, 13)
(7, 13)
kaikki ok
Reitin pituus: 7
(12, 12)
(12, 11)
(12, 10)
(12, 9)
(13, 9)
(14, 9)
(14, 8)
(14, 7)
kaikki ok
Reitin pituus: 14
(7, 11)
(8, 11)
(9, 11)
(10, 11)
(11, 11)
(12, 11)
(12, 12)
(12, 13)
(13, 13)
(14, 13)
(14, 14)
(14, 15)
(14, 16)
(14, 17)
(15, 17)
kaikki ok
Reitin pituus: 19
(16, 19)
(15, 19)
(14, 19)
(13, 19)
(12, 19)
(11, 19)
(10, 19)
(9, 19)
(8, 19)
(7, 19)
(6, 19)
(5, 19)
(4, 19)
(3, 19)
(2, 19)
(1, 19)
(1, 18)
(1, 17)
(2, 17)
(2, 16)
kaikki ok
Reitin pituus: 23
(17, 19)
(17, 18)
(17, 17)
(16, 17)
(15, 17)
(14, 17)
(14, 16)
(14, 15)
(14, 14)
(14, 13)
(14, 12)
(14, 11)
(14, 10)
(14, 9)
(14, 8)
(14, 7)
(14, 6)
(14, 5)
(14, 4)
(14, 3)
(15, 3)
(16, 3)
(17, 3)
(17, 2)
kaikki ok
Reitin pituus: 4
(6, 13)
(5, 13)
(4, 13)
(4, 14)
(4, 15)
kaikki ok
Reitin pituus: 19
(12, 17)
(12, 16)
(12, 15)
(13, 15)
(14, 15)
(14, 14)
(14, 13)
(14, 12)
(14, 11)
(14, 10)
(14, 9)
(14, 8)
(14, 7)
(14, 6)
(14, 5)
(14, 4)
(14, 3)
(13, 3)
(12, 3)
(12, 4)
kaikki ok
Reitin pituus: 2
(10, 7)
(11, 7)
(12, 7)
kaikki ok
Reitin pituus: 21
(2, 19)
(1, 19)
(1, 18)
(1, 17)
(2, 17)
(3, 17)
(4, 17)
(4, 16)
(4, 15)
(5, 15)
(6, 15)
(7, 15)
(8, 15)
(9, 15)
(10, 15)
(10, 14)
(10, 13)
(11, 13)
(12, 13)
(12, 12)
(12, 11)
(12, 10)
kaikki ok
Reitin pituus: 15
(10, 3)
(11, 3)
(12, 3)
(12, 4)
(12, 5)
(11, 5)
(10, 5)
(10, 6)
(10, 7)
(11, 7)
(12, 7)
(12, 8)
(12, 9)
(12, 10)
(12, 11)
(11, 11)
kaikki ok
Reitin pituus: 21
(11, 1)
(12, 1)
(13, 1)
(14, 1)
(14, 2)
(14, 3)
(14, 4)
(14, 5)
(14, 6)
(14, 7)
(14, 8)
(14, 9)
(14, 10)
(14, 11)
(14, 12)
(14, 13)
(14, 14)
(14, 15)
(14, 16)
(14, 17)
(15, 17)
(16, 17)
kaikki ok
Reitin pituus: 23
(9, 8)
(9, 7)
(8, 7)
(7, 7)
(6, 7)
(6, 8)
(6, 9)
(5, 9)
(4, 9)
(4, 10)
(4, 11)
(4, 12)
(4, 13)
(4, 14)
(4, 15)
(4, 16)
(4, 17)
(3, 17)
(2, 17)
(1, 17)
(1, 18)
(1, 19)
(2, 19)
(3, 19)
kaikki ok
Reitin pituus: 29
(13, 19)
(12, 19)
(11, 19)
(10, 19)
(9, 19)
(8, 19)
(8, 18)
(8, 17)
(7, 17)
(6, 17)
(6, 16)
(6, 15)
(5, 15)
(4, 15)
(4, 14)
(4, 13)
(4, 12)
(4, 11)
(4, 10)
(4, 9)
(4, 8)
(4, 7)
(4, 6)
(4, 5)
(4, 4)
(4, 3)
(5, 3)
(6, 3)
(6, 4)
(6, 5)
kaikki ok
Reitin pituus: 18
(7, 13)
(8, 13)
(8, 14)
(8, 15)
(9, 15)
(10, 15)
(11, 15)
(12, 15)
(12, 16)
(12, 17)
(11, 17)
(10, 17)
(10, 18)
(10, 19)
(11, 19)
(12, 19)
(13, 19)
(14, 19)
(15, 19)
kaikki ok
Reitin pituus: 17
(15, 17)
(14, 17)
(14, 16)
(14, 15)
(13, 15)
(12, 15)
(11, 15)
(10, 15)
(9, 15)
(8, 15)
(8, 14)
(8, 13)
(7, 13)
(6, 13)
(5, 13)
(4, 13)
(4, 12)
(4, 11)
kaikki ok
Reitin pituus: 20
(15, 3)
(14, 3)
(14, 4)
(14, 5)
(14, 6)
(14, 7)
(14, 8)
(14, 9)
(13, 9)
(12, 9)
(12, 10)
(12, 11)
(12, 12)
(12, 13)
(11, 13)
(10, 13)
(10, 14)
(10, 15)
(9, 15)
(8, 15)
(8, 14)
kaikki ok
Reitin pituus: 17
(4, 10)
(4, 9)
(5, 9)
(6, 9)
(6, 10)
(6, 11)
(7, 11)
(8, 11)
(9, 11)
(10, 11)
(11, 11)
(12, 11)
(12, 12)
(12, 13)
(13, 13)
(14, 13)
(15, 13)
(16, 13)
kaikki ok
Reitin pituus: 7
(4, 16)
(4, 15)
(5, 15)
(6, 15)
(7, 15)
(8, 15)
(9, 15)
(10, 15)
kaikki ok
Reitin pituus: 1
(6, 7)
(7, 7)
kaikki ok
Reitin pituus: 21
(10, 7)
(11, 7)
(12, 7)
(12, 8)
(12, 9)
(13, 9)
(14, 9)
(14, 10)
(14, 11)
(14, 12)
(14, 13)
(14, 14)
(14, 15)
(13, 15)
(12, 15)
(12, 16)
(12, 17)
(11, 17)
(10, 17)
(10, 18)
(10, 19)
(9, 19)
kaikki ok
Reitin pituus: 25
(12, 17)
(12, 16)
(12, 15)
(13, 15)
(14, 15)
(14, 14)
(14, 13)
(14, 12)
(14, 11)
(14, 10)
(14, 9)
(14, 8)
(14, 7)
(14, 6)
(14, 5)
(14, 4)
(14, 3)
(13, 3)
(12, 3)
(11, 3)
(10, 3)
(9, 3)
(8, 3)
(8, 2)
(8, 1)
(7, 1)
kaikki ok
Reitin pituus: 0
(4, 9)
kaikki ok
Reitin pituus: 2
(1, 17)
(1, 18)
(1, 19)
kaikki ok
Reitin pituus: 20
(8, 19)
(8, 18)
(8, 17)
(7, 17)
(6, 17)
(6, 16)
(6, 15)
(5, 15)
(4, 15)
(4, 14)
(4, 13)
(4, 12)
(4, 11)
(4, 10)
(4, 9)
(4, 8)
(4, 7)
(4, 6)
(4, 5)
(3, 5)
(2, 5)
kaikki ok
Reitin pituus: 17
(4, 17)
(4, 16)
(4, 15)
(4, 14)
(4, 13)
(4, 12)
(4, 11)
(4, 10)
(4, 9)
(4, 8)
(4, 7)
(4, 6)
(4, 5)
(4, 4)
(4, 3)
(4, 2)
(4, 1)
(5, 1)
kaikki ok
Reitin pituus: 1
(14, 16)
(14, 15)
kaikki ok
Reitin pituus: 6
(15, 17)
(16, 17)
(16, 16)
(16, 15)
(17, 15)
(17, 14)
(17, 13)
kaikki ok
Reitin pituus: 13
(5, 1)
(4, 1)
(4, 2)
(4, 3)
(5, 3)
(6, 3)
(6, 4)
(6, 5)
(7, 5)
(8, 5)
(8, 6)
(8, 7)
(9, 7)
(9, 8)
kaikki ok
Reitin pituus: 16
(14, 8)
(14, 7)
(14, 6)
(14, 5)
(14, 4)
(14, 3)
(13, 3)
(12, 3)
(11, 3)
(10, 3)
(9, 3)
(8, 3)
(8, 2)
(8, 1)
(7, 1)
(6, 1)
(5, 1)
kaikki ok
Reitin pituus: 4
(12, 15)
(11, 15)
(10, 15)
(9, 15)
(8, 15)
kaikki ok
Reitin pituus: 1
(11, 3)
(12, 3)
kaikki ok
Reitin pituus: 8
(4, 15)
(5, 15)
(6, 15)
(7, 15)
(8, 15)
(9, 15)
(10, 15)
(10, 14)
(10, 13)
kaikki ok
Reitin pituus: 9
(4, 12)
(4, 11)
(4, 10)
(4, 9)
(4, 8)
(4, 7)
(4, 6)
(4, 5)
(3, 5)
(2, 5)
kaikki ok
Reitin pituus: 25
(8, 19)
(9, 19)
(10, 19)
(10, 18)
(10, 17)
(11, 17)
(12, 17)
(12, 16)
(12, 15)
(13, 15)
(14, 15)
(14, 14)
(14, 13)
(14, 12)
(14, 11)
(14, 10)
(14, 9)
(14, 8)
(14, 7)
(14, 6)
(14, 5)
(14, 4)
(14, 3)
(14, 2)
(14, 1)
(13, 1)
kaikki ok
Reitin pituus: 17
(6, 10)
(6, 9)
(6, 8)
(6, 7)
(7, 7)
(8, 7)
(9, 7)
(10, 7)
(10, 6)
(10, 5)
(11, 5)
(12, 5)
(12, 4)
(12, 3)
(13, 3)
(14, 3)
(14, 2)
(14, 1)
kaikki ok
Reitin pituus: 13
(13, 3)
(12, 3)
(11, 3)
(10, 3)
(9, 3)
(8, 3)
(7, 3)
(6, 3)
(5, 3)
(4, 3)
(4, 2)
(4, 1)
(3, 1)
(2, 1)
kaikki ok
Reitin pituus: 30
(17, 1)
(17, 2)
(17, 3)
(17, 4)
(17, 5)
(16, 5)
(15, 5)
(14, 5)
(14, 6)
(14, 7)
(14, 8)
(14, 9)
(14, 10)
(14, 11)
(14, 12)
(14, 13)
(14, 14)
(14, 15)
(13, 15)
(12, 15)
(12, 16)
(12, 17)
(11, 17)
(10, 17)
(10, 18)
(10, 19)
(9, 19)
(8, 19)
(7, 19)
(6, 19)
(5, 19)
kaikki ok
Reitin pituus: 10
(9, 19)
(8, 19)
(8, 18)
(8, 17)
(7, 17)
(6, 17)
(6, 16)
(6, 15)
(5, 15)
(4, 15)
(4, 16)
kaikki ok
Reitin pituus: 14
(4, 17)
(4, 16)
(4, 15)
(5, 15)
(6, 15)
(6, 16)
(6, 17)
(7, 17)
(8, 17)
(8, 18)
(8, 19)
(9, 19)
(10, 19)
(11, 19)
(12, 19)
kaikki ok
Reitin pituus: 6
(8, 6)
(8, 5)
(7, 5)
(6, 5)
(6, 4)
(6, 3)
(5, 3)
kaikki ok
Reitin pituus: 8
(9, 7)
(10, 7)
(10, 6)
(10, 5)
(11, 5)
(12, 5)
(12, 4)
(12, 3)
(13, 3)
kaikki ok
Reitin pituus: 11
(2, 19)
(3, 19)
(4, 19)
(5, 19)
(6, 19)
(7, 19)
(8, 19)
(9, 19)
(10, 19)
(11, 19)
(12, 19)
(13, 19)
kaikki ok
Reitin pituus: 21
(16, 15)
(17, 15)
(17, 14)
(17, 13)
(16, 13)
(15, 13)
(14, 13)
(13, 13)
(12, 13)
(12, 12)
(12, 11)
(11, 11)
(10, 11)
(9, 11)
(8, 11)
(7, 11)
(6, 11)
(6, 10)
(6, 9)
(5, 9)
(4, 9)
(4, 8)
kaikki ok
Reitin pituus: 7
(4, 14)
(4, 13)
(3, 13)
(2, 13)
(1, 13)
(1, 14)
(1, 15)
(2, 15)
kaikki ok
Reitin pituus: 20
(14, 12)
(14, 11)
(14, 10)
(14, 9)
(14, 8)
(14, 7)
(14, 6)
(14, 5)
(14, 4)
(14, 3)
(13, 3)
(12, 3)
(11, 3)
(10, 3)
(9, 3)
(8, 3)
(8, 2)
(8, 1)
(7, 1)
(6, 1)
(5, 1)
kaikki ok
Reitin pituus: 16
(6, 9)
(6, 8)
(6, 7)
(7, 7)
(8, 7)
(9, 7)
(10, 7)
(10, 6)
(10, 5)
(11, 5)
(12, 5)
(12, 4)
(12, 3)
(11, 3)
(10, 3)
(10, 2)
(10, 1)
kaikki ok
Reitin pituus: 24
(6, 4)
(6, 5)
(7, 5)
(8, 5)
(8, 6)
(8, 7)
(9, 7)
(10, 7)
(11, 7)
(12, 7)
(12, 8)
(12, 9)
(13, 9)
(14, 9)
(14, 10)
(14, 11)
(14, 12)
(14, 13)
(14, 14)
(14, 15)
(14, 16)
(14, 17)
(15, 17)
(16, 17)
(17, 17)
kaikki ok
Reitin pituus: 10
(17, 5)
(16, 5)
(15, 5)
(14, 5)
(14, 6)
(14, 7)
(14, 8)
(14, 9)
(14, 10)
(14, 11)
(14, 12)
kaikki ok
Reitin pituus: 10
(4, 3)
(4, 4)
(4, 5)
(4, 6)
(4, 7)
(4, 8)
(4, 9)
(5, 9)
(6, 9)
(6, 10)
(6, 11)
kaikki ok
Reitin pituus: 9
(8, 2)
(8, 3)
(9, 3)
(10, 3)
(11, 3)
(12, 3)
(13, 3)
(14, 3)
(14, 4)
(14, 5)
kaikki ok
Reitin pituus: 8
(9, 3)
(8, 3)
(7, 3)
(6, 3)
(5, 3)
(4, 3)
(4, 2)
(4, 1)
(3, 1)
kaikki ok
Reitin pituus: 9
(6, 12)
(6, 11)
(7, 11)
(8, 11)
(9, 11)
(10, 11)
(11, 11)
(12, 11)
(12, 12)
(12, 13)
kaikki ok
Reitin pituus: 21
(14, 6)
(14, 7)
(14, 8)
(14, 9)
(13, 9)
(12, 9)
(12, 10)
(12, 11)
(11, 11)
(10, 11)
(9, 11)
(8, 11)
(7, 11)
(6, 11)
(6, 12)
(6, 13)
(5, 13)
(4, 13)
(4, 14)
(4, 15)
(4, 16)
(4, 17)
kaikki ok
Reitin pituus: 24
(16, 13)
(15, 13)
(14, 13)
(13, 13)
(12, 13)
(12, 12)
(12, 11)
(12, 10)
(12, 9)
(12, 8)
(12, 7)
(11, 7)
(10, 7)
(9, 7)
(8, 7)
(8, 6)
(8, 5)
(7, 5)
(6, 5)
(6, 4)
(6, 3)
(5, 3)
(4, 3)
(3, 3)
(2, 3)
kaikki ok
Reitin pituus: 9
(8, 5)
(8, 6)
(8, 7)
(7, 7)
(6, 7)
(6, 8)
(6, 9)
(6, 10)
(6, 11)
(6, 12)
kaikki ok
Reitin pituus: 13
(7, 5)
(8, 5)
(8, 6)
(8, 7)
(7, 7)
(6, 7)
(6, 8)
(6, 9)
(5, 9)
(4, 9)
(4, 10)
(4, 11)
(4, 12)
(4, 13)
kaikki ok
Reitin pituus: 20
(7, 17)
(6, 17)
(6, 16)
(6, 15)
(5, 15)
(4, 15)
(4, 14)
(4, 13)
(4, 12)
(4, 11)
(4, 10)
(4, 9)
(4, 8)
(4, 7)
(4, 6)
(4, 5)
(4, 4)
(4, 3)
(5, 3)
(6, 3)
(6, 4)
kaikki ok
Reitin pituus: 14
(10, 13)
(10, 14)
(10, 15)
(9, 15)
(8, 15)
(8, 14)
(8, 13)
(7, 13)
(6, 13)
(5, 13)
(4, 13)
(3, 13)
(2, 13)
(1, 13)
(1, 14)
kaikki ok
Reitin pituus: 16
(4, 17)
(4, 16)
(4, 15)
(4, 14)
(4, 13)
(5, 13)
(6, 13)
(6, 12)
(6, 11)
(6, 10)
(6, 9)
(6, 8)
(6, 7)
(7, 7)
(8, 7)
(9, 7)
(9, 8)
kaikki ok
Reitin pituus: 6
(14, 3)
(13, 3)
(12, 3)
(12, 4)
(12, 5)
(11, 5)
(10, 5)
kaikki ok
Reitin pituus: 20
(17, 13)
(16, 13)
(15, 13)
(14, 13)
(14, 14)
(14, 15)
(13, 15)
(12, 15)
(11, 15)
(10, 15)
(9, 15)
(8, 15)
(7, 15)
(6, 15)
(5, 15)
(4, 15)
(4, 16)
(4, 17)
(3, 17)
(2, 17)
(1, 17)
kaikki ok
Reitin pituus: 21
(8, 5)
(8, 6)
(8, 7)
(7, 7)
(6, 7)
(6, 8)
(6, 9)
(6, 10)
(6, 11)
(6, 12)
(6, 13)
(5, 13)
(4, 13)
(4, 14)
(4, 15)
(4, 16)
(4, 17)
(3, 17)
(2, 17)
(1, 17)
(1, 18)
(1, 19)
kaikki ok
Reitin pituus: 15
(4, 14)
(4, 13)
(4, 12)
(4, 11)
(4, 10)
(4, 9)
(5, 9)
(6, 9)
(6, 8)
(6, 7)
(7, 7)
(8, 7)
(9, 7)
(10, 7)
(10, 6)
(10, 5)
kaikki ok
Reitin pituus: 15
(5, 15)
(4, 15)
(4, 14)
(4, 13)
(5, 13)
(6, 13)
(6, 12)
(6, 11)
(6, 10)
(6, 9)
(6, 8)
(6, 7)
(7, 7)
(8, 7)
(9, 7)
(10, 7)
kaikki ok
Reitin pituus: 27
(4, 16)
(4, 15)
(5, 15)
(6, 15)
(7, 15)
(8, 15)
(9, 15)
(10, 15)
(10, 14)
(10, 13)
(11, 13)
(12, 13)
(12, 12)
(12, 11)
(12, 10)
(12, 9)
(13, 9)
(14, 9)
(14, 8)
(14, 7)
(14, 6)
(14, 5)
(14, 4)
(14, 3)
(14, 2)
(14, 1)
(15, 1)
(16, 1)
kaikki ok
Reitin pituus: 18
(17, 3)
(16, 3)
(15, 3)
(14, 3)
(14, 4)
(14, 5)
(14, 6)
(14, 7)
(14, 8)
(14, 9)
(14, 10)
(14, 11)
(14, 12)
(14, 13)
(14, 14)
(14, 15)
(13, 15)
(12, 15)
(11, 15)
kaikki ok
Reitin pituus: 12
(4, 8)
(4, 9)
(5, 9)
(6, 9)
(6, 8)
(6, 7)
(7, 7)
(8, 7)
(9, 7)
(10, 7)
(11, 7)
(12, 7)
(12, 8)
kaikki ok
Reitin pituus: 9
(8, 11)
(7, 11)
(6, 11)
(6, 12)
(6, 13)
(5, 13)
(4, 13)
(4, 14)
(4, 15)
(4, 16)
kaikki ok
Reitin pituus: 29
(5, 19)
(6, 19)
(7, 19)
(8, 19)
(9, 19)
(10, 19)
(10, 18)
(10, 17)
(11, 17)
(12, 17)
(12, 16)
(12, 15)
(13, 15)
(14, 15)
(14, 14)
(14, 13)
(14, 12)
(14, 11)
(14, 10)
(14, 9)
(14, 8)
(14, 7)
(14, 6)
(14, 5)
(14, 4)
(14, 3)
(14, 2)
(14, 1)
(13, 1)
(12, 1)
kaikki ok
Reitin pituus: 10
(1, 15)
(2, 15)
(2, 16)
(2, 17)
(3, 17)
(4, 17)
(4, 16)
(4, 15)
(5, 15)
(6, 15)
(7, 15)
kaikki ok
Reitin pituus: 8
(6, 17)
(6, 16)
(6, 15)
(5, 15)
(4, 15)
(4, 14)
(4, 13)
(3, 13)
(2, 13)
kaikki ok
Reitin pituus: 15
(14, 6)
(14, 7)
(14, 8)
(14, 9)
(14, 10)
(14, 11)
(14, 12)
(14, 13)
(14, 14)
(14, 15)
(13, 15)
(12, 15)
(12, 16)
(12, 17)
(11, 17)
(10, 17)
kaikki ok
Reitin pituus: 16
(17, 2)
(17, 3)
(17, 4)
(17, 5)
(16, 5)
(15, 5)
(14, 5)
(14, 6)
(14, 7)
(14, 8)
(14, 9)
(14, 10)
(14, 11)
(14, 12)
(14, 13)
(15, 13)
(16, 13)
kaikki ok
Reitin pituus: 27
(6, 19)
(7, 19)
(8, 19)
(9, 19)
(10, 19)
(10, 18)
(10, 17)
(11, 17)
(12, 17)
(12, 16)
(12, 15)
(13, 15)
(14, 15)
(14, 14)
(14, 13)
(14, 12)
(14, 11)
(14, 10)
(14, 9)
(14, 8)
(14, 7)
(14, 6)
(14, 5)
(14, 4)
(14, 3)
(14, 2)
(14, 1)
(13, 1)
kaikki ok
Reitin pituus: 26
(17, 14)
(17, 13)
(16, 13)
(15, 13)
(14, 13)
(13, 13)
(12, 13)
(12, 12)
(12, 11)
(11, 11)
(10, 11)
(9, 11)
(8, 11)
(7, 11)
(6, 11)
(6, 10)
(6, 9)
(5, 9)
(4, 9)
(4, 8)
(4, 7)
(4, 6)
(4, 5)
(3, 5)
(2, 5)
(1, 5)
(1, 4)
kaikki ok
Reitin pituus: 13
(14, 19)
(13, 19)
(12, 19)
(11, 19)
(10, 19)
(9, 19)
(8, 19)
(8, 18)
(8, 17)
(7, 17)
(6, 17)
(6, 16)
(6, 15)
(7, 15)
kaikki ok
Reitin pituus: 4
(14, 6)
(14, 7)
(14, 8)
(14, 9)
(14, 10)
kaikki ok
Reitin pituus: 14
(6, 7)
(7, 7)
(8, 7)
(9, 7)
(10, 7)
(10, 6)
(10, 5)
(11, 5)
(12, 5)
(12, 4)
(12, 3)
(13, 3)
(14, 3)
(14, 4)
(14, 5)
kaikki ok
Reitin pituus: 11
(10, 15)
(9, 15)
(8, 15)
(7, 15)
(6, 15)
(5, 15)
(4, 15)
(4, 14)
(4, 13)
(3, 13)
(2, 13)
(1, 13)
kaikki ok
Reitin pituus: 12
(9, 9)
(9, 8)
(9, 7)
(8, 7)
(8, 6)
(8, 5)
(7, 5)
(6, 5)
(6, 4)
(6, 3)
(5, 3)
(4, 3)
(4, 4)
kaikki ok
Reitin pituus: 5
(10, 3)
(9, 3)
(8, 3)
(7, 3)
(6, 3)
(6, 4)
kaikki ok
Reitin pituus: 19
(10, 3)
(11, 3)
(12, 3)
(13, 3)
(14, 3)
(14, 4)
(14, 5)
(14, 6)
(14, 7)
(14, 8)
(14, 9)
(14, 10)
(14, 11)
(14, 12)
(14, 13)
(14, 14)
(14, 15)
(14, 16)
(14, 17)
(15, 17)
kaikki ok
Reitin pituus: 18
(14, 10)
(14, 9)
(13, 9)
(12, 9)
(12, 10)
(12, 11)
(11, 11)
(10, 11)
(9, 11)
(8, 11)
(7, 11)
(6, 11)
(6, 12)
(6, 13)
(5, 13)
(4, 13)
(3, 13)
(2, 13)
(1, 13)
kaikki ok
Reitin pituus: 13
(9, 11)
(10, 11)
(11, 11)
(12, 11)
(12, 12)
(12, 13)
(13, 13)
(14, 13)
(14, 14)
(14, 15)
(14, 16)
(14, 17)
(15, 17)
(16, 17)
kaikki ok
Reitin pituus: 7
(3, 19)
(4, 19)
(5, 19)
(6, 19)
(7, 19)
(8, 19)
(9, 19)
(10, 19)
kaikki ok
Reitin pituus: 17
(6, 3)
(6, 4)
(6, 5)
(7, 5)
(8, 5)
(8, 6)
(8, 7)
(9, 7)
(10, 7)
(11, 7)
(12, 7)
(12, 8)
(12, 9)
(13, 9)
(14, 9)
(14, 10)
(14, 11)
(14, 12)
kaikki ok
Reitin pituus: 12
(14, 16)
(14, 15)
(13, 15)
(12, 15)
(11, 15)
(10, 15)
(9, 15)
(8, 15)
(7, 15)
(6, 15)
(5, 15)
(4, 15)
(4, 14)
kaikki ok
Reitin pituus: 17
(6, 19)
(7, 19)
(8, 19)
(8, 18)
(8, 17)
(7, 17)
(6, 17)
(6, 16)
(6, 15)
(5, 15)
(4, 15)
(4, 14)
(4, 13)
(4, 12)
(4, 11)
(4, 10)
(4, 9)
(4, 8)
kaikki ok
Reitin pituus: 19
(14, 17)
(14, 16)
(14, 15)
(14, 14)
(14, 13)
(14, 12)
(14, 11)
(14, 10)
(14, 9)
(14, 8)
(14, 7)
(14, 6)
(14, 5)
(14, 4)
(14, 3)
(13, 3)
(12, 3)
(11, 3)
(10, 3)
(10, 2)
kaikki ok
Reitin pituus: 20
(4, 19)
(3, 19)
(2, 19)
(1, 19)
(1, 18)
(1, 17)
(2, 17)
(3, 17)
(4, 17)
(4, 16)
(4, 15)
(4, 14)
(4, 13)
(5, 13)
(6, 13)
(6, 12)
(6, 11)
(6, 10)
(6, 9)
(6, 8)
(6, 7)
kaikki ok
Reitin pituus: 14
(12, 5)
(11, 5)
(10, 5)
(10, 6)
(10, 7)
(11, 7)
(12, 7)
(12, 8)
(12, 9)
(12, 10)
(12, 11)
(11, 11)
(10, 11)
(9, 11)
(8, 11)
kaikki ok
Reitin pituus: 20
(4, 17)
(4, 16)
(4, 15)
(5, 15)
(6, 15)
(7, 15)
(8, 15)
(9, 15)
(10, 15)
(10, 14)
(10, 13)
(11, 13)
(12, 13)
(12, 12)
(12, 11)
(12, 10)
(12, 9)
(13, 9)
(14, 9)
(14, 8)
(14, 7)
kaikki ok
Reitin pituus: 21
(11, 19)
(10, 19)
(10, 18)
(10, 17)
(11, 17)
(12, 17)
(12, 16)
(12, 15)
(13, 15)
(14, 15)
(14, 14)
(14, 13)
(13, 13)
(12, 13)
(12, 12)
(12, 11)
(12, 10)
(12, 9)
(12, 8)
(12, 7)
(11, 7)
(10, 7)
kaikki ok
Reitin pituus: 10
(1, 17)
(2, 17)
(3, 17)
(4, 17)
(4, 16)
(4, 15)
(5, 15)
(6, 15)
(7, 15)
(8, 15)
(8, 14)
kaikki ok
Reitin pituus: 27
(5, 19)
(6, 19)
(7, 19)
(8, 19)
(8, 18)
(8, 17)
(7, 17)
(6, 17)
(6, 16)
(6, 15)
(5, 15)
(4, 15)
(4, 14)
(4, 13)
(4, 12)
(4, 11)
(4, 10)
(4, 9)
(4, 8)
(4, 7)
(4, 6)
(4, 5)
(3, 5)
(2, 5)
(1, 5)
(1, 4)
(1, 3)
(1, 2)
kaikki ok
Reitin pituus: 32
(1, 19)
(1, 18)
(1, 17)
(2, 17)
(3, 17)
(4, 17)
(4, 16)
(4, 15)
(5, 15)
(6, 15)
(7, 15)
(8, 15)
(9, 15)
(10, 15)
(10, 14)
(10, 13)
(11, 13)
(12, 13)
(12, 12)
(12, 11)
(12, 10)
(12, 9)
(13, 9)
(14, 9)
(14, 8)
(14, 7)
(14, 6)
(14, 5)
(14, 4)
(14, 3)
(14, 2)
(14, 1)
(15, 1)
kaikki ok
Reitin pituus: 13
(1, 17)
(2, 17)
(3, 17)
(4, 17)
(4, 16)
(4, 15)
(4, 14)
(4, 13)
(5, 13)
(6, 13)
(6, 12)
(6, 11)
(6, 10)
(6, 9)
kaikki ok
Reitin pituus: 0
(8, 3)
kaikki ok
Reitin pituus: 13
(8, 5)
(8, 6)
(8, 7)
(9, 7)
(10, 7)
(11, 7)
(12, 7)
(12, 8)
(12, 9)
(12, 10)
(12, 11)
(12, 12)
(12, 13)
(13, 13)
kaikki ok
Reitin pituus: 20
(7, 13)
(6, 13)
(6, 12)
(6, 11)
(7, 11)
(8, 11)
(9, 11)
(10, 11)
(11, 11)
(12, 11)
(12, 10)
(12, 9)
(13, 9)
(14, 9)
(14, 8)
(14, 7)
(14, 6)
(14, 5)
(14, 4)
(14, 3)
(14, 2)
kaikki ok
Reitin pituus: 25
(8, 3)
(7, 3)
(6, 3)
(5, 3)
(4, 3)
(4, 4)
(4, 5)
(4, 6)
(4, 7)
(4, 8)
(4, 9)
(4, 10)
(4, 11)
(4, 12)
(4, 13)
(4, 14)
(4, 15)
(4, 16)
(4, 17)
(3, 17)
(2, 17)
(1, 17)
(1, 18)
(1, 19)
(2, 19)
(3, 19)
kaikki ok
Reitin pituus: 10
(6, 8)
(6, 9)
(6, 10)
(6, 11)
(6, 12)
(6, 13)
(7, 13)
(8, 13)
(8, 14)
(8, 15)
(9, 15)
kaikki ok
Reitin pituus: 12
(16, 16)
(16, 17)
(15, 17)
(14, 17)
(14, 16)
(14, 15)
(13, 15)
(12, 15)
(12, 16)
(12, 17)
(11, 17)
(10, 17)
(10, 18)
kaikki ok
Reitin pituus: 1
(2, 1)
(1, 1)
kaikki ok
Reitin pituus: 21
(1, 15)
(2, 15)
(2, 16)
(2, 17)
(3, 17)
(4, 17)
(4, 16)
(4, 15)
(5, 15)
(6, 15)
(7, 15)
(8, 15)
(9, 15)
(10, 15)
(11, 15)
(12, 15)
(13, 15)
(14, 15)
(14, 16)
(14, 17)
(15, 17)
(16, 17)
kaikki ok
Reitin pituus: 21
(2, 17)
(3, 17)
(4, 17)
(4, 16)
(4, 15)
(4, 14)
(4, 13)
(4, 12)
(4, 11)
(4, 10)
(4, 9)
(4, 8)
(4, 7)
(4, 6)
(4, 5)
(4, 4)
(4, 3)
(5, 3)
(6, 3)
(7, 3)
(8, 3)
(9, 3)
kaikki ok
Reitin pituus: 19
(8, 5)
(8, 6)
(8, 7)
(7, 7)
(6, 7)
(6, 8)
(6, 9)
(6, 10)
(6, 11)
(6, 12)
(6, 13)
(5, 13)
(4, 13)
(4, 14)
(4, 15)
(4, 16)
(4, 17)
(3, 17)
(2, 17)
(1, 17)
kaikki ok
Reitin pituus: 19
(8, 19)
(9, 19)
(10, 19)
(10, 18)
(10, 17)
(11, 17)
(12, 17)
(12, 16)
(12, 15)
(13, 15)
(14, 15)
(14, 14)
(14, 13)
(13, 13)
(12, 13)
(12, 12)
(12, 11)
(12, 10)
(12, 9)
(12, 8)
kaikki ok
Reitin pituus: 2
(7, 3)
(8, 3)
(8, 2)
kaikki ok
Reitin pituus: 8
(12, 15)
(12, 16)
(12, 17)
(11, 17)
(10, 17)
(10, 18)
(10, 19)
(9, 19)
(8, 19)
kaikki ok
Reitin pituus: 6
(12, 7)
(12, 8)
(12, 9)
(12, 10)
(12, 11)
(12, 12)
(12, 13)
kaikki ok
Reitin pituus: 4
(15, 13)
(14, 13)
(14, 12)
(14, 11)
(14, 10)
kaikki ok
Reitin pituus: 22
(5, 15)
(6, 15)
(7, 15)
(8, 15)
(9, 15)
(10, 15)
(11, 15)
(12, 15)
(13, 15)
(14, 15)
(14, 14)
(14, 13)
(14, 12)
(14, 11)
(14, 10)
(14, 9)
(14, 8)
(14, 7)
(14, 6)
(14, 5)
(15, 5)
(16, 5)
(17, 5)
kaikki ok
Reitin pituus: 6
(1, 13)
(2, 13)
(3, 13)
(4, 13)
(5, 13)
(6, 13)
(6, 12)
kaikki ok
Reitin pituus: 25
(14, 3)
(13, 3)
(12, 3)
(12, 4)
(12, 5)
(11, 5)
(10, 5)
(10, 6)
(10, 7)
(9, 7)
(8, 7)
(7, 7)
(6, 7)
(6, 8)
(6, 9)
(6, 10)
(6, 11)
(6, 12)
(6, 13)
(5, 13)
(4, 13)
(3, 13)
(2, 13)
(1, 13)
(1, 14)
(1, 15)
kaikki ok
Reitin pituus: 2
(12, 16)
(12, 17)
(11, 17)
kaikki ok
Reitin pituus: 18
(14, 17)
(14, 16)
(14, 15)
(13, 15)
(12, 15)
(11, 15)
(10, 15)
(9, 15)
(8, 15)
(8, 14)
(8, 13)
(7, 13)
(6, 13)
(6, 12)
(6, 11)
(6, 10)
(6, 9)
(5, 9)
(4, 9)
kaikki ok
Reitin pituus: 20
(6, 4)
(6, 5)
(7, 5)
(8, 5)
(8, 6)
(8, 7)
(9, 7)
(10, 7)
(11, 7)
(12, 7)
(12, 8)
(12, 9)
(13, 9)
(14, 9)
(14, 10)
(14, 11)
(14, 12)
(14, 13)
(15, 13)
(16, 13)
(17, 13)
kaikki ok
Reitin pituus: 11
(14, 16)
(14, 15)
(13, 15)
(12, 15)
(11, 15)
(10, 15)
(9, 15)
(8, 15)
(7, 15)
(6, 15)
(5, 15)
(4, 15)
kaikki ok
Reitin pituus: 14
(8, 14)
(8, 15)
(9, 15)
(10, 15)
(11, 15)
(12, 15)
(13, 15)
(14, 15)
(14, 16)
(14, 17)
(15, 17)
(16, 17)
(17, 17)
(17, 18)
(17, 19)
kaikki ok
Reitin pituus: 7
(7, 1)
(8, 1)
(8, 2)
(8, 3)
(9, 3)
(10, 3)
(10, 2)
(10, 1)
kaikki ok
Reitin pituus: 14
(4, 12)
(4, 11)
(4, 10)
(4, 9)
(4, 8)
(4, 7)
(4, 6)
(4, 5)
(4, 4)
(4, 3)
(4, 2)
(4, 1)
(3, 1)
(2, 1)
(1, 1)
kaikki ok
Reitin pituus: 12
(14, 15)
(14, 14)
(14, 13)
(13, 13)
(12, 13)
(12, 12)
(12, 11)
(11, 11)
(10, 11)
(9, 11)
(8, 11)
(7, 11)
(6, 11)
kaikki ok
Reitin pituus: 13
(1, 3)
(2, 3)
(3, 3)
(4, 3)
(5, 3)
(6, 3)
(6, 4)
(6, 5)
(7, 5)
(8, 5)
(8, 6)
(8, 7)
(9, 7)
(9, 8)
kaikki ok
Reitin pituus: 6
(9, 3)
(10, 3)
(11, 3)
(12, 3)
(12, 4)
(12, 5)
(11, 5)
kaikki ok
Reitin pituus: 6
(15, 3)
(14, 3)
(13, 3)
(12, 3)
(12, 4)
(12, 5)
(11, 5)
kaikki ok
Reitin pituus: 3
(9, 3)
(8, 3)
(7, 3)
(6, 3)
kaikki ok
Reitin pituus: 5
(3, 1)
(4, 1)
(4, 2)
(4, 3)
(4, 4)
(4, 5)
kaikki ok
Reitin pituus: 21
(14, 5)
(14, 6)
(14, 7)
(14, 8)
(14, 9)
(14, 10)
(14, 11)
(14, 12)
(14, 13)
(14, 14)
(14, 15)
(13, 15)
(12, 15)
(12, 16)
(12, 17)
(11, 17)
(10, 17)
(10, 18)
(10, 19)
(9, 19)
(8, 19)
(8, 18)
kaikki ok
Reitin pituus: 11
(10, 1)
(10, 2)
(10, 3)
(9, 3)
(8, 3)
(7, 3)
(6, 3)
(5, 3)
(4, 3)
(3, 3)
(2, 3)
(1, 3)
kaikki ok
Reitin pituus: 15
(1, 2)
(1, 3)
(1, 4)
(1, 5)
(2, 5)
(3, 5)
(4, 5)
(4, 6)
(4, 7)
(4, 8)
(4, 9)
(5, 9)
(6, 9)
(6, 10)
(6, 11)
(7, 11)
kaikki ok
Reitin pituus: 11
(12, 17)
(12, 16)
(12, 15)
(13, 15)
(14, 15)
(14, 14)
(14, 13)
(14, 12)
(14, 11)
(14, 10)
(14, 9)
(14, 8)
kaikki ok
Reitin pituus: 12
(5, 13)
(4, 13)
(4, 14)
(4, 15)
(5, 15)
(6, 15)
(6, 16)
(6, 17)
(7, 17)
(8, 17)
(8, 18)
(8, 19)
(7, 19)
kaikki ok
Reitin pituus: 13
(14, 9)
(13, 9)
(12, 9)
(12, 8)
(12, 7)
(11, 7)
(10, 7)
(9, 7)
(8, 7)
(8, 6)
(8, 5)
(7, 5)
(6, 5)
(6, 4)
kaikki ok
Reitin pituus: 26
(7, 1)
(8, 1)
(8, 2)
(8, 3)
(9, 3)
(10, 3)
(11, 3)
(12, 3)
(13, 3)
(14, 3)
(14, 4)
(14, 5)
(14, 6)
(14, 7)
(14, 8)
(14, 9)
(14, 10)
(14, 11)
(14, 12)
(14, 13)
(14, 14)
(14, 15)
(14, 16)
(14, 17)
(15, 17)
(16, 17)
(17, 17)
kaikki ok
Reitin pituus: 13
(15, 13)
(14, 13)
(13, 13)
(12, 13)
(12, 12)
(12, 11)
(11, 11)
(10, 11)
(9, 11)
(8, 11)
(7, 11)
(6, 11)
(6, 12)
(6, 13)
kaikki ok
Reitin pituus: 23
(10, 7)
(9, 7)
(8, 7)
(7, 7)
(6, 7)
(6, 8)
(6, 9)
(5, 9)
(4, 9)
(4, 10)
(4, 11)
(4, 12)
(4, 13)
(4, 14)
(4, 15)
(4, 16)
(4, 17)
(3, 17)
(2, 17)
(1, 17)
(1, 18)
(1, 19)
(2, 19)
(3, 19)
kaikki ok
Reitin pituus: 15
(14, 14)
(14, 13)
(13, 13)
(12, 13)
(12, 12)
(12, 11)
(12, 10)
(12, 9)
(12, 8)
(12, 7)
(11, 7)
(10, 7)
(10, 6)
(10, 5)
(11, 5)
(12, 5)
kaikki ok
Reitin pituus: 24
(13, 1)
(12, 1)
(11, 1)
(10, 1)
(10, 2)
(10, 3)
(9, 3)
(8, 3)
(7, 3)
(6, 3)
(5, 3)
(4, 3)
(4, 4)
(4, 5)
(4, 6)
(4, 7)
(4, 8)
(4, 9)
(4, 10)
(4, 11)
(4, 12)
(4, 13)
(3, 13)
(2, 13)
(1, 13)
kaikki ok
Reitin pituus: 3
(14, 2)
(14, 1)
(15, 1)
(16, 1)
kaikki ok
Reitin pituus: 10
(10, 15)
(9, 15)
(8, 15)
(7, 15)
(6, 15)
(5, 15)
(4, 15)
(4, 14)
(4, 13)
(3, 13)
(2, 13)
kaikki ok
Reitin pituus: 18
(12, 9)
(12, 10)
(12, 11)
(12, 12)
(12, 13)
(11, 13)
(10, 13)
(10, 14)
(10, 15)
(11, 15)
(12, 15)
(12, 16)
(12, 17)
(11, 17)
(10, 17)
(10, 18)
(10, 19)
(11, 19)
(12, 19)
kaikki ok
Reitin pituus: 19
(14, 11)
(14, 10)
(14, 9)
(14, 8)
(14, 7)
(14, 6)
(14, 5)
(14, 4)
(14, 3)
(13, 3)
(12, 3)
(11, 3)
(10, 3)
(9, 3)
(8, 3)
(7, 3)
(6, 3)
(5, 3)
(4, 3)
(4, 4)
kaikki ok
Reitin pituus: 3
(16, 19)
(17, 19)
(17, 18)
(17, 17)
kaikki ok
Reitin pituus: 12
(15, 13)
(14, 13)
(14, 14)
(14, 15)
(13, 15)
(12, 15)
(11, 15)
(10, 15)
(9, 15)
(8, 15)
(7, 15)
(6, 15)
(5, 15)
kaikki ok
Reitin pituus: 20
(10, 2)
(10, 3)
(9, 3)
(8, 3)
(7, 3)
(6, 3)
(5, 3)
(4, 3)
(4, 4)
(4, 5)
(4, 6)
(4, 7)
(4, 8)
(4, 9)
(4, 10)
(4, 11)
(4, 12)
(4, 13)
(4, 14)
(4, 15)
(5, 15)
kaikki ok
Reitin pituus: 4
(5, 1)
(4, 1)
(3, 1)
(2, 1)
(1, 1)
kaikki ok
Reitin pituus: 4
(15, 13)
(14, 13)
(14, 12)
(14, 11)
(14, 10)
kaikki ok
Reitin pituus: 18
(8, 3)
(9, 3)
(10, 3)
(11, 3)
(12, 3)
(12, 4)
(12, 5)
(11, 5)
(10, 5)
(10, 6)
(10, 7)
(11, 7)
(12, 7)
(12, 8)
(12, 9)
(12, 10)
(12, 11)
(12, 12)
(12, 13)
kaikki ok
Reitin pituus: 10
(7, 11)
(8, 11)
(9, 11)
(10, 11)
(11, 11)
(12, 11)
(12, 12)
(12, 13)
(13, 13)
(14, 13)
(15, 13)
kaikki ok
Reitin pituus: 25
(17, 14)
(17, 13)
(16, 13)
(15, 13)
(14, 13)
(14, 12)
(14, 11)
(14, 10)
(14, 9)
(14, 8)
(14, 7)
(14, 6)
(14, 5)
(14, 4)
(14, 3)
(13, 3)
(12, 3)
(11, 3)
(10, 3)
(9, 3)
(8, 3)
(8, 2)
(8, 1)
(7, 1)
(6, 1)
(5, 1)
kaikki ok
Reitin pituus: 11
(6, 4)
(6, 5)
(7, 5)
(8, 5)
(8, 6)
(8, 7)
(9, 7)
(10, 7)
(11, 7)
(12, 7)
(12, 8)
(12, 9)
kaikki ok
Reitin pituus: 23
(15, 1)
(14, 1)
(14, 2)
(14, 3)
(14, 4)
(14, 5)
(14, 6)
(14, 7)
(14, 8)
(14, 9)
(13, 9)
(12, 9)
(12, 10)
(12, 11)
(12, 12)
(12, 13)
(11, 13)
(10, 13)
(10, 14)
(10, 15)
(9, 15)
(8, 15)
(7, 15)
(6, 15)
kaikki ok
Reitin pituus: 2
(9, 19)
(10, 19)
(10, 18)
kaikki ok
Reitin pituus: 19
(11, 11)
(10, 11)
(9, 11)
(8, 11)
(7, 11)
(6, 11)
(6, 12)
(6, 13)
(5, 13)
(4, 13)
(4, 14)
(4, 15)
(4, 16)
(4, 17)
(3, 17)
(2, 17)
(1, 17)
(1, 18)
(1, 19)
(2, 19)
kaikki ok
Reitin pituus: 13
(1, 2)
(1, 3)
(2, 3)
(3, 3)
(4, 3)
(5, 3)
(6, 3)
(7, 3)
(8, 3)
(9, 3)
(10, 3)
(10, 2)
(10, 1)
(11, 1)
kaikki ok
Reitin pituus: 9
(1, 17)
(2, 17)
(3, 17)
(4, 17)
(4, 16)
(4, 15)
(5, 15)
(6, 15)
(7, 15)
(8, 15)
kaikki ok
Reitin pituus: 30
(2, 3)
(3, 3)
(4, 3)
(4, 4)
(4, 5)
(4, 6)
(4, 7)
(4, 8)
(4, 9)
(4, 10)
(4, 11)
(4, 12)
(4, 13)
(4, 14)
(4, 15)
(5, 15)
(6, 15)
(6, 16)
(6, 17)
(7, 17)
(8, 17)
(8, 18)
(8, 19)
(9, 19)
(10, 19)
(11, 19)
(12, 19)
(13, 19)
(14, 19)
(15, 19)
(16, 19)
kaikki ok
Reitin pituus: 9
(10, 15)
(11, 15)
(12, 15)
(12, 16)
(12, 17)
(11, 17)
(10, 17)
(10, 18)
(10, 19)
(9, 19)
kaikki ok
Reitin pituus: 20
(16, 19)
(17, 19)
(17, 18)
(17, 17)
(16, 17)
(15, 17)
(14, 17)
(14, 16)
(14, 15)
(14, 14)
(14, 13)
(14, 12)
(14, 11)
(14, 10)
(14, 9)
(14, 8)
(14, 7)
(14, 6)
(14, 5)
(15, 5)
(16, 5)
kaikki ok
Reitin pituus: 16
(1, 13)
(2, 13)
(3, 13)
(4, 13)
(4, 12)
(4, 11)
(4, 10)
(4, 9)
(4, 8)
(4, 7)
(4, 6)
(4, 5)
(4, 4)
(4, 3)
(4, 2)
(4, 1)
(3, 1)
kaikki ok
Reitin pituus: 15
(12, 5)
(11, 5)
(10, 5)
(10, 6)
(10, 7)
(11, 7)
(12, 7)
(12, 8)
(12, 9)
(13, 9)
(14, 9)
(14, 10)
(14, 11)
(14, 12)
(14, 13)
(15, 13)
kaikki ok
Reitin pituus: 16
(10, 13)
(11, 13)
(12, 13)
(12, 12)
(12, 11)
(12, 10)
(12, 9)
(12, 8)
(12, 7)
(11, 7)
(10, 7)
(9, 7)
(8, 7)
(8, 6)
(8, 5)
(7, 5)
(6, 5)
kaikki ok
Reitin pituus: 11
(16, 17)
(15, 17)
(14, 17)
(14, 16)
(14, 15)
(13, 15)
(12, 15)
(11, 15)
(10, 15)
(9, 15)
(8, 15)
(7, 15)
kaikki ok
Reitin pituus: 12
(14, 4)
(14, 3)
(13, 3)
(12, 3)
(11, 3)
(10, 3)
(9, 3)
(8, 3)
(7, 3)
(6, 3)
(5, 3)
(4, 3)
(4, 2)
kaikki ok
Reitin pituus: 13
(8, 6)
(8, 7)
(9, 7)
(10, 7)
(11, 7)
(12, 7)
(12, 8)
(12, 9)
(12, 10)
(12, 11)
(12, 12)
(12, 13)
(11, 13)
(10, 13)
kaikki ok
Reitin pituus: 17
(1, 3)
(2, 3)
(3, 3)
(4, 3)
(4, 4)
(4, 5)
(4, 6)
(4, 7)
(4, 8)
(4, 9)
(4, 10)
(4, 11)
(4, 12)
(4, 13)
(3, 13)
(2, 13)
(1, 13)
(1, 14)
kaikki ok
Reitin pituus: 11
(11, 7)
(12, 7)
(12, 8)
(12, 9)
(13, 9)
(14, 9)
(14, 8)
(14, 7)
(14, 6)
(14, 5)
(15, 5)
(16, 5)
kaikki ok
Reitin pituus: 9
(5, 13)
(4, 13)
(4, 14)
(4, 15)
(4, 16)
(4, 17)
(3, 17)
(2, 17)
(1, 17)
(1, 18)
kaikki ok
Reitin pituus: 9
(13, 15)
(14, 15)
(14, 16)
(14, 17)
(15, 17)
(16, 17)
(17, 17)
(17, 18)
(17, 19)
(16, 19)
kaikki ok
Reitin pituus: 10
(12, 3)
(11, 3)
(10, 3)
(9, 3)
(8, 3)
(7, 3)
(6, 3)
(5, 3)
(4, 3)
(4, 4)
(4, 5)
kaikki ok
Reitin pituus: 22
(7, 1)
(6, 1)
(5, 1)
(4, 1)
(4, 2)
(4, 3)
(4, 4)
(4, 5)
(4, 6)
(4, 7)
(4, 8)
(4, 9)
(5, 9)
(6, 9)
(6, 10)
(6, 11)
(6, 12)
(6, 13)
(7, 13)
(8, 13)
(8, 14)
(8, 15)
(9, 15)
kaikki ok
Reitin pituus: 24
(17, 13)
(16, 13)
(15, 13)
(14, 13)
(14, 12)
(14, 11)
(14, 10)
(14, 9)
(14, 8)
(14, 7)
(14, 6)
(14, 5)
(14, 4)
(14, 3)
(13, 3)
(12, 3)
(11, 3)
(10, 3)
(9, 3)
(8, 3)
(8, 2)
(8, 1)
(7, 1)
(6, 1)
(5, 1)
kaikki ok
Reitin pituus: 7
(14, 11)
(14, 10)
(14, 9)
(14, 8)
(14, 7)
(14, 6)
(14, 5)
(15, 5)
kaikki ok
Reitin pituus: 22
(7, 1)
(6, 1)
(5, 1)
(4, 1)
(4, 2)
(4, 3)
(4, 4)
(4, 5)
(4, 6)
(4, 7)
(4, 8)
(4, 9)
(5, 9)
(6, 9)
(6, 10)
(6, 11)
(6, 12)
(6, 13)
(7, 13)
(8, 13)
(8, 14)
(8, 15)
(9, 15)
kaikki ok
Reitin pituus: 12
(2, 3)
(3, 3)
(4, 3)
(4, 4)
(4, 5)
(4, 6)
(4, 7)
(4, 8)
(4, 9)
(4, 10)
(4, 11)
(4, 12)
(4, 13)
kaikki ok
Reitin pituus: 22
(2, 5)
(3, 5)
(4, 5)
(4, 6)
(4, 7)
(4, 8)
(4, 9)
(4, 10)
(4, 11)
(4, 12)
(4, 13)
(4, 14)
(4, 15)
(5, 15)
(6, 15)
(6, 16)
(6, 17)
(7, 17)
(8, 17)
(8, 18)
(8, 19)
(7, 19)
(6, 19)
kaikki ok
Reitin pituus: 6
(12, 12)
(12, 13)
(11, 13)
(10, 13)
(10, 14)
(10, 15)
(11, 15)
kaikki ok
Reitin pituus: 18
(2, 17)
(3, 17)
(4, 17)
(4, 16)
(4, 15)
(4, 14)
(4, 13)
(4, 12)
(4, 11)
(4, 10)
(4, 9)
(4, 8)
(4, 7)
(4, 6)
(4, 5)
(4, 4)
(4, 3)
(5, 3)
(6, 3)
kaikki ok
Reitin pituus: 15
(17, 19)
(17, 18)
(17, 17)
(16, 17)
(15, 17)
(14, 17)
(14, 16)
(14, 15)
(13, 15)
(12, 15)
(11, 15)
(10, 15)
(9, 15)
(8, 15)
(8, 14)
(8, 13)
kaikki ok
Reitin pituus: 16
(6, 10)
(6, 11)
(6, 12)
(6, 13)
(5, 13)
(4, 13)
(4, 14)
(4, 15)
(4, 16)
(4, 17)
(3, 17)
(2, 17)
(1, 17)
(1, 18)
(1, 19)
(2, 19)
(3, 19)
kaikki ok
Reitin pituus: 14
(12, 1)
(11, 1)
(10, 1)
(10, 2)
(10, 3)
(9, 3)
(8, 3)
(8, 2)
(8, 1)
(7, 1)
(6, 1)
(5, 1)
(4, 1)
(3, 1)
(2, 1)
kaikki ok
Reitin pituus: 7
(12, 4)
(12, 3)
(11, 3)
(10, 3)
(9, 3)
(8, 3)
(7, 3)
(6, 3)
kaikki ok
Reitin pituus: 13
(8, 17)
(7, 17)
(6, 17)
(6, 16)
(6, 15)
(5, 15)
(4, 15)
(4, 14)
(4, 13)
(4, 12)
(4, 11)
(4, 10)
(4, 9)
(4, 8)
kaikki ok
Reitin pituus: 7
(4, 2)
(4, 3)
(4, 4)
(4, 5)
(4, 6)
(4, 7)
(4, 8)
(4, 9)
kaikki ok
Reitin pituus: 13
(6, 10)
(6, 9)
(5, 9)
(4, 9)
(4, 8)
(4, 7)
(4, 6)
(4, 5)
(4, 4)
(4, 3)
(4, 2)
(4, 1)
(5, 1)
(6, 1)
kaikki ok
Reitin pituus: 2
(12, 17)
(11, 17)
(10, 17)
kaikki ok
Reitin pituus: 14
(14, 8)
(14, 7)
(14, 6)
(14, 5)
(14, 4)
(14, 3)
(13, 3)
(12, 3)
(11, 3)
(10, 3)
(9, 3)
(8, 3)
(7, 3)
(6, 3)
(5, 3)
kaikki ok
Reitin pituus: 28
(17, 17)
(16, 17)
(15, 17)
(14, 17)
(14, 16)
(14, 15)
(14, 14)
(14, 13)
(14, 12)
(14, 11)
(14, 10)
(14, 9)
(14, 8)
(14, 7)
(14, 6)
(14, 5)
(14, 4)
(14, 3)
(13, 3)
(12, 3)
(11, 3)
(10, 3)
(9, 3)
(8, 3)
(8, 2)
(8, 1)
(7, 1)
(6, 1)
(5, 1)
kaikki ok
Reitin pituus: 15
(8, 7)
(7, 7)
(6, 7)
(6, 8)
(6, 9)
(6, 10)
(6, 11)
(6, 12)
(6, 13)
(7, 13)
(8, 13)
(8, 14)
(8, 15)
(9, 15)
(10, 15)
(11, 15)
kaikki ok
Reitin pituus: 18
(7, 17)
(6, 17)
(6, 16)
(6, 15)
(7, 15)
(8, 15)
(9, 15)
(10, 15)
(10, 14)
(10, 13)
(11, 13)
(12, 13)
(12, 12)
(12, 11)
(12, 10)
(12, 9)
(13, 9)
(14, 9)
(14, 8)
kaikki ok
Reitin pituus: 26
(7, 19)
(8, 19)
(8, 18)
(8, 17)
(7, 17)
(6, 17)
(6, 16)
(6, 15)
(5, 15)
(4, 15)
(4, 14)
(4, 13)
(4, 12)
(4, 11)
(4, 10)
(4, 9)
(4, 8)
(4, 7)
(4, 6)
(4, 5)
(4, 4)
(4, 3)
(4, 2)
(4, 1)
(5, 1)
(6, 1)
(7, 1)
kaikki ok
Reitin pituus: 21
(14, 15)
(14, 14)
(14, 13)
(14, 12)
(14, 11)
(14, 10)
(14, 9)
(14, 8)
(14, 7)
(14, 6)
(14, 5)
(14, 4)
(14, 3)
(13, 3)
(12, 3)
(11, 3)
(10, 3)
(9, 3)
(8, 3)
(8, 2)
(8, 1)
(7, 1)
kaikki ok
Reitin pituus: 11
(4, 2)
(4, 3)
(5, 3)
(6, 3)
(7, 3)
(8, 3)
(9, 3)
(10, 3)
(11, 3)
(12, 3)
(13, 3)
(14, 3)
kaikki ok
Reitin pituus: 6
(12, 4)
(12, 5)
(11, 5)
(10, 5)
(10, 6)
(10, 7)
(11, 7)
kaikki ok
Reitin pituus: 9
(14, 3)
(14, 4)
(14, 5)
(14, 6)
(14, 7)
(14, 8)
(14, 9)
(14, 10)
(14, 11)
(14, 12)
kaikki ok
Reitin pituus: 13
(12, 4)
(12, 3)
(11, 3)
(10, 3)
(9, 3)
(8, 3)
(7, 3)
(6, 3)
(5, 3)
(4, 3)
(3, 3)
(2, 3)
(1, 3)
(1, 4)
kaikki ok
Reitin pituus: 8
(6, 7)
(7, 7)
(8, 7)
(8, 6)
(8, 5)
(7, 5)
(6, 5)
(6, 4)
(6, 3)
kaikki ok
Reitin pituus: 2
(4, 12)
(4, 11)
(4, 10)
kaikki ok
Reitin pituus: 21
(17, 1)
(17, 2)
(17, 3)
(17, 4)
(17, 5)
(16, 5)
(15, 5)
(14, 5)
(14, 6)
(14, 7)
(14, 8)
(14, 9)
(14, 10)
(14, 11)
(14, 12)
(14, 13)
(14, 14)
(14, 15)
(13, 15)
(12, 15)
(11, 15)
(10, 15)
kaikki ok
Reitin pituus: 10
(6, 9)
(6, 10)
(6, 11)
(7, 11)
(8, 11)
(9, 11)
(10, 11)
(11, 11)
(12, 11)
(12, 10)
(12, 9)
kaikki ok
Reitin pituus: 0
(3, 1)
kaikki ok
Reitin pituus: 1
(13, 1)
(14, 1)
kaikki ok
Reitin pituus: 12
(10, 1)
(10, 2)
(10, 3)
(11, 3)
(12, 3)
(12, 4)
(12, 5)
(11, 5)
(10, 5)
(10, 6)
(10, 7)
(11, 7)
(12, 7)
kaikki ok
Reitin pituus: 20
(10, 18)
(10, 17)
(11, 17)
(12, 17)
(12, 16)
(12, 15)
(13, 15)
(14, 15)
(14, 14)
(14, 13)
(14, 12)
(14, 11)
(14, 10)
(14, 9)
(14, 8)
(14, 7)
(14, 6)
(14, 5)
(14, 4)
(14, 3)
(13, 3)
kaikki ok
Reitin pituus: 23
(4, 2)
(4, 3)
(5, 3)
(6, 3)
(6, 4)
(6, 5)
(7, 5)
(8, 5)
(8, 6)
(8, 7)
(9, 7)
(10, 7)
(11, 7)
(12, 7)
(12, 8)
(12, 9)
(12, 10)
(12, 11)
(12, 12)
(12, 13)
(13, 13)
(14, 13)
(14, 14)
(14, 15)
kaikki ok
Reitin pituus: 10
(10, 1)
(11, 1)
(12, 1)
(13, 1)
(14, 1)
(15, 1)
(16, 1)
(17, 1)
(17, 2)
(17, 3)
(17, 4)
kaikki ok
Reitin pituus: 11
(15, 17)
(14, 17)
(14, 16)
(14, 15)
(13, 15)
(12, 15)
(11, 15)
(10, 15)
(9, 15)
(8, 15)
(8, 14)
(8, 13)
kaikki ok
Reitin pituus: 27
(1, 18)
(1, 17)
(2, 17)
(3, 17)
(4, 17)
(4, 16)
(4, 15)
(4, 14)
(4, 13)
(4, 12)
(4, 11)
(4, 10)
(4, 9)
(4, 8)
(4, 7)
(4, 6)
(4, 5)
(4, 4)
(4, 3)
(5, 3)
(6, 3)
(7, 3)
(8, 3)
(9, 3)
(10, 3)
(11, 3)
(12, 3)
(13, 3)
kaikki ok
Reitin pituus: 13
(11, 13)
(10, 13)
(10, 14)
(10, 15)
(11, 15)
(12, 15)
(12, 16)
(12, 17)
(11, 17)
(10, 17)
(10, 18)
(10, 19)
(11, 19)
(12, 19)
kaikki ok
Reitin pituus: 12
(8, 19)
(9, 19)
(10, 19)
(10, 18)
(10, 17)
(11, 17)
(12, 17)
(12, 16)
(12, 15)
(11, 15)
(10, 15)
(10, 14)
(10, 13)
kaikki ok
Reitin pituus: 21
(6, 3)
(6, 4)
(6, 5)
(7, 5)
(8, 5)
(8, 6)
(8, 7)
(9, 7)
(10, 7)
(11, 7)
(12, 7)
(12, 8)
(12, 9)
(13, 9)
(14, 9)
(14, 10)
(14, 11)
(14, 12)
(14, 13)
(15, 13)
(16, 13)
(17, 13)
kaikki ok
Reitin pituus: 9
(17, 3)
(16, 3)
(15, 3)
(14, 3)
(13, 3)
(12, 3)
(11, 3)
(10, 3)
(10, 2)
(10, 1)
kaikki ok
Reitin pituus: 7
(14, 17)
(14, 16)
(14, 15)
(13, 15)
(12, 15)
(12, 16)
(12, 17)
(11, 17)
kaikki ok
Reitin pituus: 11
(4, 4)
(4, 3)
(5, 3)
(6, 3)
(6, 4)
(6, 5)
(7, 5)
(8, 5)
(8, 6)
(8, 7)
(9, 7)
(10, 7)
kaikki ok
Reitin pituus: 28
(10, 1)
(10, 2)
(10, 3)
(9, 3)
(8, 3)
(7, 3)
(6, 3)
(5, 3)
(4, 3)
(4, 4)
(4, 5)
(4, 6)
(4, 7)
(4, 8)
(4, 9)
(4, 10)
(4, 11)
(4, 12)
(4, 13)
(4, 14)
(4, 15)
(4, 16)
(4, 17)
(3, 17)
(2, 17)
(1, 17)
(1, 18)
(1, 19)
(2, 19)
kaikki ok
Reitin pituus: 29
(10, 2)
(10, 3)
(9, 3)
(8, 3)
(7, 3)
(6, 3)
(5, 3)
(4, 3)
(4, 4)
(4, 5)
(4, 6)
(4, 7)
(4, 8)
(4, 9)
(4, 10)
(4, 11)
(4, 12)
(4, 13)
(4, 14)
(4, 15)
(4, 16)
(4, 17)
(3, 17)
(2, 17)
(1, 17)
(1, 18)
(1, 19)
(2, 19)
(3, 19)
(4, 19)
kaikki ok
Reitin pituus: 8
(10, 6)
(10, 7)
(9, 7)
(8, 7)
(7, 7)
(6, 7)
(6, 8)
(6, 9)
(6, 10)
kaikki ok
Reitin pituus: 17
(1, 3)
(2, 3)
(3, 3)
(4, 3)
(5, 3)
(6, 3)
(7, 3)
(8, 3)
(9, 3)
(10, 3)
(11, 3)
(12, 3)
(13, 3)
(14, 3)
(15, 3)
(16, 3)
(17, 3)
(17, 2)
kaikki ok
Reitin pituus: 18
(1, 17)
(2, 17)
(3, 17)
(4, 17)
(4, 16)
(4, 15)
(5, 15)
(6, 15)
(7, 15)
(8, 15)
(9, 15)
(10, 15)
(11, 15)
(12, 15)
(13, 15)
(14, 15)
(14, 14)
(14, 13)
(15, 13)
kaikki ok
Reitin pituus: 8
(7, 1)
(6, 1)
(5, 1)
(4, 1)
(4, 2)
(4, 3)
(3, 3)
(2, 3)
(1, 3)
kaikki ok
Reitin pituus: 8
(5, 9)
(6, 9)
(6, 8)
(6, 7)
(7, 7)
(8, 7)
(8, 6)
(8, 5)
(7, 5)
kaikki ok
Reitin pituus: 21
(10, 5)
(10, 6)
(10, 7)
(11, 7)
(12, 7)
(12, 8)
(12, 9)
(13, 9)
(14, 9)
(14, 10)
(14, 11)
(14, 12)
(14, 13)
(14, 14)
(14, 15)
(14, 16)
(14, 17)
(15, 17)
(16, 17)
(17, 17)
(17, 18)
(17, 19)
kaikki ok
Reitin pituus: 6
(14, 17)
(15, 17)
(16, 17)
(17, 17)
(17, 18)
(17, 19)
(16, 19)
kaikki ok
Reitin pituus: 26
(6, 17)
(6, 16)
(6, 15)
(7, 15)
(8, 15)
(9, 15)
(10, 15)
(10, 14)
(10, 13)
(11, 13)
(12, 13)
(12, 12)
(12, 11)
(12, 10)
(12, 9)
(13, 9)
(14, 9)
(14, 8)
(14, 7)
(14, 6)
(14, 5)
(14, 4)
(14, 3)
(15, 3)
(16, 3)
(17, 3)
(17, 2)
kaikki ok
Reitin pituus: 6
(12, 19)
(11, 19)
(10, 19)
(9, 19)
(8, 19)
(7, 19)
(6, 19)
kaikki ok
Reitin pituus: 4
(16, 16)
(16, 17)
(17, 17)
(17, 18)
(17, 19)
kaikki ok
Reitin pituus: 2
(14, 14)
(14, 15)
(14, 16)
kaikki ok
Reitin pituus: 15
(4, 6)
(4, 5)
(4, 4)
(4, 3)
(5, 3)
(6, 3)
(7, 3)
(8, 3)
(9, 3)
(10, 3)
(11, 3)
(12, 3)
(13, 3)
(14, 3)
(14, 4)
(14, 5)
kaikki ok
Reitin pituus: 14
(9, 7)
(8, 7)
(7, 7)
(6, 7)
(6, 8)
(6, 9)
(5, 9)
(4, 9)
(4, 10)
(4, 11)
(4, 12)
(4, 13)
(3, 13)
(2, 13)
(1, 13)
kaikki ok
Reitin pituus: 17
(11, 5)
(10, 5)
(10, 6)
(10, 7)
(11, 7)
(12, 7)
(12, 8)
(12, 9)
(13, 9)
(14, 9)
(14, 10)
(14, 11)
(14, 12)
(14, 13)
(14, 14)
(14, 15)
(14, 16)
(14, 17)
kaikki ok
Reitin pituus: 16
(10, 11)
(11, 11)
(12, 11)
(12, 10)
(12, 9)
(13, 9)
(14, 9)
(14, 8)
(14, 7)
(14, 6)
(14, 5)
(14, 4)
(14, 3)
(14, 2)
(14, 1)
(13, 1)
(12, 1)
kaikki ok
Reitin pituus: 10
(9, 15)
(8, 15)
(8, 14)
(8, 13)
(7, 13)
(6, 13)
(6, 12)
(6, 11)
(6, 10)
(6, 9)
(6, 8)
kaikki ok
Reitin pituus: 18
(6, 3)
(5, 3)
(4, 3)
(4, 4)
(4, 5)
(4, 6)
(4, 7)
(4, 8)
(4, 9)
(4, 10)
(4, 11)
(4, 12)
(4, 13)
(4, 14)
(4, 15)
(4, 16)
(4, 17)
(3, 17)
(2, 17)
kaikki ok
Reitin pituus: 15
(1, 4)
(1, 3)
(2, 3)
(3, 3)
(4, 3)
(5, 3)
(6, 3)
(7, 3)
(8, 3)
(9, 3)
(10, 3)
(11, 3)
(12, 3)
(13, 3)
(14, 3)
(14, 4)
kaikki ok
Reitin pituus: 11
(12, 13)
(13, 13)
(14, 13)
(14, 14)
(14, 15)
(14, 16)
(14, 17)
(15, 17)
(16, 17)
(17, 17)
(17, 18)
(17, 19)
kaikki ok
Reitin pituus: 11
(1, 13)
(1, 14)
(1, 15)
(2, 15)
(2, 16)
(2, 17)
(1, 17)
(1, 18)
(1, 19)
(2, 19)
(3, 19)
(4, 19)
kaikki ok
Reitin pituus: 5
(7, 13)
(6, 13)
(6, 12)
(6, 11)
(6, 10)
(6, 9)
kaikki ok
Reitin pituus: 4
(17, 4)
(17, 5)
(16, 5)
(15, 5)
(14, 5)
kaikki ok
Reitin pituus: 12
(8, 1)
(8, 2)
(8, 3)
(9, 3)
(10, 3)
(11, 3)
(12, 3)
(13, 3)
(14, 3)
(15, 3)
(16, 3)
(17, 3)
(17, 2)
kaikki ok
Reitin pituus: 12
(13, 9)
(14, 9)
(14, 8)
(14, 7)
(14, 6)
(14, 5)
(15, 5)
(16, 5)
(17, 5)
(17, 4)
(17, 3)
(17, 2)
(17, 1)
kaikki ok
Reitin pituus: 7
(6, 5)
(7, 5)
(8, 5)
(8, 6)
(8, 7)
(9, 7)
(10, 7)
(10, 6)
kaikki ok
Reitin pituus: 11
(7, 7)
(6, 7)
(6, 8)
(6, 9)
(5, 9)
(4, 9)
(4, 10)
(4, 11)
(4, 12)
(4, 13)
(4, 14)
(4, 15)
kaikki ok
Reitin pituus: 1
(9, 7)
(10, 7)
kaikki ok
Reitin pituus: 4
(10, 7)
(9, 7)
(9, 8)
(9, 9)
(8, 9)
kaikki ok
Reitin pituus: 4
(11, 13)
(12, 13)
(13, 13)
(14, 13)
(14, 14)
kaikki ok
Reitin pituus: 15
(4, 4)
(4, 5)
(4, 6)
(4, 7)
(4, 8)
(4, 9)
(4, 10)
(4, 11)
(4, 12)
(4, 13)
(4, 14)
(4, 15)
(5, 15)
(6, 15)
(6, 16)
(6, 17)
kaikki ok
Reitin pituus: 26
(11, 1)
(10, 1)
(10, 2)
(10, 3)
(9, 3)
(8, 3)
(7, 3)
(6, 3)
(5, 3)
(4, 3)
(4, 4)
(4, 5)
(4, 6)
(4, 7)
(4, 8)
(4, 9)
(4, 10)
(4, 11)
(4, 12)
(4, 13)
(4, 14)
(4, 15)
(4, 16)
(4, 17)
(3, 17)
(2, 17)
(1, 17)
kaikki ok
Reitin pituus: 1
(9, 9)
(10, 9)
kaikki ok
Reitin pituus: 4
(5, 13)
(4, 13)
(3, 13)
(2, 13)
(1, 13)
kaikki ok
Reitin pituus: 10
(6, 8)
(6, 9)
(6, 10)
(6, 11)
(7, 11)
(8, 11)
(9, 11)
(10, 11)
(11, 11)
(12, 11)
(12, 12)
kaikki ok
Reitin pituus: 19
(9, 15)
(8, 15)
(8, 14)
(8, 13)
(7, 13)
(6, 13)
(6, 12)
(6, 11)
(6, 10)
(6, 9)
(6, 8)
(6, 7)
(7, 7)
(8, 7)
(8, 6)
(8, 5)
(7, 5)
(6, 5)
(6, 4)
(6, 3)
kaikki ok
Reitin pituus: 23
(12, 3)
(13, 3)
(14, 3)
(14, 4)
(14, 5)
(14, 6)
(14, 7)
(14, 8)
(14, 9)
(14, 10)
(14, 11)
(14, 12)
(14, 13)
(14, 14)
(14, 15)
(14, 16)
(14, 17)
(15, 17)
(16, 17)
(17, 17)
(17, 18)
(17, 19)
(16, 19)
(15, 19)
kaikki ok
Reitin pituus: 11
(8, 9)
(9, 9)
(9, 8)
(9, 7)
(8, 7)
(8, 6)
(8, 5)
(7, 5)
(6, 5)
(6, 4)
(6, 3)
(7, 3)
kaikki ok
Reitin pituus: 24
(4, 13)
(4, 12)
(4, 11)
(4, 10)
(4, 9)
(4, 8)
(4, 7)
(4, 6)
(4, 5)
(4, 4)
(4, 3)
(5, 3)
(6, 3)
(7, 3)
(8, 3)
(9, 3)
(10, 3)
(10, 2)
(10, 1)
(11, 1)
(12, 1)
(13, 1)
(14, 1)
(15, 1)
(16, 1)
kaikki ok
Reitin pituus: 7
(9, 15)
(10, 15)
(11, 15)
(12, 15)
(13, 15)
(14, 15)
(14, 14)
(14, 13)
kaikki ok
Reitin pituus: 14
(15, 13)
(14, 13)
(13, 13)
(12, 13)
(12, 12)
(12, 11)
(11, 11)
(10, 11)
(9, 11)
(8, 11)
(7, 11)
(6, 11)
(6, 10)
(6, 9)
(6, 8)
kaikki ok
Reitin pituus: 13
(1, 5)
(2, 5)
(3, 5)
(4, 5)
(4, 6)
(4, 7)
(4, 8)
(4, 9)
(4, 10)
(4, 11)
(4, 12)
(4, 13)
(4, 14)
(4, 15)
kaikki ok
Reitin pituus: 18
(2, 3)
(3, 3)
(4, 3)
(4, 4)
(4, 5)
(4, 6)
(4, 7)
(4, 8)
(4, 9)
(4, 10)
(4, 11)
(4, 12)
(4, 13)
(3, 13)
(2, 13)
(1, 13)
(1, 14)
(1, 15)
(2, 15)
kaikki ok
Reitin pituus: 25
(12, 16)
(12, 15)
(11, 15)
(10, 15)
(9, 15)
(8, 15)
(8, 14)
(8, 13)
(7, 13)
(6, 13)
(5, 13)
(4, 13)
(4, 12)
(4, 11)
(4, 10)
(4, 9)
(4, 8)
(4, 7)
(4, 6)
(4, 5)
(4, 4)
(4, 3)
(3, 3)
(2, 3)
(1, 3)
(1, 2)
kaikki ok
Reitin pituus: 15
(2, 13)
(3, 13)
(4, 13)
(4, 12)
(4, 11)
(4, 10)
(4, 9)
(4, 8)
(4, 7)
(4, 6)
(4, 5)
(4, 4)
(4, 3)
(4, 2)
(4, 1)
(5, 1)
kaikki ok
Reitin pituus: 13
(16, 5)
(15, 5)
(14, 5)
(14, 6)
(14, 7)
(14, 8)
(14, 9)
(14, 10)
(14, 11)
(14, 12)
(14, 13)
(14, 14)
(14, 15)
(13, 15)
kaikki ok
Reitin pituus: 20
(12, 4)
(12, 3)
(13, 3)
(14, 3)
(14, 4)
(14, 5)
(14, 6)
(14, 7)
(14, 8)
(14, 9)
(14, 10)
(14, 11)
(14, 12)
(14, 13)
(14, 14)
(14, 15)
(13, 15)
(12, 15)
(12, 16)
(12, 17)
(11, 17)
kaikki ok
Reitin pituus: 7
(14, 19)
(13, 19)
(12, 19)
(11, 19)
(10, 19)
(10, 18)
(10, 17)
(11, 17)
kaikki ok
Reitin pituus: 20
(14, 17)
(14, 16)
(14, 15)
(13, 15)
(12, 15)
(11, 15)
(10, 15)
(9, 15)
(8, 15)
(8, 14)
(8, 13)
(7, 13)
(6, 13)
(6, 12)
(6, 11)
(6, 10)
(6, 9)
(5, 9)
(4, 9)
(4, 8)
(4, 7)
kaikki ok
Reitin pituus: 22
(16, 5)
(15, 5)
(14, 5)
(14, 4)
(14, 3)
(13, 3)
(12, 3)
(11, 3)
(10, 3)
(9, 3)
(8, 3)
(7, 3)
(6, 3)
(5, 3)
(4, 3)
(4, 4)
(4, 5)
(4, 6)
(4, 7)
(4, 8)
(4, 9)
(4, 10)
(4, 11)
kaikki ok
Reitin pituus: 7
(8, 6)
(8, 5)
(7, 5)
(6, 5)
(6, 4)
(6, 3)
(7, 3)
(8, 3)
kaikki ok
Reitin pituus: 30
(16, 1)
(15, 1)
(14, 1)
(14, 2)
(14, 3)
(13, 3)
(12, 3)
(12, 4)
(12, 5)
(11, 5)
(10, 5)
(10, 6)
(10, 7)
(9, 7)
(8, 7)
(7, 7)
(6, 7)
(6, 8)
(6, 9)
(6, 10)
(6, 11)
(6, 12)
(6, 13)
(5, 13)
(4, 13)
(3, 13)
(2, 13)
(1, 13)
(1, 14)
(1, 15)
(2, 15)
kaikki ok
Reitin pituus: 22
(17, 4)
(17, 5)
(16, 5)
(15, 5)
(14, 5)
(14, 6)
(14, 7)
(14, 8)
(14, 9)
(14, 10)
(14, 11)
(14, 12)
(14, 13)
(14, 14)
(14, 15)
(14, 16)
(14, 17)
(15, 17)
(16, 17)
(17, 17)
(17, 18)
(17, 19)
(16, 19)
kaikki ok
Reitin pituus: 12
(12, 13)
(13, 13)
(14, 13)
(14, 12)
(14, 11)
(14, 10)
(14, 9)
(14, 8)
(14, 7)
(14, 6)
(14, 5)
(15, 5)
(16, 5)
kaikki ok
Reitin pituus: 12
(14, 3)
(14, 4)
(14, 5)
(14, 6)
(14, 7)
(14, 8)
(14, 9)
(14, 10)
(14, 11)
(14, 12)
(14, 13)
(14, 14)
(14, 15)
kaikki ok
Reitin pituus: 13
(17, 13)
(16, 13)
(15, 13)
(14, 13)
(14, 12)
(14, 11)
(14, 10)
(14, 9)
(14, 8)
(14, 7)
(14, 6)
(14, 5)
(14, 4)
(14, 3)
kaikki ok
Reitin pituus: 6
(14, 16)
(14, 15)
(13, 15)
(12, 15)
(12, 16)
(12, 17)
(11, 17)
kaikki ok
Reitin pituus: 12
(10, 11)
(11, 11)
(12, 11)
(12, 10)
(12, 9)
(12, 8)
(12, 7)
(11, 7)
(10, 7)
(10, 6)
(10, 5)
(11, 5)
(12, 5)
kaikki ok
Reitin pituus: 4
(4, 11)
(4, 12)
(4, 13)
(5, 13)
(6, 13)
kaikki ok
Reitin pituus: 17
(1, 13)
(2, 13)
(3, 13)
(4, 13)
(4, 12)
(4, 11)
(4, 10)
(4, 9)
(4, 8)
(4, 7)
(4, 6)
(4, 5)
(4, 4)
(4, 3)
(4, 2)
(4, 1)
(5, 1)
(6, 1)
kaikki ok
Reitin pituus: 6
(3, 5)
(4, 5)
(4, 4)
(4, 3)
(4, 2)
(4, 1)
(5, 1)
kaikki ok
Reitin pituus: 6
(7, 5)
(6, 5)
(6, 4)
(6, 3)
(7, 3)
(8, 3)
(8, 2)
kaikki ok
Reitin pituus: 12
(4, 1)
(4, 2)
(4, 3)
(4, 4)
(4, 5)
(4, 6)
(4, 7)
(4, 8)
(4, 9)
(5, 9)
(6, 9)
(6, 10)
(6, 11)
kaikki ok
Reitin pituus: 7
(2, 1)
(3, 1)
(4, 1)
(5, 1)
(6, 1)
(7, 1)
(8, 1)
(8, 2)
kaikki ok
Reitin pituus: 15
(14, 15)
(13, 15)
(12, 15)
(11, 15)
(10, 15)
(9, 15)
(8, 15)
(7, 15)
(6, 15)
(5, 15)
(4, 15)
(4, 16)
(4, 17)
(3, 17)
(2, 17)
(1, 17)
kaikki ok
Reitin pituus: 8
(11, 13)
(10, 13)
(10, 14)
(10, 15)
(9, 15)
(8, 15)
(7, 15)
(6, 15)
(5, 15)
kaikki ok
Reitin pituus: 10
(12, 1)
(11, 1)
(10, 1)
(10, 2)
(10, 3)
(9, 3)
(8, 3)
(7, 3)
(6, 3)
(6, 4)
(6, 5)
kaikki ok
Reitin pituus: 14
(16, 13)
(15, 13)
(14, 13)
(14, 12)
(14, 11)
(14, 10)
(14, 9)
(14, 8)
(14, 7)
(14, 6)
(14, 5)
(14, 4)
(14, 3)
(13, 3)
(12, 3)
kaikki ok
Reitin pituus: 21
(14, 17)
(14, 16)
(14, 15)
(14, 14)
(14, 13)
(14, 12)
(14, 11)
(14, 10)
(14, 9)
(14, 8)
(14, 7)
(14, 6)
(14, 5)
(14, 4)
(14, 3)
(13, 3)
(12, 3)
(11, 3)
(10, 3)
(9, 3)
(8, 3)
(7, 3)
kaikki ok
Reitin pituus: 6
(12, 5)
(11, 5)
(10, 5)
(10, 6)
(10, 7)
(9, 7)
(8, 7)
kaikki ok
Reitin pituus: 20
(15, 3)
(14, 3)
(14, 4)
(14, 5)
(14, 6)
(14, 7)
(14, 8)
(14, 9)
(13, 9)
(12, 9)
(12, 10)
(12, 11)
(12, 12)
(12, 13)
(11, 13)
(10, 13)
(10, 14)
(10, 15)
(9, 15)
(8, 15)
(7, 15)
kaikki ok
Reitin pituus: 6
(14, 2)
(14, 3)
(13, 3)
(12, 3)
(11, 3)
(10, 3)
(10, 2)
kaikki ok
Reitin pituus: 18
(4, 10)
(4, 11)
(4, 12)
(4, 13)
(4, 14)
(4, 15)
(5, 15)
(6, 15)
(6, 16)
(6, 17)
(7, 17)
(8, 17)
(8, 18)
(8, 19)
(9, 19)
(10, 19)
(11, 19)
(12, 19)
(13, 19)
kaikki ok
Reitin pituus: 5
(10, 9)
(9, 9)
(9, 8)
(9, 7)
(8, 7)
(7, 7)
kaikki ok
Reitin pituus: 20
(16, 19)
(15, 19)
(14, 19)
(13, 19)
(12, 19)
(11, 19)
(10, 19)
(9, 19)
(8, 19)
(8, 18)
(8, 17)
(7, 17)
(6, 17)
(6, 16)
(6, 15)
(5, 15)
(4, 15)
(4, 14)
(4, 13)
(4, 12)
(4, 11)
kaikki ok
Reitin pituus: 18
(10, 3)
(9, 3)
(8, 3)
(7, 3)
(6, 3)
(5, 3)
(4, 3)
(4, 4)
(4, 5)
(4, 6)
(4, 7)
(4, 8)
(4, 9)
(4, 10)
(4, 11)
(4, 12)
(4, 13)
(3, 13)
(2, 13)
kaikki ok
Reitin pituus: 22
(6, 8)
(6, 9)
(6, 10)
(6, 11)
(7, 11)
(8, 11)
(9, 11)
(10, 11)
(11, 11)
(12, 11)
(12, 12)
(12, 13)
(13, 13)
(14, 13)
(14, 14)
(14, 15)
(14, 16)
(14, 17)
(15, 17)
(16, 17)
(17, 17)
(17, 18)
(17, 19)
kaikki ok
Reitin pituus: 17
(6, 17)
(6, 16)
(6, 15)
(7, 15)
(8, 15)
(9, 15)
(10, 15)
(10, 14)
(10, 13)
(11, 13)
(12, 13)
(12, 12)
(12, 11)
(12, 10)
(12, 9)
(13, 9)
(14, 9)
(14, 8)
kaikki ok
Reitin pituus: 7
(14, 5)
(14, 4)
(14, 3)
(13, 3)
(12, 3)
(11, 3)
(10, 3)
(9, 3)
kaikki ok
Reitin pituus: 20
(4, 6)
(4, 7)
(4, 8)
(4, 9)
(4, 10)
(4, 11)
(4, 12)
(4, 13)
(4, 14)
(4, 15)
(4, 16)
(4, 17)
(3, 17)
(2, 17)
(1, 17)
(1, 18)
(1, 19)
(2, 19)
(3, 19)
(4, 19)
(5, 19)
kaikki ok
Reitin pituus: 24
(1, 15)
(2, 15)
(2, 16)
(2, 17)
(3, 17)
(4, 17)
(4, 16)
(4, 15)
(5, 15)
(6, 15)
(7, 15)
(8, 15)
(9, 15)
(10, 15)
(11, 15)
(12, 15)
(13, 15)
(14, 15)
(14, 16)
(14, 17)
(15, 17)
(16, 17)
(16, 16)
(16, 15)
(17, 15)
kaikki ok
Reitin pituus: 9
(6, 7)
(7, 7)
(8, 7)
(8, 6)
(8, 5)
(7, 5)
(6, 5)
(6, 4)
(6, 3)
(7, 3)
kaikki ok
Reitin pituus: 17
(17, 15)
(17, 14)
(17, 13)
(16, 13)
(15, 13)
(14, 13)
(13, 13)
(12, 13)
(12, 12)
(12, 11)
(12, 10)
(12, 9)
(12, 8)
(12, 7)
(11, 7)
(10, 7)
(10, 6)
(10, 5)
kaikki ok
Reitin pituus: 10
(7, 15)
(8, 15)
(8, 14)
(8, 13)
(7, 13)
(6, 13)
(6, 12)
(6, 11)
(6, 10)
(6, 9)
(6, 8)
kaikki ok
Reitin pituus: 27
(2, 5)
(3, 5)
(4, 5)
(4, 6)
(4, 7)
(4, 8)
(4, 9)
(4, 10)
(4, 11)
(4, 12)
(4, 13)
(4, 14)
(4, 15)
(5, 15)
(6, 15)
(6, 16)
(6, 17)
(7, 17)
(8, 17)
(8, 18)
(8, 19)
(9, 19)
(10, 19)
(11, 19)
(12, 19)
(13, 19)
(14, 19)
(15, 19)
kaikki ok
Reitin pituus: 2
(10, 11)
(9, 11)
(8, 11)
kaikki ok
Reitin pituus: 5
(14, 4)
(14, 3)
(14, 2)
(14, 1)
(13, 1)
(12, 1)
kaikki ok
Reitin pituus: 23
(3, 19)
(2, 19)
(1, 19)
(1, 18)
(1, 17)
(2, 17)
(3, 17)
(4, 17)
(4, 16)
(4, 15)
(4, 14)
(4, 13)
(4, 12)
(4, 11)
(4, 10)
(4, 9)
(4, 8)
(4, 7)
(4, 6)
(4, 5)
(4, 4)
(4, 3)
(4, 2)
(4, 1)
kaikki ok
Reitin pituus: 19
(10, 11)
(11, 11)
(12, 11)
(12, 12)
(12, 13)
(13, 13)
(14, 13)
(14, 14)
(14, 15)
(13, 15)
(12, 15)
(12, 16)
(12, 17)
(11, 17)
(10, 17)
(10, 18)
(10, 19)
(11, 19)
(12, 19)
(13, 19)
kaikki ok
Reitin pituus: 12
(10, 18)
(10, 17)
(11, 17)
(12, 17)
(12, 16)
(12, 15)
(11, 15)
(10, 15)
(10, 14)
(10, 13)
(11, 13)
(12, 13)
(12, 12)
kaikki ok
Reitin pituus: 4
(1, 18)
(1, 19)
(2, 19)
(3, 19)
(4, 19)
kaikki ok
Reitin pituus: 26
(4, 19)
(3, 19)
(2, 19)
(1, 19)
(1, 18)
(1, 17)
(2, 17)
(3, 17)
(4, 17)
(4, 16)
(4, 15)
(4, 14)
(4, 13)
(5, 13)
(6, 13)
(6, 12)
(6, 11)
(6, 10)
(6, 9)
(6, 8)
(6, 7)
(7, 7)
(8, 7)
(9, 7)
(10, 7)
(10, 6)
(10, 5)
kaikki ok
Reitin pituus: 7
(14, 10)
(14, 9)
(14, 8)
(14, 7)
(14, 6)
(14, 5)
(14, 4)
(14, 3)
kaikki ok
Reitin pituus: 8
(14, 1)
(14, 2)
(14, 3)
(13, 3)
(12, 3)
(12, 4)
(12, 5)
(11, 5)
(10, 5)
kaikki ok
Reitin pituus: 5
(10, 9)
(9, 9)
(9, 8)
(9, 7)
(8, 7)
(7, 7)
kaikki ok
Reitin pituus: 22
(8, 2)
(8, 3)
(9, 3)
(10, 3)
(11, 3)
(12, 3)
(13, 3)
(14, 3)
(14, 4)
(14, 5)
(14, 6)
(14, 7)
(14, 8)
(14, 9)
(14, 10)
(14, 11)
(14, 12)
(14, 13)
(14, 14)
(14, 15)
(13, 15)
(12, 15)
(11, 15)
kaikki ok
Reitin pituus: 8
(11, 5)
(12, 5)
(12, 4)
(12, 3)
(11, 3)
(10, 3)
(9, 3)
(8, 3)
(8, 2)
kaikki ok
Reitin pituus: 3
(17, 17)
(17, 18)
(17, 19)
(16, 19)
kaikki ok
Reitin pituus: 26
(17, 2)
(17, 3)
(16, 3)
(15, 3)
(14, 3)
(13, 3)
(12, 3)
(11, 3)
(10, 3)
(9, 3)
(8, 3)
(7, 3)
(6, 3)
(5, 3)
(4, 3)
(4, 4)
(4, 5)
(4, 6)
(4, 7)
(4, 8)
(4, 9)
(4, 10)
(4, 11)
(4, 12)
(4, 13)
(4, 14)
(4, 15)
kaikki ok
Reitin pituus: 11
(4, 13)
(5, 13)
(6, 13)
(6, 12)
(6, 11)
(6, 10)
(6, 9)
(6, 8)
(6, 7)
(7, 7)
(8, 7)
(8, 6)
kaikki ok
Reitin pituus: 11
(4, 12)
(4, 11)
(4, 10)
(4, 9)
(5, 9)
(6, 9)
(6, 8)
(6, 7)
(7, 7)
(8, 7)
(9, 7)
(10, 7)
kaikki ok
Reitin pituus: 10
(5, 3)
(6, 3)
(7, 3)
(8, 3)
(9, 3)
(10, 3)
(11, 3)
(12, 3)
(12, 4)
(12, 5)
(11, 5)
kaikki ok
Reitin pituus: 12
(14, 14)
(14, 13)
(13, 13)
(12, 13)
(12, 12)
(12, 11)
(12, 10)
(12, 9)
(12, 8)
(12, 7)
(11, 7)
(10, 7)
(10, 6)
kaikki ok
Reitin pituus: 2
(5, 1)
(4, 1)
(4, 2)
kaikki ok
Reitin pituus: 24
(14, 2)
(14, 3)
(14, 4)
(14, 5)
(14, 6)
(14, 7)
(14, 8)
(14, 9)
(14, 10)
(14, 11)
(14, 12)
(14, 13)
(14, 14)
(14, 15)
(13, 15)
(12, 15)
(11, 15)
(10, 15)
(9, 15)
(8, 15)
(7, 15)
(6, 15)
(6, 16)
(6, 17)
(7, 17)
kaikki ok
Reitin pituus: 16
(1, 13)
(2, 13)
(3, 13)
(4, 13)
(4, 12)
(4, 11)
(4, 10)
(4, 9)
(4, 8)
(4, 7)
(4, 6)
(4, 5)
(4, 4)
(4, 3)
(5, 3)
(6, 3)
(6, 4)
kaikki ok
Reitin pituus: 20
(7, 5)
(8, 5)
(8, 6)
(8, 7)
(7, 7)
(6, 7)
(6, 8)
(6, 9)
(5, 9)
(4, 9)
(4, 10)
(4, 11)
(4, 12)
(4, 13)
(4, 14)
(4, 15)
(4, 16)
(4, 17)
(3, 17)
(2, 17)
(2, 16)
kaikki ok
Reitin pituus: 22
(3, 17)
(4, 17)
(4, 16)
(4, 15)
(4, 14)
(4, 13)
(4, 12)
(4, 11)
(4, 10)
(4, 9)
(4, 8)
(4, 7)
(4, 6)
(4, 5)
(4, 4)
(4, 3)
(5, 3)
(6, 3)
(7, 3)
(8, 3)
(9, 3)
(10, 3)
(10, 2)
kaikki ok
Reitin pituus: 5
(14, 16)
(14, 15)
(14, 14)
(14, 13)
(15, 13)
(16, 13)
kaikki ok
Reitin pituus: 11
(11, 17)
(12, 17)
(12, 16)
(12, 15)
(13, 15)
(14, 15)
(14, 14)
(14, 13)
(14, 12)
(14, 11)
(14, 10)
(14, 9)
kaikki ok
Reitin pituus: 5
(2, 3)
(3, 3)
(4, 3)
(4, 2)
(4, 1)
(3, 1)
kaikki ok
Reitin pituus: 19
(4, 11)
(4, 10)
(4, 9)
(4, 8)
(4, 7)
(4, 6)
(4, 5)
(4, 4)
(4, 3)
(5, 3)
(6, 3)
(7, 3)
(8, 3)
(9, 3)
(10, 3)
(11, 3)
(12, 3)
(13, 3)
(14, 3)
(14, 4)
kaikki ok
Reitin pituus: 12
(7, 19)
(8, 19)
(8, 18)
(8, 17)
(7, 17)
(6, 17)
(6, 16)
(6, 15)
(5, 15)
(4, 15)
(4, 14)
(4, 13)
(3, 13)
kaikki ok
Reitin pituus: 10
(14, 10)
(14, 11)
(14, 12)
(14, 13)
(14, 14)
(14, 15)
(14, 16)
(14, 17)
(15, 17)
(16, 17)
(16, 16)
kaikki ok
Reitin pituus: 22
(15, 19)
(16, 19)
(17, 19)
(17, 18)
(17, 17)
(16, 17)
(15, 17)
(14, 17)
(14, 16)
(14, 15)
(14, 14)
(14, 13)
(14, 12)
(14, 11)
(14, 10)
(14, 9)
(13, 9)
(12, 9)
(12, 8)
(12, 7)
(11, 7)
(10, 7)
(9, 7)
kaikki ok
Reitin pituus: 4
(14, 8)
(14, 9)
(13, 9)
(12, 9)
(12, 8)
kaikki ok
Reitin pituus: 16
(5, 1)
(4, 1)
(4, 2)
(4, 3)
(4, 4)
(4, 5)
(4, 6)
(4, 7)
(4, 8)
(4, 9)
(5, 9)
(6, 9)
(6, 10)
(6, 11)
(6, 12)
(6, 13)
(7, 13)
kaikki ok
Reitin pituus: 16
(9, 11)
(8, 11)
(7, 11)
(6, 11)
(6, 10)
(6, 9)
(5, 9)
(4, 9)
(4, 8)
(4, 7)
(4, 6)
(4, 5)
(4, 4)
(4, 3)
(5, 3)
(6, 3)
(7, 3)
kaikki ok
Reitin pituus: 20
(1, 1)
(1, 2)
(1, 3)
(1, 4)
(1, 5)
(2, 5)
(3, 5)
(4, 5)
(4, 6)
(4, 7)
(4, 8)
(4, 9)
(4, 10)
(4, 11)
(4, 12)
(4, 13)
(4, 14)
(4, 15)
(5, 15)
(6, 15)
(7, 15)
kaikki ok
Reitin pituus: 9
(8, 7)
(9, 7)
(10, 7)
(11, 7)
(12, 7)
(12, 8)
(12, 9)
(12, 10)
(12, 11)
(11, 11)
kaikki ok
Reitin pituus: 8
(12, 5)
(12, 4)
(12, 3)
(11, 3)
(10, 3)
(9, 3)
(8, 3)
(8, 2)
(8, 1)
kaikki ok
Reitin pituus: 0
(10, 14)
kaikki ok
Reitin pituus: 18
(10, 3)
(11, 3)
(12, 3)
(13, 3)
(14, 3)
(14, 4)
(14, 5)
(14, 6)
(14, 7)
(14, 8)
(14, 9)
(14, 10)
(14, 11)
(14, 12)
(14, 13)
(14, 14)
(14, 15)
(14, 16)
(14, 17)
kaikki ok
Reitin pituus: 15
(4, 4)
(4, 3)
(5, 3)
(6, 3)
(7, 3)
(8, 3)
(9, 3)
(10, 3)
(11, 3)
(12, 3)
(13, 3)
(14, 3)
(14, 4)
(14, 5)
(14, 6)
(14, 7)
kaikki ok
Reitin pituus: 23
(2, 1)
(3, 1)
(4, 1)
(4, 2)
(4, 3)
(5, 3)
(6, 3)
(6, 4)
(6, 5)
(7, 5)
(8, 5)
(8, 6)
(8, 7)
(9, 7)
(10, 7)
(11, 7)
(12, 7)
(12, 8)
(12, 9)
(12, 10)
(12, 11)
(12, 12)
(12, 13)
(13, 13)
kaikki ok
Reitin pituus: 7
(8, 11)
(7, 11)
(6, 11)
(6, 12)
(6, 13)
(5, 13)
(4, 13)
(3, 13)
kaikki ok
Reitin pituus: 9
(4, 3)
(5, 3)
(6, 3)
(7, 3)
(8, 3)
(9, 3)
(10, 3)
(11, 3)
(12, 3)
(13, 3)
kaikki ok
Reitin pituus: 21
(16, 19)
(15, 19)
(14, 19)
(13, 19)
(12, 19)
(11, 19)
(10, 19)
(9, 19)
(8, 19)
(7, 19)
(6, 19)
(5, 19)
(4, 19)
(3, 19)
(2, 19)
(1, 19)
(1, 18)
(1, 17)
(2, 17)
(2, 16)
(2, 15)
(1, 15)
kaikki ok
Reitin pituus: 10
(17, 13)
(17, 14)
(17, 15)
(16, 15)
(16, 16)
(16, 17)
(17, 17)
(17, 18)
(17, 19)
(16, 19)
(15, 19)
kaikki ok
Reitin pituus: 18
(8, 3)
(7, 3)
(6, 3)
(5, 3)
(4, 3)
(4, 4)
(4, 5)
(4, 6)
(4, 7)
(4, 8)
(4, 9)
(4, 10)
(4, 11)
(4, 12)
(4, 13)
(3, 13)
(2, 13)
(1, 13)
(1, 14)
kaikki ok
Reitin pituus: 10
(9, 11)
(8, 11)
(7, 11)
(6, 11)
(6, 12)
(6, 13)
(5, 13)
(4, 13)
(4, 14)
(4, 15)
(4, 16)
kaikki ok
Reitin pituus: 14
(16, 3)
(15, 3)
(14, 3)
(13, 3)
(12, 3)
(12, 4)
(12, 5)
(11, 5)
(10, 5)
(10, 6)
(10, 7)
(9, 7)
(9, 8)
(9, 9)
(8, 9)
kaikki ok
Reitin pituus: 5
(7, 3)
(8, 3)
(9, 3)
(10, 3)
(11, 3)
(12, 3)
kaikki ok
Reitin pituus: 12
(13, 3)
(12, 3)
(11, 3)
(10, 3)
(9, 3)
(8, 3)
(7, 3)
(6, 3)
(5, 3)
(4, 3)
(3, 3)
(2, 3)
(1, 3)
kaikki ok
Reitin pituus: 21
(8, 18)
(8, 17)
(7, 17)
(6, 17)
(6, 16)
(6, 15)
(5, 15)
(4, 15)
(4, 14)
(4, 13)
(4, 12)
(4, 11)
(4, 10)
(4, 9)
(4, 8)
(4, 7)
(4, 6)
(4, 5)
(3, 5)
(2, 5)
(1, 5)
(1, 4)
kaikki ok
Reitin pituus: 15
(4, 9)
(5, 9)
(6, 9)
(6, 10)
(6, 11)
(7, 11)
(8, 11)
(9, 11)
(10, 11)
(11, 11)
(12, 11)
(12, 12)
(12, 13)
(13, 13)
(14, 13)
(14, 14)
kaikki ok
Reitin pituus: 7
(8, 5)
(7, 5)
(6, 5)
(6, 4)
(6, 3)
(7, 3)
(8, 3)
(9, 3)
kaikki ok
Reitin pituus: 6
(1, 1)
(1, 2)
(1, 3)
(2, 3)
(3, 3)
(4, 3)
(5, 3)
kaikki ok
Reitin pituus: 24
(9, 9)
(9, 8)
(9, 7)
(8, 7)
(7, 7)
(6, 7)
(6, 8)
(6, 9)
(6, 10)
(6, 11)
(6, 12)
(6, 13)
(7, 13)
(8, 13)
(8, 14)
(8, 15)
(7, 15)
(6, 15)
(6, 16)
(6, 17)
(7, 17)
(8, 17)
(8, 18)
(8, 19)
(9, 19)
kaikki ok
Reitin pituus: 18
(17, 5)
(17, 4)
(17, 3)
(16, 3)
(15, 3)
(14, 3)
(13, 3)
(12, 3)
(11, 3)
(10, 3)
(9, 3)
(8, 3)
(7, 3)
(6, 3)
(5, 3)
(4, 3)
(3, 3)
(2, 3)
(1, 3)
kaikki ok
Reitin pituus: 18
(14, 19)
(15, 19)
(16, 19)
(17, 19)
(17, 18)
(17, 17)
(16, 17)
(15, 17)
(14, 17)
(14, 16)
(14, 15)
(14, 14)
(14, 13)
(14, 12)
(14, 11)
(14, 10)
(14, 9)
(13, 9)
(12, 9)
kaikki ok
Reitin pituus: 15
(17, 3)
(16, 3)
(15, 3)
(14, 3)
(14, 4)
(14, 5)
(14, 6)
(14, 7)
(14, 8)
(14, 9)
(14, 10)
(14, 11)
(14, 12)
(14, 13)
(13, 13)
(12, 13)
kaikki ok
Reitin pituus: 16
(4, 16)
(4, 15)
(5, 15)
(6, 15)
(7, 15)
(8, 15)
(9, 15)
(10, 15)
(10, 14)
(10, 13)
(11, 13)
(12, 13)
(13, 13)
(14, 13)
(14, 12)
(14, 11)
(14, 10)
kaikki ok
Reitin pituus: 12
(8, 18)
(8, 17)
(7, 17)
(6, 17)
(6, 16)
(6, 15)
(5, 15)
(4, 15)
(4, 16)
(4, 17)
(3, 17)
(2, 17)
(2, 16)
kaikki ok
Reitin pituus: 8
(14, 13)
(14, 14)
(14, 15)
(13, 15)
(12, 15)
(11, 15)
(10, 15)
(9, 15)
(8, 15)
kaikki ok
Reitin pituus: 12
(12, 1)
(13, 1)
(14, 1)
(14, 2)
(14, 3)
(14, 4)
(14, 5)
(14, 6)
(14, 7)
(14, 8)
(14, 9)
(14, 10)
(14, 11)
kaikki ok
Reitin pituus: 17
(17, 17)
(16, 17)
(15, 17)
(14, 17)
(14, 16)
(14, 15)
(13, 15)
(12, 15)
(11, 15)
(10, 15)
(9, 15)
(8, 15)
(7, 15)
(6, 15)
(5, 15)
(4, 15)
(4, 16)
(4, 17)
kaikki ok
Reitin pituus: 18
(8, 3)
(9, 3)
(10, 3)
(11, 3)
(12, 3)
(12, 4)
(12, 5)
(11, 5)
(10, 5)
(10, 6)
(10, 7)
(11, 7)
(12, 7)
(12, 8)
(12, 9)
(12, 10)
(12, 11)
(12, 12)
(12, 13)
kaikki ok
Reitin pituus: 4
(5, 19)
(4, 19)
(3, 19)
(2, 19)
(1, 19)
kaikki ok
Reitin pituus: 9
(8, 1)
(7, 1)
(6, 1)
(5, 1)
(4, 1)
(4, 2)
(4, 3)
(4, 4)
(4, 5)
(3, 5)
kaikki ok
Reitin pituus: 16
(12, 7)
(11, 7)
(10, 7)
(9, 7)
(8, 7)
(8, 6)
(8, 5)
(7, 5)
(6, 5)
(6, 4)
(6, 3)
(7, 3)
(8, 3)
(8, 2)
(8, 1)
(7, 1)
(6, 1)
kaikki ok
Reitin pituus: 27
(4, 1)
(4, 2)
(4, 3)
(5, 3)
(6, 3)
(6, 4)
(6, 5)
(7, 5)
(8, 5)
(8, 6)
(8, 7)
(9, 7)
(10, 7)
(11, 7)
(12, 7)
(12, 8)
(12, 9)
(12, 10)
(12, 11)
(12, 12)
(12, 13)
(13, 13)
(14, 13)
(15, 13)
(16, 13)
(17, 13)
(17, 14)
(17, 15)
kaikki ok
Reitin pituus: 9
(10, 11)
(11, 11)
(12, 11)
(12, 12)
(12, 13)
(13, 13)
(14, 13)
(14, 14)
(14, 15)
(14, 16)
kaikki ok
Reitin pituus: 23
(4, 3)
(5, 3)
(6, 3)
(6, 4)
(6, 5)
(7, 5)
(8, 5)
(8, 6)
(8, 7)
(9, 7)
(10, 7)
(11, 7)
(12, 7)
(12, 8)
(12, 9)
(12, 10)
(12, 11)
(12, 12)
(12, 13)
(13, 13)
(14, 13)
(15, 13)
(16, 13)
(17, 13)
kaikki ok
Reitin pituus: 16
(5, 15)
(4, 15)
(4, 14)
(4, 13)
(4, 12)
(4, 11)
(4, 10)
(4, 9)
(4, 8)
(4, 7)
(4, 6)
(4, 5)
(4, 4)
(4, 3)
(5, 3)
(6, 3)
(7, 3)
kaikki ok
Reitin pituus: 13
(5, 3)
(6, 3)
(6, 4)
(6, 5)
(7, 5)
(8, 5)
(8, 6)
(8, 7)
(9, 7)
(10, 7)
(11, 7)
(12, 7)
(12, 8)
(12, 9)
kaikki ok
Reitin pituus: 14
(12, 10)
(12, 11)
(12, 12)
(12, 13)
(11, 13)
(10, 13)
(10, 14)
(10, 15)
(9, 15)
(8, 15)
(7, 15)
(6, 15)
(6, 16)
(6, 17)
(7, 17)
kaikki ok
Reitin pituus: 15
(14, 1)
(13, 1)
(12, 1)
(11, 1)
(10, 1)
(10, 2)
(10, 3)
(9, 3)
(8, 3)
(8, 2)
(8, 1)
(7, 1)
(6, 1)
(5, 1)
(4, 1)
(3, 1)
kaikki ok
Reitin pituus: 13
(8, 11)
(7, 11)
(6, 11)
(6, 10)
(6, 9)
(6, 8)
(6, 7)
(7, 7)
(8, 7)
(8, 6)
(8, 5)
(7, 5)
(6, 5)
(6, 4)
kaikki ok
Reitin pituus: 22
(6, 16)
(6, 15)
(7, 15)
(8, 15)
(9, 15)
(10, 15)
(10, 14)
(10, 13)
(11, 13)
(12, 13)
(12, 12)
(12, 11)
(12, 10)
(12, 9)
(13, 9)
(14, 9)
(14, 8)
(14, 7)
(14, 6)
(14, 5)
(14, 4)
(14, 3)
(14, 2)
kaikki ok
Reitin pituus: 2
(4, 8)
(4, 9)
(5, 9)
kaikki ok
Reitin pituus: 14
(12, 9)
(13, 9)
(14, 9)
(14, 8)
(14, 7)
(14, 6)
(14, 5)
(14, 4)
(14, 3)
(14, 2)
(14, 1)
(13, 1)
(12, 1)
(11, 1)
(10, 1)
kaikki ok
Reitin pituus: 9
(11, 3)
(12, 3)
(12, 4)
(12, 5)
(11, 5)
(10, 5)
(10, 6)
(10, 7)
(11, 7)
(12, 7)
kaikki ok
Reitin pituus: 9
(2, 19)
(1, 19)
(1, 18)
(1, 17)
(2, 17)
(3, 17)
(4, 17)
(4, 16)
(4, 15)
(4, 14)
kaikki ok
Reitin pituus: 7
(1, 4)
(1, 5)
(2, 5)
(3, 5)
(4, 5)
(4, 6)
(4, 7)
(4, 8)
kaikki ok
Reitin pituus: 12
(4, 11)
(4, 12)
(4, 13)
(4, 14)
(4, 15)
(4, 16)
(4, 17)
(3, 17)
(2, 17)
(1, 17)
(1, 18)
(1, 19)
(2, 19)
kaikki ok
Reitin pituus: 18
(14, 12)
(14, 13)
(13, 13)
(12, 13)
(11, 13)
(10, 13)
(10, 14)
(10, 15)
(9, 15)
(8, 15)
(7, 15)
(6, 15)
(5, 15)
(4, 15)
(4, 16)
(4, 17)
(3, 17)
(2, 17)
(2, 16)
kaikki ok
Reitin pituus: 24
(15, 3)
(14, 3)
(14, 4)
(14, 5)
(14, 6)
(14, 7)
(14, 8)
(14, 9)
(13, 9)
(12, 9)
(12, 10)
(12, 11)
(12, 12)
(12, 13)
(11, 13)
(10, 13)
(10, 14)
(10, 15)
(9, 15)
(8, 15)
(7, 15)
(6, 15)
(6, 16)
(6, 17)
(7, 17)
kaikki ok
Reitin pituus: 25
(8, 1)
(8, 2)
(8, 3)
(9, 3)
(10, 3)
(11, 3)
(12, 3)
(13, 3)
(14, 3)
(14, 4)
(14, 5)
(14, 6)
(14, 7)
(14, 8)
(14, 9)
(14, 10)
(14, 11)
(14, 12)
(14, 13)
(15, 13)
(16, 13)
(17, 13)
(17, 14)
(17, 15)
(16, 15)
(16, 16)
kaikki ok
Reitin pituus: 14
(13, 9)
(12, 9)
(12, 8)
(12, 7)
(11, 7)
(10, 7)
(9, 7)
(8, 7)
(8, 6)
(8, 5)
(7, 5)
(6, 5)
(6, 4)
(6, 3)
(5, 3)
kaikki ok
Reitin pituus: 5
(7, 17)
(6, 17)
(6, 16)
(6, 15)
(7, 15)
(8, 15)
kaikki ok
Reitin pituus: 12
(1, 15)
(2, 15)
(2, 16)
(2, 17)
(3, 17)
(4, 17)
(4, 16)
(4, 15)
(5, 15)
(6, 15)
(7, 15)
(8, 15)
(9, 15)
kaikki ok
Reitin pituus: 20
(4, 17)
(4, 16)
(4, 15)
(4, 14)
(4, 13)
(5, 13)
(6, 13)
(6, 12)
(6, 11)
(6, 10)
(6, 9)
(6, 8)
(6, 7)
(7, 7)
(8, 7)
(9, 7)
(10, 7)
(10, 6)
(10, 5)
(11, 5)
(12, 5)
kaikki ok
Reitin pituus: 23
(10, 17)
(11, 17)
(12, 17)
(12, 16)
(12, 15)
(13, 15)
(14, 15)
(14, 14)
(14, 13)
(14, 12)
(14, 11)
(14, 10)
(14, 9)
(14, 8)
(14, 7)
(14, 6)
(14, 5)
(14, 4)
(14, 3)
(14, 2)
(14, 1)
(15, 1)
(16, 1)
(17, 1)
kaikki ok
Reitin pituus: 6
(15, 19)
(16, 19)
(17, 19)
(17, 18)
(17, 17)
(16, 17)
(15, 17)
kaikki ok
Reitin pituus: 7
(5, 13)
(4, 13)
(4, 14)
(4, 15)
(5, 15)
(6, 15)
(6, 16)
(6, 17)
kaikki ok
Reitin pituus: 4
(9, 8)
(9, 7)
(10, 7)
(11, 7)
(12, 7)
kaikki ok
Reitin pituus: 16
(4, 10)
(4, 9)
(5, 9)
(6, 9)
(6, 10)
(6, 11)
(7, 11)
(8, 11)
(9, 11)
(10, 11)
(11, 11)
(12, 11)
(12, 12)
(12, 13)
(13, 13)
(14, 13)
(15, 13)
kaikki ok
Reitin pituus: 19
(12, 9)
(13, 9)
(14, 9)
(14, 10)
(14, 11)
(14, 12)
(14, 13)
(14, 14)
(14, 15)
(14, 16)
(14, 17)
(15, 17)
(16, 17)
(17, 17)
(17, 18)
(17, 19)
(16, 19)
(15, 19)
(14, 19)
(13, 19)
kaikki ok
Reitin pituus: 14
(6, 10)
(6, 9)
(5, 9)
(4, 9)
(4, 8)
(4, 7)
(4, 6)
(4, 5)
(4, 4)
(4, 3)
(4, 2)
(4, 1)
(5, 1)
(6, 1)
(7, 1)
kaikki ok
Reitin pituus: 22
(17, 14)
(17, 13)
(16, 13)
(15, 13)
(14, 13)
(13, 13)
(12, 13)
(12, 12)
(12, 11)
(11, 11)
(10, 11)
(9, 11)
(8, 11)
(7, 11)
(6, 11)
(6, 10)
(6, 9)
(5, 9)
(4, 9)
(4, 8)
(4, 7)
(4, 6)
(4, 5)
kaikki ok
Reitin pituus: 3
(10, 5)
(11, 5)
(12, 5)
(12, 4)
kaikki ok
Reitin pituus: 19
(16, 3)
(15, 3)
(14, 3)
(14, 4)
(14, 5)
(14, 6)
(14, 7)
(14, 8)
(14, 9)
(14, 10)
(14, 11)
(14, 12)
(14, 13)
(14, 14)
(14, 15)
(14, 16)
(14, 17)
(15, 17)
(16, 17)
(17, 17)
kaikki ok
Reitin pituus: 6
(7, 17)
(8, 17)
(8, 18)
(8, 19)
(9, 19)
(10, 19)
(10, 18)
kaikki ok
Reitin pituus: 26
(2, 3)
(3, 3)
(4, 3)
(5, 3)
(6, 3)
(6, 4)
(6, 5)
(7, 5)
(8, 5)
(8, 6)
(8, 7)
(9, 7)
(10, 7)
(11, 7)
(12, 7)
(12, 8)
(12, 9)
(12, 10)
(12, 11)
(12, 12)
(12, 13)
(13, 13)
(14, 13)
(15, 13)
(16, 13)
(17, 13)
(17, 14)
kaikki ok
Reitin pituus: 11
(8, 5)
(8, 6)
(8, 7)
(9, 7)
(10, 7)
(11, 7)
(12, 7)
(12, 8)
(12, 9)
(12, 10)
(12, 11)
(12, 12)
kaikki ok
Reitin pituus: 17
(9, 8)
(9, 7)
(10, 7)
(11, 7)
(12, 7)
(12, 8)
(12, 9)
(13, 9)
(14, 9)
(14, 10)
(14, 11)
(14, 12)
(14, 13)
(15, 13)
(16, 13)
(17, 13)
(17, 14)
(17, 15)
kaikki ok
Reitin pituus: 20
(11, 17)
(12, 17)
(12, 16)
(12, 15)
(13, 15)
(14, 15)
(14, 14)
(14, 13)
(14, 12)
(14, 11)
(14, 10)
(14, 9)
(14, 8)
(14, 7)
(14, 6)
(14, 5)
(14, 4)
(14, 3)
(13, 3)
(12, 3)
(12, 4)
kaikki ok
Reitin pituus: 3
(9, 7)
(8, 7)
(8, 6)
(8, 5)
kaikki ok
Reitin pituus: 8
(7, 5)
(8, 5)
(8, 6)
(8, 7)
(9, 7)
(10, 7)
(10, 6)
(10, 5)
(11, 5)
kaikki ok
Reitin pituus: 9
(1, 5)
(2, 5)
(3, 5)
(4, 5)
(4, 6)
(4, 7)
(4, 8)
(4, 9)
(4, 10)
(4, 11)
kaikki ok
Reitin pituus: 16
(12, 1)
(11, 1)
(10, 1)
(10, 2)
(10, 3)
(9, 3)
(8, 3)
(7, 3)
(6, 3)
(6, 4)
(6, 5)
(7, 5)
(8, 5)
(8, 6)
(8, 7)
(7, 7)
(6, 7)
kaikki ok
Reitin pituus: 10
(8, 9)
(9, 9)
(9, 8)
(9, 7)
(10, 7)
(11, 7)
(12, 7)
(12, 8)
(12, 9)
(12, 10)
(12, 11)
kaikki ok
Reitin pituus: 16
(7, 5)
(8, 5)
(8, 6)
(8, 7)
(7, 7)
(6, 7)
(6, 8)
(6, 9)
(6, 10)
(6, 11)
(6, 12)
(6, 13)
(7, 13)
(8, 13)
(8, 14)
(8, 15)
(9, 15)
kaikki ok
Reitin pituus: 15
(14, 3)
(14, 4)
(14, 5)
(14, 6)
(14, 7)
(14, 8)
(14, 9)
(14, 10)
(14, 11)
(14, 12)
(14, 13)
(14, 14)
(14, 15)
(13, 15)
(12, 15)
(11, 15)
kaikki ok
Reitin pituus: 9
(5, 15)
(6, 15)
(7, 15)
(8, 15)
(9, 15)
(10, 15)
(11, 15)
(12, 15)
(12, 16)
(12, 17)
kaikki ok
Reitin pituus: 17
(8, 5)
(8, 6)
(8, 7)
(9, 7)
(10, 7)
(11, 7)
(12, 7)
(12, 8)
(12, 9)
(12, 10)
(12, 11)
(12, 12)
(12, 13)
(13, 13)
(14, 13)
(14, 14)
(14, 15)
(14, 16)
kaikki ok
Reitin pituus: 9
(4, 1)
(4, 2)
(4, 3)
(4, 4)
(4, 5)
(4, 6)
(4, 7)
(4, 8)
(4, 9)
(4, 10)
kaikki ok
Reitin pituus: 3
(12, 19)
(11, 19)
(10, 19)
(10, 18)
kaikki ok
Reitin pituus: 13
(12, 10)
(12, 9)
(13, 9)
(14, 9)
(14, 8)
(14, 7)
(14, 6)
(14, 5)
(14, 4)
(14, 3)
(13, 3)
(12, 3)
(11, 3)
(10, 3)
kaikki ok
Reitin pituus: 9
(4, 17)
(4, 16)
(4, 15)
(5, 15)
(6, 15)
(7, 15)
(8, 15)
(9, 15)
(10, 15)
(10, 14)
kaikki ok
Reitin pituus: 18
(14, 13)
(13, 13)
(12, 13)
(12, 12)
(12, 11)
(12, 10)
(12, 9)
(12, 8)
(12, 7)
(11, 7)
(10, 7)
(9, 7)
(8, 7)
(8, 6)
(8, 5)
(7, 5)
(6, 5)
(6, 4)
(6, 3)
kaikki ok
Reitin pituus: 15
(1, 17)
(1, 18)
(1, 19)
(2, 19)
(3, 19)
(4, 19)
(5, 19)
(6, 19)
(7, 19)
(8, 19)
(9, 19)
(10, 19)
(11, 19)
(12, 19)
(13, 19)
(14, 19)
kaikki ok
Reitin pituus: 13
(17, 17)
(16, 17)
(15, 17)
(14, 17)
(14, 16)
(14, 15)
(13, 15)
(12, 15)
(11, 15)
(10, 15)
(9, 15)
(8, 15)
(8, 14)
(8, 13)
kaikki ok
Reitin pituus: 12
(17, 5)
(16, 5)
(15, 5)
(14, 5)
(14, 6)
(14, 7)
(14, 8)
(14, 9)
(14, 10)
(14, 11)
(14, 12)
(14, 13)
(14, 14)
kaikki ok
Reitin pituus: 21
(10, 3)
(9, 3)
(8, 3)
(7, 3)
(6, 3)
(5, 3)
(4, 3)
(4, 4)
(4, 5)
(4, 6)
(4, 7)
(4, 8)
(4, 9)
(4, 10)
(4, 11)
(4, 12)
(4, 13)
(3, 13)
(2, 13)
(1, 13)
(1, 14)
(1, 15)
kaikki ok
Reitin pituus: 23
(14, 14)
(14, 13)
(13, 13)
(12, 13)
(12, 12)
(12, 11)
(11, 11)
(10, 11)
(9, 11)
(8, 11)
(7, 11)
(6, 11)
(6, 10)
(6, 9)
(5, 9)
(4, 9)
(4, 8)
(4, 7)
(4, 6)
(4, 5)
(4, 4)
(4, 3)
(4, 2)
(4, 1)
kaikki ok
Reitin pituus: 12
(10, 15)
(9, 15)
(8, 15)
(7, 15)
(6, 15)
(5, 15)
(4, 15)
(4, 14)
(4, 13)
(3, 13)
(2, 13)
(1, 13)
(1, 14)
kaikki ok
Reitin pituus: 18
(17, 4)
(17, 3)
(16, 3)
(15, 3)
(14, 3)
(13, 3)
(12, 3)
(12, 4)
(12, 5)
(11, 5)
(10, 5)
(10, 6)
(10, 7)
(9, 7)
(8, 7)
(7, 7)
(6, 7)
(6, 8)
(6, 9)
kaikki ok
Reitin pituus: 8
(9, 3)
(10, 3)
(11, 3)
(12, 3)
(13, 3)
(14, 3)
(15, 3)
(16, 3)
(17, 3)
kaikki ok
Reitin pituus: 18
(9, 15)
(8, 15)
(8, 14)
(8, 13)
(7, 13)
(6, 13)
(6, 12)
(6, 11)
(6, 10)
(6, 9)
(5, 9)
(4, 9)
(4, 8)
(4, 7)
(4, 6)
(4, 5)
(4, 4)
(4, 3)
(5, 3)
kaikki ok
Reitin pituus: 26
(10, 9)
(9, 9)
(9, 8)
(9, 7)
(10, 7)
(11, 7)
(12, 7)
(12, 8)
(12, 9)
(13, 9)
(14, 9)
(14, 10)
(14, 11)
(14, 12)
(14, 13)
(14, 14)
(14, 15)
(14, 16)
(14, 17)
(15, 17)
(16, 17)
(17, 17)
(17, 18)
(17, 19)
(16, 19)
(15, 19)
(14, 19)
kaikki ok
Reitin pituus: 14
(4, 4)
(4, 5)
(4, 6)
(4, 7)
(4, 8)
(4, 9)
(4, 10)
(4, 11)
(4, 12)
(4, 13)
(4, 14)
(4, 15)
(5, 15)
(6, 15)
(6, 16)
kaikki ok
Reitin pituus: 10
(13, 9)
(14, 9)
(14, 8)
(14, 7)
(14, 6)
(14, 5)
(14, 4)
(14, 3)
(13, 3)
(12, 3)
(11, 3)
kaikki ok
Reitin pituus: 14
(14, 14)
(14, 13)
(14, 12)
(14, 11)
(14, 10)
(14, 9)
(14, 8)
(14, 7)
(14, 6)
(14, 5)
(14, 4)
(14, 3)
(14, 2)
(14, 1)
(15, 1)
kaikki ok
Reitin pituus: 22
(15, 19)
(16, 19)
(17, 19)
(17, 18)
(17, 17)
(16, 17)
(15, 17)
(14, 17)
(14, 16)
(14, 15)
(14, 14)
(14, 13)
(14, 12)
(14, 11)
(14, 10)
(14, 9)
(13, 9)
(12, 9)
(12, 8)
(12, 7)
(11, 7)
(10, 7)
(10, 6)
kaikki ok
Reitin pituus: 16
(14, 8)
(14, 9)
(13, 9)
(12, 9)
(12, 10)
(12, 11)
(11, 11)
(10, 11)
(9, 11)
(8, 11)
(7, 11)
(6, 11)
(6, 12)
(6, 13)
(5, 13)
(4, 13)
(4, 14)
kaikki ok
Reitin pituus: 8
(6, 11)
(6, 12)
(6, 13)
(7, 13)
(8, 13)
(8, 14)
(8, 15)
(9, 15)
(10, 15)
kaikki ok
Reitin pituus: 6
(17, 19)
(16, 19)
(15, 19)
(14, 19)
(13, 19)
(12, 19)
(11, 19)
kaikki ok
Reitin pituus: 17
(8, 18)
(8, 17)
(7, 17)
(6, 17)
(6, 16)
(6, 15)
(5, 15)
(4, 15)
(4, 14)
(4, 13)
(4, 12)
(4, 11)
(4, 10)
(4, 9)
(5, 9)
(6, 9)
(6, 8)
(6, 7)
kaikki ok
Reitin pituus: 6
(7, 15)
(8, 15)
(8, 14)
(8, 13)
(7, 13)
(6, 13)
(6, 12)
kaikki ok
Reitin pituus: 21
(11, 17)
(12, 17)
(12, 16)
(12, 15)
(13, 15)
(14, 15)
(14, 14)
(14, 13)
(14, 12)
(14, 11)
(14, 10)
(14, 9)
(13, 9)
(12, 9)
(12, 8)
(12, 7)
(11, 7)
(10, 7)
(9, 7)
(9, 8)
(9, 9)
(8, 9)
kaikki ok
Reitin pituus: 3
(10, 19)
(9, 19)
(8, 19)
(8, 18)
kaikki ok
Reitin pituus: 30
(17, 3)
(16, 3)
(15, 3)
(14, 3)
(14, 4)
(14, 5)
(14, 6)
(14, 7)
(14, 8)
(14, 9)
(14, 10)
(14, 11)
(14, 12)
(14, 13)
(14, 14)
(14, 15)
(13, 15)
(12, 15)
(12, 16)
(12, 17)
(11, 17)
(10, 17)
(10, 18)
(10, 19)
(9, 19)
(8, 19)
(7, 19)
(6, 19)
(5, 19)
(4, 19)
(3, 19)
kaikki ok
Reitin pituus: 14
(11, 5)
(10, 5)
(10, 6)
(10, 7)
(11, 7)
(12, 7)
(12, 8)
(12, 9)
(13, 9)
(14, 9)
(14, 10)
(14, 11)
(14, 12)
(14, 13)
(14, 14)
kaikki ok
Reitin pituus: 9
(12, 12)
(12, 11)
(12, 10)
(12, 9)
(13, 9)
(14, 9)
(14, 8)
(14, 7)
(14, 6)
(14, 5)
kaikki ok
Reitin pituus: 6
(14, 5)
(14, 4)
(14, 3)
(14, 2)
(14, 1)
(15, 1)
(16, 1)
kaikki ok
Reitin pituus: 5
(4, 9)
(5, 9)
(6, 9)
(6, 10)
(6, 11)
(7, 11)
kaikki ok
Reitin pituus: 10
(15, 5)
(14, 5)
(14, 6)
(14, 7)
(14, 8)
(14, 9)
(14, 10)
(14, 11)
(14, 12)
(14, 13)
(13, 13)
kaikki ok
Reitin pituus: 2
(8, 7)
(9, 7)
(10, 7)
kaikki ok
Reitin pituus: 18
(15, 17)
(14, 17)
(14, 16)
(14, 15)
(14, 14)
(14, 13)
(13, 13)
(12, 13)
(12, 12)
(12, 11)
(12, 10)
(12, 9)
(12, 8)
(12, 7)
(11, 7)
(10, 7)
(9, 7)
(9, 8)
(9, 9)
kaikki ok
Reitin pituus: 18
(5, 1)
(4, 1)
(4, 2)
(4, 3)
(4, 4)
(4, 5)
(4, 6)
(4, 7)
(4, 8)
(4, 9)
(5, 9)
(6, 9)
(6, 10)
(6, 11)
(6, 12)
(6, 13)
(7, 13)
(8, 13)
(8, 14)
kaikki ok
Reitin pituus: 8
(17, 17)
(16, 17)
(15, 17)
(14, 17)
(14, 16)
(14, 15)
(13, 15)
(12, 15)
(12, 16)
kaikki ok
Reitin pituus: 20
(1, 2)
(1, 3)
(2, 3)
(3, 3)
(4, 3)
(5, 3)
(6, 3)
(7, 3)
(8, 3)
(9, 3)
(10, 3)
(11, 3)
(12, 3)
(13, 3)
(14, 3)
(14, 4)
(14, 5)
(14, 6)
(14, 7)
(14, 8)
(14, 9)
kaikki ok
Reitin pituus: 14
(11, 3)
(12, 3)
(12, 4)
(12, 5)
(11, 5)
(10, 5)
(10, 6)
(10, 7)
(11, 7)
(12, 7)
(12, 8)
(12, 9)
(12, 10)
(12, 11)
(12, 12)
kaikki ok
Reitin pituus: 16
(4, 8)
(4, 9)
(5, 9)
(6, 9)
(6, 10)
(6, 11)
(7, 11)
(8, 11)
(9, 11)
(10, 11)
(11, 11)
(12, 11)
(12, 12)
(12, 13)
(13, 13)
(14, 13)
(15, 13)
kaikki ok
Reitin pituus: 10
(1, 14)
(1, 15)
(2, 15)
(2, 16)
(2, 17)
(1, 17)
(1, 18)
(1, 19)
(2, 19)
(3, 19)
(4, 19)
kaikki ok
Reitin pituus: 19
(9, 8)
(9, 7)
(8, 7)
(7, 7)
(6, 7)
(6, 8)
(6, 9)
(5, 9)
(4, 9)
(4, 10)
(4, 11)
(4, 12)
(4, 13)
(4, 14)
(4, 15)
(5, 15)
(6, 15)
(6, 16)
(6, 17)
(7, 17)
kaikki ok
Reitin pituus: 7
(5, 13)
(4, 13)
(4, 14)
(4, 15)
(4, 16)
(4, 17)
(3, 17)
(2, 17)
kaikki ok
Reitin pituus: 11
(6, 17)
(6, 16)
(6, 15)
(7, 15)
(8, 15)
(9, 15)
(10, 15)
(11, 15)
(12, 15)
(13, 15)
(14, 15)
(14, 16)
kaikki ok
Reitin pituus: 8
(12, 15)
(12, 16)
(12, 17)
(11, 17)
(10, 17)
(10, 18)
(10, 19)
(11, 19)
(12, 19)
kaikki ok
Reitin pituus: 16
(8, 11)
(9, 11)
(10, 11)
(11, 11)
(12, 11)
(12, 12)
(12, 13)
(13, 13)
(14, 13)
(14, 14)
(14, 15)
(14, 16)
(14, 17)
(15, 17)
(16, 17)
(17, 17)
(17, 18)
kaikki ok
Reitin pituus: 13
(3, 5)
(4, 5)
(4, 4)
(4, 3)
(5, 3)
(6, 3)
(7, 3)
(8, 3)
(9, 3)
(10, 3)
(11, 3)
(12, 3)
(13, 3)
(14, 3)
kaikki ok
Reitin pituus: 16
(12, 15)
(13, 15)
(14, 15)
(14, 14)
(14, 13)
(14, 12)
(14, 11)
(14, 10)
(14, 9)
(13, 9)
(12, 9)
(12, 8)
(12, 7)
(11, 7)
(10, 7)
(9, 7)
(9, 8)
kaikki ok
Reitin pituus: 17
(14, 14)
(14, 15)
(13, 15)
(12, 15)
(12, 16)
(12, 17)
(11, 17)
(10, 17)
(10, 18)
(10, 19)
(9, 19)
(8, 19)
(7, 19)
(6, 19)
(5, 19)
(4, 19)
(3, 19)
(2, 19)
kaikki ok
Reitin pituus: 25
(17, 2)
(17, 3)
(17, 4)
(17, 5)
(16, 5)
(15, 5)
(14, 5)
(14, 6)
(14, 7)
(14, 8)
(14, 9)
(14, 10)
(14, 11)
(14, 12)
(14, 13)
(14, 14)
(14, 15)
(13, 15)
(12, 15)
(12, 16)
(12, 17)
(11, 17)
(10, 17)
(10, 18)
(10, 19)
(11, 19)
kaikki ok
Reitin pituus: 7
(15, 17)
(14, 17)
(14, 16)
(14, 15)
(14, 14)
(14, 13)
(14, 12)
(14, 11)
kaikki ok
Reitin pituus: 9
(13, 3)
(12, 3)
(12, 4)
(12, 5)
(11, 5)
(10, 5)
(10, 6)
(10, 7)
(11, 7)
(12, 7)
kaikki ok
Reitin pituus: 11
(17, 13)
(16, 13)
(15, 13)
(14, 13)
(14, 14)
(14, 15)
(13, 15)
(12, 15)
(11, 15)
(10, 15)
(9, 15)
(8, 15)
kaikki ok
Reitin pituus: 6
(8, 2)
(8, 3)
(7, 3)
(6, 3)
(5, 3)
(4, 3)
(4, 4)
kaikki ok
Reitin pituus: 18
(2, 15)
(1, 15)
(1, 14)
(1, 13)
(2, 13)
(3, 13)
(4, 13)
(4, 12)
(4, 11)
(4, 10)
(4, 9)
(4, 8)
(4, 7)
(4, 6)
(4, 5)
(4, 4)
(4, 3)
(3, 3)
(2, 3)
kaikki ok
Reitin pituus: 26
(14, 4)
(14, 5)
(14, 6)
(14, 7)
(14, 8)
(14, 9)
(13, 9)
(12, 9)
(12, 10)
(12, 11)
(11, 11)
(10, 11)
(9, 11)
(8, 11)
(7, 11)
(6, 11)
(6, 12)
(6, 13)
(5, 13)
(4, 13)
(3, 13)
(2, 13)
(1, 13)
(1, 14)
(1, 15)
(2, 15)
(2, 16)
kaikki ok
Reitin pituus: 23
(3, 1)
(4, 1)
(4, 2)
(4, 3)
(4, 4)
(4, 5)
(4, 6)
(4, 7)
(4, 8)
(4, 9)
(4, 10)
(4, 11)
(4, 12)
(4, 13)
(4, 14)
(4, 15)
(5, 15)
(6, 15)
(6, 16)
(6, 17)
(7, 17)
(8, 17)
(8, 18)
(8, 19)
kaikki ok
Reitin pituus: 5
(16, 3)
(15, 3)
(14, 3)
(14, 4)
(14, 5)
(15, 5)
kaikki ok
Reitin pituus: 23
(3, 17)
(4, 17)
(4, 16)
(4, 15)
(4, 14)
(4, 13)
(4, 12)
(4, 11)
(4, 10)
(4, 9)
(4, 8)
(4, 7)
(4, 6)
(4, 5)
(4, 4)
(4, 3)
(5, 3)
(6, 3)
(7, 3)
(8, 3)
(9, 3)
(10, 3)
(10, 2)
(10, 1)
kaikki ok
Reitin pituus: 3
(5, 13)
(4, 13)
(4, 12)
(4, 11)
kaikki ok
Reitin pituus: 16
(14, 10)
(14, 11)
(14, 12)
(14, 13)
(14, 14)
(14, 15)
(13, 15)
(12, 15)
(12, 16)
(12, 17)
(11, 17)
(10, 17)
(10, 18)
(10, 19)
(9, 19)
(8, 19)
(8, 18)
kaikki ok
Reitin pituus: 11
(9, 11)
(10, 11)
(11, 11)
(12, 11)
(12, 10)
(12, 9)
(12, 8)
(12, 7)
(11, 7)
(10, 7)
(10, 6)
(10, 5)
kaikki ok
Reitin pituus: 11
(7, 11)
(6, 11)
(6, 10)
(6, 9)
(6, 8)
(6, 7)
(7, 7)
(8, 7)
(9, 7)
(9, 8)
(9, 9)
(8, 9)
kaikki ok
Reitin pituus: 5
(1, 19)
(1, 18)
(1, 17)
(2, 17)
(2, 16)
(2, 15)
kaikki ok
Reitin pituus: 8
(6, 16)
(6, 15)
(7, 15)
(8, 15)
(9, 15)
(10, 15)
(11, 15)
(12, 15)
(12, 16)
kaikki ok
Reitin pituus: 21
(7, 17)
(6, 17)
(6, 16)
(6, 15)
(5, 15)
(4, 15)
(4, 14)
(4, 13)
(4, 12)
(4, 11)
(4, 10)
(4, 9)
(4, 8)
(4, 7)
(4, 6)
(4, 5)
(4, 4)
(4, 3)
(4, 2)
(4, 1)
(5, 1)
(6, 1)
kaikki ok
Reitin pituus: 1
(13, 9)
(14, 9)
kaikki ok
Reitin pituus: 5
(7, 13)
(6, 13)
(5, 13)
(4, 13)
(4, 14)
(4, 15)
kaikki ok
Reitin pituus: 7
(3, 3)
(4, 3)
(5, 3)
(6, 3)
(6, 4)
(6, 5)
(7, 5)
(8, 5)
kaikki ok
Reitin pituus: 10
(4, 3)
(4, 4)
(4, 5)
(4, 6)
(4, 7)
(4, 8)
(4, 9)
(5, 9)
(6, 9)
(6, 10)
(6, 11)
kaikki ok
Reitin pituus: 7
(11, 11)
(10, 11)
(9, 11)
(8, 11)
(7, 11)
(6, 11)
(6, 12)
(6, 13)
kaikki ok
Reitin pituus: 16
(17, 17)
(16, 17)
(15, 17)
(14, 17)
(14, 16)
(14, 15)
(13, 15)
(12, 15)
(11, 15)
(10, 15)
(9, 15)
(8, 15)
(8, 14)
(8, 13)
(7, 13)
(6, 13)
(5, 13)
kaikki ok
Reitin pituus: 11
(10, 18)
(10, 19)
(9, 19)
(8, 19)
(7, 19)
(6, 19)
(5, 19)
(4, 19)
(3, 19)
(2, 19)
(1, 19)
(1, 18)
kaikki ok
Reitin pituus: 10
(10, 14)
(10, 15)
(9, 15)
(8, 15)
(7, 15)
(6, 15)
(5, 15)
(4, 15)
(4, 14)
(4, 13)
(4, 12)
kaikki ok
Reitin pituus: 16
(5, 3)
(4, 3)
(4, 4)
(4, 5)
(4, 6)
(4, 7)
(4, 8)
(4, 9)
(5, 9)
(6, 9)
(6, 10)
(6, 11)
(7, 11)
(8, 11)
(9, 11)
(10, 11)
(11, 11)
kaikki ok
Reitin pituus: 19
(14, 3)
(14, 4)
(14, 5)
(14, 6)
(14, 7)
(14, 8)
(14, 9)
(14, 10)
(14, 11)
(14, 12)
(14, 13)
(14, 14)
(14, 15)
(14, 16)
(14, 17)
(15, 17)
(16, 17)
(17, 17)
(17, 18)
(17, 19)
kaikki ok
Reitin pituus: 2
(7, 15)
(8, 15)
(9, 15)
kaikki ok
Reitin pituus: 4
(16, 13)
(15, 13)
(14, 13)
(14, 14)
(14, 15)
kaikki ok
Reitin pituus: 13
(10, 14)
(10, 15)
(9, 15)
(8, 15)
(7, 15)
(6, 15)
(5, 15)
(4, 15)
(4, 16)
(4, 17)
(3, 17)
(2, 17)
(1, 17)
(1, 18)
kaikki ok
Reitin pituus: 22
(1, 15)
(2, 15)
(2, 16)
(2, 17)
(3, 17)
(4, 17)
(4, 16)
(4, 15)
(5, 15)
(6, 15)
(7, 15)
(8, 15)
(9, 15)
(10, 15)
(11, 15)
(12, 15)
(13, 15)
(14, 15)
(14, 14)
(14, 13)
(15, 13)
(16, 13)
(17, 13)
kaikki ok
Reitin pituus: 13
(8, 13)
(7, 13)
(6, 13)
(6, 12)
(6, 11)
(7, 11)
(8, 11)
(9, 11)
(10, 11)
(11, 11)
(12, 11)
(12, 10)
(12, 9)
(13, 9)
kaikki ok
Reitin pituus: 12
(15, 19)
(16, 19)
(17, 19)
(17, 18)
(17, 17)
(16, 17)
(15, 17)
(14, 17)
(14, 16)
(14, 15)
(14, 14)
(14, 13)
(13, 13)
kaikki ok
Reitin pituus: 19
(2, 17)
(3, 17)
(4, 17)
(4, 16)
(4, 15)
(5, 15)
(6, 15)
(7, 15)
(8, 15)
(9, 15)
(10, 15)
(10, 14)
(10, 13)
(11, 13)
(12, 13)
(12, 12)
(12, 11)
(12, 10)
(12, 9)
(12, 8)
kaikki ok
Reitin pituus: 11
(12, 5)
(12, 4)
(12, 3)
(11, 3)
(10, 3)
(9, 3)
(8, 3)
(7, 3)
(6, 3)
(5, 3)
(4, 3)
(4, 2)
kaikki ok
Reitin pituus: 4
(14, 3)
(14, 4)
(14, 5)
(14, 6)
(14, 7)
kaikki ok
Reitin pituus: 4
(17, 13)
(16, 13)
(15, 13)
(14, 13)
(14, 14)
kaikki ok
Reitin pituus: 3
(9, 7)
(10, 7)
(10, 6)
(10, 5)
kaikki ok
Reitin pituus: 21
(10, 19)
(10, 18)
(10, 17)
(11, 17)
(12, 17)
(12, 16)
(12, 15)
(13, 15)
(14, 15)
(14, 14)
(14, 13)
(14, 12)
(14, 11)
(14, 10)
(14, 9)
(14, 8)
(14, 7)
(14, 6)
(14, 5)
(14, 4)
(14, 3)
(15, 3)
kaikki ok
Reitin pituus: 16
(5, 9)
(4, 9)
(4, 10)
(4, 11)
(4, 12)
(4, 13)
(4, 14)
(4, 15)
(5, 15)
(6, 15)
(6, 16)
(6, 17)
(7, 17)
(8, 17)
(8, 18)
(8, 19)
(7, 19)
kaikki ok
Reitin pituus: 4
(17, 14)
(17, 13)
(16, 13)
(15, 13)
(14, 13)
kaikki ok
Reitin pituus: 26
(8, 18)
(8, 19)
(9, 19)
(10, 19)
(10, 18)
(10, 17)
(11, 17)
(12, 17)
(12, 16)
(12, 15)
(13, 15)
(14, 15)
(14, 14)
(14, 13)
(14, 12)
(14, 11)
(14, 10)
(14, 9)
(14, 8)
(14, 7)
(14, 6)
(14, 5)
(14, 4)
(14, 3)
(14, 2)
(14, 1)
(15, 1)
kaikki ok
Reitin pituus: 20
(7, 5)
(8, 5)
(8, 6)
(8, 7)
(9, 7)
(10, 7)
(11, 7)
(12, 7)
(12, 8)
(12, 9)
(12, 10)
(12, 11)
(12, 12)
(12, 13)
(13, 13)
(14, 13)
(14, 14)
(14, 15)
(14, 16)
(14, 17)
(15, 17)
kaikki ok
Reitin pituus: 19
(1, 14)
(1, 13)
(2, 13)
(3, 13)
(4, 13)
(4, 14)
(4, 15)
(5, 15)
(6, 15)
(6, 16)
(6, 17)
(7, 17)
(8, 17)
(8, 18)
(8, 19)
(9, 19)
(10, 19)
(11, 19)
(12, 19)
(13, 19)
kaikki ok
Reitin pituus: 9
(16, 13)
(17, 13)
(17, 14)
(17, 15)
(16, 15)
(16, 16)
(16, 17)
(17, 17)
(17, 18)
(17, 19)
kaikki ok
Reitin pituus: 16
(7, 19)
(8, 19)
(8, 18)
(8, 17)
(7, 17)
(6, 17)
(6, 16)
(6, 15)
(5, 15)
(4, 15)
(4, 14)
(4, 13)
(5, 13)
(6, 13)
(6, 12)
(6, 11)
(7, 11)
kaikki ok
Reitin pituus: 8
(7, 1)
(8, 1)
(8, 2)
(8, 3)
(9, 3)
(10, 3)
(11, 3)
(12, 3)
(12, 4)
kaikki ok
Reitin pituus: 18
(4, 5)
(4, 6)
(4, 7)
(4, 8)
(4, 9)
(4, 10)
(4, 11)
(4, 12)
(4, 13)
(4, 14)
(4, 15)
(5, 15)
(6, 15)
(6, 16)
(6, 17)
(7, 17)
(8, 17)
(8, 18)
(8, 19)
kaikki ok
Reitin pituus: 16
(6, 16)
(6, 15)
(5, 15)
(4, 15)
(4, 14)
(4, 13)
(4, 12)
(4, 11)
(4, 10)
(4, 9)
(4, 8)
(4, 7)
(4, 6)
(4, 5)
(4, 4)
(4, 3)
(3, 3)
kaikki ok
Reitin pituus: 7
(11, 13)
(12, 13)
(13, 13)
(14, 13)
(15, 13)
(16, 13)
(17, 13)
(17, 14)
kaikki ok
Reitin pituus: 10
(7, 1)
(6, 1)
(5, 1)
(4, 1)
(4, 2)
(4, 3)
(4, 4)
(4, 5)
(3, 5)
(2, 5)
(1, 5)
kaikki ok
Reitin pituus: 10
(9, 15)
(8, 15)
(8, 14)
(8, 13)
(7, 13)
(6, 13)
(6, 12)
(6, 11)
(6, 10)
(6, 9)
(6, 8)
kaikki ok
Reitin pituus: 17
(13, 13)
(12, 13)
(11, 13)
(10, 13)
(10, 14)
(10, 15)
(9, 15)
(8, 15)
(7, 15)
(6, 15)
(5, 15)
(4, 15)
(4, 16)
(4, 17)
(3, 17)
(2, 17)
(1, 17)
(1, 18)
kaikki ok
Reitin pituus: 12
(4, 9)
(4, 10)
(4, 11)
(4, 12)
(4, 13)
(4, 14)
(4, 15)
(5, 15)
(6, 15)
(6, 16)
(6, 17)
(7, 17)
(8, 17)
kaikki ok
Reitin pituus: 9
(6, 9)
(5, 9)
(4, 9)
(4, 10)
(4, 11)
(4, 12)
(4, 13)
(3, 13)
(2, 13)
(1, 13)
kaikki ok
Reitin pituus: 6
(11, 3)
(12, 3)
(13, 3)
(14, 3)
(14, 2)
(14, 1)
(15, 1)
kaikki ok
Reitin pituus: 27
(5, 19)
(6, 19)
(7, 19)
(8, 19)
(9, 19)
(10, 19)
(10, 18)
(10, 17)
(11, 17)
(12, 17)
(12, 16)
(12, 15)
(13, 15)
(14, 15)
(14, 14)
(14, 13)
(14, 12)
(14, 11)
(14, 10)
(14, 9)
(14, 8)
(14, 7)
(14, 6)
(14, 5)
(14, 4)
(14, 3)
(15, 3)
(16, 3)
kaikki ok
Reitin pituus: 15
(9, 9)
(9, 8)
(9, 7)
(8, 7)
(7, 7)
(6, 7)
(6, 8)
(6, 9)
(6, 10)
(6, 11)
(6, 12)
(6, 13)
(7, 13)
(8, 13)
(8, 14)
(8, 15)
kaikki ok
Reitin pituus: 29
(1, 17)
(2, 17)
(3, 17)
(4, 17)
(4, 16)
(4, 15)
(5, 15)
(6, 15)
(7, 15)
(8, 15)
(9, 15)
(10, 15)
(10, 14)
(10, 13)
(11, 13)
(12, 13)
(12, 12)
(12, 11)
(12, 10)
(12, 9)
(13, 9)
(14, 9)
(14, 8)
(14, 7)
(14, 6)
(14, 5)
(14, 4)
(14, 3)
(15, 3)
(16, 3)
kaikki ok
Reitin pituus: 20
(2, 15)
(2, 16)
(2, 17)
(3, 17)
(4, 17)
(4, 16)
(4, 15)
(5, 15)
(6, 15)
(7, 15)
(8, 15)
(9, 15)
(10, 15)
(11, 15)
(12, 15)
(13, 15)
(14, 15)
(14, 16)
(14, 17)
(15, 17)
(16, 17)
kaikki ok
Reitin pituus: 2
(7, 1)
(6, 1)
(5, 1)
kaikki ok
Reitin pituus: 7
(8, 11)
(7, 11)
(6, 11)
(6, 10)
(6, 9)
(6, 8)
(6, 7)
(7, 7)
kaikki ok
Reitin pituus: 14
(6, 10)
(6, 11)
(6, 12)
(6, 13)
(7, 13)
(8, 13)
(8, 14)
(8, 15)
(9, 15)
(10, 15)
(11, 15)
(12, 15)
(12, 16)
(12, 17)
(11, 17)
kaikki ok
Reitin pituus: 15
(16, 1)
(15, 1)
(14, 1)
(14, 2)
(14, 3)
(14, 4)
(14, 5)
(14, 6)
(14, 7)
(14, 8)
(14, 9)
(14, 10)
(14, 11)
(14, 12)
(14, 13)
(15, 13)
kaikki ok
Reitin pituus: 8
(12, 8)
(12, 7)
(11, 7)
(10, 7)
(9, 7)
(8, 7)
(7, 7)
(6, 7)
(6, 8)
kaikki ok
Reitin pituus: 13
(17, 13)
(16, 13)
(15, 13)
(14, 13)
(14, 12)
(14, 11)
(14, 10)
(14, 9)
(13, 9)
(12, 9)
(12, 8)
(12, 7)
(11, 7)
(10, 7)
kaikki ok
Reitin pituus: 25
(14, 14)
(14, 13)
(13, 13)
(12, 13)
(12, 12)
(12, 11)
(11, 11)
(10, 11)
(9, 11)
(8, 11)
(7, 11)
(6, 11)
(6, 10)
(6, 9)
(5, 9)
(4, 9)
(4, 8)
(4, 7)
(4, 6)
(4, 5)
(4, 4)
(4, 3)
(3, 3)
(2, 3)
(1, 3)
(1, 2)
kaikki ok
Reitin pituus: 6
(2, 5)
(3, 5)
(4, 5)
(4, 4)
(4, 3)
(4, 2)
(4, 1)
kaikki ok
Reitin pituus: 13
(8, 11)
(7, 11)
(6, 11)
(6, 10)
(6, 9)
(5, 9)
(4, 9)
(4, 8)
(4, 7)
(4, 6)
(4, 5)
(4, 4)
(4, 3)
(4, 2)
kaikki ok
Reitin pituus: 5
(10, 13)
(10, 14)
(10, 15)
(9, 15)
(8, 15)
(8, 14)
kaikki ok
Reitin pituus: 2
(10, 1)
(11, 1)
(12, 1)
kaikki ok
Reitin pituus: 21
(17, 15)
(17, 14)
(17, 13)
(16, 13)
(15, 13)
(14, 13)
(13, 13)
(12, 13)
(12, 12)
(12, 11)
(12, 10)
(12, 9)
(12, 8)
(12, 7)
(11, 7)
(10, 7)
(9, 7)
(8, 7)
(8, 6)
(8, 5)
(7, 5)
(6, 5)
kaikki ok
Reitin pituus: 13
(4, 5)
(4, 4)
(4, 3)
(5, 3)
(6, 3)
(7, 3)
(8, 3)
(9, 3)
(10, 3)
(11, 3)
(12, 3)
(13, 3)
(14, 3)
(15, 3)
kaikki ok
Reitin pituus: 10
(10, 13)
(10, 14)
(10, 15)
(9, 15)
(8, 15)
(8, 14)
(8, 13)
(7, 13)
(6, 13)
(6, 12)
(6, 11)
kaikki ok
Reitin pituus: 11
(12, 9)
(13, 9)
(14, 9)
(14, 8)
(14, 7)
(14, 6)
(14, 5)
(15, 5)
(16, 5)
(17, 5)
(17, 4)
(17, 3)
kaikki ok
Reitin pituus: 17
(4, 13)
(5, 13)
(6, 13)
(6, 12)
(6, 11)
(7, 11)
(8, 11)
(9, 11)
(10, 11)
(11, 11)
(12, 11)
(12, 10)
(12, 9)
(13, 9)
(14, 9)
(14, 8)
(14, 7)
(14, 6)
kaikki ok
Reitin pituus: 12
(11, 15)
(10, 15)
(9, 15)
(8, 15)
(8, 14)
(8, 13)
(7, 13)
(6, 13)
(6, 12)
(6, 11)
(6, 10)
(6, 9)
(6, 8)
kaikki ok
Reitin pituus: 9
(13, 9)
(12, 9)
(12, 10)
(12, 11)
(12, 12)
(12, 13)
(11, 13)
(10, 13)
(10, 14)
(10, 15)
kaikki ok
Reitin pituus: 17
(8, 6)
(8, 7)
(9, 7)
(10, 7)
(11, 7)
(12, 7)
(12, 8)
(12, 9)
(12, 10)
(12, 11)
(12, 12)
(12, 13)
(13, 13)
(14, 13)
(14, 14)
(14, 15)
(14, 16)
(14, 17)
kaikki ok
Reitin pituus: 7
(8, 18)
(8, 17)
(7, 17)
(6, 17)
(6, 16)
(6, 15)
(5, 15)
(4, 15)
kaikki ok
Reitin pituus: 6
(10, 14)
(10, 15)
(9, 15)
(8, 15)
(7, 15)
(6, 15)
(5, 15)
kaikki ok
Reitin pituus: 16
(1, 2)
(1, 3)
(2, 3)
(3, 3)
(4, 3)
(5, 3)
(6, 3)
(6, 4)
(6, 5)
(7, 5)
(8, 5)
(8, 6)
(8, 7)
(9, 7)
(10, 7)
(11, 7)
(12, 7)
kaikki ok
Reitin pituus: 13
(8, 9)
(9, 9)
(9, 8)
(9, 7)
(8, 7)
(7, 7)
(6, 7)
(6, 8)
(6, 9)
(6, 10)
(6, 11)
(6, 12)
(6, 13)
(7, 13)
kaikki ok
Reitin pituus: 10
(11, 17)
(12, 17)
(12, 16)
(12, 15)
(13, 15)
(14, 15)
(14, 14)
(14, 13)
(14, 12)
(14, 11)
(14, 10)
kaikki ok
Reitin pituus: 11
(12, 4)
(12, 5)
(11, 5)
(10, 5)
(10, 6)
(10, 7)
(11, 7)
(12, 7)
(12, 8)
(12, 9)
(12, 10)
(12, 11)
kaikki ok
Reitin pituus: 18
(14, 2)
(14, 3)
(14, 4)
(14, 5)
(14, 6)
(14, 7)
(14, 8)
(14, 9)
(14, 10)
(14, 11)
(14, 12)
(14, 13)
(14, 14)
(14, 15)
(14, 16)
(14, 17)
(15, 17)
(16, 17)
(17, 17)
kaikki ok
Reitin pituus: 5
(4, 2)
(4, 3)
(5, 3)
(6, 3)
(6, 4)
(6, 5)
kaikki ok
Reitin pituus: 8
(10, 5)
(10, 6)
(10, 7)
(11, 7)
(12, 7)
(12, 8)
(12, 9)
(12, 10)
(12, 11)
kaikki ok
Reitin pituus: 25
(9, 19)
(8, 19)
(8, 18)
(8, 17)
(7, 17)
(6, 17)
(6, 16)
(6, 15)
(5, 15)
(4, 15)
(4, 14)
(4, 13)
(4, 12)
(4, 11)
(4, 10)
(4, 9)
(4, 8)
(4, 7)
(4, 6)
(4, 5)
(4, 4)
(4, 3)
(3, 3)
(2, 3)
(1, 3)
(1, 2)
kaikki ok
Reitin pituus: 8
(10, 17)
(11, 17)
(12, 17)
(12, 16)
(12, 15)
(13, 15)
(14, 15)
(14, 14)
(14, 13)
kaikki ok
Reitin pituus: 22
(1, 14)
(1, 13)
(2, 13)
(3, 13)
(4, 13)
(5, 13)
(6, 13)
(7, 13)
(8, 13)
(8, 14)
(8, 15)
(9, 15)
(10, 15)
(11, 15)
(12, 15)
(13, 15)
(14, 15)
(14, 16)
(14, 17)
(15, 17)
(16, 17)
(16, 16)
(16, 15)
kaikki ok
Reitin pituus: 23
(17, 19)
(17, 18)
(17, 17)
(16, 17)
(15, 17)
(14, 17)
(14, 16)
(14, 15)
(13, 15)
(12, 15)
(11, 15)
(10, 15)
(9, 15)
(8, 15)
(8, 14)
(8, 13)
(7, 13)
(6, 13)
(6, 12)
(6, 11)
(6, 10)
(6, 9)
(5, 9)
(4, 9)
kaikki ok
Reitin pituus: 16
(6, 15)
(5, 15)
(4, 15)
(4, 14)
(4, 13)
(4, 12)
(4, 11)
(4, 10)
(4, 9)
(4, 8)
(4, 7)
(4, 6)
(4, 5)
(4, 4)
(4, 3)
(5, 3)
(6, 3)
kaikki ok
Reitin pituus: 25
(12, 19)
(11, 19)
(10, 19)
(9, 19)
(8, 19)
(8, 18)
(8, 17)
(7, 17)
(6, 17)
(6, 16)
(6, 15)
(5, 15)
(4, 15)
(4, 14)
(4, 13)
(4, 12)
(4, 11)
(4, 10)
(4, 9)
(4, 8)
(4, 7)
(4, 6)
(4, 5)
(3, 5)
(2, 5)
(1, 5)
kaikki ok
Reitin pituus: 21
(7, 5)
(8, 5)
(8, 6)
(8, 7)
(9, 7)
(10, 7)
(11, 7)
(12, 7)
(12, 8)
(12, 9)
(12, 10)
(12, 11)
(12, 12)
(12, 13)
(13, 13)
(14, 13)
(15, 13)
(16, 13)
(17, 13)
(17, 14)
(17, 15)
(16, 15)
kaikki ok
Reitin pituus: 19
(12, 10)
(12, 9)
(12, 8)
(12, 7)
(11, 7)
(10, 7)
(9, 7)
(8, 7)
(8, 6)
(8, 5)
(7, 5)
(6, 5)
(6, 4)
(6, 3)
(5, 3)
(4, 3)
(4, 2)
(4, 1)
(3, 1)
(2, 1)
kaikki ok
Reitin pituus: 21
(16, 15)
(16, 16)
(16, 17)
(15, 17)
(14, 17)
(14, 16)
(14, 15)
(13, 15)
(12, 15)
(11, 15)
(10, 15)
(9, 15)
(8, 15)
(7, 15)
(6, 15)
(5, 15)
(4, 15)
(4, 16)
(4, 17)
(3, 17)
(2, 17)
(2, 16)
kaikki ok
Reitin pituus: 12
(5, 15)
(6, 15)
(7, 15)
(8, 15)
(9, 15)
(10, 15)
(11, 15)
(12, 15)
(13, 15)
(14, 15)
(14, 14)
(14, 13)
(15, 13)
kaikki ok
Reitin pituus: 14
(14, 12)
(14, 13)
(13, 13)
(12, 13)
(11, 13)
(10, 13)
(10, 14)
(10, 15)
(9, 15)
(8, 15)
(7, 15)
(6, 15)
(6, 16)
(6, 17)
(7, 17)
kaikki ok
Reitin pituus: 7
(8, 3)
(9, 3)
(10, 3)
(10, 2)
(10, 1)
(11, 1)
(12, 1)
(13, 1)
kaikki ok
Reitin pituus: 21
(16, 16)
(16, 17)
(15, 17)
(14, 17)
(14, 16)
(14, 15)
(14, 14)
(14, 13)
(13, 13)
(12, 13)
(12, 12)
(12, 11)
(12, 10)
(12, 9)
(12, 8)
(12, 7)
(11, 7)
(10, 7)
(9, 7)
(9, 8)
(9, 9)
(8, 9)
kaikki ok
Reitin pituus: 7
(17, 14)
(17, 15)
(16, 15)
(16, 16)
(16, 17)
(15, 17)
(14, 17)
(14, 16)
kaikki ok
Reitin pituus: 10
(10, 5)
(11, 5)
(12, 5)
(12, 4)
(12, 3)
(13, 3)
(14, 3)
(14, 2)
(14, 1)
(15, 1)
(16, 1)
kaikki ok
Reitin pituus: 8
(9, 15)
(8, 15)
(8, 14)
(8, 13)
(7, 13)
(6, 13)
(6, 12)
(6, 11)
(6, 10)
kaikki ok
Reitin pituus: 14
(10, 1)
(10, 2)
(10, 3)
(11, 3)
(12, 3)
(12, 4)
(12, 5)
(11, 5)
(10, 5)
(10, 6)
(10, 7)
(9, 7)
(9, 8)
(9, 9)
(8, 9)
kaikki ok
Reitin pituus: 14
(12, 10)
(12, 11)
(12, 12)
(12, 13)
(13, 13)
(14, 13)
(14, 14)
(14, 15)
(14, 16)
(14, 17)
(15, 17)
(16, 17)
(17, 17)
(17, 18)
(17, 19)
kaikki ok
Reitin pituus: 15
(5, 15)
(4, 15)
(4, 14)
(4, 13)
(4, 12)
(4, 11)
(4, 10)
(4, 9)
(4, 8)
(4, 7)
(4, 6)
(4, 5)
(3, 5)
(2, 5)
(1, 5)
(1, 4)
kaikki ok
Reitin pituus: 3
(2, 17)
(1, 17)
(1, 18)
(1, 19)
kaikki ok
Reitin pituus: 25
(4, 19)
(3, 19)
(2, 19)
(1, 19)
(1, 18)
(1, 17)
(2, 17)
(3, 17)
(4, 17)
(4, 16)
(4, 15)
(4, 14)
(4, 13)
(5, 13)
(6, 13)
(6, 12)
(6, 11)
(6, 10)
(6, 9)
(6, 8)
(6, 7)
(7, 7)
(8, 7)
(8, 6)
(8, 5)
(7, 5)
kaikki ok
Reitin pituus: 23
(12, 19)
(11, 19)
(10, 19)
(10, 18)
(10, 17)
(11, 17)
(12, 17)
(12, 16)
(12, 15)
(13, 15)
(14, 15)
(14, 14)
(14, 13)
(14, 12)
(14, 11)
(14, 10)
(14, 9)
(13, 9)
(12, 9)
(12, 8)
(12, 7)
(11, 7)
(10, 7)
(9, 7)
kaikki ok
Reitin pituus: 19
(10, 2)
(10, 3)
(9, 3)
(8, 3)
(7, 3)
(6, 3)
(5, 3)
(4, 3)
(4, 4)
(4, 5)
(4, 6)
(4, 7)
(4, 8)
(4, 9)
(4, 10)
(4, 11)
(4, 12)
(4, 13)
(5, 13)
(6, 13)
kaikki ok
Reitin pituus: 21
(16, 1)
(15, 1)
(14, 1)
(13, 1)
(12, 1)
(11, 1)
(10, 1)
(10, 2)
(10, 3)
(9, 3)
(8, 3)
(7, 3)
(6, 3)
(5, 3)
(4, 3)
(4, 4)
(4, 5)
(4, 6)
(4, 7)
(4, 8)
(4, 9)
(4, 10)
kaikki ok
Reitin pituus: 10
(2, 19)
(1, 19)
(1, 18)
(1, 17)
(2, 17)
(3, 17)
(4, 17)
(4, 16)
(4, 15)
(4, 14)
(4, 13)
kaikki ok
Reitin pituus: 14
(12, 13)
(11, 13)
(10, 13)
(10, 14)
(10, 15)
(11, 15)
(12, 15)
(12, 16)
(12, 17)
(11, 17)
(10, 17)
(10, 18)
(10, 19)
(11, 19)
(12, 19)
kaikki ok
Reitin pituus: 6
(8, 2)
(8, 1)
(7, 1)
(6, 1)
(5, 1)
(4, 1)
(3, 1)
kaikki ok
Reitin pituus: 18
(3, 17)
(4, 17)
(4, 16)
(4, 15)
(4, 14)
(4, 13)
(4, 12)
(4, 11)
(4, 10)
(4, 9)
(5, 9)
(6, 9)
(6, 8)
(6, 7)
(7, 7)
(8, 7)
(9, 7)
(10, 7)
(10, 6)
kaikki ok
Reitin pituus: 20
(11, 1)
(12, 1)
(13, 1)
(14, 1)
(14, 2)
(14, 3)
(14, 4)
(14, 5)
(14, 6)
(14, 7)
(14, 8)
(14, 9)
(14, 10)
(14, 11)
(14, 12)
(14, 13)
(13, 13)
(12, 13)
(11, 13)
(10, 13)
(10, 14)
kaikki ok
Reitin pituus: 8
(12, 1)
(11, 1)
(10, 1)
(10, 2)
(10, 3)
(9, 3)
(8, 3)
(8, 2)
(8, 1)
kaikki ok
Reitin pituus: 14
(8, 13)
(7, 13)
(6, 13)
(6, 12)
(6, 11)
(6, 10)
(6, 9)
(6, 8)
(6, 7)
(7, 7)
(8, 7)
(9, 7)
(10, 7)
(10, 6)
(10, 5)
kaikki ok
Reitin pituus: 15
(1, 13)
(2, 13)
(3, 13)
(4, 13)
(4, 12)
(4, 11)
(4, 10)
(4, 9)
(4, 8)
(4, 7)
(4, 6)
(4, 5)
(4, 4)
(4, 3)
(5, 3)
(6, 3)
kaikki ok
Reitin pituus: 19
(5, 15)
(4, 15)
(4, 14)
(4, 13)
(5, 13)
(6, 13)
(6, 12)
(6, 11)
(6, 10)
(6, 9)
(6, 8)
(6, 7)
(7, 7)
(8, 7)
(9, 7)
(10, 7)
(10, 6)
(10, 5)
(11, 5)
(12, 5)
kaikki ok
Reitin pituus: 26
(10, 19)
(10, 18)
(10, 17)
(11, 17)
(12, 17)
(12, 16)
(12, 15)
(13, 15)
(14, 15)
(14, 14)
(14, 13)
(14, 12)
(14, 11)
(14, 10)
(14, 9)
(14, 8)
(14, 7)
(14, 6)
(14, 5)
(14, 4)
(14, 3)
(13, 3)
(12, 3)
(11, 3)
(10, 3)
(10, 2)
(10, 1)
kaikki ok
Reitin pituus: 9
(6, 19)
(5, 19)
(4, 19)
(3, 19)
(2, 19)
(1, 19)
(1, 18)
(1, 17)
(2, 17)
(2, 16)
kaikki ok
Reitin pituus: 21
(17, 14)
(17, 13)
(16, 13)
(15, 13)
(14, 13)
(14, 14)
(14, 15)
(13, 15)
(12, 15)
(12, 16)
(12, 17)
(11, 17)
(10, 17)
(10, 18)
(10, 19)
(9, 19)
(8, 19)
(7, 19)
(6, 19)
(5, 19)
(4, 19)
(3, 19)
kaikki ok
Reitin pituus: 9
(8, 18)
(8, 19)
(9, 19)
(10, 19)
(10, 18)
(10, 17)
(11, 17)
(12, 17)
(12, 16)
(12, 15)
kaikki ok
Reitin pituus: 6
(3, 17)
(4, 17)
(4, 16)
(4, 15)
(4, 14)
(4, 13)
(5, 13)
kaikki ok
Reitin pituus: 16
(6, 10)
(6, 9)
(6, 8)
(6, 7)
(7, 7)
(8, 7)
(9, 7)
(10, 7)
(10, 6)
(10, 5)
(11, 5)
(12, 5)
(12, 4)
(12, 3)
(13, 3)
(14, 3)
(14, 2)
kaikki ok
Reitin pituus: 13
(12, 17)
(12, 16)
(12, 15)
(13, 15)
(14, 15)
(14, 14)
(14, 13)
(14, 12)
(14, 11)
(14, 10)
(14, 9)
(14, 8)
(14, 7)
(14, 6)
kaikki ok
Reitin pituus: 26
(12, 17)
(12, 16)
(12, 15)
(11, 15)
(10, 15)
(9, 15)
(8, 15)
(8, 14)
(8, 13)
(7, 13)
(6, 13)
(5, 13)
(4, 13)
(4, 12)
(4, 11)
(4, 10)
(4, 9)
(4, 8)
(4, 7)
(4, 6)
(4, 5)
(4, 4)
(4, 3)
(4, 2)
(4, 1)
(3, 1)
(2, 1)
kaikki ok
Reitin pituus: 19
(14, 12)
(14, 13)
(13, 13)
(12, 13)
(12, 12)
(12, 11)
(11, 11)
(10, 11)
(9, 11)
(8, 11)
(7, 11)
(6, 11)
(6, 10)
(6, 9)
(5, 9)
(4, 9)
(4, 8)
(4, 7)
(4, 6)
(4, 5)
kaikki ok
Reitin pituus: 7
(12, 12)
(12, 13)
(11, 13)
(10, 13)
(10, 14)
(10, 15)
(11, 15)
(12, 15)
kaikki ok
Reitin pituus: 13
(5, 3)
(4, 3)
(4, 4)
(4, 5)
(4, 6)
(4, 7)
(4, 8)
(4, 9)
(4, 10)
(4, 11)
(4, 12)
(4, 13)
(3, 13)
(2, 13)
kaikki ok
Reitin pituus: 9
(13, 15)
(12, 15)
(12, 16)
(12, 17)
(11, 17)
(10, 17)
(10, 18)
(10, 19)
(9, 19)
(8, 19)
kaikki ok
Reitin pituus: 5
(6, 17)
(7, 17)
(8, 17)
(8, 18)
(8, 19)
(7, 19)
kaikki ok
Reitin pituus: 8
(7, 11)
(8, 11)
(9, 11)
(10, 11)
(11, 11)
(12, 11)
(12, 12)
(12, 13)
(11, 13)
kaikki ok
Reitin pituus: 28
(16, 5)
(15, 5)
(14, 5)
(14, 6)
(14, 7)
(14, 8)
(14, 9)
(14, 10)
(14, 11)
(14, 12)
(14, 13)
(14, 14)
(14, 15)
(13, 15)
(12, 15)
(12, 16)
(12, 17)
(11, 17)
(10, 17)
(10, 18)
(10, 19)
(9, 19)
(8, 19)
(7, 19)
(6, 19)
(5, 19)
(4, 19)
(3, 19)
(2, 19)
kaikki ok
Reitin pituus: 10
(10, 7)
(10, 6)
(10, 5)
(11, 5)
(12, 5)
(12, 4)
(12, 3)
(13, 3)
(14, 3)
(15, 3)
(16, 3)
kaikki ok
Reitin pituus: 7
(10, 1)
(11, 1)
(12, 1)
(13, 1)
(14, 1)
(14, 2)
(14, 3)
(15, 3)
kaikki ok
Reitin pituus: 17
(17, 5)
(16, 5)
(15, 5)
(14, 5)
(14, 6)
(14, 7)
(14, 8)
(14, 9)
(13, 9)
(12, 9)
(12, 10)
(12, 11)
(11, 11)
(10, 11)
(9, 11)
(8, 11)
(7, 11)
(6, 11)
kaikki ok
Reitin pituus: 26
(14, 2)
(14, 3)
(13, 3)
(12, 3)
(12, 4)
(12, 5)
(11, 5)
(10, 5)
(10, 6)
(10, 7)
(9, 7)
(8, 7)
(7, 7)
(6, 7)
(6, 8)
(6, 9)
(6, 10)
(6, 11)
(6, 12)
(6, 13)
(5, 13)
(4, 13)
(3, 13)
(2, 13)
(1, 13)
(1, 14)
(1, 15)
kaikki ok
Reitin pituus: 14
(7, 1)
(8, 1)
(8, 2)
(8, 3)
(9, 3)
(10, 3)
(11, 3)
(12, 3)
(12, 4)
(12, 5)
(11, 5)
(10, 5)
(10, 6)
(10, 7)
(11, 7)
kaikki ok
Reitin pituus: 13
(7, 19)
(8, 19)
(9, 19)
(10, 19)
(10, 18)
(10, 17)
(11, 17)
(12, 17)
(12, 16)
(12, 15)
(13, 15)
(14, 15)
(14, 16)
(14, 17)
kaikki ok
Reitin pituus: 12
(15, 17)
(14, 17)
(14, 16)
(14, 15)
(14, 14)
(14, 13)
(13, 13)
(12, 13)
(12, 12)
(12, 11)
(11, 11)
(10, 11)
(9, 11)
kaikki ok
Reitin pituus: 11
(4, 9)
(4, 10)
(4, 11)
(4, 12)
(4, 13)
(4, 14)
(4, 15)
(5, 15)
(6, 15)
(6, 16)
(6, 17)
(7, 17)
kaikki ok
Reitin pituus: 12
(11, 7)
(10, 7)
(9, 7)
(8, 7)
(7, 7)
(6, 7)
(6, 8)
(6, 9)
(6, 10)
(6, 11)
(6, 12)
(6, 13)
(7, 13)
kaikki ok
Reitin pituus: 13
(15, 1)
(14, 1)
(14, 2)
(14, 3)
(13, 3)
(12, 3)
(12, 4)
(12, 5)
(11, 5)
(10, 5)
(10, 6)
(10, 7)
(11, 7)
(12, 7)
kaikki ok
Reitin pituus: 24
(15, 19)
(16, 19)
(17, 19)
(17, 18)
(17, 17)
(16, 17)
(15, 17)
(14, 17)
(14, 16)
(14, 15)
(14, 14)
(14, 13)
(14, 12)
(14, 11)
(14, 10)
(14, 9)
(13, 9)
(12, 9)
(12, 8)
(12, 7)
(11, 7)
(10, 7)
(10, 6)
(10, 5)
(11, 5)
kaikki ok
Reitin pituus: 19
(2, 3)
(3, 3)
(4, 3)
(4, 4)
(4, 5)
(4, 6)
(4, 7)
(4, 8)
(4, 9)
(4, 10)
(4, 11)
(4, 12)
(4, 13)
(4, 14)
(4, 15)
(4, 16)
(4, 17)
(3, 17)
(2, 17)
(1, 17)
kaikki ok
Reitin pituus: 17
(1, 4)
(1, 5)
(2, 5)
(3, 5)
(4, 5)
(4, 6)
(4, 7)
(4, 8)
(4, 9)
(5, 9)
(6, 9)
(6, 10)
(6, 11)
(6, 12)
(6, 13)
(7, 13)
(8, 13)
(8, 14)
kaikki ok
Reitin pituus: 28
(11, 19)
(10, 19)
(9, 19)
(8, 19)
(8, 18)
(8, 17)
(7, 17)
(6, 17)
(6, 16)
(6, 15)
(5, 15)
(4, 15)
(4, 14)
(4, 13)
(4, 12)
(4, 11)
(4, 10)
(4, 9)
(4, 8)
(4, 7)
(4, 6)
(4, 5)
(4, 4)
(4, 3)
(4, 2)
(4, 1)
(3, 1)
(2, 1)
(1, 1)
kaikki ok
Reitin pituus: 12
(2, 13)
(3, 13)
(4, 13)
(4, 14)
(4, 15)
(5, 15)
(6, 15)
(7, 15)
(8, 15)
(9, 15)
(10, 15)
(11, 15)
(12, 15)
kaikki ok
Reitin pituus: 22
(9, 19)
(8, 19)
(8, 18)
(8, 17)
(7, 17)
(6, 17)
(6, 16)
(6, 15)
(5, 15)
(4, 15)
(4, 14)
(4, 13)
(4, 12)
(4, 11)
(4, 10)
(4, 9)
(4, 8)
(4, 7)
(4, 6)
(4, 5)
(4, 4)
(4, 3)
(4, 2)
kaikki ok
Reitin pituus: 13
(4, 6)
(4, 7)
(4, 8)
(4, 9)
(4, 10)
(4, 11)
(4, 12)
(4, 13)
(5, 13)
(6, 13)
(7, 13)
(8, 13)
(8, 14)
(8, 15)
kaikki ok
Reitin pituus: 17
(6, 11)
(6, 12)
(6, 13)
(5, 13)
(4, 13)
(4, 14)
(4, 15)
(5, 15)
(6, 15)
(6, 16)
(6, 17)
(7, 17)
(8, 17)
(8, 18)
(8, 19)
(9, 19)
(10, 19)
(11, 19)
kaikki ok
Reitin pituus: 3
(10, 14)
(10, 13)
(11, 13)
(12, 13)
kaikki ok
Reitin pituus: 16
(14, 2)
(14, 3)
(13, 3)
(12, 3)
(11, 3)
(10, 3)
(9, 3)
(8, 3)
(7, 3)
(6, 3)
(5, 3)
(4, 3)
(4, 4)
(4, 5)
(4, 6)
(4, 7)
(4, 8)
kaikki ok
Reitin pituus: 11
(4, 9)
(5, 9)
(6, 9)
(6, 8)
(6, 7)
(7, 7)
(8, 7)
(9, 7)
(10, 7)
(10, 6)
(10, 5)
(11, 5)
kaikki ok
Reitin pituus: 4
(1, 1)
(2, 1)
(3, 1)
(4, 1)
(4, 2)
kaikki ok
Reitin pituus: 21
(15, 17)
(14, 17)
(14, 16)
(14, 15)
(14, 14)
(14, 13)
(14, 12)
(14, 11)
(14, 10)
(14, 9)
(14, 8)
(14, 7)
(14, 6)
(14, 5)
(14, 4)
(14, 3)
(14, 2)
(14, 1)
(13, 1)
(12, 1)
(11, 1)
(10, 1)
kaikki ok
Reitin pituus: 1
(16, 1)
(15, 1)
kaikki ok
Reitin pituus: 28
(10, 2)
(10, 3)
(11, 3)
(12, 3)
(13, 3)
(14, 3)
(14, 4)
(14, 5)
(14, 6)
(14, 7)
(14, 8)
(14, 9)
(14, 10)
(14, 11)
(14, 12)
(14, 13)
(14, 14)
(14, 15)
(13, 15)
(12, 15)
(12, 16)
(12, 17)
(11, 17)
(10, 17)
(10, 18)
(10, 19)
(11, 19)
(12, 19)
(13, 19)
kaikki ok
Reitin pituus: 14
(10, 14)
(10, 13)
(11, 13)
(12, 13)
(13, 13)
(14, 13)
(14, 12)
(14, 11)
(14, 10)
(14, 9)
(14, 8)
(14, 7)
(14, 6)
(14, 5)
(14, 4)
kaikki ok
Reitin pituus: 7
(7, 11)
(6, 11)
(6, 12)
(6, 13)
(5, 13)
(4, 13)
(3, 13)
(2, 13)
kaikki ok
Reitin pituus: 10
(8, 3)
(7, 3)
(6, 3)
(6, 4)
(6, 5)
(7, 5)
(8, 5)
(8, 6)
(8, 7)
(9, 7)
(9, 8)
kaikki ok
Reitin pituus: 11
(12, 19)
(11, 19)
(10, 19)
(9, 19)
(8, 19)
(8, 18)
(8, 17)
(7, 17)
(6, 17)
(6, 16)
(6, 15)
(7, 15)
kaikki ok
Reitin pituus: 5
(14, 17)
(14, 16)
(14, 15)
(14, 14)
(14, 13)
(13, 13)
kaikki ok
Reitin pituus: 10
(11, 3)
(10, 3)
(9, 3)
(8, 3)
(7, 3)
(6, 3)
(6, 4)
(6, 5)
(7, 5)
(8, 5)
(8, 6)
kaikki ok
Reitin pituus: 21
(7, 15)
(8, 15)
(9, 15)
(10, 15)
(11, 15)
(12, 15)
(13, 15)
(14, 15)
(14, 14)
(14, 13)
(14, 12)
(14, 11)
(14, 10)
(14, 9)
(14, 8)
(14, 7)
(14, 6)
(14, 5)
(14, 4)
(14, 3)
(15, 3)
(16, 3)
kaikki ok
Reitin pituus: 15
(8, 17)
(7, 17)
(6, 17)
(6, 16)
(6, 15)
(7, 15)
(8, 15)
(9, 15)
(10, 15)
(10, 14)
(10, 13)
(11, 13)
(12, 13)
(12, 12)
(12, 11)
(11, 11)
kaikki ok
Reitin pituus: 15
(8, 9)
(9, 9)
(9, 8)
(9, 7)
(10, 7)
(10, 6)
(10, 5)
(11, 5)
(12, 5)
(12, 4)
(12, 3)
(13, 3)
(14, 3)
(14, 4)
(14, 5)
(15, 5)
kaikki ok
Reitin pituus: 15
(16, 19)
(15, 19)
(14, 19)
(13, 19)
(12, 19)
(11, 19)
(10, 19)
(9, 19)
(8, 19)
(8, 18)
(8, 17)
(7, 17)
(6, 17)
(6, 16)
(6, 15)
(5, 15)
kaikki ok
Reitin pituus: 13
(4, 6)
(4, 7)
(4, 8)
(4, 9)
(5, 9)
(6, 9)
(6, 8)
(6, 7)
(7, 7)
(8, 7)
(9, 7)
(10, 7)
(11, 7)
(12, 7)
kaikki ok
Reitin pituus: 11
(14, 10)
(14, 9)
(13, 9)
(12, 9)
(12, 8)
(12, 7)
(11, 7)
(10, 7)
(9, 7)
(9, 8)
(9, 9)
(10, 9)
kaikki ok
Reitin pituus: 11
(9, 11)
(10, 11)
(11, 11)
(12, 11)
(12, 10)
(12, 9)
(12, 8)
(12, 7)
(11, 7)
(10, 7)
(10, 6)
(10, 5)
kaikki ok
Reitin pituus: 12
(10, 9)
(9, 9)
(9, 8)
(9, 7)
(8, 7)
(7, 7)
(6, 7)
(6, 8)
(6, 9)
(6, 10)
(6, 11)
(6, 12)
(6, 13)
kaikki ok
Reitin pituus: 21
(14, 4)
(14, 5)
(14, 6)
(14, 7)
(14, 8)
(14, 9)
(14, 10)
(14, 11)
(14, 12)
(14, 13)
(14, 14)
(14, 15)
(13, 15)
(12, 15)
(12, 16)
(12, 17)
(11, 17)
(10, 17)
(10, 18)
(10, 19)
(11, 19)
(12, 19)
kaikki ok
Reitin pituus: 13
(5, 13)
(4, 13)
(4, 14)
(4, 15)
(5, 15)
(6, 15)
(6, 16)
(6, 17)
(7, 17)
(8, 17)
(8, 18)
(8, 19)
(7, 19)
(6, 19)
kaikki ok
Reitin pituus: 14
(14, 10)
(14, 9)
(13, 9)
(12, 9)
(12, 10)
(12, 11)
(11, 11)
(10, 11)
(9, 11)
(8, 11)
(7, 11)
(6, 11)
(6, 12)
(6, 13)
(7, 13)
kaikki ok
Reitin pituus: 14
(8, 13)
(7, 13)
(6, 13)
(6, 12)
(6, 11)
(6, 10)
(6, 9)
(6, 8)
(6, 7)
(7, 7)
(8, 7)
(9, 7)
(9, 8)
(9, 9)
(10, 9)
kaikki ok
Reitin pituus: 25
(4, 14)
(4, 13)
(4, 12)
(4, 11)
(4, 10)
(4, 9)
(4, 8)
(4, 7)
(4, 6)
(4, 5)
(4, 4)
(4, 3)
(5, 3)
(6, 3)
(7, 3)
(8, 3)
(9, 3)
(10, 3)
(10, 2)
(10, 1)
(11, 1)
(12, 1)
(13, 1)
(14, 1)
(15, 1)
(16, 1)
kaikki ok
Reitin pituus: 15
(1, 17)
(2, 17)
(3, 17)
(4, 17)
(4, 16)
(4, 15)
(5, 15)
(6, 15)
(7, 15)
(8, 15)
(9, 15)
(10, 15)
(11, 15)
(12, 15)
(12, 16)
(12, 17)
kaikki ok
Reitin pituus: 8
(8, 15)
(7, 15)
(6, 15)
(5, 15)
(4, 15)
(4, 14)
(4, 13)
(3, 13)
(2, 13)
kaikki ok
Reitin pituus: 13
(11, 17)
(12, 17)
(12, 16)
(12, 15)
(11, 15)
(10, 15)
(9, 15)
(8, 15)
(8, 14)
(8, 13)
(7, 13)
(6, 13)
(6, 12)
(6, 11)
kaikki ok
Reitin pituus: 13
(12, 9)
(13, 9)
(14, 9)
(14, 8)
(14, 7)
(14, 6)
(14, 5)
(14, 4)
(14, 3)
(14, 2)
(14, 1)
(15, 1)
(16, 1)
(17, 1)
kaikki ok
Reitin pituus: 13
(11, 11)
(12, 11)
(12, 12)
(12, 13)
(11, 13)
(10, 13)
(10, 14)
(10, 15)
(9, 15)
(8, 15)
(7, 15)
(6, 15)
(6, 16)
(6, 17)
kaikki ok
Reitin pituus: 8
(8, 6)
(8, 7)
(9, 7)
(10, 7)
(11, 7)
(12, 7)
(12, 8)
(12, 9)
(12, 10)
kaikki ok
Reitin pituus: 9
(8, 11)
(9, 11)
(10, 11)
(11, 11)
(12, 11)
(12, 10)
(12, 9)
(13, 9)
(14, 9)
(14, 10)
kaikki ok
Reitin pituus: 6
(14, 9)
(13, 9)
(12, 9)
(12, 10)
(12, 11)
(11, 11)
(10, 11)
kaikki ok
Reitin pituus: 13
(4, 12)
(4, 13)
(5, 13)
(6, 13)
(7, 13)
(8, 13)
(8, 14)
(8, 15)
(9, 15)
(10, 15)
(11, 15)
(12, 15)
(13, 15)
(14, 15)
kaikki ok
Reitin pituus: 21
(17, 19)
(17, 18)
(17, 17)
(16, 17)
(15, 17)
(14, 17)
(14, 16)
(14, 15)
(14, 14)
(14, 13)
(14, 12)
(14, 11)
(14, 10)
(14, 9)
(14, 8)
(14, 7)
(14, 6)
(14, 5)
(15, 5)
(16, 5)
(17, 5)
(17, 4)
kaikki ok
Reitin pituus: 14
(9, 8)
(9, 7)
(10, 7)
(11, 7)
(12, 7)
(12, 8)
(12, 9)
(13, 9)
(14, 9)
(14, 10)
(14, 11)
(14, 12)
(14, 13)
(15, 13)
(16, 13)
kaikki ok
Reitin pituus: 21
(14, 1)
(14, 2)
(14, 3)
(13, 3)
(12, 3)
(12, 4)
(12, 5)
(11, 5)
(10, 5)
(10, 6)
(10, 7)
(9, 7)
(8, 7)
(7, 7)
(6, 7)
(6, 8)
(6, 9)
(6, 10)
(6, 11)
(6, 12)
(6, 13)
(5, 13)
kaikki ok
Reitin pituus: 8
(7, 3)
(8, 3)
(9, 3)
(10, 3)
(11, 3)
(12, 3)
(13, 3)
(14, 3)
(14, 4)
kaikki ok
Reitin pituus: 15
(5, 15)
(4, 15)
(4, 14)
(4, 13)
(5, 13)
(6, 13)
(6, 12)
(6, 11)
(6, 10)
(6, 9)
(6, 8)
(6, 7)
(7, 7)
(8, 7)
(8, 6)
(8, 5)
kaikki ok
Reitin pituus: 5
(14, 3)
(15, 3)
(16, 3)
(17, 3)
(17, 4)
(17, 5)
kaikki ok
Reitin pituus: 0
(6, 3)
kaikki ok
Reitin pituus: 1
(5, 15)
(6, 15)
kaikki ok
Reitin pituus: 14
(6, 12)
(6, 11)
(6, 10)
(6, 9)
(5, 9)
(4, 9)
(4, 8)
(4, 7)
(4, 6)
(4, 5)
(4, 4)
(4, 3)
(5, 3)
(6, 3)
(7, 3)
kaikki ok
Reitin pituus: 9
(6, 12)
(6, 13)
(7, 13)
(8, 13)
(8, 14)
(8, 15)
(9, 15)
(10, 15)
(10, 14)
(10, 13)
kaikki ok
Reitin pituus: 14
(6, 8)
(6, 7)
(7, 7)
(8, 7)
(8, 6)
(8, 5)
(7, 5)
(6, 5)
(6, 4)
(6, 3)
(7, 3)
(8, 3)
(8, 2)
(8, 1)
(7, 1)
kaikki ok
Reitin pituus: 9
(4, 12)
(4, 11)
(4, 10)
(4, 9)
(4, 8)
(4, 7)
(4, 6)
(4, 5)
(4, 4)
(4, 3)
kaikki ok
Reitin pituus: 11
(1, 1)
(2, 1)
(3, 1)
(4, 1)
(5, 1)
(6, 1)
(7, 1)
(8, 1)
(8, 2)
(8, 3)
(9, 3)
(10, 3)
kaikki ok
Reitin pituus: 7
(14, 8)
(14, 9)
(14, 10)
(14, 11)
(14, 12)
(14, 13)
(14, 14)
(14, 15)
kaikki ok
Reitin pituus: 16
(10, 18)
(10, 17)
(11, 17)
(12, 17)
(12, 16)
(12, 15)
(11, 15)
(10, 15)
(9, 15)
(8, 15)
(8, 14)
(8, 13)
(7, 13)
(6, 13)
(6, 12)
(6, 11)
(7, 11)
kaikki ok
Reitin pituus: 18
(15, 17)
(14, 17)
(14, 16)
(14, 15)
(14, 14)
(14, 13)
(13, 13)
(12, 13)
(12, 12)
(12, 11)
(12, 10)
(12, 9)
(12, 8)
(12, 7)
(11, 7)
(10, 7)
(9, 7)
(8, 7)
(7, 7)
kaikki ok
Reitin pituus: 17
(17, 14)
(17, 13)
(16, 13)
(15, 13)
(14, 13)
(14, 12)
(14, 11)
(14, 10)
(14, 9)
(14, 8)
(14, 7)
(14, 6)
(14, 5)
(14, 4)
(14, 3)
(13, 3)
(12, 3)
(11, 3)
kaikki ok
Reitin pituus: 18
(4, 8)
(4, 9)
(5, 9)
(6, 9)
(6, 10)
(6, 11)
(7, 11)
(8, 11)
(9, 11)
(10, 11)
(11, 11)
(12, 11)
(12, 12)
(12, 13)
(13, 13)
(14, 13)
(14, 14)
(14, 15)
(14, 16)
kaikki ok
Reitin pituus: 28
(11, 3)
(12, 3)
(13, 3)
(14, 3)
(14, 4)
(14, 5)
(14, 6)
(14, 7)
(14, 8)
(14, 9)
(14, 10)
(14, 11)
(14, 12)
(14, 13)
(14, 14)
(14, 15)
(13, 15)
(12, 15)
(12, 16)
(12, 17)
(11, 17)
(10, 17)
(10, 18)
(10, 19)
(9, 19)
(8, 19)
(7, 19)
(6, 19)
(5, 19)
kaikki ok
Reitin pituus: 17
(14, 17)
(14, 16)
(14, 15)
(13, 15)
(12, 15)
(11, 15)
(10, 15)
(9, 15)
(8, 15)
(8, 14)
(8, 13)
(7, 13)
(6, 13)
(6, 12)
(6, 11)
(6, 10)
(6, 9)
(5, 9)
kaikki ok
Reitin pituus: 7
(1, 19)
(2, 19)
(3, 19)
(4, 19)
(5, 19)
(6, 19)
(7, 19)
(8, 19)
kaikki ok
Reitin pituus: 19
(7, 1)
(6, 1)
(5, 1)
(4, 1)
(4, 2)
(4, 3)
(4, 4)
(4, 5)
(4, 6)
(4, 7)
(4, 8)
(4, 9)
(4, 10)
(4, 11)
(4, 12)
(4, 13)
(3, 13)
(2, 13)
(1, 13)
(1, 14)
kaikki ok
Reitin pituus: 12
(1, 14)
(1, 13)
(2, 13)
(3, 13)
(4, 13)
(5, 13)
(6, 13)
(6, 12)
(6, 11)
(6, 10)
(6, 9)
(6, 8)
(6, 7)
kaikki ok
Reitin pituus: 8
(8, 13)
(8, 14)
(8, 15)
(9, 15)
(10, 15)
(11, 15)
(12, 15)
(12, 16)
(12, 17)
kaikki ok
Reitin pituus: 20
(14, 11)
(14, 12)
(14, 13)
(13, 13)
(12, 13)
(12, 12)
(12, 11)
(11, 11)
(10, 11)
(9, 11)
(8, 11)
(7, 11)
(6, 11)
(6, 12)
(6, 13)
(5, 13)
(4, 13)
(3, 13)
(2, 13)
(1, 13)
(1, 14)
kaikki ok
Reitin pituus: 13
(3, 17)
(4, 17)
(4, 16)
(4, 15)
(4, 14)
(4, 13)
(4, 12)
(4, 11)
(4, 10)
(4, 9)
(4, 8)
(4, 7)
(4, 6)
(4, 5)
kaikki ok
Reitin pituus: 16
(11, 3)
(12, 3)
(13, 3)
(14, 3)
(14, 4)
(14, 5)
(14, 6)
(14, 7)
(14, 8)
(14, 9)
(14, 10)
(14, 11)
(14, 12)
(14, 13)
(14, 14)
(14, 15)
(14, 16)
kaikki ok
Reitin pituus: 5
(4, 8)
(4, 7)
(4, 6)
(4, 5)
(4, 4)
(4, 3)
kaikki ok
Reitin pituus: 16
(11, 1)
(12, 1)
(13, 1)
(14, 1)
(14, 2)
(14, 3)
(14, 4)
(14, 5)
(14, 6)
(14, 7)
(14, 8)
(14, 9)
(14, 10)
(14, 11)
(14, 12)
(14, 13)
(14, 14)
kaikki ok
Reitin pituus: 17
(12, 4)
(12, 5)
(11, 5)
(10, 5)
(10, 6)
(10, 7)
(9, 7)
(8, 7)
(7, 7)
(6, 7)
(6, 8)
(6, 9)
(5, 9)
(4, 9)
(4, 10)
(4, 11)
(4, 12)
(4, 13)
kaikki ok
Reitin pituus: 21
(17, 17)
(16, 17)
(15, 17)
(14, 17)
(14, 16)
(14, 15)
(14, 14)
(14, 13)
(14, 12)
(14, 11)
(14, 10)
(14, 9)
(14, 8)
(14, 7)
(14, 6)
(14, 5)
(14, 4)
(14, 3)
(13, 3)
(12, 3)
(11, 3)
(10, 3)
kaikki ok
Reitin pituus: 10
(17, 13)
(16, 13)
(15, 13)
(14, 13)
(14, 12)
(14, 11)
(14, 10)
(14, 9)
(14, 8)
(14, 7)
(14, 6)
kaikki ok
Reitin pituus: 14
(11, 13)
(12, 13)
(13, 13)
(14, 13)
(14, 12)
(14, 11)
(14, 10)
(14, 9)
(14, 8)
(14, 7)
(14, 6)
(14, 5)
(14, 4)
(14, 3)
(14, 2)
kaikki ok
Reitin pituus: 10
(6, 3)
(6, 4)
(6, 5)
(7, 5)
(8, 5)
(8, 6)
(8, 7)
(9, 7)
(10, 7)
(11, 7)
(12, 7)
kaikki ok
Reitin pituus: 23
(12, 5)
(11, 5)
(10, 5)
(10, 6)
(10, 7)
(9, 7)
(8, 7)
(7, 7)
(6, 7)
(6, 8)
(6, 9)
(6, 10)
(6, 11)
(6, 12)
(6, 13)
(5, 13)
(4, 13)
(4, 14)
(4, 15)
(4, 16)
(4, 17)
(3, 17)
(2, 17)
(1, 17)
kaikki ok
Reitin pituus: 16
(9, 11)
(8, 11)
(7, 11)
(6, 11)
(6, 12)
(6, 13)
(5, 13)
(4, 13)
(4, 14)
(4, 15)
(4, 16)
(4, 17)
(3, 17)
(2, 17)
(1, 17)
(1, 18)
(1, 19)
kaikki ok
Reitin pituus: 26
(1, 18)
(1, 17)
(2, 17)
(3, 17)
(4, 17)
(4, 16)
(4, 15)
(4, 14)
(4, 13)
(4, 12)
(4, 11)
(4, 10)
(4, 9)
(4, 8)
(4, 7)
(4, 6)
(4, 5)
(4, 4)
(4, 3)
(5, 3)
(6, 3)
(7, 3)
(8, 3)
(9, 3)
(10, 3)
(10, 2)
(10, 1)
kaikki ok
Reitin pituus: 16
(4, 17)
(4, 16)
(4, 15)
(4, 14)
(4, 13)
(5, 13)
(6, 13)
(6, 12)
(6, 11)
(6, 10)
(6, 9)
(6, 8)
(6, 7)
(7, 7)
(8, 7)
(9, 7)
(9, 8)
kaikki ok
Reitin pituus: 22
(1, 5)
(2, 5)
(3, 5)
(4, 5)
(4, 6)
(4, 7)
(4, 8)
(4, 9)
(4, 10)
(4, 11)
(4, 12)
(4, 13)
(4, 14)
(4, 15)
(5, 15)
(6, 15)
(6, 16)
(6, 17)
(7, 17)
(8, 17)
(8, 18)
(8, 19)
(7, 19)
kaikki ok
Reitin pituus: 12
(2, 3)
(3, 3)
(4, 3)
(5, 3)
(6, 3)
(7, 3)
(8, 3)
(9, 3)
(10, 3)
(11, 3)
(12, 3)
(13, 3)
(14, 3)
kaikki ok
Reitin pituus: 16
(6, 9)
(5, 9)
(4, 9)
(4, 10)
(4, 11)
(4, 12)
(4, 13)
(4, 14)
(4, 15)
(5, 15)
(6, 15)
(6, 16)
(6, 17)
(7, 17)
(8, 17)
(8, 18)
(8, 19)
kaikki ok
Reitin pituus: 9
(12, 15)
(12, 16)
(12, 17)
(11, 17)
(10, 17)
(10, 18)
(10, 19)
(9, 19)
(8, 19)
(8, 18)
kaikki ok
Reitin pituus: 13
(4, 12)
(4, 13)
(4, 14)
(4, 15)
(5, 15)
(6, 15)
(6, 16)
(6, 17)
(7, 17)
(8, 17)
(8, 18)
(8, 19)
(7, 19)
(6, 19)
kaikki ok
Reitin pituus: 9
(9, 11)
(10, 11)
(11, 11)
(12, 11)
(12, 10)
(12, 9)
(13, 9)
(14, 9)
(14, 8)
(14, 7)
kaikki ok
Reitin pituus: 20
(4, 3)
(4, 4)
(4, 5)
(4, 6)
(4, 7)
(4, 8)
(4, 9)
(5, 9)
(6, 9)
(6, 10)
(6, 11)
(6, 12)
(6, 13)
(7, 13)
(8, 13)
(8, 14)
(8, 15)
(9, 15)
(10, 15)
(10, 14)
(10, 13)
kaikki ok
Reitin pituus: 5
(15, 3)
(16, 3)
(17, 3)
(17, 4)
(17, 5)
(16, 5)
kaikki ok
Reitin pituus: 7
(7, 5)
(6, 5)
(6, 4)
(6, 3)
(5, 3)
(4, 3)
(3, 3)
(2, 3)
kaikki ok
Reitin pituus: 14
(4, 6)
(4, 7)
(4, 8)
(4, 9)
(4, 10)
(4, 11)
(4, 12)
(4, 13)
(5, 13)
(6, 13)
(7, 13)
(8, 13)
(8, 14)
(8, 15)
(9, 15)
kaikki ok
Reitin pituus: 4
(8, 7)
(7, 7)
(6, 7)
(6, 8)
(6, 9)
kaikki ok
Reitin pituus: 9
(4, 12)
(4, 11)
(4, 10)
(4, 9)
(4, 8)
(4, 7)
(4, 6)
(4, 5)
(4, 4)
(4, 3)
kaikki ok
Reitin pituus: 4
(4, 4)
(4, 3)
(3, 3)
(2, 3)
(1, 3)
kaikki ok
Reitin pituus: 3
(7, 1)
(8, 1)
(8, 2)
(8, 3)
kaikki ok
Reitin pituus: 24
(14, 12)
(14, 11)
(14, 10)
(14, 9)
(14, 8)
(14, 7)
(14, 6)
(14, 5)
(14, 4)
(14, 3)
(13, 3)
(12, 3)
(11, 3)
(10, 3)
(9, 3)
(8, 3)
(7, 3)
(6, 3)
(5, 3)
(4, 3)
(3, 3)
(2, 3)
(1, 3)
(1, 2)
(1, 1)
kaikki ok
Reitin pituus: 24
(4, 19)
(5, 19)
(6, 19)
(7, 19)
(8, 19)
(9, 19)
(10, 19)
(10, 18)
(10, 17)
(11, 17)
(12, 17)
(12, 16)
(12, 15)
(11, 15)
(10, 15)
(10, 14)
(10, 13)
(11, 13)
(12, 13)
(12, 12)
(12, 11)
(12, 10)
(12, 9)
(12, 8)
(12, 7)
kaikki ok
Reitin pituus: 5
(10, 17)
(10, 18)
(10, 19)
(9, 19)
(8, 19)
(8, 18)
kaikki ok
Reitin pituus: 11
(15, 3)
(14, 3)
(14, 4)
(14, 5)
(14, 6)
(14, 7)
(14, 8)
(14, 9)
(13, 9)
(12, 9)
(12, 10)
(12, 11)
kaikki ok
Reitin pituus: 16
(1, 5)
(1, 4)
(1, 3)
(2, 3)
(3, 3)
(4, 3)
(5, 3)
(6, 3)
(7, 3)
(8, 3)
(9, 3)
(10, 3)
(11, 3)
(12, 3)
(12, 4)
(12, 5)
(11, 5)
kaikki ok
Reitin pituus: 19
(14, 7)
(14, 8)
(14, 9)
(14, 10)
(14, 11)
(14, 12)
(14, 13)
(14, 14)
(14, 15)
(14, 16)
(14, 17)
(15, 17)
(16, 17)
(17, 17)
(17, 18)
(17, 19)
(16, 19)
(15, 19)
(14, 19)
(13, 19)
kaikki ok
Reitin pituus: 9
(8, 6)
(8, 5)
(7, 5)
(6, 5)
(6, 4)
(6, 3)
(7, 3)
(8, 3)
(9, 3)
(10, 3)
kaikki ok
Reitin pituus: 8
(5, 9)
(4, 9)
(4, 10)
(4, 11)
(4, 12)
(4, 13)
(4, 14)
(4, 15)
(4, 16)
kaikki ok
Reitin pituus: 20
(1, 14)
(1, 13)
(2, 13)
(3, 13)
(4, 13)
(5, 13)
(6, 13)
(6, 12)
(6, 11)
(7, 11)
(8, 11)
(9, 11)
(10, 11)
(11, 11)
(12, 11)
(12, 12)
(12, 13)
(13, 13)
(14, 13)
(14, 12)
(14, 11)
kaikki ok
Reitin pituus: 24
(6, 19)
(7, 19)
(8, 19)
(8, 18)
(8, 17)
(7, 17)
(6, 17)
(6, 16)
(6, 15)
(5, 15)
(4, 15)
(4, 14)
(4, 13)
(4, 12)
(4, 11)
(4, 10)
(4, 9)
(4, 8)
(4, 7)
(4, 6)
(4, 5)
(4, 4)
(4, 3)
(5, 3)
(6, 3)
kaikki ok
Reitin pituus: 8
(3, 17)
(4, 17)
(4, 16)
(4, 15)
(4, 14)
(4, 13)
(5, 13)
(6, 13)
(6, 12)
kaikki ok
Reitin pituus: 12
(8, 3)
(7, 3)
(6, 3)
(6, 4)
(6, 5)
(7, 5)
(8, 5)
(8, 6)
(8, 7)
(9, 7)
(9, 8)
(9, 9)
(8, 9)
kaikki ok
Reitin pituus: 17
(8, 9)
(9, 9)
(9, 8)
(9, 7)
(10, 7)
(10, 6)
(10, 5)
(11, 5)
(12, 5)
(12, 4)
(12, 3)
(13, 3)
(14, 3)
(15, 3)
(16, 3)
(17, 3)
(17, 2)
(17, 1)
kaikki ok
Reitin pituus: 11
(14, 12)
(14, 11)
(14, 10)
(14, 9)
(13, 9)
(12, 9)
(12, 8)
(12, 7)
(11, 7)
(10, 7)
(9, 7)
(9, 8)
kaikki ok
Reitin pituus: 10
(7, 15)
(8, 15)
(8, 14)
(8, 13)
(7, 13)
(6, 13)
(6, 12)
(6, 11)
(6, 10)
(6, 9)
(6, 8)
kaikki ok
Reitin pituus: 29
(13, 19)
(12, 19)
(11, 19)
(10, 19)
(9, 19)
(8, 19)
(8, 18)
(8, 17)
(7, 17)
(6, 17)
(6, 16)
(6, 15)
(5, 15)
(4, 15)
(4, 14)
(4, 13)
(4, 12)
(4, 11)
(4, 10)
(4, 9)
(4, 8)
(4, 7)
(4, 6)
(4, 5)
(4, 4)
(4, 3)
(5, 3)
(6, 3)
(6, 4)
(6, 5)
kaikki ok
Reitin pituus: 30
(17, 18)
(17, 17)
(16, 17)
(15, 17)
(14, 17)
(14, 16)
(14, 15)
(13, 15)
(12, 15)
(11, 15)
(10, 15)
(9, 15)
(8, 15)
(8, 14)
(8, 13)
(7, 13)
(6, 13)
(6, 12)
(6, 11)
(6, 10)
(6, 9)
(5, 9)
(4, 9)
(4, 8)
(4, 7)
(4, 6)
(4, 5)
(4, 4)
(4, 3)
(3, 3)
(2, 3)
kaikki ok
Reitin pituus: 3
(8, 6)
(8, 7)
(7, 7)
(6, 7)
kaikki ok
Reitin pituus: 13
(17, 1)
(16, 1)
(15, 1)
(14, 1)
(13, 1)
(12, 1)
(11, 1)
(10, 1)
(10, 2)
(10, 3)
(9, 3)
(8, 3)
(8, 2)
(8, 1)
kaikki ok
Reitin pituus: 15
(17, 18)
(17, 19)
(16, 19)
(15, 19)
(14, 19)
(13, 19)
(12, 19)
(11, 19)
(10, 19)
(9, 19)
(8, 19)
(8, 18)
(8, 17)
(7, 17)
(6, 17)
(6, 16)
kaikki ok
Reitin pituus: 15
(1, 4)
(1, 5)
(2, 5)
(3, 5)
(4, 5)
(4, 6)
(4, 7)
(4, 8)
(4, 9)
(4, 10)
(4, 11)
(4, 12)
(4, 13)
(3, 13)
(2, 13)
(1, 13)
kaikki ok
Reitin pituus: 28
(3, 19)
(2, 19)
(1, 19)
(1, 18)
(1, 17)
(2, 17)
(3, 17)
(4, 17)
(4, 16)
(4, 15)
(4, 14)
(4, 13)
(4, 12)
(4, 11)
(4, 10)
(4, 9)
(5, 9)
(6, 9)
(6, 8)
(6, 7)
(7, 7)
(8, 7)
(9, 7)
(10, 7)
(10, 6)
(10, 5)
(11, 5)
(12, 5)
(12, 4)
kaikki ok
Reitin pituus: 18
(11, 1)
(10, 1)
(10, 2)
(10, 3)
(9, 3)
(8, 3)
(7, 3)
(6, 3)
(5, 3)
(4, 3)
(4, 4)
(4, 5)
(4, 6)
(4, 7)
(4, 8)
(4, 9)
(5, 9)
(6, 9)
(6, 10)
kaikki ok
Reitin pituus: 11
(8, 11)
(7, 11)
(6, 11)
(6, 10)
(6, 9)
(5, 9)
(4, 9)
(4, 8)
(4, 7)
(4, 6)
(4, 5)
(3, 5)
kaikki ok
Reitin pituus: 11
(7, 11)
(6, 11)
(6, 10)
(6, 9)
(5, 9)
(4, 9)
(4, 8)
(4, 7)
(4, 6)
(4, 5)
(4, 4)
(4, 3)
kaikki ok
Reitin pituus: 16
(4, 6)
(4, 5)
(4, 4)
(4, 3)
(5, 3)
(6, 3)
(7, 3)
(8, 3)
(9, 3)
(10, 3)
(11, 3)
(12, 3)
(13, 3)
(14, 3)
(14, 4)
(14, 5)
(15, 5)
kaikki ok
Reitin pituus: 20
(2, 1)
(3, 1)
(4, 1)
(4, 2)
(4, 3)
(4, 4)
(4, 5)
(4, 6)
(4, 7)
(4, 8)
(4, 9)
(4, 10)
(4, 11)
(4, 12)
(4, 13)
(3, 13)
(2, 13)
(1, 13)
(1, 14)
(1, 15)
(2, 15)
kaikki ok
Reitin pituus: 22
(6, 16)
(6, 15)
(7, 15)
(8, 15)
(9, 15)
(10, 15)
(10, 14)
(10, 13)
(11, 13)
(12, 13)
(12, 12)
(12, 11)
(12, 10)
(12, 9)
(13, 9)
(14, 9)
(14, 8)
(14, 7)
(14, 6)
(14, 5)
(14, 4)
(14, 3)
(14, 2)
kaikki ok
Reitin pituus: 15
(10, 17)
(10, 18)
(10, 19)
(9, 19)
(8, 19)
(7, 19)
(6, 19)
(5, 19)
(4, 19)
(3, 19)
(2, 19)
(1, 19)
(1, 18)
(1, 17)
(2, 17)
(3, 17)
kaikki ok
Reitin pituus: 24
(8, 1)
(7, 1)
(6, 1)
(5, 1)
(4, 1)
(4, 2)
(4, 3)
(4, 4)
(4, 5)
(4, 6)
(4, 7)
(4, 8)
(4, 9)
(4, 10)
(4, 11)
(4, 12)
(4, 13)
(4, 14)
(4, 15)
(5, 15)
(6, 15)
(6, 16)
(6, 17)
(7, 17)
(8, 17)
kaikki ok
Reitin pituus: 15
(15, 13)
(14, 13)
(13, 13)
(12, 13)
(12, 12)
(12, 11)
(12, 10)
(12, 9)
(12, 8)
(12, 7)
(11, 7)
(10, 7)
(9, 7)
(8, 7)
(8, 6)
(8, 5)
kaikki ok
Reitin pituus: 4
(12, 13)
(13, 13)
(14, 13)
(14, 12)
(14, 11)
kaikki ok
Reitin pituus: 14
(2, 5)
(3, 5)
(4, 5)
(4, 4)
(4, 3)
(5, 3)
(6, 3)
(7, 3)
(8, 3)
(9, 3)
(10, 3)
(11, 3)
(12, 3)
(12, 4)
(12, 5)
kaikki ok
Reitin pituus: 15
(10, 7)
(9, 7)
(8, 7)
(7, 7)
(6, 7)
(6, 8)
(6, 9)
(5, 9)
(4, 9)
(4, 10)
(4, 11)
(4, 12)
(4, 13)
(4, 14)
(4, 15)
(4, 16)
kaikki ok
Reitin pituus: 19
(4, 4)
(4, 5)
(4, 6)
(4, 7)
(4, 8)
(4, 9)
(4, 10)
(4, 11)
(4, 12)
(4, 13)
(4, 14)
(4, 15)
(4, 16)
(4, 17)
(3, 17)
(2, 17)
(1, 17)
(1, 18)
(1, 19)
(2, 19)
kaikki ok
Reitin pituus: 24
(1, 5)
(2, 5)
(3, 5)
(4, 5)
(4, 6)
(4, 7)
(4, 8)
(4, 9)
(5, 9)
(6, 9)
(6, 10)
(6, 11)
(7, 11)
(8, 11)
(9, 11)
(10, 11)
(11, 11)
(12, 11)
(12, 12)
(12, 13)
(13, 13)
(14, 13)
(14, 14)
(14, 15)
(14, 16)
kaikki ok
Reitin pituus: 17
(17, 2)
(17, 3)
(16, 3)
(15, 3)
(14, 3)
(13, 3)
(12, 3)
(11, 3)
(10, 3)
(9, 3)
(8, 3)
(8, 2)
(8, 1)
(7, 1)
(6, 1)
(5, 1)
(4, 1)
(3, 1)
kaikki ok
Reitin pituus: 12
(10, 11)
(9, 11)
(8, 11)
(7, 11)
(6, 11)
(6, 10)
(6, 9)
(6, 8)
(6, 7)
(7, 7)
(8, 7)
(8, 6)
(8, 5)
kaikki ok
Reitin pituus: 27
(12, 3)
(13, 3)
(14, 3)
(14, 4)
(14, 5)
(14, 6)
(14, 7)
(14, 8)
(14, 9)
(14, 10)
(14, 11)
(14, 12)
(14, 13)
(14, 14)
(14, 15)
(13, 15)
(12, 15)
(12, 16)
(12, 17)
(11, 17)
(10, 17)
(10, 18)
(10, 19)
(9, 19)
(8, 19)
(7, 19)
(6, 19)
(5, 19)
kaikki ok
Reitin pituus: 14
(4, 16)
(4, 15)
(5, 15)
(6, 15)
(6, 16)
(6, 17)
(7, 17)
(8, 17)
(8, 18)
(8, 19)
(9, 19)
(10, 19)
(11, 19)
(12, 19)
(13, 19)
kaikki ok
Reitin pituus: 18
(6, 3)
(5, 3)
(4, 3)
(4, 4)
(4, 5)
(4, 6)
(4, 7)
(4, 8)
(4, 9)
(4, 10)
(4, 11)
(4, 12)
(4, 13)
(4, 14)
(4, 15)
(5, 15)
(6, 15)
(6, 16)
(6, 17)
kaikki ok
Reitin pituus: 8
(9, 8)
(9, 7)
(8, 7)
(8, 6)
(8, 5)
(7, 5)
(6, 5)
(6, 4)
(6, 3)
kaikki ok
Reitin pituus: 10
(15, 13)
(16, 13)
(17, 13)
(17, 14)
(17, 15)
(16, 15)
(16, 16)
(16, 17)
(17, 17)
(17, 18)
(17, 19)
kaikki ok
Reitin pituus: 12
(8, 9)
(9, 9)
(9, 8)
(9, 7)
(8, 7)
(7, 7)
(6, 7)
(6, 8)
(6, 9)
(6, 10)
(6, 11)
(6, 12)
(6, 13)
kaikki ok
Reitin pituus: 13
(4, 14)
(4, 13)
(4, 12)
(4, 11)
(4, 10)
(4, 9)
(5, 9)
(6, 9)
(6, 8)
(6, 7)
(7, 7)
(8, 7)
(9, 7)
(9, 8)
kaikki ok
Reitin pituus: 5
(1, 4)
(1, 3)
(2, 3)
(3, 3)
(4, 3)
(4, 2)
kaikki ok
Reitin pituus: 10
(6, 11)
(7, 11)
(8, 11)
(9, 11)
(10, 11)
(11, 11)
(12, 11)
(12, 10)
(12, 9)
(13, 9)
(14, 9)
kaikki ok
Reitin pituus: 17
(4, 14)
(4, 13)
(5, 13)
(6, 13)
(6, 12)
(6, 11)
(7, 11)
(8, 11)
(9, 11)
(10, 11)
(11, 11)
(12, 11)
(12, 10)
(12, 9)
(13, 9)
(14, 9)
(14, 8)
(14, 7)
kaikki ok
Reitin pituus: 19
(6, 17)
(6, 16)
(6, 15)
(5, 15)
(4, 15)
(4, 14)
(4, 13)
(4, 12)
(4, 11)
(4, 10)
(4, 9)
(4, 8)
(4, 7)
(4, 6)
(4, 5)
(4, 4)
(4, 3)
(4, 2)
(4, 1)
(5, 1)
kaikki ok
Reitin pituus: 24
(15, 1)
(14, 1)
(14, 2)
(14, 3)
(14, 4)
(14, 5)
(14, 6)
(14, 7)
(14, 8)
(14, 9)
(13, 9)
(12, 9)
(12, 10)
(12, 11)
(12, 12)
(12, 13)
(11, 13)
(10, 13)
(10, 14)
(10, 15)
(9, 15)
(8, 15)
(7, 15)
(6, 15)
(5, 15)
kaikki ok
Reitin pituus: 19
(11, 11)
(12, 11)
(12, 12)
(12, 13)
(11, 13)
(10, 13)
(10, 14)
(10, 15)
(11, 15)
(12, 15)
(12, 16)
(12, 17)
(11, 17)
(10, 17)
(10, 18)
(10, 19)
(9, 19)
(8, 19)
(7, 19)
(6, 19)
kaikki ok
Reitin pituus: 7
(6, 17)
(6, 16)
(6, 15)
(7, 15)
(8, 15)
(9, 15)
(10, 15)
(11, 15)
kaikki ok
Reitin pituus: 17
(14, 12)
(14, 11)
(14, 10)
(14, 9)
(14, 8)
(14, 7)
(14, 6)
(14, 5)
(14, 4)
(14, 3)
(13, 3)
(12, 3)
(11, 3)
(10, 3)
(9, 3)
(8, 3)
(7, 3)
(6, 3)
kaikki ok
Reitin pituus: 20
(11, 15)
(12, 15)
(13, 15)
(14, 15)
(14, 14)
(14, 13)
(14, 12)
(14, 11)
(14, 10)
(14, 9)
(14, 8)
(14, 7)
(14, 6)
(14, 5)
(14, 4)
(14, 3)
(15, 3)
(16, 3)
(17, 3)
(17, 2)
(17, 1)
kaikki ok
Reitin pituus: 10
(10, 14)
(10, 13)
(11, 13)
(12, 13)
(12, 12)
(12, 11)
(12, 10)
(12, 9)
(12, 8)
(12, 7)
(11, 7)
kaikki ok
Reitin pituus: 1
(6, 16)
(6, 17)
kaikki ok
Reitin pituus: 12
(6, 12)
(6, 11)
(7, 11)
(8, 11)
(9, 11)
(10, 11)
(11, 11)
(12, 11)
(12, 10)
(12, 9)
(13, 9)
(14, 9)
(14, 8)
kaikki ok
Reitin pituus: 14
(5, 3)
(6, 3)
(7, 3)
(8, 3)
(9, 3)
(10, 3)
(11, 3)
(12, 3)
(13, 3)
(14, 3)
(14, 4)
(14, 5)
(14, 6)
(14, 7)
(14, 8)
kaikki ok
Reitin pituus: 15
(14, 5)
(14, 4)
(14, 3)
(13, 3)
(12, 3)
(11, 3)
(10, 3)
(9, 3)
(8, 3)
(7, 3)
(6, 3)
(5, 3)
(4, 3)
(4, 4)
(4, 5)
(3, 5)
kaikki ok
Reitin pituus: 11
(11, 3)
(10, 3)
(9, 3)
(8, 3)
(8, 2)
(8, 1)
(7, 1)
(6, 1)
(5, 1)
(4, 1)
(3, 1)
(2, 1)
kaikki ok
Reitin pituus: 22
(6, 3)
(6, 4)
(6, 5)
(7, 5)
(8, 5)
(8, 6)
(8, 7)
(9, 7)
(10, 7)
(11, 7)
(12, 7)
(12, 8)
(12, 9)
(13, 9)
(14, 9)
(14, 10)
(14, 11)
(14, 12)
(14, 13)
(14, 14)
(14, 15)
(14, 16)
(14, 17)
kaikki ok
Reitin pituus: 10
(8, 7)
(7, 7)
(6, 7)
(6, 8)
(6, 9)
(6, 10)
(6, 11)
(7, 11)
(8, 11)
(9, 11)
(10, 11)
kaikki ok
Reitin pituus: 22
(6, 17)
(6, 16)
(6, 15)
(7, 15)
(8, 15)
(9, 15)
(10, 15)
(10, 14)
(10, 13)
(11, 13)
(12, 13)
(12, 12)
(12, 11)
(12, 10)
(12, 9)
(13, 9)
(14, 9)
(14, 8)
(14, 7)
(14, 6)
(14, 5)
(14, 4)
(14, 3)
kaikki ok
Reitin pituus: 15
(8, 6)
(8, 7)
(9, 7)
(10, 7)
(10, 6)
(10, 5)
(11, 5)
(12, 5)
(12, 4)
(12, 3)
(13, 3)
(14, 3)
(14, 4)
(14, 5)
(15, 5)
(16, 5)
kaikki ok
Reitin pituus: 25
(8, 7)
(7, 7)
(6, 7)
(6, 8)
(6, 9)
(6, 10)
(6, 11)
(6, 12)
(6, 13)
(7, 13)
(8, 13)
(8, 14)
(8, 15)
(7, 15)
(6, 15)
(6, 16)
(6, 17)
(7, 17)
(8, 17)
(8, 18)
(8, 19)
(9, 19)
(10, 19)
(11, 19)
(12, 19)
(13, 19)
kaikki ok
Reitin pituus: 20
(13, 19)
(12, 19)
(11, 19)
(10, 19)
(9, 19)
(8, 19)
(8, 18)
(8, 17)
(7, 17)
(6, 17)
(6, 16)
(6, 15)
(5, 15)
(4, 15)
(4, 14)
(4, 13)
(5, 13)
(6, 13)
(6, 12)
(6, 11)
(6, 10)
kaikki ok
Reitin pituus: 20
(4, 12)
(4, 13)
(5, 13)
(6, 13)
(6, 12)
(6, 11)
(7, 11)
(8, 11)
(9, 11)
(10, 11)
(11, 11)
(12, 11)
(12, 10)
(12, 9)
(13, 9)
(14, 9)
(14, 8)
(14, 7)
(14, 6)
(14, 5)
(15, 5)
kaikki ok
Reitin pituus: 16
(10, 3)
(11, 3)
(12, 3)
(13, 3)
(14, 3)
(14, 4)
(14, 5)
(14, 6)
(14, 7)
(14, 8)
(14, 9)
(14, 10)
(14, 11)
(14, 12)
(14, 13)
(14, 14)
(14, 15)
kaikki ok
Reitin pituus: 14
(1, 2)
(1, 3)
(2, 3)
(3, 3)
(4, 3)
(5, 3)
(6, 3)
(6, 4)
(6, 5)
(7, 5)
(8, 5)
(8, 6)
(8, 7)
(9, 7)
(9, 8)
kaikki ok
Reitin pituus: 2
(13, 13)
(14, 13)
(14, 14)
kaikki ok
Reitin pituus: 18
(6, 7)
(7, 7)
(8, 7)
(9, 7)
(10, 7)
(11, 7)
(12, 7)
(12, 8)
(12, 9)
(13, 9)
(14, 9)
(14, 10)
(14, 11)
(14, 12)
(14, 13)
(15, 13)
(16, 13)
(17, 13)
(17, 14)
kaikki ok
Reitin pituus: 13
(11, 11)
(12, 11)
(12, 10)
(12, 9)
(13, 9)
(14, 9)
(14, 8)
(14, 7)
(14, 6)
(14, 5)
(15, 5)
(16, 5)
(17, 5)
(17, 4)
kaikki ok
Reitin pituus: 9
(10, 17)
(11, 17)
(12, 17)
(12, 16)
(12, 15)
(11, 15)
(10, 15)
(9, 15)
(8, 15)
(7, 15)
kaikki ok
Reitin pituus: 18
(15, 13)
(14, 13)
(13, 13)
(12, 13)
(12, 12)
(12, 11)
(12, 10)
(12, 9)
(12, 8)
(12, 7)
(11, 7)
(10, 7)
(9, 7)
(8, 7)
(8, 6)
(8, 5)
(7, 5)
(6, 5)
(6, 4)
kaikki ok
Reitin pituus: 6
(10, 1)
(11, 1)
(12, 1)
(13, 1)
(14, 1)
(14, 2)
(14, 3)
kaikki ok
Reitin pituus: 4
(4, 14)
(4, 15)
(4, 16)
(4, 17)
(3, 17)
kaikki ok
Reitin pituus: 17
(12, 5)
(11, 5)
(10, 5)
(10, 6)
(10, 7)
(11, 7)
(12, 7)
(12, 8)
(12, 9)
(12, 10)
(12, 11)
(12, 12)
(12, 13)
(11, 13)
(10, 13)
(10, 14)
(10, 15)
(9, 15)
kaikki ok
Reitin pituus: 8
(14, 16)
(14, 15)
(13, 15)
(12, 15)
(11, 15)
(10, 15)
(9, 15)
(8, 15)
(8, 14)
kaikki ok
Reitin pituus: 14
(8, 14)
(8, 13)
(7, 13)
(6, 13)
(6, 12)
(6, 11)
(6, 10)
(6, 9)
(6, 8)
(6, 7)
(7, 7)
(8, 7)
(9, 7)
(10, 7)
(11, 7)
kaikki ok
Reitin pituus: 10
(9, 15)
(10, 15)
(11, 15)
(12, 15)
(13, 15)
(14, 15)
(14, 16)
(14, 17)
(15, 17)
(16, 17)
(16, 16)
kaikki ok
Reitin pituus: 22
(10, 17)
(11, 17)
(12, 17)
(12, 16)
(12, 15)
(11, 15)
(10, 15)
(9, 15)
(8, 15)
(8, 14)
(8, 13)
(7, 13)
(6, 13)
(6, 12)
(6, 11)
(6, 10)
(6, 9)
(6, 8)
(6, 7)
(7, 7)
(8, 7)
(8, 6)
(8, 5)
kaikki ok
Reitin pituus: 15
(1, 3)
(2, 3)
(3, 3)
(4, 3)
(4, 4)
(4, 5)
(4, 6)
(4, 7)
(4, 8)
(4, 9)
(4, 10)
(4, 11)
(4, 12)
(4, 13)
(3, 13)
(2, 13)
kaikki ok
Reitin pituus: 21
(17, 13)
(16, 13)
(15, 13)
(14, 13)
(13, 13)
(12, 13)
(12, 12)
(12, 11)
(11, 11)
(10, 11)
(9, 11)
(8, 11)
(7, 11)
(6, 11)
(6, 10)
(6, 9)
(5, 9)
(4, 9)
(4, 8)
(4, 7)
(4, 6)
(4, 5)
kaikki ok
Reitin pituus: 6
(15, 17)
(14, 17)
(14, 16)
(14, 15)
(14, 14)
(14, 13)
(15, 13)
kaikki ok
Reitin pituus: 15
(4, 15)
(4, 14)
(4, 13)
(4, 12)
(4, 11)
(4, 10)
(4, 9)
(4, 8)
(4, 7)
(4, 6)
(4, 5)
(4, 4)
(4, 3)
(5, 3)
(6, 3)
(6, 4)
kaikki ok
Reitin pituus: 10
(6, 10)
(6, 9)
(5, 9)
(4, 9)
(4, 8)
(4, 7)
(4, 6)
(4, 5)
(4, 4)
(4, 3)
(3, 3)
kaikki ok
Reitin pituus: 18
(12, 12)
(12, 11)
(12, 10)
(12, 9)
(12, 8)
(12, 7)
(11, 7)
(10, 7)
(9, 7)
(8, 7)
(8, 6)
(8, 5)
(7, 5)
(6, 5)
(6, 4)
(6, 3)
(7, 3)
(8, 3)
(8, 2)
kaikki ok
Reitin pituus: 14
(7, 1)
(8, 1)
(8, 2)
(8, 3)
(9, 3)
(10, 3)
(11, 3)
(12, 3)
(13, 3)
(14, 3)
(14, 4)
(14, 5)
(14, 6)
(14, 7)
(14, 8)
kaikki ok
Reitin pituus: 12
(14, 10)
(14, 11)
(14, 12)
(14, 13)
(14, 14)
(14, 15)
(13, 15)
(12, 15)
(11, 15)
(10, 15)
(9, 15)
(8, 15)
(7, 15)
kaikki ok
Reitin pituus: 8
(2, 15)
(1, 15)
(1, 14)
(1, 13)
(2, 13)
(3, 13)
(4, 13)
(5, 13)
(6, 13)
kaikki ok
Reitin pituus: 22
(16, 19)
(15, 19)
(14, 19)
(13, 19)
(12, 19)
(11, 19)
(10, 19)
(9, 19)
(8, 19)
(8, 18)
(8, 17)
(7, 17)
(6, 17)
(6, 16)
(6, 15)
(5, 15)
(4, 15)
(4, 14)
(4, 13)
(4, 12)
(4, 11)
(4, 10)
(4, 9)
kaikki ok
Reitin pituus: 13
(14, 11)
(14, 12)
(14, 13)
(13, 13)
(12, 13)
(12, 12)
(12, 11)
(11, 11)
(10, 11)
(9, 11)
(8, 11)
(7, 11)
(6, 11)
(6, 12)
kaikki ok
Reitin pituus: 24
(16, 13)
(15, 13)
(14, 13)
(14, 12)
(14, 11)
(14, 10)
(14, 9)
(14, 8)
(14, 7)
(14, 6)
(14, 5)
(14, 4)
(14, 3)
(13, 3)
(12, 3)
(11, 3)
(10, 3)
(9, 3)
(8, 3)
(8, 2)
(8, 1)
(7, 1)
(6, 1)
(5, 1)
(4, 1)
kaikki ok
Reitin pituus: 13
(8, 13)
(7, 13)
(6, 13)
(6, 12)
(6, 11)
(7, 11)
(8, 11)
(9, 11)
(10, 11)
(11, 11)
(12, 11)
(12, 10)
(12, 9)
(12, 8)
kaikki ok
Reitin pituus: 12
(11, 7)
(10, 7)
(9, 7)
(8, 7)
(8, 6)
(8, 5)
(7, 5)
(6, 5)
(6, 4)
(6, 3)
(5, 3)
(4, 3)
(4, 2)
kaikki ok
Reitin pituus: 5
(12, 13)
(11, 13)
(10, 13)
(10, 14)
(10, 15)
(11, 15)
kaikki ok
Reitin pituus: 3
(10, 6)
(10, 7)
(9, 7)
(9, 8)
kaikki ok
Reitin pituus: 23
(10, 17)
(11, 17)
(12, 17)
(12, 16)
(12, 15)
(11, 15)
(10, 15)
(9, 15)
(8, 15)
(8, 14)
(8, 13)
(7, 13)
(6, 13)
(6, 12)
(6, 11)
(6, 10)
(6, 9)
(6, 8)
(6, 7)
(7, 7)
(8, 7)
(8, 6)
(8, 5)
(7, 5)
kaikki ok
Reitin pituus: 23
(11, 17)
(12, 17)
(12, 16)
(12, 15)
(11, 15)
(10, 15)
(9, 15)
(8, 15)
(8, 14)
(8, 13)
(7, 13)
(6, 13)
(5, 13)
(4, 13)
(4, 12)
(4, 11)
(4, 10)
(4, 9)
(4, 8)
(4, 7)
(4, 6)
(4, 5)
(3, 5)
(2, 5)
kaikki ok
Reitin pituus: 19
(8, 1)
(8, 2)
(8, 3)
(7, 3)
(6, 3)
(6, 4)
(6, 5)
(7, 5)
(8, 5)
(8, 6)
(8, 7)
(7, 7)
(6, 7)
(6, 8)
(6, 9)
(6, 10)
(6, 11)
(6, 12)
(6, 13)
(7, 13)
kaikki ok
Reitin pituus: 12
(16, 3)
(15, 3)
(14, 3)
(13, 3)
(12, 3)
(12, 4)
(12, 5)
(11, 5)
(10, 5)
(10, 6)
(10, 7)
(11, 7)
(12, 7)
kaikki ok
Reitin pituus: 20
(8, 6)
(8, 7)
(9, 7)
(10, 7)
(11, 7)
(12, 7)
(12, 8)
(12, 9)
(12, 10)
(12, 11)
(12, 12)
(12, 13)
(11, 13)
(10, 13)
(10, 14)
(10, 15)
(11, 15)
(12, 15)
(12, 16)
(12, 17)
(11, 17)
kaikki ok
Reitin pituus: 27
(1, 4)
(1, 5)
(2, 5)
(3, 5)
(4, 5)
(4, 6)
(4, 7)
(4, 8)
(4, 9)
(5, 9)
(6, 9)
(6, 10)
(6, 11)
(7, 11)
(8, 11)
(9, 11)
(10, 11)
(11, 11)
(12, 11)
(12, 12)
(12, 13)
(13, 13)
(14, 13)
(14, 14)
(14, 15)
(14, 16)
(14, 17)
(15, 17)
kaikki ok
Reitin pituus: 17
(2, 1)
(3, 1)
(4, 1)
(5, 1)
(6, 1)
(7, 1)
(8, 1)
(8, 2)
(8, 3)
(9, 3)
(10, 3)
(11, 3)
(12, 3)
(13, 3)
(14, 3)
(14, 4)
(14, 5)
(14, 6)
kaikki ok
Reitin pituus: 8
(12, 1)
(13, 1)
(14, 1)
(14, 2)
(14, 3)
(15, 3)
(16, 3)
(17, 3)
(17, 4)
kaikki ok
Reitin pituus: 21
(1, 17)
(2, 17)
(3, 17)
(4, 17)
(4, 16)
(4, 15)
(4, 14)
(4, 13)
(5, 13)
(6, 13)
(6, 12)
(6, 11)
(6, 10)
(6, 9)
(6, 8)
(6, 7)
(7, 7)
(8, 7)
(9, 7)
(9, 8)
(9, 9)
(10, 9)
kaikki ok
Reitin pituus: 24
(8, 19)
(8, 18)
(8, 17)
(7, 17)
(6, 17)
(6, 16)
(6, 15)
(5, 15)
(4, 15)
(4, 14)
(4, 13)
(4, 12)
(4, 11)
(4, 10)
(4, 9)
(4, 8)
(4, 7)
(4, 6)
(4, 5)
(4, 4)
(4, 3)
(4, 2)
(4, 1)
(3, 1)
(2, 1)
kaikki ok
Reitin pituus: 14
(16, 13)
(15, 13)
(14, 13)
(13, 13)
(12, 13)
(12, 12)
(12, 11)
(11, 11)
(10, 11)
(9, 11)
(8, 11)
(7, 11)
(6, 11)
(6, 10)
(6, 9)
kaikki ok
Reitin pituus: 26
(16, 3)
(15, 3)
(14, 3)
(14, 4)
(14, 5)
(14, 6)
(14, 7)
(14, 8)
(14, 9)
(14, 10)
(14, 11)
(14, 12)
(14, 13)
(14, 14)
(14, 15)
(13, 15)
(12, 15)
(12, 16)
(12, 17)
(11, 17)
(10, 17)
(10, 18)
(10, 19)
(9, 19)
(8, 19)
(7, 19)
(6, 19)
kaikki ok
Reitin pituus: 15
(15, 17)
(14, 17)
(14, 16)
(14, 15)
(13, 15)
(12, 15)
(11, 15)
(10, 15)
(9, 15)
(8, 15)
(8, 14)
(8, 13)
(7, 13)
(6, 13)
(5, 13)
(4, 13)
kaikki ok
Reitin pituus: 9
(10, 13)
(10, 14)
(10, 15)
(9, 15)
(8, 15)
(7, 15)
(6, 15)
(6, 16)
(6, 17)
(7, 17)
kaikki ok
Reitin pituus: 8
(10, 15)
(9, 15)
(8, 15)
(7, 15)
(6, 15)
(5, 15)
(4, 15)
(4, 16)
(4, 17)
kaikki ok
Reitin pituus: 6
(4, 15)
(4, 14)
(4, 13)
(5, 13)
(6, 13)
(6, 12)
(6, 11)
kaikki ok
Reitin pituus: 6
(6, 8)
(6, 9)
(5, 9)
(4, 9)
(4, 8)
(4, 7)
(4, 6)
kaikki ok
Reitin pituus: 18
(1, 17)
(2, 17)
(3, 17)
(4, 17)
(4, 16)
(4, 15)
(5, 15)
(6, 15)
(7, 15)
(8, 15)
(9, 15)
(10, 15)
(11, 15)
(12, 15)
(13, 15)
(14, 15)
(14, 16)
(14, 17)
(15, 17)
kaikki ok
Reitin pituus: 15
(4, 3)
(4, 4)
(4, 5)
(4, 6)
(4, 7)
(4, 8)
(4, 9)
(4, 10)
(4, 11)
(4, 12)
(4, 13)
(4, 14)
(4, 15)
(5, 15)
(6, 15)
(7, 15)
kaikki ok
Reitin pituus: 7
(12, 9)
(13, 9)
(14, 9)
(14, 10)
(14, 11)
(14, 12)
(14, 13)
(14, 14)
kaikki ok
Reitin pituus: 5
(12, 7)
(11, 7)
(10, 7)
(9, 7)
(8, 7)
(8, 6)
kaikki ok
Reitin pituus: 25
(12, 3)
(13, 3)
(14, 3)
(14, 4)
(14, 5)
(14, 6)
(14, 7)
(14, 8)
(14, 9)
(14, 10)
(14, 11)
(14, 12)
(14, 13)
(14, 14)
(14, 15)
(13, 15)
(12, 15)
(12, 16)
(12, 17)
(11, 17)
(10, 17)
(10, 18)
(10, 19)
(9, 19)
(8, 19)
(7, 19)
kaikki ok
Reitin pituus: 5
(5, 19)
(6, 19)
(7, 19)
(8, 19)
(9, 19)
(10, 19)
kaikki ok
Reitin pituus: 27
(7, 17)
(6, 17)
(6, 16)
(6, 15)
(5, 15)
(4, 15)
(4, 14)
(4, 13)
(4, 12)
(4, 11)
(4, 10)
(4, 9)
(4, 8)
(4, 7)
(4, 6)
(4, 5)
(4, 4)
(4, 3)
(5, 3)
(6, 3)
(7, 3)
(8, 3)
(9, 3)
(10, 3)
(10, 2)
(10, 1)
(11, 1)
(12, 1)
kaikki ok
Reitin pituus: 14
(6, 7)
(6, 8)
(6, 9)
(6, 10)
(6, 11)
(6, 12)
(6, 13)
(7, 13)
(8, 13)
(8, 14)
(8, 15)
(7, 15)
(6, 15)
(6, 16)
(6, 17)
kaikki ok
Reitin pituus: 6
(9, 8)
(9, 7)
(8, 7)
(7, 7)
(6, 7)
(6, 8)
(6, 9)
kaikki ok
Reitin pituus: 4
(10, 7)
(11, 7)
(12, 7)
(12, 8)
(12, 9)
kaikki ok
Reitin pituus: 25
(8, 9)
(9, 9)
(9, 8)
(9, 7)
(10, 7)
(11, 7)
(12, 7)
(12, 8)
(12, 9)
(13, 9)
(14, 9)
(14, 10)
(14, 11)
(14, 12)
(14, 13)
(14, 14)
(14, 15)
(14, 16)
(14, 17)
(15, 17)
(16, 17)
(17, 17)
(17, 18)
(17, 19)
(16, 19)
(15, 19)
kaikki ok
Reitin pituus: 7
(7, 13)
(6, 13)
(6, 12)
(6, 11)
(6, 10)
(6, 9)
(5, 9)
(4, 9)
kaikki ok
Reitin pituus: 26
(15, 1)
(14, 1)
(14, 2)
(14, 3)
(13, 3)
(12, 3)
(12, 4)
(12, 5)
(11, 5)
(10, 5)
(10, 6)
(10, 7)
(9, 7)
(8, 7)
(7, 7)
(6, 7)
(6, 8)
(6, 9)
(6, 10)
(6, 11)
(6, 12)
(6, 13)
(5, 13)
(4, 13)
(4, 14)
(4, 15)
(4, 16)
kaikki ok
Reitin pituus: 22
(11, 15)
(10, 15)
(9, 15)
(8, 15)
(8, 14)
(8, 13)
(7, 13)
(6, 13)
(6, 12)
(6, 11)
(6, 10)
(6, 9)
(5, 9)
(4, 9)
(4, 8)
(4, 7)
(4, 6)
(4, 5)
(4, 4)
(4, 3)
(4, 2)
(4, 1)
(3, 1)
kaikki ok
Reitin pituus: 23
(11, 15)
(10, 15)
(9, 15)
(8, 15)
(8, 14)
(8, 13)
(7, 13)
(6, 13)
(6, 12)
(6, 11)
(6, 10)
(6, 9)
(5, 9)
(4, 9)
(4, 8)
(4, 7)
(4, 6)
(4, 5)
(4, 4)
(4, 3)
(4, 2)
(4, 1)
(5, 1)
(6, 1)
kaikki ok
Reitin pituus: 12
(6, 3)
(5, 3)
(4, 3)
(4, 4)
(4, 5)
(4, 6)
(4, 7)
(4, 8)
(4, 9)
(4, 10)
(4, 11)
(4, 12)
(4, 13)
kaikki ok
Reitin pituus: 2
(6, 4)
(6, 3)
(5, 3)
kaikki ok
Reitin pituus: 21
(4, 16)
(4, 15)
(4, 14)
(4, 13)
(4, 12)
(4, 11)
(4, 10)
(4, 9)
(4, 8)
(4, 7)
(4, 6)
(4, 5)
(4, 4)
(4, 3)
(5, 3)
(6, 3)
(7, 3)
(8, 3)
(9, 3)
(10, 3)
(10, 2)
(10, 1)
kaikki ok
Reitin pituus: 10
(17, 17)
(16, 17)
(15, 17)
(14, 17)
(14, 16)
(14, 15)
(14, 14)
(14, 13)
(13, 13)
(12, 13)
(11, 13)
kaikki ok
Reitin pituus: 23
(5, 13)
(6, 13)
(6, 12)
(6, 11)
(7, 11)
(8, 11)
(9, 11)
(10, 11)
(11, 11)
(12, 11)
(12, 10)
(12, 9)
(13, 9)
(14, 9)
(14, 8)
(14, 7)
(14, 6)
(14, 5)
(14, 4)
(14, 3)
(14, 2)
(14, 1)
(15, 1)
(16, 1)
kaikki ok
Reitin pituus: 7
(4, 8)
(4, 9)
(5, 9)
(6, 9)
(6, 8)
(6, 7)
(7, 7)
(8, 7)
kaikki ok
Reitin pituus: 16
(4, 12)
(4, 11)
(4, 10)
(4, 9)
(4, 8)
(4, 7)
(4, 6)
(4, 5)
(4, 4)
(4, 3)
(5, 3)
(6, 3)
(7, 3)
(8, 3)
(9, 3)
(10, 3)
(11, 3)
kaikki ok
Reitin pituus: 17
(14, 16)
(14, 15)
(13, 15)
(12, 15)
(11, 15)
(10, 15)
(9, 15)
(8, 15)
(7, 15)
(6, 15)
(5, 15)
(4, 15)
(4, 16)
(4, 17)
(3, 17)
(2, 17)
(1, 17)
(1, 18)
kaikki ok
Reitin pituus: 16
(2, 1)
(3, 1)
(4, 1)
(4, 2)
(4, 3)
(5, 3)
(6, 3)
(6, 4)
(6, 5)
(7, 5)
(8, 5)
(8, 6)
(8, 7)
(9, 7)
(9, 8)
(9, 9)
(10, 9)
kaikki ok
Reitin pituus: 11
(9, 8)
(9, 7)
(10, 7)
(11, 7)
(12, 7)
(12, 8)
(12, 9)
(12, 10)
(12, 11)
(12, 12)
(12, 13)
(11, 13)
kaikki ok
Reitin pituus: 10
(1, 15)
(1, 14)
(1, 13)
(2, 13)
(3, 13)
(4, 13)
(4, 12)
(4, 11)
(4, 10)
(4, 9)
(4, 8)
kaikki ok
Reitin pituus: 2
(3, 5)
(4, 5)
(4, 6)
kaikki ok
Reitin pituus: 21
(7, 19)
(8, 19)
(8, 18)
(8, 17)
(7, 17)
(6, 17)
(6, 16)
(6, 15)
(5, 15)
(4, 15)
(4, 14)
(4, 13)
(4, 12)
(4, 11)
(4, 10)
(4, 9)
(4, 8)
(4, 7)
(4, 6)
(4, 5)
(4, 4)
(4, 3)
kaikki ok
Reitin pituus: 8
(14, 9)
(13, 9)
(12, 9)
(12, 10)
(12, 11)
(12, 12)
(12, 13)
(11, 13)
(10, 13)
kaikki ok
Reitin pituus: 13
(3, 5)
(4, 5)
(4, 4)
(4, 3)
(5, 3)
(6, 3)
(7, 3)
(8, 3)
(9, 3)
(10, 3)
(11, 3)
(12, 3)
(13, 3)
(14, 3)
kaikki ok
Reitin pituus: 9
(4, 7)
(4, 6)
(4, 5)
(4, 4)
(4, 3)
(3, 3)
(2, 3)
(1, 3)
(1, 2)
(1, 1)
kaikki ok
Reitin pituus: 6
(16, 13)
(15, 13)
(14, 13)
(14, 12)
(14, 11)
(14, 10)
(14, 9)
kaikki ok
Reitin pituus: 4
(10, 2)
(10, 3)
(9, 3)
(8, 3)
(8, 2)
kaikki ok
Reitin pituus: 5
(15, 13)
(16, 13)
(17, 13)
(17, 14)
(17, 15)
(16, 15)
kaikki ok
Reitin pituus: 9
(9, 7)
(8, 7)
(7, 7)
(6, 7)
(6, 8)
(6, 9)
(5, 9)
(4, 9)
(4, 8)
(4, 7)
kaikki ok
Reitin pituus: 8
(9, 3)
(10, 3)
(11, 3)
(12, 3)
(12, 4)
(12, 5)
(11, 5)
(10, 5)
(10, 6)
kaikki ok
Reitin pituus: 13
(8, 7)
(9, 7)
(10, 7)
(10, 6)
(10, 5)
(11, 5)
(12, 5)
(12, 4)
(12, 3)
(13, 3)
(14, 3)
(15, 3)
(16, 3)
(17, 3)
kaikki ok
Reitin pituus: 14
(7, 11)
(6, 11)
(6, 10)
(6, 9)
(5, 9)
(4, 9)
(4, 8)
(4, 7)
(4, 6)
(4, 5)
(4, 4)
(4, 3)
(4, 2)
(4, 1)
(5, 1)
kaikki ok
Reitin pituus: 2
(8, 7)
(8, 6)
(8, 5)
kaikki ok
Reitin pituus: 18
(7, 13)
(6, 13)
(6, 12)
(6, 11)
(6, 10)
(6, 9)
(6, 8)
(6, 7)
(7, 7)
(8, 7)
(8, 6)
(8, 5)
(7, 5)
(6, 5)
(6, 4)
(6, 3)
(7, 3)
(8, 3)
(8, 2)
kaikki ok
Reitin pituus: 14
(3, 17)
(4, 17)
(4, 16)
(4, 15)
(4, 14)
(4, 13)
(4, 12)
(4, 11)
(4, 10)
(4, 9)
(4, 8)
(4, 7)
(4, 6)
(4, 5)
(3, 5)
kaikki ok
Reitin pituus: 19
(2, 15)
(1, 15)
(1, 14)
(1, 13)
(2, 13)
(3, 13)
(4, 13)
(5, 13)
(6, 13)
(6, 12)
(6, 11)
(6, 10)
(6, 9)
(6, 8)
(6, 7)
(7, 7)
(8, 7)
(8, 6)
(8, 5)
(7, 5)
kaikki ok
Reitin pituus: 16
(1, 2)
(1, 3)
(2, 3)
(3, 3)
(4, 3)
(5, 3)
(6, 3)
(6, 4)
(6, 5)
(7, 5)
(8, 5)
(8, 6)
(8, 7)
(9, 7)
(10, 7)
(10, 6)
(10, 5)
kaikki ok
Reitin pituus: 8
(12, 10)
(12, 9)
(12, 8)
(12, 7)
(11, 7)
(10, 7)
(9, 7)
(8, 7)
(7, 7)
kaikki ok
Reitin pituus: 15
(13, 13)
(12, 13)
(12, 12)
(12, 11)
(11, 11)
(10, 11)
(9, 11)
(8, 11)
(7, 11)
(6, 11)
(6, 10)
(6, 9)
(5, 9)
(4, 9)
(4, 8)
(4, 7)
kaikki ok
Reitin pituus: 12
(4, 3)
(5, 3)
(6, 3)
(6, 4)
(6, 5)
(7, 5)
(8, 5)
(8, 6)
(8, 7)
(9, 7)
(10, 7)
(11, 7)
(12, 7)
kaikki ok
Reitin pituus: 14
(9, 9)
(9, 8)
(9, 7)
(8, 7)
(8, 6)
(8, 5)
(7, 5)
(6, 5)
(6, 4)
(6, 3)
(5, 3)
(4, 3)
(4, 4)
(4, 5)
(3, 5)
kaikki ok
Reitin pituus: 8
(12, 7)
(12, 8)
(12, 9)
(12, 10)
(12, 11)
(11, 11)
(10, 11)
(9, 11)
(8, 11)
kaikki ok
Reitin pituus: 11
(6, 8)
(6, 9)
(6, 10)
(6, 11)
(6, 12)
(6, 13)
(7, 13)
(8, 13)
(8, 14)
(8, 15)
(9, 15)
(10, 15)
kaikki ok
Reitin pituus: 6
(4, 7)
(4, 8)
(4, 9)
(5, 9)
(6, 9)
(6, 8)
(6, 7)
kaikki ok
Reitin pituus: 17
(16, 13)
(15, 13)
(14, 13)
(14, 12)
(14, 11)
(14, 10)
(14, 9)
(14, 8)
(14, 7)
(14, 6)
(14, 5)
(14, 4)
(14, 3)
(13, 3)
(12, 3)
(11, 3)
(10, 3)
(9, 3)
kaikki ok
Reitin pituus: 5
(14, 17)
(14, 16)
(14, 15)
(13, 15)
(12, 15)
(11, 15)
kaikki ok
Reitin pituus: 6
(6, 7)
(7, 7)
(8, 7)
(8, 6)
(8, 5)
(7, 5)
(6, 5)
kaikki ok
Reitin pituus: 6
(3, 13)
(4, 13)
(5, 13)
(6, 13)
(6, 12)
(6, 11)
(6, 10)
kaikki ok
Reitin pituus: 1
(15, 3)
(16, 3)
kaikki ok
Reitin pituus: 4
(1, 1)
(1, 2)
(1, 3)
(1, 4)
(1, 5)
kaikki ok
Reitin pituus: 10
(4, 3)
(4, 4)
(4, 5)
(4, 6)
(4, 7)
(4, 8)
(4, 9)
(5, 9)
(6, 9)
(6, 10)
(6, 11)
kaikki ok
Reitin pituus: 21
(7, 13)
(6, 13)
(6, 12)
(6, 11)
(6, 10)
(6, 9)
(6, 8)
(6, 7)
(7, 7)
(8, 7)
(8, 6)
(8, 5)
(7, 5)
(6, 5)
(6, 4)
(6, 3)
(7, 3)
(8, 3)
(9, 3)
(10, 3)
(10, 2)
(10, 1)
kaikki ok
Reitin pituus: 7
(1, 5)
(1, 4)
(1, 3)
(2, 3)
(3, 3)
(4, 3)
(4, 2)
(4, 1)
kaikki ok
Reitin pituus: 7
(10, 2)
(10, 3)
(11, 3)
(12, 3)
(13, 3)
(14, 3)
(14, 4)
(14, 5)
kaikki ok
Reitin pituus: 27
(14, 15)
(13, 15)
(12, 15)
(11, 15)
(10, 15)
(9, 15)
(8, 15)
(7, 15)
(6, 15)
(5, 15)
(4, 15)
(4, 14)
(4, 13)
(4, 12)
(4, 11)
(4, 10)
(4, 9)
(4, 8)
(4, 7)
(4, 6)
(4, 5)
(4, 4)
(4, 3)
(3, 3)
(2, 3)
(1, 3)
(1, 2)
(1, 1)
kaikki ok
Reitin pituus: 16
(4, 10)
(4, 11)
(4, 12)
(4, 13)
(4, 14)
(4, 15)
(5, 15)
(6, 15)
(6, 16)
(6, 17)
(7, 17)
(8, 17)
(8, 18)
(8, 19)
(7, 19)
(6, 19)
(5, 19)
kaikki ok
Reitin pituus: 4
(10, 5)
(10, 6)
(10, 7)
(9, 7)
(8, 7)
kaikki ok
Reitin pituus: 7
(10, 15)
(11, 15)
(12, 15)
(13, 15)
(14, 15)
(14, 16)
(14, 17)
(15, 17)
kaikki ok
Reitin pituus: 17
(4, 8)
(4, 7)
(4, 6)
(4, 5)
(4, 4)
(4, 3)
(5, 3)
(6, 3)
(7, 3)
(8, 3)
(9, 3)
(10, 3)
(11, 3)
(12, 3)
(13, 3)
(14, 3)
(14, 4)
(14, 5)
kaikki ok
Reitin pituus: 17
(14, 6)
(14, 5)
(14, 4)
(14, 3)
(13, 3)
(12, 3)
(11, 3)
(10, 3)
(9, 3)
(8, 3)
(7, 3)
(6, 3)
(5, 3)
(4, 3)
(3, 3)
(2, 3)
(1, 3)
(1, 2)
kaikki ok
Reitin pituus: 11
(8, 2)
(8, 3)
(7, 3)
(6, 3)
(6, 4)
(6, 5)
(7, 5)
(8, 5)
(8, 6)
(8, 7)
(9, 7)
(9, 8)
kaikki ok
Reitin pituus: 16
(13, 9)
(12, 9)
(12, 10)
(12, 11)
(12, 12)
(12, 13)
(11, 13)
(10, 13)
(10, 14)
(10, 15)
(9, 15)
(8, 15)
(7, 15)
(6, 15)
(5, 15)
(4, 15)
(4, 16)
kaikki ok
Reitin pituus: 23
(6, 1)
(5, 1)
(4, 1)
(4, 2)
(4, 3)
(4, 4)
(4, 5)
(4, 6)
(4, 7)
(4, 8)
(4, 9)
(4, 10)
(4, 11)
(4, 12)
(4, 13)
(4, 14)
(4, 15)
(5, 15)
(6, 15)
(7, 15)
(8, 15)
(9, 15)
(10, 15)
(10, 14)
kaikki ok
Reitin pituus: 8
(10, 5)
(10, 6)
(10, 7)
(11, 7)
(12, 7)
(12, 8)
(12, 9)
(13, 9)
(14, 9)
kaikki ok
Reitin pituus: 1
(7, 19)
(8, 19)
kaikki ok
Reitin pituus: 17
(3, 1)
(4, 1)
(4, 2)
(4, 3)
(5, 3)
(6, 3)
(7, 3)
(8, 3)
(9, 3)
(10, 3)
(11, 3)
(12, 3)
(13, 3)
(14, 3)
(15, 3)
(16, 3)
(17, 3)
(17, 2)
kaikki ok
Reitin pituus: 15
(7, 3)
(6, 3)
(5, 3)
(4, 3)
(4, 4)
(4, 5)
(4, 6)
(4, 7)
(4, 8)
(4, 9)
(4, 10)
(4, 11)
(4, 12)
(4, 13)
(3, 13)
(2, 13)
kaikki ok
Reitin pituus: 21
(13, 3)
(14, 3)
(14, 4)
(14, 5)
(14, 6)
(14, 7)
(14, 8)
(14, 9)
(14, 10)
(14, 11)
(14, 12)
(14, 13)
(14, 14)
(14, 15)
(14, 16)
(14, 17)
(15, 17)
(16, 17)
(17, 17)
(17, 18)
(17, 19)
(16, 19)
kaikki ok
Reitin pituus: 8
(11, 17)
(12, 17)
(12, 16)
(12, 15)
(13, 15)
(14, 15)
(14, 14)
(14, 13)
(13, 13)
kaikki ok
Reitin pituus: 17
(10, 2)
(10, 3)
(9, 3)
(8, 3)
(7, 3)
(6, 3)
(5, 3)
(4, 3)
(4, 4)
(4, 5)
(4, 6)
(4, 7)
(4, 8)
(4, 9)
(5, 9)
(6, 9)
(6, 10)
(6, 11)
kaikki ok
Reitin pituus: 5
(12, 10)
(12, 11)
(12, 12)
(12, 13)
(13, 13)
(14, 13)
kaikki ok
Reitin pituus: 11
(1, 4)
(1, 5)
(2, 5)
(3, 5)
(4, 5)
(4, 6)
(4, 7)
(4, 8)
(4, 9)
(4, 10)
(4, 11)
(4, 12)
kaikki ok
Reitin pituus: 17
(6, 16)
(6, 15)
(5, 15)
(4, 15)
(4, 14)
(4, 13)
(4, 12)
(4, 11)
(4, 10)
(4, 9)
(5, 9)
(6, 9)
(6, 8)
(6, 7)
(7, 7)
(8, 7)
(9, 7)
(9, 8)
kaikki ok
Reitin pituus: 18
(17, 5)
(17, 4)
(17, 3)
(16, 3)
(15, 3)
(14, 3)
(13, 3)
(12, 3)
(11, 3)
(10, 3)
(9, 3)
(8, 3)
(8, 2)
(8, 1)
(7, 1)
(6, 1)
(5, 1)
(4, 1)
(3, 1)
kaikki ok
Reitin pituus: 3
(4, 3)
(5, 3)
(6, 3)
(7, 3)
kaikki ok
Reitin pituus: 18
(11, 1)
(12, 1)
(13, 1)
(14, 1)
(14, 2)
(14, 3)
(14, 4)
(14, 5)
(14, 6)
(14, 7)
(14, 8)
(14, 9)
(13, 9)
(12, 9)
(12, 10)
(12, 11)
(11, 11)
(10, 11)
(9, 11)
kaikki ok
Reitin pituus: 19
(17, 3)
(16, 3)
(15, 3)
(14, 3)
(13, 3)
(12, 3)
(12, 4)
(12, 5)
(11, 5)
(10, 5)
(10, 6)
(10, 7)
(9, 7)
(8, 7)
(7, 7)
(6, 7)
(6, 8)
(6, 9)
(6, 10)
(6, 11)
kaikki ok
Reitin pituus: 19
(6, 13)
(6, 12)
(6, 11)
(6, 10)
(6, 9)
(6, 8)
(6, 7)
(7, 7)
(8, 7)
(8, 6)
(8, 5)
(7, 5)
(6, 5)
(6, 4)
(6, 3)
(7, 3)
(8, 3)
(9, 3)
(10, 3)
(10, 2)
kaikki ok
Reitin pituus: 4
(12, 7)
(11, 7)
(10, 7)
(9, 7)
(9, 8)
kaikki ok
Reitin pituus: 25
(10, 9)
(9, 9)
(9, 8)
(9, 7)
(8, 7)
(7, 7)
(6, 7)
(6, 8)
(6, 9)
(6, 10)
(6, 11)
(6, 12)
(6, 13)
(5, 13)
(4, 13)
(4, 14)
(4, 15)
(4, 16)
(4, 17)
(3, 17)
(2, 17)
(1, 17)
(1, 18)
(1, 19)
(2, 19)
(3, 19)
kaikki ok
Reitin pituus: 13
(10, 5)
(10, 6)
(10, 7)
(11, 7)
(12, 7)
(12, 8)
(12, 9)
(13, 9)
(14, 9)
(14, 10)
(14, 11)
(14, 12)
(14, 13)
(14, 14)
kaikki ok
Reitin pituus: 10
(6, 4)
(6, 5)
(7, 5)
(8, 5)
(8, 6)
(8, 7)
(7, 7)
(6, 7)
(6, 8)
(6, 9)
(6, 10)
kaikki ok
Reitin pituus: 15
(17, 1)
(17, 2)
(17, 3)
(16, 3)
(15, 3)
(14, 3)
(13, 3)
(12, 3)
(12, 4)
(12, 5)
(11, 5)
(10, 5)
(10, 6)
(10, 7)
(9, 7)
(8, 7)
kaikki ok
Reitin pituus: 16
(5, 9)
(6, 9)
(6, 10)
(6, 11)
(7, 11)
(8, 11)
(9, 11)
(10, 11)
(11, 11)
(12, 11)
(12, 12)
(12, 13)
(13, 13)
(14, 13)
(14, 14)
(14, 15)
(14, 16)
kaikki ok
Reitin pituus: 15
(4, 8)
(4, 7)
(4, 6)
(4, 5)
(4, 4)
(4, 3)
(5, 3)
(6, 3)
(7, 3)
(8, 3)
(9, 3)
(10, 3)
(10, 2)
(10, 1)
(11, 1)
(12, 1)
kaikki ok
Reitin pituus: 14
(1, 13)
(2, 13)
(3, 13)
(4, 13)
(5, 13)
(6, 13)
(7, 13)
(8, 13)
(8, 14)
(8, 15)
(9, 15)
(10, 15)
(10, 14)
(10, 13)
(11, 13)
kaikki ok
Reitin pituus: 19
(10, 3)
(11, 3)
(12, 3)
(13, 3)
(14, 3)
(14, 4)
(14, 5)
(14, 6)
(14, 7)
(14, 8)
(14, 9)
(14, 10)
(14, 11)
(14, 12)
(14, 13)
(14, 14)
(14, 15)
(13, 15)
(12, 15)
(11, 15)
kaikki ok
Reitin pituus: 17
(14, 5)
(14, 6)
(14, 7)
(14, 8)
(14, 9)
(13, 9)
(12, 9)
(12, 10)
(12, 11)
(11, 11)
(10, 11)
(9, 11)
(8, 11)
(7, 11)
(6, 11)
(6, 12)
(6, 13)
(5, 13)
kaikki ok
Reitin pituus: 21
(6, 4)
(6, 3)
(5, 3)
(4, 3)
(4, 4)
(4, 5)
(4, 6)
(4, 7)
(4, 8)
(4, 9)
(4, 10)
(4, 11)
(4, 12)
(4, 13)
(4, 14)
(4, 15)
(5, 15)
(6, 15)
(6, 16)
(6, 17)
(7, 17)
(8, 17)
kaikki ok
Reitin pituus: 6
(15, 19)
(16, 19)
(17, 19)
(17, 18)
(17, 17)
(16, 17)
(16, 16)
kaikki ok
Reitin pituus: 21
(12, 7)
(12, 8)
(12, 9)
(12, 10)
(12, 11)
(12, 12)
(12, 13)
(11, 13)
(10, 13)
(10, 14)
(10, 15)
(9, 15)
(8, 15)
(7, 15)
(6, 15)
(6, 16)
(6, 17)
(7, 17)
(8, 17)
(8, 18)
(8, 19)
(7, 19)
kaikki ok
Reitin pituus: 11
(10, 1)
(10, 2)
(10, 3)
(11, 3)
(12, 3)
(12, 4)
(12, 5)
(11, 5)
(10, 5)
(10, 6)
(10, 7)
(11, 7)
kaikki ok
Reitin pituus: 22
(16, 3)
(15, 3)
(14, 3)
(14, 4)
(14, 5)
(14, 6)
(14, 7)
(14, 8)
(14, 9)
(14, 10)
(14, 11)
(14, 12)
(14, 13)
(14, 14)
(14, 15)
(13, 15)
(12, 15)
(12, 16)
(12, 17)
(11, 17)
(10, 17)
(10, 18)
(10, 19)
kaikki ok
Reitin pituus: 3
(4, 14)
(4, 13)
(4, 12)
(4, 11)
kaikki ok
Reitin pituus: 16
(12, 11)
(12, 12)
(12, 13)
(11, 13)
(10, 13)
(10, 14)
(10, 15)
(11, 15)
(12, 15)
(12, 16)
(12, 17)
(11, 17)
(10, 17)
(10, 18)
(10, 19)
(9, 19)
(8, 19)
kaikki ok
Reitin pituus: 16
(8, 13)
(7, 13)
(6, 13)
(5, 13)
(4, 13)
(4, 12)
(4, 11)
(4, 10)
(4, 9)
(4, 8)
(4, 7)
(4, 6)
(4, 5)
(4, 4)
(4, 3)
(5, 3)
(6, 3)
kaikki ok
Reitin pituus: 19
(2, 15)
(1, 15)
(1, 14)
(1, 13)
(2, 13)
(3, 13)
(4, 13)
(4, 12)
(4, 11)
(4, 10)
(4, 9)
(4, 8)
(4, 7)
(4, 6)
(4, 5)
(4, 4)
(4, 3)
(4, 2)
(4, 1)
(5, 1)
kaikki ok
Reitin pituus: 16
(8, 13)
(8, 14)
(8, 15)
(9, 15)
(10, 15)
(11, 15)
(12, 15)
(13, 15)
(14, 15)
(14, 16)
(14, 17)
(15, 17)
(16, 17)
(17, 17)
(17, 18)
(17, 19)
(16, 19)
kaikki ok
Reitin pituus: 2
(13, 15)
(12, 15)
(11, 15)
kaikki ok
Reitin pituus: 16
(8, 9)
(9, 9)
(9, 8)
(9, 7)
(10, 7)
(10, 6)
(10, 5)
(11, 5)
(12, 5)
(12, 4)
(12, 3)
(13, 3)
(14, 3)
(15, 3)
(16, 3)
(17, 3)
(17, 2)
kaikki ok
Reitin pituus: 9
(14, 11)
(14, 10)
(14, 9)
(14, 8)
(14, 7)
(14, 6)
(14, 5)
(14, 4)
(14, 3)
(13, 3)
kaikki ok
Reitin pituus: 19
(8, 19)
(8, 18)
(8, 17)
(7, 17)
(6, 17)
(6, 16)
(6, 15)
(5, 15)
(4, 15)
(4, 14)
(4, 13)
(4, 12)
(4, 11)
(4, 10)
(4, 9)
(4, 8)
(4, 7)
(4, 6)
(4, 5)
(3, 5)
kaikki ok
Reitin pituus: 6
(8, 3)
(8, 2)
(8, 1)
(7, 1)
(6, 1)
(5, 1)
(4, 1)
kaikki ok
Reitin pituus: 14
(12, 16)
(12, 15)
(13, 15)
(14, 15)
(14, 14)
(14, 13)
(14, 12)
(14, 11)
(14, 10)
(14, 9)
(14, 8)
(14, 7)
(14, 6)
(14, 5)
(15, 5)
kaikki ok
Reitin pituus: 2
(13, 3)
(12, 3)
(11, 3)
kaikki ok
Reitin pituus: 31
(16, 1)
(15, 1)
(14, 1)
(14, 2)
(14, 3)
(14, 4)
(14, 5)
(14, 6)
(14, 7)
(14, 8)
(14, 9)
(14, 10)
(14, 11)
(14, 12)
(14, 13)
(14, 14)
(14, 15)
(13, 15)
(12, 15)
(12, 16)
(12, 17)
(11, 17)
(10, 17)
(10, 18)
(10, 19)
(9, 19)
(8, 19)
(7, 19)
(6, 19)
(5, 19)
(4, 19)
(3, 19)
kaikki ok
Reitin pituus: 9
(14, 8)
(14, 9)
(13, 9)
(12, 9)
(12, 10)
(12, 11)
(11, 11)
(10, 11)
(9, 11)
(8, 11)
kaikki ok
Reitin pituus: 20
(4, 17)
(4, 16)
(4, 15)
(4, 14)
(4, 13)
(4, 12)
(4, 11)
(4, 10)
(4, 9)
(4, 8)
(4, 7)
(4, 6)
(4, 5)
(4, 4)
(4, 3)
(5, 3)
(6, 3)
(7, 3)
(8, 3)
(9, 3)
(10, 3)
kaikki ok
Reitin pituus: 4
(15, 3)
(14, 3)
(14, 4)
(14, 5)
(15, 5)
kaikki ok
Reitin pituus: 9
(8, 6)
(8, 5)
(7, 5)
(6, 5)
(6, 4)
(6, 3)
(7, 3)
(8, 3)
(9, 3)
(10, 3)
kaikki ok
Reitin pituus: 15
(2, 3)
(3, 3)
(4, 3)
(5, 3)
(6, 3)
(7, 3)
(8, 3)
(9, 3)
(10, 3)
(11, 3)
(12, 3)
(13, 3)
(14, 3)
(15, 3)
(16, 3)
(17, 3)
kaikki ok
Reitin pituus: 1
(2, 1)
(3, 1)
kaikki ok
Reitin pituus: 16
(10, 6)
(10, 7)
(9, 7)
(8, 7)
(8, 6)
(8, 5)
(7, 5)
(6, 5)
(6, 4)
(6, 3)
(5, 3)
(4, 3)
(4, 2)
(4, 1)
(3, 1)
(2, 1)
(1, 1)
kaikki ok
Reitin pituus: 4
(11, 3)
(10, 3)
(9, 3)
(8, 3)
(7, 3)
kaikki ok
Reitin pituus: 9
(7, 19)
(6, 19)
(5, 19)
(4, 19)
(3, 19)
(2, 19)
(1, 19)
(1, 18)
(1, 17)
(2, 17)
kaikki ok
Reitin pituus: 13
(11, 1)
(10, 1)
(10, 2)
(10, 3)
(9, 3)
(8, 3)
(7, 3)
(6, 3)
(5, 3)
(4, 3)
(4, 2)
(4, 1)
(3, 1)
(2, 1)
kaikki ok
Reitin pituus: 6
(4, 14)
(4, 15)
(4, 16)
(4, 17)
(3, 17)
(2, 17)
(2, 16)
kaikki ok
Reitin pituus: 9
(12, 12)
(12, 11)
(12, 10)
(12, 9)
(12, 8)
(12, 7)
(11, 7)
(10, 7)
(10, 6)
(10, 5)
kaikki ok
Reitin pituus: 14
(6, 7)
(6, 8)
(6, 9)
(6, 10)
(6, 11)
(6, 12)
(6, 13)
(7, 13)
(8, 13)
(8, 14)
(8, 15)
(7, 15)
(6, 15)
(6, 16)
(6, 17)
kaikki ok
Reitin pituus: 4
(1, 3)
(1, 4)
(1, 5)
(2, 5)
(3, 5)
kaikki ok
Reitin pituus: 18
(13, 19)
(12, 19)
(11, 19)
(10, 19)
(10, 18)
(10, 17)
(11, 17)
(12, 17)
(12, 16)
(12, 15)
(13, 15)
(14, 15)
(14, 14)
(14, 13)
(14, 12)
(14, 11)
(14, 10)
(14, 9)
(14, 8)
kaikki ok
Reitin pituus: 8
(15, 13)
(14, 13)
(14, 14)
(14, 15)
(13, 15)
(12, 15)
(12, 16)
(12, 17)
(11, 17)
kaikki ok
Reitin pituus: 8
(8, 14)
(8, 15)
(9, 15)
(10, 15)
(11, 15)
(12, 15)
(12, 16)
(12, 17)
(11, 17)
kaikki ok
Reitin pituus: 7
(8, 3)
(7, 3)
(6, 3)
(5, 3)
(4, 3)
(4, 4)
(4, 5)
(3, 5)
kaikki ok
Reitin pituus: 21
(10, 15)
(9, 15)
(8, 15)
(8, 14)
(8, 13)
(7, 13)
(6, 13)
(6, 12)
(6, 11)
(6, 10)
(6, 9)
(5, 9)
(4, 9)
(4, 8)
(4, 7)
(4, 6)
(4, 5)
(4, 4)
(4, 3)
(4, 2)
(4, 1)
(3, 1)
kaikki ok
Reitin pituus: 12
(2, 3)
(3, 3)
(4, 3)
(5, 3)
(6, 3)
(6, 4)
(6, 5)
(7, 5)
(8, 5)
(8, 6)
(8, 7)
(7, 7)
(6, 7)
kaikki ok
Reitin pituus: 17
(10, 9)
(9, 9)
(9, 8)
(9, 7)
(8, 7)
(8, 6)
(8, 5)
(7, 5)
(6, 5)
(6, 4)
(6, 3)
(5, 3)
(4, 3)
(4, 4)
(4, 5)
(3, 5)
(2, 5)
(1, 5)
kaikki ok
Reitin pituus: 23
(15, 19)
(14, 19)
(13, 19)
(12, 19)
(11, 19)
(10, 19)
(9, 19)
(8, 19)
(8, 18)
(8, 17)
(7, 17)
(6, 17)
(6, 16)
(6, 15)
(5, 15)
(4, 15)
(4, 14)
(4, 13)
(5, 13)
(6, 13)
(6, 12)
(6, 11)
(6, 10)
(6, 9)
kaikki ok
Reitin pituus: 22
(1, 5)
(2, 5)
(3, 5)
(4, 5)
(4, 6)
(4, 7)
(4, 8)
(4, 9)
(4, 10)
(4, 11)
(4, 12)
(4, 13)
(4, 14)
(4, 15)
(5, 15)
(6, 15)
(6, 16)
(6, 17)
(7, 17)
(8, 17)
(8, 18)
(8, 19)
(9, 19)
kaikki ok
Reitin pituus: 3
(12, 1)
(13, 1)
(14, 1)
(14, 2)
kaikki ok
Reitin pituus: 17
(14, 13)
(14, 14)
(14, 15)
(13, 15)
(12, 15)
(12, 16)
(12, 17)
(11, 17)
(10, 17)
(10, 18)
(10, 19)
(9, 19)
(8, 19)
(7, 19)
(6, 19)
(5, 19)
(4, 19)
(3, 19)
kaikki ok
Reitin pituus: 13
(4, 7)
(4, 6)
(4, 5)
(4, 4)
(4, 3)
(5, 3)
(6, 3)
(7, 3)
(8, 3)
(9, 3)
(10, 3)
(11, 3)
(12, 3)
(13, 3)
kaikki ok
Reitin pituus: 12
(11, 17)
(10, 17)
(10, 18)
(10, 19)
(9, 19)
(8, 19)
(7, 19)
(6, 19)
(5, 19)
(4, 19)
(3, 19)
(2, 19)
(1, 19)
kaikki ok
Reitin pituus: 20
(4, 10)
(4, 11)
(4, 12)
(4, 13)
(5, 13)
(6, 13)
(7, 13)
(8, 13)
(8, 14)
(8, 15)
(9, 15)
(10, 15)
(11, 15)
(12, 15)
(13, 15)
(14, 15)
(14, 16)
(14, 17)
(15, 17)
(16, 17)
(16, 16)
kaikki ok
Reitin pituus: 10
(10, 2)
(10, 3)
(11, 3)
(12, 3)
(12, 4)
(12, 5)
(11, 5)
(10, 5)
(10, 6)
(10, 7)
(11, 7)
kaikki ok
Reitin pituus: 24
(17, 5)
(16, 5)
(15, 5)
(14, 5)
(14, 6)
(14, 7)
(14, 8)
(14, 9)
(14, 10)
(14, 11)
(14, 12)
(14, 13)
(14, 14)
(14, 15)
(13, 15)
(12, 15)
(12, 16)
(12, 17)
(11, 17)
(10, 17)
(10, 18)
(10, 19)
(9, 19)
(8, 19)
(8, 18)
kaikki ok
Reitin pituus: 20
(6, 7)
(6, 8)
(6, 9)
(6, 10)
(6, 11)
(6, 12)
(6, 13)
(7, 13)
(8, 13)
(8, 14)
(8, 15)
(9, 15)
(10, 15)
(11, 15)
(12, 15)
(13, 15)
(14, 15)
(14, 16)
(14, 17)
(15, 17)
(16, 17)
kaikki ok
Reitin pituus: 0
(16, 19)
kaikki ok
Reitin pituus: 9
(14, 11)
(14, 10)
(14, 9)
(13, 9)
(12, 9)
(12, 8)
(12, 7)
(11, 7)
(10, 7)
(10, 6)
kaikki ok
Reitin pituus: 5
(12, 7)
(11, 7)
(10, 7)
(10, 6)
(10, 5)
(11, 5)
kaikki ok
Reitin pituus: 22
(10, 9)
(9, 9)
(9, 8)
(9, 7)
(10, 7)
(11, 7)
(12, 7)
(12, 8)
(12, 9)
(13, 9)
(14, 9)
(14, 10)
(14, 11)
(14, 12)
(14, 13)
(14, 14)
(14, 15)
(14, 16)
(14, 17)
(15, 17)
(16, 17)
(17, 17)
(17, 18)
kaikki ok
Reitin pituus: 22
(10, 18)
(10, 17)
(11, 17)
(12, 17)
(12, 16)
(12, 15)
(13, 15)
(14, 15)
(14, 14)
(14, 13)
(14, 12)
(14, 11)
(14, 10)
(14, 9)
(14, 8)
(14, 7)
(14, 6)
(14, 5)
(14, 4)
(14, 3)
(14, 2)
(14, 1)
(15, 1)
kaikki ok
Reitin pituus: 13
(17, 3)
(16, 3)
(15, 3)
(14, 3)
(13, 3)
(12, 3)
(12, 4)
(12, 5)
(11, 5)
(10, 5)
(10, 6)
(10, 7)
(9, 7)
(9, 8)
kaikki ok
Reitin pituus: 24
(4, 16)
(4, 15)
(4, 14)
(4, 13)
(4, 12)
(4, 11)
(4, 10)
(4, 9)
(4, 8)
(4, 7)
(4, 6)
(4, 5)
(4, 4)
(4, 3)
(5, 3)
(6, 3)
(7, 3)
(8, 3)
(9, 3)
(10, 3)
(10, 2)
(10, 1)
(11, 1)
(12, 1)
(13, 1)
kaikki ok
Reitin pituus: 14
(14, 1)
(14, 2)
(14, 3)
(14, 4)
(14, 5)
(14, 6)
(14, 7)
(14, 8)
(14, 9)
(14, 10)
(14, 11)
(14, 12)
(14, 13)
(14, 14)
(14, 15)
kaikki ok
Reitin pituus: 25
(10, 18)
(10, 19)
(9, 19)
(8, 19)
(8, 18)
(8, 17)
(7, 17)
(6, 17)
(6, 16)
(6, 15)
(5, 15)
(4, 15)
(4, 14)
(4, 13)
(4, 12)
(4, 11)
(4, 10)
(4, 9)
(4, 8)
(4, 7)
(4, 6)
(4, 5)
(4, 4)
(4, 3)
(4, 2)
(4, 1)
kaikki ok
Reitin pituus: 24
(1, 14)
(1, 13)
(2, 13)
(3, 13)
(4, 13)
(5, 13)
(6, 13)
(6, 12)
(6, 11)
(7, 11)
(8, 11)
(9, 11)
(10, 11)
(11, 11)
(12, 11)
(12, 10)
(12, 9)
(13, 9)
(14, 9)
(14, 8)
(14, 7)
(14, 6)
(14, 5)
(15, 5)
(16, 5)
kaikki ok
Reitin pituus: 10
(17, 15)
(16, 15)
(16, 16)
(16, 17)
(15, 17)
(14, 17)
(14, 16)
(14, 15)
(13, 15)
(12, 15)
(11, 15)
kaikki ok
Reitin pituus: 10
(14, 9)
(14, 10)
(14, 11)
(14, 12)
(14, 13)
(14, 14)
(14, 15)
(14, 16)
(14, 17)
(15, 17)
(16, 17)
kaikki ok
Reitin pituus: 13
(8, 15)
(8, 14)
(8, 13)
(7, 13)
(6, 13)
(6, 12)
(6, 11)
(6, 10)
(6, 9)
(6, 8)
(6, 7)
(7, 7)
(8, 7)
(9, 7)
kaikki ok
Reitin pituus: 23
(4, 19)
(3, 19)
(2, 19)
(1, 19)
(1, 18)
(1, 17)
(2, 17)
(3, 17)
(4, 17)
(4, 16)
(4, 15)
(4, 14)
(4, 13)
(4, 12)
(4, 11)
(4, 10)
(4, 9)
(4, 8)
(4, 7)
(4, 6)
(4, 5)
(4, 4)
(4, 3)
(3, 3)
kaikki ok
Reitin pituus: 18
(5, 1)
(4, 1)
(4, 2)
(4, 3)
(4, 4)
(4, 5)
(4, 6)
(4, 7)
(4, 8)
(4, 9)
(4, 10)
(4, 11)
(4, 12)
(4, 13)
(4, 14)
(4, 15)
(5, 15)
(6, 15)
(6, 16)
kaikki ok
Reitin pituus: 9
(8, 14)
(8, 13)
(7, 13)
(6, 13)
(6, 12)
(6, 11)
(6, 10)
(6, 9)
(6, 8)
(6, 7)
kaikki ok
Reitin pituus: 23
(14, 1)
(14, 2)
(14, 3)
(13, 3)
(12, 3)
(12, 4)
(12, 5)
(11, 5)
(10, 5)
(10, 6)
(10, 7)
(9, 7)
(8, 7)
(7, 7)
(6, 7)
(6, 8)
(6, 9)
(6, 10)
(6, 11)
(6, 12)
(6, 13)
(5, 13)
(4, 13)
(3, 13)
kaikki ok
Reitin pituus: 28
(16, 3)
(15, 3)
(14, 3)
(14, 4)
(14, 5)
(14, 6)
(14, 7)
(14, 8)
(14, 9)
(14, 10)
(14, 11)
(14, 12)
(14, 13)
(14, 14)
(14, 15)
(13, 15)
(12, 15)
(12, 16)
(12, 17)
(11, 17)
(10, 17)
(10, 18)
(10, 19)
(9, 19)
(8, 19)
(7, 19)
(6, 19)
(5, 19)
(4, 19)
kaikki ok
Reitin pituus: 23
(12, 3)
(13, 3)
(14, 3)
(14, 4)
(14, 5)
(14, 6)
(14, 7)
(14, 8)
(14, 9)
(14, 10)
(14, 11)
(14, 12)
(14, 13)
(14, 14)
(14, 15)
(13, 15)
(12, 15)
(12, 16)
(12, 17)
(11, 17)
(10, 17)
(10, 18)
(10, 19)
(11, 19)
kaikki ok
Reitin pituus: 19
(6, 4)
(6, 5)
(7, 5)
(8, 5)
(8, 6)
(8, 7)
(9, 7)
(10, 7)
(11, 7)
(12, 7)
(12, 8)
(12, 9)
(13, 9)
(14, 9)
(14, 10)
(14, 11)
(14, 12)
(14, 13)
(15, 13)
(16, 13)
kaikki ok
Reitin pituus: 2
(13, 1)
(14, 1)
(14, 2)
kaikki ok
Reitin pituus: 26
(1, 19)
(1, 18)
(1, 17)
(2, 17)
(3, 17)
(4, 17)
(4, 16)
(4, 15)
(4, 14)
(4, 13)
(4, 12)
(4, 11)
(4, 10)
(4, 9)
(4, 8)
(4, 7)
(4, 6)
(4, 5)
(4, 4)
(4, 3)
(5, 3)
(6, 3)
(7, 3)
(8, 3)
(9, 3)
(10, 3)
(11, 3)
kaikki ok
Reitin pituus: 21
(6, 17)
(6, 16)
(6, 15)
(7, 15)
(8, 15)
(9, 15)
(10, 15)
(10, 14)
(10, 13)
(11, 13)
(12, 13)
(12, 12)
(12, 11)
(12, 10)
(12, 9)
(13, 9)
(14, 9)
(14, 8)
(14, 7)
(14, 6)
(14, 5)
(15, 5)
kaikki ok
Reitin pituus: 18
(16, 3)
(15, 3)
(14, 3)
(14, 4)
(14, 5)
(14, 6)
(14, 7)
(14, 8)
(14, 9)
(13, 9)
(12, 9)
(12, 10)
(12, 11)
(12, 12)
(12, 13)
(11, 13)
(10, 13)
(10, 14)
(10, 15)
kaikki ok
Reitin pituus: 17
(14, 13)
(14, 12)
(14, 11)
(14, 10)
(14, 9)
(14, 8)
(14, 7)
(14, 6)
(14, 5)
(14, 4)
(14, 3)
(13, 3)
(12, 3)
(11, 3)
(10, 3)
(9, 3)
(8, 3)
(7, 3)
kaikki ok
Reitin pituus: 7
(4, 14)
(4, 13)
(4, 12)
(4, 11)
(4, 10)
(4, 9)
(4, 8)
(4, 7)
kaikki ok
Reitin pituus: 13
(7, 7)
(6, 7)
(6, 8)
(6, 9)
(6, 10)
(6, 11)
(6, 12)
(6, 13)
(7, 13)
(8, 13)
(8, 14)
(8, 15)
(7, 15)
(6, 15)
kaikki ok
Reitin pituus: 15
(17, 18)
(17, 19)
(16, 19)
(15, 19)
(14, 19)
(13, 19)
(12, 19)
(11, 19)
(10, 19)
(9, 19)
(8, 19)
(8, 18)
(8, 17)
(7, 17)
(6, 17)
(6, 16)
kaikki ok
Reitin pituus: 18
(8, 9)
(9, 9)
(9, 8)
(9, 7)
(10, 7)
(11, 7)
(12, 7)
(12, 8)
(12, 9)
(12, 10)
(12, 11)
(12, 12)
(12, 13)
(11, 13)
(10, 13)
(10, 14)
(10, 15)
(11, 15)
(12, 15)
kaikki ok
Reitin pituus: 20
(8, 18)
(8, 17)
(7, 17)
(6, 17)
(6, 16)
(6, 15)
(5, 15)
(4, 15)
(4, 14)
(4, 13)
(4, 12)
(4, 11)
(4, 10)
(4, 9)
(4, 8)
(4, 7)
(4, 6)
(4, 5)
(4, 4)
(4, 3)
(4, 2)
kaikki ok
Reitin pituus: 20
(8, 2)
(8, 3)
(7, 3)
(6, 3)
(5, 3)
(4, 3)
(4, 4)
(4, 5)
(4, 6)
(4, 7)
(4, 8)
(4, 9)
(5, 9)
(6, 9)
(6, 10)
(6, 11)
(6, 12)
(6, 13)
(7, 13)
(8, 13)
(8, 14)
kaikki ok
Reitin pituus: 16
(1, 15)
(2, 15)
(2, 16)
(2, 17)
(3, 17)
(4, 17)
(4, 16)
(4, 15)
(5, 15)
(6, 15)
(7, 15)
(8, 15)
(9, 15)
(10, 15)
(11, 15)
(12, 15)
(12, 16)
kaikki ok
Reitin pituus: 21
(15, 5)
(14, 5)
(14, 6)
(14, 7)
(14, 8)
(14, 9)
(14, 10)
(14, 11)
(14, 12)
(14, 13)
(14, 14)
(14, 15)
(14, 16)
(14, 17)
(15, 17)
(16, 17)
(17, 17)
(17, 18)
(17, 19)
(16, 19)
(15, 19)
(14, 19)
kaikki ok
Reitin pituus: 15
(17, 17)
(16, 17)
(15, 17)
(14, 17)
(14, 16)
(14, 15)
(14, 14)
(14, 13)
(14, 12)
(14, 11)
(14, 10)
(14, 9)
(14, 8)
(14, 7)
(14, 6)
(14, 5)
kaikki ok
Reitin pituus: 14
(12, 3)
(13, 3)
(14, 3)
(14, 4)
(14, 5)
(14, 6)
(14, 7)
(14, 8)
(14, 9)
(13, 9)
(12, 9)
(12, 10)
(12, 11)
(12, 12)
(12, 13)
kaikki ok
Reitin pituus: 20
(8, 19)
(9, 19)
(10, 19)
(10, 18)
(10, 17)
(11, 17)
(12, 17)
(12, 16)
(12, 15)
(13, 15)
(14, 15)
(14, 14)
(14, 13)
(13, 13)
(12, 13)
(12, 12)
(12, 11)
(12, 10)
(12, 9)
(12, 8)
(12, 7)
kaikki ok
Reitin pituus: 23
(12, 7)
(12, 8)
(12, 9)
(12, 10)
(12, 11)
(12, 12)
(12, 13)
(11, 13)
(10, 13)
(10, 14)
(10, 15)
(9, 15)
(8, 15)
(7, 15)
(6, 15)
(5, 15)
(4, 15)
(4, 16)
(4, 17)
(3, 17)
(2, 17)
(1, 17)
(1, 18)
(1, 19)
kaikki ok
Reitin pituus: 17
(4, 15)
(5, 15)
(6, 15)
(7, 15)
(8, 15)
(9, 15)
(10, 15)
(10, 14)
(10, 13)
(11, 13)
(12, 13)
(13, 13)
(14, 13)
(15, 13)
(16, 13)
(17, 13)
(17, 14)
(17, 15)
kaikki ok
Reitin pituus: 26
(4, 19)
(3, 19)
(2, 19)
(1, 19)
(1, 18)
(1, 17)
(2, 17)
(3, 17)
(4, 17)
(4, 16)
(4, 15)
(4, 14)
(4, 13)
(4, 12)
(4, 11)
(4, 10)
(4, 9)
(4, 8)
(4, 7)
(4, 6)
(4, 5)
(4, 4)
(4, 3)
(4, 2)
(4, 1)
(5, 1)
(6, 1)
kaikki ok
Reitin pituus: 5
(11, 13)
(12, 13)
(13, 13)
(14, 13)
(14, 14)
(14, 15)
kaikki ok
Reitin pituus: 9
(11, 11)
(10, 11)
(9, 11)
(8, 11)
(7, 11)
(6, 11)
(6, 10)
(6, 9)
(6, 8)
(6, 7)
kaikki ok
Reitin pituus: 8
(8, 3)
(9, 3)
(10, 3)
(11, 3)
(12, 3)
(13, 3)
(14, 3)
(14, 4)
(14, 5)
kaikki ok
Reitin pituus: 15
(7, 7)
(6, 7)
(6, 8)
(6, 9)
(6, 10)
(6, 11)
(6, 12)
(6, 13)
(7, 13)
(8, 13)
(8, 14)
(8, 15)
(9, 15)
(10, 15)
(11, 15)
(12, 15)
kaikki ok
Reitin pituus: 11
(4, 3)
(4, 4)
(4, 5)
(4, 6)
(4, 7)
(4, 8)
(4, 9)
(5, 9)
(6, 9)
(6, 10)
(6, 11)
(6, 12)
kaikki ok
Reitin pituus: 18
(4, 1)
(4, 2)
(4, 3)
(4, 4)
(4, 5)
(4, 6)
(4, 7)
(4, 8)
(4, 9)
(4, 10)
(4, 11)
(4, 12)
(4, 13)
(3, 13)
(2, 13)
(1, 13)
(1, 14)
(1, 15)
(2, 15)
kaikki ok
Reitin pituus: 23
(2, 15)
(1, 15)
(1, 14)
(1, 13)
(2, 13)
(3, 13)
(4, 13)
(4, 12)
(4, 11)
(4, 10)
(4, 9)
(4, 8)
(4, 7)
(4, 6)
(4, 5)
(4, 4)
(4, 3)
(5, 3)
(6, 3)
(7, 3)
(8, 3)
(9, 3)
(10, 3)
(11, 3)
kaikki ok
Reitin pituus: 15
(13, 19)
(12, 19)
(11, 19)
(10, 19)
(9, 19)
(8, 19)
(7, 19)
(6, 19)
(5, 19)
(4, 19)
(3, 19)
(2, 19)
(1, 19)
(1, 18)
(1, 17)
(2, 17)
kaikki ok
Reitin pituus: 5
(8, 3)
(7, 3)
(6, 3)
(5, 3)
(4, 3)
(4, 2)
kaikki ok
Reitin pituus: 15
(2, 5)
(3, 5)
(4, 5)
(4, 6)
(4, 7)
(4, 8)
(4, 9)
(4, 10)
(4, 11)
(4, 12)
(4, 13)
(3, 13)
(2, 13)
(1, 13)
(1, 14)
(1, 15)
kaikki ok
Reitin pituus: 14
(14, 15)
(14, 14)
(14, 13)
(13, 13)
(12, 13)
(12, 12)
(12, 11)
(12, 10)
(12, 9)
(12, 8)
(12, 7)
(11, 7)
(10, 7)
(10, 6)
(10, 5)
kaikki ok
Reitin pituus: 11
(7, 7)
(8, 7)
(9, 7)
(10, 7)
(11, 7)
(12, 7)
(12, 8)
(12, 9)
(12, 10)
(12, 11)
(12, 12)
(12, 13)
kaikki ok
Reitin pituus: 21
(16, 1)
(15, 1)
(14, 1)
(14, 2)
(14, 3)
(14, 4)
(14, 5)
(14, 6)
(14, 7)
(14, 8)
(14, 9)
(14, 10)
(14, 11)
(14, 12)
(14, 13)
(15, 13)
(16, 13)
(17, 13)
(17, 14)
(17, 15)
(16, 15)
(16, 16)
kaikki ok
Reitin pituus: 5
(15, 1)
(14, 1)
(13, 1)
(12, 1)
(11, 1)
(10, 1)
kaikki ok
Reitin pituus: 5
(17, 18)
(17, 17)
(16, 17)
(16, 16)
(16, 15)
(17, 15)
kaikki ok
Reitin pituus: 14
(4, 2)
(4, 3)
(5, 3)
(6, 3)
(7, 3)
(8, 3)
(9, 3)
(10, 3)
(11, 3)
(12, 3)
(13, 3)
(14, 3)
(15, 3)
(16, 3)
(17, 3)
kaikki ok
Reitin pituus: 22
(17, 13)
(16, 13)
(15, 13)
(14, 13)
(14, 12)
(14, 11)
(14, 10)
(14, 9)
(14, 8)
(14, 7)
(14, 6)
(14, 5)
(14, 4)
(14, 3)
(13, 3)
(12, 3)
(11, 3)
(10, 3)
(9, 3)
(8, 3)
(8, 2)
(8, 1)
(7, 1)
kaikki ok
Reitin pituus: 6
(14, 7)
(14, 6)
(14, 5)
(14, 4)
(14, 3)
(14, 2)
(14, 1)
kaikki ok
Reitin pituus: 8
(8, 13)
(7, 13)
(6, 13)
(6, 12)
(6, 11)
(7, 11)
(8, 11)
(9, 11)
(10, 11)
kaikki ok
Reitin pituus: 13
(4, 8)
(4, 9)
(5, 9)
(6, 9)
(6, 10)
(6, 11)
(7, 11)
(8, 11)
(9, 11)
(10, 11)
(11, 11)
(12, 11)
(12, 12)
(12, 13)
kaikki ok
Reitin pituus: 18
(14, 16)
(14, 15)
(13, 15)
(12, 15)
(11, 15)
(10, 15)
(9, 15)
(8, 15)
(7, 15)
(6, 15)
(5, 15)
(4, 15)
(4, 16)
(4, 17)
(3, 17)
(2, 17)
(1, 17)
(1, 18)
(1, 19)
kaikki ok
Reitin pituus: 7
(10, 1)
(11, 1)
(12, 1)
(13, 1)
(14, 1)
(14, 2)
(14, 3)
(14, 4)
kaikki ok
Reitin pituus: 23
(9, 15)
(10, 15)
(10, 14)
(10, 13)
(11, 13)
(12, 13)
(12, 12)
(12, 11)
(12, 10)
(12, 9)
(13, 9)
(14, 9)
(14, 8)
(14, 7)
(14, 6)
(14, 5)
(14, 4)
(14, 3)
(14, 2)
(14, 1)
(13, 1)
(12, 1)
(11, 1)
(10, 1)
kaikki ok
Reitin pituus: 9
(4, 4)
(4, 5)
(4, 6)
(4, 7)
(4, 8)
(4, 9)
(4, 10)
(4, 11)
(4, 12)
(4, 13)
kaikki ok
Reitin pituus: 16
(12, 8)
(12, 7)
(11, 7)
(10, 7)
(9, 7)
(8, 7)
(8, 6)
(8, 5)
(7, 5)
(6, 5)
(6, 4)
(6, 3)
(5, 3)
(4, 3)
(4, 4)
(4, 5)
(3, 5)
kaikki ok
Reitin pituus: 17
(17, 3)
(16, 3)
(15, 3)
(14, 3)
(13, 3)
(12, 3)
(11, 3)
(10, 3)
(9, 3)
(8, 3)
(7, 3)
(6, 3)
(5, 3)
(4, 3)
(4, 4)
(4, 5)
(4, 6)
(4, 7)
kaikki ok
Reitin pituus: 22
(11, 15)
(10, 15)
(9, 15)
(8, 15)
(8, 14)
(8, 13)
(7, 13)
(6, 13)
(6, 12)
(6, 11)
(6, 10)
(6, 9)
(5, 9)
(4, 9)
(4, 8)
(4, 7)
(4, 6)
(4, 5)
(4, 4)
(4, 3)
(5, 3)
(6, 3)
(7, 3)
kaikki ok
Reitin pituus: 16
(17, 15)
(17, 14)
(17, 13)
(16, 13)
(15, 13)
(14, 13)
(13, 13)
(12, 13)
(12, 12)
(12, 11)
(11, 11)
(10, 11)
(9, 11)
(8, 11)
(7, 11)
(6, 11)
(6, 10)
kaikki ok
Reitin pituus: 6
(11, 13)
(12, 13)
(12, 12)
(12, 11)
(11, 11)
(10, 11)
(9, 11)
kaikki ok
Reitin pituus: 12
(2, 3)
(3, 3)
(4, 3)
(5, 3)
(6, 3)
(7, 3)
(8, 3)
(9, 3)
(10, 3)
(11, 3)
(12, 3)
(13, 3)
(14, 3)
kaikki ok
Reitin pituus: 4
(7, 3)
(8, 3)
(9, 3)
(10, 3)
(10, 2)
kaikki ok
Reitin pituus: 10
(8, 1)
(8, 2)
(8, 3)
(7, 3)
(6, 3)
(6, 4)
(6, 5)
(7, 5)
(8, 5)
(8, 6)
(8, 7)
kaikki ok
Reitin pituus: 26
(11, 19)
(10, 19)
(10, 18)
(10, 17)
(11, 17)
(12, 17)
(12, 16)
(12, 15)
(13, 15)
(14, 15)
(14, 14)
(14, 13)
(14, 12)
(14, 11)
(14, 10)
(14, 9)
(14, 8)
(14, 7)
(14, 6)
(14, 5)
(14, 4)
(14, 3)
(14, 2)
(14, 1)
(13, 1)
(12, 1)
(11, 1)
kaikki ok
Reitin pituus: 22
(4, 4)
(4, 5)
(4, 6)
(4, 7)
(4, 8)
(4, 9)
(5, 9)
(6, 9)
(6, 10)
(6, 11)
(6, 12)
(6, 13)
(7, 13)
(8, 13)
(8, 14)
(8, 15)
(9, 15)
(10, 15)
(11, 15)
(12, 15)
(13, 15)
(14, 15)
(14, 16)
kaikki ok
Reitin pituus: 15
(12, 13)
(12, 12)
(12, 11)
(11, 11)
(10, 11)
(9, 11)
(8, 11)
(7, 11)
(6, 11)
(6, 12)
(6, 13)
(5, 13)
(4, 13)
(3, 13)
(2, 13)
(1, 13)
kaikki ok
Reitin pituus: 6
(12, 12)
(12, 11)
(12, 10)
(12, 9)
(12, 8)
(12, 7)
(11, 7)
kaikki ok
Reitin pituus: 5
(12, 5)
(12, 4)
(12, 3)
(13, 3)
(14, 3)
(14, 2)
kaikki ok
Reitin pituus: 11
(16, 15)
(17, 15)
(17, 14)
(17, 13)
(16, 13)
(15, 13)
(14, 13)
(13, 13)
(12, 13)
(12, 12)
(12, 11)
(11, 11)
kaikki ok
Reitin pituus: 13
(11, 17)
(12, 17)
(12, 16)
(12, 15)
(13, 15)
(14, 15)
(14, 14)
(14, 13)
(14, 12)
(14, 11)
(14, 10)
(14, 9)
(14, 8)
(14, 7)
kaikki ok
Reitin pituus: 29
(14, 19)
(13, 19)
(12, 19)
(11, 19)
(10, 19)
(9, 19)
(8, 19)
(8, 18)
(8, 17)
(7, 17)
(6, 17)
(6, 16)
(6, 15)
(5, 15)
(4, 15)
(4, 14)
(4, 13)
(4, 12)
(4, 11)
(4, 10)
(4, 9)
(4, 8)
(4, 7)
(4, 6)
(4, 5)
(4, 4)
(4, 3)
(5, 3)
(6, 3)
(6, 4)
kaikki ok
Reitin pituus: 24
(3, 19)
(2, 19)
(1, 19)
(1, 18)
(1, 17)
(2, 17)
(3, 17)
(4, 17)
(4, 16)
(4, 15)
(4, 14)
(4, 13)
(4, 12)
(4, 11)
(4, 10)
(4, 9)
(4, 8)
(4, 7)
(4, 6)
(4, 5)
(4, 4)
(4, 3)
(4, 2)
(4, 1)
(5, 1)
kaikki ok
Reitin pituus: 8
(10, 3)
(11, 3)
(12, 3)
(12, 4)
(12, 5)
(11, 5)
(10, 5)
(10, 6)
(10, 7)
kaikki ok
Reitin pituus: 10
(12, 12)
(12, 11)
(11, 11)
(10, 11)
(9, 11)
(8, 11)
(7, 11)
(6, 11)
(6, 12)
(6, 13)
(5, 13)
kaikki ok
Reitin pituus: 12
(17, 14)
(17, 13)
(16, 13)
(15, 13)
(14, 13)
(14, 12)
(14, 11)
(14, 10)
(14, 9)
(14, 8)
(14, 7)
(14, 6)
(14, 5)
kaikki ok
Reitin pituus: 7
(8, 5)
(7, 5)
(6, 5)
(6, 4)
(6, 3)
(7, 3)
(8, 3)
(9, 3)
kaikki ok
Reitin pituus: 10
(12, 16)
(12, 15)
(13, 15)
(14, 15)
(14, 14)
(14, 13)
(15, 13)
(16, 13)
(17, 13)
(17, 14)
(17, 15)
kaikki ok
Reitin pituus: 5
(14, 13)
(14, 14)
(14, 15)
(14, 16)
(14, 17)
(15, 17)
kaikki ok
Reitin pituus: 22
(12, 9)
(12, 10)
(12, 11)
(12, 12)
(12, 13)
(11, 13)
(10, 13)
(10, 14)
(10, 15)
(9, 15)
(8, 15)
(7, 15)
(6, 15)
(5, 15)
(4, 15)
(4, 16)
(4, 17)
(3, 17)
(2, 17)
(1, 17)
(1, 18)
(1, 19)
(2, 19)
kaikki ok
Reitin pituus: 15
(10, 14)
(10, 13)
(11, 13)
(12, 13)
(13, 13)
(14, 13)
(14, 12)
(14, 11)
(14, 10)
(14, 9)
(14, 8)
(14, 7)
(14, 6)
(14, 5)
(15, 5)
(16, 5)
kaikki ok
Reitin pituus: 10
(16, 3)
(15, 3)
(14, 3)
(14, 4)
(14, 5)
(14, 6)
(14, 7)
(14, 8)
(14, 9)
(13, 9)
(12, 9)
kaikki ok
Reitin pituus: 18
(14, 14)
(14, 13)
(13, 13)
(12, 13)
(12, 12)
(12, 11)
(12, 10)
(12, 9)
(12, 8)
(12, 7)
(11, 7)
(10, 7)
(9, 7)
(8, 7)
(8, 6)
(8, 5)
(7, 5)
(6, 5)
(6, 4)
kaikki ok
Reitin pituus: 1
(4, 3)
(4, 4)
kaikki ok
Reitin pituus: 4
(4, 19)
(5, 19)
(6, 19)
(7, 19)
(8, 19)
kaikki ok
Reitin pituus: 14
(12, 11)
(12, 12)
(12, 13)
(11, 13)
(10, 13)
(10, 14)
(10, 15)
(11, 15)
(12, 15)
(12, 16)
(12, 17)
(11, 17)
(10, 17)
(10, 18)
(10, 19)
kaikki ok
Reitin pituus: 23
(10, 6)
(10, 7)
(11, 7)
(12, 7)
(12, 8)
(12, 9)
(13, 9)
(14, 9)
(14, 10)
(14, 11)
(14, 12)
(14, 13)
(14, 14)
(14, 15)
(13, 15)
(12, 15)
(12, 16)
(12, 17)
(11, 17)
(10, 17)
(10, 18)
(10, 19)
(11, 19)
(12, 19)
kaikki ok
Reitin pituus: 21
(3, 5)
(4, 5)
(4, 6)
(4, 7)
(4, 8)
(4, 9)
(5, 9)
(6, 9)
(6, 10)
(6, 11)
(7, 11)
(8, 11)
(9, 11)
(10, 11)
(11, 11)
(12, 11)
(12, 12)
(12, 13)
(13, 13)
(14, 13)
(15, 13)
(16, 13)
kaikki ok
Reitin pituus: 16
(6, 9)
(6, 10)
(6, 11)
(7, 11)
(8, 11)
(9, 11)
(10, 11)
(11, 11)
(12, 11)
(12, 12)
(12, 13)
(13, 13)
(14, 13)
(15, 13)
(16, 13)
(17, 13)
(17, 14)
kaikki ok
Reitin pituus: 9
(7, 13)
(8, 13)
(8, 14)
(8, 15)
(9, 15)
(10, 15)
(11, 15)
(12, 15)
(12, 16)
(12, 17)
kaikki ok
Reitin pituus: 18
(1, 4)
(1, 3)
(2, 3)
(3, 3)
(4, 3)
(5, 3)
(6, 3)
(7, 3)
(8, 3)
(9, 3)
(10, 3)
(11, 3)
(12, 3)
(13, 3)
(14, 3)
(14, 4)
(14, 5)
(15, 5)
(16, 5)
kaikki ok
Reitin pituus: 15
(12, 1)
(11, 1)
(10, 1)
(10, 2)
(10, 3)
(9, 3)
(8, 3)
(7, 3)
(6, 3)
(5, 3)
(4, 3)
(4, 4)
(4, 5)
(4, 6)
(4, 7)
(4, 8)
kaikki ok
Reitin pituus: 16
(3, 19)
(4, 19)
(5, 19)
(6, 19)
(7, 19)
(8, 19)
(9, 19)
(10, 19)
(10, 18)
(10, 17)
(11, 17)
(12, 17)
(12, 16)
(12, 15)
(13, 15)
(14, 15)
(14, 14)
kaikki ok
Reitin pituus: 2
(16, 15)
(17, 15)
(17, 14)
kaikki ok
Reitin pituus: 18
(16, 15)
(17, 15)
(17, 14)
(17, 13)
(16, 13)
(15, 13)
(14, 13)
(14, 12)
(14, 11)
(14, 10)
(14, 9)
(14, 8)
(14, 7)
(14, 6)
(14, 5)
(15, 5)
(16, 5)
(17, 5)
(17, 4)
kaikki ok
Reitin pituus: 17
(7, 3)
(6, 3)
(5, 3)
(4, 3)
(4, 4)
(4, 5)
(4, 6)
(4, 7)
(4, 8)
(4, 9)
(4, 10)
(4, 11)
(4, 12)
(4, 13)
(3, 13)
(2, 13)
(1, 13)
(1, 14)
kaikki ok
Reitin pituus: 6
(14, 14)
(14, 13)
(15, 13)
(16, 13)
(17, 13)
(17, 14)
(17, 15)
kaikki ok
Reitin pituus: 23
(15, 5)
(14, 5)
(14, 6)
(14, 7)
(14, 8)
(14, 9)
(14, 10)
(14, 11)
(14, 12)
(14, 13)
(14, 14)
(14, 15)
(13, 15)
(12, 15)
(12, 16)
(12, 17)
(11, 17)
(10, 17)
(10, 18)
(10, 19)
(9, 19)
(8, 19)
(8, 18)
(8, 17)
kaikki ok
Reitin pituus: 15
(17, 14)
(17, 13)
(16, 13)
(15, 13)
(14, 13)
(14, 12)
(14, 11)
(14, 10)
(14, 9)
(14, 8)
(14, 7)
(14, 6)
(14, 5)
(14, 4)
(14, 3)
(15, 3)
kaikki ok
Reitin pituus: 4
(6, 8)
(6, 9)
(5, 9)
(4, 9)
(4, 10)
kaikki ok
Reitin pituus: 19
(4, 13)
(4, 12)
(4, 11)
(4, 10)
(4, 9)
(4, 8)
(4, 7)
(4, 6)
(4, 5)
(4, 4)
(4, 3)
(5, 3)
(6, 3)
(7, 3)
(8, 3)
(9, 3)
(10, 3)
(10, 2)
(10, 1)
(11, 1)
kaikki ok
Reitin pituus: 21
(12, 15)
(11, 15)
(10, 15)
(9, 15)
(8, 15)
(7, 15)
(6, 15)
(5, 15)
(4, 15)
(4, 14)
(4, 13)
(4, 12)
(4, 11)
(4, 10)
(4, 9)
(4, 8)
(4, 7)
(4, 6)
(4, 5)
(3, 5)
(2, 5)
(1, 5)
kaikki ok
Reitin pituus: 15
(5, 9)
(4, 9)
(4, 10)
(4, 11)
(4, 12)
(4, 13)
(4, 14)
(4, 15)
(5, 15)
(6, 15)
(6, 16)
(6, 17)
(7, 17)
(8, 17)
(8, 18)
(8, 19)
kaikki ok
Reitin pituus: 19
(10, 17)
(11, 17)
(12, 17)
(12, 16)
(12, 15)
(11, 15)
(10, 15)
(10, 14)
(10, 13)
(11, 13)
(12, 13)
(12, 12)
(12, 11)
(12, 10)
(12, 9)
(12, 8)
(12, 7)
(11, 7)
(10, 7)
(10, 6)
kaikki ok
Reitin pituus: 21
(8, 6)
(8, 7)
(9, 7)
(10, 7)
(11, 7)
(12, 7)
(12, 8)
(12, 9)
(12, 10)
(12, 11)
(12, 12)
(12, 13)
(13, 13)
(14, 13)
(14, 14)
(14, 15)
(14, 16)
(14, 17)
(15, 17)
(16, 17)
(17, 17)
(17, 18)
kaikki ok
Reitin pituus: 12
(4, 15)
(4, 14)
(4, 13)
(4, 12)
(4, 11)
(4, 10)
(4, 9)
(4, 8)
(4, 7)
(4, 6)
(4, 5)
(3, 5)
(2, 5)
kaikki ok
Reitin pituus: 2
(6, 15)
(7, 15)
(8, 15)
kaikki ok
Reitin pituus: 22
(9, 3)
(10, 3)
(11, 3)
(12, 3)
(13, 3)
(14, 3)
(14, 4)
(14, 5)
(14, 6)
(14, 7)
(14, 8)
(14, 9)
(14, 10)
(14, 11)
(14, 12)
(14, 13)
(14, 14)
(14, 15)
(14, 16)
(14, 17)
(15, 17)
(16, 17)
(17, 17)
kaikki ok
Reitin pituus: 11
(16, 13)
(15, 13)
(14, 13)
(14, 14)
(14, 15)
(13, 15)
(12, 15)
(11, 15)
(10, 15)
(9, 15)
(8, 15)
(8, 14)
kaikki ok
Reitin pituus: 12
(10, 9)
(9, 9)
(9, 8)
(9, 7)
(10, 7)
(11, 7)
(12, 7)
(12, 8)
(12, 9)
(13, 9)
(14, 9)
(14, 10)
(14, 11)
kaikki ok
Reitin pituus: 6
(6, 10)
(6, 9)
(6, 8)
(6, 7)
(7, 7)
(8, 7)
(9, 7)
kaikki ok
Reitin pituus: 1
(6, 10)
(6, 11)
kaikki ok
Reitin pituus: 15
(14, 10)
(14, 11)
(14, 12)
(14, 13)
(14, 14)
(14, 15)
(14, 16)
(14, 17)
(15, 17)
(16, 17)
(17, 17)
(17, 18)
(17, 19)
(16, 19)
(15, 19)
(14, 19)
kaikki ok
Reitin pituus: 13
(6, 19)
(7, 19)
(8, 19)
(9, 19)
(10, 19)
(11, 19)
(12, 19)
(13, 19)
(14, 19)
(15, 19)
(16, 19)
(17, 19)
(17, 18)
(17, 17)
kaikki ok
Reitin pituus: 23
(8, 3)
(9, 3)
(10, 3)
(11, 3)
(12, 3)
(13, 3)
(14, 3)
(14, 4)
(14, 5)
(14, 6)
(14, 7)
(14, 8)
(14, 9)
(14, 10)
(14, 11)
(14, 12)
(14, 13)
(14, 14)
(14, 15)
(14, 16)
(14, 17)
(15, 17)
(16, 17)
(17, 17)
kaikki ok
Reitin pituus: 29
(17, 18)
(17, 17)
(16, 17)
(15, 17)
(14, 17)
(14, 16)
(14, 15)
(14, 14)
(14, 13)
(14, 12)
(14, 11)
(14, 10)
(14, 9)
(14, 8)
(14, 7)
(14, 6)
(14, 5)
(14, 4)
(14, 3)
(13, 3)
(12, 3)
(11, 3)
(10, 3)
(9, 3)
(8, 3)
(8, 2)
(8, 1)
(7, 1)
(6, 1)
(5, 1)
kaikki ok
Reitin pituus: 21
(11, 1)
(12, 1)
(13, 1)
(14, 1)
(14, 2)
(14, 3)
(14, 4)
(14, 5)
(14, 6)
(14, 7)
(14, 8)
(14, 9)
(14, 10)
(14, 11)
(14, 12)
(14, 13)
(14, 14)
(14, 15)
(14, 16)
(14, 17)
(15, 17)
(16, 17)
kaikki ok
Reitin pituus: 1
(8, 2)
(8, 1)
kaikki ok
Reitin pituus: 17
(12, 4)
(12, 3)
(13, 3)
(14, 3)
(14, 4)
(14, 5)
(14, 6)
(14, 7)
(14, 8)
(14, 9)
(14, 10)
(14, 11)
(14, 12)
(14, 13)
(14, 14)
(14, 15)
(14, 16)
(14, 17)
kaikki ok
Reitin pituus: 8
(7, 17)
(6, 17)
(6, 16)
(6, 15)
(5, 15)
(4, 15)
(4, 14)
(4, 13)
(4, 12)
kaikki ok
Reitin pituus: 20
(16, 5)
(15, 5)
(14, 5)
(14, 6)
(14, 7)
(14, 8)
(14, 9)
(14, 10)
(14, 11)
(14, 12)
(14, 13)
(14, 14)
(14, 15)
(14, 16)
(14, 17)
(15, 17)
(16, 17)
(17, 17)
(17, 18)
(17, 19)
(16, 19)
kaikki ok
Reitin pituus: 11
(14, 14)
(14, 15)
(13, 15)
(12, 15)
(12, 16)
(12, 17)
(11, 17)
(10, 17)
(10, 18)
(10, 19)
(11, 19)
(12, 19)
kaikki ok
Reitin pituus: 16
(14, 2)
(14, 3)
(13, 3)
(12, 3)
(11, 3)
(10, 3)
(9, 3)
(8, 3)
(7, 3)
(6, 3)
(5, 3)
(4, 3)
(3, 3)
(2, 3)
(1, 3)
(1, 4)
(1, 5)
kaikki ok
Reitin pituus: 10
(7, 17)
(6, 17)
(6, 16)
(6, 15)
(5, 15)
(4, 15)
(4, 14)
(4, 13)
(4, 12)
(4, 11)
(4, 10)
kaikki ok
Reitin pituus: 17
(6, 8)
(6, 9)
(6, 10)
(6, 11)
(7, 11)
(8, 11)
(9, 11)
(10, 11)
(11, 11)
(12, 11)
(12, 12)
(12, 13)
(13, 13)
(14, 13)
(15, 13)
(16, 13)
(17, 13)
(17, 14)
kaikki ok
Reitin pituus: 10
(1, 5)
(2, 5)
(3, 5)
(4, 5)
(4, 6)
(4, 7)
(4, 8)
(4, 9)
(5, 9)
(6, 9)
(6, 8)
kaikki ok
Reitin pituus: 12
(4, 3)
(5, 3)
(6, 3)
(6, 4)
(6, 5)
(7, 5)
(8, 5)
(8, 6)
(8, 7)
(9, 7)
(10, 7)
(11, 7)
(12, 7)
kaikki ok
Reitin pituus: 22
(16, 19)
(15, 19)
(14, 19)
(13, 19)
(12, 19)
(11, 19)
(10, 19)
(9, 19)
(8, 19)
(7, 19)
(6, 19)
(5, 19)
(4, 19)
(3, 19)
(2, 19)
(1, 19)
(1, 18)
(1, 17)
(2, 17)
(2, 16)
(2, 15)
(1, 15)
(1, 14)
kaikki ok
Reitin pituus: 14
(16, 16)
(16, 17)
(15, 17)
(14, 17)
(14, 16)
(14, 15)
(13, 15)
(12, 15)
(11, 15)
(10, 15)
(9, 15)
(8, 15)
(7, 15)
(6, 15)
(5, 15)
kaikki ok
Reitin pituus: 20
(10, 5)
(10, 6)
(10, 7)
(11, 7)
(12, 7)
(12, 8)
(12, 9)
(13, 9)
(14, 9)
(14, 10)
(14, 11)
(14, 12)
(14, 13)
(14, 14)
(14, 15)
(14, 16)
(14, 17)
(15, 17)
(16, 17)
(17, 17)
(17, 18)
kaikki ok
Reitin pituus: 13
(8, 9)
(9, 9)
(9, 8)
(9, 7)
(8, 7)
(7, 7)
(6, 7)
(6, 8)
(6, 9)
(6, 10)
(6, 11)
(6, 12)
(6, 13)
(5, 13)
kaikki ok
Reitin pituus: 11
(14, 10)
(14, 9)
(13, 9)
(12, 9)
(12, 8)
(12, 7)
(11, 7)
(10, 7)
(9, 7)
(8, 7)
(8, 6)
(8, 5)
kaikki ok
Reitin pituus: 10
(10, 1)
(10, 2)
(10, 3)
(11, 3)
(12, 3)
(12, 4)
(12, 5)
(11, 5)
(10, 5)
(10, 6)
(10, 7)
kaikki ok
Reitin pituus: 28
(13, 19)
(12, 19)
(11, 19)
(10, 19)
(9, 19)
(8, 19)
(8, 18)
(8, 17)
(7, 17)
(6, 17)
(6, 16)
(6, 15)
(5, 15)
(4, 15)
(4, 14)
(4, 13)
(4, 12)
(4, 11)
(4, 10)
(4, 9)
(4, 8)
(4, 7)
(4, 6)
(4, 5)
(4, 4)
(4, 3)
(4, 2)
(4, 1)
(3, 1)
kaikki ok
Reitin pituus: 15
(1, 13)
(2, 13)
(3, 13)
(4, 13)
(4, 12)
(4, 11)
(4, 10)
(4, 9)
(4, 8)
(4, 7)
(4, 6)
(4, 5)
(4, 4)
(4, 3)
(5, 3)
(6, 3)
kaikki ok
Reitin pituus: 19
(9, 19)
(8, 19)
(8, 18)
(8, 17)
(7, 17)
(6, 17)
(6, 16)
(6, 15)
(5, 15)
(4, 15)
(4, 14)
(4, 13)
(4, 12)
(4, 11)
(4, 10)
(4, 9)
(4, 8)
(4, 7)
(4, 6)
(4, 5)
kaikki ok
Reitin pituus: 4
(10, 9)
(9, 9)
(9, 8)
(9, 7)
(10, 7)
kaikki ok
Reitin pituus: 0
(5, 9)
kaikki ok
Reitin pituus: 10
(7, 19)
(8, 19)
(8, 18)
(8, 17)
(7, 17)
(6, 17)
(6, 16)
(6, 15)
(7, 15)
(8, 15)
(9, 15)
kaikki ok
Reitin pituus: 19
(14, 15)
(13, 15)
(12, 15)
(11, 15)
(10, 15)
(9, 15)
(8, 15)
(7, 15)
(6, 15)
(5, 15)
(4, 15)
(4, 14)
(4, 13)
(4, 12)
(4, 11)
(4, 10)
(4, 9)
(4, 8)
(4, 7)
(4, 6)
kaikki ok
Reitin pituus: 7
(1, 13)
(2, 13)
(3, 13)
(4, 13)
(5, 13)
(6, 13)
(7, 13)
(8, 13)
kaikki ok
Reitin pituus: 17
(14, 9)
(13, 9)
(12, 9)
(12, 8)
(12, 7)
(11, 7)
(10, 7)
(9, 7)
(8, 7)
(8, 6)
(8, 5)
(7, 5)
(6, 5)
(6, 4)
(6, 3)
(5, 3)
(4, 3)
(3, 3)
kaikki ok
Reitin pituus: 22
(17, 18)
(17, 17)
(16, 17)
(15, 17)
(14, 17)
(14, 16)
(14, 15)
(13, 15)
(12, 15)
(11, 15)
(10, 15)
(9, 15)
(8, 15)
(7, 15)
(6, 15)
(5, 15)
(4, 15)
(4, 14)
(4, 13)
(3, 13)
(2, 13)
(1, 13)
(1, 14)
kaikki ok
Reitin pituus: 18
(1, 17)
(2, 17)
(3, 17)
(4, 17)
(4, 16)
(4, 15)
(5, 15)
(6, 15)
(7, 15)
(8, 15)
(9, 15)
(10, 15)
(10, 14)
(10, 13)
(11, 13)
(12, 13)
(12, 12)
(12, 11)
(12, 10)
kaikki ok
Reitin pituus: 18
(16, 5)
(15, 5)
(14, 5)
(14, 6)
(14, 7)
(14, 8)
(14, 9)
(13, 9)
(12, 9)
(12, 10)
(12, 11)
(11, 11)
(10, 11)
(9, 11)
(8, 11)
(7, 11)
(6, 11)
(6, 10)
(6, 9)
kaikki ok
Reitin pituus: 5
(14, 15)
(14, 14)
(14, 13)
(13, 13)
(12, 13)
(12, 12)
kaikki ok
Reitin pituus: 6
(8, 13)
(7, 13)
(6, 13)
(5, 13)
(4, 13)
(3, 13)
(2, 13)
kaikki ok
Reitin pituus: 25
(4, 6)
(4, 7)
(4, 8)
(4, 9)
(4, 10)
(4, 11)
(4, 12)
(4, 13)
(5, 13)
(6, 13)
(7, 13)
(8, 13)
(8, 14)
(8, 15)
(9, 15)
(10, 15)
(11, 15)
(12, 15)
(13, 15)
(14, 15)
(14, 16)
(14, 17)
(15, 17)
(16, 17)
(17, 17)
(17, 18)
kaikki ok
Reitin pituus: 11
(12, 11)
(12, 10)
(12, 9)
(13, 9)
(14, 9)
(14, 8)
(14, 7)
(14, 6)
(14, 5)
(14, 4)
(14, 3)
(15, 3)
kaikki ok
Reitin pituus: 8
(12, 5)
(12, 4)
(12, 3)
(11, 3)
(10, 3)
(9, 3)
(8, 3)
(8, 2)
(8, 1)
kaikki ok
Reitin pituus: 5
(14, 10)
(14, 9)
(13, 9)
(12, 9)
(12, 8)
(12, 7)
kaikki ok
Reitin pituus: 10
(16, 1)
(15, 1)
(14, 1)
(14, 2)
(14, 3)
(14, 4)
(14, 5)
(14, 6)
(14, 7)
(14, 8)
(14, 9)
kaikki ok
Reitin pituus: 3
(1, 3)
(1, 4)
(1, 5)
(2, 5)
kaikki ok
Reitin pituus: 9
(14, 7)
(14, 8)
(14, 9)
(13, 9)
(12, 9)
(12, 8)
(12, 7)
(11, 7)
(10, 7)
(10, 6)
kaikki ok
Reitin pituus: 14
(13, 9)
(12, 9)
(12, 10)
(12, 11)
(12, 12)
(12, 13)
(11, 13)
(10, 13)
(10, 14)
(10, 15)
(9, 15)
(8, 15)
(7, 15)
(6, 15)
(6, 16)
kaikki ok
Reitin pituus: 18
(2, 5)
(3, 5)
(4, 5)
(4, 4)
(4, 3)
(5, 3)
(6, 3)
(7, 3)
(8, 3)
(9, 3)
(10, 3)
(11, 3)
(12, 3)
(13, 3)
(14, 3)
(15, 3)
(16, 3)
(17, 3)
(17, 2)
kaikki ok
Reitin pituus: 7
(12, 5)
(11, 5)
(10, 5)
(10, 6)
(10, 7)
(11, 7)
(12, 7)
(12, 8)
kaikki ok
Reitin pituus: 14
(11, 13)
(12, 13)
(13, 13)
(14, 13)
(14, 12)
(14, 11)
(14, 10)
(14, 9)
(14, 8)
(14, 7)
(14, 6)
(14, 5)
(14, 4)
(14, 3)
(13, 3)
kaikki ok
Reitin pituus: 17
(10, 9)
(9, 9)
(9, 8)
(9, 7)
(10, 7)
(11, 7)
(12, 7)
(12, 8)
(12, 9)
(13, 9)
(14, 9)
(14, 10)
(14, 11)
(14, 12)
(14, 13)
(14, 14)
(14, 15)
(13, 15)
kaikki ok
Reitin pituus: 14
(4, 11)
(4, 12)
(4, 13)
(4, 14)
(4, 15)
(5, 15)
(6, 15)
(6, 16)
(6, 17)
(7, 17)
(8, 17)
(8, 18)
(8, 19)
(7, 19)
(6, 19)
kaikki ok
Reitin pituus: 11
(10, 9)
(9, 9)
(9, 8)
(9, 7)
(10, 7)
(10, 6)
(10, 5)
(11, 5)
(12, 5)
(12, 4)
(12, 3)
(11, 3)
kaikki ok
Reitin pituus: 20
(7, 1)
(8, 1)
(8, 2)
(8, 3)
(9, 3)
(10, 3)
(11, 3)
(12, 3)
(13, 3)
(14, 3)
(14, 4)
(14, 5)
(14, 6)
(14, 7)
(14, 8)
(14, 9)
(14, 10)
(14, 11)
(14, 12)
(14, 13)
(15, 13)
kaikki ok
Reitin pituus: 12
(15, 13)
(14, 13)
(14, 14)
(14, 15)
(13, 15)
(12, 15)
(12, 16)
(12, 17)
(11, 17)
(10, 17)
(10, 18)
(10, 19)
(9, 19)
kaikki ok
Reitin pituus: 19
(16, 17)
(15, 17)
(14, 17)
(14, 16)
(14, 15)
(13, 15)
(12, 15)
(11, 15)
(10, 15)
(9, 15)
(8, 15)
(8, 14)
(8, 13)
(7, 13)
(6, 13)
(6, 12)
(6, 11)
(6, 10)
(6, 9)
(6, 8)
kaikki ok
Reitin pituus: 14
(6, 4)
(6, 5)
(7, 5)
(8, 5)
(8, 6)
(8, 7)
(7, 7)
(6, 7)
(6, 8)
(6, 9)
(6, 10)
(6, 11)
(6, 12)
(6, 13)
(5, 13)
kaikki ok
Reitin pituus: 17
(8, 15)
(8, 14)
(8, 13)
(7, 13)
(6, 13)
(6, 12)
(6, 11)
(6, 10)
(6, 9)
(5, 9)
(4, 9)
(4, 8)
(4, 7)
(4, 6)
(4, 5)
(4, 4)
(4, 3)
(3, 3)
kaikki ok
Reitin pituus: 12
(5, 19)
(6, 19)
(7, 19)
(8, 19)
(8, 18)
(8, 17)
(7, 17)
(6, 17)
(6, 16)
(6, 15)
(5, 15)
(4, 15)
(4, 14)
kaikki ok
Reitin pituus: 15
(1, 2)
(1, 3)
(2, 3)
(3, 3)
(4, 3)
(5, 3)
(6, 3)
(7, 3)
(8, 3)
(9, 3)
(10, 3)
(10, 2)
(10, 1)
(11, 1)
(12, 1)
(13, 1)
kaikki ok
Reitin pituus: 14
(3, 13)
(4, 13)
(4, 12)
(4, 11)
(4, 10)
(4, 9)
(4, 8)
(4, 7)
(4, 6)
(4, 5)
(4, 4)
(4, 3)
(5, 3)
(6, 3)
(6, 4)
kaikki ok
Reitin pituus: 10
(12, 7)
(11, 7)
(10, 7)
(9, 7)
(8, 7)
(7, 7)
(6, 7)
(6, 8)
(6, 9)
(6, 10)
(6, 11)
kaikki ok
Reitin pituus: 6
(7, 1)
(8, 1)
(8, 2)
(8, 3)
(7, 3)
(6, 3)
(5, 3)
kaikki ok
Reitin pituus: 6
(8, 11)
(7, 11)
(6, 11)
(6, 12)
(6, 13)
(5, 13)
(4, 13)
kaikki ok
Reitin pituus: 20
(12, 16)
(12, 15)
(13, 15)
(14, 15)
(14, 14)
(14, 13)
(14, 12)
(14, 11)
(14, 10)
(14, 9)
(14, 8)
(14, 7)
(14, 6)
(14, 5)
(14, 4)
(14, 3)
(13, 3)
(12, 3)
(11, 3)
(10, 3)
(10, 2)
kaikki ok
Reitin pituus: 28
(14, 19)
(13, 19)
(12, 19)
(11, 19)
(10, 19)
(9, 19)
(8, 19)
(8, 18)
(8, 17)
(7, 17)
(6, 17)
(6, 16)
(6, 15)
(5, 15)
(4, 15)
(4, 14)
(4, 13)
(4, 12)
(4, 11)
(4, 10)
(4, 9)
(4, 8)
(4, 7)
(4, 6)
(4, 5)
(4, 4)
(4, 3)
(4, 2)
(4, 1)
kaikki ok
Reitin pituus: 26
(4, 19)
(5, 19)
(6, 19)
(7, 19)
(8, 19)
(9, 19)
(10, 19)
(10, 18)
(10, 17)
(11, 17)
(12, 17)
(12, 16)
(12, 15)
(13, 15)
(14, 15)
(14, 14)
(14, 13)
(14, 12)
(14, 11)
(14, 10)
(14, 9)
(14, 8)
(14, 7)
(14, 6)
(14, 5)
(15, 5)
(16, 5)
kaikki ok
Reitin pituus: 12
(12, 10)
(12, 9)
(13, 9)
(14, 9)
(14, 8)
(14, 7)
(14, 6)
(14, 5)
(14, 4)
(14, 3)
(14, 2)
(14, 1)
(15, 1)
kaikki ok
Reitin pituus: 14
(10, 13)
(11, 13)
(12, 13)
(13, 13)
(14, 13)
(14, 12)
(14, 11)
(14, 10)
(14, 9)
(14, 8)
(14, 7)
(14, 6)
(14, 5)
(15, 5)
(16, 5)
kaikki ok
Reitin pituus: 10
(12, 12)
(12, 11)
(11, 11)
(10, 11)
(9, 11)
(8, 11)
(7, 11)
(6, 11)
(6, 10)
(6, 9)
(5, 9)
kaikki ok
Reitin pituus: 15
(10, 5)
(10, 6)
(10, 7)
(11, 7)
(12, 7)
(12, 8)
(12, 9)
(13, 9)
(14, 9)
(14, 10)
(14, 11)
(14, 12)
(14, 13)
(14, 14)
(14, 15)
(14, 16)
kaikki ok
Reitin pituus: 22
(10, 3)
(11, 3)
(12, 3)
(12, 4)
(12, 5)
(11, 5)
(10, 5)
(10, 6)
(10, 7)
(11, 7)
(12, 7)
(12, 8)
(12, 9)
(12, 10)
(12, 11)
(12, 12)
(12, 13)
(11, 13)
(10, 13)
(10, 14)
(10, 15)
(9, 15)
(8, 15)
kaikki ok
Reitin pituus: 15
(8, 7)
(9, 7)
(10, 7)
(10, 6)
(10, 5)
(11, 5)
(12, 5)
(12, 4)
(12, 3)
(13, 3)
(14, 3)
(15, 3)
(16, 3)
(17, 3)
(17, 2)
(17, 1)
kaikki ok
Reitin pituus: 18
(3, 1)
(4, 1)
(4, 2)
(4, 3)
(4, 4)
(4, 5)
(4, 6)
(4, 7)
(4, 8)
(4, 9)
(5, 9)
(6, 9)
(6, 10)
(6, 11)
(7, 11)
(8, 11)
(9, 11)
(10, 11)
(11, 11)
kaikki ok
Reitin pituus: 12
(10, 14)
(10, 15)
(9, 15)
(8, 15)
(8, 14)
(8, 13)
(7, 13)
(6, 13)
(6, 12)
(6, 11)
(6, 10)
(6, 9)
(6, 8)
kaikki ok
Reitin pituus: 13
(11, 15)
(10, 15)
(9, 15)
(8, 15)
(7, 15)
(6, 15)
(5, 15)
(4, 15)
(4, 14)
(4, 13)
(3, 13)
(2, 13)
(1, 13)
(1, 14)
kaikki ok
Reitin pituus: 16
(14, 5)
(14, 6)
(14, 7)
(14, 8)
(14, 9)
(14, 10)
(14, 11)
(14, 12)
(14, 13)
(14, 14)
(14, 15)
(14, 16)
(14, 17)
(15, 17)
(16, 17)
(17, 17)
(17, 18)
kaikki ok
Reitin pituus: 13
(1, 4)
(1, 3)
(2, 3)
(3, 3)
(4, 3)
(5, 3)
(6, 3)
(7, 3)
(8, 3)
(9, 3)
(10, 3)
(10, 2)
(10, 1)
(11, 1)
kaikki ok
Reitin pituus: 20
(1, 18)
(1, 17)
(2, 17)
(3, 17)
(4, 17)
(4, 16)
(4, 15)
(4, 14)
(4, 13)
(5, 13)
(6, 13)
(6, 12)
(6, 11)
(6, 10)
(6, 9)
(6, 8)
(6, 7)
(7, 7)
(8, 7)
(9, 7)
(10, 7)
kaikki ok
Reitin pituus: 7
(6, 7)
(7, 7)
(8, 7)
(9, 7)
(10, 7)
(11, 7)
(12, 7)
(12, 8)
kaikki ok
Reitin pituus: 10
(6, 16)
(6, 15)
(7, 15)
(8, 15)
(9, 15)
(10, 15)
(10, 14)
(10, 13)
(11, 13)
(12, 13)
(13, 13)
kaikki ok
Reitin pituus: 5
(14, 4)
(14, 3)
(13, 3)
(12, 3)
(11, 3)
(10, 3)
kaikki ok
Reitin pituus: 10
(9, 11)
(10, 11)
(11, 11)
(12, 11)
(12, 12)
(12, 13)
(11, 13)
(10, 13)
(10, 14)
(10, 15)
(9, 15)
kaikki ok
Reitin pituus: 6
(11, 13)
(12, 13)
(13, 13)
(14, 13)
(14, 14)
(14, 15)
(14, 16)
kaikki ok
Reitin pituus: 8
(11, 3)
(12, 3)
(12, 4)
(12, 5)
(11, 5)
(10, 5)
(10, 6)
(10, 7)
(11, 7)
kaikki ok
Reitin pituus: 11
(2, 3)
(3, 3)
(4, 3)
(4, 4)
(4, 5)
(4, 6)
(4, 7)
(4, 8)
(4, 9)
(4, 10)
(4, 11)
(4, 12)
kaikki ok
Reitin pituus: 24
(8, 19)
(8, 18)
(8, 17)
(7, 17)
(6, 17)
(6, 16)
(6, 15)
(5, 15)
(4, 15)
(4, 14)
(4, 13)
(4, 12)
(4, 11)
(4, 10)
(4, 9)
(4, 8)
(4, 7)
(4, 6)
(4, 5)
(4, 4)
(4, 3)
(4, 2)
(4, 1)
(5, 1)
(6, 1)
kaikki ok
Reitin pituus: 22
(11, 5)
(10, 5)
(10, 6)
(10, 7)
(11, 7)
(12, 7)
(12, 8)
(12, 9)
(13, 9)
(14, 9)
(14, 10)
(14, 11)
(14, 12)
(14, 13)
(14, 14)
(14, 15)
(14, 16)
(14, 17)
(15, 17)
(16, 17)
(17, 17)
(17, 18)
(17, 19)
kaikki ok
Reitin pituus: 14
(14, 2)
(14, 3)
(14, 4)
(14, 5)
(14, 6)
(14, 7)
(14, 8)
(14, 9)
(14, 10)
(14, 11)
(14, 12)
(14, 13)
(14, 14)
(14, 15)
(13, 15)
kaikki ok
Reitin pituus: 11
(12, 16)
(12, 15)
(11, 15)
(10, 15)
(9, 15)
(8, 15)
(8, 14)
(8, 13)
(7, 13)
(6, 13)
(6, 12)
(6, 11)
kaikki ok
Reitin pituus: 8
(4, 2)
(4, 3)
(5, 3)
(6, 3)
(6, 4)
(6, 5)
(7, 5)
(8, 5)
(8, 6)
kaikki ok
Reitin pituus: 12
(12, 7)
(11, 7)
(10, 7)
(9, 7)
(8, 7)
(8, 6)
(8, 5)
(7, 5)
(6, 5)
(6, 4)
(6, 3)
(7, 3)
(8, 3)
kaikki ok
Reitin pituus: 21
(17, 2)
(17, 3)
(17, 4)
(17, 5)
(16, 5)
(15, 5)
(14, 5)
(14, 6)
(14, 7)
(14, 8)
(14, 9)
(14, 10)
(14, 11)
(14, 12)
(14, 13)
(14, 14)
(14, 15)
(13, 15)
(12, 15)
(12, 16)
(12, 17)
(11, 17)
kaikki ok
Reitin pituus: 2
(13, 19)
(12, 19)
(11, 19)
kaikki ok
Reitin pituus: 25
(2, 1)
(3, 1)
(4, 1)
(4, 2)
(4, 3)
(4, 4)
(4, 5)
(4, 6)
(4, 7)
(4, 8)
(4, 9)
(4, 10)
(4, 11)
(4, 12)
(4, 13)
(4, 14)
(4, 15)
(5, 15)
(6, 15)
(6, 16)
(6, 17)
(7, 17)
(8, 17)
(8, 18)
(8, 19)
(9, 19)
kaikki ok
Reitin pituus: 15
(10, 1)
(10, 2)
(10, 3)
(9, 3)
(8, 3)
(7, 3)
(6, 3)
(5, 3)
(4, 3)
(4, 4)
(4, 5)
(4, 6)
(4, 7)
(4, 8)
(4, 9)
(5, 9)
kaikki ok
Reitin pituus: 22
(3, 5)
(4, 5)
(4, 6)
(4, 7)
(4, 8)
(4, 9)
(4, 10)
(4, 11)
(4, 12)
(4, 13)
(4, 14)
(4, 15)
(5, 15)
(6, 15)
(6, 16)
(6, 17)
(7, 17)
(8, 17)
(8, 18)
(8, 19)
(9, 19)
(10, 19)
(10, 18)
kaikki ok
Reitin pituus: 17
(9, 7)
(10, 7)
(11, 7)
(12, 7)
(12, 8)
(12, 9)
(13, 9)
(14, 9)
(14, 10)
(14, 11)
(14, 12)
(14, 13)
(15, 13)
(16, 13)
(17, 13)
(17, 14)
(17, 15)
(16, 15)
kaikki ok
Reitin pituus: 11
(4, 17)
(4, 16)
(4, 15)
(4, 14)
(4, 13)
(4, 12)
(4, 11)
(4, 10)
(4, 9)
(4, 8)
(4, 7)
(4, 6)
kaikki ok
Reitin pituus: 7
(17, 2)
(17, 3)
(16, 3)
(15, 3)
(14, 3)
(13, 3)
(12, 3)
(12, 4)
kaikki ok
Reitin pituus: 13
(6, 12)
(6, 11)
(6, 10)
(6, 9)
(5, 9)
(4, 9)
(4, 8)
(4, 7)
(4, 6)
(4, 5)
(4, 4)
(4, 3)
(5, 3)
(6, 3)
kaikki ok
Reitin pituus: 3
(4, 7)
(4, 6)
(4, 5)
(3, 5)
kaikki ok
Reitin pituus: 18
(14, 13)
(13, 13)
(12, 13)
(12, 12)
(12, 11)
(12, 10)
(12, 9)
(12, 8)
(12, 7)
(11, 7)
(10, 7)
(9, 7)
(8, 7)
(8, 6)
(8, 5)
(7, 5)
(6, 5)
(6, 4)
(6, 3)
kaikki ok
Reitin pituus: 9
(10, 7)
(10, 6)
(10, 5)
(11, 5)
(12, 5)
(12, 4)
(12, 3)
(13, 3)
(14, 3)
(15, 3)
kaikki ok
Reitin pituus: 11
(12, 5)
(11, 5)
(10, 5)
(10, 6)
(10, 7)
(11, 7)
(12, 7)
(12, 8)
(12, 9)
(12, 10)
(12, 11)
(11, 11)
kaikki ok
Reitin pituus: 12
(2, 13)
(3, 13)
(4, 13)
(5, 13)
(6, 13)
(6, 12)
(6, 11)
(6, 10)
(6, 9)
(6, 8)
(6, 7)
(7, 7)
(8, 7)
kaikki ok
Reitin pituus: 5
(5, 1)
(4, 1)
(4, 2)
(4, 3)
(5, 3)
(6, 3)
kaikki ok
Reitin pituus: 8
(1, 17)
(1, 18)
(1, 19)
(2, 19)
(3, 19)
(4, 19)
(5, 19)
(6, 19)
(7, 19)
kaikki ok
Reitin pituus: 9
(14, 12)
(14, 11)
(14, 10)
(14, 9)
(14, 8)
(14, 7)
(14, 6)
(14, 5)
(15, 5)
(16, 5)
kaikki ok
Reitin pituus: 13
(4, 12)
(4, 13)
(5, 13)
(6, 13)
(6, 12)
(6, 11)
(7, 11)
(8, 11)
(9, 11)
(10, 11)
(11, 11)
(12, 11)
(12, 12)
(12, 13)
kaikki ok
Reitin pituus: 14
(10, 18)
(10, 17)
(11, 17)
(12, 17)
(12, 16)
(12, 15)
(11, 15)
(10, 15)
(10, 14)
(10, 13)
(11, 13)
(12, 13)
(12, 12)
(12, 11)
(11, 11)
kaikki ok
Reitin pituus: 16
(9, 3)
(8, 3)
(7, 3)
(6, 3)
(5, 3)
(4, 3)
(4, 4)
(4, 5)
(4, 6)
(4, 7)
(4, 8)
(4, 9)
(4, 10)
(4, 11)
(4, 12)
(4, 13)
(5, 13)
kaikki ok
Reitin pituus: 23
(8, 17)
(7, 17)
(6, 17)
(6, 16)
(6, 15)
(5, 15)
(4, 15)
(4, 14)
(4, 13)
(4, 12)
(4, 11)
(4, 10)
(4, 9)
(4, 8)
(4, 7)
(4, 6)
(4, 5)
(4, 4)
(4, 3)
(5, 3)
(6, 3)
(7, 3)
(8, 3)
(8, 2)
kaikki ok
Reitin pituus: 17
(1, 14)
(1, 13)
(2, 13)
(3, 13)
(4, 13)
(4, 14)
(4, 15)
(5, 15)
(6, 15)
(6, 16)
(6, 17)
(7, 17)
(8, 17)
(8, 18)
(8, 19)
(9, 19)
(10, 19)
(10, 18)
kaikki ok
Reitin pituus: 17
(6, 19)
(7, 19)
(8, 19)
(8, 18)
(8, 17)
(7, 17)
(6, 17)
(6, 16)
(6, 15)
(5, 15)
(4, 15)
(4, 14)
(4, 13)
(4, 12)
(4, 11)
(4, 10)
(4, 9)
(5, 9)
kaikki ok
Reitin pituus: 13
(8, 13)
(8, 14)
(8, 15)
(9, 15)
(10, 15)
(10, 14)
(10, 13)
(11, 13)
(12, 13)
(13, 13)
(14, 13)
(14, 12)
(14, 11)
(14, 10)
kaikki ok
Reitin pituus: 6
(12, 8)
(12, 7)
(11, 7)
(10, 7)
(9, 7)
(8, 7)
(7, 7)
kaikki ok
Reitin pituus: 11
(16, 17)
(15, 17)
(14, 17)
(14, 16)
(14, 15)
(14, 14)
(14, 13)
(14, 12)
(14, 11)
(14, 10)
(14, 9)
(14, 8)
kaikki ok
Reitin pituus: 18
(16, 19)
(17, 19)
(17, 18)
(17, 17)
(16, 17)
(15, 17)
(14, 17)
(14, 16)
(14, 15)
(14, 14)
(14, 13)
(13, 13)
(12, 13)
(12, 12)
(12, 11)
(12, 10)
(12, 9)
(12, 8)
(12, 7)
kaikki ok
Reitin pituus: 12
(17, 3)
(16, 3)
(15, 3)
(14, 3)
(13, 3)
(12, 3)
(11, 3)
(10, 3)
(9, 3)
(8, 3)
(8, 2)
(8, 1)
(7, 1)
kaikki ok
Reitin pituus: 12
(8, 2)
(8, 3)
(7, 3)
(6, 3)
(6, 4)
(6, 5)
(7, 5)
(8, 5)
(8, 6)
(8, 7)
(7, 7)
(6, 7)
(6, 8)
kaikki ok
Reitin pituus: 7
(6, 10)
(6, 11)
(6, 12)
(6, 13)
(5, 13)
(4, 13)
(3, 13)
(2, 13)
kaikki ok
Reitin pituus: 15
(12, 8)
(12, 7)
(11, 7)
(10, 7)
(9, 7)
(8, 7)
(8, 6)
(8, 5)
(7, 5)
(6, 5)
(6, 4)
(6, 3)
(5, 3)
(4, 3)
(3, 3)
(2, 3)
kaikki ok
Reitin pituus: 13
(4, 2)
(4, 3)
(5, 3)
(6, 3)
(6, 4)
(6, 5)
(7, 5)
(8, 5)
(8, 6)
(8, 7)
(9, 7)
(9, 8)
(9, 9)
(8, 9)
kaikki ok
Reitin pituus: 10
(5, 13)
(6, 13)
(7, 13)
(8, 13)
(8, 14)
(8, 15)
(9, 15)
(10, 15)
(11, 15)
(12, 15)
(12, 16)
kaikki ok
Reitin pituus: 11
(10, 11)
(9, 11)
(8, 11)
(7, 11)
(6, 11)
(6, 12)
(6, 13)
(5, 13)
(4, 13)
(4, 14)
(4, 15)
(5, 15)
kaikki ok
Reitin pituus: 8
(17, 15)
(16, 15)
(16, 16)
(16, 17)
(17, 17)
(17, 18)
(17, 19)
(16, 19)
(15, 19)
kaikki ok
Reitin pituus: 18
(2, 17)
(3, 17)
(4, 17)
(4, 16)
(4, 15)
(5, 15)
(6, 15)
(7, 15)
(8, 15)
(9, 15)
(10, 15)
(11, 15)
(12, 15)
(13, 15)
(14, 15)
(14, 14)
(14, 13)
(14, 12)
(14, 11)
kaikki ok
Reitin pituus: 4
(8, 6)
(8, 7)
(9, 7)
(9, 8)
(9, 9)
kaikki ok
Reitin pituus: 10
(7, 3)
(8, 3)
(9, 3)
(10, 3)
(11, 3)
(12, 3)
(12, 4)
(12, 5)
(11, 5)
(10, 5)
(10, 6)
kaikki ok
Reitin pituus: 6
(14, 12)
(14, 11)
(14, 10)
(14, 9)
(13, 9)
(12, 9)
(12, 10)
kaikki ok
Reitin pituus: 9
(6, 3)
(7, 3)
(8, 3)
(9, 3)
(10, 3)
(11, 3)
(12, 3)
(12, 4)
(12, 5)
(11, 5)
kaikki ok
Reitin pituus: 9
(10, 1)
(10, 2)
(10, 3)
(9, 3)
(8, 3)
(7, 3)
(6, 3)
(6, 4)
(6, 5)
(7, 5)
kaikki ok
Reitin pituus: 10
(8, 13)
(8, 14)
(8, 15)
(7, 15)
(6, 15)
(6, 16)
(6, 17)
(7, 17)
(8, 17)
(8, 18)
(8, 19)
kaikki ok
Reitin pituus: 13
(2, 5)
(3, 5)
(4, 5)
(4, 6)
(4, 7)
(4, 8)
(4, 9)
(5, 9)
(6, 9)
(6, 10)
(6, 11)
(6, 12)
(6, 13)
(7, 13)
kaikki ok
Reitin pituus: 18
(17, 18)
(17, 17)
(16, 17)
(15, 17)
(14, 17)
(14, 16)
(14, 15)
(14, 14)
(14, 13)
(14, 12)
(14, 11)
(14, 10)
(14, 9)
(14, 8)
(14, 7)
(14, 6)
(14, 5)
(15, 5)
(16, 5)
kaikki ok
Reitin pituus: 16
(10, 2)
(10, 3)
(11, 3)
(12, 3)
(13, 3)
(14, 3)
(14, 4)
(14, 5)
(14, 6)
(14, 7)
(14, 8)
(14, 9)
(14, 10)
(14, 11)
(14, 12)
(14, 13)
(15, 13)
kaikki ok
Reitin pituus: 22
(6, 1)
(5, 1)
(4, 1)
(4, 2)
(4, 3)
(4, 4)
(4, 5)
(4, 6)
(4, 7)
(4, 8)
(4, 9)
(4, 10)
(4, 11)
(4, 12)
(4, 13)
(4, 14)
(4, 15)
(4, 16)
(4, 17)
(3, 17)
(2, 17)
(1, 17)
(1, 18)
kaikki ok
Reitin pituus: 9
(4, 11)
(4, 12)
(4, 13)
(4, 14)
(4, 15)
(4, 16)
(4, 17)
(3, 17)
(2, 17)
(1, 17)
kaikki ok
Reitin pituus: 15
(8, 2)
(8, 3)
(7, 3)
(6, 3)
(5, 3)
(4, 3)
(4, 4)
(4, 5)
(4, 6)
(4, 7)
(4, 8)
(4, 9)
(4, 10)
(4, 11)
(4, 12)
(4, 13)
kaikki ok
Reitin pituus: 18
(15, 17)
(14, 17)
(14, 16)
(14, 15)
(13, 15)
(12, 15)
(11, 15)
(10, 15)
(9, 15)
(8, 15)
(8, 14)
(8, 13)
(7, 13)
(6, 13)
(5, 13)
(4, 13)
(3, 13)
(2, 13)
(1, 13)
kaikki ok
Reitin pituus: 20
(1, 1)
(1, 2)
(1, 3)
(2, 3)
(3, 3)
(4, 3)
(5, 3)
(6, 3)
(6, 4)
(6, 5)
(7, 5)
(8, 5)
(8, 6)
(8, 7)
(9, 7)
(10, 7)
(11, 7)
(12, 7)
(12, 8)
(12, 9)
(12, 10)
kaikki ok
Reitin pituus: 10
(5, 3)
(6, 3)
(7, 3)
(8, 3)
(9, 3)
(10, 3)
(11, 3)
(12, 3)
(12, 4)
(12, 5)
(11, 5)
kaikki ok
Reitin pituus: 20
(4, 4)
(4, 3)
(5, 3)
(6, 3)
(6, 4)
(6, 5)
(7, 5)
(8, 5)
(8, 6)
(8, 7)
(9, 7)
(10, 7)
(11, 7)
(12, 7)
(12, 8)
(12, 9)
(13, 9)
(14, 9)
(14, 10)
(14, 11)
(14, 12)
kaikki ok
Reitin pituus: 14
(6, 19)
(7, 19)
(8, 19)
(9, 19)
(10, 19)
(11, 19)
(12, 19)
(13, 19)
(14, 19)
(15, 19)
(16, 19)
(17, 19)
(17, 18)
(17, 17)
(16, 17)
kaikki ok
Reitin pituus: 20
(8, 3)
(9, 3)
(10, 3)
(11, 3)
(12, 3)
(13, 3)
(14, 3)
(14, 4)
(14, 5)
(14, 6)
(14, 7)
(14, 8)
(14, 9)
(14, 10)
(14, 11)
(14, 12)
(14, 13)
(14, 14)
(14, 15)
(13, 15)
(12, 15)
kaikki ok
Reitin pituus: 14
(9, 7)
(10, 7)
(10, 6)
(10, 5)
(11, 5)
(12, 5)
(12, 4)
(12, 3)
(13, 3)
(14, 3)
(15, 3)
(16, 3)
(17, 3)
(17, 4)
(17, 5)
kaikki ok
Reitin pituus: 9
(2, 17)
(3, 17)
(4, 17)
(4, 16)
(4, 15)
(4, 14)
(4, 13)
(5, 13)
(6, 13)
(6, 12)
kaikki ok
Reitin pituus: 15
(4, 2)
(4, 3)
(5, 3)
(6, 3)
(7, 3)
(8, 3)
(9, 3)
(10, 3)
(11, 3)
(12, 3)
(13, 3)
(14, 3)
(15, 3)
(16, 3)
(17, 3)
(17, 2)
kaikki ok
Reitin pituus: 20
(2, 15)
(2, 16)
(2, 17)
(3, 17)
(4, 17)
(4, 16)
(4, 15)
(5, 15)
(6, 15)
(7, 15)
(8, 15)
(9, 15)
(10, 15)
(10, 14)
(10, 13)
(11, 13)
(12, 13)
(13, 13)
(14, 13)
(14, 12)
(14, 11)
kaikki ok
Reitin pituus: 15
(4, 9)
(4, 10)
(4, 11)
(4, 12)
(4, 13)
(4, 14)
(4, 15)
(5, 15)
(6, 15)
(7, 15)
(8, 15)
(9, 15)
(10, 15)
(11, 15)
(12, 15)
(12, 16)
kaikki ok
Reitin pituus: 7
(8, 15)
(8, 14)
(8, 13)
(7, 13)
(6, 13)
(6, 12)
(6, 11)
(7, 11)
kaikki ok
Reitin pituus: 1
(14, 13)
(14, 12)
kaikki ok
Reitin pituus: 16
(7, 17)
(6, 17)
(6, 16)
(6, 15)
(7, 15)
(8, 15)
(9, 15)
(10, 15)
(10, 14)
(10, 13)
(11, 13)
(12, 13)
(12, 12)
(12, 11)
(12, 10)
(12, 9)
(13, 9)
kaikki ok
Reitin pituus: 15
(12, 15)
(11, 15)
(10, 15)
(9, 15)
(8, 15)
(7, 15)
(6, 15)
(5, 15)
(4, 15)
(4, 14)
(4, 13)
(3, 13)
(2, 13)
(1, 13)
(1, 14)
(1, 15)
kaikki ok
Reitin pituus: 7
(13, 19)
(12, 19)
(11, 19)
(10, 19)
(9, 19)
(8, 19)
(8, 18)
(8, 17)
kaikki ok
Reitin pituus: 7
(3, 1)
(4, 1)
(4, 2)
(4, 3)
(5, 3)
(6, 3)
(6, 4)
(6, 5)
kaikki ok
Reitin pituus: 21
(2, 19)
(3, 19)
(4, 19)
(5, 19)
(6, 19)
(7, 19)
(8, 19)
(9, 19)
(10, 19)
(11, 19)
(12, 19)
(13, 19)
(14, 19)
(15, 19)
(16, 19)
(17, 19)
(17, 18)
(17, 17)
(16, 17)
(16, 16)
(16, 15)
(17, 15)
kaikki ok
Reitin pituus: 8
(6, 4)
(6, 3)
(5, 3)
(4, 3)
(4, 4)
(4, 5)
(3, 5)
(2, 5)
(1, 5)
kaikki ok
Reitin pituus: 10
(14, 17)
(14, 16)
(14, 15)
(13, 15)
(12, 15)
(11, 15)
(10, 15)
(9, 15)
(8, 15)
(8, 14)
(8, 13)
kaikki ok
Reitin pituus: 15
(2, 3)
(3, 3)
(4, 3)
(5, 3)
(6, 3)
(7, 3)
(8, 3)
(9, 3)
(10, 3)
(11, 3)
(12, 3)
(13, 3)
(14, 3)
(14, 4)
(14, 5)
(14, 6)
kaikki ok
Reitin pituus: 14
(11, 5)
(12, 5)
(12, 4)
(12, 3)
(11, 3)
(10, 3)
(9, 3)
(8, 3)
(8, 2)
(8, 1)
(7, 1)
(6, 1)
(5, 1)
(4, 1)
(3, 1)
kaikki ok
Reitin pituus: 10
(14, 4)
(14, 3)
(13, 3)
(12, 3)
(12, 4)
(12, 5)
(11, 5)
(10, 5)
(10, 6)
(10, 7)
(9, 7)
kaikki ok
Reitin pituus: 19
(5, 13)
(6, 13)
(6, 12)
(6, 11)
(7, 11)
(8, 11)
(9, 11)
(10, 11)
(11, 11)
(12, 11)
(12, 10)
(12, 9)
(13, 9)
(14, 9)
(14, 8)
(14, 7)
(14, 6)
(14, 5)
(15, 5)
(16, 5)
kaikki ok
Reitin pituus: 6
(14, 9)
(14, 8)
(14, 7)
(14, 6)
(14, 5)
(15, 5)
(16, 5)
kaikki ok
Reitin pituus: 16
(7, 3)
(6, 3)
(6, 4)
(6, 5)
(7, 5)
(8, 5)
(8, 6)
(8, 7)
(9, 7)
(10, 7)
(11, 7)
(12, 7)
(12, 8)
(12, 9)
(12, 10)
(12, 11)
(12, 12)
kaikki ok
Reitin pituus: 18
(15, 17)
(14, 17)
(14, 16)
(14, 15)
(13, 15)
(12, 15)
(11, 15)
(10, 15)
(9, 15)
(8, 15)
(8, 14)
(8, 13)
(7, 13)
(6, 13)
(5, 13)
(4, 13)
(4, 12)
(4, 11)
(4, 10)
kaikki ok
Reitin pituus: 11
(16, 13)
(15, 13)
(14, 13)
(13, 13)
(12, 13)
(12, 12)
(12, 11)
(11, 11)
(10, 11)
(9, 11)
(8, 11)
(7, 11)
kaikki ok
Reitin pituus: 10
(14, 11)
(14, 10)
(14, 9)
(14, 8)
(14, 7)
(14, 6)
(14, 5)
(14, 4)
(14, 3)
(13, 3)
(12, 3)
kaikki ok
Reitin pituus: 19
(14, 11)
(14, 10)
(14, 9)
(14, 8)
(14, 7)
(14, 6)
(14, 5)
(14, 4)
(14, 3)
(13, 3)
(12, 3)
(11, 3)
(10, 3)
(9, 3)
(8, 3)
(8, 2)
(8, 1)
(7, 1)
(6, 1)
(5, 1)
kaikki ok
Reitin pituus: 25
(4, 2)
(4, 3)
(4, 4)
(4, 5)
(4, 6)
(4, 7)
(4, 8)
(4, 9)
(4, 10)
(4, 11)
(4, 12)
(4, 13)
(4, 14)
(4, 15)
(5, 15)
(6, 15)
(6, 16)
(6, 17)
(7, 17)
(8, 17)
(8, 18)
(8, 19)
(9, 19)
(10, 19)
(10, 18)
(10, 17)
kaikki ok
Reitin pituus: 19
(11, 19)
(10, 19)
(10, 18)
(10, 17)
(11, 17)
(12, 17)
(12, 16)
(12, 15)
(13, 15)
(14, 15)
(14, 14)
(14, 13)
(13, 13)
(12, 13)
(12, 12)
(12, 11)
(12, 10)
(12, 9)
(12, 8)
(12, 7)
kaikki ok
Reitin pituus: 23
(12, 15)
(11, 15)
(10, 15)
(9, 15)
(8, 15)
(7, 15)
(6, 15)
(5, 15)
(4, 15)
(4, 14)
(4, 13)
(4, 12)
(4, 11)
(4, 10)
(4, 9)
(4, 8)
(4, 7)
(4, 6)
(4, 5)
(4, 4)
(4, 3)
(3, 3)
(2, 3)
(1, 3)
kaikki ok
Reitin pituus: 13
(12, 4)
(12, 3)
(11, 3)
(10, 3)
(9, 3)
(8, 3)
(7, 3)
(6, 3)
(5, 3)
(4, 3)
(4, 4)
(4, 5)
(3, 5)
(2, 5)
kaikki ok
Reitin pituus: 30
(14, 19)
(13, 19)
(12, 19)
(11, 19)
(10, 19)
(9, 19)
(8, 19)
(8, 18)
(8, 17)
(7, 17)
(6, 17)
(6, 16)
(6, 15)
(5, 15)
(4, 15)
(4, 14)
(4, 13)
(4, 12)
(4, 11)
(4, 10)
(4, 9)
(4, 8)
(4, 7)
(4, 6)
(4, 5)
(4, 4)
(4, 3)
(4, 2)
(4, 1)
(3, 1)
(2, 1)
kaikki ok
Reitin pituus: 18
(4, 10)
(4, 11)
(4, 12)
(4, 13)
(5, 13)
(6, 13)
(7, 13)
(8, 13)
(8, 14)
(8, 15)
(9, 15)
(10, 15)
(11, 15)
(12, 15)
(13, 15)
(14, 15)
(14, 16)
(14, 17)
(15, 17)
kaikki ok
Reitin pituus: 20
(13, 3)
(14, 3)
(14, 4)
(14, 5)
(14, 6)
(14, 7)
(14, 8)
(14, 9)
(14, 10)
(14, 11)
(14, 12)
(14, 13)
(14, 14)
(14, 15)
(14, 16)
(14, 17)
(15, 17)
(16, 17)
(17, 17)
(17, 18)
(17, 19)
kaikki ok
Reitin pituus: 14
(4, 1)
(4, 2)
(4, 3)
(5, 3)
(6, 3)
(6, 4)
(6, 5)
(7, 5)
(8, 5)
(8, 6)
(8, 7)
(9, 7)
(10, 7)
(10, 6)
(10, 5)
kaikki ok
Reitin pituus: 16
(14, 5)
(14, 6)
(14, 7)
(14, 8)
(14, 9)
(14, 10)
(14, 11)
(14, 12)
(14, 13)
(14, 14)
(14, 15)
(13, 15)
(12, 15)
(12, 16)
(12, 17)
(11, 17)
(10, 17)
kaikki ok
Reitin pituus: 12
(7, 7)
(6, 7)
(6, 8)
(6, 9)
(5, 9)
(4, 9)
(4, 10)
(4, 11)
(4, 12)
(4, 13)
(4, 14)
(4, 15)
(5, 15)
kaikki ok
Reitin pituus: 9
(7, 3)
(6, 3)
(6, 4)
(6, 5)
(7, 5)
(8, 5)
(8, 6)
(8, 7)
(7, 7)
(6, 7)
kaikki ok
Reitin pituus: 7
(17, 13)
(16, 13)
(15, 13)
(14, 13)
(14, 12)
(14, 11)
(14, 10)
(14, 9)
kaikki ok
Reitin pituus: 11
(5, 3)
(6, 3)
(7, 3)
(8, 3)
(9, 3)
(10, 3)
(11, 3)
(12, 3)
(13, 3)
(14, 3)
(14, 4)
(14, 5)
kaikki ok
Reitin pituus: 14
(3, 17)
(2, 17)
(1, 17)
(1, 18)
(1, 19)
(2, 19)
(3, 19)
(4, 19)
(5, 19)
(6, 19)
(7, 19)
(8, 19)
(9, 19)
(10, 19)
(10, 18)
kaikki ok
Reitin pituus: 14
(7, 7)
(6, 7)
(6, 8)
(6, 9)
(5, 9)
(4, 9)
(4, 10)
(4, 11)
(4, 12)
(4, 13)
(3, 13)
(2, 13)
(1, 13)
(1, 14)
(1, 15)
kaikki ok
Reitin pituus: 24
(5, 3)
(4, 3)
(4, 4)
(4, 5)
(4, 6)
(4, 7)
(4, 8)
(4, 9)
(4, 10)
(4, 11)
(4, 12)
(4, 13)
(4, 14)
(4, 15)
(4, 16)
(4, 17)
(3, 17)
(2, 17)
(1, 17)
(1, 18)
(1, 19)
(2, 19)
(3, 19)
(4, 19)
(5, 19)
kaikki ok
Reitin pituus: 6
(10, 5)
(10, 6)
(10, 7)
(9, 7)
(8, 7)
(8, 6)
(8, 5)
kaikki ok
Reitin pituus: 15
(3, 5)
(4, 5)
(4, 4)
(4, 3)
(5, 3)
(6, 3)
(6, 4)
(6, 5)
(7, 5)
(8, 5)
(8, 6)
(8, 7)
(9, 7)
(10, 7)
(10, 6)
(10, 5)
kaikki ok
Reitin pituus: 10
(5, 3)
(4, 3)
(4, 4)
(4, 5)
(4, 6)
(4, 7)
(4, 8)
(4, 9)
(4, 10)
(4, 11)
(4, 12)
kaikki ok
Reitin pituus: 9
(10, 6)
(10, 7)
(11, 7)
(12, 7)
(12, 8)
(12, 9)
(13, 9)
(14, 9)
(14, 10)
(14, 11)
kaikki ok
Reitin pituus: 1
(6, 7)
(6, 8)
kaikki ok
Reitin pituus: 6
(10, 9)
(9, 9)
(9, 8)
(9, 7)
(8, 7)
(7, 7)
(6, 7)
kaikki ok
Reitin pituus: 21
(1, 13)
(2, 13)
(3, 13)
(4, 13)
(5, 13)
(6, 13)
(7, 13)
(8, 13)
(8, 14)
(8, 15)
(9, 15)
(10, 15)
(11, 15)
(12, 15)
(13, 15)
(14, 15)
(14, 16)
(14, 17)
(15, 17)
(16, 17)
(17, 17)
(17, 18)
kaikki ok
Reitin pituus: 27
(8, 17)
(7, 17)
(6, 17)
(6, 16)
(6, 15)
(7, 15)
(8, 15)
(9, 15)
(10, 15)
(10, 14)
(10, 13)
(11, 13)
(12, 13)
(12, 12)
(12, 11)
(12, 10)
(12, 9)
(13, 9)
(14, 9)
(14, 8)
(14, 7)
(14, 6)
(14, 5)
(14, 4)
(14, 3)
(15, 3)
(16, 3)
(17, 3)
kaikki ok
Reitin pituus: 6
(14, 19)
(15, 19)
(16, 19)
(17, 19)
(17, 18)
(17, 17)
(16, 17)
kaikki ok
Reitin pituus: 23
(7, 19)
(8, 19)
(8, 18)
(8, 17)
(7, 17)
(6, 17)
(6, 16)
(6, 15)
(5, 15)
(4, 15)
(4, 14)
(4, 13)
(4, 12)
(4, 11)
(4, 10)
(4, 9)
(4, 8)
(4, 7)
(4, 6)
(4, 5)
(4, 4)
(4, 3)
(3, 3)
(2, 3)
kaikki ok
Reitin pituus: 20
(11, 3)
(10, 3)
(9, 3)
(8, 3)
(7, 3)
(6, 3)
(5, 3)
(4, 3)
(4, 4)
(4, 5)
(4, 6)
(4, 7)
(4, 8)
(4, 9)
(4, 10)
(4, 11)
(4, 12)
(4, 13)
(3, 13)
(2, 13)
(1, 13)
kaikki ok
Reitin pituus: 26
(13, 19)
(12, 19)
(11, 19)
(10, 19)
(10, 18)
(10, 17)
(11, 17)
(12, 17)
(12, 16)
(12, 15)
(13, 15)
(14, 15)
(14, 14)
(14, 13)
(14, 12)
(14, 11)
(14, 10)
(14, 9)
(13, 9)
(12, 9)
(12, 8)
(12, 7)
(11, 7)
(10, 7)
(9, 7)
(9, 8)
(9, 9)
kaikki ok
Reitin pituus: 14
(11, 13)
(10, 13)
(10, 14)
(10, 15)
(9, 15)
(8, 15)
(7, 15)
(6, 15)
(5, 15)
(4, 15)
(4, 16)
(4, 17)
(3, 17)
(2, 17)
(1, 17)
kaikki ok
Reitin pituus: 17
(4, 13)
(4, 14)
(4, 15)
(5, 15)
(6, 15)
(7, 15)
(8, 15)
(9, 15)
(10, 15)
(11, 15)
(12, 15)
(13, 15)
(14, 15)
(14, 16)
(14, 17)
(15, 17)
(16, 17)
(16, 16)
kaikki ok
Reitin pituus: 9
(14, 10)
(14, 9)
(14, 8)
(14, 7)
(14, 6)
(14, 5)
(14, 4)
(14, 3)
(15, 3)
(16, 3)
kaikki ok
Reitin pituus: 19
(17, 14)
(17, 13)
(16, 13)
(15, 13)
(14, 13)
(13, 13)
(12, 13)
(12, 12)
(12, 11)
(11, 11)
(10, 11)
(9, 11)
(8, 11)
(7, 11)
(6, 11)
(6, 10)
(6, 9)
(5, 9)
(4, 9)
(4, 8)
kaikki ok
Reitin pituus: 16
(5, 19)
(6, 19)
(7, 19)
(8, 19)
(8, 18)
(8, 17)
(7, 17)
(6, 17)
(6, 16)
(6, 15)
(5, 15)
(4, 15)
(4, 14)
(4, 13)
(4, 12)
(4, 11)
(4, 10)
kaikki ok
Reitin pituus: 11
(6, 11)
(6, 12)
(6, 13)
(5, 13)
(4, 13)
(4, 14)
(4, 15)
(5, 15)
(6, 15)
(6, 16)
(6, 17)
(7, 17)
kaikki ok
Reitin pituus: 19
(11, 13)
(12, 13)
(12, 12)
(12, 11)
(12, 10)
(12, 9)
(12, 8)
(12, 7)
(11, 7)
(10, 7)
(9, 7)
(8, 7)
(8, 6)
(8, 5)
(7, 5)
(6, 5)
(6, 4)
(6, 3)
(5, 3)
(4, 3)
kaikki ok
Reitin pituus: 26
(3, 1)
(4, 1)
(4, 2)
(4, 3)
(4, 4)
(4, 5)
(4, 6)
(4, 7)
(4, 8)
(4, 9)
(4, 10)
(4, 11)
(4, 12)
(4, 13)
(4, 14)
(4, 15)
(5, 15)
(6, 15)
(6, 16)
(6, 17)
(7, 17)
(8, 17)
(8, 18)
(8, 19)
(9, 19)
(10, 19)
(10, 18)
kaikki ok
Reitin pituus: 6
(13, 13)
(14, 13)
(14, 12)
(14, 11)
(14, 10)
(14, 9)
(13, 9)
kaikki ok
Reitin pituus: 20
(17, 5)
(16, 5)
(15, 5)
(14, 5)
(14, 6)
(14, 7)
(14, 8)
(14, 9)
(14, 10)
(14, 11)
(14, 12)
(14, 13)
(14, 14)
(14, 15)
(13, 15)
(12, 15)
(12, 16)
(12, 17)
(11, 17)
(10, 17)
(10, 18)
kaikki ok
Reitin pituus: 15
(10, 6)
(10, 7)
(9, 7)
(8, 7)
(7, 7)
(6, 7)
(6, 8)
(6, 9)
(5, 9)
(4, 9)
(4, 8)
(4, 7)
(4, 6)
(4, 5)
(3, 5)
(2, 5)
kaikki ok
Reitin pituus: 13
(17, 1)
(16, 1)
(15, 1)
(14, 1)
(13, 1)
(12, 1)
(11, 1)
(10, 1)
(10, 2)
(10, 3)
(9, 3)
(8, 3)
(7, 3)
(6, 3)
kaikki ok
Reitin pituus: 13
(8, 18)
(8, 17)
(7, 17)
(6, 17)
(6, 16)
(6, 15)
(7, 15)
(8, 15)
(9, 15)
(10, 15)
(10, 14)
(10, 13)
(11, 13)
(12, 13)
kaikki ok
Reitin pituus: 6
(10, 6)
(10, 7)
(9, 7)
(8, 7)
(8, 6)
(8, 5)
(7, 5)
kaikki ok
Reitin pituus: 12
(16, 3)
(15, 3)
(14, 3)
(13, 3)
(12, 3)
(12, 4)
(12, 5)
(11, 5)
(10, 5)
(10, 6)
(10, 7)
(9, 7)
(8, 7)
kaikki ok
Reitin pituus: 11
(10, 15)
(10, 14)
(10, 13)
(11, 13)
(12, 13)
(12, 12)
(12, 11)
(12, 10)
(12, 9)
(12, 8)
(12, 7)
(11, 7)
kaikki ok
Reitin pituus: 8
(6, 17)
(6, 16)
(6, 15)
(5, 15)
(4, 15)
(4, 14)
(4, 13)
(4, 12)
(4, 11)
kaikki ok
Reitin pituus: 7
(4, 12)
(4, 11)
(4, 10)
(4, 9)
(4, 8)
(4, 7)
(4, 6)
(4, 5)
kaikki ok
Reitin pituus: 9
(7, 17)
(8, 17)
(8, 18)
(8, 19)
(9, 19)
(10, 19)
(11, 19)
(12, 19)
(13, 19)
(14, 19)
kaikki ok
Reitin pituus: 11
(14, 14)
(14, 13)
(13, 13)
(12, 13)
(12, 12)
(12, 11)
(12, 10)
(12, 9)
(12, 8)
(12, 7)
(11, 7)
(10, 7)
kaikki ok
Reitin pituus: 18
(10, 2)
(10, 3)
(9, 3)
(8, 3)
(7, 3)
(6, 3)
(5, 3)
(4, 3)
(4, 4)
(4, 5)
(4, 6)
(4, 7)
(4, 8)
(4, 9)
(4, 10)
(4, 11)
(4, 12)
(4, 13)
(4, 14)
kaikki ok
Reitin pituus: 10
(8, 6)
(8, 5)
(7, 5)
(6, 5)
(6, 4)
(6, 3)
(5, 3)
(4, 3)
(4, 4)
(4, 5)
(3, 5)
kaikki ok
Reitin pituus: 16
(4, 13)
(4, 14)
(4, 15)
(5, 15)
(6, 15)
(7, 15)
(8, 15)
(9, 15)
(10, 15)
(11, 15)
(12, 15)
(13, 15)
(14, 15)
(14, 14)
(14, 13)
(15, 13)
(16, 13)
kaikki ok
Reitin pituus: 20
(10, 2)
(10, 3)
(11, 3)
(12, 3)
(13, 3)
(14, 3)
(14, 4)
(14, 5)
(14, 6)
(14, 7)
(14, 8)
(14, 9)
(14, 10)
(14, 11)
(14, 12)
(14, 13)
(15, 13)
(16, 13)
(17, 13)
(17, 14)
(17, 15)
kaikki ok
Reitin pituus: 16
(14, 16)
(14, 15)
(14, 14)
(14, 13)
(14, 12)
(14, 11)
(14, 10)
(14, 9)
(14, 8)
(14, 7)
(14, 6)
(14, 5)
(14, 4)
(14, 3)
(13, 3)
(12, 3)
(11, 3)
kaikki ok
Reitin pituus: 24
(17, 18)
(17, 17)
(16, 17)
(15, 17)
(14, 17)
(14, 16)
(14, 15)
(14, 14)
(14, 13)
(13, 13)
(12, 13)
(12, 12)
(12, 11)
(12, 10)
(12, 9)
(12, 8)
(12, 7)
(11, 7)
(10, 7)
(9, 7)
(8, 7)
(8, 6)
(8, 5)
(7, 5)
(6, 5)
kaikki ok
Reitin pituus: 22
(14, 12)
(14, 11)
(14, 10)
(14, 9)
(14, 8)
(14, 7)
(14, 6)
(14, 5)
(14, 4)
(14, 3)
(13, 3)
(12, 3)
(11, 3)
(10, 3)
(9, 3)
(8, 3)
(7, 3)
(6, 3)
(5, 3)
(4, 3)
(3, 3)
(2, 3)
(1, 3)
kaikki ok
Reitin pituus: 16
(12, 19)
(11, 19)
(10, 19)
(9, 19)
(8, 19)
(8, 18)
(8, 17)
(7, 17)
(6, 17)
(6, 16)
(6, 15)
(5, 15)
(4, 15)
(4, 14)
(4, 13)
(3, 13)
(2, 13)
kaikki ok
Reitin pituus: 28
(1, 18)
(1, 17)
(2, 17)
(3, 17)
(4, 17)
(4, 16)
(4, 15)
(5, 15)
(6, 15)
(7, 15)
(8, 15)
(9, 15)
(10, 15)
(10, 14)
(10, 13)
(11, 13)
(12, 13)
(12, 12)
(12, 11)
(12, 10)
(12, 9)
(13, 9)
(14, 9)
(14, 8)
(14, 7)
(14, 6)
(14, 5)
(15, 5)
(16, 5)
kaikki ok
Reitin pituus: 6
(6, 3)
(5, 3)
(4, 3)
(3, 3)
(2, 3)
(1, 3)
(1, 4)
kaikki ok
Reitin pituus: 24
(4, 19)
(5, 19)
(6, 19)
(7, 19)
(8, 19)
(9, 19)
(10, 19)
(10, 18)
(10, 17)
(11, 17)
(12, 17)
(12, 16)
(12, 15)
(13, 15)
(14, 15)
(14, 14)
(14, 13)
(14, 12)
(14, 11)
(14, 10)
(14, 9)
(14, 8)
(14, 7)
(14, 6)
(14, 5)
kaikki ok
Reitin pituus: 18
(10, 9)
(9, 9)
(9, 8)
(9, 7)
(8, 7)
(7, 7)
(6, 7)
(6, 8)
(6, 9)
(6, 10)
(6, 11)
(6, 12)
(6, 13)
(5, 13)
(4, 13)
(3, 13)
(2, 13)
(1, 13)
(1, 14)
kaikki ok
Reitin pituus: 23
(10, 5)
(10, 6)
(10, 7)
(11, 7)
(12, 7)
(12, 8)
(12, 9)
(13, 9)
(14, 9)
(14, 10)
(14, 11)
(14, 12)
(14, 13)
(14, 14)
(14, 15)
(14, 16)
(14, 17)
(15, 17)
(16, 17)
(17, 17)
(17, 18)
(17, 19)
(16, 19)
(15, 19)
kaikki ok
Reitin pituus: 9
(12, 10)
(12, 9)
(12, 8)
(12, 7)
(11, 7)
(10, 7)
(9, 7)
(9, 8)
(9, 9)
(10, 9)
kaikki ok
Reitin pituus: 16
(9, 11)
(10, 11)
(11, 11)
(12, 11)
(12, 12)
(12, 13)
(11, 13)
(10, 13)
(10, 14)
(10, 15)
(11, 15)
(12, 15)
(12, 16)
(12, 17)
(11, 17)
(10, 17)
(10, 18)
kaikki ok
Reitin pituus: 13
(8, 19)
(9, 19)
(10, 19)
(10, 18)
(10, 17)
(11, 17)
(12, 17)
(12, 16)
(12, 15)
(13, 15)
(14, 15)
(14, 14)
(14, 13)
(14, 12)
kaikki ok
Reitin pituus: 12
(14, 9)
(14, 8)
(14, 7)
(14, 6)
(14, 5)
(14, 4)
(14, 3)
(13, 3)
(12, 3)
(11, 3)
(10, 3)
(9, 3)
(8, 3)
kaikki ok
Reitin pituus: 28
(11, 1)
(10, 1)
(10, 2)
(10, 3)
(9, 3)
(8, 3)
(7, 3)
(6, 3)
(5, 3)
(4, 3)
(4, 4)
(4, 5)
(4, 6)
(4, 7)
(4, 8)
(4, 9)
(4, 10)
(4, 11)
(4, 12)
(4, 13)
(4, 14)
(4, 15)
(4, 16)
(4, 17)
(3, 17)
(2, 17)
(1, 17)
(1, 18)
(1, 19)
kaikki ok
Reitin pituus: 24
(7, 5)
(8, 5)
(8, 6)
(8, 7)
(7, 7)
(6, 7)
(6, 8)
(6, 9)
(6, 10)
(6, 11)
(6, 12)
(6, 13)
(7, 13)
(8, 13)
(8, 14)
(8, 15)
(7, 15)
(6, 15)
(6, 16)
(6, 17)
(7, 17)
(8, 17)
(8, 18)
(8, 19)
(7, 19)
kaikki ok
Reitin pituus: 26
(11, 3)
(10, 3)
(9, 3)
(8, 3)
(7, 3)
(6, 3)
(5, 3)
(4, 3)
(4, 4)
(4, 5)
(4, 6)
(4, 7)
(4, 8)
(4, 9)
(4, 10)
(4, 11)
(4, 12)
(4, 13)
(4, 14)
(4, 15)
(4, 16)
(4, 17)
(3, 17)
(2, 17)
(1, 17)
(1, 18)
(1, 19)
kaikki ok
Reitin pituus: 15
(6, 11)
(6, 10)
(6, 9)
(6, 8)
(6, 7)
(7, 7)
(8, 7)
(9, 7)
(10, 7)
(10, 6)
(10, 5)
(11, 5)
(12, 5)
(12, 4)
(12, 3)
(11, 3)
kaikki ok
Reitin pituus: 17
(4, 12)
(4, 13)
(5, 13)
(6, 13)
(7, 13)
(8, 13)
(8, 14)
(8, 15)
(9, 15)
(10, 15)
(11, 15)
(12, 15)
(13, 15)
(14, 15)
(14, 16)
(14, 17)
(15, 17)
(16, 17)
kaikki ok
Reitin pituus: 11
(12, 12)
(12, 11)
(12, 10)
(12, 9)
(13, 9)
(14, 9)
(14, 8)
(14, 7)
(14, 6)
(14, 5)
(15, 5)
(16, 5)
kaikki ok
Reitin pituus: 7
(15, 5)
(14, 5)
(14, 4)
(14, 3)
(13, 3)
(12, 3)
(11, 3)
(10, 3)
kaikki ok
Reitin pituus: 9
(2, 5)
(3, 5)
(4, 5)
(4, 6)
(4, 7)
(4, 8)
(4, 9)
(5, 9)
(6, 9)
(6, 10)
kaikki ok
Reitin pituus: 8
(14, 15)
(14, 14)
(14, 13)
(13, 13)
(12, 13)
(12, 12)
(12, 11)
(11, 11)
(10, 11)
kaikki ok
Reitin pituus: 10
(4, 16)
(4, 15)
(4, 14)
(4, 13)
(4, 12)
(4, 11)
(4, 10)
(4, 9)
(5, 9)
(6, 9)
(6, 8)
kaikki ok
Reitin pituus: 16
(11, 7)
(12, 7)
(12, 8)
(12, 9)
(13, 9)
(14, 9)
(14, 10)
(14, 11)
(14, 12)
(14, 13)
(15, 13)
(16, 13)
(17, 13)
(17, 14)
(17, 15)
(16, 15)
(16, 16)
kaikki ok
Reitin pituus: 5
(6, 3)
(5, 3)
(4, 3)
(4, 4)
(4, 5)
(3, 5)
kaikki ok
Reitin pituus: 13
(9, 8)
(9, 7)
(10, 7)
(11, 7)
(12, 7)
(12, 8)
(12, 9)
(12, 10)
(12, 11)
(12, 12)
(12, 13)
(11, 13)
(10, 13)
(10, 14)
kaikki ok
Reitin pituus: 9
(7, 3)
(8, 3)
(9, 3)
(10, 3)
(11, 3)
(12, 3)
(13, 3)
(14, 3)
(15, 3)
(16, 3)
kaikki ok
Reitin pituus: 9
(7, 5)
(8, 5)
(8, 6)
(8, 7)
(7, 7)
(6, 7)
(6, 8)
(6, 9)
(5, 9)
(4, 9)
kaikki ok
Reitin pituus: 17
(7, 15)
(8, 15)
(8, 14)
(8, 13)
(7, 13)
(6, 13)
(6, 12)
(6, 11)
(6, 10)
(6, 9)
(6, 8)
(6, 7)
(7, 7)
(8, 7)
(9, 7)
(9, 8)
(9, 9)
(8, 9)
kaikki ok
Reitin pituus: 23
(10, 18)
(10, 19)
(9, 19)
(8, 19)
(8, 18)
(8, 17)
(7, 17)
(6, 17)
(6, 16)
(6, 15)
(5, 15)
(4, 15)
(4, 14)
(4, 13)
(4, 12)
(4, 11)
(4, 10)
(4, 9)
(4, 8)
(4, 7)
(4, 6)
(4, 5)
(4, 4)
(4, 3)
kaikki ok
Reitin pituus: 23
(12, 16)
(12, 15)
(11, 15)
(10, 15)
(9, 15)
(8, 15)
(8, 14)
(8, 13)
(7, 13)
(6, 13)
(5, 13)
(4, 13)
(4, 12)
(4, 11)
(4, 10)
(4, 9)
(4, 8)
(4, 7)
(4, 6)
(4, 5)
(4, 4)
(4, 3)
(3, 3)
(2, 3)
kaikki ok
Reitin pituus: 5
(4, 8)
(4, 9)
(4, 10)
(4, 11)
(4, 12)
(4, 13)
kaikki ok
Reitin pituus: 11
(3, 13)
(4, 13)
(5, 13)
(6, 13)
(6, 12)
(6, 11)
(6, 10)
(6, 9)
(6, 8)
(6, 7)
(7, 7)
(8, 7)
kaikki ok
Reitin pituus: 15
(17, 17)
(16, 17)
(15, 17)
(14, 17)
(14, 16)
(14, 15)
(14, 14)
(14, 13)
(13, 13)
(12, 13)
(12, 12)
(12, 11)
(12, 10)
(12, 9)
(12, 8)
(12, 7)
kaikki ok
Reitin pituus: 9
(12, 17)
(12, 16)
(12, 15)
(11, 15)
(10, 15)
(9, 15)
(8, 15)
(8, 14)
(8, 13)
(7, 13)
kaikki ok
Reitin pituus: 20
(4, 8)
(4, 9)
(5, 9)
(6, 9)
(6, 10)
(6, 11)
(7, 11)
(8, 11)
(9, 11)
(10, 11)
(11, 11)
(12, 11)
(12, 12)
(12, 13)
(13, 13)
(14, 13)
(15, 13)
(16, 13)
(17, 13)
(17, 14)
(17, 15)
kaikki ok
Reitin pituus: 19
(6, 16)
(6, 15)
(5, 15)
(4, 15)
(4, 14)
(4, 13)
(4, 12)
(4, 11)
(4, 10)
(4, 9)
(5, 9)
(6, 9)
(6, 8)
(6, 7)
(7, 7)
(8, 7)
(9, 7)
(10, 7)
(10, 6)
(10, 5)
kaikki ok
Reitin pituus: 1
(7, 17)
(8, 17)
kaikki ok
Reitin pituus: 17
(8, 3)
(7, 3)
(6, 3)
(5, 3)
(4, 3)
(4, 4)
(4, 5)
(4, 6)
(4, 7)
(4, 8)
(4, 9)
(4, 10)
(4, 11)
(4, 12)
(4, 13)
(3, 13)
(2, 13)
(1, 13)
kaikki ok
Reitin pituus: 25
(16, 1)
(15, 1)
(14, 1)
(14, 2)
(14, 3)
(14, 4)
(14, 5)
(14, 6)
(14, 7)
(14, 8)
(14, 9)
(14, 10)
(14, 11)
(14, 12)
(14, 13)
(14, 14)
(14, 15)
(13, 15)
(12, 15)
(11, 15)
(10, 15)
(9, 15)
(8, 15)
(7, 15)
(6, 15)
(6, 16)
kaikki ok
Reitin pituus: 21
(1, 14)
(1, 13)
(2, 13)
(3, 13)
(4, 13)
(4, 14)
(4, 15)
(5, 15)
(6, 15)
(6, 16)
(6, 17)
(7, 17)
(8, 17)
(8, 18)
(8, 19)
(9, 19)
(10, 19)
(11, 19)
(12, 19)
(13, 19)
(14, 19)
(15, 19)
kaikki ok
Reitin pituus: 4
(6, 16)
(6, 15)
(7, 15)
(8, 15)
(9, 15)
kaikki ok
Reitin pituus: 18
(17, 19)
(17, 18)
(17, 17)
(16, 17)
(15, 17)
(14, 17)
(14, 16)
(14, 15)
(13, 15)
(12, 15)
(11, 15)
(10, 15)
(9, 15)
(8, 15)
(7, 15)
(6, 15)
(5, 15)
(4, 15)
(4, 16)
kaikki ok
Reitin pituus: 14
(10, 19)
(11, 19)
(12, 19)
(13, 19)
(14, 19)
(15, 19)
(16, 19)
(17, 19)
(17, 18)
(17, 17)
(16, 17)
(16, 16)
(16, 15)
(17, 15)
(17, 14)
kaikki ok
Reitin pituus: 23
(8, 6)
(8, 7)
(7, 7)
(6, 7)
(6, 8)
(6, 9)
(6, 10)
(6, 11)
(6, 12)
(6, 13)
(5, 13)
(4, 13)
(4, 14)
(4, 15)
(4, 16)
(4, 17)
(3, 17)
(2, 17)
(1, 17)
(1, 18)
(1, 19)
(2, 19)
(3, 19)
(4, 19)
kaikki ok
Reitin pituus: 27
(17, 18)
(17, 17)
(16, 17)
(15, 17)
(14, 17)
(14, 16)
(14, 15)
(14, 14)
(14, 13)
(14, 12)
(14, 11)
(14, 10)
(14, 9)
(14, 8)
(14, 7)
(14, 6)
(14, 5)
(14, 4)
(14, 3)
(13, 3)
(12, 3)
(11, 3)
(10, 3)
(9, 3)
(8, 3)
(8, 2)
(8, 1)
(7, 1)
kaikki ok
Reitin pituus: 3
(13, 13)
(14, 13)
(14, 14)
(14, 15)
kaikki ok
Reitin pituus: 14
(4, 10)
(4, 9)
(5, 9)
(6, 9)
(6, 8)
(6, 7)
(7, 7)
(8, 7)
(9, 7)
(10, 7)
(11, 7)
(12, 7)
(12, 8)
(12, 9)
(13, 9)
kaikki ok
Reitin pituus: 14
(6, 13)
(6, 12)
(6, 11)
(6, 10)
(6, 9)
(6, 8)
(6, 7)
(7, 7)
(8, 7)
(9, 7)
(10, 7)
(10, 6)
(10, 5)
(11, 5)
(12, 5)
kaikki ok
Reitin pituus: 8
(15, 19)
(14, 19)
(13, 19)
(12, 19)
(11, 19)
(10, 19)
(9, 19)
(8, 19)
(8, 18)
kaikki ok
Reitin pituus: 20
(11, 15)
(12, 15)
(13, 15)
(14, 15)
(14, 14)
(14, 13)
(14, 12)
(14, 11)
(14, 10)
(14, 9)
(14, 8)
(14, 7)
(14, 6)
(14, 5)
(14, 4)
(14, 3)
(14, 2)
(14, 1)
(13, 1)
(12, 1)
(11, 1)
kaikki ok
Reitin pituus: 19
(8, 1)
(8, 2)
(8, 3)
(9, 3)
(10, 3)
(11, 3)
(12, 3)
(13, 3)
(14, 3)
(14, 4)
(14, 5)
(14, 6)
(14, 7)
(14, 8)
(14, 9)
(14, 10)
(14, 11)
(14, 12)
(14, 13)
(15, 13)
kaikki ok
Reitin pituus: 14
(6, 11)
(6, 10)
(6, 9)
(5, 9)
(4, 9)
(4, 8)
(4, 7)
(4, 6)
(4, 5)
(4, 4)
(4, 3)
(4, 2)
(4, 1)
(5, 1)
(6, 1)
kaikki ok
Reitin pituus: 9
(4, 8)
(4, 7)
(4, 6)
(4, 5)
(4, 4)
(4, 3)
(3, 3)
(2, 3)
(1, 3)
(1, 2)
kaikki ok
Reitin pituus: 11
(10, 15)
(11, 15)
(12, 15)
(13, 15)
(14, 15)
(14, 16)
(14, 17)
(15, 17)
(16, 17)
(16, 16)
(16, 15)
(17, 15)
kaikki ok
Reitin pituus: 22
(16, 16)
(16, 17)
(15, 17)
(14, 17)
(14, 16)
(14, 15)
(14, 14)
(14, 13)
(14, 12)
(14, 11)
(14, 10)
(14, 9)
(14, 8)
(14, 7)
(14, 6)
(14, 5)
(14, 4)
(14, 3)
(14, 2)
(14, 1)
(13, 1)
(12, 1)
(11, 1)
kaikki ok
Reitin pituus: 23
(17, 17)
(16, 17)
(15, 17)
(14, 17)
(14, 16)
(14, 15)
(14, 14)
(14, 13)
(14, 12)
(14, 11)
(14, 10)
(14, 9)
(14, 8)
(14, 7)
(14, 6)
(14, 5)
(14, 4)
(14, 3)
(14, 2)
(14, 1)
(13, 1)
(12, 1)
(11, 1)
(10, 1)
kaikki ok
Reitin pituus: 15
(4, 17)
(4, 16)
(4, 15)
(4, 14)
(4, 13)
(4, 12)
(4, 11)
(4, 10)
(4, 9)
(4, 8)
(4, 7)
(4, 6)
(4, 5)
(3, 5)
(2, 5)
(1, 5)
kaikki ok
Reitin pituus: 8
(5, 15)
(6, 15)
(6, 16)
(6, 17)
(7, 17)
(8, 17)
(8, 18)
(8, 19)
(9, 19)
kaikki ok
Reitin pituus: 16
(14, 2)
(14, 3)
(14, 4)
(14, 5)
(14, 6)
(14, 7)
(14, 8)
(14, 9)
(14, 10)
(14, 11)
(14, 12)
(14, 13)
(14, 14)
(14, 15)
(14, 16)
(14, 17)
(15, 17)
kaikki ok
Reitin pituus: 18
(11, 5)
(10, 5)
(10, 6)
(10, 7)
(9, 7)
(8, 7)
(7, 7)
(6, 7)
(6, 8)
(6, 9)
(5, 9)
(4, 9)
(4, 10)
(4, 11)
(4, 12)
(4, 13)
(4, 14)
(4, 15)
(4, 16)
kaikki ok
Reitin pituus: 23
(17, 1)
(17, 2)
(17, 3)
(17, 4)
(17, 5)
(16, 5)
(15, 5)
(14, 5)
(14, 6)
(14, 7)
(14, 8)
(14, 9)
(14, 10)
(14, 11)
(14, 12)
(14, 13)
(14, 14)
(14, 15)
(13, 15)
(12, 15)
(12, 16)
(12, 17)
(11, 17)
(10, 17)
kaikki ok
Reitin pituus: 13
(4, 7)
(4, 8)
(4, 9)
(5, 9)
(6, 9)
(6, 10)
(6, 11)
(7, 11)
(8, 11)
(9, 11)
(10, 11)
(11, 11)
(12, 11)
(12, 10)
kaikki ok
Reitin pituus: 21
(1, 2)
(1, 3)
(1, 4)
(1, 5)
(2, 5)
(3, 5)
(4, 5)
(4, 6)
(4, 7)
(4, 8)
(4, 9)
(4, 10)
(4, 11)
(4, 12)
(4, 13)
(4, 14)
(4, 15)
(4, 16)
(4, 17)
(3, 17)
(2, 17)
(2, 16)
kaikki ok
Reitin pituus: 15
(17, 4)
(17, 3)
(16, 3)
(15, 3)
(14, 3)
(13, 3)
(12, 3)
(12, 4)
(12, 5)
(11, 5)
(10, 5)
(10, 6)
(10, 7)
(9, 7)
(8, 7)
(8, 6)
kaikki ok
Reitin pituus: 11
(6, 7)
(6, 8)
(6, 9)
(6, 10)
(6, 11)
(6, 12)
(6, 13)
(7, 13)
(8, 13)
(8, 14)
(8, 15)
(9, 15)
kaikki ok
Reitin pituus: 9
(8, 14)
(8, 15)
(9, 15)
(10, 15)
(10, 14)
(10, 13)
(11, 13)
(12, 13)
(13, 13)
(14, 13)
kaikki ok
Reitin pituus: 17
(17, 13)
(16, 13)
(15, 13)
(14, 13)
(14, 12)
(14, 11)
(14, 10)
(14, 9)
(14, 8)
(14, 7)
(14, 6)
(14, 5)
(14, 4)
(14, 3)
(13, 3)
(12, 3)
(11, 3)
(10, 3)
kaikki ok
Reitin pituus: 14
(6, 12)
(6, 13)
(7, 13)
(8, 13)
(8, 14)
(8, 15)
(9, 15)
(10, 15)
(11, 15)
(12, 15)
(12, 16)
(12, 17)
(11, 17)
(10, 17)
(10, 18)
kaikki ok
Reitin pituus: 12
(6, 8)
(6, 7)
(7, 7)
(8, 7)
(9, 7)
(10, 7)
(11, 7)
(12, 7)
(12, 8)
(12, 9)
(13, 9)
(14, 9)
(14, 10)
kaikki ok
Reitin pituus: 14
(3, 3)
(4, 3)
(5, 3)
(6, 3)
(7, 3)
(8, 3)
(9, 3)
(10, 3)
(10, 2)
(10, 1)
(11, 1)
(12, 1)
(13, 1)
(14, 1)
(15, 1)
kaikki ok
Reitin pituus: 5
(10, 5)
(11, 5)
(12, 5)
(12, 4)
(12, 3)
(13, 3)
kaikki ok
Reitin pituus: 13
(4, 2)
(4, 3)
(4, 4)
(4, 5)
(4, 6)
(4, 7)
(4, 8)
(4, 9)
(5, 9)
(6, 9)
(6, 10)
(6, 11)
(7, 11)
(8, 11)
kaikki ok
Reitin pituus: 27
(12, 4)
(12, 3)
(13, 3)
(14, 3)
(14, 4)
(14, 5)
(14, 6)
(14, 7)
(14, 8)
(14, 9)
(14, 10)
(14, 11)
(14, 12)
(14, 13)
(14, 14)
(14, 15)
(13, 15)
(12, 15)
(12, 16)
(12, 17)
(11, 17)
(10, 17)
(10, 18)
(10, 19)
(9, 19)
(8, 19)
(7, 19)
(6, 19)
kaikki ok
Reitin pituus: 9
(14, 3)
(13, 3)
(12, 3)
(11, 3)
(10, 3)
(9, 3)
(8, 3)
(7, 3)
(6, 3)
(6, 4)
kaikki ok
Reitin pituus: 27
(15, 1)
(14, 1)
(14, 2)
(14, 3)
(14, 4)
(14, 5)
(14, 6)
(14, 7)
(14, 8)
(14, 9)
(14, 10)
(14, 11)
(14, 12)
(14, 13)
(14, 14)
(14, 15)
(13, 15)
(12, 15)
(12, 16)
(12, 17)
(11, 17)
(10, 17)
(10, 18)
(10, 19)
(9, 19)
(8, 19)
(8, 18)
(8, 17)
kaikki ok
Reitin pituus: 18
(16, 3)
(15, 3)
(14, 3)
(14, 4)
(14, 5)
(14, 6)
(14, 7)
(14, 8)
(14, 9)
(14, 10)
(14, 11)
(14, 12)
(14, 13)
(15, 13)
(16, 13)
(17, 13)
(17, 14)
(17, 15)
(16, 15)
kaikki ok
Reitin pituus: 11
(1, 17)
(2, 17)
(3, 17)
(4, 17)
(4, 16)
(4, 15)
(5, 15)
(6, 15)
(7, 15)
(8, 15)
(9, 15)
(10, 15)
kaikki ok
Reitin pituus: 25
(8, 2)
(8, 3)
(9, 3)
(10, 3)
(11, 3)
(12, 3)
(13, 3)
(14, 3)
(14, 4)
(14, 5)
(14, 6)
(14, 7)
(14, 8)
(14, 9)
(14, 10)
(14, 11)
(14, 12)
(14, 13)
(14, 14)
(14, 15)
(14, 16)
(14, 17)
(15, 17)
(16, 17)
(17, 17)
(17, 18)
kaikki ok
Reitin pituus: 7
(4, 9)
(5, 9)
(6, 9)
(6, 10)
(6, 11)
(7, 11)
(8, 11)
(9, 11)
kaikki ok
Reitin pituus: 23
(16, 13)
(15, 13)
(14, 13)
(14, 12)
(14, 11)
(14, 10)
(14, 9)
(14, 8)
(14, 7)
(14, 6)
(14, 5)
(14, 4)
(14, 3)
(13, 3)
(12, 3)
(11, 3)
(10, 3)
(9, 3)
(8, 3)
(8, 2)
(8, 1)
(7, 1)
(6, 1)
(5, 1)
kaikki ok
Reitin pituus: 4
(15, 3)
(14, 3)
(14, 2)
(14, 1)
(15, 1)
kaikki ok
Reitin pituus: 23
(14, 16)
(14, 15)
(13, 15)
(12, 15)
(11, 15)
(10, 15)
(9, 15)
(8, 15)
(8, 14)
(8, 13)
(7, 13)
(6, 13)
(6, 12)
(6, 11)
(6, 10)
(6, 9)
(5, 9)
(4, 9)
(4, 8)
(4, 7)
(4, 6)
(4, 5)
(4, 4)
(4, 3)
kaikki ok
Reitin pituus: 23
(1, 19)
(1, 18)
(1, 17)
(2, 17)
(3, 17)
(4, 17)
(4, 16)
(4, 15)
(4, 14)
(4, 13)
(4, 12)
(4, 11)
(4, 10)
(4, 9)
(4, 8)
(4, 7)
(4, 6)
(4, 5)
(4, 4)
(4, 3)
(3, 3)
(2, 3)
(1, 3)
(1, 2)
kaikki ok
Reitin pituus: 14
(7, 1)
(6, 1)
(5, 1)
(4, 1)
(4, 2)
(4, 3)
(4, 4)
(4, 5)
(4, 6)
(4, 7)
(4, 8)
(4, 9)
(5, 9)
(6, 9)
(6, 8)
kaikki ok
Reitin pituus: 8
(1, 1)
(1, 2)
(1, 3)
(2, 3)
(3, 3)
(4, 3)
(5, 3)
(6, 3)
(7, 3)
kaikki ok
Reitin pituus: 13
(16, 15)
(17, 15)
(17, 14)
(17, 13)
(16, 13)
(15, 13)
(14, 13)
(14, 12)
(14, 11)
(14, 10)
(14, 9)
(14, 8)
(14, 7)
(14, 6)
kaikki ok
Reitin pituus: 4
(5, 3)
(4, 3)
(4, 4)
(4, 5)
(3, 5)
kaikki ok
Reitin pituus: 18
(4, 5)
(4, 4)
(4, 3)
(5, 3)
(6, 3)
(7, 3)
(8, 3)
(9, 3)
(10, 3)
(11, 3)
(12, 3)
(13, 3)
(14, 3)
(14, 4)
(14, 5)
(14, 6)
(14, 7)
(14, 8)
(14, 9)
kaikki ok
Reitin pituus: 12
(10, 17)
(10, 18)
(10, 19)
(9, 19)
(8, 19)
(7, 19)
(6, 19)
(5, 19)
(4, 19)
(3, 19)
(2, 19)
(1, 19)
(1, 18)
kaikki ok
Reitin pituus: 11
(7, 1)
(8, 1)
(8, 2)
(8, 3)
(9, 3)
(10, 3)
(10, 2)
(10, 1)
(11, 1)
(12, 1)
(13, 1)
(14, 1)
kaikki ok
Reitin pituus: 19
(2, 1)
(3, 1)
(4, 1)
(5, 1)
(6, 1)
(7, 1)
(8, 1)
(8, 2)
(8, 3)
(9, 3)
(10, 3)
(11, 3)
(12, 3)
(13, 3)
(14, 3)
(15, 3)
(16, 3)
(17, 3)
(17, 4)
(17, 5)
kaikki ok
Reitin pituus: 5
(10, 6)
(10, 7)
(11, 7)
(12, 7)
(12, 8)
(12, 9)
kaikki ok
Reitin pituus: 11
(12, 5)
(11, 5)
(10, 5)
(10, 6)
(10, 7)
(11, 7)
(12, 7)
(12, 8)
(12, 9)
(12, 10)
(12, 11)
(11, 11)
kaikki ok
Reitin pituus: 11
(12, 7)
(11, 7)
(10, 7)
(10, 6)
(10, 5)
(11, 5)
(12, 5)
(12, 4)
(12, 3)
(11, 3)
(10, 3)
(10, 2)
kaikki ok
Reitin pituus: 16
(4, 15)
(5, 15)
(6, 15)
(6, 16)
(6, 17)
(7, 17)
(8, 17)
(8, 18)
(8, 19)
(9, 19)
(10, 19)
(11, 19)
(12, 19)
(13, 19)
(14, 19)
(15, 19)
(16, 19)
kaikki ok
Reitin pituus: 5
(2, 1)
(3, 1)
(4, 1)
(4, 2)
(4, 3)
(4, 4)
kaikki ok
Reitin pituus: 26
(4, 15)
(4, 14)
(4, 13)
(4, 12)
(4, 11)
(4, 10)
(4, 9)
(4, 8)
(4, 7)
(4, 6)
(4, 5)
(4, 4)
(4, 3)
(5, 3)
(6, 3)
(7, 3)
(8, 3)
(9, 3)
(10, 3)
(11, 3)
(12, 3)
(13, 3)
(14, 3)
(15, 3)
(16, 3)
(17, 3)
(17, 2)
kaikki ok
Reitin pituus: 14
(1, 18)
(1, 19)
(2, 19)
(3, 19)
(4, 19)
(5, 19)
(6, 19)
(7, 19)
(8, 19)
(9, 19)
(10, 19)
(10, 18)
(10, 17)
(11, 17)
(12, 17)
kaikki ok
Reitin pituus: 17
(9, 8)
(9, 7)
(8, 7)
(7, 7)
(6, 7)
(6, 8)
(6, 9)
(5, 9)
(4, 9)
(4, 10)
(4, 11)
(4, 12)
(4, 13)
(4, 14)
(4, 15)
(5, 15)
(6, 15)
(6, 16)
kaikki ok
Reitin pituus: 27
(14, 2)
(14, 3)
(13, 3)
(12, 3)
(12, 4)
(12, 5)
(11, 5)
(10, 5)
(10, 6)
(10, 7)
(9, 7)
(8, 7)
(7, 7)
(6, 7)
(6, 8)
(6, 9)
(6, 10)
(6, 11)
(6, 12)
(6, 13)
(5, 13)
(4, 13)
(3, 13)
(2, 13)
(1, 13)
(1, 14)
(1, 15)
(2, 15)
kaikki ok
Reitin pituus: 7
(16, 5)
(15, 5)
(14, 5)
(14, 4)
(14, 3)
(14, 2)
(14, 1)
(13, 1)
kaikki ok
Reitin pituus: 19
(8, 17)
(7, 17)
(6, 17)
(6, 16)
(6, 15)
(5, 15)
(4, 15)
(4, 14)
(4, 13)
(4, 12)
(4, 11)
(4, 10)
(4, 9)
(4, 8)
(4, 7)
(4, 6)
(4, 5)
(4, 4)
(4, 3)
(4, 2)
kaikki ok
Reitin pituus: 20
(3, 3)
(4, 3)
(4, 4)
(4, 5)
(4, 6)
(4, 7)
(4, 8)
(4, 9)
(4, 10)
(4, 11)
(4, 12)
(4, 13)
(4, 14)
(4, 15)
(5, 15)
(6, 15)
(6, 16)
(6, 17)
(7, 17)
(8, 17)
(8, 18)
kaikki ok
Reitin pituus: 6
(9, 11)
(8, 11)
(7, 11)
(6, 11)
(6, 12)
(6, 13)
(5, 13)
kaikki ok
Reitin pituus: 21
(17, 4)
(17, 5)
(16, 5)
(15, 5)
(14, 5)
(14, 6)
(14, 7)
(14, 8)
(14, 9)
(14, 10)
(14, 11)
(14, 12)
(14, 13)
(14, 14)
(14, 15)
(14, 16)
(14, 17)
(15, 17)
(16, 17)
(17, 17)
(17, 18)
(17, 19)
kaikki ok
Reitin pituus: 18
(16, 17)
(15, 17)
(14, 17)
(14, 16)
(14, 15)
(14, 14)
(14, 13)
(14, 12)
(14, 11)
(14, 10)
(14, 9)
(13, 9)
(12, 9)
(12, 8)
(12, 7)
(11, 7)
(10, 7)
(10, 6)
(10, 5)
kaikki ok
Reitin pituus: 1
(14, 19)
(13, 19)
kaikki ok
Reitin pituus: 23
(1, 14)
(1, 13)
(2, 13)
(3, 13)
(4, 13)
(4, 14)
(4, 15)
(5, 15)
(6, 15)
(6, 16)
(6, 17)
(7, 17)
(8, 17)
(8, 18)
(8, 19)
(9, 19)
(10, 19)
(11, 19)
(12, 19)
(13, 19)
(14, 19)
(15, 19)
(16, 19)
(17, 19)
kaikki ok
Reitin pituus: 8
(12, 8)
(12, 7)
(11, 7)
(10, 7)
(10, 6)
(10, 5)
(11, 5)
(12, 5)
(12, 4)
kaikki ok
Reitin pituus: 13
(6, 10)
(6, 11)
(6, 12)
(6, 13)
(7, 13)
(8, 13)
(8, 14)
(8, 15)
(9, 15)
(10, 15)
(11, 15)
(12, 15)
(12, 16)
(12, 17)
kaikki ok
Reitin pituus: 4
(10, 3)
(10, 2)
(10, 1)
(11, 1)
(12, 1)
kaikki ok
Reitin pituus: 7
(1, 13)
(2, 13)
(3, 13)
(4, 13)
(5, 13)
(6, 13)
(7, 13)
(8, 13)
kaikki ok
Reitin pituus: 23
(10, 19)
(9, 19)
(8, 19)
(8, 18)
(8, 17)
(7, 17)
(6, 17)
(6, 16)
(6, 15)
(5, 15)
(4, 15)
(4, 14)
(4, 13)
(4, 12)
(4, 11)
(4, 10)
(4, 9)
(4, 8)
(4, 7)
(4, 6)
(4, 5)
(4, 4)
(4, 3)
(3, 3)
kaikki ok
Reitin pituus: 8
(1, 13)
(2, 13)
(3, 13)
(4, 13)
(4, 12)
(4, 11)
(4, 10)
(4, 9)
(4, 8)
kaikki ok
Reitin pituus: 11
(12, 17)
(12, 16)
(12, 15)
(13, 15)
(14, 15)
(14, 16)
(14, 17)
(15, 17)
(16, 17)
(17, 17)
(17, 18)
(17, 19)
kaikki ok
Reitin pituus: 14
(7, 13)
(6, 13)
(6, 12)
(6, 11)
(7, 11)
(8, 11)
(9, 11)
(10, 11)
(11, 11)
(12, 11)
(12, 10)
(12, 9)
(13, 9)
(14, 9)
(14, 8)
kaikki ok
Reitin pituus: 12
(14, 14)
(14, 13)
(14, 12)
(14, 11)
(14, 10)
(14, 9)
(14, 8)
(14, 7)
(14, 6)
(14, 5)
(14, 4)
(14, 3)
(15, 3)
kaikki ok
Reitin pituus: 14
(7, 11)
(8, 11)
(9, 11)
(10, 11)
(11, 11)
(12, 11)
(12, 12)
(12, 13)
(13, 13)
(14, 13)
(14, 14)
(14, 15)
(14, 16)
(14, 17)
(15, 17)
kaikki ok
Reitin pituus: 9
(12, 4)
(12, 5)
(11, 5)
(10, 5)
(10, 6)
(10, 7)
(9, 7)
(9, 8)
(9, 9)
(10, 9)
kaikki ok
Reitin pituus: 17
(17, 13)
(16, 13)
(15, 13)
(14, 13)
(14, 12)
(14, 11)
(14, 10)
(14, 9)
(14, 8)
(14, 7)
(14, 6)
(14, 5)
(15, 5)
(16, 5)
(17, 5)
(17, 4)
(17, 3)
(17, 2)
kaikki ok
Reitin pituus: 16
(8, 9)
(9, 9)
(9, 8)
(9, 7)
(10, 7)
(11, 7)
(12, 7)
(12, 8)
(12, 9)
(12, 10)
(12, 11)
(12, 12)
(12, 13)
(11, 13)
(10, 13)
(10, 14)
(10, 15)
kaikki ok
Reitin pituus: 14
(2, 13)
(3, 13)
(4, 13)
(5, 13)
(6, 13)
(6, 12)
(6, 11)
(7, 11)
(8, 11)
(9, 11)
(10, 11)
(11, 11)
(12, 11)
(12, 10)
(12, 9)
kaikki ok
Reitin pituus: 7
(8, 2)
(8, 3)
(7, 3)
(6, 3)
(6, 4)
(6, 5)
(7, 5)
(8, 5)
kaikki ok
Reitin pituus: 16
(15, 19)
(14, 19)
(13, 19)
(12, 19)
(11, 19)
(10, 19)
(9, 19)
(8, 19)
(8, 18)
(8, 17)
(7, 17)
(6, 17)
(6, 16)
(6, 15)
(5, 15)
(4, 15)
(4, 16)
kaikki ok
Reitin pituus: 9
(6, 5)
(6, 4)
(6, 3)
(7, 3)
(8, 3)
(9, 3)
(10, 3)
(11, 3)
(12, 3)
(12, 4)
kaikki ok
Reitin pituus: 21
(8, 18)
(8, 17)
(7, 17)
(6, 17)
(6, 16)
(6, 15)
(5, 15)
(4, 15)
(4, 14)
(4, 13)
(4, 12)
(4, 11)
(4, 10)
(4, 9)
(4, 8)
(4, 7)
(4, 6)
(4, 5)
(4, 4)
(4, 3)
(3, 3)
(2, 3)
kaikki ok
Reitin pituus: 9
(11, 11)
(12, 11)
(12, 12)
(12, 13)
(11, 13)
(10, 13)
(10, 14)
(10, 15)
(9, 15)
(8, 15)
kaikki ok
Reitin pituus: 13
(15, 1)
(14, 1)
(14, 2)
(14, 3)
(13, 3)
(12, 3)
(12, 4)
(12, 5)
(11, 5)
(10, 5)
(10, 6)
(10, 7)
(9, 7)
(8, 7)
kaikki ok
Reitin pituus: 6
(1, 18)
(1, 17)
(2, 17)
(3, 17)
(4, 17)
(4, 16)
(4, 15)
kaikki ok
Reitin pituus: 17
(1, 1)
(1, 2)
(1, 3)
(2, 3)
(3, 3)
(4, 3)
(5, 3)
(6, 3)
(6, 4)
(6, 5)
(7, 5)
(8, 5)
(8, 6)
(8, 7)
(9, 7)
(10, 7)
(10, 6)
(10, 5)
kaikki ok
Reitin pituus: 14
(14, 9)
(13, 9)
(12, 9)
(12, 8)
(12, 7)
(11, 7)
(10, 7)
(9, 7)
(8, 7)
(8, 6)
(8, 5)
(7, 5)
(6, 5)
(6, 4)
(6, 3)
kaikki ok
Reitin pituus: 12
(12, 13)
(11, 13)
(10, 13)
(10, 14)
(10, 15)
(9, 15)
(8, 15)
(7, 15)
(6, 15)
(5, 15)
(4, 15)
(4, 16)
(4, 17)
kaikki ok
Reitin pituus: 20
(17, 14)
(17, 13)
(16, 13)
(15, 13)
(14, 13)
(13, 13)
(12, 13)
(12, 12)
(12, 11)
(12, 10)
(12, 9)
(12, 8)
(12, 7)
(11, 7)
(10, 7)
(9, 7)
(8, 7)
(8, 6)
(8, 5)
(7, 5)
(6, 5)
kaikki ok
Reitin pituus: 22
(16, 3)
(15, 3)
(14, 3)
(14, 4)
(14, 5)
(14, 6)
(14, 7)
(14, 8)
(14, 9)
(14, 10)
(14, 11)
(14, 12)
(14, 13)
(14, 14)
(14, 15)
(13, 15)
(12, 15)
(12, 16)
(12, 17)
(11, 17)
(10, 17)
(10, 18)
(10, 19)
kaikki ok
Reitin pituus: 11
(8, 14)
(8, 15)
(9, 15)
(10, 15)
(10, 14)
(10, 13)
(11, 13)
(12, 13)
(12, 12)
(12, 11)
(12, 10)
(12, 9)
kaikki ok
Reitin pituus: 2
(11, 3)
(10, 3)
(10, 2)
kaikki ok
Reitin pituus: 20
(14, 4)
(14, 5)
(14, 6)
(14, 7)
(14, 8)
(14, 9)
(13, 9)
(12, 9)
(12, 10)
(12, 11)
(12, 12)
(12, 13)
(11, 13)
(10, 13)
(10, 14)
(10, 15)
(9, 15)
(8, 15)
(7, 15)
(6, 15)
(6, 16)
kaikki ok
Reitin pituus: 12
(5, 9)
(4, 9)
(4, 10)
(4, 11)
(4, 12)
(4, 13)
(4, 14)
(4, 15)
(4, 16)
(4, 17)
(3, 17)
(2, 17)
(1, 17)
kaikki ok
Reitin pituus: 15
(12, 13)
(12, 12)
(12, 11)
(11, 11)
(10, 11)
(9, 11)
(8, 11)
(7, 11)
(6, 11)
(6, 10)
(6, 9)
(5, 9)
(4, 9)
(4, 8)
(4, 7)
(4, 6)
kaikki ok
Reitin pituus: 18
(10, 6)
(10, 7)
(11, 7)
(12, 7)
(12, 8)
(12, 9)
(13, 9)
(14, 9)
(14, 10)
(14, 11)
(14, 12)
(14, 13)
(14, 14)
(14, 15)
(13, 15)
(12, 15)
(12, 16)
(12, 17)
(11, 17)
kaikki ok
Reitin pituus: 13
(16, 17)
(15, 17)
(14, 17)
(14, 16)
(14, 15)
(13, 15)
(12, 15)
(11, 15)
(10, 15)
(9, 15)
(8, 15)
(8, 14)
(8, 13)
(7, 13)
kaikki ok
Reitin pituus: 22
(14, 1)
(14, 2)
(14, 3)
(13, 3)
(12, 3)
(12, 4)
(12, 5)
(11, 5)
(10, 5)
(10, 6)
(10, 7)
(9, 7)
(8, 7)
(7, 7)
(6, 7)
(6, 8)
(6, 9)
(6, 10)
(6, 11)
(6, 12)
(6, 13)
(5, 13)
(4, 13)
kaikki ok
Reitin pituus: 8
(11, 1)
(10, 1)
(10, 2)
(10, 3)
(11, 3)
(12, 3)
(12, 4)
(12, 5)
(11, 5)
kaikki ok
Reitin pituus: 4
(6, 15)
(7, 15)
(8, 15)
(8, 14)
(8, 13)
kaikki ok
Reitin pituus: 9
(8, 9)
(9, 9)
(9, 8)
(9, 7)
(10, 7)
(11, 7)
(12, 7)
(12, 8)
(12, 9)
(12, 10)
kaikki ok
Reitin pituus: 28
(8, 2)
(8, 3)
(7, 3)
(6, 3)
(5, 3)
(4, 3)
(4, 4)
(4, 5)
(4, 6)
(4, 7)
(4, 8)
(4, 9)
(4, 10)
(4, 11)
(4, 12)
(4, 13)
(4, 14)
(4, 15)
(5, 15)
(6, 15)
(6, 16)
(6, 17)
(7, 17)
(8, 17)
(8, 18)
(8, 19)
(7, 19)
(6, 19)
(5, 19)
kaikki ok
Reitin pituus: 28
(12, 1)
(13, 1)
(14, 1)
(14, 2)
(14, 3)
(14, 4)
(14, 5)
(14, 6)
(14, 7)
(14, 8)
(14, 9)
(14, 10)
(14, 11)
(14, 12)
(14, 13)
(14, 14)
(14, 15)
(13, 15)
(12, 15)
(12, 16)
(12, 17)
(11, 17)
(10, 17)
(10, 18)
(10, 19)
(9, 19)
(8, 19)
(7, 19)
(6, 19)
kaikki ok
Reitin pituus: 20
(1, 17)
(2, 17)
(3, 17)
(4, 17)
(4, 16)
(4, 15)
(4, 14)
(4, 13)
(4, 12)
(4, 11)
(4, 10)
(4, 9)
(4, 8)
(4, 7)
(4, 6)
(4, 5)
(4, 4)
(4, 3)
(5, 3)
(6, 3)
(7, 3)
kaikki ok
Reitin pituus: 18
(7, 1)
(6, 1)
(5, 1)
(4, 1)
(4, 2)
(4, 3)
(4, 4)
(4, 5)
(4, 6)
(4, 7)
(4, 8)
(4, 9)
(5, 9)
(6, 9)
(6, 10)
(6, 11)
(7, 11)
(8, 11)
(9, 11)
kaikki ok
Reitin pituus: 11
(7, 11)
(6, 11)
(6, 10)
(6, 9)
(6, 8)
(6, 7)
(7, 7)
(8, 7)
(9, 7)
(9, 8)
(9, 9)
(10, 9)
kaikki ok
Reitin pituus: 4
(14, 14)
(14, 15)
(13, 15)
(12, 15)
(11, 15)
kaikki ok
Reitin pituus: 14
(6, 8)
(6, 9)
(6, 10)
(6, 11)
(6, 12)
(6, 13)
(7, 13)
(8, 13)
(8, 14)
(8, 15)
(9, 15)
(10, 15)
(11, 15)
(12, 15)
(12, 16)
kaikki ok
Reitin pituus: 1
(1, 15)
(2, 15)
kaikki ok
Reitin pituus: 22
(16, 16)
(16, 17)
(15, 17)
(14, 17)
(14, 16)
(14, 15)
(14, 14)
(14, 13)
(13, 13)
(12, 13)
(12, 12)
(12, 11)
(12, 10)
(12, 9)
(12, 8)
(12, 7)
(11, 7)
(10, 7)
(9, 7)
(8, 7)
(8, 6)
(8, 5)
(7, 5)
kaikki ok
Reitin pituus: 11
(10, 15)
(10, 14)
(10, 13)
(11, 13)
(12, 13)
(12, 12)
(12, 11)
(12, 10)
(12, 9)
(12, 8)
(12, 7)
(11, 7)
kaikki ok
Reitin pituus: 11
(13, 3)
(12, 3)
(12, 4)
(12, 5)
(11, 5)
(10, 5)
(10, 6)
(10, 7)
(9, 7)
(9, 8)
(9, 9)
(8, 9)
kaikki ok
Reitin pituus: 20
(11, 13)
(12, 13)
(12, 12)
(12, 11)
(12, 10)
(12, 9)
(12, 8)
(12, 7)
(11, 7)
(10, 7)
(9, 7)
(8, 7)
(8, 6)
(8, 5)
(7, 5)
(6, 5)
(6, 4)
(6, 3)
(5, 3)
(4, 3)
(4, 2)
kaikki ok
Reitin pituus: 9
(10, 14)
(10, 15)
(11, 15)
(12, 15)
(13, 15)
(14, 15)
(14, 16)
(14, 17)
(15, 17)
(16, 17)
kaikki ok
Reitin pituus: 18
(12, 17)
(12, 16)
(12, 15)
(13, 15)
(14, 15)
(14, 14)
(14, 13)
(14, 12)
(14, 11)
(14, 10)
(14, 9)
(13, 9)
(12, 9)
(12, 8)
(12, 7)
(11, 7)
(10, 7)
(9, 7)
(9, 8)
kaikki ok
Reitin pituus: 15
(6, 4)
(6, 5)
(7, 5)
(8, 5)
(8, 6)
(8, 7)
(7, 7)
(6, 7)
(6, 8)
(6, 9)
(6, 10)
(6, 11)
(7, 11)
(8, 11)
(9, 11)
(10, 11)
kaikki ok
Reitin pituus: 9
(1, 18)
(1, 17)
(2, 17)
(3, 17)
(4, 17)
(4, 16)
(4, 15)
(4, 14)
(4, 13)
(4, 12)
kaikki ok
Reitin pituus: 15
(1, 2)
(1, 3)
(1, 4)
(1, 5)
(2, 5)
(3, 5)
(4, 5)
(4, 6)
(4, 7)
(4, 8)
(4, 9)
(5, 9)
(6, 9)
(6, 10)
(6, 11)
(6, 12)
kaikki ok
Reitin pituus: 16
(6, 10)
(6, 11)
(6, 12)
(6, 13)
(7, 13)
(8, 13)
(8, 14)
(8, 15)
(7, 15)
(6, 15)
(6, 16)
(6, 17)
(7, 17)
(8, 17)
(8, 18)
(8, 19)
(7, 19)
kaikki ok
Reitin pituus: 15
(12, 9)
(12, 8)
(12, 7)
(11, 7)
(10, 7)
(9, 7)
(8, 7)
(8, 6)
(8, 5)
(7, 5)
(6, 5)
(6, 4)
(6, 3)
(7, 3)
(8, 3)
(8, 2)
kaikki ok
Reitin pituus: 27
(6, 5)
(7, 5)
(8, 5)
(8, 6)
(8, 7)
(7, 7)
(6, 7)
(6, 8)
(6, 9)
(6, 10)
(6, 11)
(6, 12)
(6, 13)
(7, 13)
(8, 13)
(8, 14)
(8, 15)
(7, 15)
(6, 15)
(6, 16)
(6, 17)
(7, 17)
(8, 17)
(8, 18)
(8, 19)
(9, 19)
(10, 19)
(11, 19)
kaikki ok
Reitin pituus: 10
(9, 8)
(9, 7)
(10, 7)
(11, 7)
(12, 7)
(12, 8)
(12, 9)
(12, 10)
(12, 11)
(12, 12)
(12, 13)
kaikki ok
Reitin pituus: 8
(9, 11)
(8, 11)
(7, 11)
(6, 11)
(6, 12)
(6, 13)
(7, 13)
(8, 13)
(8, 14)
kaikki ok
Reitin pituus: 17
(6, 1)
(5, 1)
(4, 1)
(4, 2)
(4, 3)
(4, 4)
(4, 5)
(4, 6)
(4, 7)
(4, 8)
(4, 9)
(5, 9)
(6, 9)
(6, 10)
(6, 11)
(7, 11)
(8, 11)
(9, 11)
kaikki ok
Reitin pituus: 10
(4, 11)
(4, 10)
(4, 9)
(4, 8)
(4, 7)
(4, 6)
(4, 5)
(4, 4)
(4, 3)
(3, 3)
(2, 3)
kaikki ok
Reitin pituus: 7
(12, 3)
(11, 3)
(10, 3)
(9, 3)
(8, 3)
(8, 2)
(8, 1)
(7, 1)
kaikki ok
Reitin pituus: 25
(16, 17)
(15, 17)
(14, 17)
(14, 16)
(14, 15)
(14, 14)
(14, 13)
(14, 12)
(14, 11)
(14, 10)
(14, 9)
(14, 8)
(14, 7)
(14, 6)
(14, 5)
(14, 4)
(14, 3)
(13, 3)
(12, 3)
(11, 3)
(10, 3)
(9, 3)
(8, 3)
(7, 3)
(6, 3)
(5, 3)
kaikki ok
Reitin pituus: 11
(16, 19)
(17, 19)
(17, 18)
(17, 17)
(16, 17)
(15, 17)
(14, 17)
(14, 16)
(14, 15)
(13, 15)
(12, 15)
(12, 16)
kaikki ok
Reitin pituus: 21
(6, 12)
(6, 11)
(7, 11)
(8, 11)
(9, 11)
(10, 11)
(11, 11)
(12, 11)
(12, 10)
(12, 9)
(13, 9)
(14, 9)
(14, 8)
(14, 7)
(14, 6)
(14, 5)
(14, 4)
(14, 3)
(15, 3)
(16, 3)
(17, 3)
(17, 2)
kaikki ok
Reitin pituus: 11
(14, 11)
(14, 12)
(14, 13)
(14, 14)
(14, 15)
(13, 15)
(12, 15)
(12, 16)
(12, 17)
(11, 17)
(10, 17)
(10, 18)
kaikki ok
Reitin pituus: 16
(7, 7)
(8, 7)
(9, 7)
(10, 7)
(11, 7)
(12, 7)
(12, 8)
(12, 9)
(12, 10)
(12, 11)
(12, 12)
(12, 13)
(13, 13)
(14, 13)
(15, 13)
(16, 13)
(17, 13)
kaikki ok
Reitin pituus: 7
(10, 7)
(11, 7)
(12, 7)
(12, 8)
(12, 9)
(13, 9)
(14, 9)
(14, 8)
kaikki ok
Reitin pituus: 11
(8, 11)
(9, 11)
(10, 11)
(11, 11)
(12, 11)
(12, 12)
(12, 13)
(11, 13)
(10, 13)
(10, 14)
(10, 15)
(11, 15)
kaikki ok
Reitin pituus: 17
(10, 13)
(11, 13)
(12, 13)
(12, 12)
(12, 11)
(12, 10)
(12, 9)
(12, 8)
(12, 7)
(11, 7)
(10, 7)
(9, 7)
(8, 7)
(8, 6)
(8, 5)
(7, 5)
(6, 5)
(6, 4)
kaikki ok
Reitin pituus: 20
(8, 13)
(7, 13)
(6, 13)
(5, 13)
(4, 13)
(4, 12)
(4, 11)
(4, 10)
(4, 9)
(4, 8)
(4, 7)
(4, 6)
(4, 5)
(4, 4)
(4, 3)
(4, 2)
(4, 1)
(5, 1)
(6, 1)
(7, 1)
(8, 1)
kaikki ok
Reitin pituus: 3
(8, 11)
(9, 11)
(10, 11)
(11, 11)
kaikki ok
Reitin pituus: 18
(1, 5)
(2, 5)
(3, 5)
(4, 5)
(4, 6)
(4, 7)
(4, 8)
(4, 9)
(5, 9)
(6, 9)
(6, 10)
(6, 11)
(7, 11)
(8, 11)
(9, 11)
(10, 11)
(11, 11)
(12, 11)
(12, 10)
kaikki ok
Reitin pituus: 24
(12, 5)
(11, 5)
(10, 5)
(10, 6)
(10, 7)
(11, 7)
(12, 7)
(12, 8)
(12, 9)
(12, 10)
(12, 11)
(12, 12)
(12, 13)
(11, 13)
(10, 13)
(10, 14)
(10, 15)
(11, 15)
(12, 15)
(12, 16)
(12, 17)
(11, 17)
(10, 17)
(10, 18)
(10, 19)
kaikki ok
Reitin pituus: 16
(4, 2)
(4, 3)
(5, 3)
(6, 3)
(7, 3)
(8, 3)
(9, 3)
(10, 3)
(11, 3)
(12, 3)
(13, 3)
(14, 3)
(14, 4)
(14, 5)
(14, 6)
(14, 7)
(14, 8)
kaikki ok
Reitin pituus: 12
(9, 9)
(9, 8)
(9, 7)
(8, 7)
(8, 6)
(8, 5)
(7, 5)
(6, 5)
(6, 4)
(6, 3)
(5, 3)
(4, 3)
(4, 2)
kaikki ok
Reitin pituus: 9
(10, 1)
(11, 1)
(12, 1)
(13, 1)
(14, 1)
(15, 1)
(16, 1)
(17, 1)
(17, 2)
(17, 3)
kaikki ok
Reitin pituus: 16
(7, 7)
(6, 7)
(6, 8)
(6, 9)
(6, 10)
(6, 11)
(6, 12)
(6, 13)
(7, 13)
(8, 13)
(8, 14)
(8, 15)
(9, 15)
(10, 15)
(11, 15)
(12, 15)
(13, 15)
kaikki ok
Reitin pituus: 19
(12, 1)
(13, 1)
(14, 1)
(14, 2)
(14, 3)
(14, 4)
(14, 5)
(14, 6)
(14, 7)
(14, 8)
(14, 9)
(14, 10)
(14, 11)
(14, 12)
(14, 13)
(14, 14)
(14, 15)
(13, 15)
(12, 15)
(12, 16)
kaikki ok
Reitin pituus: 13
(15, 3)
(14, 3)
(13, 3)
(12, 3)
(12, 4)
(12, 5)
(11, 5)
(10, 5)
(10, 6)
(10, 7)
(9, 7)
(9, 8)
(9, 9)
(8, 9)
kaikki ok
Reitin pituus: 18
(12, 7)
(12, 8)
(12, 9)
(13, 9)
(14, 9)
(14, 10)
(14, 11)
(14, 12)
(14, 13)
(14, 14)
(14, 15)
(14, 16)
(14, 17)
(15, 17)
(16, 17)
(17, 17)
(17, 18)
(17, 19)
(16, 19)
kaikki ok
Reitin pituus: 11
(4, 1)
(4, 2)
(4, 3)
(5, 3)
(6, 3)
(7, 3)
(8, 3)
(9, 3)
(10, 3)
(10, 2)
(10, 1)
(11, 1)
kaikki ok
Reitin pituus: 18
(11, 15)
(12, 15)
(13, 15)
(14, 15)
(14, 14)
(14, 13)
(14, 12)
(14, 11)
(14, 10)
(14, 9)
(14, 8)
(14, 7)
(14, 6)
(14, 5)
(14, 4)
(14, 3)
(13, 3)
(12, 3)
(11, 3)
kaikki ok
Reitin pituus: 17
(4, 16)
(4, 15)
(4, 14)
(4, 13)
(4, 12)
(4, 11)
(4, 10)
(4, 9)
(4, 8)
(4, 7)
(4, 6)
(4, 5)
(4, 4)
(4, 3)
(4, 2)
(4, 1)
(5, 1)
(6, 1)
kaikki ok
Reitin pituus: 22
(2, 13)
(3, 13)
(4, 13)
(5, 13)
(6, 13)
(6, 12)
(6, 11)
(7, 11)
(8, 11)
(9, 11)
(10, 11)
(11, 11)
(12, 11)
(12, 10)
(12, 9)
(13, 9)
(14, 9)
(14, 8)
(14, 7)
(14, 6)
(14, 5)
(15, 5)
(16, 5)
kaikki ok
Reitin pituus: 20
(7, 7)
(6, 7)
(6, 8)
(6, 9)
(6, 10)
(6, 11)
(6, 12)
(6, 13)
(7, 13)
(8, 13)
(8, 14)
(8, 15)
(7, 15)
(6, 15)
(6, 16)
(6, 17)
(7, 17)
(8, 17)
(8, 18)
(8, 19)
(9, 19)
kaikki ok
Reitin pituus: 10
(12, 8)
(12, 9)
(13, 9)
(14, 9)
(14, 8)
(14, 7)
(14, 6)
(14, 5)
(14, 4)
(14, 3)
(13, 3)
kaikki ok
Reitin pituus: 1
(11, 5)
(10, 5)
kaikki ok
Reitin pituus: 20
(2, 16)
(2, 17)
(1, 17)
(1, 18)
(1, 19)
(2, 19)
(3, 19)
(4, 19)
(5, 19)
(6, 19)
(7, 19)
(8, 19)
(9, 19)
(10, 19)
(11, 19)
(12, 19)
(13, 19)
(14, 19)
(15, 19)
(16, 19)
(17, 19)
kaikki ok
Reitin pituus: 31
(1, 1)
(1, 2)
(1, 3)
(2, 3)
(3, 3)
(4, 3)
(5, 3)
(6, 3)
(6, 4)
(6, 5)
(7, 5)
(8, 5)
(8, 6)
(8, 7)
(9, 7)
(10, 7)
(11, 7)
(12, 7)
(12, 8)
(12, 9)
(12, 10)
(12, 11)
(12, 12)
(12, 13)
(13, 13)
(14, 13)
(14, 14)
(14, 15)
(14, 16)
(14, 17)
(15, 17)
(16, 17)
kaikki ok
Reitin pituus: 9
(9, 11)
(10, 11)
(11, 11)
(12, 11)
(12, 10)
(12, 9)
(13, 9)
(14, 9)
(14, 8)
(14, 7)
kaikki ok
Reitin pituus: 27
(13, 19)
(12, 19)
(11, 19)
(10, 19)
(9, 19)
(8, 19)
(8, 18)
(8, 17)
(7, 17)
(6, 17)
(6, 16)
(6, 15)
(5, 15)
(4, 15)
(4, 14)
(4, 13)
(4, 12)
(4, 11)
(4, 10)
(4, 9)
(4, 8)
(4, 7)
(4, 6)
(4, 5)
(3, 5)
(2, 5)
(1, 5)
(1, 4)
kaikki ok
Reitin pituus: 11
(17, 18)
(17, 17)
(16, 17)
(15, 17)
(14, 17)
(14, 16)
(14, 15)
(13, 15)
(12, 15)
(11, 15)
(10, 15)
(10, 14)
kaikki ok
Reitin pituus: 13
(4, 1)
(4, 2)
(4, 3)
(5, 3)
(6, 3)
(7, 3)
(8, 3)
(9, 3)
(10, 3)
(11, 3)
(12, 3)
(13, 3)
(14, 3)
(15, 3)
kaikki ok
Reitin pituus: 7
(6, 15)
(6, 16)
(6, 17)
(7, 17)
(8, 17)
(8, 18)
(8, 19)
(7, 19)
kaikki ok
Reitin pituus: 17
(14, 8)
(14, 9)
(14, 10)
(14, 11)
(14, 12)
(14, 13)
(14, 14)
(14, 15)
(14, 16)
(14, 17)
(15, 17)
(16, 17)
(17, 17)
(17, 18)
(17, 19)
(16, 19)
(15, 19)
(14, 19)
kaikki ok
Reitin pituus: 6
(14, 12)
(14, 11)
(14, 10)
(14, 9)
(13, 9)
(12, 9)
(12, 8)
kaikki ok
Reitin pituus: 28
(17, 3)
(16, 3)
(15, 3)
(14, 3)
(13, 3)
(12, 3)
(12, 4)
(12, 5)
(11, 5)
(10, 5)
(10, 6)
(10, 7)
(9, 7)
(8, 7)
(7, 7)
(6, 7)
(6, 8)
(6, 9)
(6, 10)
(6, 11)
(6, 12)
(6, 13)
(5, 13)
(4, 13)
(4, 14)
(4, 15)
(4, 16)
(4, 17)
(3, 17)
kaikki ok
Reitin pituus: 5
(12, 16)
(12, 15)
(11, 15)
(10, 15)
(9, 15)
(8, 15)
kaikki ok
Reitin pituus: 14
(4, 1)
(4, 2)
(4, 3)
(4, 4)
(4, 5)
(4, 6)
(4, 7)
(4, 8)
(4, 9)
(4, 10)
(4, 11)
(4, 12)
(4, 13)
(4, 14)
(4, 15)
kaikki ok
Reitin pituus: 12
(10, 19)
(9, 19)
(8, 19)
(7, 19)
(6, 19)
(5, 19)
(4, 19)
(3, 19)
(2, 19)
(1, 19)
(1, 18)
(1, 17)
(2, 17)
kaikki ok
Reitin pituus: 26
(1, 5)
(2, 5)
(3, 5)
(4, 5)
(4, 6)
(4, 7)
(4, 8)
(4, 9)
(5, 9)
(6, 9)
(6, 10)
(6, 11)
(7, 11)
(8, 11)
(9, 11)
(10, 11)
(11, 11)
(12, 11)
(12, 12)
(12, 13)
(13, 13)
(14, 13)
(15, 13)
(16, 13)
(17, 13)
(17, 14)
(17, 15)
kaikki ok
Reitin pituus: 15
(4, 3)
(4, 4)
(4, 5)
(4, 6)
(4, 7)
(4, 8)
(4, 9)
(5, 9)
(6, 9)
(6, 10)
(6, 11)
(7, 11)
(8, 11)
(9, 11)
(10, 11)
(11, 11)
kaikki ok
Reitin pituus: 13
(8, 13)
(7, 13)
(6, 13)
(6, 12)
(6, 11)
(6, 10)
(6, 9)
(6, 8)
(6, 7)
(7, 7)
(8, 7)
(9, 7)
(9, 8)
(9, 9)
kaikki ok
Reitin pituus: 8
(10, 15)
(11, 15)
(12, 15)
(13, 15)
(14, 15)
(14, 14)
(14, 13)
(15, 13)
(16, 13)
kaikki ok
Reitin pituus: 22
(13, 3)
(14, 3)
(14, 4)
(14, 5)
(14, 6)
(14, 7)
(14, 8)
(14, 9)
(14, 10)
(14, 11)
(14, 12)
(14, 13)
(14, 14)
(14, 15)
(13, 15)
(12, 15)
(12, 16)
(12, 17)
(11, 17)
(10, 17)
(10, 18)
(10, 19)
(9, 19)
kaikki ok
Reitin pituus: 12
(4, 11)
(4, 12)
(4, 13)
(5, 13)
(6, 13)
(7, 13)
(8, 13)
(8, 14)
(8, 15)
(9, 15)
(10, 15)
(11, 15)
(12, 15)
kaikki ok
Reitin pituus: 21
(4, 2)
(4, 3)
(4, 4)
(4, 5)
(4, 6)
(4, 7)
(4, 8)
(4, 9)
(4, 10)
(4, 11)
(4, 12)
(4, 13)
(4, 14)
(4, 15)
(5, 15)
(6, 15)
(6, 16)
(6, 17)
(7, 17)
(8, 17)
(8, 18)
(8, 19)
kaikki ok
Reitin pituus: 8
(4, 12)
(4, 11)
(4, 10)
(4, 9)
(4, 8)
(4, 7)
(4, 6)
(4, 5)
(3, 5)
kaikki ok
Reitin pituus: 21
(7, 17)
(6, 17)
(6, 16)
(6, 15)
(7, 15)
(8, 15)
(8, 14)
(8, 13)
(7, 13)
(6, 13)
(6, 12)
(6, 11)
(6, 10)
(6, 9)
(6, 8)
(6, 7)
(7, 7)
(8, 7)
(8, 6)
(8, 5)
(7, 5)
(6, 5)
kaikki ok
Reitin pituus: 4
(12, 11)
(12, 12)
(12, 13)
(11, 13)
(10, 13)
kaikki ok
Reitin pituus: 27
(3, 1)
(4, 1)
(4, 2)
(4, 3)
(4, 4)
(4, 5)
(4, 6)
(4, 7)
(4, 8)
(4, 9)
(5, 9)
(6, 9)
(6, 10)
(6, 11)
(6, 12)
(6, 13)
(7, 13)
(8, 13)
(8, 14)
(8, 15)
(9, 15)
(10, 15)
(11, 15)
(12, 15)
(12, 16)
(12, 17)
(11, 17)
(10, 17)
kaikki ok
Reitin pituus: 11
(9, 8)
(9, 7)
(8, 7)
(8, 6)
(8, 5)
(7, 5)
(6, 5)
(6, 4)
(6, 3)
(5, 3)
(4, 3)
(3, 3)
kaikki ok
Reitin pituus: 11
(14, 15)
(13, 15)
(12, 15)
(11, 15)
(10, 15)
(9, 15)
(8, 15)
(7, 15)
(6, 15)
(6, 16)
(6, 17)
(7, 17)
kaikki ok
Reitin pituus: 23
(7, 17)
(6, 17)
(6, 16)
(6, 15)
(7, 15)
(8, 15)
(9, 15)
(10, 15)
(10, 14)
(10, 13)
(11, 13)
(12, 13)
(12, 12)
(12, 11)
(12, 10)
(12, 9)
(13, 9)
(14, 9)
(14, 8)
(14, 7)
(14, 6)
(14, 5)
(15, 5)
(16, 5)
kaikki ok
Reitin pituus: 11
(4, 13)
(4, 14)
(4, 15)
(5, 15)
(6, 15)
(6, 16)
(6, 17)
(7, 17)
(8, 17)
(8, 18)
(8, 19)
(7, 19)
kaikki ok
Reitin pituus: 1
(12, 16)
(12, 15)
kaikki ok
Reitin pituus: 4
(9, 19)
(10, 19)
(10, 18)
(10, 17)
(11, 17)
kaikki ok
Reitin pituus: 3
(3, 19)
(4, 19)
(5, 19)
(6, 19)
kaikki ok
Reitin pituus: 20
(17, 19)
(17, 18)
(17, 17)
(16, 17)
(15, 17)
(14, 17)
(14, 16)
(14, 15)
(13, 15)
(12, 15)
(11, 15)
(10, 15)
(9, 15)
(8, 15)
(7, 15)
(6, 15)
(5, 15)
(4, 15)
(4, 14)
(4, 13)
(4, 12)
kaikki ok
Reitin pituus: 19
(6, 3)
(6, 4)
(6, 5)
(7, 5)
(8, 5)
(8, 6)
(8, 7)
(9, 7)
(10, 7)
(11, 7)
(12, 7)
(12, 8)
(12, 9)
(12, 10)
(12, 11)
(12, 12)
(12, 13)
(11, 13)
(10, 13)
(10, 14)
kaikki ok
Reitin pituus: 9
(6, 3)
(5, 3)
(4, 3)
(4, 4)
(4, 5)
(4, 6)
(4, 7)
(4, 8)
(4, 9)
(5, 9)
kaikki ok
Reitin pituus: 13
(3, 19)
(2, 19)
(1, 19)
(1, 18)
(1, 17)
(2, 17)
(3, 17)
(4, 17)
(4, 16)
(4, 15)
(4, 14)
(4, 13)
(4, 12)
(4, 11)
kaikki ok
Reitin pituus: 26
(8, 17)
(7, 17)
(6, 17)
(6, 16)
(6, 15)
(5, 15)
(4, 15)
(4, 14)
(4, 13)
(4, 12)
(4, 11)
(4, 10)
(4, 9)
(4, 8)
(4, 7)
(4, 6)
(4, 5)
(4, 4)
(4, 3)
(5, 3)
(6, 3)
(7, 3)
(8, 3)
(9, 3)
(10, 3)
(10, 2)
(10, 1)
kaikki ok
Reitin pituus: 8
(11, 3)
(10, 3)
(9, 3)
(8, 3)
(7, 3)
(6, 3)
(5, 3)
(4, 3)
(4, 2)
kaikki ok
Reitin pituus: 22
(1, 3)
(2, 3)
(3, 3)
(4, 3)
(4, 4)
(4, 5)
(4, 6)
(4, 7)
(4, 8)
(4, 9)
(4, 10)
(4, 11)
(4, 12)
(4, 13)
(4, 14)
(4, 15)
(5, 15)
(6, 15)
(7, 15)
(8, 15)
(9, 15)
(10, 15)
(11, 15)
kaikki ok
Reitin pituus: 13
(7, 11)
(6, 11)
(6, 10)
(6, 9)
(5, 9)
(4, 9)
(4, 8)
(4, 7)
(4, 6)
(4, 5)
(3, 5)
(2, 5)
(1, 5)
(1, 4)
kaikki ok
Reitin pituus: 18
(17, 13)
(16, 13)
(15, 13)
(14, 13)
(14, 12)
(14, 11)
(14, 10)
(14, 9)
(14, 8)
(14, 7)
(14, 6)
(14, 5)
(14, 4)
(14, 3)
(13, 3)
(12, 3)
(11, 3)
(10, 3)
(9, 3)
kaikki ok
Reitin pituus: 24
(2, 15)
(1, 15)
(1, 14)
(1, 13)
(2, 13)
(3, 13)
(4, 13)
(5, 13)
(6, 13)
(6, 12)
(6, 11)
(7, 11)
(8, 11)
(9, 11)
(10, 11)
(11, 11)
(12, 11)
(12, 10)
(12, 9)
(13, 9)
(14, 9)
(14, 8)
(14, 7)
(14, 6)
(14, 5)
kaikki ok
Reitin pituus: 14
(4, 3)
(5, 3)
(6, 3)
(7, 3)
(8, 3)
(9, 3)
(10, 3)
(11, 3)
(12, 3)
(13, 3)
(14, 3)
(14, 4)
(14, 5)
(14, 6)
(14, 7)
kaikki ok
Reitin pituus: 6
(12, 11)
(11, 11)
(10, 11)
(9, 11)
(8, 11)
(7, 11)
(6, 11)
kaikki ok
Reitin pituus: 11
(8, 11)
(7, 11)
(6, 11)
(6, 12)
(6, 13)
(7, 13)
(8, 13)
(8, 14)
(8, 15)
(7, 15)
(6, 15)
(6, 16)
kaikki ok
Reitin pituus: 15
(1, 2)
(1, 3)
(2, 3)
(3, 3)
(4, 3)
(5, 3)
(6, 3)
(7, 3)
(8, 3)
(9, 3)
(10, 3)
(10, 2)
(10, 1)
(11, 1)
(12, 1)
(13, 1)
kaikki ok
Reitin pituus: 14
(8, 13)
(8, 14)
(8, 15)
(9, 15)
(10, 15)
(11, 15)
(12, 15)
(13, 15)
(14, 15)
(14, 16)
(14, 17)
(15, 17)
(16, 17)
(16, 16)
(16, 15)
kaikki ok
Reitin pituus: 7
(14, 14)
(14, 15)
(13, 15)
(12, 15)
(12, 16)
(12, 17)
(11, 17)
(10, 17)
kaikki ok
Reitin pituus: 16
(7, 15)
(6, 15)
(5, 15)
(4, 15)
(4, 14)
(4, 13)
(4, 12)
(4, 11)
(4, 10)
(4, 9)
(4, 8)
(4, 7)
(4, 6)
(4, 5)
(4, 4)
(4, 3)
(4, 2)
kaikki ok
Reitin pituus: 11
(12, 9)
(12, 10)
(12, 11)
(12, 12)
(12, 13)
(11, 13)
(10, 13)
(10, 14)
(10, 15)
(9, 15)
(8, 15)
(7, 15)
kaikki ok
Reitin pituus: 14
(15, 1)
(14, 1)
(14, 2)
(14, 3)
(14, 4)
(14, 5)
(14, 6)
(14, 7)
(14, 8)
(14, 9)
(13, 9)
(12, 9)
(12, 10)
(12, 11)
(12, 12)
kaikki ok
Reitin pituus: 22
(8, 18)
(8, 17)
(7, 17)
(6, 17)
(6, 16)
(6, 15)
(5, 15)
(4, 15)
(4, 14)
(4, 13)
(4, 12)
(4, 11)
(4, 10)
(4, 9)
(4, 8)
(4, 7)
(4, 6)
(4, 5)
(4, 4)
(4, 3)
(4, 2)
(4, 1)
(5, 1)
kaikki ok
Reitin pituus: 3
(10, 2)
(10, 3)
(11, 3)
(12, 3)
kaikki ok
Reitin pituus: 4
(12, 7)
(11, 7)
(10, 7)
(10, 6)
(10, 5)
kaikki ok
Reitin pituus: 20
(17, 18)
(17, 17)
(16, 17)
(15, 17)
(14, 17)
(14, 16)
(14, 15)
(13, 15)
(12, 15)
(11, 15)
(10, 15)
(9, 15)
(8, 15)
(8, 14)
(8, 13)
(7, 13)
(6, 13)
(6, 12)
(6, 11)
(6, 10)
(6, 9)
kaikki ok
Reitin pituus: 22
(9, 9)
(9, 8)
(9, 7)
(10, 7)
(11, 7)
(12, 7)
(12, 8)
(12, 9)
(13, 9)
(14, 9)
(14, 10)
(14, 11)
(14, 12)
(14, 13)
(14, 14)
(14, 15)
(14, 16)
(14, 17)
(15, 17)
(16, 17)
(17, 17)
(17, 18)
(17, 19)
kaikki ok
Reitin pituus: 17
(9, 15)
(10, 15)
(10, 14)
(10, 13)
(11, 13)
(12, 13)
(12, 12)
(12, 11)
(12, 10)
(12, 9)
(12, 8)
(12, 7)
(11, 7)
(10, 7)
(10, 6)
(10, 5)
(11, 5)
(12, 5)
kaikki ok
Reitin pituus: 21
(11, 19)
(10, 19)
(10, 18)
(10, 17)
(11, 17)
(12, 17)
(12, 16)
(12, 15)
(13, 15)
(14, 15)
(14, 14)
(14, 13)
(14, 12)
(14, 11)
(14, 10)
(14, 9)
(14, 8)
(14, 7)
(14, 6)
(14, 5)
(14, 4)
(14, 3)
kaikki ok
Reitin pituus: 10
(7, 5)
(8, 5)
(8, 6)
(8, 7)
(9, 7)
(10, 7)
(10, 6)
(10, 5)
(11, 5)
(12, 5)
(12, 4)
kaikki ok
Reitin pituus: 22
(10, 18)
(10, 17)
(11, 17)
(12, 17)
(12, 16)
(12, 15)
(11, 15)
(10, 15)
(10, 14)
(10, 13)
(11, 13)
(12, 13)
(12, 12)
(12, 11)
(12, 10)
(12, 9)
(12, 8)
(12, 7)
(11, 7)
(10, 7)
(10, 6)
(10, 5)
(11, 5)
kaikki ok
Reitin pituus: 5
(5, 1)
(4, 1)
(4, 2)
(4, 3)
(5, 3)
(6, 3)
kaikki ok
Reitin pituus: 6
(7, 11)
(6, 11)
(6, 10)
(6, 9)
(6, 8)
(6, 7)
(7, 7)
kaikki ok
Reitin pituus: 6
(3, 19)
(4, 19)
(5, 19)
(6, 19)
(7, 19)
(8, 19)
(8, 18)
kaikki ok
Reitin pituus: 3
(17, 1)
(16, 1)
(15, 1)
(14, 1)
kaikki ok
Reitin pituus: 33
(17, 1)
(17, 2)
(17, 3)
(17, 4)
(17, 5)
(16, 5)
(15, 5)
(14, 5)
(14, 6)
(14, 7)
(14, 8)
(14, 9)
(14, 10)
(14, 11)
(14, 12)
(14, 13)
(14, 14)
(14, 15)
(13, 15)
(12, 15)
(12, 16)
(12, 17)
(11, 17)
(10, 17)
(10, 18)
(10, 19)
(9, 19)
(8, 19)
(7, 19)
(6, 19)
(5, 19)
(4, 19)
(3, 19)
(2, 19)
kaikki ok
Reitin pituus: 23
(9, 3)
(10, 3)
(11, 3)
(12, 3)
(13, 3)
(14, 3)
(14, 4)
(14, 5)
(14, 6)
(14, 7)
(14, 8)
(14, 9)
(14, 10)
(14, 11)
(14, 12)
(14, 13)
(14, 14)
(14, 15)
(14, 16)
(14, 17)
(15, 17)
(16, 17)
(17, 17)
(17, 18)
kaikki ok
Reitin pituus: 19
(16, 16)
(16, 17)
(15, 17)
(14, 17)
(14, 16)
(14, 15)
(13, 15)
(12, 15)
(11, 15)
(10, 15)
(9, 15)
(8, 15)
(7, 15)
(6, 15)
(5, 15)
(4, 15)
(4, 14)
(4, 13)
(4, 12)
(4, 11)
kaikki ok
Reitin pituus: 7
(9, 15)
(10, 15)
(11, 15)
(12, 15)
(13, 15)
(14, 15)
(14, 14)
(14, 13)
kaikki ok
Reitin pituus: 13
(6, 5)
(7, 5)
(8, 5)
(8, 6)
(8, 7)
(7, 7)
(6, 7)
(6, 8)
(6, 9)
(6, 10)
(6, 11)
(6, 12)
(6, 13)
(5, 13)
kaikki ok
Reitin pituus: 18
(4, 1)
(4, 2)
(4, 3)
(5, 3)
(6, 3)
(6, 4)
(6, 5)
(7, 5)
(8, 5)
(8, 6)
(8, 7)
(9, 7)
(10, 7)
(11, 7)
(12, 7)
(12, 8)
(12, 9)
(12, 10)
(12, 11)
kaikki ok
Reitin pituus: 6
(8, 2)
(8, 3)
(9, 3)
(10, 3)
(11, 3)
(12, 3)
(12, 4)
kaikki ok
Reitin pituus: 15
(17, 13)
(16, 13)
(15, 13)
(14, 13)
(14, 12)
(14, 11)
(14, 10)
(14, 9)
(14, 8)
(14, 7)
(14, 6)
(14, 5)
(15, 5)
(16, 5)
(17, 5)
(17, 4)
kaikki ok
Reitin pituus: 19
(3, 17)
(4, 17)
(4, 16)
(4, 15)
(4, 14)
(4, 13)
(4, 12)
(4, 11)
(4, 10)
(4, 9)
(5, 9)
(6, 9)
(6, 8)
(6, 7)
(7, 7)
(8, 7)
(9, 7)
(9, 8)
(9, 9)
(8, 9)
kaikki ok
Reitin pituus: 10
(10, 3)
(9, 3)
(8, 3)
(7, 3)
(6, 3)
(5, 3)
(4, 3)
(4, 4)
(4, 5)
(4, 6)
(4, 7)
kaikki ok
Reitin pituus: 1
(14, 4)
(14, 3)
kaikki ok
Reitin pituus: 14
(12, 10)
(12, 11)
(11, 11)
(10, 11)
(9, 11)
(8, 11)
(7, 11)
(6, 11)
(6, 10)
(6, 9)
(5, 9)
(4, 9)
(4, 8)
(4, 7)
(4, 6)
kaikki ok
Reitin pituus: 8
(10, 2)
(10, 3)
(9, 3)
(8, 3)
(7, 3)
(6, 3)
(6, 4)
(6, 5)
(7, 5)
kaikki ok
Reitin pituus: 7
(8, 11)
(7, 11)
(6, 11)
(6, 12)
(6, 13)
(5, 13)
(4, 13)
(4, 14)
kaikki ok
Reitin pituus: 19
(8, 11)
(9, 11)
(10, 11)
(11, 11)
(12, 11)
(12, 10)
(12, 9)
(13, 9)
(14, 9)
(14, 8)
(14, 7)
(14, 6)
(14, 5)
(14, 4)
(14, 3)
(14, 2)
(14, 1)
(15, 1)
(16, 1)
(17, 1)
kaikki ok
Reitin pituus: 16
(3, 19)
(2, 19)
(1, 19)
(1, 18)
(1, 17)
(2, 17)
(3, 17)
(4, 17)
(4, 16)
(4, 15)
(4, 14)
(4, 13)
(4, 12)
(4, 11)
(4, 10)
(4, 9)
(4, 8)
kaikki ok
Reitin pituus: 9
(16, 5)
(15, 5)
(14, 5)
(14, 6)
(14, 7)
(14, 8)
(14, 9)
(14, 10)
(14, 11)
(14, 12)
kaikki ok
Reitin pituus: 12
(2, 16)
(2, 17)
(3, 17)
(4, 17)
(4, 16)
(4, 15)
(5, 15)
(6, 15)
(6, 16)
(6, 17)
(7, 17)
(8, 17)
(8, 18)
kaikki ok
Reitin pituus: 27
(17, 13)
(16, 13)
(15, 13)
(14, 13)
(14, 12)
(14, 11)
(14, 10)
(14, 9)
(14, 8)
(14, 7)
(14, 6)
(14, 5)
(14, 4)
(14, 3)
(13, 3)
(12, 3)
(11, 3)
(10, 3)
(9, 3)
(8, 3)
(8, 2)
(8, 1)
(7, 1)
(6, 1)
(5, 1)
(4, 1)
(3, 1)
(2, 1)
kaikki ok
Reitin pituus: 15
(5, 15)
(6, 15)
(7, 15)
(8, 15)
(9, 15)
(10, 15)
(11, 15)
(12, 15)
(13, 15)
(14, 15)
(14, 16)
(14, 17)
(15, 17)
(16, 17)
(16, 16)
(16, 15)
kaikki ok
Reitin pituus: 16
(5, 15)
(6, 15)
(6, 16)
(6, 17)
(7, 17)
(8, 17)
(8, 18)
(8, 19)
(9, 19)
(10, 19)
(11, 19)
(12, 19)
(13, 19)
(14, 19)
(15, 19)
(16, 19)
(17, 19)
kaikki ok
Reitin pituus: 21
(4, 4)
(4, 5)
(4, 6)
(4, 7)
(4, 8)
(4, 9)
(5, 9)
(6, 9)
(6, 10)
(6, 11)
(6, 12)
(6, 13)
(7, 13)
(8, 13)
(8, 14)
(8, 15)
(9, 15)
(10, 15)
(11, 15)
(12, 15)
(12, 16)
(12, 17)
kaikki ok
Reitin pituus: 9
(10, 7)
(10, 6)
(10, 5)
(11, 5)
(12, 5)
(12, 4)
(12, 3)
(11, 3)
(10, 3)
(9, 3)
kaikki ok
Reitin pituus: 23
(6, 1)
(5, 1)
(4, 1)
(4, 2)
(4, 3)
(4, 4)
(4, 5)
(4, 6)
(4, 7)
(4, 8)
(4, 9)
(4, 10)
(4, 11)
(4, 12)
(4, 13)
(4, 14)
(4, 15)
(5, 15)
(6, 15)
(6, 16)
(6, 17)
(7, 17)
(8, 17)
(8, 18)
kaikki ok
Reitin pituus: 2
(1, 17)
(2, 17)
(3, 17)
kaikki ok
Reitin pituus: 11
(10, 11)
(9, 11)
(8, 11)
(7, 11)
(6, 11)
(6, 12)
(6, 13)
(5, 13)
(4, 13)
(3, 13)
(2, 13)
(1, 13)
kaikki ok
Reitin pituus: 7
(1, 1)
(2, 1)
(3, 1)
(4, 1)
(5, 1)
(6, 1)
(7, 1)
(8, 1)
kaikki ok
Reitin pituus: 7
(6, 15)
(6, 16)
(6, 17)
(7, 17)
(8, 17)
(8, 18)
(8, 19)
(9, 19)
kaikki ok
Reitin pituus: 9
(10, 9)
(9, 9)
(9, 8)
(9, 7)
(8, 7)
(7, 7)
(6, 7)
(6, 8)
(6, 9)
(6, 10)
kaikki ok
Reitin pituus: 10
(16, 13)
(15, 13)
(14, 13)
(14, 12)
(14, 11)
(14, 10)
(14, 9)
(14, 8)
(14, 7)
(14, 6)
(14, 5)
kaikki ok
Reitin pituus: 7
(4, 19)
(3, 19)
(2, 19)
(1, 19)
(1, 18)
(1, 17)
(2, 17)
(2, 16)
kaikki ok
Reitin pituus: 24
(10, 9)
(9, 9)
(9, 8)
(9, 7)
(8, 7)
(7, 7)
(6, 7)
(6, 8)
(6, 9)
(6, 10)
(6, 11)
(6, 12)
(6, 13)
(5, 13)
(4, 13)
(4, 14)
(4, 15)
(4, 16)
(4, 17)
(3, 17)
(2, 17)
(1, 17)
(1, 18)
(1, 19)
(2, 19)
kaikki ok
Reitin pituus: 6
(5, 19)
(6, 19)
(7, 19)
(8, 19)
(9, 19)
(10, 19)
(11, 19)
kaikki ok
Reitin pituus: 23
(1, 18)
(1, 17)
(2, 17)
(3, 17)
(4, 17)
(4, 16)
(4, 15)
(4, 14)
(4, 13)
(4, 12)
(4, 11)
(4, 10)
(4, 9)
(4, 8)
(4, 7)
(4, 6)
(4, 5)
(4, 4)
(4, 3)
(5, 3)
(6, 3)
(7, 3)
(8, 3)
(8, 2)
kaikki ok
Reitin pituus: 22
(3, 3)
(4, 3)
(4, 4)
(4, 5)
(4, 6)
(4, 7)
(4, 8)
(4, 9)
(4, 10)
(4, 11)
(4, 12)
(4, 13)
(5, 13)
(6, 13)
(7, 13)
(8, 13)
(8, 14)
(8, 15)
(9, 15)
(10, 15)
(11, 15)
(12, 15)
(13, 15)
kaikki ok
Reitin pituus: 7
(13, 9)
(12, 9)
(12, 8)
(12, 7)
(11, 7)
(10, 7)
(9, 7)
(9, 8)
kaikki ok
Reitin pituus: 9
(13, 13)
(14, 13)
(14, 14)
(14, 15)
(14, 16)
(14, 17)
(15, 17)
(16, 17)
(17, 17)
(17, 18)
kaikki ok
Reitin pituus: 24
(3, 19)
(2, 19)
(1, 19)
(1, 18)
(1, 17)
(2, 17)
(3, 17)
(4, 17)
(4, 16)
(4, 15)
(4, 14)
(4, 13)
(4, 12)
(4, 11)
(4, 10)
(4, 9)
(5, 9)
(6, 9)
(6, 8)
(6, 7)
(7, 7)
(8, 7)
(8, 6)
(8, 5)
(7, 5)
kaikki ok
Reitin pituus: 20
(15, 17)
(14, 17)
(14, 16)
(14, 15)
(14, 14)
(14, 13)
(14, 12)
(14, 11)
(14, 10)
(14, 9)
(14, 8)
(14, 7)
(14, 6)
(14, 5)
(14, 4)
(14, 3)
(13, 3)
(12, 3)
(11, 3)
(10, 3)
(10, 2)
kaikki ok
Reitin pituus: 16
(9, 19)
(10, 19)
(10, 18)
(10, 17)
(11, 17)
(12, 17)
(12, 16)
(12, 15)
(11, 15)
(10, 15)
(10, 14)
(10, 13)
(11, 13)
(12, 13)
(12, 12)
(12, 11)
(11, 11)
kaikki ok
Reitin pituus: 12
(9, 9)
(9, 8)
(9, 7)
(8, 7)
(7, 7)
(6, 7)
(6, 8)
(6, 9)
(6, 10)
(6, 11)
(7, 11)
(8, 11)
(9, 11)
kaikki ok
Reitin pituus: 0
(7, 19)
kaikki ok
Reitin pituus: 7
(14, 16)
(14, 15)
(14, 14)
(14, 13)
(15, 13)
(16, 13)
(17, 13)
(17, 14)
kaikki ok
Reitin pituus: 16
(16, 19)
(17, 19)
(17, 18)
(17, 17)
(16, 17)
(15, 17)
(14, 17)
(14, 16)
(14, 15)
(14, 14)
(14, 13)
(13, 13)
(12, 13)
(12, 12)
(12, 11)
(12, 10)
(12, 9)
kaikki ok
Reitin pituus: 6
(11, 13)
(12, 13)
(13, 13)
(14, 13)
(14, 12)
(14, 11)
(14, 10)
kaikki ok
Reitin pituus: 14
(5, 19)
(6, 19)
(7, 19)
(8, 19)
(8, 18)
(8, 17)
(7, 17)
(6, 17)
(6, 16)
(6, 15)
(5, 15)
(4, 15)
(4, 14)
(4, 13)
(4, 12)
kaikki ok
Reitin pituus: 8
(10, 6)
(10, 5)
(11, 5)
(12, 5)
(12, 4)
(12, 3)
(13, 3)
(14, 3)
(14, 4)
kaikki ok
Reitin pituus: 6
(14, 11)
(14, 10)
(14, 9)
(13, 9)
(12, 9)
(12, 8)
(12, 7)
kaikki ok
Reitin pituus: 16
(4, 2)
(4, 3)
(4, 4)
(4, 5)
(4, 6)
(4, 7)
(4, 8)
(4, 9)
(4, 10)
(4, 11)
(4, 12)
(4, 13)
(4, 14)
(4, 15)
(5, 15)
(6, 15)
(6, 16)
kaikki ok
Reitin pituus: 16
(4, 12)
(4, 13)
(4, 14)
(4, 15)
(5, 15)
(6, 15)
(6, 16)
(6, 17)
(7, 17)
(8, 17)
(8, 18)
(8, 19)
(9, 19)
(10, 19)
(11, 19)
(12, 19)
(13, 19)
kaikki ok
Reitin pituus: 10
(10, 13)
(10, 14)
(10, 15)
(9, 15)
(8, 15)
(8, 14)
(8, 13)
(7, 13)
(6, 13)
(6, 12)
(6, 11)
kaikki ok
Reitin pituus: 10
(10, 7)
(9, 7)
(8, 7)
(7, 7)
(6, 7)
(6, 8)
(6, 9)
(5, 9)
(4, 9)
(4, 8)
(4, 7)
kaikki ok
Reitin pituus: 12
(14, 15)
(14, 14)
(14, 13)
(13, 13)
(12, 13)
(12, 12)
(12, 11)
(12, 10)
(12, 9)
(12, 8)
(12, 7)
(11, 7)
(10, 7)
kaikki ok
Reitin pituus: 8
(5, 9)
(4, 9)
(4, 8)
(4, 7)
(4, 6)
(4, 5)
(3, 5)
(2, 5)
(1, 5)
kaikki ok
Reitin pituus: 21
(6, 3)
(5, 3)
(4, 3)
(4, 4)
(4, 5)
(4, 6)
(4, 7)
(4, 8)
(4, 9)
(4, 10)
(4, 11)
(4, 12)
(4, 13)
(4, 14)
(4, 15)
(5, 15)
(6, 15)
(7, 15)
(8, 15)
(9, 15)
(10, 15)
(11, 15)
kaikki ok
Reitin pituus: 17
(6, 5)
(7, 5)
(8, 5)
(8, 6)
(8, 7)
(7, 7)
(6, 7)
(6, 8)
(6, 9)
(5, 9)
(4, 9)
(4, 10)
(4, 11)
(4, 12)
(4, 13)
(4, 14)
(4, 15)
(5, 15)
kaikki ok
Reitin pituus: 9
(6, 1)
(7, 1)
(8, 1)
(8, 2)
(8, 3)
(9, 3)
(10, 3)
(11, 3)
(12, 3)
(13, 3)
kaikki ok
Reitin pituus: 8
(15, 17)
(14, 17)
(14, 16)
(14, 15)
(13, 15)
(12, 15)
(11, 15)
(10, 15)
(10, 14)
kaikki ok
Reitin pituus: 3
(1, 1)
(1, 2)
(1, 3)
(1, 4)
kaikki ok
Reitin pituus: 21
(14, 10)
(14, 9)
(13, 9)
(12, 9)
(12, 8)
(12, 7)
(11, 7)
(10, 7)
(9, 7)
(8, 7)
(8, 6)
(8, 5)
(7, 5)
(6, 5)
(6, 4)
(6, 3)
(5, 3)
(4, 3)
(3, 3)
(2, 3)
(1, 3)
(1, 2)
kaikki ok
Reitin pituus: 23
(1, 5)
(2, 5)
(3, 5)
(4, 5)
(4, 6)
(4, 7)
(4, 8)
(4, 9)
(4, 10)
(4, 11)
(4, 12)
(4, 13)
(4, 14)
(4, 15)
(5, 15)
(6, 15)
(6, 16)
(6, 17)
(7, 17)
(8, 17)
(8, 18)
(8, 19)
(9, 19)
(10, 19)
kaikki ok
Reitin pituus: 10
(13, 15)
(12, 15)
(11, 15)
(10, 15)
(9, 15)
(8, 15)
(8, 14)
(8, 13)
(7, 13)
(6, 13)
(6, 12)
kaikki ok
Reitin pituus: 0
(14, 8)
kaikki ok
Reitin pituus: 7
(14, 3)
(14, 4)
(14, 5)
(14, 6)
(14, 7)
(14, 8)
(14, 9)
(14, 10)
kaikki ok
Reitin pituus: 14
(12, 17)
(12, 16)
(12, 15)
(11, 15)
(10, 15)
(10, 14)
(10, 13)
(11, 13)
(12, 13)
(12, 12)
(12, 11)
(11, 11)
(10, 11)
(9, 11)
(8, 11)
kaikki ok
Reitin pituus: 18
(17, 14)
(17, 13)
(16, 13)
(15, 13)
(14, 13)
(13, 13)
(12, 13)
(12, 12)
(12, 11)
(12, 10)
(12, 9)
(12, 8)
(12, 7)
(11, 7)
(10, 7)
(9, 7)
(8, 7)
(8, 6)
(8, 5)
kaikki ok
Reitin pituus: 19
(9, 15)
(10, 15)
(10, 14)
(10, 13)
(11, 13)
(12, 13)
(12, 12)
(12, 11)
(12, 10)
(12, 9)
(13, 9)
(14, 9)
(14, 8)
(14, 7)
(14, 6)
(14, 5)
(14, 4)
(14, 3)
(13, 3)
(12, 3)
kaikki ok
Reitin pituus: 15
(5, 9)
(6, 9)
(6, 8)
(6, 7)
(7, 7)
(8, 7)
(9, 7)
(10, 7)
(10, 6)
(10, 5)
(11, 5)
(12, 5)
(12, 4)
(12, 3)
(13, 3)
(14, 3)
kaikki ok
Reitin pituus: 25
(4, 14)
(4, 13)
(5, 13)
(6, 13)
(6, 12)
(6, 11)
(7, 11)
(8, 11)
(9, 11)
(10, 11)
(11, 11)
(12, 11)
(12, 10)
(12, 9)
(13, 9)
(14, 9)
(14, 8)
(14, 7)
(14, 6)
(14, 5)
(14, 4)
(14, 3)
(15, 3)
(16, 3)
(17, 3)
(17, 2)
kaikki ok
Reitin pituus: 0
(7, 5)
kaikki ok
Reitin pituus: 15
(4, 2)
(4, 3)
(5, 3)
(6, 3)
(7, 3)
(8, 3)
(9, 3)
(10, 3)
(11, 3)
(12, 3)
(13, 3)
(14, 3)
(14, 2)
(14, 1)
(15, 1)
(16, 1)
kaikki ok
Reitin pituus: 18
(10, 3)
(11, 3)
(12, 3)
(12, 4)
(12, 5)
(11, 5)
(10, 5)
(10, 6)
(10, 7)
(11, 7)
(12, 7)
(12, 8)
(12, 9)
(12, 10)
(12, 11)
(12, 12)
(12, 13)
(11, 13)
(10, 13)
kaikki ok
Reitin pituus: 18
(1, 4)
(1, 3)
(2, 3)
(3, 3)
(4, 3)
(5, 3)
(6, 3)
(6, 4)
(6, 5)
(7, 5)
(8, 5)
(8, 6)
(8, 7)
(9, 7)
(10, 7)
(11, 7)
(12, 7)
(12, 8)
(12, 9)
kaikki ok
Reitin pituus: 6
(7, 15)
(6, 15)
(6, 16)
(6, 17)
(7, 17)
(8, 17)
(8, 18)
kaikki ok
Reitin pituus: 12
(11, 7)
(12, 7)
(12, 8)
(12, 9)
(12, 10)
(12, 11)
(12, 12)
(12, 13)
(11, 13)
(10, 13)
(10, 14)
(10, 15)
(9, 15)
kaikki ok
Reitin pituus: 14
(1, 5)
(1, 4)
(1, 3)
(2, 3)
(3, 3)
(4, 3)
(5, 3)
(6, 3)
(7, 3)
(8, 3)
(9, 3)
(10, 3)
(10, 2)
(10, 1)
(11, 1)
kaikki ok
Reitin pituus: 11
(13, 3)
(12, 3)
(11, 3)
(10, 3)
(9, 3)
(8, 3)
(7, 3)
(6, 3)
(6, 4)
(6, 5)
(7, 5)
(8, 5)
kaikki ok
Reitin pituus: 16
(4, 3)
(5, 3)
(6, 3)
(6, 4)
(6, 5)
(7, 5)
(8, 5)
(8, 6)
(8, 7)
(9, 7)
(10, 7)
(11, 7)
(12, 7)
(12, 8)
(12, 9)
(12, 10)
(12, 11)
kaikki ok
Reitin pituus: 20
(17, 15)
(16, 15)
(16, 16)
(16, 17)
(15, 17)
(14, 17)
(14, 16)
(14, 15)
(13, 15)
(12, 15)
(11, 15)
(10, 15)
(9, 15)
(8, 15)
(7, 15)
(6, 15)
(5, 15)
(4, 15)
(4, 14)
(4, 13)
(3, 13)
kaikki ok
Reitin pituus: 18
(17, 15)
(17, 14)
(17, 13)
(16, 13)
(15, 13)
(14, 13)
(13, 13)
(12, 13)
(12, 12)
(12, 11)
(12, 10)
(12, 9)
(12, 8)
(12, 7)
(11, 7)
(10, 7)
(9, 7)
(9, 8)
(9, 9)
kaikki ok
Reitin pituus: 14
(4, 6)
(4, 7)
(4, 8)
(4, 9)
(4, 10)
(4, 11)
(4, 12)
(4, 13)
(4, 14)
(4, 15)
(4, 16)
(4, 17)
(3, 17)
(2, 17)
(1, 17)
kaikki ok
Reitin pituus: 10
(15, 5)
(14, 5)
(14, 6)
(14, 7)
(14, 8)
(14, 9)
(13, 9)
(12, 9)
(12, 10)
(12, 11)
(12, 12)
kaikki ok
Reitin pituus: 24
(16, 5)
(15, 5)
(14, 5)
(14, 6)
(14, 7)
(14, 8)
(14, 9)
(14, 10)
(14, 11)
(14, 12)
(14, 13)
(14, 14)
(14, 15)
(13, 15)
(12, 15)
(12, 16)
(12, 17)
(11, 17)
(10, 17)
(10, 18)
(10, 19)
(9, 19)
(8, 19)
(7, 19)
(6, 19)
kaikki ok
Reitin pituus: 4
(10, 14)
(10, 15)
(11, 15)
(12, 15)
(13, 15)
kaikki ok
Reitin pituus: 18
(11, 15)
(12, 15)
(13, 15)
(14, 15)
(14, 14)
(14, 13)
(14, 12)
(14, 11)
(14, 10)
(14, 9)
(14, 8)
(14, 7)
(14, 6)
(14, 5)
(14, 4)
(14, 3)
(14, 2)
(14, 1)
(15, 1)
kaikki ok
Reitin pituus: 10
(15, 13)
(14, 13)
(13, 13)
(12, 13)
(12, 12)
(12, 11)
(11, 11)
(10, 11)
(9, 11)
(8, 11)
(7, 11)
kaikki ok
Reitin pituus: 19
(10, 18)
(10, 17)
(11, 17)
(12, 17)
(12, 16)
(12, 15)
(13, 15)
(14, 15)
(14, 14)
(14, 13)
(14, 12)
(14, 11)
(14, 10)
(14, 9)
(14, 8)
(14, 7)
(14, 6)
(14, 5)
(14, 4)
(14, 3)
kaikki ok
Reitin pituus: 22
(11, 19)
(10, 19)
(10, 18)
(10, 17)
(11, 17)
(12, 17)
(12, 16)
(12, 15)
(13, 15)
(14, 15)
(14, 14)
(14, 13)
(14, 12)
(14, 11)
(14, 10)
(14, 9)
(14, 8)
(14, 7)
(14, 6)
(14, 5)
(15, 5)
(16, 5)
(17, 5)
kaikki ok
Reitin pituus: 12
(6, 5)
(6, 4)
(6, 3)
(7, 3)
(8, 3)
(9, 3)
(10, 3)
(11, 3)
(12, 3)
(13, 3)
(14, 3)
(15, 3)
(16, 3)
kaikki ok
Reitin pituus: 11
(14, 11)
(14, 10)
(14, 9)
(13, 9)
(12, 9)
(12, 8)
(12, 7)
(11, 7)
(10, 7)
(9, 7)
(8, 7)
(8, 6)
kaikki ok
Reitin pituus: 30
(6, 19)
(7, 19)
(8, 19)
(9, 19)
(10, 19)
(10, 18)
(10, 17)
(11, 17)
(12, 17)
(12, 16)
(12, 15)
(13, 15)
(14, 15)
(14, 14)
(14, 13)
(14, 12)
(14, 11)
(14, 10)
(14, 9)
(14, 8)
(14, 7)
(14, 6)
(14, 5)
(14, 4)
(14, 3)
(14, 2)
(14, 1)
(13, 1)
(12, 1)
(11, 1)
(10, 1)
kaikki ok
Reitin pituus: 9
(9, 15)
(8, 15)
(8, 14)
(8, 13)
(7, 13)
(6, 13)
(6, 12)
(6, 11)
(7, 11)
(8, 11)
kaikki ok
Reitin pituus: 19
(17, 2)
(17, 3)
(17, 4)
(17, 5)
(16, 5)
(15, 5)
(14, 5)
(14, 6)
(14, 7)
(14, 8)
(14, 9)
(13, 9)
(12, 9)
(12, 10)
(12, 11)
(12, 12)
(12, 13)
(11, 13)
(10, 13)
(10, 14)
kaikki ok
Reitin pituus: 24
(7, 1)
(6, 1)
(5, 1)
(4, 1)
(4, 2)
(4, 3)
(4, 4)
(4, 5)
(4, 6)
(4, 7)
(4, 8)
(4, 9)
(4, 10)
(4, 11)
(4, 12)
(4, 13)
(4, 14)
(4, 15)
(4, 16)
(4, 17)
(3, 17)
(2, 17)
(1, 17)
(1, 18)
(1, 19)
kaikki ok
Reitin pituus: 3
(4, 4)
(4, 3)
(5, 3)
(6, 3)
kaikki ok
Reitin pituus: 28
(1, 14)
(1, 13)
(2, 13)
(3, 13)
(4, 13)
(4, 12)
(4, 11)
(4, 10)
(4, 9)
(4, 8)
(4, 7)
(4, 6)
(4, 5)
(4, 4)
(4, 3)
(5, 3)
(6, 3)
(7, 3)
(8, 3)
(9, 3)
(10, 3)
(10, 2)
(10, 1)
(11, 1)
(12, 1)
(13, 1)
(14, 1)
(15, 1)
(16, 1)
kaikki ok
Reitin pituus: 10
(2, 3)
(3, 3)
(4, 3)
(5, 3)
(6, 3)
(7, 3)
(8, 3)
(9, 3)
(10, 3)
(10, 2)
(10, 1)
kaikki ok
Reitin pituus: 17
(17, 2)
(17, 3)
(17, 4)
(17, 5)
(16, 5)
(15, 5)
(14, 5)
(14, 6)
(14, 7)
(14, 8)
(14, 9)
(14, 10)
(14, 11)
(14, 12)
(14, 13)
(14, 14)
(14, 15)
(13, 15)
kaikki ok
Reitin pituus: 8
(9, 9)
(9, 8)
(9, 7)
(8, 7)
(7, 7)
(6, 7)
(6, 8)
(6, 9)
(6, 10)
kaikki ok
Reitin pituus: 15
(14, 15)
(13, 15)
(12, 15)
(11, 15)
(10, 15)
(9, 15)
(8, 15)
(7, 15)
(6, 15)
(5, 15)
(4, 15)
(4, 16)
(4, 17)
(3, 17)
(2, 17)
(1, 17)
kaikki ok
Reitin pituus: 17
(4, 11)
(4, 10)
(4, 9)
(4, 8)
(4, 7)
(4, 6)
(4, 5)
(4, 4)
(4, 3)
(5, 3)
(6, 3)
(7, 3)
(8, 3)
(9, 3)
(10, 3)
(10, 2)
(10, 1)
(11, 1)
kaikki ok
Reitin pituus: 13
(2, 1)
(3, 1)
(4, 1)
(5, 1)
(6, 1)
(7, 1)
(8, 1)
(8, 2)
(8, 3)
(9, 3)
(10, 3)
(10, 2)
(10, 1)
(11, 1)
kaikki ok
Reitin pituus: 26
(11, 3)
(12, 3)
(13, 3)
(14, 3)
(14, 4)
(14, 5)
(14, 6)
(14, 7)
(14, 8)
(14, 9)
(14, 10)
(14, 11)
(14, 12)
(14, 13)
(14, 14)
(14, 15)
(14, 16)
(14, 17)
(15, 17)
(16, 17)
(17, 17)
(17, 18)
(17, 19)
(16, 19)
(15, 19)
(14, 19)
(13, 19)
kaikki ok
Reitin pituus: 4
(1, 1)
(1, 2)
(1, 3)
(2, 3)
(3, 3)
kaikki ok
Reitin pituus: 3
(14, 5)
(15, 5)
(16, 5)
(17, 5)
kaikki ok
Reitin pituus: 22
(12, 16)
(12, 15)
(11, 15)
(10, 15)
(9, 15)
(8, 15)
(8, 14)
(8, 13)
(7, 13)
(6, 13)
(5, 13)
(4, 13)
(4, 12)
(4, 11)
(4, 10)
(4, 9)
(4, 8)
(4, 7)
(4, 6)
(4, 5)
(4, 4)
(4, 3)
(5, 3)
kaikki ok
Reitin pituus: 4
(6, 7)
(7, 7)
(8, 7)
(9, 7)
(10, 7)
kaikki ok
Reitin pituus: 14
(14, 14)
(14, 13)
(14, 12)
(14, 11)
(14, 10)
(14, 9)
(14, 8)
(14, 7)
(14, 6)
(14, 5)
(14, 4)
(14, 3)
(13, 3)
(12, 3)
(12, 4)
kaikki ok
Reitin pituus: 15
(14, 12)
(14, 11)
(14, 10)
(14, 9)
(14, 8)
(14, 7)
(14, 6)
(14, 5)
(14, 4)
(14, 3)
(13, 3)
(12, 3)
(11, 3)
(10, 3)
(9, 3)
(8, 3)
kaikki ok
Reitin pituus: 14
(4, 13)
(4, 14)
(4, 15)
(5, 15)
(6, 15)
(6, 16)
(6, 17)
(7, 17)
(8, 17)
(8, 18)
(8, 19)
(9, 19)
(10, 19)
(11, 19)
(12, 19)
kaikki ok
Reitin pituus: 15
(17, 2)
(17, 3)
(17, 4)
(17, 5)
(16, 5)
(15, 5)
(14, 5)
(14, 6)
(14, 7)
(14, 8)
(14, 9)
(14, 10)
(14, 11)
(14, 12)
(14, 13)
(14, 14)
kaikki ok
Reitin pituus: 8
(5, 13)
(6, 13)
(6, 12)
(6, 11)
(7, 11)
(8, 11)
(9, 11)
(10, 11)
(11, 11)
kaikki ok
Reitin pituus: 10
(8, 3)
(9, 3)
(10, 3)
(11, 3)
(12, 3)
(12, 4)
(12, 5)
(11, 5)
(10, 5)
(10, 6)
(10, 7)
kaikki ok
Reitin pituus: 6
(12, 5)
(11, 5)
(10, 5)
(10, 6)
(10, 7)
(11, 7)
(12, 7)
kaikki ok
Reitin pituus: 27
(2, 3)
(3, 3)
(4, 3)
(5, 3)
(6, 3)
(6, 4)
(6, 5)
(7, 5)
(8, 5)
(8, 6)
(8, 7)
(9, 7)
(10, 7)
(11, 7)
(12, 7)
(12, 8)
(12, 9)
(12, 10)
(12, 11)
(12, 12)
(12, 13)
(13, 13)
(14, 13)
(15, 13)
(16, 13)
(17, 13)
(17, 14)
(17, 15)
kaikki ok
Reitin pituus: 3
(3, 1)
(2, 1)
(1, 1)
(1, 2)
kaikki ok
Reitin pituus: 14
(8, 11)
(9, 11)
(10, 11)
(11, 11)
(12, 11)
(12, 12)
(12, 13)
(13, 13)
(14, 13)
(15, 13)
(16, 13)
(17, 13)
(17, 14)
(17, 15)
(16, 15)
kaikki ok
Reitin pituus: 14
(5, 1)
(4, 1)
(4, 2)
(4, 3)
(4, 4)
(4, 5)
(4, 6)
(4, 7)
(4, 8)
(4, 9)
(5, 9)
(6, 9)
(6, 10)
(6, 11)
(6, 12)
kaikki ok
Reitin pituus: 19
(13, 9)
(12, 9)
(12, 10)
(12, 11)
(11, 11)
(10, 11)
(9, 11)
(8, 11)
(7, 11)
(6, 11)
(6, 10)
(6, 9)
(5, 9)
(4, 9)
(4, 8)
(4, 7)
(4, 6)
(4, 5)
(3, 5)
(2, 5)
kaikki ok
Reitin pituus: 21
(12, 17)
(12, 16)
(12, 15)
(13, 15)
(14, 15)
(14, 14)
(14, 13)
(14, 12)
(14, 11)
(14, 10)
(14, 9)
(14, 8)
(14, 7)
(14, 6)
(14, 5)
(14, 4)
(14, 3)
(14, 2)
(14, 1)
(15, 1)
(16, 1)
(17, 1)
kaikki ok
Reitin pituus: 8
(6, 5)
(6, 4)
(6, 3)
(5, 3)
(4, 3)
(4, 2)
(4, 1)
(3, 1)
(2, 1)
kaikki ok
Reitin pituus: 7
(7, 3)
(6, 3)
(5, 3)
(4, 3)
(4, 4)
(4, 5)
(3, 5)
(2, 5)
kaikki ok
Reitin pituus: 2
(9, 7)
(8, 7)
(8, 6)
kaikki ok
Reitin pituus: 5
(2, 19)
(1, 19)
(1, 18)
(1, 17)
(2, 17)
(2, 16)
kaikki ok
Reitin pituus: 11
(16, 1)
(15, 1)
(14, 1)
(14, 2)
(14, 3)
(14, 4)
(14, 5)
(14, 6)
(14, 7)
(14, 8)
(14, 9)
(14, 10)
kaikki ok
Reitin pituus: 6
(12, 10)
(12, 9)
(12, 8)
(12, 7)
(11, 7)
(10, 7)
(9, 7)
kaikki ok
Reitin pituus: 17
(11, 15)
(10, 15)
(9, 15)
(8, 15)
(8, 14)
(8, 13)
(7, 13)
(6, 13)
(6, 12)
(6, 11)
(6, 10)
(6, 9)
(5, 9)
(4, 9)
(4, 8)
(4, 7)
(4, 6)
(4, 5)
kaikki ok
Reitin pituus: 12
(8, 9)
(9, 9)
(9, 8)
(9, 7)
(8, 7)
(7, 7)
(6, 7)
(6, 8)
(6, 9)
(6, 10)
(6, 11)
(7, 11)
(8, 11)
kaikki ok
Reitin pituus: 11
(8, 3)
(7, 3)
(6, 3)
(5, 3)
(4, 3)
(4, 4)
(4, 5)
(4, 6)
(4, 7)
(4, 8)
(4, 9)
(5, 9)
kaikki ok
Reitin pituus: 12
(11, 1)
(10, 1)
(10, 2)
(10, 3)
(9, 3)
(8, 3)
(7, 3)
(6, 3)
(5, 3)
(4, 3)
(3, 3)
(2, 3)
(1, 3)
kaikki ok
Reitin pituus: 14
(12, 1)
(13, 1)
(14, 1)
(14, 2)
(14, 3)
(14, 4)
(14, 5)
(14, 6)
(14, 7)
(14, 8)
(14, 9)
(13, 9)
(12, 9)
(12, 10)
(12, 11)
kaikki ok
Reitin pituus: 18
(12, 1)
(13, 1)
(14, 1)
(14, 2)
(14, 3)
(14, 4)
(14, 5)
(14, 6)
(14, 7)
(14, 8)
(14, 9)
(14, 10)
(14, 11)
(14, 12)
(14, 13)
(14, 14)
(14, 15)
(14, 16)
(14, 17)
kaikki ok
Reitin pituus: 19
(6, 1)
(5, 1)
(4, 1)
(4, 2)
(4, 3)
(4, 4)
(4, 5)
(4, 6)
(4, 7)
(4, 8)
(4, 9)
(4, 10)
(4, 11)
(4, 12)
(4, 13)
(4, 14)
(4, 15)
(5, 15)
(6, 15)
(7, 15)
kaikki ok
Reitin pituus: 21
(8, 1)
(7, 1)
(6, 1)
(5, 1)
(4, 1)
(4, 2)
(4, 3)
(4, 4)
(4, 5)
(4, 6)
(4, 7)
(4, 8)
(4, 9)
(4, 10)
(4, 11)
(4, 12)
(4, 13)
(4, 14)
(4, 15)
(4, 16)
(4, 17)
(3, 17)
kaikki ok
Reitin pituus: 11
(9, 8)
(9, 7)
(10, 7)
(11, 7)
(12, 7)
(12, 8)
(12, 9)
(12, 10)
(12, 11)
(12, 12)
(12, 13)
(13, 13)
kaikki ok
Reitin pituus: 21
(12, 3)
(12, 4)
(12, 5)
(11, 5)
(10, 5)
(10, 6)
(10, 7)
(9, 7)
(8, 7)
(7, 7)
(6, 7)
(6, 8)
(6, 9)
(6, 10)
(6, 11)
(6, 12)
(6, 13)
(5, 13)
(4, 13)
(3, 13)
(2, 13)
(1, 13)
kaikki ok
Reitin pituus: 10
(2, 13)
(3, 13)
(4, 13)
(4, 12)
(4, 11)
(4, 10)
(4, 9)
(4, 8)
(4, 7)
(4, 6)
(4, 5)
kaikki ok
Reitin pituus: 19
(9, 11)
(8, 11)
(7, 11)
(6, 11)
(6, 12)
(6, 13)
(5, 13)
(4, 13)
(4, 14)
(4, 15)
(4, 16)
(4, 17)
(3, 17)
(2, 17)
(1, 17)
(1, 18)
(1, 19)
(2, 19)
(3, 19)
(4, 19)
kaikki ok
Reitin pituus: 10
(17, 17)
(17, 18)
(17, 19)
(16, 19)
(15, 19)
(14, 19)
(13, 19)
(12, 19)
(11, 19)
(10, 19)
(10, 18)
kaikki ok
Reitin pituus: 7
(9, 11)
(10, 11)
(11, 11)
(12, 11)
(12, 12)
(12, 13)
(13, 13)
(14, 13)
kaikki ok
Reitin pituus: 20
(14, 9)
(14, 10)
(14, 11)
(14, 12)
(14, 13)
(14, 14)
(14, 15)
(13, 15)
(12, 15)
(11, 15)
(10, 15)
(9, 15)
(8, 15)
(7, 15)
(6, 15)
(5, 15)
(4, 15)
(4, 16)
(4, 17)
(3, 17)
(2, 17)
kaikki ok
Reitin pituus: 24
(8, 1)
(8, 2)
(8, 3)
(9, 3)
(10, 3)
(11, 3)
(12, 3)
(13, 3)
(14, 3)
(14, 4)
(14, 5)
(14, 6)
(14, 7)
(14, 8)
(14, 9)
(13, 9)
(12, 9)
(12, 10)
(12, 11)
(12, 12)
(12, 13)
(11, 13)
(10, 13)
(10, 14)
(10, 15)
kaikki ok
Reitin pituus: 18
(4, 17)
(4, 16)
(4, 15)
(5, 15)
(6, 15)
(7, 15)
(8, 15)
(9, 15)
(10, 15)
(11, 15)
(12, 15)
(13, 15)
(14, 15)
(14, 16)
(14, 17)
(15, 17)
(16, 17)
(17, 17)
(17, 18)
kaikki ok
Reitin pituus: 13
(14, 16)
(14, 15)
(14, 14)
(14, 13)
(14, 12)
(14, 11)
(14, 10)
(14, 9)
(14, 8)
(14, 7)
(14, 6)
(14, 5)
(15, 5)
(16, 5)
kaikki ok
Reitin pituus: 15
(8, 17)
(7, 17)
(6, 17)
(6, 16)
(6, 15)
(5, 15)
(4, 15)
(4, 14)
(4, 13)
(4, 12)
(4, 11)
(4, 10)
(4, 9)
(5, 9)
(6, 9)
(6, 8)
kaikki ok
Reitin pituus: 11
(13, 13)
(12, 13)
(12, 12)
(12, 11)
(11, 11)
(10, 11)
(9, 11)
(8, 11)
(7, 11)
(6, 11)
(6, 10)
(6, 9)
kaikki ok
Reitin pituus: 8
(1, 2)
(1, 3)
(2, 3)
(3, 3)
(4, 3)
(5, 3)
(6, 3)
(7, 3)
(8, 3)
kaikki ok
Reitin pituus: 24
(3, 19)
(2, 19)
(1, 19)
(1, 18)
(1, 17)
(2, 17)
(3, 17)
(4, 17)
(4, 16)
(4, 15)
(4, 14)
(4, 13)
(4, 12)
(4, 11)
(4, 10)
(4, 9)
(5, 9)
(6, 9)
(6, 8)
(6, 7)
(7, 7)
(8, 7)
(9, 7)
(9, 8)
(9, 9)
kaikki ok
Reitin pituus: 14
(4, 16)
(4, 15)
(4, 14)
(4, 13)
(4, 12)
(4, 11)
(4, 10)
(4, 9)
(4, 8)
(4, 7)
(4, 6)
(4, 5)
(3, 5)
(2, 5)
(1, 5)
kaikki ok
Reitin pituus: 10
(11, 7)
(10, 7)
(10, 6)
(10, 5)
(11, 5)
(12, 5)
(12, 4)
(12, 3)
(11, 3)
(10, 3)
(10, 2)
kaikki ok
Reitin pituus: 21
(3, 19)
(4, 19)
(5, 19)
(6, 19)
(7, 19)
(8, 19)
(9, 19)
(10, 19)
(10, 18)
(10, 17)
(11, 17)
(12, 17)
(12, 16)
(12, 15)
(13, 15)
(14, 15)
(14, 14)
(14, 13)
(13, 13)
(12, 13)
(12, 12)
(12, 11)
kaikki ok
Reitin pituus: 2
(10, 3)
(10, 2)
(10, 1)
kaikki ok
Reitin pituus: 8
(6, 16)
(6, 15)
(7, 15)
(8, 15)
(9, 15)
(10, 15)
(11, 15)
(12, 15)
(12, 16)
kaikki ok
Reitin pituus: 4
(12, 3)
(13, 3)
(14, 3)
(14, 2)
(14, 1)
kaikki ok
Reitin pituus: 24
(10, 19)
(9, 19)
(8, 19)
(8, 18)
(8, 17)
(7, 17)
(6, 17)
(6, 16)
(6, 15)
(5, 15)
(4, 15)
(4, 14)
(4, 13)
(4, 12)
(4, 11)
(4, 10)
(4, 9)
(4, 8)
(4, 7)
(4, 6)
(4, 5)
(3, 5)
(2, 5)
(1, 5)
(1, 4)
kaikki ok
Reitin pituus: 13
(3, 5)
(4, 5)
(4, 6)
(4, 7)
(4, 8)
(4, 9)
(5, 9)
(6, 9)
(6, 10)
(6, 11)
(7, 11)
(8, 11)
(9, 11)
(10, 11)
kaikki ok
Reitin pituus: 10
(4, 7)
(4, 8)
(4, 9)
(5, 9)
(6, 9)
(6, 8)
(6, 7)
(7, 7)
(8, 7)
(9, 7)
(9, 8)
kaikki ok
Reitin pituus: 1
(1, 18)
(1, 19)
kaikki ok
Reitin pituus: 19
(7, 5)
(8, 5)
(8, 6)
(8, 7)
(9, 7)
(10, 7)
(11, 7)
(12, 7)
(12, 8)
(12, 9)
(12, 10)
(12, 11)
(12, 12)
(12, 13)
(13, 13)
(14, 13)
(14, 14)
(14, 15)
(14, 16)
(14, 17)
kaikki ok
Reitin pituus: 12
(3, 13)
(4, 13)
(4, 14)
(4, 15)
(5, 15)
(6, 15)
(6, 16)
(6, 17)
(7, 17)
(8, 17)
(8, 18)
(8, 19)
(9, 19)
kaikki ok
Reitin pituus: 12
(11, 7)
(12, 7)
(12, 8)
(12, 9)
(12, 10)
(12, 11)
(12, 12)
(12, 13)
(11, 13)
(10, 13)
(10, 14)
(10, 15)
(9, 15)
kaikki ok
Reitin pituus: 8
(14, 2)
(14, 3)
(13, 3)
(12, 3)
(12, 4)
(12, 5)
(11, 5)
(10, 5)
(10, 6)
kaikki ok
Reitin pituus: 27
(2, 15)
(1, 15)
(1, 14)
(1, 13)
(2, 13)
(3, 13)
(4, 13)
(5, 13)
(6, 13)
(6, 12)
(6, 11)
(6, 10)
(6, 9)
(6, 8)
(6, 7)
(7, 7)
(8, 7)
(9, 7)
(10, 7)
(10, 6)
(10, 5)
(11, 5)
(12, 5)
(12, 4)
(12, 3)
(13, 3)
(14, 3)
(14, 2)
kaikki ok
Reitin pituus: 24
(10, 19)
(9, 19)
(8, 19)
(8, 18)
(8, 17)
(7, 17)
(6, 17)
(6, 16)
(6, 15)
(5, 15)
(4, 15)
(4, 14)
(4, 13)
(4, 12)
(4, 11)
(4, 10)
(4, 9)
(4, 8)
(4, 7)
(4, 6)
(4, 5)
(4, 4)
(4, 3)
(4, 2)
(4, 1)
kaikki ok
Reitin pituus: 12
(14, 3)
(13, 3)
(12, 3)
(12, 4)
(12, 5)
(11, 5)
(10, 5)
(10, 6)
(10, 7)
(9, 7)
(8, 7)
(7, 7)
(6, 7)
kaikki ok
Reitin pituus: 21
(4, 3)
(4, 4)
(4, 5)
(4, 6)
(4, 7)
(4, 8)
(4, 9)
(4, 10)
(4, 11)
(4, 12)
(4, 13)
(4, 14)
(4, 15)
(5, 15)
(6, 15)
(6, 16)
(6, 17)
(7, 17)
(8, 17)
(8, 18)
(8, 19)
(7, 19)
kaikki ok
Reitin pituus: 14
(14, 13)
(14, 14)
(14, 15)
(13, 15)
(12, 15)
(12, 16)
(12, 17)
(11, 17)
(10, 17)
(10, 18)
(10, 19)
(9, 19)
(8, 19)
(7, 19)
(6, 19)
kaikki ok
Reitin pituus: 20
(16, 16)
(16, 17)
(15, 17)
(14, 17)
(14, 16)
(14, 15)
(14, 14)
(14, 13)
(13, 13)
(12, 13)
(12, 12)
(12, 11)
(12, 10)
(12, 9)
(12, 8)
(12, 7)
(11, 7)
(10, 7)
(9, 7)
(9, 8)
(9, 9)
kaikki ok
Reitin pituus: 0
(1, 18)
kaikki ok
Reitin pituus: 19
(14, 13)
(13, 13)
(12, 13)
(12, 12)
(12, 11)
(11, 11)
(10, 11)
(9, 11)
(8, 11)
(7, 11)
(6, 11)
(6, 10)
(6, 9)
(5, 9)
(4, 9)
(4, 8)
(4, 7)
(4, 6)
(4, 5)
(3, 5)
kaikki ok
Reitin pituus: 7
(4, 8)
(4, 9)
(4, 10)
(4, 11)
(4, 12)
(4, 13)
(3, 13)
(2, 13)
kaikki ok
Reitin pituus: 1
(9, 7)
(10, 7)
kaikki ok
Reitin pituus: 23
(8, 19)
(8, 18)
(8, 17)
(7, 17)
(6, 17)
(6, 16)
(6, 15)
(5, 15)
(4, 15)
(4, 14)
(4, 13)
(4, 12)
(4, 11)
(4, 10)
(4, 9)
(4, 8)
(4, 7)
(4, 6)
(4, 5)
(4, 4)
(4, 3)
(4, 2)
(4, 1)
(5, 1)
kaikki ok
Reitin pituus: 14
(14, 17)
(14, 16)
(14, 15)
(13, 15)
(12, 15)
(11, 15)
(10, 15)
(9, 15)
(8, 15)
(7, 15)
(6, 15)
(6, 16)
(6, 17)
(7, 17)
(8, 17)
kaikki ok
Reitin pituus: 6
(8, 18)
(8, 19)
(9, 19)
(10, 19)
(11, 19)
(12, 19)
(13, 19)
kaikki ok
Reitin pituus: 23
(8, 13)
(7, 13)
(6, 13)
(6, 12)
(6, 11)
(6, 10)
(6, 9)
(6, 8)
(6, 7)
(7, 7)
(8, 7)
(9, 7)
(10, 7)
(10, 6)
(10, 5)
(11, 5)
(12, 5)
(12, 4)
(12, 3)
(11, 3)
(10, 3)
(10, 2)
(10, 1)
(11, 1)
kaikki ok
Reitin pituus: 21
(6, 13)
(6, 12)
(6, 11)
(6, 10)
(6, 9)
(6, 8)
(6, 7)
(7, 7)
(8, 7)
(9, 7)
(10, 7)
(10, 6)
(10, 5)
(11, 5)
(12, 5)
(12, 4)
(12, 3)
(13, 3)
(14, 3)
(15, 3)
(16, 3)
(17, 3)
kaikki ok
Reitin pituus: 1
(12, 8)
(12, 9)
kaikki ok
Reitin pituus: 24
(16, 17)
(15, 17)
(14, 17)
(14, 16)
(14, 15)
(14, 14)
(14, 13)
(14, 12)
(14, 11)
(14, 10)
(14, 9)
(14, 8)
(14, 7)
(14, 6)
(14, 5)
(14, 4)
(14, 3)
(13, 3)
(12, 3)
(11, 3)
(10, 3)
(9, 3)
(8, 3)
(8, 2)
(8, 1)
kaikki ok
Reitin pituus: 15
(14, 7)
(14, 6)
(14, 5)
(14, 4)
(14, 3)
(13, 3)
(12, 3)
(11, 3)
(10, 3)
(9, 3)
(8, 3)
(7, 3)
(6, 3)
(5, 3)
(4, 3)
(3, 3)
kaikki ok
Reitin pituus: 16
(10, 14)
(10, 13)
(11, 13)
(12, 13)
(13, 13)
(14, 13)
(14, 12)
(14, 11)
(14, 10)
(14, 9)
(14, 8)
(14, 7)
(14, 6)
(14, 5)
(14, 4)
(14, 3)
(13, 3)
kaikki ok
Reitin pituus: 24
(9, 19)
(8, 19)
(8, 18)
(8, 17)
(7, 17)
(6, 17)
(6, 16)
(6, 15)
(7, 15)
(8, 15)
(8, 14)
(8, 13)
(7, 13)
(6, 13)
(6, 12)
(6, 11)
(6, 10)
(6, 9)
(6, 8)
(6, 7)
(7, 7)
(8, 7)
(8, 6)
(8, 5)
(7, 5)
kaikki ok
Reitin pituus: 13
(10, 1)
(10, 2)
(10, 3)
(11, 3)
(12, 3)
(12, 4)
(12, 5)
(11, 5)
(10, 5)
(10, 6)
(10, 7)
(9, 7)
(9, 8)
(9, 9)
kaikki ok
Reitin pituus: 7
(11, 1)
(10, 1)
(10, 2)
(10, 3)
(9, 3)
(8, 3)
(8, 2)
(8, 1)
kaikki ok
Reitin pituus: 5
(15, 5)
(16, 5)
(17, 5)
(17, 4)
(17, 3)
(17, 2)
kaikki ok
Reitin pituus: 10
(6, 9)
(5, 9)
(4, 9)
(4, 8)
(4, 7)
(4, 6)
(4, 5)
(4, 4)
(4, 3)
(4, 2)
(4, 1)
kaikki ok
Reitin pituus: 11
(12, 5)
(11, 5)
(10, 5)
(10, 6)
(10, 7)
(9, 7)
(8, 7)
(7, 7)
(6, 7)
(6, 8)
(6, 9)
(6, 10)
kaikki ok
Reitin pituus: 10
(12, 5)
(11, 5)
(10, 5)
(10, 6)
(10, 7)
(11, 7)
(12, 7)
(12, 8)
(12, 9)
(13, 9)
(14, 9)
kaikki ok
Reitin pituus: 15
(10, 9)
(9, 9)
(9, 8)
(9, 7)
(8, 7)
(7, 7)
(6, 7)
(6, 8)
(6, 9)
(6, 10)
(6, 11)
(6, 12)
(6, 13)
(7, 13)
(8, 13)
(8, 14)
kaikki ok
Reitin pituus: 6
(11, 3)
(10, 3)
(9, 3)
(8, 3)
(8, 2)
(8, 1)
(7, 1)
kaikki ok
Reitin pituus: 20
(15, 5)
(14, 5)
(14, 6)
(14, 7)
(14, 8)
(14, 9)
(14, 10)
(14, 11)
(14, 12)
(14, 13)
(14, 14)
(14, 15)
(14, 16)
(14, 17)
(15, 17)
(16, 17)
(17, 17)
(17, 18)
(17, 19)
(16, 19)
(15, 19)
kaikki ok
Reitin pituus: 9
(12, 11)
(12, 12)
(12, 13)
(11, 13)
(10, 13)
(10, 14)
(10, 15)
(9, 15)
(8, 15)
(8, 14)
kaikki ok
Reitin pituus: 8
(6, 5)
(7, 5)
(8, 5)
(8, 6)
(8, 7)
(9, 7)
(10, 7)
(10, 6)
(10, 5)
kaikki ok
Reitin pituus: 24
(17, 3)
(16, 3)
(15, 3)
(14, 3)
(14, 4)
(14, 5)
(14, 6)
(14, 7)
(14, 8)
(14, 9)
(14, 10)
(14, 11)
(14, 12)
(14, 13)
(14, 14)
(14, 15)
(14, 16)
(14, 17)
(15, 17)
(16, 17)
(17, 17)
(17, 18)
(17, 19)
(16, 19)
(15, 19)
kaikki ok
Reitin pituus: 14
(1, 2)
(1, 3)
(2, 3)
(3, 3)
(4, 3)
(5, 3)
(6, 3)
(6, 4)
(6, 5)
(7, 5)
(8, 5)
(8, 6)
(8, 7)
(9, 7)
(10, 7)
kaikki ok
Reitin pituus: 26
(17, 4)
(17, 5)
(16, 5)
(15, 5)
(14, 5)
(14, 6)
(14, 7)
(14, 8)
(14, 9)
(13, 9)
(12, 9)
(12, 10)
(12, 11)
(11, 11)
(10, 11)
(9, 11)
(8, 11)
(7, 11)
(6, 11)
(6, 12)
(6, 13)
(5, 13)
(4, 13)
(3, 13)
(2, 13)
(1, 13)
(1, 14)
kaikki ok
Reitin pituus: 20
(15, 17)
(14, 17)
(14, 16)
(14, 15)
(14, 14)
(14, 13)
(14, 12)
(14, 11)
(14, 10)
(14, 9)
(14, 8)
(14, 7)
(14, 6)
(14, 5)
(14, 4)
(14, 3)
(15, 3)
(16, 3)
(17, 3)
(17, 2)
(17, 1)
kaikki ok
Reitin pituus: 23
(10, 3)
(9, 3)
(8, 3)
(7, 3)
(6, 3)
(5, 3)
(4, 3)
(4, 4)
(4, 5)
(4, 6)
(4, 7)
(4, 8)
(4, 9)
(4, 10)
(4, 11)
(4, 12)
(4, 13)
(3, 13)
(2, 13)
(1, 13)
(1, 14)
(1, 15)
(2, 15)
(2, 16)
kaikki ok
Reitin pituus: 5
(5, 19)
(6, 19)
(7, 19)
(8, 19)
(9, 19)
(10, 19)
kaikki ok
Reitin pituus: 6
(14, 8)
(14, 7)
(14, 6)
(14, 5)
(15, 5)
(16, 5)
(17, 5)
kaikki ok
Reitin pituus: 29
(16, 3)
(15, 3)
(14, 3)
(14, 4)
(14, 5)
(14, 6)
(14, 7)
(14, 8)
(14, 9)
(14, 10)
(14, 11)
(14, 12)
(14, 13)
(14, 14)
(14, 15)
(13, 15)
(12, 15)
(12, 16)
(12, 17)
(11, 17)
(10, 17)
(10, 18)
(10, 19)
(9, 19)
(8, 19)
(7, 19)
(6, 19)
(5, 19)
(4, 19)
(3, 19)
kaikki ok
Reitin pituus: 16
(12, 19)
(11, 19)
(10, 19)
(9, 19)
(8, 19)
(8, 18)
(8, 17)
(7, 17)
(6, 17)
(6, 16)
(6, 15)
(5, 15)
(4, 15)
(4, 14)
(4, 13)
(5, 13)
(6, 13)
kaikki ok
Reitin pituus: 15
(13, 3)
(14, 3)
(14, 4)
(14, 5)
(14, 6)
(14, 7)
(14, 8)
(14, 9)
(13, 9)
(12, 9)
(12, 10)
(12, 11)
(11, 11)
(10, 11)
(9, 11)
(8, 11)
kaikki ok
Reitin pituus: 22
(8, 1)
(8, 2)
(8, 3)
(9, 3)
(10, 3)
(11, 3)
(12, 3)
(13, 3)
(14, 3)
(14, 4)
(14, 5)
(14, 6)
(14, 7)
(14, 8)
(14, 9)
(14, 10)
(14, 11)
(14, 12)
(14, 13)
(14, 14)
(14, 15)
(14, 16)
(14, 17)
kaikki ok
Reitin pituus: 6
(14, 8)
(14, 9)
(13, 9)
(12, 9)
(12, 10)
(12, 11)
(12, 12)
kaikki ok
Reitin pituus: 16
(12, 3)
(13, 3)
(14, 3)
(14, 4)
(14, 5)
(14, 6)
(14, 7)
(14, 8)
(14, 9)
(14, 10)
(14, 11)
(14, 12)
(14, 13)
(14, 14)
(14, 15)
(14, 16)
(14, 17)
kaikki ok
Reitin pituus: 12
(12, 16)
(12, 15)
(13, 15)
(14, 15)
(14, 14)
(14, 13)
(14, 12)
(14, 11)
(14, 10)
(14, 9)
(13, 9)
(12, 9)
(12, 8)
kaikki ok
Reitin pituus: 13
(16, 19)
(17, 19)
(17, 18)
(17, 17)
(16, 17)
(15, 17)
(14, 17)
(14, 16)
(14, 15)
(13, 15)
(12, 15)
(11, 15)
(10, 15)
(9, 15)
kaikki ok
Reitin pituus: 12
(10, 1)
(10, 2)
(10, 3)
(11, 3)
(12, 3)
(12, 4)
(12, 5)
(11, 5)
(10, 5)
(10, 6)
(10, 7)
(9, 7)
(9, 8)
kaikki ok
Reitin pituus: 17
(10, 3)
(9, 3)
(8, 3)
(7, 3)
(6, 3)
(6, 4)
(6, 5)
(7, 5)
(8, 5)
(8, 6)
(8, 7)
(7, 7)
(6, 7)
(6, 8)
(6, 9)
(6, 10)
(6, 11)
(7, 11)
kaikki ok
Reitin pituus: 15
(14, 13)
(14, 12)
(14, 11)
(14, 10)
(14, 9)
(14, 8)
(14, 7)
(14, 6)
(14, 5)
(14, 4)
(14, 3)
(14, 2)
(14, 1)
(13, 1)
(12, 1)
(11, 1)
kaikki ok
Reitin pituus: 16
(4, 2)
(4, 3)
(4, 4)
(4, 5)
(4, 6)
(4, 7)
(4, 8)
(4, 9)
(4, 10)
(4, 11)
(4, 12)
(4, 13)
(4, 14)
(4, 15)
(4, 16)
(4, 17)
(3, 17)
kaikki ok
Reitin pituus: 8
(6, 16)
(6, 15)
(5, 15)
(4, 15)
(4, 16)
(4, 17)
(3, 17)
(2, 17)
(1, 17)
kaikki ok
Reitin pituus: 4
(12, 1)
(13, 1)
(14, 1)
(14, 2)
(14, 3)
kaikki ok
Reitin pituus: 15
(15, 1)
(14, 1)
(14, 2)
(14, 3)
(13, 3)
(12, 3)
(12, 4)
(12, 5)
(11, 5)
(10, 5)
(10, 6)
(10, 7)
(9, 7)
(8, 7)
(7, 7)
(6, 7)
kaikki ok
Reitin pituus: 10
(6, 17)
(6, 16)
(6, 15)
(5, 15)
(4, 15)
(4, 14)
(4, 13)
(4, 12)
(4, 11)
(4, 10)
(4, 9)
kaikki ok
Reitin pituus: 15
(10, 19)
(10, 18)
(10, 17)
(11, 17)
(12, 17)
(12, 16)
(12, 15)
(11, 15)
(10, 15)
(10, 14)
(10, 13)
(11, 13)
(12, 13)
(12, 12)
(12, 11)
(11, 11)
kaikki ok
Reitin pituus: 11
(10, 6)
(10, 5)
(11, 5)
(12, 5)
(12, 4)
(12, 3)
(13, 3)
(14, 3)
(15, 3)
(16, 3)
(17, 3)
(17, 4)
kaikki ok
Reitin pituus: 4
(8, 13)
(7, 13)
(6, 13)
(6, 12)
(6, 11)
kaikki ok
Reitin pituus: 13
(12, 17)
(11, 17)
(10, 17)
(10, 18)
(10, 19)
(9, 19)
(8, 19)
(7, 19)
(6, 19)
(5, 19)
(4, 19)
(3, 19)
(2, 19)
(1, 19)
kaikki ok
Reitin pituus: 17
(16, 3)
(15, 3)
(14, 3)
(13, 3)
(12, 3)
(11, 3)
(10, 3)
(9, 3)
(8, 3)
(7, 3)
(6, 3)
(5, 3)
(4, 3)
(3, 3)
(2, 3)
(1, 3)
(1, 2)
(1, 1)
kaikki ok
Reitin pituus: 14
(14, 11)
(14, 12)
(14, 13)
(13, 13)
(12, 13)
(11, 13)
(10, 13)
(10, 14)
(10, 15)
(9, 15)
(8, 15)
(7, 15)
(6, 15)
(6, 16)
(6, 17)
kaikki ok
Reitin pituus: 11
(4, 9)
(4, 8)
(4, 7)
(4, 6)
(4, 5)
(4, 4)
(4, 3)
(4, 2)
(4, 1)
(5, 1)
(6, 1)
(7, 1)
kaikki ok
Reitin pituus: 20
(14, 11)
(14, 10)
(14, 9)
(14, 8)
(14, 7)
(14, 6)
(14, 5)
(14, 4)
(14, 3)
(13, 3)
(12, 3)
(11, 3)
(10, 3)
(9, 3)
(8, 3)
(8, 2)
(8, 1)
(7, 1)
(6, 1)
(5, 1)
(4, 1)
kaikki ok
Reitin pituus: 14
(10, 9)
(9, 9)
(9, 8)
(9, 7)
(10, 7)
(10, 6)
(10, 5)
(11, 5)
(12, 5)
(12, 4)
(12, 3)
(13, 3)
(14, 3)
(15, 3)
(16, 3)
kaikki ok
Reitin pituus: 13
(1, 1)
(1, 2)
(1, 3)
(1, 4)
(1, 5)
(2, 5)
(3, 5)
(4, 5)
(4, 6)
(4, 7)
(4, 8)
(4, 9)
(5, 9)
(6, 9)
kaikki ok
Reitin pituus: 24
(16, 15)
(17, 15)
(17, 14)
(17, 13)
(16, 13)
(15, 13)
(14, 13)
(13, 13)
(12, 13)
(12, 12)
(12, 11)
(11, 11)
(10, 11)
(9, 11)
(8, 11)
(7, 11)
(6, 11)
(6, 10)
(6, 9)
(5, 9)
(4, 9)
(4, 8)
(4, 7)
(4, 6)
(4, 5)
kaikki ok
Reitin pituus: 1
(7, 5)
(8, 5)
kaikki ok
Reitin pituus: 15
(17, 13)
(16, 13)
(15, 13)
(14, 13)
(14, 14)
(14, 15)
(13, 15)
(12, 15)
(11, 15)
(10, 15)
(9, 15)
(8, 15)
(7, 15)
(6, 15)
(5, 15)
(4, 15)
kaikki ok
Reitin pituus: 17
(1, 5)
(1, 4)
(1, 3)
(2, 3)
(3, 3)
(4, 3)
(5, 3)
(6, 3)
(7, 3)
(8, 3)
(9, 3)
(10, 3)
(11, 3)
(12, 3)
(13, 3)
(14, 3)
(15, 3)
(16, 3)
kaikki ok
Reitin pituus: 16
(8, 9)
(9, 9)
(9, 8)
(9, 7)
(8, 7)
(7, 7)
(6, 7)
(6, 8)
(6, 9)
(6, 10)
(6, 11)
(6, 12)
(6, 13)
(7, 13)
(8, 13)
(8, 14)
(8, 15)
kaikki ok
Reitin pituus: 10
(13, 3)
(12, 3)
(12, 4)
(12, 5)
(11, 5)
(10, 5)
(10, 6)
(10, 7)
(9, 7)
(8, 7)
(7, 7)
kaikki ok
Reitin pituus: 20
(13, 9)
(14, 9)
(14, 10)
(14, 11)
(14, 12)
(14, 13)
(14, 14)
(14, 15)
(13, 15)
(12, 15)
(12, 16)
(12, 17)
(11, 17)
(10, 17)
(10, 18)
(10, 19)
(9, 19)
(8, 19)
(7, 19)
(6, 19)
(5, 19)
kaikki ok
Reitin pituus: 12
(14, 6)
(14, 5)
(14, 4)
(14, 3)
(13, 3)
(12, 3)
(11, 3)
(10, 3)
(9, 3)
(8, 3)
(8, 2)
(8, 1)
(7, 1)
kaikki ok
Reitin pituus: 18
(12, 8)
(12, 9)
(12, 10)
(12, 11)
(12, 12)
(12, 13)
(13, 13)
(14, 13)
(14, 14)
(14, 15)
(14, 16)
(14, 17)
(15, 17)
(16, 17)
(17, 17)
(17, 18)
(17, 19)
(16, 19)
(15, 19)
kaikki ok
Reitin pituus: 23
(17, 3)
(16, 3)
(15, 3)
(14, 3)
(14, 4)
(14, 5)
(14, 6)
(14, 7)
(14, 8)
(14, 9)
(14, 10)
(14, 11)
(14, 12)
(14, 13)
(13, 13)
(12, 13)
(11, 13)
(10, 13)
(10, 14)
(10, 15)
(9, 15)
(8, 15)
(8, 14)
(8, 13)
kaikki ok
Reitin pituus: 22
(6, 19)
(7, 19)
(8, 19)
(9, 19)
(10, 19)
(10, 18)
(10, 17)
(11, 17)
(12, 17)
(12, 16)
(12, 15)
(13, 15)
(14, 15)
(14, 14)
(14, 13)
(13, 13)
(12, 13)
(12, 12)
(12, 11)
(12, 10)
(12, 9)
(12, 8)
(12, 7)
kaikki ok
Reitin pituus: 20
(2, 19)
(3, 19)
(4, 19)
(5, 19)
(6, 19)
(7, 19)
(8, 19)
(9, 19)
(10, 19)
(11, 19)
(12, 19)
(13, 19)
(14, 19)
(15, 19)
(16, 19)
(17, 19)
(17, 18)
(17, 17)
(16, 17)
(16, 16)
(16, 15)
kaikki ok
Reitin pituus: 4
(13, 3)
(12, 3)
(11, 3)
(10, 3)
(10, 2)
kaikki ok
Reitin pituus: 5
(17, 3)
(16, 3)
(15, 3)
(14, 3)
(13, 3)
(12, 3)
kaikki ok
Reitin pituus: 27
(7, 1)
(6, 1)
(5, 1)
(4, 1)
(4, 2)
(4, 3)
(4, 4)
(4, 5)
(4, 6)
(4, 7)
(4, 8)
(4, 9)
(4, 10)
(4, 11)
(4, 12)
(4, 13)
(4, 14)
(4, 15)
(5, 15)
(6, 15)
(6, 16)
(6, 17)
(7, 17)
(8, 17)
(8, 18)
(8, 19)
(9, 19)
(10, 19)
kaikki ok
Reitin pituus: 2
(4, 8)
(4, 9)
(4, 10)
kaikki ok
Reitin pituus: 20
(2, 3)
(3, 3)
(4, 3)
(4, 4)
(4, 5)
(4, 6)
(4, 7)
(4, 8)
(4, 9)
(4, 10)
(4, 11)
(4, 12)
(4, 13)
(4, 14)
(4, 15)
(5, 15)
(6, 15)
(6, 16)
(6, 17)
(7, 17)
(8, 17)
kaikki ok
Reitin pituus: 19
(1, 18)
(1, 17)
(2, 17)
(3, 17)
(4, 17)
(4, 16)
(4, 15)
(5, 15)
(6, 15)
(7, 15)
(8, 15)
(9, 15)
(10, 15)
(11, 15)
(12, 15)
(13, 15)
(14, 15)
(14, 14)
(14, 13)
(15, 13)
kaikki ok
Reitin pituus: 10
(3, 5)
(4, 5)
(4, 6)
(4, 7)
(4, 8)
(4, 9)
(4, 10)
(4, 11)
(4, 12)
(4, 13)
(3, 13)
kaikki ok
Reitin pituus: 11
(16, 3)
(15, 3)
(14, 3)
(13, 3)
(12, 3)
(11, 3)
(10, 3)
(9, 3)
(8, 3)
(7, 3)
(6, 3)
(6, 4)
kaikki ok
Reitin pituus: 10
(10, 6)
(10, 5)
(11, 5)
(12, 5)
(12, 4)
(12, 3)
(13, 3)
(14, 3)
(14, 4)
(14, 5)
(14, 6)
kaikki ok
Reitin pituus: 12
(6, 12)
(6, 11)
(7, 11)
(8, 11)
(9, 11)
(10, 11)
(11, 11)
(12, 11)
(12, 12)
(12, 13)
(13, 13)
(14, 13)
(14, 12)
kaikki ok
Reitin pituus: 8
(12, 5)
(11, 5)
(10, 5)
(10, 6)
(10, 7)
(9, 7)
(9, 8)
(9, 9)
(10, 9)
kaikki ok
Reitin pituus: 17
(6, 15)
(5, 15)
(4, 15)
(4, 14)
(4, 13)
(4, 12)
(4, 11)
(4, 10)
(4, 9)
(4, 8)
(4, 7)
(4, 6)
(4, 5)
(4, 4)
(4, 3)
(5, 3)
(6, 3)
(7, 3)
kaikki ok
Reitin pituus: 9
(12, 15)
(11, 15)
(10, 15)
(10, 14)
(10, 13)
(11, 13)
(12, 13)
(12, 12)
(12, 11)
(11, 11)
kaikki ok
Reitin pituus: 12
(12, 16)
(12, 17)
(11, 17)
(10, 17)
(10, 18)
(10, 19)
(9, 19)
(8, 19)
(7, 19)
(6, 19)
(5, 19)
(4, 19)
(3, 19)
kaikki ok
Reitin pituus: 11
(12, 8)
(12, 9)
(13, 9)
(14, 9)
(14, 8)
(14, 7)
(14, 6)
(14, 5)
(14, 4)
(14, 3)
(15, 3)
(16, 3)
kaikki ok
Reitin pituus: 7
(1, 18)
(1, 19)
(2, 19)
(3, 19)
(4, 19)
(5, 19)
(6, 19)
(7, 19)
kaikki ok
Reitin pituus: 21
(16, 16)
(16, 17)
(15, 17)
(14, 17)
(14, 16)
(14, 15)
(13, 15)
(12, 15)
(11, 15)
(10, 15)
(9, 15)
(8, 15)
(7, 15)
(6, 15)
(5, 15)
(4, 15)
(4, 14)
(4, 13)
(3, 13)
(2, 13)
(1, 13)
(1, 14)
kaikki ok
Reitin pituus: 8
(6, 10)
(6, 9)
(6, 8)
(6, 7)
(7, 7)
(8, 7)
(8, 6)
(8, 5)
(7, 5)
kaikki ok
Reitin pituus: 8
(12, 13)
(11, 13)
(10, 13)
(10, 14)
(10, 15)
(9, 15)
(8, 15)
(7, 15)
(6, 15)
kaikki ok
Reitin pituus: 18
(1, 18)
(1, 17)
(2, 17)
(3, 17)
(4, 17)
(4, 16)
(4, 15)
(5, 15)
(6, 15)
(7, 15)
(8, 15)
(9, 15)
(10, 15)
(11, 15)
(12, 15)
(13, 15)
(14, 15)
(14, 14)
(14, 13)
kaikki ok
Reitin pituus: 27
(13, 19)
(12, 19)
(11, 19)
(10, 19)
(9, 19)
(8, 19)
(8, 18)
(8, 17)
(7, 17)
(6, 17)
(6, 16)
(6, 15)
(5, 15)
(4, 15)
(4, 14)
(4, 13)
(4, 12)
(4, 11)
(4, 10)
(4, 9)
(4, 8)
(4, 7)
(4, 6)
(4, 5)
(4, 4)
(4, 3)
(5, 3)
(6, 3)
kaikki ok
Reitin pituus: 10
(4, 1)
(4, 2)
(4, 3)
(5, 3)
(6, 3)
(7, 3)
(8, 3)
(9, 3)
(10, 3)
(10, 2)
(10, 1)
kaikki ok
Reitin pituus: 10
(6, 19)
(7, 19)
(8, 19)
(8, 18)
(8, 17)
(7, 17)
(6, 17)
(6, 16)
(6, 15)
(5, 15)
(4, 15)
kaikki ok
Reitin pituus: 10
(4, 14)
(4, 15)
(5, 15)
(6, 15)
(6, 16)
(6, 17)
(7, 17)
(8, 17)
(8, 18)
(8, 19)
(7, 19)
kaikki ok
Reitin pituus: 10
(16, 13)
(15, 13)
(14, 13)
(14, 14)
(14, 15)
(13, 15)
(12, 15)
(12, 16)
(12, 17)
(11, 17)
(10, 17)
kaikki ok
Reitin pituus: 6
(4, 9)
(5, 9)
(6, 9)
(6, 10)
(6, 11)
(7, 11)
(8, 11)
kaikki ok
Reitin pituus: 22
(10, 2)
(10, 3)
(9, 3)
(8, 3)
(7, 3)
(6, 3)
(5, 3)
(4, 3)
(4, 4)
(4, 5)
(4, 6)
(4, 7)
(4, 8)
(4, 9)
(4, 10)
(4, 11)
(4, 12)
(4, 13)
(4, 14)
(4, 15)
(5, 15)
(6, 15)
(6, 16)
kaikki ok
Reitin pituus: 17
(13, 13)
(14, 13)
(14, 12)
(14, 11)
(14, 10)
(14, 9)
(14, 8)
(14, 7)
(14, 6)
(14, 5)
(14, 4)
(14, 3)
(13, 3)
(12, 3)
(11, 3)
(10, 3)
(9, 3)
(8, 3)
kaikki ok
Reitin pituus: 24
(17, 1)
(17, 2)
(17, 3)
(16, 3)
(15, 3)
(14, 3)
(13, 3)
(12, 3)
(12, 4)
(12, 5)
(11, 5)
(10, 5)
(10, 6)
(10, 7)
(9, 7)
(8, 7)
(7, 7)
(6, 7)
(6, 8)
(6, 9)
(6, 10)
(6, 11)
(6, 12)
(6, 13)
(5, 13)
kaikki ok
Reitin pituus: 21
(2, 16)
(2, 17)
(3, 17)
(4, 17)
(4, 16)
(4, 15)
(5, 15)
(6, 15)
(7, 15)
(8, 15)
(9, 15)
(10, 15)
(11, 15)
(12, 15)
(13, 15)
(14, 15)
(14, 16)
(14, 17)
(15, 17)
(16, 17)
(16, 16)
(16, 15)
kaikki ok
Reitin pituus: 7
(17, 14)
(17, 15)
(16, 15)
(16, 16)
(16, 17)
(15, 17)
(14, 17)
(14, 16)
kaikki ok
Reitin pituus: 20
(11, 1)
(12, 1)
(13, 1)
(14, 1)
(14, 2)
(14, 3)
(14, 4)
(14, 5)
(14, 6)
(14, 7)
(14, 8)
(14, 9)
(13, 9)
(12, 9)
(12, 10)
(12, 11)
(11, 11)
(10, 11)
(9, 11)
(8, 11)
(7, 11)
kaikki ok
Reitin pituus: 7
(2, 13)
(3, 13)
(4, 13)
(5, 13)
(6, 13)
(6, 12)
(6, 11)
(6, 10)
kaikki ok
Reitin pituus: 30
(11, 1)
(12, 1)
(13, 1)
(14, 1)
(14, 2)
(14, 3)
(14, 4)
(14, 5)
(14, 6)
(14, 7)
(14, 8)
(14, 9)
(14, 10)
(14, 11)
(14, 12)
(14, 13)
(14, 14)
(14, 15)
(13, 15)
(12, 15)
(12, 16)
(12, 17)
(11, 17)
(10, 17)
(10, 18)
(10, 19)
(9, 19)
(8, 19)
(7, 19)
(6, 19)
(5, 19)
kaikki ok
Reitin pituus: 10
(4, 6)
(4, 5)
(4, 4)
(4, 3)
(5, 3)
(6, 3)
(7, 3)
(8, 3)
(9, 3)
(10, 3)
(10, 2)
kaikki ok
Reitin pituus: 9
(1, 14)
(1, 13)
(2, 13)
(3, 13)
(4, 13)
(4, 12)
(4, 11)
(4, 10)
(4, 9)
(4, 8)
kaikki ok
Reitin pituus: 13
(17, 4)
(17, 3)
(16, 3)
(15, 3)
(14, 3)
(13, 3)
(12, 3)
(12, 4)
(12, 5)
(11, 5)
(10, 5)
(10, 6)
(10, 7)
(9, 7)
kaikki ok
Reitin pituus: 15
(10, 17)
(11, 17)
(12, 17)
(12, 16)
(12, 15)
(11, 15)
(10, 15)
(9, 15)
(8, 15)
(8, 14)
(8, 13)
(7, 13)
(6, 13)
(6, 12)
(6, 11)
(7, 11)
kaikki ok
Reitin pituus: 13
(7, 19)
(8, 19)
(9, 19)
(10, 19)
(10, 18)
(10, 17)
(11, 17)
(12, 17)
(12, 16)
(12, 15)
(11, 15)
(10, 15)
(10, 14)
(10, 13)
kaikki ok
Reitin pituus: 5
(16, 3)
(15, 3)
(14, 3)
(13, 3)
(12, 3)
(11, 3)
kaikki ok
Reitin pituus: 26
(17, 2)
(17, 3)
(16, 3)
(15, 3)
(14, 3)
(13, 3)
(12, 3)
(11, 3)
(10, 3)
(9, 3)
(8, 3)
(7, 3)
(6, 3)
(5, 3)
(4, 3)
(4, 4)
(4, 5)
(4, 6)
(4, 7)
(4, 8)
(4, 9)
(4, 10)
(4, 11)
(4, 12)
(4, 13)
(4, 14)
(4, 15)
kaikki ok
Reitin pituus: 24
(10, 1)
(10, 2)
(10, 3)
(11, 3)
(12, 3)
(12, 4)
(12, 5)
(11, 5)
(10, 5)
(10, 6)
(10, 7)
(11, 7)
(12, 7)
(12, 8)
(12, 9)
(12, 10)
(12, 11)
(12, 12)
(12, 13)
(11, 13)
(10, 13)
(10, 14)
(10, 15)
(9, 15)
(8, 15)
kaikki ok
Reitin pituus: 17
(17, 3)
(16, 3)
(15, 3)
(14, 3)
(14, 4)
(14, 5)
(14, 6)
(14, 7)
(14, 8)
(14, 9)
(13, 9)
(12, 9)
(12, 10)
(12, 11)
(11, 11)
(10, 11)
(9, 11)
(8, 11)
kaikki ok
Reitin pituus: 9
(6, 7)
(6, 8)
(6, 9)
(6, 10)
(6, 11)
(6, 12)
(6, 13)
(5, 13)
(4, 13)
(3, 13)
kaikki ok
Reitin pituus: 20
(16, 13)
(15, 13)
(14, 13)
(14, 14)
(14, 15)
(13, 15)
(12, 15)
(11, 15)
(10, 15)
(9, 15)
(8, 15)
(7, 15)
(6, 15)
(5, 15)
(4, 15)
(4, 16)
(4, 17)
(3, 17)
(2, 17)
(1, 17)
(1, 18)
kaikki ok
Reitin pituus: 10
(4, 17)
(4, 16)
(4, 15)
(5, 15)
(6, 15)
(6, 16)
(6, 17)
(7, 17)
(8, 17)
(8, 18)
(8, 19)
kaikki ok
Reitin pituus: 1
(4, 5)
(4, 4)
kaikki ok
Reitin pituus: 0
(1, 15)
kaikki ok
Reitin pituus: 17
(4, 7)
(4, 8)
(4, 9)
(5, 9)
(6, 9)
(6, 8)
(6, 7)
(7, 7)
(8, 7)
(9, 7)
(10, 7)
(11, 7)
(12, 7)
(12, 8)
(12, 9)
(13, 9)
(14, 9)
(14, 8)
kaikki ok
Reitin pituus: 11
(6, 13)
(7, 13)
(8, 13)
(8, 14)
(8, 15)
(9, 15)
(10, 15)
(11, 15)
(12, 15)
(13, 15)
(14, 15)
(14, 14)
kaikki ok
Reitin pituus: 4
(7, 1)
(8, 1)
(8, 2)
(8, 3)
(9, 3)
kaikki ok
Reitin pituus: 16
(1, 2)
(1, 3)
(2, 3)
(3, 3)
(4, 3)
(5, 3)
(6, 3)
(7, 3)
(8, 3)
(9, 3)
(10, 3)
(10, 2)
(10, 1)
(11, 1)
(12, 1)
(13, 1)
(14, 1)
kaikki ok
Reitin pituus: 23
(13, 3)
(14, 3)
(14, 4)
(14, 5)
(14, 6)
(14, 7)
(14, 8)
(14, 9)
(14, 10)
(14, 11)
(14, 12)
(14, 13)
(14, 14)
(14, 15)
(13, 15)
(12, 15)
(12, 16)
(12, 17)
(11, 17)
(10, 17)
(10, 18)
(10, 19)
(9, 19)
(8, 19)
kaikki ok
Reitin pituus: 23
(17, 18)
(17, 17)
(16, 17)
(15, 17)
(14, 17)
(14, 16)
(14, 15)
(14, 14)
(14, 13)
(14, 12)
(14, 11)
(14, 10)
(14, 9)
(14, 8)
(14, 7)
(14, 6)
(14, 5)
(14, 4)
(14, 3)
(13, 3)
(12, 3)
(11, 3)
(10, 3)
(10, 2)
kaikki ok
Reitin pituus: 6
(3, 17)
(4, 17)
(4, 16)
(4, 15)
(5, 15)
(6, 15)
(7, 15)
kaikki ok
Reitin pituus: 16
(6, 11)
(6, 10)
(6, 9)
(6, 8)
(6, 7)
(7, 7)
(8, 7)
(9, 7)
(10, 7)
(10, 6)
(10, 5)
(11, 5)
(12, 5)
(12, 4)
(12, 3)
(11, 3)
(10, 3)
kaikki ok
Reitin pituus: 14
(2, 1)
(3, 1)
(4, 1)
(4, 2)
(4, 3)
(4, 4)
(4, 5)
(4, 6)
(4, 7)
(4, 8)
(4, 9)
(4, 10)
(4, 11)
(4, 12)
(4, 13)
kaikki ok
Reitin pituus: 1
(1, 2)
(1, 3)
kaikki ok
Reitin pituus: 15
(17, 4)
(17, 3)
(16, 3)
(15, 3)
(14, 3)
(13, 3)
(12, 3)
(12, 4)
(12, 5)
(11, 5)
(10, 5)
(10, 6)
(10, 7)
(9, 7)
(8, 7)
(7, 7)
kaikki ok
Reitin pituus: 9
(17, 18)
(17, 17)
(16, 17)
(15, 17)
(14, 17)
(14, 16)
(14, 15)
(13, 15)
(12, 15)
(12, 16)
kaikki ok
Reitin pituus: 4
(17, 2)
(17, 3)
(16, 3)
(15, 3)
(14, 3)
kaikki ok
Reitin pituus: 12
(8, 13)
(8, 14)
(8, 15)
(9, 15)
(10, 15)
(10, 14)
(10, 13)
(11, 13)
(12, 13)
(13, 13)
(14, 13)
(15, 13)
(16, 13)
kaikki ok
Reitin pituus: 13
(11, 5)
(12, 5)
(12, 4)
(12, 3)
(11, 3)
(10, 3)
(9, 3)
(8, 3)
(7, 3)
(6, 3)
(5, 3)
(4, 3)
(3, 3)
(2, 3)
kaikki ok
Reitin pituus: 23
(4, 4)
(4, 5)
(4, 6)
(4, 7)
(4, 8)
(4, 9)
(4, 10)
(4, 11)
(4, 12)
(4, 13)
(4, 14)
(4, 15)
(5, 15)
(6, 15)
(6, 16)
(6, 17)
(7, 17)
(8, 17)
(8, 18)
(8, 19)
(9, 19)
(10, 19)
(11, 19)
(12, 19)
kaikki ok
Reitin pituus: 8
(14, 4)
(14, 5)
(14, 6)
(14, 7)
(14, 8)
(14, 9)
(13, 9)
(12, 9)
(12, 8)
kaikki ok
Reitin pituus: 25
(10, 19)
(10, 18)
(10, 17)
(11, 17)
(12, 17)
(12, 16)
(12, 15)
(13, 15)
(14, 15)
(14, 14)
(14, 13)
(14, 12)
(14, 11)
(14, 10)
(14, 9)
(14, 8)
(14, 7)
(14, 6)
(14, 5)
(14, 4)
(14, 3)
(13, 3)
(12, 3)
(11, 3)
(10, 3)
(9, 3)
kaikki ok
Reitin pituus: 19
(4, 19)
(5, 19)
(6, 19)
(7, 19)
(8, 19)
(9, 19)
(10, 19)
(10, 18)
(10, 17)
(11, 17)
(12, 17)
(12, 16)
(12, 15)
(13, 15)
(14, 15)
(14, 14)
(14, 13)
(15, 13)
(16, 13)
(17, 13)
kaikki ok
Reitin pituus: 14
(14, 10)
(14, 11)
(14, 12)
(14, 13)
(14, 14)
(14, 15)
(13, 15)
(12, 15)
(11, 15)
(10, 15)
(9, 15)
(8, 15)
(7, 15)
(6, 15)
(6, 16)
kaikki ok
Reitin pituus: 23
(10, 9)
(9, 9)
(9, 8)
(9, 7)
(8, 7)
(7, 7)
(6, 7)
(6, 8)
(6, 9)
(6, 10)
(6, 11)
(6, 12)
(6, 13)
(7, 13)
(8, 13)
(8, 14)
(8, 15)
(7, 15)
(6, 15)
(6, 16)
(6, 17)
(7, 17)
(8, 17)
(8, 18)
kaikki ok
Reitin pituus: 7
(12, 8)
(12, 9)
(12, 10)
(12, 11)
(12, 12)
(12, 13)
(11, 13)
(10, 13)
kaikki ok
Reitin pituus: 12
(10, 15)
(9, 15)
(8, 15)
(8, 14)
(8, 13)
(7, 13)
(6, 13)
(6, 12)
(6, 11)
(6, 10)
(6, 9)
(6, 8)
(6, 7)
kaikki ok
Reitin pituus: 12
(1, 15)
(1, 14)
(1, 13)
(2, 13)
(3, 13)
(4, 13)
(5, 13)
(6, 13)
(6, 12)
(6, 11)
(6, 10)
(6, 9)
(6, 8)
kaikki ok
Reitin pituus: 19
(1, 5)
(1, 4)
(1, 3)
(2, 3)
(3, 3)
(4, 3)
(5, 3)
(6, 3)
(7, 3)
(8, 3)
(9, 3)
(10, 3)
(11, 3)
(12, 3)
(13, 3)
(14, 3)
(14, 4)
(14, 5)
(14, 6)
(14, 7)
kaikki ok
Reitin pituus: 27
(4, 16)
(4, 15)
(5, 15)
(6, 15)
(7, 15)
(8, 15)
(9, 15)
(10, 15)
(10, 14)
(10, 13)
(11, 13)
(12, 13)
(12, 12)
(12, 11)
(12, 10)
(12, 9)
(13, 9)
(14, 9)
(14, 8)
(14, 7)
(14, 6)
(14, 5)
(14, 4)
(14, 3)
(14, 2)
(14, 1)
(15, 1)
(16, 1)
kaikki ok
Reitin pituus: 18
(1, 2)
(1, 3)
(1, 4)
(1, 5)
(2, 5)
(3, 5)
(4, 5)
(4, 6)
(4, 7)
(4, 8)
(4, 9)
(4, 10)
(4, 11)
(4, 12)
(4, 13)
(4, 14)
(4, 15)
(4, 16)
(4, 17)
kaikki ok
Reitin pituus: 27
(6, 17)
(6, 16)
(6, 15)
(7, 15)
(8, 15)
(9, 15)
(10, 15)
(10, 14)
(10, 13)
(11, 13)
(12, 13)
(12, 12)
(12, 11)
(12, 10)
(12, 9)
(13, 9)
(14, 9)
(14, 8)
(14, 7)
(14, 6)
(14, 5)
(14, 4)
(14, 3)
(14, 2)
(14, 1)
(15, 1)
(16, 1)
(17, 1)
kaikki ok
Reitin pituus: 15
(8, 7)
(9, 7)
(10, 7)
(11, 7)
(12, 7)
(12, 8)
(12, 9)
(12, 10)
(12, 11)
(12, 12)
(12, 13)
(13, 13)
(14, 13)
(14, 14)
(14, 15)
(14, 16)
kaikki ok
Reitin pituus: 23
(10, 2)
(10, 3)
(11, 3)
(12, 3)
(13, 3)
(14, 3)
(14, 4)
(14, 5)
(14, 6)
(14, 7)
(14, 8)
(14, 9)
(14, 10)
(14, 11)
(14, 12)
(14, 13)
(14, 14)
(14, 15)
(13, 15)
(12, 15)
(12, 16)
(12, 17)
(11, 17)
(10, 17)
kaikki ok
Reitin pituus: 13
(5, 13)
(6, 13)
(6, 12)
(6, 11)
(6, 10)
(6, 9)
(6, 8)
(6, 7)
(7, 7)
(8, 7)
(8, 6)
(8, 5)
(7, 5)
(6, 5)
kaikki ok
Reitin pituus: 24
(13, 3)
(14, 3)
(14, 4)
(14, 5)
(14, 6)
(14, 7)
(14, 8)
(14, 9)
(14, 10)
(14, 11)
(14, 12)
(14, 13)
(14, 14)
(14, 15)
(13, 15)
(12, 15)
(11, 15)
(10, 15)
(9, 15)
(8, 15)
(7, 15)
(6, 15)
(6, 16)
(6, 17)
(7, 17)
kaikki ok
Reitin pituus: 28
(1, 1)
(1, 2)
(1, 3)
(1, 4)
(1, 5)
(2, 5)
(3, 5)
(4, 5)
(4, 6)
(4, 7)
(4, 8)
(4, 9)
(4, 10)
(4, 11)
(4, 12)
(4, 13)
(4, 14)
(4, 15)
(5, 15)
(6, 15)
(6, 16)
(6, 17)
(7, 17)
(8, 17)
(8, 18)
(8, 19)
(9, 19)
(10, 19)
(10, 18)
kaikki ok
Reitin pituus: 14
(11, 5)
(10, 5)
(10, 6)
(10, 7)
(11, 7)
(12, 7)
(12, 8)
(12, 9)
(13, 9)
(14, 9)
(14, 10)
(14, 11)
(14, 12)
(14, 13)
(15, 13)
kaikki ok
Reitin pituus: 18
(8, 13)
(7, 13)
(6, 13)
(6, 12)
(6, 11)
(6, 10)
(6, 9)
(6, 8)
(6, 7)
(7, 7)
(8, 7)
(9, 7)
(10, 7)
(10, 6)
(10, 5)
(11, 5)
(12, 5)
(12, 4)
(12, 3)
kaikki ok
Reitin pituus: 21
(17, 14)
(17, 13)
(16, 13)
(15, 13)
(14, 13)
(13, 13)
(12, 13)
(12, 12)
(12, 11)
(11, 11)
(10, 11)
(9, 11)
(8, 11)
(7, 11)
(6, 11)
(6, 12)
(6, 13)
(5, 13)
(4, 13)
(3, 13)
(2, 13)
(1, 13)
kaikki ok
Reitin pituus: 6
(1, 15)
(1, 14)
(1, 13)
(2, 13)
(3, 13)
(4, 13)
(5, 13)
kaikki ok
Reitin pituus: 4
(15, 17)
(14, 17)
(14, 16)
(14, 15)
(13, 15)
kaikki ok
Reitin pituus: 17
(7, 15)
(6, 15)
(5, 15)
(4, 15)
(4, 14)
(4, 13)
(4, 12)
(4, 11)
(4, 10)
(4, 9)
(4, 8)
(4, 7)
(4, 6)
(4, 5)
(4, 4)
(4, 3)
(4, 2)
(4, 1)
kaikki ok
Reitin pituus: 21
(11, 7)
(12, 7)
(12, 8)
(12, 9)
(13, 9)
(14, 9)
(14, 10)
(14, 11)
(14, 12)
(14, 13)
(14, 14)
(14, 15)
(13, 15)
(12, 15)
(12, 16)
(12, 17)
(11, 17)
(10, 17)
(10, 18)
(10, 19)
(9, 19)
(8, 19)
kaikki ok
Reitin pituus: 29
(3, 1)
(4, 1)
(4, 2)
(4, 3)
(4, 4)
(4, 5)
(4, 6)
(4, 7)
(4, 8)
(4, 9)
(4, 10)
(4, 11)
(4, 12)
(4, 13)
(4, 14)
(4, 15)
(5, 15)
(6, 15)
(6, 16)
(6, 17)
(7, 17)
(8, 17)
(8, 18)
(8, 19)
(9, 19)
(10, 19)
(11, 19)
(12, 19)
(13, 19)
(14, 19)
kaikki ok
Reitin pituus: 6
(4, 10)
(4, 11)
(4, 12)
(4, 13)
(4, 14)
(4, 15)
(4, 16)
kaikki ok
Reitin pituus: 11
(2, 3)
(3, 3)
(4, 3)
(5, 3)
(6, 3)
(7, 3)
(8, 3)
(9, 3)
(10, 3)
(11, 3)
(12, 3)
(13, 3)
kaikki ok
Reitin pituus: 3
(14, 3)
(15, 3)
(16, 3)
(17, 3)
kaikki ok
Reitin pituus: 10
(8, 14)
(8, 15)
(9, 15)
(10, 15)
(11, 15)
(12, 15)
(12, 16)
(12, 17)
(11, 17)
(10, 17)
(10, 18)
kaikki ok
Reitin pituus: 22
(14, 3)
(13, 3)
(12, 3)
(12, 4)
(12, 5)
(11, 5)
(10, 5)
(10, 6)
(10, 7)
(9, 7)
(8, 7)
(7, 7)
(6, 7)
(6, 8)
(6, 9)
(6, 10)
(6, 11)
(6, 12)
(6, 13)
(5, 13)
(4, 13)
(4, 14)
(4, 15)
kaikki ok
Reitin pituus: 13
(16, 17)
(15, 17)
(14, 17)
(14, 16)
(14, 15)
(14, 14)
(14, 13)
(13, 13)
(12, 13)
(12, 12)
(12, 11)
(11, 11)
(10, 11)
(9, 11)
kaikki ok
Reitin pituus: 23
(16, 13)
(15, 13)
(14, 13)
(13, 13)
(12, 13)
(12, 12)
(12, 11)
(11, 11)
(10, 11)
(9, 11)
(8, 11)
(7, 11)
(6, 11)
(6, 10)
(6, 9)
(5, 9)
(4, 9)
(4, 8)
(4, 7)
(4, 6)
(4, 5)
(3, 5)
(2, 5)
(1, 5)
kaikki ok
Reitin pituus: 20
(5, 3)
(4, 3)
(4, 4)
(4, 5)
(4, 6)
(4, 7)
(4, 8)
(4, 9)
(4, 10)
(4, 11)
(4, 12)
(4, 13)
(4, 14)
(4, 15)
(5, 15)
(6, 15)
(7, 15)
(8, 15)
(9, 15)
(10, 15)
(11, 15)
kaikki ok
Reitin pituus: 21
(2, 16)
(2, 17)
(3, 17)
(4, 17)
(4, 16)
(4, 15)
(4, 14)
(4, 13)
(5, 13)
(6, 13)
(6, 12)
(6, 11)
(6, 10)
(6, 9)
(6, 8)
(6, 7)
(7, 7)
(8, 7)
(9, 7)
(10, 7)
(10, 6)
(10, 5)
kaikki ok
Reitin pituus: 11
(8, 15)
(9, 15)
(10, 15)
(11, 15)
(12, 15)
(13, 15)
(14, 15)
(14, 14)
(14, 13)
(14, 12)
(14, 11)
(14, 10)
kaikki ok
Reitin pituus: 16
(12, 3)
(13, 3)
(14, 3)
(14, 4)
(14, 5)
(14, 6)
(14, 7)
(14, 8)
(14, 9)
(14, 10)
(14, 11)
(14, 12)
(14, 13)
(14, 14)
(14, 15)
(13, 15)
(12, 15)
kaikki ok
Reitin pituus: 20
(15, 17)
(14, 17)
(14, 16)
(14, 15)
(13, 15)
(12, 15)
(11, 15)
(10, 15)
(9, 15)
(8, 15)
(7, 15)
(6, 15)
(5, 15)
(4, 15)
(4, 16)
(4, 17)
(3, 17)
(2, 17)
(2, 16)
(2, 15)
(1, 15)
kaikki ok
Reitin pituus: 12
(8, 17)
(7, 17)
(6, 17)
(6, 16)
(6, 15)
(5, 15)
(4, 15)
(4, 16)
(4, 17)
(3, 17)
(2, 17)
(2, 16)
(2, 15)
kaikki ok
Reitin pituus: 15
(11, 7)
(12, 7)
(12, 8)
(12, 9)
(13, 9)
(14, 9)
(14, 10)
(14, 11)
(14, 12)
(14, 13)
(14, 14)
(14, 15)
(13, 15)
(12, 15)
(12, 16)
(12, 17)
kaikki ok
Reitin pituus: 28
(16, 5)
(15, 5)
(14, 5)
(14, 6)
(14, 7)
(14, 8)
(14, 9)
(14, 10)
(14, 11)
(14, 12)
(14, 13)
(14, 14)
(14, 15)
(13, 15)
(12, 15)
(12, 16)
(12, 17)
(11, 17)
(10, 17)
(10, 18)
(10, 19)
(9, 19)
(8, 19)
(7, 19)
(6, 19)
(5, 19)
(4, 19)
(3, 19)
(2, 19)
kaikki ok
Reitin pituus: 3
(14, 16)
(14, 15)
(14, 14)
(14, 13)
kaikki ok
Reitin pituus: 15
(12, 11)
(12, 10)
(12, 9)
(12, 8)
(12, 7)
(11, 7)
(10, 7)
(9, 7)
(8, 7)
(8, 6)
(8, 5)
(7, 5)
(6, 5)
(6, 4)
(6, 3)
(5, 3)
kaikki ok
Reitin pituus: 16
(1, 17)
(2, 17)
(3, 17)
(4, 17)
(4, 16)
(4, 15)
(4, 14)
(4, 13)
(4, 12)
(4, 11)
(4, 10)
(4, 9)
(4, 8)
(4, 7)
(4, 6)
(4, 5)
(4, 4)
kaikki ok
Reitin pituus: 18
(15, 17)
(14, 17)
(14, 16)
(14, 15)
(14, 14)
(14, 13)
(14, 12)
(14, 11)
(14, 10)
(14, 9)
(14, 8)
(14, 7)
(14, 6)
(14, 5)
(14, 4)
(14, 3)
(13, 3)
(12, 3)
(12, 4)
kaikki ok
Reitin pituus: 4
(14, 14)
(14, 13)
(13, 13)
(12, 13)
(12, 12)
kaikki ok
Reitin pituus: 12
(4, 3)
(5, 3)
(6, 3)
(6, 4)
(6, 5)
(7, 5)
(8, 5)
(8, 6)
(8, 7)
(9, 7)
(9, 8)
(9, 9)
(8, 9)
kaikki ok
Reitin pituus: 20
(7, 11)
(8, 11)
(9, 11)
(10, 11)
(11, 11)
(12, 11)
(12, 12)
(12, 13)
(13, 13)
(14, 13)
(14, 14)
(14, 15)
(14, 16)
(14, 17)
(15, 17)
(16, 17)
(17, 17)
(17, 18)
(17, 19)
(16, 19)
(15, 19)
kaikki ok
Reitin pituus: 19
(13, 3)
(14, 3)
(14, 4)
(14, 5)
(14, 6)
(14, 7)
(14, 8)
(14, 9)
(14, 10)
(14, 11)
(14, 12)
(14, 13)
(14, 14)
(14, 15)
(13, 15)
(12, 15)
(11, 15)
(10, 15)
(9, 15)
(8, 15)
kaikki ok
Reitin pituus: 16
(8, 13)
(8, 14)
(8, 15)
(7, 15)
(6, 15)
(6, 16)
(6, 17)
(7, 17)
(8, 17)
(8, 18)
(8, 19)
(9, 19)
(10, 19)
(11, 19)
(12, 19)
(13, 19)
(14, 19)
kaikki ok
Reitin pituus: 1
(10, 15)
(9, 15)
kaikki ok
Reitin pituus: 3
(14, 11)
(14, 12)
(14, 13)
(13, 13)
kaikki ok
Reitin pituus: 19
(12, 13)
(12, 12)
(12, 11)
(12, 10)
(12, 9)
(12, 8)
(12, 7)
(11, 7)
(10, 7)
(9, 7)
(8, 7)
(8, 6)
(8, 5)
(7, 5)
(6, 5)
(6, 4)
(6, 3)
(7, 3)
(8, 3)
(8, 2)
kaikki ok
Reitin pituus: 6
(17, 13)
(17, 14)
(17, 15)
(16, 15)
(16, 16)
(16, 17)
(17, 17)
kaikki ok
Reitin pituus: 6
(5, 9)
(4, 9)
(4, 8)
(4, 7)
(4, 6)
(4, 5)
(3, 5)
kaikki ok
Reitin pituus: 11
(14, 5)
(14, 6)
(14, 7)
(14, 8)
(14, 9)
(14, 10)
(14, 11)
(14, 12)
(14, 13)
(14, 14)
(14, 15)
(14, 16)
kaikki ok
Reitin pituus: 26
(4, 16)
(4, 15)
(5, 15)
(6, 15)
(7, 15)
(8, 15)
(9, 15)
(10, 15)
(10, 14)
(10, 13)
(11, 13)
(12, 13)
(12, 12)
(12, 11)
(12, 10)
(12, 9)
(13, 9)
(14, 9)
(14, 8)
(14, 7)
(14, 6)
(14, 5)
(14, 4)
(14, 3)
(15, 3)
(16, 3)
(17, 3)
kaikki ok
Reitin pituus: 6
(8, 2)
(8, 3)
(7, 3)
(6, 3)
(5, 3)
(4, 3)
(4, 2)
kaikki ok
Reitin pituus: 8
(13, 9)
(14, 9)
(14, 8)
(14, 7)
(14, 6)
(14, 5)
(14, 4)
(14, 3)
(13, 3)
kaikki ok
Reitin pituus: 16
(9, 9)
(9, 8)
(9, 7)
(10, 7)
(10, 6)
(10, 5)
(11, 5)
(12, 5)
(12, 4)
(12, 3)
(13, 3)
(14, 3)
(14, 4)
(14, 5)
(15, 5)
(16, 5)
(17, 5)
kaikki ok
Reitin pituus: 18
(14, 6)
(14, 7)
(14, 8)
(14, 9)
(14, 10)
(14, 11)
(14, 12)
(14, 13)
(14, 14)
(14, 15)
(14, 16)
(14, 17)
(15, 17)
(16, 17)
(17, 17)
(17, 18)
(17, 19)
(16, 19)
(15, 19)
kaikki ok
Reitin pituus: 15
(6, 5)
(7, 5)
(8, 5)
(8, 6)
(8, 7)
(9, 7)
(10, 7)
(11, 7)
(12, 7)
(12, 8)
(12, 9)
(12, 10)
(12, 11)
(12, 12)
(12, 13)
(11, 13)
kaikki ok
Reitin pituus: 9
(10, 19)
(10, 18)
(10, 17)
(11, 17)
(12, 17)
(12, 16)
(12, 15)
(13, 15)
(14, 15)
(14, 14)
kaikki ok
Reitin pituus: 1
(11, 7)
(10, 7)
kaikki ok
Reitin pituus: 6
(8, 1)
(7, 1)
(6, 1)
(5, 1)
(4, 1)
(4, 2)
(4, 3)
kaikki ok
Reitin pituus: 22
(4, 6)
(4, 7)
(4, 8)
(4, 9)
(5, 9)
(6, 9)
(6, 10)
(6, 11)
(7, 11)
(8, 11)
(9, 11)
(10, 11)
(11, 11)
(12, 11)
(12, 12)
(12, 13)
(13, 13)
(14, 13)
(15, 13)
(16, 13)
(17, 13)
(17, 14)
(17, 15)
kaikki ok
Reitin pituus: 22
(16, 19)
(17, 19)
(17, 18)
(17, 17)
(16, 17)
(15, 17)
(14, 17)
(14, 16)
(14, 15)
(14, 14)
(14, 13)
(13, 13)
(12, 13)
(12, 12)
(12, 11)
(12, 10)
(12, 9)
(12, 8)
(12, 7)
(11, 7)
(10, 7)
(9, 7)
(9, 8)
kaikki ok
Reitin pituus: 8
(7, 1)
(8, 1)
(8, 2)
(8, 3)
(9, 3)
(10, 3)
(11, 3)
(12, 3)
(13, 3)
kaikki ok
Reitin pituus: 22
(3, 17)
(4, 17)
(4, 16)
(4, 15)
(4, 14)
(4, 13)
(4, 12)
(4, 11)
(4, 10)
(4, 9)
(4, 8)
(4, 7)
(4, 6)
(4, 5)
(4, 4)
(4, 3)
(5, 3)
(6, 3)
(7, 3)
(8, 3)
(9, 3)
(10, 3)
(11, 3)
kaikki ok
Reitin pituus: 22
(3, 3)
(4, 3)
(5, 3)
(6, 3)
(6, 4)
(6, 5)
(7, 5)
(8, 5)
(8, 6)
(8, 7)
(9, 7)
(10, 7)
(11, 7)
(12, 7)
(12, 8)
(12, 9)
(12, 10)
(12, 11)
(12, 12)
(12, 13)
(13, 13)
(14, 13)
(15, 13)
kaikki ok
Reitin pituus: 9
(10, 7)
(11, 7)
(12, 7)
(12, 8)
(12, 9)
(12, 10)
(12, 11)
(11, 11)
(10, 11)
(9, 11)
kaikki ok
Reitin pituus: 11
(7, 13)
(6, 13)
(6, 12)
(6, 11)
(6, 10)
(6, 9)
(5, 9)
(4, 9)
(4, 8)
(4, 7)
(4, 6)
(4, 5)
kaikki ok
Reitin pituus: 12
(11, 13)
(12, 13)
(13, 13)
(14, 13)
(14, 12)
(14, 11)
(14, 10)
(14, 9)
(14, 8)
(14, 7)
(14, 6)
(14, 5)
(15, 5)
kaikki ok
Reitin pituus: 14
(1, 18)
(1, 17)
(2, 17)
(3, 17)
(4, 17)
(4, 16)
(4, 15)
(5, 15)
(6, 15)
(7, 15)
(8, 15)
(9, 15)
(10, 15)
(11, 15)
(12, 15)
kaikki ok
Reitin pituus: 17
(12, 13)
(11, 13)
(10, 13)
(10, 14)
(10, 15)
(9, 15)
(8, 15)
(7, 15)
(6, 15)
(5, 15)
(4, 15)
(4, 16)
(4, 17)
(3, 17)
(2, 17)
(1, 17)
(1, 18)
(1, 19)
kaikki ok
Reitin pituus: 16
(2, 16)
(2, 17)
(3, 17)
(4, 17)
(4, 16)
(4, 15)
(5, 15)
(6, 15)
(7, 15)
(8, 15)
(9, 15)
(10, 15)
(10, 14)
(10, 13)
(11, 13)
(12, 13)
(12, 12)
kaikki ok
Reitin pituus: 20
(14, 8)
(14, 7)
(14, 6)
(14, 5)
(14, 4)
(14, 3)
(13, 3)
(12, 3)
(11, 3)
(10, 3)
(9, 3)
(8, 3)
(7, 3)
(6, 3)
(5, 3)
(4, 3)
(4, 2)
(4, 1)
(3, 1)
(2, 1)
(1, 1)
kaikki ok
Reitin pituus: 7
(11, 15)
(10, 15)
(9, 15)
(8, 15)
(7, 15)
(6, 15)
(6, 16)
(6, 17)
kaikki ok
Reitin pituus: 13
(10, 7)
(9, 7)
(8, 7)
(7, 7)
(6, 7)
(6, 8)
(6, 9)
(5, 9)
(4, 9)
(4, 10)
(4, 11)
(4, 12)
(4, 13)
(3, 13)
kaikki ok
Reitin pituus: 10
(12, 9)
(12, 8)
(12, 7)
(11, 7)
(10, 7)
(10, 6)
(10, 5)
(11, 5)
(12, 5)
(12, 4)
(12, 3)
kaikki ok
Reitin pituus: 4
(10, 2)
(10, 3)
(9, 3)
(8, 3)
(8, 2)
kaikki ok
Reitin pituus: 3
(6, 13)
(5, 13)
(4, 13)
(3, 13)
kaikki ok
Reitin pituus: 22
(17, 18)
(17, 17)
(16, 17)
(15, 17)
(14, 17)
(14, 16)
(14, 15)
(13, 15)
(12, 15)
(11, 15)
(10, 15)
(9, 15)
(8, 15)
(7, 15)
(6, 15)
(5, 15)
(4, 15)
(4, 14)
(4, 13)
(3, 13)
(2, 13)
(1, 13)
(1, 14)
kaikki ok
Reitin pituus: 19
(4, 11)
(4, 12)
(4, 13)
(5, 13)
(6, 13)
(7, 13)
(8, 13)
(8, 14)
(8, 15)
(9, 15)
(10, 15)
(11, 15)
(12, 15)
(13, 15)
(14, 15)
(14, 16)
(14, 17)
(15, 17)
(16, 17)
(16, 16)
kaikki ok
Reitin pituus: 6
(8, 17)
(7, 17)
(6, 17)
(6, 16)
(6, 15)
(5, 15)
(4, 15)
kaikki ok
Reitin pituus: 20
(1, 19)
(1, 18)
(1, 17)
(2, 17)
(3, 17)
(4, 17)
(4, 16)
(4, 15)
(4, 14)
(4, 13)
(4, 12)
(4, 11)
(4, 10)
(4, 9)
(4, 8)
(4, 7)
(4, 6)
(4, 5)
(4, 4)
(4, 3)
(5, 3)
kaikki ok
Reitin pituus: 11
(12, 12)
(12, 11)
(12, 10)
(12, 9)
(12, 8)
(12, 7)
(11, 7)
(10, 7)
(10, 6)
(10, 5)
(11, 5)
(12, 5)
kaikki ok
Reitin pituus: 12
(17, 4)
(17, 3)
(16, 3)
(15, 3)
(14, 3)
(13, 3)
(12, 3)
(11, 3)
(10, 3)
(9, 3)
(8, 3)
(8, 2)
(8, 1)
kaikki ok
Reitin pituus: 8
(12, 16)
(12, 15)
(13, 15)
(14, 15)
(14, 14)
(14, 13)
(14, 12)
(14, 11)
(14, 10)
kaikki ok
Reitin pituus: 20
(17, 15)
(16, 15)
(16, 16)
(16, 17)
(15, 17)
(14, 17)
(14, 16)
(14, 15)
(13, 15)
(12, 15)
(11, 15)
(10, 15)
(9, 15)
(8, 15)
(7, 15)
(6, 15)
(5, 15)
(4, 15)
(4, 14)
(4, 13)
(3, 13)
kaikki ok
Reitin pituus: 12
(8, 15)
(9, 15)
(10, 15)
(11, 15)
(12, 15)
(13, 15)
(14, 15)
(14, 16)
(14, 17)
(15, 17)
(16, 17)
(16, 16)
(16, 15)
kaikki ok
Reitin pituus: 20
(14, 12)
(14, 11)
(14, 10)
(14, 9)
(14, 8)
(14, 7)
(14, 6)
(14, 5)
(14, 4)
(14, 3)
(13, 3)
(12, 3)
(11, 3)
(10, 3)
(9, 3)
(8, 3)
(7, 3)
(6, 3)
(5, 3)
(4, 3)
(4, 2)
kaikki ok
Reitin pituus: 8
(14, 19)
(13, 19)
(12, 19)
(11, 19)
(10, 19)
(9, 19)
(8, 19)
(7, 19)
(6, 19)
kaikki ok
Reitin pituus: 14
(8, 18)
(8, 17)
(7, 17)
(6, 17)
(6, 16)
(6, 15)
(7, 15)
(8, 15)
(9, 15)
(10, 15)
(10, 14)
(10, 13)
(11, 13)
(12, 13)
(12, 12)
kaikki ok
Reitin pituus: 21
(8, 14)
(8, 15)
(9, 15)
(10, 15)
(10, 14)
(10, 13)
(11, 13)
(12, 13)
(13, 13)
(14, 13)
(14, 12)
(14, 11)
(14, 10)
(14, 9)
(14, 8)
(14, 7)
(14, 6)
(14, 5)
(14, 4)
(14, 3)
(15, 3)
(16, 3)
kaikki ok
Reitin pituus: 10
(7, 13)
(8, 13)
(8, 14)
(8, 15)
(7, 15)
(6, 15)
(6, 16)
(6, 17)
(7, 17)
(8, 17)
(8, 18)
kaikki ok
Reitin pituus: 23
(12, 3)
(12, 4)
(12, 5)
(11, 5)
(10, 5)
(10, 6)
(10, 7)
(9, 7)
(8, 7)
(7, 7)
(6, 7)
(6, 8)
(6, 9)
(6, 10)
(6, 11)
(6, 12)
(6, 13)
(5, 13)
(4, 13)
(4, 14)
(4, 15)
(4, 16)
(4, 17)
(3, 17)
kaikki ok
Reitin pituus: 10
(3, 13)
(4, 13)
(4, 14)
(4, 15)
(5, 15)
(6, 15)
(7, 15)
(8, 15)
(9, 15)
(10, 15)
(10, 14)
kaikki ok
Reitin pituus: 17
(17, 3)
(16, 3)
(15, 3)
(14, 3)
(13, 3)
(12, 3)
(11, 3)
(10, 3)
(9, 3)
(8, 3)
(7, 3)
(6, 3)
(5, 3)
(4, 3)
(4, 4)
(4, 5)
(3, 5)
(2, 5)
kaikki ok
Reitin pituus: 15
(2, 1)
(3, 1)
(4, 1)
(4, 2)
(4, 3)
(4, 4)
(4, 5)
(4, 6)
(4, 7)
(4, 8)
(4, 9)
(4, 10)
(4, 11)
(4, 12)
(4, 13)
(4, 14)
kaikki ok
Reitin pituus: 14
(1, 19)
(1, 18)
(1, 17)
(2, 17)
(3, 17)
(4, 17)
(4, 16)
(4, 15)
(4, 14)
(4, 13)
(4, 12)
(4, 11)
(4, 10)
(4, 9)
(5, 9)
kaikki ok
Reitin pituus: 0
(6, 1)
kaikki ok
Reitin pituus: 22
(9, 8)
(9, 7)
(8, 7)
(7, 7)
(6, 7)
(6, 8)
(6, 9)
(5, 9)
(4, 9)
(4, 10)
(4, 11)
(4, 12)
(4, 13)
(4, 14)
(4, 15)
(4, 16)
(4, 17)
(3, 17)
(2, 17)
(1, 17)
(1, 18)
(1, 19)
(2, 19)
kaikki ok
Reitin pituus: 27
(5, 19)
(6, 19)
(7, 19)
(8, 19)
(8, 18)
(8, 17)
(7, 17)
(6, 17)
(6, 16)
(6, 15)
(5, 15)
(4, 15)
(4, 14)
(4, 13)
(5, 13)
(6, 13)
(6, 12)
(6, 11)
(6, 10)
(6, 9)
(6, 8)
(6, 7)
(7, 7)
(8, 7)
(9, 7)
(9, 8)
(9, 9)
(8, 9)
kaikki ok
Reitin pituus: 24
(6, 7)
(6, 8)
(6, 9)
(6, 10)
(6, 11)
(6, 12)
(6, 13)
(7, 13)
(8, 13)
(8, 14)
(8, 15)
(9, 15)
(10, 15)
(11, 15)
(12, 15)
(12, 16)
(12, 17)
(11, 17)
(10, 17)
(10, 18)
(10, 19)
(11, 19)
(12, 19)
(13, 19)
(14, 19)
kaikki ok
Reitin pituus: 20
(9, 15)
(8, 15)
(8, 14)
(8, 13)
(7, 13)
(6, 13)
(6, 12)
(6, 11)
(6, 10)
(6, 9)
(5, 9)
(4, 9)
(4, 8)
(4, 7)
(4, 6)
(4, 5)
(4, 4)
(4, 3)
(4, 2)
(4, 1)
(3, 1)
kaikki ok
Reitin pituus: 27
(4, 19)
(3, 19)
(2, 19)
(1, 19)
(1, 18)
(1, 17)
(2, 17)
(3, 17)
(4, 17)
(4, 16)
(4, 15)
(4, 14)
(4, 13)
(5, 13)
(6, 13)
(6, 12)
(6, 11)
(6, 10)
(6, 9)
(6, 8)
(6, 7)
(7, 7)
(8, 7)
(9, 7)
(10, 7)
(10, 6)
(10, 5)
(11, 5)
kaikki ok
Reitin pituus: 30
(2, 3)
(3, 3)
(4, 3)
(5, 3)
(6, 3)
(6, 4)
(6, 5)
(7, 5)
(8, 5)
(8, 6)
(8, 7)
(9, 7)
(10, 7)
(11, 7)
(12, 7)
(12, 8)
(12, 9)
(12, 10)
(12, 11)
(12, 12)
(12, 13)
(13, 13)
(14, 13)
(14, 14)
(14, 15)
(14, 16)
(14, 17)
(15, 17)
(16, 17)
(17, 17)
(17, 18)
kaikki ok
Reitin pituus: 10
(7, 13)
(6, 13)
(6, 12)
(6, 11)
(7, 11)
(8, 11)
(9, 11)
(10, 11)
(11, 11)
(12, 11)
(12, 10)
kaikki ok
Reitin pituus: 21
(2, 15)
(1, 15)
(1, 14)
(1, 13)
(2, 13)
(3, 13)
(4, 13)
(4, 12)
(4, 11)
(4, 10)
(4, 9)
(4, 8)
(4, 7)
(4, 6)
(4, 5)
(4, 4)
(4, 3)
(3, 3)
(2, 3)
(1, 3)
(1, 2)
(1, 1)
kaikki ok
Reitin pituus: 19
(16, 17)
(15, 17)
(14, 17)
(14, 16)
(14, 15)
(14, 14)
(14, 13)
(14, 12)
(14, 11)
(14, 10)
(14, 9)
(13, 9)
(12, 9)
(12, 8)
(12, 7)
(11, 7)
(10, 7)
(9, 7)
(9, 8)
(9, 9)
kaikki ok
Reitin pituus: 17
(13, 15)
(14, 15)
(14, 14)
(14, 13)
(14, 12)
(14, 11)
(14, 10)
(14, 9)
(13, 9)
(12, 9)
(12, 8)
(12, 7)
(11, 7)
(10, 7)
(9, 7)
(8, 7)
(8, 6)
(8, 5)
kaikki ok
Reitin pituus: 17
(14, 9)
(14, 8)
(14, 7)
(14, 6)
(14, 5)
(14, 4)
(14, 3)
(13, 3)
(12, 3)
(11, 3)
(10, 3)
(9, 3)
(8, 3)
(8, 2)
(8, 1)
(7, 1)
(6, 1)
(5, 1)
kaikki ok
Reitin pituus: 9
(4, 11)
(4, 10)
(4, 9)
(4, 8)
(4, 7)
(4, 6)
(4, 5)
(3, 5)
(2, 5)
(1, 5)
kaikki ok
Reitin pituus: 20
(10, 1)
(11, 1)
(12, 1)
(13, 1)
(14, 1)
(14, 2)
(14, 3)
(14, 4)
(14, 5)
(14, 6)
(14, 7)
(14, 8)
(14, 9)
(14, 10)
(14, 11)
(14, 12)
(14, 13)
(15, 13)
(16, 13)
(17, 13)
(17, 14)
kaikki ok
Reitin pituus: 25
(10, 6)
(10, 7)
(9, 7)
(8, 7)
(7, 7)
(6, 7)
(6, 8)
(6, 9)
(6, 10)
(6, 11)
(6, 12)
(6, 13)
(7, 13)
(8, 13)
(8, 14)
(8, 15)
(7, 15)
(6, 15)
(6, 16)
(6, 17)
(7, 17)
(8, 17)
(8, 18)
(8, 19)
(7, 19)
(6, 19)
kaikki ok
Reitin pituus: 23
(5, 15)
(6, 15)
(7, 15)
(8, 15)
(9, 15)
(10, 15)
(11, 15)
(12, 15)
(13, 15)
(14, 15)
(14, 14)
(14, 13)
(14, 12)
(14, 11)
(14, 10)
(14, 9)
(14, 8)
(14, 7)
(14, 6)
(14, 5)
(14, 4)
(14, 3)
(15, 3)
(16, 3)
kaikki ok
Reitin pituus: 17
(16, 19)
(15, 19)
(14, 19)
(13, 19)
(12, 19)
(11, 19)
(10, 19)
(9, 19)
(8, 19)
(7, 19)
(6, 19)
(5, 19)
(4, 19)
(3, 19)
(2, 19)
(1, 19)
(1, 18)
(1, 17)
kaikki ok
Reitin pituus: 10
(7, 15)
(8, 15)
(8, 14)
(8, 13)
(7, 13)
(6, 13)
(6, 12)
(6, 11)
(7, 11)
(8, 11)
(9, 11)
kaikki ok
Reitin pituus: 17
(8, 7)
(9, 7)
(10, 7)
(11, 7)
(12, 7)
(12, 8)
(12, 9)
(12, 10)
(12, 11)
(12, 12)
(12, 13)
(13, 13)
(14, 13)
(14, 14)
(14, 15)
(14, 16)
(14, 17)
(15, 17)
kaikki ok
Reitin pituus: 10
(10, 17)
(11, 17)
(12, 17)
(12, 16)
(12, 15)
(11, 15)
(10, 15)
(9, 15)
(8, 15)
(8, 14)
(8, 13)
kaikki ok
Reitin pituus: 10
(5, 1)
(4, 1)
(4, 2)
(4, 3)
(4, 4)
(4, 5)
(4, 6)
(4, 7)
(4, 8)
(4, 9)
(4, 10)
kaikki ok
Reitin pituus: 13
(6, 17)
(6, 16)
(6, 15)
(7, 15)
(8, 15)
(9, 15)
(10, 15)
(11, 15)
(12, 15)
(13, 15)
(14, 15)
(14, 14)
(14, 13)
(15, 13)
kaikki ok
Reitin pituus: 12
(11, 13)
(10, 13)
(10, 14)
(10, 15)
(11, 15)
(12, 15)
(12, 16)
(12, 17)
(11, 17)
(10, 17)
(10, 18)
(10, 19)
(9, 19)
kaikki ok
Reitin pituus: 21
(14, 8)
(14, 9)
(13, 9)
(12, 9)
(12, 10)
(12, 11)
(11, 11)
(10, 11)
(9, 11)
(8, 11)
(7, 11)
(6, 11)
(6, 12)
(6, 13)
(5, 13)
(4, 13)
(4, 14)
(4, 15)
(4, 16)
(4, 17)
(3, 17)
(2, 17)
kaikki ok
Reitin pituus: 7
(4, 17)
(4, 16)
(4, 15)
(4, 14)
(4, 13)
(5, 13)
(6, 13)
(6, 12)
kaikki ok
Reitin pituus: 16
(4, 4)
(4, 5)
(4, 6)
(4, 7)
(4, 8)
(4, 9)
(5, 9)
(6, 9)
(6, 10)
(6, 11)
(7, 11)
(8, 11)
(9, 11)
(10, 11)
(11, 11)
(12, 11)
(12, 10)
kaikki ok
Reitin pituus: 24
(1, 1)
(2, 1)
(3, 1)
(4, 1)
(5, 1)
(6, 1)
(7, 1)
(8, 1)
(8, 2)
(8, 3)
(9, 3)
(10, 3)
(11, 3)
(12, 3)
(13, 3)
(14, 3)
(14, 4)
(14, 5)
(14, 6)
(14, 7)
(14, 8)
(14, 9)
(14, 10)
(14, 11)
(14, 12)
kaikki ok
Reitin pituus: 9
(10, 5)
(10, 6)
(10, 7)
(11, 7)
(12, 7)
(12, 8)
(12, 9)
(12, 10)
(12, 11)
(12, 12)
kaikki ok
Reitin pituus: 16
(6, 8)
(6, 7)
(7, 7)
(8, 7)
(9, 7)
(10, 7)
(10, 6)
(10, 5)
(11, 5)
(12, 5)
(12, 4)
(12, 3)
(13, 3)
(14, 3)
(14, 2)
(14, 1)
(15, 1)
kaikki ok
Reitin pituus: 11
(12, 1)
(11, 1)
(10, 1)
(10, 2)
(10, 3)
(9, 3)
(8, 3)
(8, 2)
(8, 1)
(7, 1)
(6, 1)
(5, 1)
kaikki ok
Reitin pituus: 9
(7, 15)
(8, 15)
(9, 15)
(10, 15)
(11, 15)
(12, 15)
(13, 15)
(14, 15)
(14, 16)
(14, 17)
kaikki ok
Reitin pituus: 17
(12, 19)
(11, 19)
(10, 19)
(9, 19)
(8, 19)
(7, 19)
(6, 19)
(5, 19)
(4, 19)
(3, 19)
(2, 19)
(1, 19)
(1, 18)
(1, 17)
(2, 17)
(2, 16)
(2, 15)
(1, 15)
kaikki ok
Reitin pituus: 23
(12, 7)
(12, 8)
(12, 9)
(12, 10)
(12, 11)
(12, 12)
(12, 13)
(11, 13)
(10, 13)
(10, 14)
(10, 15)
(9, 15)
(8, 15)
(7, 15)
(6, 15)
(6, 16)
(6, 17)
(7, 17)
(8, 17)
(8, 18)
(8, 19)
(7, 19)
(6, 19)
(5, 19)
kaikki ok
Reitin pituus: 4
(12, 13)
(13, 13)
(14, 13)
(14, 14)
(14, 15)
kaikki ok
Reitin pituus: 6
(1, 18)
(1, 17)
(2, 17)
(2, 16)
(2, 15)
(1, 15)
(1, 14)
kaikki ok
Reitin pituus: 17
(7, 13)
(6, 13)
(6, 12)
(6, 11)
(7, 11)
(8, 11)
(9, 11)
(10, 11)
(11, 11)
(12, 11)
(12, 10)
(12, 9)
(13, 9)
(14, 9)
(14, 8)
(14, 7)
(14, 6)
(14, 5)
kaikki ok
Reitin pituus: 11
(14, 9)
(14, 10)
(14, 11)
(14, 12)
(14, 13)
(14, 14)
(14, 15)
(14, 16)
(14, 17)
(15, 17)
(16, 17)
(17, 17)
kaikki ok
Reitin pituus: 24
(15, 1)
(14, 1)
(14, 2)
(14, 3)
(13, 3)
(12, 3)
(12, 4)
(12, 5)
(11, 5)
(10, 5)
(10, 6)
(10, 7)
(9, 7)
(8, 7)
(7, 7)
(6, 7)
(6, 8)
(6, 9)
(6, 10)
(6, 11)
(6, 12)
(6, 13)
(5, 13)
(4, 13)
(3, 13)
kaikki ok
Reitin pituus: 1
(17, 3)
(16, 3)
kaikki ok
Reitin pituus: 1
(6, 16)
(6, 17)
kaikki ok
Reitin pituus: 3
(7, 19)
(8, 19)
(8, 18)
(8, 17)
kaikki ok
Reitin pituus: 10
(5, 15)
(4, 15)
(4, 14)
(4, 13)
(4, 12)
(4, 11)
(4, 10)
(4, 9)
(4, 8)
(4, 7)
(4, 6)
kaikki ok
Reitin pituus: 16
(7, 15)
(6, 15)
(5, 15)
(4, 15)
(4, 14)
(4, 13)
(4, 12)
(4, 11)
(4, 10)
(4, 9)
(4, 8)
(4, 7)
(4, 6)
(4, 5)
(4, 4)
(4, 3)
(5, 3)
kaikki ok
Reitin pituus: 20
(10, 13)
(11, 13)
(12, 13)
(12, 12)
(12, 11)
(12, 10)
(12, 9)
(12, 8)
(12, 7)
(11, 7)
(10, 7)
(9, 7)
(8, 7)
(8, 6)
(8, 5)
(7, 5)
(6, 5)
(6, 4)
(6, 3)
(5, 3)
(4, 3)
kaikki ok
Reitin pituus: 12
(10, 18)
(10, 19)
(9, 19)
(8, 19)
(8, 18)
(8, 17)
(7, 17)
(6, 17)
(6, 16)
(6, 15)
(5, 15)
(4, 15)
(4, 16)
kaikki ok
Reitin pituus: 9
(10, 18)
(10, 17)
(11, 17)
(12, 17)
(12, 16)
(12, 15)
(13, 15)
(14, 15)
(14, 14)
(14, 13)
kaikki ok
Reitin pituus: 20
(1, 18)
(1, 17)
(2, 17)
(3, 17)
(4, 17)
(4, 16)
(4, 15)
(5, 15)
(6, 15)
(7, 15)
(8, 15)
(9, 15)
(10, 15)
(11, 15)
(12, 15)
(13, 15)
(14, 15)
(14, 16)
(14, 17)
(15, 17)
(16, 17)
kaikki ok
Reitin pituus: 14
(2, 3)
(3, 3)
(4, 3)
(5, 3)
(6, 3)
(7, 3)
(8, 3)
(9, 3)
(10, 3)
(11, 3)
(12, 3)
(13, 3)
(14, 3)
(14, 4)
(14, 5)
kaikki ok
Reitin pituus: 27
(3, 19)
(4, 19)
(5, 19)
(6, 19)
(7, 19)
(8, 19)
(9, 19)
(10, 19)
(10, 18)
(10, 17)
(11, 17)
(12, 17)
(12, 16)
(12, 15)
(13, 15)
(14, 15)
(14, 14)
(14, 13)
(14, 12)
(14, 11)
(14, 10)
(14, 9)
(14, 8)
(14, 7)
(14, 6)
(14, 5)
(15, 5)
(16, 5)
kaikki ok
Reitin pituus: 17
(2, 1)
(3, 1)
(4, 1)
(4, 2)
(4, 3)
(4, 4)
(4, 5)
(4, 6)
(4, 7)
(4, 8)
(4, 9)
(4, 10)
(4, 11)
(4, 12)
(4, 13)
(4, 14)
(4, 15)
(5, 15)
kaikki ok
Reitin pituus: 21
(4, 1)
(4, 2)
(4, 3)
(4, 4)
(4, 5)
(4, 6)
(4, 7)
(4, 8)
(4, 9)
(4, 10)
(4, 11)
(4, 12)
(4, 13)
(4, 14)
(4, 15)
(5, 15)
(6, 15)
(6, 16)
(6, 17)
(7, 17)
(8, 17)
(8, 18)
kaikki ok
Reitin pituus: 13
(14, 4)
(14, 5)
(14, 6)
(14, 7)
(14, 8)
(14, 9)
(14, 10)
(14, 11)
(14, 12)
(14, 13)
(14, 14)
(14, 15)
(13, 15)
(12, 15)
kaikki ok
Reitin pituus: 7
(12, 13)
(13, 13)
(14, 13)
(14, 12)
(14, 11)
(14, 10)
(14, 9)
(14, 8)
kaikki ok
Reitin pituus: 11
(15, 17)
(14, 17)
(14, 16)
(14, 15)
(13, 15)
(12, 15)
(11, 15)
(10, 15)
(9, 15)
(8, 15)
(8, 14)
(8, 13)
kaikki ok
Reitin pituus: 26
(14, 2)
(14, 3)
(13, 3)
(12, 3)
(12, 4)
(12, 5)
(11, 5)
(10, 5)
(10, 6)
(10, 7)
(9, 7)
(8, 7)
(7, 7)
(6, 7)
(6, 8)
(6, 9)
(6, 10)
(6, 11)
(6, 12)
(6, 13)
(5, 13)
(4, 13)
(3, 13)
(2, 13)
(1, 13)
(1, 14)
(1, 15)
kaikki ok
Reitin pituus: 11
(6, 13)
(5, 13)
(4, 13)
(4, 14)
(4, 15)
(4, 16)
(4, 17)
(3, 17)
(2, 17)
(1, 17)
(1, 18)
(1, 19)
kaikki ok
Reitin pituus: 11
(8, 3)
(9, 3)
(10, 3)
(11, 3)
(12, 3)
(12, 4)
(12, 5)
(11, 5)
(10, 5)
(10, 6)
(10, 7)
(11, 7)
kaikki ok
Reitin pituus: 4
(4, 5)
(4, 6)
(4, 7)
(4, 8)
(4, 9)
kaikki ok
Reitin pituus: 26
(2, 19)
(1, 19)
(1, 18)
(1, 17)
(2, 17)
(3, 17)
(4, 17)
(4, 16)
(4, 15)
(4, 14)
(4, 13)
(4, 12)
(4, 11)
(4, 10)
(4, 9)
(4, 8)
(4, 7)
(4, 6)
(4, 5)
(4, 4)
(4, 3)
(5, 3)
(6, 3)
(7, 3)
(8, 3)
(9, 3)
(10, 3)
kaikki ok
Reitin pituus: 4
(10, 19)
(9, 19)
(8, 19)
(7, 19)
(6, 19)
kaikki ok
Reitin pituus: 14
(12, 10)
(12, 11)
(11, 11)
(10, 11)
(9, 11)
(8, 11)
(7, 11)
(6, 11)
(6, 10)
(6, 9)
(5, 9)
(4, 9)
(4, 8)
(4, 7)
(4, 6)
kaikki ok
Reitin pituus: 10
(14, 13)
(13, 13)
(12, 13)
(12, 12)
(12, 11)
(12, 10)
(12, 9)
(12, 8)
(12, 7)
(11, 7)
(10, 7)
kaikki ok
Reitin pituus: 2
(16, 15)
(17, 15)
(17, 14)
kaikki ok
Reitin pituus: 15
(12, 12)
(12, 11)
(12, 10)
(12, 9)
(12, 8)
(12, 7)
(11, 7)
(10, 7)
(10, 6)
(10, 5)
(11, 5)
(12, 5)
(12, 4)
(12, 3)
(11, 3)
(10, 3)
kaikki ok
Reitin pituus: 15
(8, 19)
(8, 18)
(8, 17)
(7, 17)
(6, 17)
(6, 16)
(6, 15)
(5, 15)
(4, 15)
(4, 14)
(4, 13)
(4, 12)
(4, 11)
(4, 10)
(4, 9)
(4, 8)
kaikki ok
Reitin pituus: 15
(3, 5)
(4, 5)
(4, 6)
(4, 7)
(4, 8)
(4, 9)
(5, 9)
(6, 9)
(6, 10)
(6, 11)
(7, 11)
(8, 11)
(9, 11)
(10, 11)
(11, 11)
(12, 11)
kaikki ok
Reitin pituus: 11
(1, 15)
(2, 15)
(2, 16)
(2, 17)
(3, 17)
(4, 17)
(4, 16)
(4, 15)
(5, 15)
(6, 15)
(6, 16)
(6, 17)
kaikki ok
Reitin pituus: 8
(9, 8)
(9, 7)
(8, 7)
(7, 7)
(6, 7)
(6, 8)
(6, 9)
(5, 9)
(4, 9)
kaikki ok
Reitin pituus: 15
(5, 13)
(4, 13)
(4, 12)
(4, 11)
(4, 10)
(4, 9)
(4, 8)
(4, 7)
(4, 6)
(4, 5)
(4, 4)
(4, 3)
(5, 3)
(6, 3)
(7, 3)
(8, 3)
kaikki ok
Reitin pituus: 14
(1, 13)
(2, 13)
(3, 13)
(4, 13)
(4, 12)
(4, 11)
(4, 10)
(4, 9)
(4, 8)
(4, 7)
(4, 6)
(4, 5)
(4, 4)
(4, 3)
(3, 3)
kaikki ok
Reitin pituus: 17
(7, 3)
(6, 3)
(5, 3)
(4, 3)
(4, 4)
(4, 5)
(4, 6)
(4, 7)
(4, 8)
(4, 9)
(4, 10)
(4, 11)
(4, 12)
(4, 13)
(3, 13)
(2, 13)
(1, 13)
(1, 14)
kaikki ok
Reitin pituus: 25
(7, 19)
(8, 19)
(8, 18)
(8, 17)
(7, 17)
(6, 17)
(6, 16)
(6, 15)
(5, 15)
(4, 15)
(4, 14)
(4, 13)
(4, 12)
(4, 11)
(4, 10)
(4, 9)
(4, 8)
(4, 7)
(4, 6)
(4, 5)
(4, 4)
(4, 3)
(4, 2)
(4, 1)
(5, 1)
(6, 1)
kaikki ok
Reitin pituus: 19
(16, 3)
(15, 3)
(14, 3)
(14, 4)
(14, 5)
(14, 6)
(14, 7)
(14, 8)
(14, 9)
(13, 9)
(12, 9)
(12, 10)
(12, 11)
(12, 12)
(12, 13)
(11, 13)
(10, 13)
(10, 14)
(10, 15)
(9, 15)
kaikki ok
Reitin pituus: 24
(10, 1)
(10, 2)
(10, 3)
(11, 3)
(12, 3)
(12, 4)
(12, 5)
(11, 5)
(10, 5)
(10, 6)
(10, 7)
(11, 7)
(12, 7)
(12, 8)
(12, 9)
(12, 10)
(12, 11)
(12, 12)
(12, 13)
(11, 13)
(10, 13)
(10, 14)
(10, 15)
(9, 15)
(8, 15)
kaikki ok
Reitin pituus: 11
(8, 13)
(8, 14)
(8, 15)
(9, 15)
(10, 15)
(10, 14)
(10, 13)
(11, 13)
(12, 13)
(13, 13)
(14, 13)
(14, 12)
kaikki ok
Reitin pituus: 0
(3, 13)
kaikki ok
Reitin pituus: 14
(11, 19)
(10, 19)
(10, 18)
(10, 17)
(11, 17)
(12, 17)
(12, 16)
(12, 15)
(13, 15)
(14, 15)
(14, 14)
(14, 13)
(13, 13)
(12, 13)
(12, 12)
kaikki ok
Reitin pituus: 28
(15, 3)
(14, 3)
(14, 4)
(14, 5)
(14, 6)
(14, 7)
(14, 8)
(14, 9)
(14, 10)
(14, 11)
(14, 12)
(14, 13)
(14, 14)
(14, 15)
(13, 15)
(12, 15)
(12, 16)
(12, 17)
(11, 17)
(10, 17)
(10, 18)
(10, 19)
(9, 19)
(8, 19)
(7, 19)
(6, 19)
(5, 19)
(4, 19)
(3, 19)
kaikki ok
Reitin pituus: 7
(17, 3)
(16, 3)
(15, 3)
(14, 3)
(14, 4)
(14, 5)
(14, 6)
(14, 7)
kaikki ok
Reitin pituus: 16
(5, 9)
(4, 9)
(4, 10)
(4, 11)
(4, 12)
(4, 13)
(4, 14)
(4, 15)
(4, 16)
(4, 17)
(3, 17)
(2, 17)
(1, 17)
(1, 18)
(1, 19)
(2, 19)
(3, 19)
kaikki ok
Reitin pituus: 12
(1, 4)
(1, 5)
(2, 5)
(3, 5)
(4, 5)
(4, 6)
(4, 7)
(4, 8)
(4, 9)
(4, 10)
(4, 11)
(4, 12)
(4, 13)
kaikki ok
Reitin pituus: 11
(5, 9)
(4, 9)
(4, 8)
(4, 7)
(4, 6)
(4, 5)
(4, 4)
(4, 3)
(3, 3)
(2, 3)
(1, 3)
(1, 2)
kaikki ok
Reitin pituus: 1
(12, 3)
(13, 3)
kaikki ok
Reitin pituus: 12
(11, 5)
(10, 5)
(10, 6)
(10, 7)
(9, 7)
(8, 7)
(7, 7)
(6, 7)
(6, 8)
(6, 9)
(5, 9)
(4, 9)
(4, 8)
kaikki ok
Reitin pituus: 12
(12, 17)
(12, 16)
(12, 15)
(11, 15)
(10, 15)
(9, 15)
(8, 15)
(8, 14)
(8, 13)
(7, 13)
(6, 13)
(5, 13)
(4, 13)
kaikki ok
Reitin pituus: 23
(16, 15)
(17, 15)
(17, 14)
(17, 13)
(16, 13)
(15, 13)
(14, 13)
(14, 12)
(14, 11)
(14, 10)
(14, 9)
(14, 8)
(14, 7)
(14, 6)
(14, 5)
(14, 4)
(14, 3)
(13, 3)
(12, 3)
(11, 3)
(10, 3)
(9, 3)
(8, 3)
(8, 2)
kaikki ok
Reitin pituus: 6
(3, 13)
(4, 13)
(4, 12)
(4, 11)
(4, 10)
(4, 9)
(4, 8)
kaikki ok
Reitin pituus: 15
(6, 11)
(6, 12)
(6, 13)
(5, 13)
(4, 13)
(4, 14)
(4, 15)
(5, 15)
(6, 15)
(6, 16)
(6, 17)
(7, 17)
(8, 17)
(8, 18)
(8, 19)
(7, 19)
kaikki ok
Reitin pituus: 20
(8, 14)
(8, 15)
(9, 15)
(10, 15)
(10, 14)
(10, 13)
(11, 13)
(12, 13)
(13, 13)
(14, 13)
(14, 12)
(14, 11)
(14, 10)
(14, 9)
(14, 8)
(14, 7)
(14, 6)
(14, 5)
(14, 4)
(14, 3)
(15, 3)
kaikki ok
Reitin pituus: 22
(10, 14)
(10, 15)
(9, 15)
(8, 15)
(7, 15)
(6, 15)
(5, 15)
(4, 15)
(4, 14)
(4, 13)
(4, 12)
(4, 11)
(4, 10)
(4, 9)
(4, 8)
(4, 7)
(4, 6)
(4, 5)
(4, 4)
(4, 3)
(3, 3)
(2, 3)
(1, 3)
kaikki ok
Reitin pituus: 17
(14, 1)
(14, 2)
(14, 3)
(14, 4)
(14, 5)
(14, 6)
(14, 7)
(14, 8)
(14, 9)
(13, 9)
(12, 9)
(12, 10)
(12, 11)
(12, 12)
(12, 13)
(11, 13)
(10, 13)
(10, 14)
kaikki ok
Reitin pituus: 5
(6, 15)
(5, 15)
(4, 15)
(4, 14)
(4, 13)
(3, 13)
kaikki ok
Reitin pituus: 14
(10, 11)
(9, 11)
(8, 11)
(7, 11)
(6, 11)
(6, 12)
(6, 13)
(7, 13)
(8, 13)
(8, 14)
(8, 15)
(7, 15)
(6, 15)
(6, 16)
(6, 17)
kaikki ok
Reitin pituus: 14
(10, 6)
(10, 7)
(9, 7)
(8, 7)
(7, 7)
(6, 7)
(6, 8)
(6, 9)
(5, 9)
(4, 9)
(4, 10)
(4, 11)
(4, 12)
(4, 13)
(4, 14)
kaikki ok
Reitin pituus: 15
(6, 13)
(5, 13)
(4, 13)
(4, 12)
(4, 11)
(4, 10)
(4, 9)
(4, 8)
(4, 7)
(4, 6)
(4, 5)
(3, 5)
(2, 5)
(1, 5)
(1, 4)
(1, 3)
kaikki ok
Reitin pituus: 19
(6, 3)
(5, 3)
(4, 3)
(4, 4)
(4, 5)
(4, 6)
(4, 7)
(4, 8)
(4, 9)
(4, 10)
(4, 11)
(4, 12)
(4, 13)
(4, 14)
(4, 15)
(4, 16)
(4, 17)
(3, 17)
(2, 17)
(1, 17)
kaikki ok
Reitin pituus: 2
(1, 1)
(2, 1)
(3, 1)
kaikki ok
Reitin pituus: 16
(2, 15)
(2, 16)
(2, 17)
(3, 17)
(4, 17)
(4, 16)
(4, 15)
(5, 15)
(6, 15)
(7, 15)
(8, 15)
(9, 15)
(10, 15)
(11, 15)
(12, 15)
(12, 16)
(12, 17)
kaikki ok
Reitin pituus: 18
(16, 17)
(15, 17)
(14, 17)
(14, 16)
(14, 15)
(13, 15)
(12, 15)
(11, 15)
(10, 15)
(9, 15)
(8, 15)
(7, 15)
(6, 15)
(5, 15)
(4, 15)
(4, 16)
(4, 17)
(3, 17)
(2, 17)
kaikki ok
Reitin pituus: 28
(11, 3)
(10, 3)
(9, 3)
(8, 3)
(7, 3)
(6, 3)
(5, 3)
(4, 3)
(4, 4)
(4, 5)
(4, 6)
(4, 7)
(4, 8)
(4, 9)
(4, 10)
(4, 11)
(4, 12)
(4, 13)
(4, 14)
(4, 15)
(4, 16)
(4, 17)
(3, 17)
(2, 17)
(1, 17)
(1, 18)
(1, 19)
(2, 19)
(3, 19)
kaikki ok
Reitin pituus: 12
(10, 17)
(11, 17)
(12, 17)
(12, 16)
(12, 15)
(13, 15)
(14, 15)
(14, 16)
(14, 17)
(15, 17)
(16, 17)
(16, 16)
(16, 15)
kaikki ok
Reitin pituus: 5
(2, 3)
(3, 3)
(4, 3)
(4, 4)
(4, 5)
(4, 6)
kaikki ok
Reitin pituus: 12
(14, 8)
(14, 9)
(13, 9)
(12, 9)
(12, 8)
(12, 7)
(11, 7)
(10, 7)
(9, 7)
(8, 7)
(7, 7)
(6, 7)
(6, 8)
kaikki ok
Reitin pituus: 9
(14, 19)
(13, 19)
(12, 19)
(11, 19)
(10, 19)
(9, 19)
(8, 19)
(8, 18)
(8, 17)
(7, 17)
kaikki ok
Reitin pituus: 13
(15, 19)
(14, 19)
(13, 19)
(12, 19)
(11, 19)
(10, 19)
(9, 19)
(8, 19)
(7, 19)
(6, 19)
(5, 19)
(4, 19)
(3, 19)
(2, 19)
kaikki ok
Reitin pituus: 10
(13, 19)
(12, 19)
(11, 19)
(10, 19)
(9, 19)
(8, 19)
(7, 19)
(6, 19)
(5, 19)
(4, 19)
(3, 19)
kaikki ok
Reitin pituus: 18
(1, 2)
(1, 3)
(1, 4)
(1, 5)
(2, 5)
(3, 5)
(4, 5)
(4, 6)
(4, 7)
(4, 8)
(4, 9)
(4, 10)
(4, 11)
(4, 12)
(4, 13)
(4, 14)
(4, 15)
(5, 15)
(6, 15)
kaikki ok
Reitin pituus: 16
(17, 14)
(17, 13)
(16, 13)
(15, 13)
(14, 13)
(13, 13)
(12, 13)
(11, 13)
(10, 13)
(10, 14)
(10, 15)
(9, 15)
(8, 15)
(7, 15)
(6, 15)
(5, 15)
(4, 15)
kaikki ok
Reitin pituus: 7
(14, 10)
(14, 9)
(14, 8)
(14, 7)
(14, 6)
(14, 5)
(14, 4)
(14, 3)
kaikki ok
Reitin pituus: 8
(14, 7)
(14, 8)
(14, 9)
(13, 9)
(12, 9)
(12, 8)
(12, 7)
(11, 7)
(10, 7)
kaikki ok
Reitin pituus: 22
(13, 15)
(12, 15)
(11, 15)
(10, 15)
(9, 15)
(8, 15)
(7, 15)
(6, 15)
(5, 15)
(4, 15)
(4, 14)
(4, 13)
(4, 12)
(4, 11)
(4, 10)
(4, 9)
(4, 8)
(4, 7)
(4, 6)
(4, 5)
(3, 5)
(2, 5)
(1, 5)
kaikki ok
Reitin pituus: 25
(6, 19)
(7, 19)
(8, 19)
(8, 18)
(8, 17)
(7, 17)
(6, 17)
(6, 16)
(6, 15)
(5, 15)
(4, 15)
(4, 14)
(4, 13)
(4, 12)
(4, 11)
(4, 10)
(4, 9)
(4, 8)
(4, 7)
(4, 6)
(4, 5)
(4, 4)
(4, 3)
(4, 2)
(4, 1)
(3, 1)
kaikki ok
Reitin pituus: 6
(6, 10)
(6, 11)
(6, 12)
(6, 13)
(5, 13)
(4, 13)
(4, 14)
kaikki ok
Reitin pituus: 25
(11, 17)
(12, 17)
(12, 16)
(12, 15)
(11, 15)
(10, 15)
(9, 15)
(8, 15)
(8, 14)
(8, 13)
(7, 13)
(6, 13)
(5, 13)
(4, 13)
(4, 12)
(4, 11)
(4, 10)
(4, 9)
(4, 8)
(4, 7)
(4, 6)
(4, 5)
(4, 4)
(4, 3)
(4, 2)
(4, 1)
kaikki ok
Reitin pituus: 8
(9, 7)
(8, 7)
(8, 6)
(8, 5)
(7, 5)
(6, 5)
(6, 4)
(6, 3)
(5, 3)
kaikki ok
Reitin pituus: 20
(17, 14)
(17, 13)
(16, 13)
(15, 13)
(14, 13)
(13, 13)
(12, 13)
(12, 12)
(12, 11)
(11, 11)
(10, 11)
(9, 11)
(8, 11)
(7, 11)
(6, 11)
(6, 10)
(6, 9)
(5, 9)
(4, 9)
(4, 8)
(4, 7)
kaikki ok
Reitin pituus: 11
(6, 13)
(7, 13)
(8, 13)
(8, 14)
(8, 15)
(9, 15)
(10, 15)
(11, 15)
(12, 15)
(12, 16)
(12, 17)
(11, 17)
kaikki ok
Reitin pituus: 0
(13, 3)
kaikki ok
Reitin pituus: 14
(12, 16)
(12, 15)
(11, 15)
(10, 15)
(9, 15)
(8, 15)
(7, 15)
(6, 15)
(5, 15)
(4, 15)
(4, 16)
(4, 17)
(3, 17)
(2, 17)
(1, 17)
kaikki ok
Reitin pituus: 13
(7, 17)
(6, 17)
(6, 16)
(6, 15)
(7, 15)
(8, 15)
(9, 15)
(10, 15)
(10, 14)
(10, 13)
(11, 13)
(12, 13)
(13, 13)
(14, 13)
kaikki ok
Reitin pituus: 18
(10, 1)
(10, 2)
(10, 3)
(11, 3)
(12, 3)
(12, 4)
(12, 5)
(11, 5)
(10, 5)
(10, 6)
(10, 7)
(11, 7)
(12, 7)
(12, 8)
(12, 9)
(12, 10)
(12, 11)
(12, 12)
(12, 13)
kaikki ok
Reitin pituus: 26
(6, 1)
(5, 1)
(4, 1)
(4, 2)
(4, 3)
(4, 4)
(4, 5)
(4, 6)
(4, 7)
(4, 8)
(4, 9)
(4, 10)
(4, 11)
(4, 12)
(4, 13)
(4, 14)
(4, 15)
(5, 15)
(6, 15)
(6, 16)
(6, 17)
(7, 17)
(8, 17)
(8, 18)
(8, 19)
(9, 19)
(10, 19)
kaikki ok
Reitin pituus: 27
(14, 3)
(13, 3)
(12, 3)
(12, 4)
(12, 5)
(11, 5)
(10, 5)
(10, 6)
(10, 7)
(9, 7)
(8, 7)
(7, 7)
(6, 7)
(6, 8)
(6, 9)
(6, 10)
(6, 11)
(6, 12)
(6, 13)
(5, 13)
(4, 13)
(3, 13)
(2, 13)
(1, 13)
(1, 14)
(1, 15)
(2, 15)
(2, 16)
kaikki ok
Reitin pituus: 14
(2, 5)
(3, 5)
(4, 5)
(4, 6)
(4, 7)
(4, 8)
(4, 9)
(5, 9)
(6, 9)
(6, 8)
(6, 7)
(7, 7)
(8, 7)
(9, 7)
(10, 7)
kaikki ok
Reitin pituus: 23
(6, 4)
(6, 5)
(7, 5)
(8, 5)
(8, 6)
(8, 7)
(9, 7)
(10, 7)
(11, 7)
(12, 7)
(12, 8)
(12, 9)
(13, 9)
(14, 9)
(14, 10)
(14, 11)
(14, 12)
(14, 13)
(14, 14)
(14, 15)
(13, 15)
(12, 15)
(12, 16)
(12, 17)
kaikki ok
Reitin pituus: 10
(9, 11)
(8, 11)
(7, 11)
(6, 11)
(6, 12)
(6, 13)
(7, 13)
(8, 13)
(8, 14)
(8, 15)
(7, 15)
kaikki ok
Reitin pituus: 7
(12, 8)
(12, 9)
(12, 10)
(12, 11)
(11, 11)
(10, 11)
(9, 11)
(8, 11)
kaikki ok
Reitin pituus: 6
(13, 9)
(14, 9)
(14, 10)
(14, 11)
(14, 12)
(14, 13)
(15, 13)
kaikki ok
Reitin pituus: 9
(5, 13)
(6, 13)
(7, 13)
(8, 13)
(8, 14)
(8, 15)
(9, 15)
(10, 15)
(10, 14)
(10, 13)
kaikki ok
Reitin pituus: 19
(15, 13)
(14, 13)
(14, 14)
(14, 15)
(13, 15)
(12, 15)
(11, 15)
(10, 15)
(9, 15)
(8, 15)
(7, 15)
(6, 15)
(5, 15)
(4, 15)
(4, 14)
(4, 13)
(3, 13)
(2, 13)
(1, 13)
(1, 14)
kaikki ok
Reitin pituus: 14
(12, 8)
(12, 9)
(12, 10)
(12, 11)
(11, 11)
(10, 11)
(9, 11)
(8, 11)
(7, 11)
(6, 11)
(6, 12)
(6, 13)
(5, 13)
(4, 13)
(4, 14)
kaikki ok
Reitin pituus: 15
(11, 17)
(12, 17)
(12, 16)
(12, 15)
(11, 15)
(10, 15)
(9, 15)
(8, 15)
(8, 14)
(8, 13)
(7, 13)
(6, 13)
(6, 12)
(6, 11)
(6, 10)
(6, 9)
kaikki ok
Reitin pituus: 5
(6, 7)
(6, 8)
(6, 9)
(6, 10)
(6, 11)
(7, 11)
kaikki ok
Reitin pituus: 15
(14, 2)
(14, 3)
(14, 4)
(14, 5)
(14, 6)
(14, 7)
(14, 8)
(14, 9)
(14, 10)
(14, 11)
(14, 12)
(14, 13)
(14, 14)
(14, 15)
(13, 15)
(12, 15)
kaikki ok
Reitin pituus: 13
(14, 15)
(13, 15)
(12, 15)
(11, 15)
(10, 15)
(9, 15)
(8, 15)
(7, 15)
(6, 15)
(5, 15)
(4, 15)
(4, 14)
(4, 13)
(4, 12)
kaikki ok
Reitin pituus: 13
(12, 13)
(13, 13)
(14, 13)
(14, 12)
(14, 11)
(14, 10)
(14, 9)
(14, 8)
(14, 7)
(14, 6)
(14, 5)
(14, 4)
(14, 3)
(14, 2)
kaikki ok
Reitin pituus: 11
(8, 9)
(9, 9)
(9, 8)
(9, 7)
(8, 7)
(7, 7)
(6, 7)
(6, 8)
(6, 9)
(5, 9)
(4, 9)
(4, 10)
kaikki ok
Reitin pituus: 7
(17, 14)
(17, 15)
(16, 15)
(16, 16)
(16, 17)
(17, 17)
(17, 18)
(17, 19)
kaikki ok
Reitin pituus: 15
(5, 1)
(4, 1)
(4, 2)
(4, 3)
(4, 4)
(4, 5)
(4, 6)
(4, 7)
(4, 8)
(4, 9)
(5, 9)
(6, 9)
(6, 10)
(6, 11)
(6, 12)
(6, 13)
kaikki ok
Reitin pituus: 16
(12, 19)
(11, 19)
(10, 19)
(10, 18)
(10, 17)
(11, 17)
(12, 17)
(12, 16)
(12, 15)
(13, 15)
(14, 15)
(14, 14)
(14, 13)
(13, 13)
(12, 13)
(12, 12)
(12, 11)
kaikki ok
Reitin pituus: 3
(11, 1)
(12, 1)
(13, 1)
(14, 1)
kaikki ok
Reitin pituus: 20
(2, 19)
(3, 19)
(4, 19)
(5, 19)
(6, 19)
(7, 19)
(8, 19)
(9, 19)
(10, 19)
(10, 18)
(10, 17)
(11, 17)
(12, 17)
(12, 16)
(12, 15)
(13, 15)
(14, 15)
(14, 14)
(14, 13)
(15, 13)
(16, 13)
kaikki ok
Reitin pituus: 8
(13, 15)
(14, 15)
(14, 14)
(14, 13)
(14, 12)
(14, 11)
(14, 10)
(14, 9)
(14, 8)
kaikki ok
Reitin pituus: 15
(14, 15)
(14, 14)
(14, 13)
(13, 13)
(12, 13)
(12, 12)
(12, 11)
(12, 10)
(12, 9)
(12, 8)
(12, 7)
(11, 7)
(10, 7)
(9, 7)
(8, 7)
(7, 7)
kaikki ok
Reitin pituus: 25
(7, 19)
(8, 19)
(9, 19)
(10, 19)
(10, 18)
(10, 17)
(11, 17)
(12, 17)
(12, 16)
(12, 15)
(13, 15)
(14, 15)
(14, 14)
(14, 13)
(14, 12)
(14, 11)
(14, 10)
(14, 9)
(14, 8)
(14, 7)
(14, 6)
(14, 5)
(14, 4)
(14, 3)
(13, 3)
(12, 3)
kaikki ok
Reitin pituus: 14
(12, 10)
(12, 11)
(12, 12)
(12, 13)
(11, 13)
(10, 13)
(10, 14)
(10, 15)
(9, 15)
(8, 15)
(7, 15)
(6, 15)
(5, 15)
(4, 15)
(4, 16)
kaikki ok
Reitin pituus: 4
(15, 3)
(14, 3)
(13, 3)
(12, 3)
(11, 3)
kaikki ok
Reitin pituus: 11
(17, 19)
(16, 19)
(15, 19)
(14, 19)
(13, 19)
(12, 19)
(11, 19)
(10, 19)
(10, 18)
(10, 17)
(11, 17)
(12, 17)
kaikki ok
Reitin pituus: 4
(15, 1)
(16, 1)
(17, 1)
(17, 2)
(17, 3)
kaikki ok
Reitin pituus: 17
(4, 17)
(4, 16)
(4, 15)
(5, 15)
(6, 15)
(7, 15)
(8, 15)
(9, 15)
(10, 15)
(10, 14)
(10, 13)
(11, 13)
(12, 13)
(13, 13)
(14, 13)
(14, 12)
(14, 11)
(14, 10)
kaikki ok
Reitin pituus: 9
(4, 3)
(5, 3)
(6, 3)
(6, 4)
(6, 5)
(7, 5)
(8, 5)
(8, 6)
(8, 7)
(9, 7)
kaikki ok
Reitin pituus: 12
(9, 9)
(9, 8)
(9, 7)
(8, 7)
(8, 6)
(8, 5)
(7, 5)
(6, 5)
(6, 4)
(6, 3)
(7, 3)
(8, 3)
(9, 3)
kaikki ok
Reitin pituus: 15
(12, 11)
(12, 10)
(12, 9)
(13, 9)
(14, 9)
(14, 8)
(14, 7)
(14, 6)
(14, 5)
(14, 4)
(14, 3)
(13, 3)
(12, 3)
(11, 3)
(10, 3)
(10, 2)
kaikki ok
Reitin pituus: 14
(12, 9)
(13, 9)
(14, 9)
(14, 10)
(14, 11)
(14, 12)
(14, 13)
(14, 14)
(14, 15)
(14, 16)
(14, 17)
(15, 17)
(16, 17)
(17, 17)
(17, 18)
kaikki ok
Reitin pituus: 25
(17, 1)
(17, 2)
(17, 3)
(17, 4)
(17, 5)
(16, 5)
(15, 5)
(14, 5)
(14, 6)
(14, 7)
(14, 8)
(14, 9)
(14, 10)
(14, 11)
(14, 12)
(14, 13)
(14, 14)
(14, 15)
(13, 15)
(12, 15)
(12, 16)
(12, 17)
(11, 17)
(10, 17)
(10, 18)
(10, 19)
kaikki ok
Reitin pituus: 18
(8, 3)
(7, 3)
(6, 3)
(5, 3)
(4, 3)
(4, 4)
(4, 5)
(4, 6)
(4, 7)
(4, 8)
(4, 9)
(4, 10)
(4, 11)
(4, 12)
(4, 13)
(3, 13)
(2, 13)
(1, 13)
(1, 14)
kaikki ok
Reitin pituus: 7
(6, 7)
(6, 8)
(6, 9)
(6, 10)
(6, 11)
(6, 12)
(6, 13)
(7, 13)
kaikki ok
Reitin pituus: 30
(4, 1)
(4, 2)
(4, 3)
(5, 3)
(6, 3)
(6, 4)
(6, 5)
(7, 5)
(8, 5)
(8, 6)
(8, 7)
(9, 7)
(10, 7)
(11, 7)
(12, 7)
(12, 8)
(12, 9)
(12, 10)
(12, 11)
(12, 12)
(12, 13)
(13, 13)
(14, 13)
(14, 14)
(14, 15)
(14, 16)
(14, 17)
(15, 17)
(16, 17)
(17, 17)
(17, 18)
kaikki ok
Reitin pituus: 19
(12, 10)
(12, 11)
(12, 12)
(12, 13)
(11, 13)
(10, 13)
(10, 14)
(10, 15)
(9, 15)
(8, 15)
(7, 15)
(6, 15)
(5, 15)
(4, 15)
(4, 16)
(4, 17)
(3, 17)
(2, 17)
(1, 17)
(1, 18)
kaikki ok
Reitin pituus: 21
(1, 13)
(2, 13)
(3, 13)
(4, 13)
(4, 12)
(4, 11)
(4, 10)
(4, 9)
(4, 8)
(4, 7)
(4, 6)
(4, 5)
(4, 4)
(4, 3)
(5, 3)
(6, 3)
(7, 3)
(8, 3)
(9, 3)
(10, 3)
(10, 2)
(10, 1)
kaikki ok
Reitin pituus: 10
(7, 19)
(8, 19)
(8, 18)
(8, 17)
(7, 17)
(6, 17)
(6, 16)
(6, 15)
(5, 15)
(4, 15)
(4, 16)
kaikki ok
Reitin pituus: 17
(14, 6)
(14, 5)
(14, 4)
(14, 3)
(13, 3)
(12, 3)
(11, 3)
(10, 3)
(9, 3)
(8, 3)
(7, 3)
(6, 3)
(5, 3)
(4, 3)
(3, 3)
(2, 3)
(1, 3)
(1, 2)
kaikki ok
Reitin pituus: 14
(10, 5)
(10, 6)
(10, 7)
(11, 7)
(12, 7)
(12, 8)
(12, 9)
(13, 9)
(14, 9)
(14, 10)
(14, 11)
(14, 12)
(14, 13)
(15, 13)
(16, 13)
kaikki ok
Reitin pituus: 7
(17, 3)
(16, 3)
(15, 3)
(14, 3)
(13, 3)
(12, 3)
(11, 3)
(10, 3)
kaikki ok
Reitin pituus: 4
(12, 12)
(12, 13)
(13, 13)
(14, 13)
(14, 14)
kaikki ok
Reitin pituus: 7
(6, 16)
(6, 15)
(5, 15)
(4, 15)
(4, 16)
(4, 17)
(3, 17)
(2, 17)
kaikki ok
Reitin pituus: 8
(4, 16)
(4, 15)
(4, 14)
(4, 13)
(4, 12)
(4, 11)
(4, 10)
(4, 9)
(5, 9)
kaikki ok
Reitin pituus: 18
(1, 15)
(1, 14)
(1, 13)
(2, 13)
(3, 13)
(4, 13)
(5, 13)
(6, 13)
(6, 12)
(6, 11)
(6, 10)
(6, 9)
(6, 8)
(6, 7)
(7, 7)
(8, 7)
(9, 7)
(9, 8)
(9, 9)
kaikki ok
Reitin pituus: 24
(6, 1)
(5, 1)
(4, 1)
(4, 2)
(4, 3)
(4, 4)
(4, 5)
(4, 6)
(4, 7)
(4, 8)
(4, 9)
(4, 10)
(4, 11)
(4, 12)
(4, 13)
(4, 14)
(4, 15)
(4, 16)
(4, 17)
(3, 17)
(2, 17)
(1, 17)
(1, 18)
(1, 19)
(2, 19)
kaikki ok
Reitin pituus: 9
(2, 19)
(1, 19)
(1, 18)
(1, 17)
(2, 17)
(3, 17)
(4, 17)
(4, 16)
(4, 15)
(5, 15)
kaikki ok
Reitin pituus: 8
(11, 17)
(10, 17)
(10, 18)
(10, 19)
(9, 19)
(8, 19)
(7, 19)
(6, 19)
(5, 19)
kaikki ok
Reitin pituus: 16
(7, 13)
(6, 13)
(6, 12)
(6, 11)
(6, 10)
(6, 9)
(6, 8)
(6, 7)
(7, 7)
(8, 7)
(8, 6)
(8, 5)
(7, 5)
(6, 5)
(6, 4)
(6, 3)
(7, 3)
kaikki ok
Reitin pituus: 13
(8, 2)
(8, 3)
(7, 3)
(6, 3)
(6, 4)
(6, 5)
(7, 5)
(8, 5)
(8, 6)
(8, 7)
(9, 7)
(9, 8)
(9, 9)
(10, 9)
kaikki ok
Reitin pituus: 25
(8, 5)
(8, 6)
(8, 7)
(7, 7)
(6, 7)
(6, 8)
(6, 9)
(6, 10)
(6, 11)
(6, 12)
(6, 13)
(5, 13)
(4, 13)
(4, 14)
(4, 15)
(5, 15)
(6, 15)
(6, 16)
(6, 17)
(7, 17)
(8, 17)
(8, 18)
(8, 19)
(9, 19)
(10, 19)
(11, 19)
kaikki ok
Reitin pituus: 18
(4, 16)
(4, 15)
(5, 15)
(6, 15)
(6, 16)
(6, 17)
(7, 17)
(8, 17)
(8, 18)
(8, 19)
(9, 19)
(10, 19)
(11, 19)
(12, 19)
(13, 19)
(14, 19)
(15, 19)
(16, 19)
(17, 19)
kaikki ok
Reitin pituus: 14
(11, 13)
(12, 13)
(12, 12)
(12, 11)
(11, 11)
(10, 11)
(9, 11)
(8, 11)
(7, 11)
(6, 11)
(6, 10)
(6, 9)
(5, 9)
(4, 9)
(4, 8)
kaikki ok
Reitin pituus: 15
(6, 9)
(6, 10)
(6, 11)
(6, 12)
(6, 13)
(7, 13)
(8, 13)
(8, 14)
(8, 15)
(9, 15)
(10, 15)
(11, 15)
(12, 15)
(13, 15)
(14, 15)
(14, 16)
kaikki ok
Reitin pituus: 18
(17, 2)
(17, 3)
(17, 4)
(17, 5)
(16, 5)
(15, 5)
(14, 5)
(14, 6)
(14, 7)
(14, 8)
(14, 9)
(13, 9)
(12, 9)
(12, 10)
(12, 11)
(11, 11)
(10, 11)
(9, 11)
(8, 11)
kaikki ok
Reitin pituus: 24
(14, 16)
(14, 15)
(13, 15)
(12, 15)
(11, 15)
(10, 15)
(9, 15)
(8, 15)
(8, 14)
(8, 13)
(7, 13)
(6, 13)
(6, 12)
(6, 11)
(6, 10)
(6, 9)
(5, 9)
(4, 9)
(4, 8)
(4, 7)
(4, 6)
(4, 5)
(4, 4)
(4, 3)
(4, 2)
kaikki ok
Reitin pituus: 19
(7, 17)
(6, 17)
(6, 16)
(6, 15)
(5, 15)
(4, 15)
(4, 14)
(4, 13)
(4, 12)
(4, 11)
(4, 10)
(4, 9)
(4, 8)
(4, 7)
(4, 6)
(4, 5)
(4, 4)
(4, 3)
(5, 3)
(6, 3)
kaikki ok
Reitin pituus: 11
(8, 17)
(7, 17)
(6, 17)
(6, 16)
(6, 15)
(5, 15)
(4, 15)
(4, 16)
(4, 17)
(3, 17)
(2, 17)
(2, 16)
kaikki ok
Reitin pituus: 23
(12, 17)
(12, 16)
(12, 15)
(11, 15)
(10, 15)
(9, 15)
(8, 15)
(8, 14)
(8, 13)
(7, 13)
(6, 13)
(5, 13)
(4, 13)
(4, 12)
(4, 11)
(4, 10)
(4, 9)
(4, 8)
(4, 7)
(4, 6)
(4, 5)
(4, 4)
(4, 3)
(5, 3)
kaikki ok
Reitin pituus: 14
(6, 8)
(6, 9)
(5, 9)
(4, 9)
(4, 10)
(4, 11)
(4, 12)
(4, 13)
(4, 14)
(4, 15)
(5, 15)
(6, 15)
(6, 16)
(6, 17)
(7, 17)
kaikki ok
Reitin pituus: 17
(8, 9)
(9, 9)
(9, 8)
(9, 7)
(8, 7)
(7, 7)
(6, 7)
(6, 8)
(6, 9)
(6, 10)
(6, 11)
(6, 12)
(6, 13)
(5, 13)
(4, 13)
(4, 14)
(4, 15)
(4, 16)
kaikki ok
Reitin pituus: 9
(5, 1)
(6, 1)
(7, 1)
(8, 1)
(8, 2)
(8, 3)
(9, 3)
(10, 3)
(11, 3)
(12, 3)
kaikki ok
Reitin pituus: 33
(17, 1)
(17, 2)
(17, 3)
(16, 3)
(15, 3)
(14, 3)
(13, 3)
(12, 3)
(12, 4)
(12, 5)
(11, 5)
(10, 5)
(10, 6)
(10, 7)
(9, 7)
(8, 7)
(7, 7)
(6, 7)
(6, 8)
(6, 9)
(6, 10)
(6, 11)
(6, 12)
(6, 13)
(5, 13)
(4, 13)
(4, 14)
(4, 15)
(4, 16)
(4, 17)
(3, 17)
(2, 17)
(1, 17)
(1, 18)
kaikki ok
Reitin pituus: 6
(8, 13)
(8, 14)
(8, 15)
(9, 15)
(10, 15)
(11, 15)
(12, 15)
kaikki ok
Reitin pituus: 19
(17, 2)
(17, 3)
(17, 4)
(17, 5)
(16, 5)
(15, 5)
(14, 5)
(14, 6)
(14, 7)
(14, 8)
(14, 9)
(14, 10)
(14, 11)
(14, 12)
(14, 13)
(14, 14)
(14, 15)
(14, 16)
(14, 17)
(15, 17)
kaikki ok
Reitin pituus: 4
(12, 7)
(12, 8)
(12, 9)
(12, 10)
(12, 11)
kaikki ok
Reitin pituus: 24
(11, 15)
(12, 15)
(13, 15)
(14, 15)
(14, 14)
(14, 13)
(14, 12)
(14, 11)
(14, 10)
(14, 9)
(14, 8)
(14, 7)
(14, 6)
(14, 5)
(14, 4)
(14, 3)
(13, 3)
(12, 3)
(11, 3)
(10, 3)
(9, 3)
(8, 3)
(8, 2)
(8, 1)
(7, 1)
kaikki ok
Reitin pituus: 22
(6, 16)
(6, 15)
(7, 15)
(8, 15)
(9, 15)
(10, 15)
(10, 14)
(10, 13)
(11, 13)
(12, 13)
(12, 12)
(12, 11)
(12, 10)
(12, 9)
(13, 9)
(14, 9)
(14, 8)
(14, 7)
(14, 6)
(14, 5)
(14, 4)
(14, 3)
(15, 3)
kaikki ok
Reitin pituus: 5
(8, 15)
(9, 15)
(10, 15)
(10, 14)
(10, 13)
(11, 13)
kaikki ok
Reitin pituus: 8
(12, 10)
(12, 9)
(13, 9)
(14, 9)
(14, 8)
(14, 7)
(14, 6)
(14, 5)
(14, 4)
kaikki ok
Reitin pituus: 27
(17, 17)
(16, 17)
(15, 17)
(14, 17)
(14, 16)
(14, 15)
(14, 14)
(14, 13)
(14, 12)
(14, 11)
(14, 10)
(14, 9)
(14, 8)
(14, 7)
(14, 6)
(14, 5)
(14, 4)
(14, 3)
(13, 3)
(12, 3)
(11, 3)
(10, 3)
(9, 3)
(8, 3)
(8, 2)
(8, 1)
(7, 1)
(6, 1)
kaikki ok
Reitin pituus: 15
(1, 4)
(1, 3)
(2, 3)
(3, 3)
(4, 3)
(5, 3)
(6, 3)
(7, 3)
(8, 3)
(9, 3)
(10, 3)
(11, 3)
(12, 3)
(12, 4)
(12, 5)
(11, 5)
kaikki ok
Reitin pituus: 14
(4, 9)
(4, 8)
(4, 7)
(4, 6)
(4, 5)
(4, 4)
(4, 3)
(5, 3)
(6, 3)
(7, 3)
(8, 3)
(9, 3)
(10, 3)
(10, 2)
(10, 1)
kaikki ok
Reitin pituus: 12
(17, 15)
(17, 14)
(17, 13)
(16, 13)
(15, 13)
(14, 13)
(13, 13)
(12, 13)
(12, 12)
(12, 11)
(11, 11)
(10, 11)
(9, 11)
kaikki ok
Reitin pituus: 23
(6, 17)
(6, 16)
(6, 15)
(5, 15)
(4, 15)
(4, 14)
(4, 13)
(4, 12)
(4, 11)
(4, 10)
(4, 9)
(4, 8)
(4, 7)
(4, 6)
(4, 5)
(4, 4)
(4, 3)
(5, 3)
(6, 3)
(7, 3)
(8, 3)
(9, 3)
(10, 3)
(10, 2)
kaikki ok
Reitin pituus: 19
(11, 17)
(12, 17)
(12, 16)
(12, 15)
(13, 15)
(14, 15)
(14, 14)
(14, 13)
(14, 12)
(14, 11)
(14, 10)
(14, 9)
(14, 8)
(14, 7)
(14, 6)
(14, 5)
(14, 4)
(14, 3)
(15, 3)
(16, 3)
kaikki ok
Reitin pituus: 14
(10, 11)
(11, 11)
(12, 11)
(12, 12)
(12, 13)
(13, 13)
(14, 13)
(14, 14)
(14, 15)
(14, 16)
(14, 17)
(15, 17)
(16, 17)
(17, 17)
(17, 18)
kaikki ok
Reitin pituus: 7
(17, 14)
(17, 13)
(16, 13)
(15, 13)
(14, 13)
(14, 14)
(14, 15)
(13, 15)
kaikki ok
Reitin pituus: 20
(2, 13)
(3, 13)
(4, 13)
(4, 14)
(4, 15)
(5, 15)
(6, 15)
(6, 16)
(6, 17)
(7, 17)
(8, 17)
(8, 18)
(8, 19)
(9, 19)
(10, 19)
(11, 19)
(12, 19)
(13, 19)
(14, 19)
(15, 19)
(16, 19)
kaikki ok
Reitin pituus: 12
(14, 8)
(14, 9)
(13, 9)
(12, 9)
(12, 10)
(12, 11)
(11, 11)
(10, 11)
(9, 11)
(8, 11)
(7, 11)
(6, 11)
(6, 10)
kaikki ok
Reitin pituus: 8
(6, 13)
(5, 13)
(4, 13)
(4, 14)
(4, 15)
(4, 16)
(4, 17)
(3, 17)
(2, 17)
kaikki ok
Reitin pituus: 9
(6, 17)
(6, 16)
(6, 15)
(5, 15)
(4, 15)
(4, 16)
(4, 17)
(3, 17)
(2, 17)
(1, 17)
kaikki ok
Reitin pituus: 2
(4, 10)
(4, 11)
(4, 12)
kaikki ok
Reitin pituus: 9
(11, 11)
(12, 11)
(12, 12)
(12, 13)
(13, 13)
(14, 13)
(14, 14)
(14, 15)
(14, 16)
(14, 17)
kaikki ok
Reitin pituus: 11
(14, 8)
(14, 9)
(13, 9)
(12, 9)
(12, 8)
(12, 7)
(11, 7)
(10, 7)
(9, 7)
(9, 8)
(9, 9)
(10, 9)
kaikki ok
Reitin pituus: 24
(7, 15)
(6, 15)
(5, 15)
(4, 15)
(4, 14)
(4, 13)
(4, 12)
(4, 11)
(4, 10)
(4, 9)
(4, 8)
(4, 7)
(4, 6)
(4, 5)
(4, 4)
(4, 3)
(5, 3)
(6, 3)
(7, 3)
(8, 3)
(9, 3)
(10, 3)
(10, 2)
(10, 1)
(11, 1)
kaikki ok
Reitin pituus: 9
(14, 11)
(14, 12)
(14, 13)
(14, 14)
(14, 15)
(14, 16)
(14, 17)
(15, 17)
(16, 17)
(17, 17)
kaikki ok
Reitin pituus: 8
(15, 5)
(14, 5)
(14, 6)
(14, 7)
(14, 8)
(14, 9)
(13, 9)
(12, 9)
(12, 8)
kaikki ok
Reitin pituus: 17
(14, 13)
(13, 13)
(12, 13)
(12, 12)
(12, 11)
(11, 11)
(10, 11)
(9, 11)
(8, 11)
(7, 11)
(6, 11)
(6, 10)
(6, 9)
(5, 9)
(4, 9)
(4, 8)
(4, 7)
(4, 6)
kaikki ok
Reitin pituus: 6
(7, 13)
(6, 13)
(6, 12)
(6, 11)
(6, 10)
(6, 9)
(5, 9)
kaikki ok
Reitin pituus: 14
(2, 15)
(1, 15)
(1, 14)
(1, 13)
(2, 13)
(3, 13)
(4, 13)
(5, 13)
(6, 13)
(6, 12)
(6, 11)
(7, 11)
(8, 11)
(9, 11)
(10, 11)
kaikki ok
Reitin pituus: 11
(17, 18)
(17, 19)
(16, 19)
(15, 19)
(14, 19)
(13, 19)
(12, 19)
(11, 19)
(10, 19)
(9, 19)
(8, 19)
(8, 18)
kaikki ok
Reitin pituus: 7
(9, 3)
(10, 3)
(10, 2)
(10, 1)
(11, 1)
(12, 1)
(13, 1)
(14, 1)
kaikki ok
Reitin pituus: 19
(12, 9)
(12, 10)
(12, 11)
(11, 11)
(10, 11)
(9, 11)
(8, 11)
(7, 11)
(6, 11)
(6, 12)
(6, 13)
(5, 13)
(4, 13)
(3, 13)
(2, 13)
(1, 13)
(1, 14)
(1, 15)
(2, 15)
(2, 16)
kaikki ok
Reitin pituus: 17
(12, 15)
(13, 15)
(14, 15)
(14, 14)
(14, 13)
(14, 12)
(14, 11)
(14, 10)
(14, 9)
(14, 8)
(14, 7)
(14, 6)
(14, 5)
(14, 4)
(14, 3)
(15, 3)
(16, 3)
(17, 3)
kaikki ok
Reitin pituus: 13
(4, 3)
(4, 4)
(4, 5)
(4, 6)
(4, 7)
(4, 8)
(4, 9)
(5, 9)
(6, 9)
(6, 10)
(6, 11)
(7, 11)
(8, 11)
(9, 11)
kaikki ok
Reitin pituus: 11
(8, 18)
(8, 19)
(9, 19)
(10, 19)
(10, 18)
(10, 17)
(11, 17)
(12, 17)
(12, 16)
(12, 15)
(13, 15)
(14, 15)
kaikki ok
Reitin pituus: 13
(15, 5)
(14, 5)
(14, 6)
(14, 7)
(14, 8)
(14, 9)
(14, 10)
(14, 11)
(14, 12)
(14, 13)
(15, 13)
(16, 13)
(17, 13)
(17, 14)
kaikki ok
Reitin pituus: 18
(14, 6)
(14, 7)
(14, 8)
(14, 9)
(14, 10)
(14, 11)
(14, 12)
(14, 13)
(14, 14)
(14, 15)
(13, 15)
(12, 15)
(12, 16)
(12, 17)
(11, 17)
(10, 17)
(10, 18)
(10, 19)
(11, 19)
kaikki ok
Reitin pituus: 6
(5, 9)
(4, 9)
(4, 10)
(4, 11)
(4, 12)
(4, 13)
(5, 13)
kaikki ok
Reitin pituus: 24
(1, 15)
(2, 15)
(2, 16)
(2, 17)
(3, 17)
(4, 17)
(4, 16)
(4, 15)
(5, 15)
(6, 15)
(7, 15)
(8, 15)
(9, 15)
(10, 15)
(11, 15)
(12, 15)
(13, 15)
(14, 15)
(14, 16)
(14, 17)
(15, 17)
(16, 17)
(16, 16)
(16, 15)
(17, 15)
kaikki ok
Reitin pituus: 15
(11, 7)
(12, 7)
(12, 8)
(12, 9)
(13, 9)
(14, 9)
(14, 10)
(14, 11)
(14, 12)
(14, 13)
(14, 14)
(14, 15)
(14, 16)
(14, 17)
(15, 17)
(16, 17)
kaikki ok
Reitin pituus: 8
(4, 17)
(4, 16)
(4, 15)
(5, 15)
(6, 15)
(7, 15)
(8, 15)
(8, 14)
(8, 13)
kaikki ok
Reitin pituus: 10
(16, 13)
(15, 13)
(14, 13)
(14, 14)
(14, 15)
(13, 15)
(12, 15)
(11, 15)
(10, 15)
(9, 15)
(8, 15)
kaikki ok
Reitin pituus: 21
(12, 1)
(13, 1)
(14, 1)
(14, 2)
(14, 3)
(14, 4)
(14, 5)
(14, 6)
(14, 7)
(14, 8)
(14, 9)
(14, 10)
(14, 11)
(14, 12)
(14, 13)
(14, 14)
(14, 15)
(14, 16)
(14, 17)
(15, 17)
(16, 17)
(16, 16)
kaikki ok
Reitin pituus: 6
(16, 16)
(16, 17)
(15, 17)
(14, 17)
(14, 16)
(14, 15)
(14, 14)
kaikki ok
Reitin pituus: 15
(11, 3)
(10, 3)
(9, 3)
(8, 3)
(7, 3)
(6, 3)
(5, 3)
(4, 3)
(4, 4)
(4, 5)
(4, 6)
(4, 7)
(4, 8)
(4, 9)
(4, 10)
(4, 11)
kaikki ok
Reitin pituus: 15
(8, 9)
(9, 9)
(9, 8)
(9, 7)
(8, 7)
(8, 6)
(8, 5)
(7, 5)
(6, 5)
(6, 4)
(6, 3)
(7, 3)
(8, 3)
(8, 2)
(8, 1)
(7, 1)
kaikki ok
Reitin pituus: 9
(10, 5)
(11, 5)
(12, 5)
(12, 4)
(12, 3)
(13, 3)
(14, 3)
(14, 4)
(14, 5)
(14, 6)
kaikki ok
Reitin pituus: 16
(3, 5)
(4, 5)
(4, 4)
(4, 3)
(5, 3)
(6, 3)
(6, 4)
(6, 5)
(7, 5)
(8, 5)
(8, 6)
(8, 7)
(9, 7)
(10, 7)
(11, 7)
(12, 7)
(12, 8)
kaikki ok
Reitin pituus: 13
(12, 13)
(11, 13)
(10, 13)
(10, 14)
(10, 15)
(11, 15)
(12, 15)
(12, 16)
(12, 17)
(11, 17)
(10, 17)
(10, 18)
(10, 19)
(9, 19)
kaikki ok
Reitin pituus: 18
(8, 5)
(8, 6)
(8, 7)
(7, 7)
(6, 7)
(6, 8)
(6, 9)
(6, 10)
(6, 11)
(6, 12)
(6, 13)
(5, 13)
(4, 13)
(4, 14)
(4, 15)
(4, 16)
(4, 17)
(3, 17)
(2, 17)
kaikki ok
Reitin pituus: 15
(14, 11)
(14, 12)
(14, 13)
(13, 13)
(12, 13)
(11, 13)
(10, 13)
(10, 14)
(10, 15)
(9, 15)
(8, 15)
(7, 15)
(6, 15)
(5, 15)
(4, 15)
(4, 14)
kaikki ok
Reitin pituus: 15
(1, 19)
(2, 19)
(3, 19)
(4, 19)
(5, 19)
(6, 19)
(7, 19)
(8, 19)
(9, 19)
(10, 19)
(11, 19)
(12, 19)
(13, 19)
(14, 19)
(15, 19)
(16, 19)
kaikki ok
Reitin pituus: 12
(4, 6)
(4, 7)
(4, 8)
(4, 9)
(5, 9)
(6, 9)
(6, 8)
(6, 7)
(7, 7)
(8, 7)
(9, 7)
(10, 7)
(10, 6)
kaikki ok
Reitin pituus: 11
(11, 11)
(10, 11)
(9, 11)
(8, 11)
(7, 11)
(6, 11)
(6, 10)
(6, 9)
(5, 9)
(4, 9)
(4, 8)
(4, 7)
kaikki ok
Reitin pituus: 17
(14, 19)
(15, 19)
(16, 19)
(17, 19)
(17, 18)
(17, 17)
(16, 17)
(15, 17)
(14, 17)
(14, 16)
(14, 15)
(14, 14)
(14, 13)
(14, 12)
(14, 11)
(14, 10)
(14, 9)
(14, 8)
kaikki ok
Reitin pituus: 11
(4, 4)
(4, 5)
(4, 6)
(4, 7)
(4, 8)
(4, 9)
(4, 10)
(4, 11)
(4, 12)
(4, 13)
(3, 13)
(2, 13)
kaikki ok
Reitin pituus: 17
(9, 15)
(10, 15)
(10, 14)
(10, 13)
(11, 13)
(12, 13)
(12, 12)
(12, 11)
(12, 10)
(12, 9)
(12, 8)
(12, 7)
(11, 7)
(10, 7)
(10, 6)
(10, 5)
(11, 5)
(12, 5)
kaikki ok
Reitin pituus: 12
(12, 15)
(11, 15)
(10, 15)
(10, 14)
(10, 13)
(11, 13)
(12, 13)
(12, 12)
(12, 11)
(11, 11)
(10, 11)
(9, 11)
(8, 11)
kaikki ok
Reitin pituus: 10
(6, 8)
(6, 9)
(5, 9)
(4, 9)
(4, 10)
(4, 11)
(4, 12)
(4, 13)
(4, 14)
(4, 15)
(5, 15)
kaikki ok
Reitin pituus: 25
(10, 19)
(9, 19)
(8, 19)
(8, 18)
(8, 17)
(7, 17)
(6, 17)
(6, 16)
(6, 15)
(5, 15)
(4, 15)
(4, 14)
(4, 13)
(4, 12)
(4, 11)
(4, 10)
(4, 9)
(4, 8)
(4, 7)
(4, 6)
(4, 5)
(4, 4)
(4, 3)
(4, 2)
(4, 1)
(3, 1)
kaikki ok
Reitin pituus: 11
(12, 1)
(11, 1)
(10, 1)
(10, 2)
(10, 3)
(9, 3)
(8, 3)
(7, 3)
(6, 3)
(5, 3)
(4, 3)
(4, 4)
kaikki ok
Reitin pituus: 13
(11, 5)
(10, 5)
(10, 6)
(10, 7)
(9, 7)
(8, 7)
(7, 7)
(6, 7)
(6, 8)
(6, 9)
(6, 10)
(6, 11)
(6, 12)
(6, 13)
kaikki ok
Reitin pituus: 11
(10, 2)
(10, 3)
(9, 3)
(8, 3)
(8, 2)
(8, 1)
(7, 1)
(6, 1)
(5, 1)
(4, 1)
(3, 1)
(2, 1)
kaikki ok
Reitin pituus: 15
(11, 19)
(10, 19)
(10, 18)
(10, 17)
(11, 17)
(12, 17)
(12, 16)
(12, 15)
(13, 15)
(14, 15)
(14, 14)
(14, 13)
(13, 13)
(12, 13)
(12, 12)
(12, 11)
kaikki ok
Reitin pituus: 9
(14, 1)
(13, 1)
(12, 1)
(11, 1)
(10, 1)
(10, 2)
(10, 3)
(9, 3)
(8, 3)
(8, 2)
kaikki ok
Reitin pituus: 5
(6, 12)
(6, 13)
(5, 13)
(4, 13)
(4, 14)
(4, 15)
kaikki ok
Reitin pituus: 14
(16, 5)
(15, 5)
(14, 5)
(14, 6)
(14, 7)
(14, 8)
(14, 9)
(13, 9)
(12, 9)
(12, 8)
(12, 7)
(11, 7)
(10, 7)
(9, 7)
(8, 7)
kaikki ok
Reitin pituus: 11
(10, 7)
(11, 7)
(12, 7)
(12, 8)
(12, 9)
(12, 10)
(12, 11)
(12, 12)
(12, 13)
(11, 13)
(10, 13)
(10, 14)
kaikki ok
Reitin pituus: 18
(2, 15)
(1, 15)
(1, 14)
(1, 13)
(2, 13)
(3, 13)
(4, 13)
(4, 12)
(4, 11)
(4, 10)
(4, 9)
(4, 8)
(4, 7)
(4, 6)
(4, 5)
(4, 4)
(4, 3)
(4, 2)
(4, 1)
kaikki ok
Reitin pituus: 14
(5, 15)
(4, 15)
(4, 14)
(4, 13)
(4, 12)
(4, 11)
(4, 10)
(4, 9)
(4, 8)
(4, 7)
(4, 6)
(4, 5)
(4, 4)
(4, 3)
(4, 2)
kaikki ok
Reitin pituus: 10
(14, 6)
(14, 5)
(14, 4)
(14, 3)
(13, 3)
(12, 3)
(11, 3)
(10, 3)
(9, 3)
(8, 3)
(7, 3)
kaikki ok
Reitin pituus: 21
(8, 9)
(9, 9)
(9, 8)
(9, 7)
(10, 7)
(11, 7)
(12, 7)
(12, 8)
(12, 9)
(13, 9)
(14, 9)
(14, 10)
(14, 11)
(14, 12)
(14, 13)
(14, 14)
(14, 15)
(14, 16)
(14, 17)
(15, 17)
(16, 17)
(17, 17)
kaikki ok
Reitin pituus: 12
(7, 11)
(6, 11)
(6, 12)
(6, 13)
(5, 13)
(4, 13)
(4, 14)
(4, 15)
(4, 16)
(4, 17)
(3, 17)
(2, 17)
(2, 16)
kaikki ok
Reitin pituus: 11
(5, 9)
(4, 9)
(4, 8)
(4, 7)
(4, 6)
(4, 5)
(4, 4)
(4, 3)
(5, 3)
(6, 3)
(7, 3)
(8, 3)
kaikki ok
Reitin pituus: 14
(2, 13)
(3, 13)
(4, 13)
(5, 13)
(6, 13)
(6, 12)
(6, 11)
(6, 10)
(6, 9)
(6, 8)
(6, 7)
(7, 7)
(8, 7)
(9, 7)
(10, 7)
kaikki ok
Reitin pituus: 7
(14, 8)
(14, 9)
(14, 10)
(14, 11)
(14, 12)
(14, 13)
(15, 13)
(16, 13)
kaikki ok
Reitin pituus: 25
(7, 19)
(8, 19)
(9, 19)
(10, 19)
(10, 18)
(10, 17)
(11, 17)
(12, 17)
(12, 16)
(12, 15)
(13, 15)
(14, 15)
(14, 14)
(14, 13)
(14, 12)
(14, 11)
(14, 10)
(14, 9)
(14, 8)
(14, 7)
(14, 6)
(14, 5)
(15, 5)
(16, 5)
(17, 5)
(17, 4)
kaikki ok
Reitin pituus: 28
(9, 3)
(10, 3)
(11, 3)
(12, 3)
(13, 3)
(14, 3)
(14, 4)
(14, 5)
(14, 6)
(14, 7)
(14, 8)
(14, 9)
(14, 10)
(14, 11)
(14, 12)
(14, 13)
(14, 14)
(14, 15)
(14, 16)
(14, 17)
(15, 17)
(16, 17)
(17, 17)
(17, 18)
(17, 19)
(16, 19)
(15, 19)
(14, 19)
(13, 19)
kaikki ok
Reitin pituus: 12
(3, 19)
(4, 19)
(5, 19)
(6, 19)
(7, 19)
(8, 19)
(8, 18)
(8, 17)
(7, 17)
(6, 17)
(6, 16)
(6, 15)
(7, 15)
kaikki ok
Reitin pituus: 10
(6, 16)
(6, 15)
(7, 15)
(8, 15)
(8, 14)
(8, 13)
(7, 13)
(6, 13)
(6, 12)
(6, 11)
(6, 10)
kaikki ok
Reitin pituus: 21
(14, 19)
(13, 19)
(12, 19)
(11, 19)
(10, 19)
(9, 19)
(8, 19)
(8, 18)
(8, 17)
(7, 17)
(6, 17)
(6, 16)
(6, 15)
(5, 15)
(4, 15)
(4, 14)
(4, 13)
(4, 12)
(4, 11)
(4, 10)
(4, 9)
(4, 8)
kaikki ok
Reitin pituus: 8
(1, 19)
(2, 19)
(3, 19)
(4, 19)
(5, 19)
(6, 19)
(7, 19)
(8, 19)
(9, 19)
kaikki ok
Reitin pituus: 30
(16, 17)
(15, 17)
(14, 17)
(14, 16)
(14, 15)
(14, 14)
(14, 13)
(14, 12)
(14, 11)
(14, 10)
(14, 9)
(14, 8)
(14, 7)
(14, 6)
(14, 5)
(14, 4)
(14, 3)
(13, 3)
(12, 3)
(11, 3)
(10, 3)
(9, 3)
(8, 3)
(7, 3)
(6, 3)
(5, 3)
(4, 3)
(3, 3)
(2, 3)
(1, 3)
(1, 2)
kaikki ok
Reitin pituus: 6
(15, 13)
(16, 13)
(17, 13)
(17, 14)
(17, 15)
(16, 15)
(16, 16)
kaikki ok
Reitin pituus: 23
(10, 3)
(9, 3)
(8, 3)
(7, 3)
(6, 3)
(5, 3)
(4, 3)
(4, 4)
(4, 5)
(4, 6)
(4, 7)
(4, 8)
(4, 9)
(4, 10)
(4, 11)
(4, 12)
(4, 13)
(4, 14)
(4, 15)
(5, 15)
(6, 15)
(6, 16)
(6, 17)
(7, 17)
kaikki ok
Reitin pituus: 2
(6, 10)
(6, 9)
(5, 9)
kaikki ok
Reitin pituus: 13
(6, 12)
(6, 11)
(6, 10)
(6, 9)
(5, 9)
(4, 9)
(4, 8)
(4, 7)
(4, 6)
(4, 5)
(4, 4)
(4, 3)
(5, 3)
(6, 3)
kaikki ok
Reitin pituus: 14
(4, 2)
(4, 3)
(4, 4)
(4, 5)
(4, 6)
(4, 7)
(4, 8)
(4, 9)
(5, 9)
(6, 9)
(6, 10)
(6, 11)
(6, 12)
(6, 13)
(7, 13)
kaikki ok
Reitin pituus: 22
(4, 9)
(4, 10)
(4, 11)
(4, 12)
(4, 13)
(4, 14)
(4, 15)
(5, 15)
(6, 15)
(6, 16)
(6, 17)
(7, 17)
(8, 17)
(8, 18)
(8, 19)
(9, 19)
(10, 19)
(11, 19)
(12, 19)
(13, 19)
(14, 19)
(15, 19)
(16, 19)
kaikki ok
Reitin pituus: 10
(6, 3)
(7, 3)
(8, 3)
(9, 3)
(10, 3)
(11, 3)
(12, 3)
(13, 3)
(14, 3)
(14, 4)
(14, 5)
kaikki ok
Reitin pituus: 15
(11, 7)
(10, 7)
(9, 7)
(8, 7)
(8, 6)
(8, 5)
(7, 5)
(6, 5)
(6, 4)
(6, 3)
(5, 3)
(4, 3)
(4, 2)
(4, 1)
(3, 1)
(2, 1)
kaikki ok
Reitin pituus: 9
(10, 5)
(10, 6)
(10, 7)
(11, 7)
(12, 7)
(12, 8)
(12, 9)
(13, 9)
(14, 9)
(14, 8)
kaikki ok
Reitin pituus: 19
(14, 12)
(14, 13)
(14, 14)
(14, 15)
(13, 15)
(12, 15)
(12, 16)
(12, 17)
(11, 17)
(10, 17)
(10, 18)
(10, 19)
(9, 19)
(8, 19)
(7, 19)
(6, 19)
(5, 19)
(4, 19)
(3, 19)
(2, 19)
kaikki ok
Reitin pituus: 11
(8, 15)
(8, 14)
(8, 13)
(7, 13)
(6, 13)
(6, 12)
(6, 11)
(6, 10)
(6, 9)
(6, 8)
(6, 7)
(7, 7)
kaikki ok
Reitin pituus: 12
(10, 5)
(11, 5)
(12, 5)
(12, 4)
(12, 3)
(11, 3)
(10, 3)
(9, 3)
(8, 3)
(8, 2)
(8, 1)
(7, 1)
(6, 1)
kaikki ok
Reitin pituus: 23
(9, 3)
(8, 3)
(7, 3)
(6, 3)
(5, 3)
(4, 3)
(4, 4)
(4, 5)
(4, 6)
(4, 7)
(4, 8)
(4, 9)
(4, 10)
(4, 11)
(4, 12)
(4, 13)
(4, 14)
(4, 15)
(4, 16)
(4, 17)
(3, 17)
(2, 17)
(1, 17)
(1, 18)
kaikki ok
Reitin pituus: 21
(16, 19)
(17, 19)
(17, 18)
(17, 17)
(16, 17)
(15, 17)
(14, 17)
(14, 16)
(14, 15)
(14, 14)
(14, 13)
(14, 12)
(14, 11)
(14, 10)
(14, 9)
(14, 8)
(14, 7)
(14, 6)
(14, 5)
(14, 4)
(14, 3)
(15, 3)
kaikki ok
Reitin pituus: 11
(10, 3)
(11, 3)
(12, 3)
(13, 3)
(14, 3)
(14, 4)
(14, 5)
(14, 6)
(14, 7)
(14, 8)
(14, 9)
(14, 10)
kaikki ok
Reitin pituus: 22
(11, 1)
(10, 1)
(10, 2)
(10, 3)
(9, 3)
(8, 3)
(7, 3)
(6, 3)
(5, 3)
(4, 3)
(4, 4)
(4, 5)
(4, 6)
(4, 7)
(4, 8)
(4, 9)
(5, 9)
(6, 9)
(6, 10)
(6, 11)
(6, 12)
(6, 13)
(7, 13)
kaikki ok
Reitin pituus: 5
(9, 3)
(10, 3)
(10, 2)
(10, 1)
(11, 1)
(12, 1)
kaikki ok
Reitin pituus: 7
(8, 7)
(7, 7)
(6, 7)
(6, 8)
(6, 9)
(5, 9)
(4, 9)
(4, 10)
kaikki ok
Reitin pituus: 5
(1, 14)
(1, 13)
(2, 13)
(3, 13)
(4, 13)
(4, 12)
kaikki ok
Reitin pituus: 23
(11, 13)
(12, 13)
(12, 12)
(12, 11)
(11, 11)
(10, 11)
(9, 11)
(8, 11)
(7, 11)
(6, 11)
(6, 10)
(6, 9)
(5, 9)
(4, 9)
(4, 8)
(4, 7)
(4, 6)
(4, 5)
(3, 5)
(2, 5)
(1, 5)
(1, 4)
(1, 3)
(1, 2)
kaikki ok
Reitin pituus: 13
(12, 13)
(12, 12)
(12, 11)
(11, 11)
(10, 11)
(9, 11)
(8, 11)
(7, 11)
(6, 11)
(6, 10)
(6, 9)
(5, 9)
(4, 9)
(4, 8)
kaikki ok
Reitin pituus: 15
(2, 1)
(3, 1)
(4, 1)
(4, 2)
(4, 3)
(4, 4)
(4, 5)
(4, 6)
(4, 7)
(4, 8)
(4, 9)
(5, 9)
(6, 9)
(6, 10)
(6, 11)
(6, 12)
kaikki ok
Reitin pituus: 22
(8, 5)
(8, 6)
(8, 7)
(7, 7)
(6, 7)
(6, 8)
(6, 9)
(6, 10)
(6, 11)
(6, 12)
(6, 13)
(5, 13)
(4, 13)
(4, 14)
(4, 15)
(4, 16)
(4, 17)
(3, 17)
(2, 17)
(1, 17)
(1, 18)
(1, 19)
(2, 19)
kaikki ok
Reitin pituus: 12
(4, 15)
(4, 14)
(4, 13)
(4, 12)
(4, 11)
(4, 10)
(4, 9)
(4, 8)
(4, 7)
(4, 6)
(4, 5)
(3, 5)
(2, 5)
kaikki ok
Reitin pituus: 20
(16, 19)
(17, 19)
(17, 18)
(17, 17)
(16, 17)
(15, 17)
(14, 17)
(14, 16)
(14, 15)
(14, 14)
(14, 13)
(13, 13)
(12, 13)
(12, 12)
(12, 11)
(12, 10)
(12, 9)
(12, 8)
(12, 7)
(11, 7)
(10, 7)
kaikki ok
Reitin pituus: 24
(7, 5)
(8, 5)
(8, 6)
(8, 7)
(9, 7)
(10, 7)
(11, 7)
(12, 7)
(12, 8)
(12, 9)
(12, 10)
(12, 11)
(12, 12)
(12, 13)
(11, 13)
(10, 13)
(10, 14)
(10, 15)
(11, 15)
(12, 15)
(12, 16)
(12, 17)
(11, 17)
(10, 17)
(10, 18)
kaikki ok
Reitin pituus: 17
(4, 6)
(4, 7)
(4, 8)
(4, 9)
(4, 10)
(4, 11)
(4, 12)
(4, 13)
(5, 13)
(6, 13)
(7, 13)
(8, 13)
(8, 14)
(8, 15)
(9, 15)
(10, 15)
(10, 14)
(10, 13)
kaikki ok
Reitin pituus: 18
(6, 19)
(7, 19)
(8, 19)
(9, 19)
(10, 19)
(10, 18)
(10, 17)
(11, 17)
(12, 17)
(12, 16)
(12, 15)
(13, 15)
(14, 15)
(14, 14)
(14, 13)
(13, 13)
(12, 13)
(12, 12)
(12, 11)
kaikki ok
Reitin pituus: 19
(4, 11)
(4, 10)
(4, 9)
(5, 9)
(6, 9)
(6, 10)
(6, 11)
(7, 11)
(8, 11)
(9, 11)
(10, 11)
(11, 11)
(12, 11)
(12, 12)
(12, 13)
(13, 13)
(14, 13)
(15, 13)
(16, 13)
(17, 13)
kaikki ok
Reitin pituus: 15
(4, 1)
(4, 2)
(4, 3)
(5, 3)
(6, 3)
(7, 3)
(8, 3)
(9, 3)
(10, 3)
(11, 3)
(12, 3)
(13, 3)
(14, 3)
(15, 3)
(16, 3)
(17, 3)
kaikki ok
Reitin pituus: 15
(12, 9)
(12, 10)
(12, 11)
(12, 12)
(12, 13)
(11, 13)
(10, 13)
(10, 14)
(10, 15)
(9, 15)
(8, 15)
(7, 15)
(6, 15)
(6, 16)
(6, 17)
(7, 17)
kaikki ok
Reitin pituus: 28
(16, 19)
(17, 19)
(17, 18)
(17, 17)
(16, 17)
(15, 17)
(14, 17)
(14, 16)
(14, 15)
(14, 14)
(14, 13)
(14, 12)
(14, 11)
(14, 10)
(14, 9)
(14, 8)
(14, 7)
(14, 6)
(14, 5)
(14, 4)
(14, 3)
(13, 3)
(12, 3)
(11, 3)
(10, 3)
(9, 3)
(8, 3)
(8, 2)
(8, 1)
kaikki ok
Reitin pituus: 13
(10, 11)
(9, 11)
(8, 11)
(7, 11)
(6, 11)
(6, 10)
(6, 9)
(6, 8)
(6, 7)
(7, 7)
(8, 7)
(8, 6)
(8, 5)
(7, 5)
kaikki ok
Reitin pituus: 8
(14, 5)
(14, 6)
(14, 7)
(14, 8)
(14, 9)
(13, 9)
(12, 9)
(12, 10)
(12, 11)
kaikki ok
Reitin pituus: 3
(4, 12)
(4, 13)
(4, 14)
(4, 15)
kaikki ok
Reitin pituus: 21
(8, 14)
(8, 15)
(9, 15)
(10, 15)
(10, 14)
(10, 13)
(11, 13)
(12, 13)
(13, 13)
(14, 13)
(14, 12)
(14, 11)
(14, 10)
(14, 9)
(14, 8)
(14, 7)
(14, 6)
(14, 5)
(14, 4)
(14, 3)
(14, 2)
(14, 1)
kaikki ok
Reitin pituus: 6
(12, 7)
(11, 7)
(10, 7)
(9, 7)
(9, 8)
(9, 9)
(8, 9)
kaikki ok
Reitin pituus: 10
(8, 17)
(8, 18)
(8, 19)
(7, 19)
(6, 19)
(5, 19)
(4, 19)
(3, 19)
(2, 19)
(1, 19)
(1, 18)
kaikki ok
Reitin pituus: 15
(16, 15)
(17, 15)
(17, 14)
(17, 13)
(16, 13)
(15, 13)
(14, 13)
(14, 12)
(14, 11)
(14, 10)
(14, 9)
(14, 8)
(14, 7)
(14, 6)
(14, 5)
(14, 4)
kaikki ok
Reitin pituus: 20
(14, 4)
(14, 5)
(14, 6)
(14, 7)
(14, 8)
(14, 9)
(14, 10)
(14, 11)
(14, 12)
(14, 13)
(14, 14)
(14, 15)
(13, 15)
(12, 15)
(12, 16)
(12, 17)
(11, 17)
(10, 17)
(10, 18)
(10, 19)
(9, 19)
kaikki ok
Reitin pituus: 17
(4, 9)
(5, 9)
(6, 9)
(6, 8)
(6, 7)
(7, 7)
(8, 7)
(9, 7)
(10, 7)
(10, 6)
(10, 5)
(11, 5)
(12, 5)
(12, 4)
(12, 3)
(13, 3)
(14, 3)
(14, 4)
kaikki ok
Reitin pituus: 11
(4, 9)
(5, 9)
(6, 9)
(6, 10)
(6, 11)
(7, 11)
(8, 11)
(9, 11)
(10, 11)
(11, 11)
(12, 11)
(12, 10)
kaikki ok
Reitin pituus: 25
(1, 4)
(1, 5)
(2, 5)
(3, 5)
(4, 5)
(4, 6)
(4, 7)
(4, 8)
(4, 9)
(4, 10)
(4, 11)
(4, 12)
(4, 13)
(4, 14)
(4, 15)
(5, 15)
(6, 15)
(6, 16)
(6, 17)
(7, 17)
(8, 17)
(8, 18)
(8, 19)
(9, 19)
(10, 19)
(11, 19)
kaikki ok
Reitin pituus: 15
(14, 5)
(14, 6)
(14, 7)
(14, 8)
(14, 9)
(13, 9)
(12, 9)
(12, 10)
(12, 11)
(11, 11)
(10, 11)
(9, 11)
(8, 11)
(7, 11)
(6, 11)
(6, 10)
kaikki ok
Reitin pituus: 0
(5, 13)
kaikki ok
Reitin pituus: 19
(8, 1)
(8, 2)
(8, 3)
(9, 3)
(10, 3)
(11, 3)
(12, 3)
(13, 3)
(14, 3)
(14, 4)
(14, 5)
(14, 6)
(14, 7)
(14, 8)
(14, 9)
(13, 9)
(12, 9)
(12, 10)
(12, 11)
(11, 11)
kaikki ok
Reitin pituus: 25
(16, 1)
(15, 1)
(14, 1)
(14, 2)
(14, 3)
(13, 3)
(12, 3)
(12, 4)
(12, 5)
(11, 5)
(10, 5)
(10, 6)
(10, 7)
(9, 7)
(8, 7)
(7, 7)
(6, 7)
(6, 8)
(6, 9)
(6, 10)
(6, 11)
(6, 12)
(6, 13)
(5, 13)
(4, 13)
(4, 14)
kaikki ok
Reitin pituus: 14
(11, 13)
(12, 13)
(12, 12)
(12, 11)
(12, 10)
(12, 9)
(12, 8)
(12, 7)
(11, 7)
(10, 7)
(9, 7)
(8, 7)
(8, 6)
(8, 5)
(7, 5)
kaikki ok
Reitin pituus: 17
(11, 15)
(12, 15)
(13, 15)
(14, 15)
(14, 14)
(14, 13)
(14, 12)
(14, 11)
(14, 10)
(14, 9)
(14, 8)
(14, 7)
(14, 6)
(14, 5)
(14, 4)
(14, 3)
(13, 3)
(12, 3)
kaikki ok
Reitin pituus: 14
(12, 4)
(12, 5)
(11, 5)
(10, 5)
(10, 6)
(10, 7)
(9, 7)
(8, 7)
(7, 7)
(6, 7)
(6, 8)
(6, 9)
(6, 10)
(6, 11)
(6, 12)
kaikki ok
Reitin pituus: 22
(8, 1)
(8, 2)
(8, 3)
(9, 3)
(10, 3)
(11, 3)
(12, 3)
(13, 3)
(14, 3)
(14, 4)
(14, 5)
(14, 6)
(14, 7)
(14, 8)
(14, 9)
(14, 10)
(14, 11)
(14, 12)
(14, 13)
(14, 14)
(14, 15)
(13, 15)
(12, 15)
kaikki ok
Reitin pituus: 6
(14, 4)
(14, 3)
(13, 3)
(12, 3)
(11, 3)
(10, 3)
(10, 2)
kaikki ok
Reitin pituus: 20
(8, 19)
(8, 18)
(8, 17)
(7, 17)
(6, 17)
(6, 16)
(6, 15)
(5, 15)
(4, 15)
(4, 14)
(4, 13)
(4, 12)
(4, 11)
(4, 10)
(4, 9)
(4, 8)
(4, 7)
(4, 6)
(4, 5)
(3, 5)
(2, 5)
kaikki ok
Reitin pituus: 18
(9, 19)
(10, 19)
(10, 18)
(10, 17)
(11, 17)
(12, 17)
(12, 16)
(12, 15)
(13, 15)
(14, 15)
(14, 14)
(14, 13)
(14, 12)
(14, 11)
(14, 10)
(14, 9)
(14, 8)
(14, 7)
(14, 6)
kaikki ok
Reitin pituus: 13
(12, 8)
(12, 9)
(12, 10)
(12, 11)
(12, 12)
(12, 13)
(13, 13)
(14, 13)
(14, 14)
(14, 15)
(14, 16)
(14, 17)
(15, 17)
(16, 17)
kaikki ok
Reitin pituus: 5
(12, 17)
(12, 16)
(12, 15)
(13, 15)
(14, 15)
(14, 14)
kaikki ok
Reitin pituus: 13
(9, 9)
(9, 8)
(9, 7)
(10, 7)
(11, 7)
(12, 7)
(12, 8)
(12, 9)
(12, 10)
(12, 11)
(12, 12)
(12, 13)
(11, 13)
(10, 13)
kaikki ok
Reitin pituus: 9
(10, 17)
(11, 17)
(12, 17)
(12, 16)
(12, 15)
(13, 15)
(14, 15)
(14, 14)
(14, 13)
(14, 12)
kaikki ok
Reitin pituus: 12
(1, 15)
(2, 15)
(2, 16)
(2, 17)
(1, 17)
(1, 18)
(1, 19)
(2, 19)
(3, 19)
(4, 19)
(5, 19)
(6, 19)
(7, 19)
kaikki ok
Reitin pituus: 15
(14, 8)
(14, 7)
(14, 6)
(14, 5)
(14, 4)
(14, 3)
(13, 3)
(12, 3)
(11, 3)
(10, 3)
(9, 3)
(8, 3)
(7, 3)
(6, 3)
(5, 3)
(4, 3)
kaikki ok
Reitin pituus: 2
(9, 19)
(8, 19)
(8, 18)
kaikki ok
Reitin pituus: 27
(12, 1)
(13, 1)
(14, 1)
(14, 2)
(14, 3)
(14, 4)
(14, 5)
(14, 6)
(14, 7)
(14, 8)
(14, 9)
(14, 10)
(14, 11)
(14, 12)
(14, 13)
(14, 14)
(14, 15)
(13, 15)
(12, 15)
(12, 16)
(12, 17)
(11, 17)
(10, 17)
(10, 18)
(10, 19)
(11, 19)
(12, 19)
(13, 19)
kaikki ok
Reitin pituus: 16
(6, 15)
(5, 15)
(4, 15)
(4, 14)
(4, 13)
(4, 12)
(4, 11)
(4, 10)
(4, 9)
(5, 9)
(6, 9)
(6, 8)
(6, 7)
(7, 7)
(8, 7)
(9, 7)
(9, 8)
kaikki ok
Reitin pituus: 24
(9, 3)
(8, 3)
(7, 3)
(6, 3)
(5, 3)
(4, 3)
(4, 4)
(4, 5)
(4, 6)
(4, 7)
(4, 8)
(4, 9)
(4, 10)
(4, 11)
(4, 12)
(4, 13)
(4, 14)
(4, 15)
(4, 16)
(4, 17)
(3, 17)
(2, 17)
(1, 17)
(1, 18)
(1, 19)
kaikki ok
Reitin pituus: 13
(4, 4)
(4, 3)
(5, 3)
(6, 3)
(6, 4)
(6, 5)
(7, 5)
(8, 5)
(8, 6)
(8, 7)
(9, 7)
(9, 8)
(9, 9)
(10, 9)
kaikki ok
Reitin pituus: 32
(17, 1)
(17, 2)
(17, 3)
(17, 4)
(17, 5)
(16, 5)
(15, 5)
(14, 5)
(14, 6)
(14, 7)
(14, 8)
(14, 9)
(14, 10)
(14, 11)
(14, 12)
(14, 13)
(14, 14)
(14, 15)
(13, 15)
(12, 15)
(12, 16)
(12, 17)
(11, 17)
(10, 17)
(10, 18)
(10, 19)
(9, 19)
(8, 19)
(7, 19)
(6, 19)
(5, 19)
(4, 19)
(3, 19)
kaikki ok
Reitin pituus: 6
(5, 13)
(4, 13)
(4, 14)
(4, 15)
(5, 15)
(6, 15)
(7, 15)
kaikki ok
Reitin pituus: 17
(11, 3)
(12, 3)
(12, 4)
(12, 5)
(11, 5)
(10, 5)
(10, 6)
(10, 7)
(11, 7)
(12, 7)
(12, 8)
(12, 9)
(12, 10)
(12, 11)
(12, 12)
(12, 13)
(11, 13)
(10, 13)
kaikki ok
Reitin pituus: 22
(9, 8)
(9, 7)
(8, 7)
(7, 7)
(6, 7)
(6, 8)
(6, 9)
(5, 9)
(4, 9)
(4, 10)
(4, 11)
(4, 12)
(4, 13)
(4, 14)
(4, 15)
(4, 16)
(4, 17)
(3, 17)
(2, 17)
(1, 17)
(1, 18)
(1, 19)
(2, 19)
kaikki ok
Reitin pituus: 11
(12, 5)
(11, 5)
(10, 5)
(10, 6)
(10, 7)
(11, 7)
(12, 7)
(12, 8)
(12, 9)
(12, 10)
(12, 11)
(11, 11)
kaikki ok
Reitin pituus: 12
(2, 17)
(3, 17)
(4, 17)
(4, 16)
(4, 15)
(4, 14)
(4, 13)
(5, 13)
(6, 13)
(6, 12)
(6, 11)
(7, 11)
(8, 11)
kaikki ok
Reitin pituus: 19
(2, 17)
(3, 17)
(4, 17)
(4, 16)
(4, 15)
(5, 15)
(6, 15)
(7, 15)
(8, 15)
(9, 15)
(10, 15)
(11, 15)
(12, 15)
(13, 15)
(14, 15)
(14, 14)
(14, 13)
(14, 12)
(14, 11)
(14, 10)
kaikki ok
Reitin pituus: 9
(12, 13)
(11, 13)
(10, 13)
(10, 14)
(10, 15)
(11, 15)
(12, 15)
(12, 16)
(12, 17)
(11, 17)
kaikki ok
Reitin pituus: 2
(8, 6)
(8, 7)
(9, 7)
kaikki ok
Reitin pituus: 2
(4, 5)
(3, 5)
(2, 5)
kaikki ok
Reitin pituus: 25
(11, 19)
(10, 19)
(9, 19)
(8, 19)
(8, 18)
(8, 17)
(7, 17)
(6, 17)
(6, 16)
(6, 15)
(5, 15)
(4, 15)
(4, 14)
(4, 13)
(4, 12)
(4, 11)
(4, 10)
(4, 9)
(4, 8)
(4, 7)
(4, 6)
(4, 5)
(4, 4)
(4, 3)
(5, 3)
(6, 3)
kaikki ok
Reitin pituus: 10
(7, 13)
(8, 13)
(8, 14)
(8, 15)
(9, 15)
(10, 15)
(11, 15)
(12, 15)
(12, 16)
(12, 17)
(11, 17)
kaikki ok
Reitin pituus: 16
(14, 1)
(14, 2)
(14, 3)
(14, 4)
(14, 5)
(14, 6)
(14, 7)
(14, 8)
(14, 9)
(14, 10)
(14, 11)
(14, 12)
(14, 13)
(15, 13)
(16, 13)
(17, 13)
(17, 14)
kaikki ok
Reitin pituus: 20
(4, 2)
(4, 3)
(5, 3)
(6, 3)
(6, 4)
(6, 5)
(7, 5)
(8, 5)
(8, 6)
(8, 7)
(9, 7)
(10, 7)
(11, 7)
(12, 7)
(12, 8)
(12, 9)
(12, 10)
(12, 11)
(12, 12)
(12, 13)
(13, 13)
kaikki ok
Reitin pituus: 2
(1, 17)
(2, 17)
(3, 17)
kaikki ok
Reitin pituus: 4
(11, 7)
(12, 7)
(12, 8)
(12, 9)
(13, 9)
kaikki ok
Reitin pituus: 6
(9, 8)
(9, 7)
(8, 7)
(8, 6)
(8, 5)
(7, 5)
(6, 5)
kaikki ok
Reitin pituus: 15
(6, 15)
(5, 15)
(4, 15)
(4, 14)
(4, 13)
(4, 12)
(4, 11)
(4, 10)
(4, 9)
(4, 8)
(4, 7)
(4, 6)
(4, 5)
(3, 5)
(2, 5)
(1, 5)
kaikki ok
Reitin pituus: 13
(9, 7)
(10, 7)
(11, 7)
(12, 7)
(12, 8)
(12, 9)
(12, 10)
(12, 11)
(12, 12)
(12, 13)
(11, 13)
(10, 13)
(10, 14)
(10, 15)
kaikki ok
Reitin pituus: 1
(2, 17)
(1, 17)
kaikki ok
Reitin pituus: 21
(17, 17)
(16, 17)
(15, 17)
(14, 17)
(14, 16)
(14, 15)
(13, 15)
(12, 15)
(11, 15)
(10, 15)
(9, 15)
(8, 15)
(7, 15)
(6, 15)
(5, 15)
(4, 15)
(4, 16)
(4, 17)
(3, 17)
(2, 17)
(2, 16)
(2, 15)
kaikki ok
Reitin pituus: 14
(10, 17)
(11, 17)
(12, 17)
(12, 16)
(12, 15)
(11, 15)
(10, 15)
(10, 14)
(10, 13)
(11, 13)
(12, 13)
(12, 12)
(12, 11)
(11, 11)
(10, 11)
kaikki ok
Reitin pituus: 4
(4, 2)
(4, 3)
(5, 3)
(6, 3)
(6, 4)
kaikki ok
Reitin pituus: 7
(13, 1)
(14, 1)
(14, 2)
(14, 3)
(13, 3)
(12, 3)
(12, 4)
(12, 5)
kaikki ok
Reitin pituus: 14
(15, 19)
(16, 19)
(17, 19)
(17, 18)
(17, 17)
(16, 17)
(15, 17)
(14, 17)
(14, 16)
(14, 15)
(14, 14)
(14, 13)
(13, 13)
(12, 13)
(12, 12)
kaikki ok
Reitin pituus: 16
(14, 5)
(14, 4)
(14, 3)
(13, 3)
(12, 3)
(11, 3)
(10, 3)
(9, 3)
(8, 3)
(7, 3)
(6, 3)
(5, 3)
(4, 3)
(3, 3)
(2, 3)
(1, 3)
(1, 4)
kaikki ok
Reitin pituus: 8
(12, 4)
(12, 3)
(11, 3)
(10, 3)
(9, 3)
(8, 3)
(7, 3)
(6, 3)
(6, 4)
kaikki ok
Reitin pituus: 8
(8, 19)
(8, 18)
(8, 17)
(7, 17)
(6, 17)
(6, 16)
(6, 15)
(5, 15)
(4, 15)
kaikki ok
Reitin pituus: 18
(1, 18)
(1, 17)
(2, 17)
(3, 17)
(4, 17)
(4, 16)
(4, 15)
(5, 15)
(6, 15)
(7, 15)
(8, 15)
(9, 15)
(10, 15)
(11, 15)
(12, 15)
(13, 15)
(14, 15)
(14, 14)
(14, 13)
kaikki ok
Reitin pituus: 3
(7, 15)
(8, 15)
(9, 15)
(10, 15)
kaikki ok
Reitin pituus: 12
(14, 6)
(14, 7)
(14, 8)
(14, 9)
(14, 10)
(14, 11)
(14, 12)
(14, 13)
(15, 13)
(16, 13)
(17, 13)
(17, 14)
(17, 15)
kaikki ok
Reitin pituus: 8
(12, 12)
(12, 13)
(11, 13)
(10, 13)
(10, 14)
(10, 15)
(11, 15)
(12, 15)
(12, 16)
kaikki ok
Reitin pituus: 16
(4, 10)
(4, 11)
(4, 12)
(4, 13)
(4, 14)
(4, 15)
(5, 15)
(6, 15)
(6, 16)
(6, 17)
(7, 17)
(8, 17)
(8, 18)
(8, 19)
(9, 19)
(10, 19)
(11, 19)
kaikki ok
Reitin pituus: 19
(2, 17)
(3, 17)
(4, 17)
(4, 16)
(4, 15)
(4, 14)
(4, 13)
(4, 12)
(4, 11)
(4, 10)
(4, 9)
(4, 8)
(4, 7)
(4, 6)
(4, 5)
(4, 4)
(4, 3)
(4, 2)
(4, 1)
(5, 1)
kaikki ok
Reitin pituus: 10
(2, 17)
(3, 17)
(4, 17)
(4, 16)
(4, 15)
(5, 15)
(6, 15)
(6, 16)
(6, 17)
(7, 17)
(8, 17)
kaikki ok
Reitin pituus: 5
(12, 13)
(13, 13)
(14, 13)
(15, 13)
(16, 13)
(17, 13)
kaikki ok
Reitin pituus: 8
(11, 5)
(10, 5)
(10, 6)
(10, 7)
(11, 7)
(12, 7)
(12, 8)
(12, 9)
(13, 9)
kaikki ok
Reitin pituus: 4
(13, 13)
(12, 13)
(12, 12)
(12, 11)
(11, 11)
kaikki ok
Reitin pituus: 12
(10, 15)
(9, 15)
(8, 15)
(8, 14)
(8, 13)
(7, 13)
(6, 13)
(6, 12)
(6, 11)
(6, 10)
(6, 9)
(5, 9)
(4, 9)
kaikki ok
Reitin pituus: 9
(6, 19)
(7, 19)
(8, 19)
(9, 19)
(10, 19)
(11, 19)
(12, 19)
(13, 19)
(14, 19)
(15, 19)
kaikki ok
Reitin pituus: 15
(14, 16)
(14, 15)
(13, 15)
(12, 15)
(12, 16)
(12, 17)
(11, 17)
(10, 17)
(10, 18)
(10, 19)
(9, 19)
(8, 19)
(7, 19)
(6, 19)
(5, 19)
(4, 19)
kaikki ok
Reitin pituus: 21
(4, 12)
(4, 11)
(4, 10)
(4, 9)
(4, 8)
(4, 7)
(4, 6)
(4, 5)
(4, 4)
(4, 3)
(5, 3)
(6, 3)
(7, 3)
(8, 3)
(9, 3)
(10, 3)
(10, 2)
(10, 1)
(11, 1)
(12, 1)
(13, 1)
(14, 1)
kaikki ok
Reitin pituus: 29
(3, 1)
(4, 1)
(4, 2)
(4, 3)
(4, 4)
(4, 5)
(4, 6)
(4, 7)
(4, 8)
(4, 9)
(4, 10)
(4, 11)
(4, 12)
(4, 13)
(4, 14)
(4, 15)
(5, 15)
(6, 15)
(6, 16)
(6, 17)
(7, 17)
(8, 17)
(8, 18)
(8, 19)
(9, 19)
(10, 19)
(11, 19)
(12, 19)
(13, 19)
(14, 19)
kaikki ok
Reitin pituus: 10
(12, 10)
(12, 9)
(12, 8)
(12, 7)
(11, 7)
(10, 7)
(9, 7)
(8, 7)
(7, 7)
(6, 7)
(6, 8)
kaikki ok
Reitin pituus: 13
(6, 7)
(7, 7)
(8, 7)
(9, 7)
(10, 7)
(11, 7)
(12, 7)
(12, 8)
(12, 9)
(13, 9)
(14, 9)
(14, 10)
(14, 11)
(14, 12)
kaikki ok
Reitin pituus: 15
(11, 19)
(10, 19)
(9, 19)
(8, 19)
(8, 18)
(8, 17)
(7, 17)
(6, 17)
(6, 16)
(6, 15)
(5, 15)
(4, 15)
(4, 14)
(4, 13)
(4, 12)
(4, 11)
kaikki ok
Reitin pituus: 15
(5, 19)
(6, 19)
(7, 19)
(8, 19)
(9, 19)
(10, 19)
(10, 18)
(10, 17)
(11, 17)
(12, 17)
(12, 16)
(12, 15)
(13, 15)
(14, 15)
(14, 16)
(14, 17)
kaikki ok
Reitin pituus: 20
(9, 7)
(8, 7)
(7, 7)
(6, 7)
(6, 8)
(6, 9)
(5, 9)
(4, 9)
(4, 10)
(4, 11)
(4, 12)
(4, 13)
(4, 14)
(4, 15)
(5, 15)
(6, 15)
(6, 16)
(6, 17)
(7, 17)
(8, 17)
(8, 18)
kaikki ok
Reitin pituus: 22
(8, 2)
(8, 3)
(9, 3)
(10, 3)
(11, 3)
(12, 3)
(13, 3)
(14, 3)
(14, 4)
(14, 5)
(14, 6)
(14, 7)
(14, 8)
(14, 9)
(14, 10)
(14, 11)
(14, 12)
(14, 13)
(14, 14)
(14, 15)
(13, 15)
(12, 15)
(11, 15)
kaikki ok
Reitin pituus: 12
(14, 4)
(14, 5)
(14, 6)
(14, 7)
(14, 8)
(14, 9)
(14, 10)
(14, 11)
(14, 12)
(14, 13)
(14, 14)
(14, 15)
(13, 15)
kaikki ok
Reitin pituus: 8
(9, 8)
(9, 7)
(10, 7)
(11, 7)
(12, 7)
(12, 8)
(12, 9)
(13, 9)
(14, 9)
kaikki ok
Reitin pituus: 12
(9, 7)
(10, 7)
(10, 6)
(10, 5)
(11, 5)
(12, 5)
(12, 4)
(12, 3)
(13, 3)
(14, 3)
(15, 3)
(16, 3)
(17, 3)
kaikki ok
Reitin pituus: 10
(17, 19)
(16, 19)
(15, 19)
(14, 19)
(13, 19)
(12, 19)
(11, 19)
(10, 19)
(9, 19)
(8, 19)
(7, 19)
kaikki ok
Reitin pituus: 10
(7, 13)
(6, 13)
(6, 12)
(6, 11)
(7, 11)
(8, 11)
(9, 11)
(10, 11)
(11, 11)
(12, 11)
(12, 10)
kaikki ok
Reitin pituus: 20
(4, 5)
(4, 6)
(4, 7)
(4, 8)
(4, 9)
(4, 10)
(4, 11)
(4, 12)
(4, 13)
(4, 14)
(4, 15)
(4, 16)
(4, 17)
(3, 17)
(2, 17)
(1, 17)
(1, 18)
(1, 19)
(2, 19)
(3, 19)
(4, 19)
kaikki ok
Reitin pituus: 22
(1, 3)
(2, 3)
(3, 3)
(4, 3)
(4, 4)
(4, 5)
(4, 6)
(4, 7)
(4, 8)
(4, 9)
(4, 10)
(4, 11)
(4, 12)
(4, 13)
(4, 14)
(4, 15)
(4, 16)
(4, 17)
(3, 17)
(2, 17)
(1, 17)
(1, 18)
(1, 19)
kaikki ok
Reitin pituus: 10
(7, 19)
(6, 19)
(5, 19)
(4, 19)
(3, 19)
(2, 19)
(1, 19)
(1, 18)
(1, 17)
(2, 17)
(2, 16)
kaikki ok
Reitin pituus: 17
(13, 3)
(14, 3)
(14, 4)
(14, 5)
(14, 6)
(14, 7)
(14, 8)
(14, 9)
(14, 10)
(14, 11)
(14, 12)
(14, 13)
(14, 14)
(14, 15)
(14, 16)
(14, 17)
(15, 17)
(16, 17)
kaikki ok
Reitin pituus: 16
(14, 1)
(14, 2)
(14, 3)
(14, 4)
(14, 5)
(14, 6)
(14, 7)
(14, 8)
(14, 9)
(14, 10)
(14, 11)
(14, 12)
(14, 13)
(14, 14)
(14, 15)
(13, 15)
(12, 15)
kaikki ok
Reitin pituus: 18
(3, 1)
(4, 1)
(4, 2)
(4, 3)
(5, 3)
(6, 3)
(7, 3)
(8, 3)
(9, 3)
(10, 3)
(11, 3)
(12, 3)
(13, 3)
(14, 3)
(14, 4)
(14, 5)
(15, 5)
(16, 5)
(17, 5)
kaikki ok
Reitin pituus: 6
(11, 11)
(12, 11)
(12, 12)
(12, 13)
(13, 13)
(14, 13)
(15, 13)
kaikki ok
Reitin pituus: 13
(8, 9)
(9, 9)
(9, 8)
(9, 7)
(8, 7)
(8, 6)
(8, 5)
(7, 5)
(6, 5)
(6, 4)
(6, 3)
(5, 3)
(4, 3)
(4, 4)
kaikki ok
Reitin pituus: 11
(4, 12)
(4, 13)
(5, 13)
(6, 13)
(7, 13)
(8, 13)
(8, 14)
(8, 15)
(9, 15)
(10, 15)
(11, 15)
(12, 15)
kaikki ok
Reitin pituus: 9
(8, 5)
(7, 5)
(6, 5)
(6, 4)
(6, 3)
(7, 3)
(8, 3)
(8, 2)
(8, 1)
(7, 1)
kaikki ok
Reitin pituus: 0
(4, 4)
kaikki ok
Reitin pituus: 16
(12, 4)
(12, 5)
(11, 5)
(10, 5)
(10, 6)
(10, 7)
(9, 7)
(8, 7)
(7, 7)
(6, 7)
(6, 8)
(6, 9)
(5, 9)
(4, 9)
(4, 10)
(4, 11)
(4, 12)
kaikki ok
Reitin pituus: 4
(15, 3)
(14, 3)
(14, 2)
(14, 1)
(13, 1)
kaikki ok
Reitin pituus: 23
(11, 1)
(12, 1)
(13, 1)
(14, 1)
(14, 2)
(14, 3)
(14, 4)
(14, 5)
(14, 6)
(14, 7)
(14, 8)
(14, 9)
(14, 10)
(14, 11)
(14, 12)
(14, 13)
(14, 14)
(14, 15)
(14, 16)
(14, 17)
(15, 17)
(16, 17)
(17, 17)
(17, 18)
kaikki ok
Reitin pituus: 1
(10, 11)
(11, 11)
kaikki ok
Reitin pituus: 21
(1, 18)
(1, 17)
(2, 17)
(3, 17)
(4, 17)
(4, 16)
(4, 15)
(4, 14)
(4, 13)
(4, 12)
(4, 11)
(4, 10)
(4, 9)
(4, 8)
(4, 7)
(4, 6)
(4, 5)
(4, 4)
(4, 3)
(5, 3)
(6, 3)
(6, 4)
kaikki ok
Reitin pituus: 29
(7, 19)
(8, 19)
(9, 19)
(10, 19)
(10, 18)
(10, 17)
(11, 17)
(12, 17)
(12, 16)
(12, 15)
(13, 15)
(14, 15)
(14, 14)
(14, 13)
(14, 12)
(14, 11)
(14, 10)
(14, 9)
(14, 8)
(14, 7)
(14, 6)
(14, 5)
(14, 4)
(14, 3)
(14, 2)
(14, 1)
(13, 1)
(12, 1)
(11, 1)
(10, 1)
kaikki ok
Reitin pituus: 14
(4, 10)
(4, 9)
(5, 9)
(6, 9)
(6, 8)
(6, 7)
(7, 7)
(8, 7)
(9, 7)
(10, 7)
(10, 6)
(10, 5)
(11, 5)
(12, 5)
(12, 4)
kaikki ok
Reitin pituus: 14
(14, 1)
(13, 1)
(12, 1)
(11, 1)
(10, 1)
(10, 2)
(10, 3)
(9, 3)
(8, 3)
(7, 3)
(6, 3)
(5, 3)
(4, 3)
(3, 3)
(2, 3)
kaikki ok
Reitin pituus: 2
(13, 3)
(12, 3)
(11, 3)
kaikki ok
Reitin pituus: 4
(4, 6)
(4, 5)
(4, 4)
(4, 3)
(5, 3)
kaikki ok
Reitin pituus: 7
(6, 16)
(6, 15)
(7, 15)
(8, 15)
(9, 15)
(10, 15)
(11, 15)
(12, 15)
kaikki ok
Reitin pituus: 12
(13, 13)
(14, 13)
(14, 12)
(14, 11)
(14, 10)
(14, 9)
(14, 8)
(14, 7)
(14, 6)
(14, 5)
(14, 4)
(14, 3)
(13, 3)
kaikki ok
Reitin pituus: 15
(6, 7)
(7, 7)
(8, 7)
(9, 7)
(10, 7)
(10, 6)
(10, 5)
(11, 5)
(12, 5)
(12, 4)
(12, 3)
(13, 3)
(14, 3)
(14, 2)
(14, 1)
(15, 1)
kaikki ok
Reitin pituus: 11
(5, 15)
(4, 15)
(4, 14)
(4, 13)
(5, 13)
(6, 13)
(6, 12)
(6, 11)
(7, 11)
(8, 11)
(9, 11)
(10, 11)
kaikki ok
Reitin pituus: 15
(17, 13)
(16, 13)
(15, 13)
(14, 13)
(14, 14)
(14, 15)
(13, 15)
(12, 15)
(11, 15)
(10, 15)
(9, 15)
(8, 15)
(7, 15)
(6, 15)
(6, 16)
(6, 17)
kaikki ok
Reitin pituus: 7
(12, 11)
(12, 10)
(12, 9)
(12, 8)
(12, 7)
(11, 7)
(10, 7)
(9, 7)
kaikki ok
Reitin pituus: 17
(1, 2)
(1, 3)
(1, 4)
(1, 5)
(2, 5)
(3, 5)
(4, 5)
(4, 6)
(4, 7)
(4, 8)
(4, 9)
(4, 10)
(4, 11)
(4, 12)
(4, 13)
(4, 14)
(4, 15)
(5, 15)
kaikki ok
Reitin pituus: 8
(1, 13)
(1, 14)
(1, 15)
(2, 15)
(2, 16)
(2, 17)
(1, 17)
(1, 18)
(1, 19)
kaikki ok
Reitin pituus: 14
(4, 14)
(4, 13)
(4, 12)
(4, 11)
(4, 10)
(4, 9)
(5, 9)
(6, 9)
(6, 8)
(6, 7)
(7, 7)
(8, 7)
(9, 7)
(10, 7)
(10, 6)
kaikki ok
Reitin pituus: 16
(8, 17)
(8, 18)
(8, 19)
(9, 19)
(10, 19)
(11, 19)
(12, 19)
(13, 19)
(14, 19)
(15, 19)
(16, 19)
(17, 19)
(17, 18)
(17, 17)
(16, 17)
(16, 16)
(16, 15)
kaikki ok
Reitin pituus: 7
(9, 11)
(8, 11)
(7, 11)
(6, 11)
(6, 10)
(6, 9)
(6, 8)
(6, 7)
kaikki ok
Reitin pituus: 22
(17, 17)
(16, 17)
(15, 17)
(14, 17)
(14, 16)
(14, 15)
(14, 14)
(14, 13)
(14, 12)
(14, 11)
(14, 10)
(14, 9)
(14, 8)
(14, 7)
(14, 6)
(14, 5)
(14, 4)
(14, 3)
(13, 3)
(12, 3)
(11, 3)
(10, 3)
(9, 3)
kaikki ok
Reitin pituus: 15
(4, 16)
(4, 15)
(4, 14)
(4, 13)
(4, 12)
(4, 11)
(4, 10)
(4, 9)
(4, 8)
(4, 7)
(4, 6)
(4, 5)
(4, 4)
(4, 3)
(3, 3)
(2, 3)
kaikki ok
Reitin pituus: 19
(1, 4)
(1, 3)
(2, 3)
(3, 3)
(4, 3)
(5, 3)
(6, 3)
(7, 3)
(8, 3)
(9, 3)
(10, 3)
(11, 3)
(12, 3)
(13, 3)
(14, 3)
(14, 4)
(14, 5)
(15, 5)
(16, 5)
(17, 5)
kaikki ok
Reitin pituus: 19
(4, 9)
(5, 9)
(6, 9)
(6, 10)
(6, 11)
(7, 11)
(8, 11)
(9, 11)
(10, 11)
(11, 11)
(12, 11)
(12, 12)
(12, 13)
(13, 13)
(14, 13)
(15, 13)
(16, 13)
(17, 13)
(17, 14)
(17, 15)
kaikki ok
Reitin pituus: 17
(17, 17)
(16, 17)
(15, 17)
(14, 17)
(14, 16)
(14, 15)
(13, 15)
(12, 15)
(11, 15)
(10, 15)
(9, 15)
(8, 15)
(7, 15)
(6, 15)
(5, 15)
(4, 15)
(4, 16)
(4, 17)
kaikki ok
Reitin pituus: 22
(12, 15)
(11, 15)
(10, 15)
(9, 15)
(8, 15)
(8, 14)
(8, 13)
(7, 13)
(6, 13)
(6, 12)
(6, 11)
(6, 10)
(6, 9)
(6, 8)
(6, 7)
(7, 7)
(8, 7)
(8, 6)
(8, 5)
(7, 5)
(6, 5)
(6, 4)
(6, 3)
kaikki ok
Reitin pituus: 21
(9, 7)
(10, 7)
(11, 7)
(12, 7)
(12, 8)
(12, 9)
(13, 9)
(14, 9)
(14, 10)
(14, 11)
(14, 12)
(14, 13)
(14, 14)
(14, 15)
(13, 15)
(12, 15)
(12, 16)
(12, 17)
(11, 17)
(10, 17)
(10, 18)
(10, 19)
kaikki ok
Reitin pituus: 6
(11, 5)
(12, 5)
(12, 4)
(12, 3)
(13, 3)
(14, 3)
(14, 2)
kaikki ok
Reitin pituus: 21
(6, 4)
(6, 5)
(7, 5)
(8, 5)
(8, 6)
(8, 7)
(9, 7)
(10, 7)
(11, 7)
(12, 7)
(12, 8)
(12, 9)
(13, 9)
(14, 9)
(14, 10)
(14, 11)
(14, 12)
(14, 13)
(15, 13)
(16, 13)
(17, 13)
(17, 14)
kaikki ok
Reitin pituus: 8
(11, 5)
(10, 5)
(10, 6)
(10, 7)
(11, 7)
(12, 7)
(12, 8)
(12, 9)
(12, 10)
kaikki ok
Reitin pituus: 16
(15, 1)
(14, 1)
(14, 2)
(14, 3)
(14, 4)
(14, 5)
(14, 6)
(14, 7)
(14, 8)
(14, 9)
(14, 10)
(14, 11)
(14, 12)
(14, 13)
(14, 14)
(14, 15)
(14, 16)
kaikki ok
Reitin pituus: 7
(8, 15)
(7, 15)
(6, 15)
(5, 15)
(4, 15)
(4, 16)
(4, 17)
(3, 17)
kaikki ok
Reitin pituus: 20
(1, 18)
(1, 17)
(2, 17)
(3, 17)
(4, 17)
(4, 16)
(4, 15)
(4, 14)
(4, 13)
(4, 12)
(4, 11)
(4, 10)
(4, 9)
(4, 8)
(4, 7)
(4, 6)
(4, 5)
(3, 5)
(2, 5)
(1, 5)
(1, 4)
kaikki ok
Reitin pituus: 17
(6, 9)
(6, 8)
(6, 7)
(7, 7)
(8, 7)
(9, 7)
(10, 7)
(10, 6)
(10, 5)
(11, 5)
(12, 5)
(12, 4)
(12, 3)
(13, 3)
(14, 3)
(15, 3)
(16, 3)
(17, 3)
kaikki ok
Reitin pituus: 23
(14, 7)
(14, 8)
(14, 9)
(14, 10)
(14, 11)
(14, 12)
(14, 13)
(14, 14)
(14, 15)
(13, 15)
(12, 15)
(12, 16)
(12, 17)
(11, 17)
(10, 17)
(10, 18)
(10, 19)
(9, 19)
(8, 19)
(7, 19)
(6, 19)
(5, 19)
(4, 19)
(3, 19)
kaikki ok
Reitin pituus: 12
(2, 17)
(3, 17)
(4, 17)
(4, 16)
(4, 15)
(4, 14)
(4, 13)
(5, 13)
(6, 13)
(6, 12)
(6, 11)
(7, 11)
(8, 11)
kaikki ok
Reitin pituus: 6
(10, 7)
(9, 7)
(8, 7)
(7, 7)
(6, 7)
(6, 8)
(6, 9)
kaikki ok
Reitin pituus: 2
(10, 7)
(9, 7)
(9, 8)
kaikki ok
Reitin pituus: 21
(17, 15)
(17, 14)
(17, 13)
(16, 13)
(15, 13)
(14, 13)
(13, 13)
(12, 13)
(12, 12)
(12, 11)
(11, 11)
(10, 11)
(9, 11)
(8, 11)
(7, 11)
(6, 11)
(6, 10)
(6, 9)
(5, 9)
(4, 9)
(4, 8)
(4, 7)
kaikki ok
Reitin pituus: 10
(7, 17)
(6, 17)
(6, 16)
(6, 15)
(7, 15)
(8, 15)
(9, 15)
(10, 15)
(11, 15)
(12, 15)
(12, 16)
kaikki ok
Reitin pituus: 17
(10, 9)
(9, 9)
(9, 8)
(9, 7)
(8, 7)
(7, 7)
(6, 7)
(6, 8)
(6, 9)
(6, 10)
(6, 11)
(6, 12)
(6, 13)
(5, 13)
(4, 13)
(4, 14)
(4, 15)
(4, 16)
kaikki ok
Reitin pituus: 9
(10, 6)
(10, 7)
(11, 7)
(12, 7)
(12, 8)
(12, 9)
(12, 10)
(12, 11)
(11, 11)
(10, 11)
kaikki ok
Reitin pituus: 15
(10, 3)
(11, 3)
(12, 3)
(13, 3)
(14, 3)
(14, 4)
(14, 5)
(14, 6)
(14, 7)
(14, 8)
(14, 9)
(14, 10)
(14, 11)
(14, 12)
(14, 13)
(13, 13)
kaikki ok
Reitin pituus: 21
(1, 13)
(2, 13)
(3, 13)
(4, 13)
(4, 12)
(4, 11)
(4, 10)
(4, 9)
(4, 8)
(4, 7)
(4, 6)
(4, 5)
(4, 4)
(4, 3)
(5, 3)
(6, 3)
(7, 3)
(8, 3)
(9, 3)
(10, 3)
(10, 2)
(10, 1)
kaikki ok
Reitin pituus: 12
(9, 19)
(8, 19)
(8, 18)
(8, 17)
(7, 17)
(6, 17)
(6, 16)
(6, 15)
(5, 15)
(4, 15)
(4, 14)
(4, 13)
(3, 13)
kaikki ok
Reitin pituus: 11
(14, 14)
(14, 13)
(13, 13)
(12, 13)
(12, 12)
(12, 11)
(12, 10)
(12, 9)
(12, 8)
(12, 7)
(11, 7)
(10, 7)
kaikki ok
Reitin pituus: 16
(10, 13)
(10, 14)
(10, 15)
(9, 15)
(8, 15)
(7, 15)
(6, 15)
(6, 16)
(6, 17)
(7, 17)
(8, 17)
(8, 18)
(8, 19)
(7, 19)
(6, 19)
(5, 19)
(4, 19)
kaikki ok
Reitin pituus: 6
(6, 7)
(7, 7)
(8, 7)
(9, 7)
(10, 7)
(11, 7)
(12, 7)
kaikki ok
Reitin pituus: 10
(4, 11)
(4, 10)
(4, 9)
(4, 8)
(4, 7)
(4, 6)
(4, 5)
(3, 5)
(2, 5)
(1, 5)
(1, 4)
kaikki ok
Reitin pituus: 10
(6, 17)
(6, 16)
(6, 15)
(5, 15)
(4, 15)
(4, 14)
(4, 13)
(3, 13)
(2, 13)
(1, 13)
(1, 14)
kaikki ok
Reitin pituus: 22
(1, 19)
(1, 18)
(1, 17)
(2, 17)
(3, 17)
(4, 17)
(4, 16)
(4, 15)
(4, 14)
(4, 13)
(4, 12)
(4, 11)
(4, 10)
(4, 9)
(4, 8)
(4, 7)
(4, 6)
(4, 5)
(4, 4)
(4, 3)
(4, 2)
(4, 1)
(3, 1)
kaikki ok
Reitin pituus: 17
(16, 13)
(15, 13)
(14, 13)
(14, 12)
(14, 11)
(14, 10)
(14, 9)
(14, 8)
(14, 7)
(14, 6)
(14, 5)
(14, 4)
(14, 3)
(13, 3)
(12, 3)
(11, 3)
(10, 3)
(10, 2)
kaikki ok
Reitin pituus: 28
(6, 19)
(7, 19)
(8, 19)
(9, 19)
(10, 19)
(10, 18)
(10, 17)
(11, 17)
(12, 17)
(12, 16)
(12, 15)
(13, 15)
(14, 15)
(14, 14)
(14, 13)
(14, 12)
(14, 11)
(14, 10)
(14, 9)
(14, 8)
(14, 7)
(14, 6)
(14, 5)
(14, 4)
(14, 3)
(14, 2)
(14, 1)
(15, 1)
(16, 1)
kaikki ok
Reitin pituus: 13
(8, 14)
(8, 15)
(9, 15)
(10, 15)
(11, 15)
(12, 15)
(12, 16)
(12, 17)
(11, 17)
(10, 17)
(10, 18)
(10, 19)
(11, 19)
(12, 19)
kaikki ok
Reitin pituus: 22
(1, 18)
(1, 17)
(2, 17)
(3, 17)
(4, 17)
(4, 16)
(4, 15)
(4, 14)
(4, 13)
(5, 13)
(6, 13)
(6, 12)
(6, 11)
(6, 10)
(6, 9)
(6, 8)
(6, 7)
(7, 7)
(8, 7)
(9, 7)
(9, 8)
(9, 9)
(8, 9)
kaikki ok
Reitin pituus: 20
(12, 17)
(12, 16)
(12, 15)
(13, 15)
(14, 15)
(14, 14)
(14, 13)
(14, 12)
(14, 11)
(14, 10)
(14, 9)
(14, 8)
(14, 7)
(14, 6)
(14, 5)
(14, 4)
(14, 3)
(13, 3)
(12, 3)
(12, 4)
(12, 5)
kaikki ok
Reitin pituus: 6
(15, 13)
(14, 13)
(14, 14)
(14, 15)
(13, 15)
(12, 15)
(11, 15)
kaikki ok
Reitin pituus: 9
(3, 1)
(4, 1)
(4, 2)
(4, 3)
(5, 3)
(6, 3)
(7, 3)
(8, 3)
(9, 3)
(10, 3)
kaikki ok
Reitin pituus: 5
(8, 9)
(9, 9)
(9, 8)
(9, 7)
(8, 7)
(7, 7)
kaikki ok
Reitin pituus: 7
(6, 3)
(7, 3)
(8, 3)
(9, 3)
(10, 3)
(11, 3)
(12, 3)
(12, 4)
kaikki ok
Reitin pituus: 22
(17, 18)
(17, 17)
(16, 17)
(15, 17)
(14, 17)
(14, 16)
(14, 15)
(14, 14)
(14, 13)
(14, 12)
(14, 11)
(14, 10)
(14, 9)
(14, 8)
(14, 7)
(14, 6)
(14, 5)
(14, 4)
(14, 3)
(14, 2)
(14, 1)
(13, 1)
(12, 1)
kaikki ok
Reitin pituus: 13
(4, 4)
(4, 5)
(4, 6)
(4, 7)
(4, 8)
(4, 9)
(4, 10)
(4, 11)
(4, 12)
(4, 13)
(4, 14)
(4, 15)
(4, 16)
(4, 17)
kaikki ok
Reitin pituus: 13
(7, 5)
(8, 5)
(8, 6)
(8, 7)
(7, 7)
(6, 7)
(6, 8)
(6, 9)
(5, 9)
(4, 9)
(4, 10)
(4, 11)
(4, 12)
(4, 13)
kaikki ok
Reitin pituus: 13
(9, 19)
(8, 19)
(7, 19)
(6, 19)
(5, 19)
(4, 19)
(3, 19)
(2, 19)
(1, 19)
(1, 18)
(1, 17)
(2, 17)
(2, 16)
(2, 15)
kaikki ok
Reitin pituus: 4
(12, 17)
(12, 16)
(12, 15)
(13, 15)
(14, 15)
kaikki ok
Reitin pituus: 9
(10, 17)
(11, 17)
(12, 17)
(12, 16)
(12, 15)
(13, 15)
(14, 15)
(14, 16)
(14, 17)
(15, 17)
kaikki ok
Reitin pituus: 18
(15, 17)
(14, 17)
(14, 16)
(14, 15)
(14, 14)
(14, 13)
(13, 13)
(12, 13)
(12, 12)
(12, 11)
(12, 10)
(12, 9)
(12, 8)
(12, 7)
(11, 7)
(10, 7)
(10, 6)
(10, 5)
(11, 5)
kaikki ok
Reitin pituus: 12
(3, 19)
(4, 19)
(5, 19)
(6, 19)
(7, 19)
(8, 19)
(8, 18)
(8, 17)
(7, 17)
(6, 17)
(6, 16)
(6, 15)
(7, 15)
kaikki ok
Reitin pituus: 23
(12, 19)
(11, 19)
(10, 19)
(10, 18)
(10, 17)
(11, 17)
(12, 17)
(12, 16)
(12, 15)
(13, 15)
(14, 15)
(14, 14)
(14, 13)
(14, 12)
(14, 11)
(14, 10)
(14, 9)
(13, 9)
(12, 9)
(12, 8)
(12, 7)
(11, 7)
(10, 7)
(9, 7)
kaikki ok
Reitin pituus: 5
(5, 15)
(4, 15)
(4, 14)
(4, 13)
(5, 13)
(6, 13)
kaikki ok
Reitin pituus: 6
(5, 15)
(4, 15)
(4, 14)
(4, 13)
(4, 12)
(4, 11)
(4, 10)
kaikki ok
Reitin pituus: 10
(6, 15)
(5, 15)
(4, 15)
(4, 14)
(4, 13)
(5, 13)
(6, 13)
(6, 12)
(6, 11)
(7, 11)
(8, 11)
kaikki ok
Reitin pituus: 25
(14, 2)
(14, 3)
(14, 4)
(14, 5)
(14, 6)
(14, 7)
(14, 8)
(14, 9)
(14, 10)
(14, 11)
(14, 12)
(14, 13)
(14, 14)
(14, 15)
(13, 15)
(12, 15)
(11, 15)
(10, 15)
(9, 15)
(8, 15)
(7, 15)
(6, 15)
(6, 16)
(6, 17)
(7, 17)
(8, 17)
kaikki ok
Reitin pituus: 24
(12, 5)
(11, 5)
(10, 5)
(10, 6)
(10, 7)
(9, 7)
(8, 7)
(7, 7)
(6, 7)
(6, 8)
(6, 9)
(6, 10)
(6, 11)
(6, 12)
(6, 13)
(5, 13)
(4, 13)
(4, 14)
(4, 15)
(4, 16)
(4, 17)
(3, 17)
(2, 17)
(1, 17)
(1, 18)
kaikki ok
Reitin pituus: 7
(11, 7)
(12, 7)
(12, 8)
(12, 9)
(12, 10)
(12, 11)
(11, 11)
(10, 11)
kaikki ok
Reitin pituus: 20
(17, 17)
(16, 17)
(15, 17)
(14, 17)
(14, 16)
(14, 15)
(13, 15)
(12, 15)
(11, 15)
(10, 15)
(9, 15)
(8, 15)
(7, 15)
(6, 15)
(5, 15)
(4, 15)
(4, 14)
(4, 13)
(3, 13)
(2, 13)
(1, 13)
kaikki ok
Reitin pituus: 16
(1, 17)
(2, 17)
(3, 17)
(4, 17)
(4, 16)
(4, 15)
(5, 15)
(6, 15)
(7, 15)
(8, 15)
(9, 15)
(10, 15)
(11, 15)
(12, 15)
(13, 15)
(14, 15)
(14, 16)
kaikki ok
Reitin pituus: 6
(4, 15)
(4, 14)
(4, 13)
(3, 13)
(2, 13)
(1, 13)
(1, 14)
kaikki ok
Reitin pituus: 29
(15, 3)
(14, 3)
(13, 3)
(12, 3)
(12, 4)
(12, 5)
(11, 5)
(10, 5)
(10, 6)
(10, 7)
(9, 7)
(8, 7)
(7, 7)
(6, 7)
(6, 8)
(6, 9)
(5, 9)
(4, 9)
(4, 10)
(4, 11)
(4, 12)
(4, 13)
(4, 14)
(4, 15)
(4, 16)
(4, 17)
(3, 17)
(2, 17)
(1, 17)
(1, 18)
kaikki ok
Reitin pituus: 8
(12, 3)
(11, 3)
(10, 3)
(9, 3)
(8, 3)
(7, 3)
(6, 3)
(6, 4)
(6, 5)
kaikki ok
Reitin pituus: 18
(11, 1)
(12, 1)
(13, 1)
(14, 1)
(14, 2)
(14, 3)
(14, 4)
(14, 5)
(14, 6)
(14, 7)
(14, 8)
(14, 9)
(14, 10)
(14, 11)
(14, 12)
(14, 13)
(13, 13)
(12, 13)
(11, 13)
kaikki ok
Reitin pituus: 15
(3, 3)
(4, 3)
(4, 4)
(4, 5)
(4, 6)
(4, 7)
(4, 8)
(4, 9)
(4, 10)
(4, 11)
(4, 12)
(4, 13)
(4, 14)
(4, 15)
(4, 16)
(4, 17)
kaikki ok
Reitin pituus: 29
(17, 1)
(17, 2)
(17, 3)
(17, 4)
(17, 5)
(16, 5)
(15, 5)
(14, 5)
(14, 6)
(14, 7)
(14, 8)
(14, 9)
(14, 10)
(14, 11)
(14, 12)
(14, 13)
(14, 14)
(14, 15)
(13, 15)
(12, 15)
(11, 15)
(10, 15)
(9, 15)
(8, 15)
(7, 15)
(6, 15)
(6, 16)
(6, 17)
(7, 17)
(8, 17)
kaikki ok
Reitin pituus: 27
(6, 19)
(7, 19)
(8, 19)
(9, 19)
(10, 19)
(10, 18)
(10, 17)
(11, 17)
(12, 17)
(12, 16)
(12, 15)
(13, 15)
(14, 15)
(14, 14)
(14, 13)
(14, 12)
(14, 11)
(14, 10)
(14, 9)
(14, 8)
(14, 7)
(14, 6)
(14, 5)
(14, 4)
(14, 3)
(14, 2)
(14, 1)
(13, 1)
kaikki ok
Reitin pituus: 23
(14, 7)
(14, 8)
(14, 9)
(13, 9)
(12, 9)
(12, 10)
(12, 11)
(11, 11)
(10, 11)
(9, 11)
(8, 11)
(7, 11)
(6, 11)
(6, 12)
(6, 13)
(5, 13)
(4, 13)
(4, 14)
(4, 15)
(4, 16)
(4, 17)
(3, 17)
(2, 17)
(1, 17)
kaikki ok
Reitin pituus: 11
(1, 2)
(1, 3)
(2, 3)
(3, 3)
(4, 3)
(5, 3)
(6, 3)
(6, 4)
(6, 5)
(7, 5)
(8, 5)
(8, 6)
kaikki ok
Reitin pituus: 17
(9, 11)
(10, 11)
(11, 11)
(12, 11)
(12, 10)
(12, 9)
(13, 9)
(14, 9)
(14, 8)
(14, 7)
(14, 6)
(14, 5)
(14, 4)
(14, 3)
(15, 3)
(16, 3)
(17, 3)
(17, 2)
kaikki ok
Reitin pituus: 14
(17, 19)
(17, 18)
(17, 17)
(16, 17)
(15, 17)
(14, 17)
(14, 16)
(14, 15)
(14, 14)
(14, 13)
(14, 12)
(14, 11)
(14, 10)
(14, 9)
(13, 9)
kaikki ok
Reitin pituus: 21
(7, 3)
(6, 3)
(5, 3)
(4, 3)
(4, 4)
(4, 5)
(4, 6)
(4, 7)
(4, 8)
(4, 9)
(4, 10)
(4, 11)
(4, 12)
(4, 13)
(4, 14)
(4, 15)
(5, 15)
(6, 15)
(6, 16)
(6, 17)
(7, 17)
(8, 17)
kaikki ok
Reitin pituus: 15
(4, 8)
(4, 9)
(5, 9)
(6, 9)
(6, 10)
(6, 11)
(7, 11)
(8, 11)
(9, 11)
(10, 11)
(11, 11)
(12, 11)
(12, 10)
(12, 9)
(13, 9)
(14, 9)
kaikki ok
Reitin pituus: 17
(1, 19)
(2, 19)
(3, 19)
(4, 19)
(5, 19)
(6, 19)
(7, 19)
(8, 19)
(9, 19)
(10, 19)
(11, 19)
(12, 19)
(13, 19)
(14, 19)
(15, 19)
(16, 19)
(17, 19)
(17, 18)
kaikki ok
Reitin pituus: 18
(14, 1)
(14, 2)
(14, 3)
(14, 4)
(14, 5)
(14, 6)
(14, 7)
(14, 8)
(14, 9)
(13, 9)
(12, 9)
(12, 10)
(12, 11)
(12, 12)
(12, 13)
(11, 13)
(10, 13)
(10, 14)
(10, 15)
kaikki ok
Reitin pituus: 15
(14, 2)
(14, 3)
(13, 3)
(12, 3)
(11, 3)
(10, 3)
(9, 3)
(8, 3)
(7, 3)
(6, 3)
(5, 3)
(4, 3)
(3, 3)
(2, 3)
(1, 3)
(1, 4)
kaikki ok
Reitin pituus: 14
(10, 9)
(9, 9)
(9, 8)
(9, 7)
(10, 7)
(10, 6)
(10, 5)
(11, 5)
(12, 5)
(12, 4)
(12, 3)
(13, 3)
(14, 3)
(14, 4)
(14, 5)
kaikki ok
Reitin pituus: 1
(15, 5)
(14, 5)
kaikki ok
Reitin pituus: 20
(1, 15)
(2, 15)
(2, 16)
(2, 17)
(3, 17)
(4, 17)
(4, 16)
(4, 15)
(5, 15)
(6, 15)
(7, 15)
(8, 15)
(9, 15)
(10, 15)
(11, 15)
(12, 15)
(13, 15)
(14, 15)
(14, 16)
(14, 17)
(15, 17)
kaikki ok
Reitin pituus: 18
(1, 13)
(2, 13)
(3, 13)
(4, 13)
(4, 12)
(4, 11)
(4, 10)
(4, 9)
(5, 9)
(6, 9)
(6, 8)
(6, 7)
(7, 7)
(8, 7)
(9, 7)
(10, 7)
(10, 6)
(10, 5)
(11, 5)
kaikki ok
Reitin pituus: 8
(12, 16)
(12, 15)
(13, 15)
(14, 15)
(14, 14)
(14, 13)
(13, 13)
(12, 13)
(12, 12)
kaikki ok
Reitin pituus: 12
(17, 17)
(16, 17)
(15, 17)
(14, 17)
(14, 16)
(14, 15)
(13, 15)
(12, 15)
(11, 15)
(10, 15)
(9, 15)
(8, 15)
(8, 14)
kaikki ok
Reitin pituus: 22
(6, 10)
(6, 11)
(7, 11)
(8, 11)
(9, 11)
(10, 11)
(11, 11)
(12, 11)
(12, 12)
(12, 13)
(13, 13)
(14, 13)
(14, 14)
(14, 15)
(14, 16)
(14, 17)
(15, 17)
(16, 17)
(17, 17)
(17, 18)
(17, 19)
(16, 19)
(15, 19)
kaikki ok
Reitin pituus: 10
(9, 19)
(8, 19)
(8, 18)
(8, 17)
(7, 17)
(6, 17)
(6, 16)
(6, 15)
(5, 15)
(4, 15)
(4, 16)
kaikki ok
Reitin pituus: 4
(14, 17)
(15, 17)
(16, 17)
(16, 16)
(16, 15)
kaikki ok
Reitin pituus: 8
(8, 6)
(8, 5)
(7, 5)
(6, 5)
(6, 4)
(6, 3)
(5, 3)
(4, 3)
(3, 3)
kaikki ok
Reitin pituus: 14
(17, 4)
(17, 5)
(16, 5)
(15, 5)
(14, 5)
(14, 6)
(14, 7)
(14, 8)
(14, 9)
(13, 9)
(12, 9)
(12, 10)
(12, 11)
(11, 11)
(10, 11)
kaikki ok
Reitin pituus: 8
(6, 13)
(7, 13)
(8, 13)
(8, 14)
(8, 15)
(7, 15)
(6, 15)
(6, 16)
(6, 17)
kaikki ok
Reitin pituus: 18
(14, 7)
(14, 8)
(14, 9)
(13, 9)
(12, 9)
(12, 10)
(12, 11)
(12, 12)
(12, 13)
(11, 13)
(10, 13)
(10, 14)
(10, 15)
(9, 15)
(8, 15)
(7, 15)
(6, 15)
(6, 16)
(6, 17)
kaikki ok
Reitin pituus: 16
(10, 3)
(9, 3)
(8, 3)
(7, 3)
(6, 3)
(6, 4)
(6, 5)
(7, 5)
(8, 5)
(8, 6)
(8, 7)
(7, 7)
(6, 7)
(6, 8)
(6, 9)
(6, 10)
(6, 11)
kaikki ok
Reitin pituus: 3
(10, 18)
(10, 19)
(11, 19)
(12, 19)
kaikki ok
Reitin pituus: 2
(8, 18)
(8, 19)
(9, 19)
kaikki ok
Reitin pituus: 13
(12, 12)
(12, 11)
(11, 11)
(10, 11)
(9, 11)
(8, 11)
(7, 11)
(6, 11)
(6, 10)
(6, 9)
(5, 9)
(4, 9)
(4, 10)
(4, 11)
kaikki ok
Reitin pituus: 22
(11, 3)
(10, 3)
(9, 3)
(8, 3)
(7, 3)
(6, 3)
(5, 3)
(4, 3)
(4, 4)
(4, 5)
(4, 6)
(4, 7)
(4, 8)
(4, 9)
(4, 10)
(4, 11)
(4, 12)
(4, 13)
(3, 13)
(2, 13)
(1, 13)
(1, 14)
(1, 15)
kaikki ok
Reitin pituus: 10
(14, 4)
(14, 5)
(14, 6)
(14, 7)
(14, 8)
(14, 9)
(14, 10)
(14, 11)
(14, 12)
(14, 13)
(13, 13)
kaikki ok
Reitin pituus: 11
(10, 7)
(9, 7)
(8, 7)
(7, 7)
(6, 7)
(6, 8)
(6, 9)
(6, 10)
(6, 11)
(6, 12)
(6, 13)
(7, 13)
kaikki ok
Reitin pituus: 12
(12, 4)
(12, 3)
(11, 3)
(10, 3)
(9, 3)
(8, 3)
(7, 3)
(6, 3)
(5, 3)
(4, 3)
(4, 4)
(4, 5)
(4, 6)
kaikki ok
Reitin pituus: 4
(6, 7)
(7, 7)
(8, 7)
(8, 6)
(8, 5)
kaikki ok
Reitin pituus: 8
(14, 4)
(14, 3)
(13, 3)
(12, 3)
(11, 3)
(10, 3)
(9, 3)
(8, 3)
(8, 2)
kaikki ok
Reitin pituus: 4
(13, 15)
(14, 15)
(14, 14)
(14, 13)
(15, 13)
kaikki ok
Reitin pituus: 11
(14, 15)
(14, 14)
(14, 13)
(13, 13)
(12, 13)
(12, 12)
(12, 11)
(12, 10)
(12, 9)
(12, 8)
(12, 7)
(11, 7)
kaikki ok
Reitin pituus: 6
(8, 11)
(7, 11)
(6, 11)
(6, 12)
(6, 13)
(7, 13)
(8, 13)
kaikki ok
Reitin pituus: 22
(3, 19)
(2, 19)
(1, 19)
(1, 18)
(1, 17)
(2, 17)
(3, 17)
(4, 17)
(4, 16)
(4, 15)
(4, 14)
(4, 13)
(4, 12)
(4, 11)
(4, 10)
(4, 9)
(4, 8)
(4, 7)
(4, 6)
(4, 5)
(4, 4)
(4, 3)
(4, 2)
kaikki ok
Reitin pituus: 17
(14, 17)
(14, 16)
(14, 15)
(13, 15)
(12, 15)
(11, 15)
(10, 15)
(9, 15)
(8, 15)
(8, 14)
(8, 13)
(7, 13)
(6, 13)
(6, 12)
(6, 11)
(6, 10)
(6, 9)
(6, 8)
kaikki ok
Reitin pituus: 22
(10, 13)
(11, 13)
(12, 13)
(12, 12)
(12, 11)
(12, 10)
(12, 9)
(12, 8)
(12, 7)
(11, 7)
(10, 7)
(9, 7)
(8, 7)
(8, 6)
(8, 5)
(7, 5)
(6, 5)
(6, 4)
(6, 3)
(5, 3)
(4, 3)
(4, 2)
(4, 1)
kaikki ok
Reitin pituus: 4
(10, 3)
(11, 3)
(12, 3)
(12, 4)
(12, 5)
kaikki ok
Reitin pituus: 17
(2, 1)
(3, 1)
(4, 1)
(4, 2)
(4, 3)
(4, 4)
(4, 5)
(4, 6)
(4, 7)
(4, 8)
(4, 9)
(4, 10)
(4, 11)
(4, 12)
(4, 13)
(3, 13)
(2, 13)
(1, 13)
kaikki ok
Reitin pituus: 5
(15, 17)
(14, 17)
(14, 16)
(14, 15)
(13, 15)
(12, 15)
kaikki ok
Reitin pituus: 4
(6, 7)
(6, 8)
(6, 9)
(6, 10)
(6, 11)
kaikki ok
Reitin pituus: 19
(16, 15)
(17, 15)
(17, 14)
(17, 13)
(16, 13)
(15, 13)
(14, 13)
(14, 12)
(14, 11)
(14, 10)
(14, 9)
(14, 8)
(14, 7)
(14, 6)
(14, 5)
(14, 4)
(14, 3)
(15, 3)
(16, 3)
(17, 3)
kaikki ok
Reitin pituus: 20
(1, 18)
(1, 17)
(2, 17)
(3, 17)
(4, 17)
(4, 16)
(4, 15)
(4, 14)
(4, 13)
(5, 13)
(6, 13)
(6, 12)
(6, 11)
(6, 10)
(6, 9)
(6, 8)
(6, 7)
(7, 7)
(8, 7)
(9, 7)
(10, 7)
kaikki ok
Reitin pituus: 15
(8, 14)
(8, 15)
(9, 15)
(10, 15)
(10, 14)
(10, 13)
(11, 13)
(12, 13)
(13, 13)
(14, 13)
(14, 12)
(14, 11)
(14, 10)
(14, 9)
(14, 8)
(14, 7)
kaikki ok
Reitin pituus: 15
(10, 1)
(10, 2)
(10, 3)
(9, 3)
(8, 3)
(7, 3)
(6, 3)
(6, 4)
(6, 5)
(7, 5)
(8, 5)
(8, 6)
(8, 7)
(7, 7)
(6, 7)
(6, 8)
kaikki ok
Reitin pituus: 6
(11, 1)
(12, 1)
(13, 1)
(14, 1)
(14, 2)
(14, 3)
(15, 3)
kaikki ok
Reitin pituus: 9
(8, 19)
(8, 18)
(8, 17)
(7, 17)
(6, 17)
(6, 16)
(6, 15)
(7, 15)
(8, 15)
(8, 14)
kaikki ok
Reitin pituus: 0
(5, 3)
kaikki ok
Reitin pituus: 12
(12, 7)
(11, 7)
(10, 7)
(9, 7)
(8, 7)
(8, 6)
(8, 5)
(7, 5)
(6, 5)
(6, 4)
(6, 3)
(7, 3)
(8, 3)
kaikki ok
Reitin pituus: 23
(14, 19)
(13, 19)
(12, 19)
(11, 19)
(10, 19)
(9, 19)
(8, 19)
(8, 18)
(8, 17)
(7, 17)
(6, 17)
(6, 16)
(6, 15)
(7, 15)
(8, 15)
(8, 14)
(8, 13)
(7, 13)
(6, 13)
(6, 12)
(6, 11)
(6, 10)
(6, 9)
(6, 8)
kaikki ok
Reitin pituus: 10
(11, 11)
(12, 11)
(12, 12)
(12, 13)
(13, 13)
(14, 13)
(14, 14)
(14, 15)
(14, 16)
(14, 17)
(15, 17)
kaikki ok
Reitin pituus: 8
(12, 10)
(12, 9)
(13, 9)
(14, 9)
(14, 8)
(14, 7)
(14, 6)
(14, 5)
(15, 5)
kaikki ok
Reitin pituus: 9
(4, 15)
(4, 14)
(4, 13)
(4, 12)
(4, 11)
(4, 10)
(4, 9)
(4, 8)
(4, 7)
(4, 6)
kaikki ok
Reitin pituus: 12
(2, 3)
(3, 3)
(4, 3)
(5, 3)
(6, 3)
(7, 3)
(8, 3)
(9, 3)
(10, 3)
(11, 3)
(12, 3)
(12, 4)
(12, 5)
kaikki ok
Reitin pituus: 14
(8, 7)
(9, 7)
(10, 7)
(11, 7)
(12, 7)
(12, 8)
(12, 9)
(12, 10)
(12, 11)
(12, 12)
(12, 13)
(13, 13)
(14, 13)
(14, 14)
(14, 15)
kaikki ok
Reitin pituus: 26
(4, 17)
(4, 16)
(4, 15)
(5, 15)
(6, 15)
(7, 15)
(8, 15)
(9, 15)
(10, 15)
(10, 14)
(10, 13)
(11, 13)
(12, 13)
(12, 12)
(12, 11)
(12, 10)
(12, 9)
(13, 9)
(14, 9)
(14, 8)
(14, 7)
(14, 6)
(14, 5)
(15, 5)
(16, 5)
(17, 5)
(17, 4)
kaikki ok
Reitin pituus: 24
(4, 4)
(4, 5)
(4, 6)
(4, 7)
(4, 8)
(4, 9)
(4, 10)
(4, 11)
(4, 12)
(4, 13)
(4, 14)
(4, 15)
(5, 15)
(6, 15)
(6, 16)
(6, 17)
(7, 17)
(8, 17)
(8, 18)
(8, 19)
(9, 19)
(10, 19)
(11, 19)
(12, 19)
(13, 19)
kaikki ok
Reitin pituus: 16
(6, 5)
(7, 5)
(8, 5)
(8, 6)
(8, 7)
(9, 7)
(10, 7)
(11, 7)
(12, 7)
(12, 8)
(12, 9)
(12, 10)
(12, 11)
(12, 12)
(12, 13)
(11, 13)
(10, 13)
kaikki ok
Reitin pituus: 20
(2, 5)
(3, 5)
(4, 5)
(4, 6)
(4, 7)
(4, 8)
(4, 9)
(4, 10)
(4, 11)
(4, 12)
(4, 13)
(4, 14)
(4, 15)
(5, 15)
(6, 15)
(6, 16)
(6, 17)
(7, 17)
(8, 17)
(8, 18)
(8, 19)
kaikki ok
Reitin pituus: 8
(6, 12)
(6, 13)
(7, 13)
(8, 13)
(8, 14)
(8, 15)
(9, 15)
(10, 15)
(10, 14)
kaikki ok
Reitin pituus: 20
(12, 15)
(11, 15)
(10, 15)
(9, 15)
(8, 15)
(8, 14)
(8, 13)
(7, 13)
(6, 13)
(6, 12)
(6, 11)
(6, 10)
(6, 9)
(6, 8)
(6, 7)
(7, 7)
(8, 7)
(8, 6)
(8, 5)
(7, 5)
(6, 5)
kaikki ok
Reitin pituus: 6
(5, 13)
(4, 13)
(4, 14)
(4, 15)
(4, 16)
(4, 17)
(3, 17)
kaikki ok
Reitin pituus: 21
(14, 4)
(14, 5)
(14, 6)
(14, 7)
(14, 8)
(14, 9)
(14, 10)
(14, 11)
(14, 12)
(14, 13)
(14, 14)
(14, 15)
(13, 15)
(12, 15)
(12, 16)
(12, 17)
(11, 17)
(10, 17)
(10, 18)
(10, 19)
(9, 19)
(8, 19)
kaikki ok
Reitin pituus: 5
(7, 5)
(6, 5)
(6, 4)
(6, 3)
(7, 3)
(8, 3)
kaikki ok
Reitin pituus: 14
(3, 1)
(4, 1)
(4, 2)
(4, 3)
(4, 4)
(4, 5)
(4, 6)
(4, 7)
(4, 8)
(4, 9)
(5, 9)
(6, 9)
(6, 10)
(6, 11)
(6, 12)
kaikki ok
Reitin pituus: 11
(14, 9)
(14, 8)
(14, 7)
(14, 6)
(14, 5)
(14, 4)
(14, 3)
(13, 3)
(12, 3)
(11, 3)
(10, 3)
(9, 3)
kaikki ok
Reitin pituus: 15
(4, 12)
(4, 13)
(5, 13)
(6, 13)
(6, 12)
(6, 11)
(7, 11)
(8, 11)
(9, 11)
(10, 11)
(11, 11)
(12, 11)
(12, 12)
(12, 13)
(13, 13)
(14, 13)
kaikki ok
Reitin pituus: 10
(5, 13)
(6, 13)
(7, 13)
(8, 13)
(8, 14)
(8, 15)
(9, 15)
(10, 15)
(11, 15)
(12, 15)
(13, 15)
kaikki ok
Reitin pituus: 13
(12, 3)
(12, 4)
(12, 5)
(11, 5)
(10, 5)
(10, 6)
(10, 7)
(9, 7)
(8, 7)
(7, 7)
(6, 7)
(6, 8)
(6, 9)
(6, 10)
kaikki ok
Reitin pituus: 5
(14, 10)
(14, 9)
(13, 9)
(12, 9)
(12, 8)
(12, 7)
kaikki ok
Reitin pituus: 10
(16, 17)
(15, 17)
(14, 17)
(14, 16)
(14, 15)
(14, 14)
(14, 13)
(13, 13)
(12, 13)
(11, 13)
(10, 13)
kaikki ok
Reitin pituus: 1
(2, 13)
(1, 13)
kaikki ok
Reitin pituus: 21
(1, 13)
(2, 13)
(3, 13)
(4, 13)
(5, 13)
(6, 13)
(7, 13)
(8, 13)
(8, 14)
(8, 15)
(9, 15)
(10, 15)
(11, 15)
(12, 15)
(13, 15)
(14, 15)
(14, 16)
(14, 17)
(15, 17)
(16, 17)
(16, 16)
(16, 15)
kaikki ok
Reitin pituus: 21
(4, 1)
(4, 2)
(4, 3)
(4, 4)
(4, 5)
(4, 6)
(4, 7)
(4, 8)
(4, 9)
(4, 10)
(4, 11)
(4, 12)
(4, 13)
(4, 14)
(4, 15)
(4, 16)
(4, 17)
(3, 17)
(2, 17)
(1, 17)
(1, 18)
(1, 19)
kaikki ok
Reitin pituus: 5
(2, 1)
(1, 1)
(1, 2)
(1, 3)
(1, 4)
(1, 5)
kaikki ok
Reitin pituus: 8
(10, 13)
(10, 14)
(10, 15)
(9, 15)
(8, 15)
(7, 15)
(6, 15)
(6, 16)
(6, 17)
kaikki ok
Reitin pituus: 13
(3, 5)
(4, 5)
(4, 6)
(4, 7)
(4, 8)
(4, 9)
(4, 10)
(4, 11)
(4, 12)
(4, 13)
(4, 14)
(4, 15)
(5, 15)
(6, 15)
kaikki ok
Reitin pituus: 8
(8, 3)
(7, 3)
(6, 3)
(5, 3)
(4, 3)
(4, 4)
(4, 5)
(4, 6)
(4, 7)
kaikki ok
Reitin pituus: 16
(4, 15)
(4, 14)
(4, 13)
(4, 12)
(4, 11)
(4, 10)
(4, 9)
(4, 8)
(4, 7)
(4, 6)
(4, 5)
(4, 4)
(4, 3)
(3, 3)
(2, 3)
(1, 3)
(1, 2)
kaikki ok
Reitin pituus: 24
(16, 5)
(15, 5)
(14, 5)
(14, 6)
(14, 7)
(14, 8)
(14, 9)
(14, 10)
(14, 11)
(14, 12)
(14, 13)
(14, 14)
(14, 15)
(13, 15)
(12, 15)
(12, 16)
(12, 17)
(11, 17)
(10, 17)
(10, 18)
(10, 19)
(9, 19)
(8, 19)
(8, 18)
(8, 17)
kaikki ok
Reitin pituus: 13
(10, 1)
(10, 2)
(10, 3)
(9, 3)
(8, 3)
(8, 2)
(8, 1)
(7, 1)
(6, 1)
(5, 1)
(4, 1)
(3, 1)
(2, 1)
(1, 1)
kaikki ok
Reitin pituus: 9
(4, 17)
(4, 16)
(4, 15)
(4, 14)
(4, 13)
(5, 13)
(6, 13)
(6, 12)
(6, 11)
(6, 10)
kaikki ok
Reitin pituus: 13
(3, 3)
(4, 3)
(4, 4)
(4, 5)
(4, 6)
(4, 7)
(4, 8)
(4, 9)
(5, 9)
(6, 9)
(6, 10)
(6, 11)
(7, 11)
(8, 11)
kaikki ok
Reitin pituus: 14
(1, 5)
(1, 4)
(1, 3)
(2, 3)
(3, 3)
(4, 3)
(5, 3)
(6, 3)
(7, 3)
(8, 3)
(9, 3)
(10, 3)
(11, 3)
(12, 3)
(12, 4)
kaikki ok
Reitin pituus: 12
(9, 8)
(9, 7)
(10, 7)
(10, 6)
(10, 5)
(11, 5)
(12, 5)
(12, 4)
(12, 3)
(11, 3)
(10, 3)
(10, 2)
(10, 1)
kaikki ok
Reitin pituus: 12
(16, 3)
(15, 3)
(14, 3)
(13, 3)
(12, 3)
(12, 4)
(12, 5)
(11, 5)
(10, 5)
(10, 6)
(10, 7)
(11, 7)
(12, 7)
kaikki ok
Reitin pituus: 24
(1, 3)
(2, 3)
(3, 3)
(4, 3)
(4, 4)
(4, 5)
(4, 6)
(4, 7)
(4, 8)
(4, 9)
(4, 10)
(4, 11)
(4, 12)
(4, 13)
(4, 14)
(4, 15)
(5, 15)
(6, 15)
(7, 15)
(8, 15)
(9, 15)
(10, 15)
(11, 15)
(12, 15)
(12, 16)
kaikki ok
Reitin pituus: 15
(6, 7)
(7, 7)
(8, 7)
(9, 7)
(10, 7)
(11, 7)
(12, 7)
(12, 8)
(12, 9)
(13, 9)
(14, 9)
(14, 10)
(14, 11)
(14, 12)
(14, 13)
(14, 14)
kaikki ok
Reitin pituus: 10
(10, 1)
(10, 2)
(10, 3)
(9, 3)
(8, 3)
(7, 3)
(6, 3)
(5, 3)
(4, 3)
(3, 3)
(2, 3)
kaikki ok
Reitin pituus: 8
(1, 1)
(2, 1)
(3, 1)
(4, 1)
(5, 1)
(6, 1)
(7, 1)
(8, 1)
(8, 2)
kaikki ok
Reitin pituus: 9
(11, 15)
(12, 15)
(12, 16)
(12, 17)
(11, 17)
(10, 17)
(10, 18)
(10, 19)
(9, 19)
(8, 19)
kaikki ok
Reitin pituus: 16
(8, 9)
(9, 9)
(9, 8)
(9, 7)
(8, 7)
(7, 7)
(6, 7)
(6, 8)
(6, 9)
(6, 10)
(6, 11)
(6, 12)
(6, 13)
(7, 13)
(8, 13)
(8, 14)
(8, 15)
kaikki ok
Reitin pituus: 2
(17, 14)
(17, 13)
(16, 13)
kaikki ok
Reitin pituus: 11
(7, 7)
(8, 7)
(8, 6)
(8, 5)
(7, 5)
(6, 5)
(6, 4)
(6, 3)
(7, 3)
(8, 3)
(8, 2)
(8, 1)
kaikki ok
Reitin pituus: 12
(6, 17)
(6, 16)
(6, 15)
(7, 15)
(8, 15)
(9, 15)
(10, 15)
(11, 15)
(12, 15)
(13, 15)
(14, 15)
(14, 16)
(14, 17)
kaikki ok
Reitin pituus: 10
(14, 12)
(14, 11)
(14, 10)
(14, 9)
(14, 8)
(14, 7)
(14, 6)
(14, 5)
(14, 4)
(14, 3)
(14, 2)
kaikki ok
Reitin pituus: 18
(14, 13)
(13, 13)
(12, 13)
(12, 12)
(12, 11)
(11, 11)
(10, 11)
(9, 11)
(8, 11)
(7, 11)
(6, 11)
(6, 10)
(6, 9)
(5, 9)
(4, 9)
(4, 8)
(4, 7)
(4, 6)
(4, 5)
kaikki ok
Reitin pituus: 5
(8, 14)
(8, 15)
(9, 15)
(10, 15)
(11, 15)
(12, 15)
kaikki ok
Reitin pituus: 10
(14, 19)
(15, 19)
(16, 19)
(17, 19)
(17, 18)
(17, 17)
(16, 17)
(16, 16)
(16, 15)
(17, 15)
(17, 14)
kaikki ok
Reitin pituus: 7
(1, 13)
(2, 13)
(3, 13)
(4, 13)
(5, 13)
(6, 13)
(6, 12)
(6, 11)
kaikki ok
Reitin pituus: 8
(9, 7)
(8, 7)
(7, 7)
(6, 7)
(6, 8)
(6, 9)
(6, 10)
(6, 11)
(7, 11)
kaikki ok
Reitin pituus: 8
(11, 11)
(10, 11)
(9, 11)
(8, 11)
(7, 11)
(6, 11)
(6, 10)
(6, 9)
(5, 9)
kaikki ok
Reitin pituus: 12
(12, 11)
(11, 11)
(10, 11)
(9, 11)
(8, 11)
(7, 11)
(6, 11)
(6, 10)
(6, 9)
(5, 9)
(4, 9)
(4, 8)
(4, 7)
kaikki ok
Reitin pituus: 27
(8, 18)
(8, 19)
(9, 19)
(10, 19)
(10, 18)
(10, 17)
(11, 17)
(12, 17)
(12, 16)
(12, 15)
(13, 15)
(14, 15)
(14, 14)
(14, 13)
(14, 12)
(14, 11)
(14, 10)
(14, 9)
(14, 8)
(14, 7)
(14, 6)
(14, 5)
(14, 4)
(14, 3)
(14, 2)
(14, 1)
(15, 1)
(16, 1)
kaikki ok
Reitin pituus: 33
(17, 1)
(17, 2)
(17, 3)
(17, 4)
(17, 5)
(16, 5)
(15, 5)
(14, 5)
(14, 6)
(14, 7)
(14, 8)
(14, 9)
(14, 10)
(14, 11)
(14, 12)
(14, 13)
(14, 14)
(14, 15)
(13, 15)
(12, 15)
(12, 16)
(12, 17)
(11, 17)
(10, 17)
(10, 18)
(10, 19)
(9, 19)
(8, 19)
(7, 19)
(6, 19)
(5, 19)
(4, 19)
(3, 19)
(2, 19)
kaikki ok
Reitin pituus: 14
(16, 16)
(16, 17)
(15, 17)
(14, 17)
(14, 16)
(14, 15)
(14, 14)
(14, 13)
(14, 12)
(14, 11)
(14, 10)
(14, 9)
(14, 8)
(14, 7)
(14, 6)
kaikki ok
Reitin pituus: 6
(14, 13)
(14, 14)
(14, 15)
(13, 15)
(12, 15)
(11, 15)
(10, 15)
kaikki ok
Reitin pituus: 19
(10, 9)
(9, 9)
(9, 8)
(9, 7)
(10, 7)
(11, 7)
(12, 7)
(12, 8)
(12, 9)
(13, 9)
(14, 9)
(14, 10)
(14, 11)
(14, 12)
(14, 13)
(15, 13)
(16, 13)
(17, 13)
(17, 14)
(17, 15)
kaikki ok
Reitin pituus: 14
(14, 2)
(14, 3)
(13, 3)
(12, 3)
(12, 4)
(12, 5)
(11, 5)
(10, 5)
(10, 6)
(10, 7)
(9, 7)
(8, 7)
(7, 7)
(6, 7)
(6, 8)
kaikki ok
Reitin pituus: 8
(6, 3)
(7, 3)
(8, 3)
(9, 3)
(10, 3)
(11, 3)
(12, 3)
(12, 4)
(12, 5)
kaikki ok
Reitin pituus: 23
(11, 1)
(12, 1)
(13, 1)
(14, 1)
(14, 2)
(14, 3)
(14, 4)
(14, 5)
(14, 6)
(14, 7)
(14, 8)
(14, 9)
(14, 10)
(14, 11)
(14, 12)
(14, 13)
(13, 13)
(12, 13)
(11, 13)
(10, 13)
(10, 14)
(10, 15)
(9, 15)
(8, 15)
kaikki ok
Reitin pituus: 20
(12, 10)
(12, 9)
(12, 8)
(12, 7)
(11, 7)
(10, 7)
(9, 7)
(8, 7)
(8, 6)
(8, 5)
(7, 5)
(6, 5)
(6, 4)
(6, 3)
(5, 3)
(4, 3)
(3, 3)
(2, 3)
(1, 3)
(1, 2)
(1, 1)
kaikki ok
Reitin pituus: 15
(14, 8)
(14, 9)
(13, 9)
(12, 9)
(12, 10)
(12, 11)
(11, 11)
(10, 11)
(9, 11)
(8, 11)
(7, 11)
(6, 11)
(6, 10)
(6, 9)
(5, 9)
(4, 9)
kaikki ok
Reitin pituus: 12
(14, 14)
(14, 15)
(13, 15)
(12, 15)
(11, 15)
(10, 15)
(9, 15)
(8, 15)
(8, 14)
(8, 13)
(7, 13)
(6, 13)
(6, 12)
kaikki ok
Reitin pituus: 28
(10, 3)
(9, 3)
(8, 3)
(7, 3)
(6, 3)
(5, 3)
(4, 3)
(4, 4)
(4, 5)
(4, 6)
(4, 7)
(4, 8)
(4, 9)
(4, 10)
(4, 11)
(4, 12)
(4, 13)
(4, 14)
(4, 15)
(4, 16)
(4, 17)
(3, 17)
(2, 17)
(1, 17)
(1, 18)
(1, 19)
(2, 19)
(3, 19)
(4, 19)
kaikki ok
Reitin pituus: 7
(16, 16)
(16, 17)
(15, 17)
(14, 17)
(14, 16)
(14, 15)
(13, 15)
(12, 15)
kaikki ok
Reitin pituus: 7
(12, 9)
(12, 10)
(12, 11)
(11, 11)
(10, 11)
(9, 11)
(8, 11)
(7, 11)
kaikki ok
Reitin pituus: 8
(4, 14)
(4, 15)
(5, 15)
(6, 15)
(7, 15)
(8, 15)
(9, 15)
(10, 15)
(11, 15)
kaikki ok
Reitin pituus: 13
(14, 17)
(14, 16)
(14, 15)
(14, 14)
(14, 13)
(14, 12)
(14, 11)
(14, 10)
(14, 9)
(14, 8)
(14, 7)
(14, 6)
(14, 5)
(15, 5)
kaikki ok
Reitin pituus: 10
(14, 12)
(14, 11)
(14, 10)
(14, 9)
(14, 8)
(14, 7)
(14, 6)
(14, 5)
(14, 4)
(14, 3)
(14, 2)
kaikki ok
Reitin pituus: 27
(14, 15)
(13, 15)
(12, 15)
(11, 15)
(10, 15)
(9, 15)
(8, 15)
(7, 15)
(6, 15)
(5, 15)
(4, 15)
(4, 14)
(4, 13)
(4, 12)
(4, 11)
(4, 10)
(4, 9)
(4, 8)
(4, 7)
(4, 6)
(4, 5)
(4, 4)
(4, 3)
(3, 3)
(2, 3)
(1, 3)
(1, 2)
(1, 1)
kaikki ok
Reitin pituus: 20
(7, 15)
(8, 15)
(9, 15)
(10, 15)
(11, 15)
(12, 15)
(13, 15)
(14, 15)
(14, 14)
(14, 13)
(14, 12)
(14, 11)
(14, 10)
(14, 9)
(14, 8)
(14, 7)
(14, 6)
(14, 5)
(14, 4)
(14, 3)
(13, 3)
kaikki ok
Reitin pituus: 16
(4, 13)
(4, 12)
(4, 11)
(4, 10)
(4, 9)
(4, 8)
(4, 7)
(4, 6)
(4, 5)
(4, 4)
(4, 3)
(5, 3)
(6, 3)
(7, 3)
(8, 3)
(8, 2)
(8, 1)
kaikki ok
Reitin pituus: 17
(8, 9)
(9, 9)
(9, 8)
(9, 7)
(10, 7)
(10, 6)
(10, 5)
(11, 5)
(12, 5)
(12, 4)
(12, 3)
(13, 3)
(14, 3)
(14, 4)
(14, 5)
(15, 5)
(16, 5)
(17, 5)
kaikki ok
Reitin pituus: 7
(14, 6)
(14, 7)
(14, 8)
(14, 9)
(13, 9)
(12, 9)
(12, 10)
(12, 11)
kaikki ok
Reitin pituus: 14
(4, 3)
(5, 3)
(6, 3)
(7, 3)
(8, 3)
(9, 3)
(10, 3)
(11, 3)
(12, 3)
(13, 3)
(14, 3)
(14, 4)
(14, 5)
(15, 5)
(16, 5)
kaikki ok
Reitin pituus: 17
(4, 17)
(4, 16)
(4, 15)
(5, 15)
(6, 15)
(6, 16)
(6, 17)
(7, 17)
(8, 17)
(8, 18)
(8, 19)
(9, 19)
(10, 19)
(11, 19)
(12, 19)
(13, 19)
(14, 19)
(15, 19)
kaikki ok
Reitin pituus: 13
(8, 11)
(7, 11)
(6, 11)
(6, 10)
(6, 9)
(5, 9)
(4, 9)
(4, 8)
(4, 7)
(4, 6)
(4, 5)
(4, 4)
(4, 3)
(5, 3)
kaikki ok
Reitin pituus: 17
(14, 7)
(14, 8)
(14, 9)
(13, 9)
(12, 9)
(12, 10)
(12, 11)
(11, 11)
(10, 11)
(9, 11)
(8, 11)
(7, 11)
(6, 11)
(6, 12)
(6, 13)
(5, 13)
(4, 13)
(3, 13)
kaikki ok
Reitin pituus: 12
(12, 12)
(12, 13)
(11, 13)
(10, 13)
(10, 14)
(10, 15)
(9, 15)
(8, 15)
(7, 15)
(6, 15)
(6, 16)
(6, 17)
(7, 17)
kaikki ok
Reitin pituus: 16
(14, 15)
(14, 14)
(14, 13)
(13, 13)
(12, 13)
(12, 12)
(12, 11)
(12, 10)
(12, 9)
(12, 8)
(12, 7)
(11, 7)
(10, 7)
(9, 7)
(9, 8)
(9, 9)
(10, 9)
kaikki ok
Reitin pituus: 13
(12, 10)
(12, 11)
(11, 11)
(10, 11)
(9, 11)
(8, 11)
(7, 11)
(6, 11)
(6, 12)
(6, 13)
(5, 13)
(4, 13)
(3, 13)
(2, 13)
kaikki ok
Reitin pituus: 16
(6, 19)
(7, 19)
(8, 19)
(9, 19)
(10, 19)
(11, 19)
(12, 19)
(13, 19)
(14, 19)
(15, 19)
(16, 19)
(17, 19)
(17, 18)
(17, 17)
(16, 17)
(16, 16)
(16, 15)
kaikki ok
Reitin pituus: 21
(8, 7)
(9, 7)
(10, 7)
(11, 7)
(12, 7)
(12, 8)
(12, 9)
(12, 10)
(12, 11)
(12, 12)
(12, 13)
(13, 13)
(14, 13)
(14, 14)
(14, 15)
(14, 16)
(14, 17)
(15, 17)
(16, 17)
(17, 17)
(17, 18)
(17, 19)
kaikki ok
Reitin pituus: 9
(8, 14)
(8, 15)
(9, 15)
(10, 15)
(11, 15)
(12, 15)
(12, 16)
(12, 17)
(11, 17)
(10, 17)
kaikki ok
Reitin pituus: 8
(14, 9)
(14, 10)
(14, 11)
(14, 12)
(14, 13)
(14, 14)
(14, 15)
(14, 16)
(14, 17)
kaikki ok
Reitin pituus: 10
(6, 17)
(6, 16)
(6, 15)
(7, 15)
(8, 15)
(9, 15)
(10, 15)
(10, 14)
(10, 13)
(11, 13)
(12, 13)
kaikki ok
Reitin pituus: 18
(4, 17)
(4, 16)
(4, 15)
(4, 14)
(4, 13)
(4, 12)
(4, 11)
(4, 10)
(4, 9)
(4, 8)
(4, 7)
(4, 6)
(4, 5)
(4, 4)
(4, 3)
(4, 2)
(4, 1)
(5, 1)
(6, 1)
kaikki ok
Reitin pituus: 21
(3, 3)
(4, 3)
(5, 3)
(6, 3)
(6, 4)
(6, 5)
(7, 5)
(8, 5)
(8, 6)
(8, 7)
(9, 7)
(10, 7)
(11, 7)
(12, 7)
(12, 8)
(12, 9)
(12, 10)
(12, 11)
(12, 12)
(12, 13)
(11, 13)
(10, 13)
kaikki ok
Reitin pituus: 20
(11, 11)
(10, 11)
(9, 11)
(8, 11)
(7, 11)
(6, 11)
(6, 12)
(6, 13)
(5, 13)
(4, 13)
(4, 14)
(4, 15)
(4, 16)
(4, 17)
(3, 17)
(2, 17)
(1, 17)
(1, 18)
(1, 19)
(2, 19)
(3, 19)
kaikki ok
Reitin pituus: 23
(13, 19)
(12, 19)
(11, 19)
(10, 19)
(9, 19)
(8, 19)
(8, 18)
(8, 17)
(7, 17)
(6, 17)
(6, 16)
(6, 15)
(5, 15)
(4, 15)
(4, 14)
(4, 13)
(4, 12)
(4, 11)
(4, 10)
(4, 9)
(4, 8)
(4, 7)
(4, 6)
(4, 5)
kaikki ok
Reitin pituus: 1
(17, 15)
(17, 14)
kaikki ok
Reitin pituus: 29
(6, 1)
(7, 1)
(8, 1)
(8, 2)
(8, 3)
(9, 3)
(10, 3)
(11, 3)
(12, 3)
(13, 3)
(14, 3)
(14, 4)
(14, 5)
(14, 6)
(14, 7)
(14, 8)
(14, 9)
(14, 10)
(14, 11)
(14, 12)
(14, 13)
(14, 14)
(14, 15)
(14, 16)
(14, 17)
(15, 17)
(16, 17)
(17, 17)
(17, 18)
(17, 19)
kaikki ok
Reitin pituus: 29
(1, 1)
(1, 2)
(1, 3)
(1, 4)
(1, 5)
(2, 5)
(3, 5)
(4, 5)
(4, 6)
(4, 7)
(4, 8)
(4, 9)
(4, 10)
(4, 11)
(4, 12)
(4, 13)
(4, 14)
(4, 15)
(5, 15)
(6, 15)
(6, 16)
(6, 17)
(7, 17)
(8, 17)
(8, 18)
(8, 19)
(9, 19)
(10, 19)
(11, 19)
(12, 19)
kaikki ok
Reitin pituus: 17
(1, 14)
(1, 13)
(2, 13)
(3, 13)
(4, 13)
(5, 13)
(6, 13)
(6, 12)
(6, 11)
(6, 10)
(6, 9)
(6, 8)
(6, 7)
(7, 7)
(8, 7)
(9, 7)
(10, 7)
(11, 7)
kaikki ok
Reitin pituus: 6
(14, 10)
(14, 11)
(14, 12)
(14, 13)
(14, 14)
(14, 15)
(13, 15)
kaikki ok
Reitin pituus: 18
(9, 11)
(10, 11)
(11, 11)
(12, 11)
(12, 12)
(12, 13)
(13, 13)
(14, 13)
(14, 14)
(14, 15)
(14, 16)
(14, 17)
(15, 17)
(16, 17)
(17, 17)
(17, 18)
(17, 19)
(16, 19)
(15, 19)
kaikki ok
Reitin pituus: 18
(11, 5)
(10, 5)
(10, 6)
(10, 7)
(11, 7)
(12, 7)
(12, 8)
(12, 9)
(13, 9)
(14, 9)
(14, 10)
(14, 11)
(14, 12)
(14, 13)
(14, 14)
(14, 15)
(13, 15)
(12, 15)
(12, 16)
kaikki ok
Reitin pituus: 12
(12, 9)
(12, 8)
(12, 7)
(11, 7)
(10, 7)
(10, 6)
(10, 5)
(11, 5)
(12, 5)
(12, 4)
(12, 3)
(11, 3)
(10, 3)
kaikki ok
Reitin pituus: 17
(8, 13)
(7, 13)
(6, 13)
(6, 12)
(6, 11)
(6, 10)
(6, 9)
(6, 8)
(6, 7)
(7, 7)
(8, 7)
(9, 7)
(10, 7)
(10, 6)
(10, 5)
(11, 5)
(12, 5)
(12, 4)
kaikki ok
Reitin pituus: 21
(17, 4)
(17, 5)
(16, 5)
(15, 5)
(14, 5)
(14, 6)
(14, 7)
(14, 8)
(14, 9)
(13, 9)
(12, 9)
(12, 10)
(12, 11)
(12, 12)
(12, 13)
(11, 13)
(10, 13)
(10, 14)
(10, 15)
(9, 15)
(8, 15)
(8, 14)
kaikki ok
Reitin pituus: 15
(4, 16)
(4, 15)
(5, 15)
(6, 15)
(7, 15)
(8, 15)
(9, 15)
(10, 15)
(10, 14)
(10, 13)
(11, 13)
(12, 13)
(13, 13)
(14, 13)
(15, 13)
(16, 13)
kaikki ok
Reitin pituus: 8
(12, 3)
(11, 3)
(10, 3)
(9, 3)
(8, 3)
(8, 2)
(8, 1)
(7, 1)
(6, 1)
kaikki ok
Reitin pituus: 19
(2, 3)
(3, 3)
(4, 3)
(4, 4)
(4, 5)
(4, 6)
(4, 7)
(4, 8)
(4, 9)
(4, 10)
(4, 11)
(4, 12)
(4, 13)
(3, 13)
(2, 13)
(1, 13)
(1, 14)
(1, 15)
(2, 15)
(2, 16)
kaikki ok
Reitin pituus: 13
(13, 3)
(14, 3)
(14, 4)
(14, 5)
(14, 6)
(14, 7)
(14, 8)
(14, 9)
(13, 9)
(12, 9)
(12, 10)
(12, 11)
(11, 11)
(10, 11)
kaikki ok
Reitin pituus: 18
(12, 16)
(12, 15)
(13, 15)
(14, 15)
(14, 14)
(14, 13)
(14, 12)
(14, 11)
(14, 10)
(14, 9)
(14, 8)
(14, 7)
(14, 6)
(14, 5)
(14, 4)
(14, 3)
(15, 3)
(16, 3)
(17, 3)
kaikki ok
Reitin pituus: 12
(11, 15)
(10, 15)
(9, 15)
(8, 15)
(8, 14)
(8, 13)
(7, 13)
(6, 13)
(6, 12)
(6, 11)
(6, 10)
(6, 9)
(6, 8)
kaikki ok
Reitin pituus: 26
(6, 19)
(7, 19)
(8, 19)
(8, 18)
(8, 17)
(7, 17)
(6, 17)
(6, 16)
(6, 15)
(5, 15)
(4, 15)
(4, 14)
(4, 13)
(4, 12)
(4, 11)
(4, 10)
(4, 9)
(4, 8)
(4, 7)
(4, 6)
(4, 5)
(4, 4)
(4, 3)
(5, 3)
(6, 3)
(7, 3)
(8, 3)
kaikki ok
Reitin pituus: 15
(5, 1)
(6, 1)
(7, 1)
(8, 1)
(8, 2)
(8, 3)
(9, 3)
(10, 3)
(11, 3)
(12, 3)
(13, 3)
(14, 3)
(15, 3)
(16, 3)
(17, 3)
(17, 4)
kaikki ok
Reitin pituus: 13
(1, 18)
(1, 17)
(2, 17)
(3, 17)
(4, 17)
(4, 16)
(4, 15)
(5, 15)
(6, 15)
(7, 15)
(8, 15)
(9, 15)
(10, 15)
(11, 15)
kaikki ok
Reitin pituus: 3
(10, 13)
(11, 13)
(12, 13)
(13, 13)
kaikki ok
Reitin pituus: 13
(3, 5)
(4, 5)
(4, 4)
(4, 3)
(5, 3)
(6, 3)
(6, 4)
(6, 5)
(7, 5)
(8, 5)
(8, 6)
(8, 7)
(9, 7)
(10, 7)
kaikki ok
Reitin pituus: 3
(4, 15)
(5, 15)
(6, 15)
(7, 15)
kaikki ok
Reitin pituus: 4
(16, 13)
(15, 13)
(14, 13)
(13, 13)
(12, 13)
kaikki ok
Reitin pituus: 4
(4, 10)
(4, 9)
(4, 8)
(4, 7)
(4, 6)
kaikki ok
Reitin pituus: 17
(6, 15)
(7, 15)
(8, 15)
(9, 15)
(10, 15)
(10, 14)
(10, 13)
(11, 13)
(12, 13)
(12, 12)
(12, 11)
(12, 10)
(12, 9)
(13, 9)
(14, 9)
(14, 8)
(14, 7)
(14, 6)
kaikki ok
Reitin pituus: 11
(12, 1)
(13, 1)
(14, 1)
(14, 2)
(14, 3)
(14, 4)
(14, 5)
(14, 6)
(14, 7)
(14, 8)
(14, 9)
(13, 9)
kaikki ok
Reitin pituus: 14
(4, 14)
(4, 13)
(4, 12)
(4, 11)
(4, 10)
(4, 9)
(4, 8)
(4, 7)
(4, 6)
(4, 5)
(4, 4)
(4, 3)
(4, 2)
(4, 1)
(5, 1)
kaikki ok
Reitin pituus: 24
(1, 1)
(2, 1)
(3, 1)
(4, 1)
(5, 1)
(6, 1)
(7, 1)
(8, 1)
(8, 2)
(8, 3)
(9, 3)
(10, 3)
(11, 3)
(12, 3)
(13, 3)
(14, 3)
(14, 4)
(14, 5)
(14, 6)
(14, 7)
(14, 8)
(14, 9)
(14, 10)
(14, 11)
(14, 12)
kaikki ok
Reitin pituus: 24
(9, 3)
(8, 3)
(7, 3)
(6, 3)
(5, 3)
(4, 3)
(4, 4)
(4, 5)
(4, 6)
(4, 7)
(4, 8)
(4, 9)
(4, 10)
(4, 11)
(4, 12)
(4, 13)
(4, 14)
(4, 15)
(4, 16)
(4, 17)
(3, 17)
(2, 17)
(1, 17)
(1, 18)
(1, 19)
kaikki ok
Reitin pituus: 11
(15, 13)
(14, 13)
(14, 14)
(14, 15)
(13, 15)
(12, 15)
(11, 15)
(10, 15)
(9, 15)
(8, 15)
(7, 15)
(6, 15)
kaikki ok
Reitin pituus: 8
(13, 13)
(14, 13)
(14, 14)
(14, 15)
(14, 16)
(14, 17)
(15, 17)
(16, 17)
(16, 16)
kaikki ok
Reitin pituus: 14
(4, 17)
(4, 16)
(4, 15)
(5, 15)
(6, 15)
(7, 15)
(8, 15)
(9, 15)
(10, 15)
(10, 14)
(10, 13)
(11, 13)
(12, 13)
(13, 13)
(14, 13)
kaikki ok
Reitin pituus: 10
(8, 9)
(9, 9)
(9, 8)
(9, 7)
(10, 7)
(10, 6)
(10, 5)
(11, 5)
(12, 5)
(12, 4)
(12, 3)
kaikki ok
Reitin pituus: 25
(7, 3)
(8, 3)
(9, 3)
(10, 3)
(11, 3)
(12, 3)
(13, 3)
(14, 3)
(14, 4)
(14, 5)
(14, 6)
(14, 7)
(14, 8)
(14, 9)
(14, 10)
(14, 11)
(14, 12)
(14, 13)
(14, 14)
(14, 15)
(13, 15)
(12, 15)
(12, 16)
(12, 17)
(11, 17)
(10, 17)
kaikki ok
Reitin pituus: 28
(7, 19)
(8, 19)
(9, 19)
(10, 19)
(10, 18)
(10, 17)
(11, 17)
(12, 17)
(12, 16)
(12, 15)
(13, 15)
(14, 15)
(14, 14)
(14, 13)
(14, 12)
(14, 11)
(14, 10)
(14, 9)
(14, 8)
(14, 7)
(14, 6)
(14, 5)
(14, 4)
(14, 3)
(14, 2)
(14, 1)
(13, 1)
(12, 1)
(11, 1)
kaikki ok
Reitin pituus: 13
(15, 1)
(14, 1)
(14, 2)
(14, 3)
(14, 4)
(14, 5)
(14, 6)
(14, 7)
(14, 8)
(14, 9)
(14, 10)
(14, 11)
(14, 12)
(14, 13)
kaikki ok
Reitin pituus: 10
(14, 19)
(13, 19)
(12, 19)
(11, 19)
(10, 19)
(9, 19)
(8, 19)
(8, 18)
(8, 17)
(7, 17)
(6, 17)
kaikki ok
Reitin pituus: 19
(2, 5)
(3, 5)
(4, 5)
(4, 6)
(4, 7)
(4, 8)
(4, 9)
(4, 10)
(4, 11)
(4, 12)
(4, 13)
(4, 14)
(4, 15)
(4, 16)
(4, 17)
(3, 17)
(2, 17)
(1, 17)
(1, 18)
(1, 19)
kaikki ok
Reitin pituus: 17
(8, 3)
(7, 3)
(6, 3)
(5, 3)
(4, 3)
(4, 4)
(4, 5)
(4, 6)
(4, 7)
(4, 8)
(4, 9)
(4, 10)
(4, 11)
(4, 12)
(4, 13)
(3, 13)
(2, 13)
(1, 13)
kaikki ok
Reitin pituus: 10
(10, 14)
(10, 15)
(9, 15)
(8, 15)
(7, 15)
(6, 15)
(5, 15)
(4, 15)
(4, 14)
(4, 13)
(4, 12)
kaikki ok
Reitin pituus: 12
(6, 11)
(7, 11)
(8, 11)
(9, 11)
(10, 11)
(11, 11)
(12, 11)
(12, 10)
(12, 9)
(13, 9)
(14, 9)
(14, 10)
(14, 11)
kaikki ok
Reitin pituus: 1
(6, 19)
(7, 19)
kaikki ok
Reitin pituus: 3
(2, 16)
(2, 17)
(1, 17)
(1, 18)
kaikki ok
Reitin pituus: 3
(12, 13)
(13, 13)
(14, 13)
(14, 14)
kaikki ok
Reitin pituus: 3
(12, 12)
(12, 13)
(13, 13)
(14, 13)
kaikki ok
Reitin pituus: 5
(14, 19)
(15, 19)
(16, 19)
(17, 19)
(17, 18)
(17, 17)
kaikki ok
Reitin pituus: 16
(17, 1)
(16, 1)
(15, 1)
(14, 1)
(13, 1)
(12, 1)
(11, 1)
(10, 1)
(10, 2)
(10, 3)
(9, 3)
(8, 3)
(7, 3)
(6, 3)
(5, 3)
(4, 3)
(3, 3)
kaikki ok
Reitin pituus: 16
(17, 13)
(16, 13)
(15, 13)
(14, 13)
(14, 12)
(14, 11)
(14, 10)
(14, 9)
(14, 8)
(14, 7)
(14, 6)
(14, 5)
(14, 4)
(14, 3)
(14, 2)
(14, 1)
(13, 1)
kaikki ok
Reitin pituus: 11
(16, 5)
(15, 5)
(14, 5)
(14, 6)
(14, 7)
(14, 8)
(14, 9)
(14, 10)
(14, 11)
(14, 12)
(14, 13)
(14, 14)
kaikki ok
Reitin pituus: 16
(17, 19)
(17, 18)
(17, 17)
(16, 17)
(15, 17)
(14, 17)
(14, 16)
(14, 15)
(13, 15)
(12, 15)
(11, 15)
(10, 15)
(9, 15)
(8, 15)
(8, 14)
(8, 13)
(7, 13)
kaikki ok
Reitin pituus: 15
(4, 15)
(4, 14)
(4, 13)
(4, 12)
(4, 11)
(4, 10)
(4, 9)
(4, 8)
(4, 7)
(4, 6)
(4, 5)
(4, 4)
(4, 3)
(4, 2)
(4, 1)
(5, 1)
kaikki ok
Reitin pituus: 5
(8, 7)
(9, 7)
(10, 7)
(11, 7)
(12, 7)
(12, 8)
kaikki ok
Reitin pituus: 4
(12, 3)
(11, 3)
(10, 3)
(10, 2)
(10, 1)
kaikki ok
Reitin pituus: 15
(14, 10)
(14, 11)
(14, 12)
(14, 13)
(14, 14)
(14, 15)
(14, 16)
(14, 17)
(15, 17)
(16, 17)
(17, 17)
(17, 18)
(17, 19)
(16, 19)
(15, 19)
(14, 19)
kaikki ok
Reitin pituus: 12
(10, 19)
(10, 18)
(10, 17)
(11, 17)
(12, 17)
(12, 16)
(12, 15)
(11, 15)
(10, 15)
(10, 14)
(10, 13)
(11, 13)
(12, 13)
kaikki ok
Reitin pituus: 22
(13, 13)
(12, 13)
(12, 12)
(12, 11)
(11, 11)
(10, 11)
(9, 11)
(8, 11)
(7, 11)
(6, 11)
(6, 10)
(6, 9)
(5, 9)
(4, 9)
(4, 8)
(4, 7)
(4, 6)
(4, 5)
(3, 5)
(2, 5)
(1, 5)
(1, 4)
(1, 3)
kaikki ok
Reitin pituus: 19
(16, 15)
(16, 16)
(16, 17)
(17, 17)
(17, 18)
(17, 19)
(16, 19)
(15, 19)
(14, 19)
(13, 19)
(12, 19)
(11, 19)
(10, 19)
(9, 19)
(8, 19)
(7, 19)
(6, 19)
(5, 19)
(4, 19)
(3, 19)
kaikki ok
Reitin pituus: 15
(14, 12)
(14, 13)
(13, 13)
(12, 13)
(11, 13)
(10, 13)
(10, 14)
(10, 15)
(9, 15)
(8, 15)
(7, 15)
(6, 15)
(6, 16)
(6, 17)
(7, 17)
(8, 17)
kaikki ok
Reitin pituus: 15
(1, 3)
(2, 3)
(3, 3)
(4, 3)
(5, 3)
(6, 3)
(6, 4)
(6, 5)
(7, 5)
(8, 5)
(8, 6)
(8, 7)
(9, 7)
(9, 8)
(9, 9)
(8, 9)
kaikki ok
Reitin pituus: 16
(8, 9)
(9, 9)
(9, 8)
(9, 7)
(10, 7)
(10, 6)
(10, 5)
(11, 5)
(12, 5)
(12, 4)
(12, 3)
(13, 3)
(14, 3)
(15, 3)
(16, 3)
(17, 3)
(17, 4)
kaikki ok
Reitin pituus: 18
(11, 15)
(10, 15)
(9, 15)
(8, 15)
(8, 14)
(8, 13)
(7, 13)
(6, 13)
(6, 12)
(6, 11)
(6, 10)
(6, 9)
(5, 9)
(4, 9)
(4, 8)
(4, 7)
(4, 6)
(4, 5)
(4, 4)
kaikki ok
Reitin pituus: 18
(1, 17)
(2, 17)
(3, 17)
(4, 17)
(4, 16)
(4, 15)
(4, 14)
(4, 13)
(4, 12)
(4, 11)
(4, 10)
(4, 9)
(4, 8)
(4, 7)
(4, 6)
(4, 5)
(4, 4)
(4, 3)
(5, 3)
kaikki ok
Reitin pituus: 11
(2, 19)
(1, 19)
(1, 18)
(1, 17)
(2, 17)
(3, 17)
(4, 17)
(4, 16)
(4, 15)
(5, 15)
(6, 15)
(6, 16)
kaikki ok
Reitin pituus: 9
(11, 11)
(12, 11)
(12, 12)
(12, 13)
(13, 13)
(14, 13)
(14, 14)
(14, 15)
(14, 16)
(14, 17)
kaikki ok
Reitin pituus: 15
(17, 4)
(17, 3)
(16, 3)
(15, 3)
(14, 3)
(13, 3)
(12, 3)
(11, 3)
(10, 3)
(9, 3)
(8, 3)
(7, 3)
(6, 3)
(5, 3)
(4, 3)
(4, 4)
kaikki ok
Reitin pituus: 11
(6, 8)
(6, 9)
(5, 9)
(4, 9)
(4, 10)
(4, 11)
(4, 12)
(4, 13)
(4, 14)
(4, 15)
(4, 16)
(4, 17)
kaikki ok
Reitin pituus: 23
(15, 17)
(14, 17)
(14, 16)
(14, 15)
(14, 14)
(14, 13)
(14, 12)
(14, 11)
(14, 10)
(14, 9)
(14, 8)
(14, 7)
(14, 6)
(14, 5)
(14, 4)
(14, 3)
(13, 3)
(12, 3)
(11, 3)
(10, 3)
(9, 3)
(8, 3)
(8, 2)
(8, 1)
kaikki ok
Reitin pituus: 19
(13, 1)
(14, 1)
(14, 2)
(14, 3)
(14, 4)
(14, 5)
(14, 6)
(14, 7)
(14, 8)
(14, 9)
(14, 10)
(14, 11)
(14, 12)
(14, 13)
(14, 14)
(14, 15)
(14, 16)
(14, 17)
(15, 17)
(16, 17)
kaikki ok
Reitin pituus: 6
(16, 3)
(15, 3)
(14, 3)
(14, 4)
(14, 5)
(14, 6)
(14, 7)
kaikki ok
Reitin pituus: 7
(8, 15)
(7, 15)
(6, 15)
(5, 15)
(4, 15)
(4, 16)
(4, 17)
(3, 17)
kaikki ok
Reitin pituus: 11
(7, 11)
(8, 11)
(9, 11)
(10, 11)
(11, 11)
(12, 11)
(12, 12)
(12, 13)
(13, 13)
(14, 13)
(14, 12)
(14, 11)
kaikki ok
Reitin pituus: 12
(8, 14)
(8, 13)
(7, 13)
(6, 13)
(6, 12)
(6, 11)
(6, 10)
(6, 9)
(6, 8)
(6, 7)
(7, 7)
(8, 7)
(9, 7)
kaikki ok
Reitin pituus: 21
(14, 1)
(14, 2)
(14, 3)
(14, 4)
(14, 5)
(14, 6)
(14, 7)
(14, 8)
(14, 9)
(13, 9)
(12, 9)
(12, 10)
(12, 11)
(12, 12)
(12, 13)
(11, 13)
(10, 13)
(10, 14)
(10, 15)
(9, 15)
(8, 15)
(7, 15)
kaikki ok
Reitin pituus: 26
(14, 4)
(14, 5)
(14, 6)
(14, 7)
(14, 8)
(14, 9)
(13, 9)
(12, 9)
(12, 10)
(12, 11)
(11, 11)
(10, 11)
(9, 11)
(8, 11)
(7, 11)
(6, 11)
(6, 12)
(6, 13)
(5, 13)
(4, 13)
(4, 14)
(4, 15)
(4, 16)
(4, 17)
(3, 17)
(2, 17)
(1, 17)
kaikki ok
Reitin pituus: 17
(8, 6)
(8, 7)
(7, 7)
(6, 7)
(6, 8)
(6, 9)
(6, 10)
(6, 11)
(6, 12)
(6, 13)
(5, 13)
(4, 13)
(3, 13)
(2, 13)
(1, 13)
(1, 14)
(1, 15)
(2, 15)
kaikki ok
Reitin pituus: 22
(17, 17)
(16, 17)
(15, 17)
(14, 17)
(14, 16)
(14, 15)
(14, 14)
(14, 13)
(14, 12)
(14, 11)
(14, 10)
(14, 9)
(14, 8)
(14, 7)
(14, 6)
(14, 5)
(14, 4)
(14, 3)
(14, 2)
(14, 1)
(13, 1)
(12, 1)
(11, 1)
kaikki ok
Reitin pituus: 12
(14, 17)
(14, 16)
(14, 15)
(14, 14)
(14, 13)
(14, 12)
(14, 11)
(14, 10)
(14, 9)
(14, 8)
(14, 7)
(14, 6)
(14, 5)
kaikki ok
Reitin pituus: 12
(6, 3)
(5, 3)
(4, 3)
(4, 4)
(4, 5)
(4, 6)
(4, 7)
(4, 8)
(4, 9)
(4, 10)
(4, 11)
(4, 12)
(4, 13)
kaikki ok
Reitin pituus: 6
(1, 3)
(2, 3)
(3, 3)
(4, 3)
(5, 3)
(6, 3)
(6, 4)
kaikki ok
Reitin pituus: 25
(8, 9)
(9, 9)
(9, 8)
(9, 7)
(10, 7)
(11, 7)
(12, 7)
(12, 8)
(12, 9)
(12, 10)
(12, 11)
(12, 12)
(12, 13)
(11, 13)
(10, 13)
(10, 14)
(10, 15)
(11, 15)
(12, 15)
(12, 16)
(12, 17)
(11, 17)
(10, 17)
(10, 18)
(10, 19)
(11, 19)
kaikki ok
Reitin pituus: 11
(16, 15)
(16, 16)
(16, 17)
(17, 17)
(17, 18)
(17, 19)
(16, 19)
(15, 19)
(14, 19)
(13, 19)
(12, 19)
(11, 19)
kaikki ok
Reitin pituus: 9
(11, 13)
(10, 13)
(10, 14)
(10, 15)
(9, 15)
(8, 15)
(8, 14)
(8, 13)
(7, 13)
(6, 13)
kaikki ok
Reitin pituus: 15
(2, 13)
(3, 13)
(4, 13)
(4, 12)
(4, 11)
(4, 10)
(4, 9)
(4, 8)
(4, 7)
(4, 6)
(4, 5)
(4, 4)
(4, 3)
(5, 3)
(6, 3)
(6, 4)
kaikki ok
Reitin pituus: 6
(14, 8)
(14, 9)
(13, 9)
(12, 9)
(12, 10)
(12, 11)
(12, 12)
kaikki ok
Reitin pituus: 8
(6, 7)
(7, 7)
(8, 7)
(9, 7)
(10, 7)
(11, 7)
(12, 7)
(12, 8)
(12, 9)
kaikki ok
Reitin pituus: 19
(14, 9)
(14, 10)
(14, 11)
(14, 12)
(14, 13)
(14, 14)
(14, 15)
(13, 15)
(12, 15)
(12, 16)
(12, 17)
(11, 17)
(10, 17)
(10, 18)
(10, 19)
(9, 19)
(8, 19)
(7, 19)
(6, 19)
(5, 19)
kaikki ok
Reitin pituus: 11
(12, 7)
(11, 7)
(10, 7)
(10, 6)
(10, 5)
(11, 5)
(12, 5)
(12, 4)
(12, 3)
(13, 3)
(14, 3)
(14, 2)
kaikki ok
Reitin pituus: 28
(15, 3)
(14, 3)
(13, 3)
(12, 3)
(12, 4)
(12, 5)
(11, 5)
(10, 5)
(10, 6)
(10, 7)
(9, 7)
(8, 7)
(7, 7)
(6, 7)
(6, 8)
(6, 9)
(5, 9)
(4, 9)
(4, 10)
(4, 11)
(4, 12)
(4, 13)
(3, 13)
(2, 13)
(1, 13)
(1, 14)
(1, 15)
(2, 15)
(2, 16)
kaikki ok
Reitin pituus: 0
(11, 11)
kaikki ok
Reitin pituus: 14
(15, 3)
(14, 3)
(13, 3)
(12, 3)
(11, 3)
(10, 3)
(9, 3)
(8, 3)
(7, 3)
(6, 3)
(5, 3)
(4, 3)
(4, 4)
(4, 5)
(4, 6)
kaikki ok
Reitin pituus: 14
(12, 9)
(12, 10)
(12, 11)
(11, 11)
(10, 11)
(9, 11)
(8, 11)
(7, 11)
(6, 11)
(6, 12)
(6, 13)
(5, 13)
(4, 13)
(3, 13)
(2, 13)
kaikki ok
Reitin pituus: 18
(5, 13)
(6, 13)
(7, 13)
(8, 13)
(8, 14)
(8, 15)
(9, 15)
(10, 15)
(11, 15)
(12, 15)
(13, 15)
(14, 15)
(14, 16)
(14, 17)
(15, 17)
(16, 17)
(17, 17)
(17, 18)
(17, 19)
kaikki ok
Reitin pituus: 14
(6, 17)
(7, 17)
(8, 17)
(8, 18)
(8, 19)
(9, 19)
(10, 19)
(11, 19)
(12, 19)
(13, 19)
(14, 19)
(15, 19)
(16, 19)
(17, 19)
(17, 18)
kaikki ok
Reitin pituus: 23
(4, 14)
(4, 13)
(5, 13)
(6, 13)
(6, 12)
(6, 11)
(7, 11)
(8, 11)
(9, 11)
(10, 11)
(11, 11)
(12, 11)
(12, 10)
(12, 9)
(13, 9)
(14, 9)
(14, 8)
(14, 7)
(14, 6)
(14, 5)
(14, 4)
(14, 3)
(15, 3)
(16, 3)
kaikki ok
Reitin pituus: 7
(2, 13)
(3, 13)
(4, 13)
(4, 14)
(4, 15)
(5, 15)
(6, 15)
(6, 16)
kaikki ok
Reitin pituus: 9
(16, 17)
(15, 17)
(14, 17)
(14, 16)
(14, 15)
(13, 15)
(12, 15)
(12, 16)
(12, 17)
(11, 17)
kaikki ok
Reitin pituus: 4
(8, 11)
(9, 11)
(10, 11)
(11, 11)
(12, 11)
kaikki ok
Reitin pituus: 28
(3, 3)
(4, 3)
(5, 3)
(6, 3)
(6, 4)
(6, 5)
(7, 5)
(8, 5)
(8, 6)
(8, 7)
(9, 7)
(10, 7)
(11, 7)
(12, 7)
(12, 8)
(12, 9)
(12, 10)
(12, 11)
(12, 12)
(12, 13)
(13, 13)
(14, 13)
(15, 13)
(16, 13)
(17, 13)
(17, 14)
(17, 15)
(16, 15)
(16, 16)
kaikki ok
Reitin pituus: 10
(4, 16)
(4, 15)
(5, 15)
(6, 15)
(7, 15)
(8, 15)
(9, 15)
(10, 15)
(10, 14)
(10, 13)
(11, 13)
kaikki ok
Reitin pituus: 2
(4, 13)
(3, 13)
(2, 13)
kaikki ok
Reitin pituus: 16
(2, 15)
(1, 15)
(1, 14)
(1, 13)
(2, 13)
(3, 13)
(4, 13)
(4, 12)
(4, 11)
(4, 10)
(4, 9)
(4, 8)
(4, 7)
(4, 6)
(4, 5)
(3, 5)
(2, 5)
kaikki ok
Reitin pituus: 14
(6, 12)
(6, 11)
(6, 10)
(6, 9)
(5, 9)
(4, 9)
(4, 8)
(4, 7)
(4, 6)
(4, 5)
(4, 4)
(4, 3)
(4, 2)
(4, 1)
(5, 1)
kaikki ok
Reitin pituus: 16
(12, 10)
(12, 11)
(12, 12)
(12, 13)
(11, 13)
(10, 13)
(10, 14)
(10, 15)
(11, 15)
(12, 15)
(12, 16)
(12, 17)
(11, 17)
(10, 17)
(10, 18)
(10, 19)
(11, 19)
kaikki ok
Reitin pituus: 21
(14, 19)
(13, 19)
(12, 19)
(11, 19)
(10, 19)
(9, 19)
(8, 19)
(8, 18)
(8, 17)
(7, 17)
(6, 17)
(6, 16)
(6, 15)
(7, 15)
(8, 15)
(8, 14)
(8, 13)
(7, 13)
(6, 13)
(6, 12)
(6, 11)
(6, 10)
kaikki ok
Reitin pituus: 22
(1, 18)
(1, 17)
(2, 17)
(3, 17)
(4, 17)
(4, 16)
(4, 15)
(4, 14)
(4, 13)
(5, 13)
(6, 13)
(6, 12)
(6, 11)
(6, 10)
(6, 9)
(6, 8)
(6, 7)
(7, 7)
(8, 7)
(8, 6)
(8, 5)
(7, 5)
(6, 5)
kaikki ok
Reitin pituus: 25
(3, 19)
(2, 19)
(1, 19)
(1, 18)
(1, 17)
(2, 17)
(3, 17)
(4, 17)
(4, 16)
(4, 15)
(4, 14)
(4, 13)
(4, 12)
(4, 11)
(4, 10)
(4, 9)
(5, 9)
(6, 9)
(6, 8)
(6, 7)
(7, 7)
(8, 7)
(9, 7)
(9, 8)
(9, 9)
(10, 9)
kaikki ok
Reitin pituus: 17
(10, 6)
(10, 7)
(9, 7)
(8, 7)
(7, 7)
(6, 7)
(6, 8)
(6, 9)
(6, 10)
(6, 11)
(6, 12)
(6, 13)
(7, 13)
(8, 13)
(8, 14)
(8, 15)
(7, 15)
(6, 15)
kaikki ok
Reitin pituus: 30
(1, 2)
(1, 3)
(1, 4)
(1, 5)
(2, 5)
(3, 5)
(4, 5)
(4, 6)
(4, 7)
(4, 8)
(4, 9)
(4, 10)
(4, 11)
(4, 12)
(4, 13)
(4, 14)
(4, 15)
(5, 15)
(6, 15)
(6, 16)
(6, 17)
(7, 17)
(8, 17)
(8, 18)
(8, 19)
(9, 19)
(10, 19)
(11, 19)
(12, 19)
(13, 19)
(14, 19)
kaikki ok
Reitin pituus: 14
(14, 1)
(14, 2)
(14, 3)
(14, 4)
(14, 5)
(14, 6)
(14, 7)
(14, 8)
(14, 9)
(14, 10)
(14, 11)
(14, 12)
(14, 13)
(15, 13)
(16, 13)
kaikki ok
Reitin pituus: 12
(11, 1)
(12, 1)
(13, 1)
(14, 1)
(14, 2)
(14, 3)
(14, 4)
(14, 5)
(14, 6)
(14, 7)
(14, 8)
(14, 9)
(13, 9)
kaikki ok
Reitin pituus: 5
(4, 3)
(4, 2)
(4, 1)
(3, 1)
(2, 1)
(1, 1)
kaikki ok
Reitin pituus: 26
(16, 19)
(15, 19)
(14, 19)
(13, 19)
(12, 19)
(11, 19)
(10, 19)
(9, 19)
(8, 19)
(8, 18)
(8, 17)
(7, 17)
(6, 17)
(6, 16)
(6, 15)
(5, 15)
(4, 15)
(4, 14)
(4, 13)
(4, 12)
(4, 11)
(4, 10)
(4, 9)
(4, 8)
(4, 7)
(4, 6)
(4, 5)
kaikki ok
Reitin pituus: 17
(4, 1)
(4, 2)
(4, 3)
(4, 4)
(4, 5)
(4, 6)
(4, 7)
(4, 8)
(4, 9)
(4, 10)
(4, 11)
(4, 12)
(4, 13)
(4, 14)
(4, 15)
(5, 15)
(6, 15)
(7, 15)
kaikki ok
Reitin pituus: 11
(15, 1)
(14, 1)
(13, 1)
(12, 1)
(11, 1)
(10, 1)
(10, 2)
(10, 3)
(9, 3)
(8, 3)
(8, 2)
(8, 1)
kaikki ok
Reitin pituus: 16
(6, 3)
(5, 3)
(4, 3)
(4, 4)
(4, 5)
(4, 6)
(4, 7)
(4, 8)
(4, 9)
(4, 10)
(4, 11)
(4, 12)
(4, 13)
(4, 14)
(4, 15)
(5, 15)
(6, 15)
kaikki ok
Reitin pituus: 4
(11, 7)
(10, 7)
(9, 7)
(8, 7)
(8, 6)
kaikki ok
Reitin pituus: 14
(11, 3)
(12, 3)
(12, 4)
(12, 5)
(11, 5)
(10, 5)
(10, 6)
(10, 7)
(11, 7)
(12, 7)
(12, 8)
(12, 9)
(12, 10)
(12, 11)
(11, 11)
kaikki ok
Reitin pituus: 16
(11, 11)
(12, 11)
(12, 10)
(12, 9)
(13, 9)
(14, 9)
(14, 8)
(14, 7)
(14, 6)
(14, 5)
(15, 5)
(16, 5)
(17, 5)
(17, 4)
(17, 3)
(17, 2)
(17, 1)
kaikki ok
Reitin pituus: 4
(10, 3)
(11, 3)
(12, 3)
(12, 4)
(12, 5)
kaikki ok
Reitin pituus: 13
(5, 3)
(6, 3)
(7, 3)
(8, 3)
(9, 3)
(10, 3)
(11, 3)
(12, 3)
(13, 3)
(14, 3)
(14, 4)
(14, 5)
(15, 5)
(16, 5)
kaikki ok
Reitin pituus: 14
(4, 15)
(4, 14)
(4, 13)
(4, 12)
(4, 11)
(4, 10)
(4, 9)
(5, 9)
(6, 9)
(6, 8)
(6, 7)
(7, 7)
(8, 7)
(9, 7)
(9, 8)
kaikki ok
Reitin pituus: 9
(6, 10)
(6, 11)
(6, 12)
(6, 13)
(5, 13)
(4, 13)
(3, 13)
(2, 13)
(1, 13)
(1, 14)
kaikki ok
Reitin pituus: 12
(9, 7)
(10, 7)
(10, 6)
(10, 5)
(11, 5)
(12, 5)
(12, 4)
(12, 3)
(13, 3)
(14, 3)
(14, 4)
(14, 5)
(15, 5)
kaikki ok
Reitin pituus: 19
(17, 4)
(17, 5)
(16, 5)
(15, 5)
(14, 5)
(14, 6)
(14, 7)
(14, 8)
(14, 9)
(13, 9)
(12, 9)
(12, 10)
(12, 11)
(11, 11)
(10, 11)
(9, 11)
(8, 11)
(7, 11)
(6, 11)
(6, 12)
kaikki ok
Reitin pituus: 14
(2, 13)
(3, 13)
(4, 13)
(5, 13)
(6, 13)
(6, 12)
(6, 11)
(6, 10)
(6, 9)
(6, 8)
(6, 7)
(7, 7)
(8, 7)
(8, 6)
(8, 5)
kaikki ok
Reitin pituus: 22
(14, 16)
(14, 15)
(14, 14)
(14, 13)
(13, 13)
(12, 13)
(12, 12)
(12, 11)
(12, 10)
(12, 9)
(12, 8)
(12, 7)
(11, 7)
(10, 7)
(9, 7)
(8, 7)
(8, 6)
(8, 5)
(7, 5)
(6, 5)
(6, 4)
(6, 3)
(5, 3)
kaikki ok
Reitin pituus: 15
(2, 1)
(3, 1)
(4, 1)
(4, 2)
(4, 3)
(5, 3)
(6, 3)
(6, 4)
(6, 5)
(7, 5)
(8, 5)
(8, 6)
(8, 7)
(9, 7)
(9, 8)
(9, 9)
kaikki ok
Reitin pituus: 7
(7, 11)
(6, 11)
(6, 12)
(6, 13)
(7, 13)
(8, 13)
(8, 14)
(8, 15)
kaikki ok
Reitin pituus: 12
(4, 4)
(4, 5)
(4, 6)
(4, 7)
(4, 8)
(4, 9)
(4, 10)
(4, 11)
(4, 12)
(4, 13)
(3, 13)
(2, 13)
(1, 13)
kaikki ok
Reitin pituus: 21
(1, 15)
(1, 14)
(1, 13)
(2, 13)
(3, 13)
(4, 13)
(5, 13)
(6, 13)
(6, 12)
(6, 11)
(6, 10)
(6, 9)
(6, 8)
(6, 7)
(7, 7)
(8, 7)
(9, 7)
(10, 7)
(10, 6)
(10, 5)
(11, 5)
(12, 5)
kaikki ok
Reitin pituus: 10
(6, 12)
(6, 11)
(7, 11)
(8, 11)
(9, 11)
(10, 11)
(11, 11)
(12, 11)
(12, 10)
(12, 9)
(12, 8)
kaikki ok
Reitin pituus: 9
(12, 8)
(12, 7)
(11, 7)
(10, 7)
(10, 6)
(10, 5)
(11, 5)
(12, 5)
(12, 4)
(12, 3)
kaikki ok
Reitin pituus: 11
(8, 5)
(7, 5)
(6, 5)
(6, 4)
(6, 3)
(5, 3)
(4, 3)
(4, 4)
(4, 5)
(3, 5)
(2, 5)
(1, 5)
kaikki ok
Reitin pituus: 10
(10, 11)
(11, 11)
(12, 11)
(12, 10)
(12, 9)
(13, 9)
(14, 9)
(14, 8)
(14, 7)
(14, 6)
(14, 5)
kaikki ok
Reitin pituus: 21
(4, 8)
(4, 9)
(5, 9)
(6, 9)
(6, 10)
(6, 11)
(7, 11)
(8, 11)
(9, 11)
(10, 11)
(11, 11)
(12, 11)
(12, 12)
(12, 13)
(13, 13)
(14, 13)
(15, 13)
(16, 13)
(17, 13)
(17, 14)
(17, 15)
(16, 15)
kaikki ok
Reitin pituus: 21
(17, 2)
(17, 3)
(16, 3)
(15, 3)
(14, 3)
(13, 3)
(12, 3)
(12, 4)
(12, 5)
(11, 5)
(10, 5)
(10, 6)
(10, 7)
(9, 7)
(8, 7)
(7, 7)
(6, 7)
(6, 8)
(6, 9)
(6, 10)
(6, 11)
(6, 12)
kaikki ok
Reitin pituus: 8
(7, 13)
(6, 13)
(6, 12)
(6, 11)
(6, 10)
(6, 9)
(5, 9)
(4, 9)
(4, 8)
kaikki ok
Reitin pituus: 14
(12, 9)
(13, 9)
(14, 9)
(14, 10)
(14, 11)
(14, 12)
(14, 13)
(14, 14)
(14, 15)
(14, 16)
(14, 17)
(15, 17)
(16, 17)
(17, 17)
(17, 18)
kaikki ok
Reitin pituus: 16
(11, 13)
(12, 13)
(13, 13)
(14, 13)
(14, 12)
(14, 11)
(14, 10)
(14, 9)
(14, 8)
(14, 7)
(14, 6)
(14, 5)
(14, 4)
(14, 3)
(15, 3)
(16, 3)
(17, 3)
kaikki ok
Reitin pituus: 4
(11, 15)
(12, 15)
(13, 15)
(14, 15)
(14, 16)
kaikki ok
Reitin pituus: 5
(14, 7)
(14, 6)
(14, 5)
(14, 4)
(14, 3)
(13, 3)
kaikki ok
Reitin pituus: 2
(12, 4)
(12, 3)
(13, 3)
kaikki ok
Reitin pituus: 12
(10, 11)
(9, 11)
(8, 11)
(7, 11)
(6, 11)
(6, 12)
(6, 13)
(7, 13)
(8, 13)
(8, 14)
(8, 15)
(7, 15)
(6, 15)
kaikki ok
Reitin pituus: 12
(12, 9)
(13, 9)
(14, 9)
(14, 8)
(14, 7)
(14, 6)
(14, 5)
(15, 5)
(16, 5)
(17, 5)
(17, 4)
(17, 3)
(17, 2)
kaikki ok
Reitin pituus: 16
(2, 1)
(3, 1)
(4, 1)
(4, 2)
(4, 3)
(5, 3)
(6, 3)
(6, 4)
(6, 5)
(7, 5)
(8, 5)
(8, 6)
(8, 7)
(9, 7)
(10, 7)
(10, 6)
(10, 5)
kaikki ok
Reitin pituus: 18
(14, 17)
(14, 16)
(14, 15)
(13, 15)
(12, 15)
(11, 15)
(10, 15)
(9, 15)
(8, 15)
(8, 14)
(8, 13)
(7, 13)
(6, 13)
(5, 13)
(4, 13)
(3, 13)
(2, 13)
(1, 13)
(1, 14)
kaikki ok
Reitin pituus: 1
(16, 5)
(15, 5)
kaikki ok
Reitin pituus: 3
(3, 3)
(4, 3)
(4, 2)
(4, 1)
kaikki ok
Reitin pituus: 21
(11, 15)
(10, 15)
(9, 15)
(8, 15)
(8, 14)
(8, 13)
(7, 13)
(6, 13)
(6, 12)
(6, 11)
(6, 10)
(6, 9)
(5, 9)
(4, 9)
(4, 8)
(4, 7)
(4, 6)
(4, 5)
(4, 4)
(4, 3)
(4, 2)
(4, 1)
kaikki ok
Reitin pituus: 15
(17, 3)
(16, 3)
(15, 3)
(14, 3)
(14, 4)
(14, 5)
(14, 6)
(14, 7)
(14, 8)
(14, 9)
(14, 10)
(14, 11)
(14, 12)
(14, 13)
(15, 13)
(16, 13)
kaikki ok
Reitin pituus: 11
(5, 15)
(6, 15)
(6, 16)
(6, 17)
(7, 17)
(8, 17)
(8, 18)
(8, 19)
(7, 19)
(6, 19)
(5, 19)
(4, 19)
kaikki ok
Reitin pituus: 12
(10, 13)
(11, 13)
(12, 13)
(13, 13)
(14, 13)
(14, 14)
(14, 15)
(14, 16)
(14, 17)
(15, 17)
(16, 17)
(17, 17)
(17, 18)
kaikki ok
Reitin pituus: 19
(8, 15)
(8, 14)
(8, 13)
(7, 13)
(6, 13)
(6, 12)
(6, 11)
(6, 10)
(6, 9)
(5, 9)
(4, 9)
(4, 8)
(4, 7)
(4, 6)
(4, 5)
(4, 4)
(4, 3)
(4, 2)
(4, 1)
(3, 1)
kaikki ok
Reitin pituus: 19
(6, 8)
(6, 9)
(6, 10)
(6, 11)
(7, 11)
(8, 11)
(9, 11)
(10, 11)
(11, 11)
(12, 11)
(12, 12)
(12, 13)
(13, 13)
(14, 13)
(14, 14)
(14, 15)
(14, 16)
(14, 17)
(15, 17)
(16, 17)
kaikki ok
Reitin pituus: 6
(10, 2)
(10, 3)
(11, 3)
(12, 3)
(12, 4)
(12, 5)
(11, 5)
kaikki ok
Reitin pituus: 1
(5, 13)
(4, 13)
kaikki ok
Reitin pituus: 18
(6, 3)
(5, 3)
(4, 3)
(4, 4)
(4, 5)
(4, 6)
(4, 7)
(4, 8)
(4, 9)
(4, 10)
(4, 11)
(4, 12)
(4, 13)
(4, 14)
(4, 15)
(5, 15)
(6, 15)
(7, 15)
(8, 15)
kaikki ok
Reitin pituus: 15
(12, 8)
(12, 7)
(11, 7)
(10, 7)
(9, 7)
(8, 7)
(8, 6)
(8, 5)
(7, 5)
(6, 5)
(6, 4)
(6, 3)
(5, 3)
(4, 3)
(4, 2)
(4, 1)
kaikki ok
Reitin pituus: 16
(4, 3)
(5, 3)
(6, 3)
(7, 3)
(8, 3)
(9, 3)
(10, 3)
(11, 3)
(12, 3)
(13, 3)
(14, 3)
(14, 4)
(14, 5)
(14, 6)
(14, 7)
(14, 8)
(14, 9)
kaikki ok
Reitin pituus: 14
(4, 9)
(4, 10)
(4, 11)
(4, 12)
(4, 13)
(4, 14)
(4, 15)
(5, 15)
(6, 15)
(7, 15)
(8, 15)
(9, 15)
(10, 15)
(11, 15)
(12, 15)
kaikki ok
Reitin pituus: 11
(13, 13)
(12, 13)
(12, 12)
(12, 11)
(12, 10)
(12, 9)
(12, 8)
(12, 7)
(11, 7)
(10, 7)
(9, 7)
(8, 7)
kaikki ok
Reitin pituus: 14
(4, 12)
(4, 11)
(4, 10)
(4, 9)
(4, 8)
(4, 7)
(4, 6)
(4, 5)
(4, 4)
(4, 3)
(4, 2)
(4, 1)
(5, 1)
(6, 1)
(7, 1)
kaikki ok
Reitin pituus: 7
(3, 13)
(4, 13)
(5, 13)
(6, 13)
(6, 12)
(6, 11)
(6, 10)
(6, 9)
kaikki ok
Reitin pituus: 4
(14, 11)
(14, 12)
(14, 13)
(13, 13)
(12, 13)
kaikki ok
Reitin pituus: 12
(14, 11)
(14, 10)
(14, 9)
(13, 9)
(12, 9)
(12, 8)
(12, 7)
(11, 7)
(10, 7)
(9, 7)
(9, 8)
(9, 9)
(8, 9)
kaikki ok
Reitin pituus: 2
(7, 3)
(6, 3)
(6, 4)
kaikki ok
Reitin pituus: 14
(9, 8)
(9, 7)
(8, 7)
(7, 7)
(6, 7)
(6, 8)
(6, 9)
(5, 9)
(4, 9)
(4, 10)
(4, 11)
(4, 12)
(4, 13)
(4, 14)
(4, 15)
kaikki ok
Reitin pituus: 26
(10, 17)
(11, 17)
(12, 17)
(12, 16)
(12, 15)
(13, 15)
(14, 15)
(14, 14)
(14, 13)
(14, 12)
(14, 11)
(14, 10)
(14, 9)
(14, 8)
(14, 7)
(14, 6)
(14, 5)
(14, 4)
(14, 3)
(13, 3)
(12, 3)
(11, 3)
(10, 3)
(9, 3)
(8, 3)
(8, 2)
(8, 1)
kaikki ok
Reitin pituus: 13
(4, 15)
(4, 14)
(4, 13)
(4, 12)
(4, 11)
(4, 10)
(4, 9)
(4, 8)
(4, 7)
(4, 6)
(4, 5)
(4, 4)
(4, 3)
(3, 3)
kaikki ok
Reitin pituus: 16
(2, 16)
(2, 17)
(1, 17)
(1, 18)
(1, 19)
(2, 19)
(3, 19)
(4, 19)
(5, 19)
(6, 19)
(7, 19)
(8, 19)
(9, 19)
(10, 19)
(11, 19)
(12, 19)
(13, 19)
kaikki ok
Reitin pituus: 6
(11, 13)
(12, 13)
(13, 13)
(14, 13)
(14, 14)
(14, 15)
(14, 16)
kaikki ok
Reitin pituus: 21
(17, 15)
(16, 15)
(16, 16)
(16, 17)
(17, 17)
(17, 18)
(17, 19)
(16, 19)
(15, 19)
(14, 19)
(13, 19)
(12, 19)
(11, 19)
(10, 19)
(9, 19)
(8, 19)
(7, 19)
(6, 19)
(5, 19)
(4, 19)
(3, 19)
(2, 19)
kaikki ok
Reitin pituus: 14
(14, 4)
(14, 3)
(13, 3)
(12, 3)
(12, 4)
(12, 5)
(11, 5)
(10, 5)
(10, 6)
(10, 7)
(9, 7)
(8, 7)
(7, 7)
(6, 7)
(6, 8)
kaikki ok
Reitin pituus: 12
(12, 17)
(11, 17)
(10, 17)
(10, 18)
(10, 19)
(9, 19)
(8, 19)
(7, 19)
(6, 19)
(5, 19)
(4, 19)
(3, 19)
(2, 19)
kaikki ok
Reitin pituus: 11
(14, 14)
(14, 15)
(13, 15)
(12, 15)
(11, 15)
(10, 15)
(9, 15)
(8, 15)
(7, 15)
(6, 15)
(6, 16)
(6, 17)
kaikki ok
Reitin pituus: 12
(6, 9)
(5, 9)
(4, 9)
(4, 8)
(4, 7)
(4, 6)
(4, 5)
(4, 4)
(4, 3)
(4, 2)
(4, 1)
(3, 1)
(2, 1)
kaikki ok
Reitin pituus: 7
(14, 11)
(14, 12)
(14, 13)
(14, 14)
(14, 15)
(13, 15)
(12, 15)
(12, 16)
kaikki ok
Reitin pituus: 11
(4, 3)
(5, 3)
(6, 3)
(6, 4)
(6, 5)
(7, 5)
(8, 5)
(8, 6)
(8, 7)
(9, 7)
(10, 7)
(10, 6)
kaikki ok
Reitin pituus: 19
(14, 7)
(14, 8)
(14, 9)
(13, 9)
(12, 9)
(12, 10)
(12, 11)
(11, 11)
(10, 11)
(9, 11)
(8, 11)
(7, 11)
(6, 11)
(6, 12)
(6, 13)
(5, 13)
(4, 13)
(4, 14)
(4, 15)
(4, 16)
kaikki ok
Reitin pituus: 20
(17, 3)
(16, 3)
(15, 3)
(14, 3)
(13, 3)
(12, 3)
(12, 4)
(12, 5)
(11, 5)
(10, 5)
(10, 6)
(10, 7)
(9, 7)
(8, 7)
(7, 7)
(6, 7)
(6, 8)
(6, 9)
(6, 10)
(6, 11)
(6, 12)
kaikki ok
Reitin pituus: 16
(17, 4)
(17, 5)
(16, 5)
(15, 5)
(14, 5)
(14, 6)
(14, 7)
(14, 8)
(14, 9)
(14, 10)
(14, 11)
(14, 12)
(14, 13)
(14, 14)
(14, 15)
(14, 16)
(14, 17)
kaikki ok
Reitin pituus: 11
(17, 13)
(17, 14)
(17, 15)
(16, 15)
(16, 16)
(16, 17)
(17, 17)
(17, 18)
(17, 19)
(16, 19)
(15, 19)
(14, 19)
kaikki ok
Reitin pituus: 16
(2, 16)
(2, 17)
(3, 17)
(4, 17)
(4, 16)
(4, 15)
(5, 15)
(6, 15)
(7, 15)
(8, 15)
(9, 15)
(10, 15)
(10, 14)
(10, 13)
(11, 13)
(12, 13)
(12, 12)
kaikki ok
Reitin pituus: 9
(9, 8)
(9, 7)
(10, 7)
(11, 7)
(12, 7)
(12, 8)
(12, 9)
(12, 10)
(12, 11)
(12, 12)
kaikki ok
Reitin pituus: 12
(6, 13)
(7, 13)
(8, 13)
(8, 14)
(8, 15)
(9, 15)
(10, 15)
(11, 15)
(12, 15)
(13, 15)
(14, 15)
(14, 16)
(14, 17)
kaikki ok
Reitin pituus: 20
(8, 15)
(8, 14)
(8, 13)
(7, 13)
(6, 13)
(6, 12)
(6, 11)
(6, 10)
(6, 9)
(5, 9)
(4, 9)
(4, 8)
(4, 7)
(4, 6)
(4, 5)
(4, 4)
(4, 3)
(4, 2)
(4, 1)
(5, 1)
(6, 1)
kaikki ok
Reitin pituus: 19
(11, 1)
(12, 1)
(13, 1)
(14, 1)
(14, 2)
(14, 3)
(14, 4)
(14, 5)
(14, 6)
(14, 7)
(14, 8)
(14, 9)
(14, 10)
(14, 11)
(14, 12)
(14, 13)
(14, 14)
(14, 15)
(13, 15)
(12, 15)
kaikki ok
Reitin pituus: 16
(15, 13)
(14, 13)
(13, 13)
(12, 13)
(12, 12)
(12, 11)
(11, 11)
(10, 11)
(9, 11)
(8, 11)
(7, 11)
(6, 11)
(6, 10)
(6, 9)
(5, 9)
(4, 9)
(4, 8)
kaikki ok
Reitin pituus: 22
(2, 3)
(3, 3)
(4, 3)
(4, 4)
(4, 5)
(4, 6)
(4, 7)
(4, 8)
(4, 9)
(5, 9)
(6, 9)
(6, 10)
(6, 11)
(6, 12)
(6, 13)
(7, 13)
(8, 13)
(8, 14)
(8, 15)
(9, 15)
(10, 15)
(11, 15)
(12, 15)
kaikki ok
Reitin pituus: 7
(14, 4)
(14, 3)
(13, 3)
(12, 3)
(11, 3)
(10, 3)
(9, 3)
(8, 3)
kaikki ok
Reitin pituus: 20
(11, 15)
(10, 15)
(9, 15)
(8, 15)
(8, 14)
(8, 13)
(7, 13)
(6, 13)
(6, 12)
(6, 11)
(6, 10)
(6, 9)
(5, 9)
(4, 9)
(4, 8)
(4, 7)
(4, 6)
(4, 5)
(4, 4)
(4, 3)
(5, 3)
kaikki ok
Reitin pituus: 8
(16, 16)
(16, 17)
(15, 17)
(14, 17)
(14, 16)
(14, 15)
(13, 15)
(12, 15)
(12, 16)
kaikki ok
Reitin pituus: 2
(6, 13)
(5, 13)
(4, 13)
kaikki ok
Reitin pituus: 11
(11, 19)
(10, 19)
(9, 19)
(8, 19)
(7, 19)
(6, 19)
(5, 19)
(4, 19)
(3, 19)
(2, 19)
(1, 19)
(1, 18)
kaikki ok
Reitin pituus: 13
(17, 2)
(17, 3)
(17, 4)
(17, 5)
(16, 5)
(15, 5)
(14, 5)
(14, 6)
(14, 7)
(14, 8)
(14, 9)
(14, 10)
(14, 11)
(14, 12)
kaikki ok
Reitin pituus: 21
(16, 5)
(15, 5)
(14, 5)
(14, 6)
(14, 7)
(14, 8)
(14, 9)
(13, 9)
(12, 9)
(12, 10)
(12, 11)
(12, 12)
(12, 13)
(11, 13)
(10, 13)
(10, 14)
(10, 15)
(9, 15)
(8, 15)
(7, 15)
(6, 15)
(5, 15)
kaikki ok
Reitin pituus: 8
(4, 17)
(4, 16)
(4, 15)
(4, 14)
(4, 13)
(5, 13)
(6, 13)
(6, 12)
(6, 11)
kaikki ok
Reitin pituus: 18
(1, 17)
(2, 17)
(3, 17)
(4, 17)
(4, 16)
(4, 15)
(4, 14)
(4, 13)
(4, 12)
(4, 11)
(4, 10)
(4, 9)
(4, 8)
(4, 7)
(4, 6)
(4, 5)
(4, 4)
(4, 3)
(3, 3)
kaikki ok
Reitin pituus: 7
(9, 8)
(9, 7)
(10, 7)
(10, 6)
(10, 5)
(11, 5)
(12, 5)
(12, 4)
kaikki ok
Reitin pituus: 7
(11, 1)
(10, 1)
(10, 2)
(10, 3)
(11, 3)
(12, 3)
(12, 4)
(12, 5)
kaikki ok
Reitin pituus: 4
(7, 7)
(8, 7)
(9, 7)
(10, 7)
(11, 7)
kaikki ok
Reitin pituus: 15
(4, 17)
(4, 16)
(4, 15)
(5, 15)
(6, 15)
(7, 15)
(8, 15)
(9, 15)
(10, 15)
(10, 14)
(10, 13)
(11, 13)
(12, 13)
(13, 13)
(14, 13)
(15, 13)
kaikki ok
Reitin pituus: 21
(10, 17)
(11, 17)
(12, 17)
(12, 16)
(12, 15)
(13, 15)
(14, 15)
(14, 14)
(14, 13)
(14, 12)
(14, 11)
(14, 10)
(14, 9)
(14, 8)
(14, 7)
(14, 6)
(14, 5)
(14, 4)
(14, 3)
(13, 3)
(12, 3)
(11, 3)
kaikki ok
Reitin pituus: 3
(2, 3)
(1, 3)
(1, 4)
(1, 5)
kaikki ok
Reitin pituus: 28
(1, 1)
(1, 2)
(1, 3)
(1, 4)
(1, 5)
(2, 5)
(3, 5)
(4, 5)
(4, 6)
(4, 7)
(4, 8)
(4, 9)
(4, 10)
(4, 11)
(4, 12)
(4, 13)
(4, 14)
(4, 15)
(4, 16)
(4, 17)
(3, 17)
(2, 17)
(1, 17)
(1, 18)
(1, 19)
(2, 19)
(3, 19)
(4, 19)
(5, 19)
kaikki ok
Reitin pituus: 19
(15, 5)
(14, 5)
(14, 6)
(14, 7)
(14, 8)
(14, 9)
(13, 9)
(12, 9)
(12, 10)
(12, 11)
(11, 11)
(10, 11)
(9, 11)
(8, 11)
(7, 11)
(6, 11)
(6, 12)
(6, 13)
(5, 13)
(4, 13)
kaikki ok
Reitin pituus: 14
(11, 7)
(10, 7)
(10, 6)
(10, 5)
(11, 5)
(12, 5)
(12, 4)
(12, 3)
(13, 3)
(14, 3)
(15, 3)
(16, 3)
(17, 3)
(17, 2)
(17, 1)
kaikki ok
Reitin pituus: 22
(2, 15)
(1, 15)
(1, 14)
(1, 13)
(2, 13)
(3, 13)
(4, 13)
(4, 12)
(4, 11)
(4, 10)
(4, 9)
(4, 8)
(4, 7)
(4, 6)
(4, 5)
(4, 4)
(4, 3)
(5, 3)
(6, 3)
(7, 3)
(8, 3)
(9, 3)
(10, 3)
kaikki ok
Reitin pituus: 20
(16, 15)
(16, 16)
(16, 17)
(15, 17)
(14, 17)
(14, 16)
(14, 15)
(13, 15)
(12, 15)
(11, 15)
(10, 15)
(9, 15)
(8, 15)
(7, 15)
(6, 15)
(5, 15)
(4, 15)
(4, 16)
(4, 17)
(3, 17)
(2, 17)
kaikki ok
Reitin pituus: 7
(13, 3)
(12, 3)
(11, 3)
(10, 3)
(9, 3)
(8, 3)
(7, 3)
(6, 3)
kaikki ok
Reitin pituus: 12
(17, 15)
(16, 15)
(16, 16)
(16, 17)
(17, 17)
(17, 18)
(17, 19)
(16, 19)
(15, 19)
(14, 19)
(13, 19)
(12, 19)
(11, 19)
kaikki ok
Reitin pituus: 11
(4, 3)
(5, 3)
(6, 3)
(6, 4)
(6, 5)
(7, 5)
(8, 5)
(8, 6)
(8, 7)
(9, 7)
(10, 7)
(10, 6)
kaikki ok
Reitin pituus: 16
(4, 19)
(3, 19)
(2, 19)
(1, 19)
(1, 18)
(1, 17)
(2, 17)
(3, 17)
(4, 17)
(4, 16)
(4, 15)
(4, 14)
(4, 13)
(5, 13)
(6, 13)
(6, 12)
(6, 11)
kaikki ok
Reitin pituus: 13
(10, 7)
(11, 7)
(12, 7)
(12, 8)
(12, 9)
(13, 9)
(14, 9)
(14, 10)
(14, 11)
(14, 12)
(14, 13)
(14, 14)
(14, 15)
(14, 16)
kaikki ok
Reitin pituus: 23
(4, 19)
(5, 19)
(6, 19)
(7, 19)
(8, 19)
(9, 19)
(10, 19)
(10, 18)
(10, 17)
(11, 17)
(12, 17)
(12, 16)
(12, 15)
(11, 15)
(10, 15)
(10, 14)
(10, 13)
(11, 13)
(12, 13)
(12, 12)
(12, 11)
(12, 10)
(12, 9)
(12, 8)
kaikki ok
Reitin pituus: 17
(17, 4)
(17, 5)
(16, 5)
(15, 5)
(14, 5)
(14, 6)
(14, 7)
(14, 8)
(14, 9)
(14, 10)
(14, 11)
(14, 12)
(14, 13)
(14, 14)
(14, 15)
(13, 15)
(12, 15)
(12, 16)
kaikki ok
Reitin pituus: 11
(16, 13)
(17, 13)
(17, 14)
(17, 15)
(16, 15)
(16, 16)
(16, 17)
(17, 17)
(17, 18)
(17, 19)
(16, 19)
(15, 19)
kaikki ok
Reitin pituus: 7
(2, 19)
(1, 19)
(1, 18)
(1, 17)
(2, 17)
(3, 17)
(4, 17)
(4, 16)
kaikki ok
Reitin pituus: 19
(12, 11)
(11, 11)
(10, 11)
(9, 11)
(8, 11)
(7, 11)
(6, 11)
(6, 10)
(6, 9)
(5, 9)
(4, 9)
(4, 8)
(4, 7)
(4, 6)
(4, 5)
(4, 4)
(4, 3)
(4, 2)
(4, 1)
(3, 1)
kaikki ok
Reitin pituus: 22
(17, 5)
(16, 5)
(15, 5)
(14, 5)
(14, 6)
(14, 7)
(14, 8)
(14, 9)
(14, 10)
(14, 11)
(14, 12)
(14, 13)
(14, 14)
(14, 15)
(14, 16)
(14, 17)
(15, 17)
(16, 17)
(17, 17)
(17, 18)
(17, 19)
(16, 19)
(15, 19)
kaikki ok
Reitin pituus: 14
(11, 1)
(12, 1)
(13, 1)
(14, 1)
(14, 2)
(14, 3)
(14, 4)
(14, 5)
(14, 6)
(14, 7)
(14, 8)
(14, 9)
(14, 10)
(14, 11)
(14, 12)
kaikki ok
Reitin pituus: 24
(4, 2)
(4, 3)
(4, 4)
(4, 5)
(4, 6)
(4, 7)
(4, 8)
(4, 9)
(4, 10)
(4, 11)
(4, 12)
(4, 13)
(4, 14)
(4, 15)
(5, 15)
(6, 15)
(6, 16)
(6, 17)
(7, 17)
(8, 17)
(8, 18)
(8, 19)
(9, 19)
(10, 19)
(11, 19)
kaikki ok
Reitin pituus: 15
(4, 14)
(4, 13)
(4, 12)
(4, 11)
(4, 10)
(4, 9)
(4, 8)
(4, 7)
(4, 6)
(4, 5)
(4, 4)
(4, 3)
(5, 3)
(6, 3)
(6, 4)
(6, 5)
kaikki ok
Reitin pituus: 17
(17, 2)
(17, 3)
(16, 3)
(15, 3)
(14, 3)
(13, 3)
(12, 3)
(11, 3)
(10, 3)
(9, 3)
(8, 3)
(7, 3)
(6, 3)
(5, 3)
(4, 3)
(4, 4)
(4, 5)
(3, 5)
kaikki ok
Reitin pituus: 20
(14, 1)
(14, 2)
(14, 3)
(13, 3)
(12, 3)
(12, 4)
(12, 5)
(11, 5)
(10, 5)
(10, 6)
(10, 7)
(9, 7)
(8, 7)
(7, 7)
(6, 7)
(6, 8)
(6, 9)
(6, 10)
(6, 11)
(6, 12)
(6, 13)
kaikki ok
Reitin pituus: 16
(17, 15)
(17, 14)
(17, 13)
(16, 13)
(15, 13)
(14, 13)
(14, 12)
(14, 11)
(14, 10)
(14, 9)
(14, 8)
(14, 7)
(14, 6)
(14, 5)
(14, 4)
(14, 3)
(13, 3)
kaikki ok
Reitin pituus: 13
(9, 19)
(10, 19)
(10, 18)
(10, 17)
(11, 17)
(12, 17)
(12, 16)
(12, 15)
(13, 15)
(14, 15)
(14, 14)
(14, 13)
(15, 13)
(16, 13)
kaikki ok
Reitin pituus: 12
(4, 4)
(4, 5)
(4, 6)
(4, 7)
(4, 8)
(4, 9)
(5, 9)
(6, 9)
(6, 10)
(6, 11)
(6, 12)
(6, 13)
(7, 13)
kaikki ok
Reitin pituus: 14
(13, 9)
(12, 9)
(12, 10)
(12, 11)
(11, 11)
(10, 11)
(9, 11)
(8, 11)
(7, 11)
(6, 11)
(6, 12)
(6, 13)
(5, 13)
(4, 13)
(4, 14)
kaikki ok
Reitin pituus: 10
(9, 11)
(8, 11)
(7, 11)
(6, 11)
(6, 12)
(6, 13)
(5, 13)
(4, 13)
(4, 14)
(4, 15)
(4, 16)
kaikki ok
Reitin pituus: 11
(6, 15)
(5, 15)
(4, 15)
(4, 14)
(4, 13)
(5, 13)
(6, 13)
(6, 12)
(6, 11)
(7, 11)
(8, 11)
(9, 11)
kaikki ok
Reitin pituus: 17
(4, 19)
(5, 19)
(6, 19)
(7, 19)
(8, 19)
(9, 19)
(10, 19)
(11, 19)
(12, 19)
(13, 19)
(14, 19)
(15, 19)
(16, 19)
(17, 19)
(17, 18)
(17, 17)
(16, 17)
(16, 16)
kaikki ok
Reitin pituus: 11
(17, 17)
(16, 17)
(15, 17)
(14, 17)
(14, 16)
(14, 15)
(14, 14)
(14, 13)
(13, 13)
(12, 13)
(12, 12)
(12, 11)
kaikki ok
Reitin pituus: 26
(16, 1)
(15, 1)
(14, 1)
(14, 2)
(14, 3)
(13, 3)
(12, 3)
(12, 4)
(12, 5)
(11, 5)
(10, 5)
(10, 6)
(10, 7)
(9, 7)
(8, 7)
(7, 7)
(6, 7)
(6, 8)
(6, 9)
(6, 10)
(6, 11)
(6, 12)
(6, 13)
(5, 13)
(4, 13)
(4, 14)
(4, 15)
kaikki ok
Reitin pituus: 5
(4, 9)
(5, 9)
(6, 9)
(6, 10)
(6, 11)
(7, 11)
kaikki ok
Reitin pituus: 10
(14, 13)
(14, 14)
(14, 15)
(13, 15)
(12, 15)
(11, 15)
(10, 15)
(9, 15)
(8, 15)
(8, 14)
(8, 13)
kaikki ok
Reitin pituus: 20
(10, 2)
(10, 3)
(9, 3)
(8, 3)
(7, 3)
(6, 3)
(5, 3)
(4, 3)
(4, 4)
(4, 5)
(4, 6)
(4, 7)
(4, 8)
(4, 9)
(4, 10)
(4, 11)
(4, 12)
(4, 13)
(4, 14)
(4, 15)
(4, 16)
kaikki ok
Reitin pituus: 10
(1, 15)
(1, 14)
(1, 13)
(2, 13)
(3, 13)
(4, 13)
(4, 12)
(4, 11)
(4, 10)
(4, 9)
(5, 9)
kaikki ok
Reitin pituus: 10
(13, 1)
(14, 1)
(14, 2)
(14, 3)
(13, 3)
(12, 3)
(12, 4)
(12, 5)
(11, 5)
(10, 5)
(10, 6)
kaikki ok
Reitin pituus: 0
(17, 19)
kaikki ok
Reitin pituus: 17
(6, 1)
(5, 1)
(4, 1)
(4, 2)
(4, 3)
(4, 4)
(4, 5)
(4, 6)
(4, 7)
(4, 8)
(4, 9)
(4, 10)
(4, 11)
(4, 12)
(4, 13)
(4, 14)
(4, 15)
(4, 16)
kaikki ok
Reitin pituus: 12
(14, 16)
(14, 15)
(13, 15)
(12, 15)
(11, 15)
(10, 15)
(9, 15)
(8, 15)
(7, 15)
(6, 15)
(5, 15)
(4, 15)
(4, 16)
kaikki ok
Reitin pituus: 6
(14, 10)
(14, 11)
(14, 12)
(14, 13)
(13, 13)
(12, 13)
(11, 13)
kaikki ok
Reitin pituus: 5
(2, 5)
(3, 5)
(4, 5)
(4, 4)
(4, 3)
(5, 3)
kaikki ok
Reitin pituus: 19
(1, 15)
(1, 14)
(1, 13)
(2, 13)
(3, 13)
(4, 13)
(5, 13)
(6, 13)
(6, 12)
(6, 11)
(6, 10)
(6, 9)
(6, 8)
(6, 7)
(7, 7)
(8, 7)
(9, 7)
(9, 8)
(9, 9)
(8, 9)
kaikki ok
Reitin pituus: 13
(14, 4)
(14, 5)
(14, 6)
(14, 7)
(14, 8)
(14, 9)
(14, 10)
(14, 11)
(14, 12)
(14, 13)
(14, 14)
(14, 15)
(13, 15)
(12, 15)
kaikki ok
Reitin pituus: 20
(11, 5)
(10, 5)
(10, 6)
(10, 7)
(11, 7)
(12, 7)
(12, 8)
(12, 9)
(13, 9)
(14, 9)
(14, 10)
(14, 11)
(14, 12)
(14, 13)
(15, 13)
(16, 13)
(17, 13)
(17, 14)
(17, 15)
(16, 15)
(16, 16)
kaikki ok
Reitin pituus: 15
(6, 3)
(5, 3)
(4, 3)
(4, 4)
(4, 5)
(4, 6)
(4, 7)
(4, 8)
(4, 9)
(4, 10)
(4, 11)
(4, 12)
(4, 13)
(5, 13)
(6, 13)
(7, 13)
kaikki ok
Reitin pituus: 15
(14, 8)
(14, 7)
(14, 6)
(14, 5)
(14, 4)
(14, 3)
(13, 3)
(12, 3)
(11, 3)
(10, 3)
(9, 3)
(8, 3)
(7, 3)
(6, 3)
(5, 3)
(4, 3)
kaikki ok
Reitin pituus: 14
(9, 7)
(8, 7)
(7, 7)
(6, 7)
(6, 8)
(6, 9)
(6, 10)
(6, 11)
(6, 12)
(6, 13)
(7, 13)
(8, 13)
(8, 14)
(8, 15)
(7, 15)
kaikki ok
Reitin pituus: 11
(4, 4)
(4, 3)
(5, 3)
(6, 3)
(7, 3)
(8, 3)
(9, 3)
(10, 3)
(10, 2)
(10, 1)
(11, 1)
(12, 1)
kaikki ok
Reitin pituus: 21
(10, 2)
(10, 3)
(11, 3)
(12, 3)
(13, 3)
(14, 3)
(14, 4)
(14, 5)
(14, 6)
(14, 7)
(14, 8)
(14, 9)
(14, 10)
(14, 11)
(14, 12)
(14, 13)
(14, 14)
(14, 15)
(13, 15)
(12, 15)
(12, 16)
(12, 17)
kaikki ok
Reitin pituus: 17
(16, 16)
(16, 17)
(15, 17)
(14, 17)
(14, 16)
(14, 15)
(14, 14)
(14, 13)
(13, 13)
(12, 13)
(12, 12)
(12, 11)
(11, 11)
(10, 11)
(9, 11)
(8, 11)
(7, 11)
(6, 11)
kaikki ok
Reitin pituus: 7
(12, 11)
(12, 12)
(12, 13)
(11, 13)
(10, 13)
(10, 14)
(10, 15)
(11, 15)
kaikki ok
Reitin pituus: 16
(4, 3)
(4, 4)
(4, 5)
(4, 6)
(4, 7)
(4, 8)
(4, 9)
(4, 10)
(4, 11)
(4, 12)
(4, 13)
(4, 14)
(4, 15)
(5, 15)
(6, 15)
(6, 16)
(6, 17)
kaikki ok
Reitin pituus: 14
(12, 8)
(12, 9)
(12, 10)
(12, 11)
(11, 11)
(10, 11)
(9, 11)
(8, 11)
(7, 11)
(6, 11)
(6, 12)
(6, 13)
(5, 13)
(4, 13)
(4, 12)
kaikki ok
Reitin pituus: 11
(9, 11)
(10, 11)
(11, 11)
(12, 11)
(12, 12)
(12, 13)
(13, 13)
(14, 13)
(15, 13)
(16, 13)
(17, 13)
(17, 14)
kaikki ok
Reitin pituus: 18
(17, 19)
(17, 18)
(17, 17)
(16, 17)
(15, 17)
(14, 17)
(14, 16)
(14, 15)
(13, 15)
(12, 15)
(11, 15)
(10, 15)
(9, 15)
(8, 15)
(8, 14)
(8, 13)
(7, 13)
(6, 13)
(6, 12)
kaikki ok
Reitin pituus: 4
(10, 3)
(9, 3)
(8, 3)
(8, 2)
(8, 1)
kaikki ok
Reitin pituus: 14
(11, 3)
(10, 3)
(9, 3)
(8, 3)
(7, 3)
(6, 3)
(5, 3)
(4, 3)
(4, 4)
(4, 5)
(4, 6)
(4, 7)
(4, 8)
(4, 9)
(5, 9)
kaikki ok
Reitin pituus: 14
(12, 11)
(12, 12)
(12, 13)
(13, 13)
(14, 13)
(14, 14)
(14, 15)
(14, 16)
(14, 17)
(15, 17)
(16, 17)
(17, 17)
(17, 18)
(17, 19)
(16, 19)
kaikki ok
Reitin pituus: 16
(8, 2)
(8, 3)
(7, 3)
(6, 3)
(6, 4)
(6, 5)
(7, 5)
(8, 5)
(8, 6)
(8, 7)
(9, 7)
(10, 7)
(11, 7)
(12, 7)
(12, 8)
(12, 9)
(12, 10)
kaikki ok
Reitin pituus: 8
(8, 6)
(8, 7)
(7, 7)
(6, 7)
(6, 8)
(6, 9)
(6, 10)
(6, 11)
(7, 11)
kaikki ok
Reitin pituus: 22
(16, 19)
(17, 19)
(17, 18)
(17, 17)
(16, 17)
(15, 17)
(14, 17)
(14, 16)
(14, 15)
(14, 14)
(14, 13)
(13, 13)
(12, 13)
(12, 12)
(12, 11)
(12, 10)
(12, 9)
(12, 8)
(12, 7)
(11, 7)
(10, 7)
(10, 6)
(10, 5)
kaikki ok
Reitin pituus: 8
(12, 3)
(13, 3)
(14, 3)
(14, 4)
(14, 5)
(14, 6)
(14, 7)
(14, 8)
(14, 9)
kaikki ok
Reitin pituus: 19
(9, 11)
(10, 11)
(11, 11)
(12, 11)
(12, 12)
(12, 13)
(11, 13)
(10, 13)
(10, 14)
(10, 15)
(11, 15)
(12, 15)
(12, 16)
(12, 17)
(11, 17)
(10, 17)
(10, 18)
(10, 19)
(11, 19)
(12, 19)
kaikki ok
Reitin pituus: 9
(10, 9)
(9, 9)
(9, 8)
(9, 7)
(8, 7)
(7, 7)
(6, 7)
(6, 8)
(6, 9)
(6, 10)
kaikki ok
Reitin pituus: 12
(15, 5)
(14, 5)
(14, 6)
(14, 7)
(14, 8)
(14, 9)
(14, 10)
(14, 11)
(14, 12)
(14, 13)
(14, 14)
(14, 15)
(13, 15)
kaikki ok
Reitin pituus: 10
(13, 1)
(12, 1)
(11, 1)
(10, 1)
(10, 2)
(10, 3)
(9, 3)
(8, 3)
(8, 2)
(8, 1)
(7, 1)
kaikki ok
Reitin pituus: 24
(4, 7)
(4, 8)
(4, 9)
(5, 9)
(6, 9)
(6, 10)
(6, 11)
(7, 11)
(8, 11)
(9, 11)
(10, 11)
(11, 11)
(12, 11)
(12, 12)
(12, 13)
(13, 13)
(14, 13)
(14, 14)
(14, 15)
(14, 16)
(14, 17)
(15, 17)
(16, 17)
(17, 17)
(17, 18)
kaikki ok
Reitin pituus: 8
(12, 12)
(12, 11)
(12, 10)
(12, 9)
(12, 8)
(12, 7)
(11, 7)
(10, 7)
(10, 6)
kaikki ok
Reitin pituus: 9
(3, 19)
(2, 19)
(1, 19)
(1, 18)
(1, 17)
(2, 17)
(3, 17)
(4, 17)
(4, 16)
(4, 15)
kaikki ok
Reitin pituus: 5
(4, 6)
(4, 7)
(4, 8)
(4, 9)
(5, 9)
(6, 9)
kaikki ok
Reitin pituus: 7
(11, 1)
(10, 1)
(10, 2)
(10, 3)
(9, 3)
(8, 3)
(8, 2)
(8, 1)
kaikki ok
Reitin pituus: 16
(4, 9)
(4, 10)
(4, 11)
(4, 12)
(4, 13)
(4, 14)
(4, 15)
(4, 16)
(4, 17)
(3, 17)
(2, 17)
(1, 17)
(1, 18)
(1, 19)
(2, 19)
(3, 19)
(4, 19)
kaikki ok
Reitin pituus: 6
(8, 17)
(7, 17)
(6, 17)
(6, 16)
(6, 15)
(7, 15)
(8, 15)
kaikki ok
Reitin pituus: 15
(13, 9)
(12, 9)
(12, 10)
(12, 11)
(11, 11)
(10, 11)
(9, 11)
(8, 11)
(7, 11)
(6, 11)
(6, 12)
(6, 13)
(5, 13)
(4, 13)
(3, 13)
(2, 13)
kaikki ok
Reitin pituus: 24
(2, 16)
(2, 17)
(3, 17)
(4, 17)
(4, 16)
(4, 15)
(4, 14)
(4, 13)
(5, 13)
(6, 13)
(6, 12)
(6, 11)
(6, 10)
(6, 9)
(6, 8)
(6, 7)
(7, 7)
(8, 7)
(9, 7)
(10, 7)
(10, 6)
(10, 5)
(11, 5)
(12, 5)
(12, 4)
kaikki ok
Reitin pituus: 15
(14, 14)
(14, 13)
(13, 13)
(12, 13)
(12, 12)
(12, 11)
(12, 10)
(12, 9)
(12, 8)
(12, 7)
(11, 7)
(10, 7)
(9, 7)
(8, 7)
(8, 6)
(8, 5)
kaikki ok
Reitin pituus: 16
(12, 8)
(12, 7)
(11, 7)
(10, 7)
(9, 7)
(8, 7)
(8, 6)
(8, 5)
(7, 5)
(6, 5)
(6, 4)
(6, 3)
(5, 3)
(4, 3)
(3, 3)
(2, 3)
(1, 3)
kaikki ok
Reitin pituus: 15
(10, 9)
(9, 9)
(9, 8)
(9, 7)
(8, 7)
(8, 6)
(8, 5)
(7, 5)
(6, 5)
(6, 4)
(6, 3)
(7, 3)
(8, 3)
(8, 2)
(8, 1)
(7, 1)
kaikki ok
Reitin pituus: 7
(8, 17)
(7, 17)
(6, 17)
(6, 16)
(6, 15)
(7, 15)
(8, 15)
(9, 15)
kaikki ok
Reitin pituus: 16
(16, 13)
(15, 13)
(14, 13)
(14, 14)
(14, 15)
(13, 15)
(12, 15)
(11, 15)
(10, 15)
(9, 15)
(8, 15)
(7, 15)
(6, 15)
(5, 15)
(4, 15)
(4, 14)
(4, 13)
kaikki ok
Reitin pituus: 3
(2, 17)
(2, 16)
(2, 15)
(1, 15)
kaikki ok
Reitin pituus: 14
(1, 1)
(2, 1)
(3, 1)
(4, 1)
(5, 1)
(6, 1)
(7, 1)
(8, 1)
(8, 2)
(8, 3)
(9, 3)
(10, 3)
(10, 2)
(10, 1)
(11, 1)
kaikki ok
Reitin pituus: 21
(6, 7)
(6, 8)
(6, 9)
(6, 10)
(6, 11)
(6, 12)
(6, 13)
(7, 13)
(8, 13)
(8, 14)
(8, 15)
(9, 15)
(10, 15)
(11, 15)
(12, 15)
(12, 16)
(12, 17)
(11, 17)
(10, 17)
(10, 18)
(10, 19)
(11, 19)
kaikki ok
Reitin pituus: 8
(6, 16)
(6, 15)
(7, 15)
(8, 15)
(9, 15)
(10, 15)
(11, 15)
(12, 15)
(12, 16)
kaikki ok
Reitin pituus: 13
(1, 14)
(1, 13)
(2, 13)
(3, 13)
(4, 13)
(5, 13)
(6, 13)
(6, 12)
(6, 11)
(6, 10)
(6, 9)
(6, 8)
(6, 7)
(7, 7)
kaikki ok
Reitin pituus: 17
(6, 5)
(7, 5)
(8, 5)
(8, 6)
(8, 7)
(9, 7)
(10, 7)
(11, 7)
(12, 7)
(12, 8)
(12, 9)
(13, 9)
(14, 9)
(14, 10)
(14, 11)
(14, 12)
(14, 13)
(15, 13)
kaikki ok
Reitin pituus: 22
(1, 19)
(1, 18)
(1, 17)
(2, 17)
(3, 17)
(4, 17)
(4, 16)
(4, 15)
(4, 14)
(4, 13)
(5, 13)
(6, 13)
(6, 12)
(6, 11)
(6, 10)
(6, 9)
(6, 8)
(6, 7)
(7, 7)
(8, 7)
(9, 7)
(10, 7)
(11, 7)
kaikki ok
Reitin pituus: 5
(8, 18)
(8, 19)
(9, 19)
(10, 19)
(11, 19)
(12, 19)
kaikki ok
Reitin pituus: 23
(14, 15)
(13, 15)
(12, 15)
(11, 15)
(10, 15)
(9, 15)
(8, 15)
(7, 15)
(6, 15)
(5, 15)
(4, 15)
(4, 14)
(4, 13)
(4, 12)
(4, 11)
(4, 10)
(4, 9)
(4, 8)
(4, 7)
(4, 6)
(4, 5)
(3, 5)
(2, 5)
(1, 5)
kaikki ok
Reitin pituus: 12
(15, 3)
(14, 3)
(14, 4)
(14, 5)
(14, 6)
(14, 7)
(14, 8)
(14, 9)
(13, 9)
(12, 9)
(12, 10)
(12, 11)
(12, 12)
kaikki ok
Reitin pituus: 15
(8, 17)
(8, 18)
(8, 19)
(9, 19)
(10, 19)
(11, 19)
(12, 19)
(13, 19)
(14, 19)
(15, 19)
(16, 19)
(17, 19)
(17, 18)
(17, 17)
(16, 17)
(16, 16)
kaikki ok
Reitin pituus: 9
(10, 13)
(10, 14)
(10, 15)
(9, 15)
(8, 15)
(7, 15)
(6, 15)
(6, 16)
(6, 17)
(7, 17)
kaikki ok
Reitin pituus: 9
(4, 19)
(5, 19)
(6, 19)
(7, 19)
(8, 19)
(9, 19)
(10, 19)
(10, 18)
(10, 17)
(11, 17)
kaikki ok
Reitin pituus: 11
(7, 15)
(6, 15)
(5, 15)
(4, 15)
(4, 14)
(4, 13)
(4, 12)
(4, 11)
(4, 10)
(4, 9)
(4, 8)
(4, 7)
kaikki ok
Reitin pituus: 20
(4, 11)
(4, 12)
(4, 13)
(5, 13)
(6, 13)
(7, 13)
(8, 13)
(8, 14)
(8, 15)
(9, 15)
(10, 15)
(11, 15)
(12, 15)
(13, 15)
(14, 15)
(14, 16)
(14, 17)
(15, 17)
(16, 17)
(17, 17)
(17, 18)
kaikki ok
Reitin pituus: 21
(8, 3)
(9, 3)
(10, 3)
(11, 3)
(12, 3)
(13, 3)
(14, 3)
(14, 4)
(14, 5)
(14, 6)
(14, 7)
(14, 8)
(14, 9)
(14, 10)
(14, 11)
(14, 12)
(14, 13)
(14, 14)
(14, 15)
(13, 15)
(12, 15)
(12, 16)
kaikki ok
Reitin pituus: 28
(8, 3)
(9, 3)
(10, 3)
(11, 3)
(12, 3)
(13, 3)
(14, 3)
(14, 4)
(14, 5)
(14, 6)
(14, 7)
(14, 8)
(14, 9)
(14, 10)
(14, 11)
(14, 12)
(14, 13)
(14, 14)
(14, 15)
(13, 15)
(12, 15)
(12, 16)
(12, 17)
(11, 17)
(10, 17)
(10, 18)
(10, 19)
(11, 19)
(12, 19)
kaikki ok
Reitin pituus: 0
(12, 16)
kaikki ok
Reitin pituus: 22
(10, 19)
(10, 18)
(10, 17)
(11, 17)
(12, 17)
(12, 16)
(12, 15)
(13, 15)
(14, 15)
(14, 14)
(14, 13)
(14, 12)
(14, 11)
(14, 10)
(14, 9)
(13, 9)
(12, 9)
(12, 8)
(12, 7)
(11, 7)
(10, 7)
(10, 6)
(10, 5)
kaikki ok
Reitin pituus: 13
(14, 6)
(14, 7)
(14, 8)
(14, 9)
(14, 10)
(14, 11)
(14, 12)
(14, 13)
(14, 14)
(14, 15)
(13, 15)
(12, 15)
(12, 16)
(12, 17)
kaikki ok
Reitin pituus: 16
(11, 1)
(10, 1)
(10, 2)
(10, 3)
(9, 3)
(8, 3)
(7, 3)
(6, 3)
(5, 3)
(4, 3)
(4, 4)
(4, 5)
(4, 6)
(4, 7)
(4, 8)
(4, 9)
(4, 10)
kaikki ok
Reitin pituus: 22
(6, 8)
(6, 9)
(5, 9)
(4, 9)
(4, 10)
(4, 11)
(4, 12)
(4, 13)
(4, 14)
(4, 15)
(5, 15)
(6, 15)
(6, 16)
(6, 17)
(7, 17)
(8, 17)
(8, 18)
(8, 19)
(9, 19)
(10, 19)
(11, 19)
(12, 19)
(13, 19)
kaikki ok
Reitin pituus: 27
(2, 19)
(3, 19)
(4, 19)
(5, 19)
(6, 19)
(7, 19)
(8, 19)
(9, 19)
(10, 19)
(10, 18)
(10, 17)
(11, 17)
(12, 17)
(12, 16)
(12, 15)
(13, 15)
(14, 15)
(14, 14)
(14, 13)
(14, 12)
(14, 11)
(14, 10)
(14, 9)
(14, 8)
(14, 7)
(14, 6)
(14, 5)
(15, 5)
kaikki ok
Reitin pituus: 23
(4, 5)
(4, 6)
(4, 7)
(4, 8)
(4, 9)
(5, 9)
(6, 9)
(6, 10)
(6, 11)
(7, 11)
(8, 11)
(9, 11)
(10, 11)
(11, 11)
(12, 11)
(12, 12)
(12, 13)
(13, 13)
(14, 13)
(15, 13)
(16, 13)
(17, 13)
(17, 14)
(17, 15)
kaikki ok
Reitin pituus: 8
(14, 8)
(14, 9)
(13, 9)
(12, 9)
(12, 8)
(12, 7)
(11, 7)
(10, 7)
(9, 7)
kaikki ok
Reitin pituus: 1
(3, 17)
(2, 17)
kaikki ok
Reitin pituus: 11
(7, 13)
(8, 13)
(8, 14)
(8, 15)
(9, 15)
(10, 15)
(11, 15)
(12, 15)
(13, 15)
(14, 15)
(14, 16)
(14, 17)
kaikki ok
Reitin pituus: 23
(8, 1)
(8, 2)
(8, 3)
(9, 3)
(10, 3)
(11, 3)
(12, 3)
(13, 3)
(14, 3)
(14, 4)
(14, 5)
(14, 6)
(14, 7)
(14, 8)
(14, 9)
(14, 10)
(14, 11)
(14, 12)
(14, 13)
(14, 14)
(14, 15)
(13, 15)
(12, 15)
(11, 15)
kaikki ok
Reitin pituus: 10
(6, 11)
(6, 12)
(6, 13)
(5, 13)
(4, 13)
(4, 14)
(4, 15)
(5, 15)
(6, 15)
(6, 16)
(6, 17)
kaikki ok
Reitin pituus: 15
(13, 13)
(12, 13)
(12, 12)
(12, 11)
(12, 10)
(12, 9)
(12, 8)
(12, 7)
(11, 7)
(10, 7)
(9, 7)
(8, 7)
(8, 6)
(8, 5)
(7, 5)
(6, 5)
kaikki ok
Reitin pituus: 14
(5, 9)
(4, 9)
(4, 10)
(4, 11)
(4, 12)
(4, 13)
(4, 14)
(4, 15)
(4, 16)
(4, 17)
(3, 17)
(2, 17)
(1, 17)
(1, 18)
(1, 19)
kaikki ok
Reitin pituus: 8
(3, 5)
(4, 5)
(4, 4)
(4, 3)
(5, 3)
(6, 3)
(6, 4)
(6, 5)
(7, 5)
kaikki ok
Reitin pituus: 22
(1, 3)
(2, 3)
(3, 3)
(4, 3)
(4, 4)
(4, 5)
(4, 6)
(4, 7)
(4, 8)
(4, 9)
(4, 10)
(4, 11)
(4, 12)
(4, 13)
(4, 14)
(4, 15)
(5, 15)
(6, 15)
(7, 15)
(8, 15)
(9, 15)
(10, 15)
(10, 14)
kaikki ok
Reitin pituus: 11
(13, 9)
(14, 9)
(14, 10)
(14, 11)
(14, 12)
(14, 13)
(15, 13)
(16, 13)
(17, 13)
(17, 14)
(17, 15)
(16, 15)
kaikki ok
Reitin pituus: 20
(5, 9)
(4, 9)
(4, 10)
(4, 11)
(4, 12)
(4, 13)
(4, 14)
(4, 15)
(5, 15)
(6, 15)
(6, 16)
(6, 17)
(7, 17)
(8, 17)
(8, 18)
(8, 19)
(9, 19)
(10, 19)
(11, 19)
(12, 19)
(13, 19)
kaikki ok
Reitin pituus: 7
(11, 5)
(10, 5)
(10, 6)
(10, 7)
(9, 7)
(8, 7)
(7, 7)
(6, 7)
kaikki ok
Reitin pituus: 8
(9, 11)
(8, 11)
(7, 11)
(6, 11)
(6, 10)
(6, 9)
(5, 9)
(4, 9)
(4, 8)
kaikki ok
Reitin pituus: 15
(15, 13)
(14, 13)
(14, 14)
(14, 15)
(13, 15)
(12, 15)
(11, 15)
(10, 15)
(9, 15)
(8, 15)
(7, 15)
(6, 15)
(6, 16)
(6, 17)
(7, 17)
(8, 17)
kaikki ok
Reitin pituus: 12
(3, 3)
(4, 3)
(4, 4)
(4, 5)
(4, 6)
(4, 7)
(4, 8)
(4, 9)
(5, 9)
(6, 9)
(6, 10)
(6, 11)
(6, 12)
kaikki ok
Reitin pituus: 10
(8, 7)
(8, 6)
(8, 5)
(7, 5)
(6, 5)
(6, 4)
(6, 3)
(7, 3)
(8, 3)
(8, 2)
(8, 1)
kaikki ok
Reitin pituus: 16
(4, 12)
(4, 13)
(5, 13)
(6, 13)
(7, 13)
(8, 13)
(8, 14)
(8, 15)
(9, 15)
(10, 15)
(11, 15)
(12, 15)
(13, 15)
(14, 15)
(14, 16)
(14, 17)
(15, 17)
kaikki ok
Reitin pituus: 8
(9, 11)
(8, 11)
(7, 11)
(6, 11)
(6, 10)
(6, 9)
(6, 8)
(6, 7)
(7, 7)
kaikki ok
Reitin pituus: 8
(16, 5)
(15, 5)
(14, 5)
(14, 4)
(14, 3)
(13, 3)
(12, 3)
(11, 3)
(10, 3)
kaikki ok
Reitin pituus: 13
(12, 12)
(12, 11)
(11, 11)
(10, 11)
(9, 11)
(8, 11)
(7, 11)
(6, 11)
(6, 12)
(6, 13)
(5, 13)
(4, 13)
(3, 13)
(2, 13)
kaikki ok
Reitin pituus: 19
(17, 2)
(17, 3)
(16, 3)
(15, 3)
(14, 3)
(13, 3)
(12, 3)
(12, 4)
(12, 5)
(11, 5)
(10, 5)
(10, 6)
(10, 7)
(9, 7)
(8, 7)
(7, 7)
(6, 7)
(6, 8)
(6, 9)
(6, 10)
kaikki ok
Reitin pituus: 1
(14, 19)
(15, 19)
kaikki ok
Reitin pituus: 21
(7, 3)
(8, 3)
(9, 3)
(10, 3)
(11, 3)
(12, 3)
(13, 3)
(14, 3)
(14, 4)
(14, 5)
(14, 6)
(14, 7)
(14, 8)
(14, 9)
(14, 10)
(14, 11)
(14, 12)
(14, 13)
(14, 14)
(14, 15)
(13, 15)
(12, 15)
kaikki ok
Reitin pituus: 10
(12, 10)
(12, 11)
(12, 12)
(12, 13)
(11, 13)
(10, 13)
(10, 14)
(10, 15)
(11, 15)
(12, 15)
(12, 16)
kaikki ok
Reitin pituus: 8
(17, 2)
(17, 3)
(17, 4)
(17, 5)
(16, 5)
(15, 5)
(14, 5)
(14, 6)
(14, 7)
kaikki ok
Reitin pituus: 14
(4, 1)
(4, 2)
(4, 3)
(4, 4)
(4, 5)
(4, 6)
(4, 7)
(4, 8)
(4, 9)
(4, 10)
(4, 11)
(4, 12)
(4, 13)
(3, 13)
(2, 13)
kaikki ok
Reitin pituus: 25
(3, 3)
(4, 3)
(4, 4)
(4, 5)
(4, 6)
(4, 7)
(4, 8)
(4, 9)
(4, 10)
(4, 11)
(4, 12)
(4, 13)
(5, 13)
(6, 13)
(7, 13)
(8, 13)
(8, 14)
(8, 15)
(9, 15)
(10, 15)
(11, 15)
(12, 15)
(12, 16)
(12, 17)
(11, 17)
(10, 17)
kaikki ok
Reitin pituus: 11
(14, 7)
(14, 6)
(14, 5)
(14, 4)
(14, 3)
(13, 3)
(12, 3)
(11, 3)
(10, 3)
(9, 3)
(8, 3)
(8, 2)
kaikki ok
Reitin pituus: 22
(3, 1)
(4, 1)
(4, 2)
(4, 3)
(4, 4)
(4, 5)
(4, 6)
(4, 7)
(4, 8)
(4, 9)
(4, 10)
(4, 11)
(4, 12)
(4, 13)
(4, 14)
(4, 15)
(5, 15)
(6, 15)
(6, 16)
(6, 17)
(7, 17)
(8, 17)
(8, 18)
kaikki ok
Reitin pituus: 4
(8, 7)
(8, 6)
(8, 5)
(7, 5)
(6, 5)
kaikki ok
Reitin pituus: 14
(16, 13)
(15, 13)
(14, 13)
(14, 14)
(14, 15)
(13, 15)
(12, 15)
(11, 15)
(10, 15)
(9, 15)
(8, 15)
(7, 15)
(6, 15)
(5, 15)
(4, 15)
kaikki ok
Reitin pituus: 14
(10, 18)
(10, 19)
(9, 19)
(8, 19)
(8, 18)
(8, 17)
(7, 17)
(6, 17)
(6, 16)
(6, 15)
(5, 15)
(4, 15)
(4, 14)
(4, 13)
(4, 12)
kaikki ok
Reitin pituus: 17
(4, 5)
(4, 6)
(4, 7)
(4, 8)
(4, 9)
(5, 9)
(6, 9)
(6, 10)
(6, 11)
(6, 12)
(6, 13)
(7, 13)
(8, 13)
(8, 14)
(8, 15)
(9, 15)
(10, 15)
(10, 14)
kaikki ok
Reitin pituus: 21
(5, 15)
(6, 15)
(7, 15)
(8, 15)
(9, 15)
(10, 15)
(11, 15)
(12, 15)
(13, 15)
(14, 15)
(14, 14)
(14, 13)
(14, 12)
(14, 11)
(14, 10)
(14, 9)
(14, 8)
(14, 7)
(14, 6)
(14, 5)
(14, 4)
(14, 3)
kaikki ok
Reitin pituus: 33
(17, 19)
(17, 18)
(17, 17)
(16, 17)
(15, 17)
(14, 17)
(14, 16)
(14, 15)
(14, 14)
(14, 13)
(14, 12)
(14, 11)
(14, 10)
(14, 9)
(14, 8)
(14, 7)
(14, 6)
(14, 5)
(14, 4)
(14, 3)
(13, 3)
(12, 3)
(11, 3)
(10, 3)
(9, 3)
(8, 3)
(8, 2)
(8, 1)
(7, 1)
(6, 1)
(5, 1)
(4, 1)
(3, 1)
(2, 1)
kaikki ok
Reitin pituus: 11
(4, 13)
(5, 13)
(6, 13)
(6, 12)
(6, 11)
(7, 11)
(8, 11)
(9, 11)
(10, 11)
(11, 11)
(12, 11)
(12, 10)
kaikki ok
Reitin pituus: 22
(7, 7)
(8, 7)
(9, 7)
(10, 7)
(11, 7)
(12, 7)
(12, 8)
(12, 9)
(12, 10)
(12, 11)
(12, 12)
(12, 13)
(13, 13)
(14, 13)
(14, 14)
(14, 15)
(14, 16)
(14, 17)
(15, 17)
(16, 17)
(17, 17)
(17, 18)
(17, 19)
kaikki ok
Reitin pituus: 26
(6, 17)
(6, 16)
(6, 15)
(7, 15)
(8, 15)
(9, 15)
(10, 15)
(10, 14)
(10, 13)
(11, 13)
(12, 13)
(12, 12)
(12, 11)
(12, 10)
(12, 9)
(13, 9)
(14, 9)
(14, 8)
(14, 7)
(14, 6)
(14, 5)
(14, 4)
(14, 3)
(14, 2)
(14, 1)
(15, 1)
(16, 1)
kaikki ok
Reitin pituus: 29
(1, 15)
(1, 14)
(1, 13)
(2, 13)
(3, 13)
(4, 13)
(4, 12)
(4, 11)
(4, 10)
(4, 9)
(4, 8)
(4, 7)
(4, 6)
(4, 5)
(4, 4)
(4, 3)
(5, 3)
(6, 3)
(7, 3)
(8, 3)
(9, 3)
(10, 3)
(10, 2)
(10, 1)
(11, 1)
(12, 1)
(13, 1)
(14, 1)
(15, 1)
(16, 1)
kaikki ok
Reitin pituus: 24
(14, 1)
(14, 2)
(14, 3)
(14, 4)
(14, 5)
(14, 6)
(14, 7)
(14, 8)
(14, 9)
(14, 10)
(14, 11)
(14, 12)
(14, 13)
(14, 14)
(14, 15)
(14, 16)
(14, 17)
(15, 17)
(16, 17)
(17, 17)
(17, 18)
(17, 19)
(16, 19)
(15, 19)
(14, 19)
kaikki ok
Reitin pituus: 10
(10, 13)
(11, 13)
(12, 13)
(13, 13)
(14, 13)
(14, 12)
(14, 11)
(14, 10)
(14, 9)
(14, 8)
(14, 7)
kaikki ok
Reitin pituus: 33
(17, 19)
(17, 18)
(17, 17)
(16, 17)
(15, 17)
(14, 17)
(14, 16)
(14, 15)
(14, 14)
(14, 13)
(14, 12)
(14, 11)
(14, 10)
(14, 9)
(14, 8)
(14, 7)
(14, 6)
(14, 5)
(14, 4)
(14, 3)
(13, 3)
(12, 3)
(11, 3)
(10, 3)
(9, 3)
(8, 3)
(8, 2)
(8, 1)
(7, 1)
(6, 1)
(5, 1)
(4, 1)
(3, 1)
(2, 1)
kaikki ok
Reitin pituus: 26
(1, 1)
(1, 2)
(1, 3)
(2, 3)
(3, 3)
(4, 3)
(5, 3)
(6, 3)
(6, 4)
(6, 5)
(7, 5)
(8, 5)
(8, 6)
(8, 7)
(9, 7)
(10, 7)
(11, 7)
(12, 7)
(12, 8)
(12, 9)
(12, 10)
(12, 11)
(12, 12)
(12, 13)
(13, 13)
(14, 13)
(15, 13)
kaikki ok
Reitin pituus: 7
(10, 1)
(11, 1)
(12, 1)
(13, 1)
(14, 1)
(15, 1)
(16, 1)
(17, 1)
kaikki ok
Reitin pituus: 8
(10, 19)
(9, 19)
(8, 19)
(8, 18)
(8, 17)
(7, 17)
(6, 17)
(6, 16)
(6, 15)
kaikki ok
Reitin pituus: 19
(11, 3)
(12, 3)
(12, 4)
(12, 5)
(11, 5)
(10, 5)
(10, 6)
(10, 7)
(9, 7)
(8, 7)
(7, 7)
(6, 7)
(6, 8)
(6, 9)
(6, 10)
(6, 11)
(6, 12)
(6, 13)
(7, 13)
(8, 13)
kaikki ok
Reitin pituus: 18
(13, 15)
(14, 15)
(14, 14)
(14, 13)
(14, 12)
(14, 11)
(14, 10)
(14, 9)
(14, 8)
(14, 7)
(14, 6)
(14, 5)
(14, 4)
(14, 3)
(13, 3)
(12, 3)
(11, 3)
(10, 3)
(10, 2)
kaikki ok
Reitin pituus: 11
(8, 6)
(8, 5)
(7, 5)
(6, 5)
(6, 4)
(6, 3)
(5, 3)
(4, 3)
(4, 4)
(4, 5)
(3, 5)
(2, 5)
kaikki ok
Reitin pituus: 11
(6, 16)
(6, 15)
(7, 15)
(8, 15)
(9, 15)
(10, 15)
(10, 14)
(10, 13)
(11, 13)
(12, 13)
(12, 12)
(12, 11)
kaikki ok
Reitin pituus: 8
(12, 8)
(12, 9)
(13, 9)
(14, 9)
(14, 8)
(14, 7)
(14, 6)
(14, 5)
(14, 4)
kaikki ok
Reitin pituus: 8
(8, 14)
(8, 15)
(9, 15)
(10, 15)
(11, 15)
(12, 15)
(13, 15)
(14, 15)
(14, 14)
kaikki ok
Reitin pituus: 6
(14, 2)
(14, 3)
(15, 3)
(16, 3)
(17, 3)
(17, 4)
(17, 5)
kaikki ok
Reitin pituus: 19
(17, 2)
(17, 3)
(16, 3)
(15, 3)
(14, 3)
(13, 3)
(12, 3)
(12, 4)
(12, 5)
(11, 5)
(10, 5)
(10, 6)
(10, 7)
(9, 7)
(8, 7)
(7, 7)
(6, 7)
(6, 8)
(6, 9)
(6, 10)
kaikki ok
Reitin pituus: 27
(15, 19)
(16, 19)
(17, 19)
(17, 18)
(17, 17)
(16, 17)
(15, 17)
(14, 17)
(14, 16)
(14, 15)
(14, 14)
(14, 13)
(14, 12)
(14, 11)
(14, 10)
(14, 9)
(14, 8)
(14, 7)
(14, 6)
(14, 5)
(14, 4)
(14, 3)
(13, 3)
(12, 3)
(11, 3)
(10, 3)
(9, 3)
(8, 3)
kaikki ok
Reitin pituus: 8
(14, 17)
(14, 16)
(14, 15)
(13, 15)
(12, 15)
(12, 16)
(12, 17)
(11, 17)
(10, 17)
kaikki ok
Reitin pituus: 9
(15, 17)
(14, 17)
(14, 16)
(14, 15)
(14, 14)
(14, 13)
(14, 12)
(14, 11)
(14, 10)
(14, 9)
kaikki ok
Reitin pituus: 10
(14, 16)
(14, 15)
(13, 15)
(12, 15)
(11, 15)
(10, 15)
(9, 15)
(8, 15)
(7, 15)
(6, 15)
(5, 15)
kaikki ok
Reitin pituus: 23
(10, 19)
(10, 18)
(10, 17)
(11, 17)
(12, 17)
(12, 16)
(12, 15)
(13, 15)
(14, 15)
(14, 14)
(14, 13)
(14, 12)
(14, 11)
(14, 10)
(14, 9)
(14, 8)
(14, 7)
(14, 6)
(14, 5)
(14, 4)
(14, 3)
(13, 3)
(12, 3)
(11, 3)
kaikki ok
Reitin pituus: 5
(11, 13)
(10, 13)
(10, 14)
(10, 15)
(11, 15)
(12, 15)
kaikki ok
Reitin pituus: 25
(3, 1)
(4, 1)
(4, 2)
(4, 3)
(4, 4)
(4, 5)
(4, 6)
(4, 7)
(4, 8)
(4, 9)
(4, 10)
(4, 11)
(4, 12)
(4, 13)
(4, 14)
(4, 15)
(5, 15)
(6, 15)
(6, 16)
(6, 17)
(7, 17)
(8, 17)
(8, 18)
(8, 19)
(7, 19)
(6, 19)
kaikki ok
Reitin pituus: 18
(4, 12)
(4, 13)
(5, 13)
(6, 13)
(7, 13)
(8, 13)
(8, 14)
(8, 15)
(9, 15)
(10, 15)
(11, 15)
(12, 15)
(13, 15)
(14, 15)
(14, 16)
(14, 17)
(15, 17)
(16, 17)
(16, 16)
kaikki ok
Reitin pituus: 13
(12, 3)
(13, 3)
(14, 3)
(14, 4)
(14, 5)
(14, 6)
(14, 7)
(14, 8)
(14, 9)
(14, 10)
(14, 11)
(14, 12)
(14, 13)
(15, 13)
kaikki ok
Reitin pituus: 13
(7, 19)
(8, 19)
(9, 19)
(10, 19)
(11, 19)
(12, 19)
(13, 19)
(14, 19)
(15, 19)
(16, 19)
(17, 19)
(17, 18)
(17, 17)
(16, 17)
kaikki ok
Reitin pituus: 6
(6, 9)
(6, 10)
(6, 11)
(7, 11)
(8, 11)
(9, 11)
(10, 11)
kaikki ok
Reitin pituus: 21
(7, 5)
(8, 5)
(8, 6)
(8, 7)
(9, 7)
(10, 7)
(11, 7)
(12, 7)
(12, 8)
(12, 9)
(12, 10)
(12, 11)
(12, 12)
(12, 13)
(13, 13)
(14, 13)
(15, 13)
(16, 13)
(17, 13)
(17, 14)
(17, 15)
(16, 15)
kaikki ok
Reitin pituus: 10
(10, 18)
(10, 17)
(11, 17)
(12, 17)
(12, 16)
(12, 15)
(13, 15)
(14, 15)
(14, 16)
(14, 17)
(15, 17)
kaikki ok
Reitin pituus: 0
(6, 9)
kaikki ok
Reitin pituus: 12
(8, 13)
(7, 13)
(6, 13)
(6, 12)
(6, 11)
(7, 11)
(8, 11)
(9, 11)
(10, 11)
(11, 11)
(12, 11)
(12, 10)
(12, 9)
kaikki ok
Reitin pituus: 14
(11, 15)
(10, 15)
(9, 15)
(8, 15)
(8, 14)
(8, 13)
(7, 13)
(6, 13)
(6, 12)
(6, 11)
(6, 10)
(6, 9)
(5, 9)
(4, 9)
(4, 8)
kaikki ok
Reitin pituus: 8
(11, 11)
(10, 11)
(9, 11)
(8, 11)
(7, 11)
(6, 11)
(6, 12)
(6, 13)
(5, 13)
kaikki ok
Reitin pituus: 15
(4, 7)
(4, 8)
(4, 9)
(4, 10)
(4, 11)
(4, 12)
(4, 13)
(4, 14)
(4, 15)
(4, 16)
(4, 17)
(3, 17)
(2, 17)
(1, 17)
(1, 18)
(1, 19)
kaikki ok
Reitin pituus: 27
(12, 19)
(11, 19)
(10, 19)
(9, 19)
(8, 19)
(8, 18)
(8, 17)
(7, 17)
(6, 17)
(6, 16)
(6, 15)
(5, 15)
(4, 15)
(4, 14)
(4, 13)
(5, 13)
(6, 13)
(6, 12)
(6, 11)
(6, 10)
(6, 9)
(6, 8)
(6, 7)
(7, 7)
(8, 7)
(8, 6)
(8, 5)
(7, 5)
kaikki ok
Reitin pituus: 13
(10, 19)
(9, 19)
(8, 19)
(8, 18)
(8, 17)
(7, 17)
(6, 17)
(6, 16)
(6, 15)
(5, 15)
(4, 15)
(4, 16)
(4, 17)
(3, 17)
kaikki ok
Reitin pituus: 8
(10, 13)
(10, 14)
(10, 15)
(9, 15)
(8, 15)
(7, 15)
(6, 15)
(5, 15)
(4, 15)
kaikki ok
Reitin pituus: 18
(2, 16)
(2, 17)
(3, 17)
(4, 17)
(4, 16)
(4, 15)
(4, 14)
(4, 13)
(4, 12)
(4, 11)
(4, 10)
(4, 9)
(4, 8)
(4, 7)
(4, 6)
(4, 5)
(4, 4)
(4, 3)
(5, 3)
kaikki ok
Reitin pituus: 21
(1, 2)
(1, 3)
(1, 4)
(1, 5)
(2, 5)
(3, 5)
(4, 5)
(4, 6)
(4, 7)
(4, 8)
(4, 9)
(4, 10)
(4, 11)
(4, 12)
(4, 13)
(4, 14)
(4, 15)
(4, 16)
(4, 17)
(3, 17)
(2, 17)
(1, 17)
kaikki ok
Reitin pituus: 14
(14, 16)
(14, 15)
(13, 15)
(12, 15)
(11, 15)
(10, 15)
(9, 15)
(8, 15)
(7, 15)
(6, 15)
(5, 15)
(4, 15)
(4, 16)
(4, 17)
(3, 17)
kaikki ok
Reitin pituus: 25
(11, 1)
(10, 1)
(10, 2)
(10, 3)
(9, 3)
(8, 3)
(7, 3)
(6, 3)
(5, 3)
(4, 3)
(4, 4)
(4, 5)
(4, 6)
(4, 7)
(4, 8)
(4, 9)
(4, 10)
(4, 11)
(4, 12)
(4, 13)
(4, 14)
(4, 15)
(4, 16)
(4, 17)
(3, 17)
(2, 17)
kaikki ok
Reitin pituus: 14
(3, 5)
(4, 5)
(4, 4)
(4, 3)
(5, 3)
(6, 3)
(7, 3)
(8, 3)
(9, 3)
(10, 3)
(11, 3)
(12, 3)
(12, 4)
(12, 5)
(11, 5)
kaikki ok
Reitin pituus: 15
(14, 3)
(14, 4)
(14, 5)
(14, 6)
(14, 7)
(14, 8)
(14, 9)
(13, 9)
(12, 9)
(12, 10)
(12, 11)
(12, 12)
(12, 13)
(11, 13)
(10, 13)
(10, 14)
kaikki ok
Reitin pituus: 16
(12, 3)
(12, 4)
(12, 5)
(11, 5)
(10, 5)
(10, 6)
(10, 7)
(9, 7)
(8, 7)
(7, 7)
(6, 7)
(6, 8)
(6, 9)
(6, 10)
(6, 11)
(6, 12)
(6, 13)
kaikki ok
Reitin pituus: 10
(7, 7)
(6, 7)
(6, 8)
(6, 9)
(5, 9)
(4, 9)
(4, 10)
(4, 11)
(4, 12)
(4, 13)
(4, 14)
kaikki ok
Reitin pituus: 14
(15, 13)
(14, 13)
(13, 13)
(12, 13)
(12, 12)
(12, 11)
(11, 11)
(10, 11)
(9, 11)
(8, 11)
(7, 11)
(6, 11)
(6, 12)
(6, 13)
(5, 13)
kaikki ok
Reitin pituus: 13
(8, 18)
(8, 17)
(7, 17)
(6, 17)
(6, 16)
(6, 15)
(7, 15)
(8, 15)
(8, 14)
(8, 13)
(7, 13)
(6, 13)
(6, 12)
(6, 11)
kaikki ok
Reitin pituus: 27
(16, 1)
(15, 1)
(14, 1)
(14, 2)
(14, 3)
(14, 4)
(14, 5)
(14, 6)
(14, 7)
(14, 8)
(14, 9)
(14, 10)
(14, 11)
(14, 12)
(14, 13)
(14, 14)
(14, 15)
(14, 16)
(14, 17)
(15, 17)
(16, 17)
(17, 17)
(17, 18)
(17, 19)
(16, 19)
(15, 19)
(14, 19)
(13, 19)
kaikki ok
Reitin pituus: 14
(11, 11)
(12, 11)
(12, 10)
(12, 9)
(13, 9)
(14, 9)
(14, 8)
(14, 7)
(14, 6)
(14, 5)
(15, 5)
(16, 5)
(17, 5)
(17, 4)
(17, 3)
kaikki ok
Reitin pituus: 23
(7, 1)
(8, 1)
(8, 2)
(8, 3)
(9, 3)
(10, 3)
(11, 3)
(12, 3)
(13, 3)
(14, 3)
(14, 4)
(14, 5)
(14, 6)
(14, 7)
(14, 8)
(14, 9)
(14, 10)
(14, 11)
(14, 12)
(14, 13)
(13, 13)
(12, 13)
(11, 13)
(10, 13)
kaikki ok
Reitin pituus: 16
(6, 16)
(6, 15)
(5, 15)
(4, 15)
(4, 14)
(4, 13)
(4, 12)
(4, 11)
(4, 10)
(4, 9)
(4, 8)
(4, 7)
(4, 6)
(4, 5)
(4, 4)
(4, 3)
(4, 2)
kaikki ok
Reitin pituus: 15
(12, 4)
(12, 5)
(11, 5)
(10, 5)
(10, 6)
(10, 7)
(9, 7)
(8, 7)
(7, 7)
(6, 7)
(6, 8)
(6, 9)
(6, 10)
(6, 11)
(7, 11)
(8, 11)
kaikki ok
Reitin pituus: 21
(12, 4)
(12, 5)
(11, 5)
(10, 5)
(10, 6)
(10, 7)
(11, 7)
(12, 7)
(12, 8)
(12, 9)
(12, 10)
(12, 11)
(12, 12)
(12, 13)
(11, 13)
(10, 13)
(10, 14)
(10, 15)
(9, 15)
(8, 15)
(7, 15)
(6, 15)
kaikki ok
Reitin pituus: 22
(10, 18)
(10, 17)
(11, 17)
(12, 17)
(12, 16)
(12, 15)
(13, 15)
(14, 15)
(14, 14)
(14, 13)
(14, 12)
(14, 11)
(14, 10)
(14, 9)
(14, 8)
(14, 7)
(14, 6)
(14, 5)
(15, 5)
(16, 5)
(17, 5)
(17, 4)
(17, 3)
kaikki ok
Reitin pituus: 8
(1, 3)
(2, 3)
(3, 3)
(4, 3)
(4, 2)
(4, 1)
(5, 1)
(6, 1)
(7, 1)
kaikki ok
Reitin pituus: 28
(1, 5)
(2, 5)
(3, 5)
(4, 5)
(4, 6)
(4, 7)
(4, 8)
(4, 9)
(5, 9)
(6, 9)
(6, 10)
(6, 11)
(7, 11)
(8, 11)
(9, 11)
(10, 11)
(11, 11)
(12, 11)
(12, 12)
(12, 13)
(13, 13)
(14, 13)
(14, 14)
(14, 15)
(14, 16)
(14, 17)
(15, 17)
(16, 17)
(16, 16)
kaikki ok
Reitin pituus: 13
(11, 13)
(12, 13)
(12, 12)
(12, 11)
(12, 10)
(12, 9)
(12, 8)
(12, 7)
(11, 7)
(10, 7)
(9, 7)
(9, 8)
(9, 9)
(8, 9)
kaikki ok
Reitin pituus: 18
(1, 5)
(1, 4)
(1, 3)
(2, 3)
(3, 3)
(4, 3)
(5, 3)
(6, 3)
(6, 4)
(6, 5)
(7, 5)
(8, 5)
(8, 6)
(8, 7)
(9, 7)
(10, 7)
(11, 7)
(12, 7)
(12, 8)
kaikki ok
Reitin pituus: 18
(7, 13)
(6, 13)
(6, 12)
(6, 11)
(7, 11)
(8, 11)
(9, 11)
(10, 11)
(11, 11)
(12, 11)
(12, 10)
(12, 9)
(13, 9)
(14, 9)
(14, 8)
(14, 7)
(14, 6)
(14, 5)
(14, 4)
kaikki ok
Reitin pituus: 22
(16, 5)
(15, 5)
(14, 5)
(14, 4)
(14, 3)
(13, 3)
(12, 3)
(11, 3)
(10, 3)
(9, 3)
(8, 3)
(7, 3)
(6, 3)
(5, 3)
(4, 3)
(4, 4)
(4, 5)
(4, 6)
(4, 7)
(4, 8)
(4, 9)
(4, 10)
(4, 11)
kaikki ok
Reitin pituus: 14
(11, 15)
(10, 15)
(9, 15)
(8, 15)
(7, 15)
(6, 15)
(5, 15)
(4, 15)
(4, 16)
(4, 17)
(3, 17)
(2, 17)
(1, 17)
(1, 18)
(1, 19)
kaikki ok
Reitin pituus: 8
(14, 16)
(14, 15)
(13, 15)
(12, 15)
(11, 15)
(10, 15)
(9, 15)
(8, 15)
(8, 14)
kaikki ok
Reitin pituus: 15
(13, 19)
(12, 19)
(11, 19)
(10, 19)
(9, 19)
(8, 19)
(8, 18)
(8, 17)
(7, 17)
(6, 17)
(6, 16)
(6, 15)
(7, 15)
(8, 15)
(8, 14)
(8, 13)
kaikki ok
Reitin pituus: 11
(4, 13)
(4, 14)
(4, 15)
(5, 15)
(6, 15)
(7, 15)
(8, 15)
(9, 15)
(10, 15)
(10, 14)
(10, 13)
(11, 13)
kaikki ok
Reitin pituus: 15
(7, 19)
(8, 19)
(9, 19)
(10, 19)
(10, 18)
(10, 17)
(11, 17)
(12, 17)
(12, 16)
(12, 15)
(13, 15)
(14, 15)
(14, 14)
(14, 13)
(13, 13)
(12, 13)
kaikki ok
Reitin pituus: 7
(12, 3)
(11, 3)
(10, 3)
(9, 3)
(8, 3)
(7, 3)
(6, 3)
(5, 3)
kaikki ok
Reitin pituus: 5
(11, 13)
(12, 13)
(13, 13)
(14, 13)
(14, 12)
(14, 11)
kaikki ok
Reitin pituus: 15
(3, 5)
(4, 5)
(4, 4)
(4, 3)
(5, 3)
(6, 3)
(6, 4)
(6, 5)
(7, 5)
(8, 5)
(8, 6)
(8, 7)
(9, 7)
(10, 7)
(10, 6)
(10, 5)
kaikki ok
Reitin pituus: 18
(13, 3)
(14, 3)
(14, 4)
(14, 5)
(14, 6)
(14, 7)
(14, 8)
(14, 9)
(14, 10)
(14, 11)
(14, 12)
(14, 13)
(14, 14)
(14, 15)
(13, 15)
(12, 15)
(11, 15)
(10, 15)
(9, 15)
kaikki ok
Reitin pituus: 5
(1, 14)
(1, 13)
(2, 13)
(3, 13)
(4, 13)
(4, 14)
kaikki ok
Reitin pituus: 7
(4, 12)
(4, 13)
(4, 14)
(4, 15)
(4, 16)
(4, 17)
(3, 17)
(2, 17)
kaikki ok
Reitin pituus: 6
(10, 18)
(10, 17)
(11, 17)
(12, 17)
(12, 16)
(12, 15)
(11, 15)
kaikki ok
Reitin pituus: 19
(6, 3)
(5, 3)
(4, 3)
(4, 4)
(4, 5)
(4, 6)
(4, 7)
(4, 8)
(4, 9)
(4, 10)
(4, 11)
(4, 12)
(4, 13)
(4, 14)
(4, 15)
(5, 15)
(6, 15)
(7, 15)
(8, 15)
(9, 15)
kaikki ok
Reitin pituus: 17
(2, 17)
(3, 17)
(4, 17)
(4, 16)
(4, 15)
(4, 14)
(4, 13)
(4, 12)
(4, 11)
(4, 10)
(4, 9)
(5, 9)
(6, 9)
(6, 8)
(6, 7)
(7, 7)
(8, 7)
(9, 7)
kaikki ok
Reitin pituus: 27
(6, 4)
(6, 3)
(5, 3)
(4, 3)
(4, 4)
(4, 5)
(4, 6)
(4, 7)
(4, 8)
(4, 9)
(4, 10)
(4, 11)
(4, 12)
(4, 13)
(4, 14)
(4, 15)
(5, 15)
(6, 15)
(6, 16)
(6, 17)
(7, 17)
(8, 17)
(8, 18)
(8, 19)
(9, 19)
(10, 19)
(11, 19)
(12, 19)
kaikki ok
Reitin pituus: 15
(4, 7)
(4, 6)
(4, 5)
(4, 4)
(4, 3)
(5, 3)
(6, 3)
(7, 3)
(8, 3)
(9, 3)
(10, 3)
(11, 3)
(12, 3)
(13, 3)
(14, 3)
(14, 2)
kaikki ok
Reitin pituus: 10
(14, 9)
(13, 9)
(12, 9)
(12, 8)
(12, 7)
(11, 7)
(10, 7)
(9, 7)
(9, 8)
(9, 9)
(8, 9)
kaikki ok
Reitin pituus: 10
(10, 6)
(10, 5)
(11, 5)
(12, 5)
(12, 4)
(12, 3)
(11, 3)
(10, 3)
(9, 3)
(8, 3)
(8, 2)
kaikki ok
Reitin pituus: 2
(12, 11)
(12, 12)
(12, 13)
kaikki ok
Reitin pituus: 3
(8, 19)
(9, 19)
(10, 19)
(11, 19)
kaikki ok
Reitin pituus: 5
(6, 16)
(6, 15)
(5, 15)
(4, 15)
(4, 16)
(4, 17)
kaikki ok
Reitin pituus: 4
(17, 3)
(17, 2)
(17, 1)
(16, 1)
(15, 1)
kaikki ok
Reitin pituus: 6
(6, 17)
(6, 16)
(6, 15)
(7, 15)
(8, 15)
(9, 15)
(10, 15)
kaikki ok
Reitin pituus: 14
(7, 5)
(6, 5)
(6, 4)
(6, 3)
(7, 3)
(8, 3)
(9, 3)
(10, 3)
(11, 3)
(12, 3)
(13, 3)
(14, 3)
(14, 4)
(14, 5)
(14, 6)
kaikki ok
Reitin pituus: 15
(17, 4)
(17, 3)
(16, 3)
(15, 3)
(14, 3)
(13, 3)
(12, 3)
(11, 3)
(10, 3)
(9, 3)
(8, 3)
(7, 3)
(6, 3)
(6, 4)
(6, 5)
(7, 5)
kaikki ok
Reitin pituus: 11
(11, 1)
(12, 1)
(13, 1)
(14, 1)
(14, 2)
(14, 3)
(14, 4)
(14, 5)
(14, 6)
(14, 7)
(14, 8)
(14, 9)
kaikki ok
Reitin pituus: 7
(1, 14)
(1, 13)
(2, 13)
(3, 13)
(4, 13)
(4, 12)
(4, 11)
(4, 10)
kaikki ok
Reitin pituus: 2
(8, 6)
(8, 7)
(7, 7)
kaikki ok
Reitin pituus: 18
(4, 7)
(4, 6)
(4, 5)
(4, 4)
(4, 3)
(5, 3)
(6, 3)
(7, 3)
(8, 3)
(9, 3)
(10, 3)
(11, 3)
(12, 3)
(13, 3)
(14, 3)
(15, 3)
(16, 3)
(17, 3)
(17, 4)
kaikki ok
Reitin pituus: 15
(14, 11)
(14, 12)
(14, 13)
(14, 14)
(14, 15)
(14, 16)
(14, 17)
(15, 17)
(16, 17)
(17, 17)
(17, 18)
(17, 19)
(16, 19)
(15, 19)
(14, 19)
(13, 19)
kaikki ok
Reitin pituus: 10
(11, 11)
(12, 11)
(12, 12)
(12, 13)
(13, 13)
(14, 13)
(14, 14)
(14, 15)
(14, 16)
(14, 17)
(15, 17)
kaikki ok
Reitin pituus: 10
(6, 10)
(6, 11)
(6, 12)
(6, 13)
(7, 13)
(8, 13)
(8, 14)
(8, 15)
(9, 15)
(10, 15)
(11, 15)
kaikki ok
Reitin pituus: 5
(5, 3)
(4, 3)
(3, 3)
(2, 3)
(1, 3)
(1, 2)
kaikki ok
Reitin pituus: 20
(9, 8)
(9, 7)
(10, 7)
(11, 7)
(12, 7)
(12, 8)
(12, 9)
(13, 9)
(14, 9)
(14, 10)
(14, 11)
(14, 12)
(14, 13)
(14, 14)
(14, 15)
(13, 15)
(12, 15)
(12, 16)
(12, 17)
(11, 17)
(10, 17)
kaikki ok
Reitin pituus: 5
(10, 9)
(9, 9)
(9, 8)
(9, 7)
(10, 7)
(11, 7)
kaikki ok
Reitin pituus: 20
(14, 10)
(14, 11)
(14, 12)
(14, 13)
(14, 14)
(14, 15)
(13, 15)
(12, 15)
(12, 16)
(12, 17)
(11, 17)
(10, 17)
(10, 18)
(10, 19)
(9, 19)
(8, 19)
(7, 19)
(6, 19)
(5, 19)
(4, 19)
(3, 19)
kaikki ok
Reitin pituus: 24
(15, 1)
(14, 1)
(14, 2)
(14, 3)
(14, 4)
(14, 5)
(14, 6)
(14, 7)
(14, 8)
(14, 9)
(13, 9)
(12, 9)
(12, 10)
(12, 11)
(12, 12)
(12, 13)
(11, 13)
(10, 13)
(10, 14)
(10, 15)
(9, 15)
(8, 15)
(7, 15)
(6, 15)
(6, 16)
kaikki ok
Reitin pituus: 18
(3, 19)
(4, 19)
(5, 19)
(6, 19)
(7, 19)
(8, 19)
(8, 18)
(8, 17)
(7, 17)
(6, 17)
(6, 16)
(6, 15)
(7, 15)
(8, 15)
(9, 15)
(10, 15)
(10, 14)
(10, 13)
(11, 13)
kaikki ok
Reitin pituus: 11
(10, 1)
(10, 2)
(10, 3)
(9, 3)
(8, 3)
(7, 3)
(6, 3)
(6, 4)
(6, 5)
(7, 5)
(8, 5)
(8, 6)
kaikki ok
Reitin pituus: 12
(16, 19)
(15, 19)
(14, 19)
(13, 19)
(12, 19)
(11, 19)
(10, 19)
(9, 19)
(8, 19)
(8, 18)
(8, 17)
(7, 17)
(6, 17)
kaikki ok
Reitin pituus: 2
(6, 15)
(7, 15)
(8, 15)
kaikki ok
Reitin pituus: 20
(16, 1)
(15, 1)
(14, 1)
(14, 2)
(14, 3)
(13, 3)
(12, 3)
(12, 4)
(12, 5)
(11, 5)
(10, 5)
(10, 6)
(10, 7)
(9, 7)
(8, 7)
(7, 7)
(6, 7)
(6, 8)
(6, 9)
(6, 10)
(6, 11)
kaikki ok
Reitin pituus: 6
(4, 10)
(4, 9)
(5, 9)
(6, 9)
(6, 8)
(6, 7)
(7, 7)
kaikki ok
Reitin pituus: 10
(3, 3)
(4, 3)
(5, 3)
(6, 3)
(7, 3)
(8, 3)
(9, 3)
(10, 3)
(11, 3)
(12, 3)
(12, 4)
kaikki ok
Reitin pituus: 10
(4, 14)
(4, 13)
(5, 13)
(6, 13)
(6, 12)
(6, 11)
(7, 11)
(8, 11)
(9, 11)
(10, 11)
(11, 11)
kaikki ok
Reitin pituus: 28
(17, 18)
(17, 17)
(16, 17)
(15, 17)
(14, 17)
(14, 16)
(14, 15)
(13, 15)
(12, 15)
(11, 15)
(10, 15)
(9, 15)
(8, 15)
(8, 14)
(8, 13)
(7, 13)
(6, 13)
(6, 12)
(6, 11)
(6, 10)
(6, 9)
(5, 9)
(4, 9)
(4, 8)
(4, 7)
(4, 6)
(4, 5)
(3, 5)
(2, 5)
kaikki ok
Reitin pituus: 12
(4, 12)
(4, 13)
(5, 13)
(6, 13)
(7, 13)
(8, 13)
(8, 14)
(8, 15)
(9, 15)
(10, 15)
(10, 14)
(10, 13)
(11, 13)
kaikki ok
Reitin pituus: 16
(1, 13)
(2, 13)
(3, 13)
(4, 13)
(5, 13)
(6, 13)
(7, 13)
(8, 13)
(8, 14)
(8, 15)
(9, 15)
(10, 15)
(11, 15)
(12, 15)
(13, 15)
(14, 15)
(14, 14)
kaikki ok
Reitin pituus: 14
(16, 13)
(15, 13)
(14, 13)
(13, 13)
(12, 13)
(12, 12)
(12, 11)
(12, 10)
(12, 9)
(12, 8)
(12, 7)
(11, 7)
(10, 7)
(9, 7)
(8, 7)
kaikki ok
Reitin pituus: 23
(6, 16)
(6, 15)
(5, 15)
(4, 15)
(4, 14)
(4, 13)
(4, 12)
(4, 11)
(4, 10)
(4, 9)
(4, 8)
(4, 7)
(4, 6)
(4, 5)
(4, 4)
(4, 3)
(5, 3)
(6, 3)
(7, 3)
(8, 3)
(9, 3)
(10, 3)
(10, 2)
(10, 1)
kaikki ok
Reitin pituus: 1
(10, 5)
(11, 5)
kaikki ok
Reitin pituus: 26
(10, 1)
(10, 2)
(10, 3)
(9, 3)
(8, 3)
(7, 3)
(6, 3)
(5, 3)
(4, 3)
(4, 4)
(4, 5)
(4, 6)
(4, 7)
(4, 8)
(4, 9)
(4, 10)
(4, 11)
(4, 12)
(4, 13)
(4, 14)
(4, 15)
(5, 15)
(6, 15)
(6, 16)
(6, 17)
(7, 17)
(8, 17)
kaikki ok
Reitin pituus: 10
(7, 19)
(8, 19)
(8, 18)
(8, 17)
(7, 17)
(6, 17)
(6, 16)
(6, 15)
(7, 15)
(8, 15)
(8, 14)
kaikki ok
Reitin pituus: 8
(13, 13)
(14, 13)
(14, 14)
(14, 15)
(14, 16)
(14, 17)
(15, 17)
(16, 17)
(16, 16)
kaikki ok
Reitin pituus: 1
(6, 17)
(6, 16)
kaikki ok
Reitin pituus: 13
(6, 13)
(7, 13)
(8, 13)
(8, 14)
(8, 15)
(9, 15)
(10, 15)
(10, 14)
(10, 13)
(11, 13)
(12, 13)
(13, 13)
(14, 13)
(15, 13)
kaikki ok
Reitin pituus: 31
(2, 19)
(3, 19)
(4, 19)
(5, 19)
(6, 19)
(7, 19)
(8, 19)
(9, 19)
(10, 19)
(10, 18)
(10, 17)
(11, 17)
(12, 17)
(12, 16)
(12, 15)
(13, 15)
(14, 15)
(14, 14)
(14, 13)
(14, 12)
(14, 11)
(14, 10)
(14, 9)
(14, 8)
(14, 7)
(14, 6)
(14, 5)
(14, 4)
(14, 3)
(15, 3)
(16, 3)
(17, 3)
kaikki ok
Reitin pituus: 11
(14, 7)
(14, 8)
(14, 9)
(13, 9)
(12, 9)
(12, 10)
(12, 11)
(11, 11)
(10, 11)
(9, 11)
(8, 11)
(7, 11)
kaikki ok
Reitin pituus: 18
(8, 1)
(8, 2)
(8, 3)
(7, 3)
(6, 3)
(6, 4)
(6, 5)
(7, 5)
(8, 5)
(8, 6)
(8, 7)
(7, 7)
(6, 7)
(6, 8)
(6, 9)
(6, 10)
(6, 11)
(7, 11)
(8, 11)
kaikki ok
Reitin pituus: 18
(9, 15)
(8, 15)
(8, 14)
(8, 13)
(7, 13)
(6, 13)
(6, 12)
(6, 11)
(6, 10)
(6, 9)
(5, 9)
(4, 9)
(4, 8)
(4, 7)
(4, 6)
(4, 5)
(4, 4)
(4, 3)
(3, 3)
kaikki ok
Reitin pituus: 19
(16, 5)
(15, 5)
(14, 5)
(14, 6)
(14, 7)
(14, 8)
(14, 9)
(13, 9)
(12, 9)
(12, 10)
(12, 11)
(11, 11)
(10, 11)
(9, 11)
(8, 11)
(7, 11)
(6, 11)
(6, 10)
(6, 9)
(5, 9)
kaikki ok
Reitin pituus: 17
(14, 6)
(14, 5)
(14, 4)
(14, 3)
(13, 3)
(12, 3)
(11, 3)
(10, 3)
(9, 3)
(8, 3)
(7, 3)
(6, 3)
(5, 3)
(4, 3)
(3, 3)
(2, 3)
(1, 3)
(1, 4)
kaikki ok
Reitin pituus: 14
(4, 13)
(4, 12)
(4, 11)
(4, 10)
(4, 9)
(4, 8)
(4, 7)
(4, 6)
(4, 5)
(4, 4)
(4, 3)
(5, 3)
(6, 3)
(7, 3)
(8, 3)
kaikki ok
Reitin pituus: 17
(7, 17)
(6, 17)
(6, 16)
(6, 15)
(5, 15)
(4, 15)
(4, 14)
(4, 13)
(4, 12)
(4, 11)
(4, 10)
(4, 9)
(4, 8)
(4, 7)
(4, 6)
(4, 5)
(3, 5)
(2, 5)
kaikki ok
Reitin pituus: 14
(10, 11)
(11, 11)
(12, 11)
(12, 12)
(12, 13)
(13, 13)
(14, 13)
(14, 14)
(14, 15)
(13, 15)
(12, 15)
(12, 16)
(12, 17)
(11, 17)
(10, 17)
kaikki ok
Reitin pituus: 24
(14, 17)
(14, 16)
(14, 15)
(13, 15)
(12, 15)
(11, 15)
(10, 15)
(9, 15)
(8, 15)
(8, 14)
(8, 13)
(7, 13)
(6, 13)
(6, 12)
(6, 11)
(6, 10)
(6, 9)
(5, 9)
(4, 9)
(4, 8)
(4, 7)
(4, 6)
(4, 5)
(4, 4)
(4, 3)
kaikki ok
Reitin pituus: 20
(2, 17)
(3, 17)
(4, 17)
(4, 16)
(4, 15)
(5, 15)
(6, 15)
(7, 15)
(8, 15)
(9, 15)
(10, 15)
(11, 15)
(12, 15)
(13, 15)
(14, 15)
(14, 14)
(14, 13)
(15, 13)
(16, 13)
(17, 13)
(17, 14)
kaikki ok
Reitin pituus: 10
(4, 16)
(4, 15)
(4, 14)
(4, 13)
(4, 12)
(4, 11)
(4, 10)
(4, 9)
(5, 9)
(6, 9)
(6, 8)
kaikki ok
Reitin pituus: 5
(16, 17)
(17, 17)
(17, 18)
(17, 19)
(16, 19)
(15, 19)
kaikki ok
Reitin pituus: 14
(15, 1)
(14, 1)
(14, 2)
(14, 3)
(14, 4)
(14, 5)
(14, 6)
(14, 7)
(14, 8)
(14, 9)
(13, 9)
(12, 9)
(12, 10)
(12, 11)
(12, 12)
kaikki ok
Reitin pituus: 6
(6, 11)
(6, 12)
(6, 13)
(5, 13)
(4, 13)
(4, 12)
(4, 11)
kaikki ok
Reitin pituus: 12
(10, 13)
(11, 13)
(12, 13)
(13, 13)
(14, 13)
(14, 14)
(14, 15)
(14, 16)
(14, 17)
(15, 17)
(16, 17)
(17, 17)
(17, 18)
kaikki ok
Reitin pituus: 8
(14, 2)
(14, 3)
(13, 3)
(12, 3)
(11, 3)
(10, 3)
(9, 3)
(8, 3)
(7, 3)
kaikki ok
Reitin pituus: 15
(8, 15)
(9, 15)
(10, 15)
(11, 15)
(12, 15)
(13, 15)
(14, 15)
(14, 14)
(14, 13)
(14, 12)
(14, 11)
(14, 10)
(14, 9)
(14, 8)
(14, 7)
(14, 6)
kaikki ok
Reitin pituus: 5
(12, 19)
(13, 19)
(14, 19)
(15, 19)
(16, 19)
(17, 19)
kaikki ok
Reitin pituus: 16
(6, 19)
(7, 19)
(8, 19)
(9, 19)
(10, 19)
(10, 18)
(10, 17)
(11, 17)
(12, 17)
(12, 16)
(12, 15)
(13, 15)
(14, 15)
(14, 14)
(14, 13)
(15, 13)
(16, 13)
kaikki ok
Reitin pituus: 23
(15, 19)
(16, 19)
(17, 19)
(17, 18)
(17, 17)
(16, 17)
(15, 17)
(14, 17)
(14, 16)
(14, 15)
(14, 14)
(14, 13)
(14, 12)
(14, 11)
(14, 10)
(14, 9)
(14, 8)
(14, 7)
(14, 6)
(14, 5)
(15, 5)
(16, 5)
(17, 5)
(17, 4)
kaikki ok
Reitin pituus: 9
(17, 19)
(16, 19)
(15, 19)
(14, 19)
(13, 19)
(12, 19)
(11, 19)
(10, 19)
(9, 19)
(8, 19)
kaikki ok
Reitin pituus: 10
(3, 17)
(4, 17)
(4, 16)
(4, 15)
(4, 14)
(4, 13)
(4, 12)
(4, 11)
(4, 10)
(4, 9)
(5, 9)
kaikki ok
Reitin pituus: 8
(12, 3)
(11, 3)
(10, 3)
(9, 3)
(8, 3)
(8, 2)
(8, 1)
(7, 1)
(6, 1)
kaikki ok
Reitin pituus: 23
(6, 17)
(6, 16)
(6, 15)
(5, 15)
(4, 15)
(4, 14)
(4, 13)
(4, 12)
(4, 11)
(4, 10)
(4, 9)
(4, 8)
(4, 7)
(4, 6)
(4, 5)
(4, 4)
(4, 3)
(5, 3)
(6, 3)
(7, 3)
(8, 3)
(9, 3)
(10, 3)
(11, 3)
kaikki ok
Reitin pituus: 15
(12, 17)
(12, 16)
(12, 15)
(13, 15)
(14, 15)
(14, 14)
(14, 13)
(14, 12)
(14, 11)
(14, 10)
(14, 9)
(14, 8)
(14, 7)
(14, 6)
(14, 5)
(15, 5)
kaikki ok
Reitin pituus: 15
(1, 19)
(1, 18)
(1, 17)
(2, 17)
(3, 17)
(4, 17)
(4, 16)
(4, 15)
(5, 15)
(6, 15)
(7, 15)
(8, 15)
(9, 15)
(10, 15)
(11, 15)
(12, 15)
kaikki ok
Reitin pituus: 6
(16, 17)
(15, 17)
(14, 17)
(14, 16)
(14, 15)
(13, 15)
(12, 15)
kaikki ok
Reitin pituus: 7
(14, 5)
(14, 4)
(14, 3)
(13, 3)
(12, 3)
(11, 3)
(10, 3)
(10, 2)
kaikki ok
Reitin pituus: 7
(14, 5)
(14, 4)
(14, 3)
(13, 3)
(12, 3)
(11, 3)
(10, 3)
(10, 2)
kaikki ok
Reitin pituus: 20
(4, 4)
(4, 5)
(4, 6)
(4, 7)
(4, 8)
(4, 9)
(5, 9)
(6, 9)
(6, 10)
(6, 11)
(7, 11)
(8, 11)
(9, 11)
(10, 11)
(11, 11)
(12, 11)
(12, 12)
(12, 13)
(13, 13)
(14, 13)
(14, 14)
kaikki ok
Reitin pituus: 4
(11, 15)
(12, 15)
(13, 15)
(14, 15)
(14, 14)
kaikki ok
Reitin pituus: 13
(6, 16)
(6, 15)
(7, 15)
(8, 15)
(9, 15)
(10, 15)
(11, 15)
(12, 15)
(13, 15)
(14, 15)
(14, 16)
(14, 17)
(15, 17)
(16, 17)
kaikki ok
Reitin pituus: 9
(4, 3)
(5, 3)
(6, 3)
(7, 3)
(8, 3)
(9, 3)
(10, 3)
(10, 2)
(10, 1)
(11, 1)
kaikki ok
Reitin pituus: 6
(6, 12)
(6, 11)
(6, 10)
(6, 9)
(6, 8)
(6, 7)
(7, 7)
kaikki ok
Reitin pituus: 17
(4, 8)
(4, 9)
(5, 9)
(6, 9)
(6, 10)
(6, 11)
(7, 11)
(8, 11)
(9, 11)
(10, 11)
(11, 11)
(12, 11)
(12, 12)
(12, 13)
(13, 13)
(14, 13)
(15, 13)
(16, 13)
kaikki ok
Reitin pituus: 19
(17, 17)
(16, 17)
(15, 17)
(14, 17)
(14, 16)
(14, 15)
(14, 14)
(14, 13)
(14, 12)
(14, 11)
(14, 10)
(14, 9)
(14, 8)
(14, 7)
(14, 6)
(14, 5)
(15, 5)
(16, 5)
(17, 5)
(17, 4)
kaikki ok
Reitin pituus: 0
(11, 5)
kaikki ok
Reitin pituus: 26
(4, 16)
(4, 15)
(5, 15)
(6, 15)
(7, 15)
(8, 15)
(9, 15)
(10, 15)
(10, 14)
(10, 13)
(11, 13)
(12, 13)
(12, 12)
(12, 11)
(12, 10)
(12, 9)
(13, 9)
(14, 9)
(14, 8)
(14, 7)
(14, 6)
(14, 5)
(14, 4)
(14, 3)
(14, 2)
(14, 1)
(15, 1)
kaikki ok
Reitin pituus: 16
(4, 14)
(4, 13)
(4, 12)
(4, 11)
(4, 10)
(4, 9)
(4, 8)
(4, 7)
(4, 6)
(4, 5)
(4, 4)
(4, 3)
(5, 3)
(6, 3)
(7, 3)
(8, 3)
(8, 2)
kaikki ok
Reitin pituus: 13
(11, 17)
(12, 17)
(12, 16)
(12, 15)
(11, 15)
(10, 15)
(9, 15)
(8, 15)
(7, 15)
(6, 15)
(5, 15)
(4, 15)
(4, 16)
(4, 17)
kaikki ok
Reitin pituus: 0
(17, 15)
kaikki ok
Reitin pituus: 4
(6, 11)
(6, 10)
(6, 9)
(5, 9)
(4, 9)
kaikki ok
Reitin pituus: 15
(13, 1)
(14, 1)
(14, 2)
(14, 3)
(13, 3)
(12, 3)
(12, 4)
(12, 5)
(11, 5)
(10, 5)
(10, 6)
(10, 7)
(9, 7)
(9, 8)
(9, 9)
(10, 9)
kaikki ok
Reitin pituus: 13
(12, 17)
(12, 16)
(12, 15)
(13, 15)
(14, 15)
(14, 14)
(14, 13)
(14, 12)
(14, 11)
(14, 10)
(14, 9)
(13, 9)
(12, 9)
(12, 8)
kaikki ok
Reitin pituus: 18
(14, 7)
(14, 6)
(14, 5)
(14, 4)
(14, 3)
(13, 3)
(12, 3)
(11, 3)
(10, 3)
(9, 3)
(8, 3)
(7, 3)
(6, 3)
(5, 3)
(4, 3)
(4, 4)
(4, 5)
(3, 5)
(2, 5)
kaikki ok
Reitin pituus: 10
(15, 5)
(14, 5)
(14, 6)
(14, 7)
(14, 8)
(14, 9)
(14, 10)
(14, 11)
(14, 12)
(14, 13)
(13, 13)
kaikki ok
Reitin pituus: 14
(12, 16)
(12, 15)
(11, 15)
(10, 15)
(9, 15)
(8, 15)
(8, 14)
(8, 13)
(7, 13)
(6, 13)
(6, 12)
(6, 11)
(6, 10)
(6, 9)
(6, 8)
kaikki ok
Reitin pituus: 2
(12, 15)
(13, 15)
(14, 15)
kaikki ok
Reitin pituus: 9
(9, 7)
(10, 7)
(10, 6)
(10, 5)
(11, 5)
(12, 5)
(12, 4)
(12, 3)
(13, 3)
(14, 3)
kaikki ok
Reitin pituus: 17
(2, 17)
(1, 17)
(1, 18)
(1, 19)
(2, 19)
(3, 19)
(4, 19)
(5, 19)
(6, 19)
(7, 19)
(8, 19)
(9, 19)
(10, 19)
(11, 19)
(12, 19)
(13, 19)
(14, 19)
(15, 19)
kaikki ok
Reitin pituus: 8
(11, 17)
(12, 17)
(12, 16)
(12, 15)
(13, 15)
(14, 15)
(14, 14)
(14, 13)
(14, 12)
kaikki ok
Reitin pituus: 14
(12, 13)
(13, 13)
(14, 13)
(14, 12)
(14, 11)
(14, 10)
(14, 9)
(14, 8)
(14, 7)
(14, 6)
(14, 5)
(14, 4)
(14, 3)
(15, 3)
(16, 3)
kaikki ok
Reitin pituus: 19
(4, 12)
(4, 13)
(5, 13)
(6, 13)
(6, 12)
(6, 11)
(7, 11)
(8, 11)
(9, 11)
(10, 11)
(11, 11)
(12, 11)
(12, 10)
(12, 9)
(13, 9)
(14, 9)
(14, 8)
(14, 7)
(14, 6)
(14, 5)
kaikki ok
Reitin pituus: 13
(9, 19)
(10, 19)
(10, 18)
(10, 17)
(11, 17)
(12, 17)
(12, 16)
(12, 15)
(13, 15)
(14, 15)
(14, 14)
(14, 13)
(15, 13)
(16, 13)
kaikki ok
Reitin pituus: 13
(4, 10)
(4, 9)
(5, 9)
(6, 9)
(6, 8)
(6, 7)
(7, 7)
(8, 7)
(9, 7)
(10, 7)
(10, 6)
(10, 5)
(11, 5)
(12, 5)
kaikki ok
Reitin pituus: 1
(14, 15)
(14, 16)
kaikki ok
Reitin pituus: 5
(9, 9)
(9, 8)
(9, 7)
(10, 7)
(11, 7)
(12, 7)
kaikki ok
Reitin pituus: 21
(3, 1)
(4, 1)
(4, 2)
(4, 3)
(4, 4)
(4, 5)
(4, 6)
(4, 7)
(4, 8)
(4, 9)
(5, 9)
(6, 9)
(6, 10)
(6, 11)
(7, 11)
(8, 11)
(9, 11)
(10, 11)
(11, 11)
(12, 11)
(12, 12)
(12, 13)
kaikki ok
Reitin pituus: 18
(15, 3)
(14, 3)
(14, 4)
(14, 5)
(14, 6)
(14, 7)
(14, 8)
(14, 9)
(13, 9)
(12, 9)
(12, 10)
(12, 11)
(12, 12)
(12, 13)
(11, 13)
(10, 13)
(10, 14)
(10, 15)
(9, 15)
kaikki ok
Reitin pituus: 27
(14, 1)
(14, 2)
(14, 3)
(13, 3)
(12, 3)
(12, 4)
(12, 5)
(11, 5)
(10, 5)
(10, 6)
(10, 7)
(9, 7)
(8, 7)
(7, 7)
(6, 7)
(6, 8)
(6, 9)
(6, 10)
(6, 11)
(6, 12)
(6, 13)
(5, 13)
(4, 13)
(4, 14)
(4, 15)
(4, 16)
(4, 17)
(3, 17)
kaikki ok
Reitin pituus: 19
(4, 2)
(4, 3)
(5, 3)
(6, 3)
(7, 3)
(8, 3)
(9, 3)
(10, 3)
(11, 3)
(12, 3)
(13, 3)
(14, 3)
(14, 4)
(14, 5)
(14, 6)
(14, 7)
(14, 8)
(14, 9)
(14, 10)
(14, 11)
kaikki ok
Reitin pituus: 13
(16, 19)
(15, 19)
(14, 19)
(13, 19)
(12, 19)
(11, 19)
(10, 19)
(9, 19)
(8, 19)
(7, 19)
(6, 19)
(5, 19)
(4, 19)
(3, 19)
kaikki ok
Reitin pituus: 11
(12, 17)
(12, 16)
(12, 15)
(13, 15)
(14, 15)
(14, 14)
(14, 13)
(14, 12)
(14, 11)
(14, 10)
(14, 9)
(14, 8)
kaikki ok
Reitin pituus: 14
(12, 19)
(11, 19)
(10, 19)
(10, 18)
(10, 17)
(11, 17)
(12, 17)
(12, 16)
(12, 15)
(11, 15)
(10, 15)
(9, 15)
(8, 15)
(8, 14)
(8, 13)
kaikki ok
Reitin pituus: 24
(8, 13)
(7, 13)
(6, 13)
(6, 12)
(6, 11)
(6, 10)
(6, 9)
(6, 8)
(6, 7)
(7, 7)
(8, 7)
(9, 7)
(10, 7)
(10, 6)
(10, 5)
(11, 5)
(12, 5)
(12, 4)
(12, 3)
(13, 3)
(14, 3)
(14, 2)
(14, 1)
(15, 1)
(16, 1)
kaikki ok
Reitin pituus: 19
(2, 19)
(1, 19)
(1, 18)
(1, 17)
(2, 17)
(3, 17)
(4, 17)
(4, 16)
(4, 15)
(4, 14)
(4, 13)
(4, 12)
(4, 11)
(4, 10)
(4, 9)
(4, 8)
(4, 7)
(4, 6)
(4, 5)
(4, 4)
kaikki ok
Reitin pituus: 16
(4, 2)
(4, 3)
(5, 3)
(6, 3)
(7, 3)
(8, 3)
(9, 3)
(10, 3)
(11, 3)
(12, 3)
(13, 3)
(14, 3)
(14, 2)
(14, 1)
(15, 1)
(16, 1)
(17, 1)
kaikki ok
Reitin pituus: 21
(14, 10)
(14, 9)
(13, 9)
(12, 9)
(12, 8)
(12, 7)
(11, 7)
(10, 7)
(9, 7)
(8, 7)
(8, 6)
(8, 5)
(7, 5)
(6, 5)
(6, 4)
(6, 3)
(5, 3)
(4, 3)
(3, 3)
(2, 3)
(1, 3)
(1, 2)
kaikki ok
Reitin pituus: 14
(12, 5)
(11, 5)
(10, 5)
(10, 6)
(10, 7)
(9, 7)
(8, 7)
(7, 7)
(6, 7)
(6, 8)
(6, 9)
(5, 9)
(4, 9)
(4, 10)
(4, 11)
kaikki ok
Reitin pituus: 25
(3, 19)
(2, 19)
(1, 19)
(1, 18)
(1, 17)
(2, 17)
(3, 17)
(4, 17)
(4, 16)
(4, 15)
(4, 14)
(4, 13)
(4, 12)
(4, 11)
(4, 10)
(4, 9)
(4, 8)
(4, 7)
(4, 6)
(4, 5)
(4, 4)
(4, 3)
(4, 2)
(4, 1)
(5, 1)
(6, 1)
kaikki ok
Reitin pituus: 9
(15, 19)
(16, 19)
(17, 19)
(17, 18)
(17, 17)
(16, 17)
(15, 17)
(14, 17)
(14, 16)
(14, 15)
kaikki ok
Reitin pituus: 10
(8, 19)
(9, 19)
(10, 19)
(11, 19)
(12, 19)
(13, 19)
(14, 19)
(15, 19)
(16, 19)
(17, 19)
(17, 18)
kaikki ok
Reitin pituus: 3
(14, 12)
(14, 13)
(15, 13)
(16, 13)
kaikki ok
Reitin pituus: 5
(8, 15)
(9, 15)
(10, 15)
(11, 15)
(12, 15)
(13, 15)
kaikki ok
Reitin pituus: 16
(1, 13)
(2, 13)
(3, 13)
(4, 13)
(4, 12)
(4, 11)
(4, 10)
(4, 9)
(4, 8)
(4, 7)
(4, 6)
(4, 5)
(4, 4)
(4, 3)
(5, 3)
(6, 3)
(6, 4)
kaikki ok
Reitin pituus: 18
(17, 14)
(17, 13)
(16, 13)
(15, 13)
(14, 13)
(13, 13)
(12, 13)
(12, 12)
(12, 11)
(12, 10)
(12, 9)
(12, 8)
(12, 7)
(11, 7)
(10, 7)
(9, 7)
(9, 8)
(9, 9)
(10, 9)
kaikki ok
Reitin pituus: 19
(1, 19)
(1, 18)
(1, 17)
(2, 17)
(3, 17)
(4, 17)
(4, 16)
(4, 15)
(4, 14)
(4, 13)
(5, 13)
(6, 13)
(6, 12)
(6, 11)
(6, 10)
(6, 9)
(6, 8)
(6, 7)
(7, 7)
(8, 7)
kaikki ok
Reitin pituus: 15
(8, 13)
(7, 13)
(6, 13)
(5, 13)
(4, 13)
(4, 12)
(4, 11)
(4, 10)
(4, 9)
(4, 8)
(4, 7)
(4, 6)
(4, 5)
(4, 4)
(4, 3)
(5, 3)
kaikki ok
Reitin pituus: 8
(4, 19)
(5, 19)
(6, 19)
(7, 19)
(8, 19)
(8, 18)
(8, 17)
(7, 17)
(6, 17)
kaikki ok
Reitin pituus: 14
(10, 14)
(10, 15)
(11, 15)
(12, 15)
(12, 16)
(12, 17)
(11, 17)
(10, 17)
(10, 18)
(10, 19)
(9, 19)
(8, 19)
(7, 19)
(6, 19)
(5, 19)
kaikki ok
Reitin pituus: 16
(1, 4)
(1, 3)
(2, 3)
(3, 3)
(4, 3)
(5, 3)
(6, 3)
(7, 3)
(8, 3)
(9, 3)
(10, 3)
(11, 3)
(12, 3)
(13, 3)
(14, 3)
(15, 3)
(16, 3)
kaikki ok
Reitin pituus: 22
(7, 19)
(8, 19)
(9, 19)
(10, 19)
(10, 18)
(10, 17)
(11, 17)
(12, 17)
(12, 16)
(12, 15)
(13, 15)
(14, 15)
(14, 14)
(14, 13)
(14, 12)
(14, 11)
(14, 10)
(14, 9)
(14, 8)
(14, 7)
(14, 6)
(14, 5)
(14, 4)
kaikki ok
Reitin pituus: 19
(7, 3)
(6, 3)
(6, 4)
(6, 5)
(7, 5)
(8, 5)
(8, 6)
(8, 7)
(9, 7)
(10, 7)
(11, 7)
(12, 7)
(12, 8)
(12, 9)
(12, 10)
(12, 11)
(12, 12)
(12, 13)
(11, 13)
(10, 13)
kaikki ok
Reitin pituus: 16
(8, 7)
(7, 7)
(6, 7)
(6, 8)
(6, 9)
(6, 10)
(6, 11)
(6, 12)
(6, 13)
(7, 13)
(8, 13)
(8, 14)
(8, 15)
(7, 15)
(6, 15)
(6, 16)
(6, 17)
kaikki ok
Reitin pituus: 17
(11, 3)
(12, 3)
(13, 3)
(14, 3)
(14, 4)
(14, 5)
(14, 6)
(14, 7)
(14, 8)
(14, 9)
(14, 10)
(14, 11)
(14, 12)
(14, 13)
(14, 14)
(14, 15)
(13, 15)
(12, 15)
kaikki ok
Reitin pituus: 18
(4, 13)
(4, 12)
(4, 11)
(4, 10)
(4, 9)
(4, 8)
(4, 7)
(4, 6)
(4, 5)
(4, 4)
(4, 3)
(5, 3)
(6, 3)
(7, 3)
(8, 3)
(9, 3)
(10, 3)
(11, 3)
(12, 3)
kaikki ok
Reitin pituus: 28
(7, 3)
(8, 3)
(9, 3)
(10, 3)
(11, 3)
(12, 3)
(13, 3)
(14, 3)
(14, 4)
(14, 5)
(14, 6)
(14, 7)
(14, 8)
(14, 9)
(14, 10)
(14, 11)
(14, 12)
(14, 13)
(14, 14)
(14, 15)
(14, 16)
(14, 17)
(15, 17)
(16, 17)
(17, 17)
(17, 18)
(17, 19)
(16, 19)
(15, 19)
kaikki ok
Reitin pituus: 16
(4, 10)
(4, 9)
(5, 9)
(6, 9)
(6, 8)
(6, 7)
(7, 7)
(8, 7)
(9, 7)
(10, 7)
(11, 7)
(12, 7)
(12, 8)
(12, 9)
(13, 9)
(14, 9)
(14, 8)
kaikki ok
Reitin pituus: 7
(15, 19)
(16, 19)
(17, 19)
(17, 18)
(17, 17)
(16, 17)
(16, 16)
(16, 15)
kaikki ok
Reitin pituus: 17
(4, 15)
(4, 14)
(4, 13)
(5, 13)
(6, 13)
(6, 12)
(6, 11)
(7, 11)
(8, 11)
(9, 11)
(10, 11)
(11, 11)
(12, 11)
(12, 10)
(12, 9)
(13, 9)
(14, 9)
(14, 8)
kaikki ok
Reitin pituus: 17
(10, 13)
(11, 13)
(12, 13)
(13, 13)
(14, 13)
(14, 12)
(14, 11)
(14, 10)
(14, 9)
(14, 8)
(14, 7)
(14, 6)
(14, 5)
(14, 4)
(14, 3)
(15, 3)
(16, 3)
(17, 3)
kaikki ok
Reitin pituus: 13
(6, 4)
(6, 3)
(7, 3)
(8, 3)
(9, 3)
(10, 3)
(11, 3)
(12, 3)
(13, 3)
(14, 3)
(15, 3)
(16, 3)
(17, 3)
(17, 2)
kaikki ok
Reitin pituus: 3
(10, 13)
(10, 14)
(10, 15)
(11, 15)
kaikki ok
Reitin pituus: 22
(12, 19)
(11, 19)
(10, 19)
(10, 18)
(10, 17)
(11, 17)
(12, 17)
(12, 16)
(12, 15)
(13, 15)
(14, 15)
(14, 14)
(14, 13)
(14, 12)
(14, 11)
(14, 10)
(14, 9)
(13, 9)
(12, 9)
(12, 8)
(12, 7)
(11, 7)
(10, 7)
kaikki ok
Reitin pituus: 9
(6, 11)
(6, 12)
(6, 13)
(7, 13)
(8, 13)
(8, 14)
(8, 15)
(9, 15)
(10, 15)
(11, 15)
kaikki ok
Reitin pituus: 14
(13, 13)
(12, 13)
(12, 12)
(12, 11)
(12, 10)
(12, 9)
(12, 8)
(12, 7)
(11, 7)
(10, 7)
(9, 7)
(8, 7)
(8, 6)
(8, 5)
(7, 5)
kaikki ok
Reitin pituus: 20
(5, 15)
(6, 15)
(7, 15)
(8, 15)
(9, 15)
(10, 15)
(11, 15)
(12, 15)
(13, 15)
(14, 15)
(14, 14)
(14, 13)
(14, 12)
(14, 11)
(14, 10)
(14, 9)
(14, 8)
(14, 7)
(14, 6)
(14, 5)
(14, 4)
kaikki ok
Reitin pituus: 25
(7, 19)
(8, 19)
(8, 18)
(8, 17)
(7, 17)
(6, 17)
(6, 16)
(6, 15)
(5, 15)
(4, 15)
(4, 14)
(4, 13)
(5, 13)
(6, 13)
(6, 12)
(6, 11)
(6, 10)
(6, 9)
(6, 8)
(6, 7)
(7, 7)
(8, 7)
(8, 6)
(8, 5)
(7, 5)
(6, 5)
kaikki ok
Reitin pituus: 14
(11, 13)
(10, 13)
(10, 14)
(10, 15)
(11, 15)
(12, 15)
(12, 16)
(12, 17)
(11, 17)
(10, 17)
(10, 18)
(10, 19)
(9, 19)
(8, 19)
(7, 19)
kaikki ok
Reitin pituus: 16
(13, 3)
(14, 3)
(14, 4)
(14, 5)
(14, 6)
(14, 7)
(14, 8)
(14, 9)
(13, 9)
(12, 9)
(12, 10)
(12, 11)
(12, 12)
(12, 13)
(11, 13)
(10, 13)
(10, 14)
kaikki ok
Reitin pituus: 4
(8, 1)
(8, 2)
(8, 3)
(9, 3)
(10, 3)
kaikki ok
Reitin pituus: 11
(11, 7)
(10, 7)
(9, 7)
(8, 7)
(7, 7)
(6, 7)
(6, 8)
(6, 9)
(5, 9)
(4, 9)
(4, 8)
(4, 7)
kaikki ok
Reitin pituus: 12
(12, 3)
(11, 3)
(10, 3)
(9, 3)
(8, 3)
(7, 3)
(6, 3)
(5, 3)
(4, 3)
(3, 3)
(2, 3)
(1, 3)
(1, 4)
kaikki ok
Reitin pituus: 5
(4, 11)
(4, 12)
(4, 13)
(3, 13)
(2, 13)
(1, 13)
kaikki ok
Reitin pituus: 12
(9, 7)
(8, 7)
(8, 6)
(8, 5)
(7, 5)
(6, 5)
(6, 4)
(6, 3)
(7, 3)
(8, 3)
(8, 2)
(8, 1)
(7, 1)
kaikki ok
Reitin pituus: 18
(17, 15)
(17, 14)
(17, 13)
(16, 13)
(15, 13)
(14, 13)
(14, 12)
(14, 11)
(14, 10)
(14, 9)
(14, 8)
(14, 7)
(14, 6)
(14, 5)
(14, 4)
(14, 3)
(13, 3)
(12, 3)
(12, 4)
kaikki ok
Reitin pituus: 5
(4, 12)
(4, 13)
(5, 13)
(6, 13)
(6, 12)
(6, 11)
kaikki ok
Reitin pituus: 11
(9, 9)
(9, 8)
(9, 7)
(10, 7)
(10, 6)
(10, 5)
(11, 5)
(12, 5)
(12, 4)
(12, 3)
(13, 3)
(14, 3)
kaikki ok
Reitin pituus: 14
(3, 13)
(4, 13)
(5, 13)
(6, 13)
(6, 12)
(6, 11)
(6, 10)
(6, 9)
(6, 8)
(6, 7)
(7, 7)
(8, 7)
(9, 7)
(9, 8)
(9, 9)
kaikki ok
Reitin pituus: 11
(4, 19)
(5, 19)
(6, 19)
(7, 19)
(8, 19)
(9, 19)
(10, 19)
(10, 18)
(10, 17)
(11, 17)
(12, 17)
(12, 16)
kaikki ok
Reitin pituus: 22
(10, 15)
(10, 14)
(10, 13)
(11, 13)
(12, 13)
(12, 12)
(12, 11)
(12, 10)
(12, 9)
(13, 9)
(14, 9)
(14, 8)
(14, 7)
(14, 6)
(14, 5)
(14, 4)
(14, 3)
(14, 2)
(14, 1)
(13, 1)
(12, 1)
(11, 1)
(10, 1)
kaikki ok
Reitin pituus: 13
(4, 6)
(4, 7)
(4, 8)
(4, 9)
(4, 10)
(4, 11)
(4, 12)
(4, 13)
(4, 14)
(4, 15)
(5, 15)
(6, 15)
(6, 16)
(6, 17)
kaikki ok
Reitin pituus: 26
(10, 1)
(11, 1)
(12, 1)
(13, 1)
(14, 1)
(14, 2)
(14, 3)
(14, 4)
(14, 5)
(14, 6)
(14, 7)
(14, 8)
(14, 9)
(14, 10)
(14, 11)
(14, 12)
(14, 13)
(14, 14)
(14, 15)
(14, 16)
(14, 17)
(15, 17)
(16, 17)
(17, 17)
(17, 18)
(17, 19)
(16, 19)
kaikki ok
Reitin pituus: 13
(14, 10)
(14, 9)
(13, 9)
(12, 9)
(12, 10)
(12, 11)
(11, 11)
(10, 11)
(9, 11)
(8, 11)
(7, 11)
(6, 11)
(6, 12)
(6, 13)
kaikki ok
Reitin pituus: 15
(10, 5)
(10, 6)
(10, 7)
(11, 7)
(12, 7)
(12, 8)
(12, 9)
(13, 9)
(14, 9)
(14, 10)
(14, 11)
(14, 12)
(14, 13)
(15, 13)
(16, 13)
(17, 13)
kaikki ok
Reitin pituus: 6
(16, 15)
(16, 16)
(16, 17)
(15, 17)
(14, 17)
(14, 16)
(14, 15)
kaikki ok
Reitin pituus: 26
(5, 15)
(6, 15)
(7, 15)
(8, 15)
(9, 15)
(10, 15)
(11, 15)
(12, 15)
(13, 15)
(14, 15)
(14, 14)
(14, 13)
(14, 12)
(14, 11)
(14, 10)
(14, 9)
(14, 8)
(14, 7)
(14, 6)
(14, 5)
(15, 5)
(16, 5)
(17, 5)
(17, 4)
(17, 3)
(17, 2)
(17, 1)
kaikki ok
Reitin pituus: 16
(1, 17)
(2, 17)
(3, 17)
(4, 17)
(4, 16)
(4, 15)
(5, 15)
(6, 15)
(7, 15)
(8, 15)
(9, 15)
(10, 15)
(10, 14)
(10, 13)
(11, 13)
(12, 13)
(13, 13)
kaikki ok
Reitin pituus: 20
(14, 6)
(14, 7)
(14, 8)
(14, 9)
(14, 10)
(14, 11)
(14, 12)
(14, 13)
(14, 14)
(14, 15)
(13, 15)
(12, 15)
(12, 16)
(12, 17)
(11, 17)
(10, 17)
(10, 18)
(10, 19)
(9, 19)
(8, 19)
(8, 18)
kaikki ok
Reitin pituus: 6
(6, 15)
(5, 15)
(4, 15)
(4, 14)
(4, 13)
(3, 13)
(2, 13)
kaikki ok
Reitin pituus: 16
(14, 15)
(14, 14)
(14, 13)
(13, 13)
(12, 13)
(12, 12)
(12, 11)
(12, 10)
(12, 9)
(12, 8)
(12, 7)
(11, 7)
(10, 7)
(9, 7)
(8, 7)
(8, 6)
(8, 5)
kaikki ok
Reitin pituus: 9
(14, 11)
(14, 12)
(14, 13)
(14, 14)
(14, 15)
(13, 15)
(12, 15)
(12, 16)
(12, 17)
(11, 17)
kaikki ok
Reitin pituus: 12
(6, 12)
(6, 11)
(6, 10)
(6, 9)
(5, 9)
(4, 9)
(4, 8)
(4, 7)
(4, 6)
(4, 5)
(4, 4)
(4, 3)
(3, 3)
kaikki ok
Reitin pituus: 10
(14, 14)
(14, 15)
(13, 15)
(12, 15)
(12, 16)
(12, 17)
(11, 17)
(10, 17)
(10, 18)
(10, 19)
(9, 19)
kaikki ok
Reitin pituus: 7
(4, 7)
(4, 8)
(4, 9)
(5, 9)
(6, 9)
(6, 8)
(6, 7)
(7, 7)
kaikki ok
Reitin pituus: 4
(12, 16)
(12, 15)
(13, 15)
(14, 15)
(14, 14)
kaikki ok
Reitin pituus: 25
(3, 3)
(4, 3)
(4, 4)
(4, 5)
(4, 6)
(4, 7)
(4, 8)
(4, 9)
(4, 10)
(4, 11)
(4, 12)
(4, 13)
(5, 13)
(6, 13)
(7, 13)
(8, 13)
(8, 14)
(8, 15)
(9, 15)
(10, 15)
(11, 15)
(12, 15)
(13, 15)
(14, 15)
(14, 16)
(14, 17)
kaikki ok
Reitin pituus: 16
(14, 9)
(13, 9)
(12, 9)
(12, 10)
(12, 11)
(11, 11)
(10, 11)
(9, 11)
(8, 11)
(7, 11)
(6, 11)
(6, 10)
(6, 9)
(5, 9)
(4, 9)
(4, 10)
(4, 11)
kaikki ok
Reitin pituus: 9
(14, 16)
(14, 15)
(14, 14)
(14, 13)
(13, 13)
(12, 13)
(12, 12)
(12, 11)
(12, 10)
(12, 9)
kaikki ok
Reitin pituus: 9
(11, 5)
(12, 5)
(12, 4)
(12, 3)
(13, 3)
(14, 3)
(14, 4)
(14, 5)
(14, 6)
(14, 7)
kaikki ok
Reitin pituus: 19
(14, 5)
(14, 6)
(14, 7)
(14, 8)
(14, 9)
(14, 10)
(14, 11)
(14, 12)
(14, 13)
(14, 14)
(14, 15)
(13, 15)
(12, 15)
(12, 16)
(12, 17)
(11, 17)
(10, 17)
(10, 18)
(10, 19)
(9, 19)
kaikki ok
Reitin pituus: 25
(8, 19)
(9, 19)
(10, 19)
(10, 18)
(10, 17)
(11, 17)
(12, 17)
(12, 16)
(12, 15)
(13, 15)
(14, 15)
(14, 14)
(14, 13)
(14, 12)
(14, 11)
(14, 10)
(14, 9)
(14, 8)
(14, 7)
(14, 6)
(14, 5)
(14, 4)
(14, 3)
(13, 3)
(12, 3)
(11, 3)
kaikki ok
Reitin pituus: 12
(17, 17)
(17, 18)
(17, 19)
(16, 19)
(15, 19)
(14, 19)
(13, 19)
(12, 19)
(11, 19)
(10, 19)
(9, 19)
(8, 19)
(8, 18)
kaikki ok
Reitin pituus: 15
(4, 1)
(4, 2)
(4, 3)
(4, 4)
(4, 5)
(4, 6)
(4, 7)
(4, 8)
(4, 9)
(5, 9)
(6, 9)
(6, 10)
(6, 11)
(7, 11)
(8, 11)
(9, 11)
kaikki ok
Reitin pituus: 15
(8, 9)
(9, 9)
(9, 8)
(9, 7)
(10, 7)
(11, 7)
(12, 7)
(12, 8)
(12, 9)
(12, 10)
(12, 11)
(12, 12)
(12, 13)
(11, 13)
(10, 13)
(10, 14)
kaikki ok
Reitin pituus: 18
(16, 16)
(16, 17)
(15, 17)
(14, 17)
(14, 16)
(14, 15)
(14, 14)
(14, 13)
(13, 13)
(12, 13)
(12, 12)
(12, 11)
(12, 10)
(12, 9)
(12, 8)
(12, 7)
(11, 7)
(10, 7)
(10, 6)
kaikki ok
Reitin pituus: 11
(4, 9)
(4, 10)
(4, 11)
(4, 12)
(4, 13)
(3, 13)
(2, 13)
(1, 13)
(1, 14)
(1, 15)
(2, 15)
(2, 16)
kaikki ok
Reitin pituus: 18
(17, 14)
(17, 13)
(16, 13)
(15, 13)
(14, 13)
(14, 12)
(14, 11)
(14, 10)
(14, 9)
(14, 8)
(14, 7)
(14, 6)
(14, 5)
(14, 4)
(14, 3)
(14, 2)
(14, 1)
(13, 1)
(12, 1)
kaikki ok
Reitin pituus: 20
(15, 1)
(14, 1)
(14, 2)
(14, 3)
(14, 4)
(14, 5)
(14, 6)
(14, 7)
(14, 8)
(14, 9)
(14, 10)
(14, 11)
(14, 12)
(14, 13)
(14, 14)
(14, 15)
(14, 16)
(14, 17)
(15, 17)
(16, 17)
(16, 16)
kaikki ok
Reitin pituus: 10
(5, 15)
(4, 15)
(4, 16)
(4, 17)
(3, 17)
(2, 17)
(1, 17)
(1, 18)
(1, 19)
(2, 19)
(3, 19)
kaikki ok
Reitin pituus: 12
(4, 10)
(4, 11)
(4, 12)
(4, 13)
(5, 13)
(6, 13)
(7, 13)
(8, 13)
(8, 14)
(8, 15)
(9, 15)
(10, 15)
(10, 14)
kaikki ok
Reitin pituus: 20
(13, 15)
(12, 15)
(11, 15)
(10, 15)
(9, 15)
(8, 15)
(7, 15)
(6, 15)
(5, 15)
(4, 15)
(4, 14)
(4, 13)
(4, 12)
(4, 11)
(4, 10)
(4, 9)
(4, 8)
(4, 7)
(4, 6)
(4, 5)
(4, 4)
kaikki ok
Reitin pituus: 7
(10, 17)
(11, 17)
(12, 17)
(12, 16)
(12, 15)
(11, 15)
(10, 15)
(10, 14)
kaikki ok
Reitin pituus: 6
(12, 7)
(11, 7)
(10, 7)
(10, 6)
(10, 5)
(11, 5)
(12, 5)
kaikki ok
Reitin pituus: 14
(15, 5)
(14, 5)
(14, 6)
(14, 7)
(14, 8)
(14, 9)
(14, 10)
(14, 11)
(14, 12)
(14, 13)
(15, 13)
(16, 13)
(17, 13)
(17, 14)
(17, 15)
kaikki ok
Reitin pituus: 9
(4, 11)
(4, 10)
(4, 9)
(4, 8)
(4, 7)
(4, 6)
(4, 5)
(4, 4)
(4, 3)
(5, 3)
kaikki ok
Reitin pituus: 19
(6, 8)
(6, 9)
(5, 9)
(4, 9)
(4, 10)
(4, 11)
(4, 12)
(4, 13)
(4, 14)
(4, 15)
(5, 15)
(6, 15)
(6, 16)
(6, 17)
(7, 17)
(8, 17)
(8, 18)
(8, 19)
(9, 19)
(10, 19)
kaikki ok
Reitin pituus: 18
(12, 9)
(12, 8)
(12, 7)
(11, 7)
(10, 7)
(9, 7)
(8, 7)
(8, 6)
(8, 5)
(7, 5)
(6, 5)
(6, 4)
(6, 3)
(5, 3)
(4, 3)
(3, 3)
(2, 3)
(1, 3)
(1, 2)
kaikki ok
Reitin pituus: 11
(13, 1)
(14, 1)
(14, 2)
(14, 3)
(13, 3)
(12, 3)
(12, 4)
(12, 5)
(11, 5)
(10, 5)
(10, 6)
(10, 7)
kaikki ok
Reitin pituus: 21
(10, 1)
(10, 2)
(10, 3)
(9, 3)
(8, 3)
(7, 3)
(6, 3)
(5, 3)
(4, 3)
(4, 4)
(4, 5)
(4, 6)
(4, 7)
(4, 8)
(4, 9)
(4, 10)
(4, 11)
(4, 12)
(4, 13)
(4, 14)
(4, 15)
(4, 16)
kaikki ok
Reitin pituus: 23
(1, 4)
(1, 5)
(2, 5)
(3, 5)
(4, 5)
(4, 6)
(4, 7)
(4, 8)
(4, 9)
(4, 10)
(4, 11)
(4, 12)
(4, 13)
(4, 14)
(4, 15)
(5, 15)
(6, 15)
(6, 16)
(6, 17)
(7, 17)
(8, 17)
(8, 18)
(8, 19)
(7, 19)
kaikki ok
Reitin pituus: 0
(14, 3)
kaikki ok
Reitin pituus: 6
(14, 11)
(14, 12)
(14, 13)
(13, 13)
(12, 13)
(11, 13)
(10, 13)
kaikki ok
Reitin pituus: 26
(12, 1)
(13, 1)
(14, 1)
(14, 2)
(14, 3)
(14, 4)
(14, 5)
(14, 6)
(14, 7)
(14, 8)
(14, 9)
(14, 10)
(14, 11)
(14, 12)
(14, 13)
(14, 14)
(14, 15)
(13, 15)
(12, 15)
(12, 16)
(12, 17)
(11, 17)
(10, 17)
(10, 18)
(10, 19)
(9, 19)
(8, 19)
kaikki ok
Reitin pituus: 22
(12, 19)
(11, 19)
(10, 19)
(10, 18)
(10, 17)
(11, 17)
(12, 17)
(12, 16)
(12, 15)
(13, 15)
(14, 15)
(14, 14)
(14, 13)
(14, 12)
(14, 11)
(14, 10)
(14, 9)
(14, 8)
(14, 7)
(14, 6)
(14, 5)
(15, 5)
(16, 5)
kaikki ok
Reitin pituus: 21
(7, 3)
(6, 3)
(5, 3)
(4, 3)
(4, 4)
(4, 5)
(4, 6)
(4, 7)
(4, 8)
(4, 9)
(4, 10)
(4, 11)
(4, 12)
(4, 13)
(4, 14)
(4, 15)
(4, 16)
(4, 17)
(3, 17)
(2, 17)
(1, 17)
(1, 18)
kaikki ok
Reitin pituus: 8
(16, 13)
(15, 13)
(14, 13)
(13, 13)
(12, 13)
(12, 12)
(12, 11)
(12, 10)
(12, 9)
kaikki ok
Reitin pituus: 5
(13, 15)
(12, 15)
(11, 15)
(10, 15)
(9, 15)
(8, 15)
kaikki ok
Reitin pituus: 3
(8, 2)
(8, 3)
(9, 3)
(10, 3)
kaikki ok
Reitin pituus: 5
(14, 4)
(14, 3)
(13, 3)
(12, 3)
(11, 3)
(10, 3)
kaikki ok
Reitin pituus: 22
(1, 19)
(1, 18)
(1, 17)
(2, 17)
(3, 17)
(4, 17)
(4, 16)
(4, 15)
(5, 15)
(6, 15)
(7, 15)
(8, 15)
(9, 15)
(10, 15)
(10, 14)
(10, 13)
(11, 13)
(12, 13)
(12, 12)
(12, 11)
(12, 10)
(12, 9)
(12, 8)
kaikki ok
Reitin pituus: 21
(4, 13)
(4, 12)
(4, 11)
(4, 10)
(4, 9)
(4, 8)
(4, 7)
(4, 6)
(4, 5)
(4, 4)
(4, 3)
(5, 3)
(6, 3)
(7, 3)
(8, 3)
(9, 3)
(10, 3)
(10, 2)
(10, 1)
(11, 1)
(12, 1)
(13, 1)
kaikki ok
Reitin pituus: 1
(10, 7)
(9, 7)
kaikki ok
Reitin pituus: 15
(15, 13)
(14, 13)
(14, 14)
(14, 15)
(13, 15)
(12, 15)
(11, 15)
(10, 15)
(9, 15)
(8, 15)
(7, 15)
(6, 15)
(5, 15)
(4, 15)
(4, 16)
(4, 17)
kaikki ok
Reitin pituus: 16
(4, 1)
(4, 2)
(4, 3)
(5, 3)
(6, 3)
(6, 4)
(6, 5)
(7, 5)
(8, 5)
(8, 6)
(8, 7)
(9, 7)
(10, 7)
(11, 7)
(12, 7)
(12, 8)
(12, 9)
kaikki ok
Reitin pituus: 10
(14, 10)
(14, 9)
(14, 8)
(14, 7)
(14, 6)
(14, 5)
(14, 4)
(14, 3)
(14, 2)
(14, 1)
(15, 1)
kaikki ok
Reitin pituus: 4
(4, 1)
(3, 1)
(2, 1)
(1, 1)
(1, 2)
kaikki ok
Reitin pituus: 17
(4, 10)
(4, 9)
(4, 8)
(4, 7)
(4, 6)
(4, 5)
(4, 4)
(4, 3)
(5, 3)
(6, 3)
(7, 3)
(8, 3)
(9, 3)
(10, 3)
(10, 2)
(10, 1)
(11, 1)
(12, 1)
kaikki ok
Reitin pituus: 7
(12, 5)
(12, 4)
(12, 3)
(11, 3)
(10, 3)
(9, 3)
(8, 3)
(7, 3)
kaikki ok
Reitin pituus: 11
(9, 7)
(8, 7)
(8, 6)
(8, 5)
(7, 5)
(6, 5)
(6, 4)
(6, 3)
(5, 3)
(4, 3)
(3, 3)
(2, 3)
kaikki ok
Reitin pituus: 26
(5, 19)
(6, 19)
(7, 19)
(8, 19)
(9, 19)
(10, 19)
(10, 18)
(10, 17)
(11, 17)
(12, 17)
(12, 16)
(12, 15)
(13, 15)
(14, 15)
(14, 14)
(14, 13)
(14, 12)
(14, 11)
(14, 10)
(14, 9)
(14, 8)
(14, 7)
(14, 6)
(14, 5)
(15, 5)
(16, 5)
(17, 5)
kaikki ok
Reitin pituus: 8
(3, 17)
(4, 17)
(4, 16)
(4, 15)
(5, 15)
(6, 15)
(6, 16)
(6, 17)
(7, 17)
kaikki ok
Reitin pituus: 20
(16, 19)
(17, 19)
(17, 18)
(17, 17)
(16, 17)
(15, 17)
(14, 17)
(14, 16)
(14, 15)
(13, 15)
(12, 15)
(11, 15)
(10, 15)
(9, 15)
(8, 15)
(8, 14)
(8, 13)
(7, 13)
(6, 13)
(6, 12)
(6, 11)
kaikki ok
Reitin pituus: 8
(4, 13)
(4, 14)
(4, 15)
(5, 15)
(6, 15)
(6, 16)
(6, 17)
(7, 17)
(8, 17)
kaikki ok
Reitin pituus: 4
(14, 3)
(15, 3)
(16, 3)
(17, 3)
(17, 2)
kaikki ok
Reitin pituus: 20
(10, 15)
(9, 15)
(8, 15)
(8, 14)
(8, 13)
(7, 13)
(6, 13)
(6, 12)
(6, 11)
(6, 10)
(6, 9)
(5, 9)
(4, 9)
(4, 8)
(4, 7)
(4, 6)
(4, 5)
(4, 4)
(4, 3)
(4, 2)
(4, 1)
kaikki ok
Reitin pituus: 8
(14, 11)
(14, 12)
(14, 13)
(15, 13)
(16, 13)
(17, 13)
(17, 14)
(17, 15)
(16, 15)
kaikki ok
Reitin pituus: 11
(14, 8)
(14, 9)
(14, 10)
(14, 11)
(14, 12)
(14, 13)
(15, 13)
(16, 13)
(17, 13)
(17, 14)
(17, 15)
(16, 15)
kaikki ok
Reitin pituus: 3
(7, 17)
(6, 17)
(6, 16)
(6, 15)
kaikki ok
Reitin pituus: 8
(5, 1)
(6, 1)
(7, 1)
(8, 1)
(8, 2)
(8, 3)
(9, 3)
(10, 3)
(11, 3)
kaikki ok
Reitin pituus: 17
(8, 15)
(9, 15)
(10, 15)
(11, 15)
(12, 15)
(13, 15)
(14, 15)
(14, 14)
(14, 13)
(14, 12)
(14, 11)
(14, 10)
(14, 9)
(14, 8)
(14, 7)
(14, 6)
(14, 5)
(14, 4)
kaikki ok
Reitin pituus: 10
(15, 19)
(16, 19)
(17, 19)
(17, 18)
(17, 17)
(16, 17)
(16, 16)
(16, 15)
(17, 15)
(17, 14)
(17, 13)
kaikki ok
Reitin pituus: 11
(12, 10)
(12, 11)
(12, 12)
(12, 13)
(11, 13)
(10, 13)
(10, 14)
(10, 15)
(9, 15)
(8, 15)
(8, 14)
(8, 13)
kaikki ok
Reitin pituus: 1
(10, 7)
(10, 6)
kaikki ok
Reitin pituus: 4
(4, 1)
(4, 2)
(4, 3)
(3, 3)
(2, 3)
kaikki ok
Reitin pituus: 7
(1, 15)
(1, 14)
(1, 13)
(2, 13)
(3, 13)
(4, 13)
(4, 12)
(4, 11)
kaikki ok
Reitin pituus: 19
(12, 17)
(12, 16)
(12, 15)
(13, 15)
(14, 15)
(14, 14)
(14, 13)
(14, 12)
(14, 11)
(14, 10)
(14, 9)
(14, 8)
(14, 7)
(14, 6)
(14, 5)
(14, 4)
(14, 3)
(13, 3)
(12, 3)
(12, 4)
kaikki ok
Reitin pituus: 20
(15, 1)
(14, 1)
(14, 2)
(14, 3)
(14, 4)
(14, 5)
(14, 6)
(14, 7)
(14, 8)
(14, 9)
(14, 10)
(14, 11)
(14, 12)
(14, 13)
(14, 14)
(14, 15)
(14, 16)
(14, 17)
(15, 17)
(16, 17)
(17, 17)
kaikki ok
Reitin pituus: 10
(9, 7)
(8, 7)
(7, 7)
(6, 7)
(6, 8)
(6, 9)
(6, 10)
(6, 11)
(7, 11)
(8, 11)
(9, 11)
kaikki ok
Reitin pituus: 21
(12, 9)
(12, 10)
(12, 11)
(12, 12)
(12, 13)
(11, 13)
(10, 13)
(10, 14)
(10, 15)
(9, 15)
(8, 15)
(7, 15)
(6, 15)
(5, 15)
(4, 15)
(4, 16)
(4, 17)
(3, 17)
(2, 17)
(1, 17)
(1, 18)
(1, 19)
kaikki ok
Reitin pituus: 7
(6, 8)
(6, 9)
(6, 10)
(6, 11)
(6, 12)
(6, 13)
(7, 13)
(8, 13)
kaikki ok
Reitin pituus: 15
(13, 15)
(14, 15)
(14, 14)
(14, 13)
(14, 12)
(14, 11)
(14, 10)
(14, 9)
(14, 8)
(14, 7)
(14, 6)
(14, 5)
(14, 4)
(14, 3)
(14, 2)
(14, 1)
kaikki ok
Reitin pituus: 15
(1, 3)
(2, 3)
(3, 3)
(4, 3)
(5, 3)
(6, 3)
(7, 3)
(8, 3)
(9, 3)
(10, 3)
(10, 2)
(10, 1)
(11, 1)
(12, 1)
(13, 1)
(14, 1)
kaikki ok
Reitin pituus: 1
(4, 1)
(3, 1)
kaikki ok
Reitin pituus: 27
(2, 3)
(3, 3)
(4, 3)
(4, 4)
(4, 5)
(4, 6)
(4, 7)
(4, 8)
(4, 9)
(4, 10)
(4, 11)
(4, 12)
(4, 13)
(4, 14)
(4, 15)
(5, 15)
(6, 15)
(6, 16)
(6, 17)
(7, 17)
(8, 17)
(8, 18)
(8, 19)
(9, 19)
(10, 19)
(11, 19)
(12, 19)
(13, 19)
kaikki ok
Reitin pituus: 5
(10, 1)
(10, 2)
(10, 3)
(9, 3)
(8, 3)
(8, 2)
kaikki ok
Reitin pituus: 15
(9, 9)
(9, 8)
(9, 7)
(8, 7)
(8, 6)
(8, 5)
(7, 5)
(6, 5)
(6, 4)
(6, 3)
(5, 3)
(4, 3)
(4, 2)
(4, 1)
(3, 1)
(2, 1)
kaikki ok
Reitin pituus: 13
(10, 15)
(9, 15)
(8, 15)
(8, 14)
(8, 13)
(7, 13)
(6, 13)
(6, 12)
(6, 11)
(6, 10)
(6, 9)
(6, 8)
(6, 7)
(7, 7)
kaikki ok
Reitin pituus: 3
(4, 17)
(4, 16)
(4, 15)
(4, 14)
kaikki ok
Reitin pituus: 5
(10, 3)
(9, 3)
(8, 3)
(8, 2)
(8, 1)
(7, 1)
kaikki ok
Reitin pituus: 5
(14, 2)
(14, 3)
(15, 3)
(16, 3)
(17, 3)
(17, 4)
kaikki ok
Reitin pituus: 26
(6, 19)
(7, 19)
(8, 19)
(8, 18)
(8, 17)
(7, 17)
(6, 17)
(6, 16)
(6, 15)
(5, 15)
(4, 15)
(4, 14)
(4, 13)
(4, 12)
(4, 11)
(4, 10)
(4, 9)
(4, 8)
(4, 7)
(4, 6)
(4, 5)
(4, 4)
(4, 3)
(4, 2)
(4, 1)
(5, 1)
(6, 1)
kaikki ok
Reitin pituus: 19
(6, 19)
(7, 19)
(8, 19)
(8, 18)
(8, 17)
(7, 17)
(6, 17)
(6, 16)
(6, 15)
(5, 15)
(4, 15)
(4, 14)
(4, 13)
(4, 12)
(4, 11)
(4, 10)
(4, 9)
(4, 8)
(4, 7)
(4, 6)
kaikki ok
Reitin pituus: 6
(12, 4)
(12, 3)
(13, 3)
(14, 3)
(14, 4)
(14, 5)
(14, 6)
kaikki ok
Reitin pituus: 11
(4, 9)
(5, 9)
(6, 9)
(6, 8)
(6, 7)
(7, 7)
(8, 7)
(9, 7)
(10, 7)
(10, 6)
(10, 5)
(11, 5)
kaikki ok
Reitin pituus: 9
(12, 9)
(13, 9)
(14, 9)
(14, 10)
(14, 11)
(14, 12)
(14, 13)
(15, 13)
(16, 13)
(17, 13)
kaikki ok
Reitin pituus: 10
(8, 2)
(8, 3)
(7, 3)
(6, 3)
(5, 3)
(4, 3)
(4, 4)
(4, 5)
(4, 6)
(4, 7)
(4, 8)
kaikki ok
Reitin pituus: 22
(14, 4)
(14, 5)
(14, 6)
(14, 7)
(14, 8)
(14, 9)
(14, 10)
(14, 11)
(14, 12)
(14, 13)
(14, 14)
(14, 15)
(13, 15)
(12, 15)
(12, 16)
(12, 17)
(11, 17)
(10, 17)
(10, 18)
(10, 19)
(9, 19)
(8, 19)
(7, 19)
kaikki ok
Reitin pituus: 9
(10, 14)
(10, 15)
(11, 15)
(12, 15)
(12, 16)
(12, 17)
(11, 17)
(10, 17)
(10, 18)
(10, 19)
kaikki ok
Reitin pituus: 16
(4, 1)
(4, 2)
(4, 3)
(5, 3)
(6, 3)
(7, 3)
(8, 3)
(9, 3)
(10, 3)
(11, 3)
(12, 3)
(13, 3)
(14, 3)
(14, 4)
(14, 5)
(14, 6)
(14, 7)
kaikki ok
Reitin pituus: 10
(4, 9)
(5, 9)
(6, 9)
(6, 8)
(6, 7)
(7, 7)
(8, 7)
(8, 6)
(8, 5)
(7, 5)
(6, 5)
kaikki ok
Reitin pituus: 23
(13, 9)
(14, 9)
(14, 10)
(14, 11)
(14, 12)
(14, 13)
(14, 14)
(14, 15)
(13, 15)
(12, 15)
(12, 16)
(12, 17)
(11, 17)
(10, 17)
(10, 18)
(10, 19)
(9, 19)
(8, 19)
(7, 19)
(6, 19)
(5, 19)
(4, 19)
(3, 19)
(2, 19)
kaikki ok
Reitin pituus: 15
(6, 7)
(7, 7)
(8, 7)
(9, 7)
(10, 7)
(10, 6)
(10, 5)
(11, 5)
(12, 5)
(12, 4)
(12, 3)
(11, 3)
(10, 3)
(10, 2)
(10, 1)
(11, 1)
kaikki ok
Reitin pituus: 13
(4, 8)
(4, 9)
(4, 10)
(4, 11)
(4, 12)
(4, 13)
(4, 14)
(4, 15)
(5, 15)
(6, 15)
(7, 15)
(8, 15)
(9, 15)
(10, 15)
kaikki ok
Reitin pituus: 20
(12, 16)
(12, 15)
(13, 15)
(14, 15)
(14, 14)
(14, 13)
(14, 12)
(14, 11)
(14, 10)
(14, 9)
(14, 8)
(14, 7)
(14, 6)
(14, 5)
(14, 4)
(14, 3)
(14, 2)
(14, 1)
(13, 1)
(12, 1)
(11, 1)
kaikki ok
Reitin pituus: 16
(2, 1)
(3, 1)
(4, 1)
(4, 2)
(4, 3)
(5, 3)
(6, 3)
(6, 4)
(6, 5)
(7, 5)
(8, 5)
(8, 6)
(8, 7)
(9, 7)
(10, 7)
(11, 7)
(12, 7)
kaikki ok
Reitin pituus: 16
(1, 5)
(1, 4)
(1, 3)
(2, 3)
(3, 3)
(4, 3)
(5, 3)
(6, 3)
(7, 3)
(8, 3)
(9, 3)
(10, 3)
(11, 3)
(12, 3)
(13, 3)
(14, 3)
(14, 4)
kaikki ok
Reitin pituus: 18
(7, 5)
(8, 5)
(8, 6)
(8, 7)
(9, 7)
(10, 7)
(11, 7)
(12, 7)
(12, 8)
(12, 9)
(12, 10)
(12, 11)
(12, 12)
(12, 13)
(13, 13)
(14, 13)
(14, 14)
(14, 15)
(14, 16)
kaikki ok
Reitin pituus: 16
(16, 13)
(15, 13)
(14, 13)
(14, 12)
(14, 11)
(14, 10)
(14, 9)
(14, 8)
(14, 7)
(14, 6)
(14, 5)
(14, 4)
(14, 3)
(14, 2)
(14, 1)
(13, 1)
(12, 1)
kaikki ok
Reitin pituus: 29
(17, 18)
(17, 17)
(16, 17)
(15, 17)
(14, 17)
(14, 16)
(14, 15)
(13, 15)
(12, 15)
(11, 15)
(10, 15)
(9, 15)
(8, 15)
(8, 14)
(8, 13)
(7, 13)
(6, 13)
(6, 12)
(6, 11)
(6, 10)
(6, 9)
(5, 9)
(4, 9)
(4, 8)
(4, 7)
(4, 6)
(4, 5)
(4, 4)
(4, 3)
(4, 2)
kaikki ok
Reitin pituus: 16
(10, 15)
(10, 14)
(10, 13)
(11, 13)
(12, 13)
(12, 12)
(12, 11)
(12, 10)
(12, 9)
(12, 8)
(12, 7)
(11, 7)
(10, 7)
(10, 6)
(10, 5)
(11, 5)
(12, 5)
kaikki ok
Reitin pituus: 9
(11, 17)
(10, 17)
(10, 18)
(10, 19)
(9, 19)
(8, 19)
(8, 18)
(8, 17)
(7, 17)
(6, 17)
kaikki ok
Reitin pituus: 14
(7, 17)
(6, 17)
(6, 16)
(6, 15)
(7, 15)
(8, 15)
(9, 15)
(10, 15)
(11, 15)
(12, 15)
(13, 15)
(14, 15)
(14, 16)
(14, 17)
(15, 17)
kaikki ok
Reitin pituus: 27
(1, 18)
(1, 17)
(2, 17)
(3, 17)
(4, 17)
(4, 16)
(4, 15)
(4, 14)
(4, 13)
(4, 12)
(4, 11)
(4, 10)
(4, 9)
(4, 8)
(4, 7)
(4, 6)
(4, 5)
(4, 4)
(4, 3)
(5, 3)
(6, 3)
(7, 3)
(8, 3)
(9, 3)
(10, 3)
(11, 3)
(12, 3)
(13, 3)
kaikki ok
Reitin pituus: 16
(14, 15)
(13, 15)
(12, 15)
(11, 15)
(10, 15)
(9, 15)
(8, 15)
(7, 15)
(6, 15)
(5, 15)
(4, 15)
(4, 16)
(4, 17)
(3, 17)
(2, 17)
(2, 16)
(2, 15)
kaikki ok
Reitin pituus: 14
(4, 2)
(4, 3)
(4, 4)
(4, 5)
(4, 6)
(4, 7)
(4, 8)
(4, 9)
(5, 9)
(6, 9)
(6, 10)
(6, 11)
(7, 11)
(8, 11)
(9, 11)
kaikki ok
Reitin pituus: 6
(11, 11)
(10, 11)
(9, 11)
(8, 11)
(7, 11)
(6, 11)
(6, 10)
kaikki ok
Reitin pituus: 19
(17, 2)
(17, 3)
(17, 4)
(17, 5)
(16, 5)
(15, 5)
(14, 5)
(14, 6)
(14, 7)
(14, 8)
(14, 9)
(14, 10)
(14, 11)
(14, 12)
(14, 13)
(15, 13)
(16, 13)
(17, 13)
(17, 14)
(17, 15)
kaikki ok
Reitin pituus: 8
(9, 3)
(10, 3)
(10, 2)
(10, 1)
(11, 1)
(12, 1)
(13, 1)
(14, 1)
(15, 1)
kaikki ok
Reitin pituus: 5
(13, 1)
(12, 1)
(11, 1)
(10, 1)
(10, 2)
(10, 3)
kaikki ok
Reitin pituus: 15
(17, 5)
(17, 4)
(17, 3)
(16, 3)
(15, 3)
(14, 3)
(13, 3)
(12, 3)
(12, 4)
(12, 5)
(11, 5)
(10, 5)
(10, 6)
(10, 7)
(9, 7)
(9, 8)
kaikki ok
Reitin pituus: 9
(16, 17)
(15, 17)
(14, 17)
(14, 16)
(14, 15)
(14, 14)
(14, 13)
(13, 13)
(12, 13)
(11, 13)
kaikki ok
Reitin pituus: 22
(6, 12)
(6, 11)
(7, 11)
(8, 11)
(9, 11)
(10, 11)
(11, 11)
(12, 11)
(12, 10)
(12, 9)
(13, 9)
(14, 9)
(14, 8)
(14, 7)
(14, 6)
(14, 5)
(14, 4)
(14, 3)
(14, 2)
(14, 1)
(15, 1)
(16, 1)
(17, 1)
kaikki ok
Reitin pituus: 13
(12, 13)
(12, 12)
(12, 11)
(12, 10)
(12, 9)
(12, 8)
(12, 7)
(11, 7)
(10, 7)
(10, 6)
(10, 5)
(11, 5)
(12, 5)
(12, 4)
kaikki ok
Reitin pituus: 19
(1, 4)
(1, 5)
(2, 5)
(3, 5)
(4, 5)
(4, 6)
(4, 7)
(4, 8)
(4, 9)
(5, 9)
(6, 9)
(6, 10)
(6, 11)
(6, 12)
(6, 13)
(7, 13)
(8, 13)
(8, 14)
(8, 15)
(9, 15)
kaikki ok
Reitin pituus: 12
(5, 3)
(4, 3)
(4, 4)
(4, 5)
(4, 6)
(4, 7)
(4, 8)
(4, 9)
(4, 10)
(4, 11)
(4, 12)
(4, 13)
(3, 13)
kaikki ok
Reitin pituus: 9
(4, 15)
(5, 15)
(6, 15)
(7, 15)
(8, 15)
(9, 15)
(10, 15)
(11, 15)
(12, 15)
(13, 15)
kaikki ok
Reitin pituus: 6
(6, 17)
(6, 16)
(6, 15)
(7, 15)
(8, 15)
(8, 14)
(8, 13)
kaikki ok
Reitin pituus: 4
(10, 3)
(9, 3)
(8, 3)
(7, 3)
(6, 3)
kaikki ok
Reitin pituus: 24
(5, 1)
(4, 1)
(4, 2)
(4, 3)
(4, 4)
(4, 5)
(4, 6)
(4, 7)
(4, 8)
(4, 9)
(4, 10)
(4, 11)
(4, 12)
(4, 13)
(4, 14)
(4, 15)
(5, 15)
(6, 15)
(6, 16)
(6, 17)
(7, 17)
(8, 17)
(8, 18)
(8, 19)
(7, 19)
kaikki ok
Reitin pituus: 18
(13, 13)
(14, 13)
(14, 12)
(14, 11)
(14, 10)
(14, 9)
(14, 8)
(14, 7)
(14, 6)
(14, 5)
(14, 4)
(14, 3)
(13, 3)
(12, 3)
(11, 3)
(10, 3)
(9, 3)
(8, 3)
(8, 2)
kaikki ok
Reitin pituus: 4
(4, 4)
(4, 5)
(4, 6)
(4, 7)
(4, 8)
kaikki ok
Reitin pituus: 11
(14, 5)
(14, 6)
(14, 7)
(14, 8)
(14, 9)
(13, 9)
(12, 9)
(12, 10)
(12, 11)
(11, 11)
(10, 11)
(9, 11)
kaikki ok
Reitin pituus: 18
(10, 7)
(11, 7)
(12, 7)
(12, 8)
(12, 9)
(13, 9)
(14, 9)
(14, 10)
(14, 11)
(14, 12)
(14, 13)
(14, 14)
(14, 15)
(13, 15)
(12, 15)
(12, 16)
(12, 17)
(11, 17)
(10, 17)
kaikki ok
Reitin pituus: 17
(4, 3)
(4, 4)
(4, 5)
(4, 6)
(4, 7)
(4, 8)
(4, 9)
(4, 10)
(4, 11)
(4, 12)
(4, 13)
(4, 14)
(4, 15)
(5, 15)
(6, 15)
(6, 16)
(6, 17)
(7, 17)
kaikki ok
Reitin pituus: 9
(8, 3)
(9, 3)
(10, 3)
(11, 3)
(12, 3)
(13, 3)
(14, 3)
(15, 3)
(16, 3)
(17, 3)
kaikki ok
Reitin pituus: 3
(11, 3)
(10, 3)
(9, 3)
(8, 3)
kaikki ok
Reitin pituus: 1
(2, 3)
(3, 3)
kaikki ok
Reitin pituus: 1
(6, 7)
(6, 8)
kaikki ok
Reitin pituus: 5
(14, 14)
(14, 13)
(15, 13)
(16, 13)
(17, 13)
(17, 14)
kaikki ok
Reitin pituus: 22
(12, 15)
(13, 15)
(14, 15)
(14, 14)
(14, 13)
(14, 12)
(14, 11)
(14, 10)
(14, 9)
(14, 8)
(14, 7)
(14, 6)
(14, 5)
(14, 4)
(14, 3)
(13, 3)
(12, 3)
(11, 3)
(10, 3)
(9, 3)
(8, 3)
(8, 2)
(8, 1)
kaikki ok
Reitin pituus: 13
(8, 5)
(8, 6)
(8, 7)
(7, 7)
(6, 7)
(6, 8)
(6, 9)
(6, 10)
(6, 11)
(6, 12)
(6, 13)
(5, 13)
(4, 13)
(3, 13)
kaikki ok
Reitin pituus: 24
(1, 3)
(2, 3)
(3, 3)
(4, 3)
(4, 4)
(4, 5)
(4, 6)
(4, 7)
(4, 8)
(4, 9)
(4, 10)
(4, 11)
(4, 12)
(4, 13)
(4, 14)
(4, 15)
(5, 15)
(6, 15)
(6, 16)
(6, 17)
(7, 17)
(8, 17)
(8, 18)
(8, 19)
(9, 19)
kaikki ok
Reitin pituus: 1
(4, 9)
(4, 8)
kaikki ok
Reitin pituus: 23
(9, 3)
(8, 3)
(7, 3)
(6, 3)
(5, 3)
(4, 3)
(4, 4)
(4, 5)
(4, 6)
(4, 7)
(4, 8)
(4, 9)
(4, 10)
(4, 11)
(4, 12)
(4, 13)
(4, 14)
(4, 15)
(4, 16)
(4, 17)
(3, 17)
(2, 17)
(1, 17)
(1, 18)
kaikki ok
Reitin pituus: 4
(12, 15)
(12, 16)
(12, 17)
(11, 17)
(10, 17)
kaikki ok
Reitin pituus: 16
(15, 17)
(14, 17)
(14, 16)
(14, 15)
(14, 14)
(14, 13)
(13, 13)
(12, 13)
(12, 12)
(12, 11)
(12, 10)
(12, 9)
(12, 8)
(12, 7)
(11, 7)
(10, 7)
(10, 6)
kaikki ok
Reitin pituus: 18
(16, 1)
(15, 1)
(14, 1)
(13, 1)
(12, 1)
(11, 1)
(10, 1)
(10, 2)
(10, 3)
(9, 3)
(8, 3)
(7, 3)
(6, 3)
(5, 3)
(4, 3)
(4, 4)
(4, 5)
(4, 6)
(4, 7)
kaikki ok
Reitin pituus: 18
(10, 5)
(10, 6)
(10, 7)
(11, 7)
(12, 7)
(12, 8)
(12, 9)
(13, 9)
(14, 9)
(14, 10)
(14, 11)
(14, 12)
(14, 13)
(14, 14)
(14, 15)
(14, 16)
(14, 17)
(15, 17)
(16, 17)
kaikki ok
Reitin pituus: 12
(6, 4)
(6, 3)
(7, 3)
(8, 3)
(9, 3)
(10, 3)
(11, 3)
(12, 3)
(13, 3)
(14, 3)
(14, 4)
(14, 5)
(15, 5)
kaikki ok
Reitin pituus: 9
(16, 5)
(15, 5)
(14, 5)
(14, 4)
(14, 3)
(14, 2)
(14, 1)
(13, 1)
(12, 1)
(11, 1)
kaikki ok
Reitin pituus: 11
(15, 13)
(14, 13)
(14, 12)
(14, 11)
(14, 10)
(14, 9)
(14, 8)
(14, 7)
(14, 6)
(14, 5)
(14, 4)
(14, 3)
kaikki ok
Reitin pituus: 25
(12, 19)
(11, 19)
(10, 19)
(9, 19)
(8, 19)
(8, 18)
(8, 17)
(7, 17)
(6, 17)
(6, 16)
(6, 15)
(5, 15)
(4, 15)
(4, 14)
(4, 13)
(4, 12)
(4, 11)
(4, 10)
(4, 9)
(4, 8)
(4, 7)
(4, 6)
(4, 5)
(4, 4)
(4, 3)
(4, 2)
kaikki ok
Reitin pituus: 14
(10, 13)
(10, 14)
(10, 15)
(9, 15)
(8, 15)
(7, 15)
(6, 15)
(6, 16)
(6, 17)
(7, 17)
(8, 17)
(8, 18)
(8, 19)
(7, 19)
(6, 19)
kaikki ok
Reitin pituus: 14
(14, 6)
(14, 5)
(14, 4)
(14, 3)
(13, 3)
(12, 3)
(11, 3)
(10, 3)
(9, 3)
(8, 3)
(8, 2)
(8, 1)
(7, 1)
(6, 1)
(5, 1)
kaikki ok
Reitin pituus: 7
(12, 10)
(12, 9)
(12, 8)
(12, 7)
(11, 7)
(10, 7)
(10, 6)
(10, 5)
kaikki ok
Reitin pituus: 15
(2, 15)
(1, 15)
(1, 14)
(1, 13)
(2, 13)
(3, 13)
(4, 13)
(5, 13)
(6, 13)
(6, 12)
(6, 11)
(7, 11)
(8, 11)
(9, 11)
(10, 11)
(11, 11)
kaikki ok
Reitin pituus: 20
(1, 19)
(1, 18)
(1, 17)
(2, 17)
(3, 17)
(4, 17)
(4, 16)
(4, 15)
(5, 15)
(6, 15)
(7, 15)
(8, 15)
(9, 15)
(10, 15)
(10, 14)
(10, 13)
(11, 13)
(12, 13)
(12, 12)
(12, 11)
(12, 10)
kaikki ok
Reitin pituus: 22
(12, 13)
(12, 12)
(12, 11)
(11, 11)
(10, 11)
(9, 11)
(8, 11)
(7, 11)
(6, 11)
(6, 10)
(6, 9)
(5, 9)
(4, 9)
(4, 8)
(4, 7)
(4, 6)
(4, 5)
(3, 5)
(2, 5)
(1, 5)
(1, 4)
(1, 3)
(1, 2)
kaikki ok
Reitin pituus: 9
(3, 19)
(2, 19)
(1, 19)
(1, 18)
(1, 17)
(2, 17)
(2, 16)
(2, 15)
(1, 15)
(1, 14)
kaikki ok
Reitin pituus: 13
(10, 15)
(11, 15)
(12, 15)
(12, 16)
(12, 17)
(11, 17)
(10, 17)
(10, 18)
(10, 19)
(11, 19)
(12, 19)
(13, 19)
(14, 19)
(15, 19)
kaikki ok
Reitin pituus: 18
(16, 15)
(17, 15)
(17, 14)
(17, 13)
(16, 13)
(15, 13)
(14, 13)
(14, 12)
(14, 11)
(14, 10)
(14, 9)
(14, 8)
(14, 7)
(14, 6)
(14, 5)
(14, 4)
(14, 3)
(14, 2)
(14, 1)
kaikki ok
Reitin pituus: 10
(8, 18)
(8, 17)
(7, 17)
(6, 17)
(6, 16)
(6, 15)
(5, 15)
(4, 15)
(4, 16)
(4, 17)
(3, 17)
kaikki ok
Reitin pituus: 9
(9, 7)
(10, 7)
(11, 7)
(12, 7)
(12, 8)
(12, 9)
(12, 10)
(12, 11)
(11, 11)
(10, 11)
kaikki ok
Reitin pituus: 13
(17, 18)
(17, 17)
(16, 17)
(15, 17)
(14, 17)
(14, 16)
(14, 15)
(13, 15)
(12, 15)
(11, 15)
(10, 15)
(9, 15)
(8, 15)
(8, 14)
kaikki ok
Reitin pituus: 25
(14, 19)
(15, 19)
(16, 19)
(17, 19)
(17, 18)
(17, 17)
(16, 17)
(15, 17)
(14, 17)
(14, 16)
(14, 15)
(14, 14)
(14, 13)
(14, 12)
(14, 11)
(14, 10)
(14, 9)
(14, 8)
(14, 7)
(14, 6)
(14, 5)
(14, 4)
(14, 3)
(14, 2)
(14, 1)
(15, 1)
kaikki ok
Reitin pituus: 20
(8, 15)
(9, 15)
(10, 15)
(11, 15)
(12, 15)
(13, 15)
(14, 15)
(14, 14)
(14, 13)
(14, 12)
(14, 11)
(14, 10)
(14, 9)
(14, 8)
(14, 7)
(14, 6)
(14, 5)
(15, 5)
(16, 5)
(17, 5)
(17, 4)
kaikki ok
Reitin pituus: 10
(10, 5)
(10, 6)
(10, 7)
(9, 7)
(8, 7)
(7, 7)
(6, 7)
(6, 8)
(6, 9)
(6, 10)
(6, 11)
kaikki ok
Reitin pituus: 17
(4, 15)
(4, 14)
(4, 13)
(4, 12)
(4, 11)
(4, 10)
(4, 9)
(4, 8)
(4, 7)
(4, 6)
(4, 5)
(4, 4)
(4, 3)
(5, 3)
(6, 3)
(7, 3)
(8, 3)
(8, 2)
kaikki ok
Reitin pituus: 17
(4, 8)
(4, 7)
(4, 6)
(4, 5)
(4, 4)
(4, 3)
(5, 3)
(6, 3)
(7, 3)
(8, 3)
(9, 3)
(10, 3)
(11, 3)
(12, 3)
(13, 3)
(14, 3)
(14, 4)
(14, 5)
kaikki ok
Reitin pituus: 17
(15, 5)
(14, 5)
(14, 6)
(14, 7)
(14, 8)
(14, 9)
(13, 9)
(12, 9)
(12, 10)
(12, 11)
(11, 11)
(10, 11)
(9, 11)
(8, 11)
(7, 11)
(6, 11)
(6, 12)
(6, 13)
kaikki ok
Reitin pituus: 12
(6, 12)
(6, 11)
(6, 10)
(6, 9)
(5, 9)
(4, 9)
(4, 8)
(4, 7)
(4, 6)
(4, 5)
(4, 4)
(4, 3)
(3, 3)
kaikki ok
Reitin pituus: 16
(13, 13)
(14, 13)
(14, 12)
(14, 11)
(14, 10)
(14, 9)
(14, 8)
(14, 7)
(14, 6)
(14, 5)
(14, 4)
(14, 3)
(15, 3)
(16, 3)
(17, 3)
(17, 2)
(17, 1)
kaikki ok
Reitin pituus: 25
(16, 1)
(15, 1)
(14, 1)
(14, 2)
(14, 3)
(14, 4)
(14, 5)
(14, 6)
(14, 7)
(14, 8)
(14, 9)
(14, 10)
(14, 11)
(14, 12)
(14, 13)
(14, 14)
(14, 15)
(13, 15)
(12, 15)
(12, 16)
(12, 17)
(11, 17)
(10, 17)
(10, 18)
(10, 19)
(11, 19)
kaikki ok
Reitin pituus: 18
(16, 5)
(15, 5)
(14, 5)
(14, 4)
(14, 3)
(13, 3)
(12, 3)
(11, 3)
(10, 3)
(9, 3)
(8, 3)
(7, 3)
(6, 3)
(5, 3)
(4, 3)
(4, 2)
(4, 1)
(3, 1)
(2, 1)
kaikki ok
Reitin pituus: 15
(15, 13)
(14, 13)
(13, 13)
(12, 13)
(12, 12)
(12, 11)
(11, 11)
(10, 11)
(9, 11)
(8, 11)
(7, 11)
(6, 11)
(6, 10)
(6, 9)
(5, 9)
(4, 9)
kaikki ok
Reitin pituus: 18
(17, 1)
(17, 2)
(17, 3)
(17, 4)
(17, 5)
(16, 5)
(15, 5)
(14, 5)
(14, 6)
(14, 7)
(14, 8)
(14, 9)
(14, 10)
(14, 11)
(14, 12)
(14, 13)
(14, 14)
(14, 15)
(14, 16)
kaikki ok
Reitin pituus: 22
(16, 15)
(16, 16)
(16, 17)
(15, 17)
(14, 17)
(14, 16)
(14, 15)
(13, 15)
(12, 15)
(11, 15)
(10, 15)
(9, 15)
(8, 15)
(8, 14)
(8, 13)
(7, 13)
(6, 13)
(5, 13)
(4, 13)
(3, 13)
(2, 13)
(1, 13)
(1, 14)
kaikki ok
Reitin pituus: 20
(16, 3)
(15, 3)
(14, 3)
(14, 4)
(14, 5)
(14, 6)
(14, 7)
(14, 8)
(14, 9)
(14, 10)
(14, 11)
(14, 12)
(14, 13)
(14, 14)
(14, 15)
(13, 15)
(12, 15)
(12, 16)
(12, 17)
(11, 17)
(10, 17)
kaikki ok
Reitin pituus: 20
(14, 19)
(15, 19)
(16, 19)
(17, 19)
(17, 18)
(17, 17)
(16, 17)
(15, 17)
(14, 17)
(14, 16)
(14, 15)
(14, 14)
(14, 13)
(13, 13)
(12, 13)
(12, 12)
(12, 11)
(11, 11)
(10, 11)
(9, 11)
(8, 11)
kaikki ok
Reitin pituus: 10
(8, 5)
(7, 5)
(6, 5)
(6, 4)
(6, 3)
(5, 3)
(4, 3)
(4, 2)
(4, 1)
(5, 1)
(6, 1)
kaikki ok
Reitin pituus: 19
(17, 1)
(16, 1)
(15, 1)
(14, 1)
(13, 1)
(12, 1)
(11, 1)
(10, 1)
(10, 2)
(10, 3)
(9, 3)
(8, 3)
(7, 3)
(6, 3)
(5, 3)
(4, 3)
(4, 4)
(4, 5)
(4, 6)
(4, 7)
kaikki ok
Reitin pituus: 26
(7, 17)
(6, 17)
(6, 16)
(6, 15)
(7, 15)
(8, 15)
(9, 15)
(10, 15)
(10, 14)
(10, 13)
(11, 13)
(12, 13)
(12, 12)
(12, 11)
(12, 10)
(12, 9)
(13, 9)
(14, 9)
(14, 8)
(14, 7)
(14, 6)
(14, 5)
(14, 4)
(14, 3)
(14, 2)
(14, 1)
(13, 1)
kaikki ok
Reitin pituus: 23
(12, 15)
(13, 15)
(14, 15)
(14, 14)
(14, 13)
(14, 12)
(14, 11)
(14, 10)
(14, 9)
(14, 8)
(14, 7)
(14, 6)
(14, 5)
(14, 4)
(14, 3)
(13, 3)
(12, 3)
(11, 3)
(10, 3)
(9, 3)
(8, 3)
(8, 2)
(8, 1)
(7, 1)
kaikki ok
Reitin pituus: 6
(11, 13)
(12, 13)
(12, 12)
(12, 11)
(12, 10)
(12, 9)
(13, 9)
kaikki ok
Reitin pituus: 18
(1, 19)
(1, 18)
(1, 17)
(2, 17)
(3, 17)
(4, 17)
(4, 16)
(4, 15)
(5, 15)
(6, 15)
(7, 15)
(8, 15)
(9, 15)
(10, 15)
(10, 14)
(10, 13)
(11, 13)
(12, 13)
(13, 13)
kaikki ok
Reitin pituus: 11
(14, 2)
(14, 3)
(14, 4)
(14, 5)
(14, 6)
(14, 7)
(14, 8)
(14, 9)
(14, 10)
(14, 11)
(14, 12)
(14, 13)
kaikki ok
Reitin pituus: 18
(12, 13)
(11, 13)
(10, 13)
(10, 14)
(10, 15)
(9, 15)
(8, 15)
(7, 15)
(6, 15)
(6, 16)
(6, 17)
(7, 17)
(8, 17)
(8, 18)
(8, 19)
(7, 19)
(6, 19)
(5, 19)
(4, 19)
kaikki ok
Reitin pituus: 15
(3, 13)
(4, 13)
(5, 13)
(6, 13)
(6, 12)
(6, 11)
(7, 11)
(8, 11)
(9, 11)
(10, 11)
(11, 11)
(12, 11)
(12, 10)
(12, 9)
(13, 9)
(14, 9)
kaikki ok
Reitin pituus: 5
(13, 15)
(12, 15)
(11, 15)
(10, 15)
(10, 14)
(10, 13)
kaikki ok
Reitin pituus: 6
(6, 3)
(7, 3)
(8, 3)
(9, 3)
(10, 3)
(11, 3)
(12, 3)
kaikki ok
Reitin pituus: 18
(12, 11)
(11, 11)
(10, 11)
(9, 11)
(8, 11)
(7, 11)
(6, 11)
(6, 10)
(6, 9)
(5, 9)
(4, 9)
(4, 8)
(4, 7)
(4, 6)
(4, 5)
(3, 5)
(2, 5)
(1, 5)
(1, 4)
kaikki ok
Reitin pituus: 15
(12, 17)
(12, 16)
(12, 15)
(11, 15)
(10, 15)
(9, 15)
(8, 15)
(8, 14)
(8, 13)
(7, 13)
(6, 13)
(5, 13)
(4, 13)
(4, 12)
(4, 11)
(4, 10)
kaikki ok
Reitin pituus: 23
(16, 15)
(16, 16)
(16, 17)
(15, 17)
(14, 17)
(14, 16)
(14, 15)
(13, 15)
(12, 15)
(11, 15)
(10, 15)
(9, 15)
(8, 15)
(8, 14)
(8, 13)
(7, 13)
(6, 13)
(5, 13)
(4, 13)
(3, 13)
(2, 13)
(1, 13)
(1, 14)
(1, 15)
kaikki ok
Reitin pituus: 11
(7, 7)
(6, 7)
(6, 8)
(6, 9)
(6, 10)
(6, 11)
(6, 12)
(6, 13)
(7, 13)
(8, 13)
(8, 14)
(8, 15)
kaikki ok
Reitin pituus: 7
(4, 13)
(4, 14)
(4, 15)
(4, 16)
(4, 17)
(3, 17)
(2, 17)
(1, 17)
kaikki ok
Reitin pituus: 7
(7, 13)
(8, 13)
(8, 14)
(8, 15)
(9, 15)
(10, 15)
(10, 14)
(10, 13)
kaikki ok
Reitin pituus: 20
(10, 18)
(10, 17)
(11, 17)
(12, 17)
(12, 16)
(12, 15)
(11, 15)
(10, 15)
(9, 15)
(8, 15)
(8, 14)
(8, 13)
(7, 13)
(6, 13)
(6, 12)
(6, 11)
(6, 10)
(6, 9)
(6, 8)
(6, 7)
(7, 7)
kaikki ok
Reitin pituus: 12
(8, 7)
(8, 6)
(8, 5)
(7, 5)
(6, 5)
(6, 4)
(6, 3)
(5, 3)
(4, 3)
(4, 4)
(4, 5)
(3, 5)
(2, 5)
kaikki ok
Reitin pituus: 24
(14, 1)
(14, 2)
(14, 3)
(14, 4)
(14, 5)
(14, 6)
(14, 7)
(14, 8)
(14, 9)
(14, 10)
(14, 11)
(14, 12)
(14, 13)
(14, 14)
(14, 15)
(13, 15)
(12, 15)
(12, 16)
(12, 17)
(11, 17)
(10, 17)
(10, 18)
(10, 19)
(9, 19)
(8, 19)
kaikki ok
Reitin pituus: 10
(7, 13)
(6, 13)
(6, 12)
(6, 11)
(7, 11)
(8, 11)
(9, 11)
(10, 11)
(11, 11)
(12, 11)
(12, 12)
kaikki ok
Reitin pituus: 4
(14, 5)
(14, 4)
(14, 3)
(15, 3)
(16, 3)
kaikki ok
Reitin pituus: 6
(8, 19)
(7, 19)
(6, 19)
(5, 19)
(4, 19)
(3, 19)
(2, 19)
kaikki ok
Reitin pituus: 9
(6, 10)
(6, 11)
(6, 12)
(6, 13)
(5, 13)
(4, 13)
(4, 14)
(4, 15)
(4, 16)
(4, 17)
kaikki ok
Reitin pituus: 21
(14, 9)
(14, 10)
(14, 11)
(14, 12)
(14, 13)
(14, 14)
(14, 15)
(13, 15)
(12, 15)
(12, 16)
(12, 17)
(11, 17)
(10, 17)
(10, 18)
(10, 19)
(9, 19)
(8, 19)
(7, 19)
(6, 19)
(5, 19)
(4, 19)
(3, 19)
kaikki ok
Reitin pituus: 26
(17, 4)
(17, 5)
(16, 5)
(15, 5)
(14, 5)
(14, 6)
(14, 7)
(14, 8)
(14, 9)
(13, 9)
(12, 9)
(12, 10)
(12, 11)
(11, 11)
(10, 11)
(9, 11)
(8, 11)
(7, 11)
(6, 11)
(6, 12)
(6, 13)
(5, 13)
(4, 13)
(3, 13)
(2, 13)
(1, 13)
(1, 14)
kaikki ok
Reitin pituus: 7
(17, 2)
(17, 1)
(16, 1)
(15, 1)
(14, 1)
(13, 1)
(12, 1)
(11, 1)
kaikki ok
Reitin pituus: 16
(6, 15)
(5, 15)
(4, 15)
(4, 14)
(4, 13)
(4, 12)
(4, 11)
(4, 10)
(4, 9)
(5, 9)
(6, 9)
(6, 8)
(6, 7)
(7, 7)
(8, 7)
(9, 7)
(9, 8)
kaikki ok
Reitin pituus: 19
(4, 5)
(4, 6)
(4, 7)
(4, 8)
(4, 9)
(4, 10)
(4, 11)
(4, 12)
(4, 13)
(4, 14)
(4, 15)
(5, 15)
(6, 15)
(6, 16)
(6, 17)
(7, 17)
(8, 17)
(8, 18)
(8, 19)
(7, 19)
kaikki ok
Reitin pituus: 12
(16, 19)
(15, 19)
(14, 19)
(13, 19)
(12, 19)
(11, 19)
(10, 19)
(9, 19)
(8, 19)
(7, 19)
(6, 19)
(5, 19)
(4, 19)
kaikki ok
Reitin pituus: 24
(12, 19)
(11, 19)
(10, 19)
(10, 18)
(10, 17)
(11, 17)
(12, 17)
(12, 16)
(12, 15)
(13, 15)
(14, 15)
(14, 14)
(14, 13)
(14, 12)
(14, 11)
(14, 10)
(14, 9)
(14, 8)
(14, 7)
(14, 6)
(14, 5)
(14, 4)
(14, 3)
(14, 2)
(14, 1)
kaikki ok
Reitin pituus: 11
(16, 3)
(15, 3)
(14, 3)
(14, 4)
(14, 5)
(14, 6)
(14, 7)
(14, 8)
(14, 9)
(13, 9)
(12, 9)
(12, 10)
kaikki ok
Reitin pituus: 10
(12, 9)
(12, 8)
(12, 7)
(11, 7)
(10, 7)
(10, 6)
(10, 5)
(11, 5)
(12, 5)
(12, 4)
(12, 3)
kaikki ok
Reitin pituus: 17
(17, 13)
(16, 13)
(15, 13)
(14, 13)
(14, 12)
(14, 11)
(14, 10)
(14, 9)
(13, 9)
(12, 9)
(12, 8)
(12, 7)
(11, 7)
(10, 7)
(9, 7)
(8, 7)
(7, 7)
(6, 7)
kaikki ok
Reitin pituus: 5
(8, 2)
(8, 3)
(9, 3)
(10, 3)
(10, 2)
(10, 1)
kaikki ok
Reitin pituus: 16
(6, 1)
(7, 1)
(8, 1)
(8, 2)
(8, 3)
(7, 3)
(6, 3)
(6, 4)
(6, 5)
(7, 5)
(8, 5)
(8, 6)
(8, 7)
(9, 7)
(9, 8)
(9, 9)
(8, 9)
kaikki ok
Reitin pituus: 12
(14, 3)
(13, 3)
(12, 3)
(11, 3)
(10, 3)
(9, 3)
(8, 3)
(7, 3)
(6, 3)
(6, 4)
(6, 5)
(7, 5)
(8, 5)
kaikki ok
Reitin pituus: 28
(2, 1)
(3, 1)
(4, 1)
(4, 2)
(4, 3)
(4, 4)
(4, 5)
(4, 6)
(4, 7)
(4, 8)
(4, 9)
(4, 10)
(4, 11)
(4, 12)
(4, 13)
(4, 14)
(4, 15)
(5, 15)
(6, 15)
(6, 16)
(6, 17)
(7, 17)
(8, 17)
(8, 18)
(8, 19)
(9, 19)
(10, 19)
(11, 19)
(12, 19)
kaikki ok
Reitin pituus: 21
(15, 3)
(14, 3)
(13, 3)
(12, 3)
(12, 4)
(12, 5)
(11, 5)
(10, 5)
(10, 6)
(10, 7)
(9, 7)
(8, 7)
(7, 7)
(6, 7)
(6, 8)
(6, 9)
(5, 9)
(4, 9)
(4, 10)
(4, 11)
(4, 12)
(4, 13)
kaikki ok
Reitin pituus: 16
(13, 3)
(14, 3)
(14, 4)
(14, 5)
(14, 6)
(14, 7)
(14, 8)
(14, 9)
(14, 10)
(14, 11)
(14, 12)
(14, 13)
(14, 14)
(14, 15)
(13, 15)
(12, 15)
(12, 16)
kaikki ok
Reitin pituus: 12
(12, 7)
(11, 7)
(10, 7)
(10, 6)
(10, 5)
(11, 5)
(12, 5)
(12, 4)
(12, 3)
(13, 3)
(14, 3)
(15, 3)
(16, 3)
kaikki ok
Reitin pituus: 20
(6, 4)
(6, 5)
(7, 5)
(8, 5)
(8, 6)
(8, 7)
(7, 7)
(6, 7)
(6, 8)
(6, 9)
(6, 10)
(6, 11)
(6, 12)
(6, 13)
(7, 13)
(8, 13)
(8, 14)
(8, 15)
(9, 15)
(10, 15)
(11, 15)
kaikki ok
Reitin pituus: 24
(3, 13)
(4, 13)
(5, 13)
(6, 13)
(6, 12)
(6, 11)
(6, 10)
(6, 9)
(6, 8)
(6, 7)
(7, 7)
(8, 7)
(9, 7)
(10, 7)
(10, 6)
(10, 5)
(11, 5)
(12, 5)
(12, 4)
(12, 3)
(13, 3)
(14, 3)
(15, 3)
(16, 3)
(17, 3)
kaikki ok
Reitin pituus: 20
(6, 1)
(7, 1)
(8, 1)
(8, 2)
(8, 3)
(9, 3)
(10, 3)
(11, 3)
(12, 3)
(13, 3)
(14, 3)
(14, 4)
(14, 5)
(14, 6)
(14, 7)
(14, 8)
(14, 9)
(14, 10)
(14, 11)
(14, 12)
(14, 13)
kaikki ok
Reitin pituus: 30
(3, 17)
(4, 17)
(4, 16)
(4, 15)
(4, 14)
(4, 13)
(4, 12)
(4, 11)
(4, 10)
(4, 9)
(5, 9)
(6, 9)
(6, 8)
(6, 7)
(7, 7)
(8, 7)
(9, 7)
(10, 7)
(10, 6)
(10, 5)
(11, 5)
(12, 5)
(12, 4)
(12, 3)
(13, 3)
(14, 3)
(15, 3)
(16, 3)
(17, 3)
(17, 2)
(17, 1)
kaikki ok
Reitin pituus: 8
(1, 5)
(1, 4)
(1, 3)
(2, 3)
(3, 3)
(4, 3)
(5, 3)
(6, 3)
(6, 4)
kaikki ok
Reitin pituus: 14
(1, 3)
(2, 3)
(3, 3)
(4, 3)
(4, 4)
(4, 5)
(4, 6)
(4, 7)
(4, 8)
(4, 9)
(5, 9)
(6, 9)
(6, 10)
(6, 11)
(6, 12)
kaikki ok
Reitin pituus: 11
(6, 12)
(6, 11)
(7, 11)
(8, 11)
(9, 11)
(10, 11)
(11, 11)
(12, 11)
(12, 12)
(12, 13)
(13, 13)
(14, 13)
kaikki ok
Reitin pituus: 20
(10, 9)
(9, 9)
(9, 8)
(9, 7)
(10, 7)
(11, 7)
(12, 7)
(12, 8)
(12, 9)
(12, 10)
(12, 11)
(12, 12)
(12, 13)
(11, 13)
(10, 13)
(10, 14)
(10, 15)
(11, 15)
(12, 15)
(12, 16)
(12, 17)
kaikki ok
Reitin pituus: 23
(14, 1)
(14, 2)
(14, 3)
(13, 3)
(12, 3)
(12, 4)
(12, 5)
(11, 5)
(10, 5)
(10, 6)
(10, 7)
(9, 7)
(8, 7)
(7, 7)
(6, 7)
(6, 8)
(6, 9)
(6, 10)
(6, 11)
(6, 12)
(6, 13)
(5, 13)
(4, 13)
(4, 14)
kaikki ok
Reitin pituus: 14
(4, 13)
(4, 12)
(4, 11)
(4, 10)
(4, 9)
(4, 8)
(4, 7)
(4, 6)
(4, 5)
(4, 4)
(4, 3)
(5, 3)
(6, 3)
(7, 3)
(8, 3)
kaikki ok
Reitin pituus: 17
(16, 1)
(15, 1)
(14, 1)
(14, 2)
(14, 3)
(14, 4)
(14, 5)
(14, 6)
(14, 7)
(14, 8)
(14, 9)
(13, 9)
(12, 9)
(12, 10)
(12, 11)
(12, 12)
(12, 13)
(11, 13)
kaikki ok
Reitin pituus: 19
(8, 14)
(8, 15)
(9, 15)
(10, 15)
(10, 14)
(10, 13)
(11, 13)
(12, 13)
(13, 13)
(14, 13)
(14, 12)
(14, 11)
(14, 10)
(14, 9)
(14, 8)
(14, 7)
(14, 6)
(14, 5)
(15, 5)
(16, 5)
kaikki ok
Reitin pituus: 9
(1, 15)
(2, 15)
(2, 16)
(2, 17)
(3, 17)
(4, 17)
(4, 16)
(4, 15)
(5, 15)
(6, 15)
kaikki ok
Reitin pituus: 14
(14, 14)
(14, 15)
(13, 15)
(12, 15)
(11, 15)
(10, 15)
(9, 15)
(8, 15)
(8, 14)
(8, 13)
(7, 13)
(6, 13)
(5, 13)
(4, 13)
(3, 13)
kaikki ok
Reitin pituus: 18
(1, 19)
(1, 18)
(1, 17)
(2, 17)
(3, 17)
(4, 17)
(4, 16)
(4, 15)
(4, 14)
(4, 13)
(4, 12)
(4, 11)
(4, 10)
(4, 9)
(4, 8)
(4, 7)
(4, 6)
(4, 5)
(3, 5)
kaikki ok
Reitin pituus: 13
(8, 5)
(8, 6)
(8, 7)
(7, 7)
(6, 7)
(6, 8)
(6, 9)
(6, 10)
(6, 11)
(6, 12)
(6, 13)
(7, 13)
(8, 13)
(8, 14)
kaikki ok
Reitin pituus: 23
(8, 3)
(7, 3)
(6, 3)
(5, 3)
(4, 3)
(4, 4)
(4, 5)
(4, 6)
(4, 7)
(4, 8)
(4, 9)
(4, 10)
(4, 11)
(4, 12)
(4, 13)
(4, 14)
(4, 15)
(4, 16)
(4, 17)
(3, 17)
(2, 17)
(1, 17)
(1, 18)
(1, 19)
kaikki ok
Reitin pituus: 23
(2, 5)
(3, 5)
(4, 5)
(4, 6)
(4, 7)
(4, 8)
(4, 9)
(5, 9)
(6, 9)
(6, 10)
(6, 11)
(6, 12)
(6, 13)
(7, 13)
(8, 13)
(8, 14)
(8, 15)
(9, 15)
(10, 15)
(11, 15)
(12, 15)
(13, 15)
(14, 15)
(14, 16)
kaikki ok
Reitin pituus: 17
(4, 13)
(4, 14)
(4, 15)
(5, 15)
(6, 15)
(6, 16)
(6, 17)
(7, 17)
(8, 17)
(8, 18)
(8, 19)
(9, 19)
(10, 19)
(11, 19)
(12, 19)
(13, 19)
(14, 19)
(15, 19)
kaikki ok
Reitin pituus: 25
(4, 19)
(5, 19)
(6, 19)
(7, 19)
(8, 19)
(9, 19)
(10, 19)
(10, 18)
(10, 17)
(11, 17)
(12, 17)
(12, 16)
(12, 15)
(11, 15)
(10, 15)
(10, 14)
(10, 13)
(11, 13)
(12, 13)
(12, 12)
(12, 11)
(12, 10)
(12, 9)
(12, 8)
(12, 7)
(11, 7)
kaikki ok
Reitin pituus: 16
(17, 4)
(17, 3)
(16, 3)
(15, 3)
(14, 3)
(13, 3)
(12, 3)
(12, 4)
(12, 5)
(11, 5)
(10, 5)
(10, 6)
(10, 7)
(9, 7)
(8, 7)
(7, 7)
(6, 7)
kaikki ok
Reitin pituus: 7
(14, 15)
(13, 15)
(12, 15)
(11, 15)
(10, 15)
(9, 15)
(8, 15)
(8, 14)
kaikki ok
Reitin pituus: 18
(4, 8)
(4, 7)
(4, 6)
(4, 5)
(4, 4)
(4, 3)
(5, 3)
(6, 3)
(7, 3)
(8, 3)
(9, 3)
(10, 3)
(10, 2)
(10, 1)
(11, 1)
(12, 1)
(13, 1)
(14, 1)
(15, 1)
kaikki ok
Reitin pituus: 7
(8, 11)
(9, 11)
(10, 11)
(11, 11)
(12, 11)
(12, 12)
(12, 13)
(11, 13)
kaikki ok
Reitin pituus: 4
(1, 3)
(2, 3)
(3, 3)
(4, 3)
(5, 3)
kaikki ok
Reitin pituus: 6
(3, 1)
(4, 1)
(4, 2)
(4, 3)
(5, 3)
(6, 3)
(6, 4)
kaikki ok
Reitin pituus: 11
(10, 1)
(10, 2)
(10, 3)
(9, 3)
(8, 3)
(8, 2)
(8, 1)
(7, 1)
(6, 1)
(5, 1)
(4, 1)
(3, 1)
kaikki ok
Reitin pituus: 27
(14, 4)
(14, 5)
(14, 6)
(14, 7)
(14, 8)
(14, 9)
(13, 9)
(12, 9)
(12, 10)
(12, 11)
(11, 11)
(10, 11)
(9, 11)
(8, 11)
(7, 11)
(6, 11)
(6, 12)
(6, 13)
(5, 13)
(4, 13)
(4, 14)
(4, 15)
(4, 16)
(4, 17)
(3, 17)
(2, 17)
(1, 17)
(1, 18)
kaikki ok
Reitin pituus: 19
(17, 4)
(17, 5)
(16, 5)
(15, 5)
(14, 5)
(14, 6)
(14, 7)
(14, 8)
(14, 9)
(14, 10)
(14, 11)
(14, 12)
(14, 13)
(14, 14)
(14, 15)
(13, 15)
(12, 15)
(12, 16)
(12, 17)
(11, 17)
kaikki ok
Reitin pituus: 12
(7, 7)
(8, 7)
(9, 7)
(10, 7)
(10, 6)
(10, 5)
(11, 5)
(12, 5)
(12, 4)
(12, 3)
(13, 3)
(14, 3)
(14, 2)
kaikki ok
Reitin pituus: 13
(15, 3)
(14, 3)
(14, 4)
(14, 5)
(14, 6)
(14, 7)
(14, 8)
(14, 9)
(13, 9)
(12, 9)
(12, 10)
(12, 11)
(12, 12)
(12, 13)
kaikki ok
Reitin pituus: 6
(10, 18)
(10, 19)
(9, 19)
(8, 19)
(7, 19)
(6, 19)
(5, 19)
kaikki ok
Reitin pituus: 16
(3, 17)
(4, 17)
(4, 16)
(4, 15)
(4, 14)
(4, 13)
(4, 12)
(4, 11)
(4, 10)
(4, 9)
(5, 9)
(6, 9)
(6, 8)
(6, 7)
(7, 7)
(8, 7)
(8, 6)
kaikki ok
Reitin pituus: 10
(7, 7)
(8, 7)
(9, 7)
(10, 7)
(11, 7)
(12, 7)
(12, 8)
(12, 9)
(12, 10)
(12, 11)
(12, 12)
kaikki ok
Reitin pituus: 25
(11, 3)
(12, 3)
(13, 3)
(14, 3)
(14, 4)
(14, 5)
(14, 6)
(14, 7)
(14, 8)
(14, 9)
(14, 10)
(14, 11)
(14, 12)
(14, 13)
(14, 14)
(14, 15)
(13, 15)
(12, 15)
(12, 16)
(12, 17)
(11, 17)
(10, 17)
(10, 18)
(10, 19)
(9, 19)
(8, 19)
kaikki ok
Reitin pituus: 23
(10, 7)
(9, 7)
(8, 7)
(7, 7)
(6, 7)
(6, 8)
(6, 9)
(5, 9)
(4, 9)
(4, 10)
(4, 11)
(4, 12)
(4, 13)
(4, 14)
(4, 15)
(5, 15)
(6, 15)
(6, 16)
(6, 17)
(7, 17)
(8, 17)
(8, 18)
(8, 19)
(7, 19)
kaikki ok
Reitin pituus: 15
(14, 1)
(13, 1)
(12, 1)
(11, 1)
(10, 1)
(10, 2)
(10, 3)
(9, 3)
(8, 3)
(7, 3)
(6, 3)
(5, 3)
(4, 3)
(4, 4)
(4, 5)
(3, 5)
kaikki ok
Reitin pituus: 13
(10, 11)
(9, 11)
(8, 11)
(7, 11)
(6, 11)
(6, 10)
(6, 9)
(5, 9)
(4, 9)
(4, 8)
(4, 7)
(4, 6)
(4, 5)
(4, 4)
kaikki ok
Reitin pituus: 19
(17, 14)
(17, 13)
(16, 13)
(15, 13)
(14, 13)
(13, 13)
(12, 13)
(12, 12)
(12, 11)
(11, 11)
(10, 11)
(9, 11)
(8, 11)
(7, 11)
(6, 11)
(6, 12)
(6, 13)
(5, 13)
(4, 13)
(4, 12)
kaikki ok
Reitin pituus: 15
(17, 3)
(16, 3)
(15, 3)
(14, 3)
(14, 4)
(14, 5)
(14, 6)
(14, 7)
(14, 8)
(14, 9)
(14, 10)
(14, 11)
(14, 12)
(14, 13)
(13, 13)
(12, 13)
kaikki ok
Reitin pituus: 11
(13, 15)
(14, 15)
(14, 14)
(14, 13)
(13, 13)
(12, 13)
(12, 12)
(12, 11)
(11, 11)
(10, 11)
(9, 11)
(8, 11)
kaikki ok
Reitin pituus: 20
(6, 1)
(5, 1)
(4, 1)
(4, 2)
(4, 3)
(4, 4)
(4, 5)
(4, 6)
(4, 7)
(4, 8)
(4, 9)
(4, 10)
(4, 11)
(4, 12)
(4, 13)
(4, 14)
(4, 15)
(5, 15)
(6, 15)
(7, 15)
(8, 15)
kaikki ok
Reitin pituus: 13
(17, 4)
(17, 3)
(16, 3)
(15, 3)
(14, 3)
(13, 3)
(12, 3)
(12, 4)
(12, 5)
(11, 5)
(10, 5)
(10, 6)
(10, 7)
(9, 7)
kaikki ok
Reitin pituus: 10
(4, 8)
(4, 7)
(4, 6)
(4, 5)
(4, 4)
(4, 3)
(4, 2)
(4, 1)
(5, 1)
(6, 1)
(7, 1)
kaikki ok
Reitin pituus: 7
(6, 11)
(6, 10)
(6, 9)
(6, 8)
(6, 7)
(7, 7)
(8, 7)
(9, 7)
kaikki ok
Reitin pituus: 9
(5, 19)
(6, 19)
(7, 19)
(8, 19)
(9, 19)
(10, 19)
(10, 18)
(10, 17)
(11, 17)
(12, 17)
kaikki ok
Reitin pituus: 8
(11, 17)
(12, 17)
(12, 16)
(12, 15)
(13, 15)
(14, 15)
(14, 14)
(14, 13)
(14, 12)
kaikki ok
Reitin pituus: 18
(6, 5)
(7, 5)
(8, 5)
(8, 6)
(8, 7)
(7, 7)
(6, 7)
(6, 8)
(6, 9)
(6, 10)
(6, 11)
(6, 12)
(6, 13)
(7, 13)
(8, 13)
(8, 14)
(8, 15)
(7, 15)
(6, 15)
kaikki ok
Reitin pituus: 25
(10, 2)
(10, 3)
(11, 3)
(12, 3)
(13, 3)
(14, 3)
(14, 4)
(14, 5)
(14, 6)
(14, 7)
(14, 8)
(14, 9)
(14, 10)
(14, 11)
(14, 12)
(14, 13)
(14, 14)
(14, 15)
(14, 16)
(14, 17)
(15, 17)
(16, 17)
(17, 17)
(17, 18)
(17, 19)
(16, 19)
kaikki ok
Reitin pituus: 11
(10, 1)
(10, 2)
(10, 3)
(9, 3)
(8, 3)
(7, 3)
(6, 3)
(5, 3)
(4, 3)
(4, 4)
(4, 5)
(3, 5)
kaikki ok
Reitin pituus: 6
(10, 3)
(9, 3)
(8, 3)
(8, 2)
(8, 1)
(7, 1)
(6, 1)
kaikki ok
Reitin pituus: 19
(6, 7)
(6, 8)
(6, 9)
(6, 10)
(6, 11)
(6, 12)
(6, 13)
(7, 13)
(8, 13)
(8, 14)
(8, 15)
(7, 15)
(6, 15)
(6, 16)
(6, 17)
(7, 17)
(8, 17)
(8, 18)
(8, 19)
(9, 19)
kaikki ok
Reitin pituus: 25
(6, 4)
(6, 5)
(7, 5)
(8, 5)
(8, 6)
(8, 7)
(9, 7)
(10, 7)
(11, 7)
(12, 7)
(12, 8)
(12, 9)
(13, 9)
(14, 9)
(14, 10)
(14, 11)
(14, 12)
(14, 13)
(14, 14)
(14, 15)
(13, 15)
(12, 15)
(12, 16)
(12, 17)
(11, 17)
(10, 17)
kaikki ok
Reitin pituus: 13
(1, 18)
(1, 19)
(2, 19)
(3, 19)
(4, 19)
(5, 19)
(6, 19)
(7, 19)
(8, 19)
(9, 19)
(10, 19)
(10, 18)
(10, 17)
(11, 17)
kaikki ok
Reitin pituus: 6
(13, 13)
(14, 13)
(14, 12)
(14, 11)
(14, 10)
(14, 9)
(14, 8)
kaikki ok
Reitin pituus: 22
(6, 5)
(7, 5)
(8, 5)
(8, 6)
(8, 7)
(9, 7)
(10, 7)
(11, 7)
(12, 7)
(12, 8)
(12, 9)
(13, 9)
(14, 9)
(14, 10)
(14, 11)
(14, 12)
(14, 13)
(15, 13)
(16, 13)
(17, 13)
(17, 14)
(17, 15)
(16, 15)
kaikki ok
Reitin pituus: 17
(4, 8)
(4, 7)
(4, 6)
(4, 5)
(4, 4)
(4, 3)
(5, 3)
(6, 3)
(7, 3)
(8, 3)
(9, 3)
(10, 3)
(11, 3)
(12, 3)
(13, 3)
(14, 3)
(15, 3)
(16, 3)
kaikki ok
Reitin pituus: 15
(1, 5)
(2, 5)
(3, 5)
(4, 5)
(4, 6)
(4, 7)
(4, 8)
(4, 9)
(4, 10)
(4, 11)
(4, 12)
(4, 13)
(4, 14)
(4, 15)
(5, 15)
(6, 15)
kaikki ok
Reitin pituus: 10
(10, 6)
(10, 5)
(11, 5)
(12, 5)
(12, 4)
(12, 3)
(13, 3)
(14, 3)
(14, 4)
(14, 5)
(14, 6)
kaikki ok
Reitin pituus: 16
(14, 14)
(14, 15)
(13, 15)
(12, 15)
(12, 16)
(12, 17)
(11, 17)
(10, 17)
(10, 18)
(10, 19)
(9, 19)
(8, 19)
(7, 19)
(6, 19)
(5, 19)
(4, 19)
(3, 19)
kaikki ok
Reitin pituus: 4
(11, 19)
(10, 19)
(10, 18)
(10, 17)
(11, 17)
kaikki ok
Reitin pituus: 6
(10, 11)
(11, 11)
(12, 11)
(12, 12)
(12, 13)
(11, 13)
(10, 13)
kaikki ok
Reitin pituus: 21
(10, 3)
(9, 3)
(8, 3)
(7, 3)
(6, 3)
(5, 3)
(4, 3)
(4, 4)
(4, 5)
(4, 6)
(4, 7)
(4, 8)
(4, 9)
(4, 10)
(4, 11)
(4, 12)
(4, 13)
(4, 14)
(4, 15)
(5, 15)
(6, 15)
(7, 15)
kaikki ok
Reitin pituus: 25
(5, 19)
(6, 19)
(7, 19)
(8, 19)
(9, 19)
(10, 19)
(10, 18)
(10, 17)
(11, 17)
(12, 17)
(12, 16)
(12, 15)
(13, 15)
(14, 15)
(14, 14)
(14, 13)
(14, 12)
(14, 11)
(14, 10)
(14, 9)
(14, 8)
(14, 7)
(14, 6)
(14, 5)
(15, 5)
(16, 5)
kaikki ok
Reitin pituus: 12
(13, 13)
(12, 13)
(11, 13)
(10, 13)
(10, 14)
(10, 15)
(9, 15)
(8, 15)
(8, 14)
(8, 13)
(7, 13)
(6, 13)
(5, 13)
kaikki ok
Reitin pituus: 13
(16, 3)
(15, 3)
(14, 3)
(13, 3)
(12, 3)
(11, 3)
(10, 3)
(9, 3)
(8, 3)
(8, 2)
(8, 1)
(7, 1)
(6, 1)
(5, 1)
kaikki ok
Reitin pituus: 29
(5, 19)
(6, 19)
(7, 19)
(8, 19)
(9, 19)
(10, 19)
(10, 18)
(10, 17)
(11, 17)
(12, 17)
(12, 16)
(12, 15)
(13, 15)
(14, 15)
(14, 14)
(14, 13)
(14, 12)
(14, 11)
(14, 10)
(14, 9)
(14, 8)
(14, 7)
(14, 6)
(14, 5)
(14, 4)
(14, 3)
(14, 2)
(14, 1)
(15, 1)
(16, 1)
kaikki ok
Reitin pituus: 18
(2, 16)
(2, 17)
(1, 17)
(1, 18)
(1, 19)
(2, 19)
(3, 19)
(4, 19)
(5, 19)
(6, 19)
(7, 19)
(8, 19)
(9, 19)
(10, 19)
(11, 19)
(12, 19)
(13, 19)
(14, 19)
(15, 19)
kaikki ok
Reitin pituus: 15
(6, 8)
(6, 9)
(6, 10)
(6, 11)
(6, 12)
(6, 13)
(7, 13)
(8, 13)
(8, 14)
(8, 15)
(9, 15)
(10, 15)
(11, 15)
(12, 15)
(12, 16)
(12, 17)
kaikki ok
Reitin pituus: 13
(9, 7)
(10, 7)
(10, 6)
(10, 5)
(11, 5)
(12, 5)
(12, 4)
(12, 3)
(13, 3)
(14, 3)
(15, 3)
(16, 3)
(17, 3)
(17, 4)
kaikki ok
Reitin pituus: 5
(12, 1)
(13, 1)
(14, 1)
(14, 2)
(14, 3)
(13, 3)
kaikki ok
Reitin pituus: 11
(14, 6)
(14, 7)
(14, 8)
(14, 9)
(13, 9)
(12, 9)
(12, 8)
(12, 7)
(11, 7)
(10, 7)
(9, 7)
(8, 7)
kaikki ok
Reitin pituus: 7
(8, 13)
(8, 14)
(8, 15)
(9, 15)
(10, 15)
(11, 15)
(12, 15)
(13, 15)
kaikki ok
Reitin pituus: 13
(11, 5)
(10, 5)
(10, 6)
(10, 7)
(9, 7)
(8, 7)
(7, 7)
(6, 7)
(6, 8)
(6, 9)
(5, 9)
(4, 9)
(4, 8)
(4, 7)
kaikki ok
Reitin pituus: 19
(16, 15)
(17, 15)
(17, 14)
(17, 13)
(16, 13)
(15, 13)
(14, 13)
(14, 12)
(14, 11)
(14, 10)
(14, 9)
(14, 8)
(14, 7)
(14, 6)
(14, 5)
(14, 4)
(14, 3)
(13, 3)
(12, 3)
(12, 4)
kaikki ok
Reitin pituus: 22
(6, 12)
(6, 11)
(7, 11)
(8, 11)
(9, 11)
(10, 11)
(11, 11)
(12, 11)
(12, 10)
(12, 9)
(13, 9)
(14, 9)
(14, 8)
(14, 7)
(14, 6)
(14, 5)
(14, 4)
(14, 3)
(14, 2)
(14, 1)
(15, 1)
(16, 1)
(17, 1)
kaikki ok
Reitin pituus: 16
(7, 13)
(6, 13)
(6, 12)
(6, 11)
(6, 10)
(6, 9)
(6, 8)
(6, 7)
(7, 7)
(8, 7)
(9, 7)
(10, 7)
(10, 6)
(10, 5)
(11, 5)
(12, 5)
(12, 4)
kaikki ok
Reitin pituus: 8
(8, 5)
(7, 5)
(6, 5)
(6, 4)
(6, 3)
(5, 3)
(4, 3)
(4, 2)
(4, 1)
kaikki ok
Reitin pituus: 6
(10, 3)
(11, 3)
(12, 3)
(13, 3)
(14, 3)
(14, 4)
(14, 5)
kaikki ok
Reitin pituus: 5
(7, 13)
(6, 13)
(6, 12)
(6, 11)
(6, 10)
(6, 9)
kaikki ok
Reitin pituus: 1
(10, 6)
(10, 7)
kaikki ok
Reitin pituus: 10
(1, 19)
(2, 19)
(3, 19)
(4, 19)
(5, 19)
(6, 19)
(7, 19)
(8, 19)
(8, 18)
(8, 17)
(7, 17)
kaikki ok
Reitin pituus: 20
(9, 3)
(10, 3)
(11, 3)
(12, 3)
(12, 4)
(12, 5)
(11, 5)
(10, 5)
(10, 6)
(10, 7)
(11, 7)
(12, 7)
(12, 8)
(12, 9)
(12, 10)
(12, 11)
(12, 12)
(12, 13)
(11, 13)
(10, 13)
(10, 14)
kaikki ok
Reitin pituus: 25
(4, 15)
(4, 14)
(4, 13)
(4, 12)
(4, 11)
(4, 10)
(4, 9)
(4, 8)
(4, 7)
(4, 6)
(4, 5)
(4, 4)
(4, 3)
(5, 3)
(6, 3)
(7, 3)
(8, 3)
(9, 3)
(10, 3)
(11, 3)
(12, 3)
(13, 3)
(14, 3)
(15, 3)
(16, 3)
(17, 3)
kaikki ok
Reitin pituus: 9
(14, 9)
(13, 9)
(12, 9)
(12, 8)
(12, 7)
(11, 7)
(10, 7)
(9, 7)
(8, 7)
(8, 6)
kaikki ok
Reitin pituus: 15
(4, 1)
(4, 2)
(4, 3)
(5, 3)
(6, 3)
(7, 3)
(8, 3)
(9, 3)
(10, 3)
(11, 3)
(12, 3)
(13, 3)
(14, 3)
(14, 4)
(14, 5)
(14, 6)
kaikki ok
Reitin pituus: 21
(10, 18)
(10, 17)
(11, 17)
(12, 17)
(12, 16)
(12, 15)
(13, 15)
(14, 15)
(14, 14)
(14, 13)
(14, 12)
(14, 11)
(14, 10)
(14, 9)
(14, 8)
(14, 7)
(14, 6)
(14, 5)
(14, 4)
(14, 3)
(13, 3)
(12, 3)
kaikki ok
Reitin pituus: 21
(16, 16)
(16, 17)
(15, 17)
(14, 17)
(14, 16)
(14, 15)
(13, 15)
(12, 15)
(11, 15)
(10, 15)
(9, 15)
(8, 15)
(7, 15)
(6, 15)
(5, 15)
(4, 15)
(4, 16)
(4, 17)
(3, 17)
(2, 17)
(1, 17)
(1, 18)
kaikki ok
Reitin pituus: 18
(16, 5)
(15, 5)
(14, 5)
(14, 4)
(14, 3)
(13, 3)
(12, 3)
(11, 3)
(10, 3)
(9, 3)
(8, 3)
(7, 3)
(6, 3)
(5, 3)
(4, 3)
(3, 3)
(2, 3)
(1, 3)
(1, 4)
kaikki ok
Reitin pituus: 14
(8, 19)
(9, 19)
(10, 19)
(11, 19)
(12, 19)
(13, 19)
(14, 19)
(15, 19)
(16, 19)
(17, 19)
(17, 18)
(17, 17)
(16, 17)
(16, 16)
(16, 15)
kaikki ok
Reitin pituus: 25
(17, 18)
(17, 17)
(16, 17)
(15, 17)
(14, 17)
(14, 16)
(14, 15)
(13, 15)
(12, 15)
(11, 15)
(10, 15)
(9, 15)
(8, 15)
(8, 14)
(8, 13)
(7, 13)
(6, 13)
(6, 12)
(6, 11)
(6, 10)
(6, 9)
(5, 9)
(4, 9)
(4, 8)
(4, 7)
(4, 6)
kaikki ok
Reitin pituus: 18
(4, 4)
(4, 5)
(4, 6)
(4, 7)
(4, 8)
(4, 9)
(4, 10)
(4, 11)
(4, 12)
(4, 13)
(4, 14)
(4, 15)
(4, 16)
(4, 17)
(3, 17)
(2, 17)
(1, 17)
(1, 18)
(1, 19)
kaikki ok
Reitin pituus: 11
(14, 11)
(14, 12)
(14, 13)
(13, 13)
(12, 13)
(12, 12)
(12, 11)
(11, 11)
(10, 11)
(9, 11)
(8, 11)
(7, 11)
kaikki ok
Reitin pituus: 17
(12, 8)
(12, 7)
(11, 7)
(10, 7)
(9, 7)
(8, 7)
(8, 6)
(8, 5)
(7, 5)
(6, 5)
(6, 4)
(6, 3)
(5, 3)
(4, 3)
(3, 3)
(2, 3)
(1, 3)
(1, 2)
kaikki ok
Reitin pituus: 27
(13, 19)
(12, 19)
(11, 19)
(10, 19)
(9, 19)
(8, 19)
(8, 18)
(8, 17)
(7, 17)
(6, 17)
(6, 16)
(6, 15)
(5, 15)
(4, 15)
(4, 14)
(4, 13)
(5, 13)
(6, 13)
(6, 12)
(6, 11)
(6, 10)
(6, 9)
(6, 8)
(6, 7)
(7, 7)
(8, 7)
(8, 6)
(8, 5)
kaikki ok
Reitin pituus: 11
(8, 11)
(7, 11)
(6, 11)
(6, 12)
(6, 13)
(7, 13)
(8, 13)
(8, 14)
(8, 15)
(7, 15)
(6, 15)
(6, 16)
kaikki ok
Reitin pituus: 12
(6, 10)
(6, 11)
(7, 11)
(8, 11)
(9, 11)
(10, 11)
(11, 11)
(12, 11)
(12, 12)
(12, 13)
(13, 13)
(14, 13)
(14, 12)
kaikki ok
Reitin pituus: 12
(17, 14)
(17, 15)
(16, 15)
(16, 16)
(16, 17)
(17, 17)
(17, 18)
(17, 19)
(16, 19)
(15, 19)
(14, 19)
(13, 19)
(12, 19)
kaikki ok
Reitin pituus: 16
(16, 16)
(16, 17)
(15, 17)
(14, 17)
(14, 16)
(14, 15)
(13, 15)
(12, 15)
(11, 15)
(10, 15)
(9, 15)
(8, 15)
(8, 14)
(8, 13)
(7, 13)
(6, 13)
(6, 12)
kaikki ok
Reitin pituus: 17
(3, 5)
(4, 5)
(4, 6)
(4, 7)
(4, 8)
(4, 9)
(5, 9)
(6, 9)
(6, 10)
(6, 11)
(6, 12)
(6, 13)
(7, 13)
(8, 13)
(8, 14)
(8, 15)
(9, 15)
(10, 15)
kaikki ok
Reitin pituus: 11
(12, 1)
(11, 1)
(10, 1)
(10, 2)
(10, 3)
(11, 3)
(12, 3)
(12, 4)
(12, 5)
(11, 5)
(10, 5)
(10, 6)
kaikki ok
Reitin pituus: 9
(14, 9)
(13, 9)
(12, 9)
(12, 10)
(12, 11)
(12, 12)
(12, 13)
(11, 13)
(10, 13)
(10, 14)
kaikki ok
Reitin pituus: 3
(6, 13)
(6, 12)
(6, 11)
(6, 10)
kaikki ok
Reitin pituus: 13
(13, 13)
(14, 13)
(14, 12)
(14, 11)
(14, 10)
(14, 9)
(14, 8)
(14, 7)
(14, 6)
(14, 5)
(14, 4)
(14, 3)
(14, 2)
(14, 1)
kaikki ok
Reitin pituus: 12
(14, 12)
(14, 13)
(14, 14)
(14, 15)
(14, 16)
(14, 17)
(15, 17)
(16, 17)
(17, 17)
(17, 18)
(17, 19)
(16, 19)
(15, 19)
kaikki ok
Reitin pituus: 17
(16, 13)
(15, 13)
(14, 13)
(13, 13)
(12, 13)
(12, 12)
(12, 11)
(11, 11)
(10, 11)
(9, 11)
(8, 11)
(7, 11)
(6, 11)
(6, 10)
(6, 9)
(5, 9)
(4, 9)
(4, 10)
kaikki ok
Reitin pituus: 11
(14, 14)
(14, 15)
(13, 15)
(12, 15)
(11, 15)
(10, 15)
(9, 15)
(8, 15)
(7, 15)
(6, 15)
(6, 16)
(6, 17)
kaikki ok
Reitin pituus: 7
(16, 1)
(15, 1)
(14, 1)
(14, 2)
(14, 3)
(14, 4)
(14, 5)
(14, 6)
kaikki ok
Reitin pituus: 28
(1, 1)
(1, 2)
(1, 3)
(1, 4)
(1, 5)
(2, 5)
(3, 5)
(4, 5)
(4, 6)
(4, 7)
(4, 8)
(4, 9)
(4, 10)
(4, 11)
(4, 12)
(4, 13)
(4, 14)
(4, 15)
(5, 15)
(6, 15)
(6, 16)
(6, 17)
(7, 17)
(8, 17)
(8, 18)
(8, 19)
(9, 19)
(10, 19)
(11, 19)
kaikki ok
Reitin pituus: 14
(12, 11)
(12, 10)
(12, 9)
(13, 9)
(14, 9)
(14, 8)
(14, 7)
(14, 6)
(14, 5)
(15, 5)
(16, 5)
(17, 5)
(17, 4)
(17, 3)
(17, 2)
kaikki ok
Reitin pituus: 17
(10, 9)
(9, 9)
(9, 8)
(9, 7)
(8, 7)
(7, 7)
(6, 7)
(6, 8)
(6, 9)
(6, 10)
(6, 11)
(6, 12)
(6, 13)
(7, 13)
(8, 13)
(8, 14)
(8, 15)
(9, 15)
kaikki ok
Reitin pituus: 17
(14, 9)
(13, 9)
(12, 9)
(12, 8)
(12, 7)
(11, 7)
(10, 7)
(9, 7)
(8, 7)
(8, 6)
(8, 5)
(7, 5)
(6, 5)
(6, 4)
(6, 3)
(5, 3)
(4, 3)
(4, 4)
kaikki ok
Reitin pituus: 9
(8, 19)
(7, 19)
(6, 19)
(5, 19)
(4, 19)
(3, 19)
(2, 19)
(1, 19)
(1, 18)
(1, 17)
kaikki ok
Reitin pituus: 12
(4, 9)
(4, 8)
(4, 7)
(4, 6)
(4, 5)
(4, 4)
(4, 3)
(4, 2)
(4, 1)
(5, 1)
(6, 1)
(7, 1)
(8, 1)
kaikki ok
Reitin pituus: 4
(4, 1)
(4, 2)
(4, 3)
(4, 4)
(4, 5)
kaikki ok
Reitin pituus: 11
(2, 19)
(1, 19)
(1, 18)
(1, 17)
(2, 17)
(3, 17)
(4, 17)
(4, 16)
(4, 15)
(4, 14)
(4, 13)
(5, 13)
kaikki ok
Reitin pituus: 29
(10, 1)
(11, 1)
(12, 1)
(13, 1)
(14, 1)
(14, 2)
(14, 3)
(14, 4)
(14, 5)
(14, 6)
(14, 7)
(14, 8)
(14, 9)
(14, 10)
(14, 11)
(14, 12)
(14, 13)
(14, 14)
(14, 15)
(13, 15)
(12, 15)
(12, 16)
(12, 17)
(11, 17)
(10, 17)
(10, 18)
(10, 19)
(11, 19)
(12, 19)
(13, 19)
kaikki ok
Reitin pituus: 15
(16, 17)
(15, 17)
(14, 17)
(14, 16)
(14, 15)
(13, 15)
(12, 15)
(11, 15)
(10, 15)
(9, 15)
(8, 15)
(8, 14)
(8, 13)
(7, 13)
(6, 13)
(5, 13)
kaikki ok
Reitin pituus: 18
(7, 3)
(8, 3)
(9, 3)
(10, 3)
(11, 3)
(12, 3)
(13, 3)
(14, 3)
(14, 4)
(14, 5)
(14, 6)
(14, 7)
(14, 8)
(14, 9)
(14, 10)
(14, 11)
(14, 12)
(14, 13)
(15, 13)
kaikki ok
Reitin pituus: 6
(8, 14)
(8, 13)
(7, 13)
(6, 13)
(5, 13)
(4, 13)
(4, 12)
kaikki ok
Reitin pituus: 12
(17, 2)
(17, 3)
(17, 4)
(17, 5)
(16, 5)
(15, 5)
(14, 5)
(14, 6)
(14, 7)
(14, 8)
(14, 9)
(14, 10)
(14, 11)
kaikki ok
Reitin pituus: 12
(4, 5)
(4, 6)
(4, 7)
(4, 8)
(4, 9)
(5, 9)
(6, 9)
(6, 8)
(6, 7)
(7, 7)
(8, 7)
(9, 7)
(10, 7)
kaikki ok
Reitin pituus: 27
(7, 17)
(6, 17)
(6, 16)
(6, 15)
(7, 15)
(8, 15)
(9, 15)
(10, 15)
(10, 14)
(10, 13)
(11, 13)
(12, 13)
(12, 12)
(12, 11)
(12, 10)
(12, 9)
(13, 9)
(14, 9)
(14, 8)
(14, 7)
(14, 6)
(14, 5)
(14, 4)
(14, 3)
(15, 3)
(16, 3)
(17, 3)
(17, 2)
kaikki ok
Reitin pituus: 23
(3, 1)
(4, 1)
(4, 2)
(4, 3)
(4, 4)
(4, 5)
(4, 6)
(4, 7)
(4, 8)
(4, 9)
(5, 9)
(6, 9)
(6, 10)
(6, 11)
(7, 11)
(8, 11)
(9, 11)
(10, 11)
(11, 11)
(12, 11)
(12, 12)
(12, 13)
(13, 13)
(14, 13)
kaikki ok
Reitin pituus: 22
(9, 19)
(10, 19)
(10, 18)
(10, 17)
(11, 17)
(12, 17)
(12, 16)
(12, 15)
(13, 15)
(14, 15)
(14, 14)
(14, 13)
(14, 12)
(14, 11)
(14, 10)
(14, 9)
(14, 8)
(14, 7)
(14, 6)
(14, 5)
(14, 4)
(14, 3)
(13, 3)
kaikki ok
Reitin pituus: 12
(10, 15)
(9, 15)
(8, 15)
(8, 14)
(8, 13)
(7, 13)
(6, 13)
(6, 12)
(6, 11)
(6, 10)
(6, 9)
(6, 8)
(6, 7)
kaikki ok
Reitin pituus: 14
(9, 11)
(10, 11)
(11, 11)
(12, 11)
(12, 10)
(12, 9)
(13, 9)
(14, 9)
(14, 8)
(14, 7)
(14, 6)
(14, 5)
(15, 5)
(16, 5)
(17, 5)
kaikki ok
Reitin pituus: 14
(3, 13)
(4, 13)
(4, 12)
(4, 11)
(4, 10)
(4, 9)
(4, 8)
(4, 7)
(4, 6)
(4, 5)
(4, 4)
(4, 3)
(5, 3)
(6, 3)
(6, 4)
kaikki ok
Reitin pituus: 0
(15, 13)
kaikki ok
Reitin pituus: 15
(4, 14)
(4, 13)
(4, 12)
(4, 11)
(4, 10)
(4, 9)
(5, 9)
(6, 9)
(6, 8)
(6, 7)
(7, 7)
(8, 7)
(9, 7)
(10, 7)
(11, 7)
(12, 7)
kaikki ok
Reitin pituus: 7
(6, 5)
(6, 4)
(6, 3)
(5, 3)
(4, 3)
(4, 4)
(4, 5)
(3, 5)
kaikki ok
Reitin pituus: 4
(13, 3)
(14, 3)
(15, 3)
(16, 3)
(17, 3)
kaikki ok
Reitin pituus: 5
(3, 19)
(4, 19)
(5, 19)
(6, 19)
(7, 19)
(8, 19)
kaikki ok
Reitin pituus: 15
(7, 1)
(8, 1)
(8, 2)
(8, 3)
(7, 3)
(6, 3)
(6, 4)
(6, 5)
(7, 5)
(8, 5)
(8, 6)
(8, 7)
(9, 7)
(9, 8)
(9, 9)
(8, 9)
kaikki ok
Reitin pituus: 17
(16, 5)
(15, 5)
(14, 5)
(14, 6)
(14, 7)
(14, 8)
(14, 9)
(14, 10)
(14, 11)
(14, 12)
(14, 13)
(14, 14)
(14, 15)
(13, 15)
(12, 15)
(12, 16)
(12, 17)
(11, 17)
kaikki ok
Reitin pituus: 6
(16, 17)
(15, 17)
(14, 17)
(14, 16)
(14, 15)
(13, 15)
(12, 15)
kaikki ok
Reitin pituus: 10
(10, 18)
(10, 17)
(11, 17)
(12, 17)
(12, 16)
(12, 15)
(13, 15)
(14, 15)
(14, 14)
(14, 13)
(14, 12)
kaikki ok
Reitin pituus: 22
(2, 1)
(3, 1)
(4, 1)
(4, 2)
(4, 3)
(4, 4)
(4, 5)
(4, 6)
(4, 7)
(4, 8)
(4, 9)
(4, 10)
(4, 11)
(4, 12)
(4, 13)
(4, 14)
(4, 15)
(4, 16)
(4, 17)
(3, 17)
(2, 17)
(1, 17)
(1, 18)
kaikki ok
Reitin pituus: 25
(6, 3)
(6, 4)
(6, 5)
(7, 5)
(8, 5)
(8, 6)
(8, 7)
(9, 7)
(10, 7)
(11, 7)
(12, 7)
(12, 8)
(12, 9)
(13, 9)
(14, 9)
(14, 10)
(14, 11)
(14, 12)
(14, 13)
(14, 14)
(14, 15)
(13, 15)
(12, 15)
(12, 16)
(12, 17)
(11, 17)
kaikki ok
Reitin pituus: 9
(7, 15)
(8, 15)
(8, 14)
(8, 13)
(7, 13)
(6, 13)
(6, 12)
(6, 11)
(7, 11)
(8, 11)
kaikki ok
Reitin pituus: 20
(8, 15)
(8, 14)
(8, 13)
(7, 13)
(6, 13)
(6, 12)
(6, 11)
(6, 10)
(6, 9)
(6, 8)
(6, 7)
(7, 7)
(8, 7)
(8, 6)
(8, 5)
(7, 5)
(6, 5)
(6, 4)
(6, 3)
(7, 3)
(8, 3)
kaikki ok
Reitin pituus: 19
(4, 11)
(4, 12)
(4, 13)
(5, 13)
(6, 13)
(7, 13)
(8, 13)
(8, 14)
(8, 15)
(9, 15)
(10, 15)
(11, 15)
(12, 15)
(13, 15)
(14, 15)
(14, 16)
(14, 17)
(15, 17)
(16, 17)
(17, 17)
kaikki ok
Reitin pituus: 24
(7, 1)
(8, 1)
(8, 2)
(8, 3)
(9, 3)
(10, 3)
(11, 3)
(12, 3)
(13, 3)
(14, 3)
(14, 4)
(14, 5)
(14, 6)
(14, 7)
(14, 8)
(14, 9)
(14, 10)
(14, 11)
(14, 12)
(14, 13)
(13, 13)
(12, 13)
(11, 13)
(10, 13)
(10, 14)
kaikki ok
Reitin pituus: 27
(1, 15)
(1, 14)
(1, 13)
(2, 13)
(3, 13)
(4, 13)
(4, 12)
(4, 11)
(4, 10)
(4, 9)
(4, 8)
(4, 7)
(4, 6)
(4, 5)
(4, 4)
(4, 3)
(5, 3)
(6, 3)
(7, 3)
(8, 3)
(9, 3)
(10, 3)
(10, 2)
(10, 1)
(11, 1)
(12, 1)
(13, 1)
(14, 1)
kaikki ok
Reitin pituus: 7
(14, 7)
(14, 8)
(14, 9)
(14, 10)
(14, 11)
(14, 12)
(14, 13)
(15, 13)
kaikki ok
Reitin pituus: 10
(6, 8)
(6, 7)
(7, 7)
(8, 7)
(8, 6)
(8, 5)
(7, 5)
(6, 5)
(6, 4)
(6, 3)
(7, 3)
kaikki ok
Reitin pituus: 15
(5, 13)
(4, 13)
(4, 12)
(4, 11)
(4, 10)
(4, 9)
(4, 8)
(4, 7)
(4, 6)
(4, 5)
(3, 5)
(2, 5)
(1, 5)
(1, 4)
(1, 3)
(1, 2)
kaikki ok
Reitin pituus: 9
(10, 5)
(11, 5)
(12, 5)
(12, 4)
(12, 3)
(11, 3)
(10, 3)
(10, 2)
(10, 1)
(11, 1)
kaikki ok
Reitin pituus: 4
(16, 5)
(17, 5)
(17, 4)
(17, 3)
(16, 3)
kaikki ok
Reitin pituus: 22
(15, 13)
(14, 13)
(14, 12)
(14, 11)
(14, 10)
(14, 9)
(14, 8)
(14, 7)
(14, 6)
(14, 5)
(14, 4)
(14, 3)
(13, 3)
(12, 3)
(11, 3)
(10, 3)
(9, 3)
(8, 3)
(7, 3)
(6, 3)
(5, 3)
(4, 3)
(3, 3)
kaikki ok
Reitin pituus: 2
(17, 18)
(17, 19)
(16, 19)
kaikki ok
Reitin pituus: 3
(10, 5)
(10, 6)
(10, 7)
(9, 7)
kaikki ok
Reitin pituus: 12
(11, 1)
(12, 1)
(13, 1)
(14, 1)
(14, 2)
(14, 3)
(14, 4)
(14, 5)
(14, 6)
(14, 7)
(14, 8)
(14, 9)
(14, 10)
kaikki ok
Reitin pituus: 7
(11, 13)
(12, 13)
(13, 13)
(14, 13)
(15, 13)
(16, 13)
(17, 13)
(17, 14)
kaikki ok
Reitin pituus: 16
(4, 19)
(5, 19)
(6, 19)
(7, 19)
(8, 19)
(9, 19)
(10, 19)
(10, 18)
(10, 17)
(11, 17)
(12, 17)
(12, 16)
(12, 15)
(11, 15)
(10, 15)
(10, 14)
(10, 13)
kaikki ok
Reitin pituus: 21
(13, 13)
(14, 13)
(14, 12)
(14, 11)
(14, 10)
(14, 9)
(14, 8)
(14, 7)
(14, 6)
(14, 5)
(14, 4)
(14, 3)
(13, 3)
(12, 3)
(11, 3)
(10, 3)
(9, 3)
(8, 3)
(8, 2)
(8, 1)
(7, 1)
(6, 1)
kaikki ok
Reitin pituus: 15
(15, 5)
(14, 5)
(14, 6)
(14, 7)
(14, 8)
(14, 9)
(13, 9)
(12, 9)
(12, 8)
(12, 7)
(11, 7)
(10, 7)
(9, 7)
(8, 7)
(8, 6)
(8, 5)
kaikki ok
Reitin pituus: 18
(5, 19)
(6, 19)
(7, 19)
(8, 19)
(9, 19)
(10, 19)
(10, 18)
(10, 17)
(11, 17)
(12, 17)
(12, 16)
(12, 15)
(13, 15)
(14, 15)
(14, 14)
(14, 13)
(13, 13)
(12, 13)
(12, 12)
kaikki ok
Reitin pituus: 13
(6, 12)
(6, 13)
(7, 13)
(8, 13)
(8, 14)
(8, 15)
(7, 15)
(6, 15)
(6, 16)
(6, 17)
(7, 17)
(8, 17)
(8, 18)
(8, 19)
kaikki ok
Reitin pituus: 16
(1, 17)
(2, 17)
(3, 17)
(4, 17)
(4, 16)
(4, 15)
(4, 14)
(4, 13)
(4, 12)
(4, 11)
(4, 10)
(4, 9)
(4, 8)
(4, 7)
(4, 6)
(4, 5)
(4, 4)
kaikki ok
Reitin pituus: 13
(11, 7)
(10, 7)
(9, 7)
(8, 7)
(7, 7)
(6, 7)
(6, 8)
(6, 9)
(5, 9)
(4, 9)
(4, 10)
(4, 11)
(4, 12)
(4, 13)
kaikki ok
Reitin pituus: 7
(17, 3)
(16, 3)
(15, 3)
(14, 3)
(13, 3)
(12, 3)
(11, 3)
(10, 3)
kaikki ok
Reitin pituus: 19
(6, 16)
(6, 15)
(5, 15)
(4, 15)
(4, 14)
(4, 13)
(4, 12)
(4, 11)
(4, 10)
(4, 9)
(5, 9)
(6, 9)
(6, 8)
(6, 7)
(7, 7)
(8, 7)
(9, 7)
(9, 8)
(9, 9)
(8, 9)
kaikki ok
Reitin pituus: 13
(8, 14)
(8, 15)
(9, 15)
(10, 15)
(11, 15)
(12, 15)
(12, 16)
(12, 17)
(11, 17)
(10, 17)
(10, 18)
(10, 19)
(11, 19)
(12, 19)
kaikki ok
Reitin pituus: 17
(14, 13)
(13, 13)
(12, 13)
(12, 12)
(12, 11)
(12, 10)
(12, 9)
(12, 8)
(12, 7)
(11, 7)
(10, 7)
(9, 7)
(8, 7)
(8, 6)
(8, 5)
(7, 5)
(6, 5)
(6, 4)
kaikki ok
Reitin pituus: 11
(1, 13)
(2, 13)
(3, 13)
(4, 13)
(4, 14)
(4, 15)
(5, 15)
(6, 15)
(6, 16)
(6, 17)
(7, 17)
(8, 17)
kaikki ok
Reitin pituus: 6
(12, 7)
(12, 8)
(12, 9)
(13, 9)
(14, 9)
(14, 8)
(14, 7)
kaikki ok
Reitin pituus: 15
(12, 8)
(12, 7)
(11, 7)
(10, 7)
(9, 7)
(8, 7)
(8, 6)
(8, 5)
(7, 5)
(6, 5)
(6, 4)
(6, 3)
(5, 3)
(4, 3)
(4, 4)
(4, 5)
kaikki ok
Reitin pituus: 25
(12, 19)
(11, 19)
(10, 19)
(9, 19)
(8, 19)
(8, 18)
(8, 17)
(7, 17)
(6, 17)
(6, 16)
(6, 15)
(5, 15)
(4, 15)
(4, 14)
(4, 13)
(4, 12)
(4, 11)
(4, 10)
(4, 9)
(4, 8)
(4, 7)
(4, 6)
(4, 5)
(4, 4)
(4, 3)
(4, 2)
kaikki ok
Reitin pituus: 12
(12, 13)
(11, 13)
(10, 13)
(10, 14)
(10, 15)
(11, 15)
(12, 15)
(12, 16)
(12, 17)
(11, 17)
(10, 17)
(10, 18)
(10, 19)
kaikki ok
Reitin pituus: 10
(7, 1)
(6, 1)
(5, 1)
(4, 1)
(4, 2)
(4, 3)
(4, 4)
(4, 5)
(4, 6)
(4, 7)
(4, 8)
kaikki ok
Reitin pituus: 9
(14, 17)
(14, 16)
(14, 15)
(14, 14)
(14, 13)
(13, 13)
(12, 13)
(12, 12)
(12, 11)
(11, 11)
kaikki ok
Reitin pituus: 14
(14, 5)
(14, 4)
(14, 3)
(13, 3)
(12, 3)
(11, 3)
(10, 3)
(9, 3)
(8, 3)
(7, 3)
(6, 3)
(5, 3)
(4, 3)
(3, 3)
(2, 3)
kaikki ok
Reitin pituus: 12
(7, 7)
(6, 7)
(6, 8)
(6, 9)
(6, 10)
(6, 11)
(6, 12)
(6, 13)
(7, 13)
(8, 13)
(8, 14)
(8, 15)
(7, 15)
kaikki ok
Reitin pituus: 7
(11, 17)
(12, 17)
(12, 16)
(12, 15)
(13, 15)
(14, 15)
(14, 16)
(14, 17)
kaikki ok
Reitin pituus: 6
(17, 2)
(17, 3)
(17, 4)
(17, 5)
(16, 5)
(15, 5)
(14, 5)
kaikki ok
Reitin pituus: 14
(4, 13)
(5, 13)
(6, 13)
(6, 12)
(6, 11)
(6, 10)
(6, 9)
(6, 8)
(6, 7)
(7, 7)
(8, 7)
(9, 7)
(9, 8)
(9, 9)
(10, 9)
kaikki ok
Reitin pituus: 11
(13, 3)
(12, 3)
(11, 3)
(10, 3)
(9, 3)
(8, 3)
(7, 3)
(6, 3)
(5, 3)
(4, 3)
(4, 4)
(4, 5)
kaikki ok
Reitin pituus: 22
(9, 9)
(9, 8)
(9, 7)
(10, 7)
(11, 7)
(12, 7)
(12, 8)
(12, 9)
(13, 9)
(14, 9)
(14, 10)
(14, 11)
(14, 12)
(14, 13)
(14, 14)
(14, 15)
(14, 16)
(14, 17)
(15, 17)
(16, 17)
(17, 17)
(17, 18)
(17, 19)
kaikki ok
Reitin pituus: 13
(10, 13)
(10, 14)
(10, 15)
(9, 15)
(8, 15)
(8, 14)
(8, 13)
(7, 13)
(6, 13)
(5, 13)
(4, 13)
(3, 13)
(2, 13)
(1, 13)
kaikki ok
Reitin pituus: 24
(8, 3)
(7, 3)
(6, 3)
(5, 3)
(4, 3)
(4, 4)
(4, 5)
(4, 6)
(4, 7)
(4, 8)
(4, 9)
(4, 10)
(4, 11)
(4, 12)
(4, 13)
(4, 14)
(4, 15)
(5, 15)
(6, 15)
(6, 16)
(6, 17)
(7, 17)
(8, 17)
(8, 18)
(8, 19)
kaikki ok
Reitin pituus: 5
(14, 7)
(14, 8)
(14, 9)
(14, 10)
(14, 11)
(14, 12)
kaikki ok
Reitin pituus: 12
(7, 1)
(8, 1)
(8, 2)
(8, 3)
(7, 3)
(6, 3)
(6, 4)
(6, 5)
(7, 5)
(8, 5)
(8, 6)
(8, 7)
(9, 7)
kaikki ok
Reitin pituus: 20
(8, 18)
(8, 17)
(7, 17)
(6, 17)
(6, 16)
(6, 15)
(5, 15)
(4, 15)
(4, 14)
(4, 13)
(4, 12)
(4, 11)
(4, 10)
(4, 9)
(4, 8)
(4, 7)
(4, 6)
(4, 5)
(3, 5)
(2, 5)
(1, 5)
kaikki ok
Reitin pituus: 32
(17, 1)
(17, 2)
(17, 3)
(16, 3)
(15, 3)
(14, 3)
(13, 3)
(12, 3)
(12, 4)
(12, 5)
(11, 5)
(10, 5)
(10, 6)
(10, 7)
(9, 7)
(8, 7)
(7, 7)
(6, 7)
(6, 8)
(6, 9)
(6, 10)
(6, 11)
(6, 12)
(6, 13)
(5, 13)
(4, 13)
(4, 14)
(4, 15)
(4, 16)
(4, 17)
(3, 17)
(2, 17)
(1, 17)
kaikki ok
Reitin pituus: 13
(10, 1)
(10, 2)
(10, 3)
(9, 3)
(8, 3)
(7, 3)
(6, 3)
(5, 3)
(4, 3)
(4, 4)
(4, 5)
(3, 5)
(2, 5)
(1, 5)
kaikki ok
Reitin pituus: 20
(14, 9)
(13, 9)
(12, 9)
(12, 10)
(12, 11)
(11, 11)
(10, 11)
(9, 11)
(8, 11)
(7, 11)
(6, 11)
(6, 10)
(6, 9)
(5, 9)
(4, 9)
(4, 8)
(4, 7)
(4, 6)
(4, 5)
(3, 5)
(2, 5)
kaikki ok
Reitin pituus: 10
(17, 14)
(17, 13)
(16, 13)
(15, 13)
(14, 13)
(14, 12)
(14, 11)
(14, 10)
(14, 9)
(14, 8)
(14, 7)
kaikki ok
Reitin pituus: 10
(8, 11)
(7, 11)
(6, 11)
(6, 12)
(6, 13)
(5, 13)
(4, 13)
(3, 13)
(2, 13)
(1, 13)
(1, 14)
kaikki ok
Reitin pituus: 23
(4, 6)
(4, 7)
(4, 8)
(4, 9)
(5, 9)
(6, 9)
(6, 10)
(6, 11)
(7, 11)
(8, 11)
(9, 11)
(10, 11)
(11, 11)
(12, 11)
(12, 12)
(12, 13)
(13, 13)
(14, 13)
(15, 13)
(16, 13)
(17, 13)
(17, 14)
(17, 15)
(16, 15)
kaikki ok
Reitin pituus: 17
(6, 15)
(5, 15)
(4, 15)
(4, 14)
(4, 13)
(4, 12)
(4, 11)
(4, 10)
(4, 9)
(5, 9)
(6, 9)
(6, 8)
(6, 7)
(7, 7)
(8, 7)
(8, 6)
(8, 5)
(7, 5)
kaikki ok
Reitin pituus: 11
(10, 7)
(10, 6)
(10, 5)
(11, 5)
(12, 5)
(12, 4)
(12, 3)
(13, 3)
(14, 3)
(14, 2)
(14, 1)
(15, 1)
kaikki ok
Reitin pituus: 10
(14, 19)
(15, 19)
(16, 19)
(17, 19)
(17, 18)
(17, 17)
(16, 17)
(15, 17)
(14, 17)
(14, 16)
(14, 15)
kaikki ok
Reitin pituus: 15
(8, 14)
(8, 13)
(7, 13)
(6, 13)
(5, 13)
(4, 13)
(4, 12)
(4, 11)
(4, 10)
(4, 9)
(4, 8)
(4, 7)
(4, 6)
(4, 5)
(3, 5)
(2, 5)
kaikki ok
Reitin pituus: 12
(15, 5)
(14, 5)
(14, 6)
(14, 7)
(14, 8)
(14, 9)
(14, 10)
(14, 11)
(14, 12)
(14, 13)
(15, 13)
(16, 13)
(17, 13)
kaikki ok
Reitin pituus: 3
(1, 1)
(2, 1)
(3, 1)
(4, 1)
kaikki ok
Reitin pituus: 16
(17, 13)
(16, 13)
(15, 13)
(14, 13)
(13, 13)
(12, 13)
(12, 12)
(12, 11)
(11, 11)
(10, 11)
(9, 11)
(8, 11)
(7, 11)
(6, 11)
(6, 12)
(6, 13)
(5, 13)
kaikki ok
Reitin pituus: 12
(1, 18)
(1, 17)
(2, 17)
(3, 17)
(4, 17)
(4, 16)
(4, 15)
(5, 15)
(6, 15)
(7, 15)
(8, 15)
(9, 15)
(10, 15)
kaikki ok
Reitin pituus: 10
(9, 19)
(8, 19)
(8, 18)
(8, 17)
(7, 17)
(6, 17)
(6, 16)
(6, 15)
(5, 15)
(4, 15)
(4, 14)
kaikki ok
Reitin pituus: 10
(12, 7)
(12, 8)
(12, 9)
(13, 9)
(14, 9)
(14, 10)
(14, 11)
(14, 12)
(14, 13)
(15, 13)
(16, 13)
kaikki ok
Reitin pituus: 17
(10, 19)
(10, 18)
(10, 17)
(11, 17)
(12, 17)
(12, 16)
(12, 15)
(13, 15)
(14, 15)
(14, 14)
(14, 13)
(14, 12)
(14, 11)
(14, 10)
(14, 9)
(13, 9)
(12, 9)
(12, 8)
kaikki ok
Reitin pituus: 7
(10, 3)
(9, 3)
(8, 3)
(8, 2)
(8, 1)
(7, 1)
(6, 1)
(5, 1)
kaikki ok
Reitin pituus: 14
(12, 13)
(13, 13)
(14, 13)
(14, 12)
(14, 11)
(14, 10)
(14, 9)
(14, 8)
(14, 7)
(14, 6)
(14, 5)
(14, 4)
(14, 3)
(13, 3)
(12, 3)
kaikki ok
Reitin pituus: 15
(14, 12)
(14, 11)
(14, 10)
(14, 9)
(14, 8)
(14, 7)
(14, 6)
(14, 5)
(14, 4)
(14, 3)
(14, 2)
(14, 1)
(13, 1)
(12, 1)
(11, 1)
(10, 1)
kaikki ok
Reitin pituus: 8
(11, 5)
(12, 5)
(12, 4)
(12, 3)
(11, 3)
(10, 3)
(9, 3)
(8, 3)
(7, 3)
kaikki ok
Reitin pituus: 19
(12, 3)
(13, 3)
(14, 3)
(14, 4)
(14, 5)
(14, 6)
(14, 7)
(14, 8)
(14, 9)
(14, 10)
(14, 11)
(14, 12)
(14, 13)
(14, 14)
(14, 15)
(13, 15)
(12, 15)
(11, 15)
(10, 15)
(9, 15)
kaikki ok
Reitin pituus: 17
(1, 18)
(1, 19)
(2, 19)
(3, 19)
(4, 19)
(5, 19)
(6, 19)
(7, 19)
(8, 19)
(9, 19)
(10, 19)
(11, 19)
(12, 19)
(13, 19)
(14, 19)
(15, 19)
(16, 19)
(17, 19)
kaikki ok
Reitin pituus: 28
(6, 19)
(7, 19)
(8, 19)
(9, 19)
(10, 19)
(10, 18)
(10, 17)
(11, 17)
(12, 17)
(12, 16)
(12, 15)
(13, 15)
(14, 15)
(14, 14)
(14, 13)
(14, 12)
(14, 11)
(14, 10)
(14, 9)
(14, 8)
(14, 7)
(14, 6)
(14, 5)
(14, 4)
(14, 3)
(15, 3)
(16, 3)
(17, 3)
(17, 2)
kaikki ok
Reitin pituus: 24
(17, 18)
(17, 17)
(16, 17)
(15, 17)
(14, 17)
(14, 16)
(14, 15)
(13, 15)
(12, 15)
(11, 15)
(10, 15)
(9, 15)
(8, 15)
(8, 14)
(8, 13)
(7, 13)
(6, 13)
(6, 12)
(6, 11)
(6, 10)
(6, 9)
(5, 9)
(4, 9)
(4, 8)
(4, 7)
kaikki ok
Reitin pituus: 20
(8, 2)
(8, 3)
(9, 3)
(10, 3)
(11, 3)
(12, 3)
(13, 3)
(14, 3)
(14, 4)
(14, 5)
(14, 6)
(14, 7)
(14, 8)
(14, 9)
(14, 10)
(14, 11)
(14, 12)
(14, 13)
(15, 13)
(16, 13)
(17, 13)
kaikki ok
Reitin pituus: 4
(15, 5)
(14, 5)
(14, 4)
(14, 3)
(14, 2)
kaikki ok
Reitin pituus: 22
(16, 5)
(15, 5)
(14, 5)
(14, 4)
(14, 3)
(13, 3)
(12, 3)
(11, 3)
(10, 3)
(9, 3)
(8, 3)
(7, 3)
(6, 3)
(5, 3)
(4, 3)
(4, 4)
(4, 5)
(4, 6)
(4, 7)
(4, 8)
(4, 9)
(4, 10)
(4, 11)
kaikki ok
Reitin pituus: 20
(6, 3)
(6, 4)
(6, 5)
(7, 5)
(8, 5)
(8, 6)
(8, 7)
(9, 7)
(10, 7)
(11, 7)
(12, 7)
(12, 8)
(12, 9)
(13, 9)
(14, 9)
(14, 10)
(14, 11)
(14, 12)
(14, 13)
(14, 14)
(14, 15)
kaikki ok
Reitin pituus: 5
(5, 15)
(4, 15)
(4, 14)
(4, 13)
(5, 13)
(6, 13)
kaikki ok
Reitin pituus: 20
(17, 17)
(16, 17)
(15, 17)
(14, 17)
(14, 16)
(14, 15)
(13, 15)
(12, 15)
(11, 15)
(10, 15)
(9, 15)
(8, 15)
(7, 15)
(6, 15)
(5, 15)
(4, 15)
(4, 16)
(4, 17)
(3, 17)
(2, 17)
(1, 17)
kaikki ok
Reitin pituus: 12
(8, 17)
(8, 18)
(8, 19)
(9, 19)
(10, 19)
(11, 19)
(12, 19)
(13, 19)
(14, 19)
(15, 19)
(16, 19)
(17, 19)
(17, 18)
kaikki ok
Reitin pituus: 18
(5, 1)
(4, 1)
(4, 2)
(4, 3)
(4, 4)
(4, 5)
(4, 6)
(4, 7)
(4, 8)
(4, 9)
(4, 10)
(4, 11)
(4, 12)
(4, 13)
(4, 14)
(4, 15)
(4, 16)
(4, 17)
(3, 17)
kaikki ok
Reitin pituus: 11
(4, 11)
(4, 10)
(4, 9)
(5, 9)
(6, 9)
(6, 8)
(6, 7)
(7, 7)
(8, 7)
(9, 7)
(10, 7)
(11, 7)
kaikki ok
Reitin pituus: 19
(3, 17)
(4, 17)
(4, 16)
(4, 15)
(4, 14)
(4, 13)
(4, 12)
(4, 11)
(4, 10)
(4, 9)
(4, 8)
(4, 7)
(4, 6)
(4, 5)
(4, 4)
(4, 3)
(5, 3)
(6, 3)
(6, 4)
(6, 5)
kaikki ok
Reitin pituus: 6
(14, 2)
(14, 3)
(14, 4)
(14, 5)
(14, 6)
(14, 7)
(14, 8)
kaikki ok
Reitin pituus: 10
(9, 15)
(8, 15)
(7, 15)
(6, 15)
(6, 16)
(6, 17)
(7, 17)
(8, 17)
(8, 18)
(8, 19)
(7, 19)
kaikki ok
Reitin pituus: 10
(4, 10)
(4, 11)
(4, 12)
(4, 13)
(5, 13)
(6, 13)
(7, 13)
(8, 13)
(8, 14)
(8, 15)
(9, 15)
kaikki ok
Reitin pituus: 6
(12, 12)
(12, 13)
(11, 13)
(10, 13)
(10, 14)
(10, 15)
(9, 15)
kaikki ok
Reitin pituus: 14
(12, 8)
(12, 9)
(12, 10)
(12, 11)
(11, 11)
(10, 11)
(9, 11)
(8, 11)
(7, 11)
(6, 11)
(6, 12)
(6, 13)
(5, 13)
(4, 13)
(4, 12)
kaikki ok
Reitin pituus: 22
(13, 3)
(14, 3)
(14, 4)
(14, 5)
(14, 6)
(14, 7)
(14, 8)
(14, 9)
(14, 10)
(14, 11)
(14, 12)
(14, 13)
(14, 14)
(14, 15)
(13, 15)
(12, 15)
(12, 16)
(12, 17)
(11, 17)
(10, 17)
(10, 18)
(10, 19)
(11, 19)
kaikki ok
Reitin pituus: 11
(6, 17)
(6, 16)
(6, 15)
(5, 15)
(4, 15)
(4, 14)
(4, 13)
(4, 12)
(4, 11)
(4, 10)
(4, 9)
(5, 9)
kaikki ok
Reitin pituus: 8
(10, 19)
(11, 19)
(12, 19)
(13, 19)
(14, 19)
(15, 19)
(16, 19)
(17, 19)
(17, 18)
kaikki ok
Reitin pituus: 27
(1, 2)
(1, 3)
(1, 4)
(1, 5)
(2, 5)
(3, 5)
(4, 5)
(4, 6)
(4, 7)
(4, 8)
(4, 9)
(4, 10)
(4, 11)
(4, 12)
(4, 13)
(4, 14)
(4, 15)
(5, 15)
(6, 15)
(6, 16)
(6, 17)
(7, 17)
(8, 17)
(8, 18)
(8, 19)
(9, 19)
(10, 19)
(11, 19)
kaikki ok
Reitin pituus: 5
(13, 13)
(14, 13)
(14, 14)
(14, 15)
(13, 15)
(12, 15)
kaikki ok
Reitin pituus: 14
(2, 13)
(3, 13)
(4, 13)
(5, 13)
(6, 13)
(6, 12)
(6, 11)
(6, 10)
(6, 9)
(6, 8)
(6, 7)
(7, 7)
(8, 7)
(9, 7)
(10, 7)
kaikki ok
Reitin pituus: 25
(11, 19)
(10, 19)
(9, 19)
(8, 19)
(8, 18)
(8, 17)
(7, 17)
(6, 17)
(6, 16)
(6, 15)
(5, 15)
(4, 15)
(4, 14)
(4, 13)
(4, 12)
(4, 11)
(4, 10)
(4, 9)
(4, 8)
(4, 7)
(4, 6)
(4, 5)
(4, 4)
(4, 3)
(3, 3)
(2, 3)
kaikki ok
Reitin pituus: 14
(7, 7)
(6, 7)
(6, 8)
(6, 9)
(6, 10)
(6, 11)
(6, 12)
(6, 13)
(7, 13)
(8, 13)
(8, 14)
(8, 15)
(9, 15)
(10, 15)
(11, 15)
kaikki ok
Reitin pituus: 9
(8, 7)
(8, 6)
(8, 5)
(7, 5)
(6, 5)
(6, 4)
(6, 3)
(7, 3)
(8, 3)
(9, 3)
kaikki ok
Reitin pituus: 20
(8, 11)
(7, 11)
(6, 11)
(6, 12)
(6, 13)
(7, 13)
(8, 13)
(8, 14)
(8, 15)
(7, 15)
(6, 15)
(6, 16)
(6, 17)
(7, 17)
(8, 17)
(8, 18)
(8, 19)
(9, 19)
(10, 19)
(11, 19)
(12, 19)
kaikki ok
Reitin pituus: 8
(14, 7)
(14, 8)
(14, 9)
(13, 9)
(12, 9)
(12, 10)
(12, 11)
(11, 11)
(10, 11)
kaikki ok
Reitin pituus: 16
(8, 7)
(7, 7)
(6, 7)
(6, 8)
(6, 9)
(5, 9)
(4, 9)
(4, 10)
(4, 11)
(4, 12)
(4, 13)
(3, 13)
(2, 13)
(1, 13)
(1, 14)
(1, 15)
(2, 15)
kaikki ok
Reitin pituus: 23
(1, 15)
(1, 14)
(1, 13)
(2, 13)
(3, 13)
(4, 13)
(5, 13)
(6, 13)
(6, 12)
(6, 11)
(6, 10)
(6, 9)
(6, 8)
(6, 7)
(7, 7)
(8, 7)
(9, 7)
(10, 7)
(10, 6)
(10, 5)
(11, 5)
(12, 5)
(12, 4)
(12, 3)
kaikki ok
Reitin pituus: 22
(7, 3)
(8, 3)
(9, 3)
(10, 3)
(11, 3)
(12, 3)
(13, 3)
(14, 3)
(14, 4)
(14, 5)
(14, 6)
(14, 7)
(14, 8)
(14, 9)
(14, 10)
(14, 11)
(14, 12)
(14, 13)
(15, 13)
(16, 13)
(17, 13)
(17, 14)
(17, 15)
kaikki ok
Reitin pituus: 15
(7, 17)
(6, 17)
(6, 16)
(6, 15)
(7, 15)
(8, 15)
(9, 15)
(10, 15)
(10, 14)
(10, 13)
(11, 13)
(12, 13)
(13, 13)
(14, 13)
(15, 13)
(16, 13)
kaikki ok
Reitin pituus: 11
(7, 15)
(8, 15)
(8, 14)
(8, 13)
(7, 13)
(6, 13)
(6, 12)
(6, 11)
(6, 10)
(6, 9)
(6, 8)
(6, 7)
kaikki ok
Reitin pituus: 25
(1, 13)
(2, 13)
(3, 13)
(4, 13)
(5, 13)
(6, 13)
(6, 12)
(6, 11)
(7, 11)
(8, 11)
(9, 11)
(10, 11)
(11, 11)
(12, 11)
(12, 10)
(12, 9)
(13, 9)
(14, 9)
(14, 8)
(14, 7)
(14, 6)
(14, 5)
(15, 5)
(16, 5)
(17, 5)
(17, 4)
kaikki ok
Reitin pituus: 10
(14, 14)
(14, 13)
(14, 12)
(14, 11)
(14, 10)
(14, 9)
(14, 8)
(14, 7)
(14, 6)
(14, 5)
(15, 5)
kaikki ok
Reitin pituus: 18
(17, 1)
(16, 1)
(15, 1)
(14, 1)
(13, 1)
(12, 1)
(11, 1)
(10, 1)
(10, 2)
(10, 3)
(9, 3)
(8, 3)
(8, 2)
(8, 1)
(7, 1)
(6, 1)
(5, 1)
(4, 1)
(3, 1)
kaikki ok
Reitin pituus: 19
(13, 1)
(14, 1)
(14, 2)
(14, 3)
(14, 4)
(14, 5)
(14, 6)
(14, 7)
(14, 8)
(14, 9)
(14, 10)
(14, 11)
(14, 12)
(14, 13)
(15, 13)
(16, 13)
(17, 13)
(17, 14)
(17, 15)
(16, 15)
kaikki ok
Reitin pituus: 15
(9, 9)
(9, 8)
(9, 7)
(8, 7)
(8, 6)
(8, 5)
(7, 5)
(6, 5)
(6, 4)
(6, 3)
(5, 3)
(4, 3)
(4, 2)
(4, 1)
(3, 1)
(2, 1)
kaikki ok
Reitin pituus: 19
(15, 1)
(14, 1)
(13, 1)
(12, 1)
(11, 1)
(10, 1)
(10, 2)
(10, 3)
(9, 3)
(8, 3)
(7, 3)
(6, 3)
(5, 3)
(4, 3)
(4, 4)
(4, 5)
(4, 6)
(4, 7)
(4, 8)
(4, 9)
kaikki ok
Reitin pituus: 5
(4, 13)
(4, 12)
(4, 11)
(4, 10)
(4, 9)
(5, 9)
kaikki ok
Reitin pituus: 2
(10, 18)
(10, 19)
(11, 19)
kaikki ok
Reitin pituus: 10
(7, 15)
(8, 15)
(9, 15)
(10, 15)
(11, 15)
(12, 15)
(13, 15)
(14, 15)
(14, 14)
(14, 13)
(14, 12)
kaikki ok
Reitin pituus: 9
(15, 19)
(14, 19)
(13, 19)
(12, 19)
(11, 19)
(10, 19)
(9, 19)
(8, 19)
(7, 19)
(6, 19)
kaikki ok
Reitin pituus: 9
(12, 15)
(11, 15)
(10, 15)
(9, 15)
(8, 15)
(7, 15)
(6, 15)
(5, 15)
(4, 15)
(4, 14)
kaikki ok
Reitin pituus: 24
(12, 19)
(11, 19)
(10, 19)
(10, 18)
(10, 17)
(11, 17)
(12, 17)
(12, 16)
(12, 15)
(13, 15)
(14, 15)
(14, 14)
(14, 13)
(14, 12)
(14, 11)
(14, 10)
(14, 9)
(13, 9)
(12, 9)
(12, 8)
(12, 7)
(11, 7)
(10, 7)
(9, 7)
(9, 8)
kaikki ok
Reitin pituus: 12
(14, 13)
(14, 14)
(14, 15)
(13, 15)
(12, 15)
(11, 15)
(10, 15)
(9, 15)
(8, 15)
(7, 15)
(6, 15)
(5, 15)
(4, 15)
kaikki ok
Reitin pituus: 8
(14, 15)
(13, 15)
(12, 15)
(11, 15)
(10, 15)
(9, 15)
(8, 15)
(8, 14)
(8, 13)
kaikki ok
Reitin pituus: 21
(16, 16)
(16, 17)
(15, 17)
(14, 17)
(14, 16)
(14, 15)
(14, 14)
(14, 13)
(14, 12)
(14, 11)
(14, 10)
(14, 9)
(14, 8)
(14, 7)
(14, 6)
(14, 5)
(14, 4)
(14, 3)
(14, 2)
(14, 1)
(13, 1)
(12, 1)
kaikki ok
Reitin pituus: 6
(6, 13)
(5, 13)
(4, 13)
(3, 13)
(2, 13)
(1, 13)
(1, 14)
kaikki ok
Reitin pituus: 6
(8, 2)
(8, 3)
(9, 3)
(10, 3)
(11, 3)
(12, 3)
(13, 3)
kaikki ok
Reitin pituus: 7
(7, 11)
(6, 11)
(6, 12)
(6, 13)
(5, 13)
(4, 13)
(3, 13)
(2, 13)
kaikki ok
Reitin pituus: 6
(1, 2)
(1, 3)
(2, 3)
(3, 3)
(4, 3)
(5, 3)
(6, 3)
kaikki ok
Reitin pituus: 12
(12, 17)
(12, 16)
(12, 15)
(11, 15)
(10, 15)
(9, 15)
(8, 15)
(7, 15)
(6, 15)
(5, 15)
(4, 15)
(4, 16)
(4, 17)
kaikki ok
Reitin pituus: 17
(14, 7)
(14, 8)
(14, 9)
(13, 9)
(12, 9)
(12, 10)
(12, 11)
(11, 11)
(10, 11)
(9, 11)
(8, 11)
(7, 11)
(6, 11)
(6, 12)
(6, 13)
(5, 13)
(4, 13)
(3, 13)
kaikki ok
Reitin pituus: 12
(11, 11)
(12, 11)
(12, 10)
(12, 9)
(12, 8)
(12, 7)
(11, 7)
(10, 7)
(9, 7)
(8, 7)
(8, 6)
(8, 5)
(7, 5)
kaikki ok
Reitin pituus: 20
(16, 17)
(15, 17)
(14, 17)
(14, 16)
(14, 15)
(13, 15)
(12, 15)
(11, 15)
(10, 15)
(9, 15)
(8, 15)
(8, 14)
(8, 13)
(7, 13)
(6, 13)
(6, 12)
(6, 11)
(6, 10)
(6, 9)
(5, 9)
(4, 9)
kaikki ok
Reitin pituus: 16
(9, 7)
(8, 7)
(7, 7)
(6, 7)
(6, 8)
(6, 9)
(5, 9)
(4, 9)
(4, 10)
(4, 11)
(4, 12)
(4, 13)
(4, 14)
(4, 15)
(5, 15)
(6, 15)
(6, 16)
kaikki ok
Reitin pituus: 13
(12, 5)
(12, 4)
(12, 3)
(11, 3)
(10, 3)
(9, 3)
(8, 3)
(7, 3)
(6, 3)
(5, 3)
(4, 3)
(4, 4)
(4, 5)
(4, 6)
kaikki ok
Reitin pituus: 14
(12, 8)
(12, 9)
(12, 10)
(12, 11)
(12, 12)
(12, 13)
(11, 13)
(10, 13)
(10, 14)
(10, 15)
(11, 15)
(12, 15)
(12, 16)
(12, 17)
(11, 17)
kaikki ok
Reitin pituus: 8
(16, 16)
(16, 17)
(17, 17)
(17, 18)
(17, 19)
(16, 19)
(15, 19)
(14, 19)
(13, 19)
kaikki ok
Reitin pituus: 24
(13, 19)
(12, 19)
(11, 19)
(10, 19)
(9, 19)
(8, 19)
(8, 18)
(8, 17)
(7, 17)
(6, 17)
(6, 16)
(6, 15)
(5, 15)
(4, 15)
(4, 14)
(4, 13)
(4, 12)
(4, 11)
(4, 10)
(4, 9)
(4, 8)
(4, 7)
(4, 6)
(4, 5)
(4, 4)
kaikki ok
Reitin pituus: 22
(6, 15)
(7, 15)
(8, 15)
(9, 15)
(10, 15)
(10, 14)
(10, 13)
(11, 13)
(12, 13)
(12, 12)
(12, 11)
(12, 10)
(12, 9)
(13, 9)
(14, 9)
(14, 8)
(14, 7)
(14, 6)
(14, 5)
(14, 4)
(14, 3)
(15, 3)
(16, 3)
kaikki ok
Reitin pituus: 16
(13, 3)
(12, 3)
(12, 4)
(12, 5)
(11, 5)
(10, 5)
(10, 6)
(10, 7)
(9, 7)
(8, 7)
(7, 7)
(6, 7)
(6, 8)
(6, 9)
(5, 9)
(4, 9)
(4, 10)
kaikki ok
Reitin pituus: 16
(14, 19)
(13, 19)
(12, 19)
(11, 19)
(10, 19)
(9, 19)
(8, 19)
(8, 18)
(8, 17)
(7, 17)
(6, 17)
(6, 16)
(6, 15)
(5, 15)
(4, 15)
(4, 14)
(4, 13)
kaikki ok
Reitin pituus: 21
(8, 1)
(7, 1)
(6, 1)
(5, 1)
(4, 1)
(4, 2)
(4, 3)
(4, 4)
(4, 5)
(4, 6)
(4, 7)
(4, 8)
(4, 9)
(4, 10)
(4, 11)
(4, 12)
(4, 13)
(4, 14)
(4, 15)
(5, 15)
(6, 15)
(6, 16)
kaikki ok
Reitin pituus: 21
(6, 11)
(7, 11)
(8, 11)
(9, 11)
(10, 11)
(11, 11)
(12, 11)
(12, 12)
(12, 13)
(13, 13)
(14, 13)
(14, 14)
(14, 15)
(14, 16)
(14, 17)
(15, 17)
(16, 17)
(17, 17)
(17, 18)
(17, 19)
(16, 19)
(15, 19)
kaikki ok
Reitin pituus: 7
(1, 4)
(1, 3)
(2, 3)
(3, 3)
(4, 3)
(5, 3)
(6, 3)
(6, 4)
kaikki ok
Reitin pituus: 12
(10, 5)
(10, 6)
(10, 7)
(11, 7)
(12, 7)
(12, 8)
(12, 9)
(12, 10)
(12, 11)
(12, 12)
(12, 13)
(11, 13)
(10, 13)
kaikki ok
Reitin pituus: 18
(4, 13)
(4, 12)
(4, 11)
(4, 10)
(4, 9)
(4, 8)
(4, 7)
(4, 6)
(4, 5)
(4, 4)
(4, 3)
(5, 3)
(6, 3)
(7, 3)
(8, 3)
(9, 3)
(10, 3)
(10, 2)
(10, 1)
kaikki ok
Reitin pituus: 8
(17, 18)
(17, 17)
(16, 17)
(15, 17)
(14, 17)
(14, 16)
(14, 15)
(14, 14)
(14, 13)
kaikki ok
Reitin pituus: 18
(10, 11)
(9, 11)
(8, 11)
(7, 11)
(6, 11)
(6, 12)
(6, 13)
(5, 13)
(4, 13)
(4, 14)
(4, 15)
(4, 16)
(4, 17)
(3, 17)
(2, 17)
(1, 17)
(1, 18)
(1, 19)
(2, 19)
kaikki ok
Reitin pituus: 19
(14, 16)
(14, 15)
(14, 14)
(14, 13)
(14, 12)
(14, 11)
(14, 10)
(14, 9)
(14, 8)
(14, 7)
(14, 6)
(14, 5)
(14, 4)
(14, 3)
(14, 2)
(14, 1)
(13, 1)
(12, 1)
(11, 1)
(10, 1)
kaikki ok
Reitin pituus: 17
(1, 2)
(1, 3)
(1, 4)
(1, 5)
(2, 5)
(3, 5)
(4, 5)
(4, 6)
(4, 7)
(4, 8)
(4, 9)
(4, 10)
(4, 11)
(4, 12)
(4, 13)
(5, 13)
(6, 13)
(7, 13)
kaikki ok
Reitin pituus: 12
(6, 1)
(7, 1)
(8, 1)
(8, 2)
(8, 3)
(9, 3)
(10, 3)
(11, 3)
(12, 3)
(13, 3)
(14, 3)
(15, 3)
(16, 3)
kaikki ok
Reitin pituus: 4
(7, 7)
(8, 7)
(9, 7)
(10, 7)
(10, 6)
kaikki ok
Reitin pituus: 23
(6, 16)
(6, 15)
(7, 15)
(8, 15)
(9, 15)
(10, 15)
(10, 14)
(10, 13)
(11, 13)
(12, 13)
(12, 12)
(12, 11)
(12, 10)
(12, 9)
(13, 9)
(14, 9)
(14, 8)
(14, 7)
(14, 6)
(14, 5)
(14, 4)
(14, 3)
(15, 3)
(16, 3)
kaikki ok
Reitin pituus: 4
(16, 15)
(17, 15)
(17, 14)
(17, 13)
(16, 13)
kaikki ok
Reitin pituus: 9
(8, 14)
(8, 13)
(7, 13)
(6, 13)
(6, 12)
(6, 11)
(7, 11)
(8, 11)
(9, 11)
(10, 11)
kaikki ok
Reitin pituus: 21
(16, 5)
(15, 5)
(14, 5)
(14, 6)
(14, 7)
(14, 8)
(14, 9)
(14, 10)
(14, 11)
(14, 12)
(14, 13)
(14, 14)
(14, 15)
(13, 15)
(12, 15)
(12, 16)
(12, 17)
(11, 17)
(10, 17)
(10, 18)
(10, 19)
(9, 19)
kaikki ok
Reitin pituus: 21
(14, 11)
(14, 12)
(14, 13)
(13, 13)
(12, 13)
(12, 12)
(12, 11)
(11, 11)
(10, 11)
(9, 11)
(8, 11)
(7, 11)
(6, 11)
(6, 12)
(6, 13)
(5, 13)
(4, 13)
(3, 13)
(2, 13)
(1, 13)
(1, 14)
(1, 15)
kaikki ok
Reitin pituus: 7
(5, 3)
(6, 3)
(6, 4)
(6, 5)
(7, 5)
(8, 5)
(8, 6)
(8, 7)
kaikki ok
Reitin pituus: 6
(17, 18)
(17, 19)
(16, 19)
(15, 19)
(14, 19)
(13, 19)
(12, 19)
kaikki ok
Reitin pituus: 8
(10, 2)
(10, 3)
(11, 3)
(12, 3)
(13, 3)
(14, 3)
(15, 3)
(16, 3)
(17, 3)
kaikki ok
Reitin pituus: 11
(9, 11)
(10, 11)
(11, 11)
(12, 11)
(12, 12)
(12, 13)
(13, 13)
(14, 13)
(15, 13)
(16, 13)
(17, 13)
(17, 14)
kaikki ok
Reitin pituus: 21
(4, 4)
(4, 5)
(4, 6)
(4, 7)
(4, 8)
(4, 9)
(4, 10)
(4, 11)
(4, 12)
(4, 13)
(4, 14)
(4, 15)
(5, 15)
(6, 15)
(6, 16)
(6, 17)
(7, 17)
(8, 17)
(8, 18)
(8, 19)
(7, 19)
(6, 19)
kaikki ok
Reitin pituus: 14
(8, 6)
(8, 7)
(7, 7)
(6, 7)
(6, 8)
(6, 9)
(6, 10)
(6, 11)
(6, 12)
(6, 13)
(7, 13)
(8, 13)
(8, 14)
(8, 15)
(7, 15)
kaikki ok
Reitin pituus: 5
(4, 11)
(4, 12)
(4, 13)
(4, 14)
(4, 15)
(4, 16)
kaikki ok
Reitin pituus: 10
(1, 5)
(1, 4)
(1, 3)
(2, 3)
(3, 3)
(4, 3)
(5, 3)
(6, 3)
(7, 3)
(8, 3)
(8, 2)
kaikki ok
Reitin pituus: 1
(17, 18)
(17, 19)
kaikki ok
Reitin pituus: 15
(4, 6)
(4, 7)
(4, 8)
(4, 9)
(4, 10)
(4, 11)
(4, 12)
(4, 13)
(5, 13)
(6, 13)
(7, 13)
(8, 13)
(8, 14)
(8, 15)
(9, 15)
(10, 15)
kaikki ok
Reitin pituus: 14
(8, 15)
(9, 15)
(10, 15)
(11, 15)
(12, 15)
(13, 15)
(14, 15)
(14, 14)
(14, 13)
(14, 12)
(14, 11)
(14, 10)
(14, 9)
(14, 8)
(14, 7)
kaikki ok
Reitin pituus: 13
(14, 5)
(14, 4)
(14, 3)
(13, 3)
(12, 3)
(11, 3)
(10, 3)
(9, 3)
(8, 3)
(8, 2)
(8, 1)
(7, 1)
(6, 1)
(5, 1)
kaikki ok
Reitin pituus: 19
(9, 15)
(8, 15)
(8, 14)
(8, 13)
(7, 13)
(6, 13)
(6, 12)
(6, 11)
(6, 10)
(6, 9)
(5, 9)
(4, 9)
(4, 8)
(4, 7)
(4, 6)
(4, 5)
(4, 4)
(4, 3)
(4, 2)
(4, 1)
kaikki ok
Reitin pituus: 25
(13, 19)
(12, 19)
(11, 19)
(10, 19)
(10, 18)
(10, 17)
(11, 17)
(12, 17)
(12, 16)
(12, 15)
(13, 15)
(14, 15)
(14, 14)
(14, 13)
(14, 12)
(14, 11)
(14, 10)
(14, 9)
(14, 8)
(14, 7)
(14, 6)
(14, 5)
(15, 5)
(16, 5)
(17, 5)
(17, 4)
kaikki ok
Reitin pituus: 16
(17, 4)
(17, 3)
(16, 3)
(15, 3)
(14, 3)
(13, 3)
(12, 3)
(12, 4)
(12, 5)
(11, 5)
(10, 5)
(10, 6)
(10, 7)
(9, 7)
(9, 8)
(9, 9)
(8, 9)
kaikki ok
Reitin pituus: 14
(9, 8)
(9, 7)
(8, 7)
(8, 6)
(8, 5)
(7, 5)
(6, 5)
(6, 4)
(6, 3)
(5, 3)
(4, 3)
(3, 3)
(2, 3)
(1, 3)
(1, 4)
kaikki ok
Reitin pituus: 24
(11, 17)
(12, 17)
(12, 16)
(12, 15)
(13, 15)
(14, 15)
(14, 14)
(14, 13)
(14, 12)
(14, 11)
(14, 10)
(14, 9)
(14, 8)
(14, 7)
(14, 6)
(14, 5)
(14, 4)
(14, 3)
(13, 3)
(12, 3)
(11, 3)
(10, 3)
(9, 3)
(8, 3)
(8, 2)
kaikki ok
Reitin pituus: 7
(10, 18)
(10, 19)
(9, 19)
(8, 19)
(8, 18)
(8, 17)
(7, 17)
(6, 17)
kaikki ok
Reitin pituus: 11
(10, 15)
(11, 15)
(12, 15)
(12, 16)
(12, 17)
(11, 17)
(10, 17)
(10, 18)
(10, 19)
(11, 19)
(12, 19)
(13, 19)
kaikki ok
Reitin pituus: 20
(4, 4)
(4, 5)
(4, 6)
(4, 7)
(4, 8)
(4, 9)
(4, 10)
(4, 11)
(4, 12)
(4, 13)
(4, 14)
(4, 15)
(5, 15)
(6, 15)
(6, 16)
(6, 17)
(7, 17)
(8, 17)
(8, 18)
(8, 19)
(7, 19)
kaikki ok
Reitin pituus: 13
(9, 7)
(10, 7)
(10, 6)
(10, 5)
(11, 5)
(12, 5)
(12, 4)
(12, 3)
(13, 3)
(14, 3)
(15, 3)
(16, 3)
(17, 3)
(17, 2)
kaikki ok
Reitin pituus: 14
(8, 5)
(8, 6)
(8, 7)
(7, 7)
(6, 7)
(6, 8)
(6, 9)
(6, 10)
(6, 11)
(6, 12)
(6, 13)
(5, 13)
(4, 13)
(3, 13)
(2, 13)
kaikki ok
Reitin pituus: 5
(4, 8)
(4, 9)
(5, 9)
(6, 9)
(6, 10)
(6, 11)
kaikki ok
Reitin pituus: 20
(4, 5)
(4, 6)
(4, 7)
(4, 8)
(4, 9)
(5, 9)
(6, 9)
(6, 10)
(6, 11)
(7, 11)
(8, 11)
(9, 11)
(10, 11)
(11, 11)
(12, 11)
(12, 12)
(12, 13)
(13, 13)
(14, 13)
(14, 12)
(14, 11)
kaikki ok
Reitin pituus: 4
(16, 3)
(15, 3)
(14, 3)
(13, 3)
(12, 3)
kaikki ok
Reitin pituus: 8
(5, 1)
(4, 1)
(3, 1)
(2, 1)
(1, 1)
(1, 2)
(1, 3)
(1, 4)
(1, 5)
kaikki ok
Reitin pituus: 22
(1, 3)
(2, 3)
(3, 3)
(4, 3)
(4, 4)
(4, 5)
(4, 6)
(4, 7)
(4, 8)
(4, 9)
(4, 10)
(4, 11)
(4, 12)
(4, 13)
(4, 14)
(4, 15)
(5, 15)
(6, 15)
(6, 16)
(6, 17)
(7, 17)
(8, 17)
(8, 18)
kaikki ok
Reitin pituus: 13
(6, 1)
(7, 1)
(8, 1)
(8, 2)
(8, 3)
(9, 3)
(10, 3)
(11, 3)
(12, 3)
(13, 3)
(14, 3)
(14, 4)
(14, 5)
(14, 6)
kaikki ok
Reitin pituus: 12
(8, 7)
(8, 6)
(8, 5)
(7, 5)
(6, 5)
(6, 4)
(6, 3)
(5, 3)
(4, 3)
(3, 3)
(2, 3)
(1, 3)
(1, 4)
kaikki ok
Reitin pituus: 12
(10, 14)
(10, 15)
(9, 15)
(8, 15)
(8, 14)
(8, 13)
(7, 13)
(6, 13)
(6, 12)
(6, 11)
(6, 10)
(6, 9)
(6, 8)
kaikki ok
Reitin pituus: 12
(10, 7)
(9, 7)
(8, 7)
(7, 7)
(6, 7)
(6, 8)
(6, 9)
(5, 9)
(4, 9)
(4, 10)
(4, 11)
(4, 12)
(4, 13)
kaikki ok
Reitin pituus: 12
(11, 11)
(12, 11)
(12, 10)
(12, 9)
(13, 9)
(14, 9)
(14, 8)
(14, 7)
(14, 6)
(14, 5)
(14, 4)
(14, 3)
(15, 3)
kaikki ok
Reitin pituus: 3
(13, 3)
(14, 3)
(14, 4)
(14, 5)
kaikki ok
Reitin pituus: 4
(4, 16)
(4, 17)
(3, 17)
(2, 17)
(2, 16)
kaikki ok
Reitin pituus: 24
(9, 3)
(8, 3)
(7, 3)
(6, 3)
(5, 3)
(4, 3)
(4, 4)
(4, 5)
(4, 6)
(4, 7)
(4, 8)
(4, 9)
(4, 10)
(4, 11)
(4, 12)
(4, 13)
(4, 14)
(4, 15)
(4, 16)
(4, 17)
(3, 17)
(2, 17)
(1, 17)
(1, 18)
(1, 19)
kaikki ok
Reitin pituus: 13
(8, 7)
(8, 6)
(8, 5)
(7, 5)
(6, 5)
(6, 4)
(6, 3)
(7, 3)
(8, 3)
(9, 3)
(10, 3)
(10, 2)
(10, 1)
(11, 1)
kaikki ok
Reitin pituus: 23
(14, 16)
(14, 15)
(13, 15)
(12, 15)
(11, 15)
(10, 15)
(9, 15)
(8, 15)
(8, 14)
(8, 13)
(7, 13)
(6, 13)
(6, 12)
(6, 11)
(6, 10)
(6, 9)
(5, 9)
(4, 9)
(4, 8)
(4, 7)
(4, 6)
(4, 5)
(3, 5)
(2, 5)
kaikki ok
Reitin pituus: 11
(7, 17)
(6, 17)
(6, 16)
(6, 15)
(5, 15)
(4, 15)
(4, 16)
(4, 17)
(3, 17)
(2, 17)
(2, 16)
(2, 15)
kaikki ok
Reitin pituus: 15
(12, 16)
(12, 15)
(11, 15)
(10, 15)
(9, 15)
(8, 15)
(8, 14)
(8, 13)
(7, 13)
(6, 13)
(6, 12)
(6, 11)
(6, 10)
(6, 9)
(6, 8)
(6, 7)
kaikki ok
Reitin pituus: 20
(6, 4)
(6, 5)
(7, 5)
(8, 5)
(8, 6)
(8, 7)
(9, 7)
(10, 7)
(11, 7)
(12, 7)
(12, 8)
(12, 9)
(13, 9)
(14, 9)
(14, 10)
(14, 11)
(14, 12)
(14, 13)
(14, 14)
(14, 15)
(14, 16)
kaikki ok
Reitin pituus: 19
(10, 13)
(11, 13)
(12, 13)
(12, 12)
(12, 11)
(12, 10)
(12, 9)
(12, 8)
(12, 7)
(11, 7)
(10, 7)
(10, 6)
(10, 5)
(11, 5)
(12, 5)
(12, 4)
(12, 3)
(11, 3)
(10, 3)
(9, 3)
kaikki ok
Reitin pituus: 6
(11, 7)
(12, 7)
(12, 8)
(12, 9)
(13, 9)
(14, 9)
(14, 10)
kaikki ok
Reitin pituus: 12
(7, 19)
(8, 19)
(9, 19)
(10, 19)
(10, 18)
(10, 17)
(11, 17)
(12, 17)
(12, 16)
(12, 15)
(13, 15)
(14, 15)
(14, 14)
kaikki ok
Reitin pituus: 6
(5, 13)
(6, 13)
(6, 12)
(6, 11)
(6, 10)
(6, 9)
(6, 8)
kaikki ok
Reitin pituus: 7
(14, 15)
(14, 14)
(14, 13)
(14, 12)
(14, 11)
(14, 10)
(14, 9)
(14, 8)
kaikki ok
Reitin pituus: 19
(1, 18)
(1, 17)
(2, 17)
(3, 17)
(4, 17)
(4, 16)
(4, 15)
(4, 14)
(4, 13)
(4, 12)
(4, 11)
(4, 10)
(4, 9)
(4, 8)
(4, 7)
(4, 6)
(4, 5)
(3, 5)
(2, 5)
(1, 5)
kaikki ok
Reitin pituus: 25
(9, 19)
(10, 19)
(10, 18)
(10, 17)
(11, 17)
(12, 17)
(12, 16)
(12, 15)
(13, 15)
(14, 15)
(14, 14)
(14, 13)
(14, 12)
(14, 11)
(14, 10)
(14, 9)
(14, 8)
(14, 7)
(14, 6)
(14, 5)
(14, 4)
(14, 3)
(13, 3)
(12, 3)
(11, 3)
(10, 3)
kaikki ok
Reitin pituus: 24
(12, 3)
(13, 3)
(14, 3)
(14, 4)
(14, 5)
(14, 6)
(14, 7)
(14, 8)
(14, 9)
(14, 10)
(14, 11)
(14, 12)
(14, 13)
(14, 14)
(14, 15)
(14, 16)
(14, 17)
(15, 17)
(16, 17)
(17, 17)
(17, 18)
(17, 19)
(16, 19)
(15, 19)
(14, 19)
kaikki ok
Reitin pituus: 12
(17, 15)
(16, 15)
(16, 16)
(16, 17)
(15, 17)
(14, 17)
(14, 16)
(14, 15)
(13, 15)
(12, 15)
(12, 16)
(12, 17)
(11, 17)
kaikki ok
Reitin pituus: 10
(12, 15)
(12, 16)
(12, 17)
(11, 17)
(10, 17)
(10, 18)
(10, 19)
(9, 19)
(8, 19)
(7, 19)
(6, 19)
kaikki ok
Reitin pituus: 0
(14, 8)
kaikki ok
Reitin pituus: 26
(14, 19)
(15, 19)
(16, 19)
(17, 19)
(17, 18)
(17, 17)
(16, 17)
(15, 17)
(14, 17)
(14, 16)
(14, 15)
(14, 14)
(14, 13)
(14, 12)
(14, 11)
(14, 10)
(14, 9)
(13, 9)
(12, 9)
(12, 8)
(12, 7)
(11, 7)
(10, 7)
(9, 7)
(9, 8)
(9, 9)
(8, 9)
kaikki ok
Reitin pituus: 22
(6, 4)
(6, 3)
(5, 3)
(4, 3)
(4, 4)
(4, 5)
(4, 6)
(4, 7)
(4, 8)
(4, 9)
(4, 10)
(4, 11)
(4, 12)
(4, 13)
(4, 14)
(4, 15)
(4, 16)
(4, 17)
(3, 17)
(2, 17)
(1, 17)
(1, 18)
(1, 19)
kaikki ok
Reitin pituus: 15
(4, 16)
(4, 15)
(5, 15)
(6, 15)
(7, 15)
(8, 15)
(9, 15)
(10, 15)
(11, 15)
(12, 15)
(13, 15)
(14, 15)
(14, 16)
(14, 17)
(15, 17)
(16, 17)
kaikki ok
Reitin pituus: 26
(11, 1)
(10, 1)
(10, 2)
(10, 3)
(9, 3)
(8, 3)
(7, 3)
(6, 3)
(5, 3)
(4, 3)
(4, 4)
(4, 5)
(4, 6)
(4, 7)
(4, 8)
(4, 9)
(4, 10)
(4, 11)
(4, 12)
(4, 13)
(4, 14)
(4, 15)
(5, 15)
(6, 15)
(6, 16)
(6, 17)
(7, 17)
kaikki ok
Reitin pituus: 15
(4, 8)
(4, 7)
(4, 6)
(4, 5)
(4, 4)
(4, 3)
(5, 3)
(6, 3)
(7, 3)
(8, 3)
(9, 3)
(10, 3)
(10, 2)
(10, 1)
(11, 1)
(12, 1)
kaikki ok
Reitin pituus: 12
(6, 11)
(7, 11)
(8, 11)
(9, 11)
(10, 11)
(11, 11)
(12, 11)
(12, 12)
(12, 13)
(13, 13)
(14, 13)
(15, 13)
(16, 13)
kaikki ok
Reitin pituus: 13
(16, 5)
(15, 5)
(14, 5)
(14, 6)
(14, 7)
(14, 8)
(14, 9)
(13, 9)
(12, 9)
(12, 10)
(12, 11)
(11, 11)
(10, 11)
(9, 11)
kaikki ok
Reitin pituus: 4
(4, 2)
(4, 3)
(5, 3)
(6, 3)
(7, 3)
kaikki ok
Reitin pituus: 17
(8, 2)
(8, 3)
(7, 3)
(6, 3)
(5, 3)
(4, 3)
(4, 4)
(4, 5)
(4, 6)
(4, 7)
(4, 8)
(4, 9)
(4, 10)
(4, 11)
(4, 12)
(4, 13)
(4, 14)
(4, 15)
kaikki ok
Reitin pituus: 17
(8, 1)
(8, 2)
(8, 3)
(9, 3)
(10, 3)
(11, 3)
(12, 3)
(13, 3)
(14, 3)
(14, 4)
(14, 5)
(14, 6)
(14, 7)
(14, 8)
(14, 9)
(14, 10)
(14, 11)
(14, 12)
kaikki ok
Reitin pituus: 15
(17, 17)
(16, 17)
(15, 17)
(14, 17)
(14, 16)
(14, 15)
(14, 14)
(14, 13)
(13, 13)
(12, 13)
(12, 12)
(12, 11)
(12, 10)
(12, 9)
(12, 8)
(12, 7)
kaikki ok
Reitin pituus: 2
(17, 3)
(16, 3)
(15, 3)
kaikki ok
Reitin pituus: 15
(4, 9)
(5, 9)
(6, 9)
(6, 10)
(6, 11)
(7, 11)
(8, 11)
(9, 11)
(10, 11)
(11, 11)
(12, 11)
(12, 12)
(12, 13)
(13, 13)
(14, 13)
(14, 12)
kaikki ok
Reitin pituus: 22
(17, 5)
(16, 5)
(15, 5)
(14, 5)
(14, 6)
(14, 7)
(14, 8)
(14, 9)
(14, 10)
(14, 11)
(14, 12)
(14, 13)
(14, 14)
(14, 15)
(13, 15)
(12, 15)
(12, 16)
(12, 17)
(11, 17)
(10, 17)
(10, 18)
(10, 19)
(9, 19)
kaikki ok
Reitin pituus: 22
(16, 5)
(15, 5)
(14, 5)
(14, 6)
(14, 7)
(14, 8)
(14, 9)
(13, 9)
(12, 9)
(12, 10)
(12, 11)
(11, 11)
(10, 11)
(9, 11)
(8, 11)
(7, 11)
(6, 11)
(6, 12)
(6, 13)
(5, 13)
(4, 13)
(4, 14)
(4, 15)
kaikki ok
Reitin pituus: 4
(7, 19)
(8, 19)
(9, 19)
(10, 19)
(10, 18)
kaikki ok
Reitin pituus: 14
(15, 13)
(14, 13)
(14, 14)
(14, 15)
(13, 15)
(12, 15)
(11, 15)
(10, 15)
(9, 15)
(8, 15)
(7, 15)
(6, 15)
(5, 15)
(4, 15)
(4, 14)
kaikki ok
Reitin pituus: 4
(8, 7)
(9, 7)
(10, 7)
(10, 6)
(10, 5)
kaikki ok
Reitin pituus: 13
(14, 16)
(14, 15)
(13, 15)
(12, 15)
(12, 16)
(12, 17)
(11, 17)
(10, 17)
(10, 18)
(10, 19)
(9, 19)
(8, 19)
(8, 18)
(8, 17)
kaikki ok
Reitin pituus: 11
(11, 11)
(12, 11)
(12, 12)
(12, 13)
(11, 13)
(10, 13)
(10, 14)
(10, 15)
(9, 15)
(8, 15)
(7, 15)
(6, 15)
kaikki ok
Reitin pituus: 25
(12, 19)
(11, 19)
(10, 19)
(9, 19)
(8, 19)
(8, 18)
(8, 17)
(7, 17)
(6, 17)
(6, 16)
(6, 15)
(5, 15)
(4, 15)
(4, 14)
(4, 13)
(4, 12)
(4, 11)
(4, 10)
(4, 9)
(4, 8)
(4, 7)
(4, 6)
(4, 5)
(4, 4)
(4, 3)
(3, 3)
kaikki ok
Reitin pituus: 17
(12, 17)
(12, 16)
(12, 15)
(13, 15)
(14, 15)
(14, 14)
(14, 13)
(14, 12)
(14, 11)
(14, 10)
(14, 9)
(14, 8)
(14, 7)
(14, 6)
(14, 5)
(14, 4)
(14, 3)
(13, 3)
kaikki ok
Reitin pituus: 5
(15, 1)
(16, 1)
(17, 1)
(17, 2)
(17, 3)
(16, 3)
kaikki ok
Reitin pituus: 13
(13, 3)
(14, 3)
(14, 4)
(14, 5)
(14, 6)
(14, 7)
(14, 8)
(14, 9)
(14, 10)
(14, 11)
(14, 12)
(14, 13)
(14, 14)
(14, 15)
kaikki ok
Reitin pituus: 12
(16, 3)
(15, 3)
(14, 3)
(13, 3)
(12, 3)
(11, 3)
(10, 3)
(9, 3)
(8, 3)
(7, 3)
(6, 3)
(5, 3)
(4, 3)
kaikki ok
Reitin pituus: 6
(8, 6)
(8, 5)
(7, 5)
(6, 5)
(6, 4)
(6, 3)
(7, 3)
kaikki ok
Reitin pituus: 20
(3, 13)
(4, 13)
(5, 13)
(6, 13)
(6, 12)
(6, 11)
(7, 11)
(8, 11)
(9, 11)
(10, 11)
(11, 11)
(12, 11)
(12, 10)
(12, 9)
(13, 9)
(14, 9)
(14, 8)
(14, 7)
(14, 6)
(14, 5)
(14, 4)
kaikki ok
Reitin pituus: 25
(8, 17)
(7, 17)
(6, 17)
(6, 16)
(6, 15)
(7, 15)
(8, 15)
(9, 15)
(10, 15)
(10, 14)
(10, 13)
(11, 13)
(12, 13)
(12, 12)
(12, 11)
(12, 10)
(12, 9)
(13, 9)
(14, 9)
(14, 8)
(14, 7)
(14, 6)
(14, 5)
(14, 4)
(14, 3)
(14, 2)
kaikki ok
Reitin pituus: 17
(17, 19)
(17, 18)
(17, 17)
(16, 17)
(15, 17)
(14, 17)
(14, 16)
(14, 15)
(14, 14)
(14, 13)
(13, 13)
(12, 13)
(12, 12)
(12, 11)
(11, 11)
(10, 11)
(9, 11)
(8, 11)
kaikki ok
Reitin pituus: 15
(4, 14)
(4, 13)
(5, 13)
(6, 13)
(6, 12)
(6, 11)
(7, 11)
(8, 11)
(9, 11)
(10, 11)
(11, 11)
(12, 11)
(12, 10)
(12, 9)
(13, 9)
(14, 9)
kaikki ok
Reitin pituus: 17
(2, 19)
(3, 19)
(4, 19)
(5, 19)
(6, 19)
(7, 19)
(8, 19)
(9, 19)
(10, 19)
(11, 19)
(12, 19)
(13, 19)
(14, 19)
(15, 19)
(16, 19)
(17, 19)
(17, 18)
(17, 17)
kaikki ok
Reitin pituus: 16
(14, 10)
(14, 11)
(14, 12)
(14, 13)
(14, 14)
(14, 15)
(13, 15)
(12, 15)
(11, 15)
(10, 15)
(9, 15)
(8, 15)
(7, 15)
(6, 15)
(6, 16)
(6, 17)
(7, 17)
kaikki ok
Reitin pituus: 12
(9, 7)
(10, 7)
(11, 7)
(12, 7)
(12, 8)
(12, 9)
(13, 9)
(14, 9)
(14, 10)
(14, 11)
(14, 12)
(14, 13)
(14, 14)
kaikki ok
Reitin pituus: 28
(13, 19)
(12, 19)
(11, 19)
(10, 19)
(9, 19)
(8, 19)
(8, 18)
(8, 17)
(7, 17)
(6, 17)
(6, 16)
(6, 15)
(5, 15)
(4, 15)
(4, 14)
(4, 13)
(4, 12)
(4, 11)
(4, 10)
(4, 9)
(4, 8)
(4, 7)
(4, 6)
(4, 5)
(4, 4)
(4, 3)
(3, 3)
(2, 3)
(1, 3)
kaikki ok
Reitin pituus: 6
(7, 1)
(6, 1)
(5, 1)
(4, 1)
(4, 2)
(4, 3)
(4, 4)
kaikki ok
Reitin pituus: 14
(14, 5)
(14, 6)
(14, 7)
(14, 8)
(14, 9)
(13, 9)
(12, 9)
(12, 10)
(12, 11)
(11, 11)
(10, 11)
(9, 11)
(8, 11)
(7, 11)
(6, 11)
kaikki ok
Reitin pituus: 3
(17, 18)
(17, 17)
(16, 17)
(16, 16)
kaikki ok
Reitin pituus: 9
(12, 10)
(12, 11)
(12, 12)
(12, 13)
(11, 13)
(10, 13)
(10, 14)
(10, 15)
(11, 15)
(12, 15)
kaikki ok
Reitin pituus: 7
(6, 4)
(6, 5)
(7, 5)
(8, 5)
(8, 6)
(8, 7)
(9, 7)
(9, 8)
kaikki ok
Reitin pituus: 9
(13, 15)
(12, 15)
(12, 16)
(12, 17)
(11, 17)
(10, 17)
(10, 18)
(10, 19)
(9, 19)
(8, 19)
kaikki ok
Reitin pituus: 1
(4, 3)
(3, 3)
kaikki ok
Reitin pituus: 18
(2, 16)
(2, 17)
(3, 17)
(4, 17)
(4, 16)
(4, 15)
(5, 15)
(6, 15)
(7, 15)
(8, 15)
(9, 15)
(10, 15)
(11, 15)
(12, 15)
(13, 15)
(14, 15)
(14, 16)
(14, 17)
(15, 17)
kaikki ok
Reitin pituus: 9
(8, 13)
(7, 13)
(6, 13)
(6, 12)
(6, 11)
(7, 11)
(8, 11)
(9, 11)
(10, 11)
(11, 11)
kaikki ok
Reitin pituus: 11
(12, 3)
(11, 3)
(10, 3)
(9, 3)
(8, 3)
(7, 3)
(6, 3)
(5, 3)
(4, 3)
(4, 4)
(4, 5)
(4, 6)
kaikki ok
Reitin pituus: 15
(10, 19)
(10, 18)
(10, 17)
(11, 17)
(12, 17)
(12, 16)
(12, 15)
(11, 15)
(10, 15)
(10, 14)
(10, 13)
(11, 13)
(12, 13)
(12, 12)
(12, 11)
(11, 11)
kaikki ok
Reitin pituus: 4
(12, 7)
(12, 8)
(12, 9)
(13, 9)
(14, 9)
kaikki ok
Reitin pituus: 4
(1, 1)
(2, 1)
(3, 1)
(4, 1)
(4, 2)
kaikki ok
Reitin pituus: 13
(12, 7)
(11, 7)
(10, 7)
(9, 7)
(8, 7)
(8, 6)
(8, 5)
(7, 5)
(6, 5)
(6, 4)
(6, 3)
(5, 3)
(4, 3)
(4, 4)
kaikki ok
Reitin pituus: 6
(7, 19)
(8, 19)
(9, 19)
(10, 19)
(10, 18)
(10, 17)
(11, 17)
kaikki ok
Reitin pituus: 16
(1, 5)
(2, 5)
(3, 5)
(4, 5)
(4, 6)
(4, 7)
(4, 8)
(4, 9)
(4, 10)
(4, 11)
(4, 12)
(4, 13)
(4, 14)
(4, 15)
(4, 16)
(4, 17)
(3, 17)
kaikki ok
Reitin pituus: 14
(12, 12)
(12, 13)
(11, 13)
(10, 13)
(10, 14)
(10, 15)
(9, 15)
(8, 15)
(7, 15)
(6, 15)
(6, 16)
(6, 17)
(7, 17)
(8, 17)
(8, 18)
kaikki ok
Reitin pituus: 10
(8, 6)
(8, 7)
(7, 7)
(6, 7)
(6, 8)
(6, 9)
(5, 9)
(4, 9)
(4, 8)
(4, 7)
(4, 6)
kaikki ok
Reitin pituus: 11
(2, 5)
(3, 5)
(4, 5)
(4, 6)
(4, 7)
(4, 8)
(4, 9)
(5, 9)
(6, 9)
(6, 10)
(6, 11)
(7, 11)
kaikki ok
Reitin pituus: 24
(10, 9)
(9, 9)
(9, 8)
(9, 7)
(10, 7)
(11, 7)
(12, 7)
(12, 8)
(12, 9)
(13, 9)
(14, 9)
(14, 10)
(14, 11)
(14, 12)
(14, 13)
(14, 14)
(14, 15)
(14, 16)
(14, 17)
(15, 17)
(16, 17)
(17, 17)
(17, 18)
(17, 19)
(16, 19)
kaikki ok
Reitin pituus: 15
(2, 5)
(3, 5)
(4, 5)
(4, 4)
(4, 3)
(5, 3)
(6, 3)
(7, 3)
(8, 3)
(9, 3)
(10, 3)
(11, 3)
(12, 3)
(12, 4)
(12, 5)
(11, 5)
kaikki ok
Reitin pituus: 13
(7, 11)
(8, 11)
(9, 11)
(10, 11)
(11, 11)
(12, 11)
(12, 10)
(12, 9)
(13, 9)
(14, 9)
(14, 8)
(14, 7)
(14, 6)
(14, 5)
kaikki ok
Reitin pituus: 15
(3, 1)
(4, 1)
(4, 2)
(4, 3)
(5, 3)
(6, 3)
(7, 3)
(8, 3)
(9, 3)
(10, 3)
(11, 3)
(12, 3)
(13, 3)
(14, 3)
(15, 3)
(16, 3)
kaikki ok
Reitin pituus: 16
(9, 9)
(9, 8)
(9, 7)
(8, 7)
(7, 7)
(6, 7)
(6, 8)
(6, 9)
(6, 10)
(6, 11)
(6, 12)
(6, 13)
(5, 13)
(4, 13)
(4, 14)
(4, 15)
(4, 16)
kaikki ok
Reitin pituus: 4
(4, 4)
(4, 3)
(3, 3)
(2, 3)
(1, 3)
kaikki ok
Reitin pituus: 18
(1, 15)
(1, 14)
(1, 13)
(2, 13)
(3, 13)
(4, 13)
(5, 13)
(6, 13)
(6, 12)
(6, 11)
(6, 10)
(6, 9)
(6, 8)
(6, 7)
(7, 7)
(8, 7)
(9, 7)
(10, 7)
(10, 6)
kaikki ok
Reitin pituus: 22
(8, 19)
(8, 18)
(8, 17)
(7, 17)
(6, 17)
(6, 16)
(6, 15)
(5, 15)
(4, 15)
(4, 14)
(4, 13)
(4, 12)
(4, 11)
(4, 10)
(4, 9)
(5, 9)
(6, 9)
(6, 8)
(6, 7)
(7, 7)
(8, 7)
(9, 7)
(9, 8)
kaikki ok
Reitin pituus: 25
(6, 19)
(7, 19)
(8, 19)
(8, 18)
(8, 17)
(7, 17)
(6, 17)
(6, 16)
(6, 15)
(5, 15)
(4, 15)
(4, 14)
(4, 13)
(4, 12)
(4, 11)
(4, 10)
(4, 9)
(4, 8)
(4, 7)
(4, 6)
(4, 5)
(4, 4)
(4, 3)
(4, 2)
(4, 1)
(3, 1)
kaikki ok
Reitin pituus: 24
(17, 18)
(17, 17)
(16, 17)
(15, 17)
(14, 17)
(14, 16)
(14, 15)
(14, 14)
(14, 13)
(14, 12)
(14, 11)
(14, 10)
(14, 9)
(14, 8)
(14, 7)
(14, 6)
(14, 5)
(14, 4)
(14, 3)
(13, 3)
(12, 3)
(11, 3)
(10, 3)
(9, 3)
(8, 3)
kaikki ok
Reitin pituus: 9
(12, 5)
(11, 5)
(10, 5)
(10, 6)
(10, 7)
(9, 7)
(8, 7)
(8, 6)
(8, 5)
(7, 5)
kaikki ok
Reitin pituus: 27
(14, 16)
(14, 15)
(13, 15)
(12, 15)
(11, 15)
(10, 15)
(9, 15)
(8, 15)
(8, 14)
(8, 13)
(7, 13)
(6, 13)
(6, 12)
(6, 11)
(6, 10)
(6, 9)
(5, 9)
(4, 9)
(4, 8)
(4, 7)
(4, 6)
(4, 5)
(4, 4)
(4, 3)
(4, 2)
(4, 1)
(3, 1)
(2, 1)
kaikki ok
Reitin pituus: 11
(10, 17)
(10, 18)
(10, 19)
(11, 19)
(12, 19)
(13, 19)
(14, 19)
(15, 19)
(16, 19)
(17, 19)
(17, 18)
(17, 17)
kaikki ok
Reitin pituus: 22
(4, 15)
(4, 14)
(4, 13)
(5, 13)
(6, 13)
(6, 12)
(6, 11)
(7, 11)
(8, 11)
(9, 11)
(10, 11)
(11, 11)
(12, 11)
(12, 10)
(12, 9)
(13, 9)
(14, 9)
(14, 8)
(14, 7)
(14, 6)
(14, 5)
(15, 5)
(16, 5)
kaikki ok
Reitin pituus: 15
(16, 3)
(15, 3)
(14, 3)
(14, 4)
(14, 5)
(14, 6)
(14, 7)
(14, 8)
(14, 9)
(13, 9)
(12, 9)
(12, 10)
(12, 11)
(11, 11)
(10, 11)
(9, 11)
kaikki ok
Reitin pituus: 15
(8, 3)
(7, 3)
(6, 3)
(6, 4)
(6, 5)
(7, 5)
(8, 5)
(8, 6)
(8, 7)
(7, 7)
(6, 7)
(6, 8)
(6, 9)
(6, 10)
(6, 11)
(7, 11)
kaikki ok
Reitin pituus: 17
(5, 15)
(4, 15)
(4, 14)
(4, 13)
(5, 13)
(6, 13)
(6, 12)
(6, 11)
(6, 10)
(6, 9)
(6, 8)
(6, 7)
(7, 7)
(8, 7)
(9, 7)
(9, 8)
(9, 9)
(10, 9)
kaikki ok
Reitin pituus: 20
(6, 11)
(7, 11)
(8, 11)
(9, 11)
(10, 11)
(11, 11)
(12, 11)
(12, 10)
(12, 9)
(13, 9)
(14, 9)
(14, 8)
(14, 7)
(14, 6)
(14, 5)
(14, 4)
(14, 3)
(14, 2)
(14, 1)
(13, 1)
(12, 1)
kaikki ok
Reitin pituus: 14
(8, 9)
(9, 9)
(9, 8)
(9, 7)
(10, 7)
(10, 6)
(10, 5)
(11, 5)
(12, 5)
(12, 4)
(12, 3)
(13, 3)
(14, 3)
(14, 2)
(14, 1)
kaikki ok
Reitin pituus: 15
(6, 5)
(6, 4)
(6, 3)
(7, 3)
(8, 3)
(9, 3)
(10, 3)
(10, 2)
(10, 1)
(11, 1)
(12, 1)
(13, 1)
(14, 1)
(15, 1)
(16, 1)
(17, 1)
kaikki ok
Reitin pituus: 3
(1, 18)
(1, 17)
(2, 17)
(3, 17)
kaikki ok
Reitin pituus: 13
(6, 13)
(5, 13)
(4, 13)
(4, 14)
(4, 15)
(4, 16)
(4, 17)
(3, 17)
(2, 17)
(1, 17)
(1, 18)
(1, 19)
(2, 19)
(3, 19)
kaikki ok
Reitin pituus: 5
(7, 13)
(8, 13)
(8, 14)
(8, 15)
(9, 15)
(10, 15)
kaikki ok
Reitin pituus: 23
(4, 8)
(4, 9)
(5, 9)
(6, 9)
(6, 10)
(6, 11)
(7, 11)
(8, 11)
(9, 11)
(10, 11)
(11, 11)
(12, 11)
(12, 12)
(12, 13)
(13, 13)
(14, 13)
(14, 14)
(14, 15)
(14, 16)
(14, 17)
(15, 17)
(16, 17)
(17, 17)
(17, 18)
kaikki ok
Reitin pituus: 15
(7, 5)
(8, 5)
(8, 6)
(8, 7)
(7, 7)
(6, 7)
(6, 8)
(6, 9)
(5, 9)
(4, 9)
(4, 10)
(4, 11)
(4, 12)
(4, 13)
(3, 13)
(2, 13)
kaikki ok
Reitin pituus: 15
(17, 17)
(16, 17)
(15, 17)
(14, 17)
(14, 16)
(14, 15)
(14, 14)
(14, 13)
(13, 13)
(12, 13)
(12, 12)
(12, 11)
(12, 10)
(12, 9)
(12, 8)
(12, 7)
kaikki ok
Reitin pituus: 20
(10, 19)
(9, 19)
(8, 19)
(8, 18)
(8, 17)
(7, 17)
(6, 17)
(6, 16)
(6, 15)
(7, 15)
(8, 15)
(8, 14)
(8, 13)
(7, 13)
(6, 13)
(6, 12)
(6, 11)
(6, 10)
(6, 9)
(6, 8)
(6, 7)
kaikki ok
Reitin pituus: 28
(14, 17)
(14, 16)
(14, 15)
(13, 15)
(12, 15)
(11, 15)
(10, 15)
(9, 15)
(8, 15)
(8, 14)
(8, 13)
(7, 13)
(6, 13)
(6, 12)
(6, 11)
(6, 10)
(6, 9)
(5, 9)
(4, 9)
(4, 8)
(4, 7)
(4, 6)
(4, 5)
(4, 4)
(4, 3)
(4, 2)
(4, 1)
(3, 1)
(2, 1)
kaikki ok
Reitin pituus: 22
(16, 19)
(17, 19)
(17, 18)
(17, 17)
(16, 17)
(15, 17)
(14, 17)
(14, 16)
(14, 15)
(14, 14)
(14, 13)
(13, 13)
(12, 13)
(12, 12)
(12, 11)
(12, 10)
(12, 9)
(12, 8)
(12, 7)
(11, 7)
(10, 7)
(10, 6)
(10, 5)
kaikki ok
Reitin pituus: 15
(11, 11)
(12, 11)
(12, 10)
(12, 9)
(12, 8)
(12, 7)
(11, 7)
(10, 7)
(9, 7)
(8, 7)
(8, 6)
(8, 5)
(7, 5)
(6, 5)
(6, 4)
(6, 3)
kaikki ok
Reitin pituus: 19
(4, 2)
(4, 3)
(4, 4)
(4, 5)
(4, 6)
(4, 7)
(4, 8)
(4, 9)
(4, 10)
(4, 11)
(4, 12)
(4, 13)
(4, 14)
(4, 15)
(4, 16)
(4, 17)
(3, 17)
(2, 17)
(1, 17)
(1, 18)
kaikki ok
Reitin pituus: 1
(13, 19)
(14, 19)
kaikki ok
Reitin pituus: 12
(10, 11)
(9, 11)
(8, 11)
(7, 11)
(6, 11)
(6, 12)
(6, 13)
(5, 13)
(4, 13)
(3, 13)
(2, 13)
(1, 13)
(1, 14)
kaikki ok
Reitin pituus: 26
(4, 3)
(5, 3)
(6, 3)
(6, 4)
(6, 5)
(7, 5)
(8, 5)
(8, 6)
(8, 7)
(9, 7)
(10, 7)
(11, 7)
(12, 7)
(12, 8)
(12, 9)
(12, 10)
(12, 11)
(12, 12)
(12, 13)
(13, 13)
(14, 13)
(14, 14)
(14, 15)
(14, 16)
(14, 17)
(15, 17)
(16, 17)
kaikki ok
Reitin pituus: 5
(12, 8)
(12, 9)
(13, 9)
(14, 9)
(14, 10)
(14, 11)
kaikki ok
Reitin pituus: 28
(10, 3)
(9, 3)
(8, 3)
(7, 3)
(6, 3)
(5, 3)
(4, 3)
(4, 4)
(4, 5)
(4, 6)
(4, 7)
(4, 8)
(4, 9)
(4, 10)
(4, 11)
(4, 12)
(4, 13)
(4, 14)
(4, 15)
(4, 16)
(4, 17)
(3, 17)
(2, 17)
(1, 17)
(1, 18)
(1, 19)
(2, 19)
(3, 19)
(4, 19)
kaikki ok
Reitin pituus: 12
(4, 11)
(4, 10)
(4, 9)
(5, 9)
(6, 9)
(6, 8)
(6, 7)
(7, 7)
(8, 7)
(9, 7)
(9, 8)
(9, 9)
(8, 9)
kaikki ok
Reitin pituus: 22
(17, 3)
(16, 3)
(15, 3)
(14, 3)
(14, 4)
(14, 5)
(14, 6)
(14, 7)
(14, 8)
(14, 9)
(14, 10)
(14, 11)
(14, 12)
(14, 13)
(13, 13)
(12, 13)
(11, 13)
(10, 13)
(10, 14)
(10, 15)
(9, 15)
(8, 15)
(8, 14)
kaikki ok
Reitin pituus: 11
(7, 3)
(6, 3)
(6, 4)
(6, 5)
(7, 5)
(8, 5)
(8, 6)
(8, 7)
(9, 7)
(9, 8)
(9, 9)
(8, 9)
kaikki ok
Reitin pituus: 14
(6, 7)
(6, 8)
(6, 9)
(5, 9)
(4, 9)
(4, 8)
(4, 7)
(4, 6)
(4, 5)
(4, 4)
(4, 3)
(4, 2)
(4, 1)
(3, 1)
(2, 1)
kaikki ok
Reitin pituus: 9
(7, 15)
(8, 15)
(9, 15)
(10, 15)
(10, 14)
(10, 13)
(11, 13)
(12, 13)
(12, 12)
(12, 11)
kaikki ok
Reitin pituus: 2
(5, 15)
(4, 15)
(4, 14)
kaikki ok
Reitin pituus: 13
(1, 3)
(2, 3)
(3, 3)
(4, 3)
(5, 3)
(6, 3)
(7, 3)
(8, 3)
(9, 3)
(10, 3)
(11, 3)
(12, 3)
(13, 3)
(14, 3)
kaikki ok
Reitin pituus: 17
(1, 1)
(2, 1)
(3, 1)
(4, 1)
(5, 1)
(6, 1)
(7, 1)
(8, 1)
(8, 2)
(8, 3)
(9, 3)
(10, 3)
(11, 3)
(12, 3)
(13, 3)
(14, 3)
(14, 4)
(14, 5)
kaikki ok
Reitin pituus: 7
(10, 2)
(10, 3)
(9, 3)
(8, 3)
(8, 2)
(8, 1)
(7, 1)
(6, 1)
kaikki ok
Reitin pituus: 25
(6, 19)
(7, 19)
(8, 19)
(9, 19)
(10, 19)
(10, 18)
(10, 17)
(11, 17)
(12, 17)
(12, 16)
(12, 15)
(13, 15)
(14, 15)
(14, 14)
(14, 13)
(14, 12)
(14, 11)
(14, 10)
(14, 9)
(14, 8)
(14, 7)
(14, 6)
(14, 5)
(14, 4)
(14, 3)
(14, 2)
kaikki ok
Reitin pituus: 13
(10, 3)
(9, 3)
(8, 3)
(7, 3)
(6, 3)
(6, 4)
(6, 5)
(7, 5)
(8, 5)
(8, 6)
(8, 7)
(7, 7)
(6, 7)
(6, 8)
kaikki ok
Reitin pituus: 24
(14, 2)
(14, 3)
(14, 4)
(14, 5)
(14, 6)
(14, 7)
(14, 8)
(14, 9)
(14, 10)
(14, 11)
(14, 12)
(14, 13)
(14, 14)
(14, 15)
(14, 16)
(14, 17)
(15, 17)
(16, 17)
(17, 17)
(17, 18)
(17, 19)
(16, 19)
(15, 19)
(14, 19)
(13, 19)
kaikki ok
Reitin pituus: 13
(14, 16)
(14, 15)
(13, 15)
(12, 15)
(11, 15)
(10, 15)
(9, 15)
(8, 15)
(7, 15)
(6, 15)
(5, 15)
(4, 15)
(4, 14)
(4, 13)
kaikki ok
Reitin pituus: 5
(4, 6)
(4, 5)
(4, 4)
(4, 3)
(3, 3)
(2, 3)
kaikki ok
Reitin pituus: 16
(16, 5)
(15, 5)
(14, 5)
(14, 6)
(14, 7)
(14, 8)
(14, 9)
(13, 9)
(12, 9)
(12, 10)
(12, 11)
(12, 12)
(12, 13)
(11, 13)
(10, 13)
(10, 14)
(10, 15)
kaikki ok
Reitin pituus: 11
(4, 9)
(5, 9)
(6, 9)
(6, 10)
(6, 11)
(7, 11)
(8, 11)
(9, 11)
(10, 11)
(11, 11)
(12, 11)
(12, 12)
kaikki ok
Reitin pituus: 13
(14, 11)
(14, 12)
(14, 13)
(13, 13)
(12, 13)
(11, 13)
(10, 13)
(10, 14)
(10, 15)
(9, 15)
(8, 15)
(8, 14)
(8, 13)
(7, 13)
kaikki ok
Reitin pituus: 9
(6, 4)
(6, 5)
(7, 5)
(8, 5)
(8, 6)
(8, 7)
(7, 7)
(6, 7)
(6, 8)
(6, 9)
kaikki ok
Reitin pituus: 8
(14, 10)
(14, 9)
(14, 8)
(14, 7)
(14, 6)
(14, 5)
(14, 4)
(14, 3)
(15, 3)
kaikki ok
Reitin pituus: 6
(16, 13)
(15, 13)
(14, 13)
(14, 14)
(14, 15)
(14, 16)
(14, 17)
kaikki ok
Reitin pituus: 6
(9, 19)
(8, 19)
(8, 18)
(8, 17)
(7, 17)
(6, 17)
(6, 16)
kaikki ok
Reitin pituus: 2
(1, 19)
(2, 19)
(3, 19)
kaikki ok
Reitin pituus: 19
(1, 18)
(1, 17)
(2, 17)
(3, 17)
(4, 17)
(4, 16)
(4, 15)
(4, 14)
(4, 13)
(5, 13)
(6, 13)
(6, 12)
(6, 11)
(6, 10)
(6, 9)
(6, 8)
(6, 7)
(7, 7)
(8, 7)
(9, 7)
kaikki ok
Reitin pituus: 6
(4, 15)
(5, 15)
(6, 15)
(6, 16)
(6, 17)
(7, 17)
(8, 17)
kaikki ok
Reitin pituus: 15
(8, 5)
(8, 6)
(8, 7)
(9, 7)
(10, 7)
(11, 7)
(12, 7)
(12, 8)
(12, 9)
(12, 10)
(12, 11)
(12, 12)
(12, 13)
(11, 13)
(10, 13)
(10, 14)
kaikki ok
Reitin pituus: 10
(12, 8)
(12, 9)
(13, 9)
(14, 9)
(14, 8)
(14, 7)
(14, 6)
(14, 5)
(14, 4)
(14, 3)
(15, 3)
kaikki ok
Reitin pituus: 19
(10, 14)
(10, 15)
(9, 15)
(8, 15)
(7, 15)
(6, 15)
(5, 15)
(4, 15)
(4, 14)
(4, 13)
(4, 12)
(4, 11)
(4, 10)
(4, 9)
(4, 8)
(4, 7)
(4, 6)
(4, 5)
(3, 5)
(2, 5)
kaikki ok
Reitin pituus: 16
(8, 11)
(7, 11)
(6, 11)
(6, 12)
(6, 13)
(5, 13)
(4, 13)
(4, 14)
(4, 15)
(4, 16)
(4, 17)
(3, 17)
(2, 17)
(1, 17)
(1, 18)
(1, 19)
(2, 19)
kaikki ok
Reitin pituus: 24
(5, 15)
(6, 15)
(7, 15)
(8, 15)
(9, 15)
(10, 15)
(11, 15)
(12, 15)
(13, 15)
(14, 15)
(14, 14)
(14, 13)
(14, 12)
(14, 11)
(14, 10)
(14, 9)
(14, 8)
(14, 7)
(14, 6)
(14, 5)
(15, 5)
(16, 5)
(17, 5)
(17, 4)
(17, 3)
kaikki ok
Reitin pituus: 19
(6, 9)
(6, 10)
(6, 11)
(6, 12)
(6, 13)
(7, 13)
(8, 13)
(8, 14)
(8, 15)
(9, 15)
(10, 15)
(11, 15)
(12, 15)
(12, 16)
(12, 17)
(11, 17)
(10, 17)
(10, 18)
(10, 19)
(11, 19)
kaikki ok
Reitin pituus: 23
(2, 19)
(1, 19)
(1, 18)
(1, 17)
(2, 17)
(3, 17)
(4, 17)
(4, 16)
(4, 15)
(4, 14)
(4, 13)
(4, 12)
(4, 11)
(4, 10)
(4, 9)
(4, 8)
(4, 7)
(4, 6)
(4, 5)
(4, 4)
(4, 3)
(5, 3)
(6, 3)
(7, 3)
kaikki ok
Reitin pituus: 22
(15, 17)
(14, 17)
(14, 16)
(14, 15)
(14, 14)
(14, 13)
(14, 12)
(14, 11)
(14, 10)
(14, 9)
(14, 8)
(14, 7)
(14, 6)
(14, 5)
(14, 4)
(14, 3)
(13, 3)
(12, 3)
(11, 3)
(10, 3)
(9, 3)
(8, 3)
(7, 3)
kaikki ok
Reitin pituus: 22
(17, 19)
(17, 18)
(17, 17)
(16, 17)
(15, 17)
(14, 17)
(14, 16)
(14, 15)
(14, 14)
(14, 13)
(13, 13)
(12, 13)
(12, 12)
(12, 11)
(12, 10)
(12, 9)
(12, 8)
(12, 7)
(11, 7)
(10, 7)
(9, 7)
(8, 7)
(8, 6)
kaikki ok
Reitin pituus: 14
(11, 3)
(12, 3)
(13, 3)
(14, 3)
(14, 4)
(14, 5)
(14, 6)
(14, 7)
(14, 8)
(14, 9)
(14, 10)
(14, 11)
(14, 12)
(14, 13)
(14, 14)
kaikki ok
Reitin pituus: 9
(8, 11)
(9, 11)
(10, 11)
(11, 11)
(12, 11)
(12, 10)
(12, 9)
(12, 8)
(12, 7)
(11, 7)
kaikki ok
Reitin pituus: 23
(11, 13)
(12, 13)
(12, 12)
(12, 11)
(11, 11)
(10, 11)
(9, 11)
(8, 11)
(7, 11)
(6, 11)
(6, 10)
(6, 9)
(5, 9)
(4, 9)
(4, 8)
(4, 7)
(4, 6)
(4, 5)
(3, 5)
(2, 5)
(1, 5)
(1, 4)
(1, 3)
(1, 2)
kaikki ok
Reitin pituus: 20
(4, 16)
(4, 15)
(4, 14)
(4, 13)
(4, 12)
(4, 11)
(4, 10)
(4, 9)
(4, 8)
(4, 7)
(4, 6)
(4, 5)
(4, 4)
(4, 3)
(5, 3)
(6, 3)
(7, 3)
(8, 3)
(9, 3)
(10, 3)
(11, 3)
kaikki ok
Reitin pituus: 16
(10, 14)
(10, 13)
(11, 13)
(12, 13)
(13, 13)
(14, 13)
(14, 12)
(14, 11)
(14, 10)
(14, 9)
(14, 8)
(14, 7)
(14, 6)
(14, 5)
(14, 4)
(14, 3)
(14, 2)
kaikki ok
Reitin pituus: 15
(14, 19)
(13, 19)
(12, 19)
(11, 19)
(10, 19)
(10, 18)
(10, 17)
(11, 17)
(12, 17)
(12, 16)
(12, 15)
(11, 15)
(10, 15)
(10, 14)
(10, 13)
(11, 13)
kaikki ok
Reitin pituus: 24
(17, 3)
(16, 3)
(15, 3)
(14, 3)
(14, 4)
(14, 5)
(14, 6)
(14, 7)
(14, 8)
(14, 9)
(14, 10)
(14, 11)
(14, 12)
(14, 13)
(14, 14)
(14, 15)
(14, 16)
(14, 17)
(15, 17)
(16, 17)
(17, 17)
(17, 18)
(17, 19)
(16, 19)
(15, 19)
kaikki ok
Reitin pituus: 4
(10, 14)
(10, 13)
(11, 13)
(12, 13)
(12, 12)
kaikki ok
Reitin pituus: 18
(2, 13)
(3, 13)
(4, 13)
(4, 14)
(4, 15)
(5, 15)
(6, 15)
(6, 16)
(6, 17)
(7, 17)
(8, 17)
(8, 18)
(8, 19)
(9, 19)
(10, 19)
(11, 19)
(12, 19)
(13, 19)
(14, 19)
kaikki ok
Reitin pituus: 24
(15, 19)
(16, 19)
(17, 19)
(17, 18)
(17, 17)
(16, 17)
(15, 17)
(14, 17)
(14, 16)
(14, 15)
(14, 14)
(14, 13)
(14, 12)
(14, 11)
(14, 10)
(14, 9)
(14, 8)
(14, 7)
(14, 6)
(14, 5)
(14, 4)
(14, 3)
(14, 2)
(14, 1)
(13, 1)
kaikki ok
Reitin pituus: 11
(13, 13)
(12, 13)
(11, 13)
(10, 13)
(10, 14)
(10, 15)
(9, 15)
(8, 15)
(8, 14)
(8, 13)
(7, 13)
(6, 13)
kaikki ok
Reitin pituus: 20
(10, 7)
(9, 7)
(8, 7)
(7, 7)
(6, 7)
(6, 8)
(6, 9)
(5, 9)
(4, 9)
(4, 10)
(4, 11)
(4, 12)
(4, 13)
(4, 14)
(4, 15)
(4, 16)
(4, 17)
(3, 17)
(2, 17)
(1, 17)
(1, 18)
kaikki ok
Reitin pituus: 16
(7, 17)
(6, 17)
(6, 16)
(6, 15)
(7, 15)
(8, 15)
(9, 15)
(10, 15)
(10, 14)
(10, 13)
(11, 13)
(12, 13)
(13, 13)
(14, 13)
(15, 13)
(16, 13)
(17, 13)
kaikki ok
Reitin pituus: 8
(2, 15)
(1, 15)
(1, 14)
(1, 13)
(2, 13)
(3, 13)
(4, 13)
(4, 12)
(4, 11)
kaikki ok
Reitin pituus: 15
(14, 11)
(14, 10)
(14, 9)
(13, 9)
(12, 9)
(12, 8)
(12, 7)
(11, 7)
(10, 7)
(9, 7)
(8, 7)
(8, 6)
(8, 5)
(7, 5)
(6, 5)
(6, 4)
kaikki ok
Reitin pituus: 27
(2, 17)
(3, 17)
(4, 17)
(4, 16)
(4, 15)
(4, 14)
(4, 13)
(4, 12)
(4, 11)
(4, 10)
(4, 9)
(5, 9)
(6, 9)
(6, 8)
(6, 7)
(7, 7)
(8, 7)
(9, 7)
(10, 7)
(10, 6)
(10, 5)
(11, 5)
(12, 5)
(12, 4)
(12, 3)
(13, 3)
(14, 3)
(15, 3)
kaikki ok
Reitin pituus: 7
(8, 2)
(8, 3)
(9, 3)
(10, 3)
(10, 2)
(10, 1)
(11, 1)
(12, 1)
kaikki ok
Reitin pituus: 2
(6, 11)
(6, 12)
(6, 13)
kaikki ok
Reitin pituus: 17
(10, 5)
(10, 6)
(10, 7)
(9, 7)
(8, 7)
(7, 7)
(6, 7)
(6, 8)
(6, 9)
(6, 10)
(6, 11)
(6, 12)
(6, 13)
(5, 13)
(4, 13)
(3, 13)
(2, 13)
(1, 13)
kaikki ok
Reitin pituus: 20
(2, 5)
(3, 5)
(4, 5)
(4, 6)
(4, 7)
(4, 8)
(4, 9)
(5, 9)
(6, 9)
(6, 10)
(6, 11)
(6, 12)
(6, 13)
(7, 13)
(8, 13)
(8, 14)
(8, 15)
(9, 15)
(10, 15)
(11, 15)
(12, 15)
kaikki ok
Reitin pituus: 9
(14, 9)
(14, 8)
(14, 7)
(14, 6)
(14, 5)
(14, 4)
(14, 3)
(13, 3)
(12, 3)
(11, 3)
kaikki ok
Reitin pituus: 20
(14, 12)
(14, 13)
(13, 13)
(12, 13)
(11, 13)
(10, 13)
(10, 14)
(10, 15)
(9, 15)
(8, 15)
(7, 15)
(6, 15)
(5, 15)
(4, 15)
(4, 16)
(4, 17)
(3, 17)
(2, 17)
(2, 16)
(2, 15)
(1, 15)
kaikki ok
Reitin pituus: 16
(4, 17)
(4, 16)
(4, 15)
(4, 14)
(4, 13)
(4, 12)
(4, 11)
(4, 10)
(4, 9)
(4, 8)
(4, 7)
(4, 6)
(4, 5)
(4, 4)
(4, 3)
(3, 3)
(2, 3)
kaikki ok
Reitin pituus: 19
(8, 1)
(8, 2)
(8, 3)
(9, 3)
(10, 3)
(11, 3)
(12, 3)
(13, 3)
(14, 3)
(14, 4)
(14, 5)
(14, 6)
(14, 7)
(14, 8)
(14, 9)
(13, 9)
(12, 9)
(12, 10)
(12, 11)
(11, 11)
kaikki ok
Reitin pituus: 15
(6, 15)
(5, 15)
(4, 15)
(4, 14)
(4, 13)
(4, 12)
(4, 11)
(4, 10)
(4, 9)
(5, 9)
(6, 9)
(6, 8)
(6, 7)
(7, 7)
(8, 7)
(8, 6)
kaikki ok
Reitin pituus: 10
(12, 3)
(11, 3)
(10, 3)
(9, 3)
(8, 3)
(7, 3)
(6, 3)
(5, 3)
(4, 3)
(4, 4)
(4, 5)
kaikki ok
Reitin pituus: 7
(10, 11)
(11, 11)
(12, 11)
(12, 10)
(12, 9)
(13, 9)
(14, 9)
(14, 8)
kaikki ok
Reitin pituus: 3
(16, 3)
(17, 3)
(17, 2)
(17, 1)
kaikki ok
Reitin pituus: 16
(10, 18)
(10, 19)
(9, 19)
(8, 19)
(8, 18)
(8, 17)
(7, 17)
(6, 17)
(6, 16)
(6, 15)
(5, 15)
(4, 15)
(4, 14)
(4, 13)
(4, 12)
(4, 11)
(4, 10)
kaikki ok
Reitin pituus: 24
(17, 3)
(16, 3)
(15, 3)
(14, 3)
(14, 4)
(14, 5)
(14, 6)
(14, 7)
(14, 8)
(14, 9)
(14, 10)
(14, 11)
(14, 12)
(14, 13)
(14, 14)
(14, 15)
(13, 15)
(12, 15)
(12, 16)
(12, 17)
(11, 17)
(10, 17)
(10, 18)
(10, 19)
(9, 19)
kaikki ok
Reitin pituus: 8
(4, 17)
(4, 16)
(4, 15)
(5, 15)
(6, 15)
(7, 15)
(8, 15)
(9, 15)
(10, 15)
kaikki ok
Reitin pituus: 7
(8, 17)
(7, 17)
(6, 17)
(6, 16)
(6, 15)
(7, 15)
(8, 15)
(9, 15)
kaikki ok
Reitin pituus: 7
(8, 18)
(8, 19)
(9, 19)
(10, 19)
(10, 18)
(10, 17)
(11, 17)
(12, 17)
kaikki ok
Reitin pituus: 5
(6, 17)
(7, 17)
(8, 17)
(8, 18)
(8, 19)
(7, 19)
kaikki ok
Reitin pituus: 17
(5, 1)
(4, 1)
(4, 2)
(4, 3)
(4, 4)
(4, 5)
(4, 6)
(4, 7)
(4, 8)
(4, 9)
(4, 10)
(4, 11)
(4, 12)
(4, 13)
(3, 13)
(2, 13)
(1, 13)
(1, 14)
kaikki ok
Reitin pituus: 9
(9, 3)
(8, 3)
(7, 3)
(6, 3)
(6, 4)
(6, 5)
(7, 5)
(8, 5)
(8, 6)
(8, 7)
kaikki ok
Reitin pituus: 13
(15, 17)
(14, 17)
(14, 16)
(14, 15)
(13, 15)
(12, 15)
(11, 15)
(10, 15)
(9, 15)
(8, 15)
(7, 15)
(6, 15)
(5, 15)
(4, 15)
kaikki ok
Reitin pituus: 18
(17, 2)
(17, 3)
(16, 3)
(15, 3)
(14, 3)
(13, 3)
(12, 3)
(11, 3)
(10, 3)
(9, 3)
(8, 3)
(7, 3)
(6, 3)
(5, 3)
(4, 3)
(4, 4)
(4, 5)
(3, 5)
(2, 5)
kaikki ok
Reitin pituus: 10
(6, 15)
(6, 16)
(6, 17)
(7, 17)
(8, 17)
(8, 18)
(8, 19)
(9, 19)
(10, 19)
(10, 18)
(10, 17)
kaikki ok
Reitin pituus: 11
(14, 17)
(15, 17)
(16, 17)
(17, 17)
(17, 18)
(17, 19)
(16, 19)
(15, 19)
(14, 19)
(13, 19)
(12, 19)
(11, 19)
kaikki ok
Reitin pituus: 15
(12, 17)
(12, 16)
(12, 15)
(11, 15)
(10, 15)
(9, 15)
(8, 15)
(8, 14)
(8, 13)
(7, 13)
(6, 13)
(6, 12)
(6, 11)
(6, 10)
(6, 9)
(5, 9)
kaikki ok
Reitin pituus: 3
(14, 12)
(14, 11)
(14, 10)
(14, 9)
kaikki ok
Reitin pituus: 22
(1, 3)
(2, 3)
(3, 3)
(4, 3)
(5, 3)
(6, 3)
(6, 4)
(6, 5)
(7, 5)
(8, 5)
(8, 6)
(8, 7)
(9, 7)
(10, 7)
(11, 7)
(12, 7)
(12, 8)
(12, 9)
(12, 10)
(12, 11)
(12, 12)
(12, 13)
(13, 13)
kaikki ok
Reitin pituus: 10
(15, 13)
(16, 13)
(17, 13)
(17, 14)
(17, 15)
(16, 15)
(16, 16)
(16, 17)
(17, 17)
(17, 18)
(17, 19)
kaikki ok
Reitin pituus: 4
(14, 9)
(13, 9)
(12, 9)
(12, 8)
(12, 7)
kaikki ok
Reitin pituus: 8
(11, 3)
(10, 3)
(9, 3)
(8, 3)
(7, 3)
(6, 3)
(6, 4)
(6, 5)
(7, 5)
kaikki ok
Reitin pituus: 23
(13, 19)
(12, 19)
(11, 19)
(10, 19)
(9, 19)
(8, 19)
(8, 18)
(8, 17)
(7, 17)
(6, 17)
(6, 16)
(6, 15)
(5, 15)
(4, 15)
(4, 14)
(4, 13)
(4, 12)
(4, 11)
(4, 10)
(4, 9)
(4, 8)
(4, 7)
(4, 6)
(4, 5)
kaikki ok
Reitin pituus: 22
(17, 5)
(16, 5)
(15, 5)
(14, 5)
(14, 6)
(14, 7)
(14, 8)
(14, 9)
(13, 9)
(12, 9)
(12, 10)
(12, 11)
(11, 11)
(10, 11)
(9, 11)
(8, 11)
(7, 11)
(6, 11)
(6, 12)
(6, 13)
(5, 13)
(4, 13)
(4, 12)
kaikki ok
Reitin pituus: 22
(15, 3)
(14, 3)
(14, 4)
(14, 5)
(14, 6)
(14, 7)
(14, 8)
(14, 9)
(13, 9)
(12, 9)
(12, 10)
(12, 11)
(12, 12)
(12, 13)
(11, 13)
(10, 13)
(10, 14)
(10, 15)
(9, 15)
(8, 15)
(7, 15)
(6, 15)
(5, 15)
kaikki ok
Reitin pituus: 10
(2, 19)
(1, 19)
(1, 18)
(1, 17)
(2, 17)
(3, 17)
(4, 17)
(4, 16)
(4, 15)
(5, 15)
(6, 15)
kaikki ok
Reitin pituus: 20
(13, 13)
(14, 13)
(14, 12)
(14, 11)
(14, 10)
(14, 9)
(14, 8)
(14, 7)
(14, 6)
(14, 5)
(14, 4)
(14, 3)
(13, 3)
(12, 3)
(11, 3)
(10, 3)
(9, 3)
(8, 3)
(8, 2)
(8, 1)
(7, 1)
kaikki ok
Reitin pituus: 15
(16, 5)
(15, 5)
(14, 5)
(14, 6)
(14, 7)
(14, 8)
(14, 9)
(14, 10)
(14, 11)
(14, 12)
(14, 13)
(14, 14)
(14, 15)
(13, 15)
(12, 15)
(12, 16)
kaikki ok
Reitin pituus: 11
(11, 7)
(10, 7)
(10, 6)
(10, 5)
(11, 5)
(12, 5)
(12, 4)
(12, 3)
(11, 3)
(10, 3)
(10, 2)
(10, 1)
kaikki ok
Reitin pituus: 5
(10, 6)
(10, 7)
(9, 7)
(8, 7)
(8, 6)
(8, 5)
kaikki ok
Reitin pituus: 24
(17, 5)
(16, 5)
(15, 5)
(14, 5)
(14, 6)
(14, 7)
(14, 8)
(14, 9)
(14, 10)
(14, 11)
(14, 12)
(14, 13)
(14, 14)
(14, 15)
(14, 16)
(14, 17)
(15, 17)
(16, 17)
(17, 17)
(17, 18)
(17, 19)
(16, 19)
(15, 19)
(14, 19)
(13, 19)
kaikki ok
Reitin pituus: 18
(8, 15)
(8, 14)
(8, 13)
(7, 13)
(6, 13)
(6, 12)
(6, 11)
(6, 10)
(6, 9)
(5, 9)
(4, 9)
(4, 8)
(4, 7)
(4, 6)
(4, 5)
(3, 5)
(2, 5)
(1, 5)
(1, 4)
kaikki ok
Reitin pituus: 9
(13, 9)
(12, 9)
(12, 8)
(12, 7)
(11, 7)
(10, 7)
(9, 7)
(9, 8)
(9, 9)
(8, 9)
kaikki ok
Reitin pituus: 18
(14, 17)
(14, 16)
(14, 15)
(14, 14)
(14, 13)
(14, 12)
(14, 11)
(14, 10)
(14, 9)
(14, 8)
(14, 7)
(14, 6)
(14, 5)
(14, 4)
(14, 3)
(14, 2)
(14, 1)
(13, 1)
(12, 1)
kaikki ok
Reitin pituus: 12
(1, 1)
(1, 2)
(1, 3)
(1, 4)
(1, 5)
(2, 5)
(3, 5)
(4, 5)
(4, 6)
(4, 7)
(4, 8)
(4, 9)
(5, 9)
kaikki ok
Reitin pituus: 22
(10, 1)
(10, 2)
(10, 3)
(9, 3)
(8, 3)
(7, 3)
(6, 3)
(5, 3)
(4, 3)
(4, 4)
(4, 5)
(4, 6)
(4, 7)
(4, 8)
(4, 9)
(4, 10)
(4, 11)
(4, 12)
(4, 13)
(4, 14)
(4, 15)
(5, 15)
(6, 15)
kaikki ok
Reitin pituus: 15
(12, 17)
(12, 16)
(12, 15)
(11, 15)
(10, 15)
(9, 15)
(8, 15)
(8, 14)
(8, 13)
(7, 13)
(6, 13)
(5, 13)
(4, 13)
(3, 13)
(2, 13)
(1, 13)
kaikki ok
Reitin pituus: 13
(15, 5)
(14, 5)
(14, 6)
(14, 7)
(14, 8)
(14, 9)
(13, 9)
(12, 9)
(12, 10)
(12, 11)
(11, 11)
(10, 11)
(9, 11)
(8, 11)
kaikki ok
Reitin pituus: 1
(12, 19)
(11, 19)
kaikki ok
Reitin pituus: 3
(17, 5)
(17, 4)
(17, 3)
(16, 3)
kaikki ok
Reitin pituus: 24
(6, 19)
(7, 19)
(8, 19)
(8, 18)
(8, 17)
(7, 17)
(6, 17)
(6, 16)
(6, 15)
(5, 15)
(4, 15)
(4, 14)
(4, 13)
(4, 12)
(4, 11)
(4, 10)
(4, 9)
(4, 8)
(4, 7)
(4, 6)
(4, 5)
(4, 4)
(4, 3)
(5, 3)
(6, 3)
kaikki ok
Reitin pituus: 22
(15, 3)
(14, 3)
(14, 4)
(14, 5)
(14, 6)
(14, 7)
(14, 8)
(14, 9)
(14, 10)
(14, 11)
(14, 12)
(14, 13)
(14, 14)
(14, 15)
(13, 15)
(12, 15)
(12, 16)
(12, 17)
(11, 17)
(10, 17)
(10, 18)
(10, 19)
(11, 19)
kaikki ok
Reitin pituus: 11
(11, 17)
(12, 17)
(12, 16)
(12, 15)
(11, 15)
(10, 15)
(10, 14)
(10, 13)
(11, 13)
(12, 13)
(12, 12)
(12, 11)
kaikki ok
Reitin pituus: 15
(4, 10)
(4, 11)
(4, 12)
(4, 13)
(5, 13)
(6, 13)
(7, 13)
(8, 13)
(8, 14)
(8, 15)
(9, 15)
(10, 15)
(11, 15)
(12, 15)
(12, 16)
(12, 17)
kaikki ok
Reitin pituus: 0
(10, 3)
kaikki ok
Reitin pituus: 21
(10, 17)
(11, 17)
(12, 17)
(12, 16)
(12, 15)
(13, 15)
(14, 15)
(14, 14)
(14, 13)
(14, 12)
(14, 11)
(14, 10)
(14, 9)
(14, 8)
(14, 7)
(14, 6)
(14, 5)
(15, 5)
(16, 5)
(17, 5)
(17, 4)
(17, 3)
kaikki ok
Reitin pituus: 33
(2, 19)
(3, 19)
(4, 19)
(5, 19)
(6, 19)
(7, 19)
(8, 19)
(9, 19)
(10, 19)
(10, 18)
(10, 17)
(11, 17)
(12, 17)
(12, 16)
(12, 15)
(13, 15)
(14, 15)
(14, 14)
(14, 13)
(14, 12)
(14, 11)
(14, 10)
(14, 9)
(14, 8)
(14, 7)
(14, 6)
(14, 5)
(14, 4)
(14, 3)
(14, 2)
(14, 1)
(15, 1)
(16, 1)
(17, 1)
kaikki ok
Reitin pituus: 14
(7, 11)
(6, 11)
(6, 12)
(6, 13)
(5, 13)
(4, 13)
(4, 14)
(4, 15)
(4, 16)
(4, 17)
(3, 17)
(2, 17)
(1, 17)
(1, 18)
(1, 19)
kaikki ok
Reitin pituus: 8
(8, 18)
(8, 17)
(7, 17)
(6, 17)
(6, 16)
(6, 15)
(7, 15)
(8, 15)
(9, 15)
kaikki ok
Reitin pituus: 19
(15, 17)
(14, 17)
(14, 16)
(14, 15)
(14, 14)
(14, 13)
(13, 13)
(12, 13)
(12, 12)
(12, 11)
(12, 10)
(12, 9)
(12, 8)
(12, 7)
(11, 7)
(10, 7)
(10, 6)
(10, 5)
(11, 5)
(12, 5)
kaikki ok
Reitin pituus: 7
(8, 15)
(9, 15)
(10, 15)
(11, 15)
(12, 15)
(13, 15)
(14, 15)
(14, 16)
kaikki ok
Reitin pituus: 12
(5, 13)
(4, 13)
(4, 12)
(4, 11)
(4, 10)
(4, 9)
(4, 8)
(4, 7)
(4, 6)
(4, 5)
(3, 5)
(2, 5)
(1, 5)
kaikki ok
Reitin pituus: 8
(13, 19)
(12, 19)
(11, 19)
(10, 19)
(9, 19)
(8, 19)
(8, 18)
(8, 17)
(7, 17)
kaikki ok
Reitin pituus: 28
(12, 19)
(11, 19)
(10, 19)
(10, 18)
(10, 17)
(11, 17)
(12, 17)
(12, 16)
(12, 15)
(13, 15)
(14, 15)
(14, 14)
(14, 13)
(14, 12)
(14, 11)
(14, 10)
(14, 9)
(14, 8)
(14, 7)
(14, 6)
(14, 5)
(14, 4)
(14, 3)
(14, 2)
(14, 1)
(13, 1)
(12, 1)
(11, 1)
(10, 1)
kaikki ok
Reitin pituus: 1
(8, 15)
(9, 15)
kaikki ok
Reitin pituus: 16
(5, 9)
(6, 9)
(6, 8)
(6, 7)
(7, 7)
(8, 7)
(9, 7)
(10, 7)
(10, 6)
(10, 5)
(11, 5)
(12, 5)
(12, 4)
(12, 3)
(13, 3)
(14, 3)
(15, 3)
kaikki ok
Reitin pituus: 4
(9, 19)
(8, 19)
(8, 18)
(8, 17)
(7, 17)
kaikki ok
Reitin pituus: 15
(17, 2)
(17, 3)
(16, 3)
(15, 3)
(14, 3)
(13, 3)
(12, 3)
(11, 3)
(10, 3)
(9, 3)
(8, 3)
(7, 3)
(6, 3)
(5, 3)
(4, 3)
(4, 4)
kaikki ok
Reitin pituus: 3
(12, 13)
(13, 13)
(14, 13)
(14, 14)
kaikki ok
Reitin pituus: 27
(7, 17)
(6, 17)
(6, 16)
(6, 15)
(7, 15)
(8, 15)
(9, 15)
(10, 15)
(10, 14)
(10, 13)
(11, 13)
(12, 13)
(12, 12)
(12, 11)
(12, 10)
(12, 9)
(13, 9)
(14, 9)
(14, 8)
(14, 7)
(14, 6)
(14, 5)
(14, 4)
(14, 3)
(14, 2)
(14, 1)
(15, 1)
(16, 1)
kaikki ok
Reitin pituus: 14
(6, 11)
(6, 10)
(6, 9)
(5, 9)
(4, 9)
(4, 8)
(4, 7)
(4, 6)
(4, 5)
(3, 5)
(2, 5)
(1, 5)
(1, 4)
(1, 3)
(1, 2)
kaikki ok
Reitin pituus: 24
(11, 1)
(12, 1)
(13, 1)
(14, 1)
(14, 2)
(14, 3)
(14, 4)
(14, 5)
(14, 6)
(14, 7)
(14, 8)
(14, 9)
(14, 10)
(14, 11)
(14, 12)
(14, 13)
(13, 13)
(12, 13)
(11, 13)
(10, 13)
(10, 14)
(10, 15)
(9, 15)
(8, 15)
(7, 15)
kaikki ok
Reitin pituus: 19
(10, 5)
(10, 6)
(10, 7)
(9, 7)
(8, 7)
(7, 7)
(6, 7)
(6, 8)
(6, 9)
(6, 10)
(6, 11)
(6, 12)
(6, 13)
(7, 13)
(8, 13)
(8, 14)
(8, 15)
(7, 15)
(6, 15)
(6, 16)
kaikki ok
Reitin pituus: 17
(12, 9)
(12, 8)
(12, 7)
(11, 7)
(10, 7)
(9, 7)
(8, 7)
(8, 6)
(8, 5)
(7, 5)
(6, 5)
(6, 4)
(6, 3)
(5, 3)
(4, 3)
(3, 3)
(2, 3)
(1, 3)
kaikki ok
Reitin pituus: 22
(8, 15)
(9, 15)
(10, 15)
(11, 15)
(12, 15)
(13, 15)
(14, 15)
(14, 14)
(14, 13)
(14, 12)
(14, 11)
(14, 10)
(14, 9)
(14, 8)
(14, 7)
(14, 6)
(14, 5)
(14, 4)
(14, 3)
(14, 2)
(14, 1)
(13, 1)
(12, 1)
kaikki ok
Reitin pituus: 15
(2, 5)
(3, 5)
(4, 5)
(4, 4)
(4, 3)
(5, 3)
(6, 3)
(7, 3)
(8, 3)
(9, 3)
(10, 3)
(11, 3)
(12, 3)
(12, 4)
(12, 5)
(11, 5)
kaikki ok
Reitin pituus: 14
(17, 18)
(17, 17)
(16, 17)
(15, 17)
(14, 17)
(14, 16)
(14, 15)
(13, 15)
(12, 15)
(11, 15)
(10, 15)
(9, 15)
(8, 15)
(7, 15)
(6, 15)
kaikki ok
Reitin pituus: 7
(10, 14)
(10, 13)
(11, 13)
(12, 13)
(13, 13)
(14, 13)
(14, 12)
(14, 11)
kaikki ok
Reitin pituus: 12
(12, 9)
(12, 10)
(12, 11)
(12, 12)
(12, 13)
(11, 13)
(10, 13)
(10, 14)
(10, 15)
(9, 15)
(8, 15)
(8, 14)
(8, 13)
kaikki ok
Reitin pituus: 15
(16, 5)
(15, 5)
(14, 5)
(14, 6)
(14, 7)
(14, 8)
(14, 9)
(13, 9)
(12, 9)
(12, 8)
(12, 7)
(11, 7)
(10, 7)
(9, 7)
(8, 7)
(8, 6)
kaikki ok
Reitin pituus: 19
(1, 17)
(2, 17)
(3, 17)
(4, 17)
(4, 16)
(4, 15)
(4, 14)
(4, 13)
(4, 12)
(4, 11)
(4, 10)
(4, 9)
(4, 8)
(4, 7)
(4, 6)
(4, 5)
(4, 4)
(4, 3)
(5, 3)
(6, 3)
kaikki ok
Reitin pituus: 0
(7, 1)
kaikki ok
Reitin pituus: 7
(12, 1)
(11, 1)
(10, 1)
(10, 2)
(10, 3)
(11, 3)
(12, 3)
(12, 4)
kaikki ok
Reitin pituus: 16
(4, 10)
(4, 9)
(5, 9)
(6, 9)
(6, 10)
(6, 11)
(7, 11)
(8, 11)
(9, 11)
(10, 11)
(11, 11)
(12, 11)
(12, 12)
(12, 13)
(13, 13)
(14, 13)
(15, 13)
kaikki ok
Reitin pituus: 21
(6, 16)
(6, 15)
(7, 15)
(8, 15)
(9, 15)
(10, 15)
(10, 14)
(10, 13)
(11, 13)
(12, 13)
(12, 12)
(12, 11)
(12, 10)
(12, 9)
(13, 9)
(14, 9)
(14, 8)
(14, 7)
(14, 6)
(14, 5)
(15, 5)
(16, 5)
kaikki ok
Reitin pituus: 25
(5, 19)
(6, 19)
(7, 19)
(8, 19)
(9, 19)
(10, 19)
(10, 18)
(10, 17)
(11, 17)
(12, 17)
(12, 16)
(12, 15)
(13, 15)
(14, 15)
(14, 14)
(14, 13)
(14, 12)
(14, 11)
(14, 10)
(14, 9)
(14, 8)
(14, 7)
(14, 6)
(14, 5)
(15, 5)
(16, 5)
kaikki ok
Reitin pituus: 5
(7, 13)
(6, 13)
(5, 13)
(4, 13)
(4, 14)
(4, 15)
kaikki ok
Reitin pituus: 23
(14, 15)
(13, 15)
(12, 15)
(11, 15)
(10, 15)
(9, 15)
(8, 15)
(7, 15)
(6, 15)
(5, 15)
(4, 15)
(4, 14)
(4, 13)
(4, 12)
(4, 11)
(4, 10)
(4, 9)
(4, 8)
(4, 7)
(4, 6)
(4, 5)
(4, 4)
(4, 3)
(4, 2)
kaikki ok
Reitin pituus: 4
(6, 3)
(5, 3)
(4, 3)
(4, 2)
(4, 1)
kaikki ok
Reitin pituus: 20
(9, 19)
(10, 19)
(10, 18)
(10, 17)
(11, 17)
(12, 17)
(12, 16)
(12, 15)
(13, 15)
(14, 15)
(14, 14)
(14, 13)
(14, 12)
(14, 11)
(14, 10)
(14, 9)
(14, 8)
(14, 7)
(14, 6)
(14, 5)
(15, 5)
kaikki ok
Reitin pituus: 11
(7, 19)
(6, 19)
(5, 19)
(4, 19)
(3, 19)
(2, 19)
(1, 19)
(1, 18)
(1, 17)
(2, 17)
(2, 16)
(2, 15)
kaikki ok
Reitin pituus: 0
(17, 3)
kaikki ok
Reitin pituus: 24
(11, 5)
(10, 5)
(10, 6)
(10, 7)
(11, 7)
(12, 7)
(12, 8)
(12, 9)
(13, 9)
(14, 9)
(14, 10)
(14, 11)
(14, 12)
(14, 13)
(14, 14)
(14, 15)
(13, 15)
(12, 15)
(12, 16)
(12, 17)
(11, 17)
(10, 17)
(10, 18)
(10, 19)
(11, 19)
kaikki ok
Reitin pituus: 14
(6, 15)
(7, 15)
(8, 15)
(9, 15)
(10, 15)
(10, 14)
(10, 13)
(11, 13)
(12, 13)
(12, 12)
(12, 11)
(12, 10)
(12, 9)
(13, 9)
(14, 9)
kaikki ok
Reitin pituus: 26
(6, 3)
(5, 3)
(4, 3)
(4, 4)
(4, 5)
(4, 6)
(4, 7)
(4, 8)
(4, 9)
(4, 10)
(4, 11)
(4, 12)
(4, 13)
(4, 14)
(4, 15)
(5, 15)
(6, 15)
(6, 16)
(6, 17)
(7, 17)
(8, 17)
(8, 18)
(8, 19)
(9, 19)
(10, 19)
(10, 18)
(10, 17)
kaikki ok
Reitin pituus: 6
(11, 5)
(10, 5)
(10, 6)
(10, 7)
(9, 7)
(8, 7)
(8, 6)
kaikki ok
Reitin pituus: 16
(16, 15)
(16, 16)
(16, 17)
(17, 17)
(17, 18)
(17, 19)
(16, 19)
(15, 19)
(14, 19)
(13, 19)
(12, 19)
(11, 19)
(10, 19)
(9, 19)
(8, 19)
(8, 18)
(8, 17)
kaikki ok
Reitin pituus: 12
(16, 15)
(16, 16)
(16, 17)
(15, 17)
(14, 17)
(14, 16)
(14, 15)
(13, 15)
(12, 15)
(12, 16)
(12, 17)
(11, 17)
(10, 17)
kaikki ok
Reitin pituus: 12
(4, 6)
(4, 5)
(4, 4)
(4, 3)
(5, 3)
(6, 3)
(7, 3)
(8, 3)
(9, 3)
(10, 3)
(10, 2)
(10, 1)
(11, 1)
kaikki ok
Reitin pituus: 3
(12, 12)
(12, 11)
(11, 11)
(10, 11)
kaikki ok
Reitin pituus: 8
(6, 5)
(7, 5)
(8, 5)
(8, 6)
(8, 7)
(7, 7)
(6, 7)
(6, 8)
(6, 9)
kaikki ok
Reitin pituus: 15
(14, 16)
(14, 15)
(13, 15)
(12, 15)
(11, 15)
(10, 15)
(9, 15)
(8, 15)
(7, 15)
(6, 15)
(5, 15)
(4, 15)
(4, 16)
(4, 17)
(3, 17)
(2, 17)
kaikki ok
Reitin pituus: 16
(9, 3)
(10, 3)
(11, 3)
(12, 3)
(13, 3)
(14, 3)
(14, 4)
(14, 5)
(14, 6)
(14, 7)
(14, 8)
(14, 9)
(14, 10)
(14, 11)
(14, 12)
(14, 13)
(14, 14)
kaikki ok
Reitin pituus: 21
(1, 17)
(2, 17)
(3, 17)
(4, 17)
(4, 16)
(4, 15)
(4, 14)
(4, 13)
(4, 12)
(4, 11)
(4, 10)
(4, 9)
(4, 8)
(4, 7)
(4, 6)
(4, 5)
(4, 4)
(4, 3)
(3, 3)
(2, 3)
(1, 3)
(1, 2)
kaikki ok
Reitin pituus: 25
(6, 19)
(7, 19)
(8, 19)
(9, 19)
(10, 19)
(10, 18)
(10, 17)
(11, 17)
(12, 17)
(12, 16)
(12, 15)
(13, 15)
(14, 15)
(14, 14)
(14, 13)
(14, 12)
(14, 11)
(14, 10)
(14, 9)
(14, 8)
(14, 7)
(14, 6)
(14, 5)
(14, 4)
(14, 3)
(13, 3)
kaikki ok
Reitin pituus: 25
(16, 13)
(15, 13)
(14, 13)
(13, 13)
(12, 13)
(12, 12)
(12, 11)
(12, 10)
(12, 9)
(12, 8)
(12, 7)
(11, 7)
(10, 7)
(9, 7)
(8, 7)
(8, 6)
(8, 5)
(7, 5)
(6, 5)
(6, 4)
(6, 3)
(5, 3)
(4, 3)
(3, 3)
(2, 3)
(1, 3)
kaikki ok
Reitin pituus: 29
(1, 2)
(1, 3)
(2, 3)
(3, 3)
(4, 3)
(5, 3)
(6, 3)
(6, 4)
(6, 5)
(7, 5)
(8, 5)
(8, 6)
(8, 7)
(9, 7)
(10, 7)
(11, 7)
(12, 7)
(12, 8)
(12, 9)
(12, 10)
(12, 11)
(12, 12)
(12, 13)
(13, 13)
(14, 13)
(14, 14)
(14, 15)
(14, 16)
(14, 17)
(15, 17)
kaikki ok
Reitin pituus: 4
(4, 3)
(4, 4)
(4, 5)
(4, 6)
(4, 7)
kaikki ok
Reitin pituus: 6
(14, 11)
(14, 12)
(14, 13)
(14, 14)
(14, 15)
(13, 15)
(12, 15)
kaikki ok
Reitin pituus: 19
(11, 11)
(10, 11)
(9, 11)
(8, 11)
(7, 11)
(6, 11)
(6, 10)
(6, 9)
(5, 9)
(4, 9)
(4, 8)
(4, 7)
(4, 6)
(4, 5)
(3, 5)
(2, 5)
(1, 5)
(1, 4)
(1, 3)
(1, 2)
kaikki ok
Reitin pituus: 16
(14, 9)
(14, 10)
(14, 11)
(14, 12)
(14, 13)
(14, 14)
(14, 15)
(13, 15)
(12, 15)
(11, 15)
(10, 15)
(9, 15)
(8, 15)
(7, 15)
(6, 15)
(5, 15)
(4, 15)
kaikki ok
Reitin pituus: 2
(16, 1)
(15, 1)
(14, 1)
kaikki ok
Reitin pituus: 5
(16, 15)
(17, 15)
(17, 14)
(17, 13)
(16, 13)
(15, 13)
kaikki ok
Reitin pituus: 18
(1, 13)
(2, 13)
(3, 13)
(4, 13)
(5, 13)
(6, 13)
(7, 13)
(8, 13)
(8, 14)
(8, 15)
(9, 15)
(10, 15)
(11, 15)
(12, 15)
(13, 15)
(14, 15)
(14, 16)
(14, 17)
(15, 17)
kaikki ok
Reitin pituus: 12
(12, 13)
(11, 13)
(10, 13)
(10, 14)
(10, 15)
(9, 15)
(8, 15)
(7, 15)
(6, 15)
(5, 15)
(4, 15)
(4, 16)
(4, 17)
kaikki ok
Reitin pituus: 13
(14, 4)
(14, 3)
(13, 3)
(12, 3)
(12, 4)
(12, 5)
(11, 5)
(10, 5)
(10, 6)
(10, 7)
(9, 7)
(8, 7)
(7, 7)
(6, 7)
kaikki ok
Reitin pituus: 13
(14, 5)
(14, 4)
(14, 3)
(13, 3)
(12, 3)
(11, 3)
(10, 3)
(9, 3)
(8, 3)
(7, 3)
(6, 3)
(5, 3)
(4, 3)
(3, 3)
kaikki ok
Reitin pituus: 11
(9, 7)
(10, 7)
(10, 6)
(10, 5)
(11, 5)
(12, 5)
(12, 4)
(12, 3)
(13, 3)
(14, 3)
(14, 2)
(14, 1)
kaikki ok
Reitin pituus: 18
(2, 19)
(1, 19)
(1, 18)
(1, 17)
(2, 17)
(3, 17)
(4, 17)
(4, 16)
(4, 15)
(5, 15)
(6, 15)
(7, 15)
(8, 15)
(9, 15)
(10, 15)
(10, 14)
(10, 13)
(11, 13)
(12, 13)
kaikki ok
Reitin pituus: 12
(4, 12)
(4, 11)
(4, 10)
(4, 9)
(4, 8)
(4, 7)
(4, 6)
(4, 5)
(4, 4)
(4, 3)
(5, 3)
(6, 3)
(7, 3)
kaikki ok
Reitin pituus: 10
(15, 3)
(14, 3)
(14, 4)
(14, 5)
(14, 6)
(14, 7)
(14, 8)
(14, 9)
(13, 9)
(12, 9)
(12, 8)
kaikki ok
Reitin pituus: 22
(4, 17)
(4, 16)
(4, 15)
(4, 14)
(4, 13)
(5, 13)
(6, 13)
(6, 12)
(6, 11)
(6, 10)
(6, 9)
(6, 8)
(6, 7)
(7, 7)
(8, 7)
(9, 7)
(10, 7)
(10, 6)
(10, 5)
(11, 5)
(12, 5)
(12, 4)
(12, 3)
kaikki ok
Reitin pituus: 4
(4, 12)
(4, 13)
(3, 13)
(2, 13)
(1, 13)
kaikki ok
Reitin pituus: 14
(16, 1)
(15, 1)
(14, 1)
(13, 1)
(12, 1)
(11, 1)
(10, 1)
(10, 2)
(10, 3)
(9, 3)
(8, 3)
(7, 3)
(6, 3)
(5, 3)
(4, 3)
kaikki ok
Reitin pituus: 13
(12, 16)
(12, 17)
(11, 17)
(10, 17)
(10, 18)
(10, 19)
(9, 19)
(8, 19)
(7, 19)
(6, 19)
(5, 19)
(4, 19)
(3, 19)
(2, 19)
kaikki ok
Reitin pituus: 25
(9, 19)
(10, 19)
(10, 18)
(10, 17)
(11, 17)
(12, 17)
(12, 16)
(12, 15)
(13, 15)
(14, 15)
(14, 14)
(14, 13)
(14, 12)
(14, 11)
(14, 10)
(14, 9)
(14, 8)
(14, 7)
(14, 6)
(14, 5)
(14, 4)
(14, 3)
(13, 3)
(12, 3)
(12, 4)
(12, 5)
kaikki ok
Reitin pituus: 29
(10, 1)
(10, 2)
(10, 3)
(9, 3)
(8, 3)
(7, 3)
(6, 3)
(5, 3)
(4, 3)
(4, 4)
(4, 5)
(4, 6)
(4, 7)
(4, 8)
(4, 9)
(4, 10)
(4, 11)
(4, 12)
(4, 13)
(4, 14)
(4, 15)
(5, 15)
(6, 15)
(6, 16)
(6, 17)
(7, 17)
(8, 17)
(8, 18)
(8, 19)
(7, 19)
kaikki ok
Reitin pituus: 6
(6, 13)
(6, 12)
(6, 11)
(7, 11)
(8, 11)
(9, 11)
(10, 11)
kaikki ok
Reitin pituus: 12
(11, 19)
(10, 19)
(10, 18)
(10, 17)
(11, 17)
(12, 17)
(12, 16)
(12, 15)
(13, 15)
(14, 15)
(14, 14)
(14, 13)
(13, 13)
kaikki ok
Reitin pituus: 15
(14, 4)
(14, 3)
(13, 3)
(12, 3)
(12, 4)
(12, 5)
(11, 5)
(10, 5)
(10, 6)
(10, 7)
(9, 7)
(8, 7)
(7, 7)
(6, 7)
(6, 8)
(6, 9)
kaikki ok
Reitin pituus: 0
(8, 3)
kaikki ok
Reitin pituus: 21
(4, 17)
(4, 16)
(4, 15)
(5, 15)
(6, 15)
(7, 15)
(8, 15)
(9, 15)
(10, 15)
(10, 14)
(10, 13)
(11, 13)
(12, 13)
(12, 12)
(12, 11)
(12, 10)
(12, 9)
(13, 9)
(14, 9)
(14, 8)
(14, 7)
(14, 6)
kaikki ok
Reitin pituus: 15
(6, 3)
(5, 3)
(4, 3)
(4, 4)
(4, 5)
(4, 6)
(4, 7)
(4, 8)
(4, 9)
(4, 10)
(4, 11)
(4, 12)
(4, 13)
(5, 13)
(6, 13)
(7, 13)
kaikki ok
Reitin pituus: 11
(4, 6)
(4, 7)
(4, 8)
(4, 9)
(5, 9)
(6, 9)
(6, 8)
(6, 7)
(7, 7)
(8, 7)
(9, 7)
(9, 8)
kaikki ok
Reitin pituus: 3
(1, 4)
(1, 3)
(1, 2)
(1, 1)
kaikki ok
Reitin pituus: 16
(1, 15)
(1, 14)
(1, 13)
(2, 13)
(3, 13)
(4, 13)
(5, 13)
(6, 13)
(6, 12)
(6, 11)
(6, 10)
(6, 9)
(6, 8)
(6, 7)
(7, 7)
(8, 7)
(9, 7)
kaikki ok
Reitin pituus: 12
(9, 3)
(8, 3)
(7, 3)
(6, 3)
(5, 3)
(4, 3)
(4, 4)
(4, 5)
(4, 6)
(4, 7)
(4, 8)
(4, 9)
(4, 10)
kaikki ok
Reitin pituus: 28
(17, 17)
(16, 17)
(15, 17)
(14, 17)
(14, 16)
(14, 15)
(14, 14)
(14, 13)
(14, 12)
(14, 11)
(14, 10)
(14, 9)
(14, 8)
(14, 7)
(14, 6)
(14, 5)
(14, 4)
(14, 3)
(13, 3)
(12, 3)
(11, 3)
(10, 3)
(9, 3)
(8, 3)
(8, 2)
(8, 1)
(7, 1)
(6, 1)
(5, 1)
kaikki ok
Reitin pituus: 18
(17, 13)
(16, 13)
(15, 13)
(14, 13)
(14, 12)
(14, 11)
(14, 10)
(14, 9)
(14, 8)
(14, 7)
(14, 6)
(14, 5)
(14, 4)
(14, 3)
(13, 3)
(12, 3)
(11, 3)
(10, 3)
(9, 3)
kaikki ok
Reitin pituus: 23
(16, 1)
(15, 1)
(14, 1)
(13, 1)
(12, 1)
(11, 1)
(10, 1)
(10, 2)
(10, 3)
(9, 3)
(8, 3)
(7, 3)
(6, 3)
(5, 3)
(4, 3)
(4, 4)
(4, 5)
(4, 6)
(4, 7)
(4, 8)
(4, 9)
(4, 10)
(4, 11)
(4, 12)
kaikki ok
Reitin pituus: 17
(7, 7)
(8, 7)
(9, 7)
(10, 7)
(11, 7)
(12, 7)
(12, 8)
(12, 9)
(12, 10)
(12, 11)
(12, 12)
(12, 13)
(13, 13)
(14, 13)
(14, 14)
(14, 15)
(14, 16)
(14, 17)
kaikki ok
Reitin pituus: 7
(6, 16)
(6, 15)
(5, 15)
(4, 15)
(4, 14)
(4, 13)
(3, 13)
(2, 13)
kaikki ok
Reitin pituus: 14
(4, 16)
(4, 15)
(5, 15)
(6, 15)
(6, 16)
(6, 17)
(7, 17)
(8, 17)
(8, 18)
(8, 19)
(9, 19)
(10, 19)
(11, 19)
(12, 19)
(13, 19)
kaikki ok
Reitin pituus: 5
(8, 6)
(8, 7)
(9, 7)
(10, 7)
(10, 6)
(10, 5)
kaikki ok
Reitin pituus: 24
(7, 19)
(8, 19)
(9, 19)
(10, 19)
(10, 18)
(10, 17)
(11, 17)
(12, 17)
(12, 16)
(12, 15)
(13, 15)
(14, 15)
(14, 14)
(14, 13)
(14, 12)
(14, 11)
(14, 10)
(14, 9)
(14, 8)
(14, 7)
(14, 6)
(14, 5)
(15, 5)
(16, 5)
(17, 5)
kaikki ok
Reitin pituus: 6
(6, 4)
(6, 5)
(7, 5)
(8, 5)
(8, 6)
(8, 7)
(9, 7)
kaikki ok
Reitin pituus: 18
(12, 9)
(12, 10)
(12, 11)
(12, 12)
(12, 13)
(11, 13)
(10, 13)
(10, 14)
(10, 15)
(11, 15)
(12, 15)
(12, 16)
(12, 17)
(11, 17)
(10, 17)
(10, 18)
(10, 19)
(9, 19)
(8, 19)
kaikki ok
Reitin pituus: 0
(6, 1)
kaikki ok
Reitin pituus: 18
(1, 4)
(1, 3)
(2, 3)
(3, 3)
(4, 3)
(5, 3)
(6, 3)
(6, 4)
(6, 5)
(7, 5)
(8, 5)
(8, 6)
(8, 7)
(9, 7)
(10, 7)
(11, 7)
(12, 7)
(12, 8)
(12, 9)
kaikki ok
Reitin pituus: 22
(11, 17)
(12, 17)
(12, 16)
(12, 15)
(13, 15)
(14, 15)
(14, 14)
(14, 13)
(14, 12)
(14, 11)
(14, 10)
(14, 9)
(14, 8)
(14, 7)
(14, 6)
(14, 5)
(14, 4)
(14, 3)
(13, 3)
(12, 3)
(11, 3)
(10, 3)
(9, 3)
kaikki ok
Reitin pituus: 26
(2, 3)
(3, 3)
(4, 3)
(5, 3)
(6, 3)
(6, 4)
(6, 5)
(7, 5)
(8, 5)
(8, 6)
(8, 7)
(9, 7)
(10, 7)
(11, 7)
(12, 7)
(12, 8)
(12, 9)
(12, 10)
(12, 11)
(12, 12)
(12, 13)
(13, 13)
(14, 13)
(15, 13)
(16, 13)
(17, 13)
(17, 14)
kaikki ok
Reitin pituus: 20
(13, 15)
(14, 15)
(14, 14)
(14, 13)
(14, 12)
(14, 11)
(14, 10)
(14, 9)
(14, 8)
(14, 7)
(14, 6)
(14, 5)
(14, 4)
(14, 3)
(13, 3)
(12, 3)
(11, 3)
(10, 3)
(9, 3)
(8, 3)
(8, 2)
kaikki ok
Reitin pituus: 9
(6, 1)
(7, 1)
(8, 1)
(8, 2)
(8, 3)
(9, 3)
(10, 3)
(11, 3)
(12, 3)
(12, 4)
kaikki ok
Reitin pituus: 4
(12, 3)
(11, 3)
(10, 3)
(9, 3)
(8, 3)
kaikki ok
Reitin pituus: 14
(11, 13)
(12, 13)
(12, 12)
(12, 11)
(11, 11)
(10, 11)
(9, 11)
(8, 11)
(7, 11)
(6, 11)
(6, 10)
(6, 9)
(5, 9)
(4, 9)
(4, 8)
kaikki ok
Reitin pituus: 30
(10, 1)
(10, 2)
(10, 3)
(9, 3)
(8, 3)
(7, 3)
(6, 3)
(5, 3)
(4, 3)
(4, 4)
(4, 5)
(4, 6)
(4, 7)
(4, 8)
(4, 9)
(4, 10)
(4, 11)
(4, 12)
(4, 13)
(4, 14)
(4, 15)
(5, 15)
(6, 15)
(6, 16)
(6, 17)
(7, 17)
(8, 17)
(8, 18)
(8, 19)
(7, 19)
(6, 19)
kaikki ok
Reitin pituus: 15
(14, 9)
(14, 10)
(14, 11)
(14, 12)
(14, 13)
(14, 14)
(14, 15)
(14, 16)
(14, 17)
(15, 17)
(16, 17)
(17, 17)
(17, 18)
(17, 19)
(16, 19)
(15, 19)
kaikki ok
Reitin pituus: 10
(3, 19)
(4, 19)
(5, 19)
(6, 19)
(7, 19)
(8, 19)
(9, 19)
(10, 19)
(10, 18)
(10, 17)
(11, 17)
kaikki ok
Reitin pituus: 25
(2, 1)
(3, 1)
(4, 1)
(4, 2)
(4, 3)
(4, 4)
(4, 5)
(4, 6)
(4, 7)
(4, 8)
(4, 9)
(4, 10)
(4, 11)
(4, 12)
(4, 13)
(4, 14)
(4, 15)
(4, 16)
(4, 17)
(3, 17)
(2, 17)
(1, 17)
(1, 18)
(1, 19)
(2, 19)
(3, 19)
kaikki ok
Reitin pituus: 22
(14, 5)
(14, 6)
(14, 7)
(14, 8)
(14, 9)
(14, 10)
(14, 11)
(14, 12)
(14, 13)
(14, 14)
(14, 15)
(13, 15)
(12, 15)
(12, 16)
(12, 17)
(11, 17)
(10, 17)
(10, 18)
(10, 19)
(9, 19)
(8, 19)
(7, 19)
(6, 19)
kaikki ok
Reitin pituus: 12
(8, 11)
(7, 11)
(6, 11)
(6, 12)
(6, 13)
(5, 13)
(4, 13)
(3, 13)
(2, 13)
(1, 13)
(1, 14)
(1, 15)
(2, 15)
kaikki ok
Reitin pituus: 21
(7, 17)
(6, 17)
(6, 16)
(6, 15)
(7, 15)
(8, 15)
(9, 15)
(10, 15)
(10, 14)
(10, 13)
(11, 13)
(12, 13)
(12, 12)
(12, 11)
(12, 10)
(12, 9)
(13, 9)
(14, 9)
(14, 8)
(14, 7)
(14, 6)
(14, 5)
kaikki ok
Reitin pituus: 17
(14, 17)
(14, 16)
(14, 15)
(13, 15)
(12, 15)
(11, 15)
(10, 15)
(9, 15)
(8, 15)
(7, 15)
(6, 15)
(5, 15)
(4, 15)
(4, 16)
(4, 17)
(3, 17)
(2, 17)
(2, 16)
kaikki ok
Reitin pituus: 22
(15, 19)
(16, 19)
(17, 19)
(17, 18)
(17, 17)
(16, 17)
(15, 17)
(14, 17)
(14, 16)
(14, 15)
(14, 14)
(14, 13)
(14, 12)
(14, 11)
(14, 10)
(14, 9)
(14, 8)
(14, 7)
(14, 6)
(14, 5)
(15, 5)
(16, 5)
(17, 5)
kaikki ok
Reitin pituus: 28
(6, 3)
(6, 4)
(6, 5)
(7, 5)
(8, 5)
(8, 6)
(8, 7)
(9, 7)
(10, 7)
(11, 7)
(12, 7)
(12, 8)
(12, 9)
(13, 9)
(14, 9)
(14, 10)
(14, 11)
(14, 12)
(14, 13)
(14, 14)
(14, 15)
(14, 16)
(14, 17)
(15, 17)
(16, 17)
(17, 17)
(17, 18)
(17, 19)
(16, 19)
kaikki ok
Reitin pituus: 6
(6, 4)
(6, 3)
(5, 3)
(4, 3)
(4, 4)
(4, 5)
(4, 6)
kaikki ok
Reitin pituus: 16
(9, 8)
(9, 7)
(8, 7)
(7, 7)
(6, 7)
(6, 8)
(6, 9)
(5, 9)
(4, 9)
(4, 10)
(4, 11)
(4, 12)
(4, 13)
(4, 14)
(4, 15)
(5, 15)
(6, 15)
kaikki ok
Reitin pituus: 15
(7, 17)
(6, 17)
(6, 16)
(6, 15)
(7, 15)
(8, 15)
(8, 14)
(8, 13)
(7, 13)
(6, 13)
(6, 12)
(6, 11)
(6, 10)
(6, 9)
(6, 8)
(6, 7)
kaikki ok
Reitin pituus: 7
(9, 11)
(8, 11)
(7, 11)
(6, 11)
(6, 12)
(6, 13)
(5, 13)
(4, 13)
kaikki ok
Reitin pituus: 25
(12, 3)
(12, 4)
(12, 5)
(11, 5)
(10, 5)
(10, 6)
(10, 7)
(9, 7)
(8, 7)
(7, 7)
(6, 7)
(6, 8)
(6, 9)
(6, 10)
(6, 11)
(6, 12)
(6, 13)
(5, 13)
(4, 13)
(4, 14)
(4, 15)
(5, 15)
(6, 15)
(6, 16)
(6, 17)
(7, 17)
kaikki ok
Reitin pituus: 20
(4, 9)
(5, 9)
(6, 9)
(6, 8)
(6, 7)
(7, 7)
(8, 7)
(9, 7)
(10, 7)
(10, 6)
(10, 5)
(11, 5)
(12, 5)
(12, 4)
(12, 3)
(13, 3)
(14, 3)
(15, 3)
(16, 3)
(17, 3)
(17, 2)
kaikki ok
Reitin pituus: 9
(8, 7)
(9, 7)
(10, 7)
(11, 7)
(12, 7)
(12, 8)
(12, 9)
(13, 9)
(14, 9)
(14, 8)
kaikki ok
Reitin pituus: 6
(14, 15)
(13, 15)
(12, 15)
(11, 15)
(10, 15)
(9, 15)
(8, 15)
kaikki ok
Reitin pituus: 11
(11, 5)
(10, 5)
(10, 6)
(10, 7)
(11, 7)
(12, 7)
(12, 8)
(12, 9)
(13, 9)
(14, 9)
(14, 10)
(14, 11)
kaikki ok
Reitin pituus: 4
(15, 17)
(16, 17)
(17, 17)
(17, 18)
(17, 19)
kaikki ok
Reitin pituus: 8
(8, 18)
(8, 19)
(9, 19)
(10, 19)
(10, 18)
(10, 17)
(11, 17)
(12, 17)
(12, 16)
kaikki ok
Reitin pituus: 1
(17, 4)
(17, 3)
kaikki ok
Reitin pituus: 15
(1, 14)
(1, 13)
(2, 13)
(3, 13)
(4, 13)
(5, 13)
(6, 13)
(6, 12)
(6, 11)
(7, 11)
(8, 11)
(9, 11)
(10, 11)
(11, 11)
(12, 11)
(12, 12)
kaikki ok
Reitin pituus: 6
(14, 15)
(14, 14)
(14, 13)
(14, 12)
(14, 11)
(14, 10)
(14, 9)
kaikki ok
Reitin pituus: 26
(7, 17)
(6, 17)
(6, 16)
(6, 15)
(7, 15)
(8, 15)
(9, 15)
(10, 15)
(10, 14)
(10, 13)
(11, 13)
(12, 13)
(12, 12)
(12, 11)
(12, 10)
(12, 9)
(13, 9)
(14, 9)
(14, 8)
(14, 7)
(14, 6)
(14, 5)
(14, 4)
(14, 3)
(14, 2)
(14, 1)
(15, 1)
kaikki ok
Reitin pituus: 8
(7, 11)
(6, 11)
(6, 12)
(6, 13)
(5, 13)
(4, 13)
(3, 13)
(2, 13)
(1, 13)
kaikki ok
Reitin pituus: 7
(3, 13)
(4, 13)
(4, 14)
(4, 15)
(4, 16)
(4, 17)
(3, 17)
(2, 17)
kaikki ok
Reitin pituus: 25
(10, 2)
(10, 3)
(9, 3)
(8, 3)
(7, 3)
(6, 3)
(5, 3)
(4, 3)
(4, 4)
(4, 5)
(4, 6)
(4, 7)
(4, 8)
(4, 9)
(4, 10)
(4, 11)
(4, 12)
(4, 13)
(4, 14)
(4, 15)
(5, 15)
(6, 15)
(6, 16)
(6, 17)
(7, 17)
(8, 17)
kaikki ok
Reitin pituus: 7
(4, 6)
(4, 5)
(4, 4)
(4, 3)
(3, 3)
(2, 3)
(1, 3)
(1, 2)
kaikki ok
Reitin pituus: 18
(17, 2)
(17, 3)
(17, 4)
(17, 5)
(16, 5)
(15, 5)
(14, 5)
(14, 6)
(14, 7)
(14, 8)
(14, 9)
(13, 9)
(12, 9)
(12, 10)
(12, 11)
(11, 11)
(10, 11)
(9, 11)
(8, 11)
kaikki ok
Reitin pituus: 13
(6, 11)
(6, 12)
(6, 13)
(5, 13)
(4, 13)
(4, 14)
(4, 15)
(5, 15)
(6, 15)
(6, 16)
(6, 17)
(7, 17)
(8, 17)
(8, 18)
kaikki ok
Reitin pituus: 15
(14, 9)
(13, 9)
(12, 9)
(12, 10)
(12, 11)
(11, 11)
(10, 11)
(9, 11)
(8, 11)
(7, 11)
(6, 11)
(6, 10)
(6, 9)
(5, 9)
(4, 9)
(4, 10)
kaikki ok
Reitin pituus: 14
(4, 1)
(4, 2)
(4, 3)
(5, 3)
(6, 3)
(6, 4)
(6, 5)
(7, 5)
(8, 5)
(8, 6)
(8, 7)
(9, 7)
(10, 7)
(10, 6)
(10, 5)
kaikki ok
Reitin pituus: 11
(7, 1)
(8, 1)
(8, 2)
(8, 3)
(9, 3)
(10, 3)
(11, 3)
(12, 3)
(13, 3)
(14, 3)
(14, 4)
(14, 5)
kaikki ok
Reitin pituus: 25
(17, 4)
(17, 5)
(16, 5)
(15, 5)
(14, 5)
(14, 6)
(14, 7)
(14, 8)
(14, 9)
(14, 10)
(14, 11)
(14, 12)
(14, 13)
(14, 14)
(14, 15)
(13, 15)
(12, 15)
(12, 16)
(12, 17)
(11, 17)
(10, 17)
(10, 18)
(10, 19)
(9, 19)
(8, 19)
(8, 18)
kaikki ok
Reitin pituus: 2
(12, 8)
(12, 7)
(11, 7)
kaikki ok
Reitin pituus: 5
(14, 9)
(14, 8)
(14, 7)
(14, 6)
(14, 5)
(15, 5)
kaikki ok
Reitin pituus: 4
(3, 13)
(4, 13)
(4, 14)
(4, 15)
(4, 16)
kaikki ok
Reitin pituus: 10
(8, 19)
(8, 18)
(8, 17)
(7, 17)
(6, 17)
(6, 16)
(6, 15)
(5, 15)
(4, 15)
(4, 14)
(4, 13)
kaikki ok
Reitin pituus: 14
(6, 8)
(6, 9)
(5, 9)
(4, 9)
(4, 10)
(4, 11)
(4, 12)
(4, 13)
(4, 14)
(4, 15)
(4, 16)
(4, 17)
(3, 17)
(2, 17)
(1, 17)
kaikki ok
Reitin pituus: 26
(8, 19)
(8, 18)
(8, 17)
(7, 17)
(6, 17)
(6, 16)
(6, 15)
(5, 15)
(4, 15)
(4, 14)
(4, 13)
(4, 12)
(4, 11)
(4, 10)
(4, 9)
(4, 8)
(4, 7)
(4, 6)
(4, 5)
(4, 4)
(4, 3)
(5, 3)
(6, 3)
(7, 3)
(8, 3)
(8, 2)
(8, 1)
kaikki ok
Reitin pituus: 13
(14, 10)
(14, 9)
(14, 8)
(14, 7)
(14, 6)
(14, 5)
(14, 4)
(14, 3)
(13, 3)
(12, 3)
(11, 3)
(10, 3)
(9, 3)
(8, 3)
kaikki ok
Reitin pituus: 11
(3, 5)
(4, 5)
(4, 6)
(4, 7)
(4, 8)
(4, 9)
(4, 10)
(4, 11)
(4, 12)
(4, 13)
(3, 13)
(2, 13)
kaikki ok
Reitin pituus: 9
(4, 3)
(5, 3)
(6, 3)
(7, 3)
(8, 3)
(9, 3)
(10, 3)
(11, 3)
(12, 3)
(12, 4)
kaikki ok
Reitin pituus: 12
(11, 5)
(12, 5)
(12, 4)
(12, 3)
(11, 3)
(10, 3)
(9, 3)
(8, 3)
(8, 2)
(8, 1)
(7, 1)
(6, 1)
(5, 1)
kaikki ok
Reitin pituus: 15
(6, 17)
(6, 16)
(6, 15)
(7, 15)
(8, 15)
(9, 15)
(10, 15)
(11, 15)
(12, 15)
(13, 15)
(14, 15)
(14, 16)
(14, 17)
(15, 17)
(16, 17)
(17, 17)
kaikki ok
Reitin pituus: 11
(5, 19)
(6, 19)
(7, 19)
(8, 19)
(9, 19)
(10, 19)
(10, 18)
(10, 17)
(11, 17)
(12, 17)
(12, 16)
(12, 15)
kaikki ok
Reitin pituus: 17
(17, 17)
(16, 17)
(15, 17)
(14, 17)
(14, 16)
(14, 15)
(14, 14)
(14, 13)
(13, 13)
(12, 13)
(12, 12)
(12, 11)
(12, 10)
(12, 9)
(12, 8)
(12, 7)
(11, 7)
(10, 7)
kaikki ok
Reitin pituus: 12
(11, 17)
(12, 17)
(12, 16)
(12, 15)
(13, 15)
(14, 15)
(14, 14)
(14, 13)
(14, 12)
(14, 11)
(14, 10)
(14, 9)
(14, 8)
kaikki ok
Reitin pituus: 4
(8, 17)
(8, 18)
(8, 19)
(7, 19)
(6, 19)
kaikki ok
Reitin pituus: 5
(6, 7)
(6, 8)
(6, 9)
(5, 9)
(4, 9)
(4, 10)
kaikki ok
Reitin pituus: 20
(16, 16)
(16, 17)
(15, 17)
(14, 17)
(14, 16)
(14, 15)
(14, 14)
(14, 13)
(14, 12)
(14, 11)
(14, 10)
(14, 9)
(14, 8)
(14, 7)
(14, 6)
(14, 5)
(14, 4)
(14, 3)
(14, 2)
(14, 1)
(15, 1)
kaikki ok
Reitin pituus: 27
(6, 19)
(7, 19)
(8, 19)
(9, 19)
(10, 19)
(10, 18)
(10, 17)
(11, 17)
(12, 17)
(12, 16)
(12, 15)
(13, 15)
(14, 15)
(14, 14)
(14, 13)
(14, 12)
(14, 11)
(14, 10)
(14, 9)
(14, 8)
(14, 7)
(14, 6)
(14, 5)
(14, 4)
(14, 3)
(14, 2)
(14, 1)
(13, 1)
kaikki ok
Reitin pituus: 11
(7, 17)
(6, 17)
(6, 16)
(6, 15)
(7, 15)
(8, 15)
(9, 15)
(10, 15)
(10, 14)
(10, 13)
(11, 13)
(12, 13)
kaikki ok
Reitin pituus: 5
(2, 15)
(2, 16)
(2, 17)
(1, 17)
(1, 18)
(1, 19)
kaikki ok
Reitin pituus: 13
(14, 2)
(14, 3)
(14, 4)
(14, 5)
(14, 6)
(14, 7)
(14, 8)
(14, 9)
(14, 10)
(14, 11)
(14, 12)
(14, 13)
(15, 13)
(16, 13)
kaikki ok
Reitin pituus: 14
(6, 4)
(6, 5)
(7, 5)
(8, 5)
(8, 6)
(8, 7)
(9, 7)
(10, 7)
(11, 7)
(12, 7)
(12, 8)
(12, 9)
(13, 9)
(14, 9)
(14, 10)
kaikki ok
Reitin pituus: 15
(16, 13)
(15, 13)
(14, 13)
(13, 13)
(12, 13)
(12, 12)
(12, 11)
(12, 10)
(12, 9)
(12, 8)
(12, 7)
(11, 7)
(10, 7)
(9, 7)
(9, 8)
(9, 9)
kaikki ok
Reitin pituus: 11
(16, 15)
(16, 16)
(16, 17)
(15, 17)
(14, 17)
(14, 16)
(14, 15)
(13, 15)
(12, 15)
(11, 15)
(10, 15)
(9, 15)
kaikki ok
Reitin pituus: 13
(4, 4)
(4, 3)
(5, 3)
(6, 3)
(7, 3)
(8, 3)
(9, 3)
(10, 3)
(10, 2)
(10, 1)
(11, 1)
(12, 1)
(13, 1)
(14, 1)
kaikki ok
Reitin pituus: 22
(6, 17)
(6, 16)
(6, 15)
(7, 15)
(8, 15)
(9, 15)
(10, 15)
(10, 14)
(10, 13)
(11, 13)
(12, 13)
(12, 12)
(12, 11)
(12, 10)
(12, 9)
(13, 9)
(14, 9)
(14, 8)
(14, 7)
(14, 6)
(14, 5)
(14, 4)
(14, 3)
kaikki ok
Reitin pituus: 15
(1, 2)
(1, 3)
(2, 3)
(3, 3)
(4, 3)
(5, 3)
(6, 3)
(6, 4)
(6, 5)
(7, 5)
(8, 5)
(8, 6)
(8, 7)
(9, 7)
(9, 8)
(9, 9)
kaikki ok
Reitin pituus: 8
(2, 5)
(3, 5)
(4, 5)
(4, 6)
(4, 7)
(4, 8)
(4, 9)
(4, 10)
(4, 11)
kaikki ok
Reitin pituus: 22
(17, 13)
(16, 13)
(15, 13)
(14, 13)
(13, 13)
(12, 13)
(12, 12)
(12, 11)
(11, 11)
(10, 11)
(9, 11)
(8, 11)
(7, 11)
(6, 11)
(6, 10)
(6, 9)
(5, 9)
(4, 9)
(4, 8)
(4, 7)
(4, 6)
(4, 5)
(4, 4)
kaikki ok
Reitin pituus: 4
(3, 3)
(4, 3)
(4, 4)
(4, 5)
(4, 6)
kaikki ok
Reitin pituus: 16
(14, 17)
(14, 16)
(14, 15)
(14, 14)
(14, 13)
(14, 12)
(14, 11)
(14, 10)
(14, 9)
(14, 8)
(14, 7)
(14, 6)
(14, 5)
(14, 4)
(14, 3)
(15, 3)
(16, 3)
kaikki ok
Reitin pituus: 8
(9, 9)
(9, 8)
(9, 7)
(8, 7)
(8, 6)
(8, 5)
(7, 5)
(6, 5)
(6, 4)
kaikki ok
Reitin pituus: 10
(11, 5)
(10, 5)
(10, 6)
(10, 7)
(9, 7)
(8, 7)
(7, 7)
(6, 7)
(6, 8)
(6, 9)
(5, 9)
kaikki ok
Reitin pituus: 28
(11, 3)
(12, 3)
(13, 3)
(14, 3)
(14, 4)
(14, 5)
(14, 6)
(14, 7)
(14, 8)
(14, 9)
(14, 10)
(14, 11)
(14, 12)
(14, 13)
(14, 14)
(14, 15)
(13, 15)
(12, 15)
(12, 16)
(12, 17)
(11, 17)
(10, 17)
(10, 18)
(10, 19)
(9, 19)
(8, 19)
(7, 19)
(6, 19)
(5, 19)
kaikki ok
Reitin pituus: 16
(17, 1)
(17, 2)
(17, 3)
(17, 4)
(17, 5)
(16, 5)
(15, 5)
(14, 5)
(14, 6)
(14, 7)
(14, 8)
(14, 9)
(13, 9)
(12, 9)
(12, 10)
(12, 11)
(11, 11)
kaikki ok
Reitin pituus: 18
(6, 12)
(6, 11)
(6, 10)
(6, 9)
(6, 8)
(6, 7)
(7, 7)
(8, 7)
(9, 7)
(10, 7)
(10, 6)
(10, 5)
(11, 5)
(12, 5)
(12, 4)
(12, 3)
(11, 3)
(10, 3)
(10, 2)
kaikki ok
Reitin pituus: 6
(10, 18)
(10, 17)
(11, 17)
(12, 17)
(12, 16)
(12, 15)
(13, 15)
kaikki ok
Reitin pituus: 23
(14, 12)
(14, 11)
(14, 10)
(14, 9)
(14, 8)
(14, 7)
(14, 6)
(14, 5)
(14, 4)
(14, 3)
(13, 3)
(12, 3)
(11, 3)
(10, 3)
(9, 3)
(8, 3)
(7, 3)
(6, 3)
(5, 3)
(4, 3)
(4, 2)
(4, 1)
(3, 1)
(2, 1)
kaikki ok
Reitin pituus: 3
(6, 10)
(6, 11)
(6, 12)
(6, 13)
kaikki ok
Reitin pituus: 17
(12, 15)
(13, 15)
(14, 15)
(14, 14)
(14, 13)
(14, 12)
(14, 11)
(14, 10)
(14, 9)
(14, 8)
(14, 7)
(14, 6)
(14, 5)
(14, 4)
(14, 3)
(15, 3)
(16, 3)
(17, 3)
kaikki ok
Reitin pituus: 15
(10, 2)
(10, 3)
(11, 3)
(12, 3)
(12, 4)
(12, 5)
(11, 5)
(10, 5)
(10, 6)
(10, 7)
(11, 7)
(12, 7)
(12, 8)
(12, 9)
(12, 10)
(12, 11)
kaikki ok
Reitin pituus: 18
(16, 3)
(15, 3)
(14, 3)
(13, 3)
(12, 3)
(12, 4)
(12, 5)
(11, 5)
(10, 5)
(10, 6)
(10, 7)
(9, 7)
(8, 7)
(7, 7)
(6, 7)
(6, 8)
(6, 9)
(5, 9)
(4, 9)
kaikki ok
Reitin pituus: 7
(11, 13)
(10, 13)
(10, 14)
(10, 15)
(9, 15)
(8, 15)
(7, 15)
(6, 15)
kaikki ok
Reitin pituus: 16
(13, 13)
(12, 13)
(11, 13)
(10, 13)
(10, 14)
(10, 15)
(9, 15)
(8, 15)
(8, 14)
(8, 13)
(7, 13)
(6, 13)
(5, 13)
(4, 13)
(3, 13)
(2, 13)
(1, 13)
kaikki ok
Reitin pituus: 18
(12, 16)
(12, 15)
(13, 15)
(14, 15)
(14, 14)
(14, 13)
(14, 12)
(14, 11)
(14, 10)
(14, 9)
(14, 8)
(14, 7)
(14, 6)
(14, 5)
(14, 4)
(14, 3)
(15, 3)
(16, 3)
(17, 3)
kaikki ok
Reitin pituus: 17
(3, 3)
(4, 3)
(5, 3)
(6, 3)
(7, 3)
(8, 3)
(9, 3)
(10, 3)
(11, 3)
(12, 3)
(13, 3)
(14, 3)
(14, 4)
(14, 5)
(14, 6)
(14, 7)
(14, 8)
(14, 9)
kaikki ok
Reitin pituus: 7
(15, 17)
(14, 17)
(14, 16)
(14, 15)
(13, 15)
(12, 15)
(12, 16)
(12, 17)
kaikki ok
Reitin pituus: 4
(16, 13)
(15, 13)
(14, 13)
(14, 12)
(14, 11)
kaikki ok
Reitin pituus: 15
(6, 15)
(5, 15)
(4, 15)
(4, 14)
(4, 13)
(4, 12)
(4, 11)
(4, 10)
(4, 9)
(4, 8)
(4, 7)
(4, 6)
(4, 5)
(4, 4)
(4, 3)
(5, 3)
kaikki ok
Reitin pituus: 23
(10, 15)
(9, 15)
(8, 15)
(8, 14)
(8, 13)
(7, 13)
(6, 13)
(6, 12)
(6, 11)
(6, 10)
(6, 9)
(5, 9)
(4, 9)
(4, 8)
(4, 7)
(4, 6)
(4, 5)
(4, 4)
(4, 3)
(4, 2)
(4, 1)
(5, 1)
(6, 1)
(7, 1)
kaikki ok
Reitin pituus: 15
(4, 15)
(4, 14)
(4, 13)
(4, 12)
(4, 11)
(4, 10)
(4, 9)
(4, 8)
(4, 7)
(4, 6)
(4, 5)
(4, 4)
(4, 3)
(5, 3)
(6, 3)
(7, 3)
kaikki ok
Reitin pituus: 6
(10, 1)
(11, 1)
(12, 1)
(13, 1)
(14, 1)
(14, 2)
(14, 3)
kaikki ok
Reitin pituus: 17
(17, 2)
(17, 3)
(16, 3)
(15, 3)
(14, 3)
(13, 3)
(12, 3)
(11, 3)
(10, 3)
(9, 3)
(8, 3)
(7, 3)
(6, 3)
(5, 3)
(4, 3)
(4, 4)
(4, 5)
(4, 6)
kaikki ok
Reitin pituus: 24
(8, 9)
(9, 9)
(9, 8)
(9, 7)
(10, 7)
(11, 7)
(12, 7)
(12, 8)
(12, 9)
(13, 9)
(14, 9)
(14, 10)
(14, 11)
(14, 12)
(14, 13)
(14, 14)
(14, 15)
(14, 16)
(14, 17)
(15, 17)
(16, 17)
(17, 17)
(17, 18)
(17, 19)
(16, 19)
kaikki ok
Reitin pituus: 22
(15, 17)
(14, 17)
(14, 16)
(14, 15)
(14, 14)
(14, 13)
(13, 13)
(12, 13)
(12, 12)
(12, 11)
(12, 10)
(12, 9)
(12, 8)
(12, 7)
(11, 7)
(10, 7)
(9, 7)
(8, 7)
(8, 6)
(8, 5)
(7, 5)
(6, 5)
(6, 4)
kaikki ok
Reitin pituus: 9
(9, 7)
(8, 7)
(8, 6)
(8, 5)
(7, 5)
(6, 5)
(6, 4)
(6, 3)
(5, 3)
(4, 3)
kaikki ok
Reitin pituus: 4
(3, 3)
(4, 3)
(4, 2)
(4, 1)
(5, 1)
kaikki ok
Reitin pituus: 15
(5, 9)
(6, 9)
(6, 10)
(6, 11)
(7, 11)
(8, 11)
(9, 11)
(10, 11)
(11, 11)
(12, 11)
(12, 12)
(12, 13)
(13, 13)
(14, 13)
(14, 14)
(14, 15)
kaikki ok
Reitin pituus: 22
(15, 1)
(14, 1)
(14, 2)
(14, 3)
(14, 4)
(14, 5)
(14, 6)
(14, 7)
(14, 8)
(14, 9)
(14, 10)
(14, 11)
(14, 12)
(14, 13)
(14, 14)
(14, 15)
(13, 15)
(12, 15)
(12, 16)
(12, 17)
(11, 17)
(10, 17)
(10, 18)
kaikki ok
Reitin pituus: 5
(4, 12)
(4, 13)
(3, 13)
(2, 13)
(1, 13)
(1, 14)
kaikki ok
Reitin pituus: 5
(4, 4)
(4, 3)
(3, 3)
(2, 3)
(1, 3)
(1, 4)
kaikki ok
Reitin pituus: 20
(1, 18)
(1, 17)
(2, 17)
(3, 17)
(4, 17)
(4, 16)
(4, 15)
(4, 14)
(4, 13)
(4, 12)
(4, 11)
(4, 10)
(4, 9)
(4, 8)
(4, 7)
(4, 6)
(4, 5)
(4, 4)
(4, 3)
(3, 3)
(2, 3)
kaikki ok
Reitin pituus: 18
(8, 7)
(7, 7)
(6, 7)
(6, 8)
(6, 9)
(5, 9)
(4, 9)
(4, 10)
(4, 11)
(4, 12)
(4, 13)
(4, 14)
(4, 15)
(4, 16)
(4, 17)
(3, 17)
(2, 17)
(1, 17)
(1, 18)
kaikki ok
Reitin pituus: 12
(10, 9)
(9, 9)
(9, 8)
(9, 7)
(10, 7)
(11, 7)
(12, 7)
(12, 8)
(12, 9)
(12, 10)
(12, 11)
(12, 12)
(12, 13)
kaikki ok
Reitin pituus: 29
(1, 18)
(1, 17)
(2, 17)
(3, 17)
(4, 17)
(4, 16)
(4, 15)
(4, 14)
(4, 13)
(4, 12)
(4, 11)
(4, 10)
(4, 9)
(4, 8)
(4, 7)
(4, 6)
(4, 5)
(4, 4)
(4, 3)
(5, 3)
(6, 3)
(7, 3)
(8, 3)
(9, 3)
(10, 3)
(10, 2)
(10, 1)
(11, 1)
(12, 1)
(13, 1)
kaikki ok
Reitin pituus: 12
(14, 2)
(14, 3)
(14, 4)
(14, 5)
(14, 6)
(14, 7)
(14, 8)
(14, 9)
(14, 10)
(14, 11)
(14, 12)
(14, 13)
(13, 13)
kaikki ok
Reitin pituus: 15
(8, 15)
(8, 14)
(8, 13)
(7, 13)
(6, 13)
(6, 12)
(6, 11)
(6, 10)
(6, 9)
(6, 8)
(6, 7)
(7, 7)
(8, 7)
(9, 7)
(9, 8)
(9, 9)
kaikki ok
Reitin pituus: 14
(3, 1)
(4, 1)
(4, 2)
(4, 3)
(5, 3)
(6, 3)
(7, 3)
(8, 3)
(9, 3)
(10, 3)
(10, 2)
(10, 1)
(11, 1)
(12, 1)
(13, 1)
kaikki ok
Reitin pituus: 13
(9, 8)
(9, 7)
(8, 7)
(8, 6)
(8, 5)
(7, 5)
(6, 5)
(6, 4)
(6, 3)
(7, 3)
(8, 3)
(8, 2)
(8, 1)
(7, 1)
kaikki ok
Reitin pituus: 23
(7, 7)
(8, 7)
(9, 7)
(10, 7)
(11, 7)
(12, 7)
(12, 8)
(12, 9)
(12, 10)
(12, 11)
(12, 12)
(12, 13)
(13, 13)
(14, 13)
(14, 14)
(14, 15)
(14, 16)
(14, 17)
(15, 17)
(16, 17)
(17, 17)
(17, 18)
(17, 19)
(16, 19)
kaikki ok
Reitin pituus: 15
(7, 5)
(6, 5)
(6, 4)
(6, 3)
(7, 3)
(8, 3)
(9, 3)
(10, 3)
(11, 3)
(12, 3)
(13, 3)
(14, 3)
(15, 3)
(16, 3)
(17, 3)
(17, 4)
kaikki ok
Reitin pituus: 15
(10, 17)
(11, 17)
(12, 17)
(12, 16)
(12, 15)
(11, 15)
(10, 15)
(10, 14)
(10, 13)
(11, 13)
(12, 13)
(12, 12)
(12, 11)
(12, 10)
(12, 9)
(12, 8)
kaikki ok
Reitin pituus: 15
(2, 1)
(3, 1)
(4, 1)
(5, 1)
(6, 1)
(7, 1)
(8, 1)
(8, 2)
(8, 3)
(9, 3)
(10, 3)
(10, 2)
(10, 1)
(11, 1)
(12, 1)
(13, 1)
kaikki ok
Reitin pituus: 17
(14, 13)
(14, 14)
(14, 15)
(13, 15)
(12, 15)
(12, 16)
(12, 17)
(11, 17)
(10, 17)
(10, 18)
(10, 19)
(9, 19)
(8, 19)
(7, 19)
(6, 19)
(5, 19)
(4, 19)
(3, 19)
kaikki ok
Reitin pituus: 20
(14, 10)
(14, 11)
(14, 12)
(14, 13)
(14, 14)
(14, 15)
(13, 15)
(12, 15)
(12, 16)
(12, 17)
(11, 17)
(10, 17)
(10, 18)
(10, 19)
(9, 19)
(8, 19)
(7, 19)
(6, 19)
(5, 19)
(4, 19)
(3, 19)
kaikki ok
Reitin pituus: 14
(6, 9)
(6, 8)
(6, 7)
(7, 7)
(8, 7)
(9, 7)
(10, 7)
(10, 6)
(10, 5)
(11, 5)
(12, 5)
(12, 4)
(12, 3)
(13, 3)
(14, 3)
kaikki ok
Reitin pituus: 10
(16, 16)
(16, 17)
(15, 17)
(14, 17)
(14, 16)
(14, 15)
(13, 15)
(12, 15)
(11, 15)
(10, 15)
(9, 15)
kaikki ok
Reitin pituus: 28
(8, 17)
(7, 17)
(6, 17)
(6, 16)
(6, 15)
(7, 15)
(8, 15)
(9, 15)
(10, 15)
(10, 14)
(10, 13)
(11, 13)
(12, 13)
(12, 12)
(12, 11)
(12, 10)
(12, 9)
(13, 9)
(14, 9)
(14, 8)
(14, 7)
(14, 6)
(14, 5)
(14, 4)
(14, 3)
(14, 2)
(14, 1)
(13, 1)
(12, 1)
kaikki ok
Reitin pituus: 15
(12, 3)
(13, 3)
(14, 3)
(14, 4)
(14, 5)
(14, 6)
(14, 7)
(14, 8)
(14, 9)
(14, 10)
(14, 11)
(14, 12)
(14, 13)
(15, 13)
(16, 13)
(17, 13)
kaikki ok
Reitin pituus: 19
(12, 9)
(12, 8)
(12, 7)
(11, 7)
(10, 7)
(9, 7)
(8, 7)
(8, 6)
(8, 5)
(7, 5)
(6, 5)
(6, 4)
(6, 3)
(5, 3)
(4, 3)
(4, 2)
(4, 1)
(3, 1)
(2, 1)
(1, 1)
kaikki ok
Reitin pituus: 17
(12, 10)
(12, 9)
(12, 8)
(12, 7)
(11, 7)
(10, 7)
(9, 7)
(8, 7)
(8, 6)
(8, 5)
(7, 5)
(6, 5)
(6, 4)
(6, 3)
(5, 3)
(4, 3)
(4, 2)
(4, 1)
kaikki ok
Reitin pituus: 20
(2, 3)
(3, 3)
(4, 3)
(4, 4)
(4, 5)
(4, 6)
(4, 7)
(4, 8)
(4, 9)
(5, 9)
(6, 9)
(6, 10)
(6, 11)
(6, 12)
(6, 13)
(7, 13)
(8, 13)
(8, 14)
(8, 15)
(9, 15)
(10, 15)
kaikki ok
Reitin pituus: 13
(9, 7)
(10, 7)
(11, 7)
(12, 7)
(12, 8)
(12, 9)
(13, 9)
(14, 9)
(14, 10)
(14, 11)
(14, 12)
(14, 13)
(15, 13)
(16, 13)
kaikki ok
Reitin pituus: 8
(10, 14)
(10, 13)
(11, 13)
(12, 13)
(13, 13)
(14, 13)
(15, 13)
(16, 13)
(17, 13)
kaikki ok
Reitin pituus: 27
(1, 14)
(1, 13)
(2, 13)
(3, 13)
(4, 13)
(4, 12)
(4, 11)
(4, 10)
(4, 9)
(4, 8)
(4, 7)
(4, 6)
(4, 5)
(4, 4)
(4, 3)
(5, 3)
(6, 3)
(7, 3)
(8, 3)
(9, 3)
(10, 3)
(10, 2)
(10, 1)
(11, 1)
(12, 1)
(13, 1)
(14, 1)
(15, 1)
kaikki ok
Reitin pituus: 9
(1, 19)
(1, 18)
(1, 17)
(2, 17)
(2, 16)
(2, 15)
(1, 15)
(1, 14)
(1, 13)
(2, 13)
kaikki ok
Reitin pituus: 14
(12, 3)
(13, 3)
(14, 3)
(14, 4)
(14, 5)
(14, 6)
(14, 7)
(14, 8)
(14, 9)
(14, 10)
(14, 11)
(14, 12)
(14, 13)
(14, 14)
(14, 15)
kaikki ok
Reitin pituus: 8
(1, 13)
(1, 14)
(1, 15)
(2, 15)
(2, 16)
(2, 17)
(1, 17)
(1, 18)
(1, 19)
kaikki ok
Reitin pituus: 25
(11, 17)
(12, 17)
(12, 16)
(12, 15)
(13, 15)
(14, 15)
(14, 14)
(14, 13)
(14, 12)
(14, 11)
(14, 10)
(14, 9)
(14, 8)
(14, 7)
(14, 6)
(14, 5)
(14, 4)
(14, 3)
(13, 3)
(12, 3)
(11, 3)
(10, 3)
(9, 3)
(8, 3)
(8, 2)
(8, 1)
kaikki ok
Reitin pituus: 10
(10, 3)
(9, 3)
(8, 3)
(8, 2)
(8, 1)
(7, 1)
(6, 1)
(5, 1)
(4, 1)
(3, 1)
(2, 1)
kaikki ok
Reitin pituus: 23
(10, 9)
(9, 9)
(9, 8)
(9, 7)
(8, 7)
(7, 7)
(6, 7)
(6, 8)
(6, 9)
(6, 10)
(6, 11)
(6, 12)
(6, 13)
(5, 13)
(4, 13)
(4, 14)
(4, 15)
(4, 16)
(4, 17)
(3, 17)
(2, 17)
(1, 17)
(1, 18)
(1, 19)
kaikki ok
Reitin pituus: 16
(4, 5)
(4, 6)
(4, 7)
(4, 8)
(4, 9)
(5, 9)
(6, 9)
(6, 10)
(6, 11)
(6, 12)
(6, 13)
(7, 13)
(8, 13)
(8, 14)
(8, 15)
(9, 15)
(10, 15)
kaikki ok
Reitin pituus: 1
(16, 15)
(16, 16)
kaikki ok
Reitin pituus: 30
(17, 18)
(17, 17)
(16, 17)
(15, 17)
(14, 17)
(14, 16)
(14, 15)
(13, 15)
(12, 15)
(11, 15)
(10, 15)
(9, 15)
(8, 15)
(8, 14)
(8, 13)
(7, 13)
(6, 13)
(6, 12)
(6, 11)
(6, 10)
(6, 9)
(5, 9)
(4, 9)
(4, 8)
(4, 7)
(4, 6)
(4, 5)
(3, 5)
(2, 5)
(1, 5)
(1, 4)
kaikki ok
Reitin pituus: 11
(6, 8)
(6, 7)
(7, 7)
(8, 7)
(9, 7)
(10, 7)
(11, 7)
(12, 7)
(12, 8)
(12, 9)
(13, 9)
(14, 9)
kaikki ok
Reitin pituus: 14
(12, 7)
(11, 7)
(10, 7)
(9, 7)
(8, 7)
(7, 7)
(6, 7)
(6, 8)
(6, 9)
(5, 9)
(4, 9)
(4, 10)
(4, 11)
(4, 12)
(4, 13)
kaikki ok
Reitin pituus: 15
(2, 13)
(3, 13)
(4, 13)
(4, 14)
(4, 15)
(5, 15)
(6, 15)
(7, 15)
(8, 15)
(9, 15)
(10, 15)
(11, 15)
(12, 15)
(13, 15)
(14, 15)
(14, 16)
kaikki ok
Reitin pituus: 1
(7, 13)
(6, 13)
kaikki ok
Reitin pituus: 21
(3, 19)
(4, 19)
(5, 19)
(6, 19)
(7, 19)
(8, 19)
(9, 19)
(10, 19)
(10, 18)
(10, 17)
(11, 17)
(12, 17)
(12, 16)
(12, 15)
(13, 15)
(14, 15)
(14, 14)
(14, 13)
(14, 12)
(14, 11)
(14, 10)
(14, 9)
kaikki ok
Reitin pituus: 11
(4, 10)
(4, 9)
(4, 8)
(4, 7)
(4, 6)
(4, 5)
(4, 4)
(4, 3)
(4, 2)
(4, 1)
(5, 1)
(6, 1)
kaikki ok
Reitin pituus: 15
(4, 4)
(4, 3)
(5, 3)
(6, 3)
(7, 3)
(8, 3)
(9, 3)
(10, 3)
(11, 3)
(12, 3)
(13, 3)
(14, 3)
(14, 4)
(14, 5)
(14, 6)
(14, 7)
kaikki ok
Reitin pituus: 1
(4, 4)
(4, 3)
kaikki ok
Reitin pituus: 6
(4, 9)
(4, 10)
(4, 11)
(4, 12)
(4, 13)
(3, 13)
(2, 13)
kaikki ok
Reitin pituus: 14
(4, 3)
(5, 3)
(6, 3)
(6, 4)
(6, 5)
(7, 5)
(8, 5)
(8, 6)
(8, 7)
(9, 7)
(10, 7)
(11, 7)
(12, 7)
(12, 8)
(12, 9)
kaikki ok
Reitin pituus: 18
(6, 9)
(6, 10)
(6, 11)
(7, 11)
(8, 11)
(9, 11)
(10, 11)
(11, 11)
(12, 11)
(12, 12)
(12, 13)
(13, 13)
(14, 13)
(15, 13)
(16, 13)
(17, 13)
(17, 14)
(17, 15)
(16, 15)
kaikki ok
Reitin pituus: 21
(2, 5)
(3, 5)
(4, 5)
(4, 6)
(4, 7)
(4, 8)
(4, 9)
(5, 9)
(6, 9)
(6, 8)
(6, 7)
(7, 7)
(8, 7)
(9, 7)
(10, 7)
(11, 7)
(12, 7)
(12, 8)
(12, 9)
(13, 9)
(14, 9)
(14, 10)
kaikki ok
Reitin pituus: 3
(13, 3)
(14, 3)
(14, 2)
(14, 1)
kaikki ok
Reitin pituus: 7
(8, 2)
(8, 3)
(9, 3)
(10, 3)
(11, 3)
(12, 3)
(13, 3)
(14, 3)
kaikki ok
Reitin pituus: 20
(7, 19)
(8, 19)
(8, 18)
(8, 17)
(7, 17)
(6, 17)
(6, 16)
(6, 15)
(5, 15)
(4, 15)
(4, 14)
(4, 13)
(4, 12)
(4, 11)
(4, 10)
(4, 9)
(4, 8)
(4, 7)
(4, 6)
(4, 5)
(4, 4)
kaikki ok
Reitin pituus: 21
(6, 5)
(7, 5)
(8, 5)
(8, 6)
(8, 7)
(7, 7)
(6, 7)
(6, 8)
(6, 9)
(6, 10)
(6, 11)
(6, 12)
(6, 13)
(7, 13)
(8, 13)
(8, 14)
(8, 15)
(7, 15)
(6, 15)
(6, 16)
(6, 17)
(7, 17)
kaikki ok
Reitin pituus: 19
(11, 13)
(12, 13)
(12, 12)
(12, 11)
(12, 10)
(12, 9)
(12, 8)
(12, 7)
(11, 7)
(10, 7)
(10, 6)
(10, 5)
(11, 5)
(12, 5)
(12, 4)
(12, 3)
(11, 3)
(10, 3)
(10, 2)
(10, 1)
kaikki ok
Reitin pituus: 20
(16, 16)
(16, 17)
(15, 17)
(14, 17)
(14, 16)
(14, 15)
(14, 14)
(14, 13)
(14, 12)
(14, 11)
(14, 10)
(14, 9)
(14, 8)
(14, 7)
(14, 6)
(14, 5)
(14, 4)
(14, 3)
(14, 2)
(14, 1)
(13, 1)
kaikki ok
Reitin pituus: 10
(8, 15)
(9, 15)
(10, 15)
(10, 14)
(10, 13)
(11, 13)
(12, 13)
(12, 12)
(12, 11)
(12, 10)
(12, 9)
kaikki ok
Reitin pituus: 12
(12, 1)
(13, 1)
(14, 1)
(14, 2)
(14, 3)
(14, 4)
(14, 5)
(14, 6)
(14, 7)
(14, 8)
(14, 9)
(13, 9)
(12, 9)
kaikki ok
Reitin pituus: 16
(12, 11)
(11, 11)
(10, 11)
(9, 11)
(8, 11)
(7, 11)
(6, 11)
(6, 10)
(6, 9)
(5, 9)
(4, 9)
(4, 8)
(4, 7)
(4, 6)
(4, 5)
(3, 5)
(2, 5)
kaikki ok
Reitin pituus: 8
(7, 17)
(6, 17)
(6, 16)
(6, 15)
(7, 15)
(8, 15)
(9, 15)
(10, 15)
(10, 14)
kaikki ok
Reitin pituus: 18
(10, 11)
(9, 11)
(8, 11)
(7, 11)
(6, 11)
(6, 10)
(6, 9)
(5, 9)
(4, 9)
(4, 8)
(4, 7)
(4, 6)
(4, 5)
(4, 4)
(4, 3)
(4, 2)
(4, 1)
(5, 1)
(6, 1)
kaikki ok
Reitin pituus: 15
(2, 5)
(3, 5)
(4, 5)
(4, 6)
(4, 7)
(4, 8)
(4, 9)
(4, 10)
(4, 11)
(4, 12)
(4, 13)
(4, 14)
(4, 15)
(4, 16)
(4, 17)
(3, 17)
kaikki ok
Reitin pituus: 11
(3, 17)
(2, 17)
(1, 17)
(1, 18)
(1, 19)
(2, 19)
(3, 19)
(4, 19)
(5, 19)
(6, 19)
(7, 19)
(8, 19)
kaikki ok
Reitin pituus: 23
(10, 18)
(10, 17)
(11, 17)
(12, 17)
(12, 16)
(12, 15)
(13, 15)
(14, 15)
(14, 14)
(14, 13)
(14, 12)
(14, 11)
(14, 10)
(14, 9)
(14, 8)
(14, 7)
(14, 6)
(14, 5)
(14, 4)
(14, 3)
(13, 3)
(12, 3)
(11, 3)
(10, 3)
kaikki ok
Reitin pituus: 15
(5, 19)
(6, 19)
(7, 19)
(8, 19)
(8, 18)
(8, 17)
(7, 17)
(6, 17)
(6, 16)
(6, 15)
(5, 15)
(4, 15)
(4, 14)
(4, 13)
(5, 13)
(6, 13)
kaikki ok
Reitin pituus: 10
(5, 19)
(6, 19)
(7, 19)
(8, 19)
(9, 19)
(10, 19)
(11, 19)
(12, 19)
(13, 19)
(14, 19)
(15, 19)
kaikki ok
Reitin pituus: 16
(9, 9)
(9, 8)
(9, 7)
(10, 7)
(11, 7)
(12, 7)
(12, 8)
(12, 9)
(13, 9)
(14, 9)
(14, 10)
(14, 11)
(14, 12)
(14, 13)
(14, 14)
(14, 15)
(14, 16)
kaikki ok
Reitin pituus: 19
(13, 9)
(12, 9)
(12, 8)
(12, 7)
(11, 7)
(10, 7)
(9, 7)
(8, 7)
(8, 6)
(8, 5)
(7, 5)
(6, 5)
(6, 4)
(6, 3)
(5, 3)
(4, 3)
(3, 3)
(2, 3)
(1, 3)
(1, 4)
kaikki ok
Reitin pituus: 16
(12, 10)
(12, 11)
(12, 12)
(12, 13)
(11, 13)
(10, 13)
(10, 14)
(10, 15)
(9, 15)
(8, 15)
(7, 15)
(6, 15)
(6, 16)
(6, 17)
(7, 17)
(8, 17)
(8, 18)
kaikki ok
Reitin pituus: 2
(7, 3)
(8, 3)
(9, 3)
kaikki ok
Reitin pituus: 11
(14, 10)
(14, 9)
(13, 9)
(12, 9)
(12, 8)
(12, 7)
(11, 7)
(10, 7)
(9, 7)
(8, 7)
(8, 6)
(8, 5)
kaikki ok
Reitin pituus: 14
(8, 15)
(9, 15)
(10, 15)
(11, 15)
(12, 15)
(12, 16)
(12, 17)
(11, 17)
(10, 17)
(10, 18)
(10, 19)
(11, 19)
(12, 19)
(13, 19)
(14, 19)
kaikki ok
Reitin pituus: 15
(1, 2)
(1, 3)
(2, 3)
(3, 3)
(4, 3)
(5, 3)
(6, 3)
(7, 3)
(8, 3)
(9, 3)
(10, 3)
(11, 3)
(12, 3)
(13, 3)
(14, 3)
(14, 2)
kaikki ok
Reitin pituus: 20
(6, 3)
(6, 4)
(6, 5)
(7, 5)
(8, 5)
(8, 6)
(8, 7)
(9, 7)
(10, 7)
(11, 7)
(12, 7)
(12, 8)
(12, 9)
(13, 9)
(14, 9)
(14, 10)
(14, 11)
(14, 12)
(14, 13)
(15, 13)
(16, 13)
kaikki ok
Reitin pituus: 23
(11, 3)
(12, 3)
(13, 3)
(14, 3)
(14, 4)
(14, 5)
(14, 6)
(14, 7)
(14, 8)
(14, 9)
(14, 10)
(14, 11)
(14, 12)
(14, 13)
(14, 14)
(14, 15)
(13, 15)
(12, 15)
(12, 16)
(12, 17)
(11, 17)
(10, 17)
(10, 18)
(10, 19)
kaikki ok
Reitin pituus: 7
(10, 7)
(9, 7)
(8, 7)
(7, 7)
(6, 7)
(6, 8)
(6, 9)
(6, 10)
kaikki ok
Reitin pituus: 28
(7, 19)
(8, 19)
(9, 19)
(10, 19)
(10, 18)
(10, 17)
(11, 17)
(12, 17)
(12, 16)
(12, 15)
(13, 15)
(14, 15)
(14, 14)
(14, 13)
(14, 12)
(14, 11)
(14, 10)
(14, 9)
(14, 8)
(14, 7)
(14, 6)
(14, 5)
(14, 4)
(14, 3)
(13, 3)
(12, 3)
(11, 3)
(10, 3)
(10, 2)
kaikki ok
Reitin pituus: 14
(8, 14)
(8, 13)
(7, 13)
(6, 13)
(5, 13)
(4, 13)
(4, 12)
(4, 11)
(4, 10)
(4, 9)
(4, 8)
(4, 7)
(4, 6)
(4, 5)
(4, 4)
kaikki ok
Reitin pituus: 21
(14, 4)
(14, 5)
(14, 6)
(14, 7)
(14, 8)
(14, 9)
(14, 10)
(14, 11)
(14, 12)
(14, 13)
(14, 14)
(14, 15)
(14, 16)
(14, 17)
(15, 17)
(16, 17)
(17, 17)
(17, 18)
(17, 19)
(16, 19)
(15, 19)
(14, 19)
kaikki ok
Reitin pituus: 11
(13, 3)
(12, 3)
(11, 3)
(10, 3)
(9, 3)
(8, 3)
(7, 3)
(6, 3)
(6, 4)
(6, 5)
(7, 5)
(8, 5)
kaikki ok
Reitin pituus: 17
(12, 15)
(13, 15)
(14, 15)
(14, 14)
(14, 13)
(14, 12)
(14, 11)
(14, 10)
(14, 9)
(14, 8)
(14, 7)
(14, 6)
(14, 5)
(14, 4)
(14, 3)
(14, 2)
(14, 1)
(13, 1)
kaikki ok
Reitin pituus: 13
(10, 5)
(10, 6)
(10, 7)
(11, 7)
(12, 7)
(12, 8)
(12, 9)
(13, 9)
(14, 9)
(14, 10)
(14, 11)
(14, 12)
(14, 13)
(14, 14)
kaikki ok
Reitin pituus: 5
(14, 4)
(14, 3)
(13, 3)
(12, 3)
(12, 4)
(12, 5)
kaikki ok
Reitin pituus: 21
(5, 3)
(4, 3)
(4, 4)
(4, 5)
(4, 6)
(4, 7)
(4, 8)
(4, 9)
(4, 10)
(4, 11)
(4, 12)
(4, 13)
(4, 14)
(4, 15)
(5, 15)
(6, 15)
(7, 15)
(8, 15)
(9, 15)
(10, 15)
(11, 15)
(12, 15)
kaikki ok
Reitin pituus: 7
(5, 15)
(6, 15)
(7, 15)
(8, 15)
(9, 15)
(10, 15)
(10, 14)
(10, 13)
kaikki ok
Reitin pituus: 25
(17, 1)
(17, 2)
(17, 3)
(17, 4)
(17, 5)
(16, 5)
(15, 5)
(14, 5)
(14, 6)
(14, 7)
(14, 8)
(14, 9)
(14, 10)
(14, 11)
(14, 12)
(14, 13)
(14, 14)
(14, 15)
(14, 16)
(14, 17)
(15, 17)
(16, 17)
(17, 17)
(17, 18)
(17, 19)
(16, 19)
kaikki ok
Reitin pituus: 12
(14, 12)
(14, 13)
(14, 14)
(14, 15)
(13, 15)
(12, 15)
(12, 16)
(12, 17)
(11, 17)
(10, 17)
(10, 18)
(10, 19)
(9, 19)
kaikki ok
Reitin pituus: 7
(9, 9)
(9, 8)
(9, 7)
(8, 7)
(8, 6)
(8, 5)
(7, 5)
(6, 5)
kaikki ok
Reitin pituus: 16
(5, 19)
(6, 19)
(7, 19)
(8, 19)
(9, 19)
(10, 19)
(11, 19)
(12, 19)
(13, 19)
(14, 19)
(15, 19)
(16, 19)
(17, 19)
(17, 18)
(17, 17)
(16, 17)
(16, 16)
kaikki ok
Reitin pituus: 15
(12, 8)
(12, 9)
(12, 10)
(12, 11)
(12, 12)
(12, 13)
(11, 13)
(10, 13)
(10, 14)
(10, 15)
(11, 15)
(12, 15)
(12, 16)
(12, 17)
(11, 17)
(10, 17)
kaikki ok
Reitin pituus: 11
(4, 14)
(4, 15)
(5, 15)
(6, 15)
(7, 15)
(8, 15)
(9, 15)
(10, 15)
(11, 15)
(12, 15)
(13, 15)
(14, 15)
kaikki ok
Reitin pituus: 6
(4, 10)
(4, 9)
(5, 9)
(6, 9)
(6, 8)
(6, 7)
(7, 7)
kaikki ok
Reitin pituus: 10
(17, 13)
(16, 13)
(15, 13)
(14, 13)
(14, 14)
(14, 15)
(13, 15)
(12, 15)
(12, 16)
(12, 17)
(11, 17)
kaikki ok
Reitin pituus: 16
(7, 11)
(6, 11)
(6, 10)
(6, 9)
(6, 8)
(6, 7)
(7, 7)
(8, 7)
(9, 7)
(10, 7)
(10, 6)
(10, 5)
(11, 5)
(12, 5)
(12, 4)
(12, 3)
(11, 3)
kaikki ok
Reitin pituus: 8
(7, 1)
(6, 1)
(5, 1)
(4, 1)
(4, 2)
(4, 3)
(4, 4)
(4, 5)
(4, 6)
kaikki ok
Reitin pituus: 9
(4, 10)
(4, 11)
(4, 12)
(4, 13)
(4, 14)
(4, 15)
(5, 15)
(6, 15)
(6, 16)
(6, 17)
kaikki ok
Reitin pituus: 11
(11, 11)
(10, 11)
(9, 11)
(8, 11)
(7, 11)
(6, 11)
(6, 12)
(6, 13)
(5, 13)
(4, 13)
(4, 12)
(4, 11)
kaikki ok
Reitin pituus: 15
(14, 16)
(14, 15)
(14, 14)
(14, 13)
(14, 12)
(14, 11)
(14, 10)
(14, 9)
(14, 8)
(14, 7)
(14, 6)
(14, 5)
(14, 4)
(14, 3)
(15, 3)
(16, 3)
kaikki ok
Reitin pituus: 15
(4, 5)
(4, 4)
(4, 3)
(5, 3)
(6, 3)
(7, 3)
(8, 3)
(9, 3)
(10, 3)
(11, 3)
(12, 3)
(13, 3)
(14, 3)
(14, 4)
(14, 5)
(14, 6)
kaikki ok
Reitin pituus: 15
(12, 8)
(12, 9)
(12, 10)
(12, 11)
(12, 12)
(12, 13)
(13, 13)
(14, 13)
(14, 14)
(14, 15)
(14, 16)
(14, 17)
(15, 17)
(16, 17)
(17, 17)
(17, 18)
kaikki ok
Reitin pituus: 5
(12, 16)
(12, 15)
(11, 15)
(10, 15)
(10, 14)
(10, 13)
kaikki ok
Reitin pituus: 4
(17, 19)
(17, 18)
(17, 17)
(16, 17)
(16, 16)
kaikki ok
Reitin pituus: 10
(2, 3)
(3, 3)
(4, 3)
(5, 3)
(6, 3)
(6, 4)
(6, 5)
(7, 5)
(8, 5)
(8, 6)
(8, 7)
kaikki ok
Reitin pituus: 26
(13, 19)
(12, 19)
(11, 19)
(10, 19)
(9, 19)
(8, 19)
(8, 18)
(8, 17)
(7, 17)
(6, 17)
(6, 16)
(6, 15)
(5, 15)
(4, 15)
(4, 14)
(4, 13)
(4, 12)
(4, 11)
(4, 10)
(4, 9)
(4, 8)
(4, 7)
(4, 6)
(4, 5)
(3, 5)
(2, 5)
(1, 5)
kaikki ok
Reitin pituus: 10
(10, 14)
(10, 15)
(9, 15)
(8, 15)
(7, 15)
(6, 15)
(5, 15)
(4, 15)
(4, 16)
(4, 17)
(3, 17)
kaikki ok
Reitin pituus: 20
(1, 13)
(2, 13)
(3, 13)
(4, 13)
(4, 14)
(4, 15)
(5, 15)
(6, 15)
(6, 16)
(6, 17)
(7, 17)
(8, 17)
(8, 18)
(8, 19)
(9, 19)
(10, 19)
(11, 19)
(12, 19)
(13, 19)
(14, 19)
(15, 19)
kaikki ok
Reitin pituus: 9
(10, 1)
(10, 2)
(10, 3)
(9, 3)
(8, 3)
(7, 3)
(6, 3)
(5, 3)
(4, 3)
(4, 2)
kaikki ok
Reitin pituus: 11
(12, 8)
(12, 9)
(13, 9)
(14, 9)
(14, 8)
(14, 7)
(14, 6)
(14, 5)
(15, 5)
(16, 5)
(17, 5)
(17, 4)
kaikki ok
Reitin pituus: 25
(8, 5)
(8, 6)
(8, 7)
(7, 7)
(6, 7)
(6, 8)
(6, 9)
(6, 10)
(6, 11)
(6, 12)
(6, 13)
(5, 13)
(4, 13)
(4, 14)
(4, 15)
(5, 15)
(6, 15)
(6, 16)
(6, 17)
(7, 17)
(8, 17)
(8, 18)
(8, 19)
(9, 19)
(10, 19)
(11, 19)
kaikki ok
Reitin pituus: 20
(16, 17)
(15, 17)
(14, 17)
(14, 16)
(14, 15)
(14, 14)
(14, 13)
(14, 12)
(14, 11)
(14, 10)
(14, 9)
(14, 8)
(14, 7)
(14, 6)
(14, 5)
(14, 4)
(14, 3)
(13, 3)
(12, 3)
(12, 4)
(12, 5)
kaikki ok
Reitin pituus: 6
(6, 11)
(6, 12)
(6, 13)
(5, 13)
(4, 13)
(3, 13)
(2, 13)
kaikki ok
Reitin pituus: 22
(1, 14)
(1, 13)
(2, 13)
(3, 13)
(4, 13)
(5, 13)
(6, 13)
(6, 12)
(6, 11)
(7, 11)
(8, 11)
(9, 11)
(10, 11)
(11, 11)
(12, 11)
(12, 12)
(12, 13)
(13, 13)
(14, 13)
(15, 13)
(16, 13)
(17, 13)
(17, 14)
kaikki ok
Reitin pituus: 6
(10, 14)
(10, 15)
(11, 15)
(12, 15)
(13, 15)
(14, 15)
(14, 16)
kaikki ok
Reitin pituus: 4
(17, 18)
(17, 17)
(16, 17)
(16, 16)
(16, 15)
kaikki ok
Reitin pituus: 22
(17, 15)
(17, 14)
(17, 13)
(16, 13)
(15, 13)
(14, 13)
(14, 12)
(14, 11)
(14, 10)
(14, 9)
(14, 8)
(14, 7)
(14, 6)
(14, 5)
(14, 4)
(14, 3)
(13, 3)
(12, 3)
(11, 3)
(10, 3)
(9, 3)
(8, 3)
(8, 2)
kaikki ok
Reitin pituus: 15
(8, 14)
(8, 13)
(7, 13)
(6, 13)
(6, 12)
(6, 11)
(6, 10)
(6, 9)
(6, 8)
(6, 7)
(7, 7)
(8, 7)
(8, 6)
(8, 5)
(7, 5)
(6, 5)
kaikki ok
Reitin pituus: 9
(11, 11)
(10, 11)
(9, 11)
(8, 11)
(7, 11)
(6, 11)
(6, 10)
(6, 9)
(6, 8)
(6, 7)
kaikki ok
Reitin pituus: 15
(11, 3)
(10, 3)
(9, 3)
(8, 3)
(7, 3)
(6, 3)
(5, 3)
(4, 3)
(4, 4)
(4, 5)
(4, 6)
(4, 7)
(4, 8)
(4, 9)
(4, 10)
(4, 11)
kaikki ok
Reitin pituus: 16
(16, 15)
(17, 15)
(17, 14)
(17, 13)
(16, 13)
(15, 13)
(14, 13)
(13, 13)
(12, 13)
(12, 12)
(12, 11)
(12, 10)
(12, 9)
(12, 8)
(12, 7)
(11, 7)
(10, 7)
kaikki ok
Reitin pituus: 16
(16, 16)
(16, 17)
(15, 17)
(14, 17)
(14, 16)
(14, 15)
(13, 15)
(12, 15)
(11, 15)
(10, 15)
(9, 15)
(8, 15)
(7, 15)
(6, 15)
(5, 15)
(4, 15)
(4, 16)
kaikki ok
Reitin pituus: 11
(12, 13)
(12, 12)
(12, 11)
(11, 11)
(10, 11)
(9, 11)
(8, 11)
(7, 11)
(6, 11)
(6, 10)
(6, 9)
(5, 9)
kaikki ok
Reitin pituus: 2
(5, 13)
(6, 13)
(7, 13)
kaikki ok
Reitin pituus: 11
(12, 13)
(12, 12)
(12, 11)
(12, 10)
(12, 9)
(12, 8)
(12, 7)
(11, 7)
(10, 7)
(9, 7)
(9, 8)
(9, 9)
kaikki ok
Reitin pituus: 15
(10, 14)
(10, 15)
(9, 15)
(8, 15)
(7, 15)
(6, 15)
(5, 15)
(4, 15)
(4, 14)
(4, 13)
(4, 12)
(4, 11)
(4, 10)
(4, 9)
(4, 8)
(4, 7)
kaikki ok
Reitin pituus: 15
(10, 15)
(9, 15)
(8, 15)
(8, 14)
(8, 13)
(7, 13)
(6, 13)
(6, 12)
(6, 11)
(6, 10)
(6, 9)
(5, 9)
(4, 9)
(4, 8)
(4, 7)
(4, 6)
kaikki ok
Reitin pituus: 11
(4, 15)
(4, 14)
(4, 13)
(4, 12)
(4, 11)
(4, 10)
(4, 9)
(4, 8)
(4, 7)
(4, 6)
(4, 5)
(4, 4)
kaikki ok
Reitin pituus: 7
(6, 5)
(6, 4)
(6, 3)
(5, 3)
(4, 3)
(3, 3)
(2, 3)
(1, 3)
kaikki ok
Reitin pituus: 17
(13, 1)
(14, 1)
(14, 2)
(14, 3)
(14, 4)
(14, 5)
(14, 6)
(14, 7)
(14, 8)
(14, 9)
(14, 10)
(14, 11)
(14, 12)
(14, 13)
(15, 13)
(16, 13)
(17, 13)
(17, 14)
kaikki ok
Reitin pituus: 3
(1, 5)
(1, 4)
(1, 3)
(1, 2)
kaikki ok
Reitin pituus: 3
(10, 3)
(10, 2)
(10, 1)
(11, 1)
kaikki ok
Reitin pituus: 9
(10, 5)
(11, 5)
(12, 5)
(12, 4)
(12, 3)
(13, 3)
(14, 3)
(14, 2)
(14, 1)
(15, 1)
kaikki ok
Reitin pituus: 11
(4, 16)
(4, 15)
(4, 14)
(4, 13)
(4, 12)
(4, 11)
(4, 10)
(4, 9)
(4, 8)
(4, 7)
(4, 6)
(4, 5)
kaikki ok
Reitin pituus: 12
(5, 3)
(6, 3)
(7, 3)
(8, 3)
(9, 3)
(10, 3)
(11, 3)
(12, 3)
(13, 3)
(14, 3)
(15, 3)
(16, 3)
(17, 3)
kaikki ok
Reitin pituus: 15
(5, 9)
(6, 9)
(6, 10)
(6, 11)
(6, 12)
(6, 13)
(7, 13)
(8, 13)
(8, 14)
(8, 15)
(9, 15)
(10, 15)
(11, 15)
(12, 15)
(12, 16)
(12, 17)
kaikki ok
Reitin pituus: 2
(10, 18)
(10, 17)
(11, 17)
kaikki ok
Reitin pituus: 16
(7, 11)
(6, 11)
(6, 10)
(6, 9)
(6, 8)
(6, 7)
(7, 7)
(8, 7)
(9, 7)
(10, 7)
(10, 6)
(10, 5)
(11, 5)
(12, 5)
(12, 4)
(12, 3)
(11, 3)
kaikki ok
Reitin pituus: 16
(15, 19)
(16, 19)
(17, 19)
(17, 18)
(17, 17)
(16, 17)
(15, 17)
(14, 17)
(14, 16)
(14, 15)
(14, 14)
(14, 13)
(13, 13)
(12, 13)
(12, 12)
(12, 11)
(11, 11)
kaikki ok
Reitin pituus: 2
(2, 5)
(3, 5)
(4, 5)
kaikki ok
Reitin pituus: 14
(8, 5)
(8, 6)
(8, 7)
(9, 7)
(10, 7)
(11, 7)
(12, 7)
(12, 8)
(12, 9)
(12, 10)
(12, 11)
(12, 12)
(12, 13)
(13, 13)
(14, 13)
kaikki ok
Reitin pituus: 11
(6, 7)
(6, 8)
(6, 9)
(6, 10)
(6, 11)
(6, 12)
(6, 13)
(7, 13)
(8, 13)
(8, 14)
(8, 15)
(9, 15)
kaikki ok
Reitin pituus: 13
(14, 3)
(14, 4)
(14, 5)
(14, 6)
(14, 7)
(14, 8)
(14, 9)
(14, 10)
(14, 11)
(14, 12)
(14, 13)
(14, 14)
(14, 15)
(13, 15)
kaikki ok
Reitin pituus: 12
(12, 8)
(12, 9)
(12, 10)
(12, 11)
(11, 11)
(10, 11)
(9, 11)
(8, 11)
(7, 11)
(6, 11)
(6, 12)
(6, 13)
(7, 13)
kaikki ok
Reitin pituus: 3
(5, 15)
(6, 15)
(7, 15)
(8, 15)
kaikki ok
Reitin pituus: 5
(6, 5)
(6, 4)
(6, 3)
(5, 3)
(4, 3)
(4, 4)
kaikki ok
Reitin pituus: 25
(4, 7)
(4, 8)
(4, 9)
(4, 10)
(4, 11)
(4, 12)
(4, 13)
(4, 14)
(4, 15)
(5, 15)
(6, 15)
(6, 16)
(6, 17)
(7, 17)
(8, 17)
(8, 18)
(8, 19)
(9, 19)
(10, 19)
(11, 19)
(12, 19)
(13, 19)
(14, 19)
(15, 19)
(16, 19)
(17, 19)
kaikki ok
Reitin pituus: 20
(5, 3)
(4, 3)
(4, 4)
(4, 5)
(4, 6)
(4, 7)
(4, 8)
(4, 9)
(4, 10)
(4, 11)
(4, 12)
(4, 13)
(4, 14)
(4, 15)
(5, 15)
(6, 15)
(7, 15)
(8, 15)
(9, 15)
(10, 15)
(10, 14)
kaikki ok
Reitin pituus: 15
(14, 2)
(14, 3)
(14, 4)
(14, 5)
(14, 6)
(14, 7)
(14, 8)
(14, 9)
(13, 9)
(12, 9)
(12, 10)
(12, 11)
(12, 12)
(12, 13)
(11, 13)
(10, 13)
kaikki ok
Reitin pituus: 10
(2, 15)
(1, 15)
(1, 14)
(1, 13)
(2, 13)
(3, 13)
(4, 13)
(5, 13)
(6, 13)
(7, 13)
(8, 13)
kaikki ok
Reitin pituus: 15
(6, 19)
(7, 19)
(8, 19)
(9, 19)
(10, 19)
(11, 19)
(12, 19)
(13, 19)
(14, 19)
(15, 19)
(16, 19)
(17, 19)
(17, 18)
(17, 17)
(16, 17)
(16, 16)
kaikki ok
Reitin pituus: 14
(17, 2)
(17, 3)
(16, 3)
(15, 3)
(14, 3)
(13, 3)
(12, 3)
(12, 4)
(12, 5)
(11, 5)
(10, 5)
(10, 6)
(10, 7)
(11, 7)
(12, 7)
kaikki ok
Reitin pituus: 5
(4, 13)
(4, 14)
(4, 15)
(5, 15)
(6, 15)
(6, 16)
kaikki ok
Reitin pituus: 15
(10, 15)
(10, 14)
(10, 13)
(11, 13)
(12, 13)
(12, 12)
(12, 11)
(12, 10)
(12, 9)
(13, 9)
(14, 9)
(14, 8)
(14, 7)
(14, 6)
(14, 5)
(14, 4)
kaikki ok
Reitin pituus: 3
(8, 19)
(7, 19)
(6, 19)
(5, 19)
kaikki ok
Reitin pituus: 17
(4, 8)
(4, 9)
(4, 10)
(4, 11)
(4, 12)
(4, 13)
(4, 14)
(4, 15)
(5, 15)
(6, 15)
(6, 16)
(6, 17)
(7, 17)
(8, 17)
(8, 18)
(8, 19)
(7, 19)
(6, 19)
kaikki ok
Reitin pituus: 15
(12, 10)
(12, 11)
(12, 12)
(12, 13)
(11, 13)
(10, 13)
(10, 14)
(10, 15)
(9, 15)
(8, 15)
(7, 15)
(6, 15)
(5, 15)
(4, 15)
(4, 16)
(4, 17)
kaikki ok
Reitin pituus: 2
(10, 3)
(11, 3)
(12, 3)
kaikki ok
Reitin pituus: 4
(7, 7)
(8, 7)
(8, 6)
(8, 5)
(7, 5)
kaikki ok
Reitin pituus: 7
(8, 15)
(7, 15)
(6, 15)
(5, 15)
(4, 15)
(4, 14)
(4, 13)
(4, 12)
kaikki ok
Reitin pituus: 17
(6, 11)
(7, 11)
(8, 11)
(9, 11)
(10, 11)
(11, 11)
(12, 11)
(12, 10)
(12, 9)
(13, 9)
(14, 9)
(14, 8)
(14, 7)
(14, 6)
(14, 5)
(14, 4)
(14, 3)
(15, 3)
kaikki ok
Reitin pituus: 15
(10, 1)
(10, 2)
(10, 3)
(9, 3)
(8, 3)
(7, 3)
(6, 3)
(5, 3)
(4, 3)
(4, 4)
(4, 5)
(4, 6)
(4, 7)
(4, 8)
(4, 9)
(5, 9)
kaikki ok
Reitin pituus: 22
(16, 15)
(16, 16)
(16, 17)
(15, 17)
(14, 17)
(14, 16)
(14, 15)
(13, 15)
(12, 15)
(11, 15)
(10, 15)
(9, 15)
(8, 15)
(8, 14)
(8, 13)
(7, 13)
(6, 13)
(5, 13)
(4, 13)
(3, 13)
(2, 13)
(1, 13)
(1, 14)
kaikki ok
Reitin pituus: 19
(16, 16)
(16, 17)
(15, 17)
(14, 17)
(14, 16)
(14, 15)
(14, 14)
(14, 13)
(13, 13)
(12, 13)
(12, 12)
(12, 11)
(11, 11)
(10, 11)
(9, 11)
(8, 11)
(7, 11)
(6, 11)
(6, 10)
(6, 9)
kaikki ok
Reitin pituus: 13
(1, 3)
(2, 3)
(3, 3)
(4, 3)
(5, 3)
(6, 3)
(6, 4)
(6, 5)
(7, 5)
(8, 5)
(8, 6)
(8, 7)
(9, 7)
(9, 8)
kaikki ok
Reitin pituus: 22
(14, 14)
(14, 13)
(13, 13)
(12, 13)
(12, 12)
(12, 11)
(11, 11)
(10, 11)
(9, 11)
(8, 11)
(7, 11)
(6, 11)
(6, 10)
(6, 9)
(5, 9)
(4, 9)
(4, 8)
(4, 7)
(4, 6)
(4, 5)
(4, 4)
(4, 3)
(3, 3)
kaikki ok
Reitin pituus: 20
(10, 17)
(11, 17)
(12, 17)
(12, 16)
(12, 15)
(13, 15)
(14, 15)
(14, 14)
(14, 13)
(14, 12)
(14, 11)
(14, 10)
(14, 9)
(14, 8)
(14, 7)
(14, 6)
(14, 5)
(15, 5)
(16, 5)
(17, 5)
(17, 4)
kaikki ok
Reitin pituus: 25
(11, 19)
(10, 19)
(9, 19)
(8, 19)
(8, 18)
(8, 17)
(7, 17)
(6, 17)
(6, 16)
(6, 15)
(5, 15)
(4, 15)
(4, 14)
(4, 13)
(4, 12)
(4, 11)
(4, 10)
(4, 9)
(4, 8)
(4, 7)
(4, 6)
(4, 5)
(3, 5)
(2, 5)
(1, 5)
(1, 4)
kaikki ok
Reitin pituus: 16
(9, 7)
(10, 7)
(11, 7)
(12, 7)
(12, 8)
(12, 9)
(13, 9)
(14, 9)
(14, 10)
(14, 11)
(14, 12)
(14, 13)
(15, 13)
(16, 13)
(17, 13)
(17, 14)
(17, 15)
kaikki ok
Reitin pituus: 12
(10, 14)
(10, 15)
(11, 15)
(12, 15)
(12, 16)
(12, 17)
(11, 17)
(10, 17)
(10, 18)
(10, 19)
(9, 19)
(8, 19)
(7, 19)
kaikki ok
Reitin pituus: 10
(6, 5)
(6, 4)
(6, 3)
(7, 3)
(8, 3)
(9, 3)
(10, 3)
(10, 2)
(10, 1)
(11, 1)
(12, 1)
kaikki ok
Reitin pituus: 11
(7, 11)
(6, 11)
(6, 10)
(6, 9)
(5, 9)
(4, 9)
(4, 8)
(4, 7)
(4, 6)
(4, 5)
(4, 4)
(4, 3)
kaikki ok
Reitin pituus: 27
(5, 1)
(4, 1)
(4, 2)
(4, 3)
(4, 4)
(4, 5)
(4, 6)
(4, 7)
(4, 8)
(4, 9)
(5, 9)
(6, 9)
(6, 10)
(6, 11)
(6, 12)
(6, 13)
(7, 13)
(8, 13)
(8, 14)
(8, 15)
(9, 15)
(10, 15)
(11, 15)
(12, 15)
(12, 16)
(12, 17)
(11, 17)
(10, 17)
kaikki ok
Reitin pituus: 1
(12, 17)
(11, 17)
kaikki ok
Reitin pituus: 11
(2, 1)
(3, 1)
(4, 1)
(4, 2)
(4, 3)
(4, 4)
(4, 5)
(4, 6)
(4, 7)
(4, 8)
(4, 9)
(5, 9)
kaikki ok
Reitin pituus: 13
(11, 1)
(10, 1)
(10, 2)
(10, 3)
(11, 3)
(12, 3)
(12, 4)
(12, 5)
(11, 5)
(10, 5)
(10, 6)
(10, 7)
(9, 7)
(9, 8)
kaikki ok
Reitin pituus: 18
(1, 2)
(1, 3)
(1, 4)
(1, 5)
(2, 5)
(3, 5)
(4, 5)
(4, 6)
(4, 7)
(4, 8)
(4, 9)
(4, 10)
(4, 11)
(4, 12)
(4, 13)
(4, 14)
(4, 15)
(5, 15)
(6, 15)
kaikki ok
Reitin pituus: 17
(6, 16)
(6, 15)
(5, 15)
(4, 15)
(4, 14)
(4, 13)
(4, 12)
(4, 11)
(4, 10)
(4, 9)
(4, 8)
(4, 7)
(4, 6)
(4, 5)
(4, 4)
(4, 3)
(5, 3)
(6, 3)
kaikki ok
Reitin pituus: 20
(8, 3)
(7, 3)
(6, 3)
(6, 4)
(6, 5)
(7, 5)
(8, 5)
(8, 6)
(8, 7)
(7, 7)
(6, 7)
(6, 8)
(6, 9)
(6, 10)
(6, 11)
(6, 12)
(6, 13)
(7, 13)
(8, 13)
(8, 14)
(8, 15)
kaikki ok
Reitin pituus: 10
(13, 9)
(12, 9)
(12, 8)
(12, 7)
(11, 7)
(10, 7)
(9, 7)
(8, 7)
(7, 7)
(6, 7)
(6, 8)
kaikki ok
Reitin pituus: 13
(4, 15)
(4, 14)
(4, 13)
(5, 13)
(6, 13)
(6, 12)
(6, 11)
(7, 11)
(8, 11)
(9, 11)
(10, 11)
(11, 11)
(12, 11)
(12, 10)
kaikki ok
Reitin pituus: 31
(15, 1)
(14, 1)
(14, 2)
(14, 3)
(14, 4)
(14, 5)
(14, 6)
(14, 7)
(14, 8)
(14, 9)
(14, 10)
(14, 11)
(14, 12)
(14, 13)
(14, 14)
(14, 15)
(13, 15)
(12, 15)
(12, 16)
(12, 17)
(11, 17)
(10, 17)
(10, 18)
(10, 19)
(9, 19)
(8, 19)
(7, 19)
(6, 19)
(5, 19)
(4, 19)
(3, 19)
(2, 19)
kaikki ok
Reitin pituus: 10
(12, 8)
(12, 7)
(11, 7)
(10, 7)
(10, 6)
(10, 5)
(11, 5)
(12, 5)
(12, 4)
(12, 3)
(11, 3)
kaikki ok
Reitin pituus: 14
(15, 3)
(14, 3)
(13, 3)
(12, 3)
(12, 4)
(12, 5)
(11, 5)
(10, 5)
(10, 6)
(10, 7)
(9, 7)
(8, 7)
(7, 7)
(6, 7)
(6, 8)
kaikki ok
Reitin pituus: 19
(8, 1)
(7, 1)
(6, 1)
(5, 1)
(4, 1)
(4, 2)
(4, 3)
(4, 4)
(4, 5)
(4, 6)
(4, 7)
(4, 8)
(4, 9)
(4, 10)
(4, 11)
(4, 12)
(4, 13)
(4, 14)
(4, 15)
(4, 16)
kaikki ok
Reitin pituus: 22
(6, 15)
(7, 15)
(8, 15)
(9, 15)
(10, 15)
(10, 14)
(10, 13)
(11, 13)
(12, 13)
(12, 12)
(12, 11)
(12, 10)
(12, 9)
(13, 9)
(14, 9)
(14, 8)
(14, 7)
(14, 6)
(14, 5)
(15, 5)
(16, 5)
(17, 5)
(17, 4)
kaikki ok
Reitin pituus: 25
(3, 19)
(2, 19)
(1, 19)
(1, 18)
(1, 17)
(2, 17)
(3, 17)
(4, 17)
(4, 16)
(4, 15)
(4, 14)
(4, 13)
(4, 12)
(4, 11)
(4, 10)
(4, 9)
(5, 9)
(6, 9)
(6, 8)
(6, 7)
(7, 7)
(8, 7)
(9, 7)
(10, 7)
(10, 6)
(10, 5)
kaikki ok
Reitin pituus: 7
(4, 14)
(4, 15)
(5, 15)
(6, 15)
(6, 16)
(6, 17)
(7, 17)
(8, 17)
kaikki ok
Reitin pituus: 8
(14, 6)
(14, 5)
(14, 4)
(14, 3)
(15, 3)
(16, 3)
(17, 3)
(17, 2)
(17, 1)
kaikki ok
Reitin pituus: 10
(11, 11)
(10, 11)
(9, 11)
(8, 11)
(7, 11)
(6, 11)
(6, 12)
(6, 13)
(5, 13)
(4, 13)
(4, 14)
kaikki ok
Reitin pituus: 18
(6, 3)
(5, 3)
(4, 3)
(4, 4)
(4, 5)
(4, 6)
(4, 7)
(4, 8)
(4, 9)
(4, 10)
(4, 11)
(4, 12)
(4, 13)
(3, 13)
(2, 13)
(1, 13)
(1, 14)
(1, 15)
(2, 15)
kaikki ok
Reitin pituus: 23
(16, 19)
(17, 19)
(17, 18)
(17, 17)
(16, 17)
(15, 17)
(14, 17)
(14, 16)
(14, 15)
(14, 14)
(14, 13)
(13, 13)
(12, 13)
(12, 12)
(12, 11)
(12, 10)
(12, 9)
(12, 8)
(12, 7)
(11, 7)
(10, 7)
(10, 6)
(10, 5)
(11, 5)
kaikki ok
Reitin pituus: 14
(4, 10)
(4, 11)
(4, 12)
(4, 13)
(5, 13)
(6, 13)
(7, 13)
(8, 13)
(8, 14)
(8, 15)
(9, 15)
(10, 15)
(11, 15)
(12, 15)
(12, 16)
kaikki ok
Reitin pituus: 12
(3, 5)
(4, 5)
(4, 6)
(4, 7)
(4, 8)
(4, 9)
(5, 9)
(6, 9)
(6, 10)
(6, 11)
(6, 12)
(6, 13)
(7, 13)
kaikki ok
Reitin pituus: 8
(15, 17)
(14, 17)
(14, 16)
(14, 15)
(14, 14)
(14, 13)
(14, 12)
(14, 11)
(14, 10)
kaikki ok
Reitin pituus: 22
(8, 17)
(7, 17)
(6, 17)
(6, 16)
(6, 15)
(5, 15)
(4, 15)
(4, 14)
(4, 13)
(4, 12)
(4, 11)
(4, 10)
(4, 9)
(4, 8)
(4, 7)
(4, 6)
(4, 5)
(4, 4)
(4, 3)
(4, 2)
(4, 1)
(3, 1)
(2, 1)
kaikki ok
Reitin pituus: 26
(11, 19)
(10, 19)
(10, 18)
(10, 17)
(11, 17)
(12, 17)
(12, 16)
(12, 15)
(13, 15)
(14, 15)
(14, 14)
(14, 13)
(14, 12)
(14, 11)
(14, 10)
(14, 9)
(14, 8)
(14, 7)
(14, 6)
(14, 5)
(14, 4)
(14, 3)
(13, 3)
(12, 3)
(11, 3)
(10, 3)
(9, 3)
kaikki ok
Reitin pituus: 2
(12, 1)
(11, 1)
(10, 1)
kaikki ok
Reitin pituus: 20
(10, 6)
(10, 7)
(9, 7)
(8, 7)
(7, 7)
(6, 7)
(6, 8)
(6, 9)
(5, 9)
(4, 9)
(4, 10)
(4, 11)
(4, 12)
(4, 13)
(4, 14)
(4, 15)
(4, 16)
(4, 17)
(3, 17)
(2, 17)
(1, 17)
kaikki ok
Reitin pituus: 18
(17, 17)
(16, 17)
(15, 17)
(14, 17)
(14, 16)
(14, 15)
(13, 15)
(12, 15)
(11, 15)
(10, 15)
(9, 15)
(8, 15)
(7, 15)
(6, 15)
(5, 15)
(4, 15)
(4, 14)
(4, 13)
(4, 12)
kaikki ok
Reitin pituus: 3
(2, 15)
(2, 16)
(2, 17)
(3, 17)
kaikki ok
Reitin pituus: 13
(10, 19)
(9, 19)
(8, 19)
(8, 18)
(8, 17)
(7, 17)
(6, 17)
(6, 16)
(6, 15)
(5, 15)
(4, 15)
(4, 14)
(4, 13)
(4, 12)
kaikki ok
Reitin pituus: 15
(7, 13)
(8, 13)
(8, 14)
(8, 15)
(9, 15)
(10, 15)
(10, 14)
(10, 13)
(11, 13)
(12, 13)
(13, 13)
(14, 13)
(15, 13)
(16, 13)
(17, 13)
(17, 14)
kaikki ok
Reitin pituus: 14
(4, 3)
(5, 3)
(6, 3)
(7, 3)
(8, 3)
(9, 3)
(10, 3)
(11, 3)
(12, 3)
(13, 3)
(14, 3)
(14, 4)
(14, 5)
(15, 5)
(16, 5)
kaikki ok
Reitin pituus: 8
(8, 18)
(8, 19)
(7, 19)
(6, 19)
(5, 19)
(4, 19)
(3, 19)
(2, 19)
(1, 19)
kaikki ok
Reitin pituus: 10
(12, 12)
(12, 11)
(12, 10)
(12, 9)
(13, 9)
(14, 9)
(14, 8)
(14, 7)
(14, 6)
(14, 5)
(15, 5)
kaikki ok
Reitin pituus: 10
(17, 1)
(16, 1)
(15, 1)
(14, 1)
(13, 1)
(12, 1)
(11, 1)
(10, 1)
(10, 2)
(10, 3)
(9, 3)
kaikki ok
Reitin pituus: 16
(4, 9)
(4, 10)
(4, 11)
(4, 12)
(4, 13)
(4, 14)
(4, 15)
(4, 16)
(4, 17)
(3, 17)
(2, 17)
(1, 17)
(1, 18)
(1, 19)
(2, 19)
(3, 19)
(4, 19)
kaikki ok
Reitin pituus: 16
(17, 3)
(16, 3)
(15, 3)
(14, 3)
(14, 4)
(14, 5)
(14, 6)
(14, 7)
(14, 8)
(14, 9)
(14, 10)
(14, 11)
(14, 12)
(14, 13)
(13, 13)
(12, 13)
(11, 13)
kaikki ok
Reitin pituus: 6
(12, 17)
(11, 17)
(10, 17)
(10, 18)
(10, 19)
(9, 19)
(8, 19)
kaikki ok
Reitin pituus: 7
(12, 7)
(12, 8)
(12, 9)
(12, 10)
(12, 11)
(11, 11)
(10, 11)
(9, 11)
kaikki ok
Reitin pituus: 19
(2, 16)
(2, 17)
(3, 17)
(4, 17)
(4, 16)
(4, 15)
(5, 15)
(6, 15)
(7, 15)
(8, 15)
(9, 15)
(10, 15)
(11, 15)
(12, 15)
(13, 15)
(14, 15)
(14, 14)
(14, 13)
(14, 12)
(14, 11)
kaikki ok
Reitin pituus: 7
(1, 5)
(1, 4)
(1, 3)
(2, 3)
(3, 3)
(4, 3)
(4, 2)
(4, 1)
kaikki ok
Reitin pituus: 14
(14, 13)
(14, 14)
(14, 15)
(13, 15)
(12, 15)
(11, 15)
(10, 15)
(9, 15)
(8, 15)
(7, 15)
(6, 15)
(5, 15)
(4, 15)
(4, 16)
(4, 17)
kaikki ok
Reitin pituus: 17
(6, 3)
(6, 4)
(6, 5)
(7, 5)
(8, 5)
(8, 6)
(8, 7)
(9, 7)
(10, 7)
(11, 7)
(12, 7)
(12, 8)
(12, 9)
(13, 9)
(14, 9)
(14, 10)
(14, 11)
(14, 12)
kaikki ok
Reitin pituus: 10
(7, 11)
(6, 11)
(6, 12)
(6, 13)
(7, 13)
(8, 13)
(8, 14)
(8, 15)
(9, 15)
(10, 15)
(11, 15)
kaikki ok
Reitin pituus: 13
(9, 9)
(9, 8)
(9, 7)
(10, 7)
(10, 6)
(10, 5)
(11, 5)
(12, 5)
(12, 4)
(12, 3)
(11, 3)
(10, 3)
(10, 2)
(10, 1)
kaikki ok
Reitin pituus: 18
(12, 10)
(12, 9)
(12, 8)
(12, 7)
(11, 7)
(10, 7)
(9, 7)
(8, 7)
(8, 6)
(8, 5)
(7, 5)
(6, 5)
(6, 4)
(6, 3)
(5, 3)
(4, 3)
(4, 2)
(4, 1)
(5, 1)
kaikki ok
Reitin pituus: 12
(16, 13)
(15, 13)
(14, 13)
(14, 12)
(14, 11)
(14, 10)
(14, 9)
(14, 8)
(14, 7)
(14, 6)
(14, 5)
(14, 4)
(14, 3)
kaikki ok
Reitin pituus: 9
(6, 10)
(6, 11)
(7, 11)
(8, 11)
(9, 11)
(10, 11)
(11, 11)
(12, 11)
(12, 12)
(12, 13)
kaikki ok
Reitin pituus: 15
(3, 13)
(4, 13)
(4, 14)
(4, 15)
(5, 15)
(6, 15)
(6, 16)
(6, 17)
(7, 17)
(8, 17)
(8, 18)
(8, 19)
(9, 19)
(10, 19)
(10, 18)
(10, 17)
kaikki ok
Reitin pituus: 26
(1, 18)
(1, 17)
(2, 17)
(3, 17)
(4, 17)
(4, 16)
(4, 15)
(4, 14)
(4, 13)
(4, 12)
(4, 11)
(4, 10)
(4, 9)
(4, 8)
(4, 7)
(4, 6)
(4, 5)
(4, 4)
(4, 3)
(5, 3)
(6, 3)
(7, 3)
(8, 3)
(9, 3)
(10, 3)
(10, 2)
(10, 1)
kaikki ok
Reitin pituus: 2
(10, 13)
(11, 13)
(12, 13)
kaikki ok
Reitin pituus: 7
(4, 13)
(4, 14)
(4, 15)
(4, 16)
(4, 17)
(3, 17)
(2, 17)
(1, 17)
kaikki ok
Reitin pituus: 21
(11, 15)
(10, 15)
(9, 15)
(8, 15)
(8, 14)
(8, 13)
(7, 13)
(6, 13)
(6, 12)
(6, 11)
(6, 10)
(6, 9)
(5, 9)
(4, 9)
(4, 8)
(4, 7)
(4, 6)
(4, 5)
(3, 5)
(2, 5)
(1, 5)
(1, 4)
kaikki ok
Reitin pituus: 6
(8, 6)
(8, 7)
(7, 7)
(6, 7)
(6, 8)
(6, 9)
(6, 10)
kaikki ok
Reitin pituus: 8
(7, 3)
(8, 3)
(9, 3)
(10, 3)
(11, 3)
(12, 3)
(13, 3)
(14, 3)
(15, 3)
kaikki ok
Reitin pituus: 4
(6, 9)
(5, 9)
(4, 9)
(4, 10)
(4, 11)
kaikki ok
Reitin pituus: 8
(15, 5)
(14, 5)
(14, 6)
(14, 7)
(14, 8)
(14, 9)
(13, 9)
(12, 9)
(12, 8)
kaikki ok
Reitin pituus: 23
(14, 6)
(14, 7)
(14, 8)
(14, 9)
(14, 10)
(14, 11)
(14, 12)
(14, 13)
(14, 14)
(14, 15)
(13, 15)
(12, 15)
(12, 16)
(12, 17)
(11, 17)
(10, 17)
(10, 18)
(10, 19)
(9, 19)
(8, 19)
(7, 19)
(6, 19)
(5, 19)
(4, 19)
kaikki ok
Reitin pituus: 9
(14, 8)
(14, 7)
(14, 6)
(14, 5)
(14, 4)
(14, 3)
(13, 3)
(12, 3)
(12, 4)
(12, 5)
kaikki ok
Reitin pituus: 14
(8, 13)
(7, 13)
(6, 13)
(5, 13)
(4, 13)
(4, 12)
(4, 11)
(4, 10)
(4, 9)
(4, 8)
(4, 7)
(4, 6)
(4, 5)
(4, 4)
(4, 3)
kaikki ok
Reitin pituus: 24
(6, 5)
(7, 5)
(8, 5)
(8, 6)
(8, 7)
(7, 7)
(6, 7)
(6, 8)
(6, 9)
(6, 10)
(6, 11)
(6, 12)
(6, 13)
(7, 13)
(8, 13)
(8, 14)
(8, 15)
(7, 15)
(6, 15)
(6, 16)
(6, 17)
(7, 17)
(8, 17)
(8, 18)
(8, 19)
kaikki ok
Reitin pituus: 19
(12, 16)
(12, 15)
(13, 15)
(14, 15)
(14, 14)
(14, 13)
(14, 12)
(14, 11)
(14, 10)
(14, 9)
(13, 9)
(12, 9)
(12, 8)
(12, 7)
(11, 7)
(10, 7)
(9, 7)
(9, 8)
(9, 9)
(8, 9)
kaikki ok
Reitin pituus: 12
(14, 7)
(14, 6)
(14, 5)
(14, 4)
(14, 3)
(13, 3)
(12, 3)
(11, 3)
(10, 3)
(9, 3)
(8, 3)
(7, 3)
(6, 3)
kaikki ok
Reitin pituus: 11
(8, 11)
(9, 11)
(10, 11)
(11, 11)
(12, 11)
(12, 12)
(12, 13)
(13, 13)
(14, 13)
(14, 14)
(14, 15)
(14, 16)
kaikki ok
Reitin pituus: 27
(16, 3)
(15, 3)
(14, 3)
(13, 3)
(12, 3)
(12, 4)
(12, 5)
(11, 5)
(10, 5)
(10, 6)
(10, 7)
(9, 7)
(8, 7)
(7, 7)
(6, 7)
(6, 8)
(6, 9)
(5, 9)
(4, 9)
(4, 10)
(4, 11)
(4, 12)
(4, 13)
(4, 14)
(4, 15)
(4, 16)
(4, 17)
(3, 17)
kaikki ok
Reitin pituus: 16
(11, 13)
(10, 13)
(10, 14)
(10, 15)
(11, 15)
(12, 15)
(12, 16)
(12, 17)
(11, 17)
(10, 17)
(10, 18)
(10, 19)
(9, 19)
(8, 19)
(7, 19)
(6, 19)
(5, 19)
kaikki ok
Reitin pituus: 18
(4, 17)
(4, 16)
(4, 15)
(5, 15)
(6, 15)
(7, 15)
(8, 15)
(9, 15)
(10, 15)
(10, 14)
(10, 13)
(11, 13)
(12, 13)
(12, 12)
(12, 11)
(12, 10)
(12, 9)
(13, 9)
(14, 9)
kaikki ok
Reitin pituus: 15
(4, 17)
(4, 16)
(4, 15)
(4, 14)
(4, 13)
(5, 13)
(6, 13)
(6, 12)
(6, 11)
(6, 10)
(6, 9)
(6, 8)
(6, 7)
(7, 7)
(8, 7)
(9, 7)
kaikki ok
Reitin pituus: 11
(10, 7)
(9, 7)
(8, 7)
(7, 7)
(6, 7)
(6, 8)
(6, 9)
(5, 9)
(4, 9)
(4, 8)
(4, 7)
(4, 6)
kaikki ok
Reitin pituus: 21
(4, 12)
(4, 13)
(5, 13)
(6, 13)
(6, 12)
(6, 11)
(7, 11)
(8, 11)
(9, 11)
(10, 11)
(11, 11)
(12, 11)
(12, 10)
(12, 9)
(13, 9)
(14, 9)
(14, 8)
(14, 7)
(14, 6)
(14, 5)
(15, 5)
(16, 5)
kaikki ok
Reitin pituus: 7
(14, 7)
(14, 8)
(14, 9)
(13, 9)
(12, 9)
(12, 10)
(12, 11)
(11, 11)
kaikki ok
Reitin pituus: 5
(16, 3)
(15, 3)
(14, 3)
(14, 4)
(14, 5)
(15, 5)
kaikki ok
Reitin pituus: 1
(9, 15)
(8, 15)
kaikki ok
Reitin pituus: 22
(7, 19)
(8, 19)
(9, 19)
(10, 19)
(10, 18)
(10, 17)
(11, 17)
(12, 17)
(12, 16)
(12, 15)
(13, 15)
(14, 15)
(14, 14)
(14, 13)
(14, 12)
(14, 11)
(14, 10)
(14, 9)
(14, 8)
(14, 7)
(14, 6)
(14, 5)
(15, 5)
kaikki ok
Reitin pituus: 14
(14, 13)
(14, 12)
(14, 11)
(14, 10)
(14, 9)
(14, 8)
(14, 7)
(14, 6)
(14, 5)
(14, 4)
(14, 3)
(13, 3)
(12, 3)
(12, 4)
(12, 5)
kaikki ok
Reitin pituus: 17
(4, 7)
(4, 6)
(4, 5)
(4, 4)
(4, 3)
(5, 3)
(6, 3)
(7, 3)
(8, 3)
(9, 3)
(10, 3)
(10, 2)
(10, 1)
(11, 1)
(12, 1)
(13, 1)
(14, 1)
(15, 1)
kaikki ok
Reitin pituus: 20
(11, 5)
(10, 5)
(10, 6)
(10, 7)
(11, 7)
(12, 7)
(12, 8)
(12, 9)
(13, 9)
(14, 9)
(14, 10)
(14, 11)
(14, 12)
(14, 13)
(15, 13)
(16, 13)
(17, 13)
(17, 14)
(17, 15)
(16, 15)
(16, 16)
kaikki ok
Reitin pituus: 21
(10, 5)
(10, 6)
(10, 7)
(9, 7)
(8, 7)
(7, 7)
(6, 7)
(6, 8)
(6, 9)
(6, 10)
(6, 11)
(6, 12)
(6, 13)
(7, 13)
(8, 13)
(8, 14)
(8, 15)
(7, 15)
(6, 15)
(6, 16)
(6, 17)
(7, 17)
kaikki ok
Reitin pituus: 15
(16, 1)
(15, 1)
(14, 1)
(13, 1)
(12, 1)
(11, 1)
(10, 1)
(10, 2)
(10, 3)
(9, 3)
(8, 3)
(7, 3)
(6, 3)
(5, 3)
(4, 3)
(4, 4)
kaikki ok
Reitin pituus: 17
(9, 7)
(10, 7)
(11, 7)
(12, 7)
(12, 8)
(12, 9)
(13, 9)
(14, 9)
(14, 10)
(14, 11)
(14, 12)
(14, 13)
(14, 14)
(14, 15)
(13, 15)
(12, 15)
(12, 16)
(12, 17)
kaikki ok
Reitin pituus: 6
(13, 3)
(12, 3)
(11, 3)
(10, 3)
(9, 3)
(8, 3)
(7, 3)
kaikki ok
Reitin pituus: 25
(1, 2)
(1, 3)
(1, 4)
(1, 5)
(2, 5)
(3, 5)
(4, 5)
(4, 6)
(4, 7)
(4, 8)
(4, 9)
(4, 10)
(4, 11)
(4, 12)
(4, 13)
(5, 13)
(6, 13)
(7, 13)
(8, 13)
(8, 14)
(8, 15)
(9, 15)
(10, 15)
(11, 15)
(12, 15)
(13, 15)
kaikki ok
Reitin pituus: 21
(4, 4)
(4, 5)
(4, 6)
(4, 7)
(4, 8)
(4, 9)
(5, 9)
(6, 9)
(6, 10)
(6, 11)
(6, 12)
(6, 13)
(7, 13)
(8, 13)
(8, 14)
(8, 15)
(9, 15)
(10, 15)
(11, 15)
(12, 15)
(13, 15)
(14, 15)
kaikki ok
Reitin pituus: 16
(2, 19)
(1, 19)
(1, 18)
(1, 17)
(2, 17)
(3, 17)
(4, 17)
(4, 16)
(4, 15)
(4, 14)
(4, 13)
(4, 12)
(4, 11)
(4, 10)
(4, 9)
(4, 8)
(4, 7)
kaikki ok
Reitin pituus: 13
(13, 9)
(14, 9)
(14, 8)
(14, 7)
(14, 6)
(14, 5)
(14, 4)
(14, 3)
(13, 3)
(12, 3)
(11, 3)
(10, 3)
(10, 2)
(10, 1)
kaikki ok
Reitin pituus: 14
(6, 12)
(6, 13)
(7, 13)
(8, 13)
(8, 14)
(8, 15)
(7, 15)
(6, 15)
(6, 16)
(6, 17)
(7, 17)
(8, 17)
(8, 18)
(8, 19)
(7, 19)
kaikki ok
Reitin pituus: 2
(10, 19)
(9, 19)
(8, 19)
kaikki ok
Reitin pituus: 25
(6, 7)
(6, 8)
(6, 9)
(6, 10)
(6, 11)
(6, 12)
(6, 13)
(7, 13)
(8, 13)
(8, 14)
(8, 15)
(9, 15)
(10, 15)
(11, 15)
(12, 15)
(13, 15)
(14, 15)
(14, 16)
(14, 17)
(15, 17)
(16, 17)
(17, 17)
(17, 18)
(17, 19)
(16, 19)
(15, 19)
kaikki ok
Reitin pituus: 21
(14, 15)
(14, 14)
(14, 13)
(14, 12)
(14, 11)
(14, 10)
(14, 9)
(14, 8)
(14, 7)
(14, 6)
(14, 5)
(14, 4)
(14, 3)
(13, 3)
(12, 3)
(11, 3)
(10, 3)
(9, 3)
(8, 3)
(8, 2)
(8, 1)
(7, 1)
kaikki ok
Reitin pituus: 11
(16, 19)
(17, 19)
(17, 18)
(17, 17)
(16, 17)
(15, 17)
(14, 17)
(14, 16)
(14, 15)
(14, 14)
(14, 13)
(14, 12)
kaikki ok
Reitin pituus: 11
(14, 15)
(13, 15)
(12, 15)
(12, 16)
(12, 17)
(11, 17)
(10, 17)
(10, 18)
(10, 19)
(9, 19)
(8, 19)
(7, 19)
kaikki ok
Reitin pituus: 3
(16, 15)
(16, 16)
(16, 17)
(15, 17)
kaikki ok
Reitin pituus: 24
(8, 18)
(8, 19)
(9, 19)
(10, 19)
(10, 18)
(10, 17)
(11, 17)
(12, 17)
(12, 16)
(12, 15)
(13, 15)
(14, 15)
(14, 14)
(14, 13)
(14, 12)
(14, 11)
(14, 10)
(14, 9)
(14, 8)
(14, 7)
(14, 6)
(14, 5)
(14, 4)
(14, 3)
(14, 2)
kaikki ok
Reitin pituus: 18
(7, 3)
(8, 3)
(9, 3)
(10, 3)
(11, 3)
(12, 3)
(13, 3)
(14, 3)
(14, 4)
(14, 5)
(14, 6)
(14, 7)
(14, 8)
(14, 9)
(14, 10)
(14, 11)
(14, 12)
(14, 13)
(15, 13)
kaikki ok
Reitin pituus: 15
(8, 6)
(8, 7)
(7, 7)
(6, 7)
(6, 8)
(6, 9)
(6, 10)
(6, 11)
(6, 12)
(6, 13)
(5, 13)
(4, 13)
(4, 14)
(4, 15)
(4, 16)
(4, 17)
kaikki ok
Reitin pituus: 13
(13, 9)
(12, 9)
(12, 10)
(12, 11)
(11, 11)
(10, 11)
(9, 11)
(8, 11)
(7, 11)
(6, 11)
(6, 10)
(6, 9)
(5, 9)
(4, 9)
kaikki ok
Reitin pituus: 26
(13, 19)
(12, 19)
(11, 19)
(10, 19)
(9, 19)
(8, 19)
(8, 18)
(8, 17)
(7, 17)
(6, 17)
(6, 16)
(6, 15)
(5, 15)
(4, 15)
(4, 14)
(4, 13)
(5, 13)
(6, 13)
(6, 12)
(6, 11)
(6, 10)
(6, 9)
(6, 8)
(6, 7)
(7, 7)
(8, 7)
(8, 6)
kaikki ok
Reitin pituus: 10
(6, 15)
(5, 15)
(4, 15)
(4, 14)
(4, 13)
(4, 12)
(4, 11)
(4, 10)
(4, 9)
(5, 9)
(6, 9)
kaikki ok
Reitin pituus: 18
(17, 15)
(16, 15)
(16, 16)
(16, 17)
(15, 17)
(14, 17)
(14, 16)
(14, 15)
(13, 15)
(12, 15)
(11, 15)
(10, 15)
(9, 15)
(8, 15)
(7, 15)
(6, 15)
(5, 15)
(4, 15)
(4, 16)
kaikki ok
Reitin pituus: 20
(12, 1)
(13, 1)
(14, 1)
(14, 2)
(14, 3)
(14, 4)
(14, 5)
(14, 6)
(14, 7)
(14, 8)
(14, 9)
(14, 10)
(14, 11)
(14, 12)
(14, 13)
(14, 14)
(14, 15)
(13, 15)
(12, 15)
(12, 16)
(12, 17)
kaikki ok
Reitin pituus: 4
(8, 6)
(8, 7)
(9, 7)
(9, 8)
(9, 9)
kaikki ok
Reitin pituus: 18
(14, 12)
(14, 11)
(14, 10)
(14, 9)
(14, 8)
(14, 7)
(14, 6)
(14, 5)
(14, 4)
(14, 3)
(13, 3)
(12, 3)
(11, 3)
(10, 3)
(9, 3)
(8, 3)
(7, 3)
(6, 3)
(5, 3)
kaikki ok
Reitin pituus: 15
(2, 13)
(3, 13)
(4, 13)
(4, 12)
(4, 11)
(4, 10)
(4, 9)
(4, 8)
(4, 7)
(4, 6)
(4, 5)
(4, 4)
(4, 3)
(5, 3)
(6, 3)
(7, 3)
kaikki ok
Reitin pituus: 21
(14, 13)
(13, 13)
(12, 13)
(12, 12)
(12, 11)
(12, 10)
(12, 9)
(12, 8)
(12, 7)
(11, 7)
(10, 7)
(9, 7)
(8, 7)
(8, 6)
(8, 5)
(7, 5)
(6, 5)
(6, 4)
(6, 3)
(5, 3)
(4, 3)
(3, 3)
kaikki ok
Reitin pituus: 11
(2, 13)
(1, 13)
(1, 14)
(1, 15)
(2, 15)
(2, 16)
(2, 17)
(1, 17)
(1, 18)
(1, 19)
(2, 19)
(3, 19)
kaikki ok
Reitin pituus: 2
(5, 13)
(6, 13)
(6, 12)
kaikki ok
Reitin pituus: 12
(14, 4)
(14, 3)
(13, 3)
(12, 3)
(11, 3)
(10, 3)
(9, 3)
(8, 3)
(7, 3)
(6, 3)
(5, 3)
(4, 3)
(4, 4)
kaikki ok
Reitin pituus: 6
(6, 17)
(6, 16)
(6, 15)
(7, 15)
(8, 15)
(8, 14)
(8, 13)
kaikki ok
Reitin pituus: 18
(1, 14)
(1, 13)
(2, 13)
(3, 13)
(4, 13)
(5, 13)
(6, 13)
(6, 12)
(6, 11)
(6, 10)
(6, 9)
(6, 8)
(6, 7)
(7, 7)
(8, 7)
(9, 7)
(10, 7)
(11, 7)
(12, 7)
kaikki ok
Reitin pituus: 10
(14, 15)
(13, 15)
(12, 15)
(11, 15)
(10, 15)
(9, 15)
(8, 15)
(8, 14)
(8, 13)
(7, 13)
(6, 13)
kaikki ok
Reitin pituus: 14
(10, 19)
(9, 19)
(8, 19)
(8, 18)
(8, 17)
(7, 17)
(6, 17)
(6, 16)
(6, 15)
(7, 15)
(8, 15)
(8, 14)
(8, 13)
(7, 13)
(6, 13)
kaikki ok
Reitin pituus: 4
(14, 6)
(14, 5)
(15, 5)
(16, 5)
(17, 5)
kaikki ok
Reitin pituus: 20
(6, 1)
(5, 1)
(4, 1)
(4, 2)
(4, 3)
(4, 4)
(4, 5)
(4, 6)
(4, 7)
(4, 8)
(4, 9)
(4, 10)
(4, 11)
(4, 12)
(4, 13)
(4, 14)
(4, 15)
(5, 15)
(6, 15)
(7, 15)
(8, 15)
kaikki ok
Reitin pituus: 5
(4, 10)
(4, 9)
(5, 9)
(6, 9)
(6, 10)
(6, 11)
kaikki ok
Reitin pituus: 4
(7, 13)
(6, 13)
(6, 12)
(6, 11)
(7, 11)
kaikki ok
Reitin pituus: 24
(17, 4)
(17, 5)
(16, 5)
(15, 5)
(14, 5)
(14, 6)
(14, 7)
(14, 8)
(14, 9)
(13, 9)
(12, 9)
(12, 10)
(12, 11)
(11, 11)
(10, 11)
(9, 11)
(8, 11)
(7, 11)
(6, 11)
(6, 12)
(6, 13)
(5, 13)
(4, 13)
(3, 13)
(2, 13)
kaikki ok
Reitin pituus: 5
(14, 12)
(14, 11)
(14, 10)
(14, 9)
(13, 9)
(12, 9)
kaikki ok
Reitin pituus: 1
(5, 9)
(6, 9)
kaikki ok
Reitin pituus: 12
(17, 15)
(17, 14)
(17, 13)
(16, 13)
(15, 13)
(14, 13)
(13, 13)
(12, 13)
(12, 12)
(12, 11)
(12, 10)
(12, 9)
(12, 8)
kaikki ok
Reitin pituus: 27
(4, 3)
(5, 3)
(6, 3)
(6, 4)
(6, 5)
(7, 5)
(8, 5)
(8, 6)
(8, 7)
(9, 7)
(10, 7)
(11, 7)
(12, 7)
(12, 8)
(12, 9)
(12, 10)
(12, 11)
(12, 12)
(12, 13)
(13, 13)
(14, 13)
(14, 14)
(14, 15)
(14, 16)
(14, 17)
(15, 17)
(16, 17)
(17, 17)
kaikki ok
Reitin pituus: 17
(1, 14)
(1, 13)
(2, 13)
(3, 13)
(4, 13)
(4, 12)
(4, 11)
(4, 10)
(4, 9)
(4, 8)
(4, 7)
(4, 6)
(4, 5)
(4, 4)
(4, 3)
(5, 3)
(6, 3)
(7, 3)
kaikki ok
Reitin pituus: 9
(8, 2)
(8, 3)
(7, 3)
(6, 3)
(5, 3)
(4, 3)
(4, 4)
(4, 5)
(4, 6)
(4, 7)
kaikki ok
Reitin pituus: 11
(13, 3)
(12, 3)
(12, 4)
(12, 5)
(11, 5)
(10, 5)
(10, 6)
(10, 7)
(9, 7)
(8, 7)
(7, 7)
(6, 7)
kaikki ok
Reitin pituus: 16
(3, 1)
(4, 1)
(4, 2)
(4, 3)
(5, 3)
(6, 3)
(6, 4)
(6, 5)
(7, 5)
(8, 5)
(8, 6)
(8, 7)
(9, 7)
(10, 7)
(11, 7)
(12, 7)
(12, 8)
kaikki ok
Reitin pituus: 19
(10, 14)
(10, 15)
(9, 15)
(8, 15)
(7, 15)
(6, 15)
(5, 15)
(4, 15)
(4, 14)
(4, 13)
(4, 12)
(4, 11)
(4, 10)
(4, 9)
(4, 8)
(4, 7)
(4, 6)
(4, 5)
(3, 5)
(2, 5)
kaikki ok
Reitin pituus: 14
(6, 13)
(6, 12)
(6, 11)
(7, 11)
(8, 11)
(9, 11)
(10, 11)
(11, 11)
(12, 11)
(12, 10)
(12, 9)
(13, 9)
(14, 9)
(14, 8)
(14, 7)
kaikki ok
Reitin pituus: 11
(8, 2)
(8, 3)
(7, 3)
(6, 3)
(6, 4)
(6, 5)
(7, 5)
(8, 5)
(8, 6)
(8, 7)
(9, 7)
(10, 7)
kaikki ok
Reitin pituus: 24
(1, 1)
(1, 2)
(1, 3)
(1, 4)
(1, 5)
(2, 5)
(3, 5)
(4, 5)
(4, 6)
(4, 7)
(4, 8)
(4, 9)
(4, 10)
(4, 11)
(4, 12)
(4, 13)
(4, 14)
(4, 15)
(4, 16)
(4, 17)
(3, 17)
(2, 17)
(1, 17)
(1, 18)
(1, 19)
kaikki ok
Reitin pituus: 7
(12, 8)
(12, 9)
(12, 10)
(12, 11)
(12, 12)
(12, 13)
(13, 13)
(14, 13)
kaikki ok
Reitin pituus: 5
(12, 1)
(13, 1)
(14, 1)
(15, 1)
(16, 1)
(17, 1)
kaikki ok
Reitin pituus: 1
(4, 13)
(4, 14)
kaikki ok
Reitin pituus: 7
(13, 15)
(14, 15)
(14, 16)
(14, 17)
(15, 17)
(16, 17)
(16, 16)
(16, 15)
kaikki ok
Reitin pituus: 25
(17, 4)
(17, 5)
(16, 5)
(15, 5)
(14, 5)
(14, 6)
(14, 7)
(14, 8)
(14, 9)
(13, 9)
(12, 9)
(12, 10)
(12, 11)
(11, 11)
(10, 11)
(9, 11)
(8, 11)
(7, 11)
(6, 11)
(6, 12)
(6, 13)
(5, 13)
(4, 13)
(3, 13)
(2, 13)
(1, 13)
kaikki ok
Reitin pituus: 20
(4, 9)
(5, 9)
(6, 9)
(6, 8)
(6, 7)
(7, 7)
(8, 7)
(9, 7)
(10, 7)
(10, 6)
(10, 5)
(11, 5)
(12, 5)
(12, 4)
(12, 3)
(13, 3)
(14, 3)
(14, 2)
(14, 1)
(15, 1)
(16, 1)
kaikki ok
Reitin pituus: 15
(10, 18)
(10, 19)
(9, 19)
(8, 19)
(8, 18)
(8, 17)
(7, 17)
(6, 17)
(6, 16)
(6, 15)
(5, 15)
(4, 15)
(4, 14)
(4, 13)
(3, 13)
(2, 13)
kaikki ok
Reitin pituus: 13
(10, 9)
(9, 9)
(9, 8)
(9, 7)
(10, 7)
(11, 7)
(12, 7)
(12, 8)
(12, 9)
(12, 10)
(12, 11)
(12, 12)
(12, 13)
(11, 13)
kaikki ok
Reitin pituus: 7
(9, 7)
(8, 7)
(7, 7)
(6, 7)
(6, 8)
(6, 9)
(5, 9)
(4, 9)
kaikki ok
Reitin pituus: 18
(4, 17)
(4, 16)
(4, 15)
(4, 14)
(4, 13)
(5, 13)
(6, 13)
(6, 12)
(6, 11)
(6, 10)
(6, 9)
(6, 8)
(6, 7)
(7, 7)
(8, 7)
(9, 7)
(9, 8)
(9, 9)
(10, 9)
kaikki ok
Reitin pituus: 20
(2, 1)
(3, 1)
(4, 1)
(4, 2)
(4, 3)
(4, 4)
(4, 5)
(4, 6)
(4, 7)
(4, 8)
(4, 9)
(4, 10)
(4, 11)
(4, 12)
(4, 13)
(4, 14)
(4, 15)
(4, 16)
(4, 17)
(3, 17)
(2, 17)
kaikki ok
Reitin pituus: 16
(3, 3)
(4, 3)
(5, 3)
(6, 3)
(7, 3)
(8, 3)
(9, 3)
(10, 3)
(11, 3)
(12, 3)
(13, 3)
(14, 3)
(14, 4)
(14, 5)
(15, 5)
(16, 5)
(17, 5)
kaikki ok
Reitin pituus: 19
(13, 19)
(12, 19)
(11, 19)
(10, 19)
(10, 18)
(10, 17)
(11, 17)
(12, 17)
(12, 16)
(12, 15)
(13, 15)
(14, 15)
(14, 14)
(14, 13)
(14, 12)
(14, 11)
(14, 10)
(14, 9)
(13, 9)
(12, 9)
kaikki ok
Reitin pituus: 8
(7, 17)
(6, 17)
(6, 16)
(6, 15)
(7, 15)
(8, 15)
(8, 14)
(8, 13)
(7, 13)
kaikki ok
Reitin pituus: 14
(10, 19)
(10, 18)
(10, 17)
(11, 17)
(12, 17)
(12, 16)
(12, 15)
(13, 15)
(14, 15)
(14, 14)
(14, 13)
(14, 12)
(14, 11)
(14, 10)
(14, 9)
kaikki ok
Reitin pituus: 1
(6, 4)
(6, 3)
kaikki ok
Reitin pituus: 16
(17, 3)
(16, 3)
(15, 3)
(14, 3)
(13, 3)
(12, 3)
(11, 3)
(10, 3)
(9, 3)
(8, 3)
(7, 3)
(6, 3)
(5, 3)
(4, 3)
(4, 4)
(4, 5)
(3, 5)
kaikki ok
Reitin pituus: 22
(7, 13)
(6, 13)
(6, 12)
(6, 11)
(7, 11)
(8, 11)
(9, 11)
(10, 11)
(11, 11)
(12, 11)
(12, 10)
(12, 9)
(13, 9)
(14, 9)
(14, 8)
(14, 7)
(14, 6)
(14, 5)
(14, 4)
(14, 3)
(14, 2)
(14, 1)
(13, 1)
kaikki ok
Reitin pituus: 3
(12, 11)
(12, 12)
(12, 13)
(11, 13)
kaikki ok
Reitin pituus: 17
(13, 13)
(14, 13)
(14, 14)
(14, 15)
(13, 15)
(12, 15)
(12, 16)
(12, 17)
(11, 17)
(10, 17)
(10, 18)
(10, 19)
(9, 19)
(8, 19)
(7, 19)
(6, 19)
(5, 19)
(4, 19)
kaikki ok
Reitin pituus: 12
(6, 1)
(5, 1)
(4, 1)
(4, 2)
(4, 3)
(4, 4)
(4, 5)
(4, 6)
(4, 7)
(4, 8)
(4, 9)
(4, 10)
(4, 11)
kaikki ok
Reitin pituus: 14
(17, 5)
(17, 4)
(17, 3)
(16, 3)
(15, 3)
(14, 3)
(13, 3)
(12, 3)
(11, 3)
(10, 3)
(9, 3)
(8, 3)
(7, 3)
(6, 3)
(6, 4)
kaikki ok
Reitin pituus: 22
(9, 7)
(10, 7)
(11, 7)
(12, 7)
(12, 8)
(12, 9)
(13, 9)
(14, 9)
(14, 10)
(14, 11)
(14, 12)
(14, 13)
(14, 14)
(14, 15)
(14, 16)
(14, 17)
(15, 17)
(16, 17)
(17, 17)
(17, 18)
(17, 19)
(16, 19)
(15, 19)
kaikki ok
Reitin pituus: 7
(14, 3)
(14, 4)
(14, 5)
(14, 6)
(14, 7)
(14, 8)
(14, 9)
(14, 10)
kaikki ok
Reitin pituus: 16
(14, 13)
(14, 14)
(14, 15)
(13, 15)
(12, 15)
(12, 16)
(12, 17)
(11, 17)
(10, 17)
(10, 18)
(10, 19)
(9, 19)
(8, 19)
(7, 19)
(6, 19)
(5, 19)
(4, 19)
kaikki ok
Reitin pituus: 12
(6, 10)
(6, 9)
(5, 9)
(4, 9)
(4, 8)
(4, 7)
(4, 6)
(4, 5)
(4, 4)
(4, 3)
(4, 2)
(4, 1)
(5, 1)
kaikki ok
Reitin pituus: 26
(10, 3)
(11, 3)
(12, 3)
(13, 3)
(14, 3)
(14, 4)
(14, 5)
(14, 6)
(14, 7)
(14, 8)
(14, 9)
(14, 10)
(14, 11)
(14, 12)
(14, 13)
(14, 14)
(14, 15)
(14, 16)
(14, 17)
(15, 17)
(16, 17)
(17, 17)
(17, 18)
(17, 19)
(16, 19)
(15, 19)
(14, 19)
kaikki ok
Reitin pituus: 22
(4, 19)
(3, 19)
(2, 19)
(1, 19)
(1, 18)
(1, 17)
(2, 17)
(3, 17)
(4, 17)
(4, 16)
(4, 15)
(4, 14)
(4, 13)
(4, 12)
(4, 11)
(4, 10)
(4, 9)
(4, 8)
(4, 7)
(4, 6)
(4, 5)
(3, 5)
(2, 5)
kaikki ok
Reitin pituus: 11
(8, 5)
(8, 6)
(8, 7)
(9, 7)
(10, 7)
(11, 7)
(12, 7)
(12, 8)
(12, 9)
(12, 10)
(12, 11)
(12, 12)
kaikki ok
Reitin pituus: 4
(8, 7)
(9, 7)
(10, 7)
(11, 7)
(12, 7)
kaikki ok
Reitin pituus: 24
(17, 15)
(17, 14)
(17, 13)
(16, 13)
(15, 13)
(14, 13)
(13, 13)
(12, 13)
(12, 12)
(12, 11)
(12, 10)
(12, 9)
(12, 8)
(12, 7)
(11, 7)
(10, 7)
(9, 7)
(8, 7)
(8, 6)
(8, 5)
(7, 5)
(6, 5)
(6, 4)
(6, 3)
(5, 3)
kaikki ok
Reitin pituus: 19
(6, 4)
(6, 5)
(7, 5)
(8, 5)
(8, 6)
(8, 7)
(9, 7)
(10, 7)
(11, 7)
(12, 7)
(12, 8)
(12, 9)
(13, 9)
(14, 9)
(14, 10)
(14, 11)
(14, 12)
(14, 13)
(14, 14)
(14, 15)
kaikki ok
Reitin pituus: 7
(7, 5)
(6, 5)
(6, 4)
(6, 3)
(5, 3)
(4, 3)
(3, 3)
(2, 3)
kaikki ok
Reitin pituus: 24
(15, 1)
(14, 1)
(14, 2)
(14, 3)
(14, 4)
(14, 5)
(14, 6)
(14, 7)
(14, 8)
(14, 9)
(14, 10)
(14, 11)
(14, 12)
(14, 13)
(14, 14)
(14, 15)
(13, 15)
(12, 15)
(12, 16)
(12, 17)
(11, 17)
(10, 17)
(10, 18)
(10, 19)
(11, 19)
kaikki ok
Reitin pituus: 19
(4, 12)
(4, 11)
(4, 10)
(4, 9)
(5, 9)
(6, 9)
(6, 8)
(6, 7)
(7, 7)
(8, 7)
(9, 7)
(10, 7)
(10, 6)
(10, 5)
(11, 5)
(12, 5)
(12, 4)
(12, 3)
(13, 3)
(14, 3)
kaikki ok
Reitin pituus: 6
(6, 4)
(6, 3)
(5, 3)
(4, 3)
(3, 3)
(2, 3)
(1, 3)
kaikki ok
Reitin pituus: 16
(5, 15)
(4, 15)
(4, 14)
(4, 13)
(4, 12)
(4, 11)
(4, 10)
(4, 9)
(4, 8)
(4, 7)
(4, 6)
(4, 5)
(4, 4)
(4, 3)
(5, 3)
(6, 3)
(7, 3)
kaikki ok
Reitin pituus: 21
(11, 7)
(10, 7)
(9, 7)
(8, 7)
(7, 7)
(6, 7)
(6, 8)
(6, 9)
(5, 9)
(4, 9)
(4, 10)
(4, 11)
(4, 12)
(4, 13)
(4, 14)
(4, 15)
(4, 16)
(4, 17)
(3, 17)
(2, 17)
(1, 17)
(1, 18)
kaikki ok
Reitin pituus: 12
(8, 7)
(8, 6)
(8, 5)
(7, 5)
(6, 5)
(6, 4)
(6, 3)
(7, 3)
(8, 3)
(8, 2)
(8, 1)
(7, 1)
(6, 1)
kaikki ok
Reitin pituus: 5
(6, 1)
(5, 1)
(4, 1)
(4, 2)
(4, 3)
(3, 3)
kaikki ok
Reitin pituus: 3
(1, 17)
(1, 18)
(1, 19)
(2, 19)
kaikki ok
Reitin pituus: 7
(8, 11)
(7, 11)
(6, 11)
(6, 12)
(6, 13)
(5, 13)
(4, 13)
(4, 12)
kaikki ok
Reitin pituus: 22
(1, 15)
(1, 14)
(1, 13)
(2, 13)
(3, 13)
(4, 13)
(5, 13)
(6, 13)
(6, 12)
(6, 11)
(7, 11)
(8, 11)
(9, 11)
(10, 11)
(11, 11)
(12, 11)
(12, 10)
(12, 9)
(13, 9)
(14, 9)
(14, 8)
(14, 7)
(14, 6)
kaikki ok
Reitin pituus: 8
(7, 7)
(6, 7)
(6, 8)
(6, 9)
(5, 9)
(4, 9)
(4, 10)
(4, 11)
(4, 12)
kaikki ok
Reitin pituus: 10
(5, 9)
(4, 9)
(4, 8)
(4, 7)
(4, 6)
(4, 5)
(4, 4)
(4, 3)
(5, 3)
(6, 3)
(7, 3)
kaikki ok
Reitin pituus: 1
(2, 1)
(3, 1)
kaikki ok
Reitin pituus: 21
(1, 19)
(2, 19)
(3, 19)
(4, 19)
(5, 19)
(6, 19)
(7, 19)
(8, 19)
(9, 19)
(10, 19)
(11, 19)
(12, 19)
(13, 19)
(14, 19)
(15, 19)
(16, 19)
(17, 19)
(17, 18)
(17, 17)
(16, 17)
(16, 16)
(16, 15)
kaikki ok
Reitin pituus: 10
(2, 15)
(2, 16)
(2, 17)
(3, 17)
(4, 17)
(4, 16)
(4, 15)
(5, 15)
(6, 15)
(6, 16)
(6, 17)
kaikki ok
Reitin pituus: 12
(4, 14)
(4, 15)
(4, 16)
(4, 17)
(3, 17)
(2, 17)
(1, 17)
(1, 18)
(1, 19)
(2, 19)
(3, 19)
(4, 19)
(5, 19)
kaikki ok
Reitin pituus: 16
(5, 9)
(6, 9)
(6, 8)
(6, 7)
(7, 7)
(8, 7)
(9, 7)
(10, 7)
(10, 6)
(10, 5)
(11, 5)
(12, 5)
(12, 4)
(12, 3)
(13, 3)
(14, 3)
(14, 4)
kaikki ok
Reitin pituus: 19
(15, 3)
(14, 3)
(13, 3)
(12, 3)
(12, 4)
(12, 5)
(11, 5)
(10, 5)
(10, 6)
(10, 7)
(9, 7)
(8, 7)
(7, 7)
(6, 7)
(6, 8)
(6, 9)
(6, 10)
(6, 11)
(6, 12)
(6, 13)
kaikki ok
Reitin pituus: 8
(4, 12)
(4, 13)
(4, 14)
(4, 15)
(4, 16)
(4, 17)
(3, 17)
(2, 17)
(2, 16)
kaikki ok
Reitin pituus: 7
(12, 8)
(12, 9)
(12, 10)
(12, 11)
(12, 12)
(12, 13)
(11, 13)
(10, 13)
kaikki ok
Reitin pituus: 11
(1, 5)
(1, 4)
(1, 3)
(2, 3)
(3, 3)
(4, 3)
(5, 3)
(6, 3)
(7, 3)
(8, 3)
(8, 2)
(8, 1)
kaikki ok
Reitin pituus: 10
(14, 13)
(14, 14)
(14, 15)
(13, 15)
(12, 15)
(11, 15)
(10, 15)
(9, 15)
(8, 15)
(7, 15)
(6, 15)
kaikki ok
Reitin pituus: 15
(14, 19)
(13, 19)
(12, 19)
(11, 19)
(10, 19)
(9, 19)
(8, 19)
(8, 18)
(8, 17)
(7, 17)
(6, 17)
(6, 16)
(6, 15)
(7, 15)
(8, 15)
(8, 14)
kaikki ok
Reitin pituus: 8
(17, 17)
(16, 17)
(15, 17)
(14, 17)
(14, 16)
(14, 15)
(13, 15)
(12, 15)
(12, 16)
kaikki ok
Reitin pituus: 9
(8, 6)
(8, 5)
(7, 5)
(6, 5)
(6, 4)
(6, 3)
(5, 3)
(4, 3)
(4, 4)
(4, 5)
kaikki ok
Reitin pituus: 26
(6, 1)
(5, 1)
(4, 1)
(4, 2)
(4, 3)
(4, 4)
(4, 5)
(4, 6)
(4, 7)
(4, 8)
(4, 9)
(4, 10)
(4, 11)
(4, 12)
(4, 13)
(4, 14)
(4, 15)
(5, 15)
(6, 15)
(7, 15)
(8, 15)
(9, 15)
(10, 15)
(11, 15)
(12, 15)
(12, 16)
(12, 17)
kaikki ok
Reitin pituus: 26
(5, 1)
(4, 1)
(4, 2)
(4, 3)
(4, 4)
(4, 5)
(4, 6)
(4, 7)
(4, 8)
(4, 9)
(5, 9)
(6, 9)
(6, 10)
(6, 11)
(6, 12)
(6, 13)
(7, 13)
(8, 13)
(8, 14)
(8, 15)
(9, 15)
(10, 15)
(11, 15)
(12, 15)
(12, 16)
(12, 17)
(11, 17)
kaikki ok
Reitin pituus: 7
(7, 15)
(6, 15)
(5, 15)
(4, 15)
(4, 14)
(4, 13)
(4, 12)
(4, 11)
kaikki ok
Reitin pituus: 12
(10, 1)
(10, 2)
(10, 3)
(11, 3)
(12, 3)
(12, 4)
(12, 5)
(11, 5)
(10, 5)
(10, 6)
(10, 7)
(9, 7)
(9, 8)
kaikki ok
Reitin pituus: 21
(3, 5)
(4, 5)
(4, 6)
(4, 7)
(4, 8)
(4, 9)
(5, 9)
(6, 9)
(6, 10)
(6, 11)
(6, 12)
(6, 13)
(7, 13)
(8, 13)
(8, 14)
(8, 15)
(9, 15)
(10, 15)
(11, 15)
(12, 15)
(13, 15)
(14, 15)
kaikki ok
Reitin pituus: 21
(6, 17)
(6, 16)
(6, 15)
(7, 15)
(8, 15)
(9, 15)
(10, 15)
(10, 14)
(10, 13)
(11, 13)
(12, 13)
(12, 12)
(12, 11)
(12, 10)
(12, 9)
(13, 9)
(14, 9)
(14, 8)
(14, 7)
(14, 6)
(14, 5)
(15, 5)
kaikki ok
Reitin pituus: 8
(15, 19)
(14, 19)
(13, 19)
(12, 19)
(11, 19)
(10, 19)
(10, 18)
(10, 17)
(11, 17)
kaikki ok
Reitin pituus: 10
(13, 13)
(12, 13)
(11, 13)
(10, 13)
(10, 14)
(10, 15)
(9, 15)
(8, 15)
(8, 14)
(8, 13)
(7, 13)
kaikki ok
Reitin pituus: 10
(8, 1)
(8, 2)
(8, 3)
(9, 3)
(10, 3)
(11, 3)
(12, 3)
(12, 4)
(12, 5)
(11, 5)
(10, 5)
kaikki ok
Reitin pituus: 6
(14, 7)
(14, 6)
(14, 5)
(14, 4)
(14, 3)
(13, 3)
(12, 3)
kaikki ok
Reitin pituus: 20
(4, 2)
(4, 3)
(5, 3)
(6, 3)
(7, 3)
(8, 3)
(9, 3)
(10, 3)
(11, 3)
(12, 3)
(13, 3)
(14, 3)
(14, 4)
(14, 5)
(14, 6)
(14, 7)
(14, 8)
(14, 9)
(14, 10)
(14, 11)
(14, 12)
kaikki ok
Reitin pituus: 10
(11, 7)
(10, 7)
(9, 7)
(8, 7)
(7, 7)
(6, 7)
(6, 8)
(6, 9)
(5, 9)
(4, 9)
(4, 8)
kaikki ok
Reitin pituus: 10
(14, 5)
(14, 4)
(14, 3)
(13, 3)
(12, 3)
(11, 3)
(10, 3)
(9, 3)
(8, 3)
(7, 3)
(6, 3)
kaikki ok
Reitin pituus: 21
(12, 17)
(12, 16)
(12, 15)
(13, 15)
(14, 15)
(14, 14)
(14, 13)
(14, 12)
(14, 11)
(14, 10)
(14, 9)
(14, 8)
(14, 7)
(14, 6)
(14, 5)
(14, 4)
(14, 3)
(13, 3)
(12, 3)
(11, 3)
(10, 3)
(10, 2)
kaikki ok
Reitin pituus: 5
(13, 1)
(12, 1)
(11, 1)
(10, 1)
(10, 2)
(10, 3)
kaikki ok
Reitin pituus: 16
(8, 15)
(8, 14)
(8, 13)
(7, 13)
(6, 13)
(6, 12)
(6, 11)
(6, 10)
(6, 9)
(5, 9)
(4, 9)
(4, 8)
(4, 7)
(4, 6)
(4, 5)
(4, 4)
(4, 3)
kaikki ok
Reitin pituus: 24
(16, 19)
(17, 19)
(17, 18)
(17, 17)
(16, 17)
(15, 17)
(14, 17)
(14, 16)
(14, 15)
(14, 14)
(14, 13)
(14, 12)
(14, 11)
(14, 10)
(14, 9)
(14, 8)
(14, 7)
(14, 6)
(14, 5)
(14, 4)
(14, 3)
(15, 3)
(16, 3)
(17, 3)
(17, 2)
kaikki ok
Reitin pituus: 21
(6, 19)
(7, 19)
(8, 19)
(8, 18)
(8, 17)
(7, 17)
(6, 17)
(6, 16)
(6, 15)
(5, 15)
(4, 15)
(4, 14)
(4, 13)
(4, 12)
(4, 11)
(4, 10)
(4, 9)
(4, 8)
(4, 7)
(4, 6)
(4, 5)
(3, 5)
kaikki ok
Reitin pituus: 23
(4, 11)
(4, 10)
(4, 9)
(4, 8)
(4, 7)
(4, 6)
(4, 5)
(4, 4)
(4, 3)
(5, 3)
(6, 3)
(7, 3)
(8, 3)
(9, 3)
(10, 3)
(11, 3)
(12, 3)
(13, 3)
(14, 3)
(15, 3)
(16, 3)
(17, 3)
(17, 2)
(17, 1)
kaikki ok
Reitin pituus: 30
(10, 1)
(10, 2)
(10, 3)
(9, 3)
(8, 3)
(7, 3)
(6, 3)
(5, 3)
(4, 3)
(4, 4)
(4, 5)
(4, 6)
(4, 7)
(4, 8)
(4, 9)
(4, 10)
(4, 11)
(4, 12)
(4, 13)
(4, 14)
(4, 15)
(5, 15)
(6, 15)
(6, 16)
(6, 17)
(7, 17)
(8, 17)
(8, 18)
(8, 19)
(7, 19)
(6, 19)
kaikki ok
Reitin pituus: 24
(2, 19)
(1, 19)
(1, 18)
(1, 17)
(2, 17)
(3, 17)
(4, 17)
(4, 16)
(4, 15)
(4, 14)
(4, 13)
(4, 12)
(4, 11)
(4, 10)
(4, 9)
(4, 8)
(4, 7)
(4, 6)
(4, 5)
(4, 4)
(4, 3)
(3, 3)
(2, 3)
(1, 3)
(1, 2)
kaikki ok
Reitin pituus: 19
(12, 17)
(12, 16)
(12, 15)
(13, 15)
(14, 15)
(14, 14)
(14, 13)
(14, 12)
(14, 11)
(14, 10)
(14, 9)
(13, 9)
(12, 9)
(12, 8)
(12, 7)
(11, 7)
(10, 7)
(10, 6)
(10, 5)
(11, 5)
kaikki ok
Reitin pituus: 22
(9, 3)
(10, 3)
(11, 3)
(12, 3)
(13, 3)
(14, 3)
(14, 4)
(14, 5)
(14, 6)
(14, 7)
(14, 8)
(14, 9)
(14, 10)
(14, 11)
(14, 12)
(14, 13)
(14, 14)
(14, 15)
(14, 16)
(14, 17)
(15, 17)
(16, 17)
(17, 17)
kaikki ok
Reitin pituus: 8
(9, 19)
(10, 19)
(10, 18)
(10, 17)
(11, 17)
(12, 17)
(12, 16)
(12, 15)
(13, 15)
kaikki ok
Reitin pituus: 18
(4, 12)
(4, 13)
(5, 13)
(6, 13)
(6, 12)
(6, 11)
(7, 11)
(8, 11)
(9, 11)
(10, 11)
(11, 11)
(12, 11)
(12, 12)
(12, 13)
(13, 13)
(14, 13)
(15, 13)
(16, 13)
(17, 13)
kaikki ok
Reitin pituus: 0
(4, 7)
kaikki ok
Reitin pituus: 28
(11, 1)
(10, 1)
(10, 2)
(10, 3)
(9, 3)
(8, 3)
(7, 3)
(6, 3)
(5, 3)
(4, 3)
(4, 4)
(4, 5)
(4, 6)
(4, 7)
(4, 8)
(4, 9)
(4, 10)
(4, 11)
(4, 12)
(4, 13)
(4, 14)
(4, 15)
(4, 16)
(4, 17)
(3, 17)
(2, 17)
(1, 17)
(1, 18)
(1, 19)
kaikki ok
Reitin pituus: 9
(7, 3)
(6, 3)
(5, 3)
(4, 3)
(4, 4)
(4, 5)
(4, 6)
(4, 7)
(4, 8)
(4, 9)
kaikki ok
Reitin pituus: 21
(2, 19)
(1, 19)
(1, 18)
(1, 17)
(2, 17)
(3, 17)
(4, 17)
(4, 16)
(4, 15)
(4, 14)
(4, 13)
(5, 13)
(6, 13)
(6, 12)
(6, 11)
(6, 10)
(6, 9)
(6, 8)
(6, 7)
(7, 7)
(8, 7)
(8, 6)
kaikki ok
Reitin pituus: 20
(3, 13)
(4, 13)
(4, 14)
(4, 15)
(5, 15)
(6, 15)
(6, 16)
(6, 17)
(7, 17)
(8, 17)
(8, 18)
(8, 19)
(9, 19)
(10, 19)
(11, 19)
(12, 19)
(13, 19)
(14, 19)
(15, 19)
(16, 19)
(17, 19)
kaikki ok
Reitin pituus: 3
(13, 13)
(12, 13)
(11, 13)
(10, 13)
kaikki ok
Reitin pituus: 7
(2, 15)
(1, 15)
(1, 14)
(1, 13)
(2, 13)
(3, 13)
(4, 13)
(5, 13)
kaikki ok
Reitin pituus: 20
(10, 3)
(9, 3)
(8, 3)
(7, 3)
(6, 3)
(5, 3)
(4, 3)
(4, 4)
(4, 5)
(4, 6)
(4, 7)
(4, 8)
(4, 9)
(4, 10)
(4, 11)
(4, 12)
(4, 13)
(4, 14)
(4, 15)
(4, 16)
(4, 17)
kaikki ok
Reitin pituus: 16
(5, 13)
(4, 13)
(4, 12)
(4, 11)
(4, 10)
(4, 9)
(4, 8)
(4, 7)
(4, 6)
(4, 5)
(3, 5)
(2, 5)
(1, 5)
(1, 4)
(1, 3)
(1, 2)
(1, 1)
kaikki ok
Reitin pituus: 7
(16, 5)
(17, 5)
(17, 4)
(17, 3)
(17, 2)
(17, 1)
(16, 1)
(15, 1)
kaikki ok
Reitin pituus: 6
(14, 17)
(14, 16)
(14, 15)
(13, 15)
(12, 15)
(12, 16)
(12, 17)
kaikki ok
Reitin pituus: 15
(4, 7)
(4, 8)
(4, 9)
(5, 9)
(6, 9)
(6, 10)
(6, 11)
(6, 12)
(6, 13)
(7, 13)
(8, 13)
(8, 14)
(8, 15)
(9, 15)
(10, 15)
(10, 14)
kaikki ok
Reitin pituus: 14
(8, 13)
(7, 13)
(6, 13)
(5, 13)
(4, 13)
(4, 12)
(4, 11)
(4, 10)
(4, 9)
(4, 8)
(4, 7)
(4, 6)
(4, 5)
(4, 4)
(4, 3)
kaikki ok
Reitin pituus: 12
(13, 13)
(12, 13)
(11, 13)
(10, 13)
(10, 14)
(10, 15)
(9, 15)
(8, 15)
(8, 14)
(8, 13)
(7, 13)
(6, 13)
(5, 13)
kaikki ok
Reitin pituus: 20
(1, 1)
(1, 2)
(1, 3)
(2, 3)
(3, 3)
(4, 3)
(5, 3)
(6, 3)
(6, 4)
(6, 5)
(7, 5)
(8, 5)
(8, 6)
(8, 7)
(9, 7)
(10, 7)
(11, 7)
(12, 7)
(12, 8)
(12, 9)
(12, 10)
kaikki ok
Reitin pituus: 7
(12, 5)
(12, 4)
(12, 3)
(13, 3)
(14, 3)
(14, 4)
(14, 5)
(14, 6)
kaikki ok
Reitin pituus: 14
(4, 12)
(4, 11)
(4, 10)
(4, 9)
(4, 8)
(4, 7)
(4, 6)
(4, 5)
(4, 4)
(4, 3)
(4, 2)
(4, 1)
(5, 1)
(6, 1)
(7, 1)
kaikki ok
Reitin pituus: 23
(14, 6)
(14, 7)
(14, 8)
(14, 9)
(14, 10)
(14, 11)
(14, 12)
(14, 13)
(14, 14)
(14, 15)
(13, 15)
(12, 15)
(12, 16)
(12, 17)
(11, 17)
(10, 17)
(10, 18)
(10, 19)
(9, 19)
(8, 19)
(7, 19)
(6, 19)
(5, 19)
(4, 19)
kaikki ok
Reitin pituus: 22
(14, 19)
(13, 19)
(12, 19)
(11, 19)
(10, 19)
(9, 19)
(8, 19)
(8, 18)
(8, 17)
(7, 17)
(6, 17)
(6, 16)
(6, 15)
(7, 15)
(8, 15)
(8, 14)
(8, 13)
(7, 13)
(6, 13)
(6, 12)
(6, 11)
(6, 10)
(6, 9)
kaikki ok
Reitin pituus: 5
(5, 13)
(6, 13)
(6, 12)
(6, 11)
(7, 11)
(8, 11)
kaikki ok
Reitin pituus: 6
(14, 16)
(14, 15)
(13, 15)
(12, 15)
(11, 15)
(10, 15)
(9, 15)
kaikki ok
Reitin pituus: 16
(4, 12)
(4, 11)
(4, 10)
(4, 9)
(5, 9)
(6, 9)
(6, 8)
(6, 7)
(7, 7)
(8, 7)
(9, 7)
(10, 7)
(10, 6)
(10, 5)
(11, 5)
(12, 5)
(12, 4)
kaikki ok
Reitin pituus: 7
(15, 19)
(14, 19)
(13, 19)
(12, 19)
(11, 19)
(10, 19)
(9, 19)
(8, 19)
kaikki ok
Reitin pituus: 18
(11, 7)
(10, 7)
(9, 7)
(8, 7)
(7, 7)
(6, 7)
(6, 8)
(6, 9)
(5, 9)
(4, 9)
(4, 10)
(4, 11)
(4, 12)
(4, 13)
(3, 13)
(2, 13)
(1, 13)
(1, 14)
(1, 15)
kaikki ok
Reitin pituus: 9
(12, 11)
(12, 12)
(12, 13)
(13, 13)
(14, 13)
(15, 13)
(16, 13)
(17, 13)
(17, 14)
(17, 15)
kaikki ok
Reitin pituus: 20
(15, 1)
(14, 1)
(13, 1)
(12, 1)
(11, 1)
(10, 1)
(10, 2)
(10, 3)
(9, 3)
(8, 3)
(7, 3)
(6, 3)
(5, 3)
(4, 3)
(4, 4)
(4, 5)
(4, 6)
(4, 7)
(4, 8)
(4, 9)
(4, 10)
kaikki ok
Reitin pituus: 15
(10, 17)
(10, 18)
(10, 19)
(9, 19)
(8, 19)
(7, 19)
(6, 19)
(5, 19)
(4, 19)
(3, 19)
(2, 19)
(1, 19)
(1, 18)
(1, 17)
(2, 17)
(3, 17)
kaikki ok
Reitin pituus: 26
(6, 3)
(6, 4)
(6, 5)
(7, 5)
(8, 5)
(8, 6)
(8, 7)
(9, 7)
(10, 7)
(11, 7)
(12, 7)
(12, 8)
(12, 9)
(13, 9)
(14, 9)
(14, 10)
(14, 11)
(14, 12)
(14, 13)
(14, 14)
(14, 15)
(14, 16)
(14, 17)
(15, 17)
(16, 17)
(17, 17)
(17, 18)
kaikki ok
Reitin pituus: 16
(10, 18)
(10, 19)
(9, 19)
(8, 19)
(8, 18)
(8, 17)
(7, 17)
(6, 17)
(6, 16)
(6, 15)
(5, 15)
(4, 15)
(4, 14)
(4, 13)
(4, 12)
(4, 11)
(4, 10)
kaikki ok
Reitin pituus: 16
(1, 13)
(2, 13)
(3, 13)
(4, 13)
(4, 12)
(4, 11)
(4, 10)
(4, 9)
(5, 9)
(6, 9)
(6, 8)
(6, 7)
(7, 7)
(8, 7)
(9, 7)
(10, 7)
(10, 6)
kaikki ok
Reitin pituus: 1
(17, 13)
(16, 13)
kaikki ok
Reitin pituus: 6
(14, 14)
(14, 13)
(14, 12)
(14, 11)
(14, 10)
(14, 9)
(13, 9)
kaikki ok
Reitin pituus: 7
(10, 14)
(10, 15)
(9, 15)
(8, 15)
(7, 15)
(6, 15)
(6, 16)
(6, 17)
kaikki ok
Reitin pituus: 14
(8, 15)
(8, 14)
(8, 13)
(7, 13)
(6, 13)
(6, 12)
(6, 11)
(6, 10)
(6, 9)
(6, 8)
(6, 7)
(7, 7)
(8, 7)
(9, 7)
(9, 8)
kaikki ok
Reitin pituus: 10
(10, 13)
(11, 13)
(12, 13)
(13, 13)
(14, 13)
(14, 14)
(14, 15)
(14, 16)
(14, 17)
(15, 17)
(16, 17)
kaikki ok
Reitin pituus: 17
(12, 7)
(12, 8)
(12, 9)
(12, 10)
(12, 11)
(12, 12)
(12, 13)
(11, 13)
(10, 13)
(10, 14)
(10, 15)
(9, 15)
(8, 15)
(7, 15)
(6, 15)
(6, 16)
(6, 17)
(7, 17)
kaikki ok
Reitin pituus: 23
(10, 14)
(10, 15)
(9, 15)
(8, 15)
(7, 15)
(6, 15)
(5, 15)
(4, 15)
(4, 14)
(4, 13)
(4, 12)
(4, 11)
(4, 10)
(4, 9)
(4, 8)
(4, 7)
(4, 6)
(4, 5)
(4, 4)
(4, 3)
(3, 3)
(2, 3)
(1, 3)
(1, 2)
kaikki ok
Reitin pituus: 20
(10, 18)
(10, 17)
(11, 17)
(12, 17)
(12, 16)
(12, 15)
(11, 15)
(10, 15)
(9, 15)
(8, 15)
(8, 14)
(8, 13)
(7, 13)
(6, 13)
(6, 12)
(6, 11)
(6, 10)
(6, 9)
(6, 8)
(6, 7)
(7, 7)
kaikki ok
Reitin pituus: 25
(13, 19)
(12, 19)
(11, 19)
(10, 19)
(9, 19)
(8, 19)
(8, 18)
(8, 17)
(7, 17)
(6, 17)
(6, 16)
(6, 15)
(5, 15)
(4, 15)
(4, 14)
(4, 13)
(4, 12)
(4, 11)
(4, 10)
(4, 9)
(4, 8)
(4, 7)
(4, 6)
(4, 5)
(4, 4)
(4, 3)
kaikki ok
Reitin pituus: 7
(6, 5)
(7, 5)
(8, 5)
(8, 6)
(8, 7)
(9, 7)
(9, 8)
(9, 9)
kaikki ok
Reitin pituus: 24
(14, 19)
(13, 19)
(12, 19)
(11, 19)
(10, 19)
(9, 19)
(8, 19)
(8, 18)
(8, 17)
(7, 17)
(6, 17)
(6, 16)
(6, 15)
(7, 15)
(8, 15)
(8, 14)
(8, 13)
(7, 13)
(6, 13)
(6, 12)
(6, 11)
(6, 10)
(6, 9)
(6, 8)
(6, 7)
kaikki ok
Reitin pituus: 24
(6, 3)
(5, 3)
(4, 3)
(4, 4)
(4, 5)
(4, 6)
(4, 7)
(4, 8)
(4, 9)
(4, 10)
(4, 11)
(4, 12)
(4, 13)
(4, 14)
(4, 15)
(5, 15)
(6, 15)
(6, 16)
(6, 17)
(7, 17)
(8, 17)
(8, 18)
(8, 19)
(7, 19)
(6, 19)
kaikki ok
Reitin pituus: 15
(3, 1)
(4, 1)
(4, 2)
(4, 3)
(4, 4)
(4, 5)
(4, 6)
(4, 7)
(4, 8)
(4, 9)
(4, 10)
(4, 11)
(4, 12)
(4, 13)
(4, 14)
(4, 15)
kaikki ok
Reitin pituus: 15
(15, 1)
(14, 1)
(14, 2)
(14, 3)
(14, 4)
(14, 5)
(14, 6)
(14, 7)
(14, 8)
(14, 9)
(14, 10)
(14, 11)
(14, 12)
(14, 13)
(15, 13)
(16, 13)
kaikki ok
Reitin pituus: 5
(16, 19)
(15, 19)
(14, 19)
(13, 19)
(12, 19)
(11, 19)
kaikki ok
Reitin pituus: 21
(14, 8)
(14, 9)
(13, 9)
(12, 9)
(12, 10)
(12, 11)
(11, 11)
(10, 11)
(9, 11)
(8, 11)
(7, 11)
(6, 11)
(6, 12)
(6, 13)
(5, 13)
(4, 13)
(3, 13)
(2, 13)
(1, 13)
(1, 14)
(1, 15)
(2, 15)
kaikki ok
Reitin pituus: 19
(17, 2)
(17, 3)
(16, 3)
(15, 3)
(14, 3)
(13, 3)
(12, 3)
(12, 4)
(12, 5)
(11, 5)
(10, 5)
(10, 6)
(10, 7)
(9, 7)
(8, 7)
(7, 7)
(6, 7)
(6, 8)
(6, 9)
(6, 10)
kaikki ok
Reitin pituus: 22
(4, 3)
(4, 4)
(4, 5)
(4, 6)
(4, 7)
(4, 8)
(4, 9)
(5, 9)
(6, 9)
(6, 10)
(6, 11)
(6, 12)
(6, 13)
(7, 13)
(8, 13)
(8, 14)
(8, 15)
(9, 15)
(10, 15)
(11, 15)
(12, 15)
(12, 16)
(12, 17)
kaikki ok
Reitin pituus: 21
(1, 18)
(1, 17)
(2, 17)
(3, 17)
(4, 17)
(4, 16)
(4, 15)
(5, 15)
(6, 15)
(7, 15)
(8, 15)
(9, 15)
(10, 15)
(11, 15)
(12, 15)
(13, 15)
(14, 15)
(14, 14)
(14, 13)
(14, 12)
(14, 11)
(14, 10)
kaikki ok
Reitin pituus: 17
(11, 11)
(12, 11)
(12, 12)
(12, 13)
(11, 13)
(10, 13)
(10, 14)
(10, 15)
(11, 15)
(12, 15)
(12, 16)
(12, 17)
(11, 17)
(10, 17)
(10, 18)
(10, 19)
(9, 19)
(8, 19)
kaikki ok
Reitin pituus: 22
(9, 15)
(8, 15)
(8, 14)
(8, 13)
(7, 13)
(6, 13)
(6, 12)
(6, 11)
(6, 10)
(6, 9)
(6, 8)
(6, 7)
(7, 7)
(8, 7)
(8, 6)
(8, 5)
(7, 5)
(6, 5)
(6, 4)
(6, 3)
(7, 3)
(8, 3)
(8, 2)
kaikki ok
Reitin pituus: 3
(15, 13)
(14, 13)
(13, 13)
(12, 13)
kaikki ok
Reitin pituus: 12
(4, 7)
(4, 6)
(4, 5)
(4, 4)
(4, 3)
(5, 3)
(6, 3)
(7, 3)
(8, 3)
(9, 3)
(10, 3)
(10, 2)
(10, 1)
kaikki ok
Reitin pituus: 25
(7, 19)
(8, 19)
(9, 19)
(10, 19)
(10, 18)
(10, 17)
(11, 17)
(12, 17)
(12, 16)
(12, 15)
(13, 15)
(14, 15)
(14, 14)
(14, 13)
(14, 12)
(14, 11)
(14, 10)
(14, 9)
(13, 9)
(12, 9)
(12, 8)
(12, 7)
(11, 7)
(10, 7)
(10, 6)
(10, 5)
kaikki ok
Reitin pituus: 2
(16, 17)
(17, 17)
(17, 18)
kaikki ok
Reitin pituus: 24
(7, 19)
(8, 19)
(9, 19)
(10, 19)
(10, 18)
(10, 17)
(11, 17)
(12, 17)
(12, 16)
(12, 15)
(13, 15)
(14, 15)
(14, 14)
(14, 13)
(14, 12)
(14, 11)
(14, 10)
(14, 9)
(14, 8)
(14, 7)
(14, 6)
(14, 5)
(15, 5)
(16, 5)
(17, 5)
kaikki ok
Reitin pituus: 4
(17, 5)
(16, 5)
(15, 5)
(14, 5)
(14, 6)
kaikki ok
Reitin pituus: 10
(14, 10)
(14, 9)
(13, 9)
(12, 9)
(12, 8)
(12, 7)
(11, 7)
(10, 7)
(9, 7)
(8, 7)
(7, 7)
kaikki ok
Reitin pituus: 6
(14, 6)
(14, 5)
(14, 4)
(14, 3)
(14, 2)
(14, 1)
(13, 1)
kaikki ok
Reitin pituus: 25
(17, 4)
(17, 5)
(16, 5)
(15, 5)
(14, 5)
(14, 6)
(14, 7)
(14, 8)
(14, 9)
(13, 9)
(12, 9)
(12, 10)
(12, 11)
(12, 12)
(12, 13)
(11, 13)
(10, 13)
(10, 14)
(10, 15)
(9, 15)
(8, 15)
(7, 15)
(6, 15)
(6, 16)
(6, 17)
(7, 17)
kaikki ok
Reitin pituus: 13
(1, 4)
(1, 5)
(2, 5)
(3, 5)
(4, 5)
(4, 6)
(4, 7)
(4, 8)
(4, 9)
(5, 9)
(6, 9)
(6, 10)
(6, 11)
(6, 12)
kaikki ok
Reitin pituus: 18
(6, 11)
(6, 10)
(6, 9)
(6, 8)
(6, 7)
(7, 7)
(8, 7)
(9, 7)
(10, 7)
(10, 6)
(10, 5)
(11, 5)
(12, 5)
(12, 4)
(12, 3)
(11, 3)
(10, 3)
(10, 2)
(10, 1)
kaikki ok
Reitin pituus: 11
(6, 16)
(6, 15)
(7, 15)
(8, 15)
(9, 15)
(10, 15)
(11, 15)
(12, 15)
(13, 15)
(14, 15)
(14, 14)
(14, 13)
kaikki ok
Reitin pituus: 19
(17, 2)
(17, 3)
(17, 4)
(17, 5)
(16, 5)
(15, 5)
(14, 5)
(14, 6)
(14, 7)
(14, 8)
(14, 9)
(13, 9)
(12, 9)
(12, 10)
(12, 11)
(11, 11)
(10, 11)
(9, 11)
(8, 11)
(7, 11)
kaikki ok
Reitin pituus: 16
(4, 10)
(4, 11)
(4, 12)
(4, 13)
(5, 13)
(6, 13)
(7, 13)
(8, 13)
(8, 14)
(8, 15)
(9, 15)
(10, 15)
(11, 15)
(12, 15)
(13, 15)
(14, 15)
(14, 14)
kaikki ok
Reitin pituus: 28
(2, 16)
(2, 17)
(3, 17)
(4, 17)
(4, 16)
(4, 15)
(4, 14)
(4, 13)
(4, 12)
(4, 11)
(4, 10)
(4, 9)
(4, 8)
(4, 7)
(4, 6)
(4, 5)
(4, 4)
(4, 3)
(5, 3)
(6, 3)
(7, 3)
(8, 3)
(9, 3)
(10, 3)
(10, 2)
(10, 1)
(11, 1)
(12, 1)
(13, 1)
kaikki ok
Reitin pituus: 30
(5, 19)
(6, 19)
(7, 19)
(8, 19)
(9, 19)
(10, 19)
(10, 18)
(10, 17)
(11, 17)
(12, 17)
(12, 16)
(12, 15)
(13, 15)
(14, 15)
(14, 14)
(14, 13)
(14, 12)
(14, 11)
(14, 10)
(14, 9)
(14, 8)
(14, 7)
(14, 6)
(14, 5)
(14, 4)
(14, 3)
(14, 2)
(14, 1)
(13, 1)
(12, 1)
(11, 1)
kaikki ok
Reitin pituus: 16
(10, 11)
(9, 11)
(8, 11)
(7, 11)
(6, 11)
(6, 10)
(6, 9)
(5, 9)
(4, 9)
(4, 8)
(4, 7)
(4, 6)
(4, 5)
(3, 5)
(2, 5)
(1, 5)
(1, 4)
kaikki ok
Reitin pituus: 14
(6, 3)
(6, 4)
(6, 5)
(7, 5)
(8, 5)
(8, 6)
(8, 7)
(9, 7)
(10, 7)
(11, 7)
(12, 7)
(12, 8)
(12, 9)
(12, 10)
(12, 11)
kaikki ok
Reitin pituus: 23
(6, 3)
(5, 3)
(4, 3)
(4, 4)
(4, 5)
(4, 6)
(4, 7)
(4, 8)
(4, 9)
(4, 10)
(4, 11)
(4, 12)
(4, 13)
(4, 14)
(4, 15)
(5, 15)
(6, 15)
(6, 16)
(6, 17)
(7, 17)
(8, 17)
(8, 18)
(8, 19)
(9, 19)
kaikki ok
Reitin pituus: 4
(3, 19)
(2, 19)
(1, 19)
(1, 18)
(1, 17)
kaikki ok
Reitin pituus: 4
(11, 3)
(12, 3)
(13, 3)
(14, 3)
(14, 4)
kaikki ok
Reitin pituus: 9
(2, 16)
(2, 17)
(1, 17)
(1, 18)
(1, 19)
(2, 19)
(3, 19)
(4, 19)
(5, 19)
(6, 19)
kaikki ok
Reitin pituus: 13
(6, 7)
(6, 8)
(6, 9)
(5, 9)
(4, 9)
(4, 8)
(4, 7)
(4, 6)
(4, 5)
(4, 4)
(4, 3)
(4, 2)
(4, 1)
(3, 1)
kaikki ok
Reitin pituus: 15
(14, 5)
(14, 6)
(14, 7)
(14, 8)
(14, 9)
(13, 9)
(12, 9)
(12, 10)
(12, 11)
(12, 12)
(12, 13)
(11, 13)
(10, 13)
(10, 14)
(10, 15)
(9, 15)
kaikki ok
Reitin pituus: 12
(10, 5)
(10, 6)
(10, 7)
(9, 7)
(8, 7)
(7, 7)
(6, 7)
(6, 8)
(6, 9)
(5, 9)
(4, 9)
(4, 8)
(4, 7)
kaikki ok
Reitin pituus: 18
(5, 3)
(4, 3)
(4, 4)
(4, 5)
(4, 6)
(4, 7)
(4, 8)
(4, 9)
(4, 10)
(4, 11)
(4, 12)
(4, 13)
(3, 13)
(2, 13)
(1, 13)
(1, 14)
(1, 15)
(2, 15)
(2, 16)
kaikki ok
Reitin pituus: 26
(8, 17)
(7, 17)
(6, 17)
(6, 16)
(6, 15)
(7, 15)
(8, 15)
(9, 15)
(10, 15)
(10, 14)
(10, 13)
(11, 13)
(12, 13)
(12, 12)
(12, 11)
(12, 10)
(12, 9)
(13, 9)
(14, 9)
(14, 8)
(14, 7)
(14, 6)
(14, 5)
(14, 4)
(14, 3)
(15, 3)
(16, 3)
kaikki ok
Reitin pituus: 15
(2, 1)
(3, 1)
(4, 1)
(5, 1)
(6, 1)
(7, 1)
(8, 1)
(8, 2)
(8, 3)
(9, 3)
(10, 3)
(11, 3)
(12, 3)
(13, 3)
(14, 3)
(14, 4)
kaikki ok
Reitin pituus: 6
(14, 9)
(13, 9)
(12, 9)
(12, 8)
(12, 7)
(11, 7)
(10, 7)
kaikki ok
Reitin pituus: 9
(14, 12)
(14, 11)
(14, 10)
(14, 9)
(14, 8)
(14, 7)
(14, 6)
(14, 5)
(15, 5)
(16, 5)
kaikki ok
Reitin pituus: 10
(1, 14)
(1, 15)
(2, 15)
(2, 16)
(2, 17)
(1, 17)
(1, 18)
(1, 19)
(2, 19)
(3, 19)
(4, 19)
kaikki ok
Reitin pituus: 3
(6, 8)
(6, 9)
(5, 9)
(4, 9)
kaikki ok
Reitin pituus: 14
(11, 15)
(12, 15)
(13, 15)
(14, 15)
(14, 14)
(14, 13)
(14, 12)
(14, 11)
(14, 10)
(14, 9)
(14, 8)
(14, 7)
(14, 6)
(14, 5)
(15, 5)
kaikki ok
Reitin pituus: 11
(6, 4)
(6, 3)
(5, 3)
(4, 3)
(4, 4)
(4, 5)
(4, 6)
(4, 7)
(4, 8)
(4, 9)
(4, 10)
(4, 11)
kaikki ok
Reitin pituus: 5
(8, 13)
(8, 14)
(8, 15)
(7, 15)
(6, 15)
(5, 15)
kaikki ok
Reitin pituus: 8
(9, 8)
(9, 7)
(10, 7)
(11, 7)
(12, 7)
(12, 8)
(12, 9)
(12, 10)
(12, 11)
kaikki ok
Reitin pituus: 13
(4, 2)
(4, 3)
(4, 4)
(4, 5)
(4, 6)
(4, 7)
(4, 8)
(4, 9)
(5, 9)
(6, 9)
(6, 10)
(6, 11)
(6, 12)
(6, 13)
kaikki ok
Reitin pituus: 13
(4, 16)
(4, 15)
(5, 15)
(6, 15)
(7, 15)
(8, 15)
(9, 15)
(10, 15)
(11, 15)
(12, 15)
(13, 15)
(14, 15)
(14, 16)
(14, 17)
kaikki ok
Reitin pituus: 17
(4, 17)
(4, 16)
(4, 15)
(4, 14)
(4, 13)
(4, 12)
(4, 11)
(4, 10)
(4, 9)
(4, 8)
(4, 7)
(4, 6)
(4, 5)
(4, 4)
(4, 3)
(4, 2)
(4, 1)
(5, 1)
kaikki ok
Reitin pituus: 16
(5, 19)
(6, 19)
(7, 19)
(8, 19)
(9, 19)
(10, 19)
(11, 19)
(12, 19)
(13, 19)
(14, 19)
(15, 19)
(16, 19)
(17, 19)
(17, 18)
(17, 17)
(16, 17)
(16, 16)
kaikki ok
Reitin pituus: 24
(5, 19)
(6, 19)
(7, 19)
(8, 19)
(8, 18)
(8, 17)
(7, 17)
(6, 17)
(6, 16)
(6, 15)
(5, 15)
(4, 15)
(4, 14)
(4, 13)
(4, 12)
(4, 11)
(4, 10)
(4, 9)
(4, 8)
(4, 7)
(4, 6)
(4, 5)
(4, 4)
(4, 3)
(5, 3)
kaikki ok
Reitin pituus: 16
(4, 15)
(5, 15)
(6, 15)
(7, 15)
(8, 15)
(9, 15)
(10, 15)
(11, 15)
(12, 15)
(13, 15)
(14, 15)
(14, 16)
(14, 17)
(15, 17)
(16, 17)
(16, 16)
(16, 15)
kaikki ok
Reitin pituus: 14
(3, 3)
(4, 3)
(5, 3)
(6, 3)
(7, 3)
(8, 3)
(9, 3)
(10, 3)
(11, 3)
(12, 3)
(13, 3)
(14, 3)
(14, 4)
(14, 5)
(14, 6)
kaikki ok
Reitin pituus: 12
(4, 5)
(4, 4)
(4, 3)
(5, 3)
(6, 3)
(7, 3)
(8, 3)
(9, 3)
(10, 3)
(11, 3)
(12, 3)
(13, 3)
(14, 3)
kaikki ok
Reitin pituus: 2
(4, 1)
(4, 2)
(4, 3)
kaikki ok
Reitin pituus: 12
(4, 11)
(4, 12)
(4, 13)
(4, 14)
(4, 15)
(4, 16)
(4, 17)
(3, 17)
(2, 17)
(1, 17)
(1, 18)
(1, 19)
(2, 19)
kaikki ok
Reitin pituus: 16
(7, 1)
(8, 1)
(8, 2)
(8, 3)
(9, 3)
(10, 3)
(11, 3)
(12, 3)
(13, 3)
(14, 3)
(14, 4)
(14, 5)
(14, 6)
(14, 7)
(14, 8)
(14, 9)
(14, 10)
kaikki ok
Reitin pituus: 12
(14, 13)
(13, 13)
(12, 13)
(12, 12)
(12, 11)
(12, 10)
(12, 9)
(12, 8)
(12, 7)
(11, 7)
(10, 7)
(10, 6)
(10, 5)
kaikki ok
Reitin pituus: 12
(4, 4)
(4, 5)
(4, 6)
(4, 7)
(4, 8)
(4, 9)
(4, 10)
(4, 11)
(4, 12)
(4, 13)
(4, 14)
(4, 15)
(4, 16)
kaikki ok
Reitin pituus: 11
(7, 11)
(6, 11)
(6, 10)
(6, 9)
(6, 8)
(6, 7)
(7, 7)
(8, 7)
(8, 6)
(8, 5)
(7, 5)
(6, 5)
kaikki ok
Reitin pituus: 19
(6, 1)
(5, 1)
(4, 1)
(4, 2)
(4, 3)
(4, 4)
(4, 5)
(4, 6)
(4, 7)
(4, 8)
(4, 9)
(4, 10)
(4, 11)
(4, 12)
(4, 13)
(4, 14)
(4, 15)
(5, 15)
(6, 15)
(6, 16)
kaikki ok
Reitin pituus: 23
(6, 4)
(6, 5)
(7, 5)
(8, 5)
(8, 6)
(8, 7)
(9, 7)
(10, 7)
(11, 7)
(12, 7)
(12, 8)
(12, 9)
(13, 9)
(14, 9)
(14, 10)
(14, 11)
(14, 12)
(14, 13)
(15, 13)
(16, 13)
(17, 13)
(17, 14)
(17, 15)
(16, 15)
kaikki ok
Reitin pituus: 3
(9, 7)
(9, 8)
(9, 9)
(10, 9)
kaikki ok
Reitin pituus: 17
(4, 9)
(4, 10)
(4, 11)
(4, 12)
(4, 13)
(4, 14)
(4, 15)
(5, 15)
(6, 15)
(7, 15)
(8, 15)
(9, 15)
(10, 15)
(11, 15)
(12, 15)
(12, 16)
(12, 17)
(11, 17)
kaikki ok
Reitin pituus: 12
(11, 19)
(10, 19)
(10, 18)
(10, 17)
(11, 17)
(12, 17)
(12, 16)
(12, 15)
(13, 15)
(14, 15)
(14, 14)
(14, 13)
(15, 13)
kaikki ok
Reitin pituus: 8
(7, 1)
(8, 1)
(8, 2)
(8, 3)
(9, 3)
(10, 3)
(10, 2)
(10, 1)
(11, 1)
kaikki ok
Reitin pituus: 7
(6, 10)
(6, 11)
(6, 12)
(6, 13)
(5, 13)
(4, 13)
(3, 13)
(2, 13)
kaikki ok
Reitin pituus: 5
(14, 4)
(14, 3)
(13, 3)
(12, 3)
(11, 3)
(10, 3)
kaikki ok
Reitin pituus: 14
(13, 15)
(12, 15)
(11, 15)
(10, 15)
(9, 15)
(8, 15)
(7, 15)
(6, 15)
(5, 15)
(4, 15)
(4, 16)
(4, 17)
(3, 17)
(2, 17)
(1, 17)
kaikki ok
Reitin pituus: 18
(10, 2)
(10, 3)
(11, 3)
(12, 3)
(13, 3)
(14, 3)
(14, 4)
(14, 5)
(14, 6)
(14, 7)
(14, 8)
(14, 9)
(14, 10)
(14, 11)
(14, 12)
(14, 13)
(14, 14)
(14, 15)
(14, 16)
kaikki ok
Reitin pituus: 3
(7, 7)
(6, 7)
(6, 8)
(6, 9)
kaikki ok
Reitin pituus: 11
(7, 13)
(6, 13)
(6, 12)
(6, 11)
(6, 10)
(6, 9)
(5, 9)
(4, 9)
(4, 8)
(4, 7)
(4, 6)
(4, 5)
kaikki ok
Reitin pituus: 10
(10, 17)
(11, 17)
(12, 17)
(12, 16)
(12, 15)
(11, 15)
(10, 15)
(9, 15)
(8, 15)
(7, 15)
(6, 15)
kaikki ok
Reitin pituus: 22
(13, 9)
(14, 9)
(14, 10)
(14, 11)
(14, 12)
(14, 13)
(14, 14)
(14, 15)
(13, 15)
(12, 15)
(12, 16)
(12, 17)
(11, 17)
(10, 17)
(10, 18)
(10, 19)
(9, 19)
(8, 19)
(7, 19)
(6, 19)
(5, 19)
(4, 19)
(3, 19)
kaikki ok
Reitin pituus: 19
(2, 19)
(3, 19)
(4, 19)
(5, 19)
(6, 19)
(7, 19)
(8, 19)
(9, 19)
(10, 19)
(10, 18)
(10, 17)
(11, 17)
(12, 17)
(12, 16)
(12, 15)
(13, 15)
(14, 15)
(14, 14)
(14, 13)
(14, 12)
kaikki ok
Reitin pituus: 11
(1, 15)
(2, 15)
(2, 16)
(2, 17)
(1, 17)
(1, 18)
(1, 19)
(2, 19)
(3, 19)
(4, 19)
(5, 19)
(6, 19)
kaikki ok
Reitin pituus: 5
(8, 17)
(7, 17)
(6, 17)
(6, 16)
(6, 15)
(5, 15)
kaikki ok
Reitin pituus: 20
(11, 19)
(10, 19)
(10, 18)
(10, 17)
(11, 17)
(12, 17)
(12, 16)
(12, 15)
(13, 15)
(14, 15)
(14, 14)
(14, 13)
(13, 13)
(12, 13)
(12, 12)
(12, 11)
(12, 10)
(12, 9)
(12, 8)
(12, 7)
(11, 7)
kaikki ok
Reitin pituus: 19
(3, 5)
(4, 5)
(4, 6)
(4, 7)
(4, 8)
(4, 9)
(4, 10)
(4, 11)
(4, 12)
(4, 13)
(4, 14)
(4, 15)
(5, 15)
(6, 15)
(6, 16)
(6, 17)
(7, 17)
(8, 17)
(8, 18)
(8, 19)
kaikki ok
Reitin pituus: 2
(11, 15)
(10, 15)
(10, 14)
kaikki ok
Reitin pituus: 16
(9, 9)
(9, 8)
(9, 7)
(8, 7)
(7, 7)
(6, 7)
(6, 8)
(6, 9)
(6, 10)
(6, 11)
(6, 12)
(6, 13)
(7, 13)
(8, 13)
(8, 14)
(8, 15)
(9, 15)
kaikki ok
Reitin pituus: 12
(6, 8)
(6, 9)
(5, 9)
(4, 9)
(4, 8)
(4, 7)
(4, 6)
(4, 5)
(4, 4)
(4, 3)
(4, 2)
(4, 1)
(3, 1)
kaikki ok
Reitin pituus: 6
(6, 1)
(5, 1)
(4, 1)
(4, 2)
(4, 3)
(4, 4)
(4, 5)
kaikki ok
Reitin pituus: 14
(5, 13)
(6, 13)
(6, 12)
(6, 11)
(7, 11)
(8, 11)
(9, 11)
(10, 11)
(11, 11)
(12, 11)
(12, 10)
(12, 9)
(13, 9)
(14, 9)
(14, 10)
kaikki ok
Reitin pituus: 15
(2, 19)
(3, 19)
(4, 19)
(5, 19)
(6, 19)
(7, 19)
(8, 19)
(9, 19)
(10, 19)
(11, 19)
(12, 19)
(13, 19)
(14, 19)
(15, 19)
(16, 19)
(17, 19)
kaikki ok
Reitin pituus: 11
(16, 5)
(15, 5)
(14, 5)
(14, 6)
(14, 7)
(14, 8)
(14, 9)
(14, 10)
(14, 11)
(14, 12)
(14, 13)
(13, 13)
kaikki ok
Reitin pituus: 22
(8, 19)
(8, 18)
(8, 17)
(7, 17)
(6, 17)
(6, 16)
(6, 15)
(5, 15)
(4, 15)
(4, 14)
(4, 13)
(4, 12)
(4, 11)
(4, 10)
(4, 9)
(4, 8)
(4, 7)
(4, 6)
(4, 5)
(3, 5)
(2, 5)
(1, 5)
(1, 4)
kaikki ok
Reitin pituus: 18
(5, 1)
(4, 1)
(4, 2)
(4, 3)
(5, 3)
(6, 3)
(6, 4)
(6, 5)
(7, 5)
(8, 5)
(8, 6)
(8, 7)
(9, 7)
(10, 7)
(11, 7)
(12, 7)
(12, 8)
(12, 9)
(13, 9)
kaikki ok
Reitin pituus: 29
(12, 19)
(11, 19)
(10, 19)
(10, 18)
(10, 17)
(11, 17)
(12, 17)
(12, 16)
(12, 15)
(13, 15)
(14, 15)
(14, 14)
(14, 13)
(14, 12)
(14, 11)
(14, 10)
(14, 9)
(14, 8)
(14, 7)
(14, 6)
(14, 5)
(14, 4)
(14, 3)
(13, 3)
(12, 3)
(11, 3)
(10, 3)
(9, 3)
(8, 3)
(8, 2)
kaikki ok
Reitin pituus: 18
(17, 18)
(17, 19)
(16, 19)
(15, 19)
(14, 19)
(13, 19)
(12, 19)
(11, 19)
(10, 19)
(9, 19)
(8, 19)
(7, 19)
(6, 19)
(5, 19)
(4, 19)
(3, 19)
(2, 19)
(1, 19)
(1, 18)
kaikki ok
Reitin pituus: 20
(7, 1)
(8, 1)
(8, 2)
(8, 3)
(9, 3)
(10, 3)
(11, 3)
(12, 3)
(13, 3)
(14, 3)
(14, 4)
(14, 5)
(14, 6)
(14, 7)
(14, 8)
(14, 9)
(14, 10)
(14, 11)
(14, 12)
(14, 13)
(15, 13)
kaikki ok
Reitin pituus: 13
(13, 9)
(14, 9)
(14, 10)
(14, 11)
(14, 12)
(14, 13)
(14, 14)
(14, 15)
(14, 16)
(14, 17)
(15, 17)
(16, 17)
(17, 17)
(17, 18)
kaikki ok
Reitin pituus: 14
(12, 8)
(12, 7)
(11, 7)
(10, 7)
(10, 6)
(10, 5)
(11, 5)
(12, 5)
(12, 4)
(12, 3)
(11, 3)
(10, 3)
(9, 3)
(8, 3)
(8, 2)
kaikki ok
Reitin pituus: 12
(1, 3)
(2, 3)
(3, 3)
(4, 3)
(5, 3)
(6, 3)
(6, 4)
(6, 5)
(7, 5)
(8, 5)
(8, 6)
(8, 7)
(7, 7)
kaikki ok
Reitin pituus: 19
(8, 5)
(8, 6)
(8, 7)
(7, 7)
(6, 7)
(6, 8)
(6, 9)
(6, 10)
(6, 11)
(6, 12)
(6, 13)
(5, 13)
(4, 13)
(4, 14)
(4, 15)
(5, 15)
(6, 15)
(6, 16)
(6, 17)
(7, 17)
kaikki ok
Reitin pituus: 23
(4, 17)
(4, 16)
(4, 15)
(5, 15)
(6, 15)
(7, 15)
(8, 15)
(9, 15)
(10, 15)
(10, 14)
(10, 13)
(11, 13)
(12, 13)
(12, 12)
(12, 11)
(12, 10)
(12, 9)
(13, 9)
(14, 9)
(14, 8)
(14, 7)
(14, 6)
(14, 5)
(14, 4)
kaikki ok
Reitin pituus: 15
(14, 2)
(14, 3)
(14, 4)
(14, 5)
(14, 6)
(14, 7)
(14, 8)
(14, 9)
(14, 10)
(14, 11)
(14, 12)
(14, 13)
(15, 13)
(16, 13)
(17, 13)
(17, 14)
kaikki ok
Reitin pituus: 12
(13, 1)
(14, 1)
(14, 2)
(14, 3)
(13, 3)
(12, 3)
(12, 4)
(12, 5)
(11, 5)
(10, 5)
(10, 6)
(10, 7)
(9, 7)
kaikki ok
Reitin pituus: 13
(14, 5)
(14, 4)
(14, 3)
(13, 3)
(12, 3)
(11, 3)
(10, 3)
(9, 3)
(8, 3)
(8, 2)
(8, 1)
(7, 1)
(6, 1)
(5, 1)
kaikki ok
Reitin pituus: 25
(2, 17)
(3, 17)
(4, 17)
(4, 16)
(4, 15)
(4, 14)
(4, 13)
(4, 12)
(4, 11)
(4, 10)
(4, 9)
(5, 9)
(6, 9)
(6, 8)
(6, 7)
(7, 7)
(8, 7)
(9, 7)
(10, 7)
(10, 6)
(10, 5)
(11, 5)
(12, 5)
(12, 4)
(12, 3)
(13, 3)
kaikki ok
Reitin pituus: 18
(10, 11)
(11, 11)
(12, 11)
(12, 12)
(12, 13)
(13, 13)
(14, 13)
(14, 14)
(14, 15)
(14, 16)
(14, 17)
(15, 17)
(16, 17)
(17, 17)
(17, 18)
(17, 19)
(16, 19)
(15, 19)
(14, 19)
kaikki ok
Reitin pituus: 2
(4, 19)
(5, 19)
(6, 19)
kaikki ok
Reitin pituus: 7
(13, 19)
(14, 19)
(15, 19)
(16, 19)
(17, 19)
(17, 18)
(17, 17)
(16, 17)
kaikki ok
Reitin pituus: 17
(8, 2)
(8, 3)
(7, 3)
(6, 3)
(5, 3)
(4, 3)
(4, 4)
(4, 5)
(4, 6)
(4, 7)
(4, 8)
(4, 9)
(4, 10)
(4, 11)
(4, 12)
(4, 13)
(4, 14)
(4, 15)
kaikki ok
Reitin pituus: 5
(15, 5)
(16, 5)
(17, 5)
(17, 4)
(17, 3)
(16, 3)
kaikki ok
Reitin pituus: 22
(14, 4)
(14, 5)
(14, 6)
(14, 7)
(14, 8)
(14, 9)
(13, 9)
(12, 9)
(12, 10)
(12, 11)
(12, 12)
(12, 13)
(11, 13)
(10, 13)
(10, 14)
(10, 15)
(9, 15)
(8, 15)
(7, 15)
(6, 15)
(6, 16)
(6, 17)
(7, 17)
kaikki ok
Reitin pituus: 7
(14, 1)
(13, 1)
(12, 1)
(11, 1)
(10, 1)
(10, 2)
(10, 3)
(9, 3)
kaikki ok
Reitin pituus: 12
(8, 19)
(9, 19)
(10, 19)
(10, 18)
(10, 17)
(11, 17)
(12, 17)
(12, 16)
(12, 15)
(11, 15)
(10, 15)
(10, 14)
(10, 13)
kaikki ok
Reitin pituus: 16
(8, 5)
(8, 6)
(8, 7)
(7, 7)
(6, 7)
(6, 8)
(6, 9)
(6, 10)
(6, 11)
(6, 12)
(6, 13)
(5, 13)
(4, 13)
(4, 14)
(4, 15)
(4, 16)
(4, 17)
kaikki ok
Reitin pituus: 15
(2, 17)
(3, 17)
(4, 17)
(4, 16)
(4, 15)
(4, 14)
(4, 13)
(5, 13)
(6, 13)
(6, 12)
(6, 11)
(7, 11)
(8, 11)
(9, 11)
(10, 11)
(11, 11)
kaikki ok
Reitin pituus: 23
(17, 14)
(17, 13)
(16, 13)
(15, 13)
(14, 13)
(14, 12)
(14, 11)
(14, 10)
(14, 9)
(14, 8)
(14, 7)
(14, 6)
(14, 5)
(14, 4)
(14, 3)
(13, 3)
(12, 3)
(11, 3)
(10, 3)
(9, 3)
(8, 3)
(7, 3)
(6, 3)
(5, 3)
kaikki ok
Reitin pituus: 11
(6, 12)
(6, 11)
(6, 10)
(6, 9)
(6, 8)
(6, 7)
(7, 7)
(8, 7)
(9, 7)
(9, 8)
(9, 9)
(8, 9)
kaikki ok
Reitin pituus: 15
(14, 4)
(14, 3)
(13, 3)
(12, 3)
(12, 4)
(12, 5)
(11, 5)
(10, 5)
(10, 6)
(10, 7)
(9, 7)
(8, 7)
(7, 7)
(6, 7)
(6, 8)
(6, 9)
kaikki ok
Reitin pituus: 7
(6, 16)
(6, 15)
(7, 15)
(8, 15)
(9, 15)
(10, 15)
(10, 14)
(10, 13)
kaikki ok
Reitin pituus: 14
(12, 5)
(12, 4)
(12, 3)
(11, 3)
(10, 3)
(9, 3)
(8, 3)
(7, 3)
(6, 3)
(5, 3)
(4, 3)
(4, 4)
(4, 5)
(4, 6)
(4, 7)
kaikki ok
Reitin pituus: 14
(14, 7)
(14, 8)
(14, 9)
(13, 9)
(12, 9)
(12, 10)
(12, 11)
(12, 12)
(12, 13)
(11, 13)
(10, 13)
(10, 14)
(10, 15)
(9, 15)
(8, 15)
kaikki ok
Reitin pituus: 17
(15, 19)
(14, 19)
(13, 19)
(12, 19)
(11, 19)
(10, 19)
(9, 19)
(8, 19)
(7, 19)
(6, 19)
(5, 19)
(4, 19)
(3, 19)
(2, 19)
(1, 19)
(1, 18)
(1, 17)
(2, 17)
kaikki ok
Reitin pituus: 7
(13, 13)
(14, 13)
(14, 12)
(14, 11)
(14, 10)
(14, 9)
(14, 8)
(14, 7)
kaikki ok
Reitin pituus: 24
(11, 3)
(10, 3)
(9, 3)
(8, 3)
(7, 3)
(6, 3)
(5, 3)
(4, 3)
(4, 4)
(4, 5)
(4, 6)
(4, 7)
(4, 8)
(4, 9)
(4, 10)
(4, 11)
(4, 12)
(4, 13)
(4, 14)
(4, 15)
(5, 15)
(6, 15)
(6, 16)
(6, 17)
(7, 17)
kaikki ok
Reitin pituus: 12
(4, 15)
(5, 15)
(6, 15)
(6, 16)
(6, 17)
(7, 17)
(8, 17)
(8, 18)
(8, 19)
(9, 19)
(10, 19)
(11, 19)
(12, 19)
kaikki ok
Reitin pituus: 16
(16, 17)
(15, 17)
(14, 17)
(14, 16)
(14, 15)
(14, 14)
(14, 13)
(14, 12)
(14, 11)
(14, 10)
(14, 9)
(13, 9)
(12, 9)
(12, 8)
(12, 7)
(11, 7)
(10, 7)
kaikki ok
Reitin pituus: 30
(14, 2)
(14, 3)
(13, 3)
(12, 3)
(12, 4)
(12, 5)
(11, 5)
(10, 5)
(10, 6)
(10, 7)
(9, 7)
(8, 7)
(7, 7)
(6, 7)
(6, 8)
(6, 9)
(6, 10)
(6, 11)
(6, 12)
(6, 13)
(5, 13)
(4, 13)
(4, 14)
(4, 15)
(4, 16)
(4, 17)
(3, 17)
(2, 17)
(1, 17)
(1, 18)
(1, 19)
kaikki ok
Reitin pituus: 12
(7, 19)
(8, 19)
(8, 18)
(8, 17)
(7, 17)
(6, 17)
(6, 16)
(6, 15)
(5, 15)
(4, 15)
(4, 14)
(4, 13)
(3, 13)
kaikki ok
Reitin pituus: 22
(16, 5)
(15, 5)
(14, 5)
(14, 6)
(14, 7)
(14, 8)
(14, 9)
(14, 10)
(14, 11)
(14, 12)
(14, 13)
(14, 14)
(14, 15)
(13, 15)
(12, 15)
(12, 16)
(12, 17)
(11, 17)
(10, 17)
(10, 18)
(10, 19)
(9, 19)
(8, 19)
kaikki ok
Reitin pituus: 16
(12, 15)
(13, 15)
(14, 15)
(14, 14)
(14, 13)
(14, 12)
(14, 11)
(14, 10)
(14, 9)
(13, 9)
(12, 9)
(12, 8)
(12, 7)
(11, 7)
(10, 7)
(9, 7)
(9, 8)
kaikki ok
Reitin pituus: 19
(17, 4)
(17, 5)
(16, 5)
(15, 5)
(14, 5)
(14, 6)
(14, 7)
(14, 8)
(14, 9)
(14, 10)
(14, 11)
(14, 12)
(14, 13)
(14, 14)
(14, 15)
(13, 15)
(12, 15)
(12, 16)
(12, 17)
(11, 17)
kaikki ok
Reitin pituus: 25
(12, 17)
(12, 16)
(12, 15)
(11, 15)
(10, 15)
(9, 15)
(8, 15)
(8, 14)
(8, 13)
(7, 13)
(6, 13)
(5, 13)
(4, 13)
(4, 12)
(4, 11)
(4, 10)
(4, 9)
(4, 8)
(4, 7)
(4, 6)
(4, 5)
(4, 4)
(4, 3)
(4, 2)
(4, 1)
(3, 1)
kaikki ok
Reitin pituus: 20
(14, 13)
(13, 13)
(12, 13)
(12, 12)
(12, 11)
(11, 11)
(10, 11)
(9, 11)
(8, 11)
(7, 11)
(6, 11)
(6, 10)
(6, 9)
(5, 9)
(4, 9)
(4, 8)
(4, 7)
(4, 6)
(4, 5)
(3, 5)
(2, 5)
kaikki ok
Reitin pituus: 5
(8, 17)
(8, 18)
(8, 19)
(9, 19)
(10, 19)
(11, 19)
kaikki ok
Reitin pituus: 1
(17, 15)
(17, 14)
kaikki ok
Reitin pituus: 9
(12, 8)
(12, 9)
(13, 9)
(14, 9)
(14, 8)
(14, 7)
(14, 6)
(14, 5)
(15, 5)
(16, 5)
kaikki ok
Reitin pituus: 14
(13, 3)
(12, 3)
(11, 3)
(10, 3)
(9, 3)
(8, 3)
(7, 3)
(6, 3)
(5, 3)
(4, 3)
(3, 3)
(2, 3)
(1, 3)
(1, 2)
(1, 1)
kaikki ok
Reitin pituus: 20
(12, 17)
(12, 16)
(12, 15)
(11, 15)
(10, 15)
(9, 15)
(8, 15)
(8, 14)
(8, 13)
(7, 13)
(6, 13)
(5, 13)
(4, 13)
(4, 12)
(4, 11)
(4, 10)
(4, 9)
(4, 8)
(4, 7)
(4, 6)
(4, 5)
kaikki ok
Reitin pituus: 11
(6, 9)
(6, 8)
(6, 7)
(7, 7)
(8, 7)
(9, 7)
(10, 7)
(10, 6)
(10, 5)
(11, 5)
(12, 5)
(12, 4)
kaikki ok
Reitin pituus: 16
(8, 2)
(8, 3)
(7, 3)
(6, 3)
(5, 3)
(4, 3)
(4, 4)
(4, 5)
(4, 6)
(4, 7)
(4, 8)
(4, 9)
(5, 9)
(6, 9)
(6, 10)
(6, 11)
(7, 11)
kaikki ok
Reitin pituus: 16
(13, 1)
(14, 1)
(14, 2)
(14, 3)
(14, 4)
(14, 5)
(14, 6)
(14, 7)
(14, 8)
(14, 9)
(13, 9)
(12, 9)
(12, 10)
(12, 11)
(11, 11)
(10, 11)
(9, 11)
kaikki ok
Reitin pituus: 19
(7, 3)
(8, 3)
(9, 3)
(10, 3)
(11, 3)
(12, 3)
(13, 3)
(14, 3)
(14, 4)
(14, 5)
(14, 6)
(14, 7)
(14, 8)
(14, 9)
(14, 10)
(14, 11)
(14, 12)
(14, 13)
(15, 13)
(16, 13)
kaikki ok
Reitin pituus: 14
(4, 12)
(4, 11)
(4, 10)
(4, 9)
(4, 8)
(4, 7)
(4, 6)
(4, 5)
(4, 4)
(4, 3)
(4, 2)
(4, 1)
(5, 1)
(6, 1)
(7, 1)
kaikki ok
Reitin pituus: 23
(2, 1)
(3, 1)
(4, 1)
(4, 2)
(4, 3)
(4, 4)
(4, 5)
(4, 6)
(4, 7)
(4, 8)
(4, 9)
(4, 10)
(4, 11)
(4, 12)
(4, 13)
(4, 14)
(4, 15)
(5, 15)
(6, 15)
(6, 16)
(6, 17)
(7, 17)
(8, 17)
(8, 18)
kaikki ok
Reitin pituus: 20
(2, 15)
(1, 15)
(1, 14)
(1, 13)
(2, 13)
(3, 13)
(4, 13)
(5, 13)
(6, 13)
(6, 12)
(6, 11)
(6, 10)
(6, 9)
(6, 8)
(6, 7)
(7, 7)
(8, 7)
(9, 7)
(9, 8)
(9, 9)
(8, 9)
kaikki ok
Reitin pituus: 9
(17, 2)
(17, 3)
(16, 3)
(15, 3)
(14, 3)
(13, 3)
(12, 3)
(11, 3)
(10, 3)
(9, 3)
kaikki ok
Reitin pituus: 15
(8, 9)
(9, 9)
(9, 8)
(9, 7)
(10, 7)
(10, 6)
(10, 5)
(11, 5)
(12, 5)
(12, 4)
(12, 3)
(13, 3)
(14, 3)
(15, 3)
(16, 3)
(17, 3)
kaikki ok
Reitin pituus: 16
(14, 8)
(14, 9)
(13, 9)
(12, 9)
(12, 10)
(12, 11)
(11, 11)
(10, 11)
(9, 11)
(8, 11)
(7, 11)
(6, 11)
(6, 12)
(6, 13)
(5, 13)
(4, 13)
(4, 12)
kaikki ok
Reitin pituus: 17
(1, 15)
(1, 14)
(1, 13)
(2, 13)
(3, 13)
(4, 13)
(4, 12)
(4, 11)
(4, 10)
(4, 9)
(4, 8)
(4, 7)
(4, 6)
(4, 5)
(4, 4)
(4, 3)
(4, 2)
(4, 1)
kaikki ok
Reitin pituus: 14
(14, 1)
(13, 1)
(12, 1)
(11, 1)
(10, 1)
(10, 2)
(10, 3)
(9, 3)
(8, 3)
(7, 3)
(6, 3)
(5, 3)
(4, 3)
(3, 3)
(2, 3)
kaikki ok
Reitin pituus: 18
(13, 19)
(12, 19)
(11, 19)
(10, 19)
(9, 19)
(8, 19)
(7, 19)
(6, 19)
(5, 19)
(4, 19)
(3, 19)
(2, 19)
(1, 19)
(1, 18)
(1, 17)
(2, 17)
(2, 16)
(2, 15)
(1, 15)
kaikki ok
Reitin pituus: 6
(9, 19)
(8, 19)
(7, 19)
(6, 19)
(5, 19)
(4, 19)
(3, 19)
kaikki ok
Reitin pituus: 16
(16, 5)
(15, 5)
(14, 5)
(14, 4)
(14, 3)
(13, 3)
(12, 3)
(11, 3)
(10, 3)
(9, 3)
(8, 3)
(7, 3)
(6, 3)
(5, 3)
(4, 3)
(3, 3)
(2, 3)
kaikki ok
Reitin pituus: 12
(6, 12)
(6, 13)
(7, 13)
(8, 13)
(8, 14)
(8, 15)
(9, 15)
(10, 15)
(11, 15)
(12, 15)
(13, 15)
(14, 15)
(14, 16)
kaikki ok
Reitin pituus: 26
(7, 19)
(8, 19)
(9, 19)
(10, 19)
(10, 18)
(10, 17)
(11, 17)
(12, 17)
(12, 16)
(12, 15)
(13, 15)
(14, 15)
(14, 14)
(14, 13)
(14, 12)
(14, 11)
(14, 10)
(14, 9)
(13, 9)
(12, 9)
(12, 8)
(12, 7)
(11, 7)
(10, 7)
(10, 6)
(10, 5)
(11, 5)
kaikki ok
Reitin pituus: 31
(1, 19)
(1, 18)
(1, 17)
(2, 17)
(3, 17)
(4, 17)
(4, 16)
(4, 15)
(5, 15)
(6, 15)
(7, 15)
(8, 15)
(9, 15)
(10, 15)
(10, 14)
(10, 13)
(11, 13)
(12, 13)
(12, 12)
(12, 11)
(12, 10)
(12, 9)
(13, 9)
(14, 9)
(14, 8)
(14, 7)
(14, 6)
(14, 5)
(14, 4)
(14, 3)
(15, 3)
(16, 3)
kaikki ok
Reitin pituus: 8
(12, 13)
(11, 13)
(10, 13)
(10, 14)
(10, 15)
(11, 15)
(12, 15)
(12, 16)
(12, 17)
kaikki ok
Reitin pituus: 13
(6, 15)
(7, 15)
(8, 15)
(9, 15)
(10, 15)
(10, 14)
(10, 13)
(11, 13)
(12, 13)
(12, 12)
(12, 11)
(12, 10)
(12, 9)
(12, 8)
kaikki ok
Reitin pituus: 16
(4, 15)
(4, 14)
(4, 13)
(4, 12)
(4, 11)
(4, 10)
(4, 9)
(4, 8)
(4, 7)
(4, 6)
(4, 5)
(4, 4)
(4, 3)
(3, 3)
(2, 3)
(1, 3)
(1, 2)
kaikki ok
Reitin pituus: 8
(7, 17)
(6, 17)
(6, 16)
(6, 15)
(5, 15)
(4, 15)
(4, 14)
(4, 13)
(5, 13)
kaikki ok
Reitin pituus: 17
(1, 3)
(2, 3)
(3, 3)
(4, 3)
(5, 3)
(6, 3)
(7, 3)
(8, 3)
(9, 3)
(10, 3)
(11, 3)
(12, 3)
(13, 3)
(14, 3)
(14, 4)
(14, 5)
(14, 6)
(14, 7)
kaikki ok
Reitin pituus: 26
(14, 16)
(14, 15)
(13, 15)
(12, 15)
(11, 15)
(10, 15)
(9, 15)
(8, 15)
(8, 14)
(8, 13)
(7, 13)
(6, 13)
(6, 12)
(6, 11)
(6, 10)
(6, 9)
(5, 9)
(4, 9)
(4, 8)
(4, 7)
(4, 6)
(4, 5)
(4, 4)
(4, 3)
(3, 3)
(2, 3)
(1, 3)
kaikki ok
Reitin pituus: 5
(9, 8)
(9, 7)
(8, 7)
(7, 7)
(6, 7)
(6, 8)
kaikki ok
Reitin pituus: 17
(9, 7)
(10, 7)
(11, 7)
(12, 7)
(12, 8)
(12, 9)
(13, 9)
(14, 9)
(14, 10)
(14, 11)
(14, 12)
(14, 13)
(15, 13)
(16, 13)
(17, 13)
(17, 14)
(17, 15)
(16, 15)
kaikki ok
Reitin pituus: 16
(9, 7)
(10, 7)
(11, 7)
(12, 7)
(12, 8)
(12, 9)
(13, 9)
(14, 9)
(14, 10)
(14, 11)
(14, 12)
(14, 13)
(14, 14)
(14, 15)
(13, 15)
(12, 15)
(12, 16)
kaikki ok
Reitin pituus: 16
(8, 14)
(8, 13)
(7, 13)
(6, 13)
(5, 13)
(4, 13)
(4, 12)
(4, 11)
(4, 10)
(4, 9)
(4, 8)
(4, 7)
(4, 6)
(4, 5)
(4, 4)
(4, 3)
(4, 2)
kaikki ok
Reitin pituus: 22
(1, 19)
(1, 18)
(1, 17)
(2, 17)
(3, 17)
(4, 17)
(4, 16)
(4, 15)
(4, 14)
(4, 13)
(5, 13)
(6, 13)
(6, 12)
(6, 11)
(6, 10)
(6, 9)
(6, 8)
(6, 7)
(7, 7)
(8, 7)
(9, 7)
(10, 7)
(10, 6)
kaikki ok
Reitin pituus: 19
(14, 11)
(14, 12)
(14, 13)
(13, 13)
(12, 13)
(12, 12)
(12, 11)
(11, 11)
(10, 11)
(9, 11)
(8, 11)
(7, 11)
(6, 11)
(6, 12)
(6, 13)
(5, 13)
(4, 13)
(3, 13)
(2, 13)
(1, 13)
kaikki ok
Reitin pituus: 19
(17, 18)
(17, 17)
(16, 17)
(15, 17)
(14, 17)
(14, 16)
(14, 15)
(13, 15)
(12, 15)
(11, 15)
(10, 15)
(9, 15)
(8, 15)
(7, 15)
(6, 15)
(5, 15)
(4, 15)
(4, 14)
(4, 13)
(3, 13)
kaikki ok
Reitin pituus: 17
(7, 7)
(6, 7)
(6, 8)
(6, 9)
(5, 9)
(4, 9)
(4, 10)
(4, 11)
(4, 12)
(4, 13)
(4, 14)
(4, 15)
(4, 16)
(4, 17)
(3, 17)
(2, 17)
(1, 17)
(1, 18)
kaikki ok
Reitin pituus: 4
(6, 9)
(5, 9)
(4, 9)
(4, 10)
(4, 11)
kaikki ok
Reitin pituus: 17
(6, 5)
(7, 5)
(8, 5)
(8, 6)
(8, 7)
(7, 7)
(6, 7)
(6, 8)
(6, 9)
(6, 10)
(6, 11)
(6, 12)
(6, 13)
(7, 13)
(8, 13)
(8, 14)
(8, 15)
(7, 15)
kaikki ok
Reitin pituus: 16
(10, 6)
(10, 7)
(9, 7)
(8, 7)
(7, 7)
(6, 7)
(6, 8)
(6, 9)
(5, 9)
(4, 9)
(4, 10)
(4, 11)
(4, 12)
(4, 13)
(4, 14)
(4, 15)
(5, 15)
kaikki ok
Reitin pituus: 9
(14, 10)
(14, 11)
(14, 12)
(14, 13)
(14, 14)
(14, 15)
(13, 15)
(12, 15)
(11, 15)
(10, 15)
kaikki ok
Reitin pituus: 3
(11, 7)
(10, 7)
(9, 7)
(8, 7)
kaikki ok
Reitin pituus: 16
(14, 10)
(14, 9)
(13, 9)
(12, 9)
(12, 10)
(12, 11)
(11, 11)
(10, 11)
(9, 11)
(8, 11)
(7, 11)
(6, 11)
(6, 10)
(6, 9)
(5, 9)
(4, 9)
(4, 8)
kaikki ok
Reitin pituus: 22
(17, 1)
(17, 2)
(17, 3)
(17, 4)
(17, 5)
(16, 5)
(15, 5)
(14, 5)
(14, 6)
(14, 7)
(14, 8)
(14, 9)
(14, 10)
(14, 11)
(14, 12)
(14, 13)
(14, 14)
(14, 15)
(14, 16)
(14, 17)
(15, 17)
(16, 17)
(17, 17)
kaikki ok
Reitin pituus: 25
(2, 17)
(3, 17)
(4, 17)
(4, 16)
(4, 15)
(4, 14)
(4, 13)
(4, 12)
(4, 11)
(4, 10)
(4, 9)
(5, 9)
(6, 9)
(6, 8)
(6, 7)
(7, 7)
(8, 7)
(9, 7)
(10, 7)
(10, 6)
(10, 5)
(11, 5)
(12, 5)
(12, 4)
(12, 3)
(13, 3)
kaikki ok
Reitin pituus: 7
(12, 9)
(12, 10)
(12, 11)
(11, 11)
(10, 11)
(9, 11)
(8, 11)
(7, 11)
kaikki ok
Reitin pituus: 10
(10, 11)
(9, 11)
(8, 11)
(7, 11)
(6, 11)
(6, 12)
(6, 13)
(5, 13)
(4, 13)
(4, 14)
(4, 15)
kaikki ok
Reitin pituus: 6
(4, 11)
(4, 10)
(4, 9)
(5, 9)
(6, 9)
(6, 10)
(6, 11)
kaikki ok
Reitin pituus: 25
(15, 3)
(14, 3)
(13, 3)
(12, 3)
(12, 4)
(12, 5)
(11, 5)
(10, 5)
(10, 6)
(10, 7)
(9, 7)
(8, 7)
(7, 7)
(6, 7)
(6, 8)
(6, 9)
(5, 9)
(4, 9)
(4, 10)
(4, 11)
(4, 12)
(4, 13)
(4, 14)
(4, 15)
(4, 16)
(4, 17)
kaikki ok
Reitin pituus: 16
(7, 13)
(6, 13)
(6, 12)
(6, 11)
(6, 10)
(6, 9)
(6, 8)
(6, 7)
(7, 7)
(8, 7)
(9, 7)
(10, 7)
(10, 6)
(10, 5)
(11, 5)
(12, 5)
(12, 4)
kaikki ok
Reitin pituus: 11
(8, 1)
(8, 2)
(8, 3)
(9, 3)
(10, 3)
(11, 3)
(12, 3)
(12, 4)
(12, 5)
(11, 5)
(10, 5)
(10, 6)
kaikki ok
Reitin pituus: 10
(1, 14)
(1, 13)
(2, 13)
(3, 13)
(4, 13)
(4, 12)
(4, 11)
(4, 10)
(4, 9)
(4, 8)
(4, 7)
kaikki ok
Reitin pituus: 22
(6, 17)
(6, 16)
(6, 15)
(7, 15)
(8, 15)
(9, 15)
(10, 15)
(10, 14)
(10, 13)
(11, 13)
(12, 13)
(12, 12)
(12, 11)
(12, 10)
(12, 9)
(12, 8)
(12, 7)
(11, 7)
(10, 7)
(10, 6)
(10, 5)
(11, 5)
(12, 5)
kaikki ok
Reitin pituus: 14
(10, 2)
(10, 3)
(9, 3)
(8, 3)
(7, 3)
(6, 3)
(5, 3)
(4, 3)
(4, 4)
(4, 5)
(4, 6)
(4, 7)
(4, 8)
(4, 9)
(4, 10)
kaikki ok
Reitin pituus: 0
(6, 7)
kaikki ok
Reitin pituus: 16
(1, 1)
(1, 2)
(1, 3)
(1, 4)
(1, 5)
(2, 5)
(3, 5)
(4, 5)
(4, 6)
(4, 7)
(4, 8)
(4, 9)
(4, 10)
(4, 11)
(4, 12)
(4, 13)
(5, 13)
kaikki ok
Reitin pituus: 10
(12, 11)
(11, 11)
(10, 11)
(9, 11)
(8, 11)
(7, 11)
(6, 11)
(6, 10)
(6, 9)
(5, 9)
(4, 9)
kaikki ok
Reitin pituus: 4
(4, 4)
(4, 3)
(3, 3)
(2, 3)
(1, 3)
kaikki ok
Reitin pituus: 6
(3, 5)
(4, 5)
(4, 4)
(4, 3)
(4, 2)
(4, 1)
(3, 1)
kaikki ok
Reitin pituus: 13
(13, 9)
(14, 9)
(14, 10)
(14, 11)
(14, 12)
(14, 13)
(14, 14)
(14, 15)
(13, 15)
(12, 15)
(12, 16)
(12, 17)
(11, 17)
(10, 17)
kaikki ok
Reitin pituus: 14
(15, 19)
(16, 19)
(17, 19)
(17, 18)
(17, 17)
(16, 17)
(15, 17)
(14, 17)
(14, 16)
(14, 15)
(14, 14)
(14, 13)
(14, 12)
(14, 11)
(14, 10)
kaikki ok
Reitin pituus: 17
(3, 19)
(2, 19)
(1, 19)
(1, 18)
(1, 17)
(2, 17)
(3, 17)
(4, 17)
(4, 16)
(4, 15)
(4, 14)
(4, 13)
(4, 12)
(4, 11)
(4, 10)
(4, 9)
(4, 8)
(4, 7)
kaikki ok
Reitin pituus: 14
(2, 13)
(3, 13)
(4, 13)
(5, 13)
(6, 13)
(6, 12)
(6, 11)
(6, 10)
(6, 9)
(6, 8)
(6, 7)
(7, 7)
(8, 7)
(9, 7)
(9, 8)
kaikki ok
Reitin pituus: 15
(4, 9)
(4, 8)
(4, 7)
(4, 6)
(4, 5)
(4, 4)
(4, 3)
(5, 3)
(6, 3)
(7, 3)
(8, 3)
(9, 3)
(10, 3)
(10, 2)
(10, 1)
(11, 1)
kaikki ok
Reitin pituus: 19
(10, 15)
(9, 15)
(8, 15)
(8, 14)
(8, 13)
(7, 13)
(6, 13)
(6, 12)
(6, 11)
(6, 10)
(6, 9)
(6, 8)
(6, 7)
(7, 7)
(8, 7)
(8, 6)
(8, 5)
(7, 5)
(6, 5)
(6, 4)
kaikki ok
Reitin pituus: 22
(10, 5)
(10, 6)
(10, 7)
(11, 7)
(12, 7)
(12, 8)
(12, 9)
(13, 9)
(14, 9)
(14, 10)
(14, 11)
(14, 12)
(14, 13)
(14, 14)
(14, 15)
(14, 16)
(14, 17)
(15, 17)
(16, 17)
(17, 17)
(17, 18)
(17, 19)
(16, 19)
kaikki ok
Reitin pituus: 15
(12, 9)
(12, 10)
(12, 11)
(12, 12)
(12, 13)
(11, 13)
(10, 13)
(10, 14)
(10, 15)
(9, 15)
(8, 15)
(7, 15)
(6, 15)
(5, 15)
(4, 15)
(4, 16)
kaikki ok
Reitin pituus: 5
(4, 10)
(4, 9)
(5, 9)
(6, 9)
(6, 8)
(6, 7)
kaikki ok
Reitin pituus: 19
(13, 1)
(12, 1)
(11, 1)
(10, 1)
(10, 2)
(10, 3)
(9, 3)
(8, 3)
(7, 3)
(6, 3)
(5, 3)
(4, 3)
(4, 4)
(4, 5)
(4, 6)
(4, 7)
(4, 8)
(4, 9)
(4, 10)
(4, 11)
kaikki ok
Reitin pituus: 24
(16, 19)
(17, 19)
(17, 18)
(17, 17)
(16, 17)
(15, 17)
(14, 17)
(14, 16)
(14, 15)
(14, 14)
(14, 13)
(14, 12)
(14, 11)
(14, 10)
(14, 9)
(14, 8)
(14, 7)
(14, 6)
(14, 5)
(14, 4)
(14, 3)
(14, 2)
(14, 1)
(13, 1)
(12, 1)
kaikki ok
Reitin pituus: 17
(11, 11)
(12, 11)
(12, 10)
(12, 9)
(13, 9)
(14, 9)
(14, 8)
(14, 7)
(14, 6)
(14, 5)
(14, 4)
(14, 3)
(13, 3)
(12, 3)
(11, 3)
(10, 3)
(10, 2)
(10, 1)
kaikki ok
Reitin pituus: 7
(14, 7)
(14, 8)
(14, 9)
(14, 10)
(14, 11)
(14, 12)
(14, 13)
(13, 13)
kaikki ok
Reitin pituus: 14
(15, 13)
(14, 13)
(13, 13)
(12, 13)
(12, 12)
(12, 11)
(12, 10)
(12, 9)
(12, 8)
(12, 7)
(11, 7)
(10, 7)
(10, 6)
(10, 5)
(11, 5)
kaikki ok
Reitin pituus: 25
(17, 2)
(17, 3)
(17, 4)
(17, 5)
(16, 5)
(15, 5)
(14, 5)
(14, 6)
(14, 7)
(14, 8)
(14, 9)
(13, 9)
(12, 9)
(12, 10)
(12, 11)
(12, 12)
(12, 13)
(11, 13)
(10, 13)
(10, 14)
(10, 15)
(9, 15)
(8, 15)
(7, 15)
(6, 15)
(5, 15)
kaikki ok
Reitin pituus: 11
(11, 3)
(12, 3)
(12, 4)
(12, 5)
(11, 5)
(10, 5)
(10, 6)
(10, 7)
(11, 7)
(12, 7)
(12, 8)
(12, 9)
kaikki ok
Reitin pituus: 17
(14, 16)
(14, 15)
(14, 14)
(14, 13)
(13, 13)
(12, 13)
(12, 12)
(12, 11)
(12, 10)
(12, 9)
(12, 8)
(12, 7)
(11, 7)
(10, 7)
(9, 7)
(8, 7)
(8, 6)
(8, 5)
kaikki ok
Reitin pituus: 4
(14, 9)
(13, 9)
(12, 9)
(12, 8)
(12, 7)
kaikki ok
Reitin pituus: 0
(14, 15)
kaikki ok
Reitin pituus: 10
(8, 6)
(8, 7)
(7, 7)
(6, 7)
(6, 8)
(6, 9)
(6, 10)
(6, 11)
(7, 11)
(8, 11)
(9, 11)
kaikki ok
Reitin pituus: 19
(16, 16)
(16, 17)
(15, 17)
(14, 17)
(14, 16)
(14, 15)
(14, 14)
(14, 13)
(13, 13)
(12, 13)
(12, 12)
(12, 11)
(11, 11)
(10, 11)
(9, 11)
(8, 11)
(7, 11)
(6, 11)
(6, 10)
(6, 9)
kaikki ok
Reitin pituus: 28
(16, 15)
(17, 15)
(17, 14)
(17, 13)
(16, 13)
(15, 13)
(14, 13)
(13, 13)
(12, 13)
(12, 12)
(12, 11)
(11, 11)
(10, 11)
(9, 11)
(8, 11)
(7, 11)
(6, 11)
(6, 10)
(6, 9)
(5, 9)
(4, 9)
(4, 8)
(4, 7)
(4, 6)
(4, 5)
(3, 5)
(2, 5)
(1, 5)
(1, 4)
kaikki ok
Reitin pituus: 23
(10, 3)
(9, 3)
(8, 3)
(7, 3)
(6, 3)
(5, 3)
(4, 3)
(4, 4)
(4, 5)
(4, 6)
(4, 7)
(4, 8)
(4, 9)
(4, 10)
(4, 11)
(4, 12)
(4, 13)
(4, 14)
(4, 15)
(4, 16)
(4, 17)
(3, 17)
(2, 17)
(1, 17)
kaikki ok
Reitin pituus: 28
(17, 2)
(17, 3)
(17, 4)
(17, 5)
(16, 5)
(15, 5)
(14, 5)
(14, 6)
(14, 7)
(14, 8)
(14, 9)
(14, 10)
(14, 11)
(14, 12)
(14, 13)
(14, 14)
(14, 15)
(13, 15)
(12, 15)
(12, 16)
(12, 17)
(11, 17)
(10, 17)
(10, 18)
(10, 19)
(9, 19)
(8, 19)
(7, 19)
(6, 19)
kaikki ok
Reitin pituus: 7
(4, 1)
(4, 2)
(4, 3)
(5, 3)
(6, 3)
(6, 4)
(6, 5)
(7, 5)
kaikki ok
Reitin pituus: 6
(1, 17)
(1, 18)
(1, 19)
(2, 19)
(3, 19)
(4, 19)
(5, 19)
kaikki ok
Reitin pituus: 15
(14, 17)
(14, 16)
(14, 15)
(14, 14)
(14, 13)
(14, 12)
(14, 11)
(14, 10)
(14, 9)
(14, 8)
(14, 7)
(14, 6)
(14, 5)
(14, 4)
(14, 3)
(14, 2)
kaikki ok
Reitin pituus: 16
(4, 9)
(4, 10)
(4, 11)
(4, 12)
(4, 13)
(4, 14)
(4, 15)
(5, 15)
(6, 15)
(7, 15)
(8, 15)
(9, 15)
(10, 15)
(11, 15)
(12, 15)
(12, 16)
(12, 17)
kaikki ok
Reitin pituus: 18
(4, 1)
(4, 2)
(4, 3)
(5, 3)
(6, 3)
(7, 3)
(8, 3)
(9, 3)
(10, 3)
(11, 3)
(12, 3)
(13, 3)
(14, 3)
(14, 4)
(14, 5)
(14, 6)
(14, 7)
(14, 8)
(14, 9)
kaikki ok
Reitin pituus: 16
(4, 2)
(4, 3)
(5, 3)
(6, 3)
(6, 4)
(6, 5)
(7, 5)
(8, 5)
(8, 6)
(8, 7)
(9, 7)
(10, 7)
(11, 7)
(12, 7)
(12, 8)
(12, 9)
(13, 9)
kaikki ok
Reitin pituus: 15
(6, 12)
(6, 11)
(7, 11)
(8, 11)
(9, 11)
(10, 11)
(11, 11)
(12, 11)
(12, 12)
(12, 13)
(13, 13)
(14, 13)
(15, 13)
(16, 13)
(17, 13)
(17, 14)
kaikki ok
Reitin pituus: 6
(8, 19)
(9, 19)
(10, 19)
(10, 18)
(10, 17)
(11, 17)
(12, 17)
kaikki ok
Reitin pituus: 9
(2, 16)
(2, 17)
(3, 17)
(4, 17)
(4, 16)
(4, 15)
(4, 14)
(4, 13)
(5, 13)
(6, 13)
kaikki ok
Reitin pituus: 11
(12, 5)
(11, 5)
(10, 5)
(10, 6)
(10, 7)
(9, 7)
(8, 7)
(7, 7)
(6, 7)
(6, 8)
(6, 9)
(6, 10)
kaikki ok
Reitin pituus: 15
(5, 19)
(6, 19)
(7, 19)
(8, 19)
(9, 19)
(10, 19)
(10, 18)
(10, 17)
(11, 17)
(12, 17)
(12, 16)
(12, 15)
(13, 15)
(14, 15)
(14, 16)
(14, 17)
kaikki ok
Reitin pituus: 17
(1, 1)
(1, 2)
(1, 3)
(1, 4)
(1, 5)
(2, 5)
(3, 5)
(4, 5)
(4, 6)
(4, 7)
(4, 8)
(4, 9)
(5, 9)
(6, 9)
(6, 10)
(6, 11)
(7, 11)
(8, 11)
kaikki ok
Reitin pituus: 9
(11, 19)
(10, 19)
(9, 19)
(8, 19)
(8, 18)
(8, 17)
(7, 17)
(6, 17)
(6, 16)
(6, 15)
kaikki ok
Reitin pituus: 8
(12, 10)
(12, 11)
(12, 12)
(12, 13)
(11, 13)
(10, 13)
(10, 14)
(10, 15)
(11, 15)
kaikki ok
Reitin pituus: 25
(11, 19)
(10, 19)
(9, 19)
(8, 19)
(8, 18)
(8, 17)
(7, 17)
(6, 17)
(6, 16)
(6, 15)
(5, 15)
(4, 15)
(4, 14)
(4, 13)
(4, 12)
(4, 11)
(4, 10)
(4, 9)
(4, 8)
(4, 7)
(4, 6)
(4, 5)
(3, 5)
(2, 5)
(1, 5)
(1, 4)
kaikki ok
Reitin pituus: 28
(10, 1)
(11, 1)
(12, 1)
(13, 1)
(14, 1)
(14, 2)
(14, 3)
(14, 4)
(14, 5)
(14, 6)
(14, 7)
(14, 8)
(14, 9)
(14, 10)
(14, 11)
(14, 12)
(14, 13)
(14, 14)
(14, 15)
(14, 16)
(14, 17)
(15, 17)
(16, 17)
(17, 17)
(17, 18)
(17, 19)
(16, 19)
(15, 19)
(14, 19)
kaikki ok
Reitin pituus: 15
(2, 13)
(3, 13)
(4, 13)
(5, 13)
(6, 13)
(6, 12)
(6, 11)
(6, 10)
(6, 9)
(6, 8)
(6, 7)
(7, 7)
(8, 7)
(9, 7)
(9, 8)
(9, 9)
kaikki ok
Reitin pituus: 8
(10, 6)
(10, 7)
(11, 7)
(12, 7)
(12, 8)
(12, 9)
(12, 10)
(12, 11)
(11, 11)
kaikki ok
Reitin pituus: 10
(8, 1)
(8, 2)
(8, 3)
(9, 3)
(10, 3)
(10, 2)
(10, 1)
(11, 1)
(12, 1)
(13, 1)
(14, 1)
kaikki ok
Reitin pituus: 10
(11, 15)
(12, 15)
(12, 16)
(12, 17)
(11, 17)
(10, 17)
(10, 18)
(10, 19)
(9, 19)
(8, 19)
(8, 18)
kaikki ok
Reitin pituus: 13
(11, 13)
(10, 13)
(10, 14)
(10, 15)
(9, 15)
(8, 15)
(7, 15)
(6, 15)
(5, 15)
(4, 15)
(4, 16)
(4, 17)
(3, 17)
(2, 17)
kaikki ok
Reitin pituus: 18
(16, 15)
(16, 16)
(16, 17)
(15, 17)
(14, 17)
(14, 16)
(14, 15)
(13, 15)
(12, 15)
(11, 15)
(10, 15)
(9, 15)
(8, 15)
(8, 14)
(8, 13)
(7, 13)
(6, 13)
(5, 13)
(4, 13)
kaikki ok
Reitin pituus: 3
(14, 15)
(14, 14)
(14, 13)
(15, 13)
kaikki ok
Reitin pituus: 0
(16, 3)
kaikki ok
Reitin pituus: 26
(2, 17)
(3, 17)
(4, 17)
(4, 16)
(4, 15)
(4, 14)
(4, 13)
(4, 12)
(4, 11)
(4, 10)
(4, 9)
(5, 9)
(6, 9)
(6, 8)
(6, 7)
(7, 7)
(8, 7)
(9, 7)
(10, 7)
(10, 6)
(10, 5)
(11, 5)
(12, 5)
(12, 4)
(12, 3)
(13, 3)
(14, 3)
kaikki ok
Reitin pituus: 15
(1, 4)
(1, 3)
(2, 3)
(3, 3)
(4, 3)
(5, 3)
(6, 3)
(6, 4)
(6, 5)
(7, 5)
(8, 5)
(8, 6)
(8, 7)
(9, 7)
(10, 7)
(11, 7)
kaikki ok
Reitin pituus: 9
(14, 17)
(14, 16)
(14, 15)
(13, 15)
(12, 15)
(12, 16)
(12, 17)
(11, 17)
(10, 17)
(10, 18)
kaikki ok
Reitin pituus: 29
(3, 19)
(4, 19)
(5, 19)
(6, 19)
(7, 19)
(8, 19)
(9, 19)
(10, 19)
(10, 18)
(10, 17)
(11, 17)
(12, 17)
(12, 16)
(12, 15)
(13, 15)
(14, 15)
(14, 14)
(14, 13)
(14, 12)
(14, 11)
(14, 10)
(14, 9)
(14, 8)
(14, 7)
(14, 6)
(14, 5)
(14, 4)
(14, 3)
(14, 2)
(14, 1)
kaikki ok
Reitin pituus: 4
(14, 15)
(14, 16)
(14, 17)
(15, 17)
(16, 17)
kaikki ok
Reitin pituus: 17
(10, 11)
(9, 11)
(8, 11)
(7, 11)
(6, 11)
(6, 12)
(6, 13)
(7, 13)
(8, 13)
(8, 14)
(8, 15)
(7, 15)
(6, 15)
(6, 16)
(6, 17)
(7, 17)
(8, 17)
(8, 18)
kaikki ok
Reitin pituus: 26
(17, 18)
(17, 17)
(16, 17)
(15, 17)
(14, 17)
(14, 16)
(14, 15)
(14, 14)
(14, 13)
(14, 12)
(14, 11)
(14, 10)
(14, 9)
(14, 8)
(14, 7)
(14, 6)
(14, 5)
(14, 4)
(14, 3)
(13, 3)
(12, 3)
(11, 3)
(10, 3)
(9, 3)
(8, 3)
(8, 2)
(8, 1)
kaikki ok
Reitin pituus: 12
(12, 3)
(11, 3)
(10, 3)
(9, 3)
(8, 3)
(7, 3)
(6, 3)
(5, 3)
(4, 3)
(4, 4)
(4, 5)
(3, 5)
(2, 5)
kaikki ok
Reitin pituus: 21
(4, 11)
(4, 10)
(4, 9)
(4, 8)
(4, 7)
(4, 6)
(4, 5)
(4, 4)
(4, 3)
(5, 3)
(6, 3)
(7, 3)
(8, 3)
(9, 3)
(10, 3)
(11, 3)
(12, 3)
(13, 3)
(14, 3)
(15, 3)
(16, 3)
(17, 3)
kaikki ok
Reitin pituus: 4
(9, 7)
(8, 7)
(8, 6)
(8, 5)
(7, 5)
kaikki ok
Reitin pituus: 11
(8, 7)
(8, 6)
(8, 5)
(7, 5)
(6, 5)
(6, 4)
(6, 3)
(5, 3)
(4, 3)
(3, 3)
(2, 3)
(1, 3)
kaikki ok
Reitin pituus: 12
(12, 15)
(13, 15)
(14, 15)
(14, 14)
(14, 13)
(14, 12)
(14, 11)
(14, 10)
(14, 9)
(13, 9)
(12, 9)
(12, 8)
(12, 7)
kaikki ok
Reitin pituus: 13
(12, 16)
(12, 15)
(11, 15)
(10, 15)
(9, 15)
(8, 15)
(8, 14)
(8, 13)
(7, 13)
(6, 13)
(5, 13)
(4, 13)
(4, 12)
(4, 11)
kaikki ok
Reitin pituus: 13
(12, 1)
(11, 1)
(10, 1)
(10, 2)
(10, 3)
(9, 3)
(8, 3)
(7, 3)
(6, 3)
(5, 3)
(4, 3)
(4, 4)
(4, 5)
(3, 5)
kaikki ok
Reitin pituus: 14
(17, 1)
(16, 1)
(15, 1)
(14, 1)
(13, 1)
(12, 1)
(11, 1)
(10, 1)
(10, 2)
(10, 3)
(9, 3)
(8, 3)
(7, 3)
(6, 3)
(6, 4)
kaikki ok
Reitin pituus: 6
(15, 3)
(14, 3)
(14, 2)
(14, 1)
(13, 1)
(12, 1)
(11, 1)
kaikki ok
Reitin pituus: 14
(12, 4)
(12, 5)
(11, 5)
(10, 5)
(10, 6)
(10, 7)
(11, 7)
(12, 7)
(12, 8)
(12, 9)
(12, 10)
(12, 11)
(11, 11)
(10, 11)
(9, 11)
kaikki ok
Reitin pituus: 13
(4, 2)
(4, 3)
(4, 4)
(4, 5)
(4, 6)
(4, 7)
(4, 8)
(4, 9)
(4, 10)
(4, 11)
(4, 12)
(4, 13)
(3, 13)
(2, 13)
kaikki ok
Reitin pituus: 16
(17, 13)
(16, 13)
(15, 13)
(14, 13)
(14, 12)
(14, 11)
(14, 10)
(14, 9)
(13, 9)
(12, 9)
(12, 8)
(12, 7)
(11, 7)
(10, 7)
(9, 7)
(8, 7)
(7, 7)
kaikki ok
Reitin pituus: 6
(14, 8)
(14, 7)
(14, 6)
(14, 5)
(14, 4)
(14, 3)
(14, 2)
kaikki ok
Reitin pituus: 12
(13, 9)
(14, 9)
(14, 8)
(14, 7)
(14, 6)
(14, 5)
(14, 4)
(14, 3)
(13, 3)
(12, 3)
(11, 3)
(10, 3)
(10, 2)
kaikki ok
Reitin pituus: 18
(4, 15)
(4, 14)
(4, 13)
(4, 12)
(4, 11)
(4, 10)
(4, 9)
(4, 8)
(4, 7)
(4, 6)
(4, 5)
(4, 4)
(4, 3)
(5, 3)
(6, 3)
(7, 3)
(8, 3)
(8, 2)
(8, 1)
kaikki ok
Reitin pituus: 11
(8, 9)
(9, 9)
(9, 8)
(9, 7)
(10, 7)
(11, 7)
(12, 7)
(12, 8)
(12, 9)
(12, 10)
(12, 11)
(12, 12)
kaikki ok
Reitin pituus: 16
(16, 17)
(15, 17)
(14, 17)
(14, 16)
(14, 15)
(14, 14)
(14, 13)
(14, 12)
(14, 11)
(14, 10)
(14, 9)
(14, 8)
(14, 7)
(14, 6)
(14, 5)
(15, 5)
(16, 5)
kaikki ok
Reitin pituus: 28
(2, 5)
(3, 5)
(4, 5)
(4, 6)
(4, 7)
(4, 8)
(4, 9)
(5, 9)
(6, 9)
(6, 10)
(6, 11)
(6, 12)
(6, 13)
(7, 13)
(8, 13)
(8, 14)
(8, 15)
(9, 15)
(10, 15)
(11, 15)
(12, 15)
(13, 15)
(14, 15)
(14, 16)
(14, 17)
(15, 17)
(16, 17)
(17, 17)
(17, 18)
kaikki ok
Reitin pituus: 15
(9, 3)
(8, 3)
(7, 3)
(6, 3)
(6, 4)
(6, 5)
(7, 5)
(8, 5)
(8, 6)
(8, 7)
(7, 7)
(6, 7)
(6, 8)
(6, 9)
(6, 10)
(6, 11)
kaikki ok
Reitin pituus: 25
(2, 19)
(1, 19)
(1, 18)
(1, 17)
(2, 17)
(3, 17)
(4, 17)
(4, 16)
(4, 15)
(4, 14)
(4, 13)
(4, 12)
(4, 11)
(4, 10)
(4, 9)
(4, 8)
(4, 7)
(4, 6)
(4, 5)
(4, 4)
(4, 3)
(4, 2)
(4, 1)
(3, 1)
(2, 1)
(1, 1)
kaikki ok
Reitin pituus: 8
(11, 3)
(12, 3)
(13, 3)
(14, 3)
(14, 4)
(14, 5)
(14, 6)
(14, 7)
(14, 8)
kaikki ok
Reitin pituus: 17
(4, 7)
(4, 8)
(4, 9)
(4, 10)
(4, 11)
(4, 12)
(4, 13)
(4, 14)
(4, 15)
(5, 15)
(6, 15)
(6, 16)
(6, 17)
(7, 17)
(8, 17)
(8, 18)
(8, 19)
(7, 19)
kaikki ok
Reitin pituus: 15
(11, 5)
(10, 5)
(10, 6)
(10, 7)
(11, 7)
(12, 7)
(12, 8)
(12, 9)
(13, 9)
(14, 9)
(14, 10)
(14, 11)
(14, 12)
(14, 13)
(15, 13)
(16, 13)
kaikki ok
Reitin pituus: 4
(4, 16)
(4, 15)
(4, 14)
(4, 13)
(3, 13)
kaikki ok
Reitin pituus: 5
(2, 13)
(3, 13)
(4, 13)
(4, 14)
(4, 15)
(5, 15)
kaikki ok
Reitin pituus: 14
(1, 18)
(1, 19)
(2, 19)
(3, 19)
(4, 19)
(5, 19)
(6, 19)
(7, 19)
(8, 19)
(9, 19)
(10, 19)
(10, 18)
(10, 17)
(11, 17)
(12, 17)
kaikki ok
Reitin pituus: 17
(10, 7)
(9, 7)
(8, 7)
(7, 7)
(6, 7)
(6, 8)
(6, 9)
(5, 9)
(4, 9)
(4, 10)
(4, 11)
(4, 12)
(4, 13)
(3, 13)
(2, 13)
(1, 13)
(1, 14)
(1, 15)
kaikki ok
Reitin pituus: 6
(6, 15)
(7, 15)
(8, 15)
(9, 15)
(10, 15)
(10, 14)
(10, 13)
kaikki ok
Reitin pituus: 9
(8, 7)
(9, 7)
(10, 7)
(11, 7)
(12, 7)
(12, 8)
(12, 9)
(13, 9)
(14, 9)
(14, 8)
kaikki ok
Reitin pituus: 15
(4, 5)
(4, 4)
(4, 3)
(5, 3)
(6, 3)
(7, 3)
(8, 3)
(9, 3)
(10, 3)
(10, 2)
(10, 1)
(11, 1)
(12, 1)
(13, 1)
(14, 1)
(15, 1)
kaikki ok
Reitin pituus: 5
(7, 7)
(8, 7)
(9, 7)
(10, 7)
(11, 7)
(12, 7)
kaikki ok
Reitin pituus: 10
(12, 12)
(12, 13)
(11, 13)
(10, 13)
(10, 14)
(10, 15)
(9, 15)
(8, 15)
(7, 15)
(6, 15)
(6, 16)
kaikki ok
Reitin pituus: 20
(16, 13)
(15, 13)
(14, 13)
(13, 13)
(12, 13)
(12, 12)
(12, 11)
(11, 11)
(10, 11)
(9, 11)
(8, 11)
(7, 11)
(6, 11)
(6, 10)
(6, 9)
(5, 9)
(4, 9)
(4, 8)
(4, 7)
(4, 6)
(4, 5)
kaikki ok
Reitin pituus: 17
(14, 16)
(14, 15)
(14, 14)
(14, 13)
(13, 13)
(12, 13)
(12, 12)
(12, 11)
(12, 10)
(12, 9)
(12, 8)
(12, 7)
(11, 7)
(10, 7)
(9, 7)
(9, 8)
(9, 9)
(10, 9)
kaikki ok
Reitin pituus: 20
(7, 19)
(8, 19)
(8, 18)
(8, 17)
(7, 17)
(6, 17)
(6, 16)
(6, 15)
(5, 15)
(4, 15)
(4, 14)
(4, 13)
(4, 12)
(4, 11)
(4, 10)
(4, 9)
(4, 8)
(4, 7)
(4, 6)
(4, 5)
(3, 5)
kaikki ok
Reitin pituus: 17
(15, 1)
(14, 1)
(13, 1)
(12, 1)
(11, 1)
(10, 1)
(10, 2)
(10, 3)
(9, 3)
(8, 3)
(7, 3)
(6, 3)
(5, 3)
(4, 3)
(3, 3)
(2, 3)
(1, 3)
(1, 2)
kaikki ok
Reitin pituus: 20
(17, 15)
(17, 14)
(17, 13)
(16, 13)
(15, 13)
(14, 13)
(14, 12)
(14, 11)
(14, 10)
(14, 9)
(14, 8)
(14, 7)
(14, 6)
(14, 5)
(14, 4)
(14, 3)
(13, 3)
(12, 3)
(11, 3)
(10, 3)
(9, 3)
kaikki ok
Reitin pituus: 1
(12, 3)
(12, 4)
kaikki ok
Reitin pituus: 11
(14, 13)
(14, 12)
(14, 11)
(14, 10)
(14, 9)
(14, 8)
(14, 7)
(14, 6)
(14, 5)
(14, 4)
(14, 3)
(15, 3)
kaikki ok
Reitin pituus: 10
(4, 17)
(4, 16)
(4, 15)
(4, 14)
(4, 13)
(5, 13)
(6, 13)
(6, 12)
(6, 11)
(6, 10)
(6, 9)
kaikki ok
Reitin pituus: 5
(17, 18)
(17, 17)
(16, 17)
(15, 17)
(14, 17)
(14, 16)
kaikki ok
Reitin pituus: 26
(6, 19)
(7, 19)
(8, 19)
(8, 18)
(8, 17)
(7, 17)
(6, 17)
(6, 16)
(6, 15)
(5, 15)
(4, 15)
(4, 14)
(4, 13)
(5, 13)
(6, 13)
(6, 12)
(6, 11)
(6, 10)
(6, 9)
(6, 8)
(6, 7)
(7, 7)
(8, 7)
(9, 7)
(9, 8)
(9, 9)
(10, 9)
kaikki ok
Reitin pituus: 18
(8, 19)
(9, 19)
(10, 19)
(10, 18)
(10, 17)
(11, 17)
(12, 17)
(12, 16)
(12, 15)
(13, 15)
(14, 15)
(14, 14)
(14, 13)
(14, 12)
(14, 11)
(14, 10)
(14, 9)
(14, 8)
(14, 7)
kaikki ok
Reitin pituus: 17
(4, 5)
(4, 6)
(4, 7)
(4, 8)
(4, 9)
(5, 9)
(6, 9)
(6, 10)
(6, 11)
(7, 11)
(8, 11)
(9, 11)
(10, 11)
(11, 11)
(12, 11)
(12, 12)
(12, 13)
(13, 13)
kaikki ok
Reitin pituus: 9
(6, 8)
(6, 9)
(6, 10)
(6, 11)
(7, 11)
(8, 11)
(9, 11)
(10, 11)
(11, 11)
(12, 11)
kaikki ok
Reitin pituus: 27
(17, 2)
(17, 3)
(16, 3)
(15, 3)
(14, 3)
(13, 3)
(12, 3)
(11, 3)
(10, 3)
(9, 3)
(8, 3)
(7, 3)
(6, 3)
(5, 3)
(4, 3)
(4, 4)
(4, 5)
(4, 6)
(4, 7)
(4, 8)
(4, 9)
(4, 10)
(4, 11)
(4, 12)
(4, 13)
(4, 14)
(4, 15)
(4, 16)
kaikki ok
Reitin pituus: 7
(8, 15)
(7, 15)
(6, 15)
(6, 16)
(6, 17)
(7, 17)
(8, 17)
(8, 18)
kaikki ok
Reitin pituus: 11
(12, 13)
(11, 13)
(10, 13)
(10, 14)
(10, 15)
(11, 15)
(12, 15)
(12, 16)
(12, 17)
(11, 17)
(10, 17)
(10, 18)
kaikki ok
Reitin pituus: 22
(12, 17)
(12, 16)
(12, 15)
(11, 15)
(10, 15)
(9, 15)
(8, 15)
(8, 14)
(8, 13)
(7, 13)
(6, 13)
(5, 13)
(4, 13)
(4, 12)
(4, 11)
(4, 10)
(4, 9)
(4, 8)
(4, 7)
(4, 6)
(4, 5)
(4, 4)
(4, 3)
kaikki ok
Reitin pituus: 13
(8, 17)
(7, 17)
(6, 17)
(6, 16)
(6, 15)
(7, 15)
(8, 15)
(8, 14)
(8, 13)
(7, 13)
(6, 13)
(6, 12)
(6, 11)
(7, 11)
kaikki ok
Reitin pituus: 7
(17, 5)
(17, 4)
(17, 3)
(16, 3)
(15, 3)
(14, 3)
(13, 3)
(12, 3)
kaikki ok
Reitin pituus: 4
(11, 13)
(10, 13)
(10, 14)
(10, 15)
(9, 15)
kaikki ok
Reitin pituus: 17
(11, 15)
(12, 15)
(13, 15)
(14, 15)
(14, 14)
(14, 13)
(14, 12)
(14, 11)
(14, 10)
(14, 9)
(14, 8)
(14, 7)
(14, 6)
(14, 5)
(14, 4)
(14, 3)
(15, 3)
(16, 3)
kaikki ok
Reitin pituus: 8
(12, 9)
(12, 10)
(12, 11)
(12, 12)
(12, 13)
(11, 13)
(10, 13)
(10, 14)
(10, 15)
kaikki ok
Reitin pituus: 11
(16, 13)
(15, 13)
(14, 13)
(14, 14)
(14, 15)
(13, 15)
(12, 15)
(11, 15)
(10, 15)
(9, 15)
(8, 15)
(7, 15)
kaikki ok
Reitin pituus: 12
(7, 11)
(6, 11)
(6, 12)
(6, 13)
(7, 13)
(8, 13)
(8, 14)
(8, 15)
(7, 15)
(6, 15)
(6, 16)
(6, 17)
(7, 17)
kaikki ok
Reitin pituus: 20
(1, 1)
(1, 2)
(1, 3)
(2, 3)
(3, 3)
(4, 3)
(5, 3)
(6, 3)
(6, 4)
(6, 5)
(7, 5)
(8, 5)
(8, 6)
(8, 7)
(9, 7)
(10, 7)
(11, 7)
(12, 7)
(12, 8)
(12, 9)
(12, 10)
kaikki ok
Reitin pituus: 28
(1, 1)
(1, 2)
(1, 3)
(2, 3)
(3, 3)
(4, 3)
(5, 3)
(6, 3)
(6, 4)
(6, 5)
(7, 5)
(8, 5)
(8, 6)
(8, 7)
(9, 7)
(10, 7)
(11, 7)
(12, 7)
(12, 8)
(12, 9)
(12, 10)
(12, 11)
(12, 12)
(12, 13)
(13, 13)
(14, 13)
(14, 14)
(14, 15)
(14, 16)
kaikki ok
Reitin pituus: 11
(6, 15)
(5, 15)
(4, 15)
(4, 14)
(4, 13)
(4, 12)
(4, 11)
(4, 10)
(4, 9)
(5, 9)
(6, 9)
(6, 8)
kaikki ok
Reitin pituus: 6
(4, 8)
(4, 9)
(5, 9)
(6, 9)
(6, 10)
(6, 11)
(6, 12)
kaikki ok
Reitin pituus: 17
(6, 13)
(6, 12)
(6, 11)
(7, 11)
(8, 11)
(9, 11)
(10, 11)
(11, 11)
(12, 11)
(12, 10)
(12, 9)
(13, 9)
(14, 9)
(14, 8)
(14, 7)
(14, 6)
(14, 5)
(14, 4)
kaikki ok
Reitin pituus: 24
(17, 3)
(16, 3)
(15, 3)
(14, 3)
(14, 4)
(14, 5)
(14, 6)
(14, 7)
(14, 8)
(14, 9)
(14, 10)
(14, 11)
(14, 12)
(14, 13)
(14, 14)
(14, 15)
(13, 15)
(12, 15)
(12, 16)
(12, 17)
(11, 17)
(10, 17)
(10, 18)
(10, 19)
(11, 19)
kaikki ok
Reitin pituus: 15
(14, 4)
(14, 3)
(13, 3)
(12, 3)
(11, 3)
(10, 3)
(9, 3)
(8, 3)
(7, 3)
(6, 3)
(5, 3)
(4, 3)
(4, 4)
(4, 5)
(3, 5)
(2, 5)
kaikki ok
Reitin pituus: 15
(14, 2)
(14, 3)
(14, 4)
(14, 5)
(14, 6)
(14, 7)
(14, 8)
(14, 9)
(14, 10)
(14, 11)
(14, 12)
(14, 13)
(14, 14)
(14, 15)
(13, 15)
(12, 15)
kaikki ok
Reitin pituus: 23
(8, 3)
(9, 3)
(10, 3)
(11, 3)
(12, 3)
(13, 3)
(14, 3)
(14, 4)
(14, 5)
(14, 6)
(14, 7)
(14, 8)
(14, 9)
(14, 10)
(14, 11)
(14, 12)
(14, 13)
(14, 14)
(14, 15)
(14, 16)
(14, 17)
(15, 17)
(16, 17)
(17, 17)
kaikki ok
Reitin pituus: 7
(8, 9)
(9, 9)
(9, 8)
(9, 7)
(8, 7)
(7, 7)
(6, 7)
(6, 8)
kaikki ok
Reitin pituus: 5
(14, 7)
(14, 8)
(14, 9)
(13, 9)
(12, 9)
(12, 8)
kaikki ok
Reitin pituus: 9
(6, 11)
(6, 10)
(6, 9)
(5, 9)
(4, 9)
(4, 8)
(4, 7)
(4, 6)
(4, 5)
(4, 4)
kaikki ok
Reitin pituus: 27
(13, 1)
(14, 1)
(14, 2)
(14, 3)
(14, 4)
(14, 5)
(14, 6)
(14, 7)
(14, 8)
(14, 9)
(14, 10)
(14, 11)
(14, 12)
(14, 13)
(14, 14)
(14, 15)
(13, 15)
(12, 15)
(12, 16)
(12, 17)
(11, 17)
(10, 17)
(10, 18)
(10, 19)
(9, 19)
(8, 19)
(7, 19)
(6, 19)
kaikki ok
Reitin pituus: 9
(4, 16)
(4, 15)
(5, 15)
(6, 15)
(7, 15)
(8, 15)
(9, 15)
(10, 15)
(10, 14)
(10, 13)
kaikki ok
Reitin pituus: 8
(14, 9)
(14, 8)
(14, 7)
(14, 6)
(14, 5)
(15, 5)
(16, 5)
(17, 5)
(17, 4)
kaikki ok
Reitin pituus: 20
(4, 3)
(4, 4)
(4, 5)
(4, 6)
(4, 7)
(4, 8)
(4, 9)
(5, 9)
(6, 9)
(6, 10)
(6, 11)
(6, 12)
(6, 13)
(7, 13)
(8, 13)
(8, 14)
(8, 15)
(9, 15)
(10, 15)
(10, 14)
(10, 13)
kaikki ok
Reitin pituus: 14
(14, 4)
(14, 5)
(14, 6)
(14, 7)
(14, 8)
(14, 9)
(13, 9)
(12, 9)
(12, 10)
(12, 11)
(11, 11)
(10, 11)
(9, 11)
(8, 11)
(7, 11)
kaikki ok
Reitin pituus: 2
(5, 13)
(4, 13)
(4, 12)
kaikki ok
Reitin pituus: 4
(4, 8)
(4, 9)
(5, 9)
(6, 9)
(6, 8)
kaikki ok
Reitin pituus: 4
(4, 12)
(4, 13)
(3, 13)
(2, 13)
(1, 13)
kaikki ok
Reitin pituus: 17
(17, 15)
(16, 15)
(16, 16)
(16, 17)
(15, 17)
(14, 17)
(14, 16)
(14, 15)
(13, 15)
(12, 15)
(11, 15)
(10, 15)
(9, 15)
(8, 15)
(7, 15)
(6, 15)
(6, 16)
(6, 17)
kaikki ok
Reitin pituus: 17
(16, 17)
(15, 17)
(14, 17)
(14, 16)
(14, 15)
(14, 14)
(14, 13)
(14, 12)
(14, 11)
(14, 10)
(14, 9)
(14, 8)
(14, 7)
(14, 6)
(14, 5)
(15, 5)
(16, 5)
(17, 5)
kaikki ok
Reitin pituus: 19
(3, 17)
(4, 17)
(4, 16)
(4, 15)
(4, 14)
(4, 13)
(4, 12)
(4, 11)
(4, 10)
(4, 9)
(5, 9)
(6, 9)
(6, 8)
(6, 7)
(7, 7)
(8, 7)
(9, 7)
(9, 8)
(9, 9)
(10, 9)
kaikki ok
Reitin pituus: 7
(4, 4)
(4, 3)
(5, 3)
(6, 3)
(7, 3)
(8, 3)
(8, 2)
(8, 1)
kaikki ok
Reitin pituus: 9
(12, 16)
(12, 15)
(11, 15)
(10, 15)
(9, 15)
(8, 15)
(7, 15)
(6, 15)
(6, 16)
(6, 17)
kaikki ok
Reitin pituus: 6
(8, 14)
(8, 13)
(7, 13)
(6, 13)
(5, 13)
(4, 13)
(3, 13)
kaikki ok
Reitin pituus: 22
(7, 19)
(8, 19)
(8, 18)
(8, 17)
(7, 17)
(6, 17)
(6, 16)
(6, 15)
(5, 15)
(4, 15)
(4, 14)
(4, 13)
(4, 12)
(4, 11)
(4, 10)
(4, 9)
(4, 8)
(4, 7)
(4, 6)
(4, 5)
(4, 4)
(4, 3)
(5, 3)
kaikki ok
Reitin pituus: 18
(5, 9)
(4, 9)
(4, 8)
(4, 7)
(4, 6)
(4, 5)
(4, 4)
(4, 3)
(5, 3)
(6, 3)
(7, 3)
(8, 3)
(9, 3)
(10, 3)
(10, 2)
(10, 1)
(11, 1)
(12, 1)
(13, 1)
kaikki ok
Reitin pituus: 18
(4, 16)
(4, 15)
(4, 14)
(4, 13)
(4, 12)
(4, 11)
(4, 10)
(4, 9)
(4, 8)
(4, 7)
(4, 6)
(4, 5)
(4, 4)
(4, 3)
(4, 2)
(4, 1)
(3, 1)
(2, 1)
(1, 1)
kaikki ok
Reitin pituus: 17
(14, 19)
(13, 19)
(12, 19)
(11, 19)
(10, 19)
(9, 19)
(8, 19)
(7, 19)
(6, 19)
(5, 19)
(4, 19)
(3, 19)
(2, 19)
(1, 19)
(1, 18)
(1, 17)
(2, 17)
(3, 17)
kaikki ok
Reitin pituus: 20
(12, 1)
(13, 1)
(14, 1)
(14, 2)
(14, 3)
(14, 4)
(14, 5)
(14, 6)
(14, 7)
(14, 8)
(14, 9)
(14, 10)
(14, 11)
(14, 12)
(14, 13)
(15, 13)
(16, 13)
(17, 13)
(17, 14)
(17, 15)
(16, 15)
kaikki ok
Reitin pituus: 16
(14, 4)
(14, 5)
(14, 6)
(14, 7)
(14, 8)
(14, 9)
(13, 9)
(12, 9)
(12, 10)
(12, 11)
(12, 12)
(12, 13)
(11, 13)
(10, 13)
(10, 14)
(10, 15)
(9, 15)
kaikki ok
Reitin pituus: 18
(1, 13)
(2, 13)
(3, 13)
(4, 13)
(4, 14)
(4, 15)
(5, 15)
(6, 15)
(6, 16)
(6, 17)
(7, 17)
(8, 17)
(8, 18)
(8, 19)
(9, 19)
(10, 19)
(11, 19)
(12, 19)
(13, 19)
kaikki ok
Reitin pituus: 10
(8, 3)
(9, 3)
(10, 3)
(11, 3)
(12, 3)
(13, 3)
(14, 3)
(14, 4)
(14, 5)
(15, 5)
(16, 5)
kaikki ok
Reitin pituus: 17
(6, 12)
(6, 11)
(7, 11)
(8, 11)
(9, 11)
(10, 11)
(11, 11)
(12, 11)
(12, 10)
(12, 9)
(13, 9)
(14, 9)
(14, 8)
(14, 7)
(14, 6)
(14, 5)
(14, 4)
(14, 3)
kaikki ok
Reitin pituus: 12
(2, 17)
(3, 17)
(4, 17)
(4, 16)
(4, 15)
(4, 14)
(4, 13)
(5, 13)
(6, 13)
(6, 12)
(6, 11)
(7, 11)
(8, 11)
kaikki ok
Reitin pituus: 12
(11, 11)
(12, 11)
(12, 12)
(12, 13)
(11, 13)
(10, 13)
(10, 14)
(10, 15)
(9, 15)
(8, 15)
(7, 15)
(6, 15)
(5, 15)
kaikki ok
Reitin pituus: 14
(14, 2)
(14, 3)
(14, 4)
(14, 5)
(14, 6)
(14, 7)
(14, 8)
(14, 9)
(14, 10)
(14, 11)
(14, 12)
(14, 13)
(14, 14)
(14, 15)
(14, 16)
kaikki ok
Reitin pituus: 0
(14, 13)
kaikki ok
Reitin pituus: 10
(8, 5)
(8, 6)
(8, 7)
(9, 7)
(10, 7)
(11, 7)
(12, 7)
(12, 8)
(12, 9)
(12, 10)
(12, 11)
kaikki ok
Reitin pituus: 19
(1, 5)
(2, 5)
(3, 5)
(4, 5)
(4, 6)
(4, 7)
(4, 8)
(4, 9)
(4, 10)
(4, 11)
(4, 12)
(4, 13)
(4, 14)
(4, 15)
(5, 15)
(6, 15)
(6, 16)
(6, 17)
(7, 17)
(8, 17)
kaikki ok
Reitin pituus: 19
(8, 2)
(8, 3)
(9, 3)
(10, 3)
(11, 3)
(12, 3)
(13, 3)
(14, 3)
(14, 4)
(14, 5)
(14, 6)
(14, 7)
(14, 8)
(14, 9)
(14, 10)
(14, 11)
(14, 12)
(14, 13)
(14, 14)
(14, 15)
kaikki ok
Reitin pituus: 22
(7, 17)
(6, 17)
(6, 16)
(6, 15)
(5, 15)
(4, 15)
(4, 14)
(4, 13)
(4, 12)
(4, 11)
(4, 10)
(4, 9)
(4, 8)
(4, 7)
(4, 6)
(4, 5)
(4, 4)
(4, 3)
(5, 3)
(6, 3)
(7, 3)
(8, 3)
(8, 2)
kaikki ok
Reitin pituus: 2
(11, 15)
(10, 15)
(9, 15)
kaikki ok
Reitin pituus: 8
(11, 3)
(12, 3)
(12, 4)
(12, 5)
(11, 5)
(10, 5)
(10, 6)
(10, 7)
(9, 7)
kaikki ok
Reitin pituus: 8
(11, 7)
(12, 7)
(12, 8)
(12, 9)
(13, 9)
(14, 9)
(14, 8)
(14, 7)
(14, 6)
kaikki ok
Reitin pituus: 14
(10, 7)
(9, 7)
(8, 7)
(8, 6)
(8, 5)
(7, 5)
(6, 5)
(6, 4)
(6, 3)
(5, 3)
(4, 3)
(4, 2)
(4, 1)
(3, 1)
(2, 1)
kaikki ok
Reitin pituus: 9
(7, 13)
(8, 13)
(8, 14)
(8, 15)
(9, 15)
(10, 15)
(11, 15)
(12, 15)
(13, 15)
(14, 15)
kaikki ok
Reitin pituus: 11
(7, 5)
(8, 5)
(8, 6)
(8, 7)
(7, 7)
(6, 7)
(6, 8)
(6, 9)
(6, 10)
(6, 11)
(6, 12)
(6, 13)
kaikki ok
Reitin pituus: 14
(17, 5)
(16, 5)
(15, 5)
(14, 5)
(14, 6)
(14, 7)
(14, 8)
(14, 9)
(14, 10)
(14, 11)
(14, 12)
(14, 13)
(13, 13)
(12, 13)
(11, 13)
kaikki ok
Reitin pituus: 13
(4, 5)
(4, 6)
(4, 7)
(4, 8)
(4, 9)
(4, 10)
(4, 11)
(4, 12)
(4, 13)
(4, 14)
(4, 15)
(5, 15)
(6, 15)
(6, 16)
kaikki ok
Reitin pituus: 9
(17, 4)
(17, 3)
(16, 3)
(15, 3)
(14, 3)
(13, 3)
(12, 3)
(12, 4)
(12, 5)
(11, 5)
kaikki ok
Reitin pituus: 11
(14, 8)
(14, 7)
(14, 6)
(14, 5)
(14, 4)
(14, 3)
(13, 3)
(12, 3)
(11, 3)
(10, 3)
(10, 2)
(10, 1)
kaikki ok
Reitin pituus: 21
(16, 17)
(15, 17)
(14, 17)
(14, 16)
(14, 15)
(14, 14)
(14, 13)
(14, 12)
(14, 11)
(14, 10)
(14, 9)
(13, 9)
(12, 9)
(12, 8)
(12, 7)
(11, 7)
(10, 7)
(9, 7)
(8, 7)
(8, 6)
(8, 5)
(7, 5)
kaikki ok
Reitin pituus: 17
(1, 13)
(2, 13)
(3, 13)
(4, 13)
(4, 12)
(4, 11)
(4, 10)
(4, 9)
(5, 9)
(6, 9)
(6, 8)
(6, 7)
(7, 7)
(8, 7)
(9, 7)
(9, 8)
(9, 9)
(8, 9)
kaikki ok
Reitin pituus: 17
(15, 1)
(14, 1)
(13, 1)
(12, 1)
(11, 1)
(10, 1)
(10, 2)
(10, 3)
(9, 3)
(8, 3)
(7, 3)
(6, 3)
(5, 3)
(4, 3)
(3, 3)
(2, 3)
(1, 3)
(1, 4)
kaikki ok
Reitin pituus: 22
(4, 13)
(4, 12)
(4, 11)
(4, 10)
(4, 9)
(4, 8)
(4, 7)
(4, 6)
(4, 5)
(4, 4)
(4, 3)
(5, 3)
(6, 3)
(7, 3)
(8, 3)
(9, 3)
(10, 3)
(10, 2)
(10, 1)
(11, 1)
(12, 1)
(13, 1)
(14, 1)
kaikki ok
Reitin pituus: 13
(15, 13)
(14, 13)
(13, 13)
(12, 13)
(12, 12)
(12, 11)
(12, 10)
(12, 9)
(12, 8)
(12, 7)
(11, 7)
(10, 7)
(9, 7)
(8, 7)
kaikki ok
Reitin pituus: 25
(5, 1)
(4, 1)
(4, 2)
(4, 3)
(4, 4)
(4, 5)
(4, 6)
(4, 7)
(4, 8)
(4, 9)
(4, 10)
(4, 11)
(4, 12)
(4, 13)
(4, 14)
(4, 15)
(4, 16)
(4, 17)
(3, 17)
(2, 17)
(1, 17)
(1, 18)
(1, 19)
(2, 19)
(3, 19)
(4, 19)
kaikki ok
Reitin pituus: 20
(16, 3)
(15, 3)
(14, 3)
(13, 3)
(12, 3)
(12, 4)
(12, 5)
(11, 5)
(10, 5)
(10, 6)
(10, 7)
(9, 7)
(8, 7)
(7, 7)
(6, 7)
(6, 8)
(6, 9)
(6, 10)
(6, 11)
(6, 12)
(6, 13)
kaikki ok
Reitin pituus: 9
(14, 12)
(14, 13)
(13, 13)
(12, 13)
(12, 12)
(12, 11)
(11, 11)
(10, 11)
(9, 11)
(8, 11)
kaikki ok
Reitin pituus: 26
(16, 3)
(15, 3)
(14, 3)
(13, 3)
(12, 3)
(12, 4)
(12, 5)
(11, 5)
(10, 5)
(10, 6)
(10, 7)
(9, 7)
(8, 7)
(7, 7)
(6, 7)
(6, 8)
(6, 9)
(5, 9)
(4, 9)
(4, 10)
(4, 11)
(4, 12)
(4, 13)
(3, 13)
(2, 13)
(1, 13)
(1, 14)
kaikki ok
Reitin pituus: 12
(6, 11)
(7, 11)
(8, 11)
(9, 11)
(10, 11)
(11, 11)
(12, 11)
(12, 12)
(12, 13)
(13, 13)
(14, 13)
(15, 13)
(16, 13)
kaikki ok
Reitin pituus: 15
(4, 5)
(4, 4)
(4, 3)
(5, 3)
(6, 3)
(7, 3)
(8, 3)
(9, 3)
(10, 3)
(11, 3)
(12, 3)
(13, 3)
(14, 3)
(14, 4)
(14, 5)
(14, 6)
kaikki ok
Reitin pituus: 6
(4, 10)
(4, 9)
(4, 8)
(4, 7)
(4, 6)
(4, 5)
(4, 4)
kaikki ok
Reitin pituus: 6
(6, 13)
(5, 13)
(4, 13)
(4, 12)
(4, 11)
(4, 10)
(4, 9)
kaikki ok
Reitin pituus: 27
(1, 2)
(1, 3)
(1, 4)
(1, 5)
(2, 5)
(3, 5)
(4, 5)
(4, 6)
(4, 7)
(4, 8)
(4, 9)
(4, 10)
(4, 11)
(4, 12)
(4, 13)
(4, 14)
(4, 15)
(5, 15)
(6, 15)
(6, 16)
(6, 17)
(7, 17)
(8, 17)
(8, 18)
(8, 19)
(9, 19)
(10, 19)
(11, 19)
kaikki ok
Reitin pituus: 21
(17, 15)
(16, 15)
(16, 16)
(16, 17)
(17, 17)
(17, 18)
(17, 19)
(16, 19)
(15, 19)
(14, 19)
(13, 19)
(12, 19)
(11, 19)
(10, 19)
(9, 19)
(8, 19)
(7, 19)
(6, 19)
(5, 19)
(4, 19)
(3, 19)
(2, 19)
kaikki ok
Reitin pituus: 1
(4, 9)
(4, 10)
kaikki ok
Reitin pituus: 11
(6, 8)
(6, 7)
(7, 7)
(8, 7)
(9, 7)
(10, 7)
(11, 7)
(12, 7)
(12, 8)
(12, 9)
(13, 9)
(14, 9)
kaikki ok
Reitin pituus: 16
(17, 1)
(17, 2)
(17, 3)
(17, 4)
(17, 5)
(16, 5)
(15, 5)
(14, 5)
(14, 6)
(14, 7)
(14, 8)
(14, 9)
(14, 10)
(14, 11)
(14, 12)
(14, 13)
(13, 13)
kaikki ok
Reitin pituus: 24
(17, 1)
(17, 2)
(17, 3)
(17, 4)
(17, 5)
(16, 5)
(15, 5)
(14, 5)
(14, 6)
(14, 7)
(14, 8)
(14, 9)
(14, 10)
(14, 11)
(14, 12)
(14, 13)
(14, 14)
(14, 15)
(13, 15)
(12, 15)
(11, 15)
(10, 15)
(9, 15)
(8, 15)
(7, 15)
kaikki ok
Reitin pituus: 14
(4, 16)
(4, 15)
(4, 14)
(4, 13)
(4, 12)
(4, 11)
(4, 10)
(4, 9)
(4, 8)
(4, 7)
(4, 6)
(4, 5)
(3, 5)
(2, 5)
(1, 5)
kaikki ok
Reitin pituus: 8
(11, 1)
(10, 1)
(10, 2)
(10, 3)
(9, 3)
(8, 3)
(8, 2)
(8, 1)
(7, 1)
kaikki ok
Reitin pituus: 1
(8, 3)
(8, 2)
kaikki ok
Reitin pituus: 25
(8, 13)
(7, 13)
(6, 13)
(6, 12)
(6, 11)
(6, 10)
(6, 9)
(6, 8)
(6, 7)
(7, 7)
(8, 7)
(9, 7)
(10, 7)
(10, 6)
(10, 5)
(11, 5)
(12, 5)
(12, 4)
(12, 3)
(13, 3)
(14, 3)
(15, 3)
(16, 3)
(17, 3)
(17, 2)
(17, 1)
kaikki ok
Reitin pituus: 6
(14, 17)
(14, 16)
(14, 15)
(13, 15)
(12, 15)
(11, 15)
(10, 15)
kaikki ok
Reitin pituus: 9
(10, 3)
(11, 3)
(12, 3)
(13, 3)
(14, 3)
(14, 4)
(14, 5)
(14, 6)
(14, 7)
(14, 8)
kaikki ok
Reitin pituus: 23
(3, 17)
(4, 17)
(4, 16)
(4, 15)
(4, 14)
(4, 13)
(4, 12)
(4, 11)
(4, 10)
(4, 9)
(5, 9)
(6, 9)
(6, 8)
(6, 7)
(7, 7)
(8, 7)
(9, 7)
(10, 7)
(10, 6)
(10, 5)
(11, 5)
(12, 5)
(12, 4)
(12, 3)
kaikki ok
Reitin pituus: 16
(10, 9)
(9, 9)
(9, 8)
(9, 7)
(8, 7)
(7, 7)
(6, 7)
(6, 8)
(6, 9)
(6, 10)
(6, 11)
(6, 12)
(6, 13)
(7, 13)
(8, 13)
(8, 14)
(8, 15)
kaikki ok
Reitin pituus: 14
(17, 15)
(17, 14)
(17, 13)
(16, 13)
(15, 13)
(14, 13)
(14, 12)
(14, 11)
(14, 10)
(14, 9)
(14, 8)
(14, 7)
(14, 6)
(14, 5)
(15, 5)
kaikki ok
Reitin pituus: 12
(12, 17)
(11, 17)
(10, 17)
(10, 18)
(10, 19)
(9, 19)
(8, 19)
(7, 19)
(6, 19)
(5, 19)
(4, 19)
(3, 19)
(2, 19)
kaikki ok
Reitin pituus: 9
(6, 7)
(7, 7)
(8, 7)
(8, 6)
(8, 5)
(7, 5)
(6, 5)
(6, 4)
(6, 3)
(5, 3)
kaikki ok
Reitin pituus: 23
(10, 5)
(10, 6)
(10, 7)
(11, 7)
(12, 7)
(12, 8)
(12, 9)
(12, 10)
(12, 11)
(12, 12)
(12, 13)
(11, 13)
(10, 13)
(10, 14)
(10, 15)
(11, 15)
(12, 15)
(12, 16)
(12, 17)
(11, 17)
(10, 17)
(10, 18)
(10, 19)
(11, 19)
kaikki ok
Reitin pituus: 3
(16, 16)
(16, 15)
(17, 15)
(17, 14)
kaikki ok
Reitin pituus: 19
(9, 7)
(10, 7)
(11, 7)
(12, 7)
(12, 8)
(12, 9)
(13, 9)
(14, 9)
(14, 10)
(14, 11)
(14, 12)
(14, 13)
(14, 14)
(14, 15)
(13, 15)
(12, 15)
(12, 16)
(12, 17)
(11, 17)
(10, 17)
kaikki ok
Reitin pituus: 17
(9, 19)
(8, 19)
(8, 18)
(8, 17)
(7, 17)
(6, 17)
(6, 16)
(6, 15)
(7, 15)
(8, 15)
(8, 14)
(8, 13)
(7, 13)
(6, 13)
(6, 12)
(6, 11)
(6, 10)
(6, 9)
kaikki ok
Reitin pituus: 17
(4, 1)
(4, 2)
(4, 3)
(4, 4)
(4, 5)
(4, 6)
(4, 7)
(4, 8)
(4, 9)
(5, 9)
(6, 9)
(6, 10)
(6, 11)
(7, 11)
(8, 11)
(9, 11)
(10, 11)
(11, 11)
kaikki ok
Reitin pituus: 10
(4, 9)
(4, 8)
(4, 7)
(4, 6)
(4, 5)
(3, 5)
(2, 5)
(1, 5)
(1, 4)
(1, 3)
(1, 2)
kaikki ok
Reitin pituus: 5
(10, 7)
(11, 7)
(12, 7)
(12, 8)
(12, 9)
(12, 10)
kaikki ok
Reitin pituus: 18
(5, 15)
(4, 15)
(4, 14)
(4, 13)
(5, 13)
(6, 13)
(6, 12)
(6, 11)
(6, 10)
(6, 9)
(6, 8)
(6, 7)
(7, 7)
(8, 7)
(9, 7)
(10, 7)
(10, 6)
(10, 5)
(11, 5)
kaikki ok
Reitin pituus: 16
(9, 11)
(10, 11)
(11, 11)
(12, 11)
(12, 10)
(12, 9)
(13, 9)
(14, 9)
(14, 8)
(14, 7)
(14, 6)
(14, 5)
(14, 4)
(14, 3)
(14, 2)
(14, 1)
(13, 1)
kaikki ok
Reitin pituus: 14
(4, 2)
(4, 3)
(4, 4)
(4, 5)
(4, 6)
(4, 7)
(4, 8)
(4, 9)
(5, 9)
(6, 9)
(6, 10)
(6, 11)
(7, 11)
(8, 11)
(9, 11)
kaikki ok
Reitin pituus: 16
(12, 7)
(11, 7)
(10, 7)
(9, 7)
(8, 7)
(7, 7)
(6, 7)
(6, 8)
(6, 9)
(5, 9)
(4, 9)
(4, 10)
(4, 11)
(4, 12)
(4, 13)
(3, 13)
(2, 13)
kaikki ok
Reitin pituus: 5
(6, 4)
(6, 3)
(5, 3)
(4, 3)
(4, 2)
(4, 1)
kaikki ok
Reitin pituus: 14
(14, 10)
(14, 11)
(14, 12)
(14, 13)
(14, 14)
(14, 15)
(13, 15)
(12, 15)
(11, 15)
(10, 15)
(9, 15)
(8, 15)
(7, 15)
(6, 15)
(6, 16)
kaikki ok
Reitin pituus: 21
(1, 17)
(2, 17)
(3, 17)
(4, 17)
(4, 16)
(4, 15)
(4, 14)
(4, 13)
(4, 12)
(4, 11)
(4, 10)
(4, 9)
(4, 8)
(4, 7)
(4, 6)
(4, 5)
(4, 4)
(4, 3)
(5, 3)
(6, 3)
(6, 4)
(6, 5)
kaikki ok
Reitin pituus: 23
(17, 15)
(17, 14)
(17, 13)
(16, 13)
(15, 13)
(14, 13)
(13, 13)
(12, 13)
(12, 12)
(12, 11)
(11, 11)
(10, 11)
(9, 11)
(8, 11)
(7, 11)
(6, 11)
(6, 10)
(6, 9)
(5, 9)
(4, 9)
(4, 8)
(4, 7)
(4, 6)
(4, 5)
kaikki ok
Reitin pituus: 10
(10, 5)
(10, 6)
(10, 7)
(11, 7)
(12, 7)
(12, 8)
(12, 9)
(12, 10)
(12, 11)
(12, 12)
(12, 13)
kaikki ok
Reitin pituus: 17
(4, 11)
(4, 10)
(4, 9)
(5, 9)
(6, 9)
(6, 10)
(6, 11)
(7, 11)
(8, 11)
(9, 11)
(10, 11)
(11, 11)
(12, 11)
(12, 12)
(12, 13)
(13, 13)
(14, 13)
(15, 13)
kaikki ok
Reitin pituus: 10
(7, 15)
(8, 15)
(9, 15)
(10, 15)
(11, 15)
(12, 15)
(12, 16)
(12, 17)
(11, 17)
(10, 17)
(10, 18)
kaikki ok
Reitin pituus: 15
(6, 11)
(7, 11)
(8, 11)
(9, 11)
(10, 11)
(11, 11)
(12, 11)
(12, 10)
(12, 9)
(13, 9)
(14, 9)
(14, 8)
(14, 7)
(14, 6)
(14, 5)
(15, 5)
kaikki ok
Reitin pituus: 18
(8, 6)
(8, 7)
(9, 7)
(10, 7)
(11, 7)
(12, 7)
(12, 8)
(12, 9)
(12, 10)
(12, 11)
(12, 12)
(12, 13)
(11, 13)
(10, 13)
(10, 14)
(10, 15)
(11, 15)
(12, 15)
(12, 16)
kaikki ok
Reitin pituus: 29
(2, 19)
(3, 19)
(4, 19)
(5, 19)
(6, 19)
(7, 19)
(8, 19)
(9, 19)
(10, 19)
(10, 18)
(10, 17)
(11, 17)
(12, 17)
(12, 16)
(12, 15)
(13, 15)
(14, 15)
(14, 14)
(14, 13)
(14, 12)
(14, 11)
(14, 10)
(14, 9)
(14, 8)
(14, 7)
(14, 6)
(14, 5)
(15, 5)
(16, 5)
(17, 5)
kaikki ok
Reitin pituus: 9
(4, 15)
(4, 14)
(4, 13)
(4, 12)
(4, 11)
(4, 10)
(4, 9)
(5, 9)
(6, 9)
(6, 8)
kaikki ok
Reitin pituus: 11
(7, 3)
(6, 3)
(6, 4)
(6, 5)
(7, 5)
(8, 5)
(8, 6)
(8, 7)
(9, 7)
(9, 8)
(9, 9)
(10, 9)
kaikki ok
Reitin pituus: 9
(8, 3)
(7, 3)
(6, 3)
(5, 3)
(4, 3)
(4, 4)
(4, 5)
(3, 5)
(2, 5)
(1, 5)
kaikki ok
Reitin pituus: 24
(4, 3)
(5, 3)
(6, 3)
(6, 4)
(6, 5)
(7, 5)
(8, 5)
(8, 6)
(8, 7)
(9, 7)
(10, 7)
(11, 7)
(12, 7)
(12, 8)
(12, 9)
(12, 10)
(12, 11)
(12, 12)
(12, 13)
(13, 13)
(14, 13)
(14, 14)
(14, 15)
(14, 16)
(14, 17)
kaikki ok
Reitin pituus: 15
(4, 17)
(4, 16)
(4, 15)
(4, 14)
(4, 13)
(5, 13)
(6, 13)
(6, 12)
(6, 11)
(6, 10)
(6, 9)
(6, 8)
(6, 7)
(7, 7)
(8, 7)
(9, 7)
kaikki ok
Reitin pituus: 25
(7, 5)
(8, 5)
(8, 6)
(8, 7)
(7, 7)
(6, 7)
(6, 8)
(6, 9)
(6, 10)
(6, 11)
(6, 12)
(6, 13)
(7, 13)
(8, 13)
(8, 14)
(8, 15)
(7, 15)
(6, 15)
(6, 16)
(6, 17)
(7, 17)
(8, 17)
(8, 18)
(8, 19)
(7, 19)
(6, 19)
kaikki ok
Reitin pituus: 16
(14, 19)
(15, 19)
(16, 19)
(17, 19)
(17, 18)
(17, 17)
(16, 17)
(15, 17)
(14, 17)
(14, 16)
(14, 15)
(14, 14)
(14, 13)
(14, 12)
(14, 11)
(14, 10)
(14, 9)
kaikki ok
Reitin pituus: 11
(14, 3)
(13, 3)
(12, 3)
(11, 3)
(10, 3)
(9, 3)
(8, 3)
(7, 3)
(6, 3)
(5, 3)
(4, 3)
(3, 3)
kaikki ok
Reitin pituus: 5
(9, 11)
(8, 11)
(7, 11)
(6, 11)
(6, 10)
(6, 9)
kaikki ok
Reitin pituus: 28
(1, 19)
(1, 18)
(1, 17)
(2, 17)
(3, 17)
(4, 17)
(4, 16)
(4, 15)
(4, 14)
(4, 13)
(4, 12)
(4, 11)
(4, 10)
(4, 9)
(4, 8)
(4, 7)
(4, 6)
(4, 5)
(4, 4)
(4, 3)
(5, 3)
(6, 3)
(7, 3)
(8, 3)
(9, 3)
(10, 3)
(11, 3)
(12, 3)
(13, 3)
kaikki ok
Reitin pituus: 12
(17, 3)
(16, 3)
(15, 3)
(14, 3)
(13, 3)
(12, 3)
(12, 4)
(12, 5)
(11, 5)
(10, 5)
(10, 6)
(10, 7)
(11, 7)
kaikki ok
Reitin pituus: 21
(11, 17)
(12, 17)
(12, 16)
(12, 15)
(13, 15)
(14, 15)
(14, 14)
(14, 13)
(14, 12)
(14, 11)
(14, 10)
(14, 9)
(14, 8)
(14, 7)
(14, 6)
(14, 5)
(14, 4)
(14, 3)
(14, 2)
(14, 1)
(13, 1)
(12, 1)
kaikki ok
Reitin pituus: 14
(13, 15)
(12, 15)
(11, 15)
(10, 15)
(9, 15)
(8, 15)
(7, 15)
(6, 15)
(5, 15)
(4, 15)
(4, 16)
(4, 17)
(3, 17)
(2, 17)
(1, 17)
kaikki ok
Reitin pituus: 8
(8, 3)
(7, 3)
(6, 3)
(5, 3)
(4, 3)
(3, 3)
(2, 3)
(1, 3)
(1, 4)
kaikki ok
Reitin pituus: 13
(6, 8)
(6, 9)
(6, 10)
(6, 11)
(6, 12)
(6, 13)
(7, 13)
(8, 13)
(8, 14)
(8, 15)
(9, 15)
(10, 15)
(11, 15)
(12, 15)
kaikki ok
Reitin pituus: 1
(1, 5)
(2, 5)
kaikki ok
Reitin pituus: 1
(12, 5)
(11, 5)
kaikki ok
Reitin pituus: 22
(10, 18)
(10, 19)
(9, 19)
(8, 19)
(8, 18)
(8, 17)
(7, 17)
(6, 17)
(6, 16)
(6, 15)
(5, 15)
(4, 15)
(4, 14)
(4, 13)
(4, 12)
(4, 11)
(4, 10)
(4, 9)
(4, 8)
(4, 7)
(4, 6)
(4, 5)
(4, 4)
kaikki ok
Reitin pituus: 15
(14, 19)
(13, 19)
(12, 19)
(11, 19)
(10, 19)
(9, 19)
(8, 19)
(8, 18)
(8, 17)
(7, 17)
(6, 17)
(6, 16)
(6, 15)
(7, 15)
(8, 15)
(8, 14)
kaikki ok
Reitin pituus: 18
(12, 10)
(12, 11)
(11, 11)
(10, 11)
(9, 11)
(8, 11)
(7, 11)
(6, 11)
(6, 10)
(6, 9)
(5, 9)
(4, 9)
(4, 8)
(4, 7)
(4, 6)
(4, 5)
(3, 5)
(2, 5)
(1, 5)
kaikki ok
Reitin pituus: 16
(17, 19)
(17, 18)
(17, 17)
(16, 17)
(15, 17)
(14, 17)
(14, 16)
(14, 15)
(13, 15)
(12, 15)
(11, 15)
(10, 15)
(9, 15)
(8, 15)
(7, 15)
(6, 15)
(5, 15)
kaikki ok
Reitin pituus: 14
(2, 17)
(1, 17)
(1, 18)
(1, 19)
(2, 19)
(3, 19)
(4, 19)
(5, 19)
(6, 19)
(7, 19)
(8, 19)
(9, 19)
(10, 19)
(11, 19)
(12, 19)
kaikki ok
Reitin pituus: 11
(12, 4)
(12, 3)
(13, 3)
(14, 3)
(14, 4)
(14, 5)
(14, 6)
(14, 7)
(14, 8)
(14, 9)
(14, 10)
(14, 11)
kaikki ok
Reitin pituus: 22
(8, 18)
(8, 17)
(7, 17)
(6, 17)
(6, 16)
(6, 15)
(5, 15)
(4, 15)
(4, 14)
(4, 13)
(4, 12)
(4, 11)
(4, 10)
(4, 9)
(4, 8)
(4, 7)
(4, 6)
(4, 5)
(4, 4)
(4, 3)
(4, 2)
(4, 1)
(5, 1)
kaikki ok
Reitin pituus: 22
(10, 2)
(10, 3)
(9, 3)
(8, 3)
(7, 3)
(6, 3)
(5, 3)
(4, 3)
(4, 4)
(4, 5)
(4, 6)
(4, 7)
(4, 8)
(4, 9)
(4, 10)
(4, 11)
(4, 12)
(4, 13)
(5, 13)
(6, 13)
(7, 13)
(8, 13)
(8, 14)
kaikki ok
Reitin pituus: 17
(12, 11)
(11, 11)
(10, 11)
(9, 11)
(8, 11)
(7, 11)
(6, 11)
(6, 10)
(6, 9)
(5, 9)
(4, 9)
(4, 8)
(4, 7)
(4, 6)
(4, 5)
(4, 4)
(4, 3)
(3, 3)
kaikki ok
Reitin pituus: 21
(17, 13)
(16, 13)
(15, 13)
(14, 13)
(14, 12)
(14, 11)
(14, 10)
(14, 9)
(13, 9)
(12, 9)
(12, 8)
(12, 7)
(11, 7)
(10, 7)
(9, 7)
(8, 7)
(8, 6)
(8, 5)
(7, 5)
(6, 5)
(6, 4)
(6, 3)
kaikki ok
Reitin pituus: 16
(1, 2)
(1, 3)
(1, 4)
(1, 5)
(2, 5)
(3, 5)
(4, 5)
(4, 6)
(4, 7)
(4, 8)
(4, 9)
(5, 9)
(6, 9)
(6, 10)
(6, 11)
(7, 11)
(8, 11)
kaikki ok
Reitin pituus: 16
(16, 13)
(15, 13)
(14, 13)
(14, 12)
(14, 11)
(14, 10)
(14, 9)
(14, 8)
(14, 7)
(14, 6)
(14, 5)
(14, 4)
(14, 3)
(14, 2)
(14, 1)
(13, 1)
(12, 1)
kaikki ok
Reitin pituus: 23
(1, 19)
(1, 18)
(1, 17)
(2, 17)
(3, 17)
(4, 17)
(4, 16)
(4, 15)
(4, 14)
(4, 13)
(4, 12)
(4, 11)
(4, 10)
(4, 9)
(4, 8)
(4, 7)
(4, 6)
(4, 5)
(4, 4)
(4, 3)
(4, 2)
(4, 1)
(5, 1)
(6, 1)
kaikki ok
Reitin pituus: 14
(14, 13)
(13, 13)
(12, 13)
(12, 12)
(12, 11)
(11, 11)
(10, 11)
(9, 11)
(8, 11)
(7, 11)
(6, 11)
(6, 10)
(6, 9)
(5, 9)
(4, 9)
kaikki ok
Reitin pituus: 15
(6, 8)
(6, 9)
(6, 10)
(6, 11)
(7, 11)
(8, 11)
(9, 11)
(10, 11)
(11, 11)
(12, 11)
(12, 12)
(12, 13)
(13, 13)
(14, 13)
(14, 14)
(14, 15)
kaikki ok
Reitin pituus: 28
(15, 19)
(14, 19)
(13, 19)
(12, 19)
(11, 19)
(10, 19)
(9, 19)
(8, 19)
(8, 18)
(8, 17)
(7, 17)
(6, 17)
(6, 16)
(6, 15)
(5, 15)
(4, 15)
(4, 14)
(4, 13)
(4, 12)
(4, 11)
(4, 10)
(4, 9)
(4, 8)
(4, 7)
(4, 6)
(4, 5)
(4, 4)
(4, 3)
(4, 2)
kaikki ok
Reitin pituus: 8
(7, 1)
(8, 1)
(8, 2)
(8, 3)
(9, 3)
(10, 3)
(11, 3)
(12, 3)
(12, 4)
kaikki ok
Reitin pituus: 31
(2, 16)
(2, 17)
(3, 17)
(4, 17)
(4, 16)
(4, 15)
(5, 15)
(6, 15)
(7, 15)
(8, 15)
(9, 15)
(10, 15)
(11, 15)
(12, 15)
(13, 15)
(14, 15)
(14, 14)
(14, 13)
(14, 12)
(14, 11)
(14, 10)
(14, 9)
(14, 8)
(14, 7)
(14, 6)
(14, 5)
(14, 4)
(14, 3)
(15, 3)
(16, 3)
(17, 3)
(17, 2)
kaikki ok
Reitin pituus: 5
(12, 12)
(12, 13)
(13, 13)
(14, 13)
(15, 13)
(16, 13)
kaikki ok
Reitin pituus: 21
(2, 3)
(3, 3)
(4, 3)
(4, 4)
(4, 5)
(4, 6)
(4, 7)
(4, 8)
(4, 9)
(4, 10)
(4, 11)
(4, 12)
(4, 13)
(4, 14)
(4, 15)
(5, 15)
(6, 15)
(6, 16)
(6, 17)
(7, 17)
(8, 17)
(8, 18)
kaikki ok
Reitin pituus: 22
(12, 19)
(11, 19)
(10, 19)
(10, 18)
(10, 17)
(11, 17)
(12, 17)
(12, 16)
(12, 15)
(13, 15)
(14, 15)
(14, 14)
(14, 13)
(14, 12)
(14, 11)
(14, 10)
(14, 9)
(14, 8)
(14, 7)
(14, 6)
(14, 5)
(14, 4)
(14, 3)
kaikki ok
Reitin pituus: 10
(7, 3)
(6, 3)
(6, 4)
(6, 5)
(7, 5)
(8, 5)
(8, 6)
(8, 7)
(9, 7)
(10, 7)
(11, 7)
kaikki ok
Reitin pituus: 19
(10, 2)
(10, 3)
(11, 3)
(12, 3)
(13, 3)
(14, 3)
(14, 4)
(14, 5)
(14, 6)
(14, 7)
(14, 8)
(14, 9)
(14, 10)
(14, 11)
(14, 12)
(14, 13)
(15, 13)
(16, 13)
(17, 13)
(17, 14)
kaikki ok
Reitin pituus: 17
(3, 13)
(4, 13)
(4, 12)
(4, 11)
(4, 10)
(4, 9)
(4, 8)
(4, 7)
(4, 6)
(4, 5)
(4, 4)
(4, 3)
(5, 3)
(6, 3)
(7, 3)
(8, 3)
(9, 3)
(10, 3)
kaikki ok
Reitin pituus: 13
(4, 10)
(4, 9)
(5, 9)
(6, 9)
(6, 10)
(6, 11)
(7, 11)
(8, 11)
(9, 11)
(10, 11)
(11, 11)
(12, 11)
(12, 12)
(12, 13)
kaikki ok
Reitin pituus: 9
(7, 11)
(6, 11)
(6, 12)
(6, 13)
(7, 13)
(8, 13)
(8, 14)
(8, 15)
(7, 15)
(6, 15)
kaikki ok
Reitin pituus: 17
(17, 13)
(16, 13)
(15, 13)
(14, 13)
(14, 12)
(14, 11)
(14, 10)
(14, 9)
(14, 8)
(14, 7)
(14, 6)
(14, 5)
(14, 4)
(14, 3)
(13, 3)
(12, 3)
(11, 3)
(10, 3)
kaikki ok
Reitin pituus: 5
(14, 10)
(14, 9)
(13, 9)
(12, 9)
(12, 10)
(12, 11)
kaikki ok
Reitin pituus: 19
(4, 5)
(4, 6)
(4, 7)
(4, 8)
(4, 9)
(5, 9)
(6, 9)
(6, 10)
(6, 11)
(7, 11)
(8, 11)
(9, 11)
(10, 11)
(11, 11)
(12, 11)
(12, 12)
(12, 13)
(13, 13)
(14, 13)
(14, 12)
kaikki ok
Reitin pituus: 28
(7, 1)
(6, 1)
(5, 1)
(4, 1)
(4, 2)
(4, 3)
(4, 4)
(4, 5)
(4, 6)
(4, 7)
(4, 8)
(4, 9)
(4, 10)
(4, 11)
(4, 12)
(4, 13)
(4, 14)
(4, 15)
(5, 15)
(6, 15)
(6, 16)
(6, 17)
(7, 17)
(8, 17)
(8, 18)
(8, 19)
(9, 19)
(10, 19)
(11, 19)
kaikki ok
Reitin pituus: 7
(6, 9)
(6, 8)
(6, 7)
(7, 7)
(8, 7)
(8, 6)
(8, 5)
(7, 5)
kaikki ok
Reitin pituus: 26
(6, 19)
(7, 19)
(8, 19)
(8, 18)
(8, 17)
(7, 17)
(6, 17)
(6, 16)
(6, 15)
(5, 15)
(4, 15)
(4, 14)
(4, 13)
(5, 13)
(6, 13)
(6, 12)
(6, 11)
(6, 10)
(6, 9)
(6, 8)
(6, 7)
(7, 7)
(8, 7)
(9, 7)
(9, 8)
(9, 9)
(10, 9)
kaikki ok
Reitin pituus: 6
(8, 2)
(8, 3)
(9, 3)
(10, 3)
(11, 3)
(12, 3)
(12, 4)
kaikki ok
Reitin pituus: 13
(8, 18)
(8, 19)
(9, 19)
(10, 19)
(11, 19)
(12, 19)
(13, 19)
(14, 19)
(15, 19)
(16, 19)
(17, 19)
(17, 18)
(17, 17)
(16, 17)
kaikki ok
Reitin pituus: 16
(6, 5)
(7, 5)
(8, 5)
(8, 6)
(8, 7)
(7, 7)
(6, 7)
(6, 8)
(6, 9)
(5, 9)
(4, 9)
(4, 10)
(4, 11)
(4, 12)
(4, 13)
(3, 13)
(2, 13)
kaikki ok
Reitin pituus: 11
(4, 13)
(5, 13)
(6, 13)
(6, 12)
(6, 11)
(7, 11)
(8, 11)
(9, 11)
(10, 11)
(11, 11)
(12, 11)
(12, 12)
kaikki ok
Reitin pituus: 18
(16, 17)
(15, 17)
(14, 17)
(14, 16)
(14, 15)
(14, 14)
(14, 13)
(14, 12)
(14, 11)
(14, 10)
(14, 9)
(13, 9)
(12, 9)
(12, 8)
(12, 7)
(11, 7)
(10, 7)
(9, 7)
(9, 8)
kaikki ok
Reitin pituus: 16
(15, 3)
(14, 3)
(13, 3)
(12, 3)
(12, 4)
(12, 5)
(11, 5)
(10, 5)
(10, 6)
(10, 7)
(9, 7)
(8, 7)
(7, 7)
(6, 7)
(6, 8)
(6, 9)
(6, 10)
kaikki ok
Reitin pituus: 8
(4, 4)
(4, 5)
(4, 6)
(4, 7)
(4, 8)
(4, 9)
(5, 9)
(6, 9)
(6, 10)
kaikki ok
Reitin pituus: 28
(6, 19)
(7, 19)
(8, 19)
(9, 19)
(10, 19)
(10, 18)
(10, 17)
(11, 17)
(12, 17)
(12, 16)
(12, 15)
(13, 15)
(14, 15)
(14, 14)
(14, 13)
(14, 12)
(14, 11)
(14, 10)
(14, 9)
(14, 8)
(14, 7)
(14, 6)
(14, 5)
(14, 4)
(14, 3)
(14, 2)
(14, 1)
(15, 1)
(16, 1)
kaikki ok
Reitin pituus: 9
(7, 3)
(8, 3)
(9, 3)
(10, 3)
(11, 3)
(12, 3)
(13, 3)
(14, 3)
(14, 2)
(14, 1)
kaikki ok
Reitin pituus: 10
(12, 8)
(12, 9)
(12, 10)
(12, 11)
(12, 12)
(12, 13)
(13, 13)
(14, 13)
(15, 13)
(16, 13)
(17, 13)
kaikki ok
Reitin pituus: 11
(13, 3)
(12, 3)
(11, 3)
(10, 3)
(9, 3)
(8, 3)
(7, 3)
(6, 3)
(6, 4)
(6, 5)
(7, 5)
(8, 5)
kaikki ok
Reitin pituus: 10
(14, 9)
(14, 8)
(14, 7)
(14, 6)
(14, 5)
(14, 4)
(14, 3)
(14, 2)
(14, 1)
(13, 1)
(12, 1)
kaikki ok
Reitin pituus: 5
(4, 16)
(4, 17)
(3, 17)
(2, 17)
(1, 17)
(1, 18)
kaikki ok
Reitin pituus: 13
(5, 9)
(4, 9)
(4, 8)
(4, 7)
(4, 6)
(4, 5)
(4, 4)
(4, 3)
(5, 3)
(6, 3)
(7, 3)
(8, 3)
(8, 2)
(8, 1)
kaikki ok
Reitin pituus: 19
(8, 17)
(7, 17)
(6, 17)
(6, 16)
(6, 15)
(7, 15)
(8, 15)
(9, 15)
(10, 15)
(10, 14)
(10, 13)
(11, 13)
(12, 13)
(12, 12)
(12, 11)
(12, 10)
(12, 9)
(12, 8)
(12, 7)
(11, 7)
kaikki ok
Reitin pituus: 14
(1, 5)
(2, 5)
(3, 5)
(4, 5)
(4, 6)
(4, 7)
(4, 8)
(4, 9)
(5, 9)
(6, 9)
(6, 10)
(6, 11)
(7, 11)
(8, 11)
(9, 11)
kaikki ok
Reitin pituus: 15
(8, 5)
(7, 5)
(6, 5)
(6, 4)
(6, 3)
(7, 3)
(8, 3)
(9, 3)
(10, 3)
(11, 3)
(12, 3)
(13, 3)
(14, 3)
(15, 3)
(16, 3)
(17, 3)
kaikki ok
Reitin pituus: 15
(12, 7)
(11, 7)
(10, 7)
(9, 7)
(8, 7)
(8, 6)
(8, 5)
(7, 5)
(6, 5)
(6, 4)
(6, 3)
(5, 3)
(4, 3)
(3, 3)
(2, 3)
(1, 3)
kaikki ok
Reitin pituus: 12
(4, 1)
(4, 2)
(4, 3)
(4, 4)
(4, 5)
(4, 6)
(4, 7)
(4, 8)
(4, 9)
(5, 9)
(6, 9)
(6, 10)
(6, 11)
kaikki ok
Reitin pituus: 4
(4, 8)
(4, 9)
(5, 9)
(6, 9)
(6, 8)
kaikki ok
Reitin pituus: 12
(11, 7)
(12, 7)
(12, 8)
(12, 9)
(12, 10)
(12, 11)
(12, 12)
(12, 13)
(11, 13)
(10, 13)
(10, 14)
(10, 15)
(11, 15)
kaikki ok
Reitin pituus: 14
(6, 12)
(6, 13)
(5, 13)
(4, 13)
(4, 14)
(4, 15)
(4, 16)
(4, 17)
(3, 17)
(2, 17)
(1, 17)
(1, 18)
(1, 19)
(2, 19)
(3, 19)
kaikki ok
Reitin pituus: 10
(9, 15)
(10, 15)
(11, 15)
(12, 15)
(13, 15)
(14, 15)
(14, 16)
(14, 17)
(15, 17)
(16, 17)
(17, 17)
kaikki ok
Reitin pituus: 12
(7, 15)
(6, 15)
(6, 16)
(6, 17)
(7, 17)
(8, 17)
(8, 18)
(8, 19)
(9, 19)
(10, 19)
(11, 19)
(12, 19)
(13, 19)
kaikki ok
Reitin pituus: 24
(13, 1)
(14, 1)
(14, 2)
(14, 3)
(14, 4)
(14, 5)
(14, 6)
(14, 7)
(14, 8)
(14, 9)
(14, 10)
(14, 11)
(14, 12)
(14, 13)
(14, 14)
(14, 15)
(14, 16)
(14, 17)
(15, 17)
(16, 17)
(17, 17)
(17, 18)
(17, 19)
(16, 19)
(15, 19)
kaikki ok
Reitin pituus: 7
(11, 11)
(12, 11)
(12, 10)
(12, 9)
(13, 9)
(14, 9)
(14, 8)
(14, 7)
kaikki ok
Reitin pituus: 19
(6, 15)
(5, 15)
(4, 15)
(4, 14)
(4, 13)
(4, 12)
(4, 11)
(4, 10)
(4, 9)
(4, 8)
(4, 7)
(4, 6)
(4, 5)
(4, 4)
(4, 3)
(3, 3)
(2, 3)
(1, 3)
(1, 2)
(1, 1)
kaikki ok
Reitin pituus: 16
(1, 2)
(1, 3)
(2, 3)
(3, 3)
(4, 3)
(5, 3)
(6, 3)
(7, 3)
(8, 3)
(9, 3)
(10, 3)
(11, 3)
(12, 3)
(13, 3)
(14, 3)
(15, 3)
(16, 3)
kaikki ok
Reitin pituus: 17
(14, 3)
(13, 3)
(12, 3)
(12, 4)
(12, 5)
(11, 5)
(10, 5)
(10, 6)
(10, 7)
(9, 7)
(8, 7)
(7, 7)
(6, 7)
(6, 8)
(6, 9)
(6, 10)
(6, 11)
(6, 12)
kaikki ok
Reitin pituus: 12
(4, 7)
(4, 6)
(4, 5)
(4, 4)
(4, 3)
(5, 3)
(6, 3)
(7, 3)
(8, 3)
(9, 3)
(10, 3)
(11, 3)
(12, 3)
kaikki ok
Reitin pituus: 4
(14, 12)
(14, 13)
(13, 13)
(12, 13)
(12, 12)
kaikki ok
Reitin pituus: 16
(10, 18)
(10, 17)
(11, 17)
(12, 17)
(12, 16)
(12, 15)
(13, 15)
(14, 15)
(14, 14)
(14, 13)
(14, 12)
(14, 11)
(14, 10)
(14, 9)
(14, 8)
(14, 7)
(14, 6)
kaikki ok
Reitin pituus: 8
(6, 5)
(6, 4)
(6, 3)
(7, 3)
(8, 3)
(9, 3)
(10, 3)
(10, 2)
(10, 1)
kaikki ok
Reitin pituus: 14
(1, 3)
(2, 3)
(3, 3)
(4, 3)
(4, 4)
(4, 5)
(4, 6)
(4, 7)
(4, 8)
(4, 9)
(4, 10)
(4, 11)
(4, 12)
(4, 13)
(5, 13)
kaikki ok
Reitin pituus: 23
(2, 1)
(3, 1)
(4, 1)
(4, 2)
(4, 3)
(4, 4)
(4, 5)
(4, 6)
(4, 7)
(4, 8)
(4, 9)
(4, 10)
(4, 11)
(4, 12)
(4, 13)
(5, 13)
(6, 13)
(7, 13)
(8, 13)
(8, 14)
(8, 15)
(9, 15)
(10, 15)
(10, 14)
kaikki ok
Reitin pituus: 13
(15, 13)
(16, 13)
(17, 13)
(17, 14)
(17, 15)
(16, 15)
(16, 16)
(16, 17)
(17, 17)
(17, 18)
(17, 19)
(16, 19)
(15, 19)
(14, 19)
kaikki ok
Reitin pituus: 18
(8, 17)
(7, 17)
(6, 17)
(6, 16)
(6, 15)
(5, 15)
(4, 15)
(4, 14)
(4, 13)
(4, 12)
(4, 11)
(4, 10)
(4, 9)
(4, 8)
(4, 7)
(4, 6)
(4, 5)
(3, 5)
(2, 5)
kaikki ok
Reitin pituus: 21
(8, 5)
(8, 6)
(8, 7)
(7, 7)
(6, 7)
(6, 8)
(6, 9)
(6, 10)
(6, 11)
(6, 12)
(6, 13)
(5, 13)
(4, 13)
(4, 14)
(4, 15)
(5, 15)
(6, 15)
(6, 16)
(6, 17)
(7, 17)
(8, 17)
(8, 18)
kaikki ok
Reitin pituus: 17
(17, 2)
(17, 3)
(16, 3)
(15, 3)
(14, 3)
(13, 3)
(12, 3)
(11, 3)
(10, 3)
(9, 3)
(8, 3)
(7, 3)
(6, 3)
(5, 3)
(4, 3)
(4, 4)
(4, 5)
(4, 6)
kaikki ok
Reitin pituus: 19
(17, 1)
(16, 1)
(15, 1)
(14, 1)
(13, 1)
(12, 1)
(11, 1)
(10, 1)
(10, 2)
(10, 3)
(9, 3)
(8, 3)
(7, 3)
(6, 3)
(5, 3)
(4, 3)
(3, 3)
(2, 3)
(1, 3)
(1, 4)
kaikki ok
Reitin pituus: 28
(8, 1)
(7, 1)
(6, 1)
(5, 1)
(4, 1)
(4, 2)
(4, 3)
(4, 4)
(4, 5)
(4, 6)
(4, 7)
(4, 8)
(4, 9)
(4, 10)
(4, 11)
(4, 12)
(4, 13)
(4, 14)
(4, 15)
(5, 15)
(6, 15)
(6, 16)
(6, 17)
(7, 17)
(8, 17)
(8, 18)
(8, 19)
(7, 19)
(6, 19)
kaikki ok
Reitin pituus: 6
(4, 7)
(4, 8)
(4, 9)
(5, 9)
(6, 9)
(6, 8)
(6, 7)
kaikki ok
Reitin pituus: 26
(12, 16)
(12, 15)
(11, 15)
(10, 15)
(9, 15)
(8, 15)
(8, 14)
(8, 13)
(7, 13)
(6, 13)
(5, 13)
(4, 13)
(4, 12)
(4, 11)
(4, 10)
(4, 9)
(4, 8)
(4, 7)
(4, 6)
(4, 5)
(4, 4)
(4, 3)
(4, 2)
(4, 1)
(3, 1)
(2, 1)
(1, 1)
kaikki ok
Reitin pituus: 4
(2, 17)
(3, 17)
(4, 17)
(4, 16)
(4, 15)
kaikki ok
Reitin pituus: 0
(11, 3)
kaikki ok
Reitin pituus: 6
(6, 10)
(6, 11)
(6, 12)
(6, 13)
(5, 13)
(4, 13)
(4, 14)
kaikki ok
Reitin pituus: 2
(17, 1)
(16, 1)
(15, 1)
kaikki ok
Reitin pituus: 16
(12, 7)
(11, 7)
(10, 7)
(9, 7)
(8, 7)
(8, 6)
(8, 5)
(7, 5)
(6, 5)
(6, 4)
(6, 3)
(7, 3)
(8, 3)
(8, 2)
(8, 1)
(7, 1)
(6, 1)
kaikki ok
Reitin pituus: 16
(12, 19)
(11, 19)
(10, 19)
(10, 18)
(10, 17)
(11, 17)
(12, 17)
(12, 16)
(12, 15)
(13, 15)
(14, 15)
(14, 14)
(14, 13)
(14, 12)
(14, 11)
(14, 10)
(14, 9)
kaikki ok
Reitin pituus: 8
(13, 13)
(12, 13)
(11, 13)
(10, 13)
(10, 14)
(10, 15)
(9, 15)
(8, 15)
(8, 14)
kaikki ok
Reitin pituus: 23
(1, 19)
(1, 18)
(1, 17)
(2, 17)
(3, 17)
(4, 17)
(4, 16)
(4, 15)
(4, 14)
(4, 13)
(5, 13)
(6, 13)
(6, 12)
(6, 11)
(6, 10)
(6, 9)
(6, 8)
(6, 7)
(7, 7)
(8, 7)
(9, 7)
(10, 7)
(11, 7)
(12, 7)
kaikki ok
Reitin pituus: 10
(5, 13)
(4, 13)
(4, 12)
(4, 11)
(4, 10)
(4, 9)
(4, 8)
(4, 7)
(4, 6)
(4, 5)
(3, 5)
kaikki ok
Reitin pituus: 25
(3, 3)
(4, 3)
(5, 3)
(6, 3)
(6, 4)
(6, 5)
(7, 5)
(8, 5)
(8, 6)
(8, 7)
(9, 7)
(10, 7)
(11, 7)
(12, 7)
(12, 8)
(12, 9)
(12, 10)
(12, 11)
(12, 12)
(12, 13)
(13, 13)
(14, 13)
(15, 13)
(16, 13)
(17, 13)
(17, 14)
kaikki ok
Reitin pituus: 14
(5, 15)
(6, 15)
(7, 15)
(8, 15)
(9, 15)
(10, 15)
(11, 15)
(12, 15)
(13, 15)
(14, 15)
(14, 16)
(14, 17)
(15, 17)
(16, 17)
(16, 16)
kaikki ok
Reitin pituus: 16
(8, 15)
(8, 14)
(8, 13)
(7, 13)
(6, 13)
(6, 12)
(6, 11)
(6, 10)
(6, 9)
(5, 9)
(4, 9)
(4, 8)
(4, 7)
(4, 6)
(4, 5)
(4, 4)
(4, 3)
kaikki ok
Reitin pituus: 12
(6, 10)
(6, 9)
(5, 9)
(4, 9)
(4, 8)
(4, 7)
(4, 6)
(4, 5)
(3, 5)
(2, 5)
(1, 5)
(1, 4)
(1, 3)
kaikki ok
Reitin pituus: 24
(9, 19)
(10, 19)
(10, 18)
(10, 17)
(11, 17)
(12, 17)
(12, 16)
(12, 15)
(13, 15)
(14, 15)
(14, 14)
(14, 13)
(14, 12)
(14, 11)
(14, 10)
(14, 9)
(14, 8)
(14, 7)
(14, 6)
(14, 5)
(14, 4)
(14, 3)
(14, 2)
(14, 1)
(13, 1)
kaikki ok
Reitin pituus: 8
(10, 3)
(11, 3)
(12, 3)
(13, 3)
(14, 3)
(14, 4)
(14, 5)
(15, 5)
(16, 5)
kaikki ok
Reitin pituus: 18
(8, 1)
(8, 2)
(8, 3)
(9, 3)
(10, 3)
(11, 3)
(12, 3)
(13, 3)
(14, 3)
(14, 4)
(14, 5)
(14, 6)
(14, 7)
(14, 8)
(14, 9)
(14, 10)
(14, 11)
(14, 12)
(14, 13)
kaikki ok
Reitin pituus: 9
(8, 15)
(9, 15)
(10, 15)
(10, 14)
(10, 13)
(11, 13)
(12, 13)
(12, 12)
(12, 11)
(11, 11)
kaikki ok
Reitin pituus: 6
(4, 16)
(4, 15)
(5, 15)
(6, 15)
(7, 15)
(8, 15)
(8, 14)
kaikki ok
Reitin pituus: 2
(15, 17)
(16, 17)
(17, 17)
kaikki ok
Reitin pituus: 16
(10, 13)
(10, 14)
(10, 15)
(9, 15)
(8, 15)
(8, 14)
(8, 13)
(7, 13)
(6, 13)
(6, 12)
(6, 11)
(6, 10)
(6, 9)
(5, 9)
(4, 9)
(4, 8)
(4, 7)
kaikki ok
Reitin pituus: 9
(14, 13)
(13, 13)
(12, 13)
(12, 12)
(12, 11)
(12, 10)
(12, 9)
(12, 8)
(12, 7)
(11, 7)
kaikki ok
Reitin pituus: 15
(14, 2)
(14, 3)
(13, 3)
(12, 3)
(11, 3)
(10, 3)
(9, 3)
(8, 3)
(7, 3)
(6, 3)
(5, 3)
(4, 3)
(4, 4)
(4, 5)
(3, 5)
(2, 5)
kaikki ok
Reitin pituus: 14
(14, 10)
(14, 11)
(14, 12)
(14, 13)
(14, 14)
(14, 15)
(13, 15)
(12, 15)
(12, 16)
(12, 17)
(11, 17)
(10, 17)
(10, 18)
(10, 19)
(9, 19)
kaikki ok
Reitin pituus: 17
(3, 17)
(4, 17)
(4, 16)
(4, 15)
(4, 14)
(4, 13)
(4, 12)
(4, 11)
(4, 10)
(4, 9)
(4, 8)
(4, 7)
(4, 6)
(4, 5)
(4, 4)
(4, 3)
(5, 3)
(6, 3)
kaikki ok
Reitin pituus: 12
(16, 16)
(16, 17)
(15, 17)
(14, 17)
(14, 16)
(14, 15)
(13, 15)
(12, 15)
(11, 15)
(10, 15)
(9, 15)
(8, 15)
(7, 15)
kaikki ok
Reitin pituus: 6
(4, 8)
(4, 7)
(4, 6)
(4, 5)
(4, 4)
(4, 3)
(5, 3)
kaikki ok
Reitin pituus: 18
(14, 19)
(15, 19)
(16, 19)
(17, 19)
(17, 18)
(17, 17)
(16, 17)
(15, 17)
(14, 17)
(14, 16)
(14, 15)
(14, 14)
(14, 13)
(14, 12)
(14, 11)
(14, 10)
(14, 9)
(14, 8)
(14, 7)
kaikki ok
Reitin pituus: 12
(6, 15)
(7, 15)
(8, 15)
(9, 15)
(10, 15)
(11, 15)
(12, 15)
(13, 15)
(14, 15)
(14, 16)
(14, 17)
(15, 17)
(16, 17)
kaikki ok
Reitin pituus: 20
(7, 3)
(8, 3)
(9, 3)
(10, 3)
(11, 3)
(12, 3)
(13, 3)
(14, 3)
(14, 4)
(14, 5)
(14, 6)
(14, 7)
(14, 8)
(14, 9)
(14, 10)
(14, 11)
(14, 12)
(14, 13)
(14, 14)
(14, 15)
(13, 15)
kaikki ok
Reitin pituus: 5
(9, 19)
(8, 19)
(7, 19)
(6, 19)
(5, 19)
(4, 19)
kaikki ok
Reitin pituus: 5
(7, 15)
(6, 15)
(5, 15)
(4, 15)
(4, 16)
(4, 17)
kaikki ok
Reitin pituus: 30
(17, 19)
(17, 18)
(17, 17)
(16, 17)
(15, 17)
(14, 17)
(14, 16)
(14, 15)
(13, 15)
(12, 15)
(11, 15)
(10, 15)
(9, 15)
(8, 15)
(8, 14)
(8, 13)
(7, 13)
(6, 13)
(6, 12)
(6, 11)
(6, 10)
(6, 9)
(5, 9)
(4, 9)
(4, 8)
(4, 7)
(4, 6)
(4, 5)
(3, 5)
(2, 5)
(1, 5)
kaikki ok
Reitin pituus: 21
(6, 8)
(6, 9)
(5, 9)
(4, 9)
(4, 10)
(4, 11)
(4, 12)
(4, 13)
(4, 14)
(4, 15)
(5, 15)
(6, 15)
(6, 16)
(6, 17)
(7, 17)
(8, 17)
(8, 18)
(8, 19)
(9, 19)
(10, 19)
(11, 19)
(12, 19)
kaikki ok
Reitin pituus: 22
(10, 17)
(11, 17)
(12, 17)
(12, 16)
(12, 15)
(11, 15)
(10, 15)
(10, 14)
(10, 13)
(11, 13)
(12, 13)
(12, 12)
(12, 11)
(12, 10)
(12, 9)
(12, 8)
(12, 7)
(11, 7)
(10, 7)
(9, 7)
(9, 8)
(9, 9)
(10, 9)
kaikki ok
Reitin pituus: 12
(17, 15)
(17, 14)
(17, 13)
(16, 13)
(15, 13)
(14, 13)
(13, 13)
(12, 13)
(12, 12)
(12, 11)
(11, 11)
(10, 11)
(9, 11)
kaikki ok
Reitin pituus: 12
(10, 17)
(11, 17)
(12, 17)
(12, 16)
(12, 15)
(11, 15)
(10, 15)
(10, 14)
(10, 13)
(11, 13)
(12, 13)
(12, 12)
(12, 11)
kaikki ok
Reitin pituus: 16
(10, 11)
(11, 11)
(12, 11)
(12, 10)
(12, 9)
(13, 9)
(14, 9)
(14, 8)
(14, 7)
(14, 6)
(14, 5)
(15, 5)
(16, 5)
(17, 5)
(17, 4)
(17, 3)
(17, 2)
kaikki ok
Reitin pituus: 18
(12, 5)
(11, 5)
(10, 5)
(10, 6)
(10, 7)
(11, 7)
(12, 7)
(12, 8)
(12, 9)
(12, 10)
(12, 11)
(12, 12)
(12, 13)
(11, 13)
(10, 13)
(10, 14)
(10, 15)
(11, 15)
(12, 15)
kaikki ok
Reitin pituus: 4
(14, 13)
(14, 12)
(14, 11)
(14, 10)
(14, 9)
kaikki ok
Reitin pituus: 7
(4, 9)
(4, 8)
(4, 7)
(4, 6)
(4, 5)
(4, 4)
(4, 3)
(3, 3)
kaikki ok
Reitin pituus: 20
(3, 13)
(4, 13)
(5, 13)
(6, 13)
(6, 12)
(6, 11)
(7, 11)
(8, 11)
(9, 11)
(10, 11)
(11, 11)
(12, 11)
(12, 12)
(12, 13)
(13, 13)
(14, 13)
(15, 13)
(16, 13)
(17, 13)
(17, 14)
(17, 15)
kaikki ok
Reitin pituus: 20
(7, 17)
(6, 17)
(6, 16)
(6, 15)
(5, 15)
(4, 15)
(4, 14)
(4, 13)
(4, 12)
(4, 11)
(4, 10)
(4, 9)
(4, 8)
(4, 7)
(4, 6)
(4, 5)
(4, 4)
(4, 3)
(5, 3)
(6, 3)
(6, 4)
kaikki ok
Reitin pituus: 13
(7, 13)
(6, 13)
(6, 12)
(6, 11)
(6, 10)
(6, 9)
(6, 8)
(6, 7)
(7, 7)
(8, 7)
(9, 7)
(9, 8)
(9, 9)
(10, 9)
kaikki ok
Reitin pituus: 9
(12, 7)
(11, 7)
(10, 7)
(10, 6)
(10, 5)
(11, 5)
(12, 5)
(12, 4)
(12, 3)
(13, 3)
kaikki ok
Reitin pituus: 26
(2, 1)
(3, 1)
(4, 1)
(4, 2)
(4, 3)
(4, 4)
(4, 5)
(4, 6)
(4, 7)
(4, 8)
(4, 9)
(4, 10)
(4, 11)
(4, 12)
(4, 13)
(5, 13)
(6, 13)
(7, 13)
(8, 13)
(8, 14)
(8, 15)
(9, 15)
(10, 15)
(11, 15)
(12, 15)
(12, 16)
(12, 17)
kaikki ok
Reitin pituus: 23
(1, 4)
(1, 5)
(2, 5)
(3, 5)
(4, 5)
(4, 6)
(4, 7)
(4, 8)
(4, 9)
(5, 9)
(6, 9)
(6, 10)
(6, 11)
(6, 12)
(6, 13)
(7, 13)
(8, 13)
(8, 14)
(8, 15)
(9, 15)
(10, 15)
(11, 15)
(12, 15)
(12, 16)
kaikki ok
Reitin pituus: 14
(14, 13)
(14, 12)
(14, 11)
(14, 10)
(14, 9)
(14, 8)
(14, 7)
(14, 6)
(14, 5)
(14, 4)
(14, 3)
(13, 3)
(12, 3)
(12, 4)
(12, 5)
kaikki ok
Reitin pituus: 21
(8, 5)
(8, 6)
(8, 7)
(9, 7)
(10, 7)
(11, 7)
(12, 7)
(12, 8)
(12, 9)
(12, 10)
(12, 11)
(12, 12)
(12, 13)
(13, 13)
(14, 13)
(14, 14)
(14, 15)
(14, 16)
(14, 17)
(15, 17)
(16, 17)
(17, 17)
kaikki ok
Reitin pituus: 19
(12, 9)
(12, 10)
(12, 11)
(11, 11)
(10, 11)
(9, 11)
(8, 11)
(7, 11)
(6, 11)
(6, 12)
(6, 13)
(5, 13)
(4, 13)
(3, 13)
(2, 13)
(1, 13)
(1, 14)
(1, 15)
(2, 15)
(2, 16)
kaikki ok
Reitin pituus: 17
(5, 9)
(4, 9)
(4, 10)
(4, 11)
(4, 12)
(4, 13)
(4, 14)
(4, 15)
(5, 15)
(6, 15)
(6, 16)
(6, 17)
(7, 17)
(8, 17)
(8, 18)
(8, 19)
(9, 19)
(10, 19)
kaikki ok
Reitin pituus: 6
(7, 15)
(8, 15)
(8, 14)
(8, 13)
(7, 13)
(6, 13)
(6, 12)
kaikki ok
Reitin pituus: 15
(13, 13)
(14, 13)
(14, 12)
(14, 11)
(14, 10)
(14, 9)
(14, 8)
(14, 7)
(14, 6)
(14, 5)
(14, 4)
(14, 3)
(15, 3)
(16, 3)
(17, 3)
(17, 2)
kaikki ok
Reitin pituus: 15
(12, 17)
(12, 16)
(12, 15)
(11, 15)
(10, 15)
(9, 15)
(8, 15)
(7, 15)
(6, 15)
(5, 15)
(4, 15)
(4, 16)
(4, 17)
(3, 17)
(2, 17)
(2, 16)
kaikki ok
Reitin pituus: 30
(15, 1)
(14, 1)
(14, 2)
(14, 3)
(13, 3)
(12, 3)
(12, 4)
(12, 5)
(11, 5)
(10, 5)
(10, 6)
(10, 7)
(9, 7)
(8, 7)
(7, 7)
(6, 7)
(6, 8)
(6, 9)
(6, 10)
(6, 11)
(6, 12)
(6, 13)
(5, 13)
(4, 13)
(4, 14)
(4, 15)
(4, 16)
(4, 17)
(3, 17)
(2, 17)
(1, 17)
kaikki ok
Reitin pituus: 13
(10, 13)
(10, 14)
(10, 15)
(11, 15)
(12, 15)
(12, 16)
(12, 17)
(11, 17)
(10, 17)
(10, 18)
(10, 19)
(11, 19)
(12, 19)
(13, 19)
kaikki ok
Reitin pituus: 14
(6, 4)
(6, 5)
(7, 5)
(8, 5)
(8, 6)
(8, 7)
(7, 7)
(6, 7)
(6, 8)
(6, 9)
(6, 10)
(6, 11)
(7, 11)
(8, 11)
(9, 11)
kaikki ok
Reitin pituus: 14
(14, 10)
(14, 9)
(14, 8)
(14, 7)
(14, 6)
(14, 5)
(14, 4)
(14, 3)
(13, 3)
(12, 3)
(11, 3)
(10, 3)
(9, 3)
(8, 3)
(8, 2)
kaikki ok
Reitin pituus: 6
(16, 16)
(16, 17)
(17, 17)
(17, 18)
(17, 19)
(16, 19)
(15, 19)
kaikki ok
Reitin pituus: 12
(6, 10)
(6, 9)
(5, 9)
(4, 9)
(4, 8)
(4, 7)
(4, 6)
(4, 5)
(4, 4)
(4, 3)
(5, 3)
(6, 3)
(7, 3)
kaikki ok
Reitin pituus: 16
(13, 13)
(12, 13)
(11, 13)
(10, 13)
(10, 14)
(10, 15)
(9, 15)
(8, 15)
(7, 15)
(6, 15)
(5, 15)
(4, 15)
(4, 16)
(4, 17)
(3, 17)
(2, 17)
(2, 16)
kaikki ok
Reitin pituus: 10
(4, 17)
(4, 16)
(4, 15)
(5, 15)
(6, 15)
(7, 15)
(8, 15)
(9, 15)
(10, 15)
(10, 14)
(10, 13)
kaikki ok
Reitin pituus: 23
(1, 14)
(1, 13)
(2, 13)
(3, 13)
(4, 13)
(5, 13)
(6, 13)
(7, 13)
(8, 13)
(8, 14)
(8, 15)
(9, 15)
(10, 15)
(11, 15)
(12, 15)
(13, 15)
(14, 15)
(14, 16)
(14, 17)
(15, 17)
(16, 17)
(16, 16)
(16, 15)
(17, 15)
kaikki ok
Reitin pituus: 13
(9, 8)
(9, 7)
(8, 7)
(8, 6)
(8, 5)
(7, 5)
(6, 5)
(6, 4)
(6, 3)
(5, 3)
(4, 3)
(3, 3)
(2, 3)
(1, 3)
kaikki ok
Reitin pituus: 15
(10, 13)
(10, 14)
(10, 15)
(9, 15)
(8, 15)
(7, 15)
(6, 15)
(5, 15)
(4, 15)
(4, 16)
(4, 17)
(3, 17)
(2, 17)
(2, 16)
(2, 15)
(1, 15)
kaikki ok
Reitin pituus: 8
(9, 3)
(10, 3)
(11, 3)
(12, 3)
(12, 4)
(12, 5)
(11, 5)
(10, 5)
(10, 6)
kaikki ok
Reitin pituus: 9
(7, 1)
(6, 1)
(5, 1)
(4, 1)
(4, 2)
(4, 3)
(4, 4)
(4, 5)
(4, 6)
(4, 7)
kaikki ok
Reitin pituus: 9
(10, 15)
(9, 15)
(8, 15)
(8, 14)
(8, 13)
(7, 13)
(6, 13)
(6, 12)
(6, 11)
(7, 11)
kaikki ok
Reitin pituus: 15
(6, 11)
(6, 12)
(6, 13)
(5, 13)
(4, 13)
(4, 14)
(4, 15)
(5, 15)
(6, 15)
(6, 16)
(6, 17)
(7, 17)
(8, 17)
(8, 18)
(8, 19)
(7, 19)
kaikki ok
Reitin pituus: 17
(15, 3)
(14, 3)
(14, 4)
(14, 5)
(14, 6)
(14, 7)
(14, 8)
(14, 9)
(14, 10)
(14, 11)
(14, 12)
(14, 13)
(14, 14)
(14, 15)
(14, 16)
(14, 17)
(15, 17)
(16, 17)
kaikki ok
Reitin pituus: 7
(14, 4)
(14, 3)
(14, 2)
(14, 1)
(13, 1)
(12, 1)
(11, 1)
(10, 1)
kaikki ok
Reitin pituus: 25
(17, 2)
(17, 3)
(16, 3)
(15, 3)
(14, 3)
(13, 3)
(12, 3)
(11, 3)
(10, 3)
(9, 3)
(8, 3)
(7, 3)
(6, 3)
(5, 3)
(4, 3)
(4, 4)
(4, 5)
(4, 6)
(4, 7)
(4, 8)
(4, 9)
(4, 10)
(4, 11)
(4, 12)
(4, 13)
(4, 14)
kaikki ok
Reitin pituus: 0
(16, 19)
kaikki ok
Reitin pituus: 24
(10, 2)
(10, 3)
(11, 3)
(12, 3)
(13, 3)
(14, 3)
(14, 4)
(14, 5)
(14, 6)
(14, 7)
(14, 8)
(14, 9)
(14, 10)
(14, 11)
(14, 12)
(14, 13)
(14, 14)
(14, 15)
(13, 15)
(12, 15)
(12, 16)
(12, 17)
(11, 17)
(10, 17)
(10, 18)
kaikki ok
Reitin pituus: 23
(4, 7)
(4, 8)
(4, 9)
(5, 9)
(6, 9)
(6, 10)
(6, 11)
(7, 11)
(8, 11)
(9, 11)
(10, 11)
(11, 11)
(12, 11)
(12, 12)
(12, 13)
(13, 13)
(14, 13)
(15, 13)
(16, 13)
(17, 13)
(17, 14)
(17, 15)
(16, 15)
(16, 16)
kaikki ok
Reitin pituus: 11
(4, 2)
(4, 3)
(4, 4)
(4, 5)
(4, 6)
(4, 7)
(4, 8)
(4, 9)
(5, 9)
(6, 9)
(6, 10)
(6, 11)
kaikki ok
Reitin pituus: 8
(12, 4)
(12, 3)
(13, 3)
(14, 3)
(14, 2)
(14, 1)
(15, 1)
(16, 1)
(17, 1)
kaikki ok
Reitin pituus: 11
(10, 1)
(10, 2)
(10, 3)
(9, 3)
(8, 3)
(7, 3)
(6, 3)
(6, 4)
(6, 5)
(7, 5)
(8, 5)
(8, 6)
kaikki ok
Reitin pituus: 8
(6, 3)
(6, 4)
(6, 5)
(7, 5)
(8, 5)
(8, 6)
(8, 7)
(7, 7)
(6, 7)
kaikki ok
Reitin pituus: 14
(6, 9)
(5, 9)
(4, 9)
(4, 10)
(4, 11)
(4, 12)
(4, 13)
(4, 14)
(4, 15)
(4, 16)
(4, 17)
(3, 17)
(2, 17)
(1, 17)
(1, 18)
kaikki ok
Reitin pituus: 15
(14, 11)
(14, 10)
(14, 9)
(14, 8)
(14, 7)
(14, 6)
(14, 5)
(14, 4)
(14, 3)
(13, 3)
(12, 3)
(11, 3)
(10, 3)
(9, 3)
(8, 3)
(8, 2)
kaikki ok
Reitin pituus: 7
(4, 11)
(4, 12)
(4, 13)
(3, 13)
(2, 13)
(1, 13)
(1, 14)
(1, 15)
kaikki ok
Reitin pituus: 14
(12, 7)
(11, 7)
(10, 7)
(9, 7)
(8, 7)
(7, 7)
(6, 7)
(6, 8)
(6, 9)
(5, 9)
(4, 9)
(4, 10)
(4, 11)
(4, 12)
(4, 13)
kaikki ok
Reitin pituus: 3
(8, 6)
(8, 5)
(7, 5)
(6, 5)
kaikki ok
Reitin pituus: 9
(17, 19)
(17, 18)
(17, 17)
(16, 17)
(15, 17)
(14, 17)
(14, 16)
(14, 15)
(14, 14)
(14, 13)
kaikki ok
Reitin pituus: 10
(5, 9)
(6, 9)
(6, 10)
(6, 11)
(6, 12)
(6, 13)
(7, 13)
(8, 13)
(8, 14)
(8, 15)
(9, 15)
kaikki ok
Reitin pituus: 18
(10, 15)
(10, 14)
(10, 13)
(11, 13)
(12, 13)
(12, 12)
(12, 11)
(12, 10)
(12, 9)
(13, 9)
(14, 9)
(14, 8)
(14, 7)
(14, 6)
(14, 5)
(14, 4)
(14, 3)
(15, 3)
(16, 3)
kaikki ok
Reitin pituus: 10
(4, 3)
(4, 4)
(4, 5)
(4, 6)
(4, 7)
(4, 8)
(4, 9)
(4, 10)
(4, 11)
(4, 12)
(4, 13)
kaikki ok
Reitin pituus: 21
(6, 9)
(6, 10)
(6, 11)
(6, 12)
(6, 13)
(7, 13)
(8, 13)
(8, 14)
(8, 15)
(9, 15)
(10, 15)
(11, 15)
(12, 15)
(12, 16)
(12, 17)
(11, 17)
(10, 17)
(10, 18)
(10, 19)
(11, 19)
(12, 19)
(13, 19)
kaikki ok
Reitin pituus: 5
(7, 13)
(6, 13)
(6, 12)
(6, 11)
(7, 11)
(8, 11)
kaikki ok
Reitin pituus: 12
(7, 1)
(8, 1)
(8, 2)
(8, 3)
(7, 3)
(6, 3)
(6, 4)
(6, 5)
(7, 5)
(8, 5)
(8, 6)
(8, 7)
(7, 7)
kaikki ok
Reitin pituus: 27
(2, 1)
(3, 1)
(4, 1)
(4, 2)
(4, 3)
(4, 4)
(4, 5)
(4, 6)
(4, 7)
(4, 8)
(4, 9)
(4, 10)
(4, 11)
(4, 12)
(4, 13)
(4, 14)
(4, 15)
(5, 15)
(6, 15)
(6, 16)
(6, 17)
(7, 17)
(8, 17)
(8, 18)
(8, 19)
(9, 19)
(10, 19)
(10, 18)
kaikki ok
Reitin pituus: 7
(13, 13)
(12, 13)
(12, 12)
(12, 11)
(12, 10)
(12, 9)
(12, 8)
(12, 7)
kaikki ok
Reitin pituus: 15
(4, 15)
(5, 15)
(6, 15)
(7, 15)
(8, 15)
(9, 15)
(10, 15)
(10, 14)
(10, 13)
(11, 13)
(12, 13)
(13, 13)
(14, 13)
(14, 12)
(14, 11)
(14, 10)
kaikki ok
Reitin pituus: 2
(13, 13)
(14, 13)
(14, 12)
kaikki ok
Reitin pituus: 20
(16, 5)
(15, 5)
(14, 5)
(14, 6)
(14, 7)
(14, 8)
(14, 9)
(13, 9)
(12, 9)
(12, 10)
(12, 11)
(11, 11)
(10, 11)
(9, 11)
(8, 11)
(7, 11)
(6, 11)
(6, 12)
(6, 13)
(5, 13)
(4, 13)
kaikki ok
Reitin pituus: 9
(14, 8)
(14, 9)
(13, 9)
(12, 9)
(12, 8)
(12, 7)
(11, 7)
(10, 7)
(9, 7)
(8, 7)
kaikki ok
Reitin pituus: 15
(4, 19)
(3, 19)
(2, 19)
(1, 19)
(1, 18)
(1, 17)
(2, 17)
(3, 17)
(4, 17)
(4, 16)
(4, 15)
(4, 14)
(4, 13)
(4, 12)
(4, 11)
(4, 10)
kaikki ok
Reitin pituus: 7
(5, 3)
(6, 3)
(7, 3)
(8, 3)
(9, 3)
(10, 3)
(11, 3)
(12, 3)
kaikki ok
Reitin pituus: 20
(12, 5)
(11, 5)
(10, 5)
(10, 6)
(10, 7)
(9, 7)
(8, 7)
(7, 7)
(6, 7)
(6, 8)
(6, 9)
(6, 10)
(6, 11)
(6, 12)
(6, 13)
(5, 13)
(4, 13)
(3, 13)
(2, 13)
(1, 13)
(1, 14)
kaikki ok
Reitin pituus: 20
(16, 15)
(16, 16)
(16, 17)
(17, 17)
(17, 18)
(17, 19)
(16, 19)
(15, 19)
(14, 19)
(13, 19)
(12, 19)
(11, 19)
(10, 19)
(9, 19)
(8, 19)
(7, 19)
(6, 19)
(5, 19)
(4, 19)
(3, 19)
(2, 19)
kaikki ok
Reitin pituus: 23
(1, 18)
(1, 17)
(2, 17)
(3, 17)
(4, 17)
(4, 16)
(4, 15)
(4, 14)
(4, 13)
(4, 12)
(4, 11)
(4, 10)
(4, 9)
(4, 8)
(4, 7)
(4, 6)
(4, 5)
(4, 4)
(4, 3)
(5, 3)
(6, 3)
(7, 3)
(8, 3)
(8, 2)
kaikki ok
Reitin pituus: 5
(1, 14)
(1, 15)
(2, 15)
(2, 16)
(2, 17)
(3, 17)
kaikki ok
Reitin pituus: 23
(12, 7)
(12, 8)
(12, 9)
(12, 10)
(12, 11)
(12, 12)
(12, 13)
(11, 13)
(10, 13)
(10, 14)
(10, 15)
(9, 15)
(8, 15)
(7, 15)
(6, 15)
(6, 16)
(6, 17)
(7, 17)
(8, 17)
(8, 18)
(8, 19)
(7, 19)
(6, 19)
(5, 19)
kaikki ok
Reitin pituus: 18
(4, 15)
(4, 14)
(4, 13)
(4, 12)
(4, 11)
(4, 10)
(4, 9)
(4, 8)
(4, 7)
(4, 6)
(4, 5)
(4, 4)
(4, 3)
(5, 3)
(6, 3)
(7, 3)
(8, 3)
(8, 2)
(8, 1)
kaikki ok
Reitin pituus: 5
(10, 11)
(11, 11)
(12, 11)
(12, 10)
(12, 9)
(13, 9)
kaikki ok
Reitin pituus: 14
(8, 11)
(9, 11)
(10, 11)
(11, 11)
(12, 11)
(12, 12)
(12, 13)
(11, 13)
(10, 13)
(10, 14)
(10, 15)
(11, 15)
(12, 15)
(12, 16)
(12, 17)
kaikki ok
Reitin pituus: 13
(4, 4)
(4, 3)
(5, 3)
(6, 3)
(7, 3)
(8, 3)
(9, 3)
(10, 3)
(11, 3)
(12, 3)
(13, 3)
(14, 3)
(14, 4)
(14, 5)
kaikki ok
Reitin pituus: 11
(6, 11)
(6, 12)
(6, 13)
(7, 13)
(8, 13)
(8, 14)
(8, 15)
(9, 15)
(10, 15)
(11, 15)
(12, 15)
(13, 15)
kaikki ok
Reitin pituus: 7
(12, 13)
(13, 13)
(14, 13)
(14, 14)
(14, 15)
(14, 16)
(14, 17)
(15, 17)
kaikki ok
Reitin pituus: 15
(12, 15)
(11, 15)
(10, 15)
(9, 15)
(8, 15)
(7, 15)
(6, 15)
(5, 15)
(4, 15)
(4, 16)
(4, 17)
(3, 17)
(2, 17)
(1, 17)
(1, 18)
(1, 19)
kaikki ok
Reitin pituus: 25
(12, 19)
(11, 19)
(10, 19)
(10, 18)
(10, 17)
(11, 17)
(12, 17)
(12, 16)
(12, 15)
(13, 15)
(14, 15)
(14, 14)
(14, 13)
(14, 12)
(14, 11)
(14, 10)
(14, 9)
(13, 9)
(12, 9)
(12, 8)
(12, 7)
(11, 7)
(10, 7)
(10, 6)
(10, 5)
(11, 5)
kaikki ok
Reitin pituus: 1
(4, 13)
(4, 14)
kaikki ok
Reitin pituus: 19
(14, 19)
(15, 19)
(16, 19)
(17, 19)
(17, 18)
(17, 17)
(16, 17)
(15, 17)
(14, 17)
(14, 16)
(14, 15)
(14, 14)
(14, 13)
(13, 13)
(12, 13)
(12, 12)
(12, 11)
(11, 11)
(10, 11)
(9, 11)
kaikki ok
Reitin pituus: 10
(8, 1)
(7, 1)
(6, 1)
(5, 1)
(4, 1)
(4, 2)
(4, 3)
(3, 3)
(2, 3)
(1, 3)
(1, 4)
kaikki ok
Reitin pituus: 16
(1, 17)
(2, 17)
(3, 17)
(4, 17)
(4, 16)
(4, 15)
(4, 14)
(4, 13)
(4, 12)
(4, 11)
(4, 10)
(4, 9)
(4, 8)
(4, 7)
(4, 6)
(4, 5)
(3, 5)
kaikki ok
Reitin pituus: 24
(1, 1)
(2, 1)
(3, 1)
(4, 1)
(5, 1)
(6, 1)
(7, 1)
(8, 1)
(8, 2)
(8, 3)
(9, 3)
(10, 3)
(11, 3)
(12, 3)
(13, 3)
(14, 3)
(14, 4)
(14, 5)
(14, 6)
(14, 7)
(14, 8)
(14, 9)
(14, 10)
(14, 11)
(14, 12)
kaikki ok
Reitin pituus: 18
(10, 18)
(10, 17)
(11, 17)
(12, 17)
(12, 16)
(12, 15)
(11, 15)
(10, 15)
(9, 15)
(8, 15)
(8, 14)
(8, 13)
(7, 13)
(6, 13)
(6, 12)
(6, 11)
(6, 10)
(6, 9)
(5, 9)
kaikki ok
Reitin pituus: 14
(4, 2)
(4, 3)
(4, 4)
(4, 5)
(4, 6)
(4, 7)
(4, 8)
(4, 9)
(5, 9)
(6, 9)
(6, 10)
(6, 11)
(7, 11)
(8, 11)
(9, 11)
kaikki ok
Reitin pituus: 17
(7, 7)
(8, 7)
(9, 7)
(10, 7)
(11, 7)
(12, 7)
(12, 8)
(12, 9)
(12, 10)
(12, 11)
(12, 12)
(12, 13)
(13, 13)
(14, 13)
(15, 13)
(16, 13)
(17, 13)
(17, 14)
kaikki ok
Reitin pituus: 23
(11, 1)
(10, 1)
(10, 2)
(10, 3)
(9, 3)
(8, 3)
(7, 3)
(6, 3)
(5, 3)
(4, 3)
(4, 4)
(4, 5)
(4, 6)
(4, 7)
(4, 8)
(4, 9)
(5, 9)
(6, 9)
(6, 10)
(6, 11)
(6, 12)
(6, 13)
(7, 13)
(8, 13)
kaikki ok
Reitin pituus: 16
(14, 11)
(14, 12)
(14, 13)
(13, 13)
(12, 13)
(12, 12)
(12, 11)
(11, 11)
(10, 11)
(9, 11)
(8, 11)
(7, 11)
(6, 11)
(6, 10)
(6, 9)
(5, 9)
(4, 9)
kaikki ok
Reitin pituus: 0
(8, 13)
kaikki ok
Reitin pituus: 4
(10, 5)
(10, 6)
(10, 7)
(9, 7)
(8, 7)
kaikki ok
Reitin pituus: 9
(10, 19)
(9, 19)
(8, 19)
(7, 19)
(6, 19)
(5, 19)
(4, 19)
(3, 19)
(2, 19)
(1, 19)
kaikki ok
Reitin pituus: 5
(14, 11)
(14, 12)
(14, 13)
(13, 13)
(12, 13)
(11, 13)
kaikki ok
Reitin pituus: 13
(3, 13)
(4, 13)
(5, 13)
(6, 13)
(6, 12)
(6, 11)
(7, 11)
(8, 11)
(9, 11)
(10, 11)
(11, 11)
(12, 11)
(12, 12)
(12, 13)
kaikki ok
Reitin pituus: 15
(16, 19)
(15, 19)
(14, 19)
(13, 19)
(12, 19)
(11, 19)
(10, 19)
(9, 19)
(8, 19)
(8, 18)
(8, 17)
(7, 17)
(6, 17)
(6, 16)
(6, 15)
(7, 15)
kaikki ok
Reitin pituus: 16
(8, 15)
(8, 14)
(8, 13)
(7, 13)
(6, 13)
(6, 12)
(6, 11)
(6, 10)
(6, 9)
(5, 9)
(4, 9)
(4, 8)
(4, 7)
(4, 6)
(4, 5)
(4, 4)
(4, 3)
kaikki ok
Reitin pituus: 6
(10, 1)
(11, 1)
(12, 1)
(13, 1)
(14, 1)
(14, 2)
(14, 3)
kaikki ok
Reitin pituus: 19
(8, 1)
(7, 1)
(6, 1)
(5, 1)
(4, 1)
(4, 2)
(4, 3)
(4, 4)
(4, 5)
(4, 6)
(4, 7)
(4, 8)
(4, 9)
(4, 10)
(4, 11)
(4, 12)
(4, 13)
(4, 14)
(4, 15)
(4, 16)
kaikki ok
Reitin pituus: 19
(10, 2)
(10, 3)
(11, 3)
(12, 3)
(13, 3)
(14, 3)
(14, 4)
(14, 5)
(14, 6)
(14, 7)
(14, 8)
(14, 9)
(14, 10)
(14, 11)
(14, 12)
(14, 13)
(14, 14)
(14, 15)
(13, 15)
(12, 15)
kaikki ok
Reitin pituus: 15
(8, 17)
(7, 17)
(6, 17)
(6, 16)
(6, 15)
(7, 15)
(8, 15)
(9, 15)
(10, 15)
(10, 14)
(10, 13)
(11, 13)
(12, 13)
(12, 12)
(12, 11)
(12, 10)
kaikki ok
Reitin pituus: 24
(17, 19)
(17, 18)
(17, 17)
(16, 17)
(15, 17)
(14, 17)
(14, 16)
(14, 15)
(14, 14)
(14, 13)
(14, 12)
(14, 11)
(14, 10)
(14, 9)
(14, 8)
(14, 7)
(14, 6)
(14, 5)
(14, 4)
(14, 3)
(15, 3)
(16, 3)
(17, 3)
(17, 2)
(17, 1)
kaikki ok
Reitin pituus: 12
(12, 17)
(12, 16)
(12, 15)
(11, 15)
(10, 15)
(9, 15)
(8, 15)
(8, 14)
(8, 13)
(7, 13)
(6, 13)
(6, 12)
(6, 11)
kaikki ok
Reitin pituus: 18
(5, 15)
(6, 15)
(7, 15)
(8, 15)
(9, 15)
(10, 15)
(11, 15)
(12, 15)
(13, 15)
(14, 15)
(14, 14)
(14, 13)
(14, 12)
(14, 11)
(14, 10)
(14, 9)
(14, 8)
(14, 7)
(14, 6)
kaikki ok
Reitin pituus: 22
(1, 5)
(2, 5)
(3, 5)
(4, 5)
(4, 6)
(4, 7)
(4, 8)
(4, 9)
(4, 10)
(4, 11)
(4, 12)
(4, 13)
(4, 14)
(4, 15)
(5, 15)
(6, 15)
(7, 15)
(8, 15)
(9, 15)
(10, 15)
(11, 15)
(12, 15)
(13, 15)
kaikki ok
Reitin pituus: 7
(8, 11)
(7, 11)
(6, 11)
(6, 12)
(6, 13)
(5, 13)
(4, 13)
(3, 13)
kaikki ok
Reitin pituus: 14
(12, 7)
(11, 7)
(10, 7)
(9, 7)
(8, 7)
(8, 6)
(8, 5)
(7, 5)
(6, 5)
(6, 4)
(6, 3)
(5, 3)
(4, 3)
(3, 3)
(2, 3)
kaikki ok
Reitin pituus: 18
(3, 19)
(4, 19)
(5, 19)
(6, 19)
(7, 19)
(8, 19)
(9, 19)
(10, 19)
(11, 19)
(12, 19)
(13, 19)
(14, 19)
(15, 19)
(16, 19)
(17, 19)
(17, 18)
(17, 17)
(16, 17)
(16, 16)
kaikki ok
Reitin pituus: 9
(7, 19)
(8, 19)
(8, 18)
(8, 17)
(7, 17)
(6, 17)
(6, 16)
(6, 15)
(7, 15)
(8, 15)
kaikki ok
Reitin pituus: 26
(17, 1)
(17, 2)
(17, 3)
(17, 4)
(17, 5)
(16, 5)
(15, 5)
(14, 5)
(14, 6)
(14, 7)
(14, 8)
(14, 9)
(14, 10)
(14, 11)
(14, 12)
(14, 13)
(14, 14)
(14, 15)
(13, 15)
(12, 15)
(12, 16)
(12, 17)
(11, 17)
(10, 17)
(10, 18)
(10, 19)
(9, 19)
kaikki ok
Reitin pituus: 3
(11, 3)
(10, 3)
(9, 3)
(8, 3)
kaikki ok
Reitin pituus: 6
(6, 9)
(6, 10)
(6, 11)
(7, 11)
(8, 11)
(9, 11)
(10, 11)
kaikki ok
Reitin pituus: 5
(14, 10)
(14, 11)
(14, 12)
(14, 13)
(14, 14)
(14, 15)
kaikki ok
Reitin pituus: 2
(11, 15)
(12, 15)
(12, 16)
kaikki ok
Reitin pituus: 11
(16, 13)
(15, 13)
(14, 13)
(13, 13)
(12, 13)
(12, 12)
(12, 11)
(12, 10)
(12, 9)
(12, 8)
(12, 7)
(11, 7)
kaikki ok
Reitin pituus: 15
(10, 11)
(9, 11)
(8, 11)
(7, 11)
(6, 11)
(6, 12)
(6, 13)
(5, 13)
(4, 13)
(4, 14)
(4, 15)
(4, 16)
(4, 17)
(3, 17)
(2, 17)
(1, 17)
kaikki ok
Reitin pituus: 32
(16, 19)
(15, 19)
(14, 19)
(13, 19)
(12, 19)
(11, 19)
(10, 19)
(9, 19)
(8, 19)
(8, 18)
(8, 17)
(7, 17)
(6, 17)
(6, 16)
(6, 15)
(5, 15)
(4, 15)
(4, 14)
(4, 13)
(4, 12)
(4, 11)
(4, 10)
(4, 9)
(4, 8)
(4, 7)
(4, 6)
(4, 5)
(4, 4)
(4, 3)
(3, 3)
(2, 3)
(1, 3)
(1, 2)
kaikki ok
Reitin pituus: 23
(3, 1)
(4, 1)
(4, 2)
(4, 3)
(4, 4)
(4, 5)
(4, 6)
(4, 7)
(4, 8)
(4, 9)
(4, 10)
(4, 11)
(4, 12)
(4, 13)
(4, 14)
(4, 15)
(4, 16)
(4, 17)
(3, 17)
(2, 17)
(1, 17)
(1, 18)
(1, 19)
(2, 19)
kaikki ok
Reitin pituus: 18
(12, 8)
(12, 7)
(11, 7)
(10, 7)
(9, 7)
(8, 7)
(8, 6)
(8, 5)
(7, 5)
(6, 5)
(6, 4)
(6, 3)
(5, 3)
(4, 3)
(4, 4)
(4, 5)
(3, 5)
(2, 5)
(1, 5)
kaikki ok
Reitin pituus: 10
(16, 5)
(15, 5)
(14, 5)
(14, 6)
(14, 7)
(14, 8)
(14, 9)
(14, 10)
(14, 11)
(14, 12)
(14, 13)
kaikki ok
Reitin pituus: 16
(2, 16)
(2, 17)
(1, 17)
(1, 18)
(1, 19)
(2, 19)
(3, 19)
(4, 19)
(5, 19)
(6, 19)
(7, 19)
(8, 19)
(9, 19)
(10, 19)
(11, 19)
(12, 19)
(13, 19)
kaikki ok
Reitin pituus: 15
(12, 11)
(11, 11)
(10, 11)
(9, 11)
(8, 11)
(7, 11)
(6, 11)
(6, 10)
(6, 9)
(5, 9)
(4, 9)
(4, 8)
(4, 7)
(4, 6)
(4, 5)
(3, 5)
kaikki ok
Reitin pituus: 16
(12, 16)
(12, 15)
(13, 15)
(14, 15)
(14, 14)
(14, 13)
(14, 12)
(14, 11)
(14, 10)
(14, 9)
(14, 8)
(14, 7)
(14, 6)
(14, 5)
(15, 5)
(16, 5)
(17, 5)
kaikki ok
Reitin pituus: 18
(4, 17)
(4, 16)
(4, 15)
(4, 14)
(4, 13)
(4, 12)
(4, 11)
(4, 10)
(4, 9)
(4, 8)
(4, 7)
(4, 6)
(4, 5)
(4, 4)
(4, 3)
(5, 3)
(6, 3)
(7, 3)
(8, 3)
kaikki ok
Reitin pituus: 17
(5, 3)
(4, 3)
(4, 4)
(4, 5)
(4, 6)
(4, 7)
(4, 8)
(4, 9)
(4, 10)
(4, 11)
(4, 12)
(4, 13)
(4, 14)
(4, 15)
(5, 15)
(6, 15)
(7, 15)
(8, 15)
kaikki ok
Reitin pituus: 19
(10, 1)
(10, 2)
(10, 3)
(9, 3)
(8, 3)
(7, 3)
(6, 3)
(5, 3)
(4, 3)
(4, 4)
(4, 5)
(4, 6)
(4, 7)
(4, 8)
(4, 9)
(5, 9)
(6, 9)
(6, 10)
(6, 11)
(7, 11)
kaikki ok
Reitin pituus: 4
(4, 3)
(3, 3)
(2, 3)
(1, 3)
(1, 4)
kaikki ok
Reitin pituus: 16
(14, 6)
(14, 5)
(14, 4)
(14, 3)
(13, 3)
(12, 3)
(11, 3)
(10, 3)
(9, 3)
(8, 3)
(7, 3)
(6, 3)
(5, 3)
(4, 3)
(4, 2)
(4, 1)
(3, 1)
kaikki ok
Reitin pituus: 14
(6, 3)
(5, 3)
(4, 3)
(4, 4)
(4, 5)
(4, 6)
(4, 7)
(4, 8)
(4, 9)
(4, 10)
(4, 11)
(4, 12)
(4, 13)
(5, 13)
(6, 13)
kaikki ok
Reitin pituus: 5
(15, 1)
(16, 1)
(17, 1)
(17, 2)
(17, 3)
(17, 4)
kaikki ok
Reitin pituus: 16
(9, 3)
(10, 3)
(11, 3)
(12, 3)
(13, 3)
(14, 3)
(14, 4)
(14, 5)
(14, 6)
(14, 7)
(14, 8)
(14, 9)
(14, 10)
(14, 11)
(14, 12)
(14, 13)
(14, 14)
kaikki ok
Reitin pituus: 4
(12, 3)
(11, 3)
(10, 3)
(9, 3)
(8, 3)
kaikki ok
Reitin pituus: 15
(11, 13)
(12, 13)
(13, 13)
(14, 13)
(14, 12)
(14, 11)
(14, 10)
(14, 9)
(14, 8)
(14, 7)
(14, 6)
(14, 5)
(14, 4)
(14, 3)
(15, 3)
(16, 3)
kaikki ok
Reitin pituus: 15
(16, 19)
(17, 19)
(17, 18)
(17, 17)
(16, 17)
(15, 17)
(14, 17)
(14, 16)
(14, 15)
(13, 15)
(12, 15)
(11, 15)
(10, 15)
(9, 15)
(8, 15)
(8, 14)
kaikki ok
Reitin pituus: 15
(12, 5)
(11, 5)
(10, 5)
(10, 6)
(10, 7)
(9, 7)
(8, 7)
(7, 7)
(6, 7)
(6, 8)
(6, 9)
(5, 9)
(4, 9)
(4, 10)
(4, 11)
(4, 12)
kaikki ok
Reitin pituus: 24
(17, 5)
(16, 5)
(15, 5)
(14, 5)
(14, 6)
(14, 7)
(14, 8)
(14, 9)
(13, 9)
(12, 9)
(12, 10)
(12, 11)
(11, 11)
(10, 11)
(9, 11)
(8, 11)
(7, 11)
(6, 11)
(6, 12)
(6, 13)
(5, 13)
(4, 13)
(3, 13)
(2, 13)
(1, 13)
kaikki ok
Reitin pituus: 0
(9, 19)
kaikki ok
Reitin pituus: 7
(6, 16)
(6, 15)
(7, 15)
(8, 15)
(9, 15)
(10, 15)
(10, 14)
(10, 13)
kaikki ok
Reitin pituus: 14
(1, 19)
(1, 18)
(1, 17)
(2, 17)
(3, 17)
(4, 17)
(4, 16)
(4, 15)
(4, 14)
(4, 13)
(5, 13)
(6, 13)
(6, 12)
(6, 11)
(6, 10)
kaikki ok
Reitin pituus: 9
(14, 11)
(14, 12)
(14, 13)
(13, 13)
(12, 13)
(11, 13)
(10, 13)
(10, 14)
(10, 15)
(9, 15)
kaikki ok
Reitin pituus: 10
(12, 8)
(12, 9)
(12, 10)
(12, 11)
(12, 12)
(12, 13)
(11, 13)
(10, 13)
(10, 14)
(10, 15)
(11, 15)
kaikki ok
Reitin pituus: 13
(14, 9)
(14, 8)
(14, 7)
(14, 6)
(14, 5)
(14, 4)
(14, 3)
(13, 3)
(12, 3)
(11, 3)
(10, 3)
(9, 3)
(8, 3)
(8, 2)
kaikki ok
Reitin pituus: 4
(4, 15)
(4, 14)
(4, 13)
(3, 13)
(2, 13)
kaikki ok
Reitin pituus: 9
(15, 3)
(14, 3)
(14, 4)
(14, 5)
(14, 6)
(14, 7)
(14, 8)
(14, 9)
(14, 10)
(14, 11)
kaikki ok
Reitin pituus: 10
(7, 7)
(6, 7)
(6, 8)
(6, 9)
(5, 9)
(4, 9)
(4, 10)
(4, 11)
(4, 12)
(4, 13)
(4, 14)
kaikki ok
Reitin pituus: 16
(11, 5)
(10, 5)
(10, 6)
(10, 7)
(9, 7)
(8, 7)
(7, 7)
(6, 7)
(6, 8)
(6, 9)
(6, 10)
(6, 11)
(6, 12)
(6, 13)
(7, 13)
(8, 13)
(8, 14)
kaikki ok
Reitin pituus: 16
(14, 2)
(14, 3)
(14, 4)
(14, 5)
(14, 6)
(14, 7)
(14, 8)
(14, 9)
(13, 9)
(12, 9)
(12, 10)
(12, 11)
(11, 11)
(10, 11)
(9, 11)
(8, 11)
(7, 11)
kaikki ok
Reitin pituus: 12
(9, 8)
(9, 7)
(8, 7)
(7, 7)
(6, 7)
(6, 8)
(6, 9)
(6, 10)
(6, 11)
(6, 12)
(6, 13)
(7, 13)
(8, 13)
kaikki ok
Reitin pituus: 14
(3, 19)
(2, 19)
(1, 19)
(1, 18)
(1, 17)
(2, 17)
(3, 17)
(4, 17)
(4, 16)
(4, 15)
(4, 14)
(4, 13)
(4, 12)
(4, 11)
(4, 10)
kaikki ok
Reitin pituus: 18
(17, 4)
(17, 5)
(16, 5)
(15, 5)
(14, 5)
(14, 6)
(14, 7)
(14, 8)
(14, 9)
(14, 10)
(14, 11)
(14, 12)
(14, 13)
(14, 14)
(14, 15)
(13, 15)
(12, 15)
(12, 16)
(12, 17)
kaikki ok
Reitin pituus: 12
(8, 1)
(8, 2)
(8, 3)
(9, 3)
(10, 3)
(11, 3)
(12, 3)
(13, 3)
(14, 3)
(15, 3)
(16, 3)
(17, 3)
(17, 2)
kaikki ok
Reitin pituus: 17
(11, 15)
(12, 15)
(13, 15)
(14, 15)
(14, 14)
(14, 13)
(14, 12)
(14, 11)
(14, 10)
(14, 9)
(14, 8)
(14, 7)
(14, 6)
(14, 5)
(14, 4)
(14, 3)
(15, 3)
(16, 3)
kaikki ok
Reitin pituus: 18
(12, 5)
(11, 5)
(10, 5)
(10, 6)
(10, 7)
(9, 7)
(8, 7)
(7, 7)
(6, 7)
(6, 8)
(6, 9)
(6, 10)
(6, 11)
(6, 12)
(6, 13)
(5, 13)
(4, 13)
(4, 14)
(4, 15)
kaikki ok
Reitin pituus: 10
(4, 11)
(4, 10)
(4, 9)
(4, 8)
(4, 7)
(4, 6)
(4, 5)
(3, 5)
(2, 5)
(1, 5)
(1, 4)
kaikki ok
Reitin pituus: 10
(12, 4)
(12, 3)
(11, 3)
(10, 3)
(9, 3)
(8, 3)
(7, 3)
(6, 3)
(5, 3)
(4, 3)
(3, 3)
kaikki ok
Reitin pituus: 9
(11, 13)
(12, 13)
(12, 12)
(12, 11)
(12, 10)
(12, 9)
(12, 8)
(12, 7)
(11, 7)
(10, 7)
kaikki ok
Reitin pituus: 13
(13, 13)
(14, 13)
(14, 12)
(14, 11)
(14, 10)
(14, 9)
(14, 8)
(14, 7)
(14, 6)
(14, 5)
(15, 5)
(16, 5)
(17, 5)
(17, 4)
kaikki ok
Reitin pituus: 19
(14, 11)
(14, 12)
(14, 13)
(13, 13)
(12, 13)
(12, 12)
(12, 11)
(11, 11)
(10, 11)
(9, 11)
(8, 11)
(7, 11)
(6, 11)
(6, 12)
(6, 13)
(5, 13)
(4, 13)
(3, 13)
(2, 13)
(1, 13)
kaikki ok
Reitin pituus: 10
(9, 11)
(10, 11)
(11, 11)
(12, 11)
(12, 10)
(12, 9)
(13, 9)
(14, 9)
(14, 8)
(14, 7)
(14, 6)
kaikki ok
Reitin pituus: 20
(15, 1)
(14, 1)
(14, 2)
(14, 3)
(14, 4)
(14, 5)
(14, 6)
(14, 7)
(14, 8)
(14, 9)
(14, 10)
(14, 11)
(14, 12)
(14, 13)
(14, 14)
(14, 15)
(13, 15)
(12, 15)
(12, 16)
(12, 17)
(11, 17)
kaikki ok
Reitin pituus: 5
(11, 1)
(12, 1)
(13, 1)
(14, 1)
(15, 1)
(16, 1)
kaikki ok
Reitin pituus: 9
(6, 10)
(6, 11)
(7, 11)
(8, 11)
(9, 11)
(10, 11)
(11, 11)
(12, 11)
(12, 12)
(12, 13)
kaikki ok
Reitin pituus: 17
(1, 18)
(1, 17)
(2, 17)
(3, 17)
(4, 17)
(4, 16)
(4, 15)
(4, 14)
(4, 13)
(4, 12)
(4, 11)
(4, 10)
(4, 9)
(4, 8)
(4, 7)
(4, 6)
(4, 5)
(4, 4)
kaikki ok
Reitin pituus: 23
(16, 19)
(17, 19)
(17, 18)
(17, 17)
(16, 17)
(15, 17)
(14, 17)
(14, 16)
(14, 15)
(14, 14)
(14, 13)
(13, 13)
(12, 13)
(12, 12)
(12, 11)
(12, 10)
(12, 9)
(12, 8)
(12, 7)
(11, 7)
(10, 7)
(9, 7)
(8, 7)
(7, 7)
kaikki ok
Reitin pituus: 21
(16, 13)
(15, 13)
(14, 13)
(13, 13)
(12, 13)
(12, 12)
(12, 11)
(11, 11)
(10, 11)
(9, 11)
(8, 11)
(7, 11)
(6, 11)
(6, 10)
(6, 9)
(5, 9)
(4, 9)
(4, 8)
(4, 7)
(4, 6)
(4, 5)
(3, 5)
kaikki ok
Reitin pituus: 23
(8, 13)
(7, 13)
(6, 13)
(6, 12)
(6, 11)
(6, 10)
(6, 9)
(6, 8)
(6, 7)
(7, 7)
(8, 7)
(9, 7)
(10, 7)
(10, 6)
(10, 5)
(11, 5)
(12, 5)
(12, 4)
(12, 3)
(13, 3)
(14, 3)
(14, 2)
(14, 1)
(13, 1)
kaikki ok
Reitin pituus: 18
(10, 6)
(10, 7)
(11, 7)
(12, 7)
(12, 8)
(12, 9)
(13, 9)
(14, 9)
(14, 10)
(14, 11)
(14, 12)
(14, 13)
(14, 14)
(14, 15)
(13, 15)
(12, 15)
(12, 16)
(12, 17)
(11, 17)
kaikki ok
Reitin pituus: 22
(17, 13)
(16, 13)
(15, 13)
(14, 13)
(13, 13)
(12, 13)
(12, 12)
(12, 11)
(11, 11)
(10, 11)
(9, 11)
(8, 11)
(7, 11)
(6, 11)
(6, 10)
(6, 9)
(5, 9)
(4, 9)
(4, 8)
(4, 7)
(4, 6)
(4, 5)
(3, 5)
kaikki ok
Reitin pituus: 10
(12, 7)
(12, 8)
(12, 9)
(12, 10)
(12, 11)
(12, 12)
(12, 13)
(11, 13)
(10, 13)
(10, 14)
(10, 15)
kaikki ok
Reitin pituus: 20
(2, 17)
(3, 17)
(4, 17)
(4, 16)
(4, 15)
(4, 14)
(4, 13)
(4, 12)
(4, 11)
(4, 10)
(4, 9)
(4, 8)
(4, 7)
(4, 6)
(4, 5)
(4, 4)
(4, 3)
(5, 3)
(6, 3)
(7, 3)
(8, 3)
kaikki ok
Reitin pituus: 21
(4, 5)
(4, 6)
(4, 7)
(4, 8)
(4, 9)
(4, 10)
(4, 11)
(4, 12)
(4, 13)
(4, 14)
(4, 15)
(5, 15)
(6, 15)
(6, 16)
(6, 17)
(7, 17)
(8, 17)
(8, 18)
(8, 19)
(9, 19)
(10, 19)
(10, 18)
kaikki ok
Reitin pituus: 6
(10, 5)
(10, 6)
(10, 7)
(9, 7)
(9, 8)
(9, 9)
(8, 9)
kaikki ok
Reitin pituus: 2
(14, 15)
(14, 16)
(14, 17)
kaikki ok
Reitin pituus: 4
(2, 1)
(3, 1)
(4, 1)
(4, 2)
(4, 3)
kaikki ok
Reitin pituus: 14
(6, 5)
(6, 4)
(6, 3)
(7, 3)
(8, 3)
(9, 3)
(10, 3)
(11, 3)
(12, 3)
(13, 3)
(14, 3)
(14, 4)
(14, 5)
(15, 5)
(16, 5)
kaikki ok
Reitin pituus: 14
(15, 13)
(14, 13)
(13, 13)
(12, 13)
(12, 12)
(12, 11)
(12, 10)
(12, 9)
(12, 8)
(12, 7)
(11, 7)
(10, 7)
(10, 6)
(10, 5)
(11, 5)
kaikki ok
Reitin pituus: 7
(10, 6)
(10, 7)
(11, 7)
(12, 7)
(12, 8)
(12, 9)
(13, 9)
(14, 9)
kaikki ok
Reitin pituus: 15
(4, 10)
(4, 11)
(4, 12)
(4, 13)
(4, 14)
(4, 15)
(4, 16)
(4, 17)
(3, 17)
(2, 17)
(1, 17)
(1, 18)
(1, 19)
(2, 19)
(3, 19)
(4, 19)
kaikki ok
Reitin pituus: 17
(6, 1)
(7, 1)
(8, 1)
(8, 2)
(8, 3)
(9, 3)
(10, 3)
(11, 3)
(12, 3)
(13, 3)
(14, 3)
(14, 4)
(14, 5)
(14, 6)
(14, 7)
(14, 8)
(14, 9)
(14, 10)
kaikki ok
Reitin pituus: 8
(12, 17)
(11, 17)
(10, 17)
(10, 18)
(10, 19)
(11, 19)
(12, 19)
(13, 19)
(14, 19)
kaikki ok
Reitin pituus: 5
(14, 11)
(14, 12)
(14, 13)
(15, 13)
(16, 13)
(17, 13)
kaikki ok
Reitin pituus: 11
(6, 12)
(6, 11)
(6, 10)
(6, 9)
(6, 8)
(6, 7)
(7, 7)
(8, 7)
(9, 7)
(10, 7)
(10, 6)
(10, 5)
kaikki ok
Reitin pituus: 17
(4, 15)
(4, 14)
(4, 13)
(4, 12)
(4, 11)
(4, 10)
(4, 9)
(4, 8)
(4, 7)
(4, 6)
(4, 5)
(4, 4)
(4, 3)
(4, 2)
(4, 1)
(5, 1)
(6, 1)
(7, 1)
kaikki ok
Reitin pituus: 18
(16, 19)
(17, 19)
(17, 18)
(17, 17)
(16, 17)
(15, 17)
(14, 17)
(14, 16)
(14, 15)
(14, 14)
(14, 13)
(13, 13)
(12, 13)
(12, 12)
(12, 11)
(12, 10)
(12, 9)
(12, 8)
(12, 7)
kaikki ok
Reitin pituus: 19
(16, 1)
(15, 1)
(14, 1)
(13, 1)
(12, 1)
(11, 1)
(10, 1)
(10, 2)
(10, 3)
(9, 3)
(8, 3)
(7, 3)
(6, 3)
(5, 3)
(4, 3)
(3, 3)
(2, 3)
(1, 3)
(1, 2)
(1, 1)
kaikki ok
Reitin pituus: 26
(8, 2)
(8, 3)
(7, 3)
(6, 3)
(5, 3)
(4, 3)
(4, 4)
(4, 5)
(4, 6)
(4, 7)
(4, 8)
(4, 9)
(4, 10)
(4, 11)
(4, 12)
(4, 13)
(4, 14)
(4, 15)
(5, 15)
(6, 15)
(6, 16)
(6, 17)
(7, 17)
(8, 17)
(8, 18)
(8, 19)
(7, 19)
kaikki ok
Reitin pituus: 5
(6, 7)
(7, 7)
(8, 7)
(9, 7)
(10, 7)
(10, 6)
kaikki ok
Reitin pituus: 10
(14, 16)
(14, 15)
(13, 15)
(12, 15)
(12, 16)
(12, 17)
(11, 17)
(10, 17)
(10, 18)
(10, 19)
(9, 19)
kaikki ok
Reitin pituus: 15
(6, 8)
(6, 9)
(5, 9)
(4, 9)
(4, 10)
(4, 11)
(4, 12)
(4, 13)
(4, 14)
(4, 15)
(4, 16)
(4, 17)
(3, 17)
(2, 17)
(1, 17)
(1, 18)
kaikki ok
Reitin pituus: 10
(12, 17)
(12, 16)
(12, 15)
(11, 15)
(10, 15)
(9, 15)
(8, 15)
(7, 15)
(6, 15)
(5, 15)
(4, 15)
kaikki ok
Reitin pituus: 3
(16, 3)
(15, 3)
(14, 3)
(14, 2)
kaikki ok
Reitin pituus: 17
(12, 17)
(12, 16)
(12, 15)
(13, 15)
(14, 15)
(14, 14)
(14, 13)
(14, 12)
(14, 11)
(14, 10)
(14, 9)
(14, 8)
(14, 7)
(14, 6)
(14, 5)
(14, 4)
(14, 3)
(13, 3)
kaikki ok
Reitin pituus: 27
(1, 2)
(1, 3)
(1, 4)
(1, 5)
(2, 5)
(3, 5)
(4, 5)
(4, 6)
(4, 7)
(4, 8)
(4, 9)
(4, 10)
(4, 11)
(4, 12)
(4, 13)
(4, 14)
(4, 15)
(5, 15)
(6, 15)
(6, 16)
(6, 17)
(7, 17)
(8, 17)
(8, 18)
(8, 19)
(9, 19)
(10, 19)
(11, 19)
kaikki ok
Reitin pituus: 14
(2, 19)
(3, 19)
(4, 19)
(5, 19)
(6, 19)
(7, 19)
(8, 19)
(9, 19)
(10, 19)
(11, 19)
(12, 19)
(13, 19)
(14, 19)
(15, 19)
(16, 19)
kaikki ok
Reitin pituus: 2
(11, 5)
(10, 5)
(10, 6)
kaikki ok
Reitin pituus: 15
(7, 3)
(8, 3)
(9, 3)
(10, 3)
(11, 3)
(12, 3)
(13, 3)
(14, 3)
(14, 4)
(14, 5)
(14, 6)
(14, 7)
(14, 8)
(14, 9)
(14, 10)
(14, 11)
kaikki ok
Reitin pituus: 20
(4, 17)
(4, 16)
(4, 15)
(4, 14)
(4, 13)
(4, 12)
(4, 11)
(4, 10)
(4, 9)
(4, 8)
(4, 7)
(4, 6)
(4, 5)
(4, 4)
(4, 3)
(4, 2)
(4, 1)
(5, 1)
(6, 1)
(7, 1)
(8, 1)
kaikki ok
Reitin pituus: 12
(4, 12)
(4, 13)
(5, 13)
(6, 13)
(6, 12)
(6, 11)
(7, 11)
(8, 11)
(9, 11)
(10, 11)
(11, 11)
(12, 11)
(12, 12)
kaikki ok
Reitin pituus: 18
(5, 9)
(4, 9)
(4, 8)
(4, 7)
(4, 6)
(4, 5)
(4, 4)
(4, 3)
(5, 3)
(6, 3)
(7, 3)
(8, 3)
(9, 3)
(10, 3)
(10, 2)
(10, 1)
(11, 1)
(12, 1)
(13, 1)
kaikki ok
Reitin pituus: 5
(7, 15)
(6, 15)
(6, 16)
(6, 17)
(7, 17)
(8, 17)
kaikki ok
Reitin pituus: 14
(4, 10)
(4, 11)
(4, 12)
(4, 13)
(4, 14)
(4, 15)
(4, 16)
(4, 17)
(3, 17)
(2, 17)
(1, 17)
(1, 18)
(1, 19)
(2, 19)
(3, 19)
kaikki ok
Reitin pituus: 27
(2, 16)
(2, 17)
(3, 17)
(4, 17)
(4, 16)
(4, 15)
(5, 15)
(6, 15)
(7, 15)
(8, 15)
(9, 15)
(10, 15)
(11, 15)
(12, 15)
(13, 15)
(14, 15)
(14, 14)
(14, 13)
(14, 12)
(14, 11)
(14, 10)
(14, 9)
(14, 8)
(14, 7)
(14, 6)
(14, 5)
(14, 4)
(14, 3)
kaikki ok
Reitin pituus: 11
(12, 7)
(11, 7)
(10, 7)
(10, 6)
(10, 5)
(11, 5)
(12, 5)
(12, 4)
(12, 3)
(13, 3)
(14, 3)
(14, 2)
kaikki ok
Reitin pituus: 22
(4, 2)
(4, 3)
(4, 4)
(4, 5)
(4, 6)
(4, 7)
(4, 8)
(4, 9)
(4, 10)
(4, 11)
(4, 12)
(4, 13)
(4, 14)
(4, 15)
(5, 15)
(6, 15)
(6, 16)
(6, 17)
(7, 17)
(8, 17)
(8, 18)
(8, 19)
(9, 19)
kaikki ok
Reitin pituus: 26
(14, 4)
(14, 5)
(14, 6)
(14, 7)
(14, 8)
(14, 9)
(13, 9)
(12, 9)
(12, 10)
(12, 11)
(11, 11)
(10, 11)
(9, 11)
(8, 11)
(7, 11)
(6, 11)
(6, 12)
(6, 13)
(5, 13)
(4, 13)
(4, 14)
(4, 15)
(4, 16)
(4, 17)
(3, 17)
(2, 17)
(1, 17)
kaikki ok
Reitin pituus: 7
(15, 17)
(14, 17)
(14, 16)
(14, 15)
(13, 15)
(12, 15)
(12, 16)
(12, 17)
kaikki ok
Reitin pituus: 10
(14, 16)
(14, 15)
(13, 15)
(12, 15)
(12, 16)
(12, 17)
(11, 17)
(10, 17)
(10, 18)
(10, 19)
(9, 19)
kaikki ok
Reitin pituus: 22
(4, 14)
(4, 13)
(4, 12)
(4, 11)
(4, 10)
(4, 9)
(4, 8)
(4, 7)
(4, 6)
(4, 5)
(4, 4)
(4, 3)
(5, 3)
(6, 3)
(7, 3)
(8, 3)
(9, 3)
(10, 3)
(10, 2)
(10, 1)
(11, 1)
(12, 1)
(13, 1)
kaikki ok
Reitin pituus: 14
(6, 5)
(6, 4)
(6, 3)
(7, 3)
(8, 3)
(9, 3)
(10, 3)
(11, 3)
(12, 3)
(13, 3)
(14, 3)
(15, 3)
(16, 3)
(17, 3)
(17, 2)
kaikki ok
Reitin pituus: 10
(12, 17)
(12, 16)
(12, 15)
(13, 15)
(14, 15)
(14, 14)
(14, 13)
(14, 12)
(14, 11)
(14, 10)
(14, 9)
kaikki ok
Reitin pituus: 23
(7, 15)
(6, 15)
(5, 15)
(4, 15)
(4, 14)
(4, 13)
(4, 12)
(4, 11)
(4, 10)
(4, 9)
(4, 8)
(4, 7)
(4, 6)
(4, 5)
(4, 4)
(4, 3)
(5, 3)
(6, 3)
(7, 3)
(8, 3)
(9, 3)
(10, 3)
(10, 2)
(10, 1)
kaikki ok
Reitin pituus: 25
(12, 19)
(11, 19)
(10, 19)
(9, 19)
(8, 19)
(8, 18)
(8, 17)
(7, 17)
(6, 17)
(6, 16)
(6, 15)
(5, 15)
(4, 15)
(4, 14)
(4, 13)
(4, 12)
(4, 11)
(4, 10)
(4, 9)
(4, 8)
(4, 7)
(4, 6)
(4, 5)
(4, 4)
(4, 3)
(4, 2)
kaikki ok
Reitin pituus: 18
(17, 15)
(17, 14)
(17, 13)
(16, 13)
(15, 13)
(14, 13)
(14, 12)
(14, 11)
(14, 10)
(14, 9)
(14, 8)
(14, 7)
(14, 6)
(14, 5)
(14, 4)
(14, 3)
(13, 3)
(12, 3)
(11, 3)
kaikki ok
Reitin pituus: 16
(6, 8)
(6, 7)
(7, 7)
(8, 7)
(9, 7)
(10, 7)
(11, 7)
(12, 7)
(12, 8)
(12, 9)
(13, 9)
(14, 9)
(14, 8)
(14, 7)
(14, 6)
(14, 5)
(15, 5)
kaikki ok
Reitin pituus: 19
(14, 8)
(14, 9)
(13, 9)
(12, 9)
(12, 10)
(12, 11)
(11, 11)
(10, 11)
(9, 11)
(8, 11)
(7, 11)
(6, 11)
(6, 12)
(6, 13)
(5, 13)
(4, 13)
(4, 14)
(4, 15)
(4, 16)
(4, 17)
kaikki ok
Reitin pituus: 23
(8, 2)
(8, 3)
(7, 3)
(6, 3)
(5, 3)
(4, 3)
(4, 4)
(4, 5)
(4, 6)
(4, 7)
(4, 8)
(4, 9)
(5, 9)
(6, 9)
(6, 10)
(6, 11)
(6, 12)
(6, 13)
(7, 13)
(8, 13)
(8, 14)
(8, 15)
(9, 15)
(10, 15)
kaikki ok
Reitin pituus: 21
(8, 7)
(7, 7)
(6, 7)
(6, 8)
(6, 9)
(6, 10)
(6, 11)
(6, 12)
(6, 13)
(7, 13)
(8, 13)
(8, 14)
(8, 15)
(7, 15)
(6, 15)
(6, 16)
(6, 17)
(7, 17)
(8, 17)
(8, 18)
(8, 19)
(7, 19)
kaikki ok
Reitin pituus: 12
(6, 13)
(6, 12)
(6, 11)
(6, 10)
(6, 9)
(6, 8)
(6, 7)
(7, 7)
(8, 7)
(9, 7)
(9, 8)
(9, 9)
(8, 9)
kaikki ok
Reitin pituus: 17
(10, 1)
(10, 2)
(10, 3)
(11, 3)
(12, 3)
(12, 4)
(12, 5)
(11, 5)
(10, 5)
(10, 6)
(10, 7)
(11, 7)
(12, 7)
(12, 8)
(12, 9)
(12, 10)
(12, 11)
(12, 12)
kaikki ok
Reitin pituus: 6
(12, 7)
(11, 7)
(10, 7)
(9, 7)
(9, 8)
(9, 9)
(10, 9)
kaikki ok
Reitin pituus: 13
(5, 9)
(4, 9)
(4, 10)
(4, 11)
(4, 12)
(4, 13)
(4, 14)
(4, 15)
(5, 15)
(6, 15)
(6, 16)
(6, 17)
(7, 17)
(8, 17)
kaikki ok
Reitin pituus: 27
(14, 3)
(14, 4)
(14, 5)
(14, 6)
(14, 7)
(14, 8)
(14, 9)
(14, 10)
(14, 11)
(14, 12)
(14, 13)
(14, 14)
(14, 15)
(13, 15)
(12, 15)
(12, 16)
(12, 17)
(11, 17)
(10, 17)
(10, 18)
(10, 19)
(9, 19)
(8, 19)
(7, 19)
(6, 19)
(5, 19)
(4, 19)
(3, 19)
kaikki ok
Reitin pituus: 22
(1, 19)
(1, 18)
(1, 17)
(2, 17)
(3, 17)
(4, 17)
(4, 16)
(4, 15)
(4, 14)
(4, 13)
(4, 12)
(4, 11)
(4, 10)
(4, 9)
(4, 8)
(4, 7)
(4, 6)
(4, 5)
(4, 4)
(4, 3)
(3, 3)
(2, 3)
(1, 3)
kaikki ok
Reitin pituus: 24
(7, 19)
(8, 19)
(8, 18)
(8, 17)
(7, 17)
(6, 17)
(6, 16)
(6, 15)
(5, 15)
(4, 15)
(4, 14)
(4, 13)
(4, 12)
(4, 11)
(4, 10)
(4, 9)
(4, 8)
(4, 7)
(4, 6)
(4, 5)
(4, 4)
(4, 3)
(5, 3)
(6, 3)
(7, 3)
kaikki ok
Reitin pituus: 11
(4, 19)
(3, 19)
(2, 19)
(1, 19)
(1, 18)
(1, 17)
(2, 17)
(2, 16)
(2, 15)
(1, 15)
(1, 14)
(1, 13)
kaikki ok
Reitin pituus: 6
(1, 13)
(2, 13)
(3, 13)
(4, 13)
(5, 13)
(6, 13)
(7, 13)
kaikki ok
Reitin pituus: 11
(8, 1)
(8, 2)
(8, 3)
(9, 3)
(10, 3)
(11, 3)
(12, 3)
(12, 4)
(12, 5)
(11, 5)
(10, 5)
(10, 6)
kaikki ok
Reitin pituus: 8
(16, 5)
(15, 5)
(14, 5)
(14, 6)
(14, 7)
(14, 8)
(14, 9)
(13, 9)
(12, 9)
kaikki ok
Reitin pituus: 10
(4, 11)
(4, 12)
(4, 13)
(4, 14)
(4, 15)
(5, 15)
(6, 15)
(6, 16)
(6, 17)
(7, 17)
(8, 17)
kaikki ok
Reitin pituus: 12
(10, 13)
(11, 13)
(12, 13)
(12, 12)
(12, 11)
(12, 10)
(12, 9)
(12, 8)
(12, 7)
(11, 7)
(10, 7)
(10, 6)
(10, 5)
kaikki ok
Reitin pituus: 16
(16, 1)
(15, 1)
(14, 1)
(14, 2)
(14, 3)
(14, 4)
(14, 5)
(14, 6)
(14, 7)
(14, 8)
(14, 9)
(14, 10)
(14, 11)
(14, 12)
(14, 13)
(15, 13)
(16, 13)
kaikki ok
Reitin pituus: 13
(4, 16)
(4, 15)
(4, 14)
(4, 13)
(4, 12)
(4, 11)
(4, 10)
(4, 9)
(4, 8)
(4, 7)
(4, 6)
(4, 5)
(4, 4)
(4, 3)
kaikki ok
Reitin pituus: 14
(15, 13)
(14, 13)
(14, 12)
(14, 11)
(14, 10)
(14, 9)
(14, 8)
(14, 7)
(14, 6)
(14, 5)
(15, 5)
(16, 5)
(17, 5)
(17, 4)
(17, 3)
kaikki ok
Reitin pituus: 11
(6, 10)
(6, 11)
(6, 12)
(6, 13)
(7, 13)
(8, 13)
(8, 14)
(8, 15)
(7, 15)
(6, 15)
(6, 16)
(6, 17)
kaikki ok
Reitin pituus: 14
(15, 13)
(14, 13)
(13, 13)
(12, 13)
(12, 12)
(12, 11)
(12, 10)
(12, 9)
(12, 8)
(12, 7)
(11, 7)
(10, 7)
(9, 7)
(9, 8)
(9, 9)
kaikki ok
Reitin pituus: 12
(11, 17)
(12, 17)
(12, 16)
(12, 15)
(11, 15)
(10, 15)
(9, 15)
(8, 15)
(8, 14)
(8, 13)
(7, 13)
(6, 13)
(5, 13)
kaikki ok
Reitin pituus: 20
(6, 8)
(6, 9)
(6, 10)
(6, 11)
(7, 11)
(8, 11)
(9, 11)
(10, 11)
(11, 11)
(12, 11)
(12, 12)
(12, 13)
(13, 13)
(14, 13)
(14, 14)
(14, 15)
(14, 16)
(14, 17)
(15, 17)
(16, 17)
(17, 17)
kaikki ok
Reitin pituus: 15
(9, 9)
(9, 8)
(9, 7)
(8, 7)
(8, 6)
(8, 5)
(7, 5)
(6, 5)
(6, 4)
(6, 3)
(5, 3)
(4, 3)
(3, 3)
(2, 3)
(1, 3)
(1, 4)
kaikki ok
Reitin pituus: 22
(7, 19)
(8, 19)
(8, 18)
(8, 17)
(7, 17)
(6, 17)
(6, 16)
(6, 15)
(5, 15)
(4, 15)
(4, 14)
(4, 13)
(4, 12)
(4, 11)
(4, 10)
(4, 9)
(4, 8)
(4, 7)
(4, 6)
(4, 5)
(3, 5)
(2, 5)
(1, 5)
kaikki ok
Reitin pituus: 25
(12, 19)
(11, 19)
(10, 19)
(9, 19)
(8, 19)
(8, 18)
(8, 17)
(7, 17)
(6, 17)
(6, 16)
(6, 15)
(5, 15)
(4, 15)
(4, 14)
(4, 13)
(4, 12)
(4, 11)
(4, 10)
(4, 9)
(4, 8)
(4, 7)
(4, 6)
(4, 5)
(3, 5)
(2, 5)
(1, 5)
kaikki ok
Reitin pituus: 13
(5, 3)
(6, 3)
(7, 3)
(8, 3)
(9, 3)
(10, 3)
(11, 3)
(12, 3)
(13, 3)
(14, 3)
(15, 3)
(16, 3)
(17, 3)
(17, 4)
kaikki ok
Reitin pituus: 24
(11, 1)
(12, 1)
(13, 1)
(14, 1)
(14, 2)
(14, 3)
(14, 4)
(14, 5)
(14, 6)
(14, 7)
(14, 8)
(14, 9)
(14, 10)
(14, 11)
(14, 12)
(14, 13)
(13, 13)
(12, 13)
(11, 13)
(10, 13)
(10, 14)
(10, 15)
(9, 15)
(8, 15)
(7, 15)
kaikki ok
Reitin pituus: 9
(6, 12)
(6, 13)
(5, 13)
(4, 13)
(3, 13)
(2, 13)
(1, 13)
(1, 14)
(1, 15)
(2, 15)
kaikki ok
Reitin pituus: 0
(3, 13)
kaikki ok
Reitin pituus: 22
(14, 11)
(14, 10)
(14, 9)
(14, 8)
(14, 7)
(14, 6)
(14, 5)
(14, 4)
(14, 3)
(13, 3)
(12, 3)
(11, 3)
(10, 3)
(9, 3)
(8, 3)
(7, 3)
(6, 3)
(5, 3)
(4, 3)
(3, 3)
(2, 3)
(1, 3)
(1, 2)
kaikki ok
Reitin pituus: 19
(11, 3)
(12, 3)
(13, 3)
(14, 3)
(14, 4)
(14, 5)
(14, 6)
(14, 7)
(14, 8)
(14, 9)
(14, 10)
(14, 11)
(14, 12)
(14, 13)
(14, 14)
(14, 15)
(14, 16)
(14, 17)
(15, 17)
(16, 17)
kaikki ok
Reitin pituus: 23
(17, 5)
(16, 5)
(15, 5)
(14, 5)
(14, 6)
(14, 7)
(14, 8)
(14, 9)
(13, 9)
(12, 9)
(12, 10)
(12, 11)
(11, 11)
(10, 11)
(9, 11)
(8, 11)
(7, 11)
(6, 11)
(6, 12)
(6, 13)
(5, 13)
(4, 13)
(4, 14)
(4, 15)
kaikki ok
Reitin pituus: 21
(1, 19)
(1, 18)
(1, 17)
(2, 17)
(3, 17)
(4, 17)
(4, 16)
(4, 15)
(4, 14)
(4, 13)
(5, 13)
(6, 13)
(6, 12)
(6, 11)
(6, 10)
(6, 9)
(6, 8)
(6, 7)
(7, 7)
(8, 7)
(8, 6)
(8, 5)
kaikki ok
Reitin pituus: 12
(4, 4)
(4, 5)
(4, 6)
(4, 7)
(4, 8)
(4, 9)
(5, 9)
(6, 9)
(6, 10)
(6, 11)
(6, 12)
(6, 13)
(7, 13)
kaikki ok
Reitin pituus: 5
(12, 11)
(12, 12)
(12, 13)
(13, 13)
(14, 13)
(14, 14)
kaikki ok
Reitin pituus: 12
(3, 1)
(4, 1)
(4, 2)
(4, 3)
(4, 4)
(4, 5)
(4, 6)
(4, 7)
(4, 8)
(4, 9)
(5, 9)
(6, 9)
(6, 8)
kaikki ok
Reitin pituus: 13
(1, 19)
(2, 19)
(3, 19)
(4, 19)
(5, 19)
(6, 19)
(7, 19)
(8, 19)
(9, 19)
(10, 19)
(10, 18)
(10, 17)
(11, 17)
(12, 17)
kaikki ok
Reitin pituus: 4
(4, 6)
(4, 5)
(4, 4)
(4, 3)
(4, 2)
kaikki ok
Reitin pituus: 16
(5, 1)
(4, 1)
(4, 2)
(4, 3)
(5, 3)
(6, 3)
(6, 4)
(6, 5)
(7, 5)
(8, 5)
(8, 6)
(8, 7)
(9, 7)
(10, 7)
(11, 7)
(12, 7)
(12, 8)
kaikki ok
Reitin pituus: 11
(12, 10)
(12, 11)
(12, 12)
(12, 13)
(13, 13)
(14, 13)
(15, 13)
(16, 13)
(17, 13)
(17, 14)
(17, 15)
(16, 15)
kaikki ok
Reitin pituus: 10
(11, 11)
(10, 11)
(9, 11)
(8, 11)
(7, 11)
(6, 11)
(6, 12)
(6, 13)
(5, 13)
(4, 13)
(4, 14)
kaikki ok
Reitin pituus: 1
(9, 8)
(9, 9)
kaikki ok
Reitin pituus: 9
(10, 11)
(11, 11)
(12, 11)
(12, 12)
(12, 13)
(13, 13)
(14, 13)
(15, 13)
(16, 13)
(17, 13)
kaikki ok
Reitin pituus: 22
(4, 19)
(5, 19)
(6, 19)
(7, 19)
(8, 19)
(9, 19)
(10, 19)
(10, 18)
(10, 17)
(11, 17)
(12, 17)
(12, 16)
(12, 15)
(13, 15)
(14, 15)
(14, 14)
(14, 13)
(14, 12)
(14, 11)
(14, 10)
(14, 9)
(14, 8)
(14, 7)
kaikki ok
Reitin pituus: 14
(2, 3)
(3, 3)
(4, 3)
(4, 4)
(4, 5)
(4, 6)
(4, 7)
(4, 8)
(4, 9)
(4, 10)
(4, 11)
(4, 12)
(4, 13)
(3, 13)
(2, 13)
kaikki ok
Reitin pituus: 11
(6, 12)
(6, 11)
(6, 10)
(6, 9)
(6, 8)
(6, 7)
(7, 7)
(8, 7)
(9, 7)
(10, 7)
(11, 7)
(12, 7)
kaikki ok
Reitin pituus: 21
(14, 16)
(14, 15)
(14, 14)
(14, 13)
(13, 13)
(12, 13)
(12, 12)
(12, 11)
(12, 10)
(12, 9)
(12, 8)
(12, 7)
(11, 7)
(10, 7)
(9, 7)
(8, 7)
(8, 6)
(8, 5)
(7, 5)
(6, 5)
(6, 4)
(6, 3)
kaikki ok
Reitin pituus: 17
(14, 14)
(14, 13)
(14, 12)
(14, 11)
(14, 10)
(14, 9)
(14, 8)
(14, 7)
(14, 6)
(14, 5)
(14, 4)
(14, 3)
(13, 3)
(12, 3)
(11, 3)
(10, 3)
(9, 3)
(8, 3)
kaikki ok
Reitin pituus: 2
(11, 17)
(10, 17)
(10, 18)
kaikki ok
Reitin pituus: 13
(14, 6)
(14, 7)
(14, 8)
(14, 9)
(14, 10)
(14, 11)
(14, 12)
(14, 13)
(14, 14)
(14, 15)
(13, 15)
(12, 15)
(12, 16)
(12, 17)
kaikki ok
Reitin pituus: 23
(6, 17)
(6, 16)
(6, 15)
(5, 15)
(4, 15)
(4, 14)
(4, 13)
(4, 12)
(4, 11)
(4, 10)
(4, 9)
(4, 8)
(4, 7)
(4, 6)
(4, 5)
(4, 4)
(4, 3)
(5, 3)
(6, 3)
(7, 3)
(8, 3)
(9, 3)
(10, 3)
(10, 2)
kaikki ok
Reitin pituus: 10
(10, 15)
(11, 15)
(12, 15)
(13, 15)
(14, 15)
(14, 14)
(14, 13)
(15, 13)
(16, 13)
(17, 13)
(17, 14)
kaikki ok
Reitin pituus: 11
(4, 7)
(4, 8)
(4, 9)
(4, 10)
(4, 11)
(4, 12)
(4, 13)
(4, 14)
(4, 15)
(4, 16)
(4, 17)
(3, 17)
kaikki ok
Reitin pituus: 14
(4, 12)
(4, 13)
(5, 13)
(6, 13)
(7, 13)
(8, 13)
(8, 14)
(8, 15)
(9, 15)
(10, 15)
(11, 15)
(12, 15)
(13, 15)
(14, 15)
(14, 14)
kaikki ok
Reitin pituus: 28
(2, 1)
(3, 1)
(4, 1)
(4, 2)
(4, 3)
(4, 4)
(4, 5)
(4, 6)
(4, 7)
(4, 8)
(4, 9)
(4, 10)
(4, 11)
(4, 12)
(4, 13)
(4, 14)
(4, 15)
(5, 15)
(6, 15)
(6, 16)
(6, 17)
(7, 17)
(8, 17)
(8, 18)
(8, 19)
(9, 19)
(10, 19)
(11, 19)
(12, 19)
kaikki ok
Reitin pituus: 21
(4, 11)
(4, 10)
(4, 9)
(5, 9)
(6, 9)
(6, 10)
(6, 11)
(7, 11)
(8, 11)
(9, 11)
(10, 11)
(11, 11)
(12, 11)
(12, 12)
(12, 13)
(13, 13)
(14, 13)
(15, 13)
(16, 13)
(17, 13)
(17, 14)
(17, 15)
kaikki ok
Reitin pituus: 14
(15, 5)
(14, 5)
(14, 4)
(14, 3)
(13, 3)
(12, 3)
(11, 3)
(10, 3)
(9, 3)
(8, 3)
(7, 3)
(6, 3)
(6, 4)
(6, 5)
(7, 5)
kaikki ok
Reitin pituus: 23
(14, 12)
(14, 11)
(14, 10)
(14, 9)
(14, 8)
(14, 7)
(14, 6)
(14, 5)
(14, 4)
(14, 3)
(13, 3)
(12, 3)
(11, 3)
(10, 3)
(9, 3)
(8, 3)
(7, 3)
(6, 3)
(5, 3)
(4, 3)
(4, 2)
(4, 1)
(3, 1)
(2, 1)
kaikki ok
Reitin pituus: 17
(4, 7)
(4, 8)
(4, 9)
(4, 10)
(4, 11)
(4, 12)
(4, 13)
(4, 14)
(4, 15)
(5, 15)
(6, 15)
(6, 16)
(6, 17)
(7, 17)
(8, 17)
(8, 18)
(8, 19)
(9, 19)
kaikki ok
Reitin pituus: 17
(1, 5)
(2, 5)
(3, 5)
(4, 5)
(4, 6)
(4, 7)
(4, 8)
(4, 9)
(4, 10)
(4, 11)
(4, 12)
(4, 13)
(3, 13)
(2, 13)
(1, 13)
(1, 14)
(1, 15)
(2, 15)
kaikki ok
Reitin pituus: 20
(2, 15)
(1, 15)
(1, 14)
(1, 13)
(2, 13)
(3, 13)
(4, 13)
(5, 13)
(6, 13)
(6, 12)
(6, 11)
(7, 11)
(8, 11)
(9, 11)
(10, 11)
(11, 11)
(12, 11)
(12, 10)
(12, 9)
(13, 9)
(14, 9)
kaikki ok
Reitin pituus: 16
(16, 19)
(17, 19)
(17, 18)
(17, 17)
(16, 17)
(15, 17)
(14, 17)
(14, 16)
(14, 15)
(14, 14)
(14, 13)
(14, 12)
(14, 11)
(14, 10)
(14, 9)
(14, 8)
(14, 7)
kaikki ok
Reitin pituus: 4
(14, 6)
(14, 5)
(14, 4)
(14, 3)
(15, 3)
kaikki ok
Reitin pituus: 17
(4, 7)
(4, 8)
(4, 9)
(5, 9)
(6, 9)
(6, 10)
(6, 11)
(6, 12)
(6, 13)
(7, 13)
(8, 13)
(8, 14)
(8, 15)
(9, 15)
(10, 15)
(11, 15)
(12, 15)
(13, 15)
kaikki ok
Reitin pituus: 3
(14, 10)
(14, 11)
(14, 12)
(14, 13)
kaikki ok
Reitin pituus: 12
(14, 19)
(15, 19)
(16, 19)
(17, 19)
(17, 18)
(17, 17)
(16, 17)
(16, 16)
(16, 15)
(17, 15)
(17, 14)
(17, 13)
(16, 13)
kaikki ok
Reitin pituus: 18
(6, 12)
(6, 11)
(7, 11)
(8, 11)
(9, 11)
(10, 11)
(11, 11)
(12, 11)
(12, 10)
(12, 9)
(13, 9)
(14, 9)
(14, 8)
(14, 7)
(14, 6)
(14, 5)
(14, 4)
(14, 3)
(14, 2)
kaikki ok
Reitin pituus: 18
(9, 3)
(10, 3)
(11, 3)
(12, 3)
(13, 3)
(14, 3)
(14, 4)
(14, 5)
(14, 6)
(14, 7)
(14, 8)
(14, 9)
(14, 10)
(14, 11)
(14, 12)
(14, 13)
(14, 14)
(14, 15)
(13, 15)
kaikki ok
Reitin pituus: 18
(17, 13)
(16, 13)
(15, 13)
(14, 13)
(13, 13)
(12, 13)
(12, 12)
(12, 11)
(11, 11)
(10, 11)
(9, 11)
(8, 11)
(7, 11)
(6, 11)
(6, 10)
(6, 9)
(5, 9)
(4, 9)
(4, 10)
kaikki ok
Reitin pituus: 19
(12, 16)
(12, 15)
(13, 15)
(14, 15)
(14, 14)
(14, 13)
(14, 12)
(14, 11)
(14, 10)
(14, 9)
(14, 8)
(14, 7)
(14, 6)
(14, 5)
(14, 4)
(14, 3)
(15, 3)
(16, 3)
(17, 3)
(17, 2)
kaikki ok
Reitin pituus: 26
(2, 17)
(3, 17)
(4, 17)
(4, 16)
(4, 15)
(4, 14)
(4, 13)
(4, 12)
(4, 11)
(4, 10)
(4, 9)
(5, 9)
(6, 9)
(6, 8)
(6, 7)
(7, 7)
(8, 7)
(9, 7)
(10, 7)
(10, 6)
(10, 5)
(11, 5)
(12, 5)
(12, 4)
(12, 3)
(13, 3)
(14, 3)
kaikki ok
Reitin pituus: 5
(10, 18)
(10, 19)
(9, 19)
(8, 19)
(7, 19)
(6, 19)
kaikki ok
Reitin pituus: 24
(7, 1)
(8, 1)
(8, 2)
(8, 3)
(9, 3)
(10, 3)
(11, 3)
(12, 3)
(13, 3)
(14, 3)
(14, 4)
(14, 5)
(14, 6)
(14, 7)
(14, 8)
(14, 9)
(14, 10)
(14, 11)
(14, 12)
(14, 13)
(15, 13)
(16, 13)
(17, 13)
(17, 14)
(17, 15)
kaikki ok
Reitin pituus: 17
(6, 4)
(6, 5)
(7, 5)
(8, 5)
(8, 6)
(8, 7)
(7, 7)
(6, 7)
(6, 8)
(6, 9)
(6, 10)
(6, 11)
(6, 12)
(6, 13)
(7, 13)
(8, 13)
(8, 14)
(8, 15)
kaikki ok
Reitin pituus: 9
(6, 11)
(6, 10)
(6, 9)
(6, 8)
(6, 7)
(7, 7)
(8, 7)
(8, 6)
(8, 5)
(7, 5)
kaikki ok
Reitin pituus: 15
(4, 15)
(4, 14)
(4, 13)
(4, 12)
(4, 11)
(4, 10)
(4, 9)
(4, 8)
(4, 7)
(4, 6)
(4, 5)
(4, 4)
(4, 3)
(5, 3)
(6, 3)
(6, 4)
kaikki ok
Reitin pituus: 17
(6, 17)
(6, 16)
(6, 15)
(5, 15)
(4, 15)
(4, 14)
(4, 13)
(4, 12)
(4, 11)
(4, 10)
(4, 9)
(4, 8)
(4, 7)
(4, 6)
(4, 5)
(4, 4)
(4, 3)
(4, 2)
kaikki ok
Reitin pituus: 12
(9, 15)
(10, 15)
(10, 14)
(10, 13)
(11, 13)
(12, 13)
(12, 12)
(12, 11)
(12, 10)
(12, 9)
(12, 8)
(12, 7)
(11, 7)
kaikki ok
Reitin pituus: 5
(4, 17)
(4, 16)
(4, 15)
(4, 14)
(4, 13)
(3, 13)
kaikki ok
Reitin pituus: 7
(14, 14)
(14, 13)
(13, 13)
(12, 13)
(12, 12)
(12, 11)
(11, 11)
(10, 11)
kaikki ok
Reitin pituus: 2
(17, 15)
(17, 14)
(17, 13)
kaikki ok
Reitin pituus: 6
(4, 9)
(4, 10)
(4, 11)
(4, 12)
(4, 13)
(3, 13)
(2, 13)
kaikki ok
Reitin pituus: 16
(4, 8)
(4, 9)
(4, 10)
(4, 11)
(4, 12)
(4, 13)
(4, 14)
(4, 15)
(5, 15)
(6, 15)
(6, 16)
(6, 17)
(7, 17)
(8, 17)
(8, 18)
(8, 19)
(7, 19)
kaikki ok
Reitin pituus: 15
(14, 17)
(14, 16)
(14, 15)
(13, 15)
(12, 15)
(11, 15)
(10, 15)
(9, 15)
(8, 15)
(8, 14)
(8, 13)
(7, 13)
(6, 13)
(6, 12)
(6, 11)
(6, 10)
kaikki ok
Reitin pituus: 20
(10, 19)
(10, 18)
(10, 17)
(11, 17)
(12, 17)
(12, 16)
(12, 15)
(13, 15)
(14, 15)
(14, 14)
(14, 13)
(14, 12)
(14, 11)
(14, 10)
(14, 9)
(13, 9)
(12, 9)
(12, 8)
(12, 7)
(11, 7)
(10, 7)
kaikki ok
Reitin pituus: 14
(9, 8)
(9, 7)
(10, 7)
(10, 6)
(10, 5)
(11, 5)
(12, 5)
(12, 4)
(12, 3)
(13, 3)
(14, 3)
(15, 3)
(16, 3)
(17, 3)
(17, 4)
kaikki ok
Reitin pituus: 25
(7, 3)
(8, 3)
(9, 3)
(10, 3)
(11, 3)
(12, 3)
(13, 3)
(14, 3)
(14, 4)
(14, 5)
(14, 6)
(14, 7)
(14, 8)
(14, 9)
(14, 10)
(14, 11)
(14, 12)
(14, 13)
(14, 14)
(14, 15)
(13, 15)
(12, 15)
(12, 16)
(12, 17)
(11, 17)
(10, 17)
kaikki ok
Reitin pituus: 20
(5, 1)
(6, 1)
(7, 1)
(8, 1)
(8, 2)
(8, 3)
(9, 3)
(10, 3)
(11, 3)
(12, 3)
(13, 3)
(14, 3)
(14, 4)
(14, 5)
(14, 6)
(14, 7)
(14, 8)
(14, 9)
(14, 10)
(14, 11)
(14, 12)
kaikki ok
Reitin pituus: 3
(6, 11)
(6, 10)
(6, 9)
(6, 8)
kaikki ok
Reitin pituus: 25
(4, 1)
(4, 2)
(4, 3)
(4, 4)
(4, 5)
(4, 6)
(4, 7)
(4, 8)
(4, 9)
(5, 9)
(6, 9)
(6, 10)
(6, 11)
(6, 12)
(6, 13)
(7, 13)
(8, 13)
(8, 14)
(8, 15)
(9, 15)
(10, 15)
(11, 15)
(12, 15)
(12, 16)
(12, 17)
(11, 17)
kaikki ok
Reitin pituus: 16
(4, 8)
(4, 9)
(4, 10)
(4, 11)
(4, 12)
(4, 13)
(4, 14)
(4, 15)
(5, 15)
(6, 15)
(7, 15)
(8, 15)
(9, 15)
(10, 15)
(11, 15)
(12, 15)
(13, 15)
kaikki ok
Reitin pituus: 31
(17, 3)
(16, 3)
(15, 3)
(14, 3)
(13, 3)
(12, 3)
(12, 4)
(12, 5)
(11, 5)
(10, 5)
(10, 6)
(10, 7)
(9, 7)
(8, 7)
(7, 7)
(6, 7)
(6, 8)
(6, 9)
(6, 10)
(6, 11)
(6, 12)
(6, 13)
(5, 13)
(4, 13)
(4, 14)
(4, 15)
(4, 16)
(4, 17)
(3, 17)
(2, 17)
(1, 17)
(1, 18)
kaikki ok
Reitin pituus: 3
(4, 3)
(4, 4)
(4, 5)
(3, 5)
kaikki ok
Reitin pituus: 1
(6, 13)
(7, 13)
kaikki ok
Reitin pituus: 23
(17, 19)
(17, 18)
(17, 17)
(16, 17)
(15, 17)
(14, 17)
(14, 16)
(14, 15)
(14, 14)
(14, 13)
(14, 12)
(14, 11)
(14, 10)
(14, 9)
(14, 8)
(14, 7)
(14, 6)
(14, 5)
(14, 4)
(14, 3)
(15, 3)
(16, 3)
(17, 3)
(17, 2)
kaikki ok
Reitin pituus: 10
(6, 12)
(6, 11)
(6, 10)
(6, 9)
(5, 9)
(4, 9)
(4, 8)
(4, 7)
(4, 6)
(4, 5)
(3, 5)
kaikki ok
Reitin pituus: 15
(5, 19)
(6, 19)
(7, 19)
(8, 19)
(9, 19)
(10, 19)
(10, 18)
(10, 17)
(11, 17)
(12, 17)
(12, 16)
(12, 15)
(13, 15)
(14, 15)
(14, 14)
(14, 13)
kaikki ok
Reitin pituus: 14
(2, 3)
(3, 3)
(4, 3)
(5, 3)
(6, 3)
(6, 4)
(6, 5)
(7, 5)
(8, 5)
(8, 6)
(8, 7)
(9, 7)
(9, 8)
(9, 9)
(8, 9)
kaikki ok
Reitin pituus: 14
(8, 2)
(8, 3)
(9, 3)
(10, 3)
(11, 3)
(12, 3)
(13, 3)
(14, 3)
(14, 4)
(14, 5)
(14, 6)
(14, 7)
(14, 8)
(14, 9)
(13, 9)
kaikki ok
Reitin pituus: 19
(8, 1)
(7, 1)
(6, 1)
(5, 1)
(4, 1)
(4, 2)
(4, 3)
(4, 4)
(4, 5)
(4, 6)
(4, 7)
(4, 8)
(4, 9)
(4, 10)
(4, 11)
(4, 12)
(4, 13)
(4, 14)
(4, 15)
(5, 15)
kaikki ok
Reitin pituus: 23
(17, 15)
(16, 15)
(16, 16)
(16, 17)
(17, 17)
(17, 18)
(17, 19)
(16, 19)
(15, 19)
(14, 19)
(13, 19)
(12, 19)
(11, 19)
(10, 19)
(9, 19)
(8, 19)
(7, 19)
(6, 19)
(5, 19)
(4, 19)
(3, 19)
(2, 19)
(1, 19)
(1, 18)
kaikki ok
Reitin pituus: 19
(14, 3)
(14, 4)
(14, 5)
(14, 6)
(14, 7)
(14, 8)
(14, 9)
(13, 9)
(12, 9)
(12, 10)
(12, 11)
(12, 12)
(12, 13)
(11, 13)
(10, 13)
(10, 14)
(10, 15)
(9, 15)
(8, 15)
(8, 14)
kaikki ok
Reitin pituus: 23
(1, 17)
(2, 17)
(3, 17)
(4, 17)
(4, 16)
(4, 15)
(4, 14)
(4, 13)
(4, 12)
(4, 11)
(4, 10)
(4, 9)
(4, 8)
(4, 7)
(4, 6)
(4, 5)
(4, 4)
(4, 3)
(5, 3)
(6, 3)
(7, 3)
(8, 3)
(8, 2)
(8, 1)
kaikki ok
Reitin pituus: 12
(17, 3)
(16, 3)
(15, 3)
(14, 3)
(13, 3)
(12, 3)
(12, 4)
(12, 5)
(11, 5)
(10, 5)
(10, 6)
(10, 7)
(9, 7)
kaikki ok
Reitin pituus: 3
(1, 4)
(1, 3)
(1, 2)
(1, 1)
kaikki ok
Reitin pituus: 19
(11, 7)
(12, 7)
(12, 8)
(12, 9)
(13, 9)
(14, 9)
(14, 10)
(14, 11)
(14, 12)
(14, 13)
(14, 14)
(14, 15)
(14, 16)
(14, 17)
(15, 17)
(16, 17)
(17, 17)
(17, 18)
(17, 19)
(16, 19)
kaikki ok
Reitin pituus: 4
(17, 5)
(16, 5)
(15, 5)
(14, 5)
(14, 4)
kaikki ok
Reitin pituus: 21
(1, 15)
(1, 14)
(1, 13)
(2, 13)
(3, 13)
(4, 13)
(4, 12)
(4, 11)
(4, 10)
(4, 9)
(4, 8)
(4, 7)
(4, 6)
(4, 5)
(4, 4)
(4, 3)
(4, 2)
(4, 1)
(5, 1)
(6, 1)
(7, 1)
(8, 1)
kaikki ok
Reitin pituus: 14
(7, 3)
(6, 3)
(5, 3)
(4, 3)
(4, 4)
(4, 5)
(4, 6)
(4, 7)
(4, 8)
(4, 9)
(4, 10)
(4, 11)
(4, 12)
(4, 13)
(5, 13)
kaikki ok
Reitin pituus: 22
(10, 9)
(9, 9)
(9, 8)
(9, 7)
(10, 7)
(11, 7)
(12, 7)
(12, 8)
(12, 9)
(13, 9)
(14, 9)
(14, 10)
(14, 11)
(14, 12)
(14, 13)
(14, 14)
(14, 15)
(14, 16)
(14, 17)
(15, 17)
(16, 17)
(17, 17)
(17, 18)
kaikki ok
Reitin pituus: 5
(14, 1)
(14, 2)
(14, 3)
(14, 4)
(14, 5)
(14, 6)
kaikki ok
Reitin pituus: 12
(9, 11)
(10, 11)
(11, 11)
(12, 11)
(12, 12)
(12, 13)
(11, 13)
(10, 13)
(10, 14)
(10, 15)
(11, 15)
(12, 15)
(12, 16)
kaikki ok
Reitin pituus: 9
(14, 6)
(14, 7)
(14, 8)
(14, 9)
(14, 10)
(14, 11)
(14, 12)
(14, 13)
(15, 13)
(16, 13)
kaikki ok
Reitin pituus: 9
(6, 13)
(7, 13)
(8, 13)
(8, 14)
(8, 15)
(9, 15)
(10, 15)
(10, 14)
(10, 13)
(11, 13)
kaikki ok
Reitin pituus: 10
(3, 5)
(4, 5)
(4, 6)
(4, 7)
(4, 8)
(4, 9)
(5, 9)
(6, 9)
(6, 10)
(6, 11)
(7, 11)
kaikki ok
Reitin pituus: 20
(16, 19)
(17, 19)
(17, 18)
(17, 17)
(16, 17)
(15, 17)
(14, 17)
(14, 16)
(14, 15)
(14, 14)
(14, 13)
(13, 13)
(12, 13)
(12, 12)
(12, 11)
(12, 10)
(12, 9)
(12, 8)
(12, 7)
(11, 7)
(10, 7)
kaikki ok
Reitin pituus: 24
(3, 3)
(4, 3)
(5, 3)
(6, 3)
(6, 4)
(6, 5)
(7, 5)
(8, 5)
(8, 6)
(8, 7)
(9, 7)
(10, 7)
(11, 7)
(12, 7)
(12, 8)
(12, 9)
(12, 10)
(12, 11)
(12, 12)
(12, 13)
(13, 13)
(14, 13)
(15, 13)
(16, 13)
(17, 13)
kaikki ok
Reitin pituus: 24
(8, 17)
(7, 17)
(6, 17)
(6, 16)
(6, 15)
(5, 15)
(4, 15)
(4, 14)
(4, 13)
(4, 12)
(4, 11)
(4, 10)
(4, 9)
(4, 8)
(4, 7)
(4, 6)
(4, 5)
(4, 4)
(4, 3)
(5, 3)
(6, 3)
(7, 3)
(8, 3)
(8, 2)
(8, 1)
kaikki ok
Reitin pituus: 5
(6, 16)
(6, 15)
(5, 15)
(4, 15)
(4, 16)
(4, 17)
kaikki ok
Reitin pituus: 5
(6, 19)
(5, 19)
(4, 19)
(3, 19)
(2, 19)
(1, 19)
kaikki ok
Reitin pituus: 23
(14, 7)
(14, 8)
(14, 9)
(13, 9)
(12, 9)
(12, 10)
(12, 11)
(11, 11)
(10, 11)
(9, 11)
(8, 11)
(7, 11)
(6, 11)
(6, 12)
(6, 13)
(5, 13)
(4, 13)
(3, 13)
(2, 13)
(1, 13)
(1, 14)
(1, 15)
(2, 15)
(2, 16)
kaikki ok
Reitin pituus: 11
(14, 15)
(13, 15)
(12, 15)
(11, 15)
(10, 15)
(9, 15)
(8, 15)
(8, 14)
(8, 13)
(7, 13)
(6, 13)
(6, 12)
kaikki ok
Reitin pituus: 10
(17, 17)
(16, 17)
(15, 17)
(14, 17)
(14, 16)
(14, 15)
(13, 15)
(12, 15)
(11, 15)
(10, 15)
(10, 14)
kaikki ok
Reitin pituus: 24
(12, 17)
(12, 16)
(12, 15)
(11, 15)
(10, 15)
(9, 15)
(8, 15)
(8, 14)
(8, 13)
(7, 13)
(6, 13)
(5, 13)
(4, 13)
(4, 12)
(4, 11)
(4, 10)
(4, 9)
(4, 8)
(4, 7)
(4, 6)
(4, 5)
(4, 4)
(4, 3)
(4, 2)
(4, 1)
kaikki ok
Reitin pituus: 26
(14, 1)
(14, 2)
(14, 3)
(13, 3)
(12, 3)
(12, 4)
(12, 5)
(11, 5)
(10, 5)
(10, 6)
(10, 7)
(9, 7)
(8, 7)
(7, 7)
(6, 7)
(6, 8)
(6, 9)
(6, 10)
(6, 11)
(6, 12)
(6, 13)
(5, 13)
(4, 13)
(3, 13)
(2, 13)
(1, 13)
(1, 14)
kaikki ok
Reitin pituus: 13
(13, 9)
(14, 9)
(14, 10)
(14, 11)
(14, 12)
(14, 13)
(14, 14)
(14, 15)
(13, 15)
(12, 15)
(12, 16)
(12, 17)
(11, 17)
(10, 17)
kaikki ok
Reitin pituus: 7
(17, 4)
(17, 3)
(16, 3)
(15, 3)
(14, 3)
(13, 3)
(12, 3)
(11, 3)
kaikki ok
Reitin pituus: 10
(6, 17)
(7, 17)
(8, 17)
(8, 18)
(8, 19)
(9, 19)
(10, 19)
(11, 19)
(12, 19)
(13, 19)
(14, 19)
kaikki ok
Reitin pituus: 17
(6, 8)
(6, 7)
(7, 7)
(8, 7)
(9, 7)
(10, 7)
(11, 7)
(12, 7)
(12, 8)
(12, 9)
(13, 9)
(14, 9)
(14, 8)
(14, 7)
(14, 6)
(14, 5)
(15, 5)
(16, 5)
kaikki ok
Reitin pituus: 13
(14, 7)
(14, 8)
(14, 9)
(13, 9)
(12, 9)
(12, 10)
(12, 11)
(12, 12)
(12, 13)
(11, 13)
(10, 13)
(10, 14)
(10, 15)
(9, 15)
kaikki ok
Reitin pituus: 19
(4, 19)
(5, 19)
(6, 19)
(7, 19)
(8, 19)
(9, 19)
(10, 19)
(10, 18)
(10, 17)
(11, 17)
(12, 17)
(12, 16)
(12, 15)
(13, 15)
(14, 15)
(14, 14)
(14, 13)
(14, 12)
(14, 11)
(14, 10)
kaikki ok
Reitin pituus: 10
(13, 3)
(14, 3)
(14, 4)
(14, 5)
(14, 6)
(14, 7)
(14, 8)
(14, 9)
(14, 10)
(14, 11)
(14, 12)
kaikki ok
Reitin pituus: 8
(8, 5)
(7, 5)
(6, 5)
(6, 4)
(6, 3)
(7, 3)
(8, 3)
(9, 3)
(10, 3)
kaikki ok
Reitin pituus: 1
(8, 3)
(8, 2)
kaikki ok
Reitin pituus: 11
(12, 4)
(12, 3)
(13, 3)
(14, 3)
(14, 4)
(14, 5)
(14, 6)
(14, 7)
(14, 8)
(14, 9)
(14, 10)
(14, 11)
kaikki ok
Reitin pituus: 6
(8, 5)
(8, 6)
(8, 7)
(9, 7)
(10, 7)
(10, 6)
(10, 5)
kaikki ok
Reitin pituus: 23
(8, 17)
(7, 17)
(6, 17)
(6, 16)
(6, 15)
(5, 15)
(4, 15)
(4, 14)
(4, 13)
(4, 12)
(4, 11)
(4, 10)
(4, 9)
(4, 8)
(4, 7)
(4, 6)
(4, 5)
(4, 4)
(4, 3)
(4, 2)
(4, 1)
(5, 1)
(6, 1)
(7, 1)
kaikki ok
Reitin pituus: 8
(15, 5)
(14, 5)
(14, 4)
(14, 3)
(13, 3)
(12, 3)
(12, 4)
(12, 5)
(11, 5)
kaikki ok
Reitin pituus: 7
(16, 13)
(15, 13)
(14, 13)
(14, 12)
(14, 11)
(14, 10)
(14, 9)
(14, 8)
kaikki ok
Reitin pituus: 26
(16, 19)
(17, 19)
(17, 18)
(17, 17)
(16, 17)
(15, 17)
(14, 17)
(14, 16)
(14, 15)
(14, 14)
(14, 13)
(14, 12)
(14, 11)
(14, 10)
(14, 9)
(14, 8)
(14, 7)
(14, 6)
(14, 5)
(14, 4)
(14, 3)
(13, 3)
(12, 3)
(11, 3)
(10, 3)
(9, 3)
(8, 3)
kaikki ok
Reitin pituus: 18
(6, 9)
(6, 8)
(6, 7)
(7, 7)
(8, 7)
(9, 7)
(10, 7)
(10, 6)
(10, 5)
(11, 5)
(12, 5)
(12, 4)
(12, 3)
(13, 3)
(14, 3)
(14, 4)
(14, 5)
(15, 5)
(16, 5)
kaikki ok
Reitin pituus: 8
(2, 19)
(3, 19)
(4, 19)
(5, 19)
(6, 19)
(7, 19)
(8, 19)
(8, 18)
(8, 17)
kaikki ok
Reitin pituus: 21
(14, 9)
(13, 9)
(12, 9)
(12, 10)
(12, 11)
(11, 11)
(10, 11)
(9, 11)
(8, 11)
(7, 11)
(6, 11)
(6, 10)
(6, 9)
(5, 9)
(4, 9)
(4, 8)
(4, 7)
(4, 6)
(4, 5)
(3, 5)
(2, 5)
(1, 5)
kaikki ok
Reitin pituus: 12
(4, 9)
(4, 8)
(4, 7)
(4, 6)
(4, 5)
(4, 4)
(4, 3)
(5, 3)
(6, 3)
(7, 3)
(8, 3)
(9, 3)
(10, 3)
kaikki ok
Reitin pituus: 19
(2, 3)
(3, 3)
(4, 3)
(4, 4)
(4, 5)
(4, 6)
(4, 7)
(4, 8)
(4, 9)
(4, 10)
(4, 11)
(4, 12)
(4, 13)
(3, 13)
(2, 13)
(1, 13)
(1, 14)
(1, 15)
(2, 15)
(2, 16)
kaikki ok
Reitin pituus: 8
(9, 19)
(8, 19)
(8, 18)
(8, 17)
(7, 17)
(6, 17)
(6, 16)
(6, 15)
(5, 15)
kaikki ok
Reitin pituus: 4
(1, 14)
(1, 15)
(2, 15)
(2, 16)
(2, 17)
kaikki ok
Reitin pituus: 2
(9, 7)
(10, 7)
(10, 6)
kaikki ok
Reitin pituus: 18
(1, 5)
(1, 4)
(1, 3)
(2, 3)
(3, 3)
(4, 3)
(5, 3)
(6, 3)
(7, 3)
(8, 3)
(9, 3)
(10, 3)
(11, 3)
(12, 3)
(13, 3)
(14, 3)
(14, 4)
(14, 5)
(15, 5)
kaikki ok
Reitin pituus: 18
(6, 13)
(6, 12)
(6, 11)
(6, 10)
(6, 9)
(6, 8)
(6, 7)
(7, 7)
(8, 7)
(8, 6)
(8, 5)
(7, 5)
(6, 5)
(6, 4)
(6, 3)
(7, 3)
(8, 3)
(9, 3)
(10, 3)
kaikki ok
Reitin pituus: 21
(12, 11)
(11, 11)
(10, 11)
(9, 11)
(8, 11)
(7, 11)
(6, 11)
(6, 10)
(6, 9)
(5, 9)
(4, 9)
(4, 8)
(4, 7)
(4, 6)
(4, 5)
(3, 5)
(2, 5)
(1, 5)
(1, 4)
(1, 3)
(1, 2)
(1, 1)
kaikki ok
Reitin pituus: 26
(8, 1)
(7, 1)
(6, 1)
(5, 1)
(4, 1)
(4, 2)
(4, 3)
(4, 4)
(4, 5)
(4, 6)
(4, 7)
(4, 8)
(4, 9)
(4, 10)
(4, 11)
(4, 12)
(4, 13)
(4, 14)
(4, 15)
(4, 16)
(4, 17)
(3, 17)
(2, 17)
(1, 17)
(1, 18)
(1, 19)
(2, 19)
kaikki ok
Reitin pituus: 17
(14, 7)
(14, 8)
(14, 9)
(14, 10)
(14, 11)
(14, 12)
(14, 13)
(14, 14)
(14, 15)
(14, 16)
(14, 17)
(15, 17)
(16, 17)
(17, 17)
(17, 18)
(17, 19)
(16, 19)
(15, 19)
kaikki ok
Reitin pituus: 14
(6, 4)
(6, 5)
(7, 5)
(8, 5)
(8, 6)
(8, 7)
(9, 7)
(10, 7)
(11, 7)
(12, 7)
(12, 8)
(12, 9)
(13, 9)
(14, 9)
(14, 10)
kaikki ok
Reitin pituus: 15
(7, 7)
(8, 7)
(9, 7)
(10, 7)
(11, 7)
(12, 7)
(12, 8)
(12, 9)
(12, 10)
(12, 11)
(12, 12)
(12, 13)
(13, 13)
(14, 13)
(15, 13)
(16, 13)
kaikki ok
Reitin pituus: 19
(16, 16)
(16, 17)
(15, 17)
(14, 17)
(14, 16)
(14, 15)
(13, 15)
(12, 15)
(11, 15)
(10, 15)
(9, 15)
(8, 15)
(7, 15)
(6, 15)
(5, 15)
(4, 15)
(4, 14)
(4, 13)
(3, 13)
(2, 13)
kaikki ok
Reitin pituus: 23
(12, 7)
(12, 8)
(12, 9)
(12, 10)
(12, 11)
(12, 12)
(12, 13)
(11, 13)
(10, 13)
(10, 14)
(10, 15)
(9, 15)
(8, 15)
(7, 15)
(6, 15)
(5, 15)
(4, 15)
(4, 16)
(4, 17)
(3, 17)
(2, 17)
(1, 17)
(1, 18)
(1, 19)
kaikki ok
Reitin pituus: 21
(13, 1)
(14, 1)
(14, 2)
(14, 3)
(14, 4)
(14, 5)
(14, 6)
(14, 7)
(14, 8)
(14, 9)
(13, 9)
(12, 9)
(12, 10)
(12, 11)
(11, 11)
(10, 11)
(9, 11)
(8, 11)
(7, 11)
(6, 11)
(6, 12)
(6, 13)
kaikki ok
Reitin pituus: 17
(2, 1)
(3, 1)
(4, 1)
(5, 1)
(6, 1)
(7, 1)
(8, 1)
(8, 2)
(8, 3)
(9, 3)
(10, 3)
(10, 2)
(10, 1)
(11, 1)
(12, 1)
(13, 1)
(14, 1)
(15, 1)
kaikki ok
Reitin pituus: 26
(11, 5)
(10, 5)
(10, 6)
(10, 7)
(9, 7)
(8, 7)
(7, 7)
(6, 7)
(6, 8)
(6, 9)
(5, 9)
(4, 9)
(4, 10)
(4, 11)
(4, 12)
(4, 13)
(4, 14)
(4, 15)
(4, 16)
(4, 17)
(3, 17)
(2, 17)
(1, 17)
(1, 18)
(1, 19)
(2, 19)
(3, 19)
kaikki ok
Reitin pituus: 11
(4, 8)
(4, 7)
(4, 6)
(4, 5)
(4, 4)
(4, 3)
(5, 3)
(6, 3)
(7, 3)
(8, 3)
(8, 2)
(8, 1)
kaikki ok
Reitin pituus: 7
(11, 3)
(12, 3)
(13, 3)
(14, 3)
(14, 4)
(14, 5)
(15, 5)
(16, 5)
kaikki ok
Reitin pituus: 11
(10, 5)
(10, 6)
(10, 7)
(9, 7)
(8, 7)
(7, 7)
(6, 7)
(6, 8)
(6, 9)
(6, 10)
(6, 11)
(7, 11)
kaikki ok
Reitin pituus: 18
(4, 2)
(4, 3)
(4, 4)
(4, 5)
(4, 6)
(4, 7)
(4, 8)
(4, 9)
(5, 9)
(6, 9)
(6, 10)
(6, 11)
(6, 12)
(6, 13)
(7, 13)
(8, 13)
(8, 14)
(8, 15)
(9, 15)
kaikki ok
Reitin pituus: 21
(9, 19)
(8, 19)
(8, 18)
(8, 17)
(7, 17)
(6, 17)
(6, 16)
(6, 15)
(7, 15)
(8, 15)
(8, 14)
(8, 13)
(7, 13)
(6, 13)
(6, 12)
(6, 11)
(6, 10)
(6, 9)
(6, 8)
(6, 7)
(7, 7)
(8, 7)
kaikki ok
Reitin pituus: 11
(16, 13)
(17, 13)
(17, 14)
(17, 15)
(16, 15)
(16, 16)
(16, 17)
(17, 17)
(17, 18)
(17, 19)
(16, 19)
(15, 19)
kaikki ok
Reitin pituus: 28
(1, 1)
(1, 2)
(1, 3)
(2, 3)
(3, 3)
(4, 3)
(5, 3)
(6, 3)
(6, 4)
(6, 5)
(7, 5)
(8, 5)
(8, 6)
(8, 7)
(9, 7)
(10, 7)
(11, 7)
(12, 7)
(12, 8)
(12, 9)
(12, 10)
(12, 11)
(12, 12)
(12, 13)
(13, 13)
(14, 13)
(14, 14)
(14, 15)
(14, 16)
kaikki ok
Reitin pituus: 3
(4, 2)
(4, 1)
(3, 1)
(2, 1)
kaikki ok
Reitin pituus: 19
(12, 11)
(11, 11)
(10, 11)
(9, 11)
(8, 11)
(7, 11)
(6, 11)
(6, 10)
(6, 9)
(5, 9)
(4, 9)
(4, 8)
(4, 7)
(4, 6)
(4, 5)
(3, 5)
(2, 5)
(1, 5)
(1, 4)
(1, 3)
kaikki ok
Reitin pituus: 16
(7, 1)
(6, 1)
(5, 1)
(4, 1)
(4, 2)
(4, 3)
(4, 4)
(4, 5)
(4, 6)
(4, 7)
(4, 8)
(4, 9)
(4, 10)
(4, 11)
(4, 12)
(4, 13)
(5, 13)
kaikki ok
Reitin pituus: 10
(8, 13)
(8, 14)
(8, 15)
(9, 15)
(10, 15)
(11, 15)
(12, 15)
(12, 16)
(12, 17)
(11, 17)
(10, 17)
kaikki ok
Reitin pituus: 16
(7, 11)
(8, 11)
(9, 11)
(10, 11)
(11, 11)
(12, 11)
(12, 10)
(12, 9)
(13, 9)
(14, 9)
(14, 8)
(14, 7)
(14, 6)
(14, 5)
(15, 5)
(16, 5)
(17, 5)
kaikki ok
Reitin pituus: 22
(10, 6)
(10, 7)
(11, 7)
(12, 7)
(12, 8)
(12, 9)
(13, 9)
(14, 9)
(14, 10)
(14, 11)
(14, 12)
(14, 13)
(14, 14)
(14, 15)
(13, 15)
(12, 15)
(12, 16)
(12, 17)
(11, 17)
(10, 17)
(10, 18)
(10, 19)
(9, 19)
kaikki ok
Reitin pituus: 20
(4, 17)
(4, 16)
(4, 15)
(4, 14)
(4, 13)
(4, 12)
(4, 11)
(4, 10)
(4, 9)
(4, 8)
(4, 7)
(4, 6)
(4, 5)
(4, 4)
(4, 3)
(4, 2)
(4, 1)
(5, 1)
(6, 1)
(7, 1)
(8, 1)
kaikki ok
Reitin pituus: 14
(13, 9)
(12, 9)
(12, 10)
(12, 11)
(11, 11)
(10, 11)
(9, 11)
(8, 11)
(7, 11)
(6, 11)
(6, 12)
(6, 13)
(5, 13)
(4, 13)
(3, 13)
kaikki ok
Reitin pituus: 8
(8, 15)
(9, 15)
(10, 15)
(10, 14)
(10, 13)
(11, 13)
(12, 13)
(12, 12)
(12, 11)
kaikki ok
Reitin pituus: 27
(15, 1)
(14, 1)
(14, 2)
(14, 3)
(14, 4)
(14, 5)
(14, 6)
(14, 7)
(14, 8)
(14, 9)
(14, 10)
(14, 11)
(14, 12)
(14, 13)
(14, 14)
(14, 15)
(13, 15)
(12, 15)
(12, 16)
(12, 17)
(11, 17)
(10, 17)
(10, 18)
(10, 19)
(9, 19)
(8, 19)
(8, 18)
(8, 17)
kaikki ok
Reitin pituus: 19
(17, 14)
(17, 13)
(16, 13)
(15, 13)
(14, 13)
(13, 13)
(12, 13)
(12, 12)
(12, 11)
(11, 11)
(10, 11)
(9, 11)
(8, 11)
(7, 11)
(6, 11)
(6, 12)
(6, 13)
(5, 13)
(4, 13)
(3, 13)
kaikki ok
Reitin pituus: 27
(17, 14)
(17, 13)
(16, 13)
(15, 13)
(14, 13)
(14, 12)
(14, 11)
(14, 10)
(14, 9)
(14, 8)
(14, 7)
(14, 6)
(14, 5)
(14, 4)
(14, 3)
(13, 3)
(12, 3)
(11, 3)
(10, 3)
(9, 3)
(8, 3)
(7, 3)
(6, 3)
(5, 3)
(4, 3)
(3, 3)
(2, 3)
(1, 3)
kaikki ok
Reitin pituus: 9
(6, 10)
(6, 11)
(6, 12)
(6, 13)
(5, 13)
(4, 13)
(4, 14)
(4, 15)
(4, 16)
(4, 17)
kaikki ok
Reitin pituus: 23
(16, 19)
(17, 19)
(17, 18)
(17, 17)
(16, 17)
(15, 17)
(14, 17)
(14, 16)
(14, 15)
(14, 14)
(14, 13)
(13, 13)
(12, 13)
(12, 12)
(12, 11)
(12, 10)
(12, 9)
(12, 8)
(12, 7)
(11, 7)
(10, 7)
(9, 7)
(9, 8)
(9, 9)
kaikki ok
Reitin pituus: 21
(1, 17)
(2, 17)
(3, 17)
(4, 17)
(4, 16)
(4, 15)
(4, 14)
(4, 13)
(4, 12)
(4, 11)
(4, 10)
(4, 9)
(4, 8)
(4, 7)
(4, 6)
(4, 5)
(4, 4)
(4, 3)
(5, 3)
(6, 3)
(6, 4)
(6, 5)
kaikki ok
Reitin pituus: 2
(1, 5)
(2, 5)
(3, 5)
kaikki ok
Reitin pituus: 7
(14, 7)
(14, 6)
(14, 5)
(15, 5)
(16, 5)
(17, 5)
(17, 4)
(17, 3)
kaikki ok
Reitin pituus: 26
(17, 15)
(17, 14)
(17, 13)
(16, 13)
(15, 13)
(14, 13)
(13, 13)
(12, 13)
(12, 12)
(12, 11)
(11, 11)
(10, 11)
(9, 11)
(8, 11)
(7, 11)
(6, 11)
(6, 10)
(6, 9)
(5, 9)
(4, 9)
(4, 8)
(4, 7)
(4, 6)
(4, 5)
(4, 4)
(4, 3)
(4, 2)
kaikki ok
Reitin pituus: 14
(10, 5)
(10, 6)
(10, 7)
(11, 7)
(12, 7)
(12, 8)
(12, 9)
(13, 9)
(14, 9)
(14, 10)
(14, 11)
(14, 12)
(14, 13)
(15, 13)
(16, 13)
kaikki ok
Reitin pituus: 13
(12, 17)
(12, 16)
(12, 15)
(11, 15)
(10, 15)
(9, 15)
(8, 15)
(7, 15)
(6, 15)
(5, 15)
(4, 15)
(4, 16)
(4, 17)
(3, 17)
kaikki ok
Reitin pituus: 8
(11, 13)
(12, 13)
(13, 13)
(14, 13)
(14, 12)
(14, 11)
(14, 10)
(14, 9)
(14, 8)
kaikki ok
Reitin pituus: 7
(4, 12)
(4, 13)
(4, 14)
(4, 15)
(4, 16)
(4, 17)
(3, 17)
(2, 17)
kaikki ok
Reitin pituus: 10
(6, 1)
(7, 1)
(8, 1)
(8, 2)
(8, 3)
(9, 3)
(10, 3)
(10, 2)
(10, 1)
(11, 1)
(12, 1)
kaikki ok
Reitin pituus: 14
(7, 17)
(6, 17)
(6, 16)
(6, 15)
(7, 15)
(8, 15)
(9, 15)
(10, 15)
(10, 14)
(10, 13)
(11, 13)
(12, 13)
(12, 12)
(12, 11)
(11, 11)
kaikki ok
Reitin pituus: 16
(4, 14)
(4, 13)
(4, 12)
(4, 11)
(4, 10)
(4, 9)
(4, 8)
(4, 7)
(4, 6)
(4, 5)
(4, 4)
(4, 3)
(5, 3)
(6, 3)
(7, 3)
(8, 3)
(8, 2)
kaikki ok
Reitin pituus: 6
(10, 15)
(9, 15)
(8, 15)
(7, 15)
(6, 15)
(6, 16)
(6, 17)
kaikki ok
Reitin pituus: 15
(12, 12)
(12, 13)
(11, 13)
(10, 13)
(10, 14)
(10, 15)
(9, 15)
(8, 15)
(7, 15)
(6, 15)
(5, 15)
(4, 15)
(4, 16)
(4, 17)
(3, 17)
(2, 17)
kaikki ok
Reitin pituus: 12
(3, 13)
(4, 13)
(5, 13)
(6, 13)
(6, 12)
(6, 11)
(7, 11)
(8, 11)
(9, 11)
(10, 11)
(11, 11)
(12, 11)
(12, 10)
kaikki ok
Reitin pituus: 16
(17, 1)
(16, 1)
(15, 1)
(14, 1)
(13, 1)
(12, 1)
(11, 1)
(10, 1)
(10, 2)
(10, 3)
(9, 3)
(8, 3)
(8, 2)
(8, 1)
(7, 1)
(6, 1)
(5, 1)
kaikki ok
Reitin pituus: 12
(10, 19)
(9, 19)
(8, 19)
(8, 18)
(8, 17)
(7, 17)
(6, 17)
(6, 16)
(6, 15)
(5, 15)
(4, 15)
(4, 16)
(4, 17)
kaikki ok
Reitin pituus: 7
(4, 5)
(4, 4)
(4, 3)
(5, 3)
(6, 3)
(6, 4)
(6, 5)
(7, 5)
kaikki ok
Reitin pituus: 12
(12, 5)
(11, 5)
(10, 5)
(10, 6)
(10, 7)
(11, 7)
(12, 7)
(12, 8)
(12, 9)
(13, 9)
(14, 9)
(14, 10)
(14, 11)
kaikki ok
Reitin pituus: 9
(14, 8)
(14, 7)
(14, 6)
(14, 5)
(14, 4)
(14, 3)
(13, 3)
(12, 3)
(12, 4)
(12, 5)
kaikki ok
Reitin pituus: 24
(10, 18)
(10, 19)
(9, 19)
(8, 19)
(8, 18)
(8, 17)
(7, 17)
(6, 17)
(6, 16)
(6, 15)
(5, 15)
(4, 15)
(4, 14)
(4, 13)
(4, 12)
(4, 11)
(4, 10)
(4, 9)
(4, 8)
(4, 7)
(4, 6)
(4, 5)
(4, 4)
(4, 3)
(3, 3)
kaikki ok
Reitin pituus: 4
(4, 14)
(4, 13)
(5, 13)
(6, 13)
(6, 12)
kaikki ok
Reitin pituus: 11
(16, 16)
(16, 17)
(15, 17)
(14, 17)
(14, 16)
(14, 15)
(13, 15)
(12, 15)
(12, 16)
(12, 17)
(11, 17)
(10, 17)
kaikki ok
Reitin pituus: 14
(6, 7)
(6, 8)
(6, 9)
(5, 9)
(4, 9)
(4, 8)
(4, 7)
(4, 6)
(4, 5)
(4, 4)
(4, 3)
(3, 3)
(2, 3)
(1, 3)
(1, 2)
kaikki ok
Reitin pituus: 4
(4, 14)
(4, 13)
(5, 13)
(6, 13)
(7, 13)
kaikki ok
Reitin pituus: 19
(16, 15)
(17, 15)
(17, 14)
(17, 13)
(16, 13)
(15, 13)
(14, 13)
(13, 13)
(12, 13)
(12, 12)
(12, 11)
(11, 11)
(10, 11)
(9, 11)
(8, 11)
(7, 11)
(6, 11)
(6, 10)
(6, 9)
(5, 9)
kaikki ok
Reitin pituus: 20
(4, 3)
(4, 4)
(4, 5)
(4, 6)
(4, 7)
(4, 8)
(4, 9)
(5, 9)
(6, 9)
(6, 10)
(6, 11)
(6, 12)
(6, 13)
(7, 13)
(8, 13)
(8, 14)
(8, 15)
(9, 15)
(10, 15)
(10, 14)
(10, 13)
kaikki ok
Reitin pituus: 6
(8, 9)
(9, 9)
(9, 8)
(9, 7)
(8, 7)
(7, 7)
(6, 7)
kaikki ok
Reitin pituus: 12
(6, 7)
(6, 8)
(6, 9)
(5, 9)
(4, 9)
(4, 8)
(4, 7)
(4, 6)
(4, 5)
(4, 4)
(4, 3)
(4, 2)
(4, 1)
kaikki ok
Reitin pituus: 2
(14, 13)
(13, 13)
(12, 13)
kaikki ok
Reitin pituus: 23
(11, 13)
(12, 13)
(12, 12)
(12, 11)
(12, 10)
(12, 9)
(12, 8)
(12, 7)
(11, 7)
(10, 7)
(9, 7)
(8, 7)
(8, 6)
(8, 5)
(7, 5)
(6, 5)
(6, 4)
(6, 3)
(5, 3)
(4, 3)
(4, 2)
(4, 1)
(3, 1)
(2, 1)
kaikki ok
Reitin pituus: 12
(17, 2)
(17, 3)
(16, 3)
(15, 3)
(14, 3)
(13, 3)
(12, 3)
(12, 4)
(12, 5)
(11, 5)
(10, 5)
(10, 6)
(10, 7)
kaikki ok
Reitin pituus: 30
(14, 1)
(14, 2)
(14, 3)
(14, 4)
(14, 5)
(14, 6)
(14, 7)
(14, 8)
(14, 9)
(14, 10)
(14, 11)
(14, 12)
(14, 13)
(14, 14)
(14, 15)
(13, 15)
(12, 15)
(12, 16)
(12, 17)
(11, 17)
(10, 17)
(10, 18)
(10, 19)
(9, 19)
(8, 19)
(7, 19)
(6, 19)
(5, 19)
(4, 19)
(3, 19)
(2, 19)
kaikki ok
Reitin pituus: 16
(14, 12)
(14, 13)
(13, 13)
(12, 13)
(12, 12)
(12, 11)
(11, 11)
(10, 11)
(9, 11)
(8, 11)
(7, 11)
(6, 11)
(6, 12)
(6, 13)
(5, 13)
(4, 13)
(3, 13)
kaikki ok
Reitin pituus: 5
(9, 3)
(10, 3)
(10, 2)
(10, 1)
(11, 1)
(12, 1)
kaikki ok
Reitin pituus: 23
(4, 19)
(3, 19)
(2, 19)
(1, 19)
(1, 18)
(1, 17)
(2, 17)
(3, 17)
(4, 17)
(4, 16)
(4, 15)
(4, 14)
(4, 13)
(4, 12)
(4, 11)
(4, 10)
(4, 9)
(4, 8)
(4, 7)
(4, 6)
(4, 5)
(4, 4)
(4, 3)
(3, 3)
kaikki ok
Reitin pituus: 14
(3, 5)
(4, 5)
(4, 4)
(4, 3)
(5, 3)
(6, 3)
(6, 4)
(6, 5)
(7, 5)
(8, 5)
(8, 6)
(8, 7)
(9, 7)
(10, 7)
(10, 6)
kaikki ok
Reitin pituus: 18
(1, 17)
(2, 17)
(3, 17)
(4, 17)
(4, 16)
(4, 15)
(4, 14)
(4, 13)
(4, 12)
(4, 11)
(4, 10)
(4, 9)
(4, 8)
(4, 7)
(4, 6)
(4, 5)
(3, 5)
(2, 5)
(1, 5)
kaikki ok
Reitin pituus: 8
(14, 15)
(13, 15)
(12, 15)
(11, 15)
(10, 15)
(9, 15)
(8, 15)
(8, 14)
(8, 13)
kaikki ok
Reitin pituus: 3
(14, 12)
(14, 13)
(15, 13)
(16, 13)
kaikki ok
Reitin pituus: 9
(13, 3)
(12, 3)
(11, 3)
(10, 3)
(9, 3)
(8, 3)
(7, 3)
(6, 3)
(6, 4)
(6, 5)
kaikki ok
Reitin pituus: 10
(4, 6)
(4, 7)
(4, 8)
(4, 9)
(5, 9)
(6, 9)
(6, 8)
(6, 7)
(7, 7)
(8, 7)
(9, 7)
kaikki ok
Reitin pituus: 21
(3, 17)
(4, 17)
(4, 16)
(4, 15)
(4, 14)
(4, 13)
(4, 12)
(4, 11)
(4, 10)
(4, 9)
(4, 8)
(4, 7)
(4, 6)
(4, 5)
(4, 4)
(4, 3)
(5, 3)
(6, 3)
(7, 3)
(8, 3)
(9, 3)
(10, 3)
kaikki ok
Reitin pituus: 8
(5, 9)
(4, 9)
(4, 8)
(4, 7)
(4, 6)
(4, 5)
(4, 4)
(4, 3)
(3, 3)
kaikki ok
Reitin pituus: 19
(11, 17)
(12, 17)
(12, 16)
(12, 15)
(13, 15)
(14, 15)
(14, 14)
(14, 13)
(14, 12)
(14, 11)
(14, 10)
(14, 9)
(13, 9)
(12, 9)
(12, 8)
(12, 7)
(11, 7)
(10, 7)
(10, 6)
(10, 5)
kaikki ok
Reitin pituus: 15
(11, 7)
(12, 7)
(12, 8)
(12, 9)
(13, 9)
(14, 9)
(14, 10)
(14, 11)
(14, 12)
(14, 13)
(14, 14)
(14, 15)
(14, 16)
(14, 17)
(15, 17)
(16, 17)
kaikki ok
Reitin pituus: 19
(17, 14)
(17, 13)
(16, 13)
(15, 13)
(14, 13)
(14, 12)
(14, 11)
(14, 10)
(14, 9)
(14, 8)
(14, 7)
(14, 6)
(14, 5)
(14, 4)
(14, 3)
(14, 2)
(14, 1)
(13, 1)
(12, 1)
(11, 1)
kaikki ok
Reitin pituus: 8
(3, 13)
(4, 13)
(4, 14)
(4, 15)
(4, 16)
(4, 17)
(3, 17)
(2, 17)
(1, 17)
kaikki ok
Reitin pituus: 21
(12, 19)
(11, 19)
(10, 19)
(9, 19)
(8, 19)
(8, 18)
(8, 17)
(7, 17)
(6, 17)
(6, 16)
(6, 15)
(5, 15)
(4, 15)
(4, 14)
(4, 13)
(4, 12)
(4, 11)
(4, 10)
(4, 9)
(4, 8)
(4, 7)
(4, 6)
kaikki ok
Reitin pituus: 17
(5, 1)
(4, 1)
(4, 2)
(4, 3)
(4, 4)
(4, 5)
(4, 6)
(4, 7)
(4, 8)
(4, 9)
(4, 10)
(4, 11)
(4, 12)
(4, 13)
(4, 14)
(4, 15)
(5, 15)
(6, 15)
kaikki ok
Reitin pituus: 5
(7, 3)
(8, 3)
(9, 3)
(10, 3)
(10, 2)
(10, 1)
kaikki ok
Reitin pituus: 16
(5, 19)
(6, 19)
(7, 19)
(8, 19)
(9, 19)
(10, 19)
(10, 18)
(10, 17)
(11, 17)
(12, 17)
(12, 16)
(12, 15)
(13, 15)
(14, 15)
(14, 14)
(14, 13)
(14, 12)
kaikki ok
Reitin pituus: 18
(9, 9)
(9, 8)
(9, 7)
(10, 7)
(11, 7)
(12, 7)
(12, 8)
(12, 9)
(12, 10)
(12, 11)
(12, 12)
(12, 13)
(11, 13)
(10, 13)
(10, 14)
(10, 15)
(11, 15)
(12, 15)
(12, 16)
kaikki ok
Reitin pituus: 11
(8, 17)
(7, 17)
(6, 17)
(6, 16)
(6, 15)
(5, 15)
(4, 15)
(4, 14)
(4, 13)
(4, 12)
(4, 11)
(4, 10)
kaikki ok
Reitin pituus: 12
(10, 7)
(11, 7)
(12, 7)
(12, 8)
(12, 9)
(13, 9)
(14, 9)
(14, 10)
(14, 11)
(14, 12)
(14, 13)
(14, 14)
(14, 15)
kaikki ok
Reitin pituus: 10
(11, 5)
(12, 5)
(12, 4)
(12, 3)
(11, 3)
(10, 3)
(9, 3)
(8, 3)
(7, 3)
(6, 3)
(6, 4)
kaikki ok
Reitin pituus: 25
(17, 1)
(17, 2)
(17, 3)
(17, 4)
(17, 5)
(16, 5)
(15, 5)
(14, 5)
(14, 6)
(14, 7)
(14, 8)
(14, 9)
(14, 10)
(14, 11)
(14, 12)
(14, 13)
(14, 14)
(14, 15)
(14, 16)
(14, 17)
(15, 17)
(16, 17)
(17, 17)
(17, 18)
(17, 19)
(16, 19)
kaikki ok
Reitin pituus: 5
(14, 2)
(14, 1)
(13, 1)
(12, 1)
(11, 1)
(10, 1)
kaikki ok
Reitin pituus: 23
(4, 15)
(4, 14)
(4, 13)
(5, 13)
(6, 13)
(6, 12)
(6, 11)
(7, 11)
(8, 11)
(9, 11)
(10, 11)
(11, 11)
(12, 11)
(12, 10)
(12, 9)
(13, 9)
(14, 9)
(14, 8)
(14, 7)
(14, 6)
(14, 5)
(15, 5)
(16, 5)
(17, 5)
kaikki ok
Reitin pituus: 16
(15, 1)
(14, 1)
(13, 1)
(12, 1)
(11, 1)
(10, 1)
(10, 2)
(10, 3)
(9, 3)
(8, 3)
(7, 3)
(6, 3)
(5, 3)
(4, 3)
(4, 4)
(4, 5)
(3, 5)
kaikki ok
Reitin pituus: 15
(16, 1)
(15, 1)
(14, 1)
(14, 2)
(14, 3)
(14, 4)
(14, 5)
(14, 6)
(14, 7)
(14, 8)
(14, 9)
(14, 10)
(14, 11)
(14, 12)
(14, 13)
(15, 13)
kaikki ok
Reitin pituus: 19
(6, 13)
(6, 12)
(6, 11)
(6, 10)
(6, 9)
(6, 8)
(6, 7)
(7, 7)
(8, 7)
(8, 6)
(8, 5)
(7, 5)
(6, 5)
(6, 4)
(6, 3)
(7, 3)
(8, 3)
(9, 3)
(10, 3)
(10, 2)
kaikki ok
Reitin pituus: 5
(6, 16)
(6, 15)
(7, 15)
(8, 15)
(8, 14)
(8, 13)
kaikki ok
Reitin pituus: 14
(13, 1)
(14, 1)
(14, 2)
(14, 3)
(14, 4)
(14, 5)
(14, 6)
(14, 7)
(14, 8)
(14, 9)
(13, 9)
(12, 9)
(12, 10)
(12, 11)
(11, 11)
kaikki ok
Reitin pituus: 6
(17, 19)
(17, 18)
(17, 17)
(16, 17)
(15, 17)
(14, 17)
(14, 16)
kaikki ok
Reitin pituus: 14
(6, 13)
(6, 12)
(6, 11)
(7, 11)
(8, 11)
(9, 11)
(10, 11)
(11, 11)
(12, 11)
(12, 10)
(12, 9)
(13, 9)
(14, 9)
(14, 10)
(14, 11)
kaikki ok
Reitin pituus: 13
(10, 18)
(10, 19)
(9, 19)
(8, 19)
(7, 19)
(6, 19)
(5, 19)
(4, 19)
(3, 19)
(2, 19)
(1, 19)
(1, 18)
(1, 17)
(2, 17)
kaikki ok
Reitin pituus: 15
(2, 3)
(3, 3)
(4, 3)
(4, 4)
(4, 5)
(4, 6)
(4, 7)
(4, 8)
(4, 9)
(5, 9)
(6, 9)
(6, 10)
(6, 11)
(6, 12)
(6, 13)
(7, 13)
kaikki ok
Reitin pituus: 24
(11, 19)
(10, 19)
(10, 18)
(10, 17)
(11, 17)
(12, 17)
(12, 16)
(12, 15)
(13, 15)
(14, 15)
(14, 14)
(14, 13)
(14, 12)
(14, 11)
(14, 10)
(14, 9)
(14, 8)
(14, 7)
(14, 6)
(14, 5)
(14, 4)
(14, 3)
(14, 2)
(14, 1)
(13, 1)
kaikki ok
Reitin pituus: 6
(4, 12)
(4, 13)
(3, 13)
(2, 13)
(1, 13)
(1, 14)
(1, 15)
kaikki ok
Reitin pituus: 25
(15, 13)
(14, 13)
(14, 12)
(14, 11)
(14, 10)
(14, 9)
(14, 8)
(14, 7)
(14, 6)
(14, 5)
(14, 4)
(14, 3)
(13, 3)
(12, 3)
(11, 3)
(10, 3)
(9, 3)
(8, 3)
(7, 3)
(6, 3)
(5, 3)
(4, 3)
(3, 3)
(2, 3)
(1, 3)
(1, 2)
kaikki ok
Reitin pituus: 27
(2, 17)
(3, 17)
(4, 17)
(4, 16)
(4, 15)
(4, 14)
(4, 13)
(4, 12)
(4, 11)
(4, 10)
(4, 9)
(5, 9)
(6, 9)
(6, 8)
(6, 7)
(7, 7)
(8, 7)
(9, 7)
(10, 7)
(10, 6)
(10, 5)
(11, 5)
(12, 5)
(12, 4)
(12, 3)
(13, 3)
(14, 3)
(15, 3)
kaikki ok
Reitin pituus: 8
(10, 3)
(9, 3)
(8, 3)
(7, 3)
(6, 3)
(6, 4)
(6, 5)
(7, 5)
(8, 5)
kaikki ok
Reitin pituus: 6
(4, 8)
(4, 9)
(4, 10)
(4, 11)
(4, 12)
(4, 13)
(5, 13)
kaikki ok
Reitin pituus: 3
(12, 10)
(12, 11)
(12, 12)
(12, 13)
kaikki ok
Reitin pituus: 18
(16, 5)
(15, 5)
(14, 5)
(14, 6)
(14, 7)
(14, 8)
(14, 9)
(13, 9)
(12, 9)
(12, 10)
(12, 11)
(11, 11)
(10, 11)
(9, 11)
(8, 11)
(7, 11)
(6, 11)
(6, 10)
(6, 9)
kaikki ok
Reitin pituus: 10
(7, 11)
(6, 11)
(6, 12)
(6, 13)
(5, 13)
(4, 13)
(4, 14)
(4, 15)
(4, 16)
(4, 17)
(3, 17)
kaikki ok
Reitin pituus: 20
(6, 8)
(6, 9)
(5, 9)
(4, 9)
(4, 10)
(4, 11)
(4, 12)
(4, 13)
(4, 14)
(4, 15)
(5, 15)
(6, 15)
(6, 16)
(6, 17)
(7, 17)
(8, 17)
(8, 18)
(8, 19)
(7, 19)
(6, 19)
(5, 19)
kaikki ok
Reitin pituus: 22
(8, 3)
(9, 3)
(10, 3)
(11, 3)
(12, 3)
(13, 3)
(14, 3)
(14, 4)
(14, 5)
(14, 6)
(14, 7)
(14, 8)
(14, 9)
(14, 10)
(14, 11)
(14, 12)
(14, 13)
(14, 14)
(14, 15)
(13, 15)
(12, 15)
(12, 16)
(12, 17)
kaikki ok
Reitin pituus: 9
(10, 6)
(10, 5)
(11, 5)
(12, 5)
(12, 4)
(12, 3)
(13, 3)
(14, 3)
(15, 3)
(16, 3)
kaikki ok
Reitin pituus: 21
(17, 13)
(16, 13)
(15, 13)
(14, 13)
(14, 14)
(14, 15)
(13, 15)
(12, 15)
(12, 16)
(12, 17)
(11, 17)
(10, 17)
(10, 18)
(10, 19)
(9, 19)
(8, 19)
(7, 19)
(6, 19)
(5, 19)
(4, 19)
(3, 19)
(2, 19)
kaikki ok
Reitin pituus: 13
(1, 14)
(1, 13)
(2, 13)
(3, 13)
(4, 13)
(4, 12)
(4, 11)
(4, 10)
(4, 9)
(4, 8)
(4, 7)
(4, 6)
(4, 5)
(3, 5)
kaikki ok
Reitin pituus: 17
(11, 15)
(12, 15)
(13, 15)
(14, 15)
(14, 14)
(14, 13)
(14, 12)
(14, 11)
(14, 10)
(14, 9)
(14, 8)
(14, 7)
(14, 6)
(14, 5)
(14, 4)
(14, 3)
(13, 3)
(12, 3)
kaikki ok
Reitin pituus: 3
(10, 3)
(11, 3)
(12, 3)
(13, 3)
kaikki ok
Reitin pituus: 2
(13, 1)
(12, 1)
(11, 1)
kaikki ok
Reitin pituus: 24
(17, 5)
(16, 5)
(15, 5)
(14, 5)
(14, 6)
(14, 7)
(14, 8)
(14, 9)
(14, 10)
(14, 11)
(14, 12)
(14, 13)
(14, 14)
(14, 15)
(13, 15)
(12, 15)
(12, 16)
(12, 17)
(11, 17)
(10, 17)
(10, 18)
(10, 19)
(9, 19)
(8, 19)
(7, 19)
kaikki ok
Reitin pituus: 21
(4, 7)
(4, 8)
(4, 9)
(5, 9)
(6, 9)
(6, 10)
(6, 11)
(7, 11)
(8, 11)
(9, 11)
(10, 11)
(11, 11)
(12, 11)
(12, 12)
(12, 13)
(13, 13)
(14, 13)
(15, 13)
(16, 13)
(17, 13)
(17, 14)
(17, 15)
kaikki ok
Reitin pituus: 9
(2, 17)
(3, 17)
(4, 17)
(4, 16)
(4, 15)
(5, 15)
(6, 15)
(7, 15)
(8, 15)
(8, 14)
kaikki ok
Reitin pituus: 3
(14, 5)
(14, 6)
(14, 7)
(14, 8)
kaikki ok
Reitin pituus: 6
(10, 2)
(10, 3)
(9, 3)
(8, 3)
(7, 3)
(6, 3)
(5, 3)
kaikki ok
Reitin pituus: 12
(7, 7)
(8, 7)
(8, 6)
(8, 5)
(7, 5)
(6, 5)
(6, 4)
(6, 3)
(7, 3)
(8, 3)
(9, 3)
(10, 3)
(10, 2)
kaikki ok
Reitin pituus: 12
(6, 11)
(6, 10)
(6, 9)
(6, 8)
(6, 7)
(7, 7)
(8, 7)
(9, 7)
(10, 7)
(10, 6)
(10, 5)
(11, 5)
(12, 5)
kaikki ok
Reitin pituus: 10
(5, 15)
(6, 15)
(6, 16)
(6, 17)
(7, 17)
(8, 17)
(8, 18)
(8, 19)
(9, 19)
(10, 19)
(11, 19)
kaikki ok
Reitin pituus: 14
(7, 15)
(6, 15)
(5, 15)
(4, 15)
(4, 14)
(4, 13)
(4, 12)
(4, 11)
(4, 10)
(4, 9)
(4, 8)
(4, 7)
(4, 6)
(4, 5)
(3, 5)
kaikki ok
Reitin pituus: 27
(11, 19)
(10, 19)
(9, 19)
(8, 19)
(8, 18)
(8, 17)
(7, 17)
(6, 17)
(6, 16)
(6, 15)
(5, 15)
(4, 15)
(4, 14)
(4, 13)
(4, 12)
(4, 11)
(4, 10)
(4, 9)
(4, 8)
(4, 7)
(4, 6)
(4, 5)
(4, 4)
(4, 3)
(5, 3)
(6, 3)
(6, 4)
(6, 5)
kaikki ok
Reitin pituus: 21
(14, 16)
(14, 15)
(14, 14)
(14, 13)
(14, 12)
(14, 11)
(14, 10)
(14, 9)
(14, 8)
(14, 7)
(14, 6)
(14, 5)
(14, 4)
(14, 3)
(13, 3)
(12, 3)
(11, 3)
(10, 3)
(9, 3)
(8, 3)
(8, 2)
(8, 1)
kaikki ok
Reitin pituus: 16
(10, 19)
(10, 18)
(10, 17)
(11, 17)
(12, 17)
(12, 16)
(12, 15)
(13, 15)
(14, 15)
(14, 14)
(14, 13)
(14, 12)
(14, 11)
(14, 10)
(14, 9)
(13, 9)
(12, 9)
kaikki ok
Reitin pituus: 11
(2, 15)
(1, 15)
(1, 14)
(1, 13)
(2, 13)
(3, 13)
(4, 13)
(4, 12)
(4, 11)
(4, 10)
(4, 9)
(5, 9)
kaikki ok
Reitin pituus: 10
(11, 3)
(12, 3)
(12, 4)
(12, 5)
(11, 5)
(10, 5)
(10, 6)
(10, 7)
(9, 7)
(9, 8)
(9, 9)
kaikki ok
Reitin pituus: 19
(5, 1)
(4, 1)
(4, 2)
(4, 3)
(5, 3)
(6, 3)
(6, 4)
(6, 5)
(7, 5)
(8, 5)
(8, 6)
(8, 7)
(9, 7)
(10, 7)
(11, 7)
(12, 7)
(12, 8)
(12, 9)
(12, 10)
(12, 11)
kaikki ok
Reitin pituus: 16
(4, 4)
(4, 3)
(5, 3)
(6, 3)
(7, 3)
(8, 3)
(9, 3)
(10, 3)
(11, 3)
(12, 3)
(13, 3)
(14, 3)
(15, 3)
(16, 3)
(17, 3)
(17, 4)
(17, 5)
kaikki ok
Reitin pituus: 19
(17, 2)
(17, 3)
(16, 3)
(15, 3)
(14, 3)
(13, 3)
(12, 3)
(12, 4)
(12, 5)
(11, 5)
(10, 5)
(10, 6)
(10, 7)
(9, 7)
(8, 7)
(7, 7)
(6, 7)
(6, 8)
(6, 9)
(5, 9)
kaikki ok
Reitin pituus: 6
(14, 2)
(14, 3)
(13, 3)
(12, 3)
(11, 3)
(10, 3)
(10, 2)
kaikki ok
Reitin pituus: 8
(4, 8)
(4, 9)
(4, 10)
(4, 11)
(4, 12)
(4, 13)
(3, 13)
(2, 13)
(1, 13)
kaikki ok
Reitin pituus: 17
(4, 1)
(4, 2)
(4, 3)
(4, 4)
(4, 5)
(4, 6)
(4, 7)
(4, 8)
(4, 9)
(5, 9)
(6, 9)
(6, 10)
(6, 11)
(7, 11)
(8, 11)
(9, 11)
(10, 11)
(11, 11)
kaikki ok
Reitin pituus: 11
(14, 2)
(14, 3)
(14, 4)
(14, 5)
(14, 6)
(14, 7)
(14, 8)
(14, 9)
(14, 10)
(14, 11)
(14, 12)
(14, 13)
kaikki ok
Reitin pituus: 11
(17, 13)
(16, 13)
(15, 13)
(14, 13)
(14, 12)
(14, 11)
(14, 10)
(14, 9)
(14, 8)
(14, 7)
(14, 6)
(14, 5)
kaikki ok
Reitin pituus: 20
(6, 1)
(7, 1)
(8, 1)
(8, 2)
(8, 3)
(9, 3)
(10, 3)
(11, 3)
(12, 3)
(13, 3)
(14, 3)
(14, 4)
(14, 5)
(14, 6)
(14, 7)
(14, 8)
(14, 9)
(14, 10)
(14, 11)
(14, 12)
(14, 13)
kaikki ok
Reitin pituus: 11
(6, 17)
(6, 16)
(6, 15)
(5, 15)
(4, 15)
(4, 14)
(4, 13)
(4, 12)
(4, 11)
(4, 10)
(4, 9)
(4, 8)
kaikki ok
Reitin pituus: 16
(5, 9)
(6, 9)
(6, 8)
(6, 7)
(7, 7)
(8, 7)
(9, 7)
(10, 7)
(10, 6)
(10, 5)
(11, 5)
(12, 5)
(12, 4)
(12, 3)
(13, 3)
(14, 3)
(14, 2)
kaikki ok
Reitin pituus: 13
(6, 3)
(7, 3)
(8, 3)
(9, 3)
(10, 3)
(11, 3)
(12, 3)
(13, 3)
(14, 3)
(14, 4)
(14, 5)
(14, 6)
(14, 7)
(14, 8)
kaikki ok
Reitin pituus: 18
(15, 5)
(14, 5)
(14, 6)
(14, 7)
(14, 8)
(14, 9)
(14, 10)
(14, 11)
(14, 12)
(14, 13)
(14, 14)
(14, 15)
(13, 15)
(12, 15)
(12, 16)
(12, 17)
(11, 17)
(10, 17)
(10, 18)
kaikki ok
Reitin pituus: 15
(16, 17)
(15, 17)
(14, 17)
(14, 16)
(14, 15)
(13, 15)
(12, 15)
(11, 15)
(10, 15)
(9, 15)
(8, 15)
(7, 15)
(6, 15)
(5, 15)
(4, 15)
(4, 16)
kaikki ok
Reitin pituus: 19
(14, 5)
(14, 6)
(14, 7)
(14, 8)
(14, 9)
(13, 9)
(12, 9)
(12, 10)
(12, 11)
(11, 11)
(10, 11)
(9, 11)
(8, 11)
(7, 11)
(6, 11)
(6, 12)
(6, 13)
(5, 13)
(4, 13)
(3, 13)
kaikki ok
Reitin pituus: 11
(10, 5)
(10, 6)
(10, 7)
(9, 7)
(8, 7)
(8, 6)
(8, 5)
(7, 5)
(6, 5)
(6, 4)
(6, 3)
(5, 3)
kaikki ok
Reitin pituus: 14
(8, 14)
(8, 13)
(7, 13)
(6, 13)
(6, 12)
(6, 11)
(6, 10)
(6, 9)
(6, 8)
(6, 7)
(7, 7)
(8, 7)
(8, 6)
(8, 5)
(7, 5)
kaikki ok
Reitin pituus: 16
(6, 1)
(5, 1)
(4, 1)
(4, 2)
(4, 3)
(4, 4)
(4, 5)
(4, 6)
(4, 7)
(4, 8)
(4, 9)
(5, 9)
(6, 9)
(6, 10)
(6, 11)
(7, 11)
(8, 11)
kaikki ok
Reitin pituus: 14
(17, 5)
(16, 5)
(15, 5)
(14, 5)
(14, 6)
(14, 7)
(14, 8)
(14, 9)
(14, 10)
(14, 11)
(14, 12)
(14, 13)
(13, 13)
(12, 13)
(11, 13)
kaikki ok
Reitin pituus: 15
(3, 13)
(4, 13)
(4, 12)
(4, 11)
(4, 10)
(4, 9)
(4, 8)
(4, 7)
(4, 6)
(4, 5)
(4, 4)
(4, 3)
(5, 3)
(6, 3)
(7, 3)
(8, 3)
kaikki ok
Reitin pituus: 6
(14, 15)
(13, 15)
(12, 15)
(12, 16)
(12, 17)
(11, 17)
(10, 17)
kaikki ok
Reitin pituus: 7
(12, 7)
(12, 8)
(12, 9)
(12, 10)
(12, 11)
(12, 12)
(12, 13)
(13, 13)
kaikki ok
Reitin pituus: 15
(7, 15)
(8, 15)
(9, 15)
(10, 15)
(11, 15)
(12, 15)
(13, 15)
(14, 15)
(14, 14)
(14, 13)
(14, 12)
(14, 11)
(14, 10)
(14, 9)
(14, 8)
(14, 7)
kaikki ok
Reitin pituus: 23
(16, 19)
(17, 19)
(17, 18)
(17, 17)
(16, 17)
(15, 17)
(14, 17)
(14, 16)
(14, 15)
(14, 14)
(14, 13)
(14, 12)
(14, 11)
(14, 10)
(14, 9)
(14, 8)
(14, 7)
(14, 6)
(14, 5)
(14, 4)
(14, 3)
(13, 3)
(12, 3)
(11, 3)
kaikki ok
Reitin pituus: 17
(7, 17)
(6, 17)
(6, 16)
(6, 15)
(5, 15)
(4, 15)
(4, 14)
(4, 13)
(4, 12)
(4, 11)
(4, 10)
(4, 9)
(4, 8)
(4, 7)
(4, 6)
(4, 5)
(4, 4)
(4, 3)
kaikki ok
Reitin pituus: 1
(4, 13)
(3, 13)
kaikki ok
Reitin pituus: 10
(11, 7)
(12, 7)
(12, 8)
(12, 9)
(12, 10)
(12, 11)
(12, 12)
(12, 13)
(11, 13)
(10, 13)
(10, 14)
kaikki ok
Reitin pituus: 18
(15, 3)
(14, 3)
(14, 4)
(14, 5)
(14, 6)
(14, 7)
(14, 8)
(14, 9)
(14, 10)
(14, 11)
(14, 12)
(14, 13)
(14, 14)
(14, 15)
(14, 16)
(14, 17)
(15, 17)
(16, 17)
(17, 17)
kaikki ok
Reitin pituus: 21
(12, 15)
(11, 15)
(10, 15)
(9, 15)
(8, 15)
(8, 14)
(8, 13)
(7, 13)
(6, 13)
(6, 12)
(6, 11)
(6, 10)
(6, 9)
(6, 8)
(6, 7)
(7, 7)
(8, 7)
(8, 6)
(8, 5)
(7, 5)
(6, 5)
(6, 4)
kaikki ok
Reitin pituus: 14
(4, 8)
(4, 9)
(5, 9)
(6, 9)
(6, 10)
(6, 11)
(7, 11)
(8, 11)
(9, 11)
(10, 11)
(11, 11)
(12, 11)
(12, 10)
(12, 9)
(13, 9)
kaikki ok
Reitin pituus: 19
(2, 5)
(3, 5)
(4, 5)
(4, 6)
(4, 7)
(4, 8)
(4, 9)
(4, 10)
(4, 11)
(4, 12)
(4, 13)
(4, 14)
(4, 15)
(5, 15)
(6, 15)
(6, 16)
(6, 17)
(7, 17)
(8, 17)
(8, 18)
kaikki ok
Reitin pituus: 16
(11, 3)
(12, 3)
(12, 4)
(12, 5)
(11, 5)
(10, 5)
(10, 6)
(10, 7)
(9, 7)
(8, 7)
(7, 7)
(6, 7)
(6, 8)
(6, 9)
(6, 10)
(6, 11)
(7, 11)
kaikki ok
Reitin pituus: 13
(12, 13)
(12, 12)
(12, 11)
(11, 11)
(10, 11)
(9, 11)
(8, 11)
(7, 11)
(6, 11)
(6, 12)
(6, 13)
(5, 13)
(4, 13)
(3, 13)
kaikki ok
Reitin pituus: 15
(11, 19)
(10, 19)
(10, 18)
(10, 17)
(11, 17)
(12, 17)
(12, 16)
(12, 15)
(13, 15)
(14, 15)
(14, 14)
(14, 13)
(14, 12)
(14, 11)
(14, 10)
(14, 9)
kaikki ok
Reitin pituus: 16
(5, 1)
(4, 1)
(4, 2)
(4, 3)
(4, 4)
(4, 5)
(4, 6)
(4, 7)
(4, 8)
(4, 9)
(4, 10)
(4, 11)
(4, 12)
(4, 13)
(4, 14)
(4, 15)
(5, 15)
kaikki ok
Reitin pituus: 9
(6, 3)
(7, 3)
(8, 3)
(9, 3)
(10, 3)
(11, 3)
(12, 3)
(13, 3)
(14, 3)
(14, 4)
kaikki ok
Reitin pituus: 19
(7, 1)
(6, 1)
(5, 1)
(4, 1)
(4, 2)
(4, 3)
(4, 4)
(4, 5)
(4, 6)
(4, 7)
(4, 8)
(4, 9)
(4, 10)
(4, 11)
(4, 12)
(4, 13)
(3, 13)
(2, 13)
(1, 13)
(1, 14)
kaikki ok
Reitin pituus: 19
(5, 3)
(6, 3)
(6, 4)
(6, 5)
(7, 5)
(8, 5)
(8, 6)
(8, 7)
(9, 7)
(10, 7)
(11, 7)
(12, 7)
(12, 8)
(12, 9)
(12, 10)
(12, 11)
(12, 12)
(12, 13)
(11, 13)
(10, 13)
kaikki ok
Reitin pituus: 22
(9, 8)
(9, 7)
(10, 7)
(11, 7)
(12, 7)
(12, 8)
(12, 9)
(13, 9)
(14, 9)
(14, 10)
(14, 11)
(14, 12)
(14, 13)
(14, 14)
(14, 15)
(14, 16)
(14, 17)
(15, 17)
(16, 17)
(17, 17)
(17, 18)
(17, 19)
(16, 19)
kaikki ok
Reitin pituus: 21
(2, 1)
(3, 1)
(4, 1)
(4, 2)
(4, 3)
(4, 4)
(4, 5)
(4, 6)
(4, 7)
(4, 8)
(4, 9)
(4, 10)
(4, 11)
(4, 12)
(4, 13)
(4, 14)
(4, 15)
(4, 16)
(4, 17)
(3, 17)
(2, 17)
(2, 16)
kaikki ok
Reitin pituus: 15
(4, 12)
(4, 13)
(4, 14)
(4, 15)
(5, 15)
(6, 15)
(6, 16)
(6, 17)
(7, 17)
(8, 17)
(8, 18)
(8, 19)
(9, 19)
(10, 19)
(10, 18)
(10, 17)
kaikki ok
Reitin pituus: 11
(12, 13)
(11, 13)
(10, 13)
(10, 14)
(10, 15)
(11, 15)
(12, 15)
(12, 16)
(12, 17)
(11, 17)
(10, 17)
(10, 18)
kaikki ok
Reitin pituus: 21
(16, 15)
(17, 15)
(17, 14)
(17, 13)
(16, 13)
(15, 13)
(14, 13)
(14, 12)
(14, 11)
(14, 10)
(14, 9)
(14, 8)
(14, 7)
(14, 6)
(14, 5)
(14, 4)
(14, 3)
(15, 3)
(16, 3)
(17, 3)
(17, 2)
(17, 1)
kaikki ok
Reitin pituus: 10
(8, 6)
(8, 7)
(7, 7)
(6, 7)
(6, 8)
(6, 9)
(6, 10)
(6, 11)
(6, 12)
(6, 13)
(5, 13)
kaikki ok
Reitin pituus: 15
(4, 3)
(5, 3)
(6, 3)
(7, 3)
(8, 3)
(9, 3)
(10, 3)
(11, 3)
(12, 3)
(13, 3)
(14, 3)
(14, 4)
(14, 5)
(15, 5)
(16, 5)
(17, 5)
kaikki ok
Reitin pituus: 22
(17, 3)
(16, 3)
(15, 3)
(14, 3)
(14, 4)
(14, 5)
(14, 6)
(14, 7)
(14, 8)
(14, 9)
(14, 10)
(14, 11)
(14, 12)
(14, 13)
(13, 13)
(12, 13)
(11, 13)
(10, 13)
(10, 14)
(10, 15)
(9, 15)
(8, 15)
(7, 15)
kaikki ok
Reitin pituus: 7
(8, 5)
(7, 5)
(6, 5)
(6, 4)
(6, 3)
(5, 3)
(4, 3)
(3, 3)
kaikki ok
Reitin pituus: 15
(13, 1)
(14, 1)
(14, 2)
(14, 3)
(14, 4)
(14, 5)
(14, 6)
(14, 7)
(14, 8)
(14, 9)
(14, 10)
(14, 11)
(14, 12)
(14, 13)
(14, 14)
(14, 15)
kaikki ok
Reitin pituus: 19
(5, 13)
(4, 13)
(4, 12)
(4, 11)
(4, 10)
(4, 9)
(4, 8)
(4, 7)
(4, 6)
(4, 5)
(4, 4)
(4, 3)
(5, 3)
(6, 3)
(7, 3)
(8, 3)
(9, 3)
(10, 3)
(10, 2)
(10, 1)
kaikki ok
Reitin pituus: 9
(1, 18)
(1, 17)
(2, 17)
(3, 17)
(4, 17)
(4, 16)
(4, 15)
(5, 15)
(6, 15)
(6, 16)
kaikki ok
Reitin pituus: 10
(14, 7)
(14, 8)
(14, 9)
(13, 9)
(12, 9)
(12, 8)
(12, 7)
(11, 7)
(10, 7)
(10, 6)
(10, 5)
kaikki ok
Reitin pituus: 20
(1, 13)
(2, 13)
(3, 13)
(4, 13)
(5, 13)
(6, 13)
(7, 13)
(8, 13)
(8, 14)
(8, 15)
(9, 15)
(10, 15)
(11, 15)
(12, 15)
(13, 15)
(14, 15)
(14, 16)
(14, 17)
(15, 17)
(16, 17)
(17, 17)
kaikki ok
Reitin pituus: 10
(2, 16)
(2, 17)
(3, 17)
(4, 17)
(4, 16)
(4, 15)
(5, 15)
(6, 15)
(7, 15)
(8, 15)
(9, 15)
kaikki ok
Reitin pituus: 11
(10, 9)
(9, 9)
(9, 8)
(9, 7)
(8, 7)
(7, 7)
(6, 7)
(6, 8)
(6, 9)
(5, 9)
(4, 9)
(4, 10)
kaikki ok
Reitin pituus: 19
(2, 13)
(3, 13)
(4, 13)
(4, 14)
(4, 15)
(5, 15)
(6, 15)
(7, 15)
(8, 15)
(9, 15)
(10, 15)
(11, 15)
(12, 15)
(13, 15)
(14, 15)
(14, 14)
(14, 13)
(15, 13)
(16, 13)
(17, 13)
kaikki ok
Reitin pituus: 18
(7, 1)
(6, 1)
(5, 1)
(4, 1)
(4, 2)
(4, 3)
(4, 4)
(4, 5)
(4, 6)
(4, 7)
(4, 8)
(4, 9)
(5, 9)
(6, 9)
(6, 10)
(6, 11)
(7, 11)
(8, 11)
(9, 11)
kaikki ok
Reitin pituus: 6
(12, 1)
(13, 1)
(14, 1)
(14, 2)
(14, 3)
(15, 3)
(16, 3)
kaikki ok
Reitin pituus: 4
(8, 15)
(8, 14)
(8, 13)
(7, 13)
(6, 13)
kaikki ok
Reitin pituus: 23
(10, 2)
(10, 3)
(11, 3)
(12, 3)
(12, 4)
(12, 5)
(11, 5)
(10, 5)
(10, 6)
(10, 7)
(11, 7)
(12, 7)
(12, 8)
(12, 9)
(12, 10)
(12, 11)
(12, 12)
(12, 13)
(11, 13)
(10, 13)
(10, 14)
(10, 15)
(9, 15)
(8, 15)
kaikki ok
Reitin pituus: 22
(1, 13)
(2, 13)
(3, 13)
(4, 13)
(5, 13)
(6, 13)
(6, 12)
(6, 11)
(7, 11)
(8, 11)
(9, 11)
(10, 11)
(11, 11)
(12, 11)
(12, 10)
(12, 9)
(13, 9)
(14, 9)
(14, 8)
(14, 7)
(14, 6)
(14, 5)
(15, 5)
kaikki ok
Reitin pituus: 24
(5, 1)
(4, 1)
(4, 2)
(4, 3)
(4, 4)
(4, 5)
(4, 6)
(4, 7)
(4, 8)
(4, 9)
(4, 10)
(4, 11)
(4, 12)
(4, 13)
(4, 14)
(4, 15)
(4, 16)
(4, 17)
(3, 17)
(2, 17)
(1, 17)
(1, 18)
(1, 19)
(2, 19)
(3, 19)
kaikki ok
Reitin pituus: 10
(8, 6)
(8, 7)
(7, 7)
(6, 7)
(6, 8)
(6, 9)
(6, 10)
(6, 11)
(6, 12)
(6, 13)
(7, 13)
kaikki ok
Reitin pituus: 9
(13, 13)
(12, 13)
(12, 12)
(12, 11)
(11, 11)
(10, 11)
(9, 11)
(8, 11)
(7, 11)
(6, 11)
kaikki ok
Reitin pituus: 12
(3, 1)
(4, 1)
(4, 2)
(4, 3)
(5, 3)
(6, 3)
(7, 3)
(8, 3)
(9, 3)
(10, 3)
(11, 3)
(12, 3)
(12, 4)
kaikki ok
Reitin pituus: 14
(13, 9)
(12, 9)
(12, 10)
(12, 11)
(11, 11)
(10, 11)
(9, 11)
(8, 11)
(7, 11)
(6, 11)
(6, 12)
(6, 13)
(5, 13)
(4, 13)
(4, 14)
kaikki ok
Reitin pituus: 10
(14, 9)
(14, 8)
(14, 7)
(14, 6)
(14, 5)
(14, 4)
(14, 3)
(14, 2)
(14, 1)
(15, 1)
(16, 1)
kaikki ok
Reitin pituus: 17
(2, 13)
(3, 13)
(4, 13)
(5, 13)
(6, 13)
(6, 12)
(6, 11)
(7, 11)
(8, 11)
(9, 11)
(10, 11)
(11, 11)
(12, 11)
(12, 10)
(12, 9)
(13, 9)
(14, 9)
(14, 8)
kaikki ok
Reitin pituus: 12
(13, 15)
(12, 15)
(11, 15)
(10, 15)
(9, 15)
(8, 15)
(7, 15)
(6, 15)
(5, 15)
(4, 15)
(4, 14)
(4, 13)
(4, 12)
kaikki ok
Reitin pituus: 9
(14, 10)
(14, 9)
(14, 8)
(14, 7)
(14, 6)
(14, 5)
(14, 4)
(14, 3)
(15, 3)
(16, 3)
kaikki ok
Reitin pituus: 24
(17, 13)
(16, 13)
(15, 13)
(14, 13)
(13, 13)
(12, 13)
(12, 12)
(12, 11)
(11, 11)
(10, 11)
(9, 11)
(8, 11)
(7, 11)
(6, 11)
(6, 10)
(6, 9)
(5, 9)
(4, 9)
(4, 8)
(4, 7)
(4, 6)
(4, 5)
(3, 5)
(2, 5)
(1, 5)
kaikki ok
Reitin pituus: 18
(5, 1)
(4, 1)
(4, 2)
(4, 3)
(4, 4)
(4, 5)
(4, 6)
(4, 7)
(4, 8)
(4, 9)
(5, 9)
(6, 9)
(6, 10)
(6, 11)
(6, 12)
(6, 13)
(7, 13)
(8, 13)
(8, 14)
kaikki ok
Reitin pituus: 7
(12, 16)
(12, 15)
(13, 15)
(14, 15)
(14, 16)
(14, 17)
(15, 17)
(16, 17)
kaikki ok
Reitin pituus: 9
(12, 7)
(12, 8)
(12, 9)
(13, 9)
(14, 9)
(14, 10)
(14, 11)
(14, 12)
(14, 13)
(15, 13)
kaikki ok
Reitin pituus: 21
(10, 3)
(11, 3)
(12, 3)
(12, 4)
(12, 5)
(11, 5)
(10, 5)
(10, 6)
(10, 7)
(11, 7)
(12, 7)
(12, 8)
(12, 9)
(12, 10)
(12, 11)
(12, 12)
(12, 13)
(11, 13)
(10, 13)
(10, 14)
(10, 15)
(9, 15)
kaikki ok
Reitin pituus: 7
(1, 2)
(1, 3)
(2, 3)
(3, 3)
(4, 3)
(5, 3)
(6, 3)
(6, 4)
kaikki ok
Reitin pituus: 8
(7, 1)
(8, 1)
(8, 2)
(8, 3)
(7, 3)
(6, 3)
(6, 4)
(6, 5)
(7, 5)
kaikki ok
Reitin pituus: 7
(9, 15)
(10, 15)
(11, 15)
(12, 15)
(13, 15)
(14, 15)
(14, 16)
(14, 17)
kaikki ok
Reitin pituus: 14
(7, 5)
(6, 5)
(6, 4)
(6, 3)
(7, 3)
(8, 3)
(9, 3)
(10, 3)
(11, 3)
(12, 3)
(13, 3)
(14, 3)
(14, 4)
(14, 5)
(14, 6)
kaikki ok
Reitin pituus: 12
(13, 15)
(14, 15)
(14, 14)
(14, 13)
(14, 12)
(14, 11)
(14, 10)
(14, 9)
(14, 8)
(14, 7)
(14, 6)
(14, 5)
(15, 5)
kaikki ok
Reitin pituus: 16
(16, 17)
(15, 17)
(14, 17)
(14, 16)
(14, 15)
(14, 14)
(14, 13)
(14, 12)
(14, 11)
(14, 10)
(14, 9)
(14, 8)
(14, 7)
(14, 6)
(14, 5)
(15, 5)
(16, 5)
kaikki ok
Reitin pituus: 8
(17, 13)
(16, 13)
(15, 13)
(14, 13)
(13, 13)
(12, 13)
(12, 12)
(12, 11)
(11, 11)
kaikki ok
Reitin pituus: 13
(7, 13)
(6, 13)
(6, 12)
(6, 11)
(7, 11)
(8, 11)
(9, 11)
(10, 11)
(11, 11)
(12, 11)
(12, 10)
(12, 9)
(12, 8)
(12, 7)
kaikki ok
Reitin pituus: 6
(11, 13)
(12, 13)
(13, 13)
(14, 13)
(14, 12)
(14, 11)
(14, 10)
kaikki ok
Reitin pituus: 27
(12, 5)
(11, 5)
(10, 5)
(10, 6)
(10, 7)
(9, 7)
(8, 7)
(7, 7)
(6, 7)
(6, 8)
(6, 9)
(6, 10)
(6, 11)
(6, 12)
(6, 13)
(5, 13)
(4, 13)
(4, 14)
(4, 15)
(4, 16)
(4, 17)
(3, 17)
(2, 17)
(1, 17)
(1, 18)
(1, 19)
(2, 19)
(3, 19)
kaikki ok
Reitin pituus: 21
(4, 13)
(5, 13)
(6, 13)
(6, 12)
(6, 11)
(7, 11)
(8, 11)
(9, 11)
(10, 11)
(11, 11)
(12, 11)
(12, 10)
(12, 9)
(13, 9)
(14, 9)
(14, 8)
(14, 7)
(14, 6)
(14, 5)
(15, 5)
(16, 5)
(17, 5)
kaikki ok
Reitin pituus: 16
(10, 5)
(10, 6)
(10, 7)
(11, 7)
(12, 7)
(12, 8)
(12, 9)
(12, 10)
(12, 11)
(12, 12)
(12, 13)
(11, 13)
(10, 13)
(10, 14)
(10, 15)
(11, 15)
(12, 15)
kaikki ok
Reitin pituus: 20
(3, 17)
(2, 17)
(1, 17)
(1, 18)
(1, 19)
(2, 19)
(3, 19)
(4, 19)
(5, 19)
(6, 19)
(7, 19)
(8, 19)
(9, 19)
(10, 19)
(11, 19)
(12, 19)
(13, 19)
(14, 19)
(15, 19)
(16, 19)
(17, 19)
kaikki ok
Reitin pituus: 5
(10, 5)
(10, 6)
(10, 7)
(9, 7)
(9, 8)
(9, 9)
kaikki ok
Reitin pituus: 22
(1, 13)
(2, 13)
(3, 13)
(4, 13)
(5, 13)
(6, 13)
(6, 12)
(6, 11)
(7, 11)
(8, 11)
(9, 11)
(10, 11)
(11, 11)
(12, 11)
(12, 10)
(12, 9)
(13, 9)
(14, 9)
(14, 8)
(14, 7)
(14, 6)
(14, 5)
(15, 5)
kaikki ok
Reitin pituus: 13
(4, 7)
(4, 8)
(4, 9)
(5, 9)
(6, 9)
(6, 10)
(6, 11)
(6, 12)
(6, 13)
(7, 13)
(8, 13)
(8, 14)
(8, 15)
(9, 15)
kaikki ok
Reitin pituus: 24
(12, 4)
(12, 5)
(11, 5)
(10, 5)
(10, 6)
(10, 7)
(9, 7)
(8, 7)
(7, 7)
(6, 7)
(6, 8)
(6, 9)
(5, 9)
(4, 9)
(4, 10)
(4, 11)
(4, 12)
(4, 13)
(4, 14)
(4, 15)
(4, 16)
(4, 17)
(3, 17)
(2, 17)
(2, 16)
kaikki ok
Reitin pituus: 15
(14, 3)
(13, 3)
(12, 3)
(11, 3)
(10, 3)
(9, 3)
(8, 3)
(7, 3)
(6, 3)
(5, 3)
(4, 3)
(3, 3)
(2, 3)
(1, 3)
(1, 4)
(1, 5)
kaikki ok
Reitin pituus: 10
(13, 3)
(12, 3)
(11, 3)
(10, 3)
(9, 3)
(8, 3)
(7, 3)
(6, 3)
(5, 3)
(4, 3)
(4, 4)
kaikki ok
Reitin pituus: 3
(9, 8)
(9, 7)
(8, 7)
(8, 6)
kaikki ok
Reitin pituus: 4
(6, 3)
(5, 3)
(4, 3)
(4, 2)
(4, 1)
kaikki ok
Reitin pituus: 8
(10, 9)
(9, 9)
(9, 8)
(9, 7)
(8, 7)
(8, 6)
(8, 5)
(7, 5)
(6, 5)
kaikki ok
Reitin pituus: 18
(1, 2)
(1, 3)
(2, 3)
(3, 3)
(4, 3)
(5, 3)
(6, 3)
(7, 3)
(8, 3)
(9, 3)
(10, 3)
(11, 3)
(12, 3)
(13, 3)
(14, 3)
(15, 3)
(16, 3)
(17, 3)
(17, 4)
kaikki ok
Reitin pituus: 7
(10, 14)
(10, 15)
(11, 15)
(12, 15)
(12, 16)
(12, 17)
(11, 17)
(10, 17)
kaikki ok
Reitin pituus: 16
(14, 16)
(14, 15)
(14, 14)
(14, 13)
(14, 12)
(14, 11)
(14, 10)
(14, 9)
(14, 8)
(14, 7)
(14, 6)
(14, 5)
(14, 4)
(14, 3)
(14, 2)
(14, 1)
(13, 1)
kaikki ok
Reitin pituus: 3
(4, 16)
(4, 15)
(5, 15)
(6, 15)
kaikki ok
Reitin pituus: 7
(17, 14)
(17, 13)
(16, 13)
(15, 13)
(14, 13)
(14, 12)
(14, 11)
(14, 10)
kaikki ok
Reitin pituus: 13
(13, 3)
(14, 3)
(14, 4)
(14, 5)
(14, 6)
(14, 7)
(14, 8)
(14, 9)
(13, 9)
(12, 9)
(12, 10)
(12, 11)
(11, 11)
(10, 11)
kaikki ok
Reitin pituus: 19
(16, 1)
(15, 1)
(14, 1)
(14, 2)
(14, 3)
(14, 4)
(14, 5)
(14, 6)
(14, 7)
(14, 8)
(14, 9)
(14, 10)
(14, 11)
(14, 12)
(14, 13)
(14, 14)
(14, 15)
(14, 16)
(14, 17)
(15, 17)
kaikki ok
Reitin pituus: 10
(5, 19)
(6, 19)
(7, 19)
(8, 19)
(9, 19)
(10, 19)
(10, 18)
(10, 17)
(11, 17)
(12, 17)
(12, 16)
kaikki ok
Reitin pituus: 7
(10, 15)
(9, 15)
(8, 15)
(7, 15)
(6, 15)
(5, 15)
(4, 15)
(4, 16)
kaikki ok
Reitin pituus: 24
(16, 15)
(17, 15)
(17, 14)
(17, 13)
(16, 13)
(15, 13)
(14, 13)
(14, 12)
(14, 11)
(14, 10)
(14, 9)
(14, 8)
(14, 7)
(14, 6)
(14, 5)
(14, 4)
(14, 3)
(13, 3)
(12, 3)
(11, 3)
(10, 3)
(9, 3)
(8, 3)
(8, 2)
(8, 1)
kaikki ok
Reitin pituus: 11
(13, 19)
(12, 19)
(11, 19)
(10, 19)
(10, 18)
(10, 17)
(11, 17)
(12, 17)
(12, 16)
(12, 15)
(11, 15)
(10, 15)
kaikki ok
Reitin pituus: 11
(6, 13)
(5, 13)
(4, 13)
(4, 12)
(4, 11)
(4, 10)
(4, 9)
(4, 8)
(4, 7)
(4, 6)
(4, 5)
(4, 4)
kaikki ok
Reitin pituus: 20
(17, 2)
(17, 3)
(16, 3)
(15, 3)
(14, 3)
(13, 3)
(12, 3)
(11, 3)
(10, 3)
(9, 3)
(8, 3)
(7, 3)
(6, 3)
(5, 3)
(4, 3)
(4, 4)
(4, 5)
(4, 6)
(4, 7)
(4, 8)
(4, 9)
kaikki ok
Reitin pituus: 20
(4, 8)
(4, 9)
(5, 9)
(6, 9)
(6, 10)
(6, 11)
(7, 11)
(8, 11)
(9, 11)
(10, 11)
(11, 11)
(12, 11)
(12, 12)
(12, 13)
(13, 13)
(14, 13)
(14, 14)
(14, 15)
(14, 16)
(14, 17)
(15, 17)
kaikki ok
Reitin pituus: 14
(14, 5)
(14, 6)
(14, 7)
(14, 8)
(14, 9)
(13, 9)
(12, 9)
(12, 10)
(12, 11)
(11, 11)
(10, 11)
(9, 11)
(8, 11)
(7, 11)
(6, 11)
kaikki ok
Reitin pituus: 16
(5, 15)
(6, 15)
(6, 16)
(6, 17)
(7, 17)
(8, 17)
(8, 18)
(8, 19)
(9, 19)
(10, 19)
(11, 19)
(12, 19)
(13, 19)
(14, 19)
(15, 19)
(16, 19)
(17, 19)
kaikki ok
Reitin pituus: 12
(15, 17)
(14, 17)
(14, 16)
(14, 15)
(13, 15)
(12, 15)
(11, 15)
(10, 15)
(9, 15)
(8, 15)
(7, 15)
(6, 15)
(5, 15)
kaikki ok
Reitin pituus: 19
(8, 9)
(9, 9)
(9, 8)
(9, 7)
(10, 7)
(11, 7)
(12, 7)
(12, 8)
(12, 9)
(12, 10)
(12, 11)
(12, 12)
(12, 13)
(11, 13)
(10, 13)
(10, 14)
(10, 15)
(11, 15)
(12, 15)
(12, 16)
kaikki ok
Reitin pituus: 14
(4, 15)
(5, 15)
(6, 15)
(7, 15)
(8, 15)
(9, 15)
(10, 15)
(11, 15)
(12, 15)
(13, 15)
(14, 15)
(14, 16)
(14, 17)
(15, 17)
(16, 17)
kaikki ok
Reitin pituus: 19
(5, 15)
(4, 15)
(4, 14)
(4, 13)
(4, 12)
(4, 11)
(4, 10)
(4, 9)
(4, 8)
(4, 7)
(4, 6)
(4, 5)
(4, 4)
(4, 3)
(4, 2)
(4, 1)
(5, 1)
(6, 1)
(7, 1)
(8, 1)
kaikki ok
Reitin pituus: 16
(10, 5)
(10, 6)
(10, 7)
(9, 7)
(8, 7)
(7, 7)
(6, 7)
(6, 8)
(6, 9)
(6, 10)
(6, 11)
(6, 12)
(6, 13)
(5, 13)
(4, 13)
(3, 13)
(2, 13)
kaikki ok
Reitin pituus: 15
(16, 5)
(15, 5)
(14, 5)
(14, 6)
(14, 7)
(14, 8)
(14, 9)
(13, 9)
(12, 9)
(12, 8)
(12, 7)
(11, 7)
(10, 7)
(9, 7)
(9, 8)
(9, 9)
kaikki ok
Reitin pituus: 20
(1, 17)
(2, 17)
(3, 17)
(4, 17)
(4, 16)
(4, 15)
(5, 15)
(6, 15)
(7, 15)
(8, 15)
(9, 15)
(10, 15)
(11, 15)
(12, 15)
(13, 15)
(14, 15)
(14, 16)
(14, 17)
(15, 17)
(16, 17)
(17, 17)
kaikki ok
Reitin pituus: 6
(10, 13)
(11, 13)
(12, 13)
(13, 13)
(14, 13)
(14, 12)
(14, 11)
kaikki ok
Reitin pituus: 3
(10, 5)
(10, 6)
(10, 7)
(11, 7)
kaikki ok
Reitin pituus: 23
(1, 18)
(1, 17)
(2, 17)
(3, 17)
(4, 17)
(4, 16)
(4, 15)
(4, 14)
(4, 13)
(4, 12)
(4, 11)
(4, 10)
(4, 9)
(4, 8)
(4, 7)
(4, 6)
(4, 5)
(4, 4)
(4, 3)
(3, 3)
(2, 3)
(1, 3)
(1, 2)
(1, 1)
kaikki ok
Reitin pituus: 3
(10, 9)
(9, 9)
(9, 8)
(9, 7)
kaikki ok
Reitin pituus: 12
(8, 9)
(9, 9)
(9, 8)
(9, 7)
(10, 7)
(10, 6)
(10, 5)
(11, 5)
(12, 5)
(12, 4)
(12, 3)
(13, 3)
(14, 3)
kaikki ok
Reitin pituus: 13
(17, 2)
(17, 3)
(17, 4)
(17, 5)
(16, 5)
(15, 5)
(14, 5)
(14, 6)
(14, 7)
(14, 8)
(14, 9)
(13, 9)
(12, 9)
(12, 8)
kaikki ok
Reitin pituus: 13
(14, 6)
(14, 7)
(14, 8)
(14, 9)
(14, 10)
(14, 11)
(14, 12)
(14, 13)
(14, 14)
(14, 15)
(13, 15)
(12, 15)
(11, 15)
(10, 15)
kaikki ok
Reitin pituus: 24
(16, 13)
(15, 13)
(14, 13)
(14, 12)
(14, 11)
(14, 10)
(14, 9)
(14, 8)
(14, 7)
(14, 6)
(14, 5)
(14, 4)
(14, 3)
(13, 3)
(12, 3)
(11, 3)
(10, 3)
(9, 3)
(8, 3)
(8, 2)
(8, 1)
(7, 1)
(6, 1)
(5, 1)
(4, 1)
kaikki ok
Reitin pituus: 7
(14, 3)
(14, 4)
(14, 5)
(14, 6)
(14, 7)
(14, 8)
(14, 9)
(14, 10)
kaikki ok
Reitin pituus: 18
(3, 19)
(4, 19)
(5, 19)
(6, 19)
(7, 19)
(8, 19)
(9, 19)
(10, 19)
(11, 19)
(12, 19)
(13, 19)
(14, 19)
(15, 19)
(16, 19)
(17, 19)
(17, 18)
(17, 17)
(16, 17)
(15, 17)
kaikki ok
Reitin pituus: 12
(12, 5)
(11, 5)
(10, 5)
(10, 6)
(10, 7)
(11, 7)
(12, 7)
(12, 8)
(12, 9)
(13, 9)
(14, 9)
(14, 10)
(14, 11)
kaikki ok
Reitin pituus: 24
(2, 19)
(1, 19)
(1, 18)
(1, 17)
(2, 17)
(3, 17)
(4, 17)
(4, 16)
(4, 15)
(4, 14)
(4, 13)
(5, 13)
(6, 13)
(6, 12)
(6, 11)
(6, 10)
(6, 9)
(6, 8)
(6, 7)
(7, 7)
(8, 7)
(9, 7)
(9, 8)
(9, 9)
(10, 9)
kaikki ok
Reitin pituus: 16
(17, 1)
(16, 1)
(15, 1)
(14, 1)
(13, 1)
(12, 1)
(11, 1)
(10, 1)
(10, 2)
(10, 3)
(9, 3)
(8, 3)
(8, 2)
(8, 1)
(7, 1)
(6, 1)
(5, 1)
kaikki ok
Reitin pituus: 5
(4, 4)
(4, 3)
(4, 2)
(4, 1)
(3, 1)
(2, 1)
kaikki ok
Reitin pituus: 26
(6, 5)
(7, 5)
(8, 5)
(8, 6)
(8, 7)
(7, 7)
(6, 7)
(6, 8)
(6, 9)
(6, 10)
(6, 11)
(6, 12)
(6, 13)
(7, 13)
(8, 13)
(8, 14)
(8, 15)
(7, 15)
(6, 15)
(6, 16)
(6, 17)
(7, 17)
(8, 17)
(8, 18)
(8, 19)
(7, 19)
(6, 19)
kaikki ok
Reitin pituus: 25
(6, 5)
(7, 5)
(8, 5)
(8, 6)
(8, 7)
(7, 7)
(6, 7)
(6, 8)
(6, 9)
(6, 10)
(6, 11)
(6, 12)
(6, 13)
(7, 13)
(8, 13)
(8, 14)
(8, 15)
(7, 15)
(6, 15)
(6, 16)
(6, 17)
(7, 17)
(8, 17)
(8, 18)
(8, 19)
(7, 19)
kaikki ok
Reitin pituus: 22
(2, 3)
(3, 3)
(4, 3)
(5, 3)
(6, 3)
(6, 4)
(6, 5)
(7, 5)
(8, 5)
(8, 6)
(8, 7)
(9, 7)
(10, 7)
(11, 7)
(12, 7)
(12, 8)
(12, 9)
(12, 10)
(12, 11)
(12, 12)
(12, 13)
(11, 13)
(10, 13)
kaikki ok
Reitin pituus: 10
(13, 3)
(12, 3)
(11, 3)
(10, 3)
(9, 3)
(8, 3)
(7, 3)
(6, 3)
(5, 3)
(4, 3)
(3, 3)
kaikki ok
Reitin pituus: 28
(15, 19)
(14, 19)
(13, 19)
(12, 19)
(11, 19)
(10, 19)
(9, 19)
(8, 19)
(8, 18)
(8, 17)
(7, 17)
(6, 17)
(6, 16)
(6, 15)
(5, 15)
(4, 15)
(4, 14)
(4, 13)
(4, 12)
(4, 11)
(4, 10)
(4, 9)
(4, 8)
(4, 7)
(4, 6)
(4, 5)
(3, 5)
(2, 5)
(1, 5)
kaikki ok
Reitin pituus: 4
(4, 16)
(4, 15)
(4, 14)
(4, 13)
(4, 12)
kaikki ok
Reitin pituus: 22
(7, 19)
(8, 19)
(8, 18)
(8, 17)
(7, 17)
(6, 17)
(6, 16)
(6, 15)
(5, 15)
(4, 15)
(4, 14)
(4, 13)
(4, 12)
(4, 11)
(4, 10)
(4, 9)
(4, 8)
(4, 7)
(4, 6)
(4, 5)
(4, 4)
(4, 3)
(5, 3)
kaikki ok
Reitin pituus: 12
(9, 8)
(9, 7)
(8, 7)
(8, 6)
(8, 5)
(7, 5)
(6, 5)
(6, 4)
(6, 3)
(5, 3)
(4, 3)
(3, 3)
(2, 3)
kaikki ok
Reitin pituus: 8
(10, 17)
(11, 17)
(12, 17)
(12, 16)
(12, 15)
(13, 15)
(14, 15)
(14, 16)
(14, 17)
kaikki ok
Reitin pituus: 21
(14, 8)
(14, 9)
(13, 9)
(12, 9)
(12, 10)
(12, 11)
(11, 11)
(10, 11)
(9, 11)
(8, 11)
(7, 11)
(6, 11)
(6, 12)
(6, 13)
(5, 13)
(4, 13)
(3, 13)
(2, 13)
(1, 13)
(1, 14)
(1, 15)
(2, 15)
kaikki ok
Reitin pituus: 20
(14, 6)
(14, 7)
(14, 8)
(14, 9)
(13, 9)
(12, 9)
(12, 10)
(12, 11)
(11, 11)
(10, 11)
(9, 11)
(8, 11)
(7, 11)
(6, 11)
(6, 12)
(6, 13)
(5, 13)
(4, 13)
(3, 13)
(2, 13)
(1, 13)
kaikki ok
Reitin pituus: 20
(10, 9)
(9, 9)
(9, 8)
(9, 7)
(10, 7)
(11, 7)
(12, 7)
(12, 8)
(12, 9)
(13, 9)
(14, 9)
(14, 10)
(14, 11)
(14, 12)
(14, 13)
(14, 14)
(14, 15)
(14, 16)
(14, 17)
(15, 17)
(16, 17)
kaikki ok
Reitin pituus: 20
(11, 7)
(10, 7)
(9, 7)
(8, 7)
(7, 7)
(6, 7)
(6, 8)
(6, 9)
(5, 9)
(4, 9)
(4, 10)
(4, 11)
(4, 12)
(4, 13)
(4, 14)
(4, 15)
(4, 16)
(4, 17)
(3, 17)
(2, 17)
(2, 16)
kaikki ok
Reitin pituus: 12
(8, 1)
(8, 2)
(8, 3)
(9, 3)
(10, 3)
(10, 2)
(10, 1)
(11, 1)
(12, 1)
(13, 1)
(14, 1)
(15, 1)
(16, 1)
kaikki ok
Reitin pituus: 6
(12, 10)
(12, 9)
(13, 9)
(14, 9)
(14, 8)
(14, 7)
(14, 6)
kaikki ok
Reitin pituus: 15
(9, 7)
(10, 7)
(11, 7)
(12, 7)
(12, 8)
(12, 9)
(13, 9)
(14, 9)
(14, 10)
(14, 11)
(14, 12)
(14, 13)
(14, 14)
(14, 15)
(14, 16)
(14, 17)
kaikki ok
Reitin pituus: 19
(7, 5)
(8, 5)
(8, 6)
(8, 7)
(9, 7)
(10, 7)
(11, 7)
(12, 7)
(12, 8)
(12, 9)
(12, 10)
(12, 11)
(12, 12)
(12, 13)
(11, 13)
(10, 13)
(10, 14)
(10, 15)
(11, 15)
(12, 15)
kaikki ok
Reitin pituus: 5
(4, 11)
(4, 12)
(4, 13)
(5, 13)
(6, 13)
(7, 13)
kaikki ok
Reitin pituus: 11
(8, 7)
(7, 7)
(6, 7)
(6, 8)
(6, 9)
(6, 10)
(6, 11)
(6, 12)
(6, 13)
(7, 13)
(8, 13)
(8, 14)
kaikki ok
Reitin pituus: 6
(6, 13)
(6, 12)
(6, 11)
(7, 11)
(8, 11)
(9, 11)
(10, 11)
kaikki ok
Reitin pituus: 18
(4, 7)
(4, 8)
(4, 9)
(5, 9)
(6, 9)
(6, 10)
(6, 11)
(7, 11)
(8, 11)
(9, 11)
(10, 11)
(11, 11)
(12, 11)
(12, 12)
(12, 13)
(13, 13)
(14, 13)
(15, 13)
(16, 13)
kaikki ok
Reitin pituus: 13
(4, 1)
(4, 2)
(4, 3)
(5, 3)
(6, 3)
(6, 4)
(6, 5)
(7, 5)
(8, 5)
(8, 6)
(8, 7)
(9, 7)
(10, 7)
(11, 7)
kaikki ok
Reitin pituus: 13
(11, 13)
(12, 13)
(12, 12)
(12, 11)
(12, 10)
(12, 9)
(12, 8)
(12, 7)
(11, 7)
(10, 7)
(9, 7)
(8, 7)
(7, 7)
(6, 7)
kaikki ok
Reitin pituus: 14
(12, 16)
(12, 17)
(11, 17)
(10, 17)
(10, 18)
(10, 19)
(9, 19)
(8, 19)
(7, 19)
(6, 19)
(5, 19)
(4, 19)
(3, 19)
(2, 19)
(1, 19)
kaikki ok
Reitin pituus: 6
(4, 15)
(4, 16)
(4, 17)
(3, 17)
(2, 17)
(2, 16)
(2, 15)
kaikki ok
Reitin pituus: 20
(4, 11)
(4, 10)
(4, 9)
(5, 9)
(6, 9)
(6, 8)
(6, 7)
(7, 7)
(8, 7)
(9, 7)
(10, 7)
(11, 7)
(12, 7)
(12, 8)
(12, 9)
(13, 9)
(14, 9)
(14, 8)
(14, 7)
(14, 6)
(14, 5)
kaikki ok
Reitin pituus: 22
(12, 17)
(12, 16)
(12, 15)
(13, 15)
(14, 15)
(14, 14)
(14, 13)
(14, 12)
(14, 11)
(14, 10)
(14, 9)
(14, 8)
(14, 7)
(14, 6)
(14, 5)
(14, 4)
(14, 3)
(13, 3)
(12, 3)
(11, 3)
(10, 3)
(9, 3)
(8, 3)
kaikki ok
Reitin pituus: 17
(9, 9)
(9, 8)
(9, 7)
(8, 7)
(7, 7)
(6, 7)
(6, 8)
(6, 9)
(6, 10)
(6, 11)
(6, 12)
(6, 13)
(7, 13)
(8, 13)
(8, 14)
(8, 15)
(7, 15)
(6, 15)
kaikki ok
Reitin pituus: 4
(11, 3)
(12, 3)
(13, 3)
(14, 3)
(14, 2)
kaikki ok
Reitin pituus: 22
(12, 9)
(12, 10)
(12, 11)
(12, 12)
(12, 13)
(11, 13)
(10, 13)
(10, 14)
(10, 15)
(9, 15)
(8, 15)
(7, 15)
(6, 15)
(5, 15)
(4, 15)
(4, 16)
(4, 17)
(3, 17)
(2, 17)
(1, 17)
(1, 18)
(1, 19)
(2, 19)
kaikki ok
Reitin pituus: 8
(14, 19)
(15, 19)
(16, 19)
(17, 19)
(17, 18)
(17, 17)
(16, 17)
(16, 16)
(16, 15)
kaikki ok
Reitin pituus: 4
(5, 3)
(4, 3)
(4, 4)
(4, 5)
(3, 5)
kaikki ok
Reitin pituus: 21
(14, 13)
(13, 13)
(12, 13)
(12, 12)
(12, 11)
(12, 10)
(12, 9)
(12, 8)
(12, 7)
(11, 7)
(10, 7)
(9, 7)
(8, 7)
(8, 6)
(8, 5)
(7, 5)
(6, 5)
(6, 4)
(6, 3)
(5, 3)
(4, 3)
(4, 2)
kaikki ok
Reitin pituus: 26
(17, 17)
(16, 17)
(15, 17)
(14, 17)
(14, 16)
(14, 15)
(13, 15)
(12, 15)
(11, 15)
(10, 15)
(9, 15)
(8, 15)
(8, 14)
(8, 13)
(7, 13)
(6, 13)
(6, 12)
(6, 11)
(6, 10)
(6, 9)
(5, 9)
(4, 9)
(4, 8)
(4, 7)
(4, 6)
(4, 5)
(4, 4)
kaikki ok
Reitin pituus: 24
(15, 19)
(16, 19)
(17, 19)
(17, 18)
(17, 17)
(16, 17)
(15, 17)
(14, 17)
(14, 16)
(14, 15)
(14, 14)
(14, 13)
(14, 12)
(14, 11)
(14, 10)
(14, 9)
(13, 9)
(12, 9)
(12, 8)
(12, 7)
(11, 7)
(10, 7)
(9, 7)
(9, 8)
(9, 9)
kaikki ok
Reitin pituus: 18
(13, 13)
(14, 13)
(14, 14)
(14, 15)
(13, 15)
(12, 15)
(12, 16)
(12, 17)
(11, 17)
(10, 17)
(10, 18)
(10, 19)
(9, 19)
(8, 19)
(7, 19)
(6, 19)
(5, 19)
(4, 19)
(3, 19)
kaikki ok
Reitin pituus: 1
(8, 5)
(8, 6)
kaikki ok
Reitin pituus: 17
(2, 3)
(3, 3)
(4, 3)
(4, 4)
(4, 5)
(4, 6)
(4, 7)
(4, 8)
(4, 9)
(4, 10)
(4, 11)
(4, 12)
(4, 13)
(4, 14)
(4, 15)
(5, 15)
(6, 15)
(6, 16)
kaikki ok
Reitin pituus: 12
(10, 1)
(10, 2)
(10, 3)
(9, 3)
(8, 3)
(7, 3)
(6, 3)
(6, 4)
(6, 5)
(7, 5)
(8, 5)
(8, 6)
(8, 7)
kaikki ok
Reitin pituus: 10
(11, 1)
(10, 1)
(10, 2)
(10, 3)
(9, 3)
(8, 3)
(7, 3)
(6, 3)
(5, 3)
(4, 3)
(4, 2)
kaikki ok
Reitin pituus: 14
(16, 3)
(15, 3)
(14, 3)
(14, 4)
(14, 5)
(14, 6)
(14, 7)
(14, 8)
(14, 9)
(14, 10)
(14, 11)
(14, 12)
(14, 13)
(15, 13)
(16, 13)
kaikki ok
Reitin pituus: 10
(13, 9)
(14, 9)
(14, 8)
(14, 7)
(14, 6)
(14, 5)
(14, 4)
(14, 3)
(14, 2)
(14, 1)
(15, 1)
kaikki ok
Reitin pituus: 8
(13, 9)
(14, 9)
(14, 10)
(14, 11)
(14, 12)
(14, 13)
(14, 14)
(14, 15)
(13, 15)
kaikki ok
Reitin pituus: 12
(4, 13)
(4, 12)
(4, 11)
(4, 10)
(4, 9)
(4, 8)
(4, 7)
(4, 6)
(4, 5)
(4, 4)
(4, 3)
(4, 2)
(4, 1)
kaikki ok
Reitin pituus: 12
(13, 1)
(14, 1)
(14, 2)
(14, 3)
(14, 4)
(14, 5)
(14, 6)
(14, 7)
(14, 8)
(14, 9)
(13, 9)
(12, 9)
(12, 10)
kaikki ok
Reitin pituus: 32
(17, 19)
(17, 18)
(17, 17)
(16, 17)
(15, 17)
(14, 17)
(14, 16)
(14, 15)
(14, 14)
(14, 13)
(14, 12)
(14, 11)
(14, 10)
(14, 9)
(14, 8)
(14, 7)
(14, 6)
(14, 5)
(14, 4)
(14, 3)
(13, 3)
(12, 3)
(11, 3)
(10, 3)
(9, 3)
(8, 3)
(8, 2)
(8, 1)
(7, 1)
(6, 1)
(5, 1)
(4, 1)
(3, 1)
kaikki ok
Reitin pituus: 11
(8, 15)
(9, 15)
(10, 15)
(11, 15)
(12, 15)
(13, 15)
(14, 15)
(14, 16)
(14, 17)
(15, 17)
(16, 17)
(16, 16)
kaikki ok
Reitin pituus: 2
(14, 17)
(15, 17)
(16, 17)
kaikki ok
Reitin pituus: 9
(6, 11)
(6, 12)
(6, 13)
(5, 13)
(4, 13)
(4, 14)
(4, 15)
(5, 15)
(6, 15)
(6, 16)
kaikki ok
Reitin pituus: 17
(1, 13)
(2, 13)
(3, 13)
(4, 13)
(4, 12)
(4, 11)
(4, 10)
(4, 9)
(4, 8)
(4, 7)
(4, 6)
(4, 5)
(4, 4)
(4, 3)
(5, 3)
(6, 3)
(7, 3)
(8, 3)
kaikki ok
Reitin pituus: 23
(14, 1)
(14, 2)
(14, 3)
(14, 4)
(14, 5)
(14, 6)
(14, 7)
(14, 8)
(14, 9)
(14, 10)
(14, 11)
(14, 12)
(14, 13)
(14, 14)
(14, 15)
(13, 15)
(12, 15)
(12, 16)
(12, 17)
(11, 17)
(10, 17)
(10, 18)
(10, 19)
(9, 19)
kaikki ok
Reitin pituus: 9
(6, 16)
(6, 17)
(7, 17)
(8, 17)
(8, 18)
(8, 19)
(9, 19)
(10, 19)
(10, 18)
(10, 17)
kaikki ok
Reitin pituus: 27
(13, 19)
(12, 19)
(11, 19)
(10, 19)
(10, 18)
(10, 17)
(11, 17)
(12, 17)
(12, 16)
(12, 15)
(13, 15)
(14, 15)
(14, 14)
(14, 13)
(14, 12)
(14, 11)
(14, 10)
(14, 9)
(14, 8)
(14, 7)
(14, 6)
(14, 5)
(14, 4)
(14, 3)
(13, 3)
(12, 3)
(12, 4)
(12, 5)
kaikki ok
Reitin pituus: 13
(12, 17)
(12, 16)
(12, 15)
(11, 15)
(10, 15)
(9, 15)
(8, 15)
(8, 14)
(8, 13)
(7, 13)
(6, 13)
(5, 13)
(4, 13)
(3, 13)
kaikki ok
Reitin pituus: 19
(14, 11)
(14, 12)
(14, 13)
(13, 13)
(12, 13)
(11, 13)
(10, 13)
(10, 14)
(10, 15)
(9, 15)
(8, 15)
(7, 15)
(6, 15)
(5, 15)
(4, 15)
(4, 16)
(4, 17)
(3, 17)
(2, 17)
(1, 17)
kaikki ok
Reitin pituus: 1
(16, 5)
(17, 5)
kaikki ok
Reitin pituus: 17
(17, 13)
(16, 13)
(15, 13)
(14, 13)
(14, 14)
(14, 15)
(13, 15)
(12, 15)
(11, 15)
(10, 15)
(9, 15)
(8, 15)
(7, 15)
(6, 15)
(5, 15)
(4, 15)
(4, 16)
(4, 17)
kaikki ok
Reitin pituus: 18
(12, 15)
(11, 15)
(10, 15)
(9, 15)
(8, 15)
(8, 14)
(8, 13)
(7, 13)
(6, 13)
(6, 12)
(6, 11)
(6, 10)
(6, 9)
(6, 8)
(6, 7)
(7, 7)
(8, 7)
(8, 6)
(8, 5)
kaikki ok
Reitin pituus: 7
(2, 15)
(1, 15)
(1, 14)
(1, 13)
(2, 13)
(3, 13)
(4, 13)
(4, 14)
kaikki ok
Reitin pituus: 13
(6, 7)
(6, 8)
(6, 9)
(6, 10)
(6, 11)
(6, 12)
(6, 13)
(5, 13)
(4, 13)
(4, 14)
(4, 15)
(4, 16)
(4, 17)
(3, 17)
kaikki ok
Reitin pituus: 15
(8, 11)
(7, 11)
(6, 11)
(6, 10)
(6, 9)
(5, 9)
(4, 9)
(4, 8)
(4, 7)
(4, 6)
(4, 5)
(4, 4)
(4, 3)
(4, 2)
(4, 1)
(5, 1)
kaikki ok
Reitin pituus: 14
(14, 8)
(14, 9)
(14, 10)
(14, 11)
(14, 12)
(14, 13)
(14, 14)
(14, 15)
(13, 15)
(12, 15)
(12, 16)
(12, 17)
(11, 17)
(10, 17)
(10, 18)
kaikki ok
Reitin pituus: 14
(12, 8)
(12, 7)
(11, 7)
(10, 7)
(10, 6)
(10, 5)
(11, 5)
(12, 5)
(12, 4)
(12, 3)
(11, 3)
(10, 3)
(9, 3)
(8, 3)
(8, 2)
kaikki ok
Reitin pituus: 12
(8, 9)
(9, 9)
(9, 8)
(9, 7)
(10, 7)
(11, 7)
(12, 7)
(12, 8)
(12, 9)
(13, 9)
(14, 9)
(14, 10)
(14, 11)
kaikki ok
Reitin pituus: 21
(11, 17)
(12, 17)
(12, 16)
(12, 15)
(13, 15)
(14, 15)
(14, 14)
(14, 13)
(14, 12)
(14, 11)
(14, 10)
(14, 9)
(13, 9)
(12, 9)
(12, 8)
(12, 7)
(11, 7)
(10, 7)
(10, 6)
(10, 5)
(11, 5)
(12, 5)
kaikki ok
Reitin pituus: 17
(13, 9)
(12, 9)
(12, 10)
(12, 11)
(11, 11)
(10, 11)
(9, 11)
(8, 11)
(7, 11)
(6, 11)
(6, 10)
(6, 9)
(5, 9)
(4, 9)
(4, 8)
(4, 7)
(4, 6)
(4, 5)
kaikki ok
Reitin pituus: 9
(8, 18)
(8, 17)
(7, 17)
(6, 17)
(6, 16)
(6, 15)
(5, 15)
(4, 15)
(4, 16)
(4, 17)
kaikki ok
Reitin pituus: 24
(1, 3)
(2, 3)
(3, 3)
(4, 3)
(5, 3)
(6, 3)
(7, 3)
(8, 3)
(9, 3)
(10, 3)
(11, 3)
(12, 3)
(13, 3)
(14, 3)
(14, 4)
(14, 5)
(14, 6)
(14, 7)
(14, 8)
(14, 9)
(14, 10)
(14, 11)
(14, 12)
(14, 13)
(15, 13)
kaikki ok
Reitin pituus: 8
(12, 8)
(12, 7)
(11, 7)
(10, 7)
(9, 7)
(8, 7)
(7, 7)
(6, 7)
(6, 8)
kaikki ok
Reitin pituus: 19
(9, 3)
(8, 3)
(7, 3)
(6, 3)
(5, 3)
(4, 3)
(4, 4)
(4, 5)
(4, 6)
(4, 7)
(4, 8)
(4, 9)
(4, 10)
(4, 11)
(4, 12)
(4, 13)
(4, 14)
(4, 15)
(5, 15)
(6, 15)
kaikki ok
Reitin pituus: 14
(6, 8)
(6, 9)
(6, 10)
(6, 11)
(7, 11)
(8, 11)
(9, 11)
(10, 11)
(11, 11)
(12, 11)
(12, 12)
(12, 13)
(13, 13)
(14, 13)
(15, 13)
kaikki ok
Reitin pituus: 14
(13, 13)
(14, 13)
(14, 12)
(14, 11)
(14, 10)
(14, 9)
(14, 8)
(14, 7)
(14, 6)
(14, 5)
(14, 4)
(14, 3)
(13, 3)
(12, 3)
(11, 3)
kaikki ok
Reitin pituus: 14
(14, 7)
(14, 8)
(14, 9)
(13, 9)
(12, 9)
(12, 10)
(12, 11)
(12, 12)
(12, 13)
(11, 13)
(10, 13)
(10, 14)
(10, 15)
(9, 15)
(8, 15)
kaikki ok
Reitin pituus: 22
(6, 17)
(6, 16)
(6, 15)
(7, 15)
(8, 15)
(9, 15)
(10, 15)
(10, 14)
(10, 13)
(11, 13)
(12, 13)
(12, 12)
(12, 11)
(12, 10)
(12, 9)
(13, 9)
(14, 9)
(14, 8)
(14, 7)
(14, 6)
(14, 5)
(14, 4)
(14, 3)
kaikki ok
Reitin pituus: 25
(14, 14)
(14, 13)
(13, 13)
(12, 13)
(12, 12)
(12, 11)
(11, 11)
(10, 11)
(9, 11)
(8, 11)
(7, 11)
(6, 11)
(6, 10)
(6, 9)
(5, 9)
(4, 9)
(4, 8)
(4, 7)
(4, 6)
(4, 5)
(4, 4)
(4, 3)
(3, 3)
(2, 3)
(1, 3)
(1, 2)
kaikki ok
Reitin pituus: 1
(8, 7)
(8, 6)
kaikki ok
Reitin pituus: 26
(16, 1)
(15, 1)
(14, 1)
(14, 2)
(14, 3)
(14, 4)
(14, 5)
(14, 6)
(14, 7)
(14, 8)
(14, 9)
(14, 10)
(14, 11)
(14, 12)
(14, 13)
(14, 14)
(14, 15)
(13, 15)
(12, 15)
(12, 16)
(12, 17)
(11, 17)
(10, 17)
(10, 18)
(10, 19)
(9, 19)
(8, 19)
kaikki ok
Reitin pituus: 6
(7, 5)
(6, 5)
(6, 4)
(6, 3)
(7, 3)
(8, 3)
(8, 2)
kaikki ok
Reitin pituus: 8
(4, 9)
(4, 10)
(4, 11)
(4, 12)
(4, 13)
(4, 14)
(4, 15)
(5, 15)
(6, 15)
kaikki ok
Reitin pituus: 20
(12, 16)
(12, 15)
(13, 15)
(14, 15)
(14, 14)
(14, 13)
(14, 12)
(14, 11)
(14, 10)
(14, 9)
(14, 8)
(14, 7)
(14, 6)
(14, 5)
(14, 4)
(14, 3)
(13, 3)
(12, 3)
(11, 3)
(10, 3)
(10, 2)
kaikki ok
Reitin pituus: 30
(17, 19)
(17, 18)
(17, 17)
(16, 17)
(15, 17)
(14, 17)
(14, 16)
(14, 15)
(14, 14)
(14, 13)
(14, 12)
(14, 11)
(14, 10)
(14, 9)
(14, 8)
(14, 7)
(14, 6)
(14, 5)
(14, 4)
(14, 3)
(13, 3)
(12, 3)
(11, 3)
(10, 3)
(9, 3)
(8, 3)
(8, 2)
(8, 1)
(7, 1)
(6, 1)
(5, 1)
kaikki ok
Reitin pituus: 20
(4, 3)
(4, 4)
(4, 5)
(4, 6)
(4, 7)
(4, 8)
(4, 9)
(5, 9)
(6, 9)
(6, 10)
(6, 11)
(6, 12)
(6, 13)
(7, 13)
(8, 13)
(8, 14)
(8, 15)
(9, 15)
(10, 15)
(11, 15)
(12, 15)
kaikki ok
Reitin pituus: 4
(14, 19)
(15, 19)
(16, 19)
(17, 19)
(17, 18)
kaikki ok
Reitin pituus: 6
(9, 9)
(9, 8)
(9, 7)
(10, 7)
(10, 6)
(10, 5)
(11, 5)
kaikki ok
Reitin pituus: 14
(10, 15)
(9, 15)
(8, 15)
(7, 15)
(6, 15)
(5, 15)
(4, 15)
(4, 16)
(4, 17)
(3, 17)
(2, 17)
(1, 17)
(1, 18)
(1, 19)
(2, 19)
kaikki ok
Reitin pituus: 10
(7, 15)
(8, 15)
(9, 15)
(10, 15)
(11, 15)
(12, 15)
(12, 16)
(12, 17)
(11, 17)
(10, 17)
(10, 18)
kaikki ok
Reitin pituus: 19
(2, 19)
(3, 19)
(4, 19)
(5, 19)
(6, 19)
(7, 19)
(8, 19)
(9, 19)
(10, 19)
(11, 19)
(12, 19)
(13, 19)
(14, 19)
(15, 19)
(16, 19)
(17, 19)
(17, 18)
(17, 17)
(16, 17)
(16, 16)
kaikki ok
Reitin pituus: 20
(10, 17)
(11, 17)
(12, 17)
(12, 16)
(12, 15)
(13, 15)
(14, 15)
(14, 14)
(14, 13)
(14, 12)
(14, 11)
(14, 10)
(14, 9)
(14, 8)
(14, 7)
(14, 6)
(14, 5)
(15, 5)
(16, 5)
(17, 5)
(17, 4)
kaikki ok
Reitin pituus: 15
(16, 15)
(17, 15)
(17, 14)
(17, 13)
(16, 13)
(15, 13)
(14, 13)
(13, 13)
(12, 13)
(12, 12)
(12, 11)
(11, 11)
(10, 11)
(9, 11)
(8, 11)
(7, 11)
kaikki ok
Reitin pituus: 4
(8, 19)
(7, 19)
(6, 19)
(5, 19)
(4, 19)
kaikki ok
Reitin pituus: 25
(8, 3)
(9, 3)
(10, 3)
(11, 3)
(12, 3)
(13, 3)
(14, 3)
(14, 4)
(14, 5)
(14, 6)
(14, 7)
(14, 8)
(14, 9)
(14, 10)
(14, 11)
(14, 12)
(14, 13)
(14, 14)
(14, 15)
(14, 16)
(14, 17)
(15, 17)
(16, 17)
(17, 17)
(17, 18)
(17, 19)
kaikki ok
Reitin pituus: 18
(1, 5)
(1, 4)
(1, 3)
(2, 3)
(3, 3)
(4, 3)
(5, 3)
(6, 3)
(7, 3)
(8, 3)
(9, 3)
(10, 3)
(10, 2)
(10, 1)
(11, 1)
(12, 1)
(13, 1)
(14, 1)
(15, 1)
kaikki ok
Reitin pituus: 13
(1, 19)
(2, 19)
(3, 19)
(4, 19)
(5, 19)
(6, 19)
(7, 19)
(8, 19)
(9, 19)
(10, 19)
(11, 19)
(12, 19)
(13, 19)
(14, 19)
kaikki ok
Reitin pituus: 12
(1, 18)
(1, 17)
(2, 17)
(3, 17)
(4, 17)
(4, 16)
(4, 15)
(4, 14)
(4, 13)
(4, 12)
(4, 11)
(4, 10)
(4, 9)
kaikki ok
Reitin pituus: 21
(8, 3)
(7, 3)
(6, 3)
(6, 4)
(6, 5)
(7, 5)
(8, 5)
(8, 6)
(8, 7)
(7, 7)
(6, 7)
(6, 8)
(6, 9)
(6, 10)
(6, 11)
(6, 12)
(6, 13)
(7, 13)
(8, 13)
(8, 14)
(8, 15)
(9, 15)
kaikki ok
Reitin pituus: 18
(13, 1)
(12, 1)
(11, 1)
(10, 1)
(10, 2)
(10, 3)
(9, 3)
(8, 3)
(7, 3)
(6, 3)
(5, 3)
(4, 3)
(4, 4)
(4, 5)
(4, 6)
(4, 7)
(4, 8)
(4, 9)
(4, 10)
kaikki ok
Reitin pituus: 18
(10, 3)
(9, 3)
(8, 3)
(7, 3)
(6, 3)
(6, 4)
(6, 5)
(7, 5)
(8, 5)
(8, 6)
(8, 7)
(7, 7)
(6, 7)
(6, 8)
(6, 9)
(6, 10)
(6, 11)
(6, 12)
(6, 13)
kaikki ok
Reitin pituus: 17
(12, 13)
(11, 13)
(10, 13)
(10, 14)
(10, 15)
(9, 15)
(8, 15)
(7, 15)
(6, 15)
(5, 15)
(4, 15)
(4, 16)
(4, 17)
(3, 17)
(2, 17)
(2, 16)
(2, 15)
(1, 15)
kaikki ok
Reitin pituus: 5
(4, 13)
(5, 13)
(6, 13)
(6, 12)
(6, 11)
(7, 11)
kaikki ok
Reitin pituus: 17
(15, 3)
(14, 3)
(14, 4)
(14, 5)
(14, 6)
(14, 7)
(14, 8)
(14, 9)
(14, 10)
(14, 11)
(14, 12)
(14, 13)
(14, 14)
(14, 15)
(14, 16)
(14, 17)
(15, 17)
(16, 17)
kaikki ok
Reitin pituus: 6
(4, 13)
(4, 14)
(4, 15)
(5, 15)
(6, 15)
(6, 16)
(6, 17)
kaikki ok
Reitin pituus: 11
(11, 3)
(10, 3)
(9, 3)
(8, 3)
(7, 3)
(6, 3)
(5, 3)
(4, 3)
(4, 4)
(4, 5)
(4, 6)
(4, 7)
kaikki ok
Reitin pituus: 19
(2, 5)
(3, 5)
(4, 5)
(4, 6)
(4, 7)
(4, 8)
(4, 9)
(5, 9)
(6, 9)
(6, 8)
(6, 7)
(7, 7)
(8, 7)
(9, 7)
(10, 7)
(11, 7)
(12, 7)
(12, 8)
(12, 9)
(13, 9)
kaikki ok
Reitin pituus: 15
(17, 2)
(17, 3)
(17, 4)
(17, 5)
(16, 5)
(15, 5)
(14, 5)
(14, 6)
(14, 7)
(14, 8)
(14, 9)
(14, 10)
(14, 11)
(14, 12)
(14, 13)
(15, 13)
kaikki ok
Reitin pituus: 15
(15, 17)
(14, 17)
(14, 16)
(14, 15)
(13, 15)
(12, 15)
(11, 15)
(10, 15)
(9, 15)
(8, 15)
(8, 14)
(8, 13)
(7, 13)
(6, 13)
(6, 12)
(6, 11)
kaikki ok
Reitin pituus: 11
(14, 8)
(14, 9)
(14, 10)
(14, 11)
(14, 12)
(14, 13)
(14, 14)
(14, 15)
(13, 15)
(12, 15)
(12, 16)
(12, 17)
kaikki ok
Reitin pituus: 17
(10, 19)
(10, 18)
(10, 17)
(11, 17)
(12, 17)
(12, 16)
(12, 15)
(13, 15)
(14, 15)
(14, 14)
(14, 13)
(14, 12)
(14, 11)
(14, 10)
(14, 9)
(13, 9)
(12, 9)
(12, 8)
kaikki ok
Reitin pituus: 9
(10, 1)
(10, 2)
(10, 3)
(9, 3)
(8, 3)
(7, 3)
(6, 3)
(5, 3)
(4, 3)
(4, 4)
kaikki ok
Reitin pituus: 1
(16, 15)
(16, 16)
kaikki ok
Reitin pituus: 10
(12, 13)
(11, 13)
(10, 13)
(10, 14)
(10, 15)
(11, 15)
(12, 15)
(12, 16)
(12, 17)
(11, 17)
(10, 17)
kaikki ok
Reitin pituus: 22
(9, 9)
(9, 8)
(9, 7)
(10, 7)
(11, 7)
(12, 7)
(12, 8)
(12, 9)
(13, 9)
(14, 9)
(14, 10)
(14, 11)
(14, 12)
(14, 13)
(14, 14)
(14, 15)
(14, 16)
(14, 17)
(15, 17)
(16, 17)
(17, 17)
(17, 18)
(17, 19)
kaikki ok
Reitin pituus: 4
(10, 2)
(10, 3)
(9, 3)
(8, 3)
(7, 3)
kaikki ok
Reitin pituus: 15
(10, 13)
(10, 14)
(10, 15)
(9, 15)
(8, 15)
(8, 14)
(8, 13)
(7, 13)
(6, 13)
(6, 12)
(6, 11)
(6, 10)
(6, 9)
(5, 9)
(4, 9)
(4, 8)
kaikki ok
Reitin pituus: 10
(6, 16)
(6, 15)
(5, 15)
(4, 15)
(4, 14)
(4, 13)
(3, 13)
(2, 13)
(1, 13)
(1, 14)
(1, 15)
kaikki ok
Reitin pituus: 11
(6, 7)
(7, 7)
(8, 7)
(9, 7)
(10, 7)
(11, 7)
(12, 7)
(12, 8)
(12, 9)
(13, 9)
(14, 9)
(14, 10)
kaikki ok
Reitin pituus: 27
(1, 3)
(2, 3)
(3, 3)
(4, 3)
(4, 4)
(4, 5)
(4, 6)
(4, 7)
(4, 8)
(4, 9)
(4, 10)
(4, 11)
(4, 12)
(4, 13)
(4, 14)
(4, 15)
(5, 15)
(6, 15)
(6, 16)
(6, 17)
(7, 17)
(8, 17)
(8, 18)
(8, 19)
(9, 19)
(10, 19)
(11, 19)
(12, 19)
kaikki ok
Reitin pituus: 16
(14, 19)
(13, 19)
(12, 19)
(11, 19)
(10, 19)
(9, 19)
(8, 19)
(8, 18)
(8, 17)
(7, 17)
(6, 17)
(6, 16)
(6, 15)
(7, 15)
(8, 15)
(8, 14)
(8, 13)
kaikki ok
Reitin pituus: 7
(10, 3)
(9, 3)
(8, 3)
(8, 2)
(8, 1)
(7, 1)
(6, 1)
(5, 1)
kaikki ok
Reitin pituus: 21
(10, 3)
(9, 3)
(8, 3)
(7, 3)
(6, 3)
(5, 3)
(4, 3)
(4, 4)
(4, 5)
(4, 6)
(4, 7)
(4, 8)
(4, 9)
(4, 10)
(4, 11)
(4, 12)
(4, 13)
(4, 14)
(4, 15)
(5, 15)
(6, 15)
(6, 16)
kaikki ok
Reitin pituus: 20
(17, 17)
(16, 17)
(15, 17)
(14, 17)
(14, 16)
(14, 15)
(14, 14)
(14, 13)
(13, 13)
(12, 13)
(12, 12)
(12, 11)
(12, 10)
(12, 9)
(12, 8)
(12, 7)
(11, 7)
(10, 7)
(9, 7)
(9, 8)
(9, 9)
kaikki ok
Reitin pituus: 17
(9, 9)
(9, 8)
(9, 7)
(8, 7)
(7, 7)
(6, 7)
(6, 8)
(6, 9)
(6, 10)
(6, 11)
(6, 12)
(6, 13)
(5, 13)
(4, 13)
(4, 14)
(4, 15)
(4, 16)
(4, 17)
kaikki ok
Reitin pituus: 14
(14, 6)
(14, 7)
(14, 8)
(14, 9)
(13, 9)
(12, 9)
(12, 10)
(12, 11)
(11, 11)
(10, 11)
(9, 11)
(8, 11)
(7, 11)
(6, 11)
(6, 10)
kaikki ok
Reitin pituus: 13
(5, 15)
(6, 15)
(7, 15)
(8, 15)
(9, 15)
(10, 15)
(11, 15)
(12, 15)
(13, 15)
(14, 15)
(14, 14)
(14, 13)
(15, 13)
(16, 13)
kaikki ok
Reitin pituus: 14
(7, 17)
(6, 17)
(6, 16)
(6, 15)
(7, 15)
(8, 15)
(8, 14)
(8, 13)
(7, 13)
(6, 13)
(6, 12)
(6, 11)
(7, 11)
(8, 11)
(9, 11)
kaikki ok
Reitin pituus: 12
(7, 5)
(8, 5)
(8, 6)
(8, 7)
(7, 7)
(6, 7)
(6, 8)
(6, 9)
(6, 10)
(6, 11)
(7, 11)
(8, 11)
(9, 11)
kaikki ok
Reitin pituus: 19
(14, 3)
(13, 3)
(12, 3)
(12, 4)
(12, 5)
(11, 5)
(10, 5)
(10, 6)
(10, 7)
(9, 7)
(8, 7)
(7, 7)
(6, 7)
(6, 8)
(6, 9)
(6, 10)
(6, 11)
(6, 12)
(6, 13)
(5, 13)
kaikki ok
Reitin pituus: 10
(9, 8)
(9, 7)
(10, 7)
(11, 7)
(12, 7)
(12, 8)
(12, 9)
(12, 10)
(12, 11)
(12, 12)
(12, 13)
kaikki ok
Reitin pituus: 7
(5, 3)
(6, 3)
(7, 3)
(8, 3)
(9, 3)
(10, 3)
(11, 3)
(12, 3)
kaikki ok
Reitin pituus: 14
(14, 10)
(14, 11)
(14, 12)
(14, 13)
(14, 14)
(14, 15)
(13, 15)
(12, 15)
(11, 15)
(10, 15)
(9, 15)
(8, 15)
(7, 15)
(6, 15)
(5, 15)
kaikki ok
Reitin pituus: 23
(12, 19)
(11, 19)
(10, 19)
(10, 18)
(10, 17)
(11, 17)
(12, 17)
(12, 16)
(12, 15)
(13, 15)
(14, 15)
(14, 14)
(14, 13)
(14, 12)
(14, 11)
(14, 10)
(14, 9)
(14, 8)
(14, 7)
(14, 6)
(14, 5)
(15, 5)
(16, 5)
(17, 5)
kaikki ok
Reitin pituus: 13
(14, 5)
(14, 4)
(14, 3)
(13, 3)
(12, 3)
(11, 3)
(10, 3)
(9, 3)
(8, 3)
(7, 3)
(6, 3)
(6, 4)
(6, 5)
(7, 5)
kaikki ok
Reitin pituus: 7
(11, 13)
(10, 13)
(10, 14)
(10, 15)
(9, 15)
(8, 15)
(7, 15)
(6, 15)
kaikki ok
Reitin pituus: 18
(8, 11)
(9, 11)
(10, 11)
(11, 11)
(12, 11)
(12, 12)
(12, 13)
(13, 13)
(14, 13)
(14, 14)
(14, 15)
(14, 16)
(14, 17)
(15, 17)
(16, 17)
(17, 17)
(17, 18)
(17, 19)
(16, 19)
kaikki ok
Reitin pituus: 5
(12, 11)
(12, 12)
(12, 13)
(13, 13)
(14, 13)
(14, 12)
kaikki ok
Reitin pituus: 12
(14, 10)
(14, 11)
(14, 12)
(14, 13)
(14, 14)
(14, 15)
(14, 16)
(14, 17)
(15, 17)
(16, 17)
(17, 17)
(17, 18)
(17, 19)
kaikki ok
Reitin pituus: 25
(4, 4)
(4, 5)
(4, 6)
(4, 7)
(4, 8)
(4, 9)
(4, 10)
(4, 11)
(4, 12)
(4, 13)
(4, 14)
(4, 15)
(5, 15)
(6, 15)
(6, 16)
(6, 17)
(7, 17)
(8, 17)
(8, 18)
(8, 19)
(9, 19)
(10, 19)
(11, 19)
(12, 19)
(13, 19)
(14, 19)
kaikki ok
Reitin pituus: 0
(11, 15)
kaikki ok
Reitin pituus: 9
(6, 11)
(6, 10)
(6, 9)
(6, 8)
(6, 7)
(7, 7)
(8, 7)
(9, 7)
(10, 7)
(11, 7)
kaikki ok
Reitin pituus: 7
(6, 3)
(6, 4)
(6, 5)
(7, 5)
(8, 5)
(8, 6)
(8, 7)
(9, 7)
kaikki ok
Reitin pituus: 11
(16, 15)
(17, 15)
(17, 14)
(17, 13)
(16, 13)
(15, 13)
(14, 13)
(14, 12)
(14, 11)
(14, 10)
(14, 9)
(13, 9)
kaikki ok
Reitin pituus: 10
(4, 10)
(4, 9)
(5, 9)
(6, 9)
(6, 8)
(6, 7)
(7, 7)
(8, 7)
(9, 7)
(9, 8)
(9, 9)
kaikki ok
Reitin pituus: 19
(6, 1)
(5, 1)
(4, 1)
(4, 2)
(4, 3)
(4, 4)
(4, 5)
(4, 6)
(4, 7)
(4, 8)
(4, 9)
(5, 9)
(6, 9)
(6, 10)
(6, 11)
(7, 11)
(8, 11)
(9, 11)
(10, 11)
(11, 11)
kaikki ok
Reitin pituus: 15
(4, 4)
(4, 3)
(5, 3)
(6, 3)
(7, 3)
(8, 3)
(9, 3)
(10, 3)
(11, 3)
(12, 3)
(13, 3)
(14, 3)
(14, 4)
(14, 5)
(15, 5)
(16, 5)
kaikki ok
Reitin pituus: 7
(12, 3)
(13, 3)
(14, 3)
(14, 4)
(14, 5)
(14, 6)
(14, 7)
(14, 8)
kaikki ok
Reitin pituus: 15
(2, 3)
(3, 3)
(4, 3)
(4, 4)
(4, 5)
(4, 6)
(4, 7)
(4, 8)
(4, 9)
(4, 10)
(4, 11)
(4, 12)
(4, 13)
(4, 14)
(4, 15)
(4, 16)
kaikki ok
Reitin pituus: 7
(7, 7)
(8, 7)
(9, 7)
(10, 7)
(11, 7)
(12, 7)
(12, 8)
(12, 9)
kaikki ok
Reitin pituus: 20
(15, 5)
(14, 5)
(14, 6)
(14, 7)
(14, 8)
(14, 9)
(13, 9)
(12, 9)
(12, 10)
(12, 11)
(12, 12)
(12, 13)
(11, 13)
(10, 13)
(10, 14)
(10, 15)
(9, 15)
(8, 15)
(7, 15)
(6, 15)
(6, 16)
kaikki ok
Reitin pituus: 6
(7, 7)
(6, 7)
(6, 8)
(6, 9)
(5, 9)
(4, 9)
(4, 10)
kaikki ok
Reitin pituus: 20
(5, 3)
(4, 3)
(4, 4)
(4, 5)
(4, 6)
(4, 7)
(4, 8)
(4, 9)
(4, 10)
(4, 11)
(4, 12)
(4, 13)
(4, 14)
(4, 15)
(5, 15)
(6, 15)
(7, 15)
(8, 15)
(9, 15)
(10, 15)
(11, 15)
kaikki ok
Reitin pituus: 4
(1, 4)
(1, 3)
(2, 3)
(3, 3)
(4, 3)
kaikki ok
Reitin pituus: 18
(14, 14)
(14, 13)
(13, 13)
(12, 13)
(12, 12)
(12, 11)
(11, 11)
(10, 11)
(9, 11)
(8, 11)
(7, 11)
(6, 11)
(6, 10)
(6, 9)
(5, 9)
(4, 9)
(4, 8)
(4, 7)
(4, 6)
kaikki ok
Reitin pituus: 4
(14, 13)
(13, 13)
(12, 13)
(11, 13)
(10, 13)
kaikki ok
Reitin pituus: 5
(4, 3)
(5, 3)
(6, 3)
(7, 3)
(8, 3)
(8, 2)
kaikki ok
Reitin pituus: 7
(12, 15)
(13, 15)
(14, 15)
(14, 16)
(14, 17)
(15, 17)
(16, 17)
(16, 16)
kaikki ok
Reitin pituus: 2
(3, 1)
(2, 1)
(1, 1)
kaikki ok
Reitin pituus: 9
(8, 18)
(8, 17)
(7, 17)
(6, 17)
(6, 16)
(6, 15)
(7, 15)
(8, 15)
(8, 14)
(8, 13)
kaikki ok
Reitin pituus: 8
(14, 7)
(14, 6)
(14, 5)
(14, 4)
(14, 3)
(13, 3)
(12, 3)
(12, 4)
(12, 5)
kaikki ok
Reitin pituus: 22
(1, 4)
(1, 5)
(2, 5)
(3, 5)
(4, 5)
(4, 6)
(4, 7)
(4, 8)
(4, 9)
(4, 10)
(4, 11)
(4, 12)
(4, 13)
(4, 14)
(4, 15)
(4, 16)
(4, 17)
(3, 17)
(2, 17)
(1, 17)
(1, 18)
(1, 19)
(2, 19)
kaikki ok
Reitin pituus: 22
(16, 5)
(15, 5)
(14, 5)
(14, 6)
(14, 7)
(14, 8)
(14, 9)
(13, 9)
(12, 9)
(12, 10)
(12, 11)
(12, 12)
(12, 13)
(11, 13)
(10, 13)
(10, 14)
(10, 15)
(9, 15)
(8, 15)
(7, 15)
(6, 15)
(6, 16)
(6, 17)
kaikki ok
Reitin pituus: 20
(6, 12)
(6, 11)
(6, 10)
(6, 9)
(6, 8)
(6, 7)
(7, 7)
(8, 7)
(9, 7)
(10, 7)
(10, 6)
(10, 5)
(11, 5)
(12, 5)
(12, 4)
(12, 3)
(11, 3)
(10, 3)
(10, 2)
(10, 1)
(11, 1)
kaikki ok
Reitin pituus: 1
(12, 11)
(12, 12)
kaikki ok
Reitin pituus: 10
(14, 1)
(14, 2)
(14, 3)
(14, 4)
(14, 5)
(14, 6)
(14, 7)
(14, 8)
(14, 9)
(13, 9)
(12, 9)
kaikki ok
Reitin pituus: 27
(10, 17)
(11, 17)
(12, 17)
(12, 16)
(12, 15)
(11, 15)
(10, 15)
(9, 15)
(8, 15)
(7, 15)
(6, 15)
(5, 15)
(4, 15)
(4, 14)
(4, 13)
(4, 12)
(4, 11)
(4, 10)
(4, 9)
(4, 8)
(4, 7)
(4, 6)
(4, 5)
(4, 4)
(4, 3)
(4, 2)
(4, 1)
(3, 1)
kaikki ok
Reitin pituus: 13
(7, 11)
(6, 11)
(6, 10)
(6, 9)
(5, 9)
(4, 9)
(4, 8)
(4, 7)
(4, 6)
(4, 5)
(4, 4)
(4, 3)
(3, 3)
(2, 3)
kaikki ok
Reitin pituus: 6
(3, 5)
(4, 5)
(4, 4)
(4, 3)
(4, 2)
(4, 1)
(5, 1)
kaikki ok
Reitin pituus: 16
(12, 17)
(12, 16)
(12, 15)
(13, 15)
(14, 15)
(14, 14)
(14, 13)
(14, 12)
(14, 11)
(14, 10)
(14, 9)
(14, 8)
(14, 7)
(14, 6)
(14, 5)
(14, 4)
(14, 3)
kaikki ok
Reitin pituus: 16
(17, 14)
(17, 13)
(16, 13)
(15, 13)
(14, 13)
(13, 13)
(12, 13)
(12, 12)
(12, 11)
(11, 11)
(10, 11)
(9, 11)
(8, 11)
(7, 11)
(6, 11)
(6, 10)
(6, 9)
kaikki ok
Reitin pituus: 25
(1, 2)
(1, 3)
(1, 4)
(1, 5)
(2, 5)
(3, 5)
(4, 5)
(4, 6)
(4, 7)
(4, 8)
(4, 9)
(4, 10)
(4, 11)
(4, 12)
(4, 13)
(5, 13)
(6, 13)
(7, 13)
(8, 13)
(8, 14)
(8, 15)
(9, 15)
(10, 15)
(11, 15)
(12, 15)
(12, 16)
kaikki ok
Reitin pituus: 13
(11, 3)
(12, 3)
(12, 4)
(12, 5)
(11, 5)
(10, 5)
(10, 6)
(10, 7)
(11, 7)
(12, 7)
(12, 8)
(12, 9)
(12, 10)
(12, 11)
kaikki ok
Reitin pituus: 28
(1, 4)
(1, 5)
(2, 5)
(3, 5)
(4, 5)
(4, 6)
(4, 7)
(4, 8)
(4, 9)
(4, 10)
(4, 11)
(4, 12)
(4, 13)
(4, 14)
(4, 15)
(5, 15)
(6, 15)
(6, 16)
(6, 17)
(7, 17)
(8, 17)
(8, 18)
(8, 19)
(9, 19)
(10, 19)
(11, 19)
(12, 19)
(13, 19)
(14, 19)
kaikki ok
Reitin pituus: 21
(5, 19)
(6, 19)
(7, 19)
(8, 19)
(9, 19)
(10, 19)
(10, 18)
(10, 17)
(11, 17)
(12, 17)
(12, 16)
(12, 15)
(13, 15)
(14, 15)
(14, 14)
(14, 13)
(14, 12)
(14, 11)
(14, 10)
(14, 9)
(14, 8)
(14, 7)
kaikki ok
Reitin pituus: 13
(14, 17)
(14, 16)
(14, 15)
(13, 15)
(12, 15)
(12, 16)
(12, 17)
(11, 17)
(10, 17)
(10, 18)
(10, 19)
(9, 19)
(8, 19)
(8, 18)
kaikki ok
Reitin pituus: 15
(4, 4)
(4, 3)
(5, 3)
(6, 3)
(7, 3)
(8, 3)
(9, 3)
(10, 3)
(11, 3)
(12, 3)
(13, 3)
(14, 3)
(14, 4)
(14, 5)
(14, 6)
(14, 7)
kaikki ok
Reitin pituus: 10
(8, 7)
(8, 6)
(8, 5)
(7, 5)
(6, 5)
(6, 4)
(6, 3)
(5, 3)
(4, 3)
(4, 4)
(4, 5)
kaikki ok
Reitin pituus: 12
(14, 10)
(14, 9)
(13, 9)
(12, 9)
(12, 8)
(12, 7)
(11, 7)
(10, 7)
(9, 7)
(8, 7)
(7, 7)
(6, 7)
(6, 8)
kaikki ok
Reitin pituus: 17
(12, 9)
(12, 10)
(12, 11)
(12, 12)
(12, 13)
(11, 13)
(10, 13)
(10, 14)
(10, 15)
(11, 15)
(12, 15)
(12, 16)
(12, 17)
(11, 17)
(10, 17)
(10, 18)
(10, 19)
(9, 19)
kaikki ok
Reitin pituus: 10
(10, 3)
(9, 3)
(8, 3)
(7, 3)
(6, 3)
(5, 3)
(4, 3)
(4, 4)
(4, 5)
(4, 6)
(4, 7)
kaikki ok
Reitin pituus: 8
(8, 7)
(7, 7)
(6, 7)
(6, 8)
(6, 9)
(6, 10)
(6, 11)
(6, 12)
(6, 13)
kaikki ok
Reitin pituus: 10
(15, 17)
(14, 17)
(14, 16)
(14, 15)
(14, 14)
(14, 13)
(14, 12)
(14, 11)
(14, 10)
(14, 9)
(14, 8)
kaikki ok
Reitin pituus: 21
(6, 17)
(6, 16)
(6, 15)
(7, 15)
(8, 15)
(9, 15)
(10, 15)
(10, 14)
(10, 13)
(11, 13)
(12, 13)
(12, 12)
(12, 11)
(12, 10)
(12, 9)
(13, 9)
(14, 9)
(14, 8)
(14, 7)
(14, 6)
(14, 5)
(15, 5)
kaikki ok
Reitin pituus: 17
(13, 3)
(12, 3)
(12, 4)
(12, 5)
(11, 5)
(10, 5)
(10, 6)
(10, 7)
(9, 7)
(8, 7)
(7, 7)
(6, 7)
(6, 8)
(6, 9)
(5, 9)
(4, 9)
(4, 10)
(4, 11)
kaikki ok
Reitin pituus: 4
(4, 10)
(4, 9)
(5, 9)
(6, 9)
(6, 10)
kaikki ok
Reitin pituus: 22
(2, 15)
(1, 15)
(1, 14)
(1, 13)
(2, 13)
(3, 13)
(4, 13)
(4, 12)
(4, 11)
(4, 10)
(4, 9)
(4, 8)
(4, 7)
(4, 6)
(4, 5)
(4, 4)
(4, 3)
(5, 3)
(6, 3)
(7, 3)
(8, 3)
(8, 2)
(8, 1)
kaikki ok
Reitin pituus: 13
(8, 13)
(7, 13)
(6, 13)
(6, 12)
(6, 11)
(6, 10)
(6, 9)
(6, 8)
(6, 7)
(7, 7)
(8, 7)
(9, 7)
(10, 7)
(11, 7)
kaikki ok
Reitin pituus: 23
(7, 3)
(8, 3)
(9, 3)
(10, 3)
(11, 3)
(12, 3)
(13, 3)
(14, 3)
(14, 4)
(14, 5)
(14, 6)
(14, 7)
(14, 8)
(14, 9)
(14, 10)
(14, 11)
(14, 12)
(14, 13)
(15, 13)
(16, 13)
(17, 13)
(17, 14)
(17, 15)
(16, 15)
kaikki ok
Reitin pituus: 24
(12, 4)
(12, 3)
(13, 3)
(14, 3)
(14, 4)
(14, 5)
(14, 6)
(14, 7)
(14, 8)
(14, 9)
(14, 10)
(14, 11)
(14, 12)
(14, 13)
(14, 14)
(14, 15)
(13, 15)
(12, 15)
(12, 16)
(12, 17)
(11, 17)
(10, 17)
(10, 18)
(10, 19)
(9, 19)
kaikki ok
Reitin pituus: 14
(17, 19)
(16, 19)
(15, 19)
(14, 19)
(13, 19)
(12, 19)
(11, 19)
(10, 19)
(9, 19)
(8, 19)
(8, 18)
(8, 17)
(7, 17)
(6, 17)
(6, 16)
kaikki ok
Reitin pituus: 9
(7, 15)
(6, 15)
(5, 15)
(4, 15)
(4, 14)
(4, 13)
(3, 13)
(2, 13)
(1, 13)
(1, 14)
kaikki ok
Reitin pituus: 15
(4, 14)
(4, 13)
(4, 12)
(4, 11)
(4, 10)
(4, 9)
(5, 9)
(6, 9)
(6, 8)
(6, 7)
(7, 7)
(8, 7)
(9, 7)
(9, 8)
(9, 9)
(10, 9)
kaikki ok
Reitin pituus: 7
(12, 9)
(12, 8)
(12, 7)
(11, 7)
(10, 7)
(9, 7)
(8, 7)
(7, 7)
kaikki ok
Reitin pituus: 11
(6, 13)
(6, 12)
(6, 11)
(6, 10)
(6, 9)
(6, 8)
(6, 7)
(7, 7)
(8, 7)
(8, 6)
(8, 5)
(7, 5)
kaikki ok
Reitin pituus: 7
(17, 3)
(16, 3)
(15, 3)
(14, 3)
(13, 3)
(12, 3)
(12, 4)
(12, 5)
kaikki ok
Reitin pituus: 8
(12, 12)
(12, 11)
(12, 10)
(12, 9)
(12, 8)
(12, 7)
(11, 7)
(10, 7)
(10, 6)
kaikki ok
Reitin pituus: 16
(12, 13)
(11, 13)
(10, 13)
(10, 14)
(10, 15)
(9, 15)
(8, 15)
(7, 15)
(6, 15)
(5, 15)
(4, 15)
(4, 16)
(4, 17)
(3, 17)
(2, 17)
(1, 17)
(1, 18)
kaikki ok
Reitin pituus: 10
(7, 3)
(6, 3)
(5, 3)
(4, 3)
(4, 4)
(4, 5)
(4, 6)
(4, 7)
(4, 8)
(4, 9)
(5, 9)
kaikki ok
Reitin pituus: 19
(15, 5)
(14, 5)
(14, 6)
(14, 7)
(14, 8)
(14, 9)
(13, 9)
(12, 9)
(12, 10)
(12, 11)
(12, 12)
(12, 13)
(11, 13)
(10, 13)
(10, 14)
(10, 15)
(9, 15)
(8, 15)
(8, 14)
(8, 13)
kaikki ok
Reitin pituus: 11
(4, 12)
(4, 11)
(4, 10)
(4, 9)
(4, 8)
(4, 7)
(4, 6)
(4, 5)
(4, 4)
(4, 3)
(5, 3)
(6, 3)
kaikki ok
Reitin pituus: 15
(11, 17)
(12, 17)
(12, 16)
(12, 15)
(11, 15)
(10, 15)
(9, 15)
(8, 15)
(8, 14)
(8, 13)
(7, 13)
(6, 13)
(6, 12)
(6, 11)
(6, 10)
(6, 9)
kaikki ok
Reitin pituus: 15
(9, 8)
(9, 7)
(8, 7)
(7, 7)
(6, 7)
(6, 8)
(6, 9)
(5, 9)
(4, 9)
(4, 10)
(4, 11)
(4, 12)
(4, 13)
(3, 13)
(2, 13)
(1, 13)
kaikki ok
Reitin pituus: 22
(14, 3)
(14, 4)
(14, 5)
(14, 6)
(14, 7)
(14, 8)
(14, 9)
(14, 10)
(14, 11)
(14, 12)
(14, 13)
(14, 14)
(14, 15)
(13, 15)
(12, 15)
(12, 16)
(12, 17)
(11, 17)
(10, 17)
(10, 18)
(10, 19)
(9, 19)
(8, 19)
kaikki ok
Reitin pituus: 11
(1, 15)
(2, 15)
(2, 16)
(2, 17)
(3, 17)
(4, 17)
(4, 16)
(4, 15)
(5, 15)
(6, 15)
(6, 16)
(6, 17)
kaikki ok
Reitin pituus: 0
(7, 5)
kaikki ok
Reitin pituus: 8
(4, 9)
(5, 9)
(6, 9)
(6, 8)
(6, 7)
(7, 7)
(8, 7)
(9, 7)
(9, 8)
kaikki ok
Reitin pituus: 9
(10, 2)
(10, 3)
(9, 3)
(8, 3)
(8, 2)
(8, 1)
(7, 1)
(6, 1)
(5, 1)
(4, 1)
kaikki ok
Reitin pituus: 22
(17, 3)
(16, 3)
(15, 3)
(14, 3)
(13, 3)
(12, 3)
(12, 4)
(12, 5)
(11, 5)
(10, 5)
(10, 6)
(10, 7)
(9, 7)
(8, 7)
(7, 7)
(6, 7)
(6, 8)
(6, 9)
(6, 10)
(6, 11)
(6, 12)
(6, 13)
(5, 13)
kaikki ok
Reitin pituus: 10
(10, 7)
(9, 7)
(8, 7)
(7, 7)
(6, 7)
(6, 8)
(6, 9)
(5, 9)
(4, 9)
(4, 8)
(4, 7)
kaikki ok
Reitin pituus: 28
(16, 19)
(17, 19)
(17, 18)
(17, 17)
(16, 17)
(15, 17)
(14, 17)
(14, 16)
(14, 15)
(14, 14)
(14, 13)
(13, 13)
(12, 13)
(12, 12)
(12, 11)
(12, 10)
(12, 9)
(12, 8)
(12, 7)
(11, 7)
(10, 7)
(9, 7)
(8, 7)
(8, 6)
(8, 5)
(7, 5)
(6, 5)
(6, 4)
(6, 3)
kaikki ok
Reitin pituus: 16
(3, 5)
(4, 5)
(4, 6)
(4, 7)
(4, 8)
(4, 9)
(5, 9)
(6, 9)
(6, 10)
(6, 11)
(6, 12)
(6, 13)
(7, 13)
(8, 13)
(8, 14)
(8, 15)
(9, 15)
kaikki ok
Reitin pituus: 11
(11, 13)
(10, 13)
(10, 14)
(10, 15)
(9, 15)
(8, 15)
(7, 15)
(6, 15)
(5, 15)
(4, 15)
(4, 14)
(4, 13)
kaikki ok
Reitin pituus: 29
(1, 19)
(1, 18)
(1, 17)
(2, 17)
(3, 17)
(4, 17)
(4, 16)
(4, 15)
(4, 14)
(4, 13)
(4, 12)
(4, 11)
(4, 10)
(4, 9)
(4, 8)
(4, 7)
(4, 6)
(4, 5)
(4, 4)
(4, 3)
(5, 3)
(6, 3)
(7, 3)
(8, 3)
(9, 3)
(10, 3)
(10, 2)
(10, 1)
(11, 1)
(12, 1)
kaikki ok
Reitin pituus: 8
(14, 2)
(14, 3)
(14, 4)
(14, 5)
(14, 6)
(14, 7)
(14, 8)
(14, 9)
(14, 10)
kaikki ok
Reitin pituus: 23
(10, 2)
(10, 3)
(9, 3)
(8, 3)
(7, 3)
(6, 3)
(5, 3)
(4, 3)
(4, 4)
(4, 5)
(4, 6)
(4, 7)
(4, 8)
(4, 9)
(4, 10)
(4, 11)
(4, 12)
(4, 13)
(4, 14)
(4, 15)
(5, 15)
(6, 15)
(6, 16)
(6, 17)
kaikki ok
Reitin pituus: 12
(5, 9)
(6, 9)
(6, 10)
(6, 11)
(6, 12)
(6, 13)
(7, 13)
(8, 13)
(8, 14)
(8, 15)
(9, 15)
(10, 15)
(10, 14)
kaikki ok
Reitin pituus: 16
(14, 8)
(14, 9)
(14, 10)
(14, 11)
(14, 12)
(14, 13)
(14, 14)
(14, 15)
(13, 15)
(12, 15)
(11, 15)
(10, 15)
(9, 15)
(8, 15)
(7, 15)
(6, 15)
(6, 16)
kaikki ok
Reitin pituus: 26
(4, 19)
(3, 19)
(2, 19)
(1, 19)
(1, 18)
(1, 17)
(2, 17)
(3, 17)
(4, 17)
(4, 16)
(4, 15)
(4, 14)
(4, 13)
(5, 13)
(6, 13)
(6, 12)
(6, 11)
(6, 10)
(6, 9)
(6, 8)
(6, 7)
(7, 7)
(8, 7)
(9, 7)
(9, 8)
(9, 9)
(10, 9)
kaikki ok
Reitin pituus: 18
(6, 19)
(7, 19)
(8, 19)
(9, 19)
(10, 19)
(10, 18)
(10, 17)
(11, 17)
(12, 17)
(12, 16)
(12, 15)
(13, 15)
(14, 15)
(14, 14)
(14, 13)
(13, 13)
(12, 13)
(12, 12)
(12, 11)
kaikki ok
Reitin pituus: 18
(14, 5)
(14, 6)
(14, 7)
(14, 8)
(14, 9)
(14, 10)
(14, 11)
(14, 12)
(14, 13)
(14, 14)
(14, 15)
(14, 16)
(14, 17)
(15, 17)
(16, 17)
(17, 17)
(17, 18)
(17, 19)
(16, 19)
kaikki ok
Reitin pituus: 9
(6, 19)
(7, 19)
(8, 19)
(9, 19)
(10, 19)
(10, 18)
(10, 17)
(11, 17)
(12, 17)
(12, 16)
kaikki ok
Reitin pituus: 7
(2, 13)
(3, 13)
(4, 13)
(5, 13)
(6, 13)
(7, 13)
(8, 13)
(8, 14)
kaikki ok
Reitin pituus: 23
(8, 19)
(9, 19)
(10, 19)
(10, 18)
(10, 17)
(11, 17)
(12, 17)
(12, 16)
(12, 15)
(13, 15)
(14, 15)
(14, 14)
(14, 13)
(13, 13)
(12, 13)
(12, 12)
(12, 11)
(12, 10)
(12, 9)
(12, 8)
(12, 7)
(11, 7)
(10, 7)
(10, 6)
kaikki ok
Reitin pituus: 18
(12, 17)
(12, 16)
(12, 15)
(13, 15)
(14, 15)
(14, 14)
(14, 13)
(14, 12)
(14, 11)
(14, 10)
(14, 9)
(13, 9)
(12, 9)
(12, 8)
(12, 7)
(11, 7)
(10, 7)
(10, 6)
(10, 5)
kaikki ok
Reitin pituus: 11
(6, 12)
(6, 11)
(6, 10)
(6, 9)
(6, 8)
(6, 7)
(7, 7)
(8, 7)
(9, 7)
(10, 7)
(11, 7)
(12, 7)
kaikki ok
Reitin pituus: 15
(17, 5)
(16, 5)
(15, 5)
(14, 5)
(14, 6)
(14, 7)
(14, 8)
(14, 9)
(13, 9)
(12, 9)
(12, 10)
(12, 11)
(11, 11)
(10, 11)
(9, 11)
(8, 11)
kaikki ok
Reitin pituus: 13
(4, 9)
(4, 8)
(4, 7)
(4, 6)
(4, 5)
(4, 4)
(4, 3)
(5, 3)
(6, 3)
(7, 3)
(8, 3)
(9, 3)
(10, 3)
(11, 3)
kaikki ok
Reitin pituus: 19
(7, 3)
(6, 3)
(5, 3)
(4, 3)
(4, 4)
(4, 5)
(4, 6)
(4, 7)
(4, 8)
(4, 9)
(4, 10)
(4, 11)
(4, 12)
(4, 13)
(3, 13)
(2, 13)
(1, 13)
(1, 14)
(1, 15)
(2, 15)
kaikki ok
Reitin pituus: 16
(5, 13)
(6, 13)
(7, 13)
(8, 13)
(8, 14)
(8, 15)
(9, 15)
(10, 15)
(11, 15)
(12, 15)
(13, 15)
(14, 15)
(14, 16)
(14, 17)
(15, 17)
(16, 17)
(16, 16)
kaikki ok
Reitin pituus: 11
(14, 9)
(14, 10)
(14, 11)
(14, 12)
(14, 13)
(15, 13)
(16, 13)
(17, 13)
(17, 14)
(17, 15)
(16, 15)
(16, 16)
kaikki ok
Reitin pituus: 6
(12, 3)
(13, 3)
(14, 3)
(14, 2)
(14, 1)
(15, 1)
(16, 1)
kaikki ok
Reitin pituus: 5
(6, 15)
(6, 16)
(6, 17)
(7, 17)
(8, 17)
(8, 18)
kaikki ok
Reitin pituus: 7
(9, 19)
(10, 19)
(10, 18)
(10, 17)
(11, 17)
(12, 17)
(12, 16)
(12, 15)
kaikki ok
Reitin pituus: 13
(6, 4)
(6, 5)
(7, 5)
(8, 5)
(8, 6)
(8, 7)
(7, 7)
(6, 7)
(6, 8)
(6, 9)
(6, 10)
(6, 11)
(6, 12)
(6, 13)
kaikki ok
Reitin pituus: 18
(13, 1)
(12, 1)
(11, 1)
(10, 1)
(10, 2)
(10, 3)
(9, 3)
(8, 3)
(7, 3)
(6, 3)
(5, 3)
(4, 3)
(4, 4)
(4, 5)
(4, 6)
(4, 7)
(4, 8)
(4, 9)
(4, 10)
kaikki ok
Reitin pituus: 14
(12, 3)
(13, 3)
(14, 3)
(14, 4)
(14, 5)
(14, 6)
(14, 7)
(14, 8)
(14, 9)
(14, 10)
(14, 11)
(14, 12)
(14, 13)
(14, 14)
(14, 15)
kaikki ok
Reitin pituus: 1
(9, 9)
(10, 9)
kaikki ok
Reitin pituus: 32
(2, 1)
(3, 1)
(4, 1)
(4, 2)
(4, 3)
(5, 3)
(6, 3)
(6, 4)
(6, 5)
(7, 5)
(8, 5)
(8, 6)
(8, 7)
(9, 7)
(10, 7)
(11, 7)
(12, 7)
(12, 8)
(12, 9)
(12, 10)
(12, 11)
(12, 12)
(12, 13)
(13, 13)
(14, 13)
(14, 14)
(14, 15)
(14, 16)
(14, 17)
(15, 17)
(16, 17)
(17, 17)
(17, 18)
kaikki ok
Reitin pituus: 1
(6, 3)
(5, 3)
kaikki ok
Reitin pituus: 10
(11, 5)
(12, 5)
(12, 4)
(12, 3)
(11, 3)
(10, 3)
(9, 3)
(8, 3)
(8, 2)
(8, 1)
(7, 1)
kaikki ok
Reitin pituus: 18
(16, 19)
(15, 19)
(14, 19)
(13, 19)
(12, 19)
(11, 19)
(10, 19)
(9, 19)
(8, 19)
(8, 18)
(8, 17)
(7, 17)
(6, 17)
(6, 16)
(6, 15)
(5, 15)
(4, 15)
(4, 16)
(4, 17)
kaikki ok
Reitin pituus: 15
(14, 19)
(13, 19)
(12, 19)
(11, 19)
(10, 19)
(10, 18)
(10, 17)
(11, 17)
(12, 17)
(12, 16)
(12, 15)
(11, 15)
(10, 15)
(10, 14)
(10, 13)
(11, 13)
kaikki ok
Reitin pituus: 3
(14, 5)
(14, 4)
(14, 3)
(15, 3)
kaikki ok
Reitin pituus: 23
(2, 5)
(3, 5)
(4, 5)
(4, 6)
(4, 7)
(4, 8)
(4, 9)
(5, 9)
(6, 9)
(6, 10)
(6, 11)
(6, 12)
(6, 13)
(7, 13)
(8, 13)
(8, 14)
(8, 15)
(9, 15)
(10, 15)
(11, 15)
(12, 15)
(12, 16)
(12, 17)
(11, 17)
kaikki ok
Reitin pituus: 14
(2, 3)
(3, 3)
(4, 3)
(4, 4)
(4, 5)
(4, 6)
(4, 7)
(4, 8)
(4, 9)
(4, 10)
(4, 11)
(4, 12)
(4, 13)
(4, 14)
(4, 15)
kaikki ok
Reitin pituus: 25
(10, 5)
(10, 6)
(10, 7)
(11, 7)
(12, 7)
(12, 8)
(12, 9)
(12, 10)
(12, 11)
(12, 12)
(12, 13)
(11, 13)
(10, 13)
(10, 14)
(10, 15)
(11, 15)
(12, 15)
(12, 16)
(12, 17)
(11, 17)
(10, 17)
(10, 18)
(10, 19)
(11, 19)
(12, 19)
(13, 19)
kaikki ok
Reitin pituus: 9
(12, 19)
(11, 19)
(10, 19)
(9, 19)
(8, 19)
(8, 18)
(8, 17)
(7, 17)
(6, 17)
(6, 16)
kaikki ok
Reitin pituus: 8
(14, 16)
(14, 15)
(14, 14)
(14, 13)
(14, 12)
(14, 11)
(14, 10)
(14, 9)
(14, 8)
kaikki ok
Reitin pituus: 17
(4, 14)
(4, 13)
(4, 12)
(4, 11)
(4, 10)
(4, 9)
(5, 9)
(6, 9)
(6, 8)
(6, 7)
(7, 7)
(8, 7)
(9, 7)
(10, 7)
(10, 6)
(10, 5)
(11, 5)
(12, 5)
kaikki ok
Reitin pituus: 31
(2, 19)
(3, 19)
(4, 19)
(5, 19)
(6, 19)
(7, 19)
(8, 19)
(9, 19)
(10, 19)
(10, 18)
(10, 17)
(11, 17)
(12, 17)
(12, 16)
(12, 15)
(13, 15)
(14, 15)
(14, 14)
(14, 13)
(14, 12)
(14, 11)
(14, 10)
(14, 9)
(14, 8)
(14, 7)
(14, 6)
(14, 5)
(14, 4)
(14, 3)
(15, 3)
(16, 3)
(17, 3)
kaikki ok
Reitin pituus: 13
(6, 7)
(7, 7)
(8, 7)
(9, 7)
(10, 7)
(11, 7)
(12, 7)
(12, 8)
(12, 9)
(13, 9)
(14, 9)
(14, 8)
(14, 7)
(14, 6)
kaikki ok
Reitin pituus: 5
(7, 19)
(8, 19)
(9, 19)
(10, 19)
(11, 19)
(12, 19)
kaikki ok
Reitin pituus: 6
(14, 14)
(14, 13)
(13, 13)
(12, 13)
(12, 12)
(12, 11)
(12, 10)
kaikki ok
Reitin pituus: 9
(14, 1)
(14, 2)
(14, 3)
(14, 4)
(14, 5)
(14, 6)
(14, 7)
(14, 8)
(14, 9)
(14, 10)
kaikki ok
Reitin pituus: 10
(12, 4)
(12, 5)
(11, 5)
(10, 5)
(10, 6)
(10, 7)
(9, 7)
(8, 7)
(7, 7)
(6, 7)
(6, 8)
kaikki ok
Reitin pituus: 25
(16, 1)
(15, 1)
(14, 1)
(14, 2)
(14, 3)
(14, 4)
(14, 5)
(14, 6)
(14, 7)
(14, 8)
(14, 9)
(14, 10)
(14, 11)
(14, 12)
(14, 13)
(14, 14)
(14, 15)
(13, 15)
(12, 15)
(11, 15)
(10, 15)
(9, 15)
(8, 15)
(7, 15)
(6, 15)
(6, 16)
kaikki ok
Reitin pituus: 9
(10, 18)
(10, 17)
(11, 17)
(12, 17)
(12, 16)
(12, 15)
(13, 15)
(14, 15)
(14, 16)
(14, 17)
kaikki ok
Reitin pituus: 25
(14, 2)
(14, 3)
(13, 3)
(12, 3)
(12, 4)
(12, 5)
(11, 5)
(10, 5)
(10, 6)
(10, 7)
(9, 7)
(8, 7)
(7, 7)
(6, 7)
(6, 8)
(6, 9)
(6, 10)
(6, 11)
(6, 12)
(6, 13)
(5, 13)
(4, 13)
(3, 13)
(2, 13)
(1, 13)
(1, 14)
kaikki ok
Reitin pituus: 14
(12, 3)
(11, 3)
(10, 3)
(9, 3)
(8, 3)
(7, 3)
(6, 3)
(5, 3)
(4, 3)
(4, 4)
(4, 5)
(4, 6)
(4, 7)
(4, 8)
(4, 9)
kaikki ok
Reitin pituus: 28
(14, 16)
(14, 15)
(13, 15)
(12, 15)
(11, 15)
(10, 15)
(9, 15)
(8, 15)
(8, 14)
(8, 13)
(7, 13)
(6, 13)
(6, 12)
(6, 11)
(6, 10)
(6, 9)
(5, 9)
(4, 9)
(4, 8)
(4, 7)
(4, 6)
(4, 5)
(4, 4)
(4, 3)
(3, 3)
(2, 3)
(1, 3)
(1, 2)
(1, 1)
kaikki ok
Reitin pituus: 13
(7, 13)
(6, 13)
(6, 12)
(6, 11)
(6, 10)
(6, 9)
(5, 9)
(4, 9)
(4, 8)
(4, 7)
(4, 6)
(4, 5)
(4, 4)
(4, 3)
kaikki ok
Reitin pituus: 14
(4, 14)
(4, 13)
(4, 12)
(4, 11)
(4, 10)
(4, 9)
(5, 9)
(6, 9)
(6, 8)
(6, 7)
(7, 7)
(8, 7)
(8, 6)
(8, 5)
(7, 5)
kaikki ok
Reitin pituus: 11
(8, 13)
(8, 14)
(8, 15)
(9, 15)
(10, 15)
(11, 15)
(12, 15)
(13, 15)
(14, 15)
(14, 16)
(14, 17)
(15, 17)
kaikki ok
Reitin pituus: 17
(14, 15)
(14, 14)
(14, 13)
(13, 13)
(12, 13)
(12, 12)
(12, 11)
(12, 10)
(12, 9)
(12, 8)
(12, 7)
(11, 7)
(10, 7)
(9, 7)
(8, 7)
(8, 6)
(8, 5)
(7, 5)
kaikki ok
Reitin pituus: 0
(11, 1)
kaikki ok
Reitin pituus: 14
(5, 1)
(6, 1)
(7, 1)
(8, 1)
(8, 2)
(8, 3)
(9, 3)
(10, 3)
(11, 3)
(12, 3)
(12, 4)
(12, 5)
(11, 5)
(10, 5)
(10, 6)
kaikki ok
Reitin pituus: 8
(11, 11)
(12, 11)
(12, 12)
(12, 13)
(13, 13)
(14, 13)
(14, 14)
(14, 15)
(13, 15)
kaikki ok
Reitin pituus: 2
(11, 15)
(12, 15)
(12, 16)
kaikki ok
Reitin pituus: 11
(7, 3)
(8, 3)
(9, 3)
(10, 3)
(11, 3)
(12, 3)
(13, 3)
(14, 3)
(15, 3)
(16, 3)
(17, 3)
(17, 4)
kaikki ok
Reitin pituus: 18
(14, 9)
(14, 10)
(14, 11)
(14, 12)
(14, 13)
(14, 14)
(14, 15)
(13, 15)
(12, 15)
(11, 15)
(10, 15)
(9, 15)
(8, 15)
(7, 15)
(6, 15)
(5, 15)
(4, 15)
(4, 16)
(4, 17)
kaikki ok
Reitin pituus: 10
(4, 6)
(4, 7)
(4, 8)
(4, 9)
(4, 10)
(4, 11)
(4, 12)
(4, 13)
(3, 13)
(2, 13)
(1, 13)
kaikki ok
Reitin pituus: 4
(10, 6)
(10, 7)
(9, 7)
(8, 7)
(8, 6)
kaikki ok
Reitin pituus: 24
(10, 9)
(9, 9)
(9, 8)
(9, 7)
(8, 7)
(7, 7)
(6, 7)
(6, 8)
(6, 9)
(6, 10)
(6, 11)
(6, 12)
(6, 13)
(5, 13)
(4, 13)
(4, 14)
(4, 15)
(4, 16)
(4, 17)
(3, 17)
(2, 17)
(1, 17)
(1, 18)
(1, 19)
(2, 19)
kaikki ok
Reitin pituus: 18
(4, 15)
(4, 14)
(4, 13)
(4, 12)
(4, 11)
(4, 10)
(4, 9)
(5, 9)
(6, 9)
(6, 8)
(6, 7)
(7, 7)
(8, 7)
(9, 7)
(10, 7)
(10, 6)
(10, 5)
(11, 5)
(12, 5)
kaikki ok
Reitin pituus: 12
(9, 11)
(8, 11)
(7, 11)
(6, 11)
(6, 10)
(6, 9)
(5, 9)
(4, 9)
(4, 8)
(4, 7)
(4, 6)
(4, 5)
(4, 4)
kaikki ok
Reitin pituus: 4
(13, 9)
(12, 9)
(12, 8)
(12, 7)
(11, 7)
kaikki ok
Reitin pituus: 6
(8, 2)
(8, 3)
(9, 3)
(10, 3)
(10, 2)
(10, 1)
(11, 1)
kaikki ok
Reitin pituus: 18
(5, 1)
(4, 1)
(4, 2)
(4, 3)
(5, 3)
(6, 3)
(6, 4)
(6, 5)
(7, 5)
(8, 5)
(8, 6)
(8, 7)
(9, 7)
(10, 7)
(11, 7)
(12, 7)
(12, 8)
(12, 9)
(13, 9)
kaikki ok
Reitin pituus: 9
(11, 17)
(12, 17)
(12, 16)
(12, 15)
(11, 15)
(10, 15)
(9, 15)
(8, 15)
(7, 15)
(6, 15)
kaikki ok
Reitin pituus: 4
(16, 3)
(15, 3)
(14, 3)
(13, 3)
(12, 3)
kaikki ok
Reitin pituus: 15
(17, 2)
(17, 3)
(16, 3)
(15, 3)
(14, 3)
(13, 3)
(12, 3)
(11, 3)
(10, 3)
(9, 3)
(8, 3)
(7, 3)
(6, 3)
(5, 3)
(4, 3)
(4, 2)
kaikki ok
Reitin pituus: 17
(4, 14)
(4, 15)
(5, 15)
(6, 15)
(7, 15)
(8, 15)
(9, 15)
(10, 15)
(11, 15)
(12, 15)
(13, 15)
(14, 15)
(14, 16)
(14, 17)
(15, 17)
(16, 17)
(16, 16)
(16, 15)
kaikki ok
Reitin pituus: 25
(1, 4)
(1, 5)
(2, 5)
(3, 5)
(4, 5)
(4, 6)
(4, 7)
(4, 8)
(4, 9)
(5, 9)
(6, 9)
(6, 10)
(6, 11)
(6, 12)
(6, 13)
(7, 13)
(8, 13)
(8, 14)
(8, 15)
(9, 15)
(10, 15)
(11, 15)
(12, 15)
(12, 16)
(12, 17)
(11, 17)
kaikki ok
Reitin pituus: 8
(6, 3)
(7, 3)
(8, 3)
(9, 3)
(10, 3)
(11, 3)
(12, 3)
(13, 3)
(14, 3)
kaikki ok
Reitin pituus: 15
(7, 13)
(8, 13)
(8, 14)
(8, 15)
(9, 15)
(10, 15)
(10, 14)
(10, 13)
(11, 13)
(12, 13)
(13, 13)
(14, 13)
(15, 13)
(16, 13)
(17, 13)
(17, 14)
kaikki ok
Reitin pituus: 12
(6, 1)
(7, 1)
(8, 1)
(8, 2)
(8, 3)
(7, 3)
(6, 3)
(6, 4)
(6, 5)
(7, 5)
(8, 5)
(8, 6)
(8, 7)
kaikki ok
Reitin pituus: 7
(2, 15)
(1, 15)
(1, 14)
(1, 13)
(2, 13)
(3, 13)
(4, 13)
(4, 12)
kaikki ok
Reitin pituus: 17
(14, 6)
(14, 7)
(14, 8)
(14, 9)
(14, 10)
(14, 11)
(14, 12)
(14, 13)
(14, 14)
(14, 15)
(13, 15)
(12, 15)
(12, 16)
(12, 17)
(11, 17)
(10, 17)
(10, 18)
(10, 19)
kaikki ok
Reitin pituus: 24
(14, 16)
(14, 15)
(13, 15)
(12, 15)
(11, 15)
(10, 15)
(9, 15)
(8, 15)
(8, 14)
(8, 13)
(7, 13)
(6, 13)
(6, 12)
(6, 11)
(6, 10)
(6, 9)
(5, 9)
(4, 9)
(4, 8)
(4, 7)
(4, 6)
(4, 5)
(4, 4)
(4, 3)
(4, 2)
kaikki ok
Reitin pituus: 8
(14, 10)
(14, 9)
(14, 8)
(14, 7)
(14, 6)
(14, 5)
(15, 5)
(16, 5)
(17, 5)
kaikki ok
Reitin pituus: 18
(12, 13)
(11, 13)
(10, 13)
(10, 14)
(10, 15)
(9, 15)
(8, 15)
(7, 15)
(6, 15)
(6, 16)
(6, 17)
(7, 17)
(8, 17)
(8, 18)
(8, 19)
(7, 19)
(6, 19)
(5, 19)
(4, 19)
kaikki ok
Reitin pituus: 15
(14, 16)
(14, 15)
(14, 14)
(14, 13)
(14, 12)
(14, 11)
(14, 10)
(14, 9)
(14, 8)
(14, 7)
(14, 6)
(14, 5)
(14, 4)
(14, 3)
(14, 2)
(14, 1)
kaikki ok
Reitin pituus: 7
(4, 7)
(4, 6)
(4, 5)
(4, 4)
(4, 3)
(5, 3)
(6, 3)
(7, 3)
kaikki ok
Reitin pituus: 7
(7, 3)
(6, 3)
(5, 3)
(4, 3)
(3, 3)
(2, 3)
(1, 3)
(1, 4)
kaikki ok
Reitin pituus: 8
(3, 13)
(4, 13)
(4, 14)
(4, 15)
(5, 15)
(6, 15)
(6, 16)
(6, 17)
(7, 17)
kaikki ok
Reitin pituus: 18
(1, 3)
(2, 3)
(3, 3)
(4, 3)
(4, 4)
(4, 5)
(4, 6)
(4, 7)
(4, 8)
(4, 9)
(4, 10)
(4, 11)
(4, 12)
(4, 13)
(4, 14)
(4, 15)
(5, 15)
(6, 15)
(6, 16)
kaikki ok
Reitin pituus: 16
(10, 18)
(10, 19)
(9, 19)
(8, 19)
(8, 18)
(8, 17)
(7, 17)
(6, 17)
(6, 16)
(6, 15)
(5, 15)
(4, 15)
(4, 14)
(4, 13)
(4, 12)
(4, 11)
(4, 10)
kaikki ok
Reitin pituus: 8
(6, 7)
(6, 8)
(6, 9)
(5, 9)
(4, 9)
(4, 8)
(4, 7)
(4, 6)
(4, 5)
kaikki ok
Reitin pituus: 22
(17, 18)
(17, 17)
(16, 17)
(15, 17)
(14, 17)
(14, 16)
(14, 15)
(14, 14)
(14, 13)
(13, 13)
(12, 13)
(12, 12)
(12, 11)
(12, 10)
(12, 9)
(12, 8)
(12, 7)
(11, 7)
(10, 7)
(9, 7)
(8, 7)
(7, 7)
(6, 7)
kaikki ok
Reitin pituus: 6
(10, 1)
(10, 2)
(10, 3)
(9, 3)
(8, 3)
(7, 3)
(6, 3)
kaikki ok
Reitin pituus: 13
(3, 3)
(4, 3)
(5, 3)
(6, 3)
(7, 3)
(8, 3)
(9, 3)
(10, 3)
(10, 2)
(10, 1)
(11, 1)
(12, 1)
(13, 1)
(14, 1)
kaikki ok
Reitin pituus: 4
(9, 3)
(10, 3)
(10, 2)
(10, 1)
(11, 1)
kaikki ok
Reitin pituus: 13
(8, 3)
(7, 3)
(6, 3)
(5, 3)
(4, 3)
(4, 4)
(4, 5)
(4, 6)
(4, 7)
(4, 8)
(4, 9)
(4, 10)
(4, 11)
(4, 12)
kaikki ok
Reitin pituus: 11
(10, 13)
(11, 13)
(12, 13)
(13, 13)
(14, 13)
(14, 14)
(14, 15)
(14, 16)
(14, 17)
(15, 17)
(16, 17)
(17, 17)
kaikki ok
Reitin pituus: 22
(6, 17)
(6, 16)
(6, 15)
(5, 15)
(4, 15)
(4, 14)
(4, 13)
(4, 12)
(4, 11)
(4, 10)
(4, 9)
(4, 8)
(4, 7)
(4, 6)
(4, 5)
(4, 4)
(4, 3)
(4, 2)
(4, 1)
(5, 1)
(6, 1)
(7, 1)
(8, 1)
kaikki ok
Reitin pituus: 16
(11, 17)
(12, 17)
(12, 16)
(12, 15)
(11, 15)
(10, 15)
(9, 15)
(8, 15)
(8, 14)
(8, 13)
(7, 13)
(6, 13)
(5, 13)
(4, 13)
(4, 12)
(4, 11)
(4, 10)
kaikki ok
Reitin pituus: 15
(10, 5)
(10, 6)
(10, 7)
(9, 7)
(8, 7)
(7, 7)
(6, 7)
(6, 8)
(6, 9)
(6, 10)
(6, 11)
(6, 12)
(6, 13)
(7, 13)
(8, 13)
(8, 14)
kaikki ok
Reitin pituus: 15
(14, 15)
(14, 14)
(14, 13)
(13, 13)
(12, 13)
(12, 12)
(12, 11)
(12, 10)
(12, 9)
(12, 8)
(12, 7)
(11, 7)
(10, 7)
(9, 7)
(8, 7)
(7, 7)
kaikki ok
Reitin pituus: 9
(7, 15)
(8, 15)
(9, 15)
(10, 15)
(10, 14)
(10, 13)
(11, 13)
(12, 13)
(12, 12)
(12, 11)
kaikki ok
Reitin pituus: 8
(6, 16)
(6, 15)
(5, 15)
(4, 15)
(4, 16)
(4, 17)
(3, 17)
(2, 17)
(2, 16)
kaikki ok
Reitin pituus: 12
(8, 6)
(8, 5)
(7, 5)
(6, 5)
(6, 4)
(6, 3)
(5, 3)
(4, 3)
(4, 4)
(4, 5)
(3, 5)
(2, 5)
(1, 5)
kaikki ok
Reitin pituus: 10
(14, 4)
(14, 5)
(14, 6)
(14, 7)
(14, 8)
(14, 9)
(14, 10)
(14, 11)
(14, 12)
(14, 13)
(15, 13)
kaikki ok
Reitin pituus: 9
(17, 2)
(17, 3)
(16, 3)
(15, 3)
(14, 3)
(13, 3)
(12, 3)
(11, 3)
(10, 3)
(9, 3)
kaikki ok
Reitin pituus: 10
(11, 7)
(12, 7)
(12, 8)
(12, 9)
(12, 10)
(12, 11)
(12, 12)
(12, 13)
(11, 13)
(10, 13)
(10, 14)
kaikki ok
Reitin pituus: 8
(5, 15)
(4, 15)
(4, 14)
(4, 13)
(4, 12)
(4, 11)
(4, 10)
(4, 9)
(5, 9)
kaikki ok
Reitin pituus: 8
(4, 8)
(4, 9)
(4, 10)
(4, 11)
(4, 12)
(4, 13)
(3, 13)
(2, 13)
(1, 13)
kaikki ok
Reitin pituus: 21
(1, 17)
(2, 17)
(3, 17)
(4, 17)
(4, 16)
(4, 15)
(4, 14)
(4, 13)
(5, 13)
(6, 13)
(6, 12)
(6, 11)
(6, 10)
(6, 9)
(6, 8)
(6, 7)
(7, 7)
(8, 7)
(9, 7)
(9, 8)
(9, 9)
(10, 9)
kaikki ok
Reitin pituus: 11
(17, 14)
(17, 15)
(16, 15)
(16, 16)
(16, 17)
(17, 17)
(17, 18)
(17, 19)
(16, 19)
(15, 19)
(14, 19)
(13, 19)
kaikki ok
Reitin pituus: 18
(17, 13)
(16, 13)
(15, 13)
(14, 13)
(14, 12)
(14, 11)
(14, 10)
(14, 9)
(14, 8)
(14, 7)
(14, 6)
(14, 5)
(14, 4)
(14, 3)
(14, 2)
(14, 1)
(13, 1)
(12, 1)
(11, 1)
kaikki ok
Reitin pituus: 11
(6, 19)
(7, 19)
(8, 19)
(8, 18)
(8, 17)
(7, 17)
(6, 17)
(6, 16)
(6, 15)
(7, 15)
(8, 15)
(8, 14)
kaikki ok
Reitin pituus: 9
(1, 1)
(1, 2)
(1, 3)
(2, 3)
(3, 3)
(4, 3)
(5, 3)
(6, 3)
(6, 4)
(6, 5)
kaikki ok
Reitin pituus: 4
(2, 17)
(1, 17)
(1, 18)
(1, 19)
(2, 19)
kaikki ok
Reitin pituus: 17
(15, 13)
(14, 13)
(13, 13)
(12, 13)
(12, 12)
(12, 11)
(11, 11)
(10, 11)
(9, 11)
(8, 11)
(7, 11)
(6, 11)
(6, 10)
(6, 9)
(5, 9)
(4, 9)
(4, 10)
(4, 11)
kaikki ok
Reitin pituus: 12
(6, 8)
(6, 7)
(7, 7)
(8, 7)
(9, 7)
(10, 7)
(11, 7)
(12, 7)
(12, 8)
(12, 9)
(13, 9)
(14, 9)
(14, 8)
kaikki ok
Reitin pituus: 10
(14, 10)
(14, 9)
(14, 8)
(14, 7)
(14, 6)
(14, 5)
(14, 4)
(14, 3)
(13, 3)
(12, 3)
(11, 3)
kaikki ok
Reitin pituus: 11
(12, 16)
(12, 15)
(13, 15)
(14, 15)
(14, 14)
(14, 13)
(13, 13)
(12, 13)
(12, 12)
(12, 11)
(11, 11)
(10, 11)
kaikki ok
Reitin pituus: 4
(10, 19)
(9, 19)
(8, 19)
(7, 19)
(6, 19)
kaikki ok
Reitin pituus: 4
(7, 3)
(8, 3)
(8, 2)
(8, 1)
(7, 1)
kaikki ok
Reitin pituus: 10
(12, 7)
(11, 7)
(10, 7)
(10, 6)
(10, 5)
(11, 5)
(12, 5)
(12, 4)
(12, 3)
(11, 3)
(10, 3)
kaikki ok
Reitin pituus: 10
(16, 19)
(15, 19)
(14, 19)
(13, 19)
(12, 19)
(11, 19)
(10, 19)
(10, 18)
(10, 17)
(11, 17)
(12, 17)
kaikki ok
Reitin pituus: 12
(13, 13)
(14, 13)
(14, 14)
(14, 15)
(13, 15)
(12, 15)
(12, 16)
(12, 17)
(11, 17)
(10, 17)
(10, 18)
(10, 19)
(11, 19)
kaikki ok
Reitin pituus: 20
(11, 13)
(12, 13)
(12, 12)
(12, 11)
(12, 10)
(12, 9)
(12, 8)
(12, 7)
(11, 7)
(10, 7)
(9, 7)
(8, 7)
(8, 6)
(8, 5)
(7, 5)
(6, 5)
(6, 4)
(6, 3)
(7, 3)
(8, 3)
(8, 2)
kaikki ok
Reitin pituus: 18
(14, 8)
(14, 7)
(14, 6)
(14, 5)
(14, 4)
(14, 3)
(13, 3)
(12, 3)
(11, 3)
(10, 3)
(9, 3)
(8, 3)
(7, 3)
(6, 3)
(5, 3)
(4, 3)
(4, 2)
(4, 1)
(3, 1)
kaikki ok
Reitin pituus: 16
(12, 12)
(12, 11)
(11, 11)
(10, 11)
(9, 11)
(8, 11)
(7, 11)
(6, 11)
(6, 12)
(6, 13)
(5, 13)
(4, 13)
(3, 13)
(2, 13)
(1, 13)
(1, 14)
(1, 15)
kaikki ok
Reitin pituus: 17
(2, 19)
(3, 19)
(4, 19)
(5, 19)
(6, 19)
(7, 19)
(8, 19)
(9, 19)
(10, 19)
(10, 18)
(10, 17)
(11, 17)
(12, 17)
(12, 16)
(12, 15)
(13, 15)
(14, 15)
(14, 16)
kaikki ok
Reitin pituus: 10
(12, 7)
(11, 7)
(10, 7)
(10, 6)
(10, 5)
(11, 5)
(12, 5)
(12, 4)
(12, 3)
(11, 3)
(10, 3)
kaikki ok
Reitin pituus: 19
(13, 13)
(12, 13)
(12, 12)
(12, 11)
(11, 11)
(10, 11)
(9, 11)
(8, 11)
(7, 11)
(6, 11)
(6, 10)
(6, 9)
(5, 9)
(4, 9)
(4, 8)
(4, 7)
(4, 6)
(4, 5)
(4, 4)
(4, 3)
kaikki ok
Reitin pituus: 12
(7, 7)
(8, 7)
(8, 6)
(8, 5)
(7, 5)
(6, 5)
(6, 4)
(6, 3)
(5, 3)
(4, 3)
(4, 2)
(4, 1)
(5, 1)
kaikki ok
Reitin pituus: 12
(7, 19)
(8, 19)
(8, 18)
(8, 17)
(7, 17)
(6, 17)
(6, 16)
(6, 15)
(5, 15)
(4, 15)
(4, 14)
(4, 13)
(5, 13)
kaikki ok
Reitin pituus: 6
(12, 12)
(12, 13)
(11, 13)
(10, 13)
(10, 14)
(10, 15)
(9, 15)
kaikki ok
Reitin pituus: 10
(10, 11)
(9, 11)
(8, 11)
(7, 11)
(6, 11)
(6, 12)
(6, 13)
(5, 13)
(4, 13)
(4, 12)
(4, 11)
kaikki ok
Reitin pituus: 16
(3, 5)
(4, 5)
(4, 4)
(4, 3)
(5, 3)
(6, 3)
(7, 3)
(8, 3)
(9, 3)
(10, 3)
(11, 3)
(12, 3)
(13, 3)
(14, 3)
(14, 4)
(14, 5)
(14, 6)
kaikki ok
Reitin pituus: 20
(8, 15)
(9, 15)
(10, 15)
(11, 15)
(12, 15)
(13, 15)
(14, 15)
(14, 14)
(14, 13)
(14, 12)
(14, 11)
(14, 10)
(14, 9)
(14, 8)
(14, 7)
(14, 6)
(14, 5)
(14, 4)
(14, 3)
(14, 2)
(14, 1)
kaikki ok
Reitin pituus: 14
(9, 11)
(10, 11)
(11, 11)
(12, 11)
(12, 12)
(12, 13)
(13, 13)
(14, 13)
(15, 13)
(16, 13)
(17, 13)
(17, 14)
(17, 15)
(16, 15)
(16, 16)
kaikki ok
Reitin pituus: 20
(17, 15)
(17, 14)
(17, 13)
(16, 13)
(15, 13)
(14, 13)
(13, 13)
(12, 13)
(12, 12)
(12, 11)
(11, 11)
(10, 11)
(9, 11)
(8, 11)
(7, 11)
(6, 11)
(6, 10)
(6, 9)
(5, 9)
(4, 9)
(4, 8)
kaikki ok
Reitin pituus: 13
(8, 9)
(9, 9)
(9, 8)
(9, 7)
(10, 7)
(11, 7)
(12, 7)
(12, 8)
(12, 9)
(13, 9)
(14, 9)
(14, 8)
(14, 7)
(14, 6)
kaikki ok
Reitin pituus: 11
(10, 15)
(9, 15)
(8, 15)
(7, 15)
(6, 15)
(5, 15)
(4, 15)
(4, 14)
(4, 13)
(3, 13)
(2, 13)
(1, 13)
kaikki ok
Reitin pituus: 10
(4, 8)
(4, 7)
(4, 6)
(4, 5)
(4, 4)
(4, 3)
(5, 3)
(6, 3)
(6, 4)
(6, 5)
(7, 5)
kaikki ok
Reitin pituus: 15
(7, 11)
(8, 11)
(9, 11)
(10, 11)
(11, 11)
(12, 11)
(12, 10)
(12, 9)
(13, 9)
(14, 9)
(14, 8)
(14, 7)
(14, 6)
(14, 5)
(14, 4)
(14, 3)
kaikki ok
Reitin pituus: 11
(8, 14)
(8, 13)
(7, 13)
(6, 13)
(5, 13)
(4, 13)
(3, 13)
(2, 13)
(1, 13)
(1, 14)
(1, 15)
(2, 15)
kaikki ok
Reitin pituus: 15
(9, 3)
(8, 3)
(7, 3)
(6, 3)
(6, 4)
(6, 5)
(7, 5)
(8, 5)
(8, 6)
(8, 7)
(7, 7)
(6, 7)
(6, 8)
(6, 9)
(6, 10)
(6, 11)
kaikki ok
Reitin pituus: 13
(10, 1)
(10, 2)
(10, 3)
(11, 3)
(12, 3)
(12, 4)
(12, 5)
(11, 5)
(10, 5)
(10, 6)
(10, 7)
(9, 7)
(9, 8)
(9, 9)
kaikki ok
Reitin pituus: 2
(11, 11)
(12, 11)
(12, 12)
kaikki ok
Reitin pituus: 23
(10, 1)
(11, 1)
(12, 1)
(13, 1)
(14, 1)
(14, 2)
(14, 3)
(14, 4)
(14, 5)
(14, 6)
(14, 7)
(14, 8)
(14, 9)
(14, 10)
(14, 11)
(14, 12)
(14, 13)
(14, 14)
(14, 15)
(13, 15)
(12, 15)
(12, 16)
(12, 17)
(11, 17)
kaikki ok
Reitin pituus: 11
(17, 4)
(17, 3)
(16, 3)
(15, 3)
(14, 3)
(13, 3)
(12, 3)
(12, 4)
(12, 5)
(11, 5)
(10, 5)
(10, 6)
kaikki ok
Reitin pituus: 27
(11, 19)
(10, 19)
(9, 19)
(8, 19)
(8, 18)
(8, 17)
(7, 17)
(6, 17)
(6, 16)
(6, 15)
(5, 15)
(4, 15)
(4, 14)
(4, 13)
(4, 12)
(4, 11)
(4, 10)
(4, 9)
(4, 8)
(4, 7)
(4, 6)
(4, 5)
(4, 4)
(4, 3)
(4, 2)
(4, 1)
(3, 1)
(2, 1)
kaikki ok
Reitin pituus: 16
(10, 9)
(9, 9)
(9, 8)
(9, 7)
(8, 7)
(8, 6)
(8, 5)
(7, 5)
(6, 5)
(6, 4)
(6, 3)
(5, 3)
(4, 3)
(3, 3)
(2, 3)
(1, 3)
(1, 4)
kaikki ok
Reitin pituus: 3
(5, 19)
(6, 19)
(7, 19)
(8, 19)
kaikki ok
Reitin pituus: 11
(4, 14)
(4, 15)
(5, 15)
(6, 15)
(7, 15)
(8, 15)
(9, 15)
(10, 15)
(10, 14)
(10, 13)
(11, 13)
(12, 13)
kaikki ok
Reitin pituus: 7
(10, 13)
(10, 14)
(10, 15)
(9, 15)
(8, 15)
(7, 15)
(6, 15)
(5, 15)
kaikki ok
Reitin pituus: 10
(4, 13)
(5, 13)
(6, 13)
(6, 12)
(6, 11)
(7, 11)
(8, 11)
(9, 11)
(10, 11)
(11, 11)
(12, 11)
kaikki ok
Reitin pituus: 18
(11, 13)
(12, 13)
(12, 12)
(12, 11)
(11, 11)
(10, 11)
(9, 11)
(8, 11)
(7, 11)
(6, 11)
(6, 10)
(6, 9)
(5, 9)
(4, 9)
(4, 8)
(4, 7)
(4, 6)
(4, 5)
(4, 4)
kaikki ok
Reitin pituus: 13
(7, 13)
(6, 13)
(6, 12)
(6, 11)
(7, 11)
(8, 11)
(9, 11)
(10, 11)
(11, 11)
(12, 11)
(12, 10)
(12, 9)
(12, 8)
(12, 7)
kaikki ok
Reitin pituus: 17
(16, 15)
(17, 15)
(17, 14)
(17, 13)
(16, 13)
(15, 13)
(14, 13)
(14, 12)
(14, 11)
(14, 10)
(14, 9)
(14, 8)
(14, 7)
(14, 6)
(14, 5)
(14, 4)
(14, 3)
(15, 3)
kaikki ok
Reitin pituus: 1
(8, 19)
(9, 19)
kaikki ok
Reitin pituus: 2
(8, 9)
(9, 9)
(9, 8)
kaikki ok
Reitin pituus: 3
(14, 13)
(14, 14)
(14, 15)
(13, 15)
kaikki ok
Reitin pituus: 12
(8, 14)
(8, 15)
(9, 15)
(10, 15)
(10, 14)
(10, 13)
(11, 13)
(12, 13)
(13, 13)
(14, 13)
(15, 13)
(16, 13)
(17, 13)
kaikki ok
Reitin pituus: 22
(11, 19)
(10, 19)
(9, 19)
(8, 19)
(8, 18)
(8, 17)
(7, 17)
(6, 17)
(6, 16)
(6, 15)
(5, 15)
(4, 15)
(4, 14)
(4, 13)
(4, 12)
(4, 11)
(4, 10)
(4, 9)
(4, 8)
(4, 7)
(4, 6)
(4, 5)
(4, 4)
kaikki ok
Reitin pituus: 16
(8, 3)
(7, 3)
(6, 3)
(5, 3)
(4, 3)
(4, 4)
(4, 5)
(4, 6)
(4, 7)
(4, 8)
(4, 9)
(4, 10)
(4, 11)
(4, 12)
(4, 13)
(3, 13)
(2, 13)
kaikki ok
Reitin pituus: 18
(11, 1)
(10, 1)
(10, 2)
(10, 3)
(9, 3)
(8, 3)
(7, 3)
(6, 3)
(5, 3)
(4, 3)
(4, 4)
(4, 5)
(4, 6)
(4, 7)
(4, 8)
(4, 9)
(5, 9)
(6, 9)
(6, 10)
kaikki ok
Reitin pituus: 0
(10, 2)
kaikki ok
Reitin pituus: 26
(2, 1)
(3, 1)
(4, 1)
(4, 2)
(4, 3)
(4, 4)
(4, 5)
(4, 6)
(4, 7)
(4, 8)
(4, 9)
(4, 10)
(4, 11)
(4, 12)
(4, 13)
(4, 14)
(4, 15)
(5, 15)
(6, 15)
(6, 16)
(6, 17)
(7, 17)
(8, 17)
(8, 18)
(8, 19)
(9, 19)
(10, 19)
kaikki ok
Reitin pituus: 27
(5, 19)
(6, 19)
(7, 19)
(8, 19)
(8, 18)
(8, 17)
(7, 17)
(6, 17)
(6, 16)
(6, 15)
(5, 15)
(4, 15)
(4, 14)
(4, 13)
(4, 12)
(4, 11)
(4, 10)
(4, 9)
(4, 8)
(4, 7)
(4, 6)
(4, 5)
(4, 4)
(4, 3)
(4, 2)
(4, 1)
(3, 1)
(2, 1)
kaikki ok
Reitin pituus: 14
(8, 1)
(7, 1)
(6, 1)
(5, 1)
(4, 1)
(4, 2)
(4, 3)
(4, 4)
(4, 5)
(4, 6)
(4, 7)
(4, 8)
(4, 9)
(4, 10)
(4, 11)
kaikki ok
Reitin pituus: 10
(12, 19)
(11, 19)
(10, 19)
(9, 19)
(8, 19)
(7, 19)
(6, 19)
(5, 19)
(4, 19)
(3, 19)
(2, 19)
kaikki ok
Reitin pituus: 19
(10, 19)
(10, 18)
(10, 17)
(11, 17)
(12, 17)
(12, 16)
(12, 15)
(13, 15)
(14, 15)
(14, 14)
(14, 13)
(14, 12)
(14, 11)
(14, 10)
(14, 9)
(13, 9)
(12, 9)
(12, 8)
(12, 7)
(11, 7)
kaikki ok
Reitin pituus: 11
(13, 3)
(12, 3)
(12, 4)
(12, 5)
(11, 5)
(10, 5)
(10, 6)
(10, 7)
(9, 7)
(9, 8)
(9, 9)
(10, 9)
kaikki ok
Reitin pituus: 7
(4, 11)
(4, 12)
(4, 13)
(4, 14)
(4, 15)
(5, 15)
(6, 15)
(7, 15)
kaikki ok
Reitin pituus: 19
(11, 17)
(12, 17)
(12, 16)
(12, 15)
(11, 15)
(10, 15)
(9, 15)
(8, 15)
(8, 14)
(8, 13)
(7, 13)
(6, 13)
(5, 13)
(4, 13)
(4, 12)
(4, 11)
(4, 10)
(4, 9)
(4, 8)
(4, 7)
kaikki ok
Reitin pituus: 9
(7, 11)
(6, 11)
(6, 10)
(6, 9)
(5, 9)
(4, 9)
(4, 8)
(4, 7)
(4, 6)
(4, 5)
kaikki ok
Reitin pituus: 10
(11, 13)
(12, 13)
(13, 13)
(14, 13)
(14, 12)
(14, 11)
(14, 10)
(14, 9)
(14, 8)
(14, 7)
(14, 6)
kaikki ok
Reitin pituus: 19
(17, 18)
(17, 17)
(16, 17)
(15, 17)
(14, 17)
(14, 16)
(14, 15)
(13, 15)
(12, 15)
(11, 15)
(10, 15)
(9, 15)
(8, 15)
(7, 15)
(6, 15)
(5, 15)
(4, 15)
(4, 16)
(4, 17)
(3, 17)
kaikki ok
Reitin pituus: 10
(6, 19)
(5, 19)
(4, 19)
(3, 19)
(2, 19)
(1, 19)
(1, 18)
(1, 17)
(2, 17)
(2, 16)
(2, 15)
kaikki ok
Reitin pituus: 20
(10, 17)
(11, 17)
(12, 17)
(12, 16)
(12, 15)
(11, 15)
(10, 15)
(10, 14)
(10, 13)
(11, 13)
(12, 13)
(12, 12)
(12, 11)
(12, 10)
(12, 9)
(12, 8)
(12, 7)
(11, 7)
(10, 7)
(9, 7)
(9, 8)
kaikki ok
Reitin pituus: 3
(8, 7)
(9, 7)
(9, 8)
(9, 9)
kaikki ok
Reitin pituus: 18
(6, 16)
(6, 15)
(5, 15)
(4, 15)
(4, 14)
(4, 13)
(4, 12)
(4, 11)
(4, 10)
(4, 9)
(4, 8)
(4, 7)
(4, 6)
(4, 5)
(4, 4)
(4, 3)
(4, 2)
(4, 1)
(5, 1)
kaikki ok
Reitin pituus: 8
(9, 9)
(9, 8)
(9, 7)
(10, 7)
(11, 7)
(12, 7)
(12, 8)
(12, 9)
(12, 10)
kaikki ok
Reitin pituus: 11
(13, 3)
(12, 3)
(12, 4)
(12, 5)
(11, 5)
(10, 5)
(10, 6)
(10, 7)
(9, 7)
(9, 8)
(9, 9)
(8, 9)
kaikki ok
Reitin pituus: 28
(2, 15)
(1, 15)
(1, 14)
(1, 13)
(2, 13)
(3, 13)
(4, 13)
(4, 12)
(4, 11)
(4, 10)
(4, 9)
(4, 8)
(4, 7)
(4, 6)
(4, 5)
(4, 4)
(4, 3)
(5, 3)
(6, 3)
(7, 3)
(8, 3)
(9, 3)
(10, 3)
(10, 2)
(10, 1)
(11, 1)
(12, 1)
(13, 1)
(14, 1)
kaikki ok
Reitin pituus: 19
(14, 12)
(14, 11)
(14, 10)
(14, 9)
(14, 8)
(14, 7)
(14, 6)
(14, 5)
(14, 4)
(14, 3)
(13, 3)
(12, 3)
(11, 3)
(10, 3)
(9, 3)
(8, 3)
(8, 2)
(8, 1)
(7, 1)
(6, 1)
kaikki ok
Reitin pituus: 12
(14, 13)
(14, 12)
(14, 11)
(14, 10)
(14, 9)
(14, 8)
(14, 7)
(14, 6)
(14, 5)
(14, 4)
(14, 3)
(13, 3)
(12, 3)
kaikki ok
Reitin pituus: 26
(1, 18)
(1, 17)
(2, 17)
(3, 17)
(4, 17)
(4, 16)
(4, 15)
(5, 15)
(6, 15)
(7, 15)
(8, 15)
(9, 15)
(10, 15)
(10, 14)
(10, 13)
(11, 13)
(12, 13)
(12, 12)
(12, 11)
(12, 10)
(12, 9)
(13, 9)
(14, 9)
(14, 8)
(14, 7)
(14, 6)
(14, 5)
kaikki ok
Reitin pituus: 12
(14, 2)
(14, 3)
(13, 3)
(12, 3)
(11, 3)
(10, 3)
(9, 3)
(8, 3)
(7, 3)
(6, 3)
(5, 3)
(4, 3)
(4, 4)
kaikki ok
Reitin pituus: 21
(11, 15)
(10, 15)
(9, 15)
(8, 15)
(8, 14)
(8, 13)
(7, 13)
(6, 13)
(6, 12)
(6, 11)
(6, 10)
(6, 9)
(5, 9)
(4, 9)
(4, 8)
(4, 7)
(4, 6)
(4, 5)
(4, 4)
(4, 3)
(5, 3)
(6, 3)
kaikki ok
Reitin pituus: 8
(10, 2)
(10, 3)
(11, 3)
(12, 3)
(12, 4)
(12, 5)
(11, 5)
(10, 5)
(10, 6)
kaikki ok
Reitin pituus: 23
(16, 15)
(17, 15)
(17, 14)
(17, 13)
(16, 13)
(15, 13)
(14, 13)
(14, 12)
(14, 11)
(14, 10)
(14, 9)
(14, 8)
(14, 7)
(14, 6)
(14, 5)
(14, 4)
(14, 3)
(13, 3)
(12, 3)
(11, 3)
(10, 3)
(9, 3)
(8, 3)
(8, 2)
kaikki ok
Reitin pituus: 16
(8, 1)
(8, 2)
(8, 3)
(9, 3)
(10, 3)
(11, 3)
(12, 3)
(13, 3)
(14, 3)
(14, 4)
(14, 5)
(14, 6)
(14, 7)
(14, 8)
(14, 9)
(14, 10)
(14, 11)
kaikki ok
Reitin pituus: 10
(4, 6)
(4, 7)
(4, 8)
(4, 9)
(4, 10)
(4, 11)
(4, 12)
(4, 13)
(3, 13)
(2, 13)
(1, 13)
kaikki ok
Reitin pituus: 24
(15, 3)
(14, 3)
(14, 4)
(14, 5)
(14, 6)
(14, 7)
(14, 8)
(14, 9)
(14, 10)
(14, 11)
(14, 12)
(14, 13)
(14, 14)
(14, 15)
(13, 15)
(12, 15)
(12, 16)
(12, 17)
(11, 17)
(10, 17)
(10, 18)
(10, 19)
(9, 19)
(8, 19)
(7, 19)
kaikki ok
Reitin pituus: 13
(4, 5)
(4, 6)
(4, 7)
(4, 8)
(4, 9)
(4, 10)
(4, 11)
(4, 12)
(4, 13)
(4, 14)
(4, 15)
(5, 15)
(6, 15)
(6, 16)
kaikki ok
Reitin pituus: 11
(8, 1)
(7, 1)
(6, 1)
(5, 1)
(4, 1)
(4, 2)
(4, 3)
(3, 3)
(2, 3)
(1, 3)
(1, 4)
(1, 5)
kaikki ok
Reitin pituus: 13
(6, 1)
(7, 1)
(8, 1)
(8, 2)
(8, 3)
(9, 3)
(10, 3)
(11, 3)
(12, 3)
(13, 3)
(14, 3)
(14, 4)
(14, 5)
(14, 6)
kaikki ok
Reitin pituus: 20
(14, 11)
(14, 10)
(14, 9)
(14, 8)
(14, 7)
(14, 6)
(14, 5)
(14, 4)
(14, 3)
(13, 3)
(12, 3)
(11, 3)
(10, 3)
(9, 3)
(8, 3)
(7, 3)
(6, 3)
(5, 3)
(4, 3)
(3, 3)
(2, 3)
kaikki ok
Reitin pituus: 10
(4, 9)
(5, 9)
(6, 9)
(6, 10)
(6, 11)
(7, 11)
(8, 11)
(9, 11)
(10, 11)
(11, 11)
(12, 11)
kaikki ok
Reitin pituus: 4
(14, 2)
(14, 3)
(15, 3)
(16, 3)
(17, 3)
kaikki ok
Reitin pituus: 13
(7, 7)
(6, 7)
(6, 8)
(6, 9)
(5, 9)
(4, 9)
(4, 8)
(4, 7)
(4, 6)
(4, 5)
(3, 5)
(2, 5)
(1, 5)
(1, 4)
kaikki ok
Reitin pituus: 11
(11, 11)
(12, 11)
(12, 10)
(12, 9)
(13, 9)
(14, 9)
(14, 8)
(14, 7)
(14, 6)
(14, 5)
(14, 4)
(14, 3)
kaikki ok
Reitin pituus: 12
(9, 9)
(9, 8)
(9, 7)
(10, 7)
(11, 7)
(12, 7)
(12, 8)
(12, 9)
(12, 10)
(12, 11)
(12, 12)
(12, 13)
(11, 13)
kaikki ok
Reitin pituus: 16
(13, 19)
(12, 19)
(11, 19)
(10, 19)
(10, 18)
(10, 17)
(11, 17)
(12, 17)
(12, 16)
(12, 15)
(13, 15)
(14, 15)
(14, 14)
(14, 13)
(14, 12)
(14, 11)
(14, 10)
kaikki ok
Reitin pituus: 28
(16, 17)
(15, 17)
(14, 17)
(14, 16)
(14, 15)
(14, 14)
(14, 13)
(14, 12)
(14, 11)
(14, 10)
(14, 9)
(14, 8)
(14, 7)
(14, 6)
(14, 5)
(14, 4)
(14, 3)
(13, 3)
(12, 3)
(11, 3)
(10, 3)
(9, 3)
(8, 3)
(7, 3)
(6, 3)
(5, 3)
(4, 3)
(3, 3)
(2, 3)
kaikki ok
Reitin pituus: 6
(10, 11)
(11, 11)
(12, 11)
(12, 10)
(12, 9)
(12, 8)
(12, 7)
kaikki ok
Reitin pituus: 9
(9, 7)
(10, 7)
(11, 7)
(12, 7)
(12, 8)
(12, 9)
(12, 10)
(12, 11)
(11, 11)
(10, 11)
kaikki ok
Reitin pituus: 4
(8, 15)
(8, 14)
(8, 13)
(7, 13)
(6, 13)
kaikki ok
Reitin pituus: 22
(6, 19)
(7, 19)
(8, 19)
(9, 19)
(10, 19)
(10, 18)
(10, 17)
(11, 17)
(12, 17)
(12, 16)
(12, 15)
(13, 15)
(14, 15)
(14, 14)
(14, 13)
(13, 13)
(12, 13)
(12, 12)
(12, 11)
(12, 10)
(12, 9)
(12, 8)
(12, 7)
kaikki ok
Reitin pituus: 22
(3, 19)
(2, 19)
(1, 19)
(1, 18)
(1, 17)
(2, 17)
(3, 17)
(4, 17)
(4, 16)
(4, 15)
(4, 14)
(4, 13)
(4, 12)
(4, 11)
(4, 10)
(4, 9)
(4, 8)
(4, 7)
(4, 6)
(4, 5)
(4, 4)
(4, 3)
(3, 3)
kaikki ok
Reitin pituus: 12
(7, 7)
(6, 7)
(6, 8)
(6, 9)
(5, 9)
(4, 9)
(4, 10)
(4, 11)
(4, 12)
(4, 13)
(4, 14)
(4, 15)
(4, 16)
kaikki ok
Reitin pituus: 20
(1, 15)
(1, 14)
(1, 13)
(2, 13)
(3, 13)
(4, 13)
(4, 12)
(4, 11)
(4, 10)
(4, 9)
(4, 8)
(4, 7)
(4, 6)
(4, 5)
(4, 4)
(4, 3)
(3, 3)
(2, 3)
(1, 3)
(1, 2)
(1, 1)
kaikki ok
Reitin pituus: 22
(15, 5)
(14, 5)
(14, 6)
(14, 7)
(14, 8)
(14, 9)
(13, 9)
(12, 9)
(12, 10)
(12, 11)
(11, 11)
(10, 11)
(9, 11)
(8, 11)
(7, 11)
(6, 11)
(6, 12)
(6, 13)
(5, 13)
(4, 13)
(3, 13)
(2, 13)
(1, 13)
kaikki ok
Reitin pituus: 13
(4, 1)
(4, 2)
(4, 3)
(5, 3)
(6, 3)
(7, 3)
(8, 3)
(9, 3)
(10, 3)
(11, 3)
(12, 3)
(13, 3)
(14, 3)
(14, 4)
kaikki ok
Reitin pituus: 16
(4, 4)
(4, 5)
(4, 6)
(4, 7)
(4, 8)
(4, 9)
(4, 10)
(4, 11)
(4, 12)
(4, 13)
(4, 14)
(4, 15)
(5, 15)
(6, 15)
(6, 16)
(6, 17)
(7, 17)
kaikki ok
Reitin pituus: 17
(4, 5)
(4, 4)
(4, 3)
(5, 3)
(6, 3)
(7, 3)
(8, 3)
(9, 3)
(10, 3)
(11, 3)
(12, 3)
(13, 3)
(14, 3)
(14, 4)
(14, 5)
(14, 6)
(14, 7)
(14, 8)
kaikki ok
Reitin pituus: 11
(2, 13)
(3, 13)
(4, 13)
(5, 13)
(6, 13)
(6, 12)
(6, 11)
(6, 10)
(6, 9)
(6, 8)
(6, 7)
(7, 7)
kaikki ok
Reitin pituus: 8
(8, 6)
(8, 5)
(7, 5)
(6, 5)
(6, 4)
(6, 3)
(5, 3)
(4, 3)
(3, 3)
kaikki ok
Reitin pituus: 8
(7, 17)
(6, 17)
(6, 16)
(6, 15)
(7, 15)
(8, 15)
(8, 14)
(8, 13)
(7, 13)
kaikki ok
Reitin pituus: 20
(1, 17)
(2, 17)
(3, 17)
(4, 17)
(4, 16)
(4, 15)
(5, 15)
(6, 15)
(7, 15)
(8, 15)
(9, 15)
(10, 15)
(10, 14)
(10, 13)
(11, 13)
(12, 13)
(12, 12)
(12, 11)
(12, 10)
(12, 9)
(13, 9)
kaikki ok
Reitin pituus: 18
(2, 1)
(3, 1)
(4, 1)
(5, 1)
(6, 1)
(7, 1)
(8, 1)
(8, 2)
(8, 3)
(9, 3)
(10, 3)
(11, 3)
(12, 3)
(13, 3)
(14, 3)
(15, 3)
(16, 3)
(17, 3)
(17, 4)
kaikki ok
Reitin pituus: 3
(7, 3)
(8, 3)
(8, 2)
(8, 1)
kaikki ok
Reitin pituus: 16
(5, 13)
(4, 13)
(4, 12)
(4, 11)
(4, 10)
(4, 9)
(4, 8)
(4, 7)
(4, 6)
(4, 5)
(4, 4)
(4, 3)
(5, 3)
(6, 3)
(7, 3)
(8, 3)
(8, 2)
kaikki ok
Reitin pituus: 11
(4, 19)
(5, 19)
(6, 19)
(7, 19)
(8, 19)
(9, 19)
(10, 19)
(11, 19)
(12, 19)
(13, 19)
(14, 19)
(15, 19)
kaikki ok
Reitin pituus: 15
(14, 2)
(14, 3)
(13, 3)
(12, 3)
(11, 3)
(10, 3)
(9, 3)
(8, 3)
(7, 3)
(6, 3)
(5, 3)
(4, 3)
(4, 4)
(4, 5)
(3, 5)
(2, 5)
kaikki ok
Reitin pituus: 4
(11, 15)
(10, 15)
(9, 15)
(8, 15)
(8, 14)
kaikki ok
Reitin pituus: 13
(4, 12)
(4, 11)
(4, 10)
(4, 9)
(5, 9)
(6, 9)
(6, 8)
(6, 7)
(7, 7)
(8, 7)
(9, 7)
(9, 8)
(9, 9)
(8, 9)
kaikki ok
Reitin pituus: 9
(3, 3)
(4, 3)
(5, 3)
(6, 3)
(6, 4)
(6, 5)
(7, 5)
(8, 5)
(8, 6)
(8, 7)
kaikki ok
Reitin pituus: 17
(14, 17)
(14, 16)
(14, 15)
(14, 14)
(14, 13)
(14, 12)
(14, 11)
(14, 10)
(14, 9)
(14, 8)
(14, 7)
(14, 6)
(14, 5)
(14, 4)
(14, 3)
(15, 3)
(16, 3)
(17, 3)
kaikki ok
Reitin pituus: 6
(11, 1)
(10, 1)
(10, 2)
(10, 3)
(11, 3)
(12, 3)
(13, 3)
kaikki ok
Reitin pituus: 16
(4, 13)
(4, 14)
(4, 15)
(5, 15)
(6, 15)
(7, 15)
(8, 15)
(9, 15)
(10, 15)
(11, 15)
(12, 15)
(13, 15)
(14, 15)
(14, 14)
(14, 13)
(14, 12)
(14, 11)
kaikki ok
Reitin pituus: 7
(4, 10)
(4, 11)
(4, 12)
(4, 13)
(5, 13)
(6, 13)
(7, 13)
(8, 13)
kaikki ok
Reitin pituus: 11
(10, 14)
(10, 15)
(11, 15)
(12, 15)
(12, 16)
(12, 17)
(11, 17)
(10, 17)
(10, 18)
(10, 19)
(9, 19)
(8, 19)
kaikki ok
Reitin pituus: 10
(1, 1)
(2, 1)
(3, 1)
(4, 1)
(5, 1)
(6, 1)
(7, 1)
(8, 1)
(8, 2)
(8, 3)
(9, 3)
kaikki ok
Reitin pituus: 7
(8, 15)
(9, 15)
(10, 15)
(10, 14)
(10, 13)
(11, 13)
(12, 13)
(12, 12)
kaikki ok
Reitin pituus: 15
(10, 14)
(10, 13)
(11, 13)
(12, 13)
(13, 13)
(14, 13)
(14, 12)
(14, 11)
(14, 10)
(14, 9)
(14, 8)
(14, 7)
(14, 6)
(14, 5)
(15, 5)
(16, 5)
kaikki ok
Reitin pituus: 10
(12, 10)
(12, 11)
(12, 12)
(12, 13)
(13, 13)
(14, 13)
(14, 14)
(14, 15)
(14, 16)
(14, 17)
(15, 17)
kaikki ok
Reitin pituus: 14
(10, 14)
(10, 15)
(9, 15)
(8, 15)
(7, 15)
(6, 15)
(5, 15)
(4, 15)
(4, 14)
(4, 13)
(4, 12)
(4, 11)
(4, 10)
(4, 9)
(4, 8)
kaikki ok
Reitin pituus: 30
(2, 1)
(3, 1)
(4, 1)
(4, 2)
(4, 3)
(5, 3)
(6, 3)
(6, 4)
(6, 5)
(7, 5)
(8, 5)
(8, 6)
(8, 7)
(9, 7)
(10, 7)
(11, 7)
(12, 7)
(12, 8)
(12, 9)
(12, 10)
(12, 11)
(12, 12)
(12, 13)
(13, 13)
(14, 13)
(14, 14)
(14, 15)
(14, 16)
(14, 17)
(15, 17)
(16, 17)
kaikki ok
Reitin pituus: 1
(13, 19)
(14, 19)
kaikki ok
Reitin pituus: 6
(14, 14)
(14, 13)
(13, 13)
(12, 13)
(12, 12)
(12, 11)
(11, 11)
kaikki ok
Reitin pituus: 0
(3, 19)
kaikki ok
Reitin pituus: 3
(6, 9)
(6, 8)
(6, 7)
(7, 7)
kaikki ok
Reitin pituus: 27
(1, 4)
(1, 5)
(2, 5)
(3, 5)
(4, 5)
(4, 6)
(4, 7)
(4, 8)
(4, 9)
(5, 9)
(6, 9)
(6, 10)
(6, 11)
(7, 11)
(8, 11)
(9, 11)
(10, 11)
(11, 11)
(12, 11)
(12, 12)
(12, 13)
(13, 13)
(14, 13)
(15, 13)
(16, 13)
(17, 13)
(17, 14)
(17, 15)
kaikki ok
Reitin pituus: 22
(10, 19)
(9, 19)
(8, 19)
(8, 18)
(8, 17)
(7, 17)
(6, 17)
(6, 16)
(6, 15)
(7, 15)
(8, 15)
(8, 14)
(8, 13)
(7, 13)
(6, 13)
(6, 12)
(6, 11)
(6, 10)
(6, 9)
(6, 8)
(6, 7)
(7, 7)
(8, 7)
kaikki ok
Reitin pituus: 21
(13, 1)
(12, 1)
(11, 1)
(10, 1)
(10, 2)
(10, 3)
(9, 3)
(8, 3)
(7, 3)
(6, 3)
(5, 3)
(4, 3)
(4, 4)
(4, 5)
(4, 6)
(4, 7)
(4, 8)
(4, 9)
(4, 10)
(4, 11)
(4, 12)
(4, 13)
kaikki ok
Reitin pituus: 12
(12, 13)
(12, 12)
(12, 11)
(12, 10)
(12, 9)
(12, 8)
(12, 7)
(11, 7)
(10, 7)
(9, 7)
(9, 8)
(9, 9)
(8, 9)
kaikki ok
Reitin pituus: 13
(17, 4)
(17, 5)
(16, 5)
(15, 5)
(14, 5)
(14, 6)
(14, 7)
(14, 8)
(14, 9)
(14, 10)
(14, 11)
(14, 12)
(14, 13)
(14, 14)
kaikki ok
Reitin pituus: 19
(10, 6)
(10, 7)
(9, 7)
(8, 7)
(7, 7)
(6, 7)
(6, 8)
(6, 9)
(6, 10)
(6, 11)
(6, 12)
(6, 13)
(7, 13)
(8, 13)
(8, 14)
(8, 15)
(7, 15)
(6, 15)
(6, 16)
(6, 17)
kaikki ok
Reitin pituus: 9
(14, 15)
(14, 16)
(14, 17)
(15, 17)
(16, 17)
(17, 17)
(17, 18)
(17, 19)
(16, 19)
(15, 19)
kaikki ok
Reitin pituus: 5
(13, 1)
(12, 1)
(11, 1)
(10, 1)
(10, 2)
(10, 3)
kaikki ok
Reitin pituus: 16
(9, 3)
(8, 3)
(7, 3)
(6, 3)
(6, 4)
(6, 5)
(7, 5)
(8, 5)
(8, 6)
(8, 7)
(7, 7)
(6, 7)
(6, 8)
(6, 9)
(6, 10)
(6, 11)
(7, 11)
kaikki ok
Reitin pituus: 14
(7, 7)
(8, 7)
(9, 7)
(10, 7)
(10, 6)
(10, 5)
(11, 5)
(12, 5)
(12, 4)
(12, 3)
(13, 3)
(14, 3)
(14, 2)
(14, 1)
(15, 1)
kaikki ok
Reitin pituus: 5
(11, 19)
(10, 19)
(9, 19)
(8, 19)
(8, 18)
(8, 17)
kaikki ok
Reitin pituus: 27
(14, 16)
(14, 15)
(13, 15)
(12, 15)
(11, 15)
(10, 15)
(9, 15)
(8, 15)
(8, 14)
(8, 13)
(7, 13)
(6, 13)
(6, 12)
(6, 11)
(6, 10)
(6, 9)
(5, 9)
(4, 9)
(4, 8)
(4, 7)
(4, 6)
(4, 5)
(4, 4)
(4, 3)
(4, 2)
(4, 1)
(3, 1)
(2, 1)
kaikki ok
Reitin pituus: 17
(14, 2)
(14, 3)
(14, 4)
(14, 5)
(14, 6)
(14, 7)
(14, 8)
(14, 9)
(14, 10)
(14, 11)
(14, 12)
(14, 13)
(14, 14)
(14, 15)
(14, 16)
(14, 17)
(15, 17)
(16, 17)
kaikki ok
Reitin pituus: 22
(16, 17)
(15, 17)
(14, 17)
(14, 16)
(14, 15)
(14, 14)
(14, 13)
(14, 12)
(14, 11)
(14, 10)
(14, 9)
(14, 8)
(14, 7)
(14, 6)
(14, 5)
(14, 4)
(14, 3)
(14, 2)
(14, 1)
(13, 1)
(12, 1)
(11, 1)
(10, 1)
kaikki ok
Reitin pituus: 9
(7, 15)
(6, 15)
(5, 15)
(4, 15)
(4, 14)
(4, 13)
(3, 13)
(2, 13)
(1, 13)
(1, 14)
kaikki ok
Reitin pituus: 8
(13, 9)
(14, 9)
(14, 8)
(14, 7)
(14, 6)
(14, 5)
(15, 5)
(16, 5)
(17, 5)
kaikki ok
Reitin pituus: 13
(12, 15)
(11, 15)
(10, 15)
(9, 15)
(8, 15)
(8, 14)
(8, 13)
(7, 13)
(6, 13)
(6, 12)
(6, 11)
(6, 10)
(6, 9)
(6, 8)
kaikki ok
Reitin pituus: 5
(12, 3)
(13, 3)
(14, 3)
(14, 2)
(14, 1)
(15, 1)
kaikki ok
Reitin pituus: 11
(1, 5)
(1, 4)
(1, 3)
(2, 3)
(3, 3)
(4, 3)
(5, 3)
(6, 3)
(7, 3)
(8, 3)
(8, 2)
(8, 1)
kaikki ok
Reitin pituus: 12
(9, 9)
(9, 8)
(9, 7)
(10, 7)
(10, 6)
(10, 5)
(11, 5)
(12, 5)
(12, 4)
(12, 3)
(13, 3)
(14, 3)
(14, 4)
kaikki ok
Reitin pituus: 17
(14, 15)
(13, 15)
(12, 15)
(11, 15)
(10, 15)
(9, 15)
(8, 15)
(7, 15)
(6, 15)
(5, 15)
(4, 15)
(4, 16)
(4, 17)
(3, 17)
(2, 17)
(1, 17)
(1, 18)
(1, 19)
kaikki ok
Reitin pituus: 17
(12, 17)
(12, 16)
(12, 15)
(13, 15)
(14, 15)
(14, 14)
(14, 13)
(14, 12)
(14, 11)
(14, 10)
(14, 9)
(13, 9)
(12, 9)
(12, 8)
(12, 7)
(11, 7)
(10, 7)
(10, 6)
kaikki ok
Reitin pituus: 2
(11, 19)
(10, 19)
(9, 19)
kaikki ok
Reitin pituus: 4
(16, 1)
(15, 1)
(14, 1)
(13, 1)
(12, 1)
kaikki ok
Reitin pituus: 9
(11, 1)
(10, 1)
(10, 2)
(10, 3)
(9, 3)
(8, 3)
(7, 3)
(6, 3)
(6, 4)
(6, 5)
kaikki ok
Reitin pituus: 21
(16, 19)
(15, 19)
(14, 19)
(13, 19)
(12, 19)
(11, 19)
(10, 19)
(9, 19)
(8, 19)
(8, 18)
(8, 17)
(7, 17)
(6, 17)
(6, 16)
(6, 15)
(5, 15)
(4, 15)
(4, 14)
(4, 13)
(3, 13)
(2, 13)
(1, 13)
kaikki ok
Reitin pituus: 4
(12, 7)
(11, 7)
(10, 7)
(9, 7)
(9, 8)
kaikki ok
Reitin pituus: 13
(6, 9)
(5, 9)
(4, 9)
(4, 10)
(4, 11)
(4, 12)
(4, 13)
(4, 14)
(4, 15)
(4, 16)
(4, 17)
(3, 17)
(2, 17)
(1, 17)
kaikki ok
Reitin pituus: 28
(15, 19)
(16, 19)
(17, 19)
(17, 18)
(17, 17)
(16, 17)
(15, 17)
(14, 17)
(14, 16)
(14, 15)
(14, 14)
(14, 13)
(14, 12)
(14, 11)
(14, 10)
(14, 9)
(14, 8)
(14, 7)
(14, 6)
(14, 5)
(14, 4)
(14, 3)
(13, 3)
(12, 3)
(11, 3)
(10, 3)
(9, 3)
(8, 3)
(7, 3)
kaikki ok
Reitin pituus: 14
(4, 9)
(4, 10)
(4, 11)
(4, 12)
(4, 13)
(4, 14)
(4, 15)
(5, 15)
(6, 15)
(7, 15)
(8, 15)
(9, 15)
(10, 15)
(11, 15)
(12, 15)
kaikki ok
Reitin pituus: 20
(8, 15)
(9, 15)
(10, 15)
(11, 15)
(12, 15)
(13, 15)
(14, 15)
(14, 14)
(14, 13)
(14, 12)
(14, 11)
(14, 10)
(14, 9)
(14, 8)
(14, 7)
(14, 6)
(14, 5)
(15, 5)
(16, 5)
(17, 5)
(17, 4)
kaikki ok
Reitin pituus: 13
(5, 9)
(6, 9)
(6, 10)
(6, 11)
(7, 11)
(8, 11)
(9, 11)
(10, 11)
(11, 11)
(12, 11)
(12, 10)
(12, 9)
(13, 9)
(14, 9)
kaikki ok
Reitin pituus: 5
(4, 5)
(4, 4)
(4, 3)
(5, 3)
(6, 3)
(7, 3)
kaikki ok
Reitin pituus: 11
(10, 15)
(9, 15)
(8, 15)
(7, 15)
(6, 15)
(5, 15)
(4, 15)
(4, 16)
(4, 17)
(3, 17)
(2, 17)
(1, 17)
kaikki ok
Reitin pituus: 16
(14, 17)
(14, 16)
(14, 15)
(14, 14)
(14, 13)
(14, 12)
(14, 11)
(14, 10)
(14, 9)
(14, 8)
(14, 7)
(14, 6)
(14, 5)
(14, 4)
(14, 3)
(13, 3)
(12, 3)
kaikki ok
Reitin pituus: 15
(9, 11)
(10, 11)
(11, 11)
(12, 11)
(12, 12)
(12, 13)
(13, 13)
(14, 13)
(14, 14)
(14, 15)
(14, 16)
(14, 17)
(15, 17)
(16, 17)
(17, 17)
(17, 18)
kaikki ok
Reitin pituus: 20
(9, 7)
(8, 7)
(7, 7)
(6, 7)
(6, 8)
(6, 9)
(5, 9)
(4, 9)
(4, 10)
(4, 11)
(4, 12)
(4, 13)
(4, 14)
(4, 15)
(4, 16)
(4, 17)
(3, 17)
(2, 17)
(1, 17)
(1, 18)
(1, 19)
kaikki ok
Reitin pituus: 2
(15, 13)
(14, 13)
(14, 14)
kaikki ok
Reitin pituus: 9
(14, 11)
(14, 12)
(14, 13)
(14, 14)
(14, 15)
(14, 16)
(14, 17)
(15, 17)
(16, 17)
(17, 17)
kaikki ok
Reitin pituus: 12
(6, 16)
(6, 15)
(5, 15)
(4, 15)
(4, 14)
(4, 13)
(4, 12)
(4, 11)
(4, 10)
(4, 9)
(4, 8)
(4, 7)
(4, 6)
kaikki ok
Reitin pituus: 16
(16, 13)
(15, 13)
(14, 13)
(13, 13)
(12, 13)
(12, 12)
(12, 11)
(11, 11)
(10, 11)
(9, 11)
(8, 11)
(7, 11)
(6, 11)
(6, 10)
(6, 9)
(6, 8)
(6, 7)
kaikki ok
Reitin pituus: 7
(4, 15)
(4, 14)
(4, 13)
(5, 13)
(6, 13)
(6, 12)
(6, 11)
(7, 11)
kaikki ok
Reitin pituus: 12
(7, 11)
(6, 11)
(6, 12)
(6, 13)
(5, 13)
(4, 13)
(4, 14)
(4, 15)
(4, 16)
(4, 17)
(3, 17)
(2, 17)
(2, 16)
kaikki ok
Reitin pituus: 5
(10, 6)
(10, 7)
(9, 7)
(9, 8)
(9, 9)
(10, 9)
kaikki ok
Reitin pituus: 17
(5, 9)
(4, 9)
(4, 8)
(4, 7)
(4, 6)
(4, 5)
(4, 4)
(4, 3)
(5, 3)
(6, 3)
(7, 3)
(8, 3)
(9, 3)
(10, 3)
(10, 2)
(10, 1)
(11, 1)
(12, 1)
kaikki ok
Reitin pituus: 24
(2, 16)
(2, 17)
(3, 17)
(4, 17)
(4, 16)
(4, 15)
(4, 14)
(4, 13)
(4, 12)
(4, 11)
(4, 10)
(4, 9)
(4, 8)
(4, 7)
(4, 6)
(4, 5)
(4, 4)
(4, 3)
(5, 3)
(6, 3)
(7, 3)
(8, 3)
(9, 3)
(10, 3)
(11, 3)
kaikki ok
Reitin pituus: 8
(17, 13)
(16, 13)
(15, 13)
(14, 13)
(14, 14)
(14, 15)
(13, 15)
(12, 15)
(12, 16)
kaikki ok
Reitin pituus: 17
(1, 19)
(1, 18)
(1, 17)
(2, 17)
(3, 17)
(4, 17)
(4, 16)
(4, 15)
(5, 15)
(6, 15)
(7, 15)
(8, 15)
(9, 15)
(10, 15)
(11, 15)
(12, 15)
(13, 15)
(14, 15)
kaikki ok
Reitin pituus: 6
(13, 13)
(12, 13)
(11, 13)
(10, 13)
(10, 14)
(10, 15)
(11, 15)
kaikki ok
Reitin pituus: 17
(4, 9)
(4, 10)
(4, 11)
(4, 12)
(4, 13)
(4, 14)
(4, 15)
(5, 15)
(6, 15)
(6, 16)
(6, 17)
(7, 17)
(8, 17)
(8, 18)
(8, 19)
(9, 19)
(10, 19)
(11, 19)
kaikki ok
Reitin pituus: 12
(16, 1)
(15, 1)
(14, 1)
(14, 2)
(14, 3)
(14, 4)
(14, 5)
(14, 6)
(14, 7)
(14, 8)
(14, 9)
(13, 9)
(12, 9)
kaikki ok
Reitin pituus: 5
(13, 1)
(14, 1)
(14, 2)
(14, 3)
(15, 3)
(16, 3)
kaikki ok
Reitin pituus: 7
(11, 15)
(10, 15)
(9, 15)
(8, 15)
(8, 14)
(8, 13)
(7, 13)
(6, 13)
kaikki ok
Reitin pituus: 8
(14, 12)
(14, 13)
(14, 14)
(14, 15)
(14, 16)
(14, 17)
(15, 17)
(16, 17)
(16, 16)
kaikki ok
Reitin pituus: 9
(14, 8)
(14, 7)
(14, 6)
(14, 5)
(14, 4)
(14, 3)
(13, 3)
(12, 3)
(12, 4)
(12, 5)
kaikki ok
Reitin pituus: 3
(1, 2)
(1, 1)
(2, 1)
(3, 1)
kaikki ok
Reitin pituus: 25
(6, 19)
(7, 19)
(8, 19)
(8, 18)
(8, 17)
(7, 17)
(6, 17)
(6, 16)
(6, 15)
(5, 15)
(4, 15)
(4, 14)
(4, 13)
(4, 12)
(4, 11)
(4, 10)
(4, 9)
(4, 8)
(4, 7)
(4, 6)
(4, 5)
(4, 4)
(4, 3)
(5, 3)
(6, 3)
(6, 4)
kaikki ok
Reitin pituus: 11
(10, 5)
(10, 6)
(10, 7)
(11, 7)
(12, 7)
(12, 8)
(12, 9)
(12, 10)
(12, 11)
(11, 11)
(10, 11)
(9, 11)
kaikki ok
Reitin pituus: 11
(17, 3)
(16, 3)
(15, 3)
(14, 3)
(13, 3)
(12, 3)
(11, 3)
(10, 3)
(9, 3)
(8, 3)
(8, 2)
(8, 1)
kaikki ok
Reitin pituus: 11
(3, 1)
(4, 1)
(4, 2)
(4, 3)
(4, 4)
(4, 5)
(4, 6)
(4, 7)
(4, 8)
(4, 9)
(4, 10)
(4, 11)
kaikki ok
Reitin pituus: 13
(8, 11)
(7, 11)
(6, 11)
(6, 10)
(6, 9)
(5, 9)
(4, 9)
(4, 8)
(4, 7)
(4, 6)
(4, 5)
(4, 4)
(4, 3)
(5, 3)
kaikki ok
Reitin pituus: 13
(3, 3)
(4, 3)
(5, 3)
(6, 3)
(7, 3)
(8, 3)
(9, 3)
(10, 3)
(11, 3)
(12, 3)
(13, 3)
(14, 3)
(14, 4)
(14, 5)
kaikki ok
Reitin pituus: 21
(4, 1)
(4, 2)
(4, 3)
(5, 3)
(6, 3)
(6, 4)
(6, 5)
(7, 5)
(8, 5)
(8, 6)
(8, 7)
(9, 7)
(10, 7)
(11, 7)
(12, 7)
(12, 8)
(12, 9)
(12, 10)
(12, 11)
(12, 12)
(12, 13)
(11, 13)
kaikki ok
Reitin pituus: 25
(6, 16)
(6, 15)
(7, 15)
(8, 15)
(9, 15)
(10, 15)
(10, 14)
(10, 13)
(11, 13)
(12, 13)
(12, 12)
(12, 11)
(12, 10)
(12, 9)
(13, 9)
(14, 9)
(14, 8)
(14, 7)
(14, 6)
(14, 5)
(14, 4)
(14, 3)
(14, 2)
(14, 1)
(13, 1)
(12, 1)
kaikki ok
Reitin pituus: 6
(10, 17)
(10, 18)
(10, 19)
(9, 19)
(8, 19)
(8, 18)
(8, 17)
kaikki ok
Reitin pituus: 14
(11, 11)
(12, 11)
(12, 10)
(12, 9)
(13, 9)
(14, 9)
(14, 8)
(14, 7)
(14, 6)
(14, 5)
(14, 4)
(14, 3)
(13, 3)
(12, 3)
(11, 3)
kaikki ok
Reitin pituus: 17
(10, 14)
(10, 15)
(9, 15)
(8, 15)
(7, 15)
(6, 15)
(5, 15)
(4, 15)
(4, 14)
(4, 13)
(4, 12)
(4, 11)
(4, 10)
(4, 9)
(4, 8)
(4, 7)
(4, 6)
(4, 5)
kaikki ok
Reitin pituus: 13
(12, 5)
(12, 4)
(12, 3)
(11, 3)
(10, 3)
(9, 3)
(8, 3)
(8, 2)
(8, 1)
(7, 1)
(6, 1)
(5, 1)
(4, 1)
(3, 1)
kaikki ok
Reitin pituus: 16
(9, 11)
(10, 11)
(11, 11)
(12, 11)
(12, 10)
(12, 9)
(13, 9)
(14, 9)
(14, 8)
(14, 7)
(14, 6)
(14, 5)
(14, 4)
(14, 3)
(14, 2)
(14, 1)
(15, 1)
kaikki ok
Reitin pituus: 10
(11, 19)
(10, 19)
(9, 19)
(8, 19)
(8, 18)
(8, 17)
(7, 17)
(6, 17)
(6, 16)
(6, 15)
(7, 15)
kaikki ok
Reitin pituus: 5
(16, 1)
(15, 1)
(14, 1)
(14, 2)
(14, 3)
(14, 4)
kaikki ok
Reitin pituus: 12
(4, 11)
(4, 10)
(4, 9)
(4, 8)
(4, 7)
(4, 6)
(4, 5)
(4, 4)
(4, 3)
(4, 2)
(4, 1)
(3, 1)
(2, 1)
kaikki ok
Reitin pituus: 19
(16, 1)
(15, 1)
(14, 1)
(14, 2)
(14, 3)
(13, 3)
(12, 3)
(12, 4)
(12, 5)
(11, 5)
(10, 5)
(10, 6)
(10, 7)
(9, 7)
(8, 7)
(7, 7)
(6, 7)
(6, 8)
(6, 9)
(6, 10)
kaikki ok
Reitin pituus: 13
(5, 9)
(4, 9)
(4, 8)
(4, 7)
(4, 6)
(4, 5)
(4, 4)
(4, 3)
(5, 3)
(6, 3)
(7, 3)
(8, 3)
(9, 3)
(10, 3)
kaikki ok
Reitin pituus: 16
(3, 5)
(4, 5)
(4, 4)
(4, 3)
(5, 3)
(6, 3)
(7, 3)
(8, 3)
(9, 3)
(10, 3)
(10, 2)
(10, 1)
(11, 1)
(12, 1)
(13, 1)
(14, 1)
(15, 1)
kaikki ok
Reitin pituus: 7
(3, 3)
(4, 3)
(5, 3)
(6, 3)
(7, 3)
(8, 3)
(8, 2)
(8, 1)
kaikki ok
Reitin pituus: 14
(10, 7)
(9, 7)
(8, 7)
(7, 7)
(6, 7)
(6, 8)
(6, 9)
(5, 9)
(4, 9)
(4, 10)
(4, 11)
(4, 12)
(4, 13)
(3, 13)
(2, 13)
kaikki ok
Reitin pituus: 3
(8, 14)
(8, 15)
(7, 15)
(6, 15)
kaikki ok
Reitin pituus: 6
(9, 15)
(8, 15)
(8, 14)
(8, 13)
(7, 13)
(6, 13)
(6, 12)
kaikki ok
Reitin pituus: 18
(1, 3)
(2, 3)
(3, 3)
(4, 3)
(5, 3)
(6, 3)
(7, 3)
(8, 3)
(9, 3)
(10, 3)
(10, 2)
(10, 1)
(11, 1)
(12, 1)
(13, 1)
(14, 1)
(15, 1)
(16, 1)
(17, 1)
kaikki ok
Reitin pituus: 12
(12, 9)
(13, 9)
(14, 9)
(14, 8)
(14, 7)
(14, 6)
(14, 5)
(15, 5)
(16, 5)
(17, 5)
(17, 4)
(17, 3)
(17, 2)
kaikki ok
Reitin pituus: 15
(6, 13)
(6, 12)
(6, 11)
(6, 10)
(6, 9)
(6, 8)
(6, 7)
(7, 7)
(8, 7)
(9, 7)
(10, 7)
(10, 6)
(10, 5)
(11, 5)
(12, 5)
(12, 4)
kaikki ok
Reitin pituus: 19
(3, 13)
(4, 13)
(4, 14)
(4, 15)
(5, 15)
(6, 15)
(7, 15)
(8, 15)
(9, 15)
(10, 15)
(11, 15)
(12, 15)
(13, 15)
(14, 15)
(14, 16)
(14, 17)
(15, 17)
(16, 17)
(17, 17)
(17, 18)
kaikki ok
Reitin pituus: 13
(2, 1)
(3, 1)
(4, 1)
(5, 1)
(6, 1)
(7, 1)
(8, 1)
(8, 2)
(8, 3)
(9, 3)
(10, 3)
(11, 3)
(12, 3)
(13, 3)
kaikki ok
Reitin pituus: 21
(11, 15)
(10, 15)
(9, 15)
(8, 15)
(8, 14)
(8, 13)
(7, 13)
(6, 13)
(6, 12)
(6, 11)
(6, 10)
(6, 9)
(5, 9)
(4, 9)
(4, 8)
(4, 7)
(4, 6)
(4, 5)
(4, 4)
(4, 3)
(3, 3)
(2, 3)
kaikki ok
Reitin pituus: 10
(7, 7)
(6, 7)
(6, 8)
(6, 9)
(5, 9)
(4, 9)
(4, 8)
(4, 7)
(4, 6)
(4, 5)
(4, 4)
kaikki ok
Reitin pituus: 17
(10, 19)
(10, 18)
(10, 17)
(11, 17)
(12, 17)
(12, 16)
(12, 15)
(13, 15)
(14, 15)
(14, 14)
(14, 13)
(14, 12)
(14, 11)
(14, 10)
(14, 9)
(13, 9)
(12, 9)
(12, 8)
kaikki ok
Reitin pituus: 6
(17, 13)
(17, 14)
(17, 15)
(16, 15)
(16, 16)
(16, 17)
(17, 17)
kaikki ok
Reitin pituus: 10
(14, 12)
(14, 13)
(13, 13)
(12, 13)
(11, 13)
(10, 13)
(10, 14)
(10, 15)
(9, 15)
(8, 15)
(7, 15)
kaikki ok
Reitin pituus: 13
(8, 7)
(8, 6)
(8, 5)
(7, 5)
(6, 5)
(6, 4)
(6, 3)
(5, 3)
(4, 3)
(4, 4)
(4, 5)
(3, 5)
(2, 5)
(1, 5)
kaikki ok
Reitin pituus: 4
(6, 12)
(6, 13)
(5, 13)
(4, 13)
(4, 12)
kaikki ok
Reitin pituus: 19
(10, 3)
(11, 3)
(12, 3)
(12, 4)
(12, 5)
(11, 5)
(10, 5)
(10, 6)
(10, 7)
(11, 7)
(12, 7)
(12, 8)
(12, 9)
(12, 10)
(12, 11)
(12, 12)
(12, 13)
(11, 13)
(10, 13)
(10, 14)
kaikki ok
Reitin pituus: 7
(14, 10)
(14, 11)
(14, 12)
(14, 13)
(14, 14)
(14, 15)
(14, 16)
(14, 17)
kaikki ok
Reitin pituus: 20
(1, 17)
(2, 17)
(3, 17)
(4, 17)
(4, 16)
(4, 15)
(4, 14)
(4, 13)
(5, 13)
(6, 13)
(6, 12)
(6, 11)
(6, 10)
(6, 9)
(6, 8)
(6, 7)
(7, 7)
(8, 7)
(9, 7)
(9, 8)
(9, 9)
kaikki ok
Reitin pituus: 11
(9, 3)
(10, 3)
(11, 3)
(12, 3)
(13, 3)
(14, 3)
(14, 4)
(14, 5)
(14, 6)
(14, 7)
(14, 8)
(14, 9)
kaikki ok
Reitin pituus: 16
(9, 19)
(10, 19)
(10, 18)
(10, 17)
(11, 17)
(12, 17)
(12, 16)
(12, 15)
(11, 15)
(10, 15)
(10, 14)
(10, 13)
(11, 13)
(12, 13)
(12, 12)
(12, 11)
(12, 10)
kaikki ok
Reitin pituus: 19
(14, 12)
(14, 13)
(13, 13)
(12, 13)
(11, 13)
(10, 13)
(10, 14)
(10, 15)
(9, 15)
(8, 15)
(7, 15)
(6, 15)
(5, 15)
(4, 15)
(4, 16)
(4, 17)
(3, 17)
(2, 17)
(1, 17)
(1, 18)
kaikki ok
Reitin pituus: 12
(13, 13)
(12, 13)
(11, 13)
(10, 13)
(10, 14)
(10, 15)
(9, 15)
(8, 15)
(7, 15)
(6, 15)
(5, 15)
(4, 15)
(4, 14)
kaikki ok
Reitin pituus: 6
(6, 3)
(5, 3)
(4, 3)
(3, 3)
(2, 3)
(1, 3)
(1, 2)
kaikki ok
Reitin pituus: 19
(4, 16)
(4, 15)
(4, 14)
(4, 13)
(4, 12)
(4, 11)
(4, 10)
(4, 9)
(4, 8)
(4, 7)
(4, 6)
(4, 5)
(4, 4)
(4, 3)
(4, 2)
(4, 1)
(5, 1)
(6, 1)
(7, 1)
(8, 1)
kaikki ok
Reitin pituus: 8
(8, 11)
(7, 11)
(6, 11)
(6, 10)
(6, 9)
(5, 9)
(4, 9)
(4, 8)
(4, 7)
kaikki ok
Reitin pituus: 20
(8, 7)
(7, 7)
(6, 7)
(6, 8)
(6, 9)
(6, 10)
(6, 11)
(6, 12)
(6, 13)
(7, 13)
(8, 13)
(8, 14)
(8, 15)
(7, 15)
(6, 15)
(6, 16)
(6, 17)
(7, 17)
(8, 17)
(8, 18)
(8, 19)
kaikki ok
Reitin pituus: 9
(8, 7)
(7, 7)
(6, 7)
(6, 8)
(6, 9)
(6, 10)
(6, 11)
(6, 12)
(6, 13)
(5, 13)
kaikki ok
Reitin pituus: 24
(5, 1)
(4, 1)
(4, 2)
(4, 3)
(4, 4)
(4, 5)
(4, 6)
(4, 7)
(4, 8)
(4, 9)
(4, 10)
(4, 11)
(4, 12)
(4, 13)
(4, 14)
(4, 15)
(5, 15)
(6, 15)
(6, 16)
(6, 17)
(7, 17)
(8, 17)
(8, 18)
(8, 19)
(9, 19)
kaikki ok
Reitin pituus: 14
(14, 1)
(13, 1)
(12, 1)
(11, 1)
(10, 1)
(10, 2)
(10, 3)
(9, 3)
(8, 3)
(7, 3)
(6, 3)
(5, 3)
(4, 3)
(4, 4)
(4, 5)
kaikki ok
Reitin pituus: 18
(3, 19)
(4, 19)
(5, 19)
(6, 19)
(7, 19)
(8, 19)
(9, 19)
(10, 19)
(11, 19)
(12, 19)
(13, 19)
(14, 19)
(15, 19)
(16, 19)
(17, 19)
(17, 18)
(17, 17)
(16, 17)
(16, 16)
kaikki ok
Reitin pituus: 15
(11, 13)
(12, 13)
(12, 12)
(12, 11)
(12, 10)
(12, 9)
(12, 8)
(12, 7)
(11, 7)
(10, 7)
(10, 6)
(10, 5)
(11, 5)
(12, 5)
(12, 4)
(12, 3)
kaikki ok
Reitin pituus: 10
(8, 2)
(8, 3)
(7, 3)
(6, 3)
(5, 3)
(4, 3)
(3, 3)
(2, 3)
(1, 3)
(1, 4)
(1, 5)
kaikki ok
Reitin pituus: 17
(1, 15)
(1, 14)
(1, 13)
(2, 13)
(3, 13)
(4, 13)
(4, 12)
(4, 11)
(4, 10)
(4, 9)
(4, 8)
(4, 7)
(4, 6)
(4, 5)
(3, 5)
(2, 5)
(1, 5)
(1, 4)
kaikki ok
Reitin pituus: 5
(5, 9)
(4, 9)
(4, 10)
(4, 11)
(4, 12)
(4, 13)
kaikki ok
Reitin pituus: 11
(8, 14)
(8, 13)
(7, 13)
(6, 13)
(6, 12)
(6, 11)
(6, 10)
(6, 9)
(6, 8)
(6, 7)
(7, 7)
(8, 7)
kaikki ok
Reitin pituus: 11
(11, 11)
(10, 11)
(9, 11)
(8, 11)
(7, 11)
(6, 11)
(6, 12)
(6, 13)
(5, 13)
(4, 13)
(4, 14)
(4, 15)
kaikki ok
Reitin pituus: 19
(4, 10)
(4, 11)
(4, 12)
(4, 13)
(4, 14)
(4, 15)
(5, 15)
(6, 15)
(6, 16)
(6, 17)
(7, 17)
(8, 17)
(8, 18)
(8, 19)
(9, 19)
(10, 19)
(11, 19)
(12, 19)
(13, 19)
(14, 19)
kaikki ok
Reitin pituus: 16
(14, 17)
(14, 16)
(14, 15)
(13, 15)
(12, 15)
(11, 15)
(10, 15)
(9, 15)
(8, 15)
(8, 14)
(8, 13)
(7, 13)
(6, 13)
(5, 13)
(4, 13)
(3, 13)
(2, 13)
kaikki ok
Reitin pituus: 13
(17, 4)
(17, 5)
(16, 5)
(15, 5)
(14, 5)
(14, 6)
(14, 7)
(14, 8)
(14, 9)
(14, 10)
(14, 11)
(14, 12)
(14, 13)
(14, 14)
kaikki ok
Reitin pituus: 18
(4, 8)
(4, 9)
(5, 9)
(6, 9)
(6, 10)
(6, 11)
(7, 11)
(8, 11)
(9, 11)
(10, 11)
(11, 11)
(12, 11)
(12, 12)
(12, 13)
(13, 13)
(14, 13)
(15, 13)
(16, 13)
(17, 13)
kaikki ok
Reitin pituus: 26
(7, 3)
(6, 3)
(5, 3)
(4, 3)
(4, 4)
(4, 5)
(4, 6)
(4, 7)
(4, 8)
(4, 9)
(4, 10)
(4, 11)
(4, 12)
(4, 13)
(4, 14)
(4, 15)
(5, 15)
(6, 15)
(6, 16)
(6, 17)
(7, 17)
(8, 17)
(8, 18)
(8, 19)
(9, 19)
(10, 19)
(11, 19)
kaikki ok
Reitin pituus: 21
(8, 14)
(8, 15)
(9, 15)
(10, 15)
(10, 14)
(10, 13)
(11, 13)
(12, 13)
(13, 13)
(14, 13)
(14, 12)
(14, 11)
(14, 10)
(14, 9)
(14, 8)
(14, 7)
(14, 6)
(14, 5)
(15, 5)
(16, 5)
(17, 5)
(17, 4)
kaikki ok
Reitin pituus: 12
(4, 13)
(4, 12)
(4, 11)
(4, 10)
(4, 9)
(4, 8)
(4, 7)
(4, 6)
(4, 5)
(3, 5)
(2, 5)
(1, 5)
(1, 4)
kaikki ok
Reitin pituus: 0
(16, 3)
kaikki ok
Reitin pituus: 11
(4, 4)
(4, 3)
(5, 3)
(6, 3)
(7, 3)
(8, 3)
(9, 3)
(10, 3)
(10, 2)
(10, 1)
(11, 1)
(12, 1)
kaikki ok
Reitin pituus: 5
(16, 17)
(17, 17)
(17, 18)
(17, 19)
(16, 19)
(15, 19)
kaikki ok
Reitin pituus: 24
(6, 4)
(6, 5)
(7, 5)
(8, 5)
(8, 6)
(8, 7)
(9, 7)
(10, 7)
(11, 7)
(12, 7)
(12, 8)
(12, 9)
(13, 9)
(14, 9)
(14, 10)
(14, 11)
(14, 12)
(14, 13)
(14, 14)
(14, 15)
(13, 15)
(12, 15)
(12, 16)
(12, 17)
(11, 17)
kaikki ok
Reitin pituus: 13
(14, 5)
(14, 4)
(14, 3)
(13, 3)
(12, 3)
(11, 3)
(10, 3)
(9, 3)
(8, 3)
(7, 3)
(6, 3)
(6, 4)
(6, 5)
(7, 5)
kaikki ok
Reitin pituus: 23
(7, 19)
(8, 19)
(9, 19)
(10, 19)
(10, 18)
(10, 17)
(11, 17)
(12, 17)
(12, 16)
(12, 15)
(13, 15)
(14, 15)
(14, 14)
(14, 13)
(14, 12)
(14, 11)
(14, 10)
(14, 9)
(14, 8)
(14, 7)
(14, 6)
(14, 5)
(15, 5)
(16, 5)
kaikki ok
Reitin pituus: 20
(12, 7)
(12, 8)
(12, 9)
(12, 10)
(12, 11)
(12, 12)
(12, 13)
(11, 13)
(10, 13)
(10, 14)
(10, 15)
(9, 15)
(8, 15)
(7, 15)
(6, 15)
(6, 16)
(6, 17)
(7, 17)
(8, 17)
(8, 18)
(8, 19)
kaikki ok
Reitin pituus: 9
(10, 15)
(10, 14)
(10, 13)
(11, 13)
(12, 13)
(12, 12)
(12, 11)
(11, 11)
(10, 11)
(9, 11)
kaikki ok
Reitin pituus: 13
(8, 17)
(7, 17)
(6, 17)
(6, 16)
(6, 15)
(7, 15)
(8, 15)
(8, 14)
(8, 13)
(7, 13)
(6, 13)
(6, 12)
(6, 11)
(7, 11)
kaikki ok
Reitin pituus: 18
(8, 9)
(9, 9)
(9, 8)
(9, 7)
(10, 7)
(11, 7)
(12, 7)
(12, 8)
(12, 9)
(13, 9)
(14, 9)
(14, 10)
(14, 11)
(14, 12)
(14, 13)
(14, 14)
(14, 15)
(14, 16)
(14, 17)
kaikki ok
Reitin pituus: 11
(8, 14)
(8, 15)
(7, 15)
(6, 15)
(5, 15)
(4, 15)
(4, 16)
(4, 17)
(3, 17)
(2, 17)
(1, 17)
(1, 18)
kaikki ok
Reitin pituus: 19
(11, 15)
(10, 15)
(9, 15)
(8, 15)
(8, 14)
(8, 13)
(7, 13)
(6, 13)
(6, 12)
(6, 11)
(6, 10)
(6, 9)
(5, 9)
(4, 9)
(4, 8)
(4, 7)
(4, 6)
(4, 5)
(3, 5)
(2, 5)
kaikki ok
Reitin pituus: 6
(12, 13)
(11, 13)
(10, 13)
(10, 14)
(10, 15)
(9, 15)
(8, 15)
kaikki ok
Reitin pituus: 15
(4, 8)
(4, 9)
(4, 10)
(4, 11)
(4, 12)
(4, 13)
(4, 14)
(4, 15)
(5, 15)
(6, 15)
(6, 16)
(6, 17)
(7, 17)
(8, 17)
(8, 18)
(8, 19)
kaikki ok
Reitin pituus: 21
(4, 4)
(4, 5)
(4, 6)
(4, 7)
(4, 8)
(4, 9)
(4, 10)
(4, 11)
(4, 12)
(4, 13)
(4, 14)
(4, 15)
(5, 15)
(6, 15)
(6, 16)
(6, 17)
(7, 17)
(8, 17)
(8, 18)
(8, 19)
(9, 19)
(10, 19)
kaikki ok
Reitin pituus: 4
(9, 7)
(8, 7)
(8, 6)
(8, 5)
(7, 5)
kaikki ok
Reitin pituus: 2
(1, 1)
(2, 1)
(3, 1)
kaikki ok
Reitin pituus: 16
(14, 5)
(14, 6)
(14, 7)
(14, 8)
(14, 9)
(13, 9)
(12, 9)
(12, 10)
(12, 11)
(11, 11)
(10, 11)
(9, 11)
(8, 11)
(7, 11)
(6, 11)
(6, 12)
(6, 13)
kaikki ok
Reitin pituus: 14
(9, 8)
(9, 7)
(8, 7)
(7, 7)
(6, 7)
(6, 8)
(6, 9)
(5, 9)
(4, 9)
(4, 10)
(4, 11)
(4, 12)
(4, 13)
(4, 14)
(4, 15)
kaikki ok
Reitin pituus: 18
(14, 7)
(14, 6)
(14, 5)
(14, 4)
(14, 3)
(13, 3)
(12, 3)
(11, 3)
(10, 3)
(9, 3)
(8, 3)
(7, 3)
(6, 3)
(5, 3)
(4, 3)
(3, 3)
(2, 3)
(1, 3)
(1, 4)
kaikki ok
Reitin pituus: 23
(13, 15)
(12, 15)
(11, 15)
(10, 15)
(9, 15)
(8, 15)
(7, 15)
(6, 15)
(5, 15)
(4, 15)
(4, 14)
(4, 13)
(4, 12)
(4, 11)
(4, 10)
(4, 9)
(4, 8)
(4, 7)
(4, 6)
(4, 5)
(3, 5)
(2, 5)
(1, 5)
(1, 4)
kaikki ok
Reitin pituus: 18
(17, 2)
(17, 3)
(16, 3)
(15, 3)
(14, 3)
(13, 3)
(12, 3)
(11, 3)
(10, 3)
(9, 3)
(8, 3)
(7, 3)
(6, 3)
(5, 3)
(4, 3)
(3, 3)
(2, 3)
(1, 3)
(1, 2)
kaikki ok
Reitin pituus: 12
(11, 17)
(12, 17)
(12, 16)
(12, 15)
(13, 15)
(14, 15)
(14, 14)
(14, 13)
(14, 12)
(14, 11)
(14, 10)
(14, 9)
(13, 9)
kaikki ok
Reitin pituus: 16
(14, 14)
(14, 13)
(14, 12)
(14, 11)
(14, 10)
(14, 9)
(14, 8)
(14, 7)
(14, 6)
(14, 5)
(14, 4)
(14, 3)
(13, 3)
(12, 3)
(11, 3)
(10, 3)
(9, 3)
kaikki ok
Reitin pituus: 27
(15, 3)
(14, 3)
(13, 3)
(12, 3)
(12, 4)
(12, 5)
(11, 5)
(10, 5)
(10, 6)
(10, 7)
(9, 7)
(8, 7)
(7, 7)
(6, 7)
(6, 8)
(6, 9)
(5, 9)
(4, 9)
(4, 10)
(4, 11)
(4, 12)
(4, 13)
(4, 14)
(4, 15)
(4, 16)
(4, 17)
(3, 17)
(2, 17)
kaikki ok
Reitin pituus: 14
(6, 16)
(6, 15)
(5, 15)
(4, 15)
(4, 14)
(4, 13)
(4, 12)
(4, 11)
(4, 10)
(4, 9)
(4, 8)
(4, 7)
(4, 6)
(4, 5)
(4, 4)
kaikki ok
Reitin pituus: 14
(10, 9)
(9, 9)
(9, 8)
(9, 7)
(8, 7)
(8, 6)
(8, 5)
(7, 5)
(6, 5)
(6, 4)
(6, 3)
(5, 3)
(4, 3)
(3, 3)
(2, 3)
kaikki ok
Reitin pituus: 9
(12, 1)
(11, 1)
(10, 1)
(10, 2)
(10, 3)
(9, 3)
(8, 3)
(8, 2)
(8, 1)
(7, 1)
kaikki ok
Reitin pituus: 15
(5, 15)
(4, 15)
(4, 14)
(4, 13)
(4, 12)
(4, 11)
(4, 10)
(4, 9)
(4, 8)
(4, 7)
(4, 6)
(4, 5)
(4, 4)
(4, 3)
(4, 2)
(4, 1)
kaikki ok
Reitin pituus: 11
(3, 13)
(4, 13)
(4, 14)
(4, 15)
(5, 15)
(6, 15)
(6, 16)
(6, 17)
(7, 17)
(8, 17)
(8, 18)
(8, 19)
kaikki ok
Reitin pituus: 12
(9, 8)
(9, 7)
(10, 7)
(10, 6)
(10, 5)
(11, 5)
(12, 5)
(12, 4)
(12, 3)
(13, 3)
(14, 3)
(14, 2)
(14, 1)
kaikki ok
Reitin pituus: 11
(11, 11)
(12, 11)
(12, 12)
(12, 13)
(13, 13)
(14, 13)
(15, 13)
(16, 13)
(17, 13)
(17, 14)
(17, 15)
(16, 15)
kaikki ok
Reitin pituus: 20
(5, 1)
(4, 1)
(4, 2)
(4, 3)
(4, 4)
(4, 5)
(4, 6)
(4, 7)
(4, 8)
(4, 9)
(4, 10)
(4, 11)
(4, 12)
(4, 13)
(4, 14)
(4, 15)
(4, 16)
(4, 17)
(3, 17)
(2, 17)
(2, 16)
kaikki ok
Reitin pituus: 22
(7, 1)
(8, 1)
(8, 2)
(8, 3)
(9, 3)
(10, 3)
(11, 3)
(12, 3)
(13, 3)
(14, 3)
(14, 4)
(14, 5)
(14, 6)
(14, 7)
(14, 8)
(14, 9)
(14, 10)
(14, 11)
(14, 12)
(14, 13)
(14, 14)
(14, 15)
(14, 16)
kaikki ok
Reitin pituus: 5
(5, 9)
(4, 9)
(4, 10)
(4, 11)
(4, 12)
(4, 13)
kaikki ok
Reitin pituus: 14
(12, 17)
(12, 16)
(12, 15)
(13, 15)
(14, 15)
(14, 14)
(14, 13)
(14, 12)
(14, 11)
(14, 10)
(14, 9)
(14, 8)
(14, 7)
(14, 6)
(14, 5)
kaikki ok
Reitin pituus: 10
(9, 3)
(10, 3)
(11, 3)
(12, 3)
(12, 4)
(12, 5)
(11, 5)
(10, 5)
(10, 6)
(10, 7)
(11, 7)
kaikki ok
Reitin pituus: 23
(7, 13)
(6, 13)
(6, 12)
(6, 11)
(7, 11)
(8, 11)
(9, 11)
(10, 11)
(11, 11)
(12, 11)
(12, 10)
(12, 9)
(13, 9)
(14, 9)
(14, 8)
(14, 7)
(14, 6)
(14, 5)
(14, 4)
(14, 3)
(14, 2)
(14, 1)
(15, 1)
(16, 1)
kaikki ok
Reitin pituus: 11
(1, 13)
(2, 13)
(3, 13)
(4, 13)
(4, 14)
(4, 15)
(5, 15)
(6, 15)
(6, 16)
(6, 17)
(7, 17)
(8, 17)
kaikki ok
Reitin pituus: 19
(12, 11)
(12, 10)
(12, 9)
(12, 8)
(12, 7)
(11, 7)
(10, 7)
(9, 7)
(8, 7)
(8, 6)
(8, 5)
(7, 5)
(6, 5)
(6, 4)
(6, 3)
(7, 3)
(8, 3)
(8, 2)
(8, 1)
(7, 1)
kaikki ok
Reitin pituus: 23
(8, 14)
(8, 13)
(7, 13)
(6, 13)
(5, 13)
(4, 13)
(4, 12)
(4, 11)
(4, 10)
(4, 9)
(4, 8)
(4, 7)
(4, 6)
(4, 5)
(4, 4)
(4, 3)
(5, 3)
(6, 3)
(7, 3)
(8, 3)
(9, 3)
(10, 3)
(10, 2)
(10, 1)
kaikki ok
Reitin pituus: 30
(3, 1)
(4, 1)
(4, 2)
(4, 3)
(4, 4)
(4, 5)
(4, 6)
(4, 7)
(4, 8)
(4, 9)
(4, 10)
(4, 11)
(4, 12)
(4, 13)
(4, 14)
(4, 15)
(5, 15)
(6, 15)
(6, 16)
(6, 17)
(7, 17)
(8, 17)
(8, 18)
(8, 19)
(9, 19)
(10, 19)
(11, 19)
(12, 19)
(13, 19)
(14, 19)
(15, 19)
kaikki ok
Reitin pituus: 15
(17, 19)
(17, 18)
(17, 17)
(16, 17)
(15, 17)
(14, 17)
(14, 16)
(14, 15)
(13, 15)
(12, 15)
(11, 15)
(10, 15)
(9, 15)
(8, 15)
(8, 14)
(8, 13)
kaikki ok
Reitin pituus: 22
(16, 3)
(15, 3)
(14, 3)
(14, 4)
(14, 5)
(14, 6)
(14, 7)
(14, 8)
(14, 9)
(13, 9)
(12, 9)
(12, 10)
(12, 11)
(12, 12)
(12, 13)
(11, 13)
(10, 13)
(10, 14)
(10, 15)
(9, 15)
(8, 15)
(7, 15)
(6, 15)
kaikki ok
Reitin pituus: 18
(3, 19)
(2, 19)
(1, 19)
(1, 18)
(1, 17)
(2, 17)
(3, 17)
(4, 17)
(4, 16)
(4, 15)
(4, 14)
(4, 13)
(5, 13)
(6, 13)
(6, 12)
(6, 11)
(7, 11)
(8, 11)
(9, 11)
kaikki ok
Reitin pituus: 15
(13, 19)
(12, 19)
(11, 19)
(10, 19)
(9, 19)
(8, 19)
(8, 18)
(8, 17)
(7, 17)
(6, 17)
(6, 16)
(6, 15)
(5, 15)
(4, 15)
(4, 14)
(4, 13)
kaikki ok
Reitin pituus: 1
(12, 11)
(12, 12)
kaikki ok
Reitin pituus: 6
(16, 1)
(15, 1)
(14, 1)
(13, 1)
(12, 1)
(11, 1)
(10, 1)
kaikki ok
Reitin pituus: 20
(15, 5)
(14, 5)
(14, 6)
(14, 7)
(14, 8)
(14, 9)
(13, 9)
(12, 9)
(12, 10)
(12, 11)
(12, 12)
(12, 13)
(11, 13)
(10, 13)
(10, 14)
(10, 15)
(9, 15)
(8, 15)
(7, 15)
(6, 15)
(5, 15)
kaikki ok
Reitin pituus: 25
(8, 19)
(9, 19)
(10, 19)
(10, 18)
(10, 17)
(11, 17)
(12, 17)
(12, 16)
(12, 15)
(13, 15)
(14, 15)
(14, 14)
(14, 13)
(14, 12)
(14, 11)
(14, 10)
(14, 9)
(14, 8)
(14, 7)
(14, 6)
(14, 5)
(15, 5)
(16, 5)
(17, 5)
(17, 4)
(17, 3)
kaikki ok
Reitin pituus: 10
(14, 10)
(14, 11)
(14, 12)
(14, 13)
(14, 14)
(14, 15)
(14, 16)
(14, 17)
(15, 17)
(16, 17)
(16, 16)
kaikki ok
Reitin pituus: 12
(10, 19)
(9, 19)
(8, 19)
(8, 18)
(8, 17)
(7, 17)
(6, 17)
(6, 16)
(6, 15)
(5, 15)
(4, 15)
(4, 16)
(4, 17)
kaikki ok
Reitin pituus: 14
(3, 17)
(4, 17)
(4, 16)
(4, 15)
(5, 15)
(6, 15)
(7, 15)
(8, 15)
(9, 15)
(10, 15)
(11, 15)
(12, 15)
(13, 15)
(14, 15)
(14, 14)
kaikki ok
Reitin pituus: 25
(10, 19)
(9, 19)
(8, 19)
(8, 18)
(8, 17)
(7, 17)
(6, 17)
(6, 16)
(6, 15)
(5, 15)
(4, 15)
(4, 14)
(4, 13)
(4, 12)
(4, 11)
(4, 10)
(4, 9)
(4, 8)
(4, 7)
(4, 6)
(4, 5)
(4, 4)
(4, 3)
(5, 3)
(6, 3)
(6, 4)
kaikki ok
Reitin pituus: 12
(9, 9)
(9, 8)
(9, 7)
(8, 7)
(7, 7)
(6, 7)
(6, 8)
(6, 9)
(5, 9)
(4, 9)
(4, 10)
(4, 11)
(4, 12)
kaikki ok
Reitin pituus: 10
(7, 11)
(6, 11)
(6, 10)
(6, 9)
(6, 8)
(6, 7)
(7, 7)
(8, 7)
(9, 7)
(9, 8)
(9, 9)
kaikki ok
Reitin pituus: 15
(9, 8)
(9, 7)
(8, 7)
(7, 7)
(6, 7)
(6, 8)
(6, 9)
(6, 10)
(6, 11)
(6, 12)
(6, 13)
(7, 13)
(8, 13)
(8, 14)
(8, 15)
(7, 15)
kaikki ok
Reitin pituus: 22
(16, 3)
(15, 3)
(14, 3)
(14, 4)
(14, 5)
(14, 6)
(14, 7)
(14, 8)
(14, 9)
(14, 10)
(14, 11)
(14, 12)
(14, 13)
(14, 14)
(14, 15)
(13, 15)
(12, 15)
(12, 16)
(12, 17)
(11, 17)
(10, 17)
(10, 18)
(10, 19)
kaikki ok
Reitin pituus: 18
(8, 14)
(8, 13)
(7, 13)
(6, 13)
(5, 13)
(4, 13)
(4, 12)
(4, 11)
(4, 10)
(4, 9)
(4, 8)
(4, 7)
(4, 6)
(4, 5)
(4, 4)
(4, 3)
(5, 3)
(6, 3)
(7, 3)
kaikki ok
Reitin pituus: 10
(13, 15)
(12, 15)
(11, 15)
(10, 15)
(9, 15)
(8, 15)
(7, 15)
(6, 15)
(5, 15)
(4, 15)
(4, 16)
kaikki ok
Reitin pituus: 2
(17, 18)
(17, 17)
(16, 17)
kaikki ok
Reitin pituus: 22
(8, 14)
(8, 15)
(9, 15)
(10, 15)
(10, 14)
(10, 13)
(11, 13)
(12, 13)
(13, 13)
(14, 13)
(14, 12)
(14, 11)
(14, 10)
(14, 9)
(14, 8)
(14, 7)
(14, 6)
(14, 5)
(14, 4)
(14, 3)
(14, 2)
(14, 1)
(15, 1)
kaikki ok
Reitin pituus: 7
(12, 7)
(12, 8)
(12, 9)
(12, 10)
(12, 11)
(12, 12)
(12, 13)
(13, 13)
kaikki ok
Reitin pituus: 3
(6, 5)
(7, 5)
(8, 5)
(8, 6)
kaikki ok
Reitin pituus: 7
(14, 3)
(13, 3)
(12, 3)
(11, 3)
(10, 3)
(9, 3)
(8, 3)
(8, 2)
kaikki ok
Reitin pituus: 8
(16, 13)
(15, 13)
(14, 13)
(14, 12)
(14, 11)
(14, 10)
(14, 9)
(14, 8)
(14, 7)
kaikki ok
Reitin pituus: 29
(14, 19)
(13, 19)
(12, 19)
(11, 19)
(10, 19)
(9, 19)
(8, 19)
(8, 18)
(8, 17)
(7, 17)
(6, 17)
(6, 16)
(6, 15)
(5, 15)
(4, 15)
(4, 14)
(4, 13)
(4, 12)
(4, 11)
(4, 10)
(4, 9)
(4, 8)
(4, 7)
(4, 6)
(4, 5)
(4, 4)
(4, 3)
(5, 3)
(6, 3)
(7, 3)
kaikki ok
Reitin pituus: 8
(4, 12)
(4, 13)
(4, 14)
(4, 15)
(5, 15)
(6, 15)
(6, 16)
(6, 17)
(7, 17)
kaikki ok
Reitin pituus: 13
(6, 16)
(6, 15)
(7, 15)
(8, 15)
(9, 15)
(10, 15)
(11, 15)
(12, 15)
(13, 15)
(14, 15)
(14, 14)
(14, 13)
(15, 13)
(16, 13)
kaikki ok
Reitin pituus: 7
(10, 17)
(10, 18)
(10, 19)
(9, 19)
(8, 19)
(7, 19)
(6, 19)
(5, 19)
kaikki ok
Reitin pituus: 23
(1, 15)
(2, 15)
(2, 16)
(2, 17)
(3, 17)
(4, 17)
(4, 16)
(4, 15)
(5, 15)
(6, 15)
(7, 15)
(8, 15)
(9, 15)
(10, 15)
(11, 15)
(12, 15)
(13, 15)
(14, 15)
(14, 14)
(14, 13)
(15, 13)
(16, 13)
(17, 13)
(17, 14)
kaikki ok
Reitin pituus: 9
(4, 9)
(5, 9)
(6, 9)
(6, 8)
(6, 7)
(7, 7)
(8, 7)
(9, 7)
(10, 7)
(10, 6)
kaikki ok
Reitin pituus: 15
(10, 1)
(10, 2)
(10, 3)
(9, 3)
(8, 3)
(7, 3)
(6, 3)
(6, 4)
(6, 5)
(7, 5)
(8, 5)
(8, 6)
(8, 7)
(7, 7)
(6, 7)
(6, 8)
kaikki ok
Reitin pituus: 13
(6, 10)
(6, 11)
(6, 12)
(6, 13)
(5, 13)
(4, 13)
(4, 14)
(4, 15)
(4, 16)
(4, 17)
(3, 17)
(2, 17)
(1, 17)
(1, 18)
kaikki ok
Reitin pituus: 24
(1, 3)
(2, 3)
(3, 3)
(4, 3)
(5, 3)
(6, 3)
(7, 3)
(8, 3)
(9, 3)
(10, 3)
(11, 3)
(12, 3)
(13, 3)
(14, 3)
(14, 4)
(14, 5)
(14, 6)
(14, 7)
(14, 8)
(14, 9)
(14, 10)
(14, 11)
(14, 12)
(14, 13)
(15, 13)
kaikki ok
Reitin pituus: 7
(12, 8)
(12, 9)
(12, 10)
(12, 11)
(11, 11)
(10, 11)
(9, 11)
(8, 11)
kaikki ok
Reitin pituus: 20
(1, 2)
(1, 3)
(1, 4)
(1, 5)
(2, 5)
(3, 5)
(4, 5)
(4, 6)
(4, 7)
(4, 8)
(4, 9)
(4, 10)
(4, 11)
(4, 12)
(4, 13)
(4, 14)
(4, 15)
(5, 15)
(6, 15)
(6, 16)
(6, 17)
kaikki ok
Reitin pituus: 11
(12, 12)
(12, 13)
(11, 13)
(10, 13)
(10, 14)
(10, 15)
(9, 15)
(8, 15)
(7, 15)
(6, 15)
(6, 16)
(6, 17)
kaikki ok
Reitin pituus: 20
(11, 15)
(12, 15)
(13, 15)
(14, 15)
(14, 14)
(14, 13)
(14, 12)
(14, 11)
(14, 10)
(14, 9)
(14, 8)
(14, 7)
(14, 6)
(14, 5)
(14, 4)
(14, 3)
(13, 3)
(12, 3)
(11, 3)
(10, 3)
(9, 3)
kaikki ok
Reitin pituus: 17
(3, 1)
(4, 1)
(4, 2)
(4, 3)
(5, 3)
(6, 3)
(7, 3)
(8, 3)
(9, 3)
(10, 3)
(11, 3)
(12, 3)
(13, 3)
(14, 3)
(14, 4)
(14, 5)
(14, 6)
(14, 7)
kaikki ok
Reitin pituus: 19
(1, 18)
(1, 17)
(2, 17)
(3, 17)
(4, 17)
(4, 16)
(4, 15)
(5, 15)
(6, 15)
(7, 15)
(8, 15)
(9, 15)
(10, 15)
(11, 15)
(12, 15)
(13, 15)
(14, 15)
(14, 16)
(14, 17)
(15, 17)
kaikki ok
Reitin pituus: 21
(10, 2)
(10, 3)
(9, 3)
(8, 3)
(7, 3)
(6, 3)
(5, 3)
(4, 3)
(4, 4)
(4, 5)
(4, 6)
(4, 7)
(4, 8)
(4, 9)
(4, 10)
(4, 11)
(4, 12)
(4, 13)
(4, 14)
(4, 15)
(5, 15)
(6, 15)
kaikki ok
Reitin pituus: 15
(5, 13)
(6, 13)
(6, 12)
(6, 11)
(7, 11)
(8, 11)
(9, 11)
(10, 11)
(11, 11)
(12, 11)
(12, 12)
(12, 13)
(13, 13)
(14, 13)
(14, 12)
(14, 11)
kaikki ok
Reitin pituus: 20
(16, 17)
(15, 17)
(14, 17)
(14, 16)
(14, 15)
(14, 14)
(14, 13)
(14, 12)
(14, 11)
(14, 10)
(14, 9)
(13, 9)
(12, 9)
(12, 8)
(12, 7)
(11, 7)
(10, 7)
(9, 7)
(8, 7)
(7, 7)
(6, 7)
kaikki ok
Reitin pituus: 8
(2, 17)
(1, 17)
(1, 18)
(1, 19)
(2, 19)
(3, 19)
(4, 19)
(5, 19)
(6, 19)
kaikki ok
Reitin pituus: 7
(4, 12)
(4, 13)
(3, 13)
(2, 13)
(1, 13)
(1, 14)
(1, 15)
(2, 15)
kaikki ok
Reitin pituus: 30
(2, 16)
(2, 17)
(3, 17)
(4, 17)
(4, 16)
(4, 15)
(5, 15)
(6, 15)
(7, 15)
(8, 15)
(9, 15)
(10, 15)
(11, 15)
(12, 15)
(13, 15)
(14, 15)
(14, 14)
(14, 13)
(14, 12)
(14, 11)
(14, 10)
(14, 9)
(14, 8)
(14, 7)
(14, 6)
(14, 5)
(14, 4)
(14, 3)
(15, 3)
(16, 3)
(17, 3)
kaikki ok
Reitin pituus: 10
(14, 10)
(14, 9)
(14, 8)
(14, 7)
(14, 6)
(14, 5)
(14, 4)
(14, 3)
(14, 2)
(14, 1)
(13, 1)
kaikki ok
Reitin pituus: 6
(14, 13)
(15, 13)
(16, 13)
(17, 13)
(17, 14)
(17, 15)
(16, 15)
kaikki ok
Reitin pituus: 16
(3, 17)
(4, 17)
(4, 16)
(4, 15)
(5, 15)
(6, 15)
(7, 15)
(8, 15)
(9, 15)
(10, 15)
(11, 15)
(12, 15)
(13, 15)
(14, 15)
(14, 14)
(14, 13)
(15, 13)
kaikki ok
Reitin pituus: 18
(15, 5)
(14, 5)
(14, 6)
(14, 7)
(14, 8)
(14, 9)
(13, 9)
(12, 9)
(12, 10)
(12, 11)
(12, 12)
(12, 13)
(11, 13)
(10, 13)
(10, 14)
(10, 15)
(9, 15)
(8, 15)
(7, 15)
kaikki ok
Reitin pituus: 12
(11, 13)
(12, 13)
(12, 12)
(12, 11)
(11, 11)
(10, 11)
(9, 11)
(8, 11)
(7, 11)
(6, 11)
(6, 10)
(6, 9)
(5, 9)
kaikki ok
Reitin pituus: 18
(3, 3)
(4, 3)
(4, 4)
(4, 5)
(4, 6)
(4, 7)
(4, 8)
(4, 9)
(4, 10)
(4, 11)
(4, 12)
(4, 13)
(5, 13)
(6, 13)
(7, 13)
(8, 13)
(8, 14)
(8, 15)
(9, 15)
kaikki ok
Reitin pituus: 12
(9, 19)
(8, 19)
(7, 19)
(6, 19)
(5, 19)
(4, 19)
(3, 19)
(2, 19)
(1, 19)
(1, 18)
(1, 17)
(2, 17)
(2, 16)
kaikki ok
Reitin pituus: 19
(6, 5)
(7, 5)
(8, 5)
(8, 6)
(8, 7)
(9, 7)
(10, 7)
(11, 7)
(12, 7)
(12, 8)
(12, 9)
(13, 9)
(14, 9)
(14, 10)
(14, 11)
(14, 12)
(14, 13)
(14, 14)
(14, 15)
(13, 15)
kaikki ok
Reitin pituus: 26
(2, 3)
(3, 3)
(4, 3)
(4, 4)
(4, 5)
(4, 6)
(4, 7)
(4, 8)
(4, 9)
(5, 9)
(6, 9)
(6, 10)
(6, 11)
(6, 12)
(6, 13)
(7, 13)
(8, 13)
(8, 14)
(8, 15)
(9, 15)
(10, 15)
(11, 15)
(12, 15)
(12, 16)
(12, 17)
(11, 17)
(10, 17)
kaikki ok
Reitin pituus: 2
(2, 1)
(1, 1)
(1, 2)
kaikki ok
Reitin pituus: 15
(14, 4)
(14, 5)
(14, 6)
(14, 7)
(14, 8)
(14, 9)
(13, 9)
(12, 9)
(12, 10)
(12, 11)
(12, 12)
(12, 13)
(11, 13)
(10, 13)
(10, 14)
(10, 15)
kaikki ok
Reitin pituus: 19
(14, 5)
(14, 4)
(14, 3)
(13, 3)
(12, 3)
(12, 4)
(12, 5)
(11, 5)
(10, 5)
(10, 6)
(10, 7)
(9, 7)
(8, 7)
(7, 7)
(6, 7)
(6, 8)
(6, 9)
(5, 9)
(4, 9)
(4, 10)
kaikki ok
Reitin pituus: 19
(1, 5)
(2, 5)
(3, 5)
(4, 5)
(4, 6)
(4, 7)
(4, 8)
(4, 9)
(5, 9)
(6, 9)
(6, 10)
(6, 11)
(7, 11)
(8, 11)
(9, 11)
(10, 11)
(11, 11)
(12, 11)
(12, 10)
(12, 9)
kaikki ok
Reitin pituus: 6
(6, 5)
(6, 4)
(6, 3)
(5, 3)
(4, 3)
(4, 2)
(4, 1)
kaikki ok
Reitin pituus: 16
(15, 3)
(14, 3)
(14, 4)
(14, 5)
(14, 6)
(14, 7)
(14, 8)
(14, 9)
(14, 10)
(14, 11)
(14, 12)
(14, 13)
(14, 14)
(14, 15)
(13, 15)
(12, 15)
(11, 15)
kaikki ok
Reitin pituus: 4
(6, 15)
(6, 16)
(6, 17)
(7, 17)
(8, 17)
kaikki ok
Reitin pituus: 9
(12, 10)
(12, 9)
(12, 8)
(12, 7)
(11, 7)
(10, 7)
(10, 6)
(10, 5)
(11, 5)
(12, 5)
kaikki ok
Reitin pituus: 17
(12, 16)
(12, 15)
(13, 15)
(14, 15)
(14, 14)
(14, 13)
(14, 12)
(14, 11)
(14, 10)
(14, 9)
(13, 9)
(12, 9)
(12, 8)
(12, 7)
(11, 7)
(10, 7)
(9, 7)
(9, 8)
kaikki ok
Reitin pituus: 14
(10, 2)
(10, 3)
(11, 3)
(12, 3)
(12, 4)
(12, 5)
(11, 5)
(10, 5)
(10, 6)
(10, 7)
(11, 7)
(12, 7)
(12, 8)
(12, 9)
(12, 10)
kaikki ok
Reitin pituus: 21
(4, 10)
(4, 9)
(5, 9)
(6, 9)
(6, 8)
(6, 7)
(7, 7)
(8, 7)
(9, 7)
(10, 7)
(10, 6)
(10, 5)
(11, 5)
(12, 5)
(12, 4)
(12, 3)
(13, 3)
(14, 3)
(15, 3)
(16, 3)
(17, 3)
(17, 4)
kaikki ok
Reitin pituus: 3
(14, 13)
(14, 14)
(14, 15)
(13, 15)
kaikki ok
Reitin pituus: 13
(10, 6)
(10, 5)
(11, 5)
(12, 5)
(12, 4)
(12, 3)
(11, 3)
(10, 3)
(9, 3)
(8, 3)
(8, 2)
(8, 1)
(7, 1)
(6, 1)
kaikki ok
Reitin pituus: 26
(15, 19)
(16, 19)
(17, 19)
(17, 18)
(17, 17)
(16, 17)
(15, 17)
(14, 17)
(14, 16)
(14, 15)
(14, 14)
(14, 13)
(14, 12)
(14, 11)
(14, 10)
(14, 9)
(14, 8)
(14, 7)
(14, 6)
(14, 5)
(15, 5)
(16, 5)
(17, 5)
(17, 4)
(17, 3)
(17, 2)
(17, 1)
kaikki ok
Reitin pituus: 5
(1, 3)
(2, 3)
(3, 3)
(4, 3)
(4, 4)
(4, 5)
kaikki ok
Reitin pituus: 12
(3, 1)
(4, 1)
(4, 2)
(4, 3)
(5, 3)
(6, 3)
(6, 4)
(6, 5)
(7, 5)
(8, 5)
(8, 6)
(8, 7)
(7, 7)
kaikki ok
Reitin pituus: 24
(7, 19)
(8, 19)
(9, 19)
(10, 19)
(10, 18)
(10, 17)
(11, 17)
(12, 17)
(12, 16)
(12, 15)
(13, 15)
(14, 15)
(14, 14)
(14, 13)
(14, 12)
(14, 11)
(14, 10)
(14, 9)
(13, 9)
(12, 9)
(12, 8)
(12, 7)
(11, 7)
(10, 7)
(10, 6)
kaikki ok
Reitin pituus: 2
(5, 15)
(6, 15)
(6, 16)
kaikki ok
Reitin pituus: 8
(4, 10)
(4, 11)
(4, 12)
(4, 13)
(4, 14)
(4, 15)
(5, 15)
(6, 15)
(7, 15)
kaikki ok
Reitin pituus: 10
(14, 10)
(14, 9)
(13, 9)
(12, 9)
(12, 8)
(12, 7)
(11, 7)
(10, 7)
(9, 7)
(8, 7)
(8, 6)
kaikki ok
Reitin pituus: 13
(14, 13)
(14, 14)
(14, 15)
(13, 15)
(12, 15)
(12, 16)
(12, 17)
(11, 17)
(10, 17)
(10, 18)
(10, 19)
(9, 19)
(8, 19)
(8, 18)
kaikki ok
Reitin pituus: 23
(1, 19)
(1, 18)
(1, 17)
(2, 17)
(3, 17)
(4, 17)
(4, 16)
(4, 15)
(4, 14)
(4, 13)
(4, 12)
(4, 11)
(4, 10)
(4, 9)
(4, 8)
(4, 7)
(4, 6)
(4, 5)
(4, 4)
(4, 3)
(3, 3)
(2, 3)
(1, 3)
(1, 2)
kaikki ok
Reitin pituus: 12
(5, 9)
(6, 9)
(6, 10)
(6, 11)
(7, 11)
(8, 11)
(9, 11)
(10, 11)
(11, 11)
(12, 11)
(12, 12)
(12, 13)
(11, 13)
kaikki ok
Reitin pituus: 17
(11, 17)
(12, 17)
(12, 16)
(12, 15)
(11, 15)
(10, 15)
(9, 15)
(8, 15)
(8, 14)
(8, 13)
(7, 13)
(6, 13)
(5, 13)
(4, 13)
(4, 12)
(4, 11)
(4, 10)
(4, 9)
kaikki ok
Reitin pituus: 3
(15, 1)
(14, 1)
(13, 1)
(12, 1)
kaikki ok
Reitin pituus: 1
(16, 17)
(17, 17)
kaikki ok
Reitin pituus: 15
(2, 19)
(1, 19)
(1, 18)
(1, 17)
(2, 17)
(3, 17)
(4, 17)
(4, 16)
(4, 15)
(4, 14)
(4, 13)
(4, 12)
(4, 11)
(4, 10)
(4, 9)
(5, 9)
kaikki ok
Reitin pituus: 6
(9, 8)
(9, 7)
(8, 7)
(8, 6)
(8, 5)
(7, 5)
(6, 5)
kaikki ok
Reitin pituus: 12
(14, 13)
(14, 12)
(14, 11)
(14, 10)
(14, 9)
(14, 8)
(14, 7)
(14, 6)
(14, 5)
(15, 5)
(16, 5)
(17, 5)
(17, 4)
kaikki ok
Reitin pituus: 13
(10, 17)
(11, 17)
(12, 17)
(12, 16)
(12, 15)
(13, 15)
(14, 15)
(14, 16)
(14, 17)
(15, 17)
(16, 17)
(16, 16)
(16, 15)
(17, 15)
kaikki ok
Reitin pituus: 18
(14, 6)
(14, 7)
(14, 8)
(14, 9)
(14, 10)
(14, 11)
(14, 12)
(14, 13)
(14, 14)
(14, 15)
(13, 15)
(12, 15)
(11, 15)
(10, 15)
(9, 15)
(8, 15)
(7, 15)
(6, 15)
(5, 15)
kaikki ok
Reitin pituus: 15
(11, 13)
(12, 13)
(13, 13)
(14, 13)
(14, 12)
(14, 11)
(14, 10)
(14, 9)
(14, 8)
(14, 7)
(14, 6)
(14, 5)
(15, 5)
(16, 5)
(17, 5)
(17, 4)
kaikki ok
Reitin pituus: 7
(5, 13)
(6, 13)
(7, 13)
(8, 13)
(8, 14)
(8, 15)
(9, 15)
(10, 15)
kaikki ok
Reitin pituus: 25
(1, 18)
(1, 17)
(2, 17)
(3, 17)
(4, 17)
(4, 16)
(4, 15)
(4, 14)
(4, 13)
(4, 12)
(4, 11)
(4, 10)
(4, 9)
(4, 8)
(4, 7)
(4, 6)
(4, 5)
(4, 4)
(4, 3)
(5, 3)
(6, 3)
(7, 3)
(8, 3)
(9, 3)
(10, 3)
(10, 2)
kaikki ok
Reitin pituus: 3
(8, 6)
(8, 7)
(9, 7)
(10, 7)
kaikki ok
Reitin pituus: 7
(6, 9)
(6, 10)
(6, 11)
(6, 12)
(6, 13)
(7, 13)
(8, 13)
(8, 14)
kaikki ok
Reitin pituus: 15
(4, 8)
(4, 9)
(4, 10)
(4, 11)
(4, 12)
(4, 13)
(4, 14)
(4, 15)
(5, 15)
(6, 15)
(7, 15)
(8, 15)
(9, 15)
(10, 15)
(11, 15)
(12, 15)
kaikki ok
Reitin pituus: 22
(17, 18)
(17, 17)
(16, 17)
(15, 17)
(14, 17)
(14, 16)
(14, 15)
(14, 14)
(14, 13)
(14, 12)
(14, 11)
(14, 10)
(14, 9)
(14, 8)
(14, 7)
(14, 6)
(14, 5)
(14, 4)
(14, 3)
(14, 2)
(14, 1)
(15, 1)
(16, 1)
kaikki ok
Reitin pituus: 28
(4, 1)
(4, 2)
(4, 3)
(4, 4)
(4, 5)
(4, 6)
(4, 7)
(4, 8)
(4, 9)
(4, 10)
(4, 11)
(4, 12)
(4, 13)
(4, 14)
(4, 15)
(5, 15)
(6, 15)
(6, 16)
(6, 17)
(7, 17)
(8, 17)
(8, 18)
(8, 19)
(9, 19)
(10, 19)
(11, 19)
(12, 19)
(13, 19)
(14, 19)
kaikki ok
Reitin pituus: 12
(8, 7)
(8, 6)
(8, 5)
(7, 5)
(6, 5)
(6, 4)
(6, 3)
(5, 3)
(4, 3)
(4, 4)
(4, 5)
(3, 5)
(2, 5)
kaikki ok
Reitin pituus: 16
(13, 9)
(12, 9)
(12, 10)
(12, 11)
(12, 12)
(12, 13)
(11, 13)
(10, 13)
(10, 14)
(10, 15)
(9, 15)
(8, 15)
(7, 15)
(6, 15)
(6, 16)
(6, 17)
(7, 17)
kaikki ok
Reitin pituus: 14
(12, 10)
(12, 9)
(12, 8)
(12, 7)
(11, 7)
(10, 7)
(9, 7)
(8, 7)
(8, 6)
(8, 5)
(7, 5)
(6, 5)
(6, 4)
(6, 3)
(5, 3)
kaikki ok
Reitin pituus: 9
(6, 11)
(6, 10)
(6, 9)
(6, 8)
(6, 7)
(7, 7)
(8, 7)
(9, 7)
(10, 7)
(11, 7)
kaikki ok
Reitin pituus: 8
(13, 15)
(14, 15)
(14, 14)
(14, 13)
(14, 12)
(14, 11)
(14, 10)
(14, 9)
(14, 8)
kaikki ok
Reitin pituus: 22
(2, 15)
(1, 15)
(1, 14)
(1, 13)
(2, 13)
(3, 13)
(4, 13)
(4, 12)
(4, 11)
(4, 10)
(4, 9)
(4, 8)
(4, 7)
(4, 6)
(4, 5)
(4, 4)
(4, 3)
(5, 3)
(6, 3)
(7, 3)
(8, 3)
(9, 3)
(10, 3)
kaikki ok
Reitin pituus: 8
(12, 9)
(13, 9)
(14, 9)
(14, 8)
(14, 7)
(14, 6)
(14, 5)
(14, 4)
(14, 3)
kaikki ok
Reitin pituus: 19
(13, 1)
(14, 1)
(14, 2)
(14, 3)
(14, 4)
(14, 5)
(14, 6)
(14, 7)
(14, 8)
(14, 9)
(14, 10)
(14, 11)
(14, 12)
(14, 13)
(13, 13)
(12, 13)
(11, 13)
(10, 13)
(10, 14)
(10, 15)
kaikki ok
Reitin pituus: 9
(11, 17)
(10, 17)
(10, 18)
(10, 19)
(9, 19)
(8, 19)
(7, 19)
(6, 19)
(5, 19)
(4, 19)
kaikki ok
Reitin pituus: 15
(3, 17)
(4, 17)
(4, 16)
(4, 15)
(4, 14)
(4, 13)
(4, 12)
(4, 11)
(4, 10)
(4, 9)
(4, 8)
(4, 7)
(4, 6)
(4, 5)
(3, 5)
(2, 5)
kaikki ok
Reitin pituus: 11
(16, 19)
(15, 19)
(14, 19)
(13, 19)
(12, 19)
(11, 19)
(10, 19)
(9, 19)
(8, 19)
(7, 19)
(6, 19)
(5, 19)
kaikki ok
Reitin pituus: 7
(10, 5)
(11, 5)
(12, 5)
(12, 4)
(12, 3)
(11, 3)
(10, 3)
(9, 3)
kaikki ok
Reitin pituus: 8
(6, 7)
(6, 8)
(6, 9)
(6, 10)
(6, 11)
(6, 12)
(6, 13)
(7, 13)
(8, 13)
kaikki ok
Reitin pituus: 17
(10, 2)
(10, 3)
(9, 3)
(8, 3)
(7, 3)
(6, 3)
(5, 3)
(4, 3)
(4, 4)
(4, 5)
(4, 6)
(4, 7)
(4, 8)
(4, 9)
(4, 10)
(4, 11)
(4, 12)
(4, 13)
kaikki ok
Reitin pituus: 8
(9, 11)
(8, 11)
(7, 11)
(6, 11)
(6, 10)
(6, 9)
(5, 9)
(4, 9)
(4, 10)
kaikki ok
Reitin pituus: 9
(12, 10)
(12, 11)
(12, 12)
(12, 13)
(11, 13)
(10, 13)
(10, 14)
(10, 15)
(11, 15)
(12, 15)
kaikki ok
Reitin pituus: 18
(1, 14)
(1, 13)
(2, 13)
(3, 13)
(4, 13)
(5, 13)
(6, 13)
(7, 13)
(8, 13)
(8, 14)
(8, 15)
(9, 15)
(10, 15)
(11, 15)
(12, 15)
(13, 15)
(14, 15)
(14, 16)
(14, 17)
kaikki ok
Reitin pituus: 2
(5, 3)
(4, 3)
(3, 3)
kaikki ok
Reitin pituus: 20
(14, 4)
(14, 5)
(14, 6)
(14, 7)
(14, 8)
(14, 9)
(14, 10)
(14, 11)
(14, 12)
(14, 13)
(14, 14)
(14, 15)
(14, 16)
(14, 17)
(15, 17)
(16, 17)
(17, 17)
(17, 18)
(17, 19)
(16, 19)
(15, 19)
kaikki ok
Reitin pituus: 14
(10, 17)
(10, 18)
(10, 19)
(9, 19)
(8, 19)
(7, 19)
(6, 19)
(5, 19)
(4, 19)
(3, 19)
(2, 19)
(1, 19)
(1, 18)
(1, 17)
(2, 17)
kaikki ok
Reitin pituus: 13
(6, 19)
(7, 19)
(8, 19)
(8, 18)
(8, 17)
(7, 17)
(6, 17)
(6, 16)
(6, 15)
(7, 15)
(8, 15)
(9, 15)
(10, 15)
(10, 14)
kaikki ok
Reitin pituus: 18
(13, 13)
(12, 13)
(12, 12)
(12, 11)
(12, 10)
(12, 9)
(12, 8)
(12, 7)
(11, 7)
(10, 7)
(9, 7)
(8, 7)
(8, 6)
(8, 5)
(7, 5)
(6, 5)
(6, 4)
(6, 3)
(5, 3)
kaikki ok
Reitin pituus: 14
(2, 19)
(1, 19)
(1, 18)
(1, 17)
(2, 17)
(3, 17)
(4, 17)
(4, 16)
(4, 15)
(4, 14)
(4, 13)
(4, 12)
(4, 11)
(4, 10)
(4, 9)
kaikki ok
Reitin pituus: 4
(14, 7)
(14, 6)
(14, 5)
(15, 5)
(16, 5)
kaikki ok
Reitin pituus: 15
(4, 19)
(5, 19)
(6, 19)
(7, 19)
(8, 19)
(9, 19)
(10, 19)
(11, 19)
(12, 19)
(13, 19)
(14, 19)
(15, 19)
(16, 19)
(17, 19)
(17, 18)
(17, 17)
kaikki ok
Reitin pituus: 20
(16, 17)
(15, 17)
(14, 17)
(14, 16)
(14, 15)
(14, 14)
(14, 13)
(14, 12)
(14, 11)
(14, 10)
(14, 9)
(14, 8)
(14, 7)
(14, 6)
(14, 5)
(14, 4)
(14, 3)
(14, 2)
(14, 1)
(13, 1)
(12, 1)
kaikki ok
Reitin pituus: 25
(12, 19)
(11, 19)
(10, 19)
(10, 18)
(10, 17)
(11, 17)
(12, 17)
(12, 16)
(12, 15)
(13, 15)
(14, 15)
(14, 14)
(14, 13)
(14, 12)
(14, 11)
(14, 10)
(14, 9)
(14, 8)
(14, 7)
(14, 6)
(14, 5)
(14, 4)
(14, 3)
(13, 3)
(12, 3)
(12, 4)
kaikki ok
Reitin pituus: 20
(16, 17)
(15, 17)
(14, 17)
(14, 16)
(14, 15)
(13, 15)
(12, 15)
(11, 15)
(10, 15)
(9, 15)
(8, 15)
(7, 15)
(6, 15)
(5, 15)
(4, 15)
(4, 16)
(4, 17)
(3, 17)
(2, 17)
(1, 17)
(1, 18)
kaikki ok
Reitin pituus: 16
(1, 5)
(1, 4)
(1, 3)
(2, 3)
(3, 3)
(4, 3)
(5, 3)
(6, 3)
(7, 3)
(8, 3)
(9, 3)
(10, 3)
(11, 3)
(12, 3)
(13, 3)
(14, 3)
(15, 3)
kaikki ok
Reitin pituus: 20
(13, 13)
(12, 13)
(12, 12)
(12, 11)
(11, 11)
(10, 11)
(9, 11)
(8, 11)
(7, 11)
(6, 11)
(6, 10)
(6, 9)
(5, 9)
(4, 9)
(4, 8)
(4, 7)
(4, 6)
(4, 5)
(4, 4)
(4, 3)
(3, 3)
kaikki ok
Reitin pituus: 8
(12, 5)
(12, 4)
(12, 3)
(13, 3)
(14, 3)
(14, 4)
(14, 5)
(14, 6)
(14, 7)
kaikki ok
Reitin pituus: 27
(2, 1)
(3, 1)
(4, 1)
(4, 2)
(4, 3)
(5, 3)
(6, 3)
(6, 4)
(6, 5)
(7, 5)
(8, 5)
(8, 6)
(8, 7)
(9, 7)
(10, 7)
(11, 7)
(12, 7)
(12, 8)
(12, 9)
(12, 10)
(12, 11)
(12, 12)
(12, 13)
(13, 13)
(14, 13)
(14, 14)
(14, 15)
(14, 16)
kaikki ok
Reitin pituus: 13
(12, 16)
(12, 15)
(13, 15)
(14, 15)
(14, 14)
(14, 13)
(14, 12)
(14, 11)
(14, 10)
(14, 9)
(14, 8)
(14, 7)
(14, 6)
(14, 5)
kaikki ok
Reitin pituus: 5
(17, 3)
(16, 3)
(15, 3)
(14, 3)
(13, 3)
(12, 3)
kaikki ok
Reitin pituus: 0
(12, 12)
kaikki ok
Reitin pituus: 10
(3, 13)
(4, 13)
(5, 13)
(6, 13)
(6, 12)
(6, 11)
(6, 10)
(6, 9)
(6, 8)
(6, 7)
(7, 7)
kaikki ok
Reitin pituus: 12
(12, 8)
(12, 9)
(12, 10)
(12, 11)
(12, 12)
(12, 13)
(11, 13)
(10, 13)
(10, 14)
(10, 15)
(9, 15)
(8, 15)
(7, 15)
kaikki ok
Reitin pituus: 24
(11, 5)
(10, 5)
(10, 6)
(10, 7)
(9, 7)
(8, 7)
(7, 7)
(6, 7)
(6, 8)
(6, 9)
(5, 9)
(4, 9)
(4, 10)
(4, 11)
(4, 12)
(4, 13)
(4, 14)
(4, 15)
(4, 16)
(4, 17)
(3, 17)
(2, 17)
(1, 17)
(1, 18)
(1, 19)
kaikki ok
Reitin pituus: 7
(2, 13)
(3, 13)
(4, 13)
(4, 12)
(4, 11)
(4, 10)
(4, 9)
(4, 8)
kaikki ok
Reitin pituus: 15
(9, 11)
(8, 11)
(7, 11)
(6, 11)
(6, 10)
(6, 9)
(5, 9)
(4, 9)
(4, 8)
(4, 7)
(4, 6)
(4, 5)
(4, 4)
(4, 3)
(5, 3)
(6, 3)
kaikki ok
Reitin pituus: 20
(1, 13)
(2, 13)
(3, 13)
(4, 13)
(4, 12)
(4, 11)
(4, 10)
(4, 9)
(4, 8)
(4, 7)
(4, 6)
(4, 5)
(4, 4)
(4, 3)
(5, 3)
(6, 3)
(7, 3)
(8, 3)
(9, 3)
(10, 3)
(10, 2)
kaikki ok
Reitin pituus: 11
(10, 13)
(10, 14)
(10, 15)
(9, 15)
(8, 15)
(7, 15)
(6, 15)
(5, 15)
(4, 15)
(4, 16)
(4, 17)
(3, 17)
kaikki ok
Reitin pituus: 22
(1, 18)
(1, 17)
(2, 17)
(3, 17)
(4, 17)
(4, 16)
(4, 15)
(5, 15)
(6, 15)
(7, 15)
(8, 15)
(9, 15)
(10, 15)
(11, 15)
(12, 15)
(13, 15)
(14, 15)
(14, 16)
(14, 17)
(15, 17)
(16, 17)
(16, 16)
(16, 15)
kaikki ok
Reitin pituus: 7
(3, 5)
(4, 5)
(4, 6)
(4, 7)
(4, 8)
(4, 9)
(5, 9)
(6, 9)
kaikki ok
Reitin pituus: 7
(14, 16)
(14, 15)
(14, 14)
(14, 13)
(13, 13)
(12, 13)
(12, 12)
(12, 11)
kaikki ok
Reitin pituus: 14
(5, 1)
(4, 1)
(4, 2)
(4, 3)
(4, 4)
(4, 5)
(4, 6)
(4, 7)
(4, 8)
(4, 9)
(4, 10)
(4, 11)
(4, 12)
(4, 13)
(3, 13)
kaikki ok
Reitin pituus: 14
(8, 14)
(8, 15)
(9, 15)
(10, 15)
(11, 15)
(12, 15)
(13, 15)
(14, 15)
(14, 16)
(14, 17)
(15, 17)
(16, 17)
(17, 17)
(17, 18)
(17, 19)
kaikki ok
Reitin pituus: 1
(14, 5)
(14, 6)
kaikki ok
Reitin pituus: 23
(17, 13)
(16, 13)
(15, 13)
(14, 13)
(14, 12)
(14, 11)
(14, 10)
(14, 9)
(13, 9)
(12, 9)
(12, 8)
(12, 7)
(11, 7)
(10, 7)
(9, 7)
(8, 7)
(8, 6)
(8, 5)
(7, 5)
(6, 5)
(6, 4)
(6, 3)
(5, 3)
(4, 3)
kaikki ok
Reitin pituus: 11
(17, 14)
(17, 13)
(16, 13)
(15, 13)
(14, 13)
(14, 14)
(14, 15)
(13, 15)
(12, 15)
(12, 16)
(12, 17)
(11, 17)
kaikki ok
Reitin pituus: 7
(14, 15)
(14, 14)
(14, 13)
(14, 12)
(14, 11)
(14, 10)
(14, 9)
(13, 9)
kaikki ok
Reitin pituus: 23
(4, 12)
(4, 11)
(4, 10)
(4, 9)
(5, 9)
(6, 9)
(6, 8)
(6, 7)
(7, 7)
(8, 7)
(9, 7)
(10, 7)
(10, 6)
(10, 5)
(11, 5)
(12, 5)
(12, 4)
(12, 3)
(13, 3)
(14, 3)
(15, 3)
(16, 3)
(17, 3)
(17, 4)
kaikki ok
Reitin pituus: 20
(14, 13)
(13, 13)
(12, 13)
(12, 12)
(12, 11)
(11, 11)
(10, 11)
(9, 11)
(8, 11)
(7, 11)
(6, 11)
(6, 10)
(6, 9)
(5, 9)
(4, 9)
(4, 8)
(4, 7)
(4, 6)
(4, 5)
(3, 5)
(2, 5)
kaikki ok
Reitin pituus: 11
(4, 9)
(4, 8)
(4, 7)
(4, 6)
(4, 5)
(4, 4)
(4, 3)
(4, 2)
(4, 1)
(5, 1)
(6, 1)
(7, 1)
kaikki ok
Reitin pituus: 10
(14, 8)
(14, 9)
(14, 10)
(14, 11)
(14, 12)
(14, 13)
(14, 14)
(14, 15)
(13, 15)
(12, 15)
(11, 15)
kaikki ok
Reitin pituus: 12
(12, 17)
(12, 16)
(12, 15)
(11, 15)
(10, 15)
(9, 15)
(8, 15)
(7, 15)
(6, 15)
(5, 15)
(4, 15)
(4, 16)
(4, 17)
kaikki ok
Reitin pituus: 16
(6, 12)
(6, 11)
(7, 11)
(8, 11)
(9, 11)
(10, 11)
(11, 11)
(12, 11)
(12, 12)
(12, 13)
(13, 13)
(14, 13)
(15, 13)
(16, 13)
(17, 13)
(17, 14)
(17, 15)
kaikki ok
Reitin pituus: 3
(12, 8)
(12, 9)
(13, 9)
(14, 9)
kaikki ok
Reitin pituus: 10
(4, 15)
(4, 16)
(4, 17)
(3, 17)
(2, 17)
(1, 17)
(1, 18)
(1, 19)
(2, 19)
(3, 19)
(4, 19)
kaikki ok
Reitin pituus: 5
(4, 16)
(4, 15)
(5, 15)
(6, 15)
(6, 16)
(6, 17)
kaikki ok
Reitin pituus: 13
(12, 19)
(11, 19)
(10, 19)
(10, 18)
(10, 17)
(11, 17)
(12, 17)
(12, 16)
(12, 15)
(13, 15)
(14, 15)
(14, 14)
(14, 13)
(14, 12)
kaikki ok
Reitin pituus: 11
(14, 2)
(14, 3)
(13, 3)
(12, 3)
(11, 3)
(10, 3)
(9, 3)
(8, 3)
(8, 2)
(8, 1)
(7, 1)
(6, 1)
kaikki ok
Reitin pituus: 13
(12, 4)
(12, 3)
(11, 3)
(10, 3)
(9, 3)
(8, 3)
(7, 3)
(6, 3)
(5, 3)
(4, 3)
(4, 4)
(4, 5)
(4, 6)
(4, 7)
kaikki ok
Reitin pituus: 11
(10, 5)
(10, 6)
(10, 7)
(9, 7)
(8, 7)
(7, 7)
(6, 7)
(6, 8)
(6, 9)
(6, 10)
(6, 11)
(6, 12)
kaikki ok
Reitin pituus: 4
(3, 1)
(4, 1)
(4, 2)
(4, 3)
(3, 3)
kaikki ok
Reitin pituus: 8
(4, 6)
(4, 7)
(4, 8)
(4, 9)
(4, 10)
(4, 11)
(4, 12)
(4, 13)
(5, 13)
kaikki ok
Reitin pituus: 12
(6, 4)
(6, 3)
(7, 3)
(8, 3)
(9, 3)
(10, 3)
(10, 2)
(10, 1)
(11, 1)
(12, 1)
(13, 1)
(14, 1)
(15, 1)
kaikki ok
Reitin pituus: 12
(5, 9)
(4, 9)
(4, 10)
(4, 11)
(4, 12)
(4, 13)
(4, 14)
(4, 15)
(5, 15)
(6, 15)
(6, 16)
(6, 17)
(7, 17)
kaikki ok
Reitin pituus: 27
(2, 15)
(1, 15)
(1, 14)
(1, 13)
(2, 13)
(3, 13)
(4, 13)
(5, 13)
(6, 13)
(6, 12)
(6, 11)
(7, 11)
(8, 11)
(9, 11)
(10, 11)
(11, 11)
(12, 11)
(12, 10)
(12, 9)
(13, 9)
(14, 9)
(14, 8)
(14, 7)
(14, 6)
(14, 5)
(15, 5)
(16, 5)
(17, 5)
kaikki ok
Reitin pituus: 18
(2, 5)
(3, 5)
(4, 5)
(4, 4)
(4, 3)
(5, 3)
(6, 3)
(7, 3)
(8, 3)
(9, 3)
(10, 3)
(11, 3)
(12, 3)
(13, 3)
(14, 3)
(15, 3)
(16, 3)
(17, 3)
(17, 2)
kaikki ok
Reitin pituus: 19
(16, 15)
(17, 15)
(17, 14)
(17, 13)
(16, 13)
(15, 13)
(14, 13)
(14, 12)
(14, 11)
(14, 10)
(14, 9)
(14, 8)
(14, 7)
(14, 6)
(14, 5)
(14, 4)
(14, 3)
(15, 3)
(16, 3)
(17, 3)
kaikki ok
Reitin pituus: 9
(14, 16)
(14, 15)
(13, 15)
(12, 15)
(11, 15)
(10, 15)
(9, 15)
(8, 15)
(8, 14)
(8, 13)
kaikki ok
Reitin pituus: 8
(12, 7)
(12, 8)
(12, 9)
(13, 9)
(14, 9)
(14, 10)
(14, 11)
(14, 12)
(14, 13)
kaikki ok
Reitin pituus: 20
(4, 4)
(4, 5)
(4, 6)
(4, 7)
(4, 8)
(4, 9)
(5, 9)
(6, 9)
(6, 10)
(6, 11)
(6, 12)
(6, 13)
(7, 13)
(8, 13)
(8, 14)
(8, 15)
(9, 15)
(10, 15)
(11, 15)
(12, 15)
(13, 15)
kaikki ok
Reitin pituus: 20
(17, 19)
(17, 18)
(17, 17)
(16, 17)
(15, 17)
(14, 17)
(14, 16)
(14, 15)
(14, 14)
(14, 13)
(14, 12)
(14, 11)
(14, 10)
(14, 9)
(14, 8)
(14, 7)
(14, 6)
(14, 5)
(14, 4)
(14, 3)
(13, 3)
kaikki ok
Reitin pituus: 15
(6, 1)
(5, 1)
(4, 1)
(4, 2)
(4, 3)
(4, 4)
(4, 5)
(4, 6)
(4, 7)
(4, 8)
(4, 9)
(4, 10)
(4, 11)
(4, 12)
(4, 13)
(4, 14)
kaikki ok
Reitin pituus: 5
(4, 9)
(4, 10)
(4, 11)
(4, 12)
(4, 13)
(4, 14)
kaikki ok
Reitin pituus: 11
(4, 7)
(4, 8)
(4, 9)
(5, 9)
(6, 9)
(6, 8)
(6, 7)
(7, 7)
(8, 7)
(9, 7)
(10, 7)
(11, 7)
kaikki ok
Reitin pituus: 10
(13, 3)
(14, 3)
(14, 4)
(14, 5)
(14, 6)
(14, 7)
(14, 8)
(14, 9)
(14, 10)
(14, 11)
(14, 12)
kaikki ok
Reitin pituus: 10
(10, 11)
(9, 11)
(8, 11)
(7, 11)
(6, 11)
(6, 12)
(6, 13)
(5, 13)
(4, 13)
(3, 13)
(2, 13)
kaikki ok
Reitin pituus: 12
(3, 19)
(4, 19)
(5, 19)
(6, 19)
(7, 19)
(8, 19)
(9, 19)
(10, 19)
(11, 19)
(12, 19)
(13, 19)
(14, 19)
(15, 19)
kaikki ok
Reitin pituus: 17
(10, 11)
(11, 11)
(12, 11)
(12, 10)
(12, 9)
(13, 9)
(14, 9)
(14, 8)
(14, 7)
(14, 6)
(14, 5)
(14, 4)
(14, 3)
(13, 3)
(12, 3)
(11, 3)
(10, 3)
(9, 3)
kaikki ok
Reitin pituus: 26
(16, 1)
(15, 1)
(14, 1)
(14, 2)
(14, 3)
(14, 4)
(14, 5)
(14, 6)
(14, 7)
(14, 8)
(14, 9)
(14, 10)
(14, 11)
(14, 12)
(14, 13)
(14, 14)
(14, 15)
(13, 15)
(12, 15)
(12, 16)
(12, 17)
(11, 17)
(10, 17)
(10, 18)
(10, 19)
(11, 19)
(12, 19)
kaikki ok
Reitin pituus: 25
(1, 18)
(1, 17)
(2, 17)
(3, 17)
(4, 17)
(4, 16)
(4, 15)
(5, 15)
(6, 15)
(7, 15)
(8, 15)
(9, 15)
(10, 15)
(10, 14)
(10, 13)
(11, 13)
(12, 13)
(12, 12)
(12, 11)
(12, 10)
(12, 9)
(13, 9)
(14, 9)
(14, 8)
(14, 7)
(14, 6)
kaikki ok
Reitin pituus: 23
(4, 7)
(4, 8)
(4, 9)
(5, 9)
(6, 9)
(6, 10)
(6, 11)
(7, 11)
(8, 11)
(9, 11)
(10, 11)
(11, 11)
(12, 11)
(12, 12)
(12, 13)
(13, 13)
(14, 13)
(14, 14)
(14, 15)
(14, 16)
(14, 17)
(15, 17)
(16, 17)
(17, 17)
kaikki ok
Reitin pituus: 1
(10, 17)
(10, 18)
kaikki ok
Reitin pituus: 22
(6, 1)
(7, 1)
(8, 1)
(8, 2)
(8, 3)
(9, 3)
(10, 3)
(11, 3)
(12, 3)
(13, 3)
(14, 3)
(14, 4)
(14, 5)
(14, 6)
(14, 7)
(14, 8)
(14, 9)
(14, 10)
(14, 11)
(14, 12)
(14, 13)
(14, 14)
(14, 15)
kaikki ok
Reitin pituus: 21
(15, 19)
(14, 19)
(13, 19)
(12, 19)
(11, 19)
(10, 19)
(9, 19)
(8, 19)
(7, 19)
(6, 19)
(5, 19)
(4, 19)
(3, 19)
(2, 19)
(1, 19)
(1, 18)
(1, 17)
(2, 17)
(2, 16)
(2, 15)
(1, 15)
(1, 14)
kaikki ok
Reitin pituus: 17
(7, 3)
(6, 3)
(5, 3)
(4, 3)
(4, 4)
(4, 5)
(4, 6)
(4, 7)
(4, 8)
(4, 9)
(4, 10)
(4, 11)
(4, 12)
(4, 13)
(4, 14)
(4, 15)
(4, 16)
(4, 17)
kaikki ok
Reitin pituus: 12
(4, 6)
(4, 7)
(4, 8)
(4, 9)
(4, 10)
(4, 11)
(4, 12)
(4, 13)
(4, 14)
(4, 15)
(5, 15)
(6, 15)
(6, 16)
kaikki ok
Reitin pituus: 13
(10, 18)
(10, 17)
(11, 17)
(12, 17)
(12, 16)
(12, 15)
(11, 15)
(10, 15)
(10, 14)
(10, 13)
(11, 13)
(12, 13)
(12, 12)
(12, 11)
kaikki ok
Reitin pituus: 16
(1, 5)
(1, 4)
(1, 3)
(2, 3)
(3, 3)
(4, 3)
(5, 3)
(6, 3)
(7, 3)
(8, 3)
(9, 3)
(10, 3)
(11, 3)
(12, 3)
(12, 4)
(12, 5)
(11, 5)
kaikki ok
Reitin pituus: 14
(6, 19)
(7, 19)
(8, 19)
(9, 19)
(10, 19)
(10, 18)
(10, 17)
(11, 17)
(12, 17)
(12, 16)
(12, 15)
(13, 15)
(14, 15)
(14, 16)
(14, 17)
kaikki ok
Reitin pituus: 21
(8, 1)
(7, 1)
(6, 1)
(5, 1)
(4, 1)
(4, 2)
(4, 3)
(4, 4)
(4, 5)
(4, 6)
(4, 7)
(4, 8)
(4, 9)
(4, 10)
(4, 11)
(4, 12)
(4, 13)
(4, 14)
(4, 15)
(4, 16)
(4, 17)
(3, 17)
kaikki ok
Reitin pituus: 21
(10, 2)
(10, 3)
(11, 3)
(12, 3)
(12, 4)
(12, 5)
(11, 5)
(10, 5)
(10, 6)
(10, 7)
(11, 7)
(12, 7)
(12, 8)
(12, 9)
(12, 10)
(12, 11)
(12, 12)
(12, 13)
(11, 13)
(10, 13)
(10, 14)
(10, 15)
kaikki ok
Reitin pituus: 16
(12, 16)
(12, 15)
(13, 15)
(14, 15)
(14, 14)
(14, 13)
(14, 12)
(14, 11)
(14, 10)
(14, 9)
(14, 8)
(14, 7)
(14, 6)
(14, 5)
(14, 4)
(14, 3)
(13, 3)
kaikki ok
Reitin pituus: 19
(11, 11)
(10, 11)
(9, 11)
(8, 11)
(7, 11)
(6, 11)
(6, 10)
(6, 9)
(5, 9)
(4, 9)
(4, 8)
(4, 7)
(4, 6)
(4, 5)
(4, 4)
(4, 3)
(4, 2)
(4, 1)
(3, 1)
(2, 1)
kaikki ok
Reitin pituus: 17
(7, 13)
(6, 13)
(6, 12)
(6, 11)
(6, 10)
(6, 9)
(5, 9)
(4, 9)
(4, 8)
(4, 7)
(4, 6)
(4, 5)
(4, 4)
(4, 3)
(3, 3)
(2, 3)
(1, 3)
(1, 2)
kaikki ok
Reitin pituus: 10
(10, 13)
(11, 13)
(12, 13)
(13, 13)
(14, 13)
(14, 14)
(14, 15)
(14, 16)
(14, 17)
(15, 17)
(16, 17)
kaikki ok
Reitin pituus: 9
(2, 16)
(2, 17)
(3, 17)
(4, 17)
(4, 16)
(4, 15)
(4, 14)
(4, 13)
(4, 12)
(4, 11)
kaikki ok
Reitin pituus: 9
(11, 7)
(10, 7)
(10, 6)
(10, 5)
(11, 5)
(12, 5)
(12, 4)
(12, 3)
(13, 3)
(14, 3)
kaikki ok
Reitin pituus: 20
(17, 18)
(17, 17)
(16, 17)
(15, 17)
(14, 17)
(14, 16)
(14, 15)
(14, 14)
(14, 13)
(13, 13)
(12, 13)
(12, 12)
(12, 11)
(12, 10)
(12, 9)
(12, 8)
(12, 7)
(11, 7)
(10, 7)
(9, 7)
(9, 8)
kaikki ok
Reitin pituus: 21
(8, 18)
(8, 17)
(7, 17)
(6, 17)
(6, 16)
(6, 15)
(7, 15)
(8, 15)
(9, 15)
(10, 15)
(10, 14)
(10, 13)
(11, 13)
(12, 13)
(12, 12)
(12, 11)
(12, 10)
(12, 9)
(12, 8)
(12, 7)
(11, 7)
(10, 7)
kaikki ok
Reitin pituus: 25
(12, 1)
(11, 1)
(10, 1)
(10, 2)
(10, 3)
(9, 3)
(8, 3)
(7, 3)
(6, 3)
(5, 3)
(4, 3)
(4, 4)
(4, 5)
(4, 6)
(4, 7)
(4, 8)
(4, 9)
(4, 10)
(4, 11)
(4, 12)
(4, 13)
(4, 14)
(4, 15)
(5, 15)
(6, 15)
(6, 16)
kaikki ok
Reitin pituus: 25
(1, 18)
(1, 17)
(2, 17)
(3, 17)
(4, 17)
(4, 16)
(4, 15)
(4, 14)
(4, 13)
(4, 12)
(4, 11)
(4, 10)
(4, 9)
(4, 8)
(4, 7)
(4, 6)
(4, 5)
(4, 4)
(4, 3)
(5, 3)
(6, 3)
(7, 3)
(8, 3)
(9, 3)
(10, 3)
(11, 3)
kaikki ok
Reitin pituus: 13
(12, 1)
(11, 1)
(10, 1)
(10, 2)
(10, 3)
(11, 3)
(12, 3)
(12, 4)
(12, 5)
(11, 5)
(10, 5)
(10, 6)
(10, 7)
(11, 7)
kaikki ok
Reitin pituus: 13
(3, 1)
(4, 1)
(4, 2)
(4, 3)
(5, 3)
(6, 3)
(7, 3)
(8, 3)
(9, 3)
(10, 3)
(11, 3)
(12, 3)
(12, 4)
(12, 5)
kaikki ok
Reitin pituus: 9
(6, 11)
(7, 11)
(8, 11)
(9, 11)
(10, 11)
(11, 11)
(12, 11)
(12, 12)
(12, 13)
(11, 13)
kaikki ok
Reitin pituus: 13
(14, 11)
(14, 10)
(14, 9)
(14, 8)
(14, 7)
(14, 6)
(14, 5)
(15, 5)
(16, 5)
(17, 5)
(17, 4)
(17, 3)
(17, 2)
(17, 1)
kaikki ok
Reitin pituus: 18
(16, 17)
(15, 17)
(14, 17)
(14, 16)
(14, 15)
(14, 14)
(14, 13)
(14, 12)
(14, 11)
(14, 10)
(14, 9)
(14, 8)
(14, 7)
(14, 6)
(14, 5)
(14, 4)
(14, 3)
(14, 2)
(14, 1)
kaikki ok
Reitin pituus: 11
(15, 17)
(14, 17)
(14, 16)
(14, 15)
(14, 14)
(14, 13)
(13, 13)
(12, 13)
(12, 12)
(12, 11)
(11, 11)
(10, 11)
kaikki ok
Reitin pituus: 10
(6, 10)
(6, 11)
(7, 11)
(8, 11)
(9, 11)
(10, 11)
(11, 11)
(12, 11)
(12, 10)
(12, 9)
(13, 9)
kaikki ok
Reitin pituus: 24
(12, 3)
(12, 4)
(12, 5)
(11, 5)
(10, 5)
(10, 6)
(10, 7)
(9, 7)
(8, 7)
(7, 7)
(6, 7)
(6, 8)
(6, 9)
(6, 10)
(6, 11)
(6, 12)
(6, 13)
(5, 13)
(4, 13)
(4, 14)
(4, 15)
(4, 16)
(4, 17)
(3, 17)
(2, 17)
kaikki ok
Reitin pituus: 18
(17, 19)
(17, 18)
(17, 17)
(16, 17)
(15, 17)
(14, 17)
(14, 16)
(14, 15)
(13, 15)
(12, 15)
(11, 15)
(10, 15)
(9, 15)
(8, 15)
(8, 14)
(8, 13)
(7, 13)
(6, 13)
(5, 13)
kaikki ok
Reitin pituus: 17
(4, 17)
(4, 16)
(4, 15)
(5, 15)
(6, 15)
(7, 15)
(8, 15)
(9, 15)
(10, 15)
(11, 15)
(12, 15)
(13, 15)
(14, 15)
(14, 16)
(14, 17)
(15, 17)
(16, 17)
(17, 17)
kaikki ok
Reitin pituus: 16
(13, 19)
(12, 19)
(11, 19)
(10, 19)
(9, 19)
(8, 19)
(8, 18)
(8, 17)
(7, 17)
(6, 17)
(6, 16)
(6, 15)
(7, 15)
(8, 15)
(8, 14)
(8, 13)
(7, 13)
kaikki ok
Reitin pituus: 18
(17, 5)
(16, 5)
(15, 5)
(14, 5)
(14, 6)
(14, 7)
(14, 8)
(14, 9)
(14, 10)
(14, 11)
(14, 12)
(14, 13)
(14, 14)
(14, 15)
(13, 15)
(12, 15)
(11, 15)
(10, 15)
(9, 15)
kaikki ok
Reitin pituus: 12
(11, 11)
(10, 11)
(9, 11)
(8, 11)
(7, 11)
(6, 11)
(6, 12)
(6, 13)
(5, 13)
(4, 13)
(4, 14)
(4, 15)
(4, 16)
kaikki ok
Reitin pituus: 15
(2, 13)
(3, 13)
(4, 13)
(5, 13)
(6, 13)
(6, 12)
(6, 11)
(6, 10)
(6, 9)
(6, 8)
(6, 7)
(7, 7)
(8, 7)
(9, 7)
(10, 7)
(11, 7)
kaikki ok
Reitin pituus: 10
(11, 3)
(10, 3)
(9, 3)
(8, 3)
(7, 3)
(6, 3)
(5, 3)
(4, 3)
(4, 4)
(4, 5)
(3, 5)
kaikki ok
Reitin pituus: 10
(11, 11)
(12, 11)
(12, 12)
(12, 13)
(13, 13)
(14, 13)
(14, 14)
(14, 15)
(14, 16)
(14, 17)
(15, 17)
kaikki ok
Reitin pituus: 12
(14, 12)
(14, 11)
(14, 10)
(14, 9)
(13, 9)
(12, 9)
(12, 8)
(12, 7)
(11, 7)
(10, 7)
(10, 6)
(10, 5)
(11, 5)
kaikki ok
Reitin pituus: 17
(1, 4)
(1, 3)
(2, 3)
(3, 3)
(4, 3)
(5, 3)
(6, 3)
(7, 3)
(8, 3)
(9, 3)
(10, 3)
(11, 3)
(12, 3)
(13, 3)
(14, 3)
(14, 4)
(14, 5)
(14, 6)
kaikki ok
Reitin pituus: 11
(14, 13)
(14, 12)
(14, 11)
(14, 10)
(14, 9)
(14, 8)
(14, 7)
(14, 6)
(14, 5)
(15, 5)
(16, 5)
(17, 5)
kaikki ok
Reitin pituus: 15
(8, 6)
(8, 7)
(9, 7)
(10, 7)
(11, 7)
(12, 7)
(12, 8)
(12, 9)
(12, 10)
(12, 11)
(12, 12)
(12, 13)
(13, 13)
(14, 13)
(15, 13)
(16, 13)
kaikki ok
Reitin pituus: 14
(7, 11)
(6, 11)
(6, 10)
(6, 9)
(5, 9)
(4, 9)
(4, 8)
(4, 7)
(4, 6)
(4, 5)
(4, 4)
(4, 3)
(5, 3)
(6, 3)
(7, 3)
kaikki ok
Reitin pituus: 21
(16, 17)
(15, 17)
(14, 17)
(14, 16)
(14, 15)
(13, 15)
(12, 15)
(11, 15)
(10, 15)
(9, 15)
(8, 15)
(8, 14)
(8, 13)
(7, 13)
(6, 13)
(6, 12)
(6, 11)
(6, 10)
(6, 9)
(5, 9)
(4, 9)
(4, 8)
kaikki ok
Reitin pituus: 17
(17, 2)
(17, 3)
(17, 4)
(17, 5)
(16, 5)
(15, 5)
(14, 5)
(14, 6)
(14, 7)
(14, 8)
(14, 9)
(14, 10)
(14, 11)
(14, 12)
(14, 13)
(15, 13)
(16, 13)
(17, 13)
kaikki ok
Reitin pituus: 13
(17, 5)
(17, 4)
(17, 3)
(16, 3)
(15, 3)
(14, 3)
(13, 3)
(12, 3)
(11, 3)
(10, 3)
(9, 3)
(8, 3)
(8, 2)
(8, 1)
kaikki ok
Reitin pituus: 4
(4, 14)
(4, 15)
(5, 15)
(6, 15)
(7, 15)
kaikki ok
Reitin pituus: 13
(16, 13)
(15, 13)
(14, 13)
(14, 12)
(14, 11)
(14, 10)
(14, 9)
(14, 8)
(14, 7)
(14, 6)
(14, 5)
(14, 4)
(14, 3)
(14, 2)
kaikki ok
Reitin pituus: 2
(9, 19)
(10, 19)
(11, 19)
kaikki ok
Reitin pituus: 24
(5, 19)
(6, 19)
(7, 19)
(8, 19)
(8, 18)
(8, 17)
(7, 17)
(6, 17)
(6, 16)
(6, 15)
(5, 15)
(4, 15)
(4, 14)
(4, 13)
(4, 12)
(4, 11)
(4, 10)
(4, 9)
(4, 8)
(4, 7)
(4, 6)
(4, 5)
(3, 5)
(2, 5)
(1, 5)
kaikki ok
Reitin pituus: 12
(12, 1)
(13, 1)
(14, 1)
(14, 2)
(14, 3)
(14, 4)
(14, 5)
(14, 6)
(14, 7)
(14, 8)
(14, 9)
(14, 10)
(14, 11)
kaikki ok
Reitin pituus: 0
(1, 2)
kaikki ok
Reitin pituus: 17
(11, 1)
(10, 1)
(10, 2)
(10, 3)
(9, 3)
(8, 3)
(7, 3)
(6, 3)
(5, 3)
(4, 3)
(4, 4)
(4, 5)
(4, 6)
(4, 7)
(4, 8)
(4, 9)
(4, 10)
(4, 11)
kaikki ok
Reitin pituus: 12
(14, 12)
(14, 13)
(13, 13)
(12, 13)
(11, 13)
(10, 13)
(10, 14)
(10, 15)
(9, 15)
(8, 15)
(7, 15)
(6, 15)
(6, 16)
kaikki ok
Reitin pituus: 18
(6, 11)
(7, 11)
(8, 11)
(9, 11)
(10, 11)
(11, 11)
(12, 11)
(12, 10)
(12, 9)
(13, 9)
(14, 9)
(14, 8)
(14, 7)
(14, 6)
(14, 5)
(14, 4)
(14, 3)
(14, 2)
(14, 1)
kaikki ok
Reitin pituus: 2
(11, 19)
(10, 19)
(9, 19)
kaikki ok
Reitin pituus: 15
(2, 1)
(3, 1)
(4, 1)
(4, 2)
(4, 3)
(4, 4)
(4, 5)
(4, 6)
(4, 7)
(4, 8)
(4, 9)
(4, 10)
(4, 11)
(4, 12)
(4, 13)
(5, 13)
kaikki ok
Reitin pituus: 27
(14, 17)
(14, 16)
(14, 15)
(13, 15)
(12, 15)
(11, 15)
(10, 15)
(9, 15)
(8, 15)
(8, 14)
(8, 13)
(7, 13)
(6, 13)
(6, 12)
(6, 11)
(6, 10)
(6, 9)
(5, 9)
(4, 9)
(4, 8)
(4, 7)
(4, 6)
(4, 5)
(4, 4)
(4, 3)
(4, 2)
(4, 1)
(3, 1)
kaikki ok
Reitin pituus: 17
(12, 9)
(12, 10)
(12, 11)
(12, 12)
(12, 13)
(11, 13)
(10, 13)
(10, 14)
(10, 15)
(9, 15)
(8, 15)
(7, 15)
(6, 15)
(5, 15)
(4, 15)
(4, 16)
(4, 17)
(3, 17)
kaikki ok
Reitin pituus: 15
(5, 15)
(4, 15)
(4, 14)
(4, 13)
(5, 13)
(6, 13)
(6, 12)
(6, 11)
(6, 10)
(6, 9)
(6, 8)
(6, 7)
(7, 7)
(8, 7)
(9, 7)
(9, 8)
kaikki ok
Reitin pituus: 10
(8, 6)
(8, 7)
(9, 7)
(10, 7)
(10, 6)
(10, 5)
(11, 5)
(12, 5)
(12, 4)
(12, 3)
(13, 3)
kaikki ok
Reitin pituus: 19
(4, 6)
(4, 7)
(4, 8)
(4, 9)
(4, 10)
(4, 11)
(4, 12)
(4, 13)
(5, 13)
(6, 13)
(7, 13)
(8, 13)
(8, 14)
(8, 15)
(9, 15)
(10, 15)
(11, 15)
(12, 15)
(12, 16)
(12, 17)
kaikki ok
Reitin pituus: 11
(9, 19)
(8, 19)
(7, 19)
(6, 19)
(5, 19)
(4, 19)
(3, 19)
(2, 19)
(1, 19)
(1, 18)
(1, 17)
(2, 17)
kaikki ok
Reitin pituus: 16
(4, 1)
(4, 2)
(4, 3)
(5, 3)
(6, 3)
(7, 3)
(8, 3)
(9, 3)
(10, 3)
(11, 3)
(12, 3)
(13, 3)
(14, 3)
(15, 3)
(16, 3)
(17, 3)
(17, 4)
kaikki ok
Reitin pituus: 28
(5, 1)
(6, 1)
(7, 1)
(8, 1)
(8, 2)
(8, 3)
(9, 3)
(10, 3)
(11, 3)
(12, 3)
(13, 3)
(14, 3)
(14, 4)
(14, 5)
(14, 6)
(14, 7)
(14, 8)
(14, 9)
(14, 10)
(14, 11)
(14, 12)
(14, 13)
(15, 13)
(16, 13)
(17, 13)
(17, 14)
(17, 15)
(16, 15)
(16, 16)
kaikki ok
Reitin pituus: 14
(11, 19)
(10, 19)
(10, 18)
(10, 17)
(11, 17)
(12, 17)
(12, 16)
(12, 15)
(13, 15)
(14, 15)
(14, 14)
(14, 13)
(13, 13)
(12, 13)
(12, 12)
kaikki ok
Reitin pituus: 1
(5, 9)
(4, 9)
kaikki ok
Reitin pituus: 14
(10, 9)
(9, 9)
(9, 8)
(9, 7)
(8, 7)
(8, 6)
(8, 5)
(7, 5)
(6, 5)
(6, 4)
(6, 3)
(5, 3)
(4, 3)
(4, 2)
(4, 1)
kaikki ok
Reitin pituus: 8
(6, 15)
(6, 16)
(6, 17)
(7, 17)
(8, 17)
(8, 18)
(8, 19)
(9, 19)
(10, 19)
kaikki ok
Reitin pituus: 11
(14, 10)
(14, 9)
(13, 9)
(12, 9)
(12, 8)
(12, 7)
(11, 7)
(10, 7)
(9, 7)
(8, 7)
(8, 6)
(8, 5)
kaikki ok
Reitin pituus: 15
(6, 4)
(6, 5)
(7, 5)
(8, 5)
(8, 6)
(8, 7)
(7, 7)
(6, 7)
(6, 8)
(6, 9)
(6, 10)
(6, 11)
(7, 11)
(8, 11)
(9, 11)
(10, 11)
kaikki ok
Reitin pituus: 21
(17, 4)
(17, 3)
(16, 3)
(15, 3)
(14, 3)
(13, 3)
(12, 3)
(11, 3)
(10, 3)
(9, 3)
(8, 3)
(7, 3)
(6, 3)
(5, 3)
(4, 3)
(4, 4)
(4, 5)
(4, 6)
(4, 7)
(4, 8)
(4, 9)
(4, 10)
kaikki ok
Reitin pituus: 2
(5, 19)
(4, 19)
(3, 19)
kaikki ok
Reitin pituus: 21
(12, 17)
(12, 16)
(12, 15)
(13, 15)
(14, 15)
(14, 14)
(14, 13)
(14, 12)
(14, 11)
(14, 10)
(14, 9)
(14, 8)
(14, 7)
(14, 6)
(14, 5)
(14, 4)
(14, 3)
(13, 3)
(12, 3)
(11, 3)
(10, 3)
(10, 2)
kaikki ok
Reitin pituus: 7
(3, 17)
(4, 17)
(4, 16)
(4, 15)
(4, 14)
(4, 13)
(5, 13)
(6, 13)
kaikki ok
Reitin pituus: 4
(9, 3)
(8, 3)
(8, 2)
(8, 1)
(7, 1)
kaikki ok
Reitin pituus: 27
(8, 17)
(7, 17)
(6, 17)
(6, 16)
(6, 15)
(7, 15)
(8, 15)
(9, 15)
(10, 15)
(10, 14)
(10, 13)
(11, 13)
(12, 13)
(12, 12)
(12, 11)
(12, 10)
(12, 9)
(13, 9)
(14, 9)
(14, 8)
(14, 7)
(14, 6)
(14, 5)
(14, 4)
(14, 3)
(15, 3)
(16, 3)
(17, 3)
kaikki ok
Reitin pituus: 19
(6, 12)
(6, 13)
(7, 13)
(8, 13)
(8, 14)
(8, 15)
(9, 15)
(10, 15)
(11, 15)
(12, 15)
(13, 15)
(14, 15)
(14, 16)
(14, 17)
(15, 17)
(16, 17)
(17, 17)
(17, 18)
(17, 19)
(16, 19)
kaikki ok
Reitin pituus: 21
(7, 5)
(8, 5)
(8, 6)
(8, 7)
(9, 7)
(10, 7)
(11, 7)
(12, 7)
(12, 8)
(12, 9)
(12, 10)
(12, 11)
(12, 12)
(12, 13)
(11, 13)
(10, 13)
(10, 14)
(10, 15)
(11, 15)
(12, 15)
(12, 16)
(12, 17)
kaikki ok
Reitin pituus: 14
(6, 19)
(7, 19)
(8, 19)
(9, 19)
(10, 19)
(10, 18)
(10, 17)
(11, 17)
(12, 17)
(12, 16)
(12, 15)
(13, 15)
(14, 15)
(14, 14)
(14, 13)
kaikki ok
Reitin pituus: 25
(12, 5)
(11, 5)
(10, 5)
(10, 6)
(10, 7)
(11, 7)
(12, 7)
(12, 8)
(12, 9)
(13, 9)
(14, 9)
(14, 10)
(14, 11)
(14, 12)
(14, 13)
(14, 14)
(14, 15)
(14, 16)
(14, 17)
(15, 17)
(16, 17)
(17, 17)
(17, 18)
(17, 19)
(16, 19)
(15, 19)
kaikki ok
Reitin pituus: 17
(16, 16)
(16, 17)
(15, 17)
(14, 17)
(14, 16)
(14, 15)
(13, 15)
(12, 15)
(11, 15)
(10, 15)
(9, 15)
(8, 15)
(7, 15)
(6, 15)
(5, 15)
(4, 15)
(4, 16)
(4, 17)
kaikki ok
Reitin pituus: 22
(17, 18)
(17, 17)
(16, 17)
(15, 17)
(14, 17)
(14, 16)
(14, 15)
(14, 14)
(14, 13)
(13, 13)
(12, 13)
(12, 12)
(12, 11)
(12, 10)
(12, 9)
(12, 8)
(12, 7)
(11, 7)
(10, 7)
(9, 7)
(8, 7)
(7, 7)
(6, 7)
kaikki ok
Reitin pituus: 16
(4, 5)
(4, 6)
(4, 7)
(4, 8)
(4, 9)
(4, 10)
(4, 11)
(4, 12)
(4, 13)
(4, 14)
(4, 15)
(4, 16)
(4, 17)
(3, 17)
(2, 17)
(1, 17)
(1, 18)
kaikki ok
Reitin pituus: 12
(7, 7)
(8, 7)
(9, 7)
(10, 7)
(10, 6)
(10, 5)
(11, 5)
(12, 5)
(12, 4)
(12, 3)
(13, 3)
(14, 3)
(15, 3)
kaikki ok
Reitin pituus: 10
(14, 3)
(13, 3)
(12, 3)
(11, 3)
(10, 3)
(9, 3)
(8, 3)
(7, 3)
(6, 3)
(5, 3)
(4, 3)
kaikki ok
Reitin pituus: 25
(12, 19)
(11, 19)
(10, 19)
(9, 19)
(8, 19)
(8, 18)
(8, 17)
(7, 17)
(6, 17)
(6, 16)
(6, 15)
(5, 15)
(4, 15)
(4, 14)
(4, 13)
(4, 12)
(4, 11)
(4, 10)
(4, 9)
(4, 8)
(4, 7)
(4, 6)
(4, 5)
(3, 5)
(2, 5)
(1, 5)
kaikki ok
Reitin pituus: 17
(6, 16)
(6, 15)
(5, 15)
(4, 15)
(4, 14)
(4, 13)
(4, 12)
(4, 11)
(4, 10)
(4, 9)
(5, 9)
(6, 9)
(6, 8)
(6, 7)
(7, 7)
(8, 7)
(8, 6)
(8, 5)
kaikki ok
Reitin pituus: 15
(5, 1)
(4, 1)
(4, 2)
(4, 3)
(5, 3)
(6, 3)
(6, 4)
(6, 5)
(7, 5)
(8, 5)
(8, 6)
(8, 7)
(9, 7)
(9, 8)
(9, 9)
(10, 9)
kaikki ok
Reitin pituus: 3
(2, 3)
(3, 3)
(4, 3)
(4, 2)
kaikki ok
Reitin pituus: 22
(12, 4)
(12, 5)
(11, 5)
(10, 5)
(10, 6)
(10, 7)
(9, 7)
(8, 7)
(7, 7)
(6, 7)
(6, 8)
(6, 9)
(5, 9)
(4, 9)
(4, 10)
(4, 11)
(4, 12)
(4, 13)
(3, 13)
(2, 13)
(1, 13)
(1, 14)
(1, 15)
kaikki ok
Reitin pituus: 26
(1, 1)
(1, 2)
(1, 3)
(1, 4)
(1, 5)
(2, 5)
(3, 5)
(4, 5)
(4, 6)
(4, 7)
(4, 8)
(4, 9)
(4, 10)
(4, 11)
(4, 12)
(4, 13)
(4, 14)
(4, 15)
(4, 16)
(4, 17)
(3, 17)
(2, 17)
(1, 17)
(1, 18)
(1, 19)
(2, 19)
(3, 19)
kaikki ok
Reitin pituus: 18
(7, 13)
(8, 13)
(8, 14)
(8, 15)
(9, 15)
(10, 15)
(11, 15)
(12, 15)
(12, 16)
(12, 17)
(11, 17)
(10, 17)
(10, 18)
(10, 19)
(11, 19)
(12, 19)
(13, 19)
(14, 19)
(15, 19)
kaikki ok
Reitin pituus: 7
(14, 9)
(14, 8)
(14, 7)
(14, 6)
(14, 5)
(15, 5)
(16, 5)
(17, 5)
kaikki ok
Reitin pituus: 21
(10, 17)
(11, 17)
(12, 17)
(12, 16)
(12, 15)
(13, 15)
(14, 15)
(14, 14)
(14, 13)
(14, 12)
(14, 11)
(14, 10)
(14, 9)
(14, 8)
(14, 7)
(14, 6)
(14, 5)
(15, 5)
(16, 5)
(17, 5)
(17, 4)
(17, 3)
kaikki ok
Reitin pituus: 8
(10, 14)
(10, 13)
(11, 13)
(12, 13)
(12, 12)
(12, 11)
(12, 10)
(12, 9)
(13, 9)
kaikki ok
Reitin pituus: 9
(12, 10)
(12, 9)
(12, 8)
(12, 7)
(11, 7)
(10, 7)
(10, 6)
(10, 5)
(11, 5)
(12, 5)
kaikki ok
Reitin pituus: 6
(6, 12)
(6, 11)
(6, 10)
(6, 9)
(6, 8)
(6, 7)
(7, 7)
kaikki ok
Reitin pituus: 9
(17, 19)
(17, 18)
(17, 17)
(16, 17)
(15, 17)
(14, 17)
(14, 16)
(14, 15)
(13, 15)
(12, 15)
kaikki ok
Reitin pituus: 13
(6, 15)
(5, 15)
(4, 15)
(4, 14)
(4, 13)
(4, 12)
(4, 11)
(4, 10)
(4, 9)
(4, 8)
(4, 7)
(4, 6)
(4, 5)
(4, 4)
kaikki ok
Reitin pituus: 20
(17, 3)
(16, 3)
(15, 3)
(14, 3)
(14, 4)
(14, 5)
(14, 6)
(14, 7)
(14, 8)
(14, 9)
(14, 10)
(14, 11)
(14, 12)
(14, 13)
(15, 13)
(16, 13)
(17, 13)
(17, 14)
(17, 15)
(16, 15)
(16, 16)
kaikki ok
Reitin pituus: 15
(5, 13)
(4, 13)
(4, 12)
(4, 11)
(4, 10)
(4, 9)
(4, 8)
(4, 7)
(4, 6)
(4, 5)
(4, 4)
(4, 3)
(5, 3)
(6, 3)
(7, 3)
(8, 3)
kaikki ok
Reitin pituus: 25
(3, 19)
(4, 19)
(5, 19)
(6, 19)
(7, 19)
(8, 19)
(9, 19)
(10, 19)
(10, 18)
(10, 17)
(11, 17)
(12, 17)
(12, 16)
(12, 15)
(13, 15)
(14, 15)
(14, 14)
(14, 13)
(13, 13)
(12, 13)
(12, 12)
(12, 11)
(12, 10)
(12, 9)
(12, 8)
(12, 7)
kaikki ok
Reitin pituus: 15
(7, 13)
(8, 13)
(8, 14)
(8, 15)
(9, 15)
(10, 15)
(11, 15)
(12, 15)
(13, 15)
(14, 15)
(14, 16)
(14, 17)
(15, 17)
(16, 17)
(16, 16)
(16, 15)
kaikki ok
Reitin pituus: 7
(14, 14)
(14, 15)
(13, 15)
(12, 15)
(12, 16)
(12, 17)
(11, 17)
(10, 17)
kaikki ok
Reitin pituus: 5
(12, 1)
(13, 1)
(14, 1)
(15, 1)
(16, 1)
(17, 1)
kaikki ok
Reitin pituus: 23
(17, 19)
(17, 18)
(17, 17)
(16, 17)
(15, 17)
(14, 17)
(14, 16)
(14, 15)
(14, 14)
(14, 13)
(13, 13)
(12, 13)
(12, 12)
(12, 11)
(12, 10)
(12, 9)
(12, 8)
(12, 7)
(11, 7)
(10, 7)
(9, 7)
(8, 7)
(8, 6)
(8, 5)
kaikki ok
Reitin pituus: 15
(6, 3)
(5, 3)
(4, 3)
(4, 4)
(4, 5)
(4, 6)
(4, 7)
(4, 8)
(4, 9)
(4, 10)
(4, 11)
(4, 12)
(4, 13)
(3, 13)
(2, 13)
(1, 13)
kaikki ok
Reitin pituus: 25
(1, 18)
(1, 17)
(2, 17)
(3, 17)
(4, 17)
(4, 16)
(4, 15)
(4, 14)
(4, 13)
(4, 12)
(4, 11)
(4, 10)
(4, 9)
(4, 8)
(4, 7)
(4, 6)
(4, 5)
(4, 4)
(4, 3)
(5, 3)
(6, 3)
(7, 3)
(8, 3)
(9, 3)
(10, 3)
(11, 3)
kaikki ok
Reitin pituus: 12
(6, 8)
(6, 7)
(7, 7)
(8, 7)
(9, 7)
(10, 7)
(10, 6)
(10, 5)
(11, 5)
(12, 5)
(12, 4)
(12, 3)
(11, 3)
kaikki ok
Reitin pituus: 7
(11, 3)
(12, 3)
(13, 3)
(14, 3)
(14, 2)
(14, 1)
(15, 1)
(16, 1)
kaikki ok
Reitin pituus: 6
(14, 8)
(14, 7)
(14, 6)
(14, 5)
(15, 5)
(16, 5)
(17, 5)
kaikki ok
Reitin pituus: 13
(8, 13)
(7, 13)
(6, 13)
(6, 12)
(6, 11)
(6, 10)
(6, 9)
(6, 8)
(6, 7)
(7, 7)
(8, 7)
(9, 7)
(10, 7)
(11, 7)
kaikki ok
Reitin pituus: 11
(12, 9)
(12, 10)
(12, 11)
(11, 11)
(10, 11)
(9, 11)
(8, 11)
(7, 11)
(6, 11)
(6, 12)
(6, 13)
(5, 13)
kaikki ok
Reitin pituus: 11
(8, 18)
(8, 17)
(7, 17)
(6, 17)
(6, 16)
(6, 15)
(5, 15)
(4, 15)
(4, 16)
(4, 17)
(3, 17)
(2, 17)
kaikki ok
Reitin pituus: 20
(4, 7)
(4, 8)
(4, 9)
(5, 9)
(6, 9)
(6, 10)
(6, 11)
(6, 12)
(6, 13)
(7, 13)
(8, 13)
(8, 14)
(8, 15)
(9, 15)
(10, 15)
(11, 15)
(12, 15)
(12, 16)
(12, 17)
(11, 17)
(10, 17)
kaikki ok
Reitin pituus: 13
(10, 14)
(10, 13)
(11, 13)
(12, 13)
(12, 12)
(12, 11)
(12, 10)
(12, 9)
(12, 8)
(12, 7)
(11, 7)
(10, 7)
(9, 7)
(9, 8)
kaikki ok
Reitin pituus: 9
(10, 13)
(10, 14)
(10, 15)
(9, 15)
(8, 15)
(7, 15)
(6, 15)
(6, 16)
(6, 17)
(7, 17)
kaikki ok
Reitin pituus: 1
(14, 2)
(14, 1)
kaikki ok
Reitin pituus: 11
(9, 8)
(9, 7)
(8, 7)
(8, 6)
(8, 5)
(7, 5)
(6, 5)
(6, 4)
(6, 3)
(5, 3)
(4, 3)
(4, 4)
kaikki ok
Reitin pituus: 13
(10, 13)
(11, 13)
(12, 13)
(12, 12)
(12, 11)
(12, 10)
(12, 9)
(12, 8)
(12, 7)
(11, 7)
(10, 7)
(9, 7)
(9, 8)
(9, 9)
kaikki ok
Reitin pituus: 2
(12, 12)
(12, 11)
(11, 11)
kaikki ok
Reitin pituus: 6
(8, 14)
(8, 13)
(7, 13)
(6, 13)
(5, 13)
(4, 13)
(4, 14)
kaikki ok
Reitin pituus: 5
(1, 2)
(1, 3)
(2, 3)
(3, 3)
(4, 3)
(4, 4)
kaikki ok
Reitin pituus: 19
(8, 1)
(8, 2)
(8, 3)
(9, 3)
(10, 3)
(11, 3)
(12, 3)
(13, 3)
(14, 3)
(14, 4)
(14, 5)
(14, 6)
(14, 7)
(14, 8)
(14, 9)
(13, 9)
(12, 9)
(12, 10)
(12, 11)
(11, 11)
kaikki ok
Reitin pituus: 6
(14, 17)
(14, 16)
(14, 15)
(14, 14)
(14, 13)
(15, 13)
(16, 13)
kaikki ok
Reitin pituus: 9
(1, 5)
(2, 5)
(3, 5)
(4, 5)
(4, 6)
(4, 7)
(4, 8)
(4, 9)
(5, 9)
(6, 9)
kaikki ok
Reitin pituus: 18
(15, 1)
(14, 1)
(14, 2)
(14, 3)
(14, 4)
(14, 5)
(14, 6)
(14, 7)
(14, 8)
(14, 9)
(13, 9)
(12, 9)
(12, 10)
(12, 11)
(11, 11)
(10, 11)
(9, 11)
(8, 11)
(7, 11)
kaikki ok
Reitin pituus: 26
(10, 2)
(10, 3)
(9, 3)
(8, 3)
(7, 3)
(6, 3)
(5, 3)
(4, 3)
(4, 4)
(4, 5)
(4, 6)
(4, 7)
(4, 8)
(4, 9)
(4, 10)
(4, 11)
(4, 12)
(4, 13)
(4, 14)
(4, 15)
(4, 16)
(4, 17)
(3, 17)
(2, 17)
(1, 17)
(1, 18)
(1, 19)
kaikki ok
Reitin pituus: 26
(5, 1)
(4, 1)
(4, 2)
(4, 3)
(4, 4)
(4, 5)
(4, 6)
(4, 7)
(4, 8)
(4, 9)
(4, 10)
(4, 11)
(4, 12)
(4, 13)
(4, 14)
(4, 15)
(5, 15)
(6, 15)
(6, 16)
(6, 17)
(7, 17)
(8, 17)
(8, 18)
(8, 19)
(9, 19)
(10, 19)
(10, 18)
kaikki ok
Reitin pituus: 28
(16, 19)
(17, 19)
(17, 18)
(17, 17)
(16, 17)
(15, 17)
(14, 17)
(14, 16)
(14, 15)
(14, 14)
(14, 13)
(13, 13)
(12, 13)
(12, 12)
(12, 11)
(12, 10)
(12, 9)
(12, 8)
(12, 7)
(11, 7)
(10, 7)
(9, 7)
(8, 7)
(8, 6)
(8, 5)
(7, 5)
(6, 5)
(6, 4)
(6, 3)
kaikki ok
Reitin pituus: 14
(4, 8)
(4, 9)
(5, 9)
(6, 9)
(6, 10)
(6, 11)
(7, 11)
(8, 11)
(9, 11)
(10, 11)
(11, 11)
(12, 11)
(12, 10)
(12, 9)
(13, 9)
kaikki ok
Reitin pituus: 26
(17, 4)
(17, 5)
(16, 5)
(15, 5)
(14, 5)
(14, 6)
(14, 7)
(14, 8)
(14, 9)
(13, 9)
(12, 9)
(12, 10)
(12, 11)
(11, 11)
(10, 11)
(9, 11)
(8, 11)
(7, 11)
(6, 11)
(6, 12)
(6, 13)
(5, 13)
(4, 13)
(3, 13)
(2, 13)
(1, 13)
(1, 14)
kaikki ok
Reitin pituus: 17
(10, 6)
(10, 7)
(11, 7)
(12, 7)
(12, 8)
(12, 9)
(13, 9)
(14, 9)
(14, 10)
(14, 11)
(14, 12)
(14, 13)
(14, 14)
(14, 15)
(14, 16)
(14, 17)
(15, 17)
(16, 17)
kaikki ok
Reitin pituus: 21
(4, 7)
(4, 8)
(4, 9)
(4, 10)
(4, 11)
(4, 12)
(4, 13)
(4, 14)
(4, 15)
(5, 15)
(6, 15)
(6, 16)
(6, 17)
(7, 17)
(8, 17)
(8, 18)
(8, 19)
(9, 19)
(10, 19)
(11, 19)
(12, 19)
(13, 19)
kaikki ok
Reitin pituus: 1
(12, 19)
(11, 19)
kaikki ok
Reitin pituus: 7
(14, 8)
(14, 7)
(14, 6)
(14, 5)
(14, 4)
(14, 3)
(14, 2)
(14, 1)
kaikki ok
Reitin pituus: 24
(5, 3)
(4, 3)
(4, 4)
(4, 5)
(4, 6)
(4, 7)
(4, 8)
(4, 9)
(4, 10)
(4, 11)
(4, 12)
(4, 13)
(4, 14)
(4, 15)
(4, 16)
(4, 17)
(3, 17)
(2, 17)
(1, 17)
(1, 18)
(1, 19)
(2, 19)
(3, 19)
(4, 19)
(5, 19)
kaikki ok
Reitin pituus: 17
(13, 15)
(14, 15)
(14, 14)
(14, 13)
(14, 12)
(14, 11)
(14, 10)
(14, 9)
(14, 8)
(14, 7)
(14, 6)
(14, 5)
(14, 4)
(14, 3)
(13, 3)
(12, 3)
(12, 4)
(12, 5)
kaikki ok
Reitin pituus: 22
(5, 3)
(4, 3)
(4, 4)
(4, 5)
(4, 6)
(4, 7)
(4, 8)
(4, 9)
(4, 10)
(4, 11)
(4, 12)
(4, 13)
(4, 14)
(4, 15)
(5, 15)
(6, 15)
(7, 15)
(8, 15)
(9, 15)
(10, 15)
(11, 15)
(12, 15)
(12, 16)
kaikki ok
Reitin pituus: 2
(2, 13)
(1, 13)
(1, 14)
kaikki ok
Reitin pituus: 20
(4, 4)
(4, 5)
(4, 6)
(4, 7)
(4, 8)
(4, 9)
(5, 9)
(6, 9)
(6, 10)
(6, 11)
(7, 11)
(8, 11)
(9, 11)
(10, 11)
(11, 11)
(12, 11)
(12, 12)
(12, 13)
(13, 13)
(14, 13)
(15, 13)
kaikki ok
Reitin pituus: 19
(3, 17)
(4, 17)
(4, 16)
(4, 15)
(5, 15)
(6, 15)
(7, 15)
(8, 15)
(9, 15)
(10, 15)
(10, 14)
(10, 13)
(11, 13)
(12, 13)
(12, 12)
(12, 11)
(12, 10)
(12, 9)
(12, 8)
(12, 7)
kaikki ok
Reitin pituus: 9
(12, 7)
(11, 7)
(10, 7)
(9, 7)
(8, 7)
(7, 7)
(6, 7)
(6, 8)
(6, 9)
(5, 9)
kaikki ok
Reitin pituus: 8
(10, 14)
(10, 15)
(9, 15)
(8, 15)
(8, 14)
(8, 13)
(7, 13)
(6, 13)
(5, 13)
kaikki ok
Reitin pituus: 18
(8, 15)
(8, 14)
(8, 13)
(7, 13)
(6, 13)
(6, 12)
(6, 11)
(6, 10)
(6, 9)
(6, 8)
(6, 7)
(7, 7)
(8, 7)
(9, 7)
(10, 7)
(10, 6)
(10, 5)
(11, 5)
(12, 5)
kaikki ok
Reitin pituus: 19
(17, 3)
(16, 3)
(15, 3)
(14, 3)
(13, 3)
(12, 3)
(12, 4)
(12, 5)
(11, 5)
(10, 5)
(10, 6)
(10, 7)
(9, 7)
(8, 7)
(7, 7)
(6, 7)
(6, 8)
(6, 9)
(6, 10)
(6, 11)
kaikki ok
Reitin pituus: 1
(9, 11)
(10, 11)
kaikki ok
Reitin pituus: 19
(9, 15)
(10, 15)
(10, 14)
(10, 13)
(11, 13)
(12, 13)
(12, 12)
(12, 11)
(12, 10)
(12, 9)
(13, 9)
(14, 9)
(14, 8)
(14, 7)
(14, 6)
(14, 5)
(15, 5)
(16, 5)
(17, 5)
(17, 4)
kaikki ok
Reitin pituus: 28
(1, 2)
(1, 3)
(2, 3)
(3, 3)
(4, 3)
(5, 3)
(6, 3)
(6, 4)
(6, 5)
(7, 5)
(8, 5)
(8, 6)
(8, 7)
(9, 7)
(10, 7)
(11, 7)
(12, 7)
(12, 8)
(12, 9)
(12, 10)
(12, 11)
(12, 12)
(12, 13)
(13, 13)
(14, 13)
(15, 13)
(16, 13)
(17, 13)
(17, 14)
kaikki ok
Reitin pituus: 1
(8, 7)
(9, 7)
kaikki ok
Reitin pituus: 7
(10, 9)
(9, 9)
(9, 8)
(9, 7)
(10, 7)
(11, 7)
(12, 7)
(12, 8)
kaikki ok
Reitin pituus: 9
(12, 7)
(12, 8)
(12, 9)
(12, 10)
(12, 11)
(11, 11)
(10, 11)
(9, 11)
(8, 11)
(7, 11)
kaikki ok
Reitin pituus: 16
(7, 1)
(6, 1)
(5, 1)
(4, 1)
(4, 2)
(4, 3)
(4, 4)
(4, 5)
(4, 6)
(4, 7)
(4, 8)
(4, 9)
(4, 10)
(4, 11)
(4, 12)
(4, 13)
(5, 13)
kaikki ok
Reitin pituus: 27
(2, 15)
(1, 15)
(1, 14)
(1, 13)
(2, 13)
(3, 13)
(4, 13)
(5, 13)
(6, 13)
(6, 12)
(6, 11)
(6, 10)
(6, 9)
(6, 8)
(6, 7)
(7, 7)
(8, 7)
(9, 7)
(10, 7)
(10, 6)
(10, 5)
(11, 5)
(12, 5)
(12, 4)
(12, 3)
(13, 3)
(14, 3)
(14, 2)
kaikki ok
Reitin pituus: 22
(15, 19)
(16, 19)
(17, 19)
(17, 18)
(17, 17)
(16, 17)
(15, 17)
(14, 17)
(14, 16)
(14, 15)
(14, 14)
(14, 13)
(14, 12)
(14, 11)
(14, 10)
(14, 9)
(13, 9)
(12, 9)
(12, 8)
(12, 7)
(11, 7)
(10, 7)
(9, 7)
kaikki ok
Reitin pituus: 14
(6, 1)
(7, 1)
(8, 1)
(8, 2)
(8, 3)
(9, 3)
(10, 3)
(11, 3)
(12, 3)
(13, 3)
(14, 3)
(14, 4)
(14, 5)
(14, 6)
(14, 7)
kaikki ok
Reitin pituus: 21
(13, 19)
(12, 19)
(11, 19)
(10, 19)
(9, 19)
(8, 19)
(8, 18)
(8, 17)
(7, 17)
(6, 17)
(6, 16)
(6, 15)
(5, 15)
(4, 15)
(4, 14)
(4, 13)
(4, 12)
(4, 11)
(4, 10)
(4, 9)
(4, 8)
(4, 7)
kaikki ok
Reitin pituus: 9
(2, 15)
(1, 15)
(1, 14)
(1, 13)
(2, 13)
(3, 13)
(4, 13)
(5, 13)
(6, 13)
(7, 13)
kaikki ok
Reitin pituus: 11
(10, 2)
(10, 3)
(11, 3)
(12, 3)
(12, 4)
(12, 5)
(11, 5)
(10, 5)
(10, 6)
(10, 7)
(9, 7)
(9, 8)
kaikki ok
Reitin pituus: 26
(1, 2)
(1, 3)
(2, 3)
(3, 3)
(4, 3)
(5, 3)
(6, 3)
(6, 4)
(6, 5)
(7, 5)
(8, 5)
(8, 6)
(8, 7)
(9, 7)
(10, 7)
(11, 7)
(12, 7)
(12, 8)
(12, 9)
(12, 10)
(12, 11)
(12, 12)
(12, 13)
(13, 13)
(14, 13)
(14, 14)
(14, 15)
kaikki ok
Reitin pituus: 7
(8, 14)
(8, 15)
(9, 15)
(10, 15)
(10, 14)
(10, 13)
(11, 13)
(12, 13)
kaikki ok
Reitin pituus: 8
(12, 16)
(12, 15)
(11, 15)
(10, 15)
(9, 15)
(8, 15)
(8, 14)
(8, 13)
(7, 13)
kaikki ok
Reitin pituus: 3
(10, 3)
(10, 2)
(10, 1)
(11, 1)
kaikki ok
Reitin pituus: 15
(14, 6)
(14, 7)
(14, 8)
(14, 9)
(14, 10)
(14, 11)
(14, 12)
(14, 13)
(14, 14)
(14, 15)
(13, 15)
(12, 15)
(12, 16)
(12, 17)
(11, 17)
(10, 17)
kaikki ok
Reitin pituus: 16
(11, 3)
(12, 3)
(12, 4)
(12, 5)
(11, 5)
(10, 5)
(10, 6)
(10, 7)
(9, 7)
(8, 7)
(7, 7)
(6, 7)
(6, 8)
(6, 9)
(6, 10)
(6, 11)
(6, 12)
kaikki ok
Reitin pituus: 25
(9, 19)
(8, 19)
(8, 18)
(8, 17)
(7, 17)
(6, 17)
(6, 16)
(6, 15)
(5, 15)
(4, 15)
(4, 14)
(4, 13)
(4, 12)
(4, 11)
(4, 10)
(4, 9)
(4, 8)
(4, 7)
(4, 6)
(4, 5)
(4, 4)
(4, 3)
(4, 2)
(4, 1)
(5, 1)
(6, 1)
kaikki ok
Reitin pituus: 10
(12, 11)
(11, 11)
(10, 11)
(9, 11)
(8, 11)
(7, 11)
(6, 11)
(6, 12)
(6, 13)
(5, 13)
(4, 13)
kaikki ok
Reitin pituus: 6
(17, 14)
(17, 13)
(16, 13)
(15, 13)
(14, 13)
(14, 14)
(14, 15)
kaikki ok
Reitin pituus: 26
(13, 3)
(14, 3)
(14, 4)
(14, 5)
(14, 6)
(14, 7)
(14, 8)
(14, 9)
(14, 10)
(14, 11)
(14, 12)
(14, 13)
(14, 14)
(14, 15)
(13, 15)
(12, 15)
(12, 16)
(12, 17)
(11, 17)
(10, 17)
(10, 18)
(10, 19)
(9, 19)
(8, 19)
(7, 19)
(6, 19)
(5, 19)
kaikki ok
Reitin pituus: 14
(11, 17)
(12, 17)
(12, 16)
(12, 15)
(11, 15)
(10, 15)
(9, 15)
(8, 15)
(8, 14)
(8, 13)
(7, 13)
(6, 13)
(6, 12)
(6, 11)
(6, 10)
kaikki ok
Reitin pituus: 8
(12, 9)
(13, 9)
(14, 9)
(14, 10)
(14, 11)
(14, 12)
(14, 13)
(15, 13)
(16, 13)
kaikki ok
Reitin pituus: 17
(16, 1)
(15, 1)
(14, 1)
(13, 1)
(12, 1)
(11, 1)
(10, 1)
(10, 2)
(10, 3)
(9, 3)
(8, 3)
(7, 3)
(6, 3)
(5, 3)
(4, 3)
(4, 4)
(4, 5)
(3, 5)
kaikki ok
Reitin pituus: 22
(14, 19)
(15, 19)
(16, 19)
(17, 19)
(17, 18)
(17, 17)
(16, 17)
(15, 17)
(14, 17)
(14, 16)
(14, 15)
(14, 14)
(14, 13)
(14, 12)
(14, 11)
(14, 10)
(14, 9)
(14, 8)
(14, 7)
(14, 6)
(14, 5)
(14, 4)
(14, 3)
kaikki ok
Reitin pituus: 10
(9, 11)
(8, 11)
(7, 11)
(6, 11)
(6, 12)
(6, 13)
(7, 13)
(8, 13)
(8, 14)
(8, 15)
(7, 15)
kaikki ok
Reitin pituus: 23
(10, 1)
(10, 2)
(10, 3)
(9, 3)
(8, 3)
(7, 3)
(6, 3)
(5, 3)
(4, 3)
(4, 4)
(4, 5)
(4, 6)
(4, 7)
(4, 8)
(4, 9)
(4, 10)
(4, 11)
(4, 12)
(4, 13)
(4, 14)
(4, 15)
(5, 15)
(6, 15)
(7, 15)
kaikki ok
Reitin pituus: 18
(14, 12)
(14, 13)
(14, 14)
(14, 15)
(13, 15)
(12, 15)
(12, 16)
(12, 17)
(11, 17)
(10, 17)
(10, 18)
(10, 19)
(9, 19)
(8, 19)
(7, 19)
(6, 19)
(5, 19)
(4, 19)
(3, 19)
kaikki ok
Reitin pituus: 18
(4, 19)
(5, 19)
(6, 19)
(7, 19)
(8, 19)
(9, 19)
(10, 19)
(11, 19)
(12, 19)
(13, 19)
(14, 19)
(15, 19)
(16, 19)
(17, 19)
(17, 18)
(17, 17)
(16, 17)
(16, 16)
(16, 15)
kaikki ok
Reitin pituus: 7
(7, 5)
(8, 5)
(8, 6)
(8, 7)
(9, 7)
(9, 8)
(9, 9)
(10, 9)
kaikki ok
Reitin pituus: 17
(1, 1)
(2, 1)
(3, 1)
(4, 1)
(5, 1)
(6, 1)
(7, 1)
(8, 1)
(8, 2)
(8, 3)
(9, 3)
(10, 3)
(10, 2)
(10, 1)
(11, 1)
(12, 1)
(13, 1)
(14, 1)
kaikki ok
Reitin pituus: 23
(1, 13)
(2, 13)
(3, 13)
(4, 13)
(4, 12)
(4, 11)
(4, 10)
(4, 9)
(4, 8)
(4, 7)
(4, 6)
(4, 5)
(4, 4)
(4, 3)
(5, 3)
(6, 3)
(7, 3)
(8, 3)
(9, 3)
(10, 3)
(10, 2)
(10, 1)
(11, 1)
(12, 1)
kaikki ok
Reitin pituus: 23
(12, 5)
(11, 5)
(10, 5)
(10, 6)
(10, 7)
(9, 7)
(8, 7)
(7, 7)
(6, 7)
(6, 8)
(6, 9)
(6, 10)
(6, 11)
(6, 12)
(6, 13)
(5, 13)
(4, 13)
(4, 14)
(4, 15)
(4, 16)
(4, 17)
(3, 17)
(2, 17)
(1, 17)
kaikki ok
Reitin pituus: 29
(8, 2)
(8, 3)
(9, 3)
(10, 3)
(11, 3)
(12, 3)
(13, 3)
(14, 3)
(14, 4)
(14, 5)
(14, 6)
(14, 7)
(14, 8)
(14, 9)
(14, 10)
(14, 11)
(14, 12)
(14, 13)
(14, 14)
(14, 15)
(14, 16)
(14, 17)
(15, 17)
(16, 17)
(17, 17)
(17, 18)
(17, 19)
(16, 19)
(15, 19)
(14, 19)
kaikki ok
Reitin pituus: 19
(2, 15)
(1, 15)
(1, 14)
(1, 13)
(2, 13)
(3, 13)
(4, 13)
(5, 13)
(6, 13)
(6, 12)
(6, 11)
(7, 11)
(8, 11)
(9, 11)
(10, 11)
(11, 11)
(12, 11)
(12, 10)
(12, 9)
(12, 8)
kaikki ok
Reitin pituus: 21
(9, 19)
(8, 19)
(8, 18)
(8, 17)
(7, 17)
(6, 17)
(6, 16)
(6, 15)
(5, 15)
(4, 15)
(4, 14)
(4, 13)
(4, 12)
(4, 11)
(4, 10)
(4, 9)
(4, 8)
(4, 7)
(4, 6)
(4, 5)
(3, 5)
(2, 5)
kaikki ok
Reitin pituus: 8
(6, 16)
(6, 15)
(7, 15)
(8, 15)
(9, 15)
(10, 15)
(10, 14)
(10, 13)
(11, 13)
kaikki ok
Reitin pituus: 24
(8, 1)
(8, 2)
(8, 3)
(9, 3)
(10, 3)
(11, 3)
(12, 3)
(13, 3)
(14, 3)
(14, 4)
(14, 5)
(14, 6)
(14, 7)
(14, 8)
(14, 9)
(14, 10)
(14, 11)
(14, 12)
(14, 13)
(14, 14)
(14, 15)
(13, 15)
(12, 15)
(12, 16)
(12, 17)
kaikki ok
Reitin pituus: 11
(4, 4)
(4, 3)
(5, 3)
(6, 3)
(7, 3)
(8, 3)
(9, 3)
(10, 3)
(11, 3)
(12, 3)
(12, 4)
(12, 5)
kaikki ok
Reitin pituus: 9
(17, 17)
(16, 17)
(15, 17)
(14, 17)
(14, 16)
(14, 15)
(14, 14)
(14, 13)
(14, 12)
(14, 11)
kaikki ok
Reitin pituus: 20
(11, 1)
(12, 1)
(13, 1)
(14, 1)
(14, 2)
(14, 3)
(14, 4)
(14, 5)
(14, 6)
(14, 7)
(14, 8)
(14, 9)
(14, 10)
(14, 11)
(14, 12)
(14, 13)
(14, 14)
(14, 15)
(14, 16)
(14, 17)
(15, 17)
kaikki ok
Reitin pituus: 19
(6, 8)
(6, 9)
(6, 10)
(6, 11)
(7, 11)
(8, 11)
(9, 11)
(10, 11)
(11, 11)
(12, 11)
(12, 12)
(12, 13)
(13, 13)
(14, 13)
(15, 13)
(16, 13)
(17, 13)
(17, 14)
(17, 15)
(16, 15)
kaikki ok
Reitin pituus: 4
(12, 9)
(12, 10)
(12, 11)
(12, 12)
(12, 13)
kaikki ok
Reitin pituus: 12
(11, 17)
(12, 17)
(12, 16)
(12, 15)
(13, 15)
(14, 15)
(14, 14)
(14, 13)
(14, 12)
(14, 11)
(14, 10)
(14, 9)
(14, 8)
kaikki ok
Reitin pituus: 15
(10, 9)
(9, 9)
(9, 8)
(9, 7)
(8, 7)
(8, 6)
(8, 5)
(7, 5)
(6, 5)
(6, 4)
(6, 3)
(5, 3)
(4, 3)
(3, 3)
(2, 3)
(1, 3)
kaikki ok
Reitin pituus: 12
(4, 2)
(4, 3)
(5, 3)
(6, 3)
(7, 3)
(8, 3)
(9, 3)
(10, 3)
(11, 3)
(12, 3)
(13, 3)
(14, 3)
(14, 4)
kaikki ok
Reitin pituus: 14
(12, 8)
(12, 9)
(12, 10)
(12, 11)
(12, 12)
(12, 13)
(13, 13)
(14, 13)
(15, 13)
(16, 13)
(17, 13)
(17, 14)
(17, 15)
(16, 15)
(16, 16)
kaikki ok
Reitin pituus: 6
(10, 9)
(9, 9)
(9, 8)
(9, 7)
(8, 7)
(7, 7)
(6, 7)
kaikki ok
Reitin pituus: 11
(1, 5)
(2, 5)
(3, 5)
(4, 5)
(4, 6)
(4, 7)
(4, 8)
(4, 9)
(5, 9)
(6, 9)
(6, 10)
(6, 11)
kaikki ok
Reitin pituus: 13
(8, 17)
(7, 17)
(6, 17)
(6, 16)
(6, 15)
(7, 15)
(8, 15)
(9, 15)
(10, 15)
(10, 14)
(10, 13)
(11, 13)
(12, 13)
(13, 13)
kaikki ok
Reitin pituus: 9
(12, 7)
(12, 8)
(12, 9)
(13, 9)
(14, 9)
(14, 10)
(14, 11)
(14, 12)
(14, 13)
(15, 13)
kaikki ok
Reitin pituus: 13
(8, 11)
(7, 11)
(6, 11)
(6, 12)
(6, 13)
(5, 13)
(4, 13)
(4, 14)
(4, 15)
(4, 16)
(4, 17)
(3, 17)
(2, 17)
(1, 17)
kaikki ok
Reitin pituus: 10
(6, 4)
(6, 3)
(7, 3)
(8, 3)
(9, 3)
(10, 3)
(11, 3)
(12, 3)
(13, 3)
(14, 3)
(14, 4)
kaikki ok
Reitin pituus: 18
(14, 12)
(14, 13)
(13, 13)
(12, 13)
(12, 12)
(12, 11)
(11, 11)
(10, 11)
(9, 11)
(8, 11)
(7, 11)
(6, 11)
(6, 12)
(6, 13)
(5, 13)
(4, 13)
(3, 13)
(2, 13)
(1, 13)
kaikki ok
Reitin pituus: 24
(6, 15)
(7, 15)
(8, 15)
(9, 15)
(10, 15)
(10, 14)
(10, 13)
(11, 13)
(12, 13)
(12, 12)
(12, 11)
(12, 10)
(12, 9)
(13, 9)
(14, 9)
(14, 8)
(14, 7)
(14, 6)
(14, 5)
(14, 4)
(14, 3)
(15, 3)
(16, 3)
(17, 3)
(17, 2)
kaikki ok
Reitin pituus: 5
(16, 5)
(15, 5)
(14, 5)
(14, 6)
(14, 7)
(14, 8)
kaikki ok
Reitin pituus: 15
(13, 15)
(12, 15)
(11, 15)
(10, 15)
(9, 15)
(8, 15)
(7, 15)
(6, 15)
(5, 15)
(4, 15)
(4, 16)
(4, 17)
(3, 17)
(2, 17)
(2, 16)
(2, 15)
kaikki ok
Reitin pituus: 6
(11, 1)
(10, 1)
(10, 2)
(10, 3)
(11, 3)
(12, 3)
(12, 4)
kaikki ok
Reitin pituus: 25
(17, 19)
(17, 18)
(17, 17)
(16, 17)
(15, 17)
(14, 17)
(14, 16)
(14, 15)
(14, 14)
(14, 13)
(14, 12)
(14, 11)
(14, 10)
(14, 9)
(14, 8)
(14, 7)
(14, 6)
(14, 5)
(14, 4)
(14, 3)
(13, 3)
(12, 3)
(11, 3)
(10, 3)
(9, 3)
(8, 3)
kaikki ok
Reitin pituus: 13
(14, 9)
(13, 9)
(12, 9)
(12, 10)
(12, 11)
(11, 11)
(10, 11)
(9, 11)
(8, 11)
(7, 11)
(6, 11)
(6, 12)
(6, 13)
(5, 13)
kaikki ok
Reitin pituus: 19
(7, 7)
(6, 7)
(6, 8)
(6, 9)
(6, 10)
(6, 11)
(6, 12)
(6, 13)
(7, 13)
(8, 13)
(8, 14)
(8, 15)
(9, 15)
(10, 15)
(11, 15)
(12, 15)
(12, 16)
(12, 17)
(11, 17)
(10, 17)
kaikki ok
Reitin pituus: 26
(4, 1)
(4, 2)
(4, 3)
(4, 4)
(4, 5)
(4, 6)
(4, 7)
(4, 8)
(4, 9)
(4, 10)
(4, 11)
(4, 12)
(4, 13)
(4, 14)
(4, 15)
(5, 15)
(6, 15)
(6, 16)
(6, 17)
(7, 17)
(8, 17)
(8, 18)
(8, 19)
(9, 19)
(10, 19)
(10, 18)
(10, 17)
kaikki ok
Reitin pituus: 17
(7, 3)
(6, 3)
(6, 4)
(6, 5)
(7, 5)
(8, 5)
(8, 6)
(8, 7)
(7, 7)
(6, 7)
(6, 8)
(6, 9)
(6, 10)
(6, 11)
(6, 12)
(6, 13)
(7, 13)
(8, 13)
kaikki ok
Reitin pituus: 15
(1, 3)
(2, 3)
(3, 3)
(4, 3)
(5, 3)
(6, 3)
(6, 4)
(6, 5)
(7, 5)
(8, 5)
(8, 6)
(8, 7)
(9, 7)
(9, 8)
(9, 9)
(8, 9)
kaikki ok
Reitin pituus: 15
(2, 16)
(2, 17)
(3, 17)
(4, 17)
(4, 16)
(4, 15)
(5, 15)
(6, 15)
(7, 15)
(8, 15)
(9, 15)
(10, 15)
(11, 15)
(12, 15)
(12, 16)
(12, 17)
kaikki ok
Reitin pituus: 19
(4, 15)
(4, 14)
(4, 13)
(4, 12)
(4, 11)
(4, 10)
(4, 9)
(4, 8)
(4, 7)
(4, 6)
(4, 5)
(4, 4)
(4, 3)
(5, 3)
(6, 3)
(7, 3)
(8, 3)
(9, 3)
(10, 3)
(11, 3)
kaikki ok
Reitin pituus: 15
(12, 12)
(12, 11)
(11, 11)
(10, 11)
(9, 11)
(8, 11)
(7, 11)
(6, 11)
(6, 12)
(6, 13)
(5, 13)
(4, 13)
(3, 13)
(2, 13)
(1, 13)
(1, 14)
kaikki ok
Reitin pituus: 7
(5, 15)
(4, 15)
(4, 14)
(4, 13)
(3, 13)
(2, 13)
(1, 13)
(1, 14)
kaikki ok
Reitin pituus: 5
(4, 17)
(4, 16)
(4, 15)
(4, 14)
(4, 13)
(5, 13)
kaikki ok
Reitin pituus: 2
(8, 7)
(7, 7)
(6, 7)
kaikki ok
Reitin pituus: 13
(9, 3)
(10, 3)
(11, 3)
(12, 3)
(12, 4)
(12, 5)
(11, 5)
(10, 5)
(10, 6)
(10, 7)
(9, 7)
(9, 8)
(9, 9)
(10, 9)
kaikki ok
Reitin pituus: 15
(17, 14)
(17, 13)
(16, 13)
(15, 13)
(14, 13)
(13, 13)
(12, 13)
(11, 13)
(10, 13)
(10, 14)
(10, 15)
(9, 15)
(8, 15)
(8, 14)
(8, 13)
(7, 13)
kaikki ok
Reitin pituus: 26
(15, 1)
(14, 1)
(14, 2)
(14, 3)
(14, 4)
(14, 5)
(14, 6)
(14, 7)
(14, 8)
(14, 9)
(14, 10)
(14, 11)
(14, 12)
(14, 13)
(14, 14)
(14, 15)
(13, 15)
(12, 15)
(12, 16)
(12, 17)
(11, 17)
(10, 17)
(10, 18)
(10, 19)
(9, 19)
(8, 19)
(8, 18)
kaikki ok
Reitin pituus: 14
(3, 1)
(4, 1)
(4, 2)
(4, 3)
(5, 3)
(6, 3)
(7, 3)
(8, 3)
(9, 3)
(10, 3)
(10, 2)
(10, 1)
(11, 1)
(12, 1)
(13, 1)
kaikki ok
Reitin pituus: 2
(4, 19)
(3, 19)
(2, 19)
kaikki ok
Reitin pituus: 26
(17, 2)
(17, 3)
(17, 4)
(17, 5)
(16, 5)
(15, 5)
(14, 5)
(14, 6)
(14, 7)
(14, 8)
(14, 9)
(13, 9)
(12, 9)
(12, 10)
(12, 11)
(12, 12)
(12, 13)
(11, 13)
(10, 13)
(10, 14)
(10, 15)
(9, 15)
(8, 15)
(7, 15)
(6, 15)
(6, 16)
(6, 17)
kaikki ok
Reitin pituus: 11
(12, 5)
(12, 4)
(12, 3)
(11, 3)
(10, 3)
(9, 3)
(8, 3)
(7, 3)
(6, 3)
(5, 3)
(4, 3)
(3, 3)
kaikki ok
Reitin pituus: 7
(9, 11)
(8, 11)
(7, 11)
(6, 11)
(6, 12)
(6, 13)
(7, 13)
(8, 13)
kaikki ok
Reitin pituus: 15
(6, 12)
(6, 13)
(7, 13)
(8, 13)
(8, 14)
(8, 15)
(9, 15)
(10, 15)
(11, 15)
(12, 15)
(13, 15)
(14, 15)
(14, 16)
(14, 17)
(15, 17)
(16, 17)
kaikki ok
Reitin pituus: 19
(10, 2)
(10, 3)
(11, 3)
(12, 3)
(13, 3)
(14, 3)
(14, 4)
(14, 5)
(14, 6)
(14, 7)
(14, 8)
(14, 9)
(14, 10)
(14, 11)
(14, 12)
(14, 13)
(14, 14)
(14, 15)
(14, 16)
(14, 17)
kaikki ok
Reitin pituus: 14
(10, 7)
(9, 7)
(8, 7)
(7, 7)
(6, 7)
(6, 8)
(6, 9)
(5, 9)
(4, 9)
(4, 10)
(4, 11)
(4, 12)
(4, 13)
(4, 14)
(4, 15)
kaikki ok
Reitin pituus: 16
(1, 15)
(1, 14)
(1, 13)
(2, 13)
(3, 13)
(4, 13)
(5, 13)
(6, 13)
(6, 12)
(6, 11)
(6, 10)
(6, 9)
(6, 8)
(6, 7)
(7, 7)
(8, 7)
(9, 7)
kaikki ok
Reitin pituus: 10
(11, 1)
(10, 1)
(10, 2)
(10, 3)
(9, 3)
(8, 3)
(7, 3)
(6, 3)
(6, 4)
(6, 5)
(7, 5)
kaikki ok
Reitin pituus: 7
(10, 13)
(10, 14)
(10, 15)
(11, 15)
(12, 15)
(12, 16)
(12, 17)
(11, 17)
kaikki ok
Reitin pituus: 21
(6, 1)
(5, 1)
(4, 1)
(4, 2)
(4, 3)
(4, 4)
(4, 5)
(4, 6)
(4, 7)
(4, 8)
(4, 9)
(4, 10)
(4, 11)
(4, 12)
(4, 13)
(4, 14)
(4, 15)
(5, 15)
(6, 15)
(7, 15)
(8, 15)
(9, 15)
kaikki ok
Reitin pituus: 13
(13, 3)
(12, 3)
(11, 3)
(10, 3)
(9, 3)
(8, 3)
(7, 3)
(6, 3)
(5, 3)
(4, 3)
(4, 4)
(4, 5)
(4, 6)
(4, 7)
kaikki ok
Reitin pituus: 7
(16, 17)
(15, 17)
(14, 17)
(14, 16)
(14, 15)
(13, 15)
(12, 15)
(12, 16)
kaikki ok
Reitin pituus: 7
(8, 9)
(9, 9)
(9, 8)
(9, 7)
(10, 7)
(11, 7)
(12, 7)
(12, 8)
kaikki ok
Reitin pituus: 26
(6, 4)
(6, 3)
(5, 3)
(4, 3)
(4, 4)
(4, 5)
(4, 6)
(4, 7)
(4, 8)
(4, 9)
(4, 10)
(4, 11)
(4, 12)
(4, 13)
(4, 14)
(4, 15)
(5, 15)
(6, 15)
(6, 16)
(6, 17)
(7, 17)
(8, 17)
(8, 18)
(8, 19)
(9, 19)
(10, 19)
(10, 18)
kaikki ok
Reitin pituus: 4
(4, 4)
(4, 3)
(4, 2)
(4, 1)
(3, 1)
kaikki ok
Reitin pituus: 9
(11, 15)
(12, 15)
(13, 15)
(14, 15)
(14, 16)
(14, 17)
(15, 17)
(16, 17)
(17, 17)
(17, 18)
kaikki ok
Reitin pituus: 12
(11, 7)
(10, 7)
(9, 7)
(8, 7)
(7, 7)
(6, 7)
(6, 8)
(6, 9)
(6, 10)
(6, 11)
(6, 12)
(6, 13)
(7, 13)
kaikki ok
Reitin pituus: 20
(6, 4)
(6, 3)
(5, 3)
(4, 3)
(4, 4)
(4, 5)
(4, 6)
(4, 7)
(4, 8)
(4, 9)
(4, 10)
(4, 11)
(4, 12)
(4, 13)
(4, 14)
(4, 15)
(5, 15)
(6, 15)
(6, 16)
(6, 17)
(7, 17)
kaikki ok
Reitin pituus: 6
(11, 1)
(10, 1)
(10, 2)
(10, 3)
(9, 3)
(8, 3)
(8, 2)
kaikki ok
Reitin pituus: 10
(11, 3)
(12, 3)
(13, 3)
(14, 3)
(14, 4)
(14, 5)
(14, 6)
(14, 7)
(14, 8)
(14, 9)
(13, 9)
kaikki ok
Reitin pituus: 6
(7, 5)
(6, 5)
(6, 4)
(6, 3)
(7, 3)
(8, 3)
(8, 2)
kaikki ok
Reitin pituus: 22
(1, 3)
(2, 3)
(3, 3)
(4, 3)
(5, 3)
(6, 3)
(6, 4)
(6, 5)
(7, 5)
(8, 5)
(8, 6)
(8, 7)
(9, 7)
(10, 7)
(11, 7)
(12, 7)
(12, 8)
(12, 9)
(12, 10)
(12, 11)
(12, 12)
(12, 13)
(11, 13)
kaikki ok
Reitin pituus: 6
(3, 19)
(2, 19)
(1, 19)
(1, 18)
(1, 17)
(2, 17)
(2, 16)
kaikki ok
Reitin pituus: 15
(16, 13)
(15, 13)
(14, 13)
(13, 13)
(12, 13)
(12, 12)
(12, 11)
(11, 11)
(10, 11)
(9, 11)
(8, 11)
(7, 11)
(6, 11)
(6, 12)
(6, 13)
(5, 13)
kaikki ok
Reitin pituus: 18
(6, 8)
(6, 7)
(7, 7)
(8, 7)
(9, 7)
(10, 7)
(10, 6)
(10, 5)
(11, 5)
(12, 5)
(12, 4)
(12, 3)
(13, 3)
(14, 3)
(15, 3)
(16, 3)
(17, 3)
(17, 2)
(17, 1)
kaikki ok
Reitin pituus: 20
(17, 2)
(17, 3)
(16, 3)
(15, 3)
(14, 3)
(13, 3)
(12, 3)
(11, 3)
(10, 3)
(9, 3)
(8, 3)
(7, 3)
(6, 3)
(5, 3)
(4, 3)
(4, 4)
(4, 5)
(4, 6)
(4, 7)
(4, 8)
(4, 9)
kaikki ok
Reitin pituus: 22
(1, 1)
(1, 2)
(1, 3)
(2, 3)
(3, 3)
(4, 3)
(5, 3)
(6, 3)
(6, 4)
(6, 5)
(7, 5)
(8, 5)
(8, 6)
(8, 7)
(9, 7)
(10, 7)
(11, 7)
(12, 7)
(12, 8)
(12, 9)
(12, 10)
(12, 11)
(12, 12)
kaikki ok
Reitin pituus: 10
(14, 4)
(14, 3)
(13, 3)
(12, 3)
(11, 3)
(10, 3)
(9, 3)
(8, 3)
(8, 2)
(8, 1)
(7, 1)
kaikki ok
Reitin pituus: 9
(7, 13)
(8, 13)
(8, 14)
(8, 15)
(7, 15)
(6, 15)
(6, 16)
(6, 17)
(7, 17)
(8, 17)
kaikki ok
Reitin pituus: 20
(7, 5)
(8, 5)
(8, 6)
(8, 7)
(7, 7)
(6, 7)
(6, 8)
(6, 9)
(5, 9)
(4, 9)
(4, 10)
(4, 11)
(4, 12)
(4, 13)
(4, 14)
(4, 15)
(4, 16)
(4, 17)
(3, 17)
(2, 17)
(1, 17)
kaikki ok
Reitin pituus: 6
(6, 12)
(6, 11)
(6, 10)
(6, 9)
(6, 8)
(6, 7)
(7, 7)
kaikki ok
Reitin pituus: 16
(17, 13)
(16, 13)
(15, 13)
(14, 13)
(14, 12)
(14, 11)
(14, 10)
(14, 9)
(13, 9)
(12, 9)
(12, 8)
(12, 7)
(11, 7)
(10, 7)
(9, 7)
(9, 8)
(9, 9)
kaikki ok
Reitin pituus: 10
(5, 9)
(6, 9)
(6, 10)
(6, 11)
(6, 12)
(6, 13)
(7, 13)
(8, 13)
(8, 14)
(8, 15)
(7, 15)
kaikki ok
Reitin pituus: 8
(4, 8)
(4, 9)
(4, 10)
(4, 11)
(4, 12)
(4, 13)
(4, 14)
(4, 15)
(4, 16)
kaikki ok
Reitin pituus: 15
(14, 13)
(14, 14)
(14, 15)
(13, 15)
(12, 15)
(11, 15)
(10, 15)
(9, 15)
(8, 15)
(7, 15)
(6, 15)
(5, 15)
(4, 15)
(4, 14)
(4, 13)
(4, 12)
kaikki ok
Reitin pituus: 17
(14, 17)
(14, 16)
(14, 15)
(13, 15)
(12, 15)
(11, 15)
(10, 15)
(9, 15)
(8, 15)
(8, 14)
(8, 13)
(7, 13)
(6, 13)
(5, 13)
(4, 13)
(4, 12)
(4, 11)
(4, 10)
kaikki ok
Reitin pituus: 8
(10, 3)
(11, 3)
(12, 3)
(13, 3)
(14, 3)
(15, 3)
(16, 3)
(17, 3)
(17, 4)
kaikki ok
Reitin pituus: 16
(13, 13)
(12, 13)
(11, 13)
(10, 13)
(10, 14)
(10, 15)
(9, 15)
(8, 15)
(7, 15)
(6, 15)
(5, 15)
(4, 15)
(4, 16)
(4, 17)
(3, 17)
(2, 17)
(2, 16)
kaikki ok
Reitin pituus: 16
(14, 1)
(14, 2)
(14, 3)
(14, 4)
(14, 5)
(14, 6)
(14, 7)
(14, 8)
(14, 9)
(14, 10)
(14, 11)
(14, 12)
(14, 13)
(14, 14)
(14, 15)
(14, 16)
(14, 17)
kaikki ok
Reitin pituus: 15
(5, 1)
(6, 1)
(7, 1)
(8, 1)
(8, 2)
(8, 3)
(9, 3)
(10, 3)
(11, 3)
(12, 3)
(13, 3)
(14, 3)
(14, 2)
(14, 1)
(15, 1)
(16, 1)
kaikki ok
Reitin pituus: 8
(6, 9)
(5, 9)
(4, 9)
(4, 8)
(4, 7)
(4, 6)
(4, 5)
(3, 5)
(2, 5)
kaikki ok
Reitin pituus: 19
(2, 17)
(1, 17)
(1, 18)
(1, 19)
(2, 19)
(3, 19)
(4, 19)
(5, 19)
(6, 19)
(7, 19)
(8, 19)
(9, 19)
(10, 19)
(11, 19)
(12, 19)
(13, 19)
(14, 19)
(15, 19)
(16, 19)
(17, 19)
kaikki ok
Reitin pituus: 9
(14, 8)
(14, 9)
(13, 9)
(12, 9)
(12, 8)
(12, 7)
(11, 7)
(10, 7)
(9, 7)
(9, 8)
kaikki ok
Reitin pituus: 18
(1, 19)
(1, 18)
(1, 17)
(2, 17)
(3, 17)
(4, 17)
(4, 16)
(4, 15)
(4, 14)
(4, 13)
(4, 12)
(4, 11)
(4, 10)
(4, 9)
(4, 8)
(4, 7)
(4, 6)
(4, 5)
(4, 4)
kaikki ok
Reitin pituus: 14
(13, 13)
(14, 13)
(14, 14)
(14, 15)
(14, 16)
(14, 17)
(15, 17)
(16, 17)
(17, 17)
(17, 18)
(17, 19)
(16, 19)
(15, 19)
(14, 19)
(13, 19)
kaikki ok
Reitin pituus: 10
(4, 6)
(4, 7)
(4, 8)
(4, 9)
(4, 10)
(4, 11)
(4, 12)
(4, 13)
(4, 14)
(4, 15)
(5, 15)
kaikki ok
Reitin pituus: 16
(9, 19)
(8, 19)
(8, 18)
(8, 17)
(7, 17)
(6, 17)
(6, 16)
(6, 15)
(7, 15)
(8, 15)
(8, 14)
(8, 13)
(7, 13)
(6, 13)
(6, 12)
(6, 11)
(7, 11)
kaikki ok
Reitin pituus: 17
(2, 15)
(1, 15)
(1, 14)
(1, 13)
(2, 13)
(3, 13)
(4, 13)
(4, 12)
(4, 11)
(4, 10)
(4, 9)
(4, 8)
(4, 7)
(4, 6)
(4, 5)
(4, 4)
(4, 3)
(4, 2)
kaikki ok
Reitin pituus: 10
(12, 11)
(12, 12)
(12, 13)
(11, 13)
(10, 13)
(10, 14)
(10, 15)
(9, 15)
(8, 15)
(8, 14)
(8, 13)
kaikki ok
Reitin pituus: 20
(3, 5)
(4, 5)
(4, 6)
(4, 7)
(4, 8)
(4, 9)
(4, 10)
(4, 11)
(4, 12)
(4, 13)
(4, 14)
(4, 15)
(4, 16)
(4, 17)
(3, 17)
(2, 17)
(1, 17)
(1, 18)
(1, 19)
(2, 19)
(3, 19)
kaikki ok
Reitin pituus: 13
(2, 5)
(3, 5)
(4, 5)
(4, 6)
(4, 7)
(4, 8)
(4, 9)
(5, 9)
(6, 9)
(6, 8)
(6, 7)
(7, 7)
(8, 7)
(9, 7)
kaikki ok
Reitin pituus: 13
(14, 4)
(14, 3)
(13, 3)
(12, 3)
(12, 4)
(12, 5)
(11, 5)
(10, 5)
(10, 6)
(10, 7)
(9, 7)
(9, 8)
(9, 9)
(8, 9)
kaikki ok
Reitin pituus: 29
(15, 19)
(14, 19)
(13, 19)
(12, 19)
(11, 19)
(10, 19)
(9, 19)
(8, 19)
(8, 18)
(8, 17)
(7, 17)
(6, 17)
(6, 16)
(6, 15)
(5, 15)
(4, 15)
(4, 14)
(4, 13)
(4, 12)
(4, 11)
(4, 10)
(4, 9)
(4, 8)
(4, 7)
(4, 6)
(4, 5)
(4, 4)
(4, 3)
(5, 3)
(6, 3)
kaikki ok
Reitin pituus: 8
(5, 9)
(4, 9)
(4, 8)
(4, 7)
(4, 6)
(4, 5)
(4, 4)
(4, 3)
(5, 3)
kaikki ok
Reitin pituus: 24
(8, 14)
(8, 15)
(9, 15)
(10, 15)
(10, 14)
(10, 13)
(11, 13)
(12, 13)
(13, 13)
(14, 13)
(14, 12)
(14, 11)
(14, 10)
(14, 9)
(14, 8)
(14, 7)
(14, 6)
(14, 5)
(14, 4)
(14, 3)
(14, 2)
(14, 1)
(13, 1)
(12, 1)
(11, 1)
kaikki ok
Reitin pituus: 14
(4, 7)
(4, 8)
(4, 9)
(5, 9)
(6, 9)
(6, 10)
(6, 11)
(7, 11)
(8, 11)
(9, 11)
(10, 11)
(11, 11)
(12, 11)
(12, 12)
(12, 13)
kaikki ok
Reitin pituus: 22
(7, 15)
(8, 15)
(9, 15)
(10, 15)
(11, 15)
(12, 15)
(13, 15)
(14, 15)
(14, 14)
(14, 13)
(14, 12)
(14, 11)
(14, 10)
(14, 9)
(14, 8)
(14, 7)
(14, 6)
(14, 5)
(14, 4)
(14, 3)
(15, 3)
(16, 3)
(17, 3)
kaikki ok
Reitin pituus: 10
(6, 5)
(6, 4)
(6, 3)
(7, 3)
(8, 3)
(9, 3)
(10, 3)
(11, 3)
(12, 3)
(13, 3)
(14, 3)
kaikki ok
Reitin pituus: 15
(8, 7)
(9, 7)
(10, 7)
(11, 7)
(12, 7)
(12, 8)
(12, 9)
(12, 10)
(12, 11)
(12, 12)
(12, 13)
(13, 13)
(14, 13)
(14, 14)
(14, 15)
(13, 15)
kaikki ok
Reitin pituus: 22
(12, 15)
(11, 15)
(10, 15)
(9, 15)
(8, 15)
(7, 15)
(6, 15)
(5, 15)
(4, 15)
(4, 14)
(4, 13)
(4, 12)
(4, 11)
(4, 10)
(4, 9)
(4, 8)
(4, 7)
(4, 6)
(4, 5)
(4, 4)
(4, 3)
(4, 2)
(4, 1)
kaikki ok
Reitin pituus: 13
(10, 18)
(10, 17)
(11, 17)
(12, 17)
(12, 16)
(12, 15)
(11, 15)
(10, 15)
(10, 14)
(10, 13)
(11, 13)
(12, 13)
(12, 12)
(12, 11)
kaikki ok
Reitin pituus: 14
(6, 7)
(6, 8)
(6, 9)
(5, 9)
(4, 9)
(4, 8)
(4, 7)
(4, 6)
(4, 5)
(4, 4)
(4, 3)
(4, 2)
(4, 1)
(3, 1)
(2, 1)
kaikki ok
Reitin pituus: 26
(17, 4)
(17, 5)
(16, 5)
(15, 5)
(14, 5)
(14, 6)
(14, 7)
(14, 8)
(14, 9)
(14, 10)
(14, 11)
(14, 12)
(14, 13)
(14, 14)
(14, 15)
(13, 15)
(12, 15)
(12, 16)
(12, 17)
(11, 17)
(10, 17)
(10, 18)
(10, 19)
(9, 19)
(8, 19)
(7, 19)
(6, 19)
kaikki ok
Reitin pituus: 8
(12, 11)
(12, 10)
(12, 9)
(13, 9)
(14, 9)
(14, 8)
(14, 7)
(14, 6)
(14, 5)
kaikki ok
Reitin pituus: 3
(14, 9)
(13, 9)
(12, 9)
(12, 10)
kaikki ok
Reitin pituus: 6
(12, 10)
(12, 11)
(12, 12)
(12, 13)
(13, 13)
(14, 13)
(15, 13)
kaikki ok
Reitin pituus: 17
(17, 18)
(17, 17)
(16, 17)
(15, 17)
(14, 17)
(14, 16)
(14, 15)
(13, 15)
(12, 15)
(11, 15)
(10, 15)
(9, 15)
(8, 15)
(7, 15)
(6, 15)
(5, 15)
(4, 15)
(4, 14)
kaikki ok
Reitin pituus: 7
(16, 19)
(17, 19)
(17, 18)
(17, 17)
(16, 17)
(15, 17)
(14, 17)
(14, 16)
kaikki ok
Reitin pituus: 24
(13, 3)
(12, 3)
(12, 4)
(12, 5)
(11, 5)
(10, 5)
(10, 6)
(10, 7)
(9, 7)
(8, 7)
(7, 7)
(6, 7)
(6, 8)
(6, 9)
(6, 10)
(6, 11)
(6, 12)
(6, 13)
(5, 13)
(4, 13)
(4, 14)
(4, 15)
(4, 16)
(4, 17)
(3, 17)
kaikki ok
Reitin pituus: 8
(6, 17)
(6, 16)
(6, 15)
(7, 15)
(8, 15)
(9, 15)
(10, 15)
(10, 14)
(10, 13)
kaikki ok
Reitin pituus: 10
(10, 13)
(10, 14)
(10, 15)
(9, 15)
(8, 15)
(8, 14)
(8, 13)
(7, 13)
(6, 13)
(5, 13)
(4, 13)
kaikki ok
Reitin pituus: 22
(14, 5)
(14, 6)
(14, 7)
(14, 8)
(14, 9)
(13, 9)
(12, 9)
(12, 10)
(12, 11)
(11, 11)
(10, 11)
(9, 11)
(8, 11)
(7, 11)
(6, 11)
(6, 12)
(6, 13)
(5, 13)
(4, 13)
(4, 14)
(4, 15)
(4, 16)
(4, 17)
kaikki ok
Reitin pituus: 11
(4, 9)
(4, 8)
(4, 7)
(4, 6)
(4, 5)
(4, 4)
(4, 3)
(4, 2)
(4, 1)
(5, 1)
(6, 1)
(7, 1)
kaikki ok
Reitin pituus: 15
(3, 3)
(4, 3)
(4, 4)
(4, 5)
(4, 6)
(4, 7)
(4, 8)
(4, 9)
(4, 10)
(4, 11)
(4, 12)
(4, 13)
(5, 13)
(6, 13)
(7, 13)
(8, 13)
kaikki ok
Reitin pituus: 5
(15, 1)
(16, 1)
(17, 1)
(17, 2)
(17, 3)
(17, 4)
kaikki ok
Reitin pituus: 3
(15, 17)
(14, 17)
(14, 16)
(14, 15)
kaikki ok
Reitin pituus: 16
(7, 3)
(6, 3)
(6, 4)
(6, 5)
(7, 5)
(8, 5)
(8, 6)
(8, 7)
(9, 7)
(10, 7)
(11, 7)
(12, 7)
(12, 8)
(12, 9)
(12, 10)
(12, 11)
(11, 11)
kaikki ok
Reitin pituus: 20
(11, 15)
(10, 15)
(9, 15)
(8, 15)
(8, 14)
(8, 13)
(7, 13)
(6, 13)
(6, 12)
(6, 11)
(6, 10)
(6, 9)
(5, 9)
(4, 9)
(4, 8)
(4, 7)
(4, 6)
(4, 5)
(3, 5)
(2, 5)
(1, 5)
kaikki ok
Reitin pituus: 15
(10, 13)
(10, 14)
(10, 15)
(11, 15)
(12, 15)
(12, 16)
(12, 17)
(11, 17)
(10, 17)
(10, 18)
(10, 19)
(11, 19)
(12, 19)
(13, 19)
(14, 19)
(15, 19)
kaikki ok
Reitin pituus: 0
(11, 13)
kaikki ok
Reitin pituus: 12
(2, 3)
(3, 3)
(4, 3)
(5, 3)
(6, 3)
(7, 3)
(8, 3)
(9, 3)
(10, 3)
(11, 3)
(12, 3)
(12, 4)
(12, 5)
kaikki ok
Reitin pituus: 10
(15, 13)
(14, 13)
(14, 14)
(14, 15)
(13, 15)
(12, 15)
(11, 15)
(10, 15)
(9, 15)
(8, 15)
(7, 15)
kaikki ok
Reitin pituus: 19
(2, 17)
(3, 17)
(4, 17)
(4, 16)
(4, 15)
(4, 14)
(4, 13)
(4, 12)
(4, 11)
(4, 10)
(4, 9)
(5, 9)
(6, 9)
(6, 8)
(6, 7)
(7, 7)
(8, 7)
(9, 7)
(10, 7)
(11, 7)
kaikki ok
Reitin pituus: 24
(14, 2)
(14, 3)
(13, 3)
(12, 3)
(12, 4)
(12, 5)
(11, 5)
(10, 5)
(10, 6)
(10, 7)
(9, 7)
(8, 7)
(7, 7)
(6, 7)
(6, 8)
(6, 9)
(6, 10)
(6, 11)
(6, 12)
(6, 13)
(5, 13)
(4, 13)
(4, 14)
(4, 15)
(4, 16)
kaikki ok
Reitin pituus: 7
(6, 15)
(6, 16)
(6, 17)
(7, 17)
(8, 17)
(8, 18)
(8, 19)
(9, 19)
kaikki ok
Reitin pituus: 8
(5, 9)
(4, 9)
(4, 8)
(4, 7)
(4, 6)
(4, 5)
(4, 4)
(4, 3)
(3, 3)
kaikki ok
Reitin pituus: 7
(14, 12)
(14, 11)
(14, 10)
(14, 9)
(14, 8)
(14, 7)
(14, 6)
(14, 5)
kaikki ok
Reitin pituus: 13
(9, 9)
(9, 8)
(9, 7)
(8, 7)
(8, 6)
(8, 5)
(7, 5)
(6, 5)
(6, 4)
(6, 3)
(5, 3)
(4, 3)
(4, 2)
(4, 1)
kaikki ok
Reitin pituus: 17
(16, 1)
(15, 1)
(14, 1)
(13, 1)
(12, 1)
(11, 1)
(10, 1)
(10, 2)
(10, 3)
(9, 3)
(8, 3)
(7, 3)
(6, 3)
(5, 3)
(4, 3)
(3, 3)
(2, 3)
(1, 3)
kaikki ok
Reitin pituus: 21
(9, 8)
(9, 7)
(8, 7)
(7, 7)
(6, 7)
(6, 8)
(6, 9)
(5, 9)
(4, 9)
(4, 10)
(4, 11)
(4, 12)
(4, 13)
(4, 14)
(4, 15)
(4, 16)
(4, 17)
(3, 17)
(2, 17)
(1, 17)
(1, 18)
(1, 19)
kaikki ok
Reitin pituus: 6
(14, 9)
(14, 8)
(14, 7)
(14, 6)
(14, 5)
(15, 5)
(16, 5)
kaikki ok
Reitin pituus: 16
(4, 6)
(4, 7)
(4, 8)
(4, 9)
(5, 9)
(6, 9)
(6, 10)
(6, 11)
(7, 11)
(8, 11)
(9, 11)
(10, 11)
(11, 11)
(12, 11)
(12, 12)
(12, 13)
(11, 13)
kaikki ok
Reitin pituus: 20
(3, 19)
(2, 19)
(1, 19)
(1, 18)
(1, 17)
(2, 17)
(3, 17)
(4, 17)
(4, 16)
(4, 15)
(4, 14)
(4, 13)
(4, 12)
(4, 11)
(4, 10)
(4, 9)
(4, 8)
(4, 7)
(4, 6)
(4, 5)
(3, 5)
kaikki ok
Reitin pituus: 12
(7, 11)
(6, 11)
(6, 10)
(6, 9)
(5, 9)
(4, 9)
(4, 8)
(4, 7)
(4, 6)
(4, 5)
(4, 4)
(4, 3)
(5, 3)
kaikki ok
Reitin pituus: 9
(10, 11)
(9, 11)
(8, 11)
(7, 11)
(6, 11)
(6, 12)
(6, 13)
(5, 13)
(4, 13)
(4, 14)
kaikki ok
Reitin pituus: 17
(7, 11)
(8, 11)
(9, 11)
(10, 11)
(11, 11)
(12, 11)
(12, 10)
(12, 9)
(13, 9)
(14, 9)
(14, 8)
(14, 7)
(14, 6)
(14, 5)
(14, 4)
(14, 3)
(15, 3)
(16, 3)
kaikki ok
Reitin pituus: 23
(3, 3)
(4, 3)
(4, 4)
(4, 5)
(4, 6)
(4, 7)
(4, 8)
(4, 9)
(4, 10)
(4, 11)
(4, 12)
(4, 13)
(4, 14)
(4, 15)
(5, 15)
(6, 15)
(6, 16)
(6, 17)
(7, 17)
(8, 17)
(8, 18)
(8, 19)
(9, 19)
(10, 19)
kaikki ok
Reitin pituus: 9
(6, 8)
(6, 7)
(7, 7)
(8, 7)
(8, 6)
(8, 5)
(7, 5)
(6, 5)
(6, 4)
(6, 3)
kaikki ok
Reitin pituus: 15
(12, 17)
(12, 16)
(12, 15)
(13, 15)
(14, 15)
(14, 14)
(14, 13)
(14, 12)
(14, 11)
(14, 10)
(14, 9)
(14, 8)
(14, 7)
(14, 6)
(14, 5)
(14, 4)
kaikki ok
Reitin pituus: 4
(10, 15)
(11, 15)
(12, 15)
(12, 16)
(12, 17)
kaikki ok
Reitin pituus: 29
(5, 19)
(6, 19)
(7, 19)
(8, 19)
(9, 19)
(10, 19)
(10, 18)
(10, 17)
(11, 17)
(12, 17)
(12, 16)
(12, 15)
(13, 15)
(14, 15)
(14, 14)
(14, 13)
(14, 12)
(14, 11)
(14, 10)
(14, 9)
(14, 8)
(14, 7)
(14, 6)
(14, 5)
(15, 5)
(16, 5)
(17, 5)
(17, 4)
(17, 3)
(17, 2)
kaikki ok
Reitin pituus: 21
(16, 17)
(15, 17)
(14, 17)
(14, 16)
(14, 15)
(14, 14)
(14, 13)
(14, 12)
(14, 11)
(14, 10)
(14, 9)
(14, 8)
(14, 7)
(14, 6)
(14, 5)
(14, 4)
(14, 3)
(13, 3)
(12, 3)
(11, 3)
(10, 3)
(9, 3)
kaikki ok
Reitin pituus: 23
(10, 19)
(9, 19)
(8, 19)
(8, 18)
(8, 17)
(7, 17)
(6, 17)
(6, 16)
(6, 15)
(5, 15)
(4, 15)
(4, 14)
(4, 13)
(4, 12)
(4, 11)
(4, 10)
(4, 9)
(4, 8)
(4, 7)
(4, 6)
(4, 5)
(4, 4)
(4, 3)
(3, 3)
kaikki ok
Reitin pituus: 18
(8, 6)
(8, 7)
(7, 7)
(6, 7)
(6, 8)
(6, 9)
(6, 10)
(6, 11)
(6, 12)
(6, 13)
(7, 13)
(8, 13)
(8, 14)
(8, 15)
(7, 15)
(6, 15)
(6, 16)
(6, 17)
(7, 17)
kaikki ok
Reitin pituus: 7
(12, 10)
(12, 9)
(12, 8)
(12, 7)
(11, 7)
(10, 7)
(9, 7)
(9, 8)
kaikki ok
Reitin pituus: 3
(5, 15)
(4, 15)
(4, 14)
(4, 13)
kaikki ok
Reitin pituus: 9
(11, 7)
(10, 7)
(9, 7)
(8, 7)
(8, 6)
(8, 5)
(7, 5)
(6, 5)
(6, 4)
(6, 3)
kaikki ok
Reitin pituus: 11
(12, 4)
(12, 5)
(11, 5)
(10, 5)
(10, 6)
(10, 7)
(11, 7)
(12, 7)
(12, 8)
(12, 9)
(12, 10)
(12, 11)
kaikki ok
Reitin pituus: 13
(3, 3)
(4, 3)
(4, 4)
(4, 5)
(4, 6)
(4, 7)
(4, 8)
(4, 9)
(5, 9)
(6, 9)
(6, 10)
(6, 11)
(7, 11)
(8, 11)
kaikki ok
Reitin pituus: 4
(6, 1)
(7, 1)
(8, 1)
(8, 2)
(8, 3)
kaikki ok
Reitin pituus: 1
(3, 19)
(2, 19)
kaikki ok
Reitin pituus: 14
(4, 9)
(5, 9)
(6, 9)
(6, 8)
(6, 7)
(7, 7)
(8, 7)
(9, 7)
(10, 7)
(10, 6)
(10, 5)
(11, 5)
(12, 5)
(12, 4)
(12, 3)
kaikki ok
Reitin pituus: 14
(1, 1)
(1, 2)
(1, 3)
(2, 3)
(3, 3)
(4, 3)
(5, 3)
(6, 3)
(6, 4)
(6, 5)
(7, 5)
(8, 5)
(8, 6)
(8, 7)
(9, 7)
kaikki ok
Reitin pituus: 19
(16, 5)
(15, 5)
(14, 5)
(14, 4)
(14, 3)
(13, 3)
(12, 3)
(11, 3)
(10, 3)
(9, 3)
(8, 3)
(7, 3)
(6, 3)
(5, 3)
(4, 3)
(3, 3)
(2, 3)
(1, 3)
(1, 4)
(1, 5)
kaikki ok
Reitin pituus: 23
(10, 19)
(10, 18)
(10, 17)
(11, 17)
(12, 17)
(12, 16)
(12, 15)
(13, 15)
(14, 15)
(14, 14)
(14, 13)
(14, 12)
(14, 11)
(14, 10)
(14, 9)
(13, 9)
(12, 9)
(12, 8)
(12, 7)
(11, 7)
(10, 7)
(10, 6)
(10, 5)
(11, 5)
kaikki ok
Reitin pituus: 0
(10, 2)
kaikki ok
Reitin pituus: 23
(1, 2)
(1, 3)
(1, 4)
(1, 5)
(2, 5)
(3, 5)
(4, 5)
(4, 6)
(4, 7)
(4, 8)
(4, 9)
(4, 10)
(4, 11)
(4, 12)
(4, 13)
(4, 14)
(4, 15)
(5, 15)
(6, 15)
(6, 16)
(6, 17)
(7, 17)
(8, 17)
(8, 18)
kaikki ok
Reitin pituus: 27
(4, 2)
(4, 3)
(5, 3)
(6, 3)
(6, 4)
(6, 5)
(7, 5)
(8, 5)
(8, 6)
(8, 7)
(9, 7)
(10, 7)
(11, 7)
(12, 7)
(12, 8)
(12, 9)
(12, 10)
(12, 11)
(12, 12)
(12, 13)
(13, 13)
(14, 13)
(14, 14)
(14, 15)
(14, 16)
(14, 17)
(15, 17)
(16, 17)
kaikki ok
Reitin pituus: 23
(1, 17)
(2, 17)
(3, 17)
(4, 17)
(4, 16)
(4, 15)
(4, 14)
(4, 13)
(4, 12)
(4, 11)
(4, 10)
(4, 9)
(4, 8)
(4, 7)
(4, 6)
(4, 5)
(4, 4)
(4, 3)
(5, 3)
(6, 3)
(7, 3)
(8, 3)
(9, 3)
(10, 3)
kaikki ok
Reitin pituus: 6
(13, 13)
(12, 13)
(11, 13)
(10, 13)
(10, 14)
(10, 15)
(9, 15)
kaikki ok
Reitin pituus: 19
(4, 17)
(4, 16)
(4, 15)
(4, 14)
(4, 13)
(4, 12)
(4, 11)
(4, 10)
(4, 9)
(4, 8)
(4, 7)
(4, 6)
(4, 5)
(4, 4)
(4, 3)
(5, 3)
(6, 3)
(7, 3)
(8, 3)
(9, 3)
kaikki ok
Reitin pituus: 16
(6, 12)
(6, 11)
(6, 10)
(6, 9)
(6, 8)
(6, 7)
(7, 7)
(8, 7)
(9, 7)
(10, 7)
(10, 6)
(10, 5)
(11, 5)
(12, 5)
(12, 4)
(12, 3)
(11, 3)
kaikki ok
Reitin pituus: 10
(3, 19)
(4, 19)
(5, 19)
(6, 19)
(7, 19)
(8, 19)
(9, 19)
(10, 19)
(11, 19)
(12, 19)
(13, 19)
kaikki ok
Reitin pituus: 6
(7, 17)
(8, 17)
(8, 18)
(8, 19)
(7, 19)
(6, 19)
(5, 19)
kaikki ok
Reitin pituus: 2
(9, 11)
(10, 11)
(11, 11)
kaikki ok
Reitin pituus: 6
(2, 17)
(2, 16)
(2, 15)
(1, 15)
(1, 14)
(1, 13)
(2, 13)
kaikki ok
Reitin pituus: 5
(10, 3)
(9, 3)
(8, 3)
(7, 3)
(6, 3)
(6, 4)
kaikki ok
Reitin pituus: 21
(17, 2)
(17, 3)
(17, 4)
(17, 5)
(16, 5)
(15, 5)
(14, 5)
(14, 6)
(14, 7)
(14, 8)
(14, 9)
(14, 10)
(14, 11)
(14, 12)
(14, 13)
(14, 14)
(14, 15)
(14, 16)
(14, 17)
(15, 17)
(16, 17)
(17, 17)
kaikki ok
Reitin pituus: 11
(4, 13)
(5, 13)
(6, 13)
(6, 12)
(6, 11)
(7, 11)
(8, 11)
(9, 11)
(10, 11)
(11, 11)
(12, 11)
(12, 10)
kaikki ok
Reitin pituus: 3
(4, 16)
(4, 17)
(3, 17)
(2, 17)
kaikki ok
Reitin pituus: 9
(14, 16)
(14, 15)
(13, 15)
(12, 15)
(11, 15)
(10, 15)
(9, 15)
(8, 15)
(7, 15)
(6, 15)
kaikki ok
Reitin pituus: 11
(11, 15)
(10, 15)
(10, 14)
(10, 13)
(11, 13)
(12, 13)
(12, 12)
(12, 11)
(12, 10)
(12, 9)
(12, 8)
(12, 7)
kaikki ok
Reitin pituus: 16
(2, 13)
(3, 13)
(4, 13)
(4, 12)
(4, 11)
(4, 10)
(4, 9)
(4, 8)
(4, 7)
(4, 6)
(4, 5)
(4, 4)
(4, 3)
(5, 3)
(6, 3)
(7, 3)
(8, 3)
kaikki ok
Reitin pituus: 13
(17, 2)
(17, 3)
(17, 4)
(17, 5)
(16, 5)
(15, 5)
(14, 5)
(14, 6)
(14, 7)
(14, 8)
(14, 9)
(13, 9)
(12, 9)
(12, 10)
kaikki ok
Reitin pituus: 18
(12, 17)
(12, 16)
(12, 15)
(13, 15)
(14, 15)
(14, 14)
(14, 13)
(14, 12)
(14, 11)
(14, 10)
(14, 9)
(14, 8)
(14, 7)
(14, 6)
(14, 5)
(14, 4)
(14, 3)
(13, 3)
(12, 3)
kaikki ok
Reitin pituus: 10
(12, 4)
(12, 3)
(11, 3)
(10, 3)
(9, 3)
(8, 3)
(7, 3)
(6, 3)
(5, 3)
(4, 3)
(4, 2)
kaikki ok
Reitin pituus: 8
(1, 15)
(1, 14)
(1, 13)
(2, 13)
(3, 13)
(4, 13)
(5, 13)
(6, 13)
(6, 12)
kaikki ok
Reitin pituus: 21
(10, 3)
(11, 3)
(12, 3)
(13, 3)
(14, 3)
(14, 4)
(14, 5)
(14, 6)
(14, 7)
(14, 8)
(14, 9)
(14, 10)
(14, 11)
(14, 12)
(14, 13)
(14, 14)
(14, 15)
(13, 15)
(12, 15)
(12, 16)
(12, 17)
(11, 17)
kaikki ok
Reitin pituus: 30
(17, 1)
(17, 2)
(17, 3)
(16, 3)
(15, 3)
(14, 3)
(13, 3)
(12, 3)
(12, 4)
(12, 5)
(11, 5)
(10, 5)
(10, 6)
(10, 7)
(9, 7)
(8, 7)
(7, 7)
(6, 7)
(6, 8)
(6, 9)
(6, 10)
(6, 11)
(6, 12)
(6, 13)
(5, 13)
(4, 13)
(3, 13)
(2, 13)
(1, 13)
(1, 14)
(1, 15)
kaikki ok
Reitin pituus: 15
(14, 1)
(14, 2)
(14, 3)
(14, 4)
(14, 5)
(14, 6)
(14, 7)
(14, 8)
(14, 9)
(13, 9)
(12, 9)
(12, 10)
(12, 11)
(12, 12)
(12, 13)
(11, 13)
kaikki ok
Reitin pituus: 21
(14, 1)
(14, 2)
(14, 3)
(13, 3)
(12, 3)
(12, 4)
(12, 5)
(11, 5)
(10, 5)
(10, 6)
(10, 7)
(9, 7)
(8, 7)
(7, 7)
(6, 7)
(6, 8)
(6, 9)
(6, 10)
(6, 11)
(6, 12)
(6, 13)
(7, 13)
kaikki ok
Reitin pituus: 23
(2, 19)
(1, 19)
(1, 18)
(1, 17)
(2, 17)
(3, 17)
(4, 17)
(4, 16)
(4, 15)
(4, 14)
(4, 13)
(4, 12)
(4, 11)
(4, 10)
(4, 9)
(4, 8)
(4, 7)
(4, 6)
(4, 5)
(4, 4)
(4, 3)
(4, 2)
(4, 1)
(3, 1)
kaikki ok
Reitin pituus: 12
(14, 6)
(14, 7)
(14, 8)
(14, 9)
(13, 9)
(12, 9)
(12, 8)
(12, 7)
(11, 7)
(10, 7)
(9, 7)
(8, 7)
(7, 7)
kaikki ok
Reitin pituus: 12
(6, 13)
(6, 12)
(6, 11)
(6, 10)
(6, 9)
(6, 8)
(6, 7)
(7, 7)
(8, 7)
(9, 7)
(10, 7)
(10, 6)
(10, 5)
kaikki ok
Reitin pituus: 5
(16, 15)
(16, 16)
(16, 17)
(17, 17)
(17, 18)
(17, 19)
kaikki ok
Reitin pituus: 10
(12, 9)
(12, 10)
(12, 11)
(12, 12)
(12, 13)
(11, 13)
(10, 13)
(10, 14)
(10, 15)
(9, 15)
(8, 15)
kaikki ok
Reitin pituus: 8
(8, 3)
(9, 3)
(10, 3)
(11, 3)
(12, 3)
(12, 4)
(12, 5)
(11, 5)
(10, 5)
kaikki ok
Reitin pituus: 18
(15, 5)
(14, 5)
(14, 4)
(14, 3)
(13, 3)
(12, 3)
(11, 3)
(10, 3)
(9, 3)
(8, 3)
(7, 3)
(6, 3)
(5, 3)
(4, 3)
(3, 3)
(2, 3)
(1, 3)
(1, 2)
(1, 1)
kaikki ok
Reitin pituus: 11
(6, 13)
(5, 13)
(4, 13)
(4, 12)
(4, 11)
(4, 10)
(4, 9)
(4, 8)
(4, 7)
(4, 6)
(4, 5)
(3, 5)
kaikki ok
Reitin pituus: 14
(17, 18)
(17, 17)
(16, 17)
(15, 17)
(14, 17)
(14, 16)
(14, 15)
(14, 14)
(14, 13)
(13, 13)
(12, 13)
(12, 12)
(12, 11)
(12, 10)
(12, 9)
kaikki ok
Reitin pituus: 8
(6, 1)
(7, 1)
(8, 1)
(8, 2)
(8, 3)
(9, 3)
(10, 3)
(11, 3)
(12, 3)
kaikki ok
Reitin pituus: 0
(6, 12)
kaikki ok
Reitin pituus: 25
(6, 17)
(6, 16)
(6, 15)
(7, 15)
(8, 15)
(9, 15)
(10, 15)
(10, 14)
(10, 13)
(11, 13)
(12, 13)
(12, 12)
(12, 11)
(12, 10)
(12, 9)
(13, 9)
(14, 9)
(14, 8)
(14, 7)
(14, 6)
(14, 5)
(14, 4)
(14, 3)
(14, 2)
(14, 1)
(15, 1)
kaikki ok
Reitin pituus: 24
(6, 4)
(6, 3)
(5, 3)
(4, 3)
(4, 4)
(4, 5)
(4, 6)
(4, 7)
(4, 8)
(4, 9)
(4, 10)
(4, 11)
(4, 12)
(4, 13)
(4, 14)
(4, 15)
(4, 16)
(4, 17)
(3, 17)
(2, 17)
(1, 17)
(1, 18)
(1, 19)
(2, 19)
(3, 19)
kaikki ok
Reitin pituus: 16
(12, 8)
(12, 9)
(12, 10)
(12, 11)
(12, 12)
(12, 13)
(11, 13)
(10, 13)
(10, 14)
(10, 15)
(9, 15)
(8, 15)
(7, 15)
(6, 15)
(6, 16)
(6, 17)
(7, 17)
kaikki ok
Reitin pituus: 12
(11, 13)
(10, 13)
(10, 14)
(10, 15)
(11, 15)
(12, 15)
(12, 16)
(12, 17)
(11, 17)
(10, 17)
(10, 18)
(10, 19)
(11, 19)
kaikki ok
Reitin pituus: 30
(16, 1)
(15, 1)
(14, 1)
(14, 2)
(14, 3)
(13, 3)
(12, 3)
(12, 4)
(12, 5)
(11, 5)
(10, 5)
(10, 6)
(10, 7)
(9, 7)
(8, 7)
(7, 7)
(6, 7)
(6, 8)
(6, 9)
(6, 10)
(6, 11)
(6, 12)
(6, 13)
(5, 13)
(4, 13)
(3, 13)
(2, 13)
(1, 13)
(1, 14)
(1, 15)
(2, 15)
kaikki ok
Reitin pituus: 9
(4, 6)
(4, 5)
(4, 4)
(4, 3)
(5, 3)
(6, 3)
(7, 3)
(8, 3)
(9, 3)
(10, 3)
kaikki ok
Reitin pituus: 12
(10, 5)
(10, 6)
(10, 7)
(9, 7)
(8, 7)
(8, 6)
(8, 5)
(7, 5)
(6, 5)
(6, 4)
(6, 3)
(5, 3)
(4, 3)
kaikki ok
Reitin pituus: 8
(11, 3)
(10, 3)
(9, 3)
(8, 3)
(7, 3)
(6, 3)
(5, 3)
(4, 3)
(3, 3)
kaikki ok
Reitin pituus: 20
(12, 4)
(12, 5)
(11, 5)
(10, 5)
(10, 6)
(10, 7)
(9, 7)
(8, 7)
(7, 7)
(6, 7)
(6, 8)
(6, 9)
(5, 9)
(4, 9)
(4, 10)
(4, 11)
(4, 12)
(4, 13)
(4, 14)
(4, 15)
(5, 15)
kaikki ok
Reitin pituus: 15
(11, 11)
(12, 11)
(12, 10)
(12, 9)
(13, 9)
(14, 9)
(14, 8)
(14, 7)
(14, 6)
(14, 5)
(14, 4)
(14, 3)
(14, 2)
(14, 1)
(15, 1)
(16, 1)
kaikki ok
Reitin pituus: 19
(17, 18)
(17, 17)
(16, 17)
(15, 17)
(14, 17)
(14, 16)
(14, 15)
(13, 15)
(12, 15)
(11, 15)
(10, 15)
(9, 15)
(8, 15)
(7, 15)
(6, 15)
(5, 15)
(4, 15)
(4, 14)
(4, 13)
(4, 12)
kaikki ok
Reitin pituus: 9
(11, 15)
(12, 15)
(12, 16)
(12, 17)
(11, 17)
(10, 17)
(10, 18)
(10, 19)
(11, 19)
(12, 19)
kaikki ok
Reitin pituus: 17
(4, 10)
(4, 9)
(5, 9)
(6, 9)
(6, 8)
(6, 7)
(7, 7)
(8, 7)
(9, 7)
(10, 7)
(11, 7)
(12, 7)
(12, 8)
(12, 9)
(13, 9)
(14, 9)
(14, 8)
(14, 7)
kaikki ok
Reitin pituus: 23
(9, 7)
(8, 7)
(7, 7)
(6, 7)
(6, 8)
(6, 9)
(5, 9)
(4, 9)
(4, 10)
(4, 11)
(4, 12)
(4, 13)
(4, 14)
(4, 15)
(4, 16)
(4, 17)
(3, 17)
(2, 17)
(1, 17)
(1, 18)
(1, 19)
(2, 19)
(3, 19)
(4, 19)
kaikki ok
Reitin pituus: 10
(12, 5)
(11, 5)
(10, 5)
(10, 6)
(10, 7)
(11, 7)
(12, 7)
(12, 8)
(12, 9)
(12, 10)
(12, 11)
kaikki ok
Reitin pituus: 16
(1, 14)
(1, 13)
(2, 13)
(3, 13)
(4, 13)
(5, 13)
(6, 13)
(6, 12)
(6, 11)
(7, 11)
(8, 11)
(9, 11)
(10, 11)
(11, 11)
(12, 11)
(12, 10)
(12, 9)
kaikki ok
Reitin pituus: 20
(2, 5)
(3, 5)
(4, 5)
(4, 6)
(4, 7)
(4, 8)
(4, 9)
(5, 9)
(6, 9)
(6, 10)
(6, 11)
(7, 11)
(8, 11)
(9, 11)
(10, 11)
(11, 11)
(12, 11)
(12, 12)
(12, 13)
(13, 13)
(14, 13)
kaikki ok
Reitin pituus: 10
(6, 15)
(5, 15)
(4, 15)
(4, 16)
(4, 17)
(3, 17)
(2, 17)
(1, 17)
(1, 18)
(1, 19)
(2, 19)
kaikki ok
Reitin pituus: 10
(9, 7)
(10, 7)
(10, 6)
(10, 5)
(11, 5)
(12, 5)
(12, 4)
(12, 3)
(13, 3)
(14, 3)
(14, 2)
kaikki ok
Reitin pituus: 14
(7, 1)
(8, 1)
(8, 2)
(8, 3)
(9, 3)
(10, 3)
(10, 2)
(10, 1)
(11, 1)
(12, 1)
(13, 1)
(14, 1)
(15, 1)
(16, 1)
(17, 1)
kaikki ok
Reitin pituus: 6
(11, 5)
(12, 5)
(12, 4)
(12, 3)
(13, 3)
(14, 3)
(14, 2)
kaikki ok
Reitin pituus: 27
(12, 1)
(11, 1)
(10, 1)
(10, 2)
(10, 3)
(9, 3)
(8, 3)
(7, 3)
(6, 3)
(5, 3)
(4, 3)
(4, 4)
(4, 5)
(4, 6)
(4, 7)
(4, 8)
(4, 9)
(4, 10)
(4, 11)
(4, 12)
(4, 13)
(4, 14)
(4, 15)
(4, 16)
(4, 17)
(3, 17)
(2, 17)
(1, 17)
kaikki ok
Reitin pituus: 10
(4, 2)
(4, 3)
(5, 3)
(6, 3)
(7, 3)
(8, 3)
(9, 3)
(10, 3)
(11, 3)
(12, 3)
(13, 3)
kaikki ok
Reitin pituus: 4
(4, 13)
(5, 13)
(6, 13)
(7, 13)
(8, 13)
kaikki ok
Reitin pituus: 11
(10, 9)
(9, 9)
(9, 8)
(9, 7)
(10, 7)
(11, 7)
(12, 7)
(12, 8)
(12, 9)
(12, 10)
(12, 11)
(12, 12)
kaikki ok
Reitin pituus: 12
(4, 12)
(4, 11)
(4, 10)
(4, 9)
(4, 8)
(4, 7)
(4, 6)
(4, 5)
(4, 4)
(4, 3)
(5, 3)
(6, 3)
(7, 3)
kaikki ok
Reitin pituus: 20
(13, 13)
(14, 13)
(14, 12)
(14, 11)
(14, 10)
(14, 9)
(14, 8)
(14, 7)
(14, 6)
(14, 5)
(14, 4)
(14, 3)
(13, 3)
(12, 3)
(11, 3)
(10, 3)
(9, 3)
(8, 3)
(8, 2)
(8, 1)
(7, 1)
kaikki ok
Reitin pituus: 8
(8, 11)
(7, 11)
(6, 11)
(6, 10)
(6, 9)
(5, 9)
(4, 9)
(4, 8)
(4, 7)
kaikki ok
Reitin pituus: 10
(9, 8)
(9, 7)
(8, 7)
(7, 7)
(6, 7)
(6, 8)
(6, 9)
(5, 9)
(4, 9)
(4, 10)
(4, 11)
kaikki ok
Reitin pituus: 11
(5, 3)
(4, 3)
(4, 4)
(4, 5)
(4, 6)
(4, 7)
(4, 8)
(4, 9)
(5, 9)
(6, 9)
(6, 10)
(6, 11)
kaikki ok
Reitin pituus: 8
(10, 7)
(11, 7)
(12, 7)
(12, 8)
(12, 9)
(13, 9)
(14, 9)
(14, 8)
(14, 7)
kaikki ok
Reitin pituus: 6
(10, 15)
(11, 15)
(12, 15)
(13, 15)
(14, 15)
(14, 16)
(14, 17)
kaikki ok
Reitin pituus: 13
(14, 13)
(14, 12)
(14, 11)
(14, 10)
(14, 9)
(14, 8)
(14, 7)
(14, 6)
(14, 5)
(14, 4)
(14, 3)
(14, 2)
(14, 1)
(13, 1)
kaikki ok
Reitin pituus: 11
(4, 13)
(4, 12)
(4, 11)
(4, 10)
(4, 9)
(4, 8)
(4, 7)
(4, 6)
(4, 5)
(4, 4)
(4, 3)
(5, 3)
kaikki ok
Reitin pituus: 13
(12, 1)
(11, 1)
(10, 1)
(10, 2)
(10, 3)
(11, 3)
(12, 3)
(12, 4)
(12, 5)
(11, 5)
(10, 5)
(10, 6)
(10, 7)
(9, 7)
kaikki ok
Reitin pituus: 14
(11, 1)
(10, 1)
(10, 2)
(10, 3)
(9, 3)
(8, 3)
(7, 3)
(6, 3)
(5, 3)
(4, 3)
(4, 2)
(4, 1)
(3, 1)
(2, 1)
(1, 1)
kaikki ok
Reitin pituus: 10
(15, 3)
(14, 3)
(13, 3)
(12, 3)
(12, 4)
(12, 5)
(11, 5)
(10, 5)
(10, 6)
(10, 7)
(9, 7)
kaikki ok
Reitin pituus: 5
(4, 6)
(4, 7)
(4, 8)
(4, 9)
(4, 10)
(4, 11)
kaikki ok
Reitin pituus: 18
(4, 14)
(4, 13)
(4, 12)
(4, 11)
(4, 10)
(4, 9)
(5, 9)
(6, 9)
(6, 8)
(6, 7)
(7, 7)
(8, 7)
(9, 7)
(10, 7)
(10, 6)
(10, 5)
(11, 5)
(12, 5)
(12, 4)
kaikki ok
Reitin pituus: 20
(4, 12)
(4, 13)
(4, 14)
(4, 15)
(5, 15)
(6, 15)
(6, 16)
(6, 17)
(7, 17)
(8, 17)
(8, 18)
(8, 19)
(9, 19)
(10, 19)
(11, 19)
(12, 19)
(13, 19)
(14, 19)
(15, 19)
(16, 19)
(17, 19)
kaikki ok
Reitin pituus: 28
(7, 19)
(8, 19)
(9, 19)
(10, 19)
(10, 18)
(10, 17)
(11, 17)
(12, 17)
(12, 16)
(12, 15)
(13, 15)
(14, 15)
(14, 14)
(14, 13)
(14, 12)
(14, 11)
(14, 10)
(14, 9)
(14, 8)
(14, 7)
(14, 6)
(14, 5)
(15, 5)
(16, 5)
(17, 5)
(17, 4)
(17, 3)
(17, 2)
(17, 1)
kaikki ok
Reitin pituus: 13
(5, 19)
(6, 19)
(7, 19)
(8, 19)
(8, 18)
(8, 17)
(7, 17)
(6, 17)
(6, 16)
(6, 15)
(7, 15)
(8, 15)
(8, 14)
(8, 13)
kaikki ok
Reitin pituus: 12
(17, 15)
(16, 15)
(16, 16)
(16, 17)
(17, 17)
(17, 18)
(17, 19)
(16, 19)
(15, 19)
(14, 19)
(13, 19)
(12, 19)
(11, 19)
kaikki ok
Reitin pituus: 19
(5, 19)
(6, 19)
(7, 19)
(8, 19)
(9, 19)
(10, 19)
(10, 18)
(10, 17)
(11, 17)
(12, 17)
(12, 16)
(12, 15)
(13, 15)
(14, 15)
(14, 14)
(14, 13)
(14, 12)
(14, 11)
(14, 10)
(14, 9)
kaikki ok
Reitin pituus: 17
(5, 1)
(4, 1)
(4, 2)
(4, 3)
(4, 4)
(4, 5)
(4, 6)
(4, 7)
(4, 8)
(4, 9)
(4, 10)
(4, 11)
(4, 12)
(4, 13)
(3, 13)
(2, 13)
(1, 13)
(1, 14)
kaikki ok
Reitin pituus: 13
(17, 18)
(17, 17)
(16, 17)
(15, 17)
(14, 17)
(14, 16)
(14, 15)
(14, 14)
(14, 13)
(14, 12)
(14, 11)
(14, 10)
(14, 9)
(14, 8)
kaikki ok
Reitin pituus: 9
(8, 19)
(9, 19)
(10, 19)
(10, 18)
(10, 17)
(11, 17)
(12, 17)
(12, 16)
(12, 15)
(13, 15)
kaikki ok
Reitin pituus: 17
(2, 13)
(3, 13)
(4, 13)
(4, 14)
(4, 15)
(5, 15)
(6, 15)
(7, 15)
(8, 15)
(9, 15)
(10, 15)
(11, 15)
(12, 15)
(13, 15)
(14, 15)
(14, 14)
(14, 13)
(14, 12)
kaikki ok
Reitin pituus: 11
(10, 15)
(11, 15)
(12, 15)
(12, 16)
(12, 17)
(11, 17)
(10, 17)
(10, 18)
(10, 19)
(11, 19)
(12, 19)
(13, 19)
kaikki ok
Reitin pituus: 18
(8, 1)
(8, 2)
(8, 3)
(9, 3)
(10, 3)
(11, 3)
(12, 3)
(13, 3)
(14, 3)
(14, 4)
(14, 5)
(14, 6)
(14, 7)
(14, 8)
(14, 9)
(13, 9)
(12, 9)
(12, 10)
(12, 11)
kaikki ok
Reitin pituus: 15
(2, 19)
(3, 19)
(4, 19)
(5, 19)
(6, 19)
(7, 19)
(8, 19)
(9, 19)
(10, 19)
(10, 18)
(10, 17)
(11, 17)
(12, 17)
(12, 16)
(12, 15)
(13, 15)
kaikki ok
Reitin pituus: 15
(6, 12)
(6, 11)
(6, 10)
(6, 9)
(5, 9)
(4, 9)
(4, 8)
(4, 7)
(4, 6)
(4, 5)
(4, 4)
(4, 3)
(4, 2)
(4, 1)
(5, 1)
(6, 1)
kaikki ok
Reitin pituus: 23
(6, 3)
(6, 4)
(6, 5)
(7, 5)
(8, 5)
(8, 6)
(8, 7)
(9, 7)
(10, 7)
(11, 7)
(12, 7)
(12, 8)
(12, 9)
(13, 9)
(14, 9)
(14, 10)
(14, 11)
(14, 12)
(14, 13)
(15, 13)
(16, 13)
(17, 13)
(17, 14)
(17, 15)
kaikki ok
Reitin pituus: 24
(9, 9)
(9, 8)
(9, 7)
(10, 7)
(11, 7)
(12, 7)
(12, 8)
(12, 9)
(12, 10)
(12, 11)
(12, 12)
(12, 13)
(11, 13)
(10, 13)
(10, 14)
(10, 15)
(11, 15)
(12, 15)
(12, 16)
(12, 17)
(11, 17)
(10, 17)
(10, 18)
(10, 19)
(11, 19)
kaikki ok
Reitin pituus: 6
(4, 6)
(4, 5)
(4, 4)
(4, 3)
(3, 3)
(2, 3)
(1, 3)
kaikki ok
Reitin pituus: 9
(4, 1)
(4, 2)
(4, 3)
(5, 3)
(6, 3)
(6, 4)
(6, 5)
(7, 5)
(8, 5)
(8, 6)
kaikki ok
Reitin pituus: 24
(17, 3)
(16, 3)
(15, 3)
(14, 3)
(14, 4)
(14, 5)
(14, 6)
(14, 7)
(14, 8)
(14, 9)
(14, 10)
(14, 11)
(14, 12)
(14, 13)
(13, 13)
(12, 13)
(11, 13)
(10, 13)
(10, 14)
(10, 15)
(9, 15)
(8, 15)
(7, 15)
(6, 15)
(5, 15)
kaikki ok
Reitin pituus: 24
(6, 5)
(7, 5)
(8, 5)
(8, 6)
(8, 7)
(7, 7)
(6, 7)
(6, 8)
(6, 9)
(5, 9)
(4, 9)
(4, 10)
(4, 11)
(4, 12)
(4, 13)
(4, 14)
(4, 15)
(4, 16)
(4, 17)
(3, 17)
(2, 17)
(1, 17)
(1, 18)
(1, 19)
(2, 19)
kaikki ok
Reitin pituus: 7
(8, 2)
(8, 3)
(7, 3)
(6, 3)
(5, 3)
(4, 3)
(4, 4)
(4, 5)
kaikki ok
Reitin pituus: 27
(10, 5)
(10, 6)
(10, 7)
(9, 7)
(8, 7)
(7, 7)
(6, 7)
(6, 8)
(6, 9)
(6, 10)
(6, 11)
(6, 12)
(6, 13)
(5, 13)
(4, 13)
(4, 14)
(4, 15)
(4, 16)
(4, 17)
(3, 17)
(2, 17)
(1, 17)
(1, 18)
(1, 19)
(2, 19)
(3, 19)
(4, 19)
(5, 19)
kaikki ok
Reitin pituus: 17
(16, 3)
(15, 3)
(14, 3)
(13, 3)
(12, 3)
(11, 3)
(10, 3)
(9, 3)
(8, 3)
(7, 3)
(6, 3)
(5, 3)
(4, 3)
(3, 3)
(2, 3)
(1, 3)
(1, 4)
(1, 5)
kaikki ok
Reitin pituus: 18
(10, 2)
(10, 3)
(9, 3)
(8, 3)
(7, 3)
(6, 3)
(5, 3)
(4, 3)
(4, 4)
(4, 5)
(4, 6)
(4, 7)
(4, 8)
(4, 9)
(4, 10)
(4, 11)
(4, 12)
(4, 13)
(5, 13)
kaikki ok
Reitin pituus: 15
(16, 3)
(15, 3)
(14, 3)
(13, 3)
(12, 3)
(11, 3)
(10, 3)
(9, 3)
(8, 3)
(7, 3)
(6, 3)
(5, 3)
(4, 3)
(4, 4)
(4, 5)
(4, 6)
kaikki ok
Reitin pituus: 20
(8, 19)
(8, 18)
(8, 17)
(7, 17)
(6, 17)
(6, 16)
(6, 15)
(5, 15)
(4, 15)
(4, 14)
(4, 13)
(4, 12)
(4, 11)
(4, 10)
(4, 9)
(4, 8)
(4, 7)
(4, 6)
(4, 5)
(4, 4)
(4, 3)
kaikki ok
Reitin pituus: 8
(11, 11)
(12, 11)
(12, 10)
(12, 9)
(12, 8)
(12, 7)
(11, 7)
(10, 7)
(9, 7)
kaikki ok
Reitin pituus: 17
(1, 14)
(1, 13)
(2, 13)
(3, 13)
(4, 13)
(5, 13)
(6, 13)
(7, 13)
(8, 13)
(8, 14)
(8, 15)
(9, 15)
(10, 15)
(11, 15)
(12, 15)
(13, 15)
(14, 15)
(14, 14)
kaikki ok
Reitin pituus: 27
(1, 1)
(1, 2)
(1, 3)
(1, 4)
(1, 5)
(2, 5)
(3, 5)
(4, 5)
(4, 6)
(4, 7)
(4, 8)
(4, 9)
(4, 10)
(4, 11)
(4, 12)
(4, 13)
(4, 14)
(4, 15)
(4, 16)
(4, 17)
(3, 17)
(2, 17)
(1, 17)
(1, 18)
(1, 19)
(2, 19)
(3, 19)
(4, 19)
kaikki ok
Reitin pituus: 15
(9, 8)
(9, 7)
(8, 7)
(8, 6)
(8, 5)
(7, 5)
(6, 5)
(6, 4)
(6, 3)
(5, 3)
(4, 3)
(4, 4)
(4, 5)
(3, 5)
(2, 5)
(1, 5)
kaikki ok
Reitin pituus: 17
(4, 2)
(4, 3)
(4, 4)
(4, 5)
(4, 6)
(4, 7)
(4, 8)
(4, 9)
(4, 10)
(4, 11)
(4, 12)
(4, 13)
(4, 14)
(4, 15)
(4, 16)
(4, 17)
(3, 17)
(2, 17)
kaikki ok
Reitin pituus: 16
(14, 17)
(14, 16)
(14, 15)
(14, 14)
(14, 13)
(13, 13)
(12, 13)
(12, 12)
(12, 11)
(12, 10)
(12, 9)
(12, 8)
(12, 7)
(11, 7)
(10, 7)
(10, 6)
(10, 5)
kaikki ok
Reitin pituus: 6
(1, 17)
(2, 17)
(2, 16)
(2, 15)
(1, 15)
(1, 14)
(1, 13)
kaikki ok
Reitin pituus: 13
(6, 7)
(6, 8)
(6, 9)
(6, 10)
(6, 11)
(6, 12)
(6, 13)
(7, 13)
(8, 13)
(8, 14)
(8, 15)
(9, 15)
(10, 15)
(11, 15)
kaikki ok
Reitin pituus: 11
(14, 7)
(14, 8)
(14, 9)
(13, 9)
(12, 9)
(12, 8)
(12, 7)
(11, 7)
(10, 7)
(9, 7)
(8, 7)
(7, 7)
kaikki ok
Reitin pituus: 20
(1, 15)
(1, 14)
(1, 13)
(2, 13)
(3, 13)
(4, 13)
(4, 12)
(4, 11)
(4, 10)
(4, 9)
(4, 8)
(4, 7)
(4, 6)
(4, 5)
(4, 4)
(4, 3)
(3, 3)
(2, 3)
(1, 3)
(1, 2)
(1, 1)
kaikki ok
Reitin pituus: 5
(8, 5)
(7, 5)
(6, 5)
(6, 4)
(6, 3)
(7, 3)
kaikki ok
Reitin pituus: 7
(8, 7)
(9, 7)
(10, 7)
(11, 7)
(12, 7)
(12, 8)
(12, 9)
(13, 9)
kaikki ok
Reitin pituus: 4
(4, 10)
(4, 9)
(4, 8)
(4, 7)
(4, 6)
kaikki ok
Reitin pituus: 4
(8, 2)
(8, 1)
(7, 1)
(6, 1)
(5, 1)
kaikki ok
Reitin pituus: 21
(1, 15)
(2, 15)
(2, 16)
(2, 17)
(1, 17)
(1, 18)
(1, 19)
(2, 19)
(3, 19)
(4, 19)
(5, 19)
(6, 19)
(7, 19)
(8, 19)
(9, 19)
(10, 19)
(11, 19)
(12, 19)
(13, 19)
(14, 19)
(15, 19)
(16, 19)
kaikki ok
Reitin pituus: 4
(6, 7)
(7, 7)
(8, 7)
(9, 7)
(9, 8)
kaikki ok
Reitin pituus: 7
(8, 15)
(7, 15)
(6, 15)
(5, 15)
(4, 15)
(4, 14)
(4, 13)
(3, 13)
kaikki ok
Reitin pituus: 14
(11, 5)
(10, 5)
(10, 6)
(10, 7)
(9, 7)
(8, 7)
(7, 7)
(6, 7)
(6, 8)
(6, 9)
(6, 10)
(6, 11)
(6, 12)
(6, 13)
(7, 13)
kaikki ok
Reitin pituus: 12
(8, 15)
(9, 15)
(10, 15)
(10, 14)
(10, 13)
(11, 13)
(12, 13)
(12, 12)
(12, 11)
(12, 10)
(12, 9)
(12, 8)
(12, 7)
kaikki ok
Reitin pituus: 20
(15, 3)
(14, 3)
(13, 3)
(12, 3)
(12, 4)
(12, 5)
(11, 5)
(10, 5)
(10, 6)
(10, 7)
(9, 7)
(8, 7)
(7, 7)
(6, 7)
(6, 8)
(6, 9)
(6, 10)
(6, 11)
(6, 12)
(6, 13)
(5, 13)
kaikki ok
Reitin pituus: 18
(14, 16)
(14, 15)
(14, 14)
(14, 13)
(14, 12)
(14, 11)
(14, 10)
(14, 9)
(14, 8)
(14, 7)
(14, 6)
(14, 5)
(14, 4)
(14, 3)
(13, 3)
(12, 3)
(11, 3)
(10, 3)
(10, 2)
kaikki ok
Reitin pituus: 17
(8, 9)
(9, 9)
(9, 8)
(9, 7)
(8, 7)
(7, 7)
(6, 7)
(6, 8)
(6, 9)
(6, 10)
(6, 11)
(6, 12)
(6, 13)
(7, 13)
(8, 13)
(8, 14)
(8, 15)
(9, 15)
kaikki ok
Reitin pituus: 18
(15, 17)
(14, 17)
(14, 16)
(14, 15)
(14, 14)
(14, 13)
(13, 13)
(12, 13)
(12, 12)
(12, 11)
(12, 10)
(12, 9)
(12, 8)
(12, 7)
(11, 7)
(10, 7)
(9, 7)
(9, 8)
(9, 9)
kaikki ok
Reitin pituus: 14
(10, 18)
(10, 17)
(11, 17)
(12, 17)
(12, 16)
(12, 15)
(13, 15)
(14, 15)
(14, 14)
(14, 13)
(14, 12)
(14, 11)
(14, 10)
(14, 9)
(13, 9)
kaikki ok
Reitin pituus: 3
(14, 16)
(14, 15)
(14, 14)
(14, 13)
kaikki ok
Reitin pituus: 8
(9, 9)
(9, 8)
(9, 7)
(10, 7)
(11, 7)
(12, 7)
(12, 8)
(12, 9)
(13, 9)
kaikki ok
Reitin pituus: 4
(4, 16)
(4, 17)
(3, 17)
(2, 17)
(2, 16)
kaikki ok
Reitin pituus: 5
(17, 19)
(17, 18)
(17, 17)
(16, 17)
(15, 17)
(14, 17)
kaikki ok
Reitin pituus: 5
(4, 12)
(4, 13)
(5, 13)
(6, 13)
(7, 13)
(8, 13)
kaikki ok
Reitin pituus: 9
(14, 16)
(14, 15)
(14, 14)
(14, 13)
(14, 12)
(14, 11)
(14, 10)
(14, 9)
(14, 8)
(14, 7)
kaikki ok
Reitin pituus: 17
(7, 13)
(6, 13)
(6, 12)
(6, 11)
(6, 10)
(6, 9)
(6, 8)
(6, 7)
(7, 7)
(8, 7)
(8, 6)
(8, 5)
(7, 5)
(6, 5)
(6, 4)
(6, 3)
(7, 3)
(8, 3)
kaikki ok
Reitin pituus: 16
(5, 3)
(4, 3)
(4, 4)
(4, 5)
(4, 6)
(4, 7)
(4, 8)
(4, 9)
(4, 10)
(4, 11)
(4, 12)
(4, 13)
(4, 14)
(4, 15)
(5, 15)
(6, 15)
(7, 15)
kaikki ok
Reitin pituus: 12
(5, 9)
(6, 9)
(6, 8)
(6, 7)
(7, 7)
(8, 7)
(9, 7)
(10, 7)
(10, 6)
(10, 5)
(11, 5)
(12, 5)
(12, 4)
kaikki ok
Reitin pituus: 15
(1, 2)
(1, 3)
(1, 4)
(1, 5)
(2, 5)
(3, 5)
(4, 5)
(4, 6)
(4, 7)
(4, 8)
(4, 9)
(5, 9)
(6, 9)
(6, 10)
(6, 11)
(6, 12)
kaikki ok
Reitin pituus: 9
(8, 9)
(9, 9)
(9, 8)
(9, 7)
(10, 7)
(11, 7)
(12, 7)
(12, 8)
(12, 9)
(12, 10)
kaikki ok
Reitin pituus: 23
(7, 1)
(8, 1)
(8, 2)
(8, 3)
(9, 3)
(10, 3)
(11, 3)
(12, 3)
(13, 3)
(14, 3)
(14, 4)
(14, 5)
(14, 6)
(14, 7)
(14, 8)
(14, 9)
(14, 10)
(14, 11)
(14, 12)
(14, 13)
(14, 14)
(14, 15)
(14, 16)
(14, 17)
kaikki ok
Reitin pituus: 20
(12, 13)
(12, 12)
(12, 11)
(11, 11)
(10, 11)
(9, 11)
(8, 11)
(7, 11)
(6, 11)
(6, 10)
(6, 9)
(5, 9)
(4, 9)
(4, 8)
(4, 7)
(4, 6)
(4, 5)
(4, 4)
(4, 3)
(3, 3)
(2, 3)
kaikki ok
Reitin pituus: 3
(6, 19)
(7, 19)
(8, 19)
(9, 19)
kaikki ok
Reitin pituus: 14
(12, 12)
(12, 11)
(11, 11)
(10, 11)
(9, 11)
(8, 11)
(7, 11)
(6, 11)
(6, 10)
(6, 9)
(5, 9)
(4, 9)
(4, 8)
(4, 7)
(4, 6)
kaikki ok
Reitin pituus: 12
(14, 10)
(14, 9)
(13, 9)
(12, 9)
(12, 10)
(12, 11)
(11, 11)
(10, 11)
(9, 11)
(8, 11)
(7, 11)
(6, 11)
(6, 12)
kaikki ok
Reitin pituus: 6
(17, 17)
(16, 17)
(15, 17)
(14, 17)
(14, 16)
(14, 15)
(14, 14)
kaikki ok
Reitin pituus: 10
(10, 17)
(11, 17)
(12, 17)
(12, 16)
(12, 15)
(13, 15)
(14, 15)
(14, 14)
(14, 13)
(14, 12)
(14, 11)
kaikki ok
Reitin pituus: 16
(9, 7)
(10, 7)
(11, 7)
(12, 7)
(12, 8)
(12, 9)
(13, 9)
(14, 9)
(14, 10)
(14, 11)
(14, 12)
(14, 13)
(14, 14)
(14, 15)
(13, 15)
(12, 15)
(12, 16)
kaikki ok
Reitin pituus: 12
(5, 15)
(6, 15)
(7, 15)
(8, 15)
(9, 15)
(10, 15)
(11, 15)
(12, 15)
(13, 15)
(14, 15)
(14, 16)
(14, 17)
(15, 17)
kaikki ok
Reitin pituus: 18
(8, 13)
(7, 13)
(6, 13)
(5, 13)
(4, 13)
(4, 12)
(4, 11)
(4, 10)
(4, 9)
(4, 8)
(4, 7)
(4, 6)
(4, 5)
(4, 4)
(4, 3)
(5, 3)
(6, 3)
(7, 3)
(8, 3)
kaikki ok
Reitin pituus: 8
(6, 10)
(6, 11)
(7, 11)
(8, 11)
(9, 11)
(10, 11)
(11, 11)
(12, 11)
(12, 10)
kaikki ok
Reitin pituus: 15
(2, 13)
(3, 13)
(4, 13)
(5, 13)
(6, 13)
(6, 12)
(6, 11)
(6, 10)
(6, 9)
(6, 8)
(6, 7)
(7, 7)
(8, 7)
(9, 7)
(9, 8)
(9, 9)
kaikki ok
Reitin pituus: 15
(17, 15)
(16, 15)
(16, 16)
(16, 17)
(15, 17)
(14, 17)
(14, 16)
(14, 15)
(13, 15)
(12, 15)
(11, 15)
(10, 15)
(9, 15)
(8, 15)
(8, 14)
(8, 13)
kaikki ok
Reitin pituus: 8
(1, 19)
(2, 19)
(3, 19)
(4, 19)
(5, 19)
(6, 19)
(7, 19)
(8, 19)
(9, 19)
kaikki ok
Reitin pituus: 28
(3, 19)
(4, 19)
(5, 19)
(6, 19)
(7, 19)
(8, 19)
(9, 19)
(10, 19)
(10, 18)
(10, 17)
(11, 17)
(12, 17)
(12, 16)
(12, 15)
(13, 15)
(14, 15)
(14, 14)
(14, 13)
(14, 12)
(14, 11)
(14, 10)
(14, 9)
(14, 8)
(14, 7)
(14, 6)
(14, 5)
(14, 4)
(14, 3)
(14, 2)
kaikki ok
Reitin pituus: 5
(12, 16)
(12, 15)
(13, 15)
(14, 15)
(14, 16)
(14, 17)
kaikki ok
Reitin pituus: 2
(7, 5)
(6, 5)
(6, 4)
kaikki ok
Reitin pituus: 11
(4, 5)
(4, 6)
(4, 7)
(4, 8)
(4, 9)
(4, 10)
(4, 11)
(4, 12)
(4, 13)
(3, 13)
(2, 13)
(1, 13)
kaikki ok
Reitin pituus: 9
(6, 5)
(7, 5)
(8, 5)
(8, 6)
(8, 7)
(7, 7)
(6, 7)
(6, 8)
(6, 9)
(5, 9)
kaikki ok
Reitin pituus: 18
(17, 13)
(16, 13)
(15, 13)
(14, 13)
(14, 12)
(14, 11)
(14, 10)
(14, 9)
(14, 8)
(14, 7)
(14, 6)
(14, 5)
(14, 4)
(14, 3)
(14, 2)
(14, 1)
(15, 1)
(16, 1)
(17, 1)
kaikki ok
Reitin pituus: 14
(17, 15)
(16, 15)
(16, 16)
(16, 17)
(15, 17)
(14, 17)
(14, 16)
(14, 15)
(13, 15)
(12, 15)
(11, 15)
(10, 15)
(9, 15)
(8, 15)
(8, 14)
kaikki ok
Reitin pituus: 7
(4, 9)
(5, 9)
(6, 9)
(6, 10)
(6, 11)
(6, 12)
(6, 13)
(7, 13)
kaikki ok
Reitin pituus: 7
(12, 15)
(13, 15)
(14, 15)
(14, 16)
(14, 17)
(15, 17)
(16, 17)
(17, 17)
kaikki ok
Reitin pituus: 13
(8, 1)
(7, 1)
(6, 1)
(5, 1)
(4, 1)
(4, 2)
(4, 3)
(4, 4)
(4, 5)
(4, 6)
(4, 7)
(4, 8)
(4, 9)
(5, 9)
kaikki ok
Reitin pituus: 29
(15, 1)
(14, 1)
(14, 2)
(14, 3)
(13, 3)
(12, 3)
(12, 4)
(12, 5)
(11, 5)
(10, 5)
(10, 6)
(10, 7)
(9, 7)
(8, 7)
(7, 7)
(6, 7)
(6, 8)
(6, 9)
(6, 10)
(6, 11)
(6, 12)
(6, 13)
(5, 13)
(4, 13)
(3, 13)
(2, 13)
(1, 13)
(1, 14)
(1, 15)
(2, 15)
kaikki ok
Reitin pituus: 11
(11, 7)
(10, 7)
(9, 7)
(8, 7)
(7, 7)
(6, 7)
(6, 8)
(6, 9)
(6, 10)
(6, 11)
(6, 12)
(6, 13)
kaikki ok
Reitin pituus: 14
(12, 11)
(11, 11)
(10, 11)
(9, 11)
(8, 11)
(7, 11)
(6, 11)
(6, 10)
(6, 9)
(5, 9)
(4, 9)
(4, 8)
(4, 7)
(4, 6)
(4, 5)
kaikki ok
Reitin pituus: 19
(3, 3)
(4, 3)
(4, 4)
(4, 5)
(4, 6)
(4, 7)
(4, 8)
(4, 9)
(4, 10)
(4, 11)
(4, 12)
(4, 13)
(5, 13)
(6, 13)
(7, 13)
(8, 13)
(8, 14)
(8, 15)
(9, 15)
(10, 15)
kaikki ok
Reitin pituus: 1
(10, 13)
(11, 13)
kaikki ok
Reitin pituus: 4
(2, 5)
(3, 5)
(4, 5)
(4, 4)
(4, 3)
kaikki ok
Reitin pituus: 25
(10, 19)
(9, 19)
(8, 19)
(8, 18)
(8, 17)
(7, 17)
(6, 17)
(6, 16)
(6, 15)
(5, 15)
(4, 15)
(4, 14)
(4, 13)
(4, 12)
(4, 11)
(4, 10)
(4, 9)
(4, 8)
(4, 7)
(4, 6)
(4, 5)
(4, 4)
(4, 3)
(4, 2)
(4, 1)
(5, 1)
kaikki ok
Reitin pituus: 19
(6, 11)
(6, 12)
(6, 13)
(5, 13)
(4, 13)
(4, 14)
(4, 15)
(5, 15)
(6, 15)
(6, 16)
(6, 17)
(7, 17)
(8, 17)
(8, 18)
(8, 19)
(9, 19)
(10, 19)
(11, 19)
(12, 19)
(13, 19)
kaikki ok
Reitin pituus: 8
(6, 16)
(6, 15)
(5, 15)
(4, 15)
(4, 14)
(4, 13)
(4, 12)
(4, 11)
(4, 10)
kaikki ok
Reitin pituus: 4
(4, 15)
(4, 14)
(4, 13)
(4, 12)
(4, 11)
kaikki ok
Reitin pituus: 16
(14, 12)
(14, 13)
(13, 13)
(12, 13)
(11, 13)
(10, 13)
(10, 14)
(10, 15)
(9, 15)
(8, 15)
(7, 15)
(6, 15)
(5, 15)
(4, 15)
(4, 16)
(4, 17)
(3, 17)
kaikki ok
Reitin pituus: 15
(16, 1)
(15, 1)
(14, 1)
(14, 2)
(14, 3)
(14, 4)
(14, 5)
(14, 6)
(14, 7)
(14, 8)
(14, 9)
(13, 9)
(12, 9)
(12, 10)
(12, 11)
(12, 12)
kaikki ok
Reitin pituus: 3
(12, 8)
(12, 7)
(11, 7)
(10, 7)
kaikki ok
Reitin pituus: 4
(7, 17)
(6, 17)
(6, 16)
(6, 15)
(7, 15)
kaikki ok
Reitin pituus: 18
(11, 15)
(10, 15)
(9, 15)
(8, 15)
(8, 14)
(8, 13)
(7, 13)
(6, 13)
(6, 12)
(6, 11)
(6, 10)
(6, 9)
(5, 9)
(4, 9)
(4, 8)
(4, 7)
(4, 6)
(4, 5)
(4, 4)
kaikki ok
Reitin pituus: 5
(7, 5)
(8, 5)
(8, 6)
(8, 7)
(7, 7)
(6, 7)
kaikki ok
Reitin pituus: 20
(1, 18)
(1, 17)
(2, 17)
(3, 17)
(4, 17)
(4, 16)
(4, 15)
(5, 15)
(6, 15)
(7, 15)
(8, 15)
(9, 15)
(10, 15)
(11, 15)
(12, 15)
(13, 15)
(14, 15)
(14, 14)
(14, 13)
(15, 13)
(16, 13)
kaikki ok
Reitin pituus: 10
(16, 17)
(17, 17)
(17, 18)
(17, 19)
(16, 19)
(15, 19)
(14, 19)
(13, 19)
(12, 19)
(11, 19)
(10, 19)
kaikki ok
Reitin pituus: 9
(6, 16)
(6, 15)
(7, 15)
(8, 15)
(9, 15)
(10, 15)
(11, 15)
(12, 15)
(13, 15)
(14, 15)
kaikki ok
Reitin pituus: 10
(4, 3)
(5, 3)
(6, 3)
(7, 3)
(8, 3)
(9, 3)
(10, 3)
(11, 3)
(12, 3)
(13, 3)
(14, 3)
kaikki ok
Reitin pituus: 11
(12, 9)
(12, 8)
(12, 7)
(11, 7)
(10, 7)
(9, 7)
(8, 7)
(7, 7)
(6, 7)
(6, 8)
(6, 9)
(5, 9)
kaikki ok
Reitin pituus: 21
(14, 17)
(14, 16)
(14, 15)
(13, 15)
(12, 15)
(11, 15)
(10, 15)
(9, 15)
(8, 15)
(8, 14)
(8, 13)
(7, 13)
(6, 13)
(6, 12)
(6, 11)
(6, 10)
(6, 9)
(5, 9)
(4, 9)
(4, 8)
(4, 7)
(4, 6)
kaikki ok
Reitin pituus: 9
(8, 3)
(9, 3)
(10, 3)
(11, 3)
(12, 3)
(13, 3)
(14, 3)
(14, 4)
(14, 5)
(15, 5)
kaikki ok
Reitin pituus: 19
(4, 4)
(4, 3)
(5, 3)
(6, 3)
(6, 4)
(6, 5)
(7, 5)
(8, 5)
(8, 6)
(8, 7)
(9, 7)
(10, 7)
(11, 7)
(12, 7)
(12, 8)
(12, 9)
(13, 9)
(14, 9)
(14, 10)
(14, 11)
kaikki ok
Reitin pituus: 17
(17, 3)
(16, 3)
(15, 3)
(14, 3)
(14, 4)
(14, 5)
(14, 6)
(14, 7)
(14, 8)
(14, 9)
(14, 10)
(14, 11)
(14, 12)
(14, 13)
(13, 13)
(12, 13)
(11, 13)
(10, 13)
kaikki ok
Reitin pituus: 7
(4, 7)
(4, 6)
(4, 5)
(4, 4)
(4, 3)
(4, 2)
(4, 1)
(5, 1)
kaikki ok
Reitin pituus: 15
(11, 17)
(12, 17)
(12, 16)
(12, 15)
(11, 15)
(10, 15)
(9, 15)
(8, 15)
(8, 14)
(8, 13)
(7, 13)
(6, 13)
(5, 13)
(4, 13)
(4, 12)
(4, 11)
kaikki ok
Reitin pituus: 14
(7, 17)
(6, 17)
(6, 16)
(6, 15)
(7, 15)
(8, 15)
(8, 14)
(8, 13)
(7, 13)
(6, 13)
(6, 12)
(6, 11)
(7, 11)
(8, 11)
(9, 11)
kaikki ok
Reitin pituus: 3
(8, 19)
(9, 19)
(10, 19)
(11, 19)
kaikki ok
Reitin pituus: 29
(17, 1)
(17, 2)
(17, 3)
(17, 4)
(17, 5)
(16, 5)
(15, 5)
(14, 5)
(14, 6)
(14, 7)
(14, 8)
(14, 9)
(14, 10)
(14, 11)
(14, 12)
(14, 13)
(14, 14)
(14, 15)
(13, 15)
(12, 15)
(11, 15)
(10, 15)
(9, 15)
(8, 15)
(7, 15)
(6, 15)
(6, 16)
(6, 17)
(7, 17)
(8, 17)
kaikki ok
Reitin pituus: 18
(8, 11)
(7, 11)
(6, 11)
(6, 10)
(6, 9)
(5, 9)
(4, 9)
(4, 8)
(4, 7)
(4, 6)
(4, 5)
(4, 4)
(4, 3)
(4, 2)
(4, 1)
(5, 1)
(6, 1)
(7, 1)
(8, 1)
kaikki ok
Reitin pituus: 17
(9, 9)
(9, 8)
(9, 7)
(10, 7)
(11, 7)
(12, 7)
(12, 8)
(12, 9)
(13, 9)
(14, 9)
(14, 10)
(14, 11)
(14, 12)
(14, 13)
(14, 14)
(14, 15)
(14, 16)
(14, 17)
kaikki ok
Reitin pituus: 12
(11, 7)
(10, 7)
(10, 6)
(10, 5)
(11, 5)
(12, 5)
(12, 4)
(12, 3)
(13, 3)
(14, 3)
(14, 2)
(14, 1)
(15, 1)
kaikki ok
Reitin pituus: 5
(6, 3)
(6, 4)
(6, 5)
(7, 5)
(8, 5)
(8, 6)
kaikki ok
Reitin pituus: 15
(4, 17)
(4, 16)
(4, 15)
(4, 14)
(4, 13)
(5, 13)
(6, 13)
(6, 12)
(6, 11)
(6, 10)
(6, 9)
(6, 8)
(6, 7)
(7, 7)
(8, 7)
(9, 7)
kaikki ok
Reitin pituus: 22
(4, 11)
(4, 10)
(4, 9)
(4, 8)
(4, 7)
(4, 6)
(4, 5)
(4, 4)
(4, 3)
(5, 3)
(6, 3)
(7, 3)
(8, 3)
(9, 3)
(10, 3)
(11, 3)
(12, 3)
(13, 3)
(14, 3)
(15, 3)
(16, 3)
(17, 3)
(17, 2)
kaikki ok
Reitin pituus: 9
(12, 16)
(12, 15)
(13, 15)
(14, 15)
(14, 14)
(14, 13)
(13, 13)
(12, 13)
(12, 12)
(12, 11)
kaikki ok
Reitin pituus: 24
(5, 1)
(4, 1)
(4, 2)
(4, 3)
(4, 4)
(4, 5)
(4, 6)
(4, 7)
(4, 8)
(4, 9)
(5, 9)
(6, 9)
(6, 10)
(6, 11)
(6, 12)
(6, 13)
(7, 13)
(8, 13)
(8, 14)
(8, 15)
(9, 15)
(10, 15)
(11, 15)
(12, 15)
(12, 16)
kaikki ok
Reitin pituus: 13
(6, 13)
(7, 13)
(8, 13)
(8, 14)
(8, 15)
(7, 15)
(6, 15)
(6, 16)
(6, 17)
(7, 17)
(8, 17)
(8, 18)
(8, 19)
(7, 19)
kaikki ok
Reitin pituus: 18
(10, 19)
(9, 19)
(8, 19)
(8, 18)
(8, 17)
(7, 17)
(6, 17)
(6, 16)
(6, 15)
(7, 15)
(8, 15)
(8, 14)
(8, 13)
(7, 13)
(6, 13)
(6, 12)
(6, 11)
(7, 11)
(8, 11)
kaikki ok
Reitin pituus: 11
(4, 17)
(4, 16)
(4, 15)
(5, 15)
(6, 15)
(6, 16)
(6, 17)
(7, 17)
(8, 17)
(8, 18)
(8, 19)
(9, 19)
kaikki ok
Reitin pituus: 5
(11, 1)
(12, 1)
(13, 1)
(14, 1)
(15, 1)
(16, 1)
kaikki ok
Reitin pituus: 1
(4, 19)
(3, 19)
kaikki ok
Reitin pituus: 15
(8, 18)
(8, 17)
(7, 17)
(6, 17)
(6, 16)
(6, 15)
(7, 15)
(8, 15)
(9, 15)
(10, 15)
(10, 14)
(10, 13)
(11, 13)
(12, 13)
(12, 12)
(12, 11)
kaikki ok
Reitin pituus: 10
(17, 17)
(16, 17)
(15, 17)
(14, 17)
(14, 16)
(14, 15)
(14, 14)
(14, 13)
(13, 13)
(12, 13)
(12, 12)
kaikki ok
Reitin pituus: 21
(14, 14)
(14, 13)
(14, 12)
(14, 11)
(14, 10)
(14, 9)
(14, 8)
(14, 7)
(14, 6)
(14, 5)
(14, 4)
(14, 3)
(13, 3)
(12, 3)
(11, 3)
(10, 3)
(9, 3)
(8, 3)
(8, 2)
(8, 1)
(7, 1)
(6, 1)
kaikki ok
Reitin pituus: 10
(15, 5)
(14, 5)
(14, 6)
(14, 7)
(14, 8)
(14, 9)
(13, 9)
(12, 9)
(12, 8)
(12, 7)
(11, 7)
kaikki ok
Reitin pituus: 20
(14, 16)
(14, 15)
(14, 14)
(14, 13)
(14, 12)
(14, 11)
(14, 10)
(14, 9)
(14, 8)
(14, 7)
(14, 6)
(14, 5)
(14, 4)
(14, 3)
(13, 3)
(12, 3)
(11, 3)
(10, 3)
(9, 3)
(8, 3)
(8, 2)
kaikki ok
Reitin pituus: 3
(9, 3)
(8, 3)
(7, 3)
(6, 3)
kaikki ok
Reitin pituus: 7
(8, 13)
(7, 13)
(6, 13)
(6, 12)
(6, 11)
(6, 10)
(6, 9)
(6, 8)
kaikki ok
Reitin pituus: 13
(10, 2)
(10, 3)
(9, 3)
(8, 3)
(7, 3)
(6, 3)
(6, 4)
(6, 5)
(7, 5)
(8, 5)
(8, 6)
(8, 7)
(7, 7)
(6, 7)
kaikki ok
Reitin pituus: 3
(4, 12)
(4, 13)
(3, 13)
(2, 13)
kaikki ok
Reitin pituus: 1
(14, 15)
(14, 16)
kaikki ok
Reitin pituus: 14
(2, 16)
(2, 17)
(1, 17)
(1, 18)
(1, 19)
(2, 19)
(3, 19)
(4, 19)
(5, 19)
(6, 19)
(7, 19)
(8, 19)
(9, 19)
(10, 19)
(11, 19)
kaikki ok
Reitin pituus: 28
(5, 3)
(6, 3)
(6, 4)
(6, 5)
(7, 5)
(8, 5)
(8, 6)
(8, 7)
(9, 7)
(10, 7)
(11, 7)
(12, 7)
(12, 8)
(12, 9)
(12, 10)
(12, 11)
(12, 12)
(12, 13)
(13, 13)
(14, 13)
(14, 14)
(14, 15)
(14, 16)
(14, 17)
(15, 17)
(16, 17)
(17, 17)
(17, 18)
(17, 19)
kaikki ok
Reitin pituus: 4
(3, 1)
(4, 1)
(5, 1)
(6, 1)
(7, 1)
kaikki ok
Reitin pituus: 9
(1, 3)
(2, 3)
(3, 3)
(4, 3)
(5, 3)
(6, 3)
(7, 3)
(8, 3)
(9, 3)
(10, 3)
kaikki ok
Reitin pituus: 20
(9, 8)
(9, 7)
(8, 7)
(7, 7)
(6, 7)
(6, 8)
(6, 9)
(5, 9)
(4, 9)
(4, 10)
(4, 11)
(4, 12)
(4, 13)
(4, 14)
(4, 15)
(4, 16)
(4, 17)
(3, 17)
(2, 17)
(1, 17)
(1, 18)
kaikki ok
Reitin pituus: 23
(2, 13)
(3, 13)
(4, 13)
(5, 13)
(6, 13)
(6, 12)
(6, 11)
(6, 10)
(6, 9)
(6, 8)
(6, 7)
(7, 7)
(8, 7)
(9, 7)
(10, 7)
(10, 6)
(10, 5)
(11, 5)
(12, 5)
(12, 4)
(12, 3)
(13, 3)
(14, 3)
(15, 3)
kaikki ok
Reitin pituus: 12
(10, 14)
(10, 13)
(11, 13)
(12, 13)
(13, 13)
(14, 13)
(14, 12)
(14, 11)
(14, 10)
(14, 9)
(14, 8)
(14, 7)
(14, 6)
kaikki ok
Reitin pituus: 1
(11, 13)
(12, 13)
kaikki ok
Reitin pituus: 9
(14, 10)
(14, 9)
(13, 9)
(12, 9)
(12, 8)
(12, 7)
(11, 7)
(10, 7)
(9, 7)
(8, 7)
kaikki ok
Reitin pituus: 10
(3, 17)
(4, 17)
(4, 16)
(4, 15)
(4, 14)
(4, 13)
(4, 12)
(4, 11)
(4, 10)
(4, 9)
(5, 9)
kaikki ok
Reitin pituus: 7
(17, 2)
(17, 3)
(16, 3)
(15, 3)
(14, 3)
(13, 3)
(12, 3)
(12, 4)
kaikki ok
Reitin pituus: 11
(14, 7)
(14, 8)
(14, 9)
(13, 9)
(12, 9)
(12, 8)
(12, 7)
(11, 7)
(10, 7)
(9, 7)
(8, 7)
(8, 6)
kaikki ok
Reitin pituus: 17
(13, 15)
(14, 15)
(14, 14)
(14, 13)
(14, 12)
(14, 11)
(14, 10)
(14, 9)
(14, 8)
(14, 7)
(14, 6)
(14, 5)
(14, 4)
(14, 3)
(15, 3)
(16, 3)
(17, 3)
(17, 2)
kaikki ok
Reitin pituus: 2
(5, 9)
(4, 9)
(4, 8)
kaikki ok
Reitin pituus: 9
(9, 8)
(9, 7)
(10, 7)
(11, 7)
(12, 7)
(12, 8)
(12, 9)
(12, 10)
(12, 11)
(11, 11)
kaikki ok
Reitin pituus: 7
(13, 1)
(14, 1)
(14, 2)
(14, 3)
(14, 4)
(14, 5)
(14, 6)
(14, 7)
kaikki ok
Reitin pituus: 21
(10, 19)
(10, 18)
(10, 17)
(11, 17)
(12, 17)
(12, 16)
(12, 15)
(13, 15)
(14, 15)
(14, 14)
(14, 13)
(14, 12)
(14, 11)
(14, 10)
(14, 9)
(13, 9)
(12, 9)
(12, 8)
(12, 7)
(11, 7)
(10, 7)
(10, 6)
kaikki ok
Reitin pituus: 11
(5, 13)
(6, 13)
(6, 12)
(6, 11)
(7, 11)
(8, 11)
(9, 11)
(10, 11)
(11, 11)
(12, 11)
(12, 12)
(12, 13)
kaikki ok
Reitin pituus: 8
(7, 11)
(8, 11)
(9, 11)
(10, 11)
(11, 11)
(12, 11)
(12, 12)
(12, 13)
(13, 13)
kaikki ok
Reitin pituus: 11
(17, 15)
(16, 15)
(16, 16)
(16, 17)
(15, 17)
(14, 17)
(14, 16)
(14, 15)
(13, 15)
(12, 15)
(11, 15)
(10, 15)
kaikki ok
Reitin pituus: 5
(14, 12)
(14, 13)
(14, 14)
(14, 15)
(14, 16)
(14, 17)
kaikki ok
Reitin pituus: 19
(8, 5)
(8, 6)
(8, 7)
(9, 7)
(10, 7)
(11, 7)
(12, 7)
(12, 8)
(12, 9)
(12, 10)
(12, 11)
(12, 12)
(12, 13)
(13, 13)
(14, 13)
(14, 14)
(14, 15)
(14, 16)
(14, 17)
(15, 17)
kaikki ok
Reitin pituus: 32
(16, 19)
(15, 19)
(14, 19)
(13, 19)
(12, 19)
(11, 19)
(10, 19)
(9, 19)
(8, 19)
(8, 18)
(8, 17)
(7, 17)
(6, 17)
(6, 16)
(6, 15)
(5, 15)
(4, 15)
(4, 14)
(4, 13)
(4, 12)
(4, 11)
(4, 10)
(4, 9)
(4, 8)
(4, 7)
(4, 6)
(4, 5)
(4, 4)
(4, 3)
(4, 2)
(4, 1)
(3, 1)
(2, 1)
kaikki ok
Reitin pituus: 23
(4, 19)
(3, 19)
(2, 19)
(1, 19)
(1, 18)
(1, 17)
(2, 17)
(3, 17)
(4, 17)
(4, 16)
(4, 15)
(4, 14)
(4, 13)
(4, 12)
(4, 11)
(4, 10)
(4, 9)
(4, 8)
(4, 7)
(4, 6)
(4, 5)
(4, 4)
(4, 3)
(3, 3)
kaikki ok
Reitin pituus: 16
(5, 13)
(4, 13)
(4, 12)
(4, 11)
(4, 10)
(4, 9)
(4, 8)
(4, 7)
(4, 6)
(4, 5)
(4, 4)
(4, 3)
(5, 3)
(6, 3)
(7, 3)
(8, 3)
(9, 3)
kaikki ok
Reitin pituus: 15
(10, 18)
(10, 17)
(11, 17)
(12, 17)
(12, 16)
(12, 15)
(11, 15)
(10, 15)
(10, 14)
(10, 13)
(11, 13)
(12, 13)
(12, 12)
(12, 11)
(12, 10)
(12, 9)
kaikki ok
Reitin pituus: 5
(8, 7)
(9, 7)
(10, 7)
(11, 7)
(12, 7)
(12, 8)
kaikki ok
Reitin pituus: 26
(3, 1)
(4, 1)
(4, 2)
(4, 3)
(4, 4)
(4, 5)
(4, 6)
(4, 7)
(4, 8)
(4, 9)
(5, 9)
(6, 9)
(6, 10)
(6, 11)
(7, 11)
(8, 11)
(9, 11)
(10, 11)
(11, 11)
(12, 11)
(12, 12)
(12, 13)
(13, 13)
(14, 13)
(14, 14)
(14, 15)
(14, 16)
kaikki ok
Reitin pituus: 14
(14, 16)
(14, 15)
(13, 15)
(12, 15)
(11, 15)
(10, 15)
(9, 15)
(8, 15)
(8, 14)
(8, 13)
(7, 13)
(6, 13)
(6, 12)
(6, 11)
(6, 10)
kaikki ok
Reitin pituus: 27
(8, 17)
(7, 17)
(6, 17)
(6, 16)
(6, 15)
(5, 15)
(4, 15)
(4, 14)
(4, 13)
(4, 12)
(4, 11)
(4, 10)
(4, 9)
(4, 8)
(4, 7)
(4, 6)
(4, 5)
(4, 4)
(4, 3)
(5, 3)
(6, 3)
(7, 3)
(8, 3)
(9, 3)
(10, 3)
(10, 2)
(10, 1)
(11, 1)
kaikki ok
Reitin pituus: 9
(14, 3)
(14, 4)
(14, 5)
(14, 6)
(14, 7)
(14, 8)
(14, 9)
(13, 9)
(12, 9)
(12, 10)
kaikki ok
Reitin pituus: 25
(8, 17)
(7, 17)
(6, 17)
(6, 16)
(6, 15)
(7, 15)
(8, 15)
(9, 15)
(10, 15)
(10, 14)
(10, 13)
(11, 13)
(12, 13)
(12, 12)
(12, 11)
(12, 10)
(12, 9)
(12, 8)
(12, 7)
(11, 7)
(10, 7)
(10, 6)
(10, 5)
(11, 5)
(12, 5)
(12, 4)
kaikki ok
Reitin pituus: 3
(4, 7)
(4, 6)
(4, 5)
(3, 5)
kaikki ok
Reitin pituus: 12
(12, 3)
(11, 3)
(10, 3)
(9, 3)
(8, 3)
(7, 3)
(6, 3)
(5, 3)
(4, 3)
(4, 4)
(4, 5)
(3, 5)
(2, 5)
kaikki ok
Reitin pituus: 12
(13, 13)
(14, 13)
(14, 12)
(14, 11)
(14, 10)
(14, 9)
(14, 8)
(14, 7)
(14, 6)
(14, 5)
(14, 4)
(14, 3)
(14, 2)
kaikki ok
Reitin pituus: 12
(12, 11)
(11, 11)
(10, 11)
(9, 11)
(8, 11)
(7, 11)
(6, 11)
(6, 12)
(6, 13)
(5, 13)
(4, 13)
(4, 12)
(4, 11)
kaikki ok
Reitin pituus: 5
(6, 16)
(6, 15)
(7, 15)
(8, 15)
(8, 14)
(8, 13)
kaikki ok
Reitin pituus: 7
(6, 12)
(6, 13)
(5, 13)
(4, 13)
(4, 14)
(4, 15)
(4, 16)
(4, 17)
kaikki ok
Reitin pituus: 14
(16, 13)
(15, 13)
(14, 13)
(14, 14)
(14, 15)
(13, 15)
(12, 15)
(11, 15)
(10, 15)
(9, 15)
(8, 15)
(7, 15)
(6, 15)
(6, 16)
(6, 17)
kaikki ok
Reitin pituus: 1
(12, 1)
(13, 1)
kaikki ok
Reitin pituus: 12
(4, 6)
(4, 7)
(4, 8)
(4, 9)
(5, 9)
(6, 9)
(6, 8)
(6, 7)
(7, 7)
(8, 7)
(9, 7)
(10, 7)
(11, 7)
kaikki ok
Reitin pituus: 14
(8, 14)
(8, 15)
(7, 15)
(6, 15)
(5, 15)
(4, 15)
(4, 16)
(4, 17)
(3, 17)
(2, 17)
(1, 17)
(1, 18)
(1, 19)
(2, 19)
(3, 19)
kaikki ok
Reitin pituus: 17
(10, 9)
(9, 9)
(9, 8)
(9, 7)
(8, 7)
(8, 6)
(8, 5)
(7, 5)
(6, 5)
(6, 4)
(6, 3)
(5, 3)
(4, 3)
(4, 4)
(4, 5)
(3, 5)
(2, 5)
(1, 5)
kaikki ok
Reitin pituus: 14
(14, 9)
(14, 10)
(14, 11)
(14, 12)
(14, 13)
(14, 14)
(14, 15)
(13, 15)
(12, 15)
(11, 15)
(10, 15)
(9, 15)
(8, 15)
(7, 15)
(6, 15)
kaikki ok
Reitin pituus: 22
(10, 19)
(9, 19)
(8, 19)
(8, 18)
(8, 17)
(7, 17)
(6, 17)
(6, 16)
(6, 15)
(5, 15)
(4, 15)
(4, 14)
(4, 13)
(4, 12)
(4, 11)
(4, 10)
(4, 9)
(4, 8)
(4, 7)
(4, 6)
(4, 5)
(4, 4)
(4, 3)
kaikki ok
Reitin pituus: 13
(2, 13)
(3, 13)
(4, 13)
(5, 13)
(6, 13)
(6, 12)
(6, 11)
(7, 11)
(8, 11)
(9, 11)
(10, 11)
(11, 11)
(12, 11)
(12, 12)
kaikki ok
Reitin pituus: 8
(17, 15)
(16, 15)
(16, 16)
(16, 17)
(15, 17)
(14, 17)
(14, 16)
(14, 15)
(13, 15)
kaikki ok
Reitin pituus: 16
(12, 8)
(12, 7)
(11, 7)
(10, 7)
(9, 7)
(8, 7)
(8, 6)
(8, 5)
(7, 5)
(6, 5)
(6, 4)
(6, 3)
(5, 3)
(4, 3)
(4, 4)
(4, 5)
(3, 5)
kaikki ok
Reitin pituus: 16
(4, 16)
(4, 15)
(5, 15)
(6, 15)
(7, 15)
(8, 15)
(9, 15)
(10, 15)
(10, 14)
(10, 13)
(11, 13)
(12, 13)
(13, 13)
(14, 13)
(15, 13)
(16, 13)
(17, 13)
kaikki ok
Reitin pituus: 11
(4, 11)
(4, 10)
(4, 9)
(5, 9)
(6, 9)
(6, 10)
(6, 11)
(7, 11)
(8, 11)
(9, 11)
(10, 11)
(11, 11)
kaikki ok
Reitin pituus: 16
(9, 7)
(10, 7)
(11, 7)
(12, 7)
(12, 8)
(12, 9)
(13, 9)
(14, 9)
(14, 10)
(14, 11)
(14, 12)
(14, 13)
(14, 14)
(14, 15)
(13, 15)
(12, 15)
(12, 16)
kaikki ok
Reitin pituus: 11
(15, 3)
(14, 3)
(14, 4)
(14, 5)
(14, 6)
(14, 7)
(14, 8)
(14, 9)
(14, 10)
(14, 11)
(14, 12)
(14, 13)
kaikki ok
Reitin pituus: 1
(10, 3)
(11, 3)
kaikki ok
Reitin pituus: 10
(11, 7)
(12, 7)
(12, 8)
(12, 9)
(13, 9)
(14, 9)
(14, 8)
(14, 7)
(14, 6)
(14, 5)
(14, 4)
kaikki ok
Reitin pituus: 10
(13, 9)
(12, 9)
(12, 8)
(12, 7)
(11, 7)
(10, 7)
(9, 7)
(8, 7)
(7, 7)
(6, 7)
(6, 8)
kaikki ok
Reitin pituus: 19
(7, 3)
(6, 3)
(5, 3)
(4, 3)
(4, 4)
(4, 5)
(4, 6)
(4, 7)
(4, 8)
(4, 9)
(4, 10)
(4, 11)
(4, 12)
(4, 13)
(3, 13)
(2, 13)
(1, 13)
(1, 14)
(1, 15)
(2, 15)
kaikki ok
Reitin pituus: 11
(12, 11)
(11, 11)
(10, 11)
(9, 11)
(8, 11)
(7, 11)
(6, 11)
(6, 10)
(6, 9)
(5, 9)
(4, 9)
(4, 10)
kaikki ok
Reitin pituus: 21
(15, 5)
(14, 5)
(14, 6)
(14, 7)
(14, 8)
(14, 9)
(13, 9)
(12, 9)
(12, 10)
(12, 11)
(12, 12)
(12, 13)
(11, 13)
(10, 13)
(10, 14)
(10, 15)
(9, 15)
(8, 15)
(7, 15)
(6, 15)
(6, 16)
(6, 17)
kaikki ok
Reitin pituus: 12
(8, 13)
(7, 13)
(6, 13)
(6, 12)
(6, 11)
(6, 10)
(6, 9)
(6, 8)
(6, 7)
(7, 7)
(8, 7)
(8, 6)
(8, 5)
kaikki ok
Reitin pituus: 10
(12, 12)
(12, 11)
(12, 10)
(12, 9)
(13, 9)
(14, 9)
(14, 8)
(14, 7)
(14, 6)
(14, 5)
(14, 4)
kaikki ok
Reitin pituus: 17
(5, 19)
(6, 19)
(7, 19)
(8, 19)
(8, 18)
(8, 17)
(7, 17)
(6, 17)
(6, 16)
(6, 15)
(5, 15)
(4, 15)
(4, 14)
(4, 13)
(5, 13)
(6, 13)
(6, 12)
(6, 11)
kaikki ok
Reitin pituus: 2
(15, 5)
(16, 5)
(17, 5)
kaikki ok
Reitin pituus: 11
(11, 17)
(12, 17)
(12, 16)
(12, 15)
(11, 15)
(10, 15)
(9, 15)
(8, 15)
(8, 14)
(8, 13)
(7, 13)
(6, 13)
kaikki ok
Reitin pituus: 10
(2, 15)
(1, 15)
(1, 14)
(1, 13)
(2, 13)
(3, 13)
(4, 13)
(5, 13)
(6, 13)
(6, 12)
(6, 11)
kaikki ok
Reitin pituus: 31
(17, 18)
(17, 17)
(16, 17)
(15, 17)
(14, 17)
(14, 16)
(14, 15)
(13, 15)
(12, 15)
(11, 15)
(10, 15)
(9, 15)
(8, 15)
(8, 14)
(8, 13)
(7, 13)
(6, 13)
(6, 12)
(6, 11)
(6, 10)
(6, 9)
(5, 9)
(4, 9)
(4, 8)
(4, 7)
(4, 6)
(4, 5)
(4, 4)
(4, 3)
(4, 2)
(4, 1)
(3, 1)
kaikki ok
Reitin pituus: 12
(12, 15)
(12, 16)
(12, 17)
(11, 17)
(10, 17)
(10, 18)
(10, 19)
(9, 19)
(8, 19)
(7, 19)
(6, 19)
(5, 19)
(4, 19)
kaikki ok
Reitin pituus: 4
(8, 7)
(9, 7)
(9, 8)
(9, 9)
(8, 9)
kaikki ok
Reitin pituus: 14
(9, 8)
(9, 7)
(8, 7)
(8, 6)
(8, 5)
(7, 5)
(6, 5)
(6, 4)
(6, 3)
(5, 3)
(4, 3)
(3, 3)
(2, 3)
(1, 3)
(1, 2)
kaikki ok
Reitin pituus: 14
(6, 11)
(6, 12)
(6, 13)
(5, 13)
(4, 13)
(4, 14)
(4, 15)
(5, 15)
(6, 15)
(6, 16)
(6, 17)
(7, 17)
(8, 17)
(8, 18)
(8, 19)
kaikki ok
Reitin pituus: 27
(1, 19)
(1, 18)
(1, 17)
(2, 17)
(3, 17)
(4, 17)
(4, 16)
(4, 15)
(4, 14)
(4, 13)
(4, 12)
(4, 11)
(4, 10)
(4, 9)
(4, 8)
(4, 7)
(4, 6)
(4, 5)
(4, 4)
(4, 3)
(5, 3)
(6, 3)
(7, 3)
(8, 3)
(9, 3)
(10, 3)
(11, 3)
(12, 3)
kaikki ok
Reitin pituus: 11
(14, 9)
(14, 10)
(14, 11)
(14, 12)
(14, 13)
(14, 14)
(14, 15)
(13, 15)
(12, 15)
(12, 16)
(12, 17)
(11, 17)
kaikki ok
Reitin pituus: 16
(15, 5)
(14, 5)
(14, 4)
(14, 3)
(13, 3)
(12, 3)
(11, 3)
(10, 3)
(9, 3)
(8, 3)
(7, 3)
(6, 3)
(5, 3)
(4, 3)
(4, 4)
(4, 5)
(3, 5)
kaikki ok
Reitin pituus: 18
(8, 5)
(8, 6)
(8, 7)
(9, 7)
(10, 7)
(11, 7)
(12, 7)
(12, 8)
(12, 9)
(12, 10)
(12, 11)
(12, 12)
(12, 13)
(13, 13)
(14, 13)
(14, 14)
(14, 15)
(13, 15)
(12, 15)
kaikki ok
Reitin pituus: 9
(14, 3)
(13, 3)
(12, 3)
(12, 4)
(12, 5)
(11, 5)
(10, 5)
(10, 6)
(10, 7)
(9, 7)
kaikki ok
Reitin pituus: 9
(11, 11)
(10, 11)
(9, 11)
(8, 11)
(7, 11)
(6, 11)
(6, 10)
(6, 9)
(5, 9)
(4, 9)
kaikki ok
Reitin pituus: 10
(13, 15)
(14, 15)
(14, 14)
(14, 13)
(14, 12)
(14, 11)
(14, 10)
(14, 9)
(14, 8)
(14, 7)
(14, 6)
kaikki ok
Reitin pituus: 17
(10, 3)
(9, 3)
(8, 3)
(7, 3)
(6, 3)
(5, 3)
(4, 3)
(4, 4)
(4, 5)
(4, 6)
(4, 7)
(4, 8)
(4, 9)
(4, 10)
(4, 11)
(4, 12)
(4, 13)
(3, 13)
kaikki ok
Reitin pituus: 19
(13, 3)
(14, 3)
(14, 4)
(14, 5)
(14, 6)
(14, 7)
(14, 8)
(14, 9)
(14, 10)
(14, 11)
(14, 12)
(14, 13)
(14, 14)
(14, 15)
(14, 16)
(14, 17)
(15, 17)
(16, 17)
(17, 17)
(17, 18)
kaikki ok
Reitin pituus: 14
(14, 5)
(14, 6)
(14, 7)
(14, 8)
(14, 9)
(14, 10)
(14, 11)
(14, 12)
(14, 13)
(15, 13)
(16, 13)
(17, 13)
(17, 14)
(17, 15)
(16, 15)
kaikki ok
Reitin pituus: 17
(1, 13)
(2, 13)
(3, 13)
(4, 13)
(4, 12)
(4, 11)
(4, 10)
(4, 9)
(5, 9)
(6, 9)
(6, 8)
(6, 7)
(7, 7)
(8, 7)
(9, 7)
(9, 8)
(9, 9)
(10, 9)
kaikki ok
Reitin pituus: 9
(1, 2)
(1, 3)
(2, 3)
(3, 3)
(4, 3)
(5, 3)
(6, 3)
(6, 4)
(6, 5)
(7, 5)
kaikki ok
Reitin pituus: 19
(2, 15)
(1, 15)
(1, 14)
(1, 13)
(2, 13)
(3, 13)
(4, 13)
(5, 13)
(6, 13)
(6, 12)
(6, 11)
(7, 11)
(8, 11)
(9, 11)
(10, 11)
(11, 11)
(12, 11)
(12, 10)
(12, 9)
(12, 8)
kaikki ok
Reitin pituus: 23
(16, 17)
(15, 17)
(14, 17)
(14, 16)
(14, 15)
(14, 14)
(14, 13)
(14, 12)
(14, 11)
(14, 10)
(14, 9)
(13, 9)
(12, 9)
(12, 8)
(12, 7)
(11, 7)
(10, 7)
(9, 7)
(8, 7)
(8, 6)
(8, 5)
(7, 5)
(6, 5)
(6, 4)
kaikki ok
Reitin pituus: 17
(7, 17)
(6, 17)
(6, 16)
(6, 15)
(5, 15)
(4, 15)
(4, 14)
(4, 13)
(4, 12)
(4, 11)
(4, 10)
(4, 9)
(4, 8)
(4, 7)
(4, 6)
(4, 5)
(4, 4)
(4, 3)
kaikki ok
Reitin pituus: 14
(9, 9)
(9, 8)
(9, 7)
(8, 7)
(7, 7)
(6, 7)
(6, 8)
(6, 9)
(6, 10)
(6, 11)
(6, 12)
(6, 13)
(5, 13)
(4, 13)
(3, 13)
kaikki ok
Reitin pituus: 9
(8, 11)
(7, 11)
(6, 11)
(6, 12)
(6, 13)
(7, 13)
(8, 13)
(8, 14)
(8, 15)
(7, 15)
kaikki ok
Reitin pituus: 13
(9, 9)
(9, 8)
(9, 7)
(10, 7)
(10, 6)
(10, 5)
(11, 5)
(12, 5)
(12, 4)
(12, 3)
(13, 3)
(14, 3)
(14, 4)
(14, 5)
kaikki ok
Reitin pituus: 4
(7, 15)
(6, 15)
(6, 16)
(6, 17)
(7, 17)
kaikki ok
Reitin pituus: 5
(10, 5)
(11, 5)
(12, 5)
(12, 4)
(12, 3)
(13, 3)
kaikki ok
Reitin pituus: 21
(14, 8)
(14, 9)
(14, 10)
(14, 11)
(14, 12)
(14, 13)
(14, 14)
(14, 15)
(13, 15)
(12, 15)
(12, 16)
(12, 17)
(11, 17)
(10, 17)
(10, 18)
(10, 19)
(9, 19)
(8, 19)
(7, 19)
(6, 19)
(5, 19)
(4, 19)
kaikki ok
Reitin pituus: 9
(12, 1)
(11, 1)
(10, 1)
(10, 2)
(10, 3)
(11, 3)
(12, 3)
(12, 4)
(12, 5)
(11, 5)
kaikki ok
Reitin pituus: 8
(12, 9)
(12, 8)
(12, 7)
(11, 7)
(10, 7)
(9, 7)
(9, 8)
(9, 9)
(10, 9)
kaikki ok
Reitin pituus: 27
(11, 19)
(10, 19)
(9, 19)
(8, 19)
(8, 18)
(8, 17)
(7, 17)
(6, 17)
(6, 16)
(6, 15)
(5, 15)
(4, 15)
(4, 14)
(4, 13)
(4, 12)
(4, 11)
(4, 10)
(4, 9)
(4, 8)
(4, 7)
(4, 6)
(4, 5)
(4, 4)
(4, 3)
(4, 2)
(4, 1)
(5, 1)
(6, 1)
kaikki ok
Reitin pituus: 21
(4, 2)
(4, 3)
(5, 3)
(6, 3)
(6, 4)
(6, 5)
(7, 5)
(8, 5)
(8, 6)
(8, 7)
(9, 7)
(10, 7)
(11, 7)
(12, 7)
(12, 8)
(12, 9)
(12, 10)
(12, 11)
(12, 12)
(12, 13)
(13, 13)
(14, 13)
kaikki ok
Reitin pituus: 21
(9, 15)
(10, 15)
(10, 14)
(10, 13)
(11, 13)
(12, 13)
(12, 12)
(12, 11)
(12, 10)
(12, 9)
(13, 9)
(14, 9)
(14, 8)
(14, 7)
(14, 6)
(14, 5)
(14, 4)
(14, 3)
(14, 2)
(14, 1)
(15, 1)
(16, 1)
kaikki ok
Reitin pituus: 13
(10, 5)
(10, 6)
(10, 7)
(11, 7)
(12, 7)
(12, 8)
(12, 9)
(13, 9)
(14, 9)
(14, 10)
(14, 11)
(14, 12)
(14, 13)
(14, 14)
kaikki ok
Reitin pituus: 12
(17, 15)
(17, 14)
(17, 13)
(16, 13)
(15, 13)
(14, 13)
(13, 13)
(12, 13)
(12, 12)
(12, 11)
(12, 10)
(12, 9)
(12, 8)
kaikki ok
Reitin pituus: 29
(4, 1)
(4, 2)
(4, 3)
(5, 3)
(6, 3)
(6, 4)
(6, 5)
(7, 5)
(8, 5)
(8, 6)
(8, 7)
(9, 7)
(10, 7)
(11, 7)
(12, 7)
(12, 8)
(12, 9)
(12, 10)
(12, 11)
(12, 12)
(12, 13)
(13, 13)
(14, 13)
(15, 13)
(16, 13)
(17, 13)
(17, 14)
(17, 15)
(16, 15)
(16, 16)
kaikki ok
Reitin pituus: 20
(8, 6)
(8, 7)
(9, 7)
(10, 7)
(11, 7)
(12, 7)
(12, 8)
(12, 9)
(12, 10)
(12, 11)
(12, 12)
(12, 13)
(13, 13)
(14, 13)
(14, 14)
(14, 15)
(14, 16)
(14, 17)
(15, 17)
(16, 17)
(17, 17)
kaikki ok
Reitin pituus: 2
(10, 7)
(9, 7)
(8, 7)
kaikki ok
Reitin pituus: 7
(9, 11)
(10, 11)
(11, 11)
(12, 11)
(12, 12)
(12, 13)
(13, 13)
(14, 13)
kaikki ok
Reitin pituus: 1
(14, 14)
(14, 15)
kaikki ok
Reitin pituus: 32
(1, 18)
(1, 17)
(2, 17)
(3, 17)
(4, 17)
(4, 16)
(4, 15)
(4, 14)
(4, 13)
(4, 12)
(4, 11)
(4, 10)
(4, 9)
(4, 8)
(4, 7)
(4, 6)
(4, 5)
(4, 4)
(4, 3)
(5, 3)
(6, 3)
(7, 3)
(8, 3)
(9, 3)
(10, 3)
(10, 2)
(10, 1)
(11, 1)
(12, 1)
(13, 1)
(14, 1)
(15, 1)
(16, 1)
kaikki ok
Reitin pituus: 10
(4, 15)
(5, 15)
(6, 15)
(6, 16)
(6, 17)
(7, 17)
(8, 17)
(8, 18)
(8, 19)
(9, 19)
(10, 19)
kaikki ok
Reitin pituus: 8
(12, 8)
(12, 9)
(12, 10)
(12, 11)
(12, 12)
(12, 13)
(13, 13)
(14, 13)
(15, 13)
kaikki ok
Reitin pituus: 26
(7, 19)
(8, 19)
(8, 18)
(8, 17)
(7, 17)
(6, 17)
(6, 16)
(6, 15)
(5, 15)
(4, 15)
(4, 14)
(4, 13)
(4, 12)
(4, 11)
(4, 10)
(4, 9)
(4, 8)
(4, 7)
(4, 6)
(4, 5)
(3, 5)
(2, 5)
(1, 5)
(1, 4)
(1, 3)
(1, 2)
(1, 1)
kaikki ok
Reitin pituus: 7
(6, 5)
(6, 4)
(6, 3)
(5, 3)
(4, 3)
(4, 4)
(4, 5)
(3, 5)
kaikki ok
Reitin pituus: 22
(6, 3)
(5, 3)
(4, 3)
(4, 4)
(4, 5)
(4, 6)
(4, 7)
(4, 8)
(4, 9)
(4, 10)
(4, 11)
(4, 12)
(4, 13)
(4, 14)
(4, 15)
(5, 15)
(6, 15)
(6, 16)
(6, 17)
(7, 17)
(8, 17)
(8, 18)
(8, 19)
kaikki ok
Reitin pituus: 4
(10, 13)
(11, 13)
(12, 13)
(13, 13)
(14, 13)
kaikki ok
Reitin pituus: 10
(12, 13)
(12, 12)
(12, 11)
(11, 11)
(10, 11)
(9, 11)
(8, 11)
(7, 11)
(6, 11)
(6, 12)
(6, 13)
kaikki ok
Reitin pituus: 10
(9, 7)
(10, 7)
(11, 7)
(12, 7)
(12, 8)
(12, 9)
(13, 9)
(14, 9)
(14, 8)
(14, 7)
(14, 6)
kaikki ok
Reitin pituus: 19
(6, 19)
(7, 19)
(8, 19)
(9, 19)
(10, 19)
(10, 18)
(10, 17)
(11, 17)
(12, 17)
(12, 16)
(12, 15)
(13, 15)
(14, 15)
(14, 14)
(14, 13)
(13, 13)
(12, 13)
(12, 12)
(12, 11)
(12, 10)
kaikki ok
Reitin pituus: 21
(10, 13)
(10, 14)
(10, 15)
(9, 15)
(8, 15)
(8, 14)
(8, 13)
(7, 13)
(6, 13)
(6, 12)
(6, 11)
(6, 10)
(6, 9)
(5, 9)
(4, 9)
(4, 8)
(4, 7)
(4, 6)
(4, 5)
(3, 5)
(2, 5)
(1, 5)
kaikki ok
Reitin pituus: 3
(8, 19)
(7, 19)
(6, 19)
(5, 19)
kaikki ok
Reitin pituus: 22
(15, 3)
(14, 3)
(13, 3)
(12, 3)
(12, 4)
(12, 5)
(11, 5)
(10, 5)
(10, 6)
(10, 7)
(9, 7)
(8, 7)
(7, 7)
(6, 7)
(6, 8)
(6, 9)
(5, 9)
(4, 9)
(4, 10)
(4, 11)
(4, 12)
(4, 13)
(4, 14)
kaikki ok
Reitin pituus: 33
(17, 1)
(17, 2)
(17, 3)
(16, 3)
(15, 3)
(14, 3)
(13, 3)
(12, 3)
(12, 4)
(12, 5)
(11, 5)
(10, 5)
(10, 6)
(10, 7)
(9, 7)
(8, 7)
(7, 7)
(6, 7)
(6, 8)
(6, 9)
(6, 10)
(6, 11)
(6, 12)
(6, 13)
(5, 13)
(4, 13)
(4, 14)
(4, 15)
(4, 16)
(4, 17)
(3, 17)
(2, 17)
(1, 17)
(1, 18)
kaikki ok
Reitin pituus: 12
(3, 13)
(4, 13)
(4, 14)
(4, 15)
(5, 15)
(6, 15)
(6, 16)
(6, 17)
(7, 17)
(8, 17)
(8, 18)
(8, 19)
(9, 19)
kaikki ok
Reitin pituus: 10
(9, 19)
(8, 19)
(8, 18)
(8, 17)
(7, 17)
(6, 17)
(6, 16)
(6, 15)
(7, 15)
(8, 15)
(8, 14)
kaikki ok
Reitin pituus: 7
(3, 13)
(4, 13)
(4, 14)
(4, 15)
(5, 15)
(6, 15)
(6, 16)
(6, 17)
kaikki ok
Reitin pituus: 11
(6, 13)
(7, 13)
(8, 13)
(8, 14)
(8, 15)
(9, 15)
(10, 15)
(11, 15)
(12, 15)
(13, 15)
(14, 15)
(14, 14)
kaikki ok
Reitin pituus: 9
(17, 13)
(16, 13)
(15, 13)
(14, 13)
(14, 12)
(14, 11)
(14, 10)
(14, 9)
(13, 9)
(12, 9)
kaikki ok
Reitin pituus: 8
(15, 17)
(14, 17)
(14, 16)
(14, 15)
(13, 15)
(12, 15)
(12, 16)
(12, 17)
(11, 17)
kaikki ok
Reitin pituus: 6
(10, 3)
(11, 3)
(12, 3)
(13, 3)
(14, 3)
(15, 3)
(16, 3)
kaikki ok
Reitin pituus: 6
(6, 7)
(6, 8)
(6, 9)
(6, 10)
(6, 11)
(6, 12)
(6, 13)
kaikki ok
Reitin pituus: 8
(8, 2)
(8, 3)
(9, 3)
(10, 3)
(11, 3)
(12, 3)
(12, 4)
(12, 5)
(11, 5)
kaikki ok
Reitin pituus: 7
(11, 17)
(10, 17)
(10, 18)
(10, 19)
(9, 19)
(8, 19)
(7, 19)
(6, 19)
kaikki ok
Reitin pituus: 17
(6, 17)
(6, 16)
(6, 15)
(5, 15)
(4, 15)
(4, 14)
(4, 13)
(4, 12)
(4, 11)
(4, 10)
(4, 9)
(4, 8)
(4, 7)
(4, 6)
(4, 5)
(4, 4)
(4, 3)
(5, 3)
kaikki ok
Reitin pituus: 17
(14, 19)
(13, 19)
(12, 19)
(11, 19)
(10, 19)
(9, 19)
(8, 19)
(8, 18)
(8, 17)
(7, 17)
(6, 17)
(6, 16)
(6, 15)
(5, 15)
(4, 15)
(4, 14)
(4, 13)
(4, 12)
kaikki ok
Reitin pituus: 12
(8, 7)
(7, 7)
(6, 7)
(6, 8)
(6, 9)
(6, 10)
(6, 11)
(6, 12)
(6, 13)
(7, 13)
(8, 13)
(8, 14)
(8, 15)
kaikki ok
Reitin pituus: 11
(4, 15)
(5, 15)
(6, 15)
(7, 15)
(8, 15)
(9, 15)
(10, 15)
(10, 14)
(10, 13)
(11, 13)
(12, 13)
(12, 12)
kaikki ok
Reitin pituus: 3
(17, 1)
(17, 2)
(17, 3)
(16, 3)
kaikki ok
Reitin pituus: 9
(4, 14)
(4, 13)
(5, 13)
(6, 13)
(6, 12)
(6, 11)
(7, 11)
(8, 11)
(9, 11)
(10, 11)
kaikki ok
Reitin pituus: 16
(10, 14)
(10, 13)
(11, 13)
(12, 13)
(12, 12)
(12, 11)
(12, 10)
(12, 9)
(12, 8)
(12, 7)
(11, 7)
(10, 7)
(10, 6)
(10, 5)
(11, 5)
(12, 5)
(12, 4)
kaikki ok
Reitin pituus: 20
(14, 4)
(14, 5)
(14, 6)
(14, 7)
(14, 8)
(14, 9)
(13, 9)
(12, 9)
(12, 10)
(12, 11)
(11, 11)
(10, 11)
(9, 11)
(8, 11)
(7, 11)
(6, 11)
(6, 12)
(6, 13)
(5, 13)
(4, 13)
(4, 12)
kaikki ok
Reitin pituus: 3
(12, 11)
(12, 12)
(12, 13)
(11, 13)
kaikki ok
Reitin pituus: 25
(13, 19)
(12, 19)
(11, 19)
(10, 19)
(10, 18)
(10, 17)
(11, 17)
(12, 17)
(12, 16)
(12, 15)
(13, 15)
(14, 15)
(14, 14)
(14, 13)
(14, 12)
(14, 11)
(14, 10)
(14, 9)
(14, 8)
(14, 7)
(14, 6)
(14, 5)
(15, 5)
(16, 5)
(17, 5)
(17, 4)
kaikki ok
Reitin pituus: 28
(10, 3)
(9, 3)
(8, 3)
(7, 3)
(6, 3)
(5, 3)
(4, 3)
(4, 4)
(4, 5)
(4, 6)
(4, 7)
(4, 8)
(4, 9)
(4, 10)
(4, 11)
(4, 12)
(4, 13)
(4, 14)
(4, 15)
(4, 16)
(4, 17)
(3, 17)
(2, 17)
(1, 17)
(1, 18)
(1, 19)
(2, 19)
(3, 19)
(4, 19)
kaikki ok
Reitin pituus: 14
(15, 19)
(14, 19)
(13, 19)
(12, 19)
(11, 19)
(10, 19)
(10, 18)
(10, 17)
(11, 17)
(12, 17)
(12, 16)
(12, 15)
(11, 15)
(10, 15)
(10, 14)
kaikki ok
Reitin pituus: 7
(1, 2)
(1, 3)
(1, 4)
(1, 5)
(2, 5)
(3, 5)
(4, 5)
(4, 6)
kaikki ok
Reitin pituus: 5
(12, 10)
(12, 11)
(11, 11)
(10, 11)
(9, 11)
(8, 11)
kaikki ok
Reitin pituus: 0
(9, 15)
kaikki ok
Reitin pituus: 17
(1, 5)
(1, 4)
(1, 3)
(2, 3)
(3, 3)
(4, 3)
(5, 3)
(6, 3)
(7, 3)
(8, 3)
(9, 3)
(10, 3)
(10, 2)
(10, 1)
(11, 1)
(12, 1)
(13, 1)
(14, 1)
kaikki ok
Reitin pituus: 6
(8, 3)
(9, 3)
(10, 3)
(11, 3)
(12, 3)
(12, 4)
(12, 5)
kaikki ok
Reitin pituus: 17
(4, 6)
(4, 5)
(4, 4)
(4, 3)
(5, 3)
(6, 3)
(7, 3)
(8, 3)
(9, 3)
(10, 3)
(11, 3)
(12, 3)
(13, 3)
(14, 3)
(14, 4)
(14, 5)
(14, 6)
(14, 7)
kaikki ok
Reitin pituus: 18
(14, 1)
(14, 2)
(14, 3)
(13, 3)
(12, 3)
(12, 4)
(12, 5)
(11, 5)
(10, 5)
(10, 6)
(10, 7)
(9, 7)
(8, 7)
(7, 7)
(6, 7)
(6, 8)
(6, 9)
(6, 10)
(6, 11)
kaikki ok
Reitin pituus: 24
(9, 19)
(10, 19)
(10, 18)
(10, 17)
(11, 17)
(12, 17)
(12, 16)
(12, 15)
(13, 15)
(14, 15)
(14, 14)
(14, 13)
(14, 12)
(14, 11)
(14, 10)
(14, 9)
(13, 9)
(12, 9)
(12, 8)
(12, 7)
(11, 7)
(10, 7)
(9, 7)
(9, 8)
(9, 9)
kaikki ok
Reitin pituus: 5
(15, 1)
(14, 1)
(13, 1)
(12, 1)
(11, 1)
(10, 1)
kaikki ok
Reitin pituus: 2
(14, 4)
(14, 3)
(13, 3)
kaikki ok
Reitin pituus: 12
(13, 3)
(14, 3)
(14, 4)
(14, 5)
(14, 6)
(14, 7)
(14, 8)
(14, 9)
(13, 9)
(12, 9)
(12, 10)
(12, 11)
(12, 12)
kaikki ok
Reitin pituus: 10
(4, 15)
(4, 14)
(4, 13)
(4, 12)
(4, 11)
(4, 10)
(4, 9)
(5, 9)
(6, 9)
(6, 8)
(6, 7)
kaikki ok
Reitin pituus: 11
(6, 5)
(7, 5)
(8, 5)
(8, 6)
(8, 7)
(7, 7)
(6, 7)
(6, 8)
(6, 9)
(5, 9)
(4, 9)
(4, 10)
kaikki ok
Reitin pituus: 9
(14, 14)
(14, 15)
(13, 15)
(12, 15)
(11, 15)
(10, 15)
(9, 15)
(8, 15)
(7, 15)
(6, 15)
kaikki ok
Reitin pituus: 14
(14, 14)
(14, 13)
(14, 12)
(14, 11)
(14, 10)
(14, 9)
(14, 8)
(14, 7)
(14, 6)
(14, 5)
(14, 4)
(14, 3)
(13, 3)
(12, 3)
(11, 3)
kaikki ok
Reitin pituus: 14
(10, 5)
(10, 6)
(10, 7)
(11, 7)
(12, 7)
(12, 8)
(12, 9)
(12, 10)
(12, 11)
(12, 12)
(12, 13)
(11, 13)
(10, 13)
(10, 14)
(10, 15)
kaikki ok
Reitin pituus: 10
(4, 12)
(4, 13)
(5, 13)
(6, 13)
(7, 13)
(8, 13)
(8, 14)
(8, 15)
(9, 15)
(10, 15)
(10, 14)
kaikki ok
Reitin pituus: 5
(12, 17)
(11, 17)
(10, 17)
(10, 18)
(10, 19)
(11, 19)
kaikki ok
Reitin pituus: 5
(11, 5)
(12, 5)
(12, 4)
(12, 3)
(11, 3)
(10, 3)
kaikki ok
Reitin pituus: 14
(12, 11)
(12, 10)
(12, 9)
(12, 8)
(12, 7)
(11, 7)
(10, 7)
(9, 7)
(8, 7)
(8, 6)
(8, 5)
(7, 5)
(6, 5)
(6, 4)
(6, 3)
kaikki ok
Reitin pituus: 23
(1, 4)
(1, 3)
(2, 3)
(3, 3)
(4, 3)
(5, 3)
(6, 3)
(6, 4)
(6, 5)
(7, 5)
(8, 5)
(8, 6)
(8, 7)
(9, 7)
(10, 7)
(11, 7)
(12, 7)
(12, 8)
(12, 9)
(13, 9)
(14, 9)
(14, 10)
(14, 11)
(14, 12)
kaikki ok
Reitin pituus: 23
(6, 17)
(6, 16)
(6, 15)
(7, 15)
(8, 15)
(9, 15)
(10, 15)
(10, 14)
(10, 13)
(11, 13)
(12, 13)
(12, 12)
(12, 11)
(12, 10)
(12, 9)
(12, 8)
(12, 7)
(11, 7)
(10, 7)
(10, 6)
(10, 5)
(11, 5)
(12, 5)
(12, 4)
kaikki ok
Reitin pituus: 9
(4, 16)
(4, 15)
(5, 15)
(6, 15)
(7, 15)
(8, 15)
(9, 15)
(10, 15)
(10, 14)
(10, 13)
kaikki ok
Reitin pituus: 17
(14, 19)
(13, 19)
(12, 19)
(11, 19)
(10, 19)
(9, 19)
(8, 19)
(8, 18)
(8, 17)
(7, 17)
(6, 17)
(6, 16)
(6, 15)
(5, 15)
(4, 15)
(4, 14)
(4, 13)
(3, 13)
kaikki ok
Reitin pituus: 0
(12, 16)
kaikki ok
Reitin pituus: 15
(7, 1)
(8, 1)
(8, 2)
(8, 3)
(9, 3)
(10, 3)
(11, 3)
(12, 3)
(12, 4)
(12, 5)
(11, 5)
(10, 5)
(10, 6)
(10, 7)
(11, 7)
(12, 7)
kaikki ok
Reitin pituus: 12
(4, 12)
(4, 13)
(5, 13)
(6, 13)
(7, 13)
(8, 13)
(8, 14)
(8, 15)
(9, 15)
(10, 15)
(10, 14)
(10, 13)
(11, 13)
kaikki ok
Reitin pituus: 6
(4, 9)
(5, 9)
(6, 9)
(6, 10)
(6, 11)
(7, 11)
(8, 11)
kaikki ok
Reitin pituus: 22
(2, 15)
(2, 16)
(2, 17)
(3, 17)
(4, 17)
(4, 16)
(4, 15)
(5, 15)
(6, 15)
(7, 15)
(8, 15)
(9, 15)
(10, 15)
(10, 14)
(10, 13)
(11, 13)
(12, 13)
(13, 13)
(14, 13)
(15, 13)
(16, 13)
(17, 13)
(17, 14)
kaikki ok
Reitin pituus: 8
(17, 3)
(16, 3)
(15, 3)
(14, 3)
(13, 3)
(12, 3)
(12, 4)
(12, 5)
(11, 5)
kaikki ok
Reitin pituus: 14
(14, 4)
(14, 3)
(13, 3)
(12, 3)
(12, 4)
(12, 5)
(11, 5)
(10, 5)
(10, 6)
(10, 7)
(9, 7)
(8, 7)
(7, 7)
(6, 7)
(6, 8)
kaikki ok
Reitin pituus: 15
(8, 19)
(9, 19)
(10, 19)
(11, 19)
(12, 19)
(13, 19)
(14, 19)
(15, 19)
(16, 19)
(17, 19)
(17, 18)
(17, 17)
(16, 17)
(16, 16)
(16, 15)
(17, 15)
kaikki ok
Reitin pituus: 14
(6, 13)
(6, 12)
(6, 11)
(6, 10)
(6, 9)
(6, 8)
(6, 7)
(7, 7)
(8, 7)
(8, 6)
(8, 5)
(7, 5)
(6, 5)
(6, 4)
(6, 3)
kaikki ok
Reitin pituus: 5
(7, 13)
(6, 13)
(5, 13)
(4, 13)
(4, 14)
(4, 15)
kaikki ok
Reitin pituus: 18
(14, 16)
(14, 15)
(14, 14)
(14, 13)
(14, 12)
(14, 11)
(14, 10)
(14, 9)
(14, 8)
(14, 7)
(14, 6)
(14, 5)
(14, 4)
(14, 3)
(14, 2)
(14, 1)
(13, 1)
(12, 1)
(11, 1)
kaikki ok
Reitin pituus: 25
(10, 3)
(9, 3)
(8, 3)
(7, 3)
(6, 3)
(5, 3)
(4, 3)
(4, 4)
(4, 5)
(4, 6)
(4, 7)
(4, 8)
(4, 9)
(4, 10)
(4, 11)
(4, 12)
(4, 13)
(4, 14)
(4, 15)
(5, 15)
(6, 15)
(6, 16)
(6, 17)
(7, 17)
(8, 17)
(8, 18)
kaikki ok
Reitin pituus: 10
(1, 14)
(1, 13)
(2, 13)
(3, 13)
(4, 13)
(5, 13)
(6, 13)
(6, 12)
(6, 11)
(7, 11)
(8, 11)
kaikki ok
Reitin pituus: 16
(17, 5)
(16, 5)
(15, 5)
(14, 5)
(14, 6)
(14, 7)
(14, 8)
(14, 9)
(14, 10)
(14, 11)
(14, 12)
(14, 13)
(14, 14)
(14, 15)
(13, 15)
(12, 15)
(12, 16)
kaikki ok
Reitin pituus: 18
(12, 1)
(11, 1)
(10, 1)
(10, 2)
(10, 3)
(9, 3)
(8, 3)
(7, 3)
(6, 3)
(5, 3)
(4, 3)
(4, 4)
(4, 5)
(4, 6)
(4, 7)
(4, 8)
(4, 9)
(5, 9)
(6, 9)
kaikki ok
Reitin pituus: 4
(17, 14)
(17, 15)
(16, 15)
(16, 16)
(16, 17)
kaikki ok
Reitin pituus: 27
(10, 1)
(11, 1)
(12, 1)
(13, 1)
(14, 1)
(14, 2)
(14, 3)
(14, 4)
(14, 5)
(14, 6)
(14, 7)
(14, 8)
(14, 9)
(14, 10)
(14, 11)
(14, 12)
(14, 13)
(14, 14)
(14, 15)
(13, 15)
(12, 15)
(12, 16)
(12, 17)
(11, 17)
(10, 17)
(10, 18)
(10, 19)
(11, 19)
kaikki ok
Reitin pituus: 8
(14, 7)
(14, 6)
(14, 5)
(14, 4)
(14, 3)
(13, 3)
(12, 3)
(12, 4)
(12, 5)
kaikki ok
Reitin pituus: 21
(17, 18)
(17, 17)
(16, 17)
(15, 17)
(14, 17)
(14, 16)
(14, 15)
(14, 14)
(14, 13)
(14, 12)
(14, 11)
(14, 10)
(14, 9)
(14, 8)
(14, 7)
(14, 6)
(14, 5)
(14, 4)
(14, 3)
(14, 2)
(14, 1)
(13, 1)
kaikki ok
Reitin pituus: 21
(13, 3)
(14, 3)
(14, 4)
(14, 5)
(14, 6)
(14, 7)
(14, 8)
(14, 9)
(14, 10)
(14, 11)
(14, 12)
(14, 13)
(14, 14)
(14, 15)
(14, 16)
(14, 17)
(15, 17)
(16, 17)
(17, 17)
(17, 18)
(17, 19)
(16, 19)
kaikki ok
Reitin pituus: 22
(8, 15)
(8, 14)
(8, 13)
(7, 13)
(6, 13)
(6, 12)
(6, 11)
(6, 10)
(6, 9)
(5, 9)
(4, 9)
(4, 8)
(4, 7)
(4, 6)
(4, 5)
(4, 4)
(4, 3)
(4, 2)
(4, 1)
(5, 1)
(6, 1)
(7, 1)
(8, 1)
kaikki ok
Reitin pituus: 23
(17, 14)
(17, 13)
(16, 13)
(15, 13)
(14, 13)
(13, 13)
(12, 13)
(12, 12)
(12, 11)
(11, 11)
(10, 11)
(9, 11)
(8, 11)
(7, 11)
(6, 11)
(6, 10)
(6, 9)
(5, 9)
(4, 9)
(4, 8)
(4, 7)
(4, 6)
(4, 5)
(4, 4)
kaikki ok
Reitin pituus: 14
(14, 13)
(14, 14)
(14, 15)
(13, 15)
(12, 15)
(11, 15)
(10, 15)
(9, 15)
(8, 15)
(7, 15)
(6, 15)
(5, 15)
(4, 15)
(4, 16)
(4, 17)
kaikki ok
Reitin pituus: 17
(14, 13)
(14, 12)
(14, 11)
(14, 10)
(14, 9)
(14, 8)
(14, 7)
(14, 6)
(14, 5)
(14, 4)
(14, 3)
(13, 3)
(12, 3)
(11, 3)
(10, 3)
(9, 3)
(8, 3)
(7, 3)
kaikki ok
Reitin pituus: 13
(17, 5)
(16, 5)
(15, 5)
(14, 5)
(14, 6)
(14, 7)
(14, 8)
(14, 9)
(14, 10)
(14, 11)
(14, 12)
(14, 13)
(13, 13)
(12, 13)
kaikki ok
Reitin pituus: 23
(11, 1)
(10, 1)
(10, 2)
(10, 3)
(9, 3)
(8, 3)
(7, 3)
(6, 3)
(5, 3)
(4, 3)
(4, 4)
(4, 5)
(4, 6)
(4, 7)
(4, 8)
(4, 9)
(4, 10)
(4, 11)
(4, 12)
(4, 13)
(4, 14)
(4, 15)
(4, 16)
(4, 17)
kaikki ok
Reitin pituus: 13
(16, 19)
(15, 19)
(14, 19)
(13, 19)
(12, 19)
(11, 19)
(10, 19)
(9, 19)
(8, 19)
(8, 18)
(8, 17)
(7, 17)
(6, 17)
(6, 16)
kaikki ok
Reitin pituus: 11
(12, 11)
(12, 12)
(12, 13)
(11, 13)
(10, 13)
(10, 14)
(10, 15)
(9, 15)
(8, 15)
(7, 15)
(6, 15)
(5, 15)
kaikki ok
Reitin pituus: 14
(11, 15)
(12, 15)
(12, 16)
(12, 17)
(11, 17)
(10, 17)
(10, 18)
(10, 19)
(9, 19)
(8, 19)
(7, 19)
(6, 19)
(5, 19)
(4, 19)
(3, 19)
kaikki ok
Reitin pituus: 13
(10, 2)
(10, 3)
(11, 3)
(12, 3)
(12, 4)
(12, 5)
(11, 5)
(10, 5)
(10, 6)
(10, 7)
(11, 7)
(12, 7)
(12, 8)
(12, 9)
kaikki ok
Reitin pituus: 6
(10, 11)
(9, 11)
(8, 11)
(7, 11)
(6, 11)
(6, 10)
(6, 9)
kaikki ok
Reitin pituus: 13
(17, 3)
(16, 3)
(15, 3)
(14, 3)
(14, 4)
(14, 5)
(14, 6)
(14, 7)
(14, 8)
(14, 9)
(13, 9)
(12, 9)
(12, 10)
(12, 11)
kaikki ok
Reitin pituus: 21
(8, 18)
(8, 17)
(7, 17)
(6, 17)
(6, 16)
(6, 15)
(5, 15)
(4, 15)
(4, 14)
(4, 13)
(4, 12)
(4, 11)
(4, 10)
(4, 9)
(4, 8)
(4, 7)
(4, 6)
(4, 5)
(3, 5)
(2, 5)
(1, 5)
(1, 4)
kaikki ok
Reitin pituus: 9
(10, 5)
(11, 5)
(12, 5)
(12, 4)
(12, 3)
(13, 3)
(14, 3)
(14, 2)
(14, 1)
(13, 1)
kaikki ok
Reitin pituus: 12
(10, 9)
(9, 9)
(9, 8)
(9, 7)
(8, 7)
(8, 6)
(8, 5)
(7, 5)
(6, 5)
(6, 4)
(6, 3)
(5, 3)
(4, 3)
kaikki ok
Reitin pituus: 6
(12, 10)
(12, 11)
(12, 12)
(12, 13)
(11, 13)
(10, 13)
(10, 14)
kaikki ok
Reitin pituus: 12
(14, 2)
(14, 3)
(13, 3)
(12, 3)
(12, 4)
(12, 5)
(11, 5)
(10, 5)
(10, 6)
(10, 7)
(9, 7)
(9, 8)
(9, 9)
kaikki ok
Reitin pituus: 18
(1, 15)
(1, 14)
(1, 13)
(2, 13)
(3, 13)
(4, 13)
(4, 12)
(4, 11)
(4, 10)
(4, 9)
(4, 8)
(4, 7)
(4, 6)
(4, 5)
(4, 4)
(4, 3)
(5, 3)
(6, 3)
(6, 4)
kaikki ok
Reitin pituus: 6
(13, 9)
(12, 9)
(12, 10)
(12, 11)
(12, 12)
(12, 13)
(11, 13)
kaikki ok
Reitin pituus: 9
(16, 17)
(15, 17)
(14, 17)
(14, 16)
(14, 15)
(14, 14)
(14, 13)
(14, 12)
(14, 11)
(14, 10)
kaikki ok
Reitin pituus: 26
(13, 19)
(12, 19)
(11, 19)
(10, 19)
(10, 18)
(10, 17)
(11, 17)
(12, 17)
(12, 16)
(12, 15)
(13, 15)
(14, 15)
(14, 14)
(14, 13)
(14, 12)
(14, 11)
(14, 10)
(14, 9)
(14, 8)
(14, 7)
(14, 6)
(14, 5)
(14, 4)
(14, 3)
(13, 3)
(12, 3)
(11, 3)
kaikki ok
Reitin pituus: 22
(12, 15)
(11, 15)
(10, 15)
(9, 15)
(8, 15)
(7, 15)
(6, 15)
(5, 15)
(4, 15)
(4, 14)
(4, 13)
(4, 12)
(4, 11)
(4, 10)
(4, 9)
(4, 8)
(4, 7)
(4, 6)
(4, 5)
(3, 5)
(2, 5)
(1, 5)
(1, 4)
kaikki ok
Reitin pituus: 15
(9, 15)
(8, 15)
(8, 14)
(8, 13)
(7, 13)
(6, 13)
(6, 12)
(6, 11)
(6, 10)
(6, 9)
(5, 9)
(4, 9)
(4, 8)
(4, 7)
(4, 6)
(4, 5)
kaikki ok
Reitin pituus: 17
(7, 13)
(6, 13)
(6, 12)
(6, 11)
(6, 10)
(6, 9)
(5, 9)
(4, 9)
(4, 8)
(4, 7)
(4, 6)
(4, 5)
(4, 4)
(4, 3)
(4, 2)
(4, 1)
(3, 1)
(2, 1)
kaikki ok
Reitin pituus: 15
(1, 5)
(1, 4)
(1, 3)
(2, 3)
(3, 3)
(4, 3)
(5, 3)
(6, 3)
(6, 4)
(6, 5)
(7, 5)
(8, 5)
(8, 6)
(8, 7)
(9, 7)
(10, 7)
kaikki ok
Reitin pituus: 23
(9, 7)
(8, 7)
(7, 7)
(6, 7)
(6, 8)
(6, 9)
(5, 9)
(4, 9)
(4, 10)
(4, 11)
(4, 12)
(4, 13)
(4, 14)
(4, 15)
(5, 15)
(6, 15)
(6, 16)
(6, 17)
(7, 17)
(8, 17)
(8, 18)
(8, 19)
(7, 19)
(6, 19)
kaikki ok
Reitin pituus: 9
(2, 3)
(3, 3)
(4, 3)
(5, 3)
(6, 3)
(6, 4)
(6, 5)
(7, 5)
(8, 5)
(8, 6)
kaikki ok
Reitin pituus: 12
(16, 13)
(15, 13)
(14, 13)
(14, 12)
(14, 11)
(14, 10)
(14, 9)
(14, 8)
(14, 7)
(14, 6)
(14, 5)
(15, 5)
(16, 5)
kaikki ok
Reitin pituus: 9
(1, 13)
(1, 14)
(1, 15)
(2, 15)
(2, 16)
(2, 17)
(1, 17)
(1, 18)
(1, 19)
(2, 19)
kaikki ok
Reitin pituus: 21
(3, 19)
(4, 19)
(5, 19)
(6, 19)
(7, 19)
(8, 19)
(9, 19)
(10, 19)
(10, 18)
(10, 17)
(11, 17)
(12, 17)
(12, 16)
(12, 15)
(13, 15)
(14, 15)
(14, 14)
(14, 13)
(14, 12)
(14, 11)
(14, 10)
(14, 9)
kaikki ok
Reitin pituus: 7
(10, 11)
(11, 11)
(12, 11)
(12, 12)
(12, 13)
(13, 13)
(14, 13)
(15, 13)
kaikki ok
Reitin pituus: 17
(12, 17)
(12, 16)
(12, 15)
(13, 15)
(14, 15)
(14, 14)
(14, 13)
(14, 12)
(14, 11)
(14, 10)
(14, 9)
(13, 9)
(12, 9)
(12, 8)
(12, 7)
(11, 7)
(10, 7)
(10, 6)
kaikki ok
Reitin pituus: 18
(7, 3)
(6, 3)
(5, 3)
(4, 3)
(4, 4)
(4, 5)
(4, 6)
(4, 7)
(4, 8)
(4, 9)
(4, 10)
(4, 11)
(4, 12)
(4, 13)
(4, 14)
(4, 15)
(5, 15)
(6, 15)
(6, 16)
kaikki ok
Reitin pituus: 8
(17, 3)
(16, 3)
(15, 3)
(14, 3)
(14, 4)
(14, 5)
(14, 6)
(14, 7)
(14, 8)
kaikki ok
Reitin pituus: 13
(15, 5)
(14, 5)
(14, 6)
(14, 7)
(14, 8)
(14, 9)
(13, 9)
(12, 9)
(12, 8)
(12, 7)
(11, 7)
(10, 7)
(9, 7)
(9, 8)
kaikki ok
Reitin pituus: 12
(7, 3)
(6, 3)
(5, 3)
(4, 3)
(4, 4)
(4, 5)
(4, 6)
(4, 7)
(4, 8)
(4, 9)
(4, 10)
(4, 11)
(4, 12)
kaikki ok
Reitin pituus: 15
(16, 5)
(15, 5)
(14, 5)
(14, 6)
(14, 7)
(14, 8)
(14, 9)
(13, 9)
(12, 9)
(12, 8)
(12, 7)
(11, 7)
(10, 7)
(9, 7)
(9, 8)
(9, 9)
kaikki ok
Reitin pituus: 0
(8, 5)
kaikki ok
Reitin pituus: 16
(17, 15)
(16, 15)
(16, 16)
(16, 17)
(15, 17)
(14, 17)
(14, 16)
(14, 15)
(13, 15)
(12, 15)
(11, 15)
(10, 15)
(9, 15)
(8, 15)
(7, 15)
(6, 15)
(5, 15)
kaikki ok
Reitin pituus: 29
(17, 18)
(17, 17)
(16, 17)
(15, 17)
(14, 17)
(14, 16)
(14, 15)
(14, 14)
(14, 13)
(14, 12)
(14, 11)
(14, 10)
(14, 9)
(14, 8)
(14, 7)
(14, 6)
(14, 5)
(14, 4)
(14, 3)
(13, 3)
(12, 3)
(11, 3)
(10, 3)
(9, 3)
(8, 3)
(8, 2)
(8, 1)
(7, 1)
(6, 1)
(5, 1)
kaikki ok
Reitin pituus: 13
(2, 19)
(3, 19)
(4, 19)
(5, 19)
(6, 19)
(7, 19)
(8, 19)
(9, 19)
(10, 19)
(11, 19)
(12, 19)
(13, 19)
(14, 19)
(15, 19)
kaikki ok
Reitin pituus: 8
(1, 15)
(1, 14)
(1, 13)
(2, 13)
(3, 13)
(4, 13)
(5, 13)
(6, 13)
(6, 12)
kaikki ok
Reitin pituus: 12
(4, 9)
(4, 10)
(4, 11)
(4, 12)
(4, 13)
(4, 14)
(4, 15)
(5, 15)
(6, 15)
(7, 15)
(8, 15)
(9, 15)
(10, 15)
kaikki ok
Reitin pituus: 13
(2, 13)
(3, 13)
(4, 13)
(4, 12)
(4, 11)
(4, 10)
(4, 9)
(4, 8)
(4, 7)
(4, 6)
(4, 5)
(4, 4)
(4, 3)
(4, 2)
kaikki ok
Reitin pituus: 10
(6, 7)
(7, 7)
(8, 7)
(9, 7)
(10, 7)
(11, 7)
(12, 7)
(12, 8)
(12, 9)
(13, 9)
(14, 9)
kaikki ok
Reitin pituus: 26
(8, 17)
(7, 17)
(6, 17)
(6, 16)
(6, 15)
(7, 15)
(8, 15)
(9, 15)
(10, 15)
(10, 14)
(10, 13)
(11, 13)
(12, 13)
(12, 12)
(12, 11)
(12, 10)
(12, 9)
(13, 9)
(14, 9)
(14, 8)
(14, 7)
(14, 6)
(14, 5)
(14, 4)
(14, 3)
(14, 2)
(14, 1)
kaikki ok
Reitin pituus: 17
(14, 9)
(14, 10)
(14, 11)
(14, 12)
(14, 13)
(14, 14)
(14, 15)
(13, 15)
(12, 15)
(12, 16)
(12, 17)
(11, 17)
(10, 17)
(10, 18)
(10, 19)
(9, 19)
(8, 19)
(8, 18)
kaikki ok
Reitin pituus: 20
(10, 19)
(10, 18)
(10, 17)
(11, 17)
(12, 17)
(12, 16)
(12, 15)
(13, 15)
(14, 15)
(14, 14)
(14, 13)
(14, 12)
(14, 11)
(14, 10)
(14, 9)
(13, 9)
(12, 9)
(12, 8)
(12, 7)
(11, 7)
(10, 7)
kaikki ok
Reitin pituus: 17
(16, 17)
(17, 17)
(17, 18)
(17, 19)
(16, 19)
(15, 19)
(14, 19)
(13, 19)
(12, 19)
(11, 19)
(10, 19)
(9, 19)
(8, 19)
(7, 19)
(6, 19)
(5, 19)
(4, 19)
(3, 19)
kaikki ok
Reitin pituus: 19
(6, 5)
(7, 5)
(8, 5)
(8, 6)
(8, 7)
(7, 7)
(6, 7)
(6, 8)
(6, 9)
(6, 10)
(6, 11)
(6, 12)
(6, 13)
(7, 13)
(8, 13)
(8, 14)
(8, 15)
(7, 15)
(6, 15)
(6, 16)
kaikki ok
Reitin pituus: 8
(12, 15)
(13, 15)
(14, 15)
(14, 14)
(14, 13)
(14, 12)
(14, 11)
(14, 10)
(14, 9)
kaikki ok
Reitin pituus: 6
(4, 7)
(4, 8)
(4, 9)
(5, 9)
(6, 9)
(6, 10)
(6, 11)
kaikki ok
Reitin pituus: 15
(14, 17)
(14, 16)
(14, 15)
(14, 14)
(14, 13)
(13, 13)
(12, 13)
(12, 12)
(12, 11)
(12, 10)
(12, 9)
(12, 8)
(12, 7)
(11, 7)
(10, 7)
(9, 7)
kaikki ok
Reitin pituus: 4
(4, 5)
(4, 4)
(4, 3)
(4, 2)
(4, 1)
kaikki ok
Reitin pituus: 17
(14, 17)
(14, 16)
(14, 15)
(13, 15)
(12, 15)
(11, 15)
(10, 15)
(9, 15)
(8, 15)
(8, 14)
(8, 13)
(7, 13)
(6, 13)
(5, 13)
(4, 13)
(3, 13)
(2, 13)
(1, 13)
kaikki ok
Reitin pituus: 15
(3, 3)
(4, 3)
(5, 3)
(6, 3)
(7, 3)
(8, 3)
(9, 3)
(10, 3)
(11, 3)
(12, 3)
(13, 3)
(14, 3)
(15, 3)
(16, 3)
(17, 3)
(17, 2)
kaikki ok
Reitin pituus: 11
(2, 13)
(3, 13)
(4, 13)
(5, 13)
(6, 13)
(6, 12)
(6, 11)
(6, 10)
(6, 9)
(6, 8)
(6, 7)
(7, 7)
kaikki ok
Reitin pituus: 14
(12, 3)
(11, 3)
(10, 3)
(9, 3)
(8, 3)
(7, 3)
(6, 3)
(5, 3)
(4, 3)
(4, 4)
(4, 5)
(4, 6)
(4, 7)
(4, 8)
(4, 9)
kaikki ok
Reitin pituus: 17
(6, 3)
(5, 3)
(4, 3)
(4, 4)
(4, 5)
(4, 6)
(4, 7)
(4, 8)
(4, 9)
(4, 10)
(4, 11)
(4, 12)
(4, 13)
(5, 13)
(6, 13)
(7, 13)
(8, 13)
(8, 14)
kaikki ok
Reitin pituus: 12
(10, 7)
(9, 7)
(8, 7)
(7, 7)
(6, 7)
(6, 8)
(6, 9)
(5, 9)
(4, 9)
(4, 10)
(4, 11)
(4, 12)
(4, 13)
kaikki ok
Reitin pituus: 25
(11, 1)
(10, 1)
(10, 2)
(10, 3)
(9, 3)
(8, 3)
(7, 3)
(6, 3)
(5, 3)
(4, 3)
(4, 4)
(4, 5)
(4, 6)
(4, 7)
(4, 8)
(4, 9)
(4, 10)
(4, 11)
(4, 12)
(4, 13)
(3, 13)
(2, 13)
(1, 13)
(1, 14)
(1, 15)
(2, 15)
kaikki ok
Reitin pituus: 11
(12, 11)
(11, 11)
(10, 11)
(9, 11)
(8, 11)
(7, 11)
(6, 11)
(6, 12)
(6, 13)
(5, 13)
(4, 13)
(4, 12)
kaikki ok
Reitin pituus: 11
(10, 1)
(11, 1)
(12, 1)
(13, 1)
(14, 1)
(14, 2)
(14, 3)
(14, 4)
(14, 5)
(14, 6)
(14, 7)
(14, 8)
kaikki ok
Reitin pituus: 9
(10, 17)
(11, 17)
(12, 17)
(12, 16)
(12, 15)
(11, 15)
(10, 15)
(9, 15)
(8, 15)
(7, 15)
kaikki ok
Reitin pituus: 13
(12, 5)
(11, 5)
(10, 5)
(10, 6)
(10, 7)
(9, 7)
(8, 7)
(7, 7)
(6, 7)
(6, 8)
(6, 9)
(6, 10)
(6, 11)
(7, 11)
kaikki ok
Reitin pituus: 18
(17, 13)
(16, 13)
(15, 13)
(14, 13)
(13, 13)
(12, 13)
(12, 12)
(12, 11)
(11, 11)
(10, 11)
(9, 11)
(8, 11)
(7, 11)
(6, 11)
(6, 12)
(6, 13)
(5, 13)
(4, 13)
(3, 13)
kaikki ok
Reitin pituus: 10
(16, 17)
(15, 17)
(14, 17)
(14, 16)
(14, 15)
(14, 14)
(14, 13)
(13, 13)
(12, 13)
(11, 13)
(10, 13)
kaikki ok
Reitin pituus: 2
(17, 19)
(17, 18)
(17, 17)
kaikki ok
Reitin pituus: 14
(17, 5)
(16, 5)
(15, 5)
(14, 5)
(14, 6)
(14, 7)
(14, 8)
(14, 9)
(14, 10)
(14, 11)
(14, 12)
(14, 13)
(14, 14)
(14, 15)
(14, 16)
kaikki ok
Reitin pituus: 10
(6, 10)
(6, 9)
(6, 8)
(6, 7)
(7, 7)
(8, 7)
(9, 7)
(10, 7)
(11, 7)
(12, 7)
(12, 8)
kaikki ok
Reitin pituus: 20
(14, 19)
(13, 19)
(12, 19)
(11, 19)
(10, 19)
(9, 19)
(8, 19)
(8, 18)
(8, 17)
(7, 17)
(6, 17)
(6, 16)
(6, 15)
(5, 15)
(4, 15)
(4, 14)
(4, 13)
(4, 12)
(4, 11)
(4, 10)
(4, 9)
kaikki ok
Reitin pituus: 16
(2, 13)
(3, 13)
(4, 13)
(4, 14)
(4, 15)
(5, 15)
(6, 15)
(7, 15)
(8, 15)
(9, 15)
(10, 15)
(11, 15)
(12, 15)
(13, 15)
(14, 15)
(14, 14)
(14, 13)
kaikki ok
Reitin pituus: 4
(7, 15)
(6, 15)
(6, 16)
(6, 17)
(7, 17)
kaikki ok
Reitin pituus: 14
(1, 14)
(1, 13)
(2, 13)
(3, 13)
(4, 13)
(4, 14)
(4, 15)
(5, 15)
(6, 15)
(6, 16)
(6, 17)
(7, 17)
(8, 17)
(8, 18)
(8, 19)
kaikki ok
Reitin pituus: 11
(8, 6)
(8, 7)
(9, 7)
(10, 7)
(10, 6)
(10, 5)
(11, 5)
(12, 5)
(12, 4)
(12, 3)
(13, 3)
(14, 3)
kaikki ok
Reitin pituus: 14
(5, 1)
(6, 1)
(7, 1)
(8, 1)
(8, 2)
(8, 3)
(9, 3)
(10, 3)
(11, 3)
(12, 3)
(13, 3)
(14, 3)
(14, 4)
(14, 5)
(15, 5)
kaikki ok
Reitin pituus: 19
(17, 5)
(16, 5)
(15, 5)
(14, 5)
(14, 6)
(14, 7)
(14, 8)
(14, 9)
(14, 10)
(14, 11)
(14, 12)
(14, 13)
(14, 14)
(14, 15)
(13, 15)
(12, 15)
(11, 15)
(10, 15)
(9, 15)
(8, 15)
kaikki ok
Reitin pituus: 6
(14, 12)
(14, 11)
(14, 10)
(14, 9)
(13, 9)
(12, 9)
(12, 10)
kaikki ok
Reitin pituus: 12
(11, 13)
(10, 13)
(10, 14)
(10, 15)
(9, 15)
(8, 15)
(7, 15)
(6, 15)
(5, 15)
(4, 15)
(4, 16)
(4, 17)
(3, 17)
kaikki ok
Reitin pituus: 14
(8, 17)
(7, 17)
(6, 17)
(6, 16)
(6, 15)
(5, 15)
(4, 15)
(4, 14)
(4, 13)
(4, 12)
(4, 11)
(4, 10)
(4, 9)
(5, 9)
(6, 9)
kaikki ok
Reitin pituus: 17
(12, 1)
(11, 1)
(10, 1)
(10, 2)
(10, 3)
(9, 3)
(8, 3)
(7, 3)
(6, 3)
(6, 4)
(6, 5)
(7, 5)
(8, 5)
(8, 6)
(8, 7)
(7, 7)
(6, 7)
(6, 8)
kaikki ok
Reitin pituus: 27
(1, 13)
(2, 13)
(3, 13)
(4, 13)
(4, 12)
(4, 11)
(4, 10)
(4, 9)
(4, 8)
(4, 7)
(4, 6)
(4, 5)
(4, 4)
(4, 3)
(5, 3)
(6, 3)
(7, 3)
(8, 3)
(9, 3)
(10, 3)
(10, 2)
(10, 1)
(11, 1)
(12, 1)
(13, 1)
(14, 1)
(15, 1)
(16, 1)
kaikki ok
Reitin pituus: 11
(8, 7)
(8, 6)
(8, 5)
(7, 5)
(6, 5)
(6, 4)
(6, 3)
(7, 3)
(8, 3)
(9, 3)
(10, 3)
(10, 2)
kaikki ok
Reitin pituus: 21
(1, 1)
(1, 2)
(1, 3)
(1, 4)
(1, 5)
(2, 5)
(3, 5)
(4, 5)
(4, 6)
(4, 7)
(4, 8)
(4, 9)
(4, 10)
(4, 11)
(4, 12)
(4, 13)
(4, 14)
(4, 15)
(4, 16)
(4, 17)
(3, 17)
(2, 17)
kaikki ok
Reitin pituus: 5
(14, 13)
(14, 14)
(14, 15)
(13, 15)
(12, 15)
(11, 15)
kaikki ok
Reitin pituus: 24
(4, 15)
(4, 14)
(4, 13)
(4, 12)
(4, 11)
(4, 10)
(4, 9)
(4, 8)
(4, 7)
(4, 6)
(4, 5)
(4, 4)
(4, 3)
(5, 3)
(6, 3)
(7, 3)
(8, 3)
(9, 3)
(10, 3)
(10, 2)
(10, 1)
(11, 1)
(12, 1)
(13, 1)
(14, 1)
kaikki ok
Reitin pituus: 15
(9, 7)
(10, 7)
(11, 7)
(12, 7)
(12, 8)
(12, 9)
(13, 9)
(14, 9)
(14, 10)
(14, 11)
(14, 12)
(14, 13)
(15, 13)
(16, 13)
(17, 13)
(17, 14)
kaikki ok
Reitin pituus: 23
(9, 7)
(8, 7)
(7, 7)
(6, 7)
(6, 8)
(6, 9)
(5, 9)
(4, 9)
(4, 10)
(4, 11)
(4, 12)
(4, 13)
(4, 14)
(4, 15)
(5, 15)
(6, 15)
(6, 16)
(6, 17)
(7, 17)
(8, 17)
(8, 18)
(8, 19)
(7, 19)
(6, 19)
kaikki ok
Reitin pituus: 5
(15, 13)
(14, 13)
(14, 12)
(14, 11)
(14, 10)
(14, 9)
kaikki ok
Reitin pituus: 17
(12, 12)
(12, 13)
(11, 13)
(10, 13)
(10, 14)
(10, 15)
(9, 15)
(8, 15)
(7, 15)
(6, 15)
(5, 15)
(4, 15)
(4, 16)
(4, 17)
(3, 17)
(2, 17)
(1, 17)
(1, 18)
kaikki ok
Reitin pituus: 15
(2, 16)
(2, 17)
(3, 17)
(4, 17)
(4, 16)
(4, 15)
(4, 14)
(4, 13)
(5, 13)
(6, 13)
(6, 12)
(6, 11)
(6, 10)
(6, 9)
(6, 8)
(6, 7)
kaikki ok
Reitin pituus: 25
(15, 5)
(14, 5)
(14, 6)
(14, 7)
(14, 8)
(14, 9)
(13, 9)
(12, 9)
(12, 10)
(12, 11)
(11, 11)
(10, 11)
(9, 11)
(8, 11)
(7, 11)
(6, 11)
(6, 12)
(6, 13)
(5, 13)
(4, 13)
(4, 14)
(4, 15)
(4, 16)
(4, 17)
(3, 17)
(2, 17)
kaikki ok
Reitin pituus: 15
(8, 6)
(8, 7)
(7, 7)
(6, 7)
(6, 8)
(6, 9)
(6, 10)
(6, 11)
(6, 12)
(6, 13)
(7, 13)
(8, 13)
(8, 14)
(8, 15)
(7, 15)
(6, 15)
kaikki ok
Reitin pituus: 14
(14, 5)
(14, 6)
(14, 7)
(14, 8)
(14, 9)
(13, 9)
(12, 9)
(12, 10)
(12, 11)
(11, 11)
(10, 11)
(9, 11)
(8, 11)
(7, 11)
(6, 11)
kaikki ok
Reitin pituus: 22
(2, 5)
(3, 5)
(4, 5)
(4, 6)
(4, 7)
(4, 8)
(4, 9)
(5, 9)
(6, 9)
(6, 10)
(6, 11)
(6, 12)
(6, 13)
(7, 13)
(8, 13)
(8, 14)
(8, 15)
(9, 15)
(10, 15)
(11, 15)
(12, 15)
(13, 15)
(14, 15)
kaikki ok
Reitin pituus: 25
(17, 19)
(17, 18)
(17, 17)
(16, 17)
(15, 17)
(14, 17)
(14, 16)
(14, 15)
(14, 14)
(14, 13)
(13, 13)
(12, 13)
(12, 12)
(12, 11)
(12, 10)
(12, 9)
(12, 8)
(12, 7)
(11, 7)
(10, 7)
(9, 7)
(8, 7)
(8, 6)
(8, 5)
(7, 5)
(6, 5)
kaikki ok
Reitin pituus: 8
(17, 19)
(16, 19)
(15, 19)
(14, 19)
(13, 19)
(12, 19)
(11, 19)
(10, 19)
(9, 19)
kaikki ok
Reitin pituus: 19
(1, 1)
(2, 1)
(3, 1)
(4, 1)
(5, 1)
(6, 1)
(7, 1)
(8, 1)
(8, 2)
(8, 3)
(9, 3)
(10, 3)
(11, 3)
(12, 3)
(13, 3)
(14, 3)
(14, 4)
(14, 5)
(14, 6)
(14, 7)
kaikki ok
Reitin pituus: 14
(15, 3)
(14, 3)
(14, 4)
(14, 5)
(14, 6)
(14, 7)
(14, 8)
(14, 9)
(14, 10)
(14, 11)
(14, 12)
(14, 13)
(14, 14)
(14, 15)
(13, 15)
kaikki ok
Reitin pituus: 8
(11, 1)
(10, 1)
(10, 2)
(10, 3)
(9, 3)
(8, 3)
(7, 3)
(6, 3)
(5, 3)
kaikki ok
Reitin pituus: 21
(1, 3)
(2, 3)
(3, 3)
(4, 3)
(5, 3)
(6, 3)
(7, 3)
(8, 3)
(9, 3)
(10, 3)
(11, 3)
(12, 3)
(13, 3)
(14, 3)
(14, 4)
(14, 5)
(14, 6)
(14, 7)
(14, 8)
(14, 9)
(14, 10)
(14, 11)
kaikki ok
Reitin pituus: 11
(11, 1)
(10, 1)
(10, 2)
(10, 3)
(9, 3)
(8, 3)
(7, 3)
(6, 3)
(5, 3)
(4, 3)
(4, 2)
(4, 1)
kaikki ok
Reitin pituus: 14
(7, 17)
(6, 17)
(6, 16)
(6, 15)
(7, 15)
(8, 15)
(9, 15)
(10, 15)
(10, 14)
(10, 13)
(11, 13)
(12, 13)
(13, 13)
(14, 13)
(15, 13)
kaikki ok
Reitin pituus: 0
(1, 4)
kaikki ok
Reitin pituus: 16
(8, 14)
(8, 13)
(7, 13)
(6, 13)
(5, 13)
(4, 13)
(4, 12)
(4, 11)
(4, 10)
(4, 9)
(4, 8)
(4, 7)
(4, 6)
(4, 5)
(4, 4)
(4, 3)
(3, 3)
kaikki ok
Reitin pituus: 16
(8, 5)
(8, 6)
(8, 7)
(7, 7)
(6, 7)
(6, 8)
(6, 9)
(6, 10)
(6, 11)
(6, 12)
(6, 13)
(7, 13)
(8, 13)
(8, 14)
(8, 15)
(9, 15)
(10, 15)
kaikki ok
Reitin pituus: 16
(16, 16)
(16, 17)
(17, 17)
(17, 18)
(17, 19)
(16, 19)
(15, 19)
(14, 19)
(13, 19)
(12, 19)
(11, 19)
(10, 19)
(9, 19)
(8, 19)
(7, 19)
(6, 19)
(5, 19)
kaikki ok
Reitin pituus: 7
(1, 4)
(1, 3)
(2, 3)
(3, 3)
(4, 3)
(5, 3)
(6, 3)
(6, 4)
kaikki ok
Reitin pituus: 1
(4, 19)
(5, 19)
kaikki ok
Reitin pituus: 24
(11, 1)
(10, 1)
(10, 2)
(10, 3)
(9, 3)
(8, 3)
(7, 3)
(6, 3)
(5, 3)
(4, 3)
(4, 4)
(4, 5)
(4, 6)
(4, 7)
(4, 8)
(4, 9)
(5, 9)
(6, 9)
(6, 10)
(6, 11)
(6, 12)
(6, 13)
(7, 13)
(8, 13)
(8, 14)
kaikki ok
Reitin pituus: 9
(12, 3)
(12, 4)
(12, 5)
(11, 5)
(10, 5)
(10, 6)
(10, 7)
(9, 7)
(9, 8)
(9, 9)
kaikki ok
Reitin pituus: 7
(8, 14)
(8, 13)
(7, 13)
(6, 13)
(5, 13)
(4, 13)
(3, 13)
(2, 13)
kaikki ok
Reitin pituus: 22
(10, 19)
(10, 18)
(10, 17)
(11, 17)
(12, 17)
(12, 16)
(12, 15)
(13, 15)
(14, 15)
(14, 14)
(14, 13)
(14, 12)
(14, 11)
(14, 10)
(14, 9)
(14, 8)
(14, 7)
(14, 6)
(14, 5)
(14, 4)
(14, 3)
(13, 3)
(12, 3)
kaikki ok
Reitin pituus: 4
(15, 5)
(16, 5)
(17, 5)
(17, 4)
(17, 3)
kaikki ok
Reitin pituus: 6
(16, 5)
(15, 5)
(14, 5)
(14, 6)
(14, 7)
(14, 8)
(14, 9)
kaikki ok
Reitin pituus: 24
(3, 3)
(4, 3)
(4, 4)
(4, 5)
(4, 6)
(4, 7)
(4, 8)
(4, 9)
(4, 10)
(4, 11)
(4, 12)
(4, 13)
(5, 13)
(6, 13)
(7, 13)
(8, 13)
(8, 14)
(8, 15)
(9, 15)
(10, 15)
(11, 15)
(12, 15)
(13, 15)
(14, 15)
(14, 16)
kaikki ok
Reitin pituus: 15
(14, 15)
(13, 15)
(12, 15)
(11, 15)
(10, 15)
(9, 15)
(8, 15)
(7, 15)
(6, 15)
(5, 15)
(4, 15)
(4, 14)
(4, 13)
(4, 12)
(4, 11)
(4, 10)
kaikki ok
Reitin pituus: 15
(14, 17)
(14, 16)
(14, 15)
(13, 15)
(12, 15)
(11, 15)
(10, 15)
(9, 15)
(8, 15)
(7, 15)
(6, 15)
(5, 15)
(4, 15)
(4, 16)
(4, 17)
(3, 17)
kaikki ok
Reitin pituus: 23
(8, 19)
(8, 18)
(8, 17)
(7, 17)
(6, 17)
(6, 16)
(6, 15)
(5, 15)
(4, 15)
(4, 14)
(4, 13)
(4, 12)
(4, 11)
(4, 10)
(4, 9)
(4, 8)
(4, 7)
(4, 6)
(4, 5)
(4, 4)
(4, 3)
(5, 3)
(6, 3)
(7, 3)
kaikki ok
Reitin pituus: 19
(1, 4)
(1, 3)
(2, 3)
(3, 3)
(4, 3)
(5, 3)
(6, 3)
(7, 3)
(8, 3)
(9, 3)
(10, 3)
(11, 3)
(12, 3)
(13, 3)
(14, 3)
(14, 4)
(14, 5)
(14, 6)
(14, 7)
(14, 8)
kaikki ok
Reitin pituus: 14
(4, 2)
(4, 3)
(4, 4)
(4, 5)
(4, 6)
(4, 7)
(4, 8)
(4, 9)
(4, 10)
(4, 11)
(4, 12)
(4, 13)
(4, 14)
(4, 15)
(4, 16)
kaikki ok
Reitin pituus: 25
(13, 19)
(12, 19)
(11, 19)
(10, 19)
(10, 18)
(10, 17)
(11, 17)
(12, 17)
(12, 16)
(12, 15)
(13, 15)
(14, 15)
(14, 14)
(14, 13)
(14, 12)
(14, 11)
(14, 10)
(14, 9)
(13, 9)
(12, 9)
(12, 8)
(12, 7)
(11, 7)
(10, 7)
(10, 6)
(10, 5)
kaikki ok
Reitin pituus: 7
(12, 5)
(12, 4)
(12, 3)
(11, 3)
(10, 3)
(9, 3)
(8, 3)
(8, 2)
kaikki ok
Reitin pituus: 10
(12, 7)
(11, 7)
(10, 7)
(9, 7)
(8, 7)
(7, 7)
(6, 7)
(6, 8)
(6, 9)
(6, 10)
(6, 11)
kaikki ok
Reitin pituus: 29
(17, 15)
(17, 14)
(17, 13)
(16, 13)
(15, 13)
(14, 13)
(13, 13)
(12, 13)
(12, 12)
(12, 11)
(11, 11)
(10, 11)
(9, 11)
(8, 11)
(7, 11)
(6, 11)
(6, 10)
(6, 9)
(5, 9)
(4, 9)
(4, 8)
(4, 7)
(4, 6)
(4, 5)
(4, 4)
(4, 3)
(3, 3)
(2, 3)
(1, 3)
(1, 2)
kaikki ok
Reitin pituus: 17
(1, 1)
(1, 2)
(1, 3)
(1, 4)
(1, 5)
(2, 5)
(3, 5)
(4, 5)
(4, 6)
(4, 7)
(4, 8)
(4, 9)
(5, 9)
(6, 9)
(6, 10)
(6, 11)
(7, 11)
(8, 11)
kaikki ok
Reitin pituus: 10
(16, 17)
(17, 17)
(17, 18)
(17, 19)
(16, 19)
(15, 19)
(14, 19)
(13, 19)
(12, 19)
(11, 19)
(10, 19)
kaikki ok
Reitin pituus: 15
(2, 3)
(3, 3)
(4, 3)
(5, 3)
(6, 3)
(7, 3)
(8, 3)
(9, 3)
(10, 3)
(11, 3)
(12, 3)
(13, 3)
(14, 3)
(14, 4)
(14, 5)
(14, 6)
kaikki ok
Reitin pituus: 10
(14, 8)
(14, 7)
(14, 6)
(14, 5)
(14, 4)
(14, 3)
(13, 3)
(12, 3)
(11, 3)
(10, 3)
(10, 2)
kaikki ok
Reitin pituus: 9
(6, 13)
(6, 12)
(6, 11)
(6, 10)
(6, 9)
(6, 8)
(6, 7)
(7, 7)
(8, 7)
(8, 6)
kaikki ok
Reitin pituus: 1
(4, 5)
(4, 4)
kaikki ok
Reitin pituus: 10
(8, 5)
(7, 5)
(6, 5)
(6, 4)
(6, 3)
(7, 3)
(8, 3)
(9, 3)
(10, 3)
(11, 3)
(12, 3)
kaikki ok
Reitin pituus: 5
(10, 13)
(10, 14)
(10, 15)
(11, 15)
(12, 15)
(13, 15)
kaikki ok
Reitin pituus: 15
(6, 9)
(6, 8)
(6, 7)
(7, 7)
(8, 7)
(9, 7)
(10, 7)
(10, 6)
(10, 5)
(11, 5)
(12, 5)
(12, 4)
(12, 3)
(13, 3)
(14, 3)
(14, 2)
kaikki ok
Reitin pituus: 20
(16, 16)
(16, 17)
(15, 17)
(14, 17)
(14, 16)
(14, 15)
(14, 14)
(14, 13)
(13, 13)
(12, 13)
(12, 12)
(12, 11)
(12, 10)
(12, 9)
(12, 8)
(12, 7)
(11, 7)
(10, 7)
(9, 7)
(8, 7)
(8, 6)
kaikki ok
Reitin pituus: 14
(10, 9)
(9, 9)
(9, 8)
(9, 7)
(8, 7)
(7, 7)
(6, 7)
(6, 8)
(6, 9)
(6, 10)
(6, 11)
(6, 12)
(6, 13)
(7, 13)
(8, 13)
kaikki ok
Reitin pituus: 14
(8, 14)
(8, 15)
(9, 15)
(10, 15)
(11, 15)
(12, 15)
(13, 15)
(14, 15)
(14, 16)
(14, 17)
(15, 17)
(16, 17)
(16, 16)
(16, 15)
(17, 15)
kaikki ok
Reitin pituus: 18
(10, 14)
(10, 13)
(11, 13)
(12, 13)
(12, 12)
(12, 11)
(12, 10)
(12, 9)
(12, 8)
(12, 7)
(11, 7)
(10, 7)
(9, 7)
(8, 7)
(8, 6)
(8, 5)
(7, 5)
(6, 5)
(6, 4)
kaikki ok
Reitin pituus: 21
(17, 3)
(16, 3)
(15, 3)
(14, 3)
(13, 3)
(12, 3)
(11, 3)
(10, 3)
(9, 3)
(8, 3)
(7, 3)
(6, 3)
(5, 3)
(4, 3)
(4, 4)
(4, 5)
(4, 6)
(4, 7)
(4, 8)
(4, 9)
(4, 10)
(4, 11)
kaikki ok
Reitin pituus: 21
(4, 19)
(5, 19)
(6, 19)
(7, 19)
(8, 19)
(9, 19)
(10, 19)
(10, 18)
(10, 17)
(11, 17)
(12, 17)
(12, 16)
(12, 15)
(11, 15)
(10, 15)
(10, 14)
(10, 13)
(11, 13)
(12, 13)
(12, 12)
(12, 11)
(12, 10)
kaikki ok
Reitin pituus: 4
(9, 15)
(10, 15)
(11, 15)
(12, 15)
(12, 16)
kaikki ok
Reitin pituus: 25
(12, 1)
(11, 1)
(10, 1)
(10, 2)
(10, 3)
(9, 3)
(8, 3)
(7, 3)
(6, 3)
(5, 3)
(4, 3)
(4, 4)
(4, 5)
(4, 6)
(4, 7)
(4, 8)
(4, 9)
(4, 10)
(4, 11)
(4, 12)
(4, 13)
(4, 14)
(4, 15)
(4, 16)
(4, 17)
(3, 17)
kaikki ok
Reitin pituus: 12
(4, 17)
(4, 16)
(4, 15)
(4, 14)
(4, 13)
(4, 12)
(4, 11)
(4, 10)
(4, 9)
(4, 8)
(4, 7)
(4, 6)
(4, 5)
kaikki ok
Reitin pituus: 5
(6, 7)
(7, 7)
(8, 7)
(9, 7)
(10, 7)
(10, 6)
kaikki ok
Reitin pituus: 11
(14, 11)
(14, 12)
(14, 13)
(13, 13)
(12, 13)
(12, 12)
(12, 11)
(11, 11)
(10, 11)
(9, 11)
(8, 11)
(7, 11)
kaikki ok
Reitin pituus: 21
(15, 17)
(14, 17)
(14, 16)
(14, 15)
(14, 14)
(14, 13)
(14, 12)
(14, 11)
(14, 10)
(14, 9)
(14, 8)
(14, 7)
(14, 6)
(14, 5)
(14, 4)
(14, 3)
(13, 3)
(12, 3)
(11, 3)
(10, 3)
(9, 3)
(8, 3)
kaikki ok
Reitin pituus: 8
(17, 14)
(17, 13)
(16, 13)
(15, 13)
(14, 13)
(14, 14)
(14, 15)
(13, 15)
(12, 15)
kaikki ok
Reitin pituus: 26
(13, 3)
(12, 3)
(12, 4)
(12, 5)
(11, 5)
(10, 5)
(10, 6)
(10, 7)
(9, 7)
(8, 7)
(7, 7)
(6, 7)
(6, 8)
(6, 9)
(6, 10)
(6, 11)
(6, 12)
(6, 13)
(5, 13)
(4, 13)
(4, 14)
(4, 15)
(4, 16)
(4, 17)
(3, 17)
(2, 17)
(2, 16)
kaikki ok
Reitin pituus: 9
(5, 9)
(6, 9)
(6, 8)
(6, 7)
(7, 7)
(8, 7)
(9, 7)
(9, 8)
(9, 9)
(10, 9)
kaikki ok
Reitin pituus: 13
(6, 19)
(7, 19)
(8, 19)
(9, 19)
(10, 19)
(10, 18)
(10, 17)
(11, 17)
(12, 17)
(12, 16)
(12, 15)
(13, 15)
(14, 15)
(14, 16)
kaikki ok
Reitin pituus: 6
(6, 12)
(6, 11)
(6, 10)
(6, 9)
(5, 9)
(4, 9)
(4, 8)
kaikki ok
Reitin pituus: 3
(12, 17)
(12, 16)
(12, 15)
(13, 15)
kaikki ok
Reitin pituus: 19
(12, 12)
(12, 11)
(12, 10)
(12, 9)
(12, 8)
(12, 7)
(11, 7)
(10, 7)
(9, 7)
(8, 7)
(8, 6)
(8, 5)
(7, 5)
(6, 5)
(6, 4)
(6, 3)
(7, 3)
(8, 3)
(8, 2)
(8, 1)
kaikki ok
Reitin pituus: 10
(16, 13)
(15, 13)
(14, 13)
(14, 14)
(14, 15)
(13, 15)
(12, 15)
(12, 16)
(12, 17)
(11, 17)
(10, 17)
kaikki ok
Reitin pituus: 17
(9, 11)
(8, 11)
(7, 11)
(6, 11)
(6, 10)
(6, 9)
(5, 9)
(4, 9)
(4, 8)
(4, 7)
(4, 6)
(4, 5)
(4, 4)
(4, 3)
(4, 2)
(4, 1)
(5, 1)
(6, 1)
kaikki ok
Reitin pituus: 9
(10, 7)
(10, 6)
(10, 5)
(11, 5)
(12, 5)
(12, 4)
(12, 3)
(11, 3)
(10, 3)
(10, 2)
kaikki ok
Reitin pituus: 11
(6, 4)
(6, 3)
(7, 3)
(8, 3)
(9, 3)
(10, 3)
(11, 3)
(12, 3)
(13, 3)
(14, 3)
(14, 4)
(14, 5)
kaikki ok
Reitin pituus: 16
(2, 16)
(2, 17)
(3, 17)
(4, 17)
(4, 16)
(4, 15)
(5, 15)
(6, 15)
(7, 15)
(8, 15)
(9, 15)
(10, 15)
(11, 15)
(12, 15)
(12, 16)
(12, 17)
(11, 17)
kaikki ok
Reitin pituus: 17
(17, 14)
(17, 13)
(16, 13)
(15, 13)
(14, 13)
(13, 13)
(12, 13)
(12, 12)
(12, 11)
(11, 11)
(10, 11)
(9, 11)
(8, 11)
(7, 11)
(6, 11)
(6, 10)
(6, 9)
(5, 9)
kaikki ok
Reitin pituus: 17
(6, 10)
(6, 11)
(6, 12)
(6, 13)
(7, 13)
(8, 13)
(8, 14)
(8, 15)
(7, 15)
(6, 15)
(6, 16)
(6, 17)
(7, 17)
(8, 17)
(8, 18)
(8, 19)
(9, 19)
(10, 19)
kaikki ok
Reitin pituus: 12
(10, 3)
(11, 3)
(12, 3)
(12, 4)
(12, 5)
(11, 5)
(10, 5)
(10, 6)
(10, 7)
(9, 7)
(9, 8)
(9, 9)
(10, 9)
kaikki ok
Reitin pituus: 22
(17, 5)
(16, 5)
(15, 5)
(14, 5)
(14, 6)
(14, 7)
(14, 8)
(14, 9)
(13, 9)
(12, 9)
(12, 10)
(12, 11)
(11, 11)
(10, 11)
(9, 11)
(8, 11)
(7, 11)
(6, 11)
(6, 12)
(6, 13)
(5, 13)
(4, 13)
(4, 12)
kaikki ok
Reitin pituus: 22
(11, 3)
(12, 3)
(13, 3)
(14, 3)
(14, 4)
(14, 5)
(14, 6)
(14, 7)
(14, 8)
(14, 9)
(14, 10)
(14, 11)
(14, 12)
(14, 13)
(14, 14)
(14, 15)
(13, 15)
(12, 15)
(11, 15)
(10, 15)
(9, 15)
(8, 15)
(7, 15)
kaikki ok
Reitin pituus: 14
(7, 5)
(6, 5)
(6, 4)
(6, 3)
(7, 3)
(8, 3)
(9, 3)
(10, 3)
(11, 3)
(12, 3)
(13, 3)
(14, 3)
(14, 4)
(14, 5)
(15, 5)
kaikki ok
Reitin pituus: 21
(12, 17)
(12, 16)
(12, 15)
(11, 15)
(10, 15)
(9, 15)
(8, 15)
(8, 14)
(8, 13)
(7, 13)
(6, 13)
(5, 13)
(4, 13)
(4, 12)
(4, 11)
(4, 10)
(4, 9)
(4, 8)
(4, 7)
(4, 6)
(4, 5)
(3, 5)
kaikki ok
Reitin pituus: 22
(3, 19)
(4, 19)
(5, 19)
(6, 19)
(7, 19)
(8, 19)
(9, 19)
(10, 19)
(10, 18)
(10, 17)
(11, 17)
(12, 17)
(12, 16)
(12, 15)
(13, 15)
(14, 15)
(14, 14)
(14, 13)
(13, 13)
(12, 13)
(12, 12)
(12, 11)
(12, 10)
kaikki ok
Reitin pituus: 4
(15, 5)
(14, 5)
(14, 4)
(14, 3)
(15, 3)
kaikki ok
Reitin pituus: 7
(10, 7)
(10, 6)
(10, 5)
(11, 5)
(12, 5)
(12, 4)
(12, 3)
(13, 3)
kaikki ok
Reitin pituus: 6
(2, 17)
(3, 17)
(4, 17)
(4, 16)
(4, 15)
(5, 15)
(6, 15)
kaikki ok
Reitin pituus: 24
(11, 1)
(10, 1)
(10, 2)
(10, 3)
(9, 3)
(8, 3)
(7, 3)
(6, 3)
(5, 3)
(4, 3)
(4, 4)
(4, 5)
(4, 6)
(4, 7)
(4, 8)
(4, 9)
(4, 10)
(4, 11)
(4, 12)
(4, 13)
(4, 14)
(4, 15)
(5, 15)
(6, 15)
(6, 16)
kaikki ok
Reitin pituus: 9
(14, 11)
(14, 12)
(14, 13)
(13, 13)
(12, 13)
(11, 13)
(10, 13)
(10, 14)
(10, 15)
(9, 15)
kaikki ok
Reitin pituus: 5
(9, 9)
(9, 8)
(9, 7)
(10, 7)
(10, 6)
(10, 5)
kaikki ok
Reitin pituus: 10
(13, 9)
(14, 9)
(14, 10)
(14, 11)
(14, 12)
(14, 13)
(14, 14)
(14, 15)
(13, 15)
(12, 15)
(12, 16)
kaikki ok
Reitin pituus: 17
(11, 7)
(12, 7)
(12, 8)
(12, 9)
(13, 9)
(14, 9)
(14, 10)
(14, 11)
(14, 12)
(14, 13)
(14, 14)
(14, 15)
(13, 15)
(12, 15)
(12, 16)
(12, 17)
(11, 17)
(10, 17)
kaikki ok
Reitin pituus: 22
(15, 3)
(14, 3)
(14, 4)
(14, 5)
(14, 6)
(14, 7)
(14, 8)
(14, 9)
(13, 9)
(12, 9)
(12, 10)
(12, 11)
(12, 12)
(12, 13)
(11, 13)
(10, 13)
(10, 14)
(10, 15)
(9, 15)
(8, 15)
(7, 15)
(6, 15)
(5, 15)
kaikki ok
Reitin pituus: 19
(17, 3)
(16, 3)
(15, 3)
(14, 3)
(14, 4)
(14, 5)
(14, 6)
(14, 7)
(14, 8)
(14, 9)
(14, 10)
(14, 11)
(14, 12)
(14, 13)
(14, 14)
(14, 15)
(14, 16)
(14, 17)
(15, 17)
(16, 17)
kaikki ok
Reitin pituus: 11
(8, 3)
(9, 3)
(10, 3)
(11, 3)
(12, 3)
(12, 4)
(12, 5)
(11, 5)
(10, 5)
(10, 6)
(10, 7)
(11, 7)
kaikki ok
Reitin pituus: 25
(10, 6)
(10, 7)
(9, 7)
(8, 7)
(7, 7)
(6, 7)
(6, 8)
(6, 9)
(5, 9)
(4, 9)
(4, 10)
(4, 11)
(4, 12)
(4, 13)
(4, 14)
(4, 15)
(4, 16)
(4, 17)
(3, 17)
(2, 17)
(1, 17)
(1, 18)
(1, 19)
(2, 19)
(3, 19)
(4, 19)
kaikki ok
Reitin pituus: 16
(15, 19)
(14, 19)
(13, 19)
(12, 19)
(11, 19)
(10, 19)
(9, 19)
(8, 19)
(7, 19)
(6, 19)
(5, 19)
(4, 19)
(3, 19)
(2, 19)
(1, 19)
(1, 18)
(1, 17)
kaikki ok
Reitin pituus: 10
(17, 3)
(16, 3)
(15, 3)
(14, 3)
(13, 3)
(12, 3)
(11, 3)
(10, 3)
(9, 3)
(8, 3)
(8, 2)
kaikki ok
Reitin pituus: 23
(10, 3)
(9, 3)
(8, 3)
(7, 3)
(6, 3)
(5, 3)
(4, 3)
(4, 4)
(4, 5)
(4, 6)
(4, 7)
(4, 8)
(4, 9)
(4, 10)
(4, 11)
(4, 12)
(4, 13)
(4, 14)
(4, 15)
(5, 15)
(6, 15)
(6, 16)
(6, 17)
(7, 17)
kaikki ok
Reitin pituus: 13
(8, 11)
(9, 11)
(10, 11)
(11, 11)
(12, 11)
(12, 10)
(12, 9)
(13, 9)
(14, 9)
(14, 8)
(14, 7)
(14, 6)
(14, 5)
(15, 5)
kaikki ok
Reitin pituus: 21
(1, 13)
(2, 13)
(3, 13)
(4, 13)
(5, 13)
(6, 13)
(7, 13)
(8, 13)
(8, 14)
(8, 15)
(9, 15)
(10, 15)
(11, 15)
(12, 15)
(13, 15)
(14, 15)
(14, 16)
(14, 17)
(15, 17)
(16, 17)
(16, 16)
(16, 15)
kaikki ok
Reitin pituus: 15
(6, 19)
(7, 19)
(8, 19)
(9, 19)
(10, 19)
(10, 18)
(10, 17)
(11, 17)
(12, 17)
(12, 16)
(12, 15)
(13, 15)
(14, 15)
(14, 14)
(14, 13)
(14, 12)
kaikki ok
Reitin pituus: 11
(17, 14)
(17, 15)
(16, 15)
(16, 16)
(16, 17)
(17, 17)
(17, 18)
(17, 19)
(16, 19)
(15, 19)
(14, 19)
(13, 19)
kaikki ok
Reitin pituus: 16
(16, 1)
(15, 1)
(14, 1)
(14, 2)
(14, 3)
(14, 4)
(14, 5)
(14, 6)
(14, 7)
(14, 8)
(14, 9)
(13, 9)
(12, 9)
(12, 10)
(12, 11)
(12, 12)
(12, 13)
kaikki ok
Reitin pituus: 21
(7, 19)
(8, 19)
(9, 19)
(10, 19)
(10, 18)
(10, 17)
(11, 17)
(12, 17)
(12, 16)
(12, 15)
(13, 15)
(14, 15)
(14, 14)
(14, 13)
(14, 12)
(14, 11)
(14, 10)
(14, 9)
(13, 9)
(12, 9)
(12, 8)
(12, 7)
kaikki ok
Reitin pituus: 8
(10, 13)
(10, 14)
(10, 15)
(9, 15)
(8, 15)
(7, 15)
(6, 15)
(5, 15)
(4, 15)
kaikki ok
Reitin pituus: 19
(7, 15)
(8, 15)
(9, 15)
(10, 15)
(11, 15)
(12, 15)
(13, 15)
(14, 15)
(14, 14)
(14, 13)
(14, 12)
(14, 11)
(14, 10)
(14, 9)
(14, 8)
(14, 7)
(14, 6)
(14, 5)
(14, 4)
(14, 3)
kaikki ok
Reitin pituus: 6
(13, 9)
(12, 9)
(12, 10)
(12, 11)
(11, 11)
(10, 11)
(9, 11)
kaikki ok
Reitin pituus: 27
(4, 1)
(4, 2)
(4, 3)
(5, 3)
(6, 3)
(6, 4)
(6, 5)
(7, 5)
(8, 5)
(8, 6)
(8, 7)
(9, 7)
(10, 7)
(11, 7)
(12, 7)
(12, 8)
(12, 9)
(12, 10)
(12, 11)
(12, 12)
(12, 13)
(13, 13)
(14, 13)
(14, 14)
(14, 15)
(14, 16)
(14, 17)
(15, 17)
kaikki ok
Reitin pituus: 8
(14, 1)
(14, 2)
(14, 3)
(13, 3)
(12, 3)
(12, 4)
(12, 5)
(11, 5)
(10, 5)
kaikki ok
Reitin pituus: 25
(9, 19)
(8, 19)
(8, 18)
(8, 17)
(7, 17)
(6, 17)
(6, 16)
(6, 15)
(5, 15)
(4, 15)
(4, 14)
(4, 13)
(4, 12)
(4, 11)
(4, 10)
(4, 9)
(4, 8)
(4, 7)
(4, 6)
(4, 5)
(4, 4)
(4, 3)
(4, 2)
(4, 1)
(5, 1)
(6, 1)
kaikki ok
Reitin pituus: 10
(12, 9)
(12, 10)
(12, 11)
(12, 12)
(12, 13)
(11, 13)
(10, 13)
(10, 14)
(10, 15)
(11, 15)
(12, 15)
kaikki ok
Reitin pituus: 27
(8, 19)
(9, 19)
(10, 19)
(10, 18)
(10, 17)
(11, 17)
(12, 17)
(12, 16)
(12, 15)
(13, 15)
(14, 15)
(14, 14)
(14, 13)
(14, 12)
(14, 11)
(14, 10)
(14, 9)
(14, 8)
(14, 7)
(14, 6)
(14, 5)
(15, 5)
(16, 5)
(17, 5)
(17, 4)
(17, 3)
(17, 2)
(17, 1)
kaikki ok
Reitin pituus: 21
(8, 19)
(8, 18)
(8, 17)
(7, 17)
(6, 17)
(6, 16)
(6, 15)
(5, 15)
(4, 15)
(4, 14)
(4, 13)
(4, 12)
(4, 11)
(4, 10)
(4, 9)
(4, 8)
(4, 7)
(4, 6)
(4, 5)
(4, 4)
(4, 3)
(3, 3)
kaikki ok
Reitin pituus: 6
(9, 11)
(10, 11)
(11, 11)
(12, 11)
(12, 10)
(12, 9)
(12, 8)
kaikki ok
Reitin pituus: 10
(17, 19)
(17, 18)
(17, 17)
(16, 17)
(15, 17)
(14, 17)
(14, 16)
(14, 15)
(13, 15)
(12, 15)
(12, 16)
kaikki ok
Reitin pituus: 17
(2, 13)
(3, 13)
(4, 13)
(5, 13)
(6, 13)
(6, 12)
(6, 11)
(7, 11)
(8, 11)
(9, 11)
(10, 11)
(11, 11)
(12, 11)
(12, 10)
(12, 9)
(13, 9)
(14, 9)
(14, 10)
kaikki ok
Reitin pituus: 21
(6, 12)
(6, 11)
(6, 10)
(6, 9)
(6, 8)
(6, 7)
(7, 7)
(8, 7)
(9, 7)
(10, 7)
(10, 6)
(10, 5)
(11, 5)
(12, 5)
(12, 4)
(12, 3)
(11, 3)
(10, 3)
(10, 2)
(10, 1)
(11, 1)
(12, 1)
kaikki ok
Reitin pituus: 18
(10, 15)
(10, 14)
(10, 13)
(11, 13)
(12, 13)
(12, 12)
(12, 11)
(12, 10)
(12, 9)
(13, 9)
(14, 9)
(14, 8)
(14, 7)
(14, 6)
(14, 5)
(14, 4)
(14, 3)
(15, 3)
(16, 3)
kaikki ok
Reitin pituus: 18
(14, 6)
(14, 7)
(14, 8)
(14, 9)
(13, 9)
(12, 9)
(12, 10)
(12, 11)
(11, 11)
(10, 11)
(9, 11)
(8, 11)
(7, 11)
(6, 11)
(6, 12)
(6, 13)
(5, 13)
(4, 13)
(4, 14)
kaikki ok
Reitin pituus: 11
(12, 8)
(12, 9)
(12, 10)
(12, 11)
(12, 12)
(12, 13)
(13, 13)
(14, 13)
(15, 13)
(16, 13)
(17, 13)
(17, 14)
kaikki ok
Reitin pituus: 17
(17, 19)
(17, 18)
(17, 17)
(16, 17)
(15, 17)
(14, 17)
(14, 16)
(14, 15)
(13, 15)
(12, 15)
(11, 15)
(10, 15)
(9, 15)
(8, 15)
(8, 14)
(8, 13)
(7, 13)
(6, 13)
kaikki ok
Reitin pituus: 18
(17, 17)
(16, 17)
(15, 17)
(14, 17)
(14, 16)
(14, 15)
(13, 15)
(12, 15)
(11, 15)
(10, 15)
(9, 15)
(8, 15)
(7, 15)
(6, 15)
(5, 15)
(4, 15)
(4, 14)
(4, 13)
(3, 13)
kaikki ok
Reitin pituus: 5
(12, 4)
(12, 3)
(11, 3)
(10, 3)
(9, 3)
(8, 3)
kaikki ok
Reitin pituus: 14
(16, 1)
(15, 1)
(14, 1)
(14, 2)
(14, 3)
(13, 3)
(12, 3)
(12, 4)
(12, 5)
(11, 5)
(10, 5)
(10, 6)
(10, 7)
(9, 7)
(8, 7)
kaikki ok
Reitin pituus: 15
(7, 1)
(8, 1)
(8, 2)
(8, 3)
(9, 3)
(10, 3)
(11, 3)
(12, 3)
(13, 3)
(14, 3)
(14, 4)
(14, 5)
(14, 6)
(14, 7)
(14, 8)
(14, 9)
kaikki ok
Reitin pituus: 13
(16, 16)
(16, 17)
(15, 17)
(14, 17)
(14, 16)
(14, 15)
(13, 15)
(12, 15)
(11, 15)
(10, 15)
(9, 15)
(8, 15)
(7, 15)
(6, 15)
kaikki ok
Reitin pituus: 13
(14, 12)
(14, 11)
(14, 10)
(14, 9)
(14, 8)
(14, 7)
(14, 6)
(14, 5)
(14, 4)
(14, 3)
(14, 2)
(14, 1)
(15, 1)
(16, 1)
kaikki ok
Reitin pituus: 16
(12, 7)
(11, 7)
(10, 7)
(9, 7)
(8, 7)
(8, 6)
(8, 5)
(7, 5)
(6, 5)
(6, 4)
(6, 3)
(5, 3)
(4, 3)
(3, 3)
(2, 3)
(1, 3)
(1, 2)
kaikki ok
Reitin pituus: 17
(8, 11)
(7, 11)
(6, 11)
(6, 12)
(6, 13)
(7, 13)
(8, 13)
(8, 14)
(8, 15)
(7, 15)
(6, 15)
(6, 16)
(6, 17)
(7, 17)
(8, 17)
(8, 18)
(8, 19)
(7, 19)
kaikki ok
Reitin pituus: 14
(4, 10)
(4, 9)
(4, 8)
(4, 7)
(4, 6)
(4, 5)
(4, 4)
(4, 3)
(5, 3)
(6, 3)
(7, 3)
(8, 3)
(9, 3)
(10, 3)
(10, 2)
kaikki ok
Reitin pituus: 26
(15, 1)
(14, 1)
(14, 2)
(14, 3)
(14, 4)
(14, 5)
(14, 6)
(14, 7)
(14, 8)
(14, 9)
(14, 10)
(14, 11)
(14, 12)
(14, 13)
(14, 14)
(14, 15)
(13, 15)
(12, 15)
(12, 16)
(12, 17)
(11, 17)
(10, 17)
(10, 18)
(10, 19)
(9, 19)
(8, 19)
(8, 18)
kaikki ok
Reitin pituus: 11
(8, 13)
(7, 13)
(6, 13)
(5, 13)
(4, 13)
(4, 14)
(4, 15)
(4, 16)
(4, 17)
(3, 17)
(2, 17)
(1, 17)
kaikki ok
Reitin pituus: 7
(4, 16)
(4, 15)
(4, 14)
(4, 13)
(4, 12)
(4, 11)
(4, 10)
(4, 9)
kaikki ok
Reitin pituus: 1
(14, 3)
(14, 2)
kaikki ok
Reitin pituus: 14
(2, 1)
(3, 1)
(4, 1)
(5, 1)
(6, 1)
(7, 1)
(8, 1)
(8, 2)
(8, 3)
(9, 3)
(10, 3)
(11, 3)
(12, 3)
(13, 3)
(14, 3)
kaikki ok
Reitin pituus: 22
(14, 4)
(14, 5)
(14, 6)
(14, 7)
(14, 8)
(14, 9)
(14, 10)
(14, 11)
(14, 12)
(14, 13)
(14, 14)
(14, 15)
(14, 16)
(14, 17)
(15, 17)
(16, 17)
(17, 17)
(17, 18)
(17, 19)
(16, 19)
(15, 19)
(14, 19)
(13, 19)
kaikki ok
Reitin pituus: 13
(4, 8)
(4, 7)
(4, 6)
(4, 5)
(4, 4)
(4, 3)
(5, 3)
(6, 3)
(7, 3)
(8, 3)
(9, 3)
(10, 3)
(11, 3)
(12, 3)
kaikki ok
Reitin pituus: 12
(10, 19)
(9, 19)
(8, 19)
(8, 18)
(8, 17)
(7, 17)
(6, 17)
(6, 16)
(6, 15)
(5, 15)
(4, 15)
(4, 16)
(4, 17)
kaikki ok
Reitin pituus: 22
(13, 19)
(12, 19)
(11, 19)
(10, 19)
(9, 19)
(8, 19)
(8, 18)
(8, 17)
(7, 17)
(6, 17)
(6, 16)
(6, 15)
(5, 15)
(4, 15)
(4, 14)
(4, 13)
(4, 12)
(4, 11)
(4, 10)
(4, 9)
(4, 8)
(4, 7)
(4, 6)
kaikki ok
Reitin pituus: 13
(14, 6)
(14, 5)
(14, 4)
(14, 3)
(13, 3)
(12, 3)
(11, 3)
(10, 3)
(9, 3)
(8, 3)
(7, 3)
(6, 3)
(5, 3)
(4, 3)
kaikki ok
Reitin pituus: 23
(12, 13)
(12, 12)
(12, 11)
(11, 11)
(10, 11)
(9, 11)
(8, 11)
(7, 11)
(6, 11)
(6, 10)
(6, 9)
(5, 9)
(4, 9)
(4, 8)
(4, 7)
(4, 6)
(4, 5)
(4, 4)
(4, 3)
(4, 2)
(4, 1)
(3, 1)
(2, 1)
(1, 1)
kaikki ok
Reitin pituus: 21
(17, 13)
(16, 13)
(15, 13)
(14, 13)
(13, 13)
(12, 13)
(12, 12)
(12, 11)
(11, 11)
(10, 11)
(9, 11)
(8, 11)
(7, 11)
(6, 11)
(6, 12)
(6, 13)
(5, 13)
(4, 13)
(3, 13)
(2, 13)
(1, 13)
(1, 14)
kaikki ok
Reitin pituus: 14
(2, 19)
(1, 19)
(1, 18)
(1, 17)
(2, 17)
(3, 17)
(4, 17)
(4, 16)
(4, 15)
(5, 15)
(6, 15)
(7, 15)
(8, 15)
(8, 14)
(8, 13)
kaikki ok
Reitin pituus: 24
(1, 3)
(2, 3)
(3, 3)
(4, 3)
(4, 4)
(4, 5)
(4, 6)
(4, 7)
(4, 8)
(4, 9)
(4, 10)
(4, 11)
(4, 12)
(4, 13)
(4, 14)
(4, 15)
(5, 15)
(6, 15)
(6, 16)
(6, 17)
(7, 17)
(8, 17)
(8, 18)
(8, 19)
(7, 19)
kaikki ok
Reitin pituus: 20
(12, 16)
(12, 15)
(13, 15)
(14, 15)
(14, 14)
(14, 13)
(14, 12)
(14, 11)
(14, 10)
(14, 9)
(14, 8)
(14, 7)
(14, 6)
(14, 5)
(14, 4)
(14, 3)
(13, 3)
(12, 3)
(11, 3)
(10, 3)
(9, 3)
kaikki ok
Reitin pituus: 5
(10, 11)
(11, 11)
(12, 11)
(12, 10)
(12, 9)
(12, 8)
kaikki ok
Reitin pituus: 21
(16, 3)
(15, 3)
(14, 3)
(13, 3)
(12, 3)
(12, 4)
(12, 5)
(11, 5)
(10, 5)
(10, 6)
(10, 7)
(9, 7)
(8, 7)
(7, 7)
(6, 7)
(6, 8)
(6, 9)
(5, 9)
(4, 9)
(4, 10)
(4, 11)
(4, 12)
kaikki ok
Reitin pituus: 21
(10, 5)
(10, 6)
(10, 7)
(9, 7)
(8, 7)
(7, 7)
(6, 7)
(6, 8)
(6, 9)
(6, 10)
(6, 11)
(6, 12)
(6, 13)
(5, 13)
(4, 13)
(4, 14)
(4, 15)
(4, 16)
(4, 17)
(3, 17)
(2, 17)
(1, 17)
kaikki ok
Reitin pituus: 8
(1, 13)
(1, 14)
(1, 15)
(2, 15)
(2, 16)
(2, 17)
(1, 17)
(1, 18)
(1, 19)
kaikki ok
Reitin pituus: 18
(9, 8)
(9, 7)
(10, 7)
(11, 7)
(12, 7)
(12, 8)
(12, 9)
(13, 9)
(14, 9)
(14, 10)
(14, 11)
(14, 12)
(14, 13)
(14, 14)
(14, 15)
(14, 16)
(14, 17)
(15, 17)
(16, 17)
kaikki ok
Reitin pituus: 16
(10, 5)
(10, 6)
(10, 7)
(11, 7)
(12, 7)
(12, 8)
(12, 9)
(13, 9)
(14, 9)
(14, 10)
(14, 11)
(14, 12)
(14, 13)
(14, 14)
(14, 15)
(14, 16)
(14, 17)
kaikki ok
Reitin pituus: 5
(1, 5)
(1, 4)
(1, 3)
(2, 3)
(3, 3)
(4, 3)
kaikki ok
Reitin pituus: 5
(4, 12)
(4, 13)
(5, 13)
(6, 13)
(7, 13)
(8, 13)
kaikki ok
Reitin pituus: 14
(15, 1)
(14, 1)
(14, 2)
(14, 3)
(14, 4)
(14, 5)
(14, 6)
(14, 7)
(14, 8)
(14, 9)
(13, 9)
(12, 9)
(12, 10)
(12, 11)
(12, 12)
kaikki ok
Reitin pituus: 9
(2, 13)
(3, 13)
(4, 13)
(4, 12)
(4, 11)
(4, 10)
(4, 9)
(4, 8)
(4, 7)
(4, 6)
kaikki ok
Reitin pituus: 9
(4, 3)
(5, 3)
(6, 3)
(7, 3)
(8, 3)
(9, 3)
(10, 3)
(11, 3)
(12, 3)
(13, 3)
kaikki ok
Reitin pituus: 8
(6, 12)
(6, 13)
(5, 13)
(4, 13)
(4, 14)
(4, 15)
(4, 16)
(4, 17)
(3, 17)
kaikki ok
Reitin pituus: 24
(15, 19)
(14, 19)
(13, 19)
(12, 19)
(11, 19)
(10, 19)
(9, 19)
(8, 19)
(8, 18)
(8, 17)
(7, 17)
(6, 17)
(6, 16)
(6, 15)
(5, 15)
(4, 15)
(4, 14)
(4, 13)
(4, 12)
(4, 11)
(4, 10)
(4, 9)
(4, 8)
(4, 7)
(4, 6)
kaikki ok
Reitin pituus: 19
(8, 7)
(9, 7)
(10, 7)
(11, 7)
(12, 7)
(12, 8)
(12, 9)
(12, 10)
(12, 11)
(12, 12)
(12, 13)
(13, 13)
(14, 13)
(14, 14)
(14, 15)
(14, 16)
(14, 17)
(15, 17)
(16, 17)
(17, 17)
kaikki ok
Reitin pituus: 2
(9, 19)
(10, 19)
(10, 18)
kaikki ok
Reitin pituus: 2
(10, 7)
(9, 7)
(9, 8)
kaikki ok
Reitin pituus: 16
(17, 18)
(17, 19)
(16, 19)
(15, 19)
(14, 19)
(13, 19)
(12, 19)
(11, 19)
(10, 19)
(9, 19)
(8, 19)
(7, 19)
(6, 19)
(5, 19)
(4, 19)
(3, 19)
(2, 19)
kaikki ok
Reitin pituus: 24
(6, 19)
(7, 19)
(8, 19)
(8, 18)
(8, 17)
(7, 17)
(6, 17)
(6, 16)
(6, 15)
(5, 15)
(4, 15)
(4, 14)
(4, 13)
(4, 12)
(4, 11)
(4, 10)
(4, 9)
(4, 8)
(4, 7)
(4, 6)
(4, 5)
(4, 4)
(4, 3)
(5, 3)
(6, 3)
kaikki ok
Reitin pituus: 6
(11, 15)
(12, 15)
(13, 15)
(14, 15)
(14, 14)
(14, 13)
(14, 12)
kaikki ok
Reitin pituus: 14
(7, 13)
(8, 13)
(8, 14)
(8, 15)
(9, 15)
(10, 15)
(11, 15)
(12, 15)
(13, 15)
(14, 15)
(14, 16)
(14, 17)
(15, 17)
(16, 17)
(17, 17)
kaikki ok
Reitin pituus: 23
(12, 4)
(12, 5)
(11, 5)
(10, 5)
(10, 6)
(10, 7)
(9, 7)
(8, 7)
(7, 7)
(6, 7)
(6, 8)
(6, 9)
(5, 9)
(4, 9)
(4, 10)
(4, 11)
(4, 12)
(4, 13)
(4, 14)
(4, 15)
(4, 16)
(4, 17)
(3, 17)
(2, 17)
kaikki ok
Reitin pituus: 10
(4, 6)
(4, 7)
(4, 8)
(4, 9)
(4, 10)
(4, 11)
(4, 12)
(4, 13)
(4, 14)
(4, 15)
(5, 15)
kaikki ok
Reitin pituus: 22
(12, 9)
(12, 10)
(12, 11)
(12, 12)
(12, 13)
(11, 13)
(10, 13)
(10, 14)
(10, 15)
(9, 15)
(8, 15)
(7, 15)
(6, 15)
(5, 15)
(4, 15)
(4, 16)
(4, 17)
(3, 17)
(2, 17)
(1, 17)
(1, 18)
(1, 19)
(2, 19)
kaikki ok
Reitin pituus: 17
(14, 8)
(14, 9)
(14, 10)
(14, 11)
(14, 12)
(14, 13)
(14, 14)
(14, 15)
(13, 15)
(12, 15)
(12, 16)
(12, 17)
(11, 17)
(10, 17)
(10, 18)
(10, 19)
(9, 19)
(8, 19)
kaikki ok
Reitin pituus: 14
(4, 11)
(4, 10)
(4, 9)
(5, 9)
(6, 9)
(6, 8)
(6, 7)
(7, 7)
(8, 7)
(9, 7)
(10, 7)
(11, 7)
(12, 7)
(12, 8)
(12, 9)
kaikki ok
Reitin pituus: 13
(4, 17)
(4, 16)
(4, 15)
(5, 15)
(6, 15)
(6, 16)
(6, 17)
(7, 17)
(8, 17)
(8, 18)
(8, 19)
(9, 19)
(10, 19)
(11, 19)
kaikki ok
Reitin pituus: 15
(8, 13)
(7, 13)
(6, 13)
(5, 13)
(4, 13)
(4, 12)
(4, 11)
(4, 10)
(4, 9)
(4, 8)
(4, 7)
(4, 6)
(4, 5)
(3, 5)
(2, 5)
(1, 5)
kaikki ok
Reitin pituus: 14
(15, 3)
(14, 3)
(13, 3)
(12, 3)
(11, 3)
(10, 3)
(9, 3)
(8, 3)
(8, 2)
(8, 1)
(7, 1)
(6, 1)
(5, 1)
(4, 1)
(3, 1)
kaikki ok
Reitin pituus: 19
(1, 13)
(2, 13)
(3, 13)
(4, 13)
(4, 14)
(4, 15)
(5, 15)
(6, 15)
(6, 16)
(6, 17)
(7, 17)
(8, 17)
(8, 18)
(8, 19)
(9, 19)
(10, 19)
(11, 19)
(12, 19)
(13, 19)
(14, 19)
kaikki ok
Reitin pituus: 19
(16, 17)
(15, 17)
(14, 17)
(14, 16)
(14, 15)
(14, 14)
(14, 13)
(14, 12)
(14, 11)
(14, 10)
(14, 9)
(13, 9)
(12, 9)
(12, 8)
(12, 7)
(11, 7)
(10, 7)
(9, 7)
(8, 7)
(7, 7)
kaikki ok
Reitin pituus: 20
(9, 7)
(8, 7)
(7, 7)
(6, 7)
(6, 8)
(6, 9)
(5, 9)
(4, 9)
(4, 10)
(4, 11)
(4, 12)
(4, 13)
(4, 14)
(4, 15)
(5, 15)
(6, 15)
(6, 16)
(6, 17)
(7, 17)
(8, 17)
(8, 18)
kaikki ok
Reitin pituus: 12
(4, 17)
(4, 16)
(4, 15)
(5, 15)
(6, 15)
(7, 15)
(8, 15)
(9, 15)
(10, 15)
(10, 14)
(10, 13)
(11, 13)
(12, 13)
kaikki ok
Reitin pituus: 17
(1, 14)
(1, 13)
(2, 13)
(3, 13)
(4, 13)
(4, 12)
(4, 11)
(4, 10)
(4, 9)
(4, 8)
(4, 7)
(4, 6)
(4, 5)
(4, 4)
(4, 3)
(5, 3)
(6, 3)
(7, 3)
kaikki ok
Reitin pituus: 13
(12, 16)
(12, 15)
(11, 15)
(10, 15)
(9, 15)
(8, 15)
(7, 15)
(6, 15)
(5, 15)
(4, 15)
(4, 16)
(4, 17)
(3, 17)
(2, 17)
kaikki ok
Reitin pituus: 16
(16, 19)
(17, 19)
(17, 18)
(17, 17)
(16, 17)
(15, 17)
(14, 17)
(14, 16)
(14, 15)
(13, 15)
(12, 15)
(11, 15)
(10, 15)
(9, 15)
(8, 15)
(8, 14)
(8, 13)
kaikki ok
Reitin pituus: 11
(14, 14)
(14, 15)
(13, 15)
(12, 15)
(12, 16)
(12, 17)
(11, 17)
(10, 17)
(10, 18)
(10, 19)
(9, 19)
(8, 19)
kaikki ok
Reitin pituus: 11
(11, 15)
(12, 15)
(12, 16)
(12, 17)
(11, 17)
(10, 17)
(10, 18)
(10, 19)
(9, 19)
(8, 19)
(7, 19)
(6, 19)
kaikki ok
Reitin pituus: 14
(4, 5)
(4, 6)
(4, 7)
(4, 8)
(4, 9)
(4, 10)
(4, 11)
(4, 12)
(4, 13)
(3, 13)
(2, 13)
(1, 13)
(1, 14)
(1, 15)
(2, 15)
kaikki ok
Reitin pituus: 21
(14, 4)
(14, 5)
(14, 6)
(14, 7)
(14, 8)
(14, 9)
(13, 9)
(12, 9)
(12, 10)
(12, 11)
(11, 11)
(10, 11)
(9, 11)
(8, 11)
(7, 11)
(6, 11)
(6, 12)
(6, 13)
(5, 13)
(4, 13)
(4, 14)
(4, 15)
kaikki ok
Reitin pituus: 17
(6, 12)
(6, 11)
(7, 11)
(8, 11)
(9, 11)
(10, 11)
(11, 11)
(12, 11)
(12, 12)
(12, 13)
(13, 13)
(14, 13)
(15, 13)
(16, 13)
(17, 13)
(17, 14)
(17, 15)
(16, 15)
kaikki ok
Reitin pituus: 5
(13, 3)
(14, 3)
(15, 3)
(16, 3)
(17, 3)
(17, 2)
kaikki ok
Reitin pituus: 8
(4, 9)
(4, 10)
(4, 11)
(4, 12)
(4, 13)
(4, 14)
(4, 15)
(5, 15)
(6, 15)
kaikki ok
Reitin pituus: 4
(13, 9)
(14, 9)
(14, 8)
(14, 7)
(14, 6)
kaikki ok
Reitin pituus: 15
(1, 3)
(2, 3)
(3, 3)
(4, 3)
(5, 3)
(6, 3)
(6, 4)
(6, 5)
(7, 5)
(8, 5)
(8, 6)
(8, 7)
(9, 7)
(9, 8)
(9, 9)
(8, 9)
kaikki ok
Reitin pituus: 29
(13, 19)
(12, 19)
(11, 19)
(10, 19)
(9, 19)
(8, 19)
(8, 18)
(8, 17)
(7, 17)
(6, 17)
(6, 16)
(6, 15)
(5, 15)
(4, 15)
(4, 14)
(4, 13)
(4, 12)
(4, 11)
(4, 10)
(4, 9)
(4, 8)
(4, 7)
(4, 6)
(4, 5)
(4, 4)
(4, 3)
(4, 2)
(4, 1)
(5, 1)
(6, 1)
kaikki ok
Reitin pituus: 2
(9, 15)
(10, 15)
(10, 14)
kaikki ok
Reitin pituus: 16
(4, 9)
(5, 9)
(6, 9)
(6, 8)
(6, 7)
(7, 7)
(8, 7)
(9, 7)
(10, 7)
(11, 7)
(12, 7)
(12, 8)
(12, 9)
(13, 9)
(14, 9)
(14, 10)
(14, 11)
kaikki ok
Reitin pituus: 26
(17, 2)
(17, 3)
(17, 4)
(17, 5)
(16, 5)
(15, 5)
(14, 5)
(14, 6)
(14, 7)
(14, 8)
(14, 9)
(14, 10)
(14, 11)
(14, 12)
(14, 13)
(14, 14)
(14, 15)
(13, 15)
(12, 15)
(12, 16)
(12, 17)
(11, 17)
(10, 17)
(10, 18)
(10, 19)
(11, 19)
(12, 19)
kaikki ok
Reitin pituus: 17
(1, 2)
(1, 3)
(2, 3)
(3, 3)
(4, 3)
(5, 3)
(6, 3)
(7, 3)
(8, 3)
(9, 3)
(10, 3)
(11, 3)
(12, 3)
(13, 3)
(14, 3)
(15, 3)
(16, 3)
(17, 3)
kaikki ok
Reitin pituus: 8
(6, 15)
(6, 16)
(6, 17)
(7, 17)
(8, 17)
(8, 18)
(8, 19)
(9, 19)
(10, 19)
kaikki ok
Reitin pituus: 16
(8, 7)
(9, 7)
(10, 7)
(11, 7)
(12, 7)
(12, 8)
(12, 9)
(12, 10)
(12, 11)
(12, 12)
(12, 13)
(13, 13)
(14, 13)
(14, 14)
(14, 15)
(14, 16)
(14, 17)
kaikki ok
Reitin pituus: 3
(8, 7)
(9, 7)
(10, 7)
(10, 6)
kaikki ok
Reitin pituus: 26
(17, 1)
(17, 2)
(17, 3)
(17, 4)
(17, 5)
(16, 5)
(15, 5)
(14, 5)
(14, 6)
(14, 7)
(14, 8)
(14, 9)
(14, 10)
(14, 11)
(14, 12)
(14, 13)
(14, 14)
(14, 15)
(13, 15)
(12, 15)
(11, 15)
(10, 15)
(9, 15)
(8, 15)
(7, 15)
(6, 15)
(5, 15)
kaikki ok
Reitin pituus: 14
(15, 1)
(14, 1)
(14, 2)
(14, 3)
(14, 4)
(14, 5)
(14, 6)
(14, 7)
(14, 8)
(14, 9)
(14, 10)
(14, 11)
(14, 12)
(14, 13)
(13, 13)
kaikki ok
Reitin pituus: 4
(1, 2)
(1, 1)
(2, 1)
(3, 1)
(4, 1)
kaikki ok
Reitin pituus: 7
(13, 1)
(14, 1)
(14, 2)
(14, 3)
(13, 3)
(12, 3)
(12, 4)
(12, 5)
kaikki ok
Reitin pituus: 2
(6, 4)
(6, 3)
(7, 3)
kaikki ok
Reitin pituus: 16
(7, 13)
(6, 13)
(6, 12)
(6, 11)
(6, 10)
(6, 9)
(5, 9)
(4, 9)
(4, 8)
(4, 7)
(4, 6)
(4, 5)
(4, 4)
(4, 3)
(4, 2)
(4, 1)
(5, 1)
kaikki ok
Reitin pituus: 16
(8, 13)
(7, 13)
(6, 13)
(6, 12)
(6, 11)
(6, 10)
(6, 9)
(6, 8)
(6, 7)
(7, 7)
(8, 7)
(9, 7)
(10, 7)
(10, 6)
(10, 5)
(11, 5)
(12, 5)
kaikki ok
Reitin pituus: 11
(10, 9)
(9, 9)
(9, 8)
(9, 7)
(8, 7)
(7, 7)
(6, 7)
(6, 8)
(6, 9)
(5, 9)
(4, 9)
(4, 8)
kaikki ok
Reitin pituus: 13
(10, 11)
(9, 11)
(8, 11)
(7, 11)
(6, 11)
(6, 12)
(6, 13)
(5, 13)
(4, 13)
(4, 14)
(4, 15)
(4, 16)
(4, 17)
(3, 17)
kaikki ok
Reitin pituus: 21
(9, 15)
(8, 15)
(8, 14)
(8, 13)
(7, 13)
(6, 13)
(6, 12)
(6, 11)
(6, 10)
(6, 9)
(6, 8)
(6, 7)
(7, 7)
(8, 7)
(8, 6)
(8, 5)
(7, 5)
(6, 5)
(6, 4)
(6, 3)
(7, 3)
(8, 3)
kaikki ok
Reitin pituus: 25
(11, 17)
(12, 17)
(12, 16)
(12, 15)
(11, 15)
(10, 15)
(9, 15)
(8, 15)
(8, 14)
(8, 13)
(7, 13)
(6, 13)
(5, 13)
(4, 13)
(4, 12)
(4, 11)
(4, 10)
(4, 9)
(4, 8)
(4, 7)
(4, 6)
(4, 5)
(4, 4)
(4, 3)
(3, 3)
(2, 3)
kaikki ok
Reitin pituus: 2
(6, 4)
(6, 3)
(5, 3)
kaikki ok
Reitin pituus: 6
(8, 7)
(9, 7)
(10, 7)
(11, 7)
(12, 7)
(12, 8)
(12, 9)
kaikki ok
Reitin pituus: 17
(14, 5)
(14, 4)
(14, 3)
(13, 3)
(12, 3)
(12, 4)
(12, 5)
(11, 5)
(10, 5)
(10, 6)
(10, 7)
(9, 7)
(8, 7)
(7, 7)
(6, 7)
(6, 8)
(6, 9)
(5, 9)
kaikki ok
Reitin pituus: 10
(11, 3)
(12, 3)
(12, 4)
(12, 5)
(11, 5)
(10, 5)
(10, 6)
(10, 7)
(11, 7)
(12, 7)
(12, 8)
kaikki ok
Reitin pituus: 1
(16, 1)
(17, 1)
kaikki ok
Reitin pituus: 11
(4, 15)
(5, 15)
(6, 15)
(7, 15)
(8, 15)
(9, 15)
(10, 15)
(11, 15)
(12, 15)
(13, 15)
(14, 15)
(14, 14)
kaikki ok
Reitin pituus: 2
(13, 1)
(12, 1)
(11, 1)
kaikki ok
Reitin pituus: 5
(6, 4)
(6, 3)
(5, 3)
(4, 3)
(4, 2)
(4, 1)
kaikki ok
Reitin pituus: 8
(17, 14)
(17, 13)
(16, 13)
(15, 13)
(14, 13)
(13, 13)
(12, 13)
(11, 13)
(10, 13)
kaikki ok
Reitin pituus: 18
(1, 19)
(1, 18)
(1, 17)
(2, 17)
(3, 17)
(4, 17)
(4, 16)
(4, 15)
(4, 14)
(4, 13)
(5, 13)
(6, 13)
(6, 12)
(6, 11)
(7, 11)
(8, 11)
(9, 11)
(10, 11)
(11, 11)
kaikki ok
Reitin pituus: 4
(14, 12)
(14, 11)
(14, 10)
(14, 9)
(14, 8)
kaikki ok
Reitin pituus: 18
(4, 3)
(4, 4)
(4, 5)
(4, 6)
(4, 7)
(4, 8)
(4, 9)
(5, 9)
(6, 9)
(6, 10)
(6, 11)
(6, 12)
(6, 13)
(7, 13)
(8, 13)
(8, 14)
(8, 15)
(9, 15)
(10, 15)
kaikki ok
Reitin pituus: 16
(11, 17)
(12, 17)
(12, 16)
(12, 15)
(11, 15)
(10, 15)
(9, 15)
(8, 15)
(8, 14)
(8, 13)
(7, 13)
(6, 13)
(6, 12)
(6, 11)
(6, 10)
(6, 9)
(6, 8)
kaikki ok
Reitin pituus: 9
(13, 9)
(12, 9)
(12, 8)
(12, 7)
(11, 7)
(10, 7)
(9, 7)
(9, 8)
(9, 9)
(10, 9)
kaikki ok
Reitin pituus: 15
(7, 11)
(6, 11)
(6, 12)
(6, 13)
(7, 13)
(8, 13)
(8, 14)
(8, 15)
(9, 15)
(10, 15)
(11, 15)
(12, 15)
(12, 16)
(12, 17)
(11, 17)
(10, 17)
kaikki ok
Reitin pituus: 20
(12, 17)
(12, 16)
(12, 15)
(13, 15)
(14, 15)
(14, 14)
(14, 13)
(14, 12)
(14, 11)
(14, 10)
(14, 9)
(13, 9)
(12, 9)
(12, 8)
(12, 7)
(11, 7)
(10, 7)
(9, 7)
(9, 8)
(9, 9)
(8, 9)
kaikki ok
Reitin pituus: 17
(1, 5)
(2, 5)
(3, 5)
(4, 5)
(4, 6)
(4, 7)
(4, 8)
(4, 9)
(4, 10)
(4, 11)
(4, 12)
(4, 13)
(4, 14)
(4, 15)
(5, 15)
(6, 15)
(7, 15)
(8, 15)
kaikki ok
Reitin pituus: 12
(4, 17)
(4, 16)
(4, 15)
(5, 15)
(6, 15)
(7, 15)
(8, 15)
(9, 15)
(10, 15)
(11, 15)
(12, 15)
(13, 15)
(14, 15)
kaikki ok
Reitin pituus: 18
(17, 17)
(16, 17)
(15, 17)
(14, 17)
(14, 16)
(14, 15)
(13, 15)
(12, 15)
(11, 15)
(10, 15)
(9, 15)
(8, 15)
(7, 15)
(6, 15)
(5, 15)
(4, 15)
(4, 14)
(4, 13)
(4, 12)
kaikki ok
Reitin pituus: 11
(5, 13)
(4, 13)
(4, 14)
(4, 15)
(4, 16)
(4, 17)
(3, 17)
(2, 17)
(1, 17)
(1, 18)
(1, 19)
(2, 19)
kaikki ok
Reitin pituus: 11
(14, 16)
(14, 15)
(13, 15)
(12, 15)
(11, 15)
(10, 15)
(9, 15)
(8, 15)
(8, 14)
(8, 13)
(7, 13)
(6, 13)
kaikki ok
Reitin pituus: 15
(4, 16)
(4, 15)
(4, 14)
(4, 13)
(4, 12)
(4, 11)
(4, 10)
(4, 9)
(4, 8)
(4, 7)
(4, 6)
(4, 5)
(4, 4)
(4, 3)
(3, 3)
(2, 3)
kaikki ok
Reitin pituus: 6
(6, 8)
(6, 7)
(7, 7)
(8, 7)
(9, 7)
(9, 8)
(9, 9)
kaikki ok
Reitin pituus: 24
(17, 17)
(16, 17)
(15, 17)
(14, 17)
(14, 16)
(14, 15)
(13, 15)
(12, 15)
(11, 15)
(10, 15)
(9, 15)
(8, 15)
(8, 14)
(8, 13)
(7, 13)
(6, 13)
(6, 12)
(6, 11)
(6, 10)
(6, 9)
(5, 9)
(4, 9)
(4, 8)
(4, 7)
(4, 6)
kaikki ok
Reitin pituus: 12
(17, 5)
(16, 5)
(15, 5)
(14, 5)
(14, 6)
(14, 7)
(14, 8)
(14, 9)
(13, 9)
(12, 9)
(12, 8)
(12, 7)
(11, 7)
kaikki ok
Reitin pituus: 26
(11, 19)
(10, 19)
(9, 19)
(8, 19)
(8, 18)
(8, 17)
(7, 17)
(6, 17)
(6, 16)
(6, 15)
(5, 15)
(4, 15)
(4, 14)
(4, 13)
(4, 12)
(4, 11)
(4, 10)
(4, 9)
(5, 9)
(6, 9)
(6, 8)
(6, 7)
(7, 7)
(8, 7)
(8, 6)
(8, 5)
(7, 5)
kaikki ok
Reitin pituus: 17
(1, 13)
(2, 13)
(3, 13)
(4, 13)
(4, 12)
(4, 11)
(4, 10)
(4, 9)
(4, 8)
(4, 7)
(4, 6)
(4, 5)
(4, 4)
(4, 3)
(4, 2)
(4, 1)
(5, 1)
(6, 1)
kaikki ok
Reitin pituus: 26
(14, 14)
(14, 13)
(13, 13)
(12, 13)
(12, 12)
(12, 11)
(11, 11)
(10, 11)
(9, 11)
(8, 11)
(7, 11)
(6, 11)
(6, 10)
(6, 9)
(5, 9)
(4, 9)
(4, 8)
(4, 7)
(4, 6)
(4, 5)
(4, 4)
(4, 3)
(3, 3)
(2, 3)
(1, 3)
(1, 2)
(1, 1)
kaikki ok
Reitin pituus: 0
(17, 14)
kaikki ok
Reitin pituus: 26
(1, 3)
(2, 3)
(3, 3)
(4, 3)
(4, 4)
(4, 5)
(4, 6)
(4, 7)
(4, 8)
(4, 9)
(4, 10)
(4, 11)
(4, 12)
(4, 13)
(4, 14)
(4, 15)
(4, 16)
(4, 17)
(3, 17)
(2, 17)
(1, 17)
(1, 18)
(1, 19)
(2, 19)
(3, 19)
(4, 19)
(5, 19)
kaikki ok
Reitin pituus: 10
(15, 5)
(14, 5)
(14, 4)
(14, 3)
(13, 3)
(12, 3)
(11, 3)
(10, 3)
(9, 3)
(8, 3)
(7, 3)
kaikki ok
Reitin pituus: 19
(13, 15)
(12, 15)
(11, 15)
(10, 15)
(9, 15)
(8, 15)
(7, 15)
(6, 15)
(5, 15)
(4, 15)
(4, 14)
(4, 13)
(4, 12)
(4, 11)
(4, 10)
(4, 9)
(4, 8)
(4, 7)
(4, 6)
(4, 5)
kaikki ok
Reitin pituus: 7
(14, 12)
(14, 11)
(14, 10)
(14, 9)
(13, 9)
(12, 9)
(12, 8)
(12, 7)
kaikki ok
Reitin pituus: 4
(12, 10)
(12, 11)
(11, 11)
(10, 11)
(9, 11)
kaikki ok
Reitin pituus: 17
(14, 12)
(14, 13)
(14, 14)
(14, 15)
(13, 15)
(12, 15)
(12, 16)
(12, 17)
(11, 17)
(10, 17)
(10, 18)
(10, 19)
(9, 19)
(8, 19)
(7, 19)
(6, 19)
(5, 19)
(4, 19)
kaikki ok
Reitin pituus: 21
(10, 3)
(9, 3)
(8, 3)
(7, 3)
(6, 3)
(5, 3)
(4, 3)
(4, 4)
(4, 5)
(4, 6)
(4, 7)
(4, 8)
(4, 9)
(4, 10)
(4, 11)
(4, 12)
(4, 13)
(4, 14)
(4, 15)
(5, 15)
(6, 15)
(7, 15)
kaikki ok
Reitin pituus: 23
(10, 17)
(11, 17)
(12, 17)
(12, 16)
(12, 15)
(13, 15)
(14, 15)
(14, 14)
(14, 13)
(14, 12)
(14, 11)
(14, 10)
(14, 9)
(14, 8)
(14, 7)
(14, 6)
(14, 5)
(14, 4)
(14, 3)
(13, 3)
(12, 3)
(11, 3)
(10, 3)
(10, 2)
kaikki ok
Reitin pituus: 34
(17, 1)
(17, 2)
(17, 3)
(16, 3)
(15, 3)
(14, 3)
(13, 3)
(12, 3)
(12, 4)
(12, 5)
(11, 5)
(10, 5)
(10, 6)
(10, 7)
(9, 7)
(8, 7)
(7, 7)
(6, 7)
(6, 8)
(6, 9)
(6, 10)
(6, 11)
(6, 12)
(6, 13)
(5, 13)
(4, 13)
(4, 14)
(4, 15)
(4, 16)
(4, 17)
(3, 17)
(2, 17)
(1, 17)
(1, 18)
(1, 19)
kaikki ok
Reitin pituus: 16
(1, 18)
(1, 17)
(2, 17)
(3, 17)
(4, 17)
(4, 16)
(4, 15)
(5, 15)
(6, 15)
(7, 15)
(8, 15)
(9, 15)
(10, 15)
(11, 15)
(12, 15)
(13, 15)
(14, 15)
kaikki ok
Reitin pituus: 2
(1, 14)
(1, 13)
(2, 13)
kaikki ok
Reitin pituus: 24
(4, 17)
(4, 16)
(4, 15)
(5, 15)
(6, 15)
(7, 15)
(8, 15)
(9, 15)
(10, 15)
(10, 14)
(10, 13)
(11, 13)
(12, 13)
(12, 12)
(12, 11)
(12, 10)
(12, 9)
(13, 9)
(14, 9)
(14, 8)
(14, 7)
(14, 6)
(14, 5)
(14, 4)
(14, 3)
kaikki ok
Reitin pituus: 7
(17, 13)
(16, 13)
(15, 13)
(14, 13)
(14, 14)
(14, 15)
(13, 15)
(12, 15)
kaikki ok
Reitin pituus: 18
(4, 16)
(4, 15)
(4, 14)
(4, 13)
(4, 12)
(4, 11)
(4, 10)
(4, 9)
(4, 8)
(4, 7)
(4, 6)
(4, 5)
(4, 4)
(4, 3)
(5, 3)
(6, 3)
(7, 3)
(8, 3)
(9, 3)
kaikki ok
Reitin pituus: 12
(2, 17)
(3, 17)
(4, 17)
(4, 16)
(4, 15)
(5, 15)
(6, 15)
(7, 15)
(8, 15)
(9, 15)
(10, 15)
(11, 15)
(12, 15)
kaikki ok
Reitin pituus: 12
(6, 3)
(5, 3)
(4, 3)
(4, 4)
(4, 5)
(4, 6)
(4, 7)
(4, 8)
(4, 9)
(4, 10)
(4, 11)
(4, 12)
(4, 13)
kaikki ok
Reitin pituus: 1
(9, 8)
(9, 9)
kaikki ok
Reitin pituus: 11
(10, 18)
(10, 17)
(11, 17)
(12, 17)
(12, 16)
(12, 15)
(11, 15)
(10, 15)
(9, 15)
(8, 15)
(8, 14)
(8, 13)
kaikki ok
Reitin pituus: 18
(4, 7)
(4, 8)
(4, 9)
(5, 9)
(6, 9)
(6, 8)
(6, 7)
(7, 7)
(8, 7)
(9, 7)
(10, 7)
(11, 7)
(12, 7)
(12, 8)
(12, 9)
(13, 9)
(14, 9)
(14, 10)
(14, 11)
kaikki ok
Reitin pituus: 19
(17, 19)
(17, 18)
(17, 17)
(16, 17)
(15, 17)
(14, 17)
(14, 16)
(14, 15)
(14, 14)
(14, 13)
(14, 12)
(14, 11)
(14, 10)
(14, 9)
(14, 8)
(14, 7)
(14, 6)
(14, 5)
(14, 4)
(14, 3)
kaikki ok
Reitin pituus: 24
(7, 1)
(8, 1)
(8, 2)
(8, 3)
(9, 3)
(10, 3)
(11, 3)
(12, 3)
(13, 3)
(14, 3)
(14, 4)
(14, 5)
(14, 6)
(14, 7)
(14, 8)
(14, 9)
(14, 10)
(14, 11)
(14, 12)
(14, 13)
(13, 13)
(12, 13)
(11, 13)
(10, 13)
(10, 14)
kaikki ok
Reitin pituus: 18
(8, 3)
(9, 3)
(10, 3)
(11, 3)
(12, 3)
(12, 4)
(12, 5)
(11, 5)
(10, 5)
(10, 6)
(10, 7)
(11, 7)
(12, 7)
(12, 8)
(12, 9)
(12, 10)
(12, 11)
(12, 12)
(12, 13)
kaikki ok
Reitin pituus: 13
(16, 5)
(15, 5)
(14, 5)
(14, 4)
(14, 3)
(13, 3)
(12, 3)
(11, 3)
(10, 3)
(9, 3)
(8, 3)
(8, 2)
(8, 1)
(7, 1)
kaikki ok
Reitin pituus: 6
(8, 13)
(8, 14)
(8, 15)
(7, 15)
(6, 15)
(6, 16)
(6, 17)
kaikki ok
Reitin pituus: 17
(8, 15)
(9, 15)
(10, 15)
(11, 15)
(12, 15)
(13, 15)
(14, 15)
(14, 14)
(14, 13)
(14, 12)
(14, 11)
(14, 10)
(14, 9)
(14, 8)
(14, 7)
(14, 6)
(14, 5)
(15, 5)
kaikki ok
Reitin pituus: 14
(8, 11)
(7, 11)
(6, 11)
(6, 12)
(6, 13)
(5, 13)
(4, 13)
(4, 14)
(4, 15)
(4, 16)
(4, 17)
(3, 17)
(2, 17)
(1, 17)
(1, 18)
kaikki ok
Reitin pituus: 17
(17, 5)
(16, 5)
(15, 5)
(14, 5)
(14, 6)
(14, 7)
(14, 8)
(14, 9)
(14, 10)
(14, 11)
(14, 12)
(14, 13)
(14, 14)
(14, 15)
(13, 15)
(12, 15)
(11, 15)
(10, 15)
kaikki ok
Reitin pituus: 19
(14, 5)
(14, 6)
(14, 7)
(14, 8)
(14, 9)
(14, 10)
(14, 11)
(14, 12)
(14, 13)
(14, 14)
(14, 15)
(13, 15)
(12, 15)
(12, 16)
(12, 17)
(11, 17)
(10, 17)
(10, 18)
(10, 19)
(9, 19)
kaikki ok
Reitin pituus: 27
(10, 17)
(11, 17)
(12, 17)
(12, 16)
(12, 15)
(13, 15)
(14, 15)
(14, 14)
(14, 13)
(14, 12)
(14, 11)
(14, 10)
(14, 9)
(14, 8)
(14, 7)
(14, 6)
(14, 5)
(14, 4)
(14, 3)
(13, 3)
(12, 3)
(11, 3)
(10, 3)
(9, 3)
(8, 3)
(8, 2)
(8, 1)
(7, 1)
kaikki ok
Reitin pituus: 17
(4, 8)
(4, 7)
(4, 6)
(4, 5)
(4, 4)
(4, 3)
(5, 3)
(6, 3)
(7, 3)
(8, 3)
(9, 3)
(10, 3)
(11, 3)
(12, 3)
(13, 3)
(14, 3)
(15, 3)
(16, 3)
kaikki ok
Reitin pituus: 14
(11, 19)
(10, 19)
(9, 19)
(8, 19)
(8, 18)
(8, 17)
(7, 17)
(6, 17)
(6, 16)
(6, 15)
(5, 15)
(4, 15)
(4, 16)
(4, 17)
(3, 17)
kaikki ok
Reitin pituus: 30
(6, 1)
(5, 1)
(4, 1)
(4, 2)
(4, 3)
(4, 4)
(4, 5)
(4, 6)
(4, 7)
(4, 8)
(4, 9)
(4, 10)
(4, 11)
(4, 12)
(4, 13)
(4, 14)
(4, 15)
(5, 15)
(6, 15)
(6, 16)
(6, 17)
(7, 17)
(8, 17)
(8, 18)
(8, 19)
(9, 19)
(10, 19)
(11, 19)
(12, 19)
(13, 19)
(14, 19)
kaikki ok
Reitin pituus: 22
(3, 19)
(4, 19)
(5, 19)
(6, 19)
(7, 19)
(8, 19)
(9, 19)
(10, 19)
(10, 18)
(10, 17)
(11, 17)
(12, 17)
(12, 16)
(12, 15)
(13, 15)
(14, 15)
(14, 14)
(14, 13)
(14, 12)
(14, 11)
(14, 10)
(14, 9)
(14, 8)
kaikki ok
Reitin pituus: 3
(7, 13)
(8, 13)
(8, 14)
(8, 15)
kaikki ok
Reitin pituus: 25
(11, 1)
(12, 1)
(13, 1)
(14, 1)
(14, 2)
(14, 3)
(14, 4)
(14, 5)
(14, 6)
(14, 7)
(14, 8)
(14, 9)
(14, 10)
(14, 11)
(14, 12)
(14, 13)
(14, 14)
(14, 15)
(14, 16)
(14, 17)
(15, 17)
(16, 17)
(17, 17)
(17, 18)
(17, 19)
(16, 19)
kaikki ok
Reitin pituus: 19
(12, 5)
(11, 5)
(10, 5)
(10, 6)
(10, 7)
(9, 7)
(8, 7)
(7, 7)
(6, 7)
(6, 8)
(6, 9)
(6, 10)
(6, 11)
(6, 12)
(6, 13)
(5, 13)
(4, 13)
(3, 13)
(2, 13)
(1, 13)
kaikki ok
Reitin pituus: 11
(12, 9)
(13, 9)
(14, 9)
(14, 8)
(14, 7)
(14, 6)
(14, 5)
(14, 4)
(14, 3)
(14, 2)
(14, 1)
(15, 1)
kaikki ok
Reitin pituus: 16
(2, 1)
(3, 1)
(4, 1)
(4, 2)
(4, 3)
(4, 4)
(4, 5)
(4, 6)
(4, 7)
(4, 8)
(4, 9)
(5, 9)
(6, 9)
(6, 10)
(6, 11)
(7, 11)
(8, 11)
kaikki ok
Reitin pituus: 19
(14, 10)
(14, 9)
(13, 9)
(12, 9)
(12, 10)
(12, 11)
(11, 11)
(10, 11)
(9, 11)
(8, 11)
(7, 11)
(6, 11)
(6, 12)
(6, 13)
(5, 13)
(4, 13)
(3, 13)
(2, 13)
(1, 13)
(1, 14)
kaikki ok
Reitin pituus: 4
(15, 1)
(16, 1)
(17, 1)
(17, 2)
(17, 3)
kaikki ok
Reitin pituus: 11
(12, 4)
(12, 3)
(11, 3)
(10, 3)
(9, 3)
(8, 3)
(8, 2)
(8, 1)
(7, 1)
(6, 1)
(5, 1)
(4, 1)
kaikki ok
Reitin pituus: 9
(8, 13)
(7, 13)
(6, 13)
(5, 13)
(4, 13)
(3, 13)
(2, 13)
(1, 13)
(1, 14)
(1, 15)
kaikki ok
Reitin pituus: 11
(9, 9)
(9, 8)
(9, 7)
(8, 7)
(8, 6)
(8, 5)
(7, 5)
(6, 5)
(6, 4)
(6, 3)
(5, 3)
(4, 3)
kaikki ok
Reitin pituus: 13
(4, 14)
(4, 13)
(4, 12)
(4, 11)
(4, 10)
(4, 9)
(4, 8)
(4, 7)
(4, 6)
(4, 5)
(4, 4)
(4, 3)
(4, 2)
(4, 1)
kaikki ok
Reitin pituus: 7
(17, 2)
(17, 1)
(16, 1)
(15, 1)
(14, 1)
(13, 1)
(12, 1)
(11, 1)
kaikki ok
Reitin pituus: 15
(6, 12)
(6, 13)
(5, 13)
(4, 13)
(4, 14)
(4, 15)
(4, 16)
(4, 17)
(3, 17)
(2, 17)
(1, 17)
(1, 18)
(1, 19)
(2, 19)
(3, 19)
(4, 19)
kaikki ok
Reitin pituus: 20
(15, 1)
(14, 1)
(13, 1)
(12, 1)
(11, 1)
(10, 1)
(10, 2)
(10, 3)
(9, 3)
(8, 3)
(7, 3)
(6, 3)
(5, 3)
(4, 3)
(4, 4)
(4, 5)
(4, 6)
(4, 7)
(4, 8)
(4, 9)
(4, 10)
kaikki ok
Reitin pituus: 16
(4, 11)
(4, 10)
(4, 9)
(4, 8)
(4, 7)
(4, 6)
(4, 5)
(4, 4)
(4, 3)
(5, 3)
(6, 3)
(7, 3)
(8, 3)
(9, 3)
(10, 3)
(11, 3)
(12, 3)
kaikki ok
Reitin pituus: 17
(14, 5)
(14, 4)
(14, 3)
(13, 3)
(12, 3)
(11, 3)
(10, 3)
(9, 3)
(8, 3)
(7, 3)
(6, 3)
(5, 3)
(4, 3)
(4, 4)
(4, 5)
(4, 6)
(4, 7)
(4, 8)
kaikki ok
Reitin pituus: 5
(8, 3)
(8, 2)
(8, 1)
(7, 1)
(6, 1)
(5, 1)
kaikki ok
Reitin pituus: 3
(10, 19)
(9, 19)
(8, 19)
(7, 19)
kaikki ok
Reitin pituus: 13
(4, 3)
(4, 4)
(4, 5)
(4, 6)
(4, 7)
(4, 8)
(4, 9)
(4, 10)
(4, 11)
(4, 12)
(4, 13)
(4, 14)
(4, 15)
(5, 15)
kaikki ok
Reitin pituus: 4
(12, 1)
(11, 1)
(10, 1)
(10, 2)
(10, 3)
kaikki ok
Reitin pituus: 8
(8, 2)
(8, 3)
(7, 3)
(6, 3)
(5, 3)
(4, 3)
(3, 3)
(2, 3)
(1, 3)
kaikki ok
Reitin pituus: 11
(10, 1)
(10, 2)
(10, 3)
(9, 3)
(8, 3)
(7, 3)
(6, 3)
(5, 3)
(4, 3)
(4, 4)
(4, 5)
(3, 5)
kaikki ok
Reitin pituus: 21
(10, 2)
(10, 3)
(11, 3)
(12, 3)
(12, 4)
(12, 5)
(11, 5)
(10, 5)
(10, 6)
(10, 7)
(11, 7)
(12, 7)
(12, 8)
(12, 9)
(12, 10)
(12, 11)
(12, 12)
(12, 13)
(11, 13)
(10, 13)
(10, 14)
(10, 15)
kaikki ok
Reitin pituus: 18
(2, 19)
(1, 19)
(1, 18)
(1, 17)
(2, 17)
(3, 17)
(4, 17)
(4, 16)
(4, 15)
(5, 15)
(6, 15)
(7, 15)
(8, 15)
(9, 15)
(10, 15)
(10, 14)
(10, 13)
(11, 13)
(12, 13)
kaikki ok
Reitin pituus: 10
(6, 17)
(6, 16)
(6, 15)
(5, 15)
(4, 15)
(4, 14)
(4, 13)
(5, 13)
(6, 13)
(6, 12)
(6, 11)
kaikki ok
Reitin pituus: 24
(4, 19)
(3, 19)
(2, 19)
(1, 19)
(1, 18)
(1, 17)
(2, 17)
(3, 17)
(4, 17)
(4, 16)
(4, 15)
(4, 14)
(4, 13)
(5, 13)
(6, 13)
(6, 12)
(6, 11)
(6, 10)
(6, 9)
(6, 8)
(6, 7)
(7, 7)
(8, 7)
(9, 7)
(10, 7)
kaikki ok
Reitin pituus: 9
(10, 15)
(11, 15)
(12, 15)
(13, 15)
(14, 15)
(14, 16)
(14, 17)
(15, 17)
(16, 17)
(17, 17)
kaikki ok
Reitin pituus: 1
(4, 17)
(3, 17)
kaikki ok
Reitin pituus: 13
(10, 7)
(11, 7)
(12, 7)
(12, 8)
(12, 9)
(13, 9)
(14, 9)
(14, 10)
(14, 11)
(14, 12)
(14, 13)
(14, 14)
(14, 15)
(14, 16)
kaikki ok
Reitin pituus: 14
(8, 7)
(7, 7)
(6, 7)
(6, 8)
(6, 9)
(5, 9)
(4, 9)
(4, 10)
(4, 11)
(4, 12)
(4, 13)
(4, 14)
(4, 15)
(4, 16)
(4, 17)
kaikki ok
Reitin pituus: 15
(6, 15)
(7, 15)
(8, 15)
(9, 15)
(10, 15)
(10, 14)
(10, 13)
(11, 13)
(12, 13)
(12, 12)
(12, 11)
(12, 10)
(12, 9)
(13, 9)
(14, 9)
(14, 8)
kaikki ok
Reitin pituus: 19
(6, 1)
(7, 1)
(8, 1)
(8, 2)
(8, 3)
(7, 3)
(6, 3)
(6, 4)
(6, 5)
(7, 5)
(8, 5)
(8, 6)
(8, 7)
(9, 7)
(10, 7)
(11, 7)
(12, 7)
(12, 8)
(12, 9)
(12, 10)
kaikki ok
Reitin pituus: 27
(17, 2)
(17, 3)
(17, 4)
(17, 5)
(16, 5)
(15, 5)
(14, 5)
(14, 6)
(14, 7)
(14, 8)
(14, 9)
(14, 10)
(14, 11)
(14, 12)
(14, 13)
(14, 14)
(14, 15)
(13, 15)
(12, 15)
(12, 16)
(12, 17)
(11, 17)
(10, 17)
(10, 18)
(10, 19)
(9, 19)
(8, 19)
(8, 18)
kaikki ok
Reitin pituus: 20
(8, 7)
(7, 7)
(6, 7)
(6, 8)
(6, 9)
(5, 9)
(4, 9)
(4, 10)
(4, 11)
(4, 12)
(4, 13)
(4, 14)
(4, 15)
(4, 16)
(4, 17)
(3, 17)
(2, 17)
(1, 17)
(1, 18)
(1, 19)
(2, 19)
kaikki ok
Reitin pituus: 20
(2, 17)
(3, 17)
(4, 17)
(4, 16)
(4, 15)
(4, 14)
(4, 13)
(4, 12)
(4, 11)
(4, 10)
(4, 9)
(4, 8)
(4, 7)
(4, 6)
(4, 5)
(4, 4)
(4, 3)
(4, 2)
(4, 1)
(3, 1)
(2, 1)
kaikki ok
Reitin pituus: 7
(10, 15)
(9, 15)
(8, 15)
(8, 14)
(8, 13)
(7, 13)
(6, 13)
(6, 12)
kaikki ok
Reitin pituus: 10
(15, 19)
(16, 19)
(17, 19)
(17, 18)
(17, 17)
(16, 17)
(16, 16)
(16, 15)
(17, 15)
(17, 14)
(17, 13)
kaikki ok
Reitin pituus: 5
(5, 3)
(4, 3)
(4, 2)
(4, 1)
(5, 1)
(6, 1)
kaikki ok
Reitin pituus: 15
(8, 5)
(8, 6)
(8, 7)
(7, 7)
(6, 7)
(6, 8)
(6, 9)
(6, 10)
(6, 11)
(6, 12)
(6, 13)
(7, 13)
(8, 13)
(8, 14)
(8, 15)
(7, 15)
kaikki ok
Reitin pituus: 9
(6, 4)
(6, 5)
(7, 5)
(8, 5)
(8, 6)
(8, 7)
(9, 7)
(9, 8)
(9, 9)
(8, 9)
kaikki ok
Reitin pituus: 10
(3, 19)
(4, 19)
(5, 19)
(6, 19)
(7, 19)
(8, 19)
(9, 19)
(10, 19)
(10, 18)
(10, 17)
(11, 17)
kaikki ok
Reitin pituus: 27
(17, 17)
(16, 17)
(15, 17)
(14, 17)
(14, 16)
(14, 15)
(13, 15)
(12, 15)
(11, 15)
(10, 15)
(9, 15)
(8, 15)
(8, 14)
(8, 13)
(7, 13)
(6, 13)
(6, 12)
(6, 11)
(6, 10)
(6, 9)
(5, 9)
(4, 9)
(4, 8)
(4, 7)
(4, 6)
(4, 5)
(4, 4)
(4, 3)
kaikki ok
Reitin pituus: 15
(8, 15)
(8, 14)
(8, 13)
(7, 13)
(6, 13)
(6, 12)
(6, 11)
(6, 10)
(6, 9)
(5, 9)
(4, 9)
(4, 8)
(4, 7)
(4, 6)
(4, 5)
(4, 4)
kaikki ok
Reitin pituus: 6
(12, 16)
(12, 15)
(13, 15)
(14, 15)
(14, 14)
(14, 13)
(15, 13)
kaikki ok
Reitin pituus: 1
(14, 13)
(14, 12)
kaikki ok
Reitin pituus: 6
(6, 15)
(5, 15)
(4, 15)
(4, 14)
(4, 13)
(4, 12)
(4, 11)
kaikki ok
Reitin pituus: 13
(15, 3)
(14, 3)
(14, 4)
(14, 5)
(14, 6)
(14, 7)
(14, 8)
(14, 9)
(13, 9)
(12, 9)
(12, 10)
(12, 11)
(12, 12)
(12, 13)
kaikki ok
Reitin pituus: 11
(14, 1)
(14, 2)
(14, 3)
(14, 4)
(14, 5)
(14, 6)
(14, 7)
(14, 8)
(14, 9)
(13, 9)
(12, 9)
(12, 8)
kaikki ok
Reitin pituus: 15
(4, 9)
(4, 8)
(4, 7)
(4, 6)
(4, 5)
(4, 4)
(4, 3)
(5, 3)
(6, 3)
(7, 3)
(8, 3)
(9, 3)
(10, 3)
(10, 2)
(10, 1)
(11, 1)
kaikki ok
Reitin pituus: 15
(11, 1)
(10, 1)
(10, 2)
(10, 3)
(11, 3)
(12, 3)
(12, 4)
(12, 5)
(11, 5)
(10, 5)
(10, 6)
(10, 7)
(9, 7)
(9, 8)
(9, 9)
(8, 9)
kaikki ok
Reitin pituus: 7
(4, 5)
(4, 4)
(4, 3)
(4, 2)
(4, 1)
(5, 1)
(6, 1)
(7, 1)
kaikki ok
Reitin pituus: 26
(2, 1)
(3, 1)
(4, 1)
(4, 2)
(4, 3)
(5, 3)
(6, 3)
(6, 4)
(6, 5)
(7, 5)
(8, 5)
(8, 6)
(8, 7)
(9, 7)
(10, 7)
(11, 7)
(12, 7)
(12, 8)
(12, 9)
(12, 10)
(12, 11)
(12, 12)
(12, 13)
(13, 13)
(14, 13)
(14, 14)
(14, 15)
kaikki ok
Reitin pituus: 13
(17, 14)
(17, 13)
(16, 13)
(15, 13)
(14, 13)
(14, 14)
(14, 15)
(13, 15)
(12, 15)
(12, 16)
(12, 17)
(11, 17)
(10, 17)
(10, 18)
kaikki ok
Reitin pituus: 11
(3, 1)
(4, 1)
(4, 2)
(4, 3)
(4, 4)
(4, 5)
(4, 6)
(4, 7)
(4, 8)
(4, 9)
(4, 10)
(4, 11)
kaikki ok
Reitin pituus: 2
(2, 3)
(1, 3)
(1, 4)
kaikki ok
Reitin pituus: 9
(6, 9)
(5, 9)
(4, 9)
(4, 8)
(4, 7)
(4, 6)
(4, 5)
(3, 5)
(2, 5)
(1, 5)
kaikki ok
Reitin pituus: 9
(14, 11)
(14, 12)
(14, 13)
(14, 14)
(14, 15)
(14, 16)
(14, 17)
(15, 17)
(16, 17)
(17, 17)
kaikki ok
Reitin pituus: 20
(1, 4)
(1, 5)
(2, 5)
(3, 5)
(4, 5)
(4, 6)
(4, 7)
(4, 8)
(4, 9)
(4, 10)
(4, 11)
(4, 12)
(4, 13)
(4, 14)
(4, 15)
(5, 15)
(6, 15)
(6, 16)
(6, 17)
(7, 17)
(8, 17)
kaikki ok
Reitin pituus: 18
(10, 19)
(10, 18)
(10, 17)
(11, 17)
(12, 17)
(12, 16)
(12, 15)
(13, 15)
(14, 15)
(14, 14)
(14, 13)
(14, 12)
(14, 11)
(14, 10)
(14, 9)
(14, 8)
(14, 7)
(14, 6)
(14, 5)
kaikki ok
Reitin pituus: 15
(8, 3)
(7, 3)
(6, 3)
(5, 3)
(4, 3)
(4, 4)
(4, 5)
(4, 6)
(4, 7)
(4, 8)
(4, 9)
(4, 10)
(4, 11)
(4, 12)
(4, 13)
(4, 14)
kaikki ok
Reitin pituus: 18
(4, 11)
(4, 10)
(4, 9)
(4, 8)
(4, 7)
(4, 6)
(4, 5)
(4, 4)
(4, 3)
(5, 3)
(6, 3)
(7, 3)
(8, 3)
(9, 3)
(10, 3)
(10, 2)
(10, 1)
(11, 1)
(12, 1)
kaikki ok
Reitin pituus: 12
(7, 19)
(6, 19)
(5, 19)
(4, 19)
(3, 19)
(2, 19)
(1, 19)
(1, 18)
(1, 17)
(2, 17)
(2, 16)
(2, 15)
(1, 15)
kaikki ok
Reitin pituus: 12
(9, 19)
(8, 19)
(8, 18)
(8, 17)
(7, 17)
(6, 17)
(6, 16)
(6, 15)
(5, 15)
(4, 15)
(4, 14)
(4, 13)
(5, 13)
kaikki ok
Reitin pituus: 14
(6, 11)
(7, 11)
(8, 11)
(9, 11)
(10, 11)
(11, 11)
(12, 11)
(12, 12)
(12, 13)
(13, 13)
(14, 13)
(14, 14)
(14, 15)
(14, 16)
(14, 17)
kaikki ok
Reitin pituus: 13
(10, 18)
(10, 19)
(11, 19)
(12, 19)
(13, 19)
(14, 19)
(15, 19)
(16, 19)
(17, 19)
(17, 18)
(17, 17)
(16, 17)
(16, 16)
(16, 15)
kaikki ok
Reitin pituus: 10
(12, 9)
(12, 10)
(12, 11)
(12, 12)
(12, 13)
(11, 13)
(10, 13)
(10, 14)
(10, 15)
(11, 15)
(12, 15)
kaikki ok
Reitin pituus: 7
(12, 17)
(11, 17)
(10, 17)
(10, 18)
(10, 19)
(11, 19)
(12, 19)
(13, 19)
kaikki ok
Reitin pituus: 12
(12, 7)
(12, 8)
(12, 9)
(13, 9)
(14, 9)
(14, 8)
(14, 7)
(14, 6)
(14, 5)
(15, 5)
(16, 5)
(17, 5)
(17, 4)
kaikki ok
Reitin pituus: 1
(10, 7)
(9, 7)
kaikki ok
Reitin pituus: 11
(12, 9)
(12, 8)
(12, 7)
(11, 7)
(10, 7)
(10, 6)
(10, 5)
(11, 5)
(12, 5)
(12, 4)
(12, 3)
(11, 3)
kaikki ok
Reitin pituus: 9
(4, 5)
(4, 6)
(4, 7)
(4, 8)
(4, 9)
(5, 9)
(6, 9)
(6, 8)
(6, 7)
(7, 7)
kaikki ok
Reitin pituus: 24
(4, 13)
(4, 12)
(4, 11)
(4, 10)
(4, 9)
(4, 8)
(4, 7)
(4, 6)
(4, 5)
(4, 4)
(4, 3)
(5, 3)
(6, 3)
(7, 3)
(8, 3)
(9, 3)
(10, 3)
(11, 3)
(12, 3)
(13, 3)
(14, 3)
(15, 3)
(16, 3)
(17, 3)
(17, 2)
kaikki ok
Reitin pituus: 16
(16, 1)
(15, 1)
(14, 1)
(13, 1)
(12, 1)
(11, 1)
(10, 1)
(10, 2)
(10, 3)
(9, 3)
(8, 3)
(7, 3)
(6, 3)
(5, 3)
(4, 3)
(4, 2)
(4, 1)
kaikki ok
Reitin pituus: 14
(10, 14)
(10, 13)
(11, 13)
(12, 13)
(12, 12)
(12, 11)
(12, 10)
(12, 9)
(12, 8)
(12, 7)
(11, 7)
(10, 7)
(9, 7)
(9, 8)
(9, 9)
kaikki ok
Reitin pituus: 18
(12, 16)
(12, 15)
(13, 15)
(14, 15)
(14, 14)
(14, 13)
(14, 12)
(14, 11)
(14, 10)
(14, 9)
(14, 8)
(14, 7)
(14, 6)
(14, 5)
(14, 4)
(14, 3)
(15, 3)
(16, 3)
(17, 3)
kaikki ok
Reitin pituus: 21
(8, 17)
(7, 17)
(6, 17)
(6, 16)
(6, 15)
(5, 15)
(4, 15)
(4, 14)
(4, 13)
(4, 12)
(4, 11)
(4, 10)
(4, 9)
(4, 8)
(4, 7)
(4, 6)
(4, 5)
(4, 4)
(4, 3)
(5, 3)
(6, 3)
(6, 4)
kaikki ok
Reitin pituus: 10
(6, 17)
(6, 16)
(6, 15)
(7, 15)
(8, 15)
(9, 15)
(10, 15)
(11, 15)
(12, 15)
(13, 15)
(14, 15)
kaikki ok
Reitin pituus: 14
(12, 10)
(12, 9)
(13, 9)
(14, 9)
(14, 8)
(14, 7)
(14, 6)
(14, 5)
(14, 4)
(14, 3)
(13, 3)
(12, 3)
(11, 3)
(10, 3)
(9, 3)
kaikki ok
Reitin pituus: 20
(14, 11)
(14, 12)
(14, 13)
(13, 13)
(12, 13)
(11, 13)
(10, 13)
(10, 14)
(10, 15)
(9, 15)
(8, 15)
(7, 15)
(6, 15)
(5, 15)
(4, 15)
(4, 16)
(4, 17)
(3, 17)
(2, 17)
(1, 17)
(1, 18)
kaikki ok
Reitin pituus: 16
(7, 17)
(6, 17)
(6, 16)
(6, 15)
(5, 15)
(4, 15)
(4, 14)
(4, 13)
(4, 12)
(4, 11)
(4, 10)
(4, 9)
(4, 8)
(4, 7)
(4, 6)
(4, 5)
(4, 4)
kaikki ok
Reitin pituus: 19
(14, 11)
(14, 10)
(14, 9)
(14, 8)
(14, 7)
(14, 6)
(14, 5)
(14, 4)
(14, 3)
(13, 3)
(12, 3)
(11, 3)
(10, 3)
(9, 3)
(8, 3)
(7, 3)
(6, 3)
(5, 3)
(4, 3)
(4, 4)
kaikki ok
Reitin pituus: 12
(10, 3)
(11, 3)
(12, 3)
(12, 4)
(12, 5)
(11, 5)
(10, 5)
(10, 6)
(10, 7)
(9, 7)
(9, 8)
(9, 9)
(10, 9)
kaikki ok
Reitin pituus: 16
(5, 15)
(6, 15)
(7, 15)
(8, 15)
(9, 15)
(10, 15)
(10, 14)
(10, 13)
(11, 13)
(12, 13)
(12, 12)
(12, 11)
(12, 10)
(12, 9)
(12, 8)
(12, 7)
(11, 7)
kaikki ok
Reitin pituus: 26
(11, 19)
(10, 19)
(10, 18)
(10, 17)
(11, 17)
(12, 17)
(12, 16)
(12, 15)
(13, 15)
(14, 15)
(14, 14)
(14, 13)
(14, 12)
(14, 11)
(14, 10)
(14, 9)
(14, 8)
(14, 7)
(14, 6)
(14, 5)
(14, 4)
(14, 3)
(13, 3)
(12, 3)
(11, 3)
(10, 3)
(10, 2)
kaikki ok
Reitin pituus: 17
(7, 3)
(6, 3)
(5, 3)
(4, 3)
(4, 4)
(4, 5)
(4, 6)
(4, 7)
(4, 8)
(4, 9)
(4, 10)
(4, 11)
(4, 12)
(4, 13)
(4, 14)
(4, 15)
(5, 15)
(6, 15)
kaikki ok
Reitin pituus: 27
(7, 17)
(6, 17)
(6, 16)
(6, 15)
(5, 15)
(4, 15)
(4, 14)
(4, 13)
(4, 12)
(4, 11)
(4, 10)
(4, 9)
(4, 8)
(4, 7)
(4, 6)
(4, 5)
(4, 4)
(4, 3)
(5, 3)
(6, 3)
(7, 3)
(8, 3)
(9, 3)
(10, 3)
(10, 2)
(10, 1)
(11, 1)
(12, 1)
kaikki ok
Reitin pituus: 6
(14, 1)
(14, 2)
(14, 3)
(13, 3)
(12, 3)
(12, 4)
(12, 5)
kaikki ok
Reitin pituus: 17
(4, 8)
(4, 9)
(4, 10)
(4, 11)
(4, 12)
(4, 13)
(4, 14)
(4, 15)
(5, 15)
(6, 15)
(6, 16)
(6, 17)
(7, 17)
(8, 17)
(8, 18)
(8, 19)
(9, 19)
(10, 19)
kaikki ok
Reitin pituus: 0
(6, 7)
kaikki ok
Reitin pituus: 20
(6, 15)
(5, 15)
(4, 15)
(4, 14)
(4, 13)
(4, 12)
(4, 11)
(4, 10)
(4, 9)
(4, 8)
(4, 7)
(4, 6)
(4, 5)
(4, 4)
(4, 3)
(5, 3)
(6, 3)
(7, 3)
(8, 3)
(9, 3)
(10, 3)
kaikki ok
Reitin pituus: 17
(14, 7)
(14, 8)
(14, 9)
(13, 9)
(12, 9)
(12, 10)
(12, 11)
(11, 11)
(10, 11)
(9, 11)
(8, 11)
(7, 11)
(6, 11)
(6, 12)
(6, 13)
(5, 13)
(4, 13)
(3, 13)
kaikki ok
Reitin pituus: 7
(3, 1)
(4, 1)
(4, 2)
(4, 3)
(4, 4)
(4, 5)
(4, 6)
(4, 7)
kaikki ok
Reitin pituus: 3
(14, 16)
(14, 15)
(14, 14)
(14, 13)
kaikki ok
Reitin pituus: 20
(14, 2)
(14, 3)
(13, 3)
(12, 3)
(12, 4)
(12, 5)
(11, 5)
(10, 5)
(10, 6)
(10, 7)
(9, 7)
(8, 7)
(7, 7)
(6, 7)
(6, 8)
(6, 9)
(6, 10)
(6, 11)
(6, 12)
(6, 13)
(5, 13)
kaikki ok
Reitin pituus: 6
(10, 7)
(11, 7)
(12, 7)
(12, 8)
(12, 9)
(13, 9)
(14, 9)
kaikki ok
Reitin pituus: 15
(6, 12)
(6, 13)
(7, 13)
(8, 13)
(8, 14)
(8, 15)
(7, 15)
(6, 15)
(6, 16)
(6, 17)
(7, 17)
(8, 17)
(8, 18)
(8, 19)
(7, 19)
(6, 19)
kaikki ok
Reitin pituus: 17
(17, 1)
(16, 1)
(15, 1)
(14, 1)
(13, 1)
(12, 1)
(11, 1)
(10, 1)
(10, 2)
(10, 3)
(9, 3)
(8, 3)
(8, 2)
(8, 1)
(7, 1)
(6, 1)
(5, 1)
(4, 1)
kaikki ok
Reitin pituus: 15
(12, 7)
(12, 8)
(12, 9)
(13, 9)
(14, 9)
(14, 10)
(14, 11)
(14, 12)
(14, 13)
(14, 14)
(14, 15)
(13, 15)
(12, 15)
(12, 16)
(12, 17)
(11, 17)
kaikki ok
Reitin pituus: 11
(6, 16)
(6, 15)
(7, 15)
(8, 15)
(9, 15)
(10, 15)
(10, 14)
(10, 13)
(11, 13)
(12, 13)
(12, 12)
(12, 11)
kaikki ok
Reitin pituus: 4
(11, 17)
(12, 17)
(12, 16)
(12, 15)
(13, 15)
kaikki ok
Reitin pituus: 11
(16, 19)
(15, 19)
(14, 19)
(13, 19)
(12, 19)
(11, 19)
(10, 19)
(9, 19)
(8, 19)
(8, 18)
(8, 17)
(7, 17)
kaikki ok
Reitin pituus: 17
(14, 7)
(14, 6)
(14, 5)
(14, 4)
(14, 3)
(13, 3)
(12, 3)
(11, 3)
(10, 3)
(9, 3)
(8, 3)
(8, 2)
(8, 1)
(7, 1)
(6, 1)
(5, 1)
(4, 1)
(3, 1)
kaikki ok
Reitin pituus: 18
(2, 16)
(2, 17)
(3, 17)
(4, 17)
(4, 16)
(4, 15)
(4, 14)
(4, 13)
(5, 13)
(6, 13)
(6, 12)
(6, 11)
(7, 11)
(8, 11)
(9, 11)
(10, 11)
(11, 11)
(12, 11)
(12, 10)
kaikki ok
Reitin pituus: 7
(7, 5)
(8, 5)
(8, 6)
(8, 7)
(9, 7)
(9, 8)
(9, 9)
(10, 9)
kaikki ok
Reitin pituus: 11
(4, 6)
(4, 7)
(4, 8)
(4, 9)
(4, 10)
(4, 11)
(4, 12)
(4, 13)
(5, 13)
(6, 13)
(7, 13)
(8, 13)
kaikki ok
Reitin pituus: 6
(14, 10)
(14, 11)
(14, 12)
(14, 13)
(15, 13)
(16, 13)
(17, 13)
kaikki ok
Reitin pituus: 22
(2, 3)
(3, 3)
(4, 3)
(4, 4)
(4, 5)
(4, 6)
(4, 7)
(4, 8)
(4, 9)
(5, 9)
(6, 9)
(6, 10)
(6, 11)
(6, 12)
(6, 13)
(7, 13)
(8, 13)
(8, 14)
(8, 15)
(9, 15)
(10, 15)
(11, 15)
(12, 15)
kaikki ok
Reitin pituus: 6
(8, 5)
(8, 6)
(8, 7)
(9, 7)
(9, 8)
(9, 9)
(8, 9)
kaikki ok
Reitin pituus: 8
(14, 13)
(13, 13)
(12, 13)
(12, 12)
(12, 11)
(12, 10)
(12, 9)
(12, 8)
(12, 7)
kaikki ok
Reitin pituus: 13
(10, 9)
(9, 9)
(9, 8)
(9, 7)
(8, 7)
(7, 7)
(6, 7)
(6, 8)
(6, 9)
(6, 10)
(6, 11)
(7, 11)
(8, 11)
(9, 11)
kaikki ok
Reitin pituus: 22
(8, 19)
(9, 19)
(10, 19)
(10, 18)
(10, 17)
(11, 17)
(12, 17)
(12, 16)
(12, 15)
(13, 15)
(14, 15)
(14, 14)
(14, 13)
(14, 12)
(14, 11)
(14, 10)
(14, 9)
(14, 8)
(14, 7)
(14, 6)
(14, 5)
(14, 4)
(14, 3)
kaikki ok
Reitin pituus: 15
(14, 9)
(13, 9)
(12, 9)
(12, 10)
(12, 11)
(11, 11)
(10, 11)
(9, 11)
(8, 11)
(7, 11)
(6, 11)
(6, 10)
(6, 9)
(5, 9)
(4, 9)
(4, 10)
kaikki ok
Reitin pituus: 10
(7, 7)
(8, 7)
(9, 7)
(10, 7)
(11, 7)
(12, 7)
(12, 8)
(12, 9)
(13, 9)
(14, 9)
(14, 10)
kaikki ok
Reitin pituus: 12
(11, 15)
(12, 15)
(12, 16)
(12, 17)
(11, 17)
(10, 17)
(10, 18)
(10, 19)
(11, 19)
(12, 19)
(13, 19)
(14, 19)
(15, 19)
kaikki ok
Reitin pituus: 24
(8, 18)
(8, 17)
(7, 17)
(6, 17)
(6, 16)
(6, 15)
(5, 15)
(4, 15)
(4, 14)
(4, 13)
(4, 12)
(4, 11)
(4, 10)
(4, 9)
(4, 8)
(4, 7)
(4, 6)
(4, 5)
(4, 4)
(4, 3)
(4, 2)
(4, 1)
(5, 1)
(6, 1)
(7, 1)
kaikki ok
Reitin pituus: 7
(17, 13)
(16, 13)
(15, 13)
(14, 13)
(13, 13)
(12, 13)
(12, 12)
(12, 11)
kaikki ok
Reitin pituus: 28
(14, 19)
(13, 19)
(12, 19)
(11, 19)
(10, 19)
(9, 19)
(8, 19)
(8, 18)
(8, 17)
(7, 17)
(6, 17)
(6, 16)
(6, 15)
(5, 15)
(4, 15)
(4, 14)
(4, 13)
(4, 12)
(4, 11)
(4, 10)
(4, 9)
(4, 8)
(4, 7)
(4, 6)
(4, 5)
(4, 4)
(4, 3)
(3, 3)
(2, 3)
kaikki ok
Reitin pituus: 14
(9, 11)
(10, 11)
(11, 11)
(12, 11)
(12, 10)
(12, 9)
(13, 9)
(14, 9)
(14, 8)
(14, 7)
(14, 6)
(14, 5)
(14, 4)
(14, 3)
(15, 3)
kaikki ok
Reitin pituus: 15
(4, 13)
(4, 12)
(4, 11)
(4, 10)
(4, 9)
(4, 8)
(4, 7)
(4, 6)
(4, 5)
(4, 4)
(4, 3)
(3, 3)
(2, 3)
(1, 3)
(1, 2)
(1, 1)
kaikki ok
Reitin pituus: 14
(4, 11)
(4, 12)
(4, 13)
(4, 14)
(4, 15)
(4, 16)
(4, 17)
(3, 17)
(2, 17)
(1, 17)
(1, 18)
(1, 19)
(2, 19)
(3, 19)
(4, 19)
kaikki ok
Reitin pituus: 10
(4, 6)
(4, 7)
(4, 8)
(4, 9)
(4, 10)
(4, 11)
(4, 12)
(4, 13)
(4, 14)
(4, 15)
(4, 16)
kaikki ok
Reitin pituus: 16
(2, 17)
(3, 17)
(4, 17)
(4, 16)
(4, 15)
(4, 14)
(4, 13)
(4, 12)
(4, 11)
(4, 10)
(4, 9)
(4, 8)
(4, 7)
(4, 6)
(4, 5)
(3, 5)
(2, 5)
kaikki ok
Reitin pituus: 7
(17, 5)
(17, 4)
(17, 3)
(16, 3)
(15, 3)
(14, 3)
(14, 2)
(14, 1)
kaikki ok
Reitin pituus: 5
(12, 5)
(12, 4)
(12, 3)
(13, 3)
(14, 3)
(14, 2)
kaikki ok
Reitin pituus: 16
(6, 1)
(5, 1)
(4, 1)
(4, 2)
(4, 3)
(4, 4)
(4, 5)
(4, 6)
(4, 7)
(4, 8)
(4, 9)
(4, 10)
(4, 11)
(4, 12)
(4, 13)
(4, 14)
(4, 15)
kaikki ok
Reitin pituus: 29
(14, 19)
(15, 19)
(16, 19)
(17, 19)
(17, 18)
(17, 17)
(16, 17)
(15, 17)
(14, 17)
(14, 16)
(14, 15)
(14, 14)
(14, 13)
(14, 12)
(14, 11)
(14, 10)
(14, 9)
(14, 8)
(14, 7)
(14, 6)
(14, 5)
(14, 4)
(14, 3)
(13, 3)
(12, 3)
(11, 3)
(10, 3)
(9, 3)
(8, 3)
(8, 2)
kaikki ok
Reitin pituus: 23
(7, 19)
(8, 19)
(8, 18)
(8, 17)
(7, 17)
(6, 17)
(6, 16)
(6, 15)
(5, 15)
(4, 15)
(4, 14)
(4, 13)
(4, 12)
(4, 11)
(4, 10)
(4, 9)
(4, 8)
(4, 7)
(4, 6)
(4, 5)
(4, 4)
(4, 3)
(5, 3)
(6, 3)
kaikki ok
Reitin pituus: 6
(10, 18)
(10, 19)
(11, 19)
(12, 19)
(13, 19)
(14, 19)
(15, 19)
kaikki ok
Reitin pituus: 7
(4, 6)
(4, 5)
(4, 4)
(4, 3)
(5, 3)
(6, 3)
(6, 4)
(6, 5)
kaikki ok
Reitin pituus: 15
(13, 9)
(14, 9)
(14, 8)
(14, 7)
(14, 6)
(14, 5)
(14, 4)
(14, 3)
(13, 3)
(12, 3)
(11, 3)
(10, 3)
(9, 3)
(8, 3)
(8, 2)
(8, 1)
kaikki ok
Reitin pituus: 14
(8, 14)
(8, 15)
(9, 15)
(10, 15)
(11, 15)
(12, 15)
(12, 16)
(12, 17)
(11, 17)
(10, 17)
(10, 18)
(10, 19)
(11, 19)
(12, 19)
(13, 19)
kaikki ok
Reitin pituus: 31
(5, 19)
(6, 19)
(7, 19)
(8, 19)
(9, 19)
(10, 19)
(10, 18)
(10, 17)
(11, 17)
(12, 17)
(12, 16)
(12, 15)
(13, 15)
(14, 15)
(14, 14)
(14, 13)
(14, 12)
(14, 11)
(14, 10)
(14, 9)
(14, 8)
(14, 7)
(14, 6)
(14, 5)
(14, 4)
(14, 3)
(14, 2)
(14, 1)
(13, 1)
(12, 1)
(11, 1)
(10, 1)
kaikki ok
Reitin pituus: 16
(1, 14)
(1, 13)
(2, 13)
(3, 13)
(4, 13)
(4, 12)
(4, 11)
(4, 10)
(4, 9)
(4, 8)
(4, 7)
(4, 6)
(4, 5)
(4, 4)
(4, 3)
(5, 3)
(6, 3)
kaikki ok
Reitin pituus: 8
(6, 4)
(6, 3)
(5, 3)
(4, 3)
(4, 4)
(4, 5)
(3, 5)
(2, 5)
(1, 5)
kaikki ok
Reitin pituus: 9
(4, 8)
(4, 7)
(4, 6)
(4, 5)
(4, 4)
(4, 3)
(5, 3)
(6, 3)
(7, 3)
(8, 3)
kaikki ok
Reitin pituus: 17
(10, 6)
(10, 7)
(9, 7)
(8, 7)
(7, 7)
(6, 7)
(6, 8)
(6, 9)
(6, 10)
(6, 11)
(6, 12)
(6, 13)
(7, 13)
(8, 13)
(8, 14)
(8, 15)
(7, 15)
(6, 15)
kaikki ok
Reitin pituus: 16
(6, 16)
(6, 15)
(5, 15)
(4, 15)
(4, 14)
(4, 13)
(4, 12)
(4, 11)
(4, 10)
(4, 9)
(5, 9)
(6, 9)
(6, 8)
(6, 7)
(7, 7)
(8, 7)
(9, 7)
kaikki ok
Reitin pituus: 12
(9, 9)
(9, 8)
(9, 7)
(8, 7)
(7, 7)
(6, 7)
(6, 8)
(6, 9)
(6, 10)
(6, 11)
(7, 11)
(8, 11)
(9, 11)
kaikki ok
Reitin pituus: 12
(5, 15)
(4, 15)
(4, 14)
(4, 13)
(5, 13)
(6, 13)
(6, 12)
(6, 11)
(7, 11)
(8, 11)
(9, 11)
(10, 11)
(11, 11)
kaikki ok
Reitin pituus: 15
(3, 1)
(4, 1)
(4, 2)
(4, 3)
(5, 3)
(6, 3)
(7, 3)
(8, 3)
(9, 3)
(10, 3)
(10, 2)
(10, 1)
(11, 1)
(12, 1)
(13, 1)
(14, 1)
kaikki ok
Reitin pituus: 22
(1, 19)
(2, 19)
(3, 19)
(4, 19)
(5, 19)
(6, 19)
(7, 19)
(8, 19)
(9, 19)
(10, 19)
(11, 19)
(12, 19)
(13, 19)
(14, 19)
(15, 19)
(16, 19)
(17, 19)
(17, 18)
(17, 17)
(16, 17)
(16, 16)
(16, 15)
(17, 15)
kaikki ok
Reitin pituus: 8
(10, 1)
(10, 2)
(10, 3)
(9, 3)
(8, 3)
(7, 3)
(6, 3)
(6, 4)
(6, 5)
kaikki ok
Reitin pituus: 8
(1, 18)
(1, 19)
(2, 19)
(3, 19)
(4, 19)
(5, 19)
(6, 19)
(7, 19)
(8, 19)
kaikki ok
Reitin pituus: 6
(13, 13)
(14, 13)
(14, 14)
(14, 15)
(14, 16)
(14, 17)
(15, 17)
kaikki ok
Reitin pituus: 23
(1, 3)
(2, 3)
(3, 3)
(4, 3)
(4, 4)
(4, 5)
(4, 6)
(4, 7)
(4, 8)
(4, 9)
(4, 10)
(4, 11)
(4, 12)
(4, 13)
(4, 14)
(4, 15)
(4, 16)
(4, 17)
(3, 17)
(2, 17)
(1, 17)
(1, 18)
(1, 19)
(2, 19)
kaikki ok
Reitin pituus: 17
(3, 5)
(4, 5)
(4, 6)
(4, 7)
(4, 8)
(4, 9)
(5, 9)
(6, 9)
(6, 10)
(6, 11)
(6, 12)
(6, 13)
(7, 13)
(8, 13)
(8, 14)
(8, 15)
(9, 15)
(10, 15)
kaikki ok
Reitin pituus: 8
(8, 19)
(9, 19)
(10, 19)
(10, 18)
(10, 17)
(11, 17)
(12, 17)
(12, 16)
(12, 15)
kaikki ok
Reitin pituus: 20
(4, 4)
(4, 5)
(4, 6)
(4, 7)
(4, 8)
(4, 9)
(5, 9)
(6, 9)
(6, 10)
(6, 11)
(7, 11)
(8, 11)
(9, 11)
(10, 11)
(11, 11)
(12, 11)
(12, 12)
(12, 13)
(13, 13)
(14, 13)
(14, 14)
kaikki ok
Reitin pituus: 7
(12, 10)
(12, 9)
(12, 8)
(12, 7)
(11, 7)
(10, 7)
(9, 7)
(8, 7)
kaikki ok
Reitin pituus: 11
(8, 17)
(7, 17)
(6, 17)
(6, 16)
(6, 15)
(5, 15)
(4, 15)
(4, 14)
(4, 13)
(4, 12)
(4, 11)
(4, 10)
kaikki ok
Reitin pituus: 3
(13, 3)
(14, 3)
(15, 3)
(16, 3)
kaikki ok
Reitin pituus: 9
(14, 14)
(14, 15)
(14, 16)
(14, 17)
(15, 17)
(16, 17)
(17, 17)
(17, 18)
(17, 19)
(16, 19)
kaikki ok
Reitin pituus: 15
(8, 11)
(7, 11)
(6, 11)
(6, 10)
(6, 9)
(5, 9)
(4, 9)
(4, 8)
(4, 7)
(4, 6)
(4, 5)
(4, 4)
(4, 3)
(4, 2)
(4, 1)
(3, 1)
kaikki ok
Reitin pituus: 4
(12, 15)
(11, 15)
(10, 15)
(9, 15)
(8, 15)
kaikki ok
Reitin pituus: 6
(9, 15)
(10, 15)
(11, 15)
(12, 15)
(12, 16)
(12, 17)
(11, 17)
kaikki ok
Reitin pituus: 4
(1, 1)
(2, 1)
(3, 1)
(4, 1)
(4, 2)
kaikki ok
Reitin pituus: 11
(14, 12)
(14, 13)
(14, 14)
(14, 15)
(14, 16)
(14, 17)
(15, 17)
(16, 17)
(17, 17)
(17, 18)
(17, 19)
(16, 19)
kaikki ok
Reitin pituus: 15
(10, 14)
(10, 13)
(11, 13)
(12, 13)
(12, 12)
(12, 11)
(12, 10)
(12, 9)
(12, 8)
(12, 7)
(11, 7)
(10, 7)
(9, 7)
(9, 8)
(9, 9)
(10, 9)
kaikki ok
Reitin pituus: 6
(12, 19)
(13, 19)
(14, 19)
(15, 19)
(16, 19)
(17, 19)
(17, 18)
kaikki ok
Reitin pituus: 26
(13, 19)
(12, 19)
(11, 19)
(10, 19)
(9, 19)
(8, 19)
(8, 18)
(8, 17)
(7, 17)
(6, 17)
(6, 16)
(6, 15)
(5, 15)
(4, 15)
(4, 14)
(4, 13)
(4, 12)
(4, 11)
(4, 10)
(4, 9)
(4, 8)
(4, 7)
(4, 6)
(4, 5)
(4, 4)
(4, 3)
(4, 2)
kaikki ok
Reitin pituus: 7
(4, 9)
(4, 8)
(4, 7)
(4, 6)
(4, 5)
(4, 4)
(4, 3)
(3, 3)
kaikki ok
Reitin pituus: 4
(4, 13)
(3, 13)
(2, 13)
(1, 13)
(1, 14)
kaikki ok
Reitin pituus: 16
(4, 9)
(5, 9)
(6, 9)
(6, 10)
(6, 11)
(7, 11)
(8, 11)
(9, 11)
(10, 11)
(11, 11)
(12, 11)
(12, 12)
(12, 13)
(13, 13)
(14, 13)
(15, 13)
(16, 13)
kaikki ok
Reitin pituus: 5
(6, 9)
(6, 10)
(6, 11)
(6, 12)
(6, 13)
(5, 13)
kaikki ok
Reitin pituus: 26
(6, 5)
(7, 5)
(8, 5)
(8, 6)
(8, 7)
(9, 7)
(10, 7)
(11, 7)
(12, 7)
(12, 8)
(12, 9)
(13, 9)
(14, 9)
(14, 10)
(14, 11)
(14, 12)
(14, 13)
(14, 14)
(14, 15)
(14, 16)
(14, 17)
(15, 17)
(16, 17)
(17, 17)
(17, 18)
(17, 19)
(16, 19)
kaikki ok
Reitin pituus: 4
(13, 13)
(14, 13)
(15, 13)
(16, 13)
(17, 13)
kaikki ok
Reitin pituus: 13
(6, 15)
(6, 16)
(6, 17)
(7, 17)
(8, 17)
(8, 18)
(8, 19)
(9, 19)
(10, 19)
(11, 19)
(12, 19)
(13, 19)
(14, 19)
(15, 19)
kaikki ok
Reitin pituus: 2
(5, 13)
(4, 13)
(4, 12)
kaikki ok
Reitin pituus: 28
(16, 1)
(15, 1)
(14, 1)
(14, 2)
(14, 3)
(14, 4)
(14, 5)
(14, 6)
(14, 7)
(14, 8)
(14, 9)
(14, 10)
(14, 11)
(14, 12)
(14, 13)
(14, 14)
(14, 15)
(13, 15)
(12, 15)
(12, 16)
(12, 17)
(11, 17)
(10, 17)
(10, 18)
(10, 19)
(9, 19)
(8, 19)
(7, 19)
(6, 19)
kaikki ok
Reitin pituus: 14
(1, 2)
(1, 3)
(1, 4)
(1, 5)
(2, 5)
(3, 5)
(4, 5)
(4, 6)
(4, 7)
(4, 8)
(4, 9)
(4, 10)
(4, 11)
(4, 12)
(4, 13)
kaikki ok
Reitin pituus: 19
(4, 8)
(4, 7)
(4, 6)
(4, 5)
(4, 4)
(4, 3)
(5, 3)
(6, 3)
(7, 3)
(8, 3)
(9, 3)
(10, 3)
(11, 3)
(12, 3)
(13, 3)
(14, 3)
(15, 3)
(16, 3)
(17, 3)
(17, 4)
kaikki ok
Reitin pituus: 8
(8, 14)
(8, 15)
(7, 15)
(6, 15)
(6, 16)
(6, 17)
(7, 17)
(8, 17)
(8, 18)
kaikki ok
Reitin pituus: 10
(6, 3)
(6, 4)
(6, 5)
(7, 5)
(8, 5)
(8, 6)
(8, 7)
(9, 7)
(9, 8)
(9, 9)
(10, 9)
kaikki ok
Reitin pituus: 10
(7, 17)
(6, 17)
(6, 16)
(6, 15)
(5, 15)
(4, 15)
(4, 14)
(4, 13)
(4, 12)
(4, 11)
(4, 10)
kaikki ok
Reitin pituus: 7
(11, 5)
(10, 5)
(10, 6)
(10, 7)
(9, 7)
(8, 7)
(7, 7)
(6, 7)
kaikki ok
Reitin pituus: 14
(7, 1)
(8, 1)
(8, 2)
(8, 3)
(9, 3)
(10, 3)
(10, 2)
(10, 1)
(11, 1)
(12, 1)
(13, 1)
(14, 1)
(15, 1)
(16, 1)
(17, 1)
kaikki ok
Reitin pituus: 23
(11, 19)
(10, 19)
(10, 18)
(10, 17)
(11, 17)
(12, 17)
(12, 16)
(12, 15)
(13, 15)
(14, 15)
(14, 14)
(14, 13)
(14, 12)
(14, 11)
(14, 10)
(14, 9)
(14, 8)
(14, 7)
(14, 6)
(14, 5)
(14, 4)
(14, 3)
(13, 3)
(12, 3)
kaikki ok
Reitin pituus: 25
(16, 1)
(15, 1)
(14, 1)
(14, 2)
(14, 3)
(14, 4)
(14, 5)
(14, 6)
(14, 7)
(14, 8)
(14, 9)
(14, 10)
(14, 11)
(14, 12)
(14, 13)
(14, 14)
(14, 15)
(13, 15)
(12, 15)
(11, 15)
(10, 15)
(9, 15)
(8, 15)
(7, 15)
(6, 15)
(6, 16)
kaikki ok
Reitin pituus: 12
(10, 14)
(10, 13)
(11, 13)
(12, 13)
(13, 13)
(14, 13)
(14, 12)
(14, 11)
(14, 10)
(14, 9)
(14, 8)
(14, 7)
(14, 6)
kaikki ok
Reitin pituus: 19
(4, 19)
(3, 19)
(2, 19)
(1, 19)
(1, 18)
(1, 17)
(2, 17)
(3, 17)
(4, 17)
(4, 16)
(4, 15)
(4, 14)
(4, 13)
(5, 13)
(6, 13)
(6, 12)
(6, 11)
(7, 11)
(8, 11)
(9, 11)
kaikki ok
Reitin pituus: 17
(17, 13)
(16, 13)
(15, 13)
(14, 13)
(14, 12)
(14, 11)
(14, 10)
(14, 9)
(13, 9)
(12, 9)
(12, 8)
(12, 7)
(11, 7)
(10, 7)
(9, 7)
(9, 8)
(9, 9)
(10, 9)
kaikki ok
Reitin pituus: 13
(10, 14)
(10, 15)
(9, 15)
(8, 15)
(7, 15)
(6, 15)
(5, 15)
(4, 15)
(4, 14)
(4, 13)
(4, 12)
(4, 11)
(4, 10)
(4, 9)
kaikki ok
Reitin pituus: 12
(16, 16)
(16, 17)
(17, 17)
(17, 18)
(17, 19)
(16, 19)
(15, 19)
(14, 19)
(13, 19)
(12, 19)
(11, 19)
(10, 19)
(9, 19)
kaikki ok
Reitin pituus: 23
(14, 5)
(14, 6)
(14, 7)
(14, 8)
(14, 9)
(13, 9)
(12, 9)
(12, 10)
(12, 11)
(11, 11)
(10, 11)
(9, 11)
(8, 11)
(7, 11)
(6, 11)
(6, 12)
(6, 13)
(5, 13)
(4, 13)
(3, 13)
(2, 13)
(1, 13)
(1, 14)
(1, 15)
kaikki ok
Reitin pituus: 17
(16, 5)
(15, 5)
(14, 5)
(14, 6)
(14, 7)
(14, 8)
(14, 9)
(13, 9)
(12, 9)
(12, 10)
(12, 11)
(11, 11)
(10, 11)
(9, 11)
(8, 11)
(7, 11)
(6, 11)
(6, 12)
kaikki ok
Reitin pituus: 22
(1, 13)
(2, 13)
(3, 13)
(4, 13)
(4, 12)
(4, 11)
(4, 10)
(4, 9)
(4, 8)
(4, 7)
(4, 6)
(4, 5)
(4, 4)
(4, 3)
(5, 3)
(6, 3)
(7, 3)
(8, 3)
(9, 3)
(10, 3)
(11, 3)
(12, 3)
(13, 3)
kaikki ok
Reitin pituus: 21
(16, 3)
(15, 3)
(14, 3)
(14, 4)
(14, 5)
(14, 6)
(14, 7)
(14, 8)
(14, 9)
(14, 10)
(14, 11)
(14, 12)
(14, 13)
(14, 14)
(14, 15)
(14, 16)
(14, 17)
(15, 17)
(16, 17)
(17, 17)
(17, 18)
(17, 19)
kaikki ok
Reitin pituus: 12
(11, 17)
(12, 17)
(12, 16)
(12, 15)
(13, 15)
(14, 15)
(14, 14)
(14, 13)
(14, 12)
(14, 11)
(14, 10)
(14, 9)
(14, 8)
kaikki ok
Reitin pituus: 23
(3, 1)
(4, 1)
(4, 2)
(4, 3)
(4, 4)
(4, 5)
(4, 6)
(4, 7)
(4, 8)
(4, 9)
(5, 9)
(6, 9)
(6, 10)
(6, 11)
(6, 12)
(6, 13)
(7, 13)
(8, 13)
(8, 14)
(8, 15)
(9, 15)
(10, 15)
(11, 15)
(12, 15)
kaikki ok
Reitin pituus: 19
(14, 12)
(14, 13)
(13, 13)
(12, 13)
(12, 12)
(12, 11)
(11, 11)
(10, 11)
(9, 11)
(8, 11)
(7, 11)
(6, 11)
(6, 12)
(6, 13)
(5, 13)
(4, 13)
(3, 13)
(2, 13)
(1, 13)
(1, 14)
kaikki ok
Reitin pituus: 3
(4, 5)
(3, 5)
(2, 5)
(1, 5)
kaikki ok
Reitin pituus: 20
(4, 5)
(4, 6)
(4, 7)
(4, 8)
(4, 9)
(5, 9)
(6, 9)
(6, 10)
(6, 11)
(7, 11)
(8, 11)
(9, 11)
(10, 11)
(11, 11)
(12, 11)
(12, 12)
(12, 13)
(13, 13)
(14, 13)
(14, 12)
(14, 11)
kaikki ok
Reitin pituus: 11
(13, 19)
(12, 19)
(11, 19)
(10, 19)
(10, 18)
(10, 17)
(11, 17)
(12, 17)
(12, 16)
(12, 15)
(13, 15)
(14, 15)
kaikki ok
Reitin pituus: 14
(4, 3)
(4, 4)
(4, 5)
(4, 6)
(4, 7)
(4, 8)
(4, 9)
(5, 9)
(6, 9)
(6, 10)
(6, 11)
(7, 11)
(8, 11)
(9, 11)
(10, 11)
kaikki ok
Reitin pituus: 20
(2, 16)
(2, 17)
(3, 17)
(4, 17)
(4, 16)
(4, 15)
(4, 14)
(4, 13)
(5, 13)
(6, 13)
(6, 12)
(6, 11)
(6, 10)
(6, 9)
(6, 8)
(6, 7)
(7, 7)
(8, 7)
(8, 6)
(8, 5)
(7, 5)
kaikki ok
Reitin pituus: 29
(3, 19)
(4, 19)
(5, 19)
(6, 19)
(7, 19)
(8, 19)
(9, 19)
(10, 19)
(10, 18)
(10, 17)
(11, 17)
(12, 17)
(12, 16)
(12, 15)
(13, 15)
(14, 15)
(14, 14)
(14, 13)
(14, 12)
(14, 11)
(14, 10)
(14, 9)
(14, 8)
(14, 7)
(14, 6)
(14, 5)
(14, 4)
(14, 3)
(15, 3)
(16, 3)
kaikki ok
Reitin pituus: 6
(10, 3)
(9, 3)
(8, 3)
(8, 2)
(8, 1)
(7, 1)
(6, 1)
kaikki ok
Reitin pituus: 16
(16, 16)
(16, 17)
(15, 17)
(14, 17)
(14, 16)
(14, 15)
(14, 14)
(14, 13)
(13, 13)
(12, 13)
(12, 12)
(12, 11)
(12, 10)
(12, 9)
(12, 8)
(12, 7)
(11, 7)
kaikki ok
Reitin pituus: 8
(9, 3)
(10, 3)
(11, 3)
(12, 3)
(13, 3)
(14, 3)
(15, 3)
(16, 3)
(17, 3)
kaikki ok
Reitin pituus: 16
(4, 12)
(4, 13)
(5, 13)
(6, 13)
(6, 12)
(6, 11)
(7, 11)
(8, 11)
(9, 11)
(10, 11)
(11, 11)
(12, 11)
(12, 10)
(12, 9)
(13, 9)
(14, 9)
(14, 10)
kaikki ok
Reitin pituus: 20
(12, 5)
(11, 5)
(10, 5)
(10, 6)
(10, 7)
(11, 7)
(12, 7)
(12, 8)
(12, 9)
(13, 9)
(14, 9)
(14, 10)
(14, 11)
(14, 12)
(14, 13)
(15, 13)
(16, 13)
(17, 13)
(17, 14)
(17, 15)
(16, 15)
kaikki ok
Reitin pituus: 15
(8, 6)
(8, 7)
(9, 7)
(10, 7)
(11, 7)
(12, 7)
(12, 8)
(12, 9)
(12, 10)
(12, 11)
(12, 12)
(12, 13)
(13, 13)
(14, 13)
(15, 13)
(16, 13)
kaikki ok
Reitin pituus: 14
(13, 13)
(14, 13)
(14, 12)
(14, 11)
(14, 10)
(14, 9)
(14, 8)
(14, 7)
(14, 6)
(14, 5)
(14, 4)
(14, 3)
(14, 2)
(14, 1)
(15, 1)
kaikki ok
Reitin pituus: 9
(8, 3)
(9, 3)
(10, 3)
(11, 3)
(12, 3)
(13, 3)
(14, 3)
(15, 3)
(16, 3)
(17, 3)
kaikki ok
Reitin pituus: 15
(3, 17)
(4, 17)
(4, 16)
(4, 15)
(4, 14)
(4, 13)
(4, 12)
(4, 11)
(4, 10)
(4, 9)
(4, 8)
(4, 7)
(4, 6)
(4, 5)
(4, 4)
(4, 3)
kaikki ok
Reitin pituus: 19
(15, 1)
(14, 1)
(14, 2)
(14, 3)
(14, 4)
(14, 5)
(14, 6)
(14, 7)
(14, 8)
(14, 9)
(13, 9)
(12, 9)
(12, 10)
(12, 11)
(12, 12)
(12, 13)
(11, 13)
(10, 13)
(10, 14)
(10, 15)
kaikki ok
Reitin pituus: 20
(8, 14)
(8, 15)
(9, 15)
(10, 15)
(10, 14)
(10, 13)
(11, 13)
(12, 13)
(13, 13)
(14, 13)
(14, 12)
(14, 11)
(14, 10)
(14, 9)
(14, 8)
(14, 7)
(14, 6)
(14, 5)
(15, 5)
(16, 5)
(17, 5)
kaikki ok
Reitin pituus: 4
(14, 6)
(14, 5)
(15, 5)
(16, 5)
(17, 5)
kaikki ok
Reitin pituus: 17
(7, 15)
(8, 15)
(9, 15)
(10, 15)
(11, 15)
(12, 15)
(13, 15)
(14, 15)
(14, 14)
(14, 13)
(14, 12)
(14, 11)
(14, 10)
(14, 9)
(14, 8)
(14, 7)
(14, 6)
(14, 5)
kaikki ok
Reitin pituus: 19
(14, 4)
(14, 5)
(14, 6)
(14, 7)
(14, 8)
(14, 9)
(13, 9)
(12, 9)
(12, 10)
(12, 11)
(12, 12)
(12, 13)
(11, 13)
(10, 13)
(10, 14)
(10, 15)
(9, 15)
(8, 15)
(8, 14)
(8, 13)
kaikki ok
Reitin pituus: 29
(3, 3)
(4, 3)
(4, 4)
(4, 5)
(4, 6)
(4, 7)
(4, 8)
(4, 9)
(4, 10)
(4, 11)
(4, 12)
(4, 13)
(4, 14)
(4, 15)
(5, 15)
(6, 15)
(6, 16)
(6, 17)
(7, 17)
(8, 17)
(8, 18)
(8, 19)
(9, 19)
(10, 19)
(11, 19)
(12, 19)
(13, 19)
(14, 19)
(15, 19)
(16, 19)
kaikki ok
Reitin pituus: 17
(9, 7)
(8, 7)
(7, 7)
(6, 7)
(6, 8)
(6, 9)
(5, 9)
(4, 9)
(4, 10)
(4, 11)
(4, 12)
(4, 13)
(4, 14)
(4, 15)
(4, 16)
(4, 17)
(3, 17)
(2, 17)
kaikki ok
Reitin pituus: 5
(10, 11)
(9, 11)
(8, 11)
(7, 11)
(6, 11)
(6, 12)
kaikki ok
Reitin pituus: 12
(14, 10)
(14, 9)
(13, 9)
(12, 9)
(12, 8)
(12, 7)
(11, 7)
(10, 7)
(9, 7)
(8, 7)
(8, 6)
(8, 5)
(7, 5)
kaikki ok
Reitin pituus: 6
(6, 17)
(7, 17)
(8, 17)
(8, 18)
(8, 19)
(9, 19)
(10, 19)
kaikki ok
Reitin pituus: 10
(3, 13)
(4, 13)
(4, 14)
(4, 15)
(5, 15)
(6, 15)
(6, 16)
(6, 17)
(7, 17)
(8, 17)
(8, 18)
kaikki ok
Reitin pituus: 20
(4, 14)
(4, 13)
(5, 13)
(6, 13)
(6, 12)
(6, 11)
(7, 11)
(8, 11)
(9, 11)
(10, 11)
(11, 11)
(12, 11)
(12, 10)
(12, 9)
(13, 9)
(14, 9)
(14, 8)
(14, 7)
(14, 6)
(14, 5)
(14, 4)
kaikki ok
Reitin pituus: 7
(12, 13)
(11, 13)
(10, 13)
(10, 14)
(10, 15)
(9, 15)
(8, 15)
(7, 15)
kaikki ok
Reitin pituus: 23
(5, 1)
(6, 1)
(7, 1)
(8, 1)
(8, 2)
(8, 3)
(9, 3)
(10, 3)
(11, 3)
(12, 3)
(13, 3)
(14, 3)
(14, 4)
(14, 5)
(14, 6)
(14, 7)
(14, 8)
(14, 9)
(14, 10)
(14, 11)
(14, 12)
(14, 13)
(14, 14)
(14, 15)
kaikki ok
Reitin pituus: 8
(12, 9)
(13, 9)
(14, 9)
(14, 10)
(14, 11)
(14, 12)
(14, 13)
(14, 14)
(14, 15)
kaikki ok
Reitin pituus: 21
(8, 13)
(7, 13)
(6, 13)
(6, 12)
(6, 11)
(6, 10)
(6, 9)
(6, 8)
(6, 7)
(7, 7)
(8, 7)
(9, 7)
(10, 7)
(10, 6)
(10, 5)
(11, 5)
(12, 5)
(12, 4)
(12, 3)
(11, 3)
(10, 3)
(10, 2)
kaikki ok
Reitin pituus: 9
(4, 12)
(4, 11)
(4, 10)
(4, 9)
(4, 8)
(4, 7)
(4, 6)
(4, 5)
(4, 4)
(4, 3)
kaikki ok
Reitin pituus: 11
(11, 7)
(10, 7)
(10, 6)
(10, 5)
(11, 5)
(12, 5)
(12, 4)
(12, 3)
(13, 3)
(14, 3)
(15, 3)
(16, 3)
kaikki ok
Reitin pituus: 12
(3, 1)
(4, 1)
(4, 2)
(4, 3)
(5, 3)
(6, 3)
(7, 3)
(8, 3)
(9, 3)
(10, 3)
(11, 3)
(12, 3)
(12, 4)
kaikki ok
Reitin pituus: 15
(10, 7)
(11, 7)
(12, 7)
(12, 8)
(12, 9)
(13, 9)
(14, 9)
(14, 10)
(14, 11)
(14, 12)
(14, 13)
(14, 14)
(14, 15)
(14, 16)
(14, 17)
(15, 17)
kaikki ok
Reitin pituus: 18
(4, 8)
(4, 9)
(5, 9)
(6, 9)
(6, 10)
(6, 11)
(7, 11)
(8, 11)
(9, 11)
(10, 11)
(11, 11)
(12, 11)
(12, 12)
(12, 13)
(13, 13)
(14, 13)
(15, 13)
(16, 13)
(17, 13)
kaikki ok
Reitin pituus: 17
(4, 13)
(4, 14)
(4, 15)
(5, 15)
(6, 15)
(7, 15)
(8, 15)
(9, 15)
(10, 15)
(11, 15)
(12, 15)
(13, 15)
(14, 15)
(14, 16)
(14, 17)
(15, 17)
(16, 17)
(17, 17)
kaikki ok
Reitin pituus: 7
(14, 15)
(14, 14)
(14, 13)
(14, 12)
(14, 11)
(14, 10)
(14, 9)
(14, 8)
kaikki ok
Reitin pituus: 10
(17, 5)
(17, 4)
(17, 3)
(16, 3)
(15, 3)
(14, 3)
(13, 3)
(12, 3)
(11, 3)
(10, 3)
(10, 2)
kaikki ok
Reitin pituus: 8
(14, 7)
(14, 8)
(14, 9)
(14, 10)
(14, 11)
(14, 12)
(14, 13)
(14, 14)
(14, 15)
kaikki ok
Reitin pituus: 18
(7, 17)
(6, 17)
(6, 16)
(6, 15)
(7, 15)
(8, 15)
(9, 15)
(10, 15)
(10, 14)
(10, 13)
(11, 13)
(12, 13)
(12, 12)
(12, 11)
(12, 10)
(12, 9)
(12, 8)
(12, 7)
(11, 7)
kaikki ok
Reitin pituus: 8
(7, 11)
(6, 11)
(6, 10)
(6, 9)
(6, 8)
(6, 7)
(7, 7)
(8, 7)
(9, 7)
kaikki ok
Reitin pituus: 22
(13, 3)
(14, 3)
(14, 4)
(14, 5)
(14, 6)
(14, 7)
(14, 8)
(14, 9)
(14, 10)
(14, 11)
(14, 12)
(14, 13)
(14, 14)
(14, 15)
(13, 15)
(12, 15)
(12, 16)
(12, 17)
(11, 17)
(10, 17)
(10, 18)
(10, 19)
(9, 19)
kaikki ok
Reitin pituus: 16
(14, 6)
(14, 7)
(14, 8)
(14, 9)
(14, 10)
(14, 11)
(14, 12)
(14, 13)
(14, 14)
(14, 15)
(14, 16)
(14, 17)
(15, 17)
(16, 17)
(17, 17)
(17, 18)
(17, 19)
kaikki ok
Reitin pituus: 8
(1, 15)
(1, 14)
(1, 13)
(2, 13)
(3, 13)
(4, 13)
(5, 13)
(6, 13)
(6, 12)
kaikki ok
Reitin pituus: 12
(7, 7)
(8, 7)
(8, 6)
(8, 5)
(7, 5)
(6, 5)
(6, 4)
(6, 3)
(5, 3)
(4, 3)
(3, 3)
(2, 3)
(1, 3)
kaikki ok
Reitin pituus: 22
(17, 5)
(16, 5)
(15, 5)
(14, 5)
(14, 6)
(14, 7)
(14, 8)
(14, 9)
(14, 10)
(14, 11)
(14, 12)
(14, 13)
(14, 14)
(14, 15)
(13, 15)
(12, 15)
(12, 16)
(12, 17)
(11, 17)
(10, 17)
(10, 18)
(10, 19)
(9, 19)
kaikki ok
Reitin pituus: 26
(8, 2)
(8, 3)
(9, 3)
(10, 3)
(11, 3)
(12, 3)
(13, 3)
(14, 3)
(14, 4)
(14, 5)
(14, 6)
(14, 7)
(14, 8)
(14, 9)
(14, 10)
(14, 11)
(14, 12)
(14, 13)
(14, 14)
(14, 15)
(14, 16)
(14, 17)
(15, 17)
(16, 17)
(17, 17)
(17, 18)
(17, 19)
kaikki ok
Reitin pituus: 9
(10, 11)
(9, 11)
(8, 11)
(7, 11)
(6, 11)
(6, 12)
(6, 13)
(7, 13)
(8, 13)
(8, 14)
kaikki ok
Reitin pituus: 9
(2, 13)
(3, 13)
(4, 13)
(5, 13)
(6, 13)
(6, 12)
(6, 11)
(7, 11)
(8, 11)
(9, 11)
kaikki ok
Reitin pituus: 12
(1, 15)
(2, 15)
(2, 16)
(2, 17)
(1, 17)
(1, 18)
(1, 19)
(2, 19)
(3, 19)
(4, 19)
(5, 19)
(6, 19)
(7, 19)
kaikki ok
Reitin pituus: 16
(15, 13)
(14, 13)
(14, 14)
(14, 15)
(13, 15)
(12, 15)
(12, 16)
(12, 17)
(11, 17)
(10, 17)
(10, 18)
(10, 19)
(9, 19)
(8, 19)
(7, 19)
(6, 19)
(5, 19)
kaikki ok
Reitin pituus: 17
(8, 1)
(7, 1)
(6, 1)
(5, 1)
(4, 1)
(4, 2)
(4, 3)
(4, 4)
(4, 5)
(4, 6)
(4, 7)
(4, 8)
(4, 9)
(4, 10)
(4, 11)
(4, 12)
(4, 13)
(4, 14)
kaikki ok
Reitin pituus: 6
(14, 19)
(13, 19)
(12, 19)
(11, 19)
(10, 19)
(10, 18)
(10, 17)
kaikki ok
Reitin pituus: 4
(6, 13)
(5, 13)
(4, 13)
(3, 13)
(2, 13)
kaikki ok
Reitin pituus: 20
(17, 17)
(16, 17)
(15, 17)
(14, 17)
(14, 16)
(14, 15)
(14, 14)
(14, 13)
(14, 12)
(14, 11)
(14, 10)
(14, 9)
(14, 8)
(14, 7)
(14, 6)
(14, 5)
(14, 4)
(14, 3)
(13, 3)
(12, 3)
(12, 4)
kaikki ok
Reitin pituus: 9
(5, 9)
(6, 9)
(6, 8)
(6, 7)
(7, 7)
(8, 7)
(9, 7)
(9, 8)
(9, 9)
(8, 9)
kaikki ok
Reitin pituus: 9
(12, 17)
(11, 17)
(10, 17)
(10, 18)
(10, 19)
(11, 19)
(12, 19)
(13, 19)
(14, 19)
(15, 19)
kaikki ok
Reitin pituus: 6
(3, 5)
(4, 5)
(4, 4)
(4, 3)
(4, 2)
(4, 1)
(5, 1)
kaikki ok
Reitin pituus: 13
(12, 10)
(12, 11)
(12, 12)
(12, 13)
(13, 13)
(14, 13)
(14, 14)
(14, 15)
(14, 16)
(14, 17)
(15, 17)
(16, 17)
(17, 17)
(17, 18)
kaikki ok
Reitin pituus: 16
(11, 3)
(12, 3)
(13, 3)
(14, 3)
(14, 4)
(14, 5)
(14, 6)
(14, 7)
(14, 8)
(14, 9)
(14, 10)
(14, 11)
(14, 12)
(14, 13)
(14, 14)
(14, 15)
(13, 15)
kaikki ok
Reitin pituus: 6
(11, 7)
(12, 7)
(12, 8)
(12, 9)
(13, 9)
(14, 9)
(14, 8)
kaikki ok
Reitin pituus: 9
(17, 13)
(16, 13)
(15, 13)
(14, 13)
(14, 12)
(14, 11)
(14, 10)
(14, 9)
(14, 8)
(14, 7)
kaikki ok
Reitin pituus: 14
(12, 9)
(12, 10)
(12, 11)
(12, 12)
(12, 13)
(11, 13)
(10, 13)
(10, 14)
(10, 15)
(9, 15)
(8, 15)
(7, 15)
(6, 15)
(6, 16)
(6, 17)
kaikki ok
Reitin pituus: 15
(12, 4)
(12, 5)
(11, 5)
(10, 5)
(10, 6)
(10, 7)
(11, 7)
(12, 7)
(12, 8)
(12, 9)
(12, 10)
(12, 11)
(12, 12)
(12, 13)
(11, 13)
(10, 13)
kaikki ok
Reitin pituus: 26
(11, 5)
(10, 5)
(10, 6)
(10, 7)
(9, 7)
(8, 7)
(7, 7)
(6, 7)
(6, 8)
(6, 9)
(5, 9)
(4, 9)
(4, 10)
(4, 11)
(4, 12)
(4, 13)
(4, 14)
(4, 15)
(4, 16)
(4, 17)
(3, 17)
(2, 17)
(1, 17)
(1, 18)
(1, 19)
(2, 19)
(3, 19)
kaikki ok
Reitin pituus: 2
(7, 3)
(6, 3)
(5, 3)
kaikki ok
Reitin pituus: 11
(14, 11)
(14, 10)
(14, 9)
(14, 8)
(14, 7)
(14, 6)
(14, 5)
(14, 4)
(14, 3)
(13, 3)
(12, 3)
(11, 3)
kaikki ok
Reitin pituus: 13
(5, 1)
(6, 1)
(7, 1)
(8, 1)
(8, 2)
(8, 3)
(9, 3)
(10, 3)
(11, 3)
(12, 3)
(13, 3)
(14, 3)
(14, 4)
(14, 5)
kaikki ok
Reitin pituus: 3
(12, 1)
(11, 1)
(10, 1)
(10, 2)
kaikki ok
Reitin pituus: 8
(8, 14)
(8, 15)
(9, 15)
(10, 15)
(10, 14)
(10, 13)
(11, 13)
(12, 13)
(13, 13)
kaikki ok
Reitin pituus: 26
(7, 3)
(6, 3)
(5, 3)
(4, 3)
(4, 4)
(4, 5)
(4, 6)
(4, 7)
(4, 8)
(4, 9)
(4, 10)
(4, 11)
(4, 12)
(4, 13)
(4, 14)
(4, 15)
(5, 15)
(6, 15)
(6, 16)
(6, 17)
(7, 17)
(8, 17)
(8, 18)
(8, 19)
(9, 19)
(10, 19)
(10, 18)
kaikki ok
Reitin pituus: 13
(14, 9)
(14, 10)
(14, 11)
(14, 12)
(14, 13)
(14, 14)
(14, 15)
(13, 15)
(12, 15)
(11, 15)
(10, 15)
(9, 15)
(8, 15)
(7, 15)
kaikki ok
Reitin pituus: 3
(11, 19)
(12, 19)
(13, 19)
(14, 19)
kaikki ok
Reitin pituus: 12
(9, 9)
(9, 8)
(9, 7)
(10, 7)
(10, 6)
(10, 5)
(11, 5)
(12, 5)
(12, 4)
(12, 3)
(11, 3)
(10, 3)
(10, 2)
kaikki ok
Reitin pituus: 14
(1, 14)
(1, 13)
(2, 13)
(3, 13)
(4, 13)
(4, 12)
(4, 11)
(4, 10)
(4, 9)
(4, 8)
(4, 7)
(4, 6)
(4, 5)
(4, 4)
(4, 3)
kaikki ok
Reitin pituus: 20
(17, 19)
(17, 18)
(17, 17)
(16, 17)
(15, 17)
(14, 17)
(14, 16)
(14, 15)
(14, 14)
(14, 13)
(14, 12)
(14, 11)
(14, 10)
(14, 9)
(14, 8)
(14, 7)
(14, 6)
(14, 5)
(15, 5)
(16, 5)
(17, 5)
kaikki ok
Reitin pituus: 12
(10, 5)
(11, 5)
(12, 5)
(12, 4)
(12, 3)
(11, 3)
(10, 3)
(9, 3)
(8, 3)
(8, 2)
(8, 1)
(7, 1)
(6, 1)
kaikki ok
Reitin pituus: 12
(8, 2)
(8, 3)
(7, 3)
(6, 3)
(5, 3)
(4, 3)
(4, 4)
(4, 5)
(4, 6)
(4, 7)
(4, 8)
(4, 9)
(5, 9)
kaikki ok
Reitin pituus: 15
(17, 1)
(16, 1)
(15, 1)
(14, 1)
(13, 1)
(12, 1)
(11, 1)
(10, 1)
(10, 2)
(10, 3)
(9, 3)
(8, 3)
(7, 3)
(6, 3)
(5, 3)
(4, 3)
kaikki ok
Reitin pituus: 25
(1, 2)
(1, 3)
(2, 3)
(3, 3)
(4, 3)
(5, 3)
(6, 3)
(6, 4)
(6, 5)
(7, 5)
(8, 5)
(8, 6)
(8, 7)
(9, 7)
(10, 7)
(11, 7)
(12, 7)
(12, 8)
(12, 9)
(12, 10)
(12, 11)
(12, 12)
(12, 13)
(13, 13)
(14, 13)
(14, 14)
kaikki ok
Reitin pituus: 18
(5, 19)
(6, 19)
(7, 19)
(8, 19)
(9, 19)
(10, 19)
(10, 18)
(10, 17)
(11, 17)
(12, 17)
(12, 16)
(12, 15)
(13, 15)
(14, 15)
(14, 14)
(14, 13)
(15, 13)
(16, 13)
(17, 13)
kaikki ok
Reitin pituus: 20
(11, 7)
(12, 7)
(12, 8)
(12, 9)
(13, 9)
(14, 9)
(14, 10)
(14, 11)
(14, 12)
(14, 13)
(14, 14)
(14, 15)
(14, 16)
(14, 17)
(15, 17)
(16, 17)
(17, 17)
(17, 18)
(17, 19)
(16, 19)
(15, 19)
kaikki ok
Reitin pituus: 27
(8, 9)
(9, 9)
(9, 8)
(9, 7)
(8, 7)
(7, 7)
(6, 7)
(6, 8)
(6, 9)
(6, 10)
(6, 11)
(6, 12)
(6, 13)
(5, 13)
(4, 13)
(4, 14)
(4, 15)
(4, 16)
(4, 17)
(3, 17)
(2, 17)
(1, 17)
(1, 18)
(1, 19)
(2, 19)
(3, 19)
(4, 19)
(5, 19)
kaikki ok
Reitin pituus: 6
(6, 5)
(7, 5)
(8, 5)
(8, 6)
(8, 7)
(9, 7)
(10, 7)
kaikki ok
Reitin pituus: 6
(6, 16)
(6, 15)
(7, 15)
(8, 15)
(8, 14)
(8, 13)
(7, 13)
kaikki ok
Reitin pituus: 18
(8, 15)
(8, 14)
(8, 13)
(7, 13)
(6, 13)
(6, 12)
(6, 11)
(6, 10)
(6, 9)
(5, 9)
(4, 9)
(4, 8)
(4, 7)
(4, 6)
(4, 5)
(4, 4)
(4, 3)
(4, 2)
(4, 1)
kaikki ok
Reitin pituus: 17
(14, 7)
(14, 8)
(14, 9)
(13, 9)
(12, 9)
(12, 10)
(12, 11)
(11, 11)
(10, 11)
(9, 11)
(8, 11)
(7, 11)
(6, 11)
(6, 12)
(6, 13)
(5, 13)
(4, 13)
(4, 12)
kaikki ok
Reitin pituus: 27
(10, 17)
(11, 17)
(12, 17)
(12, 16)
(12, 15)
(11, 15)
(10, 15)
(9, 15)
(8, 15)
(7, 15)
(6, 15)
(5, 15)
(4, 15)
(4, 14)
(4, 13)
(4, 12)
(4, 11)
(4, 10)
(4, 9)
(4, 8)
(4, 7)
(4, 6)
(4, 5)
(4, 4)
(4, 3)
(4, 2)
(4, 1)
(3, 1)
kaikki ok
Reitin pituus: 13
(14, 13)
(13, 13)
(12, 13)
(12, 12)
(12, 11)
(12, 10)
(12, 9)
(12, 8)
(12, 7)
(11, 7)
(10, 7)
(9, 7)
(9, 8)
(9, 9)
kaikki ok
Reitin pituus: 10
(12, 11)
(12, 10)
(12, 9)
(12, 8)
(12, 7)
(11, 7)
(10, 7)
(9, 7)
(8, 7)
(8, 6)
(8, 5)
kaikki ok
Reitin pituus: 17
(1, 2)
(1, 3)
(2, 3)
(3, 3)
(4, 3)
(5, 3)
(6, 3)
(6, 4)
(6, 5)
(7, 5)
(8, 5)
(8, 6)
(8, 7)
(9, 7)
(10, 7)
(11, 7)
(12, 7)
(12, 8)
kaikki ok
Reitin pituus: 9
(10, 7)
(10, 6)
(10, 5)
(11, 5)
(12, 5)
(12, 4)
(12, 3)
(11, 3)
(10, 3)
(9, 3)
kaikki ok
Reitin pituus: 10
(7, 11)
(6, 11)
(6, 12)
(6, 13)
(5, 13)
(4, 13)
(4, 14)
(4, 15)
(4, 16)
(4, 17)
(3, 17)
kaikki ok
Reitin pituus: 8
(6, 12)
(6, 11)
(6, 10)
(6, 9)
(6, 8)
(6, 7)
(7, 7)
(8, 7)
(8, 6)
kaikki ok
Reitin pituus: 9
(9, 3)
(8, 3)
(7, 3)
(6, 3)
(6, 4)
(6, 5)
(7, 5)
(8, 5)
(8, 6)
(8, 7)
kaikki ok
Reitin pituus: 6
(17, 13)
(17, 14)
(17, 15)
(16, 15)
(16, 16)
(16, 17)
(17, 17)
kaikki ok
Reitin pituus: 22
(5, 19)
(6, 19)
(7, 19)
(8, 19)
(9, 19)
(10, 19)
(10, 18)
(10, 17)
(11, 17)
(12, 17)
(12, 16)
(12, 15)
(13, 15)
(14, 15)
(14, 14)
(14, 13)
(14, 12)
(14, 11)
(14, 10)
(14, 9)
(14, 8)
(14, 7)
(14, 6)
kaikki ok
Reitin pituus: 13
(10, 19)
(9, 19)
(8, 19)
(8, 18)
(8, 17)
(7, 17)
(6, 17)
(6, 16)
(6, 15)
(5, 15)
(4, 15)
(4, 14)
(4, 13)
(5, 13)
kaikki ok
Reitin pituus: 19
(1, 15)
(1, 14)
(1, 13)
(2, 13)
(3, 13)
(4, 13)
(4, 12)
(4, 11)
(4, 10)
(4, 9)
(4, 8)
(4, 7)
(4, 6)
(4, 5)
(4, 4)
(4, 3)
(3, 3)
(2, 3)
(1, 3)
(1, 2)
kaikki ok
Reitin pituus: 13
(12, 11)
(11, 11)
(10, 11)
(9, 11)
(8, 11)
(7, 11)
(6, 11)
(6, 10)
(6, 9)
(5, 9)
(4, 9)
(4, 8)
(4, 7)
(4, 6)
kaikki ok
Reitin pituus: 6
(14, 9)
(13, 9)
(12, 9)
(12, 8)
(12, 7)
(11, 7)
(10, 7)
kaikki ok
Reitin pituus: 16
(4, 12)
(4, 11)
(4, 10)
(4, 9)
(4, 8)
(4, 7)
(4, 6)
(4, 5)
(4, 4)
(4, 3)
(5, 3)
(6, 3)
(7, 3)
(8, 3)
(9, 3)
(10, 3)
(11, 3)
kaikki ok
Reitin pituus: 16
(14, 11)
(14, 12)
(14, 13)
(14, 14)
(14, 15)
(13, 15)
(12, 15)
(12, 16)
(12, 17)
(11, 17)
(10, 17)
(10, 18)
(10, 19)
(9, 19)
(8, 19)
(8, 18)
(8, 17)
kaikki ok
Reitin pituus: 20
(14, 8)
(14, 7)
(14, 6)
(14, 5)
(14, 4)
(14, 3)
(13, 3)
(12, 3)
(11, 3)
(10, 3)
(9, 3)
(8, 3)
(7, 3)
(6, 3)
(5, 3)
(4, 3)
(4, 2)
(4, 1)
(3, 1)
(2, 1)
(1, 1)
kaikki ok
Reitin pituus: 6
(11, 11)
(12, 11)
(12, 12)
(12, 13)
(13, 13)
(14, 13)
(14, 14)
kaikki ok
Reitin pituus: 19
(6, 17)
(6, 16)
(6, 15)
(7, 15)
(8, 15)
(9, 15)
(10, 15)
(10, 14)
(10, 13)
(11, 13)
(12, 13)
(12, 12)
(12, 11)
(12, 10)
(12, 9)
(12, 8)
(12, 7)
(11, 7)
(10, 7)
(10, 6)
kaikki ok
Reitin pituus: 31
(14, 1)
(14, 2)
(14, 3)
(13, 3)
(12, 3)
(12, 4)
(12, 5)
(11, 5)
(10, 5)
(10, 6)
(10, 7)
(9, 7)
(8, 7)
(7, 7)
(6, 7)
(6, 8)
(6, 9)
(6, 10)
(6, 11)
(6, 12)
(6, 13)
(5, 13)
(4, 13)
(4, 14)
(4, 15)
(4, 16)
(4, 17)
(3, 17)
(2, 17)
(1, 17)
(1, 18)
(1, 19)
kaikki ok
Reitin pituus: 15
(12, 10)
(12, 11)
(12, 12)
(12, 13)
(11, 13)
(10, 13)
(10, 14)
(10, 15)
(9, 15)
(8, 15)
(7, 15)
(6, 15)
(6, 16)
(6, 17)
(7, 17)
(8, 17)
kaikki ok
Reitin pituus: 23
(10, 6)
(10, 7)
(11, 7)
(12, 7)
(12, 8)
(12, 9)
(13, 9)
(14, 9)
(14, 10)
(14, 11)
(14, 12)
(14, 13)
(14, 14)
(14, 15)
(14, 16)
(14, 17)
(15, 17)
(16, 17)
(17, 17)
(17, 18)
(17, 19)
(16, 19)
(15, 19)
(14, 19)
kaikki ok
Reitin pituus: 14
(12, 1)
(11, 1)
(10, 1)
(10, 2)
(10, 3)
(9, 3)
(8, 3)
(7, 3)
(6, 3)
(5, 3)
(4, 3)
(3, 3)
(2, 3)
(1, 3)
(1, 2)
kaikki ok
Reitin pituus: 7
(6, 8)
(6, 7)
(7, 7)
(8, 7)
(9, 7)
(10, 7)
(10, 6)
(10, 5)
kaikki ok
Reitin pituus: 9
(9, 19)
(10, 19)
(10, 18)
(10, 17)
(11, 17)
(12, 17)
(12, 16)
(12, 15)
(13, 15)
(14, 15)
kaikki ok
Reitin pituus: 18
(10, 18)
(10, 17)
(11, 17)
(12, 17)
(12, 16)
(12, 15)
(11, 15)
(10, 15)
(10, 14)
(10, 13)
(11, 13)
(12, 13)
(12, 12)
(12, 11)
(12, 10)
(12, 9)
(12, 8)
(12, 7)
(11, 7)
kaikki ok
Reitin pituus: 21
(12, 7)
(12, 8)
(12, 9)
(12, 10)
(12, 11)
(12, 12)
(12, 13)
(11, 13)
(10, 13)
(10, 14)
(10, 15)
(9, 15)
(8, 15)
(7, 15)
(6, 15)
(6, 16)
(6, 17)
(7, 17)
(8, 17)
(8, 18)
(8, 19)
(7, 19)
kaikki ok
Reitin pituus: 15
(5, 3)
(4, 3)
(4, 4)
(4, 5)
(4, 6)
(4, 7)
(4, 8)
(4, 9)
(5, 9)
(6, 9)
(6, 10)
(6, 11)
(7, 11)
(8, 11)
(9, 11)
(10, 11)
kaikki ok
Reitin pituus: 13
(6, 17)
(6, 16)
(6, 15)
(7, 15)
(8, 15)
(9, 15)
(10, 15)
(11, 15)
(12, 15)
(13, 15)
(14, 15)
(14, 14)
(14, 13)
(14, 12)
kaikki ok
Reitin pituus: 16
(15, 3)
(14, 3)
(13, 3)
(12, 3)
(12, 4)
(12, 5)
(11, 5)
(10, 5)
(10, 6)
(10, 7)
(9, 7)
(8, 7)
(7, 7)
(6, 7)
(6, 8)
(6, 9)
(5, 9)
kaikki ok
Reitin pituus: 27
(13, 19)
(12, 19)
(11, 19)
(10, 19)
(9, 19)
(8, 19)
(8, 18)
(8, 17)
(7, 17)
(6, 17)
(6, 16)
(6, 15)
(5, 15)
(4, 15)
(4, 14)
(4, 13)
(4, 12)
(4, 11)
(4, 10)
(4, 9)
(4, 8)
(4, 7)
(4, 6)
(4, 5)
(4, 4)
(4, 3)
(5, 3)
(6, 3)
kaikki ok
Reitin pituus: 14
(12, 8)
(12, 7)
(11, 7)
(10, 7)
(9, 7)
(8, 7)
(8, 6)
(8, 5)
(7, 5)
(6, 5)
(6, 4)
(6, 3)
(5, 3)
(4, 3)
(4, 2)
kaikki ok
Reitin pituus: 14
(2, 3)
(3, 3)
(4, 3)
(5, 3)
(6, 3)
(6, 4)
(6, 5)
(7, 5)
(8, 5)
(8, 6)
(8, 7)
(9, 7)
(10, 7)
(11, 7)
(12, 7)
kaikki ok
Reitin pituus: 12
(14, 6)
(14, 7)
(14, 8)
(14, 9)
(14, 10)
(14, 11)
(14, 12)
(14, 13)
(15, 13)
(16, 13)
(17, 13)
(17, 14)
(17, 15)
kaikki ok
Reitin pituus: 17
(17, 15)
(16, 15)
(16, 16)
(16, 17)
(17, 17)
(17, 18)
(17, 19)
(16, 19)
(15, 19)
(14, 19)
(13, 19)
(12, 19)
(11, 19)
(10, 19)
(9, 19)
(8, 19)
(8, 18)
(8, 17)
kaikki ok
Reitin pituus: 8
(11, 1)
(12, 1)
(13, 1)
(14, 1)
(15, 1)
(16, 1)
(17, 1)
(17, 2)
(17, 3)
kaikki ok
Reitin pituus: 13
(2, 15)
(1, 15)
(1, 14)
(1, 13)
(2, 13)
(3, 13)
(4, 13)
(5, 13)
(6, 13)
(6, 12)
(6, 11)
(6, 10)
(6, 9)
(6, 8)
kaikki ok
Reitin pituus: 10
(8, 6)
(8, 5)
(7, 5)
(6, 5)
(6, 4)
(6, 3)
(7, 3)
(8, 3)
(9, 3)
(10, 3)
(11, 3)
kaikki ok
Reitin pituus: 6
(14, 16)
(14, 15)
(13, 15)
(12, 15)
(11, 15)
(10, 15)
(9, 15)
kaikki ok
Reitin pituus: 22
(6, 4)
(6, 3)
(5, 3)
(4, 3)
(4, 4)
(4, 5)
(4, 6)
(4, 7)
(4, 8)
(4, 9)
(4, 10)
(4, 11)
(4, 12)
(4, 13)
(4, 14)
(4, 15)
(5, 15)
(6, 15)
(6, 16)
(6, 17)
(7, 17)
(8, 17)
(8, 18)
kaikki ok
Reitin pituus: 3
(15, 1)
(14, 1)
(13, 1)
(12, 1)
kaikki ok
Reitin pituus: 23
(14, 4)
(14, 5)
(14, 6)
(14, 7)
(14, 8)
(14, 9)
(13, 9)
(12, 9)
(12, 10)
(12, 11)
(12, 12)
(12, 13)
(11, 13)
(10, 13)
(10, 14)
(10, 15)
(9, 15)
(8, 15)
(7, 15)
(6, 15)
(6, 16)
(6, 17)
(7, 17)
(8, 17)
kaikki ok
Reitin pituus: 17
(13, 3)
(12, 3)
(12, 4)
(12, 5)
(11, 5)
(10, 5)
(10, 6)
(10, 7)
(9, 7)
(8, 7)
(7, 7)
(6, 7)
(6, 8)
(6, 9)
(6, 10)
(6, 11)
(6, 12)
(6, 13)
kaikki ok
Reitin pituus: 9
(16, 3)
(15, 3)
(14, 3)
(14, 4)
(14, 5)
(14, 6)
(14, 7)
(14, 8)
(14, 9)
(13, 9)
kaikki ok
Reitin pituus: 8
(5, 1)
(6, 1)
(7, 1)
(8, 1)
(8, 2)
(8, 3)
(9, 3)
(10, 3)
(11, 3)
kaikki ok
Reitin pituus: 7
(14, 12)
(14, 11)
(14, 10)
(14, 9)
(14, 8)
(14, 7)
(14, 6)
(14, 5)
kaikki ok
Reitin pituus: 11
(2, 17)
(3, 17)
(4, 17)
(4, 16)
(4, 15)
(4, 14)
(4, 13)
(4, 12)
(4, 11)
(4, 10)
(4, 9)
(5, 9)
kaikki ok
Reitin pituus: 8
(8, 15)
(7, 15)
(6, 15)
(5, 15)
(4, 15)
(4, 14)
(4, 13)
(4, 12)
(4, 11)
kaikki ok
Reitin pituus: 7
(8, 11)
(7, 11)
(6, 11)
(6, 10)
(6, 9)
(6, 8)
(6, 7)
(7, 7)
kaikki ok
Reitin pituus: 7
(2, 17)
(1, 17)
(1, 18)
(1, 19)
(2, 19)
(3, 19)
(4, 19)
(5, 19)
kaikki ok
Reitin pituus: 14
(14, 17)
(14, 16)
(14, 15)
(14, 14)
(14, 13)
(14, 12)
(14, 11)
(14, 10)
(14, 9)
(14, 8)
(14, 7)
(14, 6)
(14, 5)
(14, 4)
(14, 3)
kaikki ok
Reitin pituus: 7
(14, 15)
(13, 15)
(12, 15)
(11, 15)
(10, 15)
(9, 15)
(8, 15)
(8, 14)
kaikki ok
Reitin pituus: 14
(15, 19)
(14, 19)
(13, 19)
(12, 19)
(11, 19)
(10, 19)
(9, 19)
(8, 19)
(8, 18)
(8, 17)
(7, 17)
(6, 17)
(6, 16)
(6, 15)
(7, 15)
kaikki ok
Reitin pituus: 13
(4, 17)
(4, 16)
(4, 15)
(5, 15)
(6, 15)
(7, 15)
(8, 15)
(9, 15)
(10, 15)
(11, 15)
(12, 15)
(13, 15)
(14, 15)
(14, 14)
kaikki ok
Reitin pituus: 1
(12, 10)
(12, 11)
kaikki ok
Reitin pituus: 23
(8, 19)
(8, 18)
(8, 17)
(7, 17)
(6, 17)
(6, 16)
(6, 15)
(5, 15)
(4, 15)
(4, 14)
(4, 13)
(4, 12)
(4, 11)
(4, 10)
(4, 9)
(4, 8)
(4, 7)
(4, 6)
(4, 5)
(3, 5)
(2, 5)
(1, 5)
(1, 4)
(1, 3)
kaikki ok
Reitin pituus: 25
(6, 16)
(6, 15)
(7, 15)
(8, 15)
(9, 15)
(10, 15)
(10, 14)
(10, 13)
(11, 13)
(12, 13)
(12, 12)
(12, 11)
(12, 10)
(12, 9)
(13, 9)
(14, 9)
(14, 8)
(14, 7)
(14, 6)
(14, 5)
(14, 4)
(14, 3)
(14, 2)
(14, 1)
(15, 1)
(16, 1)
kaikki ok
Reitin pituus: 14
(16, 16)
(16, 17)
(17, 17)
(17, 18)
(17, 19)
(16, 19)
(15, 19)
(14, 19)
(13, 19)
(12, 19)
(11, 19)
(10, 19)
(9, 19)
(8, 19)
(7, 19)
kaikki ok
Reitin pituus: 6
(2, 1)
(3, 1)
(4, 1)
(4, 2)
(4, 3)
(5, 3)
(6, 3)
kaikki ok
Reitin pituus: 19
(14, 11)
(14, 12)
(14, 13)
(13, 13)
(12, 13)
(11, 13)
(10, 13)
(10, 14)
(10, 15)
(9, 15)
(8, 15)
(7, 15)
(6, 15)
(5, 15)
(4, 15)
(4, 16)
(4, 17)
(3, 17)
(2, 17)
(1, 17)
kaikki ok
Reitin pituus: 13
(11, 17)
(10, 17)
(10, 18)
(10, 19)
(9, 19)
(8, 19)
(7, 19)
(6, 19)
(5, 19)
(4, 19)
(3, 19)
(2, 19)
(1, 19)
(1, 18)
kaikki ok
Reitin pituus: 7
(10, 17)
(11, 17)
(12, 17)
(12, 16)
(12, 15)
(13, 15)
(14, 15)
(14, 16)
kaikki ok
Reitin pituus: 7
(10, 2)
(10, 1)
(11, 1)
(12, 1)
(13, 1)
(14, 1)
(15, 1)
(16, 1)
kaikki ok
Reitin pituus: 22
(11, 19)
(10, 19)
(10, 18)
(10, 17)
(11, 17)
(12, 17)
(12, 16)
(12, 15)
(13, 15)
(14, 15)
(14, 14)
(14, 13)
(13, 13)
(12, 13)
(12, 12)
(12, 11)
(12, 10)
(12, 9)
(12, 8)
(12, 7)
(11, 7)
(10, 7)
(10, 6)
kaikki ok
Reitin pituus: 21
(9, 8)
(9, 7)
(10, 7)
(11, 7)
(12, 7)
(12, 8)
(12, 9)
(13, 9)
(14, 9)
(14, 10)
(14, 11)
(14, 12)
(14, 13)
(14, 14)
(14, 15)
(13, 15)
(12, 15)
(12, 16)
(12, 17)
(11, 17)
(10, 17)
(10, 18)
kaikki ok
Reitin pituus: 24
(16, 5)
(15, 5)
(14, 5)
(14, 6)
(14, 7)
(14, 8)
(14, 9)
(13, 9)
(12, 9)
(12, 10)
(12, 11)
(11, 11)
(10, 11)
(9, 11)
(8, 11)
(7, 11)
(6, 11)
(6, 12)
(6, 13)
(5, 13)
(4, 13)
(4, 14)
(4, 15)
(4, 16)
(4, 17)
kaikki ok
Reitin pituus: 7
(6, 7)
(6, 8)
(6, 9)
(5, 9)
(4, 9)
(4, 8)
(4, 7)
(4, 6)
kaikki ok
Reitin pituus: 19
(4, 11)
(4, 12)
(4, 13)
(5, 13)
(6, 13)
(7, 13)
(8, 13)
(8, 14)
(8, 15)
(9, 15)
(10, 15)
(11, 15)
(12, 15)
(13, 15)
(14, 15)
(14, 16)
(14, 17)
(15, 17)
(16, 17)
(16, 16)
kaikki ok
Reitin pituus: 5
(16, 3)
(15, 3)
(14, 3)
(14, 2)
(14, 1)
(15, 1)
kaikki ok
Reitin pituus: 25
(13, 3)
(14, 3)
(14, 4)
(14, 5)
(14, 6)
(14, 7)
(14, 8)
(14, 9)
(14, 10)
(14, 11)
(14, 12)
(14, 13)
(14, 14)
(14, 15)
(13, 15)
(12, 15)
(12, 16)
(12, 17)
(11, 17)
(10, 17)
(10, 18)
(10, 19)
(9, 19)
(8, 19)
(7, 19)
(6, 19)
kaikki ok
Reitin pituus: 29
(16, 3)
(15, 3)
(14, 3)
(14, 4)
(14, 5)
(14, 6)
(14, 7)
(14, 8)
(14, 9)
(14, 10)
(14, 11)
(14, 12)
(14, 13)
(14, 14)
(14, 15)
(13, 15)
(12, 15)
(12, 16)
(12, 17)
(11, 17)
(10, 17)
(10, 18)
(10, 19)
(9, 19)
(8, 19)
(7, 19)
(6, 19)
(5, 19)
(4, 19)
(3, 19)
kaikki ok
Reitin pituus: 10
(13, 1)
(12, 1)
(11, 1)
(10, 1)
(10, 2)
(10, 3)
(9, 3)
(8, 3)
(8, 2)
(8, 1)
(7, 1)
kaikki ok
Reitin pituus: 18
(4, 12)
(4, 13)
(4, 14)
(4, 15)
(5, 15)
(6, 15)
(6, 16)
(6, 17)
(7, 17)
(8, 17)
(8, 18)
(8, 19)
(9, 19)
(10, 19)
(11, 19)
(12, 19)
(13, 19)
(14, 19)
(15, 19)
kaikki ok
Reitin pituus: 25
(10, 17)
(11, 17)
(12, 17)
(12, 16)
(12, 15)
(11, 15)
(10, 15)
(9, 15)
(8, 15)
(7, 15)
(6, 15)
(5, 15)
(4, 15)
(4, 14)
(4, 13)
(4, 12)
(4, 11)
(4, 10)
(4, 9)
(4, 8)
(4, 7)
(4, 6)
(4, 5)
(4, 4)
(4, 3)
(5, 3)
kaikki ok
Reitin pituus: 28
(1, 2)
(1, 3)
(1, 4)
(1, 5)
(2, 5)
(3, 5)
(4, 5)
(4, 6)
(4, 7)
(4, 8)
(4, 9)
(4, 10)
(4, 11)
(4, 12)
(4, 13)
(4, 14)
(4, 15)
(5, 15)
(6, 15)
(6, 16)
(6, 17)
(7, 17)
(8, 17)
(8, 18)
(8, 19)
(9, 19)
(10, 19)
(11, 19)
(12, 19)
kaikki ok
Reitin pituus: 20
(13, 13)
(14, 13)
(14, 12)
(14, 11)
(14, 10)
(14, 9)
(14, 8)
(14, 7)
(14, 6)
(14, 5)
(14, 4)
(14, 3)
(13, 3)
(12, 3)
(11, 3)
(10, 3)
(9, 3)
(8, 3)
(8, 2)
(8, 1)
(7, 1)
kaikki ok
Reitin pituus: 7
(14, 1)
(14, 2)
(14, 3)
(13, 3)
(12, 3)
(12, 4)
(12, 5)
(11, 5)
kaikki ok
Reitin pituus: 15
(14, 3)
(14, 4)
(14, 5)
(14, 6)
(14, 7)
(14, 8)
(14, 9)
(13, 9)
(12, 9)
(12, 10)
(12, 11)
(12, 12)
(12, 13)
(11, 13)
(10, 13)
(10, 14)
kaikki ok
Reitin pituus: 21
(2, 15)
(2, 16)
(2, 17)
(3, 17)
(4, 17)
(4, 16)
(4, 15)
(5, 15)
(6, 15)
(7, 15)
(8, 15)
(9, 15)
(10, 15)
(11, 15)
(12, 15)
(13, 15)
(14, 15)
(14, 16)
(14, 17)
(15, 17)
(16, 17)
(17, 17)
kaikki ok
Reitin pituus: 20
(2, 13)
(3, 13)
(4, 13)
(4, 14)
(4, 15)
(5, 15)
(6, 15)
(6, 16)
(6, 17)
(7, 17)
(8, 17)
(8, 18)
(8, 19)
(9, 19)
(10, 19)
(11, 19)
(12, 19)
(13, 19)
(14, 19)
(15, 19)
(16, 19)
kaikki ok
Reitin pituus: 9
(2, 17)
(3, 17)
(4, 17)
(4, 16)
(4, 15)
(5, 15)
(6, 15)
(7, 15)
(8, 15)
(8, 14)
kaikki ok
Reitin pituus: 11
(5, 9)
(4, 9)
(4, 8)
(4, 7)
(4, 6)
(4, 5)
(4, 4)
(4, 3)
(4, 2)
(4, 1)
(5, 1)
(6, 1)
kaikki ok
Reitin pituus: 8
(11, 5)
(10, 5)
(10, 6)
(10, 7)
(9, 7)
(8, 7)
(8, 6)
(8, 5)
(7, 5)
kaikki ok
Reitin pituus: 10
(6, 9)
(6, 8)
(6, 7)
(7, 7)
(8, 7)
(8, 6)
(8, 5)
(7, 5)
(6, 5)
(6, 4)
(6, 3)
kaikki ok
Reitin pituus: 15
(13, 15)
(12, 15)
(11, 15)
(10, 15)
(9, 15)
(8, 15)
(8, 14)
(8, 13)
(7, 13)
(6, 13)
(6, 12)
(6, 11)
(6, 10)
(6, 9)
(6, 8)
(6, 7)
kaikki ok
Reitin pituus: 12
(9, 3)
(8, 3)
(7, 3)
(6, 3)
(5, 3)
(4, 3)
(4, 4)
(4, 5)
(4, 6)
(4, 7)
(4, 8)
(4, 9)
(5, 9)
kaikki ok
Reitin pituus: 6
(3, 17)
(4, 17)
(4, 16)
(4, 15)
(4, 14)
(4, 13)
(3, 13)
kaikki ok
Reitin pituus: 17
(13, 3)
(14, 3)
(14, 4)
(14, 5)
(14, 6)
(14, 7)
(14, 8)
(14, 9)
(14, 10)
(14, 11)
(14, 12)
(14, 13)
(14, 14)
(14, 15)
(13, 15)
(12, 15)
(11, 15)
(10, 15)
kaikki ok
Reitin pituus: 25
(14, 19)
(15, 19)
(16, 19)
(17, 19)
(17, 18)
(17, 17)
(16, 17)
(15, 17)
(14, 17)
(14, 16)
(14, 15)
(14, 14)
(14, 13)
(14, 12)
(14, 11)
(14, 10)
(14, 9)
(13, 9)
(12, 9)
(12, 8)
(12, 7)
(11, 7)
(10, 7)
(9, 7)
(8, 7)
(8, 6)
kaikki ok
Reitin pituus: 14
(10, 5)
(10, 6)
(10, 7)
(11, 7)
(12, 7)
(12, 8)
(12, 9)
(13, 9)
(14, 9)
(14, 10)
(14, 11)
(14, 12)
(14, 13)
(15, 13)
(16, 13)
kaikki ok
Reitin pituus: 23
(12, 1)
(13, 1)
(14, 1)
(14, 2)
(14, 3)
(14, 4)
(14, 5)
(14, 6)
(14, 7)
(14, 8)
(14, 9)
(14, 10)
(14, 11)
(14, 12)
(14, 13)
(14, 14)
(14, 15)
(13, 15)
(12, 15)
(11, 15)
(10, 15)
(9, 15)
(8, 15)
(7, 15)
kaikki ok
Reitin pituus: 11
(16, 5)
(15, 5)
(14, 5)
(14, 4)
(14, 3)
(13, 3)
(12, 3)
(11, 3)
(10, 3)
(9, 3)
(8, 3)
(7, 3)
kaikki ok
Reitin pituus: 15
(1, 5)
(1, 4)
(1, 3)
(2, 3)
(3, 3)
(4, 3)
(5, 3)
(6, 3)
(7, 3)
(8, 3)
(9, 3)
(10, 3)
(10, 2)
(10, 1)
(11, 1)
(12, 1)
kaikki ok
Reitin pituus: 12
(8, 19)
(8, 18)
(8, 17)
(7, 17)
(6, 17)
(6, 16)
(6, 15)
(5, 15)
(4, 15)
(4, 14)
(4, 13)
(5, 13)
(6, 13)
kaikki ok
Reitin pituus: 24
(15, 3)
(14, 3)
(14, 4)
(14, 5)
(14, 6)
(14, 7)
(14, 8)
(14, 9)
(13, 9)
(12, 9)
(12, 10)
(12, 11)
(12, 12)
(12, 13)
(11, 13)
(10, 13)
(10, 14)
(10, 15)
(9, 15)
(8, 15)
(7, 15)
(6, 15)
(6, 16)
(6, 17)
(7, 17)
kaikki ok
Reitin pituus: 26
(15, 1)
(14, 1)
(14, 2)
(14, 3)
(13, 3)
(12, 3)
(12, 4)
(12, 5)
(11, 5)
(10, 5)
(10, 6)
(10, 7)
(9, 7)
(8, 7)
(7, 7)
(6, 7)
(6, 8)
(6, 9)
(6, 10)
(6, 11)
(6, 12)
(6, 13)
(5, 13)
(4, 13)
(4, 14)
(4, 15)
(4, 16)
kaikki ok
Reitin pituus: 12
(12, 7)
(12, 8)
(12, 9)
(13, 9)
(14, 9)
(14, 10)
(14, 11)
(14, 12)
(14, 13)
(14, 14)
(14, 15)
(14, 16)
(14, 17)
kaikki ok
Reitin pituus: 22
(3, 13)
(4, 13)
(5, 13)
(6, 13)
(6, 12)
(6, 11)
(7, 11)
(8, 11)
(9, 11)
(10, 11)
(11, 11)
(12, 11)
(12, 10)
(12, 9)
(13, 9)
(14, 9)
(14, 8)
(14, 7)
(14, 6)
(14, 5)
(15, 5)
(16, 5)
(17, 5)
kaikki ok
Reitin pituus: 11
(14, 9)
(13, 9)
(12, 9)
(12, 10)
(12, 11)
(11, 11)
(10, 11)
(9, 11)
(8, 11)
(7, 11)
(6, 11)
(6, 12)
kaikki ok
Reitin pituus: 11
(12, 17)
(12, 16)
(12, 15)
(11, 15)
(10, 15)
(9, 15)
(8, 15)
(8, 14)
(8, 13)
(7, 13)
(6, 13)
(5, 13)
kaikki ok
Reitin pituus: 16
(14, 8)
(14, 7)
(14, 6)
(14, 5)
(14, 4)
(14, 3)
(13, 3)
(12, 3)
(11, 3)
(10, 3)
(9, 3)
(8, 3)
(7, 3)
(6, 3)
(5, 3)
(4, 3)
(4, 4)
kaikki ok
Reitin pituus: 26
(11, 19)
(10, 19)
(9, 19)
(8, 19)
(8, 18)
(8, 17)
(7, 17)
(6, 17)
(6, 16)
(6, 15)
(5, 15)
(4, 15)
(4, 14)
(4, 13)
(4, 12)
(4, 11)
(4, 10)
(4, 9)
(4, 8)
(4, 7)
(4, 6)
(4, 5)
(4, 4)
(4, 3)
(3, 3)
(2, 3)
(1, 3)
kaikki ok
Reitin pituus: 9
(9, 7)
(8, 7)
(8, 6)
(8, 5)
(7, 5)
(6, 5)
(6, 4)
(6, 3)
(5, 3)
(4, 3)
kaikki ok
Reitin pituus: 19
(2, 3)
(3, 3)
(4, 3)
(5, 3)
(6, 3)
(6, 4)
(6, 5)
(7, 5)
(8, 5)
(8, 6)
(8, 7)
(9, 7)
(10, 7)
(11, 7)
(12, 7)
(12, 8)
(12, 9)
(12, 10)
(12, 11)
(12, 12)
kaikki ok
Reitin pituus: 15
(14, 3)
(13, 3)
(12, 3)
(11, 3)
(10, 3)
(9, 3)
(8, 3)
(7, 3)
(6, 3)
(5, 3)
(4, 3)
(3, 3)
(2, 3)
(1, 3)
(1, 4)
(1, 5)
kaikki ok
Reitin pituus: 11
(15, 1)
(14, 1)
(13, 1)
(12, 1)
(11, 1)
(10, 1)
(10, 2)
(10, 3)
(9, 3)
(8, 3)
(8, 2)
(8, 1)
kaikki ok
Reitin pituus: 29
(16, 17)
(15, 17)
(14, 17)
(14, 16)
(14, 15)
(14, 14)
(14, 13)
(14, 12)
(14, 11)
(14, 10)
(14, 9)
(14, 8)
(14, 7)
(14, 6)
(14, 5)
(14, 4)
(14, 3)
(13, 3)
(12, 3)
(11, 3)
(10, 3)
(9, 3)
(8, 3)
(7, 3)
(6, 3)
(5, 3)
(4, 3)
(3, 3)
(2, 3)
(1, 3)
kaikki ok
Reitin pituus: 26
(14, 19)
(15, 19)
(16, 19)
(17, 19)
(17, 18)
(17, 17)
(16, 17)
(15, 17)
(14, 17)
(14, 16)
(14, 15)
(14, 14)
(14, 13)
(14, 12)
(14, 11)
(14, 10)
(14, 9)
(14, 8)
(14, 7)
(14, 6)
(14, 5)
(14, 4)
(14, 3)
(13, 3)
(12, 3)
(11, 3)
(10, 3)
kaikki ok
Reitin pituus: 17
(16, 1)
(15, 1)
(14, 1)
(14, 2)
(14, 3)
(14, 4)
(14, 5)
(14, 6)
(14, 7)
(14, 8)
(14, 9)
(14, 10)
(14, 11)
(14, 12)
(14, 13)
(15, 13)
(16, 13)
(17, 13)
kaikki ok
Reitin pituus: 17
(6, 8)
(6, 9)
(6, 10)
(6, 11)
(6, 12)
(6, 13)
(7, 13)
(8, 13)
(8, 14)
(8, 15)
(9, 15)
(10, 15)
(11, 15)
(12, 15)
(12, 16)
(12, 17)
(11, 17)
(10, 17)
kaikki ok
Reitin pituus: 16
(13, 15)
(14, 15)
(14, 14)
(14, 13)
(14, 12)
(14, 11)
(14, 10)
(14, 9)
(14, 8)
(14, 7)
(14, 6)
(14, 5)
(14, 4)
(14, 3)
(13, 3)
(12, 3)
(11, 3)
kaikki ok
Reitin pituus: 19
(12, 16)
(12, 15)
(13, 15)
(14, 15)
(14, 14)
(14, 13)
(14, 12)
(14, 11)
(14, 10)
(14, 9)
(13, 9)
(12, 9)
(12, 8)
(12, 7)
(11, 7)
(10, 7)
(10, 6)
(10, 5)
(11, 5)
(12, 5)
kaikki ok
Reitin pituus: 8
(11, 5)
(12, 5)
(12, 4)
(12, 3)
(11, 3)
(10, 3)
(10, 2)
(10, 1)
(11, 1)
kaikki ok
Reitin pituus: 17
(15, 5)
(14, 5)
(14, 4)
(14, 3)
(13, 3)
(12, 3)
(11, 3)
(10, 3)
(9, 3)
(8, 3)
(7, 3)
(6, 3)
(5, 3)
(4, 3)
(4, 4)
(4, 5)
(3, 5)
(2, 5)
kaikki ok
Reitin pituus: 9
(6, 4)
(6, 3)
(5, 3)
(4, 3)
(4, 4)
(4, 5)
(4, 6)
(4, 7)
(4, 8)
(4, 9)
kaikki ok
Reitin pituus: 15
(14, 5)
(14, 6)
(14, 7)
(14, 8)
(14, 9)
(13, 9)
(12, 9)
(12, 10)
(12, 11)
(12, 12)
(12, 13)
(11, 13)
(10, 13)
(10, 14)
(10, 15)
(9, 15)
kaikki ok
Reitin pituus: 13
(8, 17)
(7, 17)
(6, 17)
(6, 16)
(6, 15)
(5, 15)
(4, 15)
(4, 16)
(4, 17)
(3, 17)
(2, 17)
(2, 16)
(2, 15)
(1, 15)
kaikki ok
Reitin pituus: 15
(6, 5)
(7, 5)
(8, 5)
(8, 6)
(8, 7)
(7, 7)
(6, 7)
(6, 8)
(6, 9)
(6, 10)
(6, 11)
(6, 12)
(6, 13)
(7, 13)
(8, 13)
(8, 14)
kaikki ok
Reitin pituus: 16
(1, 4)
(1, 3)
(2, 3)
(3, 3)
(4, 3)
(5, 3)
(6, 3)
(6, 4)
(6, 5)
(7, 5)
(8, 5)
(8, 6)
(8, 7)
(9, 7)
(10, 7)
(11, 7)
(12, 7)
kaikki ok
Reitin pituus: 13
(6, 1)
(7, 1)
(8, 1)
(8, 2)
(8, 3)
(9, 3)
(10, 3)
(11, 3)
(12, 3)
(13, 3)
(14, 3)
(14, 2)
(14, 1)
(15, 1)
kaikki ok
Reitin pituus: 30
(17, 15)
(17, 14)
(17, 13)
(16, 13)
(15, 13)
(14, 13)
(13, 13)
(12, 13)
(12, 12)
(12, 11)
(11, 11)
(10, 11)
(9, 11)
(8, 11)
(7, 11)
(6, 11)
(6, 10)
(6, 9)
(5, 9)
(4, 9)
(4, 8)
(4, 7)
(4, 6)
(4, 5)
(4, 4)
(4, 3)
(3, 3)
(2, 3)
(1, 3)
(1, 2)
(1, 1)
kaikki ok
Reitin pituus: 26
(17, 15)
(17, 14)
(17, 13)
(16, 13)
(15, 13)
(14, 13)
(13, 13)
(12, 13)
(12, 12)
(12, 11)
(11, 11)
(10, 11)
(9, 11)
(8, 11)
(7, 11)
(6, 11)
(6, 10)
(6, 9)
(5, 9)
(4, 9)
(4, 8)
(4, 7)
(4, 6)
(4, 5)
(4, 4)
(4, 3)
(3, 3)
kaikki ok
Reitin pituus: 9
(14, 12)
(14, 13)
(13, 13)
(12, 13)
(11, 13)
(10, 13)
(10, 14)
(10, 15)
(9, 15)
(8, 15)
kaikki ok
Reitin pituus: 13
(3, 13)
(4, 13)
(4, 12)
(4, 11)
(4, 10)
(4, 9)
(4, 8)
(4, 7)
(4, 6)
(4, 5)
(4, 4)
(4, 3)
(3, 3)
(2, 3)
kaikki ok
Reitin pituus: 15
(15, 1)
(14, 1)
(13, 1)
(12, 1)
(11, 1)
(10, 1)
(10, 2)
(10, 3)
(9, 3)
(8, 3)
(7, 3)
(6, 3)
(5, 3)
(4, 3)
(4, 4)
(4, 5)
kaikki ok
Reitin pituus: 13
(4, 8)
(4, 7)
(4, 6)
(4, 5)
(4, 4)
(4, 3)
(5, 3)
(6, 3)
(7, 3)
(8, 3)
(9, 3)
(10, 3)
(11, 3)
(12, 3)
kaikki ok
Reitin pituus: 3
(8, 7)
(9, 7)
(10, 7)
(11, 7)
kaikki ok
Reitin pituus: 5
(4, 12)
(4, 13)
(4, 14)
(4, 15)
(4, 16)
(4, 17)
kaikki ok
Reitin pituus: 16
(8, 17)
(7, 17)
(6, 17)
(6, 16)
(6, 15)
(5, 15)
(4, 15)
(4, 14)
(4, 13)
(4, 12)
(4, 11)
(4, 10)
(4, 9)
(4, 8)
(4, 7)
(4, 6)
(4, 5)
kaikki ok
Reitin pituus: 8
(9, 7)
(8, 7)
(7, 7)
(6, 7)
(6, 8)
(6, 9)
(5, 9)
(4, 9)
(4, 8)
kaikki ok
Reitin pituus: 6
(11, 15)
(12, 15)
(12, 16)
(12, 17)
(11, 17)
(10, 17)
(10, 18)
kaikki ok
Reitin pituus: 13
(15, 17)
(14, 17)
(14, 16)
(14, 15)
(13, 15)
(12, 15)
(11, 15)
(10, 15)
(9, 15)
(8, 15)
(8, 14)
(8, 13)
(7, 13)
(6, 13)
kaikki ok
Reitin pituus: 17
(17, 13)
(16, 13)
(15, 13)
(14, 13)
(14, 12)
(14, 11)
(14, 10)
(14, 9)
(14, 8)
(14, 7)
(14, 6)
(14, 5)
(14, 4)
(14, 3)
(13, 3)
(12, 3)
(12, 4)
(12, 5)
kaikki ok
Reitin pituus: 25
(16, 19)
(17, 19)
(17, 18)
(17, 17)
(16, 17)
(15, 17)
(14, 17)
(14, 16)
(14, 15)
(14, 14)
(14, 13)
(14, 12)
(14, 11)
(14, 10)
(14, 9)
(14, 8)
(14, 7)
(14, 6)
(14, 5)
(14, 4)
(14, 3)
(15, 3)
(16, 3)
(17, 3)
(17, 2)
(17, 1)
kaikki ok
Reitin pituus: 13
(13, 15)
(14, 15)
(14, 14)
(14, 13)
(14, 12)
(14, 11)
(14, 10)
(14, 9)
(14, 8)
(14, 7)
(14, 6)
(14, 5)
(15, 5)
(16, 5)
kaikki ok
Reitin pituus: 20
(2, 15)
(1, 15)
(1, 14)
(1, 13)
(2, 13)
(3, 13)
(4, 13)
(5, 13)
(6, 13)
(6, 12)
(6, 11)
(6, 10)
(6, 9)
(6, 8)
(6, 7)
(7, 7)
(8, 7)
(9, 7)
(9, 8)
(9, 9)
(8, 9)
kaikki ok
Reitin pituus: 10
(12, 10)
(12, 11)
(12, 12)
(12, 13)
(11, 13)
(10, 13)
(10, 14)
(10, 15)
(11, 15)
(12, 15)
(12, 16)
kaikki ok
Reitin pituus: 29
(16, 1)
(15, 1)
(14, 1)
(14, 2)
(14, 3)
(13, 3)
(12, 3)
(12, 4)
(12, 5)
(11, 5)
(10, 5)
(10, 6)
(10, 7)
(9, 7)
(8, 7)
(7, 7)
(6, 7)
(6, 8)
(6, 9)
(6, 10)
(6, 11)
(6, 12)
(6, 13)
(5, 13)
(4, 13)
(4, 14)
(4, 15)
(4, 16)
(4, 17)
(3, 17)
kaikki ok
Reitin pituus: 10
(12, 10)
(12, 9)
(12, 8)
(12, 7)
(11, 7)
(10, 7)
(9, 7)
(8, 7)
(8, 6)
(8, 5)
(7, 5)
kaikki ok
Reitin pituus: 17
(15, 17)
(14, 17)
(14, 16)
(14, 15)
(14, 14)
(14, 13)
(14, 12)
(14, 11)
(14, 10)
(14, 9)
(14, 8)
(14, 7)
(14, 6)
(14, 5)
(14, 4)
(14, 3)
(13, 3)
(12, 3)
kaikki ok
Reitin pituus: 16
(13, 9)
(14, 9)
(14, 8)
(14, 7)
(14, 6)
(14, 5)
(14, 4)
(14, 3)
(13, 3)
(12, 3)
(11, 3)
(10, 3)
(9, 3)
(8, 3)
(8, 2)
(8, 1)
(7, 1)
kaikki ok
Reitin pituus: 17
(16, 5)
(15, 5)
(14, 5)
(14, 4)
(14, 3)
(13, 3)
(12, 3)
(11, 3)
(10, 3)
(9, 3)
(8, 3)
(7, 3)
(6, 3)
(5, 3)
(4, 3)
(4, 2)
(4, 1)
(3, 1)
kaikki ok
Reitin pituus: 16
(8, 11)
(7, 11)
(6, 11)
(6, 10)
(6, 9)
(5, 9)
(4, 9)
(4, 8)
(4, 7)
(4, 6)
(4, 5)
(4, 4)
(4, 3)
(5, 3)
(6, 3)
(7, 3)
(8, 3)
kaikki ok
Reitin pituus: 14
(13, 15)
(12, 15)
(11, 15)
(10, 15)
(9, 15)
(8, 15)
(8, 14)
(8, 13)
(7, 13)
(6, 13)
(6, 12)
(6, 11)
(6, 10)
(6, 9)
(5, 9)
kaikki ok
Reitin pituus: 20
(15, 5)
(14, 5)
(14, 6)
(14, 7)
(14, 8)
(14, 9)
(13, 9)
(12, 9)
(12, 10)
(12, 11)
(12, 12)
(12, 13)
(11, 13)
(10, 13)
(10, 14)
(10, 15)
(9, 15)
(8, 15)
(7, 15)
(6, 15)
(6, 16)
kaikki ok
Reitin pituus: 15
(13, 9)
(14, 9)
(14, 8)
(14, 7)
(14, 6)
(14, 5)
(14, 4)
(14, 3)
(13, 3)
(12, 3)
(11, 3)
(10, 3)
(9, 3)
(8, 3)
(8, 2)
(8, 1)
kaikki ok
Reitin pituus: 11
(8, 5)
(8, 6)
(8, 7)
(9, 7)
(10, 7)
(11, 7)
(12, 7)
(12, 8)
(12, 9)
(12, 10)
(12, 11)
(11, 11)
kaikki ok
Reitin pituus: 18
(8, 5)
(8, 6)
(8, 7)
(9, 7)
(10, 7)
(11, 7)
(12, 7)
(12, 8)
(12, 9)
(12, 10)
(12, 11)
(12, 12)
(12, 13)
(13, 13)
(14, 13)
(15, 13)
(16, 13)
(17, 13)
(17, 14)
kaikki ok
Reitin pituus: 16
(14, 17)
(14, 16)
(14, 15)
(14, 14)
(14, 13)
(13, 13)
(12, 13)
(12, 12)
(12, 11)
(12, 10)
(12, 9)
(12, 8)
(12, 7)
(11, 7)
(10, 7)
(9, 7)
(9, 8)
kaikki ok
Reitin pituus: 10
(14, 10)
(14, 9)
(14, 8)
(14, 7)
(14, 6)
(14, 5)
(15, 5)
(16, 5)
(17, 5)
(17, 4)
(17, 3)
kaikki ok
Reitin pituus: 12
(11, 13)
(12, 13)
(12, 12)
(12, 11)
(12, 10)
(12, 9)
(12, 8)
(12, 7)
(11, 7)
(10, 7)
(9, 7)
(9, 8)
(9, 9)
kaikki ok
Reitin pituus: 8
(5, 15)
(6, 15)
(6, 16)
(6, 17)
(7, 17)
(8, 17)
(8, 18)
(8, 19)
(9, 19)
kaikki ok
Reitin pituus: 1
(6, 8)
(6, 7)
kaikki ok
Reitin pituus: 12
(6, 9)
(5, 9)
(4, 9)
(4, 8)
(4, 7)
(4, 6)
(4, 5)
(4, 4)
(4, 3)
(4, 2)
(4, 1)
(5, 1)
(6, 1)
kaikki ok
Reitin pituus: 4
(8, 15)
(7, 15)
(6, 15)
(6, 16)
(6, 17)
kaikki ok
Reitin pituus: 9
(10, 15)
(9, 15)
(8, 15)
(7, 15)
(6, 15)
(5, 15)
(4, 15)
(4, 16)
(4, 17)
(3, 17)
kaikki ok
Reitin pituus: 13
(7, 7)
(6, 7)
(6, 8)
(6, 9)
(6, 10)
(6, 11)
(6, 12)
(6, 13)
(7, 13)
(8, 13)
(8, 14)
(8, 15)
(9, 15)
(10, 15)
kaikki ok
Reitin pituus: 5
(6, 4)
(6, 3)
(5, 3)
(4, 3)
(3, 3)
(2, 3)
kaikki ok
Reitin pituus: 12
(12, 11)
(11, 11)
(10, 11)
(9, 11)
(8, 11)
(7, 11)
(6, 11)
(6, 12)
(6, 13)
(5, 13)
(4, 13)
(4, 12)
(4, 11)
kaikki ok
Reitin pituus: 9
(7, 5)
(6, 5)
(6, 4)
(6, 3)
(5, 3)
(4, 3)
(4, 4)
(4, 5)
(4, 6)
(4, 7)
kaikki ok
Reitin pituus: 26
(10, 19)
(9, 19)
(8, 19)
(8, 18)
(8, 17)
(7, 17)
(6, 17)
(6, 16)
(6, 15)
(7, 15)
(8, 15)
(8, 14)
(8, 13)
(7, 13)
(6, 13)
(6, 12)
(6, 11)
(6, 10)
(6, 9)
(6, 8)
(6, 7)
(7, 7)
(8, 7)
(8, 6)
(8, 5)
(7, 5)
(6, 5)
kaikki ok
Reitin pituus: 27
(15, 19)
(16, 19)
(17, 19)
(17, 18)
(17, 17)
(16, 17)
(15, 17)
(14, 17)
(14, 16)
(14, 15)
(14, 14)
(14, 13)
(14, 12)
(14, 11)
(14, 10)
(14, 9)
(14, 8)
(14, 7)
(14, 6)
(14, 5)
(14, 4)
(14, 3)
(13, 3)
(12, 3)
(11, 3)
(10, 3)
(10, 2)
(10, 1)
kaikki ok
Reitin pituus: 12
(7, 7)
(8, 7)
(8, 6)
(8, 5)
(7, 5)
(6, 5)
(6, 4)
(6, 3)
(7, 3)
(8, 3)
(8, 2)
(8, 1)
(7, 1)
kaikki ok
Reitin pituus: 19
(16, 5)
(15, 5)
(14, 5)
(14, 4)
(14, 3)
(13, 3)
(12, 3)
(11, 3)
(10, 3)
(9, 3)
(8, 3)
(7, 3)
(6, 3)
(5, 3)
(4, 3)
(4, 4)
(4, 5)
(4, 6)
(4, 7)
(4, 8)
kaikki ok
Reitin pituus: 18
(8, 2)
(8, 3)
(9, 3)
(10, 3)
(11, 3)
(12, 3)
(13, 3)
(14, 3)
(14, 4)
(14, 5)
(14, 6)
(14, 7)
(14, 8)
(14, 9)
(14, 10)
(14, 11)
(14, 12)
(14, 13)
(14, 14)
kaikki ok
Reitin pituus: 14
(4, 19)
(5, 19)
(6, 19)
(7, 19)
(8, 19)
(9, 19)
(10, 19)
(11, 19)
(12, 19)
(13, 19)
(14, 19)
(15, 19)
(16, 19)
(17, 19)
(17, 18)
kaikki ok
Reitin pituus: 24
(7, 19)
(8, 19)
(8, 18)
(8, 17)
(7, 17)
(6, 17)
(6, 16)
(6, 15)
(5, 15)
(4, 15)
(4, 14)
(4, 13)
(4, 12)
(4, 11)
(4, 10)
(4, 9)
(4, 8)
(4, 7)
(4, 6)
(4, 5)
(3, 5)
(2, 5)
(1, 5)
(1, 4)
(1, 3)
kaikki ok
Reitin pituus: 16
(2, 5)
(3, 5)
(4, 5)
(4, 6)
(4, 7)
(4, 8)
(4, 9)
(5, 9)
(6, 9)
(6, 10)
(6, 11)
(6, 12)
(6, 13)
(7, 13)
(8, 13)
(8, 14)
(8, 15)
kaikki ok
Reitin pituus: 25
(10, 9)
(9, 9)
(9, 8)
(9, 7)
(10, 7)
(11, 7)
(12, 7)
(12, 8)
(12, 9)
(13, 9)
(14, 9)
(14, 10)
(14, 11)
(14, 12)
(14, 13)
(14, 14)
(14, 15)
(14, 16)
(14, 17)
(15, 17)
(16, 17)
(17, 17)
(17, 18)
(17, 19)
(16, 19)
(15, 19)
kaikki ok
Reitin pituus: 16
(10, 15)
(9, 15)
(8, 15)
(8, 14)
(8, 13)
(7, 13)
(6, 13)
(6, 12)
(6, 11)
(6, 10)
(6, 9)
(6, 8)
(6, 7)
(7, 7)
(8, 7)
(8, 6)
(8, 5)
kaikki ok
Reitin pituus: 23
(7, 7)
(6, 7)
(6, 8)
(6, 9)
(6, 10)
(6, 11)
(6, 12)
(6, 13)
(7, 13)
(8, 13)
(8, 14)
(8, 15)
(9, 15)
(10, 15)
(11, 15)
(12, 15)
(12, 16)
(12, 17)
(11, 17)
(10, 17)
(10, 18)
(10, 19)
(11, 19)
(12, 19)
kaikki ok
Reitin pituus: 23
(7, 19)
(8, 19)
(9, 19)
(10, 19)
(10, 18)
(10, 17)
(11, 17)
(12, 17)
(12, 16)
(12, 15)
(13, 15)
(14, 15)
(14, 14)
(14, 13)
(14, 12)
(14, 11)
(14, 10)
(14, 9)
(14, 8)
(14, 7)
(14, 6)
(14, 5)
(15, 5)
(16, 5)
kaikki ok
Reitin pituus: 15
(10, 14)
(10, 13)
(11, 13)
(12, 13)
(12, 12)
(12, 11)
(12, 10)
(12, 9)
(12, 8)
(12, 7)
(11, 7)
(10, 7)
(9, 7)
(9, 8)
(9, 9)
(8, 9)
kaikki ok
Reitin pituus: 8
(10, 6)
(10, 5)
(11, 5)
(12, 5)
(12, 4)
(12, 3)
(13, 3)
(14, 3)
(15, 3)
kaikki ok
Reitin pituus: 22
(7, 19)
(8, 19)
(8, 18)
(8, 17)
(7, 17)
(6, 17)
(6, 16)
(6, 15)
(5, 15)
(4, 15)
(4, 14)
(4, 13)
(4, 12)
(4, 11)
(4, 10)
(4, 9)
(4, 8)
(4, 7)
(4, 6)
(4, 5)
(4, 4)
(4, 3)
(3, 3)
kaikki ok
Reitin pituus: 15
(9, 7)
(8, 7)
(7, 7)
(6, 7)
(6, 8)
(6, 9)
(5, 9)
(4, 9)
(4, 10)
(4, 11)
(4, 12)
(4, 13)
(3, 13)
(2, 13)
(1, 13)
(1, 14)
kaikki ok
Reitin pituus: 8
(4, 6)
(4, 7)
(4, 8)
(4, 9)
(5, 9)
(6, 9)
(6, 8)
(6, 7)
(7, 7)
kaikki ok
Reitin pituus: 17
(8, 11)
(7, 11)
(6, 11)
(6, 12)
(6, 13)
(5, 13)
(4, 13)
(4, 14)
(4, 15)
(4, 16)
(4, 17)
(3, 17)
(2, 17)
(1, 17)
(1, 18)
(1, 19)
(2, 19)
(3, 19)
kaikki ok
Reitin pituus: 12
(14, 8)
(14, 9)
(13, 9)
(12, 9)
(12, 10)
(12, 11)
(11, 11)
(10, 11)
(9, 11)
(8, 11)
(7, 11)
(6, 11)
(6, 12)
kaikki ok
Reitin pituus: 14
(1, 5)
(2, 5)
(3, 5)
(4, 5)
(4, 6)
(4, 7)
(4, 8)
(4, 9)
(4, 10)
(4, 11)
(4, 12)
(4, 13)
(3, 13)
(2, 13)
(1, 13)
kaikki ok
Reitin pituus: 15
(14, 17)
(14, 16)
(14, 15)
(14, 14)
(14, 13)
(13, 13)
(12, 13)
(12, 12)
(12, 11)
(12, 10)
(12, 9)
(12, 8)
(12, 7)
(11, 7)
(10, 7)
(10, 6)
kaikki ok
Reitin pituus: 6
(6, 10)
(6, 11)
(6, 12)
(6, 13)
(7, 13)
(8, 13)
(8, 14)
kaikki ok
Reitin pituus: 17
(3, 1)
(4, 1)
(4, 2)
(4, 3)
(4, 4)
(4, 5)
(4, 6)
(4, 7)
(4, 8)
(4, 9)
(4, 10)
(4, 11)
(4, 12)
(4, 13)
(3, 13)
(2, 13)
(1, 13)
(1, 14)
kaikki ok
Reitin pituus: 29
(3, 19)
(4, 19)
(5, 19)
(6, 19)
(7, 19)
(8, 19)
(9, 19)
(10, 19)
(10, 18)
(10, 17)
(11, 17)
(12, 17)
(12, 16)
(12, 15)
(13, 15)
(14, 15)
(14, 14)
(14, 13)
(14, 12)
(14, 11)
(14, 10)
(14, 9)
(14, 8)
(14, 7)
(14, 6)
(14, 5)
(14, 4)
(14, 3)
(14, 2)
(14, 1)
kaikki ok
Reitin pituus: 18
(4, 7)
(4, 8)
(4, 9)
(4, 10)
(4, 11)
(4, 12)
(4, 13)
(4, 14)
(4, 15)
(5, 15)
(6, 15)
(6, 16)
(6, 17)
(7, 17)
(8, 17)
(8, 18)
(8, 19)
(9, 19)
(10, 19)
kaikki ok
Reitin pituus: 8
(10, 15)
(9, 15)
(8, 15)
(8, 14)
(8, 13)
(7, 13)
(6, 13)
(6, 12)
(6, 11)
kaikki ok
Reitin pituus: 7
(3, 5)
(4, 5)
(4, 4)
(4, 3)
(4, 2)
(4, 1)
(5, 1)
(6, 1)
kaikki ok
Reitin pituus: 22
(5, 3)
(4, 3)
(4, 4)
(4, 5)
(4, 6)
(4, 7)
(4, 8)
(4, 9)
(4, 10)
(4, 11)
(4, 12)
(4, 13)
(4, 14)
(4, 15)
(5, 15)
(6, 15)
(6, 16)
(6, 17)
(7, 17)
(8, 17)
(8, 18)
(8, 19)
(9, 19)
kaikki ok
Reitin pituus: 13
(13, 1)
(12, 1)
(11, 1)
(10, 1)
(10, 2)
(10, 3)
(9, 3)
(8, 3)
(7, 3)
(6, 3)
(5, 3)
(4, 3)
(4, 4)
(4, 5)
kaikki ok
Reitin pituus: 26
(17, 3)
(16, 3)
(15, 3)
(14, 3)
(14, 4)
(14, 5)
(14, 6)
(14, 7)
(14, 8)
(14, 9)
(14, 10)
(14, 11)
(14, 12)
(14, 13)
(13, 13)
(12, 13)
(11, 13)
(10, 13)
(10, 14)
(10, 15)
(9, 15)
(8, 15)
(7, 15)
(6, 15)
(6, 16)
(6, 17)
(7, 17)
kaikki ok
Reitin pituus: 4
(5, 3)
(6, 3)
(7, 3)
(8, 3)
(8, 2)
kaikki ok
Reitin pituus: 9
(8, 18)
(8, 17)
(7, 17)
(6, 17)
(6, 16)
(6, 15)
(5, 15)
(4, 15)
(4, 14)
(4, 13)
kaikki ok
Reitin pituus: 18
(13, 13)
(12, 13)
(11, 13)
(10, 13)
(10, 14)
(10, 15)
(9, 15)
(8, 15)
(8, 14)
(8, 13)
(7, 13)
(6, 13)
(5, 13)
(4, 13)
(3, 13)
(2, 13)
(1, 13)
(1, 14)
(1, 15)
kaikki ok
Reitin pituus: 19
(7, 1)
(6, 1)
(5, 1)
(4, 1)
(4, 2)
(4, 3)
(4, 4)
(4, 5)
(4, 6)
(4, 7)
(4, 8)
(4, 9)
(5, 9)
(6, 9)
(6, 10)
(6, 11)
(7, 11)
(8, 11)
(9, 11)
(10, 11)
kaikki ok
Reitin pituus: 15
(12, 9)
(12, 8)
(12, 7)
(11, 7)
(10, 7)
(9, 7)
(8, 7)
(8, 6)
(8, 5)
(7, 5)
(6, 5)
(6, 4)
(6, 3)
(5, 3)
(4, 3)
(4, 2)
kaikki ok
Reitin pituus: 4
(14, 10)
(14, 11)
(14, 12)
(14, 13)
(15, 13)
kaikki ok
Reitin pituus: 26
(3, 19)
(2, 19)
(1, 19)
(1, 18)
(1, 17)
(2, 17)
(3, 17)
(4, 17)
(4, 16)
(4, 15)
(4, 14)
(4, 13)
(4, 12)
(4, 11)
(4, 10)
(4, 9)
(4, 8)
(4, 7)
(4, 6)
(4, 5)
(4, 4)
(4, 3)
(4, 2)
(4, 1)
(5, 1)
(6, 1)
(7, 1)
kaikki ok
Reitin pituus: 7
(5, 15)
(4, 15)
(4, 14)
(4, 13)
(3, 13)
(2, 13)
(1, 13)
(1, 14)
kaikki ok
Reitin pituus: 10
(12, 8)
(12, 9)
(12, 10)
(12, 11)
(11, 11)
(10, 11)
(9, 11)
(8, 11)
(7, 11)
(6, 11)
(6, 12)
kaikki ok
Reitin pituus: 31
(1, 2)
(1, 3)
(1, 4)
(1, 5)
(2, 5)
(3, 5)
(4, 5)
(4, 6)
(4, 7)
(4, 8)
(4, 9)
(4, 10)
(4, 11)
(4, 12)
(4, 13)
(4, 14)
(4, 15)
(5, 15)
(6, 15)
(6, 16)
(6, 17)
(7, 17)
(8, 17)
(8, 18)
(8, 19)
(9, 19)
(10, 19)
(11, 19)
(12, 19)
(13, 19)
(14, 19)
(15, 19)
kaikki ok
Reitin pituus: 24
(10, 3)
(9, 3)
(8, 3)
(7, 3)
(6, 3)
(5, 3)
(4, 3)
(4, 4)
(4, 5)
(4, 6)
(4, 7)
(4, 8)
(4, 9)
(4, 10)
(4, 11)
(4, 12)
(4, 13)
(4, 14)
(4, 15)
(5, 15)
(6, 15)
(6, 16)
(6, 17)
(7, 17)
(8, 17)
kaikki ok
Reitin pituus: 20
(8, 2)
(8, 3)
(7, 3)
(6, 3)
(5, 3)
(4, 3)
(4, 4)
(4, 5)
(4, 6)
(4, 7)
(4, 8)
(4, 9)
(4, 10)
(4, 11)
(4, 12)
(4, 13)
(4, 14)
(4, 15)
(4, 16)
(4, 17)
(3, 17)
kaikki ok
Reitin pituus: 10
(11, 15)
(10, 15)
(9, 15)
(8, 15)
(7, 15)
(6, 15)
(5, 15)
(4, 15)
(4, 16)
(4, 17)
(3, 17)
kaikki ok
Reitin pituus: 11
(7, 7)
(8, 7)
(8, 6)
(8, 5)
(7, 5)
(6, 5)
(6, 4)
(6, 3)
(5, 3)
(4, 3)
(3, 3)
(2, 3)
kaikki ok
Reitin pituus: 16
(1, 18)
(1, 17)
(2, 17)
(3, 17)
(4, 17)
(4, 16)
(4, 15)
(4, 14)
(4, 13)
(4, 12)
(4, 11)
(4, 10)
(4, 9)
(4, 8)
(4, 7)
(4, 6)
(4, 5)
kaikki ok
Reitin pituus: 7
(8, 7)
(7, 7)
(6, 7)
(6, 8)
(6, 9)
(6, 10)
(6, 11)
(7, 11)
kaikki ok
Reitin pituus: 19
(4, 3)
(5, 3)
(6, 3)
(7, 3)
(8, 3)
(9, 3)
(10, 3)
(11, 3)
(12, 3)
(13, 3)
(14, 3)
(14, 4)
(14, 5)
(14, 6)
(14, 7)
(14, 8)
(14, 9)
(14, 10)
(14, 11)
(14, 12)
kaikki ok
Reitin pituus: 4
(8, 2)
(8, 3)
(7, 3)
(6, 3)
(6, 4)
kaikki ok
Reitin pituus: 16
(6, 12)
(6, 11)
(6, 10)
(6, 9)
(5, 9)
(4, 9)
(4, 8)
(4, 7)
(4, 6)
(4, 5)
(4, 4)
(4, 3)
(5, 3)
(6, 3)
(7, 3)
(8, 3)
(9, 3)
kaikki ok
Reitin pituus: 23
(5, 3)
(4, 3)
(4, 4)
(4, 5)
(4, 6)
(4, 7)
(4, 8)
(4, 9)
(4, 10)
(4, 11)
(4, 12)
(4, 13)
(4, 14)
(4, 15)
(5, 15)
(6, 15)
(6, 16)
(6, 17)
(7, 17)
(8, 17)
(8, 18)
(8, 19)
(9, 19)
(10, 19)
kaikki ok
Reitin pituus: 13
(8, 9)
(9, 9)
(9, 8)
(9, 7)
(8, 7)
(7, 7)
(6, 7)
(6, 8)
(6, 9)
(5, 9)
(4, 9)
(4, 8)
(4, 7)
(4, 6)
kaikki ok
Reitin pituus: 13
(1, 13)
(2, 13)
(3, 13)
(4, 13)
(4, 12)
(4, 11)
(4, 10)
(4, 9)
(5, 9)
(6, 9)
(6, 8)
(6, 7)
(7, 7)
(8, 7)
kaikki ok
Reitin pituus: 4
(9, 15)
(8, 15)
(8, 14)
(8, 13)
(7, 13)
kaikki ok
Reitin pituus: 16
(8, 9)
(9, 9)
(9, 8)
(9, 7)
(8, 7)
(7, 7)
(6, 7)
(6, 8)
(6, 9)
(6, 10)
(6, 11)
(6, 12)
(6, 13)
(5, 13)
(4, 13)
(4, 14)
(4, 15)
kaikki ok
Reitin pituus: 9
(15, 17)
(16, 17)
(17, 17)
(17, 18)
(17, 19)
(16, 19)
(15, 19)
(14, 19)
(13, 19)
(12, 19)
kaikki ok
Reitin pituus: 4
(5, 3)
(6, 3)
(6, 4)
(6, 5)
(7, 5)
kaikki ok
Reitin pituus: 19
(9, 19)
(10, 19)
(10, 18)
(10, 17)
(11, 17)
(12, 17)
(12, 16)
(12, 15)
(13, 15)
(14, 15)
(14, 14)
(14, 13)
(14, 12)
(14, 11)
(14, 10)
(14, 9)
(14, 8)
(14, 7)
(14, 6)
(14, 5)
kaikki ok
Reitin pituus: 4
(4, 6)
(4, 5)
(4, 4)
(4, 3)
(5, 3)
kaikki ok
Reitin pituus: 19
(10, 15)
(9, 15)
(8, 15)
(8, 14)
(8, 13)
(7, 13)
(6, 13)
(6, 12)
(6, 11)
(6, 10)
(6, 9)
(5, 9)
(4, 9)
(4, 8)
(4, 7)
(4, 6)
(4, 5)
(4, 4)
(4, 3)
(4, 2)
kaikki ok
Reitin pituus: 12
(14, 2)
(14, 3)
(13, 3)
(12, 3)
(11, 3)
(10, 3)
(9, 3)
(8, 3)
(7, 3)
(6, 3)
(6, 4)
(6, 5)
(7, 5)
kaikki ok
Reitin pituus: 17
(11, 15)
(10, 15)
(10, 14)
(10, 13)
(11, 13)
(12, 13)
(12, 12)
(12, 11)
(12, 10)
(12, 9)
(12, 8)
(12, 7)
(11, 7)
(10, 7)
(9, 7)
(9, 8)
(9, 9)
(8, 9)
kaikki ok
Reitin pituus: 5
(4, 6)
(4, 7)
(4, 8)
(4, 9)
(5, 9)
(6, 9)
kaikki ok
Reitin pituus: 11
(6, 13)
(6, 12)
(6, 11)
(6, 10)
(6, 9)
(6, 8)
(6, 7)
(7, 7)
(8, 7)
(9, 7)
(10, 7)
(10, 6)
kaikki ok
Reitin pituus: 18
(10, 11)
(9, 11)
(8, 11)
(7, 11)
(6, 11)
(6, 12)
(6, 13)
(7, 13)
(8, 13)
(8, 14)
(8, 15)
(7, 15)
(6, 15)
(6, 16)
(6, 17)
(7, 17)
(8, 17)
(8, 18)
(8, 19)
kaikki ok
Reitin pituus: 24
(4, 15)
(4, 14)
(4, 13)
(5, 13)
(6, 13)
(6, 12)
(6, 11)
(7, 11)
(8, 11)
(9, 11)
(10, 11)
(11, 11)
(12, 11)
(12, 10)
(12, 9)
(13, 9)
(14, 9)
(14, 8)
(14, 7)
(14, 6)
(14, 5)
(15, 5)
(16, 5)
(17, 5)
(17, 4)
kaikki ok
Reitin pituus: 9
(8, 14)
(8, 15)
(9, 15)
(10, 15)
(11, 15)
(12, 15)
(12, 16)
(12, 17)
(11, 17)
(10, 17)
kaikki ok
Reitin pituus: 8
(12, 1)
(13, 1)
(14, 1)
(14, 2)
(14, 3)
(15, 3)
(16, 3)
(17, 3)
(17, 4)
kaikki ok
Reitin pituus: 16
(17, 5)
(16, 5)
(15, 5)
(14, 5)
(14, 6)
(14, 7)
(14, 8)
(14, 9)
(14, 10)
(14, 11)
(14, 12)
(14, 13)
(14, 14)
(14, 15)
(14, 16)
(14, 17)
(15, 17)
kaikki ok
Reitin pituus: 14
(5, 9)
(4, 9)
(4, 10)
(4, 11)
(4, 12)
(4, 13)
(4, 14)
(4, 15)
(5, 15)
(6, 15)
(6, 16)
(6, 17)
(7, 17)
(8, 17)
(8, 18)
kaikki ok
Reitin pituus: 13
(6, 1)
(7, 1)
(8, 1)
(8, 2)
(8, 3)
(7, 3)
(6, 3)
(6, 4)
(6, 5)
(7, 5)
(8, 5)
(8, 6)
(8, 7)
(9, 7)
kaikki ok
Reitin pituus: 15
(4, 16)
(4, 15)
(5, 15)
(6, 15)
(6, 16)
(6, 17)
(7, 17)
(8, 17)
(8, 18)
(8, 19)
(9, 19)
(10, 19)
(11, 19)
(12, 19)
(13, 19)
(14, 19)
kaikki ok
Reitin pituus: 24
(9, 19)
(10, 19)
(10, 18)
(10, 17)
(11, 17)
(12, 17)
(12, 16)
(12, 15)
(13, 15)
(14, 15)
(14, 14)
(14, 13)
(14, 12)
(14, 11)
(14, 10)
(14, 9)
(13, 9)
(12, 9)
(12, 8)
(12, 7)
(11, 7)
(10, 7)
(10, 6)
(10, 5)
(11, 5)
kaikki ok
Reitin pituus: 13
(12, 13)
(13, 13)
(14, 13)
(14, 12)
(14, 11)
(14, 10)
(14, 9)
(14, 8)
(14, 7)
(14, 6)
(14, 5)
(14, 4)
(14, 3)
(13, 3)
kaikki ok
Reitin pituus: 4
(6, 17)
(6, 16)
(6, 15)
(7, 15)
(8, 15)
kaikki ok
Reitin pituus: 21
(16, 19)
(15, 19)
(14, 19)
(13, 19)
(12, 19)
(11, 19)
(10, 19)
(9, 19)
(8, 19)
(7, 19)
(6, 19)
(5, 19)
(4, 19)
(3, 19)
(2, 19)
(1, 19)
(1, 18)
(1, 17)
(2, 17)
(2, 16)
(2, 15)
(1, 15)
kaikki ok
Reitin pituus: 1
(6, 7)
(6, 8)
kaikki ok
Reitin pituus: 16
(9, 9)
(9, 8)
(9, 7)
(8, 7)
(7, 7)
(6, 7)
(6, 8)
(6, 9)
(6, 10)
(6, 11)
(6, 12)
(6, 13)
(7, 13)
(8, 13)
(8, 14)
(8, 15)
(9, 15)
kaikki ok
Reitin pituus: 12
(7, 1)
(8, 1)
(8, 2)
(8, 3)
(9, 3)
(10, 3)
(11, 3)
(12, 3)
(12, 4)
(12, 5)
(11, 5)
(10, 5)
(10, 6)
kaikki ok
Reitin pituus: 7
(8, 5)
(8, 6)
(8, 7)
(9, 7)
(10, 7)
(10, 6)
(10, 5)
(11, 5)
kaikki ok
Reitin pituus: 13
(14, 13)
(14, 12)
(14, 11)
(14, 10)
(14, 9)
(14, 8)
(14, 7)
(14, 6)
(14, 5)
(14, 4)
(14, 3)
(13, 3)
(12, 3)
(12, 4)
kaikki ok
Reitin pituus: 22
(5, 3)
(4, 3)
(4, 4)
(4, 5)
(4, 6)
(4, 7)
(4, 8)
(4, 9)
(4, 10)
(4, 11)
(4, 12)
(4, 13)
(4, 14)
(4, 15)
(5, 15)
(6, 15)
(7, 15)
(8, 15)
(9, 15)
(10, 15)
(11, 15)
(12, 15)
(12, 16)
kaikki ok
Reitin pituus: 15
(10, 9)
(9, 9)
(9, 8)
(9, 7)
(8, 7)
(7, 7)
(6, 7)
(6, 8)
(6, 9)
(6, 10)
(6, 11)
(6, 12)
(6, 13)
(7, 13)
(8, 13)
(8, 14)
kaikki ok
Reitin pituus: 8
(16, 13)
(15, 13)
(14, 13)
(13, 13)
(12, 13)
(12, 12)
(12, 11)
(12, 10)
(12, 9)
kaikki ok
Reitin pituus: 17
(10, 3)
(11, 3)
(12, 3)
(13, 3)
(14, 3)
(14, 4)
(14, 5)
(14, 6)
(14, 7)
(14, 8)
(14, 9)
(14, 10)
(14, 11)
(14, 12)
(14, 13)
(14, 14)
(14, 15)
(14, 16)
kaikki ok
Reitin pituus: 10
(12, 12)
(12, 11)
(12, 10)
(12, 9)
(12, 8)
(12, 7)
(11, 7)
(10, 7)
(10, 6)
(10, 5)
(11, 5)
kaikki ok
Reitin pituus: 14
(10, 9)
(9, 9)
(9, 8)
(9, 7)
(8, 7)
(8, 6)
(8, 5)
(7, 5)
(6, 5)
(6, 4)
(6, 3)
(5, 3)
(4, 3)
(3, 3)
(2, 3)
kaikki ok
Reitin pituus: 29
(6, 19)
(7, 19)
(8, 19)
(9, 19)
(10, 19)
(10, 18)
(10, 17)
(11, 17)
(12, 17)
(12, 16)
(12, 15)
(13, 15)
(14, 15)
(14, 14)
(14, 13)
(14, 12)
(14, 11)
(14, 10)
(14, 9)
(14, 8)
(14, 7)
(14, 6)
(14, 5)
(14, 4)
(14, 3)
(14, 2)
(14, 1)
(13, 1)
(12, 1)
(11, 1)
kaikki ok
Reitin pituus: 19
(11, 3)
(10, 3)
(9, 3)
(8, 3)
(7, 3)
(6, 3)
(5, 3)
(4, 3)
(4, 4)
(4, 5)
(4, 6)
(4, 7)
(4, 8)
(4, 9)
(4, 10)
(4, 11)
(4, 12)
(4, 13)
(3, 13)
(2, 13)
kaikki ok
Reitin pituus: 19
(4, 16)
(4, 15)
(4, 14)
(4, 13)
(4, 12)
(4, 11)
(4, 10)
(4, 9)
(4, 8)
(4, 7)
(4, 6)
(4, 5)
(4, 4)
(4, 3)
(4, 2)
(4, 1)
(5, 1)
(6, 1)
(7, 1)
(8, 1)
kaikki ok
Reitin pituus: 12
(10, 11)
(9, 11)
(8, 11)
(7, 11)
(6, 11)
(6, 12)
(6, 13)
(5, 13)
(4, 13)
(3, 13)
(2, 13)
(1, 13)
(1, 14)
kaikki ok
Reitin pituus: 14
(5, 3)
(6, 3)
(7, 3)
(8, 3)
(9, 3)
(10, 3)
(11, 3)
(12, 3)
(13, 3)
(14, 3)
(14, 4)
(14, 5)
(15, 5)
(16, 5)
(17, 5)
kaikki ok
Reitin pituus: 16
(10, 1)
(10, 2)
(10, 3)
(9, 3)
(8, 3)
(7, 3)
(6, 3)
(5, 3)
(4, 3)
(4, 4)
(4, 5)
(4, 6)
(4, 7)
(4, 8)
(4, 9)
(5, 9)
(6, 9)
kaikki ok
Reitin pituus: 8
(12, 12)
(12, 11)
(12, 10)
(12, 9)
(12, 8)
(12, 7)
(11, 7)
(10, 7)
(10, 6)
kaikki ok
Reitin pituus: 10
(4, 2)
(4, 3)
(4, 4)
(4, 5)
(4, 6)
(4, 7)
(4, 8)
(4, 9)
(4, 10)
(4, 11)
(4, 12)
kaikki ok
Reitin pituus: 22
(6, 16)
(6, 15)
(7, 15)
(8, 15)
(9, 15)
(10, 15)
(10, 14)
(10, 13)
(11, 13)
(12, 13)
(12, 12)
(12, 11)
(12, 10)
(12, 9)
(13, 9)
(14, 9)
(14, 8)
(14, 7)
(14, 6)
(14, 5)
(14, 4)
(14, 3)
(15, 3)
kaikki ok
Reitin pituus: 5
(17, 4)
(17, 5)
(16, 5)
(15, 5)
(14, 5)
(14, 6)
kaikki ok
Reitin pituus: 2
(6, 19)
(5, 19)
(4, 19)
kaikki ok
Reitin pituus: 16
(17, 14)
(17, 13)
(16, 13)
(15, 13)
(14, 13)
(13, 13)
(12, 13)
(12, 12)
(12, 11)
(12, 10)
(12, 9)
(12, 8)
(12, 7)
(11, 7)
(10, 7)
(9, 7)
(8, 7)
kaikki ok
Reitin pituus: 16
(6, 16)
(6, 15)
(5, 15)
(4, 15)
(4, 14)
(4, 13)
(4, 12)
(4, 11)
(4, 10)
(4, 9)
(5, 9)
(6, 9)
(6, 8)
(6, 7)
(7, 7)
(8, 7)
(8, 6)
kaikki ok
Reitin pituus: 25
(10, 1)
(10, 2)
(10, 3)
(9, 3)
(8, 3)
(7, 3)
(6, 3)
(5, 3)
(4, 3)
(4, 4)
(4, 5)
(4, 6)
(4, 7)
(4, 8)
(4, 9)
(4, 10)
(4, 11)
(4, 12)
(4, 13)
(3, 13)
(2, 13)
(1, 13)
(1, 14)
(1, 15)
(2, 15)
(2, 16)
kaikki ok
Reitin pituus: 19
(8, 18)
(8, 17)
(7, 17)
(6, 17)
(6, 16)
(6, 15)
(5, 15)
(4, 15)
(4, 14)
(4, 13)
(4, 12)
(4, 11)
(4, 10)
(4, 9)
(5, 9)
(6, 9)
(6, 8)
(6, 7)
(7, 7)
(8, 7)
kaikki ok
Reitin pituus: 18
(1, 13)
(2, 13)
(3, 13)
(4, 13)
(4, 14)
(4, 15)
(5, 15)
(6, 15)
(6, 16)
(6, 17)
(7, 17)
(8, 17)
(8, 18)
(8, 19)
(9, 19)
(10, 19)
(11, 19)
(12, 19)
(13, 19)
kaikki ok
Reitin pituus: 9
(12, 12)
(12, 13)
(11, 13)
(10, 13)
(10, 14)
(10, 15)
(11, 15)
(12, 15)
(12, 16)
(12, 17)
kaikki ok
Reitin pituus: 14
(8, 7)
(7, 7)
(6, 7)
(6, 8)
(6, 9)
(5, 9)
(4, 9)
(4, 10)
(4, 11)
(4, 12)
(4, 13)
(3, 13)
(2, 13)
(1, 13)
(1, 14)
kaikki ok
Reitin pituus: 9
(11, 7)
(10, 7)
(9, 7)
(8, 7)
(7, 7)
(6, 7)
(6, 8)
(6, 9)
(6, 10)
(6, 11)
kaikki ok
Reitin pituus: 19
(17, 15)
(16, 15)
(16, 16)
(16, 17)
(15, 17)
(14, 17)
(14, 16)
(14, 15)
(13, 15)
(12, 15)
(11, 15)
(10, 15)
(9, 15)
(8, 15)
(7, 15)
(6, 15)
(5, 15)
(4, 15)
(4, 14)
(4, 13)
kaikki ok
Reitin pituus: 15
(10, 13)
(11, 13)
(12, 13)
(13, 13)
(14, 13)
(14, 12)
(14, 11)
(14, 10)
(14, 9)
(14, 8)
(14, 7)
(14, 6)
(14, 5)
(14, 4)
(14, 3)
(14, 2)
kaikki ok
Reitin pituus: 12
(17, 1)
(17, 2)
(17, 3)
(17, 4)
(17, 5)
(16, 5)
(15, 5)
(14, 5)
(14, 6)
(14, 7)
(14, 8)
(14, 9)
(14, 10)
kaikki ok
Reitin pituus: 12
(10, 5)
(11, 5)
(12, 5)
(12, 4)
(12, 3)
(11, 3)
(10, 3)
(9, 3)
(8, 3)
(8, 2)
(8, 1)
(7, 1)
(6, 1)
kaikki ok
Reitin pituus: 9
(10, 5)
(11, 5)
(12, 5)
(12, 4)
(12, 3)
(11, 3)
(10, 3)
(9, 3)
(8, 3)
(7, 3)
kaikki ok
Reitin pituus: 7
(4, 15)
(4, 14)
(4, 13)
(5, 13)
(6, 13)
(6, 12)
(6, 11)
(7, 11)
kaikki ok
Reitin pituus: 2
(14, 13)
(14, 12)
(14, 11)
kaikki ok
Reitin pituus: 8
(8, 1)
(8, 2)
(8, 3)
(7, 3)
(6, 3)
(6, 4)
(6, 5)
(7, 5)
(8, 5)
kaikki ok
Reitin pituus: 5
(6, 11)
(6, 12)
(6, 13)
(5, 13)
(4, 13)
(4, 14)
kaikki ok
Reitin pituus: 11
(5, 13)
(4, 13)
(4, 12)
(4, 11)
(4, 10)
(4, 9)
(4, 8)
(4, 7)
(4, 6)
(4, 5)
(3, 5)
(2, 5)
kaikki ok
Reitin pituus: 12
(13, 13)
(12, 13)
(11, 13)
(10, 13)
(10, 14)
(10, 15)
(9, 15)
(8, 15)
(8, 14)
(8, 13)
(7, 13)
(6, 13)
(5, 13)
kaikki ok
Reitin pituus: 7
(6, 4)
(6, 5)
(7, 5)
(8, 5)
(8, 6)
(8, 7)
(9, 7)
(9, 8)
kaikki ok
Reitin pituus: 4
(14, 2)
(14, 3)
(15, 3)
(16, 3)
(17, 3)
kaikki ok
Reitin pituus: 10
(6, 17)
(6, 16)
(6, 15)
(7, 15)
(8, 15)
(9, 15)
(10, 15)
(10, 14)
(10, 13)
(11, 13)
(12, 13)
kaikki ok
Reitin pituus: 15
(2, 13)
(3, 13)
(4, 13)
(4, 12)
(4, 11)
(4, 10)
(4, 9)
(4, 8)
(4, 7)
(4, 6)
(4, 5)
(4, 4)
(4, 3)
(5, 3)
(6, 3)
(6, 4)
kaikki ok
Reitin pituus: 6
(8, 17)
(7, 17)
(6, 17)
(6, 16)
(6, 15)
(5, 15)
(4, 15)
kaikki ok
Reitin pituus: 5
(9, 19)
(8, 19)
(8, 18)
(8, 17)
(7, 17)
(6, 17)
kaikki ok
Reitin pituus: 21
(4, 3)
(5, 3)
(6, 3)
(6, 4)
(6, 5)
(7, 5)
(8, 5)
(8, 6)
(8, 7)
(9, 7)
(10, 7)
(11, 7)
(12, 7)
(12, 8)
(12, 9)
(12, 10)
(12, 11)
(12, 12)
(12, 13)
(13, 13)
(14, 13)
(15, 13)
kaikki ok
Reitin pituus: 16
(1, 18)
(1, 17)
(2, 17)
(3, 17)
(4, 17)
(4, 16)
(4, 15)
(4, 14)
(4, 13)
(4, 12)
(4, 11)
(4, 10)
(4, 9)
(4, 8)
(4, 7)
(4, 6)
(4, 5)
kaikki ok
Reitin pituus: 8
(6, 9)
(5, 9)
(4, 9)
(4, 8)
(4, 7)
(4, 6)
(4, 5)
(4, 4)
(4, 3)
kaikki ok
Reitin pituus: 11
(4, 12)
(4, 13)
(5, 13)
(6, 13)
(7, 13)
(8, 13)
(8, 14)
(8, 15)
(9, 15)
(10, 15)
(11, 15)
(12, 15)
kaikki ok
Reitin pituus: 3
(12, 8)
(12, 9)
(13, 9)
(14, 9)
kaikki ok
Reitin pituus: 16
(8, 7)
(9, 7)
(10, 7)
(11, 7)
(12, 7)
(12, 8)
(12, 9)
(12, 10)
(12, 11)
(12, 12)
(12, 13)
(13, 13)
(14, 13)
(14, 14)
(14, 15)
(14, 16)
(14, 17)
kaikki ok
Reitin pituus: 23
(14, 8)
(14, 9)
(14, 10)
(14, 11)
(14, 12)
(14, 13)
(14, 14)
(14, 15)
(13, 15)
(12, 15)
(12, 16)
(12, 17)
(11, 17)
(10, 17)
(10, 18)
(10, 19)
(9, 19)
(8, 19)
(7, 19)
(6, 19)
(5, 19)
(4, 19)
(3, 19)
(2, 19)
kaikki ok
Reitin pituus: 9
(9, 19)
(8, 19)
(8, 18)
(8, 17)
(7, 17)
(6, 17)
(6, 16)
(6, 15)
(7, 15)
(8, 15)
kaikki ok
Reitin pituus: 16
(2, 13)
(3, 13)
(4, 13)
(5, 13)
(6, 13)
(6, 12)
(6, 11)
(7, 11)
(8, 11)
(9, 11)
(10, 11)
(11, 11)
(12, 11)
(12, 10)
(12, 9)
(13, 9)
(14, 9)
kaikki ok
Reitin pituus: 23
(3, 5)
(4, 5)
(4, 6)
(4, 7)
(4, 8)
(4, 9)
(4, 10)
(4, 11)
(4, 12)
(4, 13)
(4, 14)
(4, 15)
(5, 15)
(6, 15)
(6, 16)
(6, 17)
(7, 17)
(8, 17)
(8, 18)
(8, 19)
(9, 19)
(10, 19)
(10, 18)
(10, 17)
kaikki ok
Reitin pituus: 10
(9, 7)
(10, 7)
(10, 6)
(10, 5)
(11, 5)
(12, 5)
(12, 4)
(12, 3)
(13, 3)
(14, 3)
(14, 4)
kaikki ok
Reitin pituus: 24
(3, 13)
(4, 13)
(5, 13)
(6, 13)
(6, 12)
(6, 11)
(6, 10)
(6, 9)
(6, 8)
(6, 7)
(7, 7)
(8, 7)
(9, 7)
(10, 7)
(10, 6)
(10, 5)
(11, 5)
(12, 5)
(12, 4)
(12, 3)
(13, 3)
(14, 3)
(15, 3)
(16, 3)
(17, 3)
kaikki ok
Reitin pituus: 8
(4, 4)
(4, 5)
(4, 6)
(4, 7)
(4, 8)
(4, 9)
(5, 9)
(6, 9)
(6, 8)
kaikki ok
Reitin pituus: 17
(14, 13)
(14, 12)
(14, 11)
(14, 10)
(14, 9)
(14, 8)
(14, 7)
(14, 6)
(14, 5)
(14, 4)
(14, 3)
(13, 3)
(12, 3)
(11, 3)
(10, 3)
(9, 3)
(8, 3)
(8, 2)
kaikki ok
Reitin pituus: 11
(14, 2)
(14, 3)
(14, 4)
(14, 5)
(14, 6)
(14, 7)
(14, 8)
(14, 9)
(14, 10)
(14, 11)
(14, 12)
(14, 13)
kaikki ok
Reitin pituus: 4
(17, 13)
(17, 14)
(17, 15)
(16, 15)
(16, 16)
kaikki ok
Reitin pituus: 10
(6, 8)
(6, 7)
(7, 7)
(8, 7)
(9, 7)
(10, 7)
(11, 7)
(12, 7)
(12, 8)
(12, 9)
(13, 9)
kaikki ok
Reitin pituus: 10
(14, 8)
(14, 9)
(14, 10)
(14, 11)
(14, 12)
(14, 13)
(14, 14)
(14, 15)
(13, 15)
(12, 15)
(12, 16)
kaikki ok
Reitin pituus: 25
(3, 17)
(4, 17)
(4, 16)
(4, 15)
(4, 14)
(4, 13)
(4, 12)
(4, 11)
(4, 10)
(4, 9)
(5, 9)
(6, 9)
(6, 8)
(6, 7)
(7, 7)
(8, 7)
(9, 7)
(10, 7)
(10, 6)
(10, 5)
(11, 5)
(12, 5)
(12, 4)
(12, 3)
(13, 3)
(14, 3)
kaikki ok
Reitin pituus: 3
(1, 18)
(1, 19)
(2, 19)
(3, 19)
kaikki ok
Reitin pituus: 10
(14, 9)
(14, 10)
(14, 11)
(14, 12)
(14, 13)
(15, 13)
(16, 13)
(17, 13)
(17, 14)
(17, 15)
(16, 15)
kaikki ok
Reitin pituus: 7
(14, 7)
(14, 6)
(14, 5)
(14, 4)
(14, 3)
(14, 2)
(14, 1)
(13, 1)
kaikki ok
Reitin pituus: 2
(4, 12)
(4, 11)
(4, 10)
kaikki ok
Reitin pituus: 16
(9, 19)
(8, 19)
(8, 18)
(8, 17)
(7, 17)
(6, 17)
(6, 16)
(6, 15)
(5, 15)
(4, 15)
(4, 14)
(4, 13)
(4, 12)
(4, 11)
(4, 10)
(4, 9)
(5, 9)
kaikki ok
Reitin pituus: 5
(14, 3)
(13, 3)
(12, 3)
(12, 4)
(12, 5)
(11, 5)
kaikki ok
Reitin pituus: 24
(12, 1)
(11, 1)
(10, 1)
(10, 2)
(10, 3)
(9, 3)
(8, 3)
(7, 3)
(6, 3)
(5, 3)
(4, 3)
(4, 4)
(4, 5)
(4, 6)
(4, 7)
(4, 8)
(4, 9)
(4, 10)
(4, 11)
(4, 12)
(4, 13)
(4, 14)
(4, 15)
(5, 15)
(6, 15)
kaikki ok
Reitin pituus: 8
(6, 8)
(6, 9)
(6, 10)
(6, 11)
(6, 12)
(6, 13)
(7, 13)
(8, 13)
(8, 14)
kaikki ok
Reitin pituus: 19
(14, 13)
(13, 13)
(12, 13)
(12, 12)
(12, 11)
(11, 11)
(10, 11)
(9, 11)
(8, 11)
(7, 11)
(6, 11)
(6, 10)
(6, 9)
(5, 9)
(4, 9)
(4, 8)
(4, 7)
(4, 6)
(4, 5)
(3, 5)
kaikki ok
Reitin pituus: 19
(11, 3)
(12, 3)
(13, 3)
(14, 3)
(14, 4)
(14, 5)
(14, 6)
(14, 7)
(14, 8)
(14, 9)
(14, 10)
(14, 11)
(14, 12)
(14, 13)
(14, 14)
(14, 15)
(14, 16)
(14, 17)
(15, 17)
(16, 17)
kaikki ok
Reitin pituus: 13
(10, 6)
(10, 7)
(9, 7)
(8, 7)
(7, 7)
(6, 7)
(6, 8)
(6, 9)
(5, 9)
(4, 9)
(4, 8)
(4, 7)
(4, 6)
(4, 5)
kaikki ok
Reitin pituus: 12
(8, 19)
(7, 19)
(6, 19)
(5, 19)
(4, 19)
(3, 19)
(2, 19)
(1, 19)
(1, 18)
(1, 17)
(2, 17)
(2, 16)
(2, 15)
kaikki ok
Reitin pituus: 13
(10, 17)
(10, 18)
(10, 19)
(9, 19)
(8, 19)
(7, 19)
(6, 19)
(5, 19)
(4, 19)
(3, 19)
(2, 19)
(1, 19)
(1, 18)
(1, 17)
kaikki ok
Reitin pituus: 5
(9, 19)
(8, 19)
(7, 19)
(6, 19)
(5, 19)
(4, 19)
kaikki ok
Reitin pituus: 13
(11, 5)
(10, 5)
(10, 6)
(10, 7)
(11, 7)
(12, 7)
(12, 8)
(12, 9)
(13, 9)
(14, 9)
(14, 10)
(14, 11)
(14, 12)
(14, 13)
kaikki ok
Reitin pituus: 17
(4, 12)
(4, 13)
(5, 13)
(6, 13)
(6, 12)
(6, 11)
(7, 11)
(8, 11)
(9, 11)
(10, 11)
(11, 11)
(12, 11)
(12, 12)
(12, 13)
(13, 13)
(14, 13)
(15, 13)
(16, 13)
kaikki ok
Reitin pituus: 21
(11, 1)
(12, 1)
(13, 1)
(14, 1)
(14, 2)
(14, 3)
(14, 4)
(14, 5)
(14, 6)
(14, 7)
(14, 8)
(14, 9)
(14, 10)
(14, 11)
(14, 12)
(14, 13)
(13, 13)
(12, 13)
(11, 13)
(10, 13)
(10, 14)
(10, 15)
kaikki ok
Reitin pituus: 2
(16, 3)
(15, 3)
(14, 3)
kaikki ok
Reitin pituus: 17
(17, 19)
(17, 18)
(17, 17)
(16, 17)
(15, 17)
(14, 17)
(14, 16)
(14, 15)
(14, 14)
(14, 13)
(14, 12)
(14, 11)
(14, 10)
(14, 9)
(14, 8)
(14, 7)
(14, 6)
(14, 5)
kaikki ok
Reitin pituus: 17
(14, 1)
(14, 2)
(14, 3)
(14, 4)
(14, 5)
(14, 6)
(14, 7)
(14, 8)
(14, 9)
(14, 10)
(14, 11)
(14, 12)
(14, 13)
(15, 13)
(16, 13)
(17, 13)
(17, 14)
(17, 15)
kaikki ok
Reitin pituus: 10
(10, 11)
(11, 11)
(12, 11)
(12, 10)
(12, 9)
(12, 8)
(12, 7)
(11, 7)
(10, 7)
(10, 6)
(10, 5)
kaikki ok
Reitin pituus: 14
(10, 6)
(10, 7)
(9, 7)
(8, 7)
(7, 7)
(6, 7)
(6, 8)
(6, 9)
(5, 9)
(4, 9)
(4, 10)
(4, 11)
(4, 12)
(4, 13)
(3, 13)
kaikki ok
Reitin pituus: 3
(14, 14)
(14, 15)
(13, 15)
(12, 15)
kaikki ok
Reitin pituus: 26
(14, 17)
(14, 16)
(14, 15)
(13, 15)
(12, 15)
(11, 15)
(10, 15)
(9, 15)
(8, 15)
(8, 14)
(8, 13)
(7, 13)
(6, 13)
(6, 12)
(6, 11)
(6, 10)
(6, 9)
(5, 9)
(4, 9)
(4, 8)
(4, 7)
(4, 6)
(4, 5)
(4, 4)
(4, 3)
(4, 2)
(4, 1)
kaikki ok
Reitin pituus: 22
(12, 13)
(12, 12)
(12, 11)
(11, 11)
(10, 11)
(9, 11)
(8, 11)
(7, 11)
(6, 11)
(6, 10)
(6, 9)
(5, 9)
(4, 9)
(4, 8)
(4, 7)
(4, 6)
(4, 5)
(4, 4)
(4, 3)
(4, 2)
(4, 1)
(5, 1)
(6, 1)
kaikki ok
Reitin pituus: 3
(4, 14)
(4, 15)
(5, 15)
(6, 15)
kaikki ok
Reitin pituus: 19
(2, 16)
(2, 17)
(3, 17)
(4, 17)
(4, 16)
(4, 15)
(4, 14)
(4, 13)
(5, 13)
(6, 13)
(6, 12)
(6, 11)
(6, 10)
(6, 9)
(6, 8)
(6, 7)
(7, 7)
(8, 7)
(9, 7)
(10, 7)
kaikki ok
Reitin pituus: 15
(5, 1)
(4, 1)
(4, 2)
(4, 3)
(4, 4)
(4, 5)
(4, 6)
(4, 7)
(4, 8)
(4, 9)
(4, 10)
(4, 11)
(4, 12)
(4, 13)
(4, 14)
(4, 15)
kaikki ok
Reitin pituus: 14
(5, 13)
(6, 13)
(6, 12)
(6, 11)
(7, 11)
(8, 11)
(9, 11)
(10, 11)
(11, 11)
(12, 11)
(12, 12)
(12, 13)
(13, 13)
(14, 13)
(15, 13)
kaikki ok
Reitin pituus: 13
(12, 13)
(13, 13)
(14, 13)
(14, 12)
(14, 11)
(14, 10)
(14, 9)
(14, 8)
(14, 7)
(14, 6)
(14, 5)
(14, 4)
(14, 3)
(14, 2)
kaikki ok
Reitin pituus: 26
(16, 1)
(15, 1)
(14, 1)
(14, 2)
(14, 3)
(14, 4)
(14, 5)
(14, 6)
(14, 7)
(14, 8)
(14, 9)
(14, 10)
(14, 11)
(14, 12)
(14, 13)
(14, 14)
(14, 15)
(14, 16)
(14, 17)
(15, 17)
(16, 17)
(17, 17)
(17, 18)
(17, 19)
(16, 19)
(15, 19)
(14, 19)
kaikki ok
Reitin pituus: 14
(9, 7)
(8, 7)
(7, 7)
(6, 7)
(6, 8)
(6, 9)
(6, 10)
(6, 11)
(6, 12)
(6, 13)
(7, 13)
(8, 13)
(8, 14)
(8, 15)
(9, 15)
kaikki ok
Reitin pituus: 21
(8, 13)
(7, 13)
(6, 13)
(6, 12)
(6, 11)
(6, 10)
(6, 9)
(6, 8)
(6, 7)
(7, 7)
(8, 7)
(9, 7)
(10, 7)
(10, 6)
(10, 5)
(11, 5)
(12, 5)
(12, 4)
(12, 3)
(13, 3)
(14, 3)
(15, 3)
kaikki ok
Reitin pituus: 25
(11, 19)
(10, 19)
(10, 18)
(10, 17)
(11, 17)
(12, 17)
(12, 16)
(12, 15)
(13, 15)
(14, 15)
(14, 14)
(14, 13)
(14, 12)
(14, 11)
(14, 10)
(14, 9)
(14, 8)
(14, 7)
(14, 6)
(14, 5)
(14, 4)
(14, 3)
(13, 3)
(12, 3)
(12, 4)
(12, 5)
kaikki ok
Reitin pituus: 23
(6, 19)
(7, 19)
(8, 19)
(8, 18)
(8, 17)
(7, 17)
(6, 17)
(6, 16)
(6, 15)
(5, 15)
(4, 15)
(4, 14)
(4, 13)
(5, 13)
(6, 13)
(6, 12)
(6, 11)
(6, 10)
(6, 9)
(6, 8)
(6, 7)
(7, 7)
(8, 7)
(9, 7)
kaikki ok
Reitin pituus: 18
(16, 15)
(17, 15)
(17, 14)
(17, 13)
(16, 13)
(15, 13)
(14, 13)
(14, 12)
(14, 11)
(14, 10)
(14, 9)
(14, 8)
(14, 7)
(14, 6)
(14, 5)
(14, 4)
(14, 3)
(15, 3)
(16, 3)
kaikki ok
Reitin pituus: 19
(8, 2)
(8, 3)
(7, 3)
(6, 3)
(5, 3)
(4, 3)
(4, 4)
(4, 5)
(4, 6)
(4, 7)
(4, 8)
(4, 9)
(5, 9)
(6, 9)
(6, 10)
(6, 11)
(6, 12)
(6, 13)
(7, 13)
(8, 13)
kaikki ok
Reitin pituus: 21
(10, 11)
(9, 11)
(8, 11)
(7, 11)
(6, 11)
(6, 12)
(6, 13)
(5, 13)
(4, 13)
(4, 14)
(4, 15)
(4, 16)
(4, 17)
(3, 17)
(2, 17)
(1, 17)
(1, 18)
(1, 19)
(2, 19)
(3, 19)
(4, 19)
(5, 19)
kaikki ok
Reitin pituus: 7
(14, 7)
(14, 6)
(14, 5)
(15, 5)
(16, 5)
(17, 5)
(17, 4)
(17, 3)
kaikki ok
Reitin pituus: 6
(6, 10)
(6, 9)
(6, 8)
(6, 7)
(7, 7)
(8, 7)
(8, 6)
kaikki ok
Reitin pituus: 21
(5, 9)
(4, 9)
(4, 10)
(4, 11)
(4, 12)
(4, 13)
(4, 14)
(4, 15)
(5, 15)
(6, 15)
(6, 16)
(6, 17)
(7, 17)
(8, 17)
(8, 18)
(8, 19)
(9, 19)
(10, 19)
(11, 19)
(12, 19)
(13, 19)
(14, 19)
kaikki ok
Reitin pituus: 15
(9, 9)
(9, 8)
(9, 7)
(10, 7)
(10, 6)
(10, 5)
(11, 5)
(12, 5)
(12, 4)
(12, 3)
(13, 3)
(14, 3)
(14, 4)
(14, 5)
(15, 5)
(16, 5)
kaikki ok
Reitin pituus: 14
(8, 18)
(8, 17)
(7, 17)
(6, 17)
(6, 16)
(6, 15)
(7, 15)
(8, 15)
(8, 14)
(8, 13)
(7, 13)
(6, 13)
(6, 12)
(6, 11)
(7, 11)
kaikki ok
Reitin pituus: 13
(12, 8)
(12, 7)
(11, 7)
(10, 7)
(9, 7)
(8, 7)
(7, 7)
(6, 7)
(6, 8)
(6, 9)
(5, 9)
(4, 9)
(4, 8)
(4, 7)
kaikki ok
Reitin pituus: 20
(3, 17)
(4, 17)
(4, 16)
(4, 15)
(4, 14)
(4, 13)
(4, 12)
(4, 11)
(4, 10)
(4, 9)
(5, 9)
(6, 9)
(6, 8)
(6, 7)
(7, 7)
(8, 7)
(9, 7)
(10, 7)
(10, 6)
(10, 5)
(11, 5)
kaikki ok
Reitin pituus: 22
(4, 1)
(4, 2)
(4, 3)
(4, 4)
(4, 5)
(4, 6)
(4, 7)
(4, 8)
(4, 9)
(5, 9)
(6, 9)
(6, 10)
(6, 11)
(6, 12)
(6, 13)
(7, 13)
(8, 13)
(8, 14)
(8, 15)
(9, 15)
(10, 15)
(10, 14)
(10, 13)
kaikki ok
Reitin pituus: 14
(10, 13)
(11, 13)
(12, 13)
(13, 13)
(14, 13)
(14, 12)
(14, 11)
(14, 10)
(14, 9)
(14, 8)
(14, 7)
(14, 6)
(14, 5)
(15, 5)
(16, 5)
kaikki ok
Reitin pituus: 4
(9, 3)
(10, 3)
(10, 2)
(10, 1)
(11, 1)
kaikki ok
Reitin pituus: 22
(3, 1)
(4, 1)
(4, 2)
(4, 3)
(4, 4)
(4, 5)
(4, 6)
(4, 7)
(4, 8)
(4, 9)
(4, 10)
(4, 11)
(4, 12)
(4, 13)
(4, 14)
(4, 15)
(5, 15)
(6, 15)
(6, 16)
(6, 17)
(7, 17)
(8, 17)
(8, 18)
kaikki ok
Reitin pituus: 10
(6, 3)
(6, 4)
(6, 5)
(7, 5)
(8, 5)
(8, 6)
(8, 7)
(9, 7)
(10, 7)
(11, 7)
(12, 7)
kaikki ok
Reitin pituus: 20
(14, 5)
(14, 6)
(14, 7)
(14, 8)
(14, 9)
(13, 9)
(12, 9)
(12, 10)
(12, 11)
(11, 11)
(10, 11)
(9, 11)
(8, 11)
(7, 11)
(6, 11)
(6, 12)
(6, 13)
(5, 13)
(4, 13)
(3, 13)
(2, 13)
kaikki ok
Reitin pituus: 12
(5, 9)
(4, 9)
(4, 8)
(4, 7)
(4, 6)
(4, 5)
(4, 4)
(4, 3)
(5, 3)
(6, 3)
(7, 3)
(8, 3)
(8, 2)
kaikki ok
Reitin pituus: 12
(7, 1)
(8, 1)
(8, 2)
(8, 3)
(7, 3)
(6, 3)
(6, 4)
(6, 5)
(7, 5)
(8, 5)
(8, 6)
(8, 7)
(9, 7)
kaikki ok
Reitin pituus: 20
(17, 17)
(16, 17)
(15, 17)
(14, 17)
(14, 16)
(14, 15)
(14, 14)
(14, 13)
(13, 13)
(12, 13)
(12, 12)
(12, 11)
(12, 10)
(12, 9)
(12, 8)
(12, 7)
(11, 7)
(10, 7)
(9, 7)
(8, 7)
(7, 7)
kaikki ok
Reitin pituus: 15
(14, 17)
(14, 16)
(14, 15)
(13, 15)
(12, 15)
(11, 15)
(10, 15)
(9, 15)
(8, 15)
(8, 14)
(8, 13)
(7, 13)
(6, 13)
(5, 13)
(4, 13)
(4, 12)
kaikki ok
Reitin pituus: 12
(6, 3)
(5, 3)
(4, 3)
(4, 4)
(4, 5)
(4, 6)
(4, 7)
(4, 8)
(4, 9)
(4, 10)
(4, 11)
(4, 12)
(4, 13)
kaikki ok
Reitin pituus: 16
(1, 19)
(1, 18)
(1, 17)
(2, 17)
(3, 17)
(4, 17)
(4, 16)
(4, 15)
(4, 14)
(4, 13)
(5, 13)
(6, 13)
(6, 12)
(6, 11)
(7, 11)
(8, 11)
(9, 11)
kaikki ok
Reitin pituus: 13
(8, 17)
(7, 17)
(6, 17)
(6, 16)
(6, 15)
(7, 15)
(8, 15)
(8, 14)
(8, 13)
(7, 13)
(6, 13)
(6, 12)
(6, 11)
(6, 10)
kaikki ok
Reitin pituus: 12
(11, 15)
(10, 15)
(9, 15)
(8, 15)
(7, 15)
(6, 15)
(5, 15)
(4, 15)
(4, 16)
(4, 17)
(3, 17)
(2, 17)
(2, 16)
kaikki ok
Reitin pituus: 16
(4, 1)
(4, 2)
(4, 3)
(5, 3)
(6, 3)
(7, 3)
(8, 3)
(9, 3)
(10, 3)
(11, 3)
(12, 3)
(13, 3)
(14, 3)
(14, 4)
(14, 5)
(15, 5)
(16, 5)
kaikki ok
Reitin pituus: 17
(12, 17)
(12, 16)
(12, 15)
(13, 15)
(14, 15)
(14, 14)
(14, 13)
(14, 12)
(14, 11)
(14, 10)
(14, 9)
(14, 8)
(14, 7)
(14, 6)
(14, 5)
(14, 4)
(14, 3)
(14, 2)
kaikki ok
Reitin pituus: 23
(16, 19)
(17, 19)
(17, 18)
(17, 17)
(16, 17)
(15, 17)
(14, 17)
(14, 16)
(14, 15)
(14, 14)
(14, 13)
(13, 13)
(12, 13)
(12, 12)
(12, 11)
(12, 10)
(12, 9)
(12, 8)
(12, 7)
(11, 7)
(10, 7)
(9, 7)
(8, 7)
(8, 6)
kaikki ok
Reitin pituus: 10
(5, 15)
(4, 15)
(4, 16)
(4, 17)
(3, 17)
(2, 17)
(1, 17)
(1, 18)
(1, 19)
(2, 19)
(3, 19)
kaikki ok
Reitin pituus: 2
(17, 14)
(17, 13)
(16, 13)
kaikki ok
Reitin pituus: 19
(17, 3)
(16, 3)
(15, 3)
(14, 3)
(13, 3)
(12, 3)
(11, 3)
(10, 3)
(9, 3)
(8, 3)
(7, 3)
(6, 3)
(5, 3)
(4, 3)
(4, 4)
(4, 5)
(4, 6)
(4, 7)
(4, 8)
(4, 9)
kaikki ok
Reitin pituus: 3
(6, 16)
(6, 15)
(7, 15)
(8, 15)
kaikki ok
Reitin pituus: 6
(8, 3)
(7, 3)
(6, 3)
(6, 4)
(6, 5)
(7, 5)
(8, 5)
kaikki ok
Reitin pituus: 17
(10, 6)
(10, 7)
(11, 7)
(12, 7)
(12, 8)
(12, 9)
(13, 9)
(14, 9)
(14, 10)
(14, 11)
(14, 12)
(14, 13)
(14, 14)
(14, 15)
(13, 15)
(12, 15)
(12, 16)
(12, 17)
kaikki ok
Reitin pituus: 9
(11, 1)
(10, 1)
(10, 2)
(10, 3)
(9, 3)
(8, 3)
(8, 2)
(8, 1)
(7, 1)
(6, 1)
kaikki ok
Reitin pituus: 16
(17, 5)
(17, 4)
(17, 3)
(16, 3)
(15, 3)
(14, 3)
(13, 3)
(12, 3)
(12, 4)
(12, 5)
(11, 5)
(10, 5)
(10, 6)
(10, 7)
(9, 7)
(8, 7)
(7, 7)
kaikki ok
Reitin pituus: 15
(4, 6)
(4, 5)
(4, 4)
(4, 3)
(5, 3)
(6, 3)
(7, 3)
(8, 3)
(9, 3)
(10, 3)
(11, 3)
(12, 3)
(13, 3)
(14, 3)
(14, 2)
(14, 1)
kaikki ok
Reitin pituus: 1
(10, 18)
(10, 19)
kaikki ok
Reitin pituus: 7
(12, 9)
(12, 10)
(12, 11)
(12, 12)
(12, 13)
(11, 13)
(10, 13)
(10, 14)
kaikki ok
Reitin pituus: 15
(4, 4)
(4, 3)
(5, 3)
(6, 3)
(6, 4)
(6, 5)
(7, 5)
(8, 5)
(8, 6)
(8, 7)
(9, 7)
(10, 7)
(11, 7)
(12, 7)
(12, 8)
(12, 9)
kaikki ok
Reitin pituus: 13
(6, 19)
(7, 19)
(8, 19)
(8, 18)
(8, 17)
(7, 17)
(6, 17)
(6, 16)
(6, 15)
(5, 15)
(4, 15)
(4, 14)
(4, 13)
(5, 13)
kaikki ok
Reitin pituus: 12
(3, 1)
(4, 1)
(4, 2)
(4, 3)
(4, 4)
(4, 5)
(4, 6)
(4, 7)
(4, 8)
(4, 9)
(4, 10)
(4, 11)
(4, 12)
kaikki ok
Reitin pituus: 6
(6, 15)
(7, 15)
(8, 15)
(9, 15)
(10, 15)
(11, 15)
(12, 15)
kaikki ok
Reitin pituus: 13
(6, 10)
(6, 9)
(5, 9)
(4, 9)
(4, 8)
(4, 7)
(4, 6)
(4, 5)
(4, 4)
(4, 3)
(4, 2)
(4, 1)
(5, 1)
(6, 1)
kaikki ok
Reitin pituus: 25
(11, 17)
(12, 17)
(12, 16)
(12, 15)
(11, 15)
(10, 15)
(9, 15)
(8, 15)
(8, 14)
(8, 13)
(7, 13)
(6, 13)
(5, 13)
(4, 13)
(4, 12)
(4, 11)
(4, 10)
(4, 9)
(4, 8)
(4, 7)
(4, 6)
(4, 5)
(4, 4)
(4, 3)
(3, 3)
(2, 3)
kaikki ok
Reitin pituus: 9
(10, 17)
(11, 17)
(12, 17)
(12, 16)
(12, 15)
(13, 15)
(14, 15)
(14, 14)
(14, 13)
(14, 12)
kaikki ok
Reitin pituus: 23
(3, 5)
(4, 5)
(4, 6)
(4, 7)
(4, 8)
(4, 9)
(5, 9)
(6, 9)
(6, 10)
(6, 11)
(7, 11)
(8, 11)
(9, 11)
(10, 11)
(11, 11)
(12, 11)
(12, 12)
(12, 13)
(13, 13)
(14, 13)
(15, 13)
(16, 13)
(17, 13)
(17, 14)
kaikki ok
Reitin pituus: 10
(14, 8)
(14, 9)
(13, 9)
(12, 9)
(12, 10)
(12, 11)
(11, 11)
(10, 11)
(9, 11)
(8, 11)
(7, 11)
kaikki ok
Reitin pituus: 20
(17, 1)
(17, 2)
(17, 3)
(17, 4)
(17, 5)
(16, 5)
(15, 5)
(14, 5)
(14, 6)
(14, 7)
(14, 8)
(14, 9)
(14, 10)
(14, 11)
(14, 12)
(14, 13)
(15, 13)
(16, 13)
(17, 13)
(17, 14)
(17, 15)
kaikki ok
Reitin pituus: 3
(9, 19)
(10, 19)
(11, 19)
(12, 19)
kaikki ok
Reitin pituus: 18
(4, 8)
(4, 9)
(4, 10)
(4, 11)
(4, 12)
(4, 13)
(4, 14)
(4, 15)
(5, 15)
(6, 15)
(6, 16)
(6, 17)
(7, 17)
(8, 17)
(8, 18)
(8, 19)
(9, 19)
(10, 19)
(10, 18)
kaikki ok
Reitin pituus: 18
(16, 13)
(15, 13)
(14, 13)
(14, 12)
(14, 11)
(14, 10)
(14, 9)
(14, 8)
(14, 7)
(14, 6)
(14, 5)
(14, 4)
(14, 3)
(13, 3)
(12, 3)
(11, 3)
(10, 3)
(10, 2)
(10, 1)
kaikki ok
Reitin pituus: 17
(14, 17)
(14, 16)
(14, 15)
(14, 14)
(14, 13)
(14, 12)
(14, 11)
(14, 10)
(14, 9)
(14, 8)
(14, 7)
(14, 6)
(14, 5)
(14, 4)
(14, 3)
(14, 2)
(14, 1)
(15, 1)
kaikki ok
Reitin pituus: 12
(15, 13)
(14, 13)
(14, 14)
(14, 15)
(13, 15)
(12, 15)
(12, 16)
(12, 17)
(11, 17)
(10, 17)
(10, 18)
(10, 19)
(11, 19)
kaikki ok
Reitin pituus: 7
(1, 4)
(1, 3)
(2, 3)
(3, 3)
(4, 3)
(5, 3)
(6, 3)
(6, 4)
kaikki ok
Reitin pituus: 9
(6, 17)
(6, 16)
(6, 15)
(5, 15)
(4, 15)
(4, 16)
(4, 17)
(3, 17)
(2, 17)
(1, 17)
kaikki ok
Reitin pituus: 11
(6, 9)
(5, 9)
(4, 9)
(4, 10)
(4, 11)
(4, 12)
(4, 13)
(4, 14)
(4, 15)
(4, 16)
(4, 17)
(3, 17)
kaikki ok
Reitin pituus: 3
(4, 4)
(4, 3)
(4, 2)
(4, 1)
kaikki ok
Reitin pituus: 7
(2, 3)
(3, 3)
(4, 3)
(4, 2)
(4, 1)
(5, 1)
(6, 1)
(7, 1)
kaikki ok
Reitin pituus: 28
(3, 19)
(2, 19)
(1, 19)
(1, 18)
(1, 17)
(2, 17)
(3, 17)
(4, 17)
(4, 16)
(4, 15)
(4, 14)
(4, 13)
(4, 12)
(4, 11)
(4, 10)
(4, 9)
(5, 9)
(6, 9)
(6, 8)
(6, 7)
(7, 7)
(8, 7)
(9, 7)
(10, 7)
(10, 6)
(10, 5)
(11, 5)
(12, 5)
(12, 4)
kaikki ok
Reitin pituus: 9
(2, 17)
(3, 17)
(4, 17)
(4, 16)
(4, 15)
(5, 15)
(6, 15)
(7, 15)
(8, 15)
(9, 15)
kaikki ok
Reitin pituus: 21
(3, 1)
(4, 1)
(4, 2)
(4, 3)
(4, 4)
(4, 5)
(4, 6)
(4, 7)
(4, 8)
(4, 9)
(5, 9)
(6, 9)
(6, 10)
(6, 11)
(6, 12)
(6, 13)
(7, 13)
(8, 13)
(8, 14)
(8, 15)
(9, 15)
(10, 15)
kaikki ok
Reitin pituus: 4
(6, 8)
(6, 7)
(7, 7)
(8, 7)
(8, 6)
kaikki ok
Reitin pituus: 10
(7, 11)
(6, 11)
(6, 12)
(6, 13)
(7, 13)
(8, 13)
(8, 14)
(8, 15)
(7, 15)
(6, 15)
(6, 16)
kaikki ok
Reitin pituus: 12
(10, 2)
(10, 3)
(9, 3)
(8, 3)
(7, 3)
(6, 3)
(6, 4)
(6, 5)
(7, 5)
(8, 5)
(8, 6)
(8, 7)
(7, 7)
kaikki ok
Reitin pituus: 13
(1, 4)
(1, 5)
(2, 5)
(3, 5)
(4, 5)
(4, 6)
(4, 7)
(4, 8)
(4, 9)
(5, 9)
(6, 9)
(6, 8)
(6, 7)
(7, 7)
kaikki ok
Reitin pituus: 12
(10, 6)
(10, 5)
(11, 5)
(12, 5)
(12, 4)
(12, 3)
(11, 3)
(10, 3)
(9, 3)
(8, 3)
(8, 2)
(8, 1)
(7, 1)
kaikki ok
Reitin pituus: 12
(4, 10)
(4, 11)
(4, 12)
(4, 13)
(4, 14)
(4, 15)
(4, 16)
(4, 17)
(3, 17)
(2, 17)
(1, 17)
(1, 18)
(1, 19)
kaikki ok
Reitin pituus: 18
(2, 3)
(3, 3)
(4, 3)
(4, 4)
(4, 5)
(4, 6)
(4, 7)
(4, 8)
(4, 9)
(4, 10)
(4, 11)
(4, 12)
(4, 13)
(4, 14)
(4, 15)
(4, 16)
(4, 17)
(3, 17)
(2, 17)
kaikki ok
Reitin pituus: 13
(11, 19)
(10, 19)
(10, 18)
(10, 17)
(11, 17)
(12, 17)
(12, 16)
(12, 15)
(13, 15)
(14, 15)
(14, 14)
(14, 13)
(14, 12)
(14, 11)
kaikki ok
Reitin pituus: 10
(10, 17)
(11, 17)
(12, 17)
(12, 16)
(12, 15)
(11, 15)
(10, 15)
(10, 14)
(10, 13)
(11, 13)
(12, 13)
kaikki ok
Reitin pituus: 20
(1, 19)
(1, 18)
(1, 17)
(2, 17)
(3, 17)
(4, 17)
(4, 16)
(4, 15)
(5, 15)
(6, 15)
(7, 15)
(8, 15)
(9, 15)
(10, 15)
(11, 15)
(12, 15)
(13, 15)
(14, 15)
(14, 14)
(14, 13)
(15, 13)
kaikki ok
Reitin pituus: 20
(12, 4)
(12, 3)
(13, 3)
(14, 3)
(14, 4)
(14, 5)
(14, 6)
(14, 7)
(14, 8)
(14, 9)
(14, 10)
(14, 11)
(14, 12)
(14, 13)
(14, 14)
(14, 15)
(14, 16)
(14, 17)
(15, 17)
(16, 17)
(17, 17)
kaikki ok
Reitin pituus: 4
(10, 15)
(11, 15)
(12, 15)
(13, 15)
(14, 15)
kaikki ok
Reitin pituus: 21
(12, 13)
(12, 12)
(12, 11)
(11, 11)
(10, 11)
(9, 11)
(8, 11)
(7, 11)
(6, 11)
(6, 10)
(6, 9)
(5, 9)
(4, 9)
(4, 8)
(4, 7)
(4, 6)
(4, 5)
(4, 4)
(4, 3)
(4, 2)
(4, 1)
(5, 1)
kaikki ok
Reitin pituus: 28
(17, 14)
(17, 13)
(16, 13)
(15, 13)
(14, 13)
(14, 12)
(14, 11)
(14, 10)
(14, 9)
(14, 8)
(14, 7)
(14, 6)
(14, 5)
(14, 4)
(14, 3)
(13, 3)
(12, 3)
(11, 3)
(10, 3)
(9, 3)
(8, 3)
(8, 2)
(8, 1)
(7, 1)
(6, 1)
(5, 1)
(4, 1)
(3, 1)
(2, 1)
kaikki ok
Reitin pituus: 17
(6, 8)
(6, 9)
(5, 9)
(4, 9)
(4, 10)
(4, 11)
(4, 12)
(4, 13)
(4, 14)
(4, 15)
(4, 16)
(4, 17)
(3, 17)
(2, 17)
(1, 17)
(1, 18)
(1, 19)
(2, 19)
kaikki ok
Reitin pituus: 10
(4, 11)
(4, 10)
(4, 9)
(4, 8)
(4, 7)
(4, 6)
(4, 5)
(4, 4)
(4, 3)
(3, 3)
(2, 3)
kaikki ok
Reitin pituus: 23
(14, 3)
(14, 4)
(14, 5)
(14, 6)
(14, 7)
(14, 8)
(14, 9)
(14, 10)
(14, 11)
(14, 12)
(14, 13)
(14, 14)
(14, 15)
(13, 15)
(12, 15)
(12, 16)
(12, 17)
(11, 17)
(10, 17)
(10, 18)
(10, 19)
(9, 19)
(8, 19)
(8, 18)
kaikki ok
Reitin pituus: 15
(2, 17)
(3, 17)
(4, 17)
(4, 16)
(4, 15)
(5, 15)
(6, 15)
(7, 15)
(8, 15)
(9, 15)
(10, 15)
(11, 15)
(12, 15)
(13, 15)
(14, 15)
(14, 14)
kaikki ok
Reitin pituus: 22
(14, 11)
(14, 10)
(14, 9)
(14, 8)
(14, 7)
(14, 6)
(14, 5)
(14, 4)
(14, 3)
(13, 3)
(12, 3)
(11, 3)
(10, 3)
(9, 3)
(8, 3)
(8, 2)
(8, 1)
(7, 1)
(6, 1)
(5, 1)
(4, 1)
(3, 1)
(2, 1)
kaikki ok
Reitin pituus: 28
(1, 19)
(1, 18)
(1, 17)
(2, 17)
(3, 17)
(4, 17)
(4, 16)
(4, 15)
(5, 15)
(6, 15)
(7, 15)
(8, 15)
(9, 15)
(10, 15)
(10, 14)
(10, 13)
(11, 13)
(12, 13)
(12, 12)
(12, 11)
(12, 10)
(12, 9)
(13, 9)
(14, 9)
(14, 8)
(14, 7)
(14, 6)
(14, 5)
(14, 4)
kaikki ok
Reitin pituus: 20
(9, 8)
(9, 7)
(10, 7)
(11, 7)
(12, 7)
(12, 8)
(12, 9)
(13, 9)
(14, 9)
(14, 10)
(14, 11)
(14, 12)
(14, 13)
(14, 14)
(14, 15)
(13, 15)
(12, 15)
(12, 16)
(12, 17)
(11, 17)
(10, 17)
kaikki ok
Reitin pituus: 9
(12, 7)
(12, 8)
(12, 9)
(13, 9)
(14, 9)
(14, 8)
(14, 7)
(14, 6)
(14, 5)
(15, 5)
kaikki ok
Reitin pituus: 10
(4, 4)
(4, 5)
(4, 6)
(4, 7)
(4, 8)
(4, 9)
(4, 10)
(4, 11)
(4, 12)
(4, 13)
(5, 13)
kaikki ok
Reitin pituus: 14
(4, 12)
(4, 11)
(4, 10)
(4, 9)
(4, 8)
(4, 7)
(4, 6)
(4, 5)
(4, 4)
(4, 3)
(4, 2)
(4, 1)
(3, 1)
(2, 1)
(1, 1)
kaikki ok
Reitin pituus: 12
(4, 8)
(4, 9)
(5, 9)
(6, 9)
(6, 8)
(6, 7)
(7, 7)
(8, 7)
(9, 7)
(10, 7)
(11, 7)
(12, 7)
(12, 8)
kaikki ok
Reitin pituus: 9
(6, 15)
(7, 15)
(8, 15)
(9, 15)
(10, 15)
(11, 15)
(12, 15)
(13, 15)
(14, 15)
(14, 14)
kaikki ok
Reitin pituus: 18
(12, 19)
(11, 19)
(10, 19)
(9, 19)
(8, 19)
(8, 18)
(8, 17)
(7, 17)
(6, 17)
(6, 16)
(6, 15)
(5, 15)
(4, 15)
(4, 14)
(4, 13)
(3, 13)
(2, 13)
(1, 13)
(1, 14)
kaikki ok
Reitin pituus: 12
(8, 1)
(8, 2)
(8, 3)
(9, 3)
(10, 3)
(11, 3)
(12, 3)
(13, 3)
(14, 3)
(14, 4)
(14, 5)
(15, 5)
(16, 5)
kaikki ok
Reitin pituus: 9
(16, 3)
(15, 3)
(14, 3)
(13, 3)
(12, 3)
(11, 3)
(10, 3)
(9, 3)
(8, 3)
(8, 2)
kaikki ok
Reitin pituus: 12
(15, 13)
(16, 13)
(17, 13)
(17, 14)
(17, 15)
(16, 15)
(16, 16)
(16, 17)
(17, 17)
(17, 18)
(17, 19)
(16, 19)
(15, 19)
kaikki ok
Reitin pituus: 21
(12, 16)
(12, 15)
(11, 15)
(10, 15)
(9, 15)
(8, 15)
(8, 14)
(8, 13)
(7, 13)
(6, 13)
(6, 12)
(6, 11)
(6, 10)
(6, 9)
(6, 8)
(6, 7)
(7, 7)
(8, 7)
(8, 6)
(8, 5)
(7, 5)
(6, 5)
kaikki ok
Reitin pituus: 3
(5, 13)
(6, 13)
(7, 13)
(8, 13)
kaikki ok
Reitin pituus: 0
(7, 13)
kaikki ok
Reitin pituus: 14
(1, 13)
(2, 13)
(3, 13)
(4, 13)
(4, 12)
(4, 11)
(4, 10)
(4, 9)
(4, 8)
(4, 7)
(4, 6)
(4, 5)
(4, 4)
(4, 3)
(4, 2)
kaikki ok
Reitin pituus: 28
(8, 3)
(9, 3)
(10, 3)
(11, 3)
(12, 3)
(13, 3)
(14, 3)
(14, 4)
(14, 5)
(14, 6)
(14, 7)
(14, 8)
(14, 9)
(14, 10)
(14, 11)
(14, 12)
(14, 13)
(14, 14)
(14, 15)
(13, 15)
(12, 15)
(12, 16)
(12, 17)
(11, 17)
(10, 17)
(10, 18)
(10, 19)
(11, 19)
(12, 19)
kaikki ok
Reitin pituus: 14
(6, 11)
(7, 11)
(8, 11)
(9, 11)
(10, 11)
(11, 11)
(12, 11)
(12, 12)
(12, 13)
(13, 13)
(14, 13)
(15, 13)
(16, 13)
(17, 13)
(17, 14)
kaikki ok
Reitin pituus: 14
(5, 13)
(6, 13)
(6, 12)
(6, 11)
(7, 11)
(8, 11)
(9, 11)
(10, 11)
(11, 11)
(12, 11)
(12, 10)
(12, 9)
(13, 9)
(14, 9)
(14, 10)
kaikki ok
Reitin pituus: 26
(10, 19)
(10, 18)
(10, 17)
(11, 17)
(12, 17)
(12, 16)
(12, 15)
(13, 15)
(14, 15)
(14, 14)
(14, 13)
(14, 12)
(14, 11)
(14, 10)
(14, 9)
(14, 8)
(14, 7)
(14, 6)
(14, 5)
(14, 4)
(14, 3)
(13, 3)
(12, 3)
(11, 3)
(10, 3)
(10, 2)
(10, 1)
kaikki ok
Reitin pituus: 12
(11, 17)
(12, 17)
(12, 16)
(12, 15)
(11, 15)
(10, 15)
(9, 15)
(8, 15)
(7, 15)
(6, 15)
(5, 15)
(4, 15)
(4, 14)
kaikki ok
Reitin pituus: 17
(12, 4)
(12, 5)
(11, 5)
(10, 5)
(10, 6)
(10, 7)
(9, 7)
(8, 7)
(7, 7)
(6, 7)
(6, 8)
(6, 9)
(5, 9)
(4, 9)
(4, 10)
(4, 11)
(4, 12)
(4, 13)
kaikki ok
Reitin pituus: 17
(17, 17)
(17, 18)
(17, 19)
(16, 19)
(15, 19)
(14, 19)
(13, 19)
(12, 19)
(11, 19)
(10, 19)
(9, 19)
(8, 19)
(7, 19)
(6, 19)
(5, 19)
(4, 19)
(3, 19)
(2, 19)
kaikki ok
Reitin pituus: 17
(9, 15)
(8, 15)
(8, 14)
(8, 13)
(7, 13)
(6, 13)
(6, 12)
(6, 11)
(6, 10)
(6, 9)
(6, 8)
(6, 7)
(7, 7)
(8, 7)
(9, 7)
(9, 8)
(9, 9)
(8, 9)
kaikki ok
Reitin pituus: 16
(6, 5)
(7, 5)
(8, 5)
(8, 6)
(8, 7)
(9, 7)
(10, 7)
(11, 7)
(12, 7)
(12, 8)
(12, 9)
(12, 10)
(12, 11)
(12, 12)
(12, 13)
(11, 13)
(10, 13)
kaikki ok
Reitin pituus: 16
(10, 9)
(9, 9)
(9, 8)
(9, 7)
(10, 7)
(10, 6)
(10, 5)
(11, 5)
(12, 5)
(12, 4)
(12, 3)
(13, 3)
(14, 3)
(14, 4)
(14, 5)
(15, 5)
(16, 5)
kaikki ok
Reitin pituus: 9
(7, 5)
(8, 5)
(8, 6)
(8, 7)
(7, 7)
(6, 7)
(6, 8)
(6, 9)
(6, 10)
(6, 11)
kaikki ok
Reitin pituus: 2
(2, 3)
(3, 3)
(4, 3)
kaikki ok
Reitin pituus: 21
(1, 15)
(2, 15)
(2, 16)
(2, 17)
(3, 17)
(4, 17)
(4, 16)
(4, 15)
(5, 15)
(6, 15)
(7, 15)
(8, 15)
(9, 15)
(10, 15)
(11, 15)
(12, 15)
(13, 15)
(14, 15)
(14, 14)
(14, 13)
(15, 13)
(16, 13)
kaikki ok
Reitin pituus: 26
(7, 5)
(8, 5)
(8, 6)
(8, 7)
(7, 7)
(6, 7)
(6, 8)
(6, 9)
(6, 10)
(6, 11)
(6, 12)
(6, 13)
(7, 13)
(8, 13)
(8, 14)
(8, 15)
(7, 15)
(6, 15)
(6, 16)
(6, 17)
(7, 17)
(8, 17)
(8, 18)
(8, 19)
(9, 19)
(10, 19)
(11, 19)
kaikki ok
Reitin pituus: 25
(15, 3)
(14, 3)
(13, 3)
(12, 3)
(12, 4)
(12, 5)
(11, 5)
(10, 5)
(10, 6)
(10, 7)
(9, 7)
(8, 7)
(7, 7)
(6, 7)
(6, 8)
(6, 9)
(5, 9)
(4, 9)
(4, 10)
(4, 11)
(4, 12)
(4, 13)
(4, 14)
(4, 15)
(4, 16)
(4, 17)
kaikki ok
Reitin pituus: 14
(12, 4)
(12, 5)
(11, 5)
(10, 5)
(10, 6)
(10, 7)
(11, 7)
(12, 7)
(12, 8)
(12, 9)
(12, 10)
(12, 11)
(11, 11)
(10, 11)
(9, 11)
kaikki ok
Reitin pituus: 21
(8, 18)
(8, 17)
(7, 17)
(6, 17)
(6, 16)
(6, 15)
(7, 15)
(8, 15)
(9, 15)
(10, 15)
(10, 14)
(10, 13)
(11, 13)
(12, 13)
(12, 12)
(12, 11)
(12, 10)
(12, 9)
(12, 8)
(12, 7)
(11, 7)
(10, 7)
kaikki ok
Reitin pituus: 16
(2, 13)
(3, 13)
(4, 13)
(4, 14)
(4, 15)
(5, 15)
(6, 15)
(7, 15)
(8, 15)
(9, 15)
(10, 15)
(11, 15)
(12, 15)
(13, 15)
(14, 15)
(14, 16)
(14, 17)
kaikki ok
Reitin pituus: 27
(8, 17)
(7, 17)
(6, 17)
(6, 16)
(6, 15)
(7, 15)
(8, 15)
(9, 15)
(10, 15)
(10, 14)
(10, 13)
(11, 13)
(12, 13)
(12, 12)
(12, 11)
(12, 10)
(12, 9)
(13, 9)
(14, 9)
(14, 8)
(14, 7)
(14, 6)
(14, 5)
(14, 4)
(14, 3)
(15, 3)
(16, 3)
(17, 3)
kaikki ok
Reitin pituus: 17
(1, 15)
(2, 15)
(2, 16)
(2, 17)
(3, 17)
(4, 17)
(4, 16)
(4, 15)
(5, 15)
(6, 15)
(7, 15)
(8, 15)
(9, 15)
(10, 15)
(11, 15)
(12, 15)
(13, 15)
(14, 15)
kaikki ok
Reitin pituus: 23
(4, 7)
(4, 8)
(4, 9)
(5, 9)
(6, 9)
(6, 10)
(6, 11)
(7, 11)
(8, 11)
(9, 11)
(10, 11)
(11, 11)
(12, 11)
(12, 12)
(12, 13)
(13, 13)
(14, 13)
(14, 14)
(14, 15)
(14, 16)
(14, 17)
(15, 17)
(16, 17)
(17, 17)
kaikki ok
Reitin pituus: 14
(15, 17)
(14, 17)
(14, 16)
(14, 15)
(13, 15)
(12, 15)
(11, 15)
(10, 15)
(9, 15)
(8, 15)
(7, 15)
(6, 15)
(6, 16)
(6, 17)
(7, 17)
kaikki ok
Reitin pituus: 6
(7, 5)
(8, 5)
(8, 6)
(8, 7)
(9, 7)
(9, 8)
(9, 9)
kaikki ok
Reitin pituus: 30
(16, 19)
(17, 19)
(17, 18)
(17, 17)
(16, 17)
(15, 17)
(14, 17)
(14, 16)
(14, 15)
(14, 14)
(14, 13)
(14, 12)
(14, 11)
(14, 10)
(14, 9)
(14, 8)
(14, 7)
(14, 6)
(14, 5)
(14, 4)
(14, 3)
(13, 3)
(12, 3)
(11, 3)
(10, 3)
(9, 3)
(8, 3)
(8, 2)
(8, 1)
(7, 1)
(6, 1)
kaikki ok
Reitin pituus: 1
(9, 8)
(9, 9)
kaikki ok
Reitin pituus: 23
(17, 1)
(16, 1)
(15, 1)
(14, 1)
(13, 1)
(12, 1)
(11, 1)
(10, 1)
(10, 2)
(10, 3)
(9, 3)
(8, 3)
(7, 3)
(6, 3)
(5, 3)
(4, 3)
(4, 4)
(4, 5)
(4, 6)
(4, 7)
(4, 8)
(4, 9)
(4, 10)
(4, 11)
kaikki ok
Reitin pituus: 16
(1, 4)
(1, 3)
(2, 3)
(3, 3)
(4, 3)
(5, 3)
(6, 3)
(6, 4)
(6, 5)
(7, 5)
(8, 5)
(8, 6)
(8, 7)
(9, 7)
(9, 8)
(9, 9)
(10, 9)
kaikki ok
Reitin pituus: 14
(3, 5)
(4, 5)
(4, 6)
(4, 7)
(4, 8)
(4, 9)
(5, 9)
(6, 9)
(6, 10)
(6, 11)
(6, 12)
(6, 13)
(7, 13)
(8, 13)
(8, 14)
kaikki ok
Reitin pituus: 18
(15, 13)
(14, 13)
(14, 12)
(14, 11)
(14, 10)
(14, 9)
(14, 8)
(14, 7)
(14, 6)
(14, 5)
(14, 4)
(14, 3)
(13, 3)
(12, 3)
(11, 3)
(10, 3)
(9, 3)
(8, 3)
(7, 3)
kaikki ok
Reitin pituus: 7
(2, 17)
(3, 17)
(4, 17)
(4, 16)
(4, 15)
(5, 15)
(6, 15)
(7, 15)
kaikki ok
Reitin pituus: 4
(4, 5)
(4, 6)
(4, 7)
(4, 8)
(4, 9)
kaikki ok
Reitin pituus: 6
(11, 5)
(12, 5)
(12, 4)
(12, 3)
(11, 3)
(10, 3)
(9, 3)
kaikki ok
Reitin pituus: 9
(9, 7)
(10, 7)
(11, 7)
(12, 7)
(12, 8)
(12, 9)
(12, 10)
(12, 11)
(12, 12)
(12, 13)
kaikki ok
Reitin pituus: 20
(15, 5)
(14, 5)
(14, 6)
(14, 7)
(14, 8)
(14, 9)
(14, 10)
(14, 11)
(14, 12)
(14, 13)
(14, 14)
(14, 15)
(13, 15)
(12, 15)
(12, 16)
(12, 17)
(11, 17)
(10, 17)
(10, 18)
(10, 19)
(11, 19)
kaikki ok
Reitin pituus: 22
(1, 3)
(2, 3)
(3, 3)
(4, 3)
(4, 4)
(4, 5)
(4, 6)
(4, 7)
(4, 8)
(4, 9)
(4, 10)
(4, 11)
(4, 12)
(4, 13)
(4, 14)
(4, 15)
(5, 15)
(6, 15)
(7, 15)
(8, 15)
(9, 15)
(10, 15)
(11, 15)
kaikki ok
Reitin pituus: 10
(5, 15)
(6, 15)
(6, 16)
(6, 17)
(7, 17)
(8, 17)
(8, 18)
(8, 19)
(7, 19)
(6, 19)
(5, 19)
kaikki ok
Reitin pituus: 10
(10, 6)
(10, 5)
(11, 5)
(12, 5)
(12, 4)
(12, 3)
(13, 3)
(14, 3)
(15, 3)
(16, 3)
(17, 3)
kaikki ok
Reitin pituus: 22
(4, 7)
(4, 8)
(4, 9)
(5, 9)
(6, 9)
(6, 10)
(6, 11)
(7, 11)
(8, 11)
(9, 11)
(10, 11)
(11, 11)
(12, 11)
(12, 12)
(12, 13)
(13, 13)
(14, 13)
(15, 13)
(16, 13)
(17, 13)
(17, 14)
(17, 15)
(16, 15)
kaikki ok
Reitin pituus: 10
(9, 11)
(8, 11)
(7, 11)
(6, 11)
(6, 12)
(6, 13)
(5, 13)
(4, 13)
(4, 14)
(4, 15)
(4, 16)
kaikki ok
Reitin pituus: 9
(17, 19)
(17, 18)
(17, 17)
(16, 17)
(16, 16)
(16, 15)
(17, 15)
(17, 14)
(17, 13)
(16, 13)
kaikki ok
Reitin pituus: 8
(4, 13)
(4, 14)
(4, 15)
(4, 16)
(4, 17)
(3, 17)
(2, 17)
(1, 17)
(1, 18)
kaikki ok
Reitin pituus: 3
(12, 8)
(12, 7)
(11, 7)
(10, 7)
kaikki ok
Reitin pituus: 12
(6, 15)
(7, 15)
(8, 15)
(9, 15)
(10, 15)
(11, 15)
(12, 15)
(13, 15)
(14, 15)
(14, 16)
(14, 17)
(15, 17)
(16, 17)
kaikki ok
Reitin pituus: 12
(16, 5)
(15, 5)
(14, 5)
(14, 6)
(14, 7)
(14, 8)
(14, 9)
(13, 9)
(12, 9)
(12, 8)
(12, 7)
(11, 7)
(10, 7)
kaikki ok
Reitin pituus: 20
(10, 5)
(10, 6)
(10, 7)
(9, 7)
(8, 7)
(7, 7)
(6, 7)
(6, 8)
(6, 9)
(6, 10)
(6, 11)
(6, 12)
(6, 13)
(7, 13)
(8, 13)
(8, 14)
(8, 15)
(7, 15)
(6, 15)
(6, 16)
(6, 17)
kaikki ok
Reitin pituus: 12
(10, 2)
(10, 3)
(9, 3)
(8, 3)
(7, 3)
(6, 3)
(6, 4)
(6, 5)
(7, 5)
(8, 5)
(8, 6)
(8, 7)
(7, 7)
kaikki ok
Reitin pituus: 24
(8, 19)
(8, 18)
(8, 17)
(7, 17)
(6, 17)
(6, 16)
(6, 15)
(5, 15)
(4, 15)
(4, 14)
(4, 13)
(4, 12)
(4, 11)
(4, 10)
(4, 9)
(4, 8)
(4, 7)
(4, 6)
(4, 5)
(3, 5)
(2, 5)
(1, 5)
(1, 4)
(1, 3)
(1, 2)
kaikki ok
Reitin pituus: 15
(14, 11)
(14, 12)
(14, 13)
(13, 13)
(12, 13)
(12, 12)
(12, 11)
(11, 11)
(10, 11)
(9, 11)
(8, 11)
(7, 11)
(6, 11)
(6, 10)
(6, 9)
(5, 9)
kaikki ok
Reitin pituus: 12
(7, 5)
(6, 5)
(6, 4)
(6, 3)
(7, 3)
(8, 3)
(9, 3)
(10, 3)
(11, 3)
(12, 3)
(13, 3)
(14, 3)
(14, 2)
kaikki ok
Reitin pituus: 11
(6, 9)
(6, 10)
(6, 11)
(6, 12)
(6, 13)
(7, 13)
(8, 13)
(8, 14)
(8, 15)
(9, 15)
(10, 15)
(10, 14)
kaikki ok
Reitin pituus: 10
(12, 5)
(12, 4)
(12, 3)
(11, 3)
(10, 3)
(9, 3)
(8, 3)
(7, 3)
(6, 3)
(5, 3)
(4, 3)
kaikki ok
Reitin pituus: 11
(10, 6)
(10, 7)
(9, 7)
(8, 7)
(7, 7)
(6, 7)
(6, 8)
(6, 9)
(5, 9)
(4, 9)
(4, 8)
(4, 7)
kaikki ok
Reitin pituus: 15
(14, 2)
(14, 3)
(14, 4)
(14, 5)
(14, 6)
(14, 7)
(14, 8)
(14, 9)
(13, 9)
(12, 9)
(12, 10)
(12, 11)
(11, 11)
(10, 11)
(9, 11)
(8, 11)
kaikki ok
Reitin pituus: 8
(9, 11)
(10, 11)
(11, 11)
(12, 11)
(12, 10)
(12, 9)
(13, 9)
(14, 9)
(14, 8)
kaikki ok
Reitin pituus: 22
(13, 3)
(12, 3)
(12, 4)
(12, 5)
(11, 5)
(10, 5)
(10, 6)
(10, 7)
(9, 7)
(8, 7)
(7, 7)
(6, 7)
(6, 8)
(6, 9)
(6, 10)
(6, 11)
(6, 12)
(6, 13)
(5, 13)
(4, 13)
(4, 14)
(4, 15)
(4, 16)
kaikki ok
Reitin pituus: 24
(13, 15)
(12, 15)
(11, 15)
(10, 15)
(9, 15)
(8, 15)
(7, 15)
(6, 15)
(5, 15)
(4, 15)
(4, 14)
(4, 13)
(4, 12)
(4, 11)
(4, 10)
(4, 9)
(4, 8)
(4, 7)
(4, 6)
(4, 5)
(4, 4)
(4, 3)
(4, 2)
(4, 1)
(5, 1)
kaikki ok
Reitin pituus: 16
(12, 11)
(11, 11)
(10, 11)
(9, 11)
(8, 11)
(7, 11)
(6, 11)
(6, 10)
(6, 9)
(5, 9)
(4, 9)
(4, 8)
(4, 7)
(4, 6)
(4, 5)
(4, 4)
(4, 3)
kaikki ok
Reitin pituus: 15
(5, 1)
(6, 1)
(7, 1)
(8, 1)
(8, 2)
(8, 3)
(9, 3)
(10, 3)
(11, 3)
(12, 3)
(13, 3)
(14, 3)
(14, 2)
(14, 1)
(15, 1)
(16, 1)
kaikki ok
Reitin pituus: 14
(4, 9)
(5, 9)
(6, 9)
(6, 8)
(6, 7)
(7, 7)
(8, 7)
(9, 7)
(10, 7)
(10, 6)
(10, 5)
(11, 5)
(12, 5)
(12, 4)
(12, 3)
kaikki ok
Reitin pituus: 0
(11, 7)
kaikki ok
Reitin pituus: 10
(5, 13)
(4, 13)
(4, 12)
(4, 11)
(4, 10)
(4, 9)
(4, 8)
(4, 7)
(4, 6)
(4, 5)
(3, 5)
kaikki ok
Reitin pituus: 28
(10, 3)
(9, 3)
(8, 3)
(7, 3)
(6, 3)
(5, 3)
(4, 3)
(4, 4)
(4, 5)
(4, 6)
(4, 7)
(4, 8)
(4, 9)
(4, 10)
(4, 11)
(4, 12)
(4, 13)
(4, 14)
(4, 15)
(5, 15)
(6, 15)
(6, 16)
(6, 17)
(7, 17)
(8, 17)
(8, 18)
(8, 19)
(7, 19)
(6, 19)
kaikki ok
Reitin pituus: 23
(12, 5)
(11, 5)
(10, 5)
(10, 6)
(10, 7)
(9, 7)
(8, 7)
(7, 7)
(6, 7)
(6, 8)
(6, 9)
(6, 10)
(6, 11)
(6, 12)
(6, 13)
(5, 13)
(4, 13)
(3, 13)
(2, 13)
(1, 13)
(1, 14)
(1, 15)
(2, 15)
(2, 16)
kaikki ok
Reitin pituus: 21
(4, 14)
(4, 13)
(5, 13)
(6, 13)
(6, 12)
(6, 11)
(7, 11)
(8, 11)
(9, 11)
(10, 11)
(11, 11)
(12, 11)
(12, 10)
(12, 9)
(13, 9)
(14, 9)
(14, 8)
(14, 7)
(14, 6)
(14, 5)
(14, 4)
(14, 3)
kaikki ok
Reitin pituus: 7
(6, 5)
(6, 4)
(6, 3)
(7, 3)
(8, 3)
(9, 3)
(10, 3)
(10, 2)
kaikki ok
Reitin pituus: 5
(16, 15)
(16, 16)
(16, 17)
(17, 17)
(17, 18)
(17, 19)
kaikki ok
Reitin pituus: 9
(7, 1)
(8, 1)
(8, 2)
(8, 3)
(9, 3)
(10, 3)
(11, 3)
(12, 3)
(12, 4)
(12, 5)
kaikki ok
Reitin pituus: 5
(6, 8)
(6, 9)
(5, 9)
(4, 9)
(4, 8)
(4, 7)
kaikki ok
Reitin pituus: 18
(1, 3)
(2, 3)
(3, 3)
(4, 3)
(5, 3)
(6, 3)
(7, 3)
(8, 3)
(9, 3)
(10, 3)
(11, 3)
(12, 3)
(13, 3)
(14, 3)
(14, 4)
(14, 5)
(14, 6)
(14, 7)
(14, 8)
kaikki ok
Reitin pituus: 0
(6, 19)
kaikki ok
Reitin pituus: 17
(16, 17)
(15, 17)
(14, 17)
(14, 16)
(14, 15)
(14, 14)
(14, 13)
(14, 12)
(14, 11)
(14, 10)
(14, 9)
(14, 8)
(14, 7)
(14, 6)
(14, 5)
(15, 5)
(16, 5)
(17, 5)
kaikki ok
Reitin pituus: 6
(10, 6)
(10, 7)
(9, 7)
(8, 7)
(7, 7)
(6, 7)
(6, 8)
kaikki ok
Reitin pituus: 10
(11, 11)
(12, 11)
(12, 12)
(12, 13)
(11, 13)
(10, 13)
(10, 14)
(10, 15)
(9, 15)
(8, 15)
(7, 15)
kaikki ok
Reitin pituus: 19
(12, 5)
(11, 5)
(10, 5)
(10, 6)
(10, 7)
(11, 7)
(12, 7)
(12, 8)
(12, 9)
(13, 9)
(14, 9)
(14, 10)
(14, 11)
(14, 12)
(14, 13)
(15, 13)
(16, 13)
(17, 13)
(17, 14)
(17, 15)
kaikki ok
Reitin pituus: 21
(17, 4)
(17, 5)
(16, 5)
(15, 5)
(14, 5)
(14, 6)
(14, 7)
(14, 8)
(14, 9)
(13, 9)
(12, 9)
(12, 10)
(12, 11)
(12, 12)
(12, 13)
(11, 13)
(10, 13)
(10, 14)
(10, 15)
(9, 15)
(8, 15)
(8, 14)
kaikki ok
Reitin pituus: 6
(6, 16)
(6, 15)
(5, 15)
(4, 15)
(4, 14)
(4, 13)
(4, 12)
kaikki ok
Reitin pituus: 8
(7, 17)
(8, 17)
(8, 18)
(8, 19)
(9, 19)
(10, 19)
(11, 19)
(12, 19)
(13, 19)
kaikki ok
Reitin pituus: 19
(1, 4)
(1, 5)
(2, 5)
(3, 5)
(4, 5)
(4, 6)
(4, 7)
(4, 8)
(4, 9)
(4, 10)
(4, 11)
(4, 12)
(4, 13)
(3, 13)
(2, 13)
(1, 13)
(1, 14)
(1, 15)
(2, 15)
(2, 16)
kaikki ok
Reitin pituus: 9
(13, 15)
(14, 15)
(14, 14)
(14, 13)
(13, 13)
(12, 13)
(12, 12)
(12, 11)
(11, 11)
(10, 11)
kaikki ok
Reitin pituus: 16
(4, 16)
(4, 15)
(4, 14)
(4, 13)
(4, 12)
(4, 11)
(4, 10)
(4, 9)
(4, 8)
(4, 7)
(4, 6)
(4, 5)
(4, 4)
(4, 3)
(5, 3)
(6, 3)
(6, 4)
kaikki ok
Reitin pituus: 21
(13, 3)
(14, 3)
(14, 4)
(14, 5)
(14, 6)
(14, 7)
(14, 8)
(14, 9)
(14, 10)
(14, 11)
(14, 12)
(14, 13)
(14, 14)
(14, 15)
(14, 16)
(14, 17)
(15, 17)
(16, 17)
(17, 17)
(17, 18)
(17, 19)
(16, 19)
kaikki ok
Reitin pituus: 21
(8, 9)
(9, 9)
(9, 8)
(9, 7)
(10, 7)
(11, 7)
(12, 7)
(12, 8)
(12, 9)
(13, 9)
(14, 9)
(14, 10)
(14, 11)
(14, 12)
(14, 13)
(14, 14)
(14, 15)
(14, 16)
(14, 17)
(15, 17)
(16, 17)
(17, 17)
kaikki ok
Reitin pituus: 17
(1, 1)
(1, 2)
(1, 3)
(1, 4)
(1, 5)
(2, 5)
(3, 5)
(4, 5)
(4, 6)
(4, 7)
(4, 8)
(4, 9)
(5, 9)
(6, 9)
(6, 10)
(6, 11)
(6, 12)
(6, 13)
kaikki ok
Reitin pituus: 7
(11, 5)
(12, 5)
(12, 4)
(12, 3)
(11, 3)
(10, 3)
(10, 2)
(10, 1)
kaikki ok
Reitin pituus: 13
(4, 12)
(4, 13)
(4, 14)
(4, 15)
(5, 15)
(6, 15)
(6, 16)
(6, 17)
(7, 17)
(8, 17)
(8, 18)
(8, 19)
(9, 19)
(10, 19)
kaikki ok
Reitin pituus: 23
(10, 19)
(9, 19)
(8, 19)
(8, 18)
(8, 17)
(7, 17)
(6, 17)
(6, 16)
(6, 15)
(5, 15)
(4, 15)
(4, 14)
(4, 13)
(4, 12)
(4, 11)
(4, 10)
(4, 9)
(4, 8)
(4, 7)
(4, 6)
(4, 5)
(4, 4)
(4, 3)
(5, 3)
kaikki ok
Reitin pituus: 16
(17, 13)
(16, 13)
(15, 13)
(14, 13)
(14, 14)
(14, 15)
(13, 15)
(12, 15)
(11, 15)
(10, 15)
(9, 15)
(8, 15)
(7, 15)
(6, 15)
(6, 16)
(6, 17)
(7, 17)
kaikki ok
Reitin pituus: 10
(8, 18)
(8, 17)
(7, 17)
(6, 17)
(6, 16)
(6, 15)
(5, 15)
(4, 15)
(4, 16)
(4, 17)
(3, 17)
kaikki ok
Reitin pituus: 14
(6, 7)
(7, 7)
(8, 7)
(9, 7)
(10, 7)
(10, 6)
(10, 5)
(11, 5)
(12, 5)
(12, 4)
(12, 3)
(13, 3)
(14, 3)
(14, 2)
(14, 1)
kaikki ok
Reitin pituus: 13
(1, 18)
(1, 17)
(2, 17)
(3, 17)
(4, 17)
(4, 16)
(4, 15)
(5, 15)
(6, 15)
(7, 15)
(8, 15)
(9, 15)
(10, 15)
(11, 15)
kaikki ok
Reitin pituus: 26
(1, 1)
(1, 2)
(1, 3)
(1, 4)
(1, 5)
(2, 5)
(3, 5)
(4, 5)
(4, 6)
(4, 7)
(4, 8)
(4, 9)
(5, 9)
(6, 9)
(6, 10)
(6, 11)
(6, 12)
(6, 13)
(7, 13)
(8, 13)
(8, 14)
(8, 15)
(9, 15)
(10, 15)
(11, 15)
(12, 15)
(12, 16)
kaikki ok
Reitin pituus: 17
(11, 5)
(10, 5)
(10, 6)
(10, 7)
(9, 7)
(8, 7)
(7, 7)
(6, 7)
(6, 8)
(6, 9)
(5, 9)
(4, 9)
(4, 10)
(4, 11)
(4, 12)
(4, 13)
(4, 14)
(4, 15)
kaikki ok
Reitin pituus: 4
(14, 10)
(14, 11)
(14, 12)
(14, 13)
(14, 14)
kaikki ok
Reitin pituus: 16
(8, 2)
(8, 3)
(7, 3)
(6, 3)
(5, 3)
(4, 3)
(4, 4)
(4, 5)
(4, 6)
(4, 7)
(4, 8)
(4, 9)
(5, 9)
(6, 9)
(6, 10)
(6, 11)
(7, 11)
kaikki ok
Reitin pituus: 11
(8, 17)
(7, 17)
(6, 17)
(6, 16)
(6, 15)
(7, 15)
(8, 15)
(8, 14)
(8, 13)
(7, 13)
(6, 13)
(6, 12)
kaikki ok
Reitin pituus: 14
(6, 10)
(6, 11)
(7, 11)
(8, 11)
(9, 11)
(10, 11)
(11, 11)
(12, 11)
(12, 12)
(12, 13)
(13, 13)
(14, 13)
(15, 13)
(16, 13)
(17, 13)
kaikki ok
Reitin pituus: 5
(15, 5)
(14, 5)
(14, 6)
(14, 7)
(14, 8)
(14, 9)
kaikki ok
Reitin pituus: 12
(1, 13)
(2, 13)
(3, 13)
(4, 13)
(4, 12)
(4, 11)
(4, 10)
(4, 9)
(4, 8)
(4, 7)
(4, 6)
(4, 5)
(4, 4)
kaikki ok
Reitin pituus: 20
(12, 7)
(12, 8)
(12, 9)
(13, 9)
(14, 9)
(14, 10)
(14, 11)
(14, 12)
(14, 13)
(14, 14)
(14, 15)
(13, 15)
(12, 15)
(12, 16)
(12, 17)
(11, 17)
(10, 17)
(10, 18)
(10, 19)
(11, 19)
(12, 19)
kaikki ok
Reitin pituus: 12
(14, 13)
(13, 13)
(12, 13)
(12, 12)
(12, 11)
(12, 10)
(12, 9)
(12, 8)
(12, 7)
(11, 7)
(10, 7)
(9, 7)
(8, 7)
kaikki ok
Reitin pituus: 8
(11, 3)
(12, 3)
(13, 3)
(14, 3)
(15, 3)
(16, 3)
(17, 3)
(17, 2)
(17, 1)
kaikki ok
Reitin pituus: 7
(1, 14)
(1, 13)
(2, 13)
(3, 13)
(4, 13)
(4, 14)
(4, 15)
(5, 15)
kaikki ok
Reitin pituus: 18
(4, 6)
(4, 7)
(4, 8)
(4, 9)
(5, 9)
(6, 9)
(6, 8)
(6, 7)
(7, 7)
(8, 7)
(9, 7)
(10, 7)
(11, 7)
(12, 7)
(12, 8)
(12, 9)
(13, 9)
(14, 9)
(14, 8)
kaikki ok
Reitin pituus: 16
(5, 3)
(4, 3)
(4, 4)
(4, 5)
(4, 6)
(4, 7)
(4, 8)
(4, 9)
(5, 9)
(6, 9)
(6, 10)
(6, 11)
(7, 11)
(8, 11)
(9, 11)
(10, 11)
(11, 11)
kaikki ok
Reitin pituus: 10
(11, 13)
(10, 13)
(10, 14)
(10, 15)
(9, 15)
(8, 15)
(7, 15)
(6, 15)
(5, 15)
(4, 15)
(4, 14)
kaikki ok
Reitin pituus: 13
(14, 3)
(13, 3)
(12, 3)
(12, 4)
(12, 5)
(11, 5)
(10, 5)
(10, 6)
(10, 7)
(9, 7)
(8, 7)
(7, 7)
(6, 7)
(6, 8)
kaikki ok
Reitin pituus: 23
(6, 9)
(6, 10)
(6, 11)
(6, 12)
(6, 13)
(7, 13)
(8, 13)
(8, 14)
(8, 15)
(9, 15)
(10, 15)
(11, 15)
(12, 15)
(13, 15)
(14, 15)
(14, 16)
(14, 17)
(15, 17)
(16, 17)
(17, 17)
(17, 18)
(17, 19)
(16, 19)
(15, 19)
kaikki ok
Reitin pituus: 13
(14, 15)
(14, 14)
(14, 13)
(13, 13)
(12, 13)
(12, 12)
(12, 11)
(11, 11)
(10, 11)
(9, 11)
(8, 11)
(7, 11)
(6, 11)
(6, 10)
kaikki ok
Reitin pituus: 1
(15, 5)
(16, 5)
kaikki ok
Reitin pituus: 9
(7, 13)
(6, 13)
(6, 12)
(6, 11)
(7, 11)
(8, 11)
(9, 11)
(10, 11)
(11, 11)
(12, 11)
kaikki ok
Reitin pituus: 19
(2, 17)
(1, 17)
(1, 18)
(1, 19)
(2, 19)
(3, 19)
(4, 19)
(5, 19)
(6, 19)
(7, 19)
(8, 19)
(9, 19)
(10, 19)
(11, 19)
(12, 19)
(13, 19)
(14, 19)
(15, 19)
(16, 19)
(17, 19)
kaikki ok
Reitin pituus: 23
(10, 14)
(10, 15)
(9, 15)
(8, 15)
(7, 15)
(6, 15)
(5, 15)
(4, 15)
(4, 14)
(4, 13)
(4, 12)
(4, 11)
(4, 10)
(4, 9)
(4, 8)
(4, 7)
(4, 6)
(4, 5)
(4, 4)
(4, 3)
(4, 2)
(4, 1)
(3, 1)
(2, 1)
kaikki ok
Reitin pituus: 6
(2, 5)
(3, 5)
(4, 5)
(4, 4)
(4, 3)
(4, 2)
(4, 1)
kaikki ok
Reitin pituus: 5
(4, 17)
(4, 16)
(4, 15)
(4, 14)
(4, 13)
(3, 13)
kaikki ok
Reitin pituus: 1
(8, 5)
(7, 5)
kaikki ok
Reitin pituus: 15
(1, 4)
(1, 3)
(2, 3)
(3, 3)
(4, 3)
(5, 3)
(6, 3)
(7, 3)
(8, 3)
(9, 3)
(10, 3)
(10, 2)
(10, 1)
(11, 1)
(12, 1)
(13, 1)
kaikki ok
Reitin pituus: 10
(7, 15)
(6, 15)
(6, 16)
(6, 17)
(7, 17)
(8, 17)
(8, 18)
(8, 19)
(7, 19)
(6, 19)
(5, 19)
kaikki ok
Reitin pituus: 2
(7, 3)
(6, 3)
(5, 3)
kaikki ok
Reitin pituus: 12
(4, 1)
(4, 2)
(4, 3)
(4, 4)
(4, 5)
(4, 6)
(4, 7)
(4, 8)
(4, 9)
(5, 9)
(6, 9)
(6, 10)
(6, 11)
kaikki ok
Reitin pituus: 19
(4, 12)
(4, 13)
(5, 13)
(6, 13)
(7, 13)
(8, 13)
(8, 14)
(8, 15)
(9, 15)
(10, 15)
(11, 15)
(12, 15)
(13, 15)
(14, 15)
(14, 16)
(14, 17)
(15, 17)
(16, 17)
(16, 16)
(16, 15)
kaikki ok
Reitin pituus: 15
(12, 4)
(12, 5)
(11, 5)
(10, 5)
(10, 6)
(10, 7)
(9, 7)
(8, 7)
(7, 7)
(6, 7)
(6, 8)
(6, 9)
(6, 10)
(6, 11)
(7, 11)
(8, 11)
kaikki ok
Reitin pituus: 4
(4, 14)
(4, 13)
(4, 12)
(4, 11)
(4, 10)
kaikki ok
Reitin pituus: 3
(7, 3)
(8, 3)
(8, 2)
(8, 1)
kaikki ok
Reitin pituus: 21
(9, 9)
(9, 8)
(9, 7)
(8, 7)
(7, 7)
(6, 7)
(6, 8)
(6, 9)
(6, 10)
(6, 11)
(6, 12)
(6, 13)
(5, 13)
(4, 13)
(4, 14)
(4, 15)
(4, 16)
(4, 17)
(3, 17)
(2, 17)
(1, 17)
(1, 18)
kaikki ok
Reitin pituus: 6
(11, 1)
(12, 1)
(13, 1)
(14, 1)
(14, 2)
(14, 3)
(14, 4)
kaikki ok
Reitin pituus: 21
(1, 14)
(1, 13)
(2, 13)
(3, 13)
(4, 13)
(5, 13)
(6, 13)
(7, 13)
(8, 13)
(8, 14)
(8, 15)
(9, 15)
(10, 15)
(11, 15)
(12, 15)
(13, 15)
(14, 15)
(14, 16)
(14, 17)
(15, 17)
(16, 17)
(16, 16)
kaikki ok
Reitin pituus: 22
(8, 5)
(8, 6)
(8, 7)
(7, 7)
(6, 7)
(6, 8)
(6, 9)
(6, 10)
(6, 11)
(6, 12)
(6, 13)
(5, 13)
(4, 13)
(4, 14)
(4, 15)
(5, 15)
(6, 15)
(6, 16)
(6, 17)
(7, 17)
(8, 17)
(8, 18)
(8, 19)
kaikki ok
Reitin pituus: 20
(1, 15)
(1, 14)
(1, 13)
(2, 13)
(3, 13)
(4, 13)
(5, 13)
(6, 13)
(6, 12)
(6, 11)
(6, 10)
(6, 9)
(6, 8)
(6, 7)
(7, 7)
(8, 7)
(9, 7)
(10, 7)
(10, 6)
(10, 5)
(11, 5)
kaikki ok
Reitin pituus: 30
(17, 15)
(17, 14)
(17, 13)
(16, 13)
(15, 13)
(14, 13)
(13, 13)
(12, 13)
(12, 12)
(12, 11)
(11, 11)
(10, 11)
(9, 11)
(8, 11)
(7, 11)
(6, 11)
(6, 10)
(6, 9)
(5, 9)
(4, 9)
(4, 8)
(4, 7)
(4, 6)
(4, 5)
(4, 4)
(4, 3)
(3, 3)
(2, 3)
(1, 3)
(1, 2)
(1, 1)
kaikki ok
Reitin pituus: 6
(16, 17)
(17, 17)
(17, 18)
(17, 19)
(16, 19)
(15, 19)
(14, 19)
kaikki ok
Reitin pituus: 27
(5, 19)
(6, 19)
(7, 19)
(8, 19)
(8, 18)
(8, 17)
(7, 17)
(6, 17)
(6, 16)
(6, 15)
(5, 15)
(4, 15)
(4, 14)
(4, 13)
(5, 13)
(6, 13)
(6, 12)
(6, 11)
(6, 10)
(6, 9)
(6, 8)
(6, 7)
(7, 7)
(8, 7)
(9, 7)
(9, 8)
(9, 9)
(10, 9)
kaikki ok
Reitin pituus: 32
(16, 16)
(16, 17)
(15, 17)
(14, 17)
(14, 16)
(14, 15)
(13, 15)
(12, 15)
(11, 15)
(10, 15)
(9, 15)
(8, 15)
(7, 15)
(6, 15)
(5, 15)
(4, 15)
(4, 14)
(4, 13)
(4, 12)
(4, 11)
(4, 10)
(4, 9)
(4, 8)
(4, 7)
(4, 6)
(4, 5)
(4, 4)
(4, 3)
(3, 3)
(2, 3)
(1, 3)
(1, 2)
(1, 1)
kaikki ok
Reitin pituus: 9
(7, 15)
(6, 15)
(5, 15)
(4, 15)
(4, 14)
(4, 13)
(3, 13)
(2, 13)
(1, 13)
(1, 14)
kaikki ok
Reitin pituus: 9
(11, 5)
(12, 5)
(12, 4)
(12, 3)
(13, 3)
(14, 3)
(14, 4)
(14, 5)
(15, 5)
(16, 5)
kaikki ok
Reitin pituus: 10
(6, 8)
(6, 7)
(7, 7)
(8, 7)
(8, 6)
(8, 5)
(7, 5)
(6, 5)
(6, 4)
(6, 3)
(7, 3)
kaikki ok
Reitin pituus: 13
(13, 13)
(12, 13)
(12, 12)
(12, 11)
(12, 10)
(12, 9)
(12, 8)
(12, 7)
(11, 7)
(10, 7)
(9, 7)
(9, 8)
(9, 9)
(8, 9)
kaikki ok
Reitin pituus: 26
(1, 3)
(2, 3)
(3, 3)
(4, 3)
(4, 4)
(4, 5)
(4, 6)
(4, 7)
(4, 8)
(4, 9)
(4, 10)
(4, 11)
(4, 12)
(4, 13)
(4, 14)
(4, 15)
(5, 15)
(6, 15)
(7, 15)
(8, 15)
(9, 15)
(10, 15)
(11, 15)
(12, 15)
(12, 16)
(12, 17)
(11, 17)
kaikki ok
Reitin pituus: 1
(14, 5)
(14, 4)
kaikki ok
Reitin pituus: 7
(2, 13)
(3, 13)
(4, 13)
(5, 13)
(6, 13)
(6, 12)
(6, 11)
(7, 11)
kaikki ok
Reitin pituus: 13
(14, 13)
(14, 14)
(14, 15)
(14, 16)
(14, 17)
(15, 17)
(16, 17)
(17, 17)
(17, 18)
(17, 19)
(16, 19)
(15, 19)
(14, 19)
(13, 19)
kaikki ok
Reitin pituus: 8
(2, 17)
(3, 17)
(4, 17)
(4, 16)
(4, 15)
(4, 14)
(4, 13)
(4, 12)
(4, 11)
kaikki ok
Reitin pituus: 24
(7, 19)
(8, 19)
(9, 19)
(10, 19)
(10, 18)
(10, 17)
(11, 17)
(12, 17)
(12, 16)
(12, 15)
(13, 15)
(14, 15)
(14, 14)
(14, 13)
(14, 12)
(14, 11)
(14, 10)
(14, 9)
(14, 8)
(14, 7)
(14, 6)
(14, 5)
(15, 5)
(16, 5)
(17, 5)
kaikki ok
Reitin pituus: 22
(1, 18)
(1, 17)
(2, 17)
(3, 17)
(4, 17)
(4, 16)
(4, 15)
(4, 14)
(4, 13)
(5, 13)
(6, 13)
(6, 12)
(6, 11)
(6, 10)
(6, 9)
(6, 8)
(6, 7)
(7, 7)
(8, 7)
(9, 7)
(9, 8)
(9, 9)
(10, 9)
kaikki ok
Reitin pituus: 5
(13, 3)
(14, 3)
(14, 4)
(14, 5)
(15, 5)
(16, 5)
kaikki ok
Reitin pituus: 10
(10, 3)
(9, 3)
(8, 3)
(8, 2)
(8, 1)
(7, 1)
(6, 1)
(5, 1)
(4, 1)
(3, 1)
(2, 1)
kaikki ok
Reitin pituus: 7
(12, 15)
(12, 16)
(12, 17)
(11, 17)
(10, 17)
(10, 18)
(10, 19)
(9, 19)
kaikki ok
Reitin pituus: 3
(2, 17)
(3, 17)
(4, 17)
(4, 16)
kaikki ok
Reitin pituus: 15
(10, 5)
(10, 6)
(10, 7)
(9, 7)
(8, 7)
(8, 6)
(8, 5)
(7, 5)
(6, 5)
(6, 4)
(6, 3)
(5, 3)
(4, 3)
(4, 4)
(4, 5)
(3, 5)
kaikki ok
Reitin pituus: 21
(1, 13)
(2, 13)
(3, 13)
(4, 13)
(5, 13)
(6, 13)
(7, 13)
(8, 13)
(8, 14)
(8, 15)
(9, 15)
(10, 15)
(11, 15)
(12, 15)
(13, 15)
(14, 15)
(14, 16)
(14, 17)
(15, 17)
(16, 17)
(17, 17)
(17, 18)
kaikki ok
Reitin pituus: 15
(8, 7)
(7, 7)
(6, 7)
(6, 8)
(6, 9)
(5, 9)
(4, 9)
(4, 10)
(4, 11)
(4, 12)
(4, 13)
(3, 13)
(2, 13)
(1, 13)
(1, 14)
(1, 15)
kaikki ok
Reitin pituus: 8
(10, 6)
(10, 5)
(11, 5)
(12, 5)
(12, 4)
(12, 3)
(11, 3)
(10, 3)
(10, 2)
kaikki ok
Reitin pituus: 18
(4, 14)
(4, 15)
(5, 15)
(6, 15)
(6, 16)
(6, 17)
(7, 17)
(8, 17)
(8, 18)
(8, 19)
(9, 19)
(10, 19)
(11, 19)
(12, 19)
(13, 19)
(14, 19)
(15, 19)
(16, 19)
(17, 19)
kaikki ok
Reitin pituus: 11
(8, 6)
(8, 5)
(7, 5)
(6, 5)
(6, 4)
(6, 3)
(5, 3)
(4, 3)
(4, 2)
(4, 1)
(3, 1)
(2, 1)
kaikki ok
Reitin pituus: 15
(17, 4)
(17, 5)
(16, 5)
(15, 5)
(14, 5)
(14, 6)
(14, 7)
(14, 8)
(14, 9)
(13, 9)
(12, 9)
(12, 10)
(12, 11)
(12, 12)
(12, 13)
(11, 13)
kaikki ok
Reitin pituus: 18
(17, 1)
(16, 1)
(15, 1)
(14, 1)
(13, 1)
(12, 1)
(11, 1)
(10, 1)
(10, 2)
(10, 3)
(9, 3)
(8, 3)
(7, 3)
(6, 3)
(5, 3)
(4, 3)
(3, 3)
(2, 3)
(1, 3)
kaikki ok
Reitin pituus: 17
(10, 1)
(10, 2)
(10, 3)
(9, 3)
(8, 3)
(7, 3)
(6, 3)
(5, 3)
(4, 3)
(4, 4)
(4, 5)
(4, 6)
(4, 7)
(4, 8)
(4, 9)
(4, 10)
(4, 11)
(4, 12)
kaikki ok
Reitin pituus: 9
(1, 2)
(1, 3)
(2, 3)
(3, 3)
(4, 3)
(5, 3)
(6, 3)
(7, 3)
(8, 3)
(8, 2)
kaikki ok
Reitin pituus: 27
(5, 19)
(6, 19)
(7, 19)
(8, 19)
(8, 18)
(8, 17)
(7, 17)
(6, 17)
(6, 16)
(6, 15)
(5, 15)
(4, 15)
(4, 14)
(4, 13)
(5, 13)
(6, 13)
(6, 12)
(6, 11)
(6, 10)
(6, 9)
(6, 8)
(6, 7)
(7, 7)
(8, 7)
(9, 7)
(9, 8)
(9, 9)
(8, 9)
kaikki ok
Reitin pituus: 6
(14, 16)
(14, 15)
(14, 14)
(14, 13)
(13, 13)
(12, 13)
(12, 12)
kaikki ok
Reitin pituus: 3
(14, 13)
(14, 14)
(14, 15)
(14, 16)
kaikki ok
Reitin pituus: 16
(14, 16)
(14, 15)
(13, 15)
(12, 15)
(11, 15)
(10, 15)
(9, 15)
(8, 15)
(7, 15)
(6, 15)
(5, 15)
(4, 15)
(4, 14)
(4, 13)
(4, 12)
(4, 11)
(4, 10)
kaikki ok
Reitin pituus: 2
(14, 1)
(14, 2)
(14, 3)
kaikki ok
Reitin pituus: 9
(10, 3)
(9, 3)
(8, 3)
(8, 2)
(8, 1)
(7, 1)
(6, 1)
(5, 1)
(4, 1)
(3, 1)
kaikki ok
Reitin pituus: 15
(16, 5)
(15, 5)
(14, 5)
(14, 4)
(14, 3)
(13, 3)
(12, 3)
(11, 3)
(10, 3)
(9, 3)
(8, 3)
(7, 3)
(6, 3)
(5, 3)
(4, 3)
(4, 2)
kaikki ok
Reitin pituus: 19
(10, 19)
(10, 18)
(10, 17)
(11, 17)
(12, 17)
(12, 16)
(12, 15)
(13, 15)
(14, 15)
(14, 14)
(14, 13)
(14, 12)
(14, 11)
(14, 10)
(14, 9)
(13, 9)
(12, 9)
(12, 8)
(12, 7)
(11, 7)
kaikki ok
Reitin pituus: 14
(11, 5)
(10, 5)
(10, 6)
(10, 7)
(9, 7)
(8, 7)
(7, 7)
(6, 7)
(6, 8)
(6, 9)
(6, 10)
(6, 11)
(6, 12)
(6, 13)
(7, 13)
kaikki ok
Reitin pituus: 13
(6, 13)
(7, 13)
(8, 13)
(8, 14)
(8, 15)
(7, 15)
(6, 15)
(6, 16)
(6, 17)
(7, 17)
(8, 17)
(8, 18)
(8, 19)
(7, 19)
kaikki ok
Reitin pituus: 12
(14, 16)
(14, 15)
(14, 14)
(14, 13)
(14, 12)
(14, 11)
(14, 10)
(14, 9)
(14, 8)
(14, 7)
(14, 6)
(14, 5)
(14, 4)
kaikki ok
Reitin pituus: 8
(4, 17)
(4, 16)
(4, 15)
(5, 15)
(6, 15)
(7, 15)
(8, 15)
(9, 15)
(10, 15)
kaikki ok
Reitin pituus: 11
(12, 7)
(11, 7)
(10, 7)
(9, 7)
(8, 7)
(7, 7)
(6, 7)
(6, 8)
(6, 9)
(5, 9)
(4, 9)
(4, 10)
kaikki ok
Reitin pituus: 3
(4, 16)
(4, 17)
(3, 17)
(2, 17)
kaikki ok
Reitin pituus: 12
(10, 14)
(10, 15)
(11, 15)
(12, 15)
(13, 15)
(14, 15)
(14, 16)
(14, 17)
(15, 17)
(16, 17)
(17, 17)
(17, 18)
(17, 19)
kaikki ok
Reitin pituus: 2
(4, 2)
(4, 1)
(5, 1)
kaikki ok
Reitin pituus: 14
(4, 5)
(4, 6)
(4, 7)
(4, 8)
(4, 9)
(4, 10)
(4, 11)
(4, 12)
(4, 13)
(3, 13)
(2, 13)
(1, 13)
(1, 14)
(1, 15)
(2, 15)
kaikki ok
Reitin pituus: 26
(1, 2)
(1, 3)
(1, 4)
(1, 5)
(2, 5)
(3, 5)
(4, 5)
(4, 6)
(4, 7)
(4, 8)
(4, 9)
(4, 10)
(4, 11)
(4, 12)
(4, 13)
(4, 14)
(4, 15)
(5, 15)
(6, 15)
(6, 16)
(6, 17)
(7, 17)
(8, 17)
(8, 18)
(8, 19)
(7, 19)
(6, 19)
kaikki ok
Reitin pituus: 19
(10, 19)
(9, 19)
(8, 19)
(8, 18)
(8, 17)
(7, 17)
(6, 17)
(6, 16)
(6, 15)
(5, 15)
(4, 15)
(4, 14)
(4, 13)
(4, 12)
(4, 11)
(4, 10)
(4, 9)
(4, 8)
(4, 7)
(4, 6)
kaikki ok
Reitin pituus: 17
(11, 17)
(12, 17)
(12, 16)
(12, 15)
(11, 15)
(10, 15)
(9, 15)
(8, 15)
(8, 14)
(8, 13)
(7, 13)
(6, 13)
(6, 12)
(6, 11)
(6, 10)
(6, 9)
(6, 8)
(6, 7)
kaikki ok
Reitin pituus: 27
(4, 3)
(5, 3)
(6, 3)
(6, 4)
(6, 5)
(7, 5)
(8, 5)
(8, 6)
(8, 7)
(9, 7)
(10, 7)
(11, 7)
(12, 7)
(12, 8)
(12, 9)
(12, 10)
(12, 11)
(12, 12)
(12, 13)
(13, 13)
(14, 13)
(14, 14)
(14, 15)
(14, 16)
(14, 17)
(15, 17)
(16, 17)
(17, 17)
kaikki ok
Reitin pituus: 8
(7, 13)
(6, 13)
(5, 13)
(4, 13)
(3, 13)
(2, 13)
(1, 13)
(1, 14)
(1, 15)
kaikki ok
Reitin pituus: 9
(9, 8)
(9, 7)
(8, 7)
(7, 7)
(6, 7)
(6, 8)
(6, 9)
(5, 9)
(4, 9)
(4, 10)
kaikki ok
Reitin pituus: 18
(4, 6)
(4, 7)
(4, 8)
(4, 9)
(5, 9)
(6, 9)
(6, 10)
(6, 11)
(7, 11)
(8, 11)
(9, 11)
(10, 11)
(11, 11)
(12, 11)
(12, 12)
(12, 13)
(13, 13)
(14, 13)
(14, 14)
kaikki ok
Reitin pituus: 16
(14, 7)
(14, 8)
(14, 9)
(13, 9)
(12, 9)
(12, 10)
(12, 11)
(11, 11)
(10, 11)
(9, 11)
(8, 11)
(7, 11)
(6, 11)
(6, 12)
(6, 13)
(7, 13)
(8, 13)
kaikki ok
Reitin pituus: 17
(2, 1)
(3, 1)
(4, 1)
(4, 2)
(4, 3)
(4, 4)
(4, 5)
(4, 6)
(4, 7)
(4, 8)
(4, 9)
(5, 9)
(6, 9)
(6, 10)
(6, 11)
(7, 11)
(8, 11)
(9, 11)
kaikki ok
Reitin pituus: 9
(2, 13)
(3, 13)
(4, 13)
(5, 13)
(6, 13)
(6, 12)
(6, 11)
(6, 10)
(6, 9)
(6, 8)
kaikki ok
Reitin pituus: 7
(12, 15)
(11, 15)
(10, 15)
(10, 14)
(10, 13)
(11, 13)
(12, 13)
(12, 12)
kaikki ok
Reitin pituus: 18
(5, 9)
(6, 9)
(6, 10)
(6, 11)
(6, 12)
(6, 13)
(7, 13)
(8, 13)
(8, 14)
(8, 15)
(9, 15)
(10, 15)
(11, 15)
(12, 15)
(12, 16)
(12, 17)
(11, 17)
(10, 17)
(10, 18)
kaikki ok
Reitin pituus: 15
(1, 13)
(2, 13)
(3, 13)
(4, 13)
(4, 12)
(4, 11)
(4, 10)
(4, 9)
(4, 8)
(4, 7)
(4, 6)
(4, 5)
(4, 4)
(4, 3)
(4, 2)
(4, 1)
kaikki ok
Reitin pituus: 9
(14, 5)
(14, 6)
(14, 7)
(14, 8)
(14, 9)
(13, 9)
(12, 9)
(12, 10)
(12, 11)
(12, 12)
kaikki ok
Reitin pituus: 7
(14, 9)
(14, 8)
(14, 7)
(14, 6)
(14, 5)
(14, 4)
(14, 3)
(13, 3)
kaikki ok
Reitin pituus: 11
(13, 3)
(12, 3)
(11, 3)
(10, 3)
(9, 3)
(8, 3)
(7, 3)
(6, 3)
(5, 3)
(4, 3)
(4, 2)
(4, 1)
kaikki ok
Reitin pituus: 9
(2, 13)
(3, 13)
(4, 13)
(4, 14)
(4, 15)
(5, 15)
(6, 15)
(7, 15)
(8, 15)
(9, 15)
kaikki ok
Reitin pituus: 4
(4, 11)
(4, 12)
(4, 13)
(5, 13)
(6, 13)
kaikki ok
Reitin pituus: 14
(17, 19)
(17, 18)
(17, 17)
(16, 17)
(15, 17)
(14, 17)
(14, 16)
(14, 15)
(14, 14)
(14, 13)
(13, 13)
(12, 13)
(12, 12)
(12, 11)
(11, 11)
kaikki ok
Reitin pituus: 24
(4, 5)
(4, 6)
(4, 7)
(4, 8)
(4, 9)
(5, 9)
(6, 9)
(6, 10)
(6, 11)
(7, 11)
(8, 11)
(9, 11)
(10, 11)
(11, 11)
(12, 11)
(12, 12)
(12, 13)
(13, 13)
(14, 13)
(15, 13)
(16, 13)
(17, 13)
(17, 14)
(17, 15)
(16, 15)
kaikki ok
Reitin pituus: 16
(1, 15)
(2, 15)
(2, 16)
(2, 17)
(3, 17)
(4, 17)
(4, 16)
(4, 15)
(5, 15)
(6, 15)
(7, 15)
(8, 15)
(9, 15)
(10, 15)
(11, 15)
(12, 15)
(12, 16)
kaikki ok
Reitin pituus: 19
(17, 13)
(16, 13)
(15, 13)
(14, 13)
(13, 13)
(12, 13)
(12, 12)
(12, 11)
(11, 11)
(10, 11)
(9, 11)
(8, 11)
(7, 11)
(6, 11)
(6, 12)
(6, 13)
(5, 13)
(4, 13)
(3, 13)
(2, 13)
kaikki ok
Reitin pituus: 28
(8, 18)
(8, 19)
(9, 19)
(10, 19)
(10, 18)
(10, 17)
(11, 17)
(12, 17)
(12, 16)
(12, 15)
(13, 15)
(14, 15)
(14, 14)
(14, 13)
(14, 12)
(14, 11)
(14, 10)
(14, 9)
(14, 8)
(14, 7)
(14, 6)
(14, 5)
(14, 4)
(14, 3)
(14, 2)
(14, 1)
(15, 1)
(16, 1)
(17, 1)
kaikki ok
Reitin pituus: 10
(8, 6)
(8, 7)
(9, 7)
(10, 7)
(11, 7)
(12, 7)
(12, 8)
(12, 9)
(12, 10)
(12, 11)
(12, 12)
kaikki ok
Reitin pituus: 16
(2, 15)
(2, 16)
(2, 17)
(3, 17)
(4, 17)
(4, 16)
(4, 15)
(5, 15)
(6, 15)
(7, 15)
(8, 15)
(9, 15)
(10, 15)
(11, 15)
(12, 15)
(13, 15)
(14, 15)
kaikki ok
Reitin pituus: 9
(6, 13)
(5, 13)
(4, 13)
(4, 14)
(4, 15)
(4, 16)
(4, 17)
(3, 17)
(2, 17)
(1, 17)
kaikki ok
Reitin pituus: 10
(13, 9)
(14, 9)
(14, 10)
(14, 11)
(14, 12)
(14, 13)
(14, 14)
(14, 15)
(14, 16)
(14, 17)
(15, 17)
kaikki ok
Reitin pituus: 19
(2, 17)
(3, 17)
(4, 17)
(4, 16)
(4, 15)
(5, 15)
(6, 15)
(7, 15)
(8, 15)
(9, 15)
(10, 15)
(11, 15)
(12, 15)
(13, 15)
(14, 15)
(14, 14)
(14, 13)
(15, 13)
(16, 13)
(17, 13)
kaikki ok
Reitin pituus: 17
(10, 5)
(10, 6)
(10, 7)
(9, 7)
(8, 7)
(8, 6)
(8, 5)
(7, 5)
(6, 5)
(6, 4)
(6, 3)
(5, 3)
(4, 3)
(3, 3)
(2, 3)
(1, 3)
(1, 4)
(1, 5)
kaikki ok
Reitin pituus: 28
(3, 3)
(4, 3)
(4, 4)
(4, 5)
(4, 6)
(4, 7)
(4, 8)
(4, 9)
(4, 10)
(4, 11)
(4, 12)
(4, 13)
(4, 14)
(4, 15)
(5, 15)
(6, 15)
(6, 16)
(6, 17)
(7, 17)
(8, 17)
(8, 18)
(8, 19)
(9, 19)
(10, 19)
(11, 19)
(12, 19)
(13, 19)
(14, 19)
(15, 19)
kaikki ok
Reitin pituus: 12
(9, 8)
(9, 7)
(8, 7)
(8, 6)
(8, 5)
(7, 5)
(6, 5)
(6, 4)
(6, 3)
(7, 3)
(8, 3)
(8, 2)
(8, 1)
kaikki ok
Reitin pituus: 27
(11, 1)
(12, 1)
(13, 1)
(14, 1)
(14, 2)
(14, 3)
(14, 4)
(14, 5)
(14, 6)
(14, 7)
(14, 8)
(14, 9)
(14, 10)
(14, 11)
(14, 12)
(14, 13)
(14, 14)
(14, 15)
(13, 15)
(12, 15)
(12, 16)
(12, 17)
(11, 17)
(10, 17)
(10, 18)
(10, 19)
(11, 19)
(12, 19)
kaikki ok
Reitin pituus: 10
(12, 12)
(12, 11)
(12, 10)
(12, 9)
(12, 8)
(12, 7)
(11, 7)
(10, 7)
(10, 6)
(10, 5)
(11, 5)
kaikki ok
Reitin pituus: 12
(8, 2)
(8, 3)
(9, 3)
(10, 3)
(11, 3)
(12, 3)
(13, 3)
(14, 3)
(14, 4)
(14, 5)
(14, 6)
(14, 7)
(14, 8)
kaikki ok
Reitin pituus: 11
(12, 7)
(12, 8)
(12, 9)
(13, 9)
(14, 9)
(14, 8)
(14, 7)
(14, 6)
(14, 5)
(15, 5)
(16, 5)
(17, 5)
kaikki ok
Reitin pituus: 13
(1, 13)
(2, 13)
(3, 13)
(4, 13)
(4, 12)
(4, 11)
(4, 10)
(4, 9)
(5, 9)
(6, 9)
(6, 8)
(6, 7)
(7, 7)
(8, 7)
kaikki ok
Reitin pituus: 1
(8, 2)
(8, 3)
kaikki ok
Reitin pituus: 18
(6, 4)
(6, 5)
(7, 5)
(8, 5)
(8, 6)
(8, 7)
(7, 7)
(6, 7)
(6, 8)
(6, 9)
(6, 10)
(6, 11)
(6, 12)
(6, 13)
(7, 13)
(8, 13)
(8, 14)
(8, 15)
(9, 15)
kaikki ok
Reitin pituus: 21
(3, 13)
(4, 13)
(5, 13)
(6, 13)
(6, 12)
(6, 11)
(6, 10)
(6, 9)
(6, 8)
(6, 7)
(7, 7)
(8, 7)
(9, 7)
(10, 7)
(10, 6)
(10, 5)
(11, 5)
(12, 5)
(12, 4)
(12, 3)
(13, 3)
(14, 3)
kaikki ok
Reitin pituus: 20
(15, 1)
(14, 1)
(14, 2)
(14, 3)
(13, 3)
(12, 3)
(12, 4)
(12, 5)
(11, 5)
(10, 5)
(10, 6)
(10, 7)
(9, 7)
(8, 7)
(7, 7)
(6, 7)
(6, 8)
(6, 9)
(6, 10)
(6, 11)
(6, 12)
kaikki ok
Reitin pituus: 6
(3, 19)
(4, 19)
(5, 19)
(6, 19)
(7, 19)
(8, 19)
(8, 18)
kaikki ok
Reitin pituus: 24
(17, 1)
(17, 2)
(17, 3)
(17, 4)
(17, 5)
(16, 5)
(15, 5)
(14, 5)
(14, 6)
(14, 7)
(14, 8)
(14, 9)
(14, 10)
(14, 11)
(14, 12)
(14, 13)
(14, 14)
(14, 15)
(14, 16)
(14, 17)
(15, 17)
(16, 17)
(17, 17)
(17, 18)
(17, 19)
kaikki ok
Reitin pituus: 11
(14, 11)
(14, 10)
(14, 9)
(14, 8)
(14, 7)
(14, 6)
(14, 5)
(14, 4)
(14, 3)
(14, 2)
(14, 1)
(13, 1)
kaikki ok
Reitin pituus: 23
(16, 1)
(15, 1)
(14, 1)
(14, 2)
(14, 3)
(14, 4)
(14, 5)
(14, 6)
(14, 7)
(14, 8)
(14, 9)
(14, 10)
(14, 11)
(14, 12)
(14, 13)
(14, 14)
(14, 15)
(13, 15)
(12, 15)
(12, 16)
(12, 17)
(11, 17)
(10, 17)
(10, 18)
kaikki ok
Reitin pituus: 22
(1, 5)
(2, 5)
(3, 5)
(4, 5)
(4, 6)
(4, 7)
(4, 8)
(4, 9)
(4, 10)
(4, 11)
(4, 12)
(4, 13)
(4, 14)
(4, 15)
(5, 15)
(6, 15)
(6, 16)
(6, 17)
(7, 17)
(8, 17)
(8, 18)
(8, 19)
(9, 19)
kaikki ok
Reitin pituus: 12
(8, 9)
(9, 9)
(9, 8)
(9, 7)
(8, 7)
(7, 7)
(6, 7)
(6, 8)
(6, 9)
(6, 10)
(6, 11)
(6, 12)
(6, 13)
kaikki ok
Reitin pituus: 12
(14, 14)
(14, 15)
(13, 15)
(12, 15)
(11, 15)
(10, 15)
(9, 15)
(8, 15)
(7, 15)
(6, 15)
(5, 15)
(4, 15)
(4, 16)
kaikki ok
Reitin pituus: 5
(8, 3)
(9, 3)
(10, 3)
(10, 2)
(10, 1)
(11, 1)
kaikki ok
Reitin pituus: 22
(14, 1)
(14, 2)
(14, 3)
(14, 4)
(14, 5)
(14, 6)
(14, 7)
(14, 8)
(14, 9)
(13, 9)
(12, 9)
(12, 10)
(12, 11)
(12, 12)
(12, 13)
(11, 13)
(10, 13)
(10, 14)
(10, 15)
(9, 15)
(8, 15)
(7, 15)
(6, 15)
kaikki ok
Reitin pituus: 8
(7, 3)
(6, 3)
(5, 3)
(4, 3)
(4, 2)
(4, 1)
(3, 1)
(2, 1)
(1, 1)
kaikki ok
Reitin pituus: 23
(11, 3)
(10, 3)
(9, 3)
(8, 3)
(7, 3)
(6, 3)
(5, 3)
(4, 3)
(4, 4)
(4, 5)
(4, 6)
(4, 7)
(4, 8)
(4, 9)
(4, 10)
(4, 11)
(4, 12)
(4, 13)
(4, 14)
(4, 15)
(4, 16)
(4, 17)
(3, 17)
(2, 17)
kaikki ok
Reitin pituus: 9
(3, 17)
(4, 17)
(4, 16)
(4, 15)
(4, 14)
(4, 13)
(4, 12)
(4, 11)
(4, 10)
(4, 9)
kaikki ok
Reitin pituus: 11
(4, 8)
(4, 7)
(4, 6)
(4, 5)
(4, 4)
(4, 3)
(5, 3)
(6, 3)
(7, 3)
(8, 3)
(8, 2)
(8, 1)
kaikki ok
Reitin pituus: 13
(6, 4)
(6, 3)
(7, 3)
(8, 3)
(9, 3)
(10, 3)
(11, 3)
(12, 3)
(13, 3)
(14, 3)
(14, 4)
(14, 5)
(15, 5)
(16, 5)
kaikki ok
Reitin pituus: 12
(9, 19)
(8, 19)
(8, 18)
(8, 17)
(7, 17)
(6, 17)
(6, 16)
(6, 15)
(5, 15)
(4, 15)
(4, 14)
(4, 13)
(4, 12)
kaikki ok
Reitin pituus: 21
(14, 5)
(14, 6)
(14, 7)
(14, 8)
(14, 9)
(13, 9)
(12, 9)
(12, 10)
(12, 11)
(12, 12)
(12, 13)
(11, 13)
(10, 13)
(10, 14)
(10, 15)
(9, 15)
(8, 15)
(7, 15)
(6, 15)
(6, 16)
(6, 17)
(7, 17)
kaikki ok
Reitin pituus: 15
(1, 13)
(2, 13)
(3, 13)
(4, 13)
(5, 13)
(6, 13)
(6, 12)
(6, 11)
(7, 11)
(8, 11)
(9, 11)
(10, 11)
(11, 11)
(12, 11)
(12, 10)
(12, 9)
kaikki ok
Reitin pituus: 20
(1, 19)
(1, 18)
(1, 17)
(2, 17)
(3, 17)
(4, 17)
(4, 16)
(4, 15)
(5, 15)
(6, 15)
(7, 15)
(8, 15)
(9, 15)
(10, 15)
(11, 15)
(12, 15)
(13, 15)
(14, 15)
(14, 14)
(14, 13)
(15, 13)
kaikki ok
Reitin pituus: 12
(8, 11)
(7, 11)
(6, 11)
(6, 10)
(6, 9)
(6, 8)
(6, 7)
(7, 7)
(8, 7)
(9, 7)
(9, 8)
(9, 9)
(8, 9)
kaikki ok
Reitin pituus: 6
(14, 6)
(14, 5)
(14, 4)
(14, 3)
(14, 2)
(14, 1)
(15, 1)
kaikki ok
Reitin pituus: 21
(2, 5)
(3, 5)
(4, 5)
(4, 6)
(4, 7)
(4, 8)
(4, 9)
(4, 10)
(4, 11)
(4, 12)
(4, 13)
(4, 14)
(4, 15)
(4, 16)
(4, 17)
(3, 17)
(2, 17)
(1, 17)
(1, 18)
(1, 19)
(2, 19)
(3, 19)
kaikki ok
Reitin pituus: 23
(1, 17)
(2, 17)
(3, 17)
(4, 17)
(4, 16)
(4, 15)
(4, 14)
(4, 13)
(4, 12)
(4, 11)
(4, 10)
(4, 9)
(4, 8)
(4, 7)
(4, 6)
(4, 5)
(4, 4)
(4, 3)
(5, 3)
(6, 3)
(7, 3)
(8, 3)
(9, 3)
(10, 3)
kaikki ok
Reitin pituus: 26
(6, 17)
(6, 16)
(6, 15)
(7, 15)
(8, 15)
(9, 15)
(10, 15)
(10, 14)
(10, 13)
(11, 13)
(12, 13)
(12, 12)
(12, 11)
(12, 10)
(12, 9)
(13, 9)
(14, 9)
(14, 8)
(14, 7)
(14, 6)
(14, 5)
(14, 4)
(14, 3)
(14, 2)
(14, 1)
(13, 1)
(12, 1)
kaikki ok
Reitin pituus: 22
(1, 4)
(1, 5)
(2, 5)
(3, 5)
(4, 5)
(4, 6)
(4, 7)
(4, 8)
(4, 9)
(5, 9)
(6, 9)
(6, 10)
(6, 11)
(6, 12)
(6, 13)
(7, 13)
(8, 13)
(8, 14)
(8, 15)
(9, 15)
(10, 15)
(10, 14)
(10, 13)
kaikki ok
Reitin pituus: 24
(10, 13)
(11, 13)
(12, 13)
(12, 12)
(12, 11)
(12, 10)
(12, 9)
(12, 8)
(12, 7)
(11, 7)
(10, 7)
(10, 6)
(10, 5)
(11, 5)
(12, 5)
(12, 4)
(12, 3)
(11, 3)
(10, 3)
(9, 3)
(8, 3)
(8, 2)
(8, 1)
(7, 1)
(6, 1)
kaikki ok
Reitin pituus: 21
(10, 19)
(10, 18)
(10, 17)
(11, 17)
(12, 17)
(12, 16)
(12, 15)
(13, 15)
(14, 15)
(14, 14)
(14, 13)
(14, 12)
(14, 11)
(14, 10)
(14, 9)
(14, 8)
(14, 7)
(14, 6)
(14, 5)
(14, 4)
(14, 3)
(14, 2)
kaikki ok
Reitin pituus: 11
(6, 15)
(7, 15)
(8, 15)
(9, 15)
(10, 15)
(11, 15)
(12, 15)
(13, 15)
(14, 15)
(14, 16)
(14, 17)
(15, 17)
kaikki ok
Reitin pituus: 19
(16, 1)
(15, 1)
(14, 1)
(13, 1)
(12, 1)
(11, 1)
(10, 1)
(10, 2)
(10, 3)
(9, 3)
(8, 3)
(7, 3)
(6, 3)
(5, 3)
(4, 3)
(4, 4)
(4, 5)
(4, 6)
(4, 7)
(4, 8)
kaikki ok
Reitin pituus: 18
(8, 1)
(7, 1)
(6, 1)
(5, 1)
(4, 1)
(4, 2)
(4, 3)
(4, 4)
(4, 5)
(4, 6)
(4, 7)
(4, 8)
(4, 9)
(4, 10)
(4, 11)
(4, 12)
(4, 13)
(4, 14)
(4, 15)
kaikki ok
Reitin pituus: 18
(16, 15)
(16, 16)
(16, 17)
(15, 17)
(14, 17)
(14, 16)
(14, 15)
(13, 15)
(12, 15)
(11, 15)
(10, 15)
(9, 15)
(8, 15)
(8, 14)
(8, 13)
(7, 13)
(6, 13)
(5, 13)
(4, 13)
kaikki ok
Reitin pituus: 31
(3, 19)
(4, 19)
(5, 19)
(6, 19)
(7, 19)
(8, 19)
(9, 19)
(10, 19)
(10, 18)
(10, 17)
(11, 17)
(12, 17)
(12, 16)
(12, 15)
(13, 15)
(14, 15)
(14, 14)
(14, 13)
(14, 12)
(14, 11)
(14, 10)
(14, 9)
(14, 8)
(14, 7)
(14, 6)
(14, 5)
(14, 4)
(14, 3)
(14, 2)
(14, 1)
(13, 1)
(12, 1)
kaikki ok
Reitin pituus: 21
(6, 4)
(6, 5)
(7, 5)
(8, 5)
(8, 6)
(8, 7)
(9, 7)
(10, 7)
(11, 7)
(12, 7)
(12, 8)
(12, 9)
(13, 9)
(14, 9)
(14, 10)
(14, 11)
(14, 12)
(14, 13)
(15, 13)
(16, 13)
(17, 13)
(17, 14)
kaikki ok
Reitin pituus: 15
(17, 1)
(17, 2)
(17, 3)
(16, 3)
(15, 3)
(14, 3)
(13, 3)
(12, 3)
(12, 4)
(12, 5)
(11, 5)
(10, 5)
(10, 6)
(10, 7)
(9, 7)
(9, 8)
kaikki ok
Reitin pituus: 22
(13, 19)
(12, 19)
(11, 19)
(10, 19)
(9, 19)
(8, 19)
(8, 18)
(8, 17)
(7, 17)
(6, 17)
(6, 16)
(6, 15)
(5, 15)
(4, 15)
(4, 14)
(4, 13)
(5, 13)
(6, 13)
(6, 12)
(6, 11)
(6, 10)
(6, 9)
(6, 8)
kaikki ok
Reitin pituus: 14
(10, 19)
(9, 19)
(8, 19)
(8, 18)
(8, 17)
(7, 17)
(6, 17)
(6, 16)
(6, 15)
(5, 15)
(4, 15)
(4, 14)
(4, 13)
(3, 13)
(2, 13)
kaikki ok
Reitin pituus: 9
(10, 5)
(11, 5)
(12, 5)
(12, 4)
(12, 3)
(13, 3)
(14, 3)
(14, 2)
(14, 1)
(15, 1)
kaikki ok
Reitin pituus: 13
(3, 3)
(4, 3)
(5, 3)
(6, 3)
(7, 3)
(8, 3)
(9, 3)
(10, 3)
(11, 3)
(12, 3)
(13, 3)
(14, 3)
(15, 3)
(16, 3)
kaikki ok
Reitin pituus: 10
(12, 7)
(11, 7)
(10, 7)
(9, 7)
(8, 7)
(8, 6)
(8, 5)
(7, 5)
(6, 5)
(6, 4)
(6, 3)
kaikki ok
Reitin pituus: 21
(5, 15)
(4, 15)
(4, 14)
(4, 13)
(5, 13)
(6, 13)
(6, 12)
(6, 11)
(6, 10)
(6, 9)
(6, 8)
(6, 7)
(7, 7)
(8, 7)
(9, 7)
(10, 7)
(10, 6)
(10, 5)
(11, 5)
(12, 5)
(12, 4)
(12, 3)
kaikki ok
Reitin pituus: 17
(14, 5)
(14, 4)
(14, 3)
(13, 3)
(12, 3)
(11, 3)
(10, 3)
(9, 3)
(8, 3)
(7, 3)
(6, 3)
(5, 3)
(4, 3)
(4, 4)
(4, 5)
(3, 5)
(2, 5)
(1, 5)
kaikki ok
Reitin pituus: 14
(17, 3)
(16, 3)
(15, 3)
(14, 3)
(14, 4)
(14, 5)
(14, 6)
(14, 7)
(14, 8)
(14, 9)
(14, 10)
(14, 11)
(14, 12)
(14, 13)
(13, 13)
kaikki ok
Reitin pituus: 5
(10, 9)
(9, 9)
(9, 8)
(9, 7)
(10, 7)
(10, 6)
kaikki ok
Reitin pituus: 9
(12, 15)
(11, 15)
(10, 15)
(9, 15)
(8, 15)
(7, 15)
(6, 15)
(5, 15)
(4, 15)
(4, 16)
kaikki ok
Reitin pituus: 18
(1, 4)
(1, 3)
(2, 3)
(3, 3)
(4, 3)
(5, 3)
(6, 3)
(7, 3)
(8, 3)
(9, 3)
(10, 3)
(11, 3)
(12, 3)
(13, 3)
(14, 3)
(14, 4)
(14, 5)
(14, 6)
(14, 7)
kaikki ok
Reitin pituus: 14
(9, 3)
(8, 3)
(7, 3)
(6, 3)
(6, 4)
(6, 5)
(7, 5)
(8, 5)
(8, 6)
(8, 7)
(7, 7)
(6, 7)
(6, 8)
(6, 9)
(6, 10)
kaikki ok
Reitin pituus: 13
(8, 2)
(8, 3)
(7, 3)
(6, 3)
(5, 3)
(4, 3)
(4, 4)
(4, 5)
(4, 6)
(4, 7)
(4, 8)
(4, 9)
(5, 9)
(6, 9)
kaikki ok
Reitin pituus: 6
(7, 15)
(6, 15)
(5, 15)
(4, 15)
(4, 14)
(4, 13)
(4, 12)
kaikki ok
Reitin pituus: 19
(15, 3)
(14, 3)
(14, 4)
(14, 5)
(14, 6)
(14, 7)
(14, 8)
(14, 9)
(13, 9)
(12, 9)
(12, 10)
(12, 11)
(12, 12)
(12, 13)
(11, 13)
(10, 13)
(10, 14)
(10, 15)
(9, 15)
(8, 15)
kaikki ok
Reitin pituus: 17
(15, 13)
(14, 13)
(14, 14)
(14, 15)
(13, 15)
(12, 15)
(12, 16)
(12, 17)
(11, 17)
(10, 17)
(10, 18)
(10, 19)
(9, 19)
(8, 19)
(7, 19)
(6, 19)
(5, 19)
(4, 19)
kaikki ok
Reitin pituus: 16
(7, 11)
(6, 11)
(6, 12)
(6, 13)
(5, 13)
(4, 13)
(4, 14)
(4, 15)
(4, 16)
(4, 17)
(3, 17)
(2, 17)
(1, 17)
(1, 18)
(1, 19)
(2, 19)
(3, 19)
kaikki ok
Reitin pituus: 15
(11, 1)
(10, 1)
(10, 2)
(10, 3)
(9, 3)
(8, 3)
(7, 3)
(6, 3)
(6, 4)
(6, 5)
(7, 5)
(8, 5)
(8, 6)
(8, 7)
(7, 7)
(6, 7)
kaikki ok
Reitin pituus: 13
(10, 13)
(10, 14)
(10, 15)
(9, 15)
(8, 15)
(8, 14)
(8, 13)
(7, 13)
(6, 13)
(6, 12)
(6, 11)
(6, 10)
(6, 9)
(5, 9)
kaikki ok
Reitin pituus: 20
(14, 9)
(13, 9)
(12, 9)
(12, 8)
(12, 7)
(11, 7)
(10, 7)
(9, 7)
(8, 7)
(8, 6)
(8, 5)
(7, 5)
(6, 5)
(6, 4)
(6, 3)
(5, 3)
(4, 3)
(3, 3)
(2, 3)
(1, 3)
(1, 4)
kaikki ok
Reitin pituus: 8
(12, 16)
(12, 15)
(13, 15)
(14, 15)
(14, 14)
(14, 13)
(13, 13)
(12, 13)
(12, 12)
kaikki ok
Reitin pituus: 26
(17, 18)
(17, 17)
(16, 17)
(15, 17)
(14, 17)
(14, 16)
(14, 15)
(14, 14)
(14, 13)
(14, 12)
(14, 11)
(14, 10)
(14, 9)
(14, 8)
(14, 7)
(14, 6)
(14, 5)
(14, 4)
(14, 3)
(13, 3)
(12, 3)
(11, 3)
(10, 3)
(9, 3)
(8, 3)
(8, 2)
(8, 1)
kaikki ok
Reitin pituus: 17
(4, 16)
(4, 15)
(5, 15)
(6, 15)
(7, 15)
(8, 15)
(9, 15)
(10, 15)
(11, 15)
(12, 15)
(13, 15)
(14, 15)
(14, 16)
(14, 17)
(15, 17)
(16, 17)
(16, 16)
(16, 15)
kaikki ok
Reitin pituus: 20
(8, 3)
(7, 3)
(6, 3)
(5, 3)
(4, 3)
(4, 4)
(4, 5)
(4, 6)
(4, 7)
(4, 8)
(4, 9)
(4, 10)
(4, 11)
(4, 12)
(4, 13)
(4, 14)
(4, 15)
(5, 15)
(6, 15)
(6, 16)
(6, 17)
kaikki ok
Reitin pituus: 29
(2, 3)
(3, 3)
(4, 3)
(4, 4)
(4, 5)
(4, 6)
(4, 7)
(4, 8)
(4, 9)
(4, 10)
(4, 11)
(4, 12)
(4, 13)
(4, 14)
(4, 15)
(5, 15)
(6, 15)
(6, 16)
(6, 17)
(7, 17)
(8, 17)
(8, 18)
(8, 19)
(9, 19)
(10, 19)
(11, 19)
(12, 19)
(13, 19)
(14, 19)
(15, 19)
kaikki ok
Reitin pituus: 17
(12, 8)
(12, 7)
(11, 7)
(10, 7)
(9, 7)
(8, 7)
(8, 6)
(8, 5)
(7, 5)
(6, 5)
(6, 4)
(6, 3)
(5, 3)
(4, 3)
(4, 4)
(4, 5)
(3, 5)
(2, 5)
kaikki ok
Reitin pituus: 13
(6, 1)
(7, 1)
(8, 1)
(8, 2)
(8, 3)
(9, 3)
(10, 3)
(11, 3)
(12, 3)
(13, 3)
(14, 3)
(14, 2)
(14, 1)
(15, 1)
kaikki ok
Reitin pituus: 24
(7, 13)
(6, 13)
(6, 12)
(6, 11)
(7, 11)
(8, 11)
(9, 11)
(10, 11)
(11, 11)
(12, 11)
(12, 10)
(12, 9)
(13, 9)
(14, 9)
(14, 8)
(14, 7)
(14, 6)
(14, 5)
(14, 4)
(14, 3)
(15, 3)
(16, 3)
(17, 3)
(17, 2)
(17, 1)
kaikki ok
Reitin pituus: 16
(14, 4)
(14, 5)
(14, 6)
(14, 7)
(14, 8)
(14, 9)
(14, 10)
(14, 11)
(14, 12)
(14, 13)
(14, 14)
(14, 15)
(13, 15)
(12, 15)
(12, 16)
(12, 17)
(11, 17)
kaikki ok
Reitin pituus: 21
(17, 1)
(17, 2)
(17, 3)
(16, 3)
(15, 3)
(14, 3)
(13, 3)
(12, 3)
(12, 4)
(12, 5)
(11, 5)
(10, 5)
(10, 6)
(10, 7)
(9, 7)
(8, 7)
(7, 7)
(6, 7)
(6, 8)
(6, 9)
(6, 10)
(6, 11)
kaikki ok
Reitin pituus: 4
(9, 15)
(10, 15)
(10, 14)
(10, 13)
(11, 13)
kaikki ok
Reitin pituus: 12
(8, 1)
(8, 2)
(8, 3)
(9, 3)
(10, 3)
(11, 3)
(12, 3)
(13, 3)
(14, 3)
(14, 4)
(14, 5)
(15, 5)
(16, 5)
kaikki ok
Reitin pituus: 12
(4, 12)
(4, 11)
(4, 10)
(4, 9)
(4, 8)
(4, 7)
(4, 6)
(4, 5)
(4, 4)
(4, 3)
(5, 3)
(6, 3)
(6, 4)
kaikki ok
Reitin pituus: 14
(5, 15)
(6, 15)
(7, 15)
(8, 15)
(9, 15)
(10, 15)
(11, 15)
(12, 15)
(13, 15)
(14, 15)
(14, 14)
(14, 13)
(15, 13)
(16, 13)
(17, 13)
kaikki ok
Reitin pituus: 9
(8, 15)
(8, 14)
(8, 13)
(7, 13)
(6, 13)
(6, 12)
(6, 11)
(7, 11)
(8, 11)
(9, 11)
kaikki ok
Reitin pituus: 24
(5, 1)
(4, 1)
(4, 2)
(4, 3)
(4, 4)
(4, 5)
(4, 6)
(4, 7)
(4, 8)
(4, 9)
(4, 10)
(4, 11)
(4, 12)
(4, 13)
(4, 14)
(4, 15)
(5, 15)
(6, 15)
(6, 16)
(6, 17)
(7, 17)
(8, 17)
(8, 18)
(8, 19)
(7, 19)
kaikki ok
Reitin pituus: 16
(15, 3)
(14, 3)
(14, 4)
(14, 5)
(14, 6)
(14, 7)
(14, 8)
(14, 9)
(14, 10)
(14, 11)
(14, 12)
(14, 13)
(14, 14)
(14, 15)
(13, 15)
(12, 15)
(12, 16)
kaikki ok
Reitin pituus: 23
(13, 13)
(12, 13)
(12, 12)
(12, 11)
(11, 11)
(10, 11)
(9, 11)
(8, 11)
(7, 11)
(6, 11)
(6, 10)
(6, 9)
(5, 9)
(4, 9)
(4, 8)
(4, 7)
(4, 6)
(4, 5)
(3, 5)
(2, 5)
(1, 5)
(1, 4)
(1, 3)
(1, 2)
kaikki ok
Reitin pituus: 7
(12, 5)
(12, 4)
(12, 3)
(11, 3)
(10, 3)
(10, 2)
(10, 1)
(11, 1)
kaikki ok
Reitin pituus: 5
(15, 3)
(14, 3)
(13, 3)
(12, 3)
(12, 4)
(12, 5)
kaikki ok
Reitin pituus: 13
(10, 18)
(10, 17)
(11, 17)
(12, 17)
(12, 16)
(12, 15)
(11, 15)
(10, 15)
(9, 15)
(8, 15)
(8, 14)
(8, 13)
(7, 13)
(6, 13)
kaikki ok
Reitin pituus: 16
(5, 3)
(4, 3)
(4, 4)
(4, 5)
(4, 6)
(4, 7)
(4, 8)
(4, 9)
(5, 9)
(6, 9)
(6, 10)
(6, 11)
(7, 11)
(8, 11)
(9, 11)
(10, 11)
(11, 11)
kaikki ok
Reitin pituus: 26
(5, 15)
(6, 15)
(7, 15)
(8, 15)
(9, 15)
(10, 15)
(11, 15)
(12, 15)
(13, 15)
(14, 15)
(14, 14)
(14, 13)
(14, 12)
(14, 11)
(14, 10)
(14, 9)
(14, 8)
(14, 7)
(14, 6)
(14, 5)
(15, 5)
(16, 5)
(17, 5)
(17, 4)
(17, 3)
(17, 2)
(17, 1)
kaikki ok
Reitin pituus: 5
(8, 9)
(9, 9)
(9, 8)
(9, 7)
(10, 7)
(10, 6)
kaikki ok
Reitin pituus: 25
(10, 19)
(9, 19)
(8, 19)
(8, 18)
(8, 17)
(7, 17)
(6, 17)
(6, 16)
(6, 15)
(5, 15)
(4, 15)
(4, 14)
(4, 13)
(4, 12)
(4, 11)
(4, 10)
(4, 9)
(4, 8)
(4, 7)
(4, 6)
(4, 5)
(4, 4)
(4, 3)
(4, 2)
(4, 1)
(5, 1)
kaikki ok
Reitin pituus: 13
(14, 9)
(13, 9)
(12, 9)
(12, 10)
(12, 11)
(11, 11)
(10, 11)
(9, 11)
(8, 11)
(7, 11)
(6, 11)
(6, 10)
(6, 9)
(5, 9)
kaikki ok
Reitin pituus: 19
(6, 15)
(7, 15)
(8, 15)
(9, 15)
(10, 15)
(10, 14)
(10, 13)
(11, 13)
(12, 13)
(12, 12)
(12, 11)
(12, 10)
(12, 9)
(13, 9)
(14, 9)
(14, 8)
(14, 7)
(14, 6)
(14, 5)
(14, 4)
kaikki ok
Reitin pituus: 7
(17, 13)
(16, 13)
(15, 13)
(14, 13)
(14, 14)
(14, 15)
(13, 15)
(12, 15)
kaikki ok
Reitin pituus: 10
(16, 3)
(15, 3)
(14, 3)
(13, 3)
(12, 3)
(12, 4)
(12, 5)
(11, 5)
(10, 5)
(10, 6)
(10, 7)
kaikki ok
Reitin pituus: 12
(6, 7)
(6, 8)
(6, 9)
(5, 9)
(4, 9)
(4, 8)
(4, 7)
(4, 6)
(4, 5)
(4, 4)
(4, 3)
(3, 3)
(2, 3)
kaikki ok
Reitin pituus: 14
(8, 15)
(8, 14)
(8, 13)
(7, 13)
(6, 13)
(6, 12)
(6, 11)
(6, 10)
(6, 9)
(6, 8)
(6, 7)
(7, 7)
(8, 7)
(8, 6)
(8, 5)
kaikki ok
Reitin pituus: 13
(9, 15)
(10, 15)
(11, 15)
(12, 15)
(13, 15)
(14, 15)
(14, 16)
(14, 17)
(15, 17)
(16, 17)
(17, 17)
(17, 18)
(17, 19)
(16, 19)
kaikki ok
Reitin pituus: 17
(15, 13)
(14, 13)
(14, 12)
(14, 11)
(14, 10)
(14, 9)
(14, 8)
(14, 7)
(14, 6)
(14, 5)
(14, 4)
(14, 3)
(14, 2)
(14, 1)
(13, 1)
(12, 1)
(11, 1)
(10, 1)
kaikki ok
Reitin pituus: 17
(1, 1)
(1, 2)
(1, 3)
(2, 3)
(3, 3)
(4, 3)
(5, 3)
(6, 3)
(6, 4)
(6, 5)
(7, 5)
(8, 5)
(8, 6)
(8, 7)
(9, 7)
(10, 7)
(10, 6)
(10, 5)
kaikki ok
Reitin pituus: 17
(2, 15)
(1, 15)
(1, 14)
(1, 13)
(2, 13)
(3, 13)
(4, 13)
(5, 13)
(6, 13)
(6, 12)
(6, 11)
(7, 11)
(8, 11)
(9, 11)
(10, 11)
(11, 11)
(12, 11)
(12, 12)
kaikki ok
Reitin pituus: 9
(4, 11)
(4, 10)
(4, 9)
(5, 9)
(6, 9)
(6, 8)
(6, 7)
(7, 7)
(8, 7)
(8, 6)
kaikki ok
Reitin pituus: 10
(14, 16)
(14, 15)
(13, 15)
(12, 15)
(11, 15)
(10, 15)
(9, 15)
(8, 15)
(7, 15)
(6, 15)
(5, 15)
kaikki ok
Reitin pituus: 10
(5, 9)
(4, 9)
(4, 8)
(4, 7)
(4, 6)
(4, 5)
(4, 4)
(4, 3)
(4, 2)
(4, 1)
(3, 1)
kaikki ok
Reitin pituus: 5
(4, 10)
(4, 9)
(4, 8)
(4, 7)
(4, 6)
(4, 5)
kaikki ok
Reitin pituus: 18
(12, 12)
(12, 11)
(11, 11)
(10, 11)
(9, 11)
(8, 11)
(7, 11)
(6, 11)
(6, 10)
(6, 9)
(5, 9)
(4, 9)
(4, 8)
(4, 7)
(4, 6)
(4, 5)
(3, 5)
(2, 5)
(1, 5)
kaikki ok
Reitin pituus: 13
(15, 17)
(14, 17)
(14, 16)
(14, 15)
(13, 15)
(12, 15)
(11, 15)
(10, 15)
(9, 15)
(8, 15)
(7, 15)
(6, 15)
(6, 16)
(6, 17)
kaikki ok
Reitin pituus: 12
(10, 5)
(10, 6)
(10, 7)
(9, 7)
(8, 7)
(7, 7)
(6, 7)
(6, 8)
(6, 9)
(5, 9)
(4, 9)
(4, 8)
(4, 7)
kaikki ok
Reitin pituus: 24
(4, 14)
(4, 13)
(5, 13)
(6, 13)
(6, 12)
(6, 11)
(7, 11)
(8, 11)
(9, 11)
(10, 11)
(11, 11)
(12, 11)
(12, 10)
(12, 9)
(13, 9)
(14, 9)
(14, 8)
(14, 7)
(14, 6)
(14, 5)
(14, 4)
(14, 3)
(15, 3)
(16, 3)
(17, 3)
kaikki ok
Reitin pituus: 18
(9, 11)
(8, 11)
(7, 11)
(6, 11)
(6, 10)
(6, 9)
(5, 9)
(4, 9)
(4, 8)
(4, 7)
(4, 6)
(4, 5)
(4, 4)
(4, 3)
(4, 2)
(4, 1)
(5, 1)
(6, 1)
(7, 1)
kaikki ok
Reitin pituus: 7
(8, 5)
(7, 5)
(6, 5)
(6, 4)
(6, 3)
(5, 3)
(4, 3)
(4, 2)
kaikki ok
Reitin pituus: 14
(4, 2)
(4, 3)
(5, 3)
(6, 3)
(7, 3)
(8, 3)
(9, 3)
(10, 3)
(11, 3)
(12, 3)
(13, 3)
(14, 3)
(14, 4)
(14, 5)
(14, 6)
kaikki ok
Reitin pituus: 5
(2, 17)
(3, 17)
(4, 17)
(4, 16)
(4, 15)
(4, 14)
kaikki ok
Reitin pituus: 18
(14, 6)
(14, 7)
(14, 8)
(14, 9)
(13, 9)
(12, 9)
(12, 8)
(12, 7)
(11, 7)
(10, 7)
(9, 7)
(8, 7)
(7, 7)
(6, 7)
(6, 8)
(6, 9)
(5, 9)
(4, 9)
(4, 10)
kaikki ok
Reitin pituus: 9
(9, 3)
(8, 3)
(7, 3)
(6, 3)
(5, 3)
(4, 3)
(3, 3)
(2, 3)
(1, 3)
(1, 2)
kaikki ok
Reitin pituus: 15
(5, 19)
(6, 19)
(7, 19)
(8, 19)
(9, 19)
(10, 19)
(10, 18)
(10, 17)
(11, 17)
(12, 17)
(12, 16)
(12, 15)
(13, 15)
(14, 15)
(14, 14)
(14, 13)
kaikki ok
Reitin pituus: 16
(2, 13)
(3, 13)
(4, 13)
(4, 14)
(4, 15)
(5, 15)
(6, 15)
(6, 16)
(6, 17)
(7, 17)
(8, 17)
(8, 18)
(8, 19)
(9, 19)
(10, 19)
(10, 18)
(10, 17)
kaikki ok
Reitin pituus: 21
(16, 13)
(15, 13)
(14, 13)
(13, 13)
(12, 13)
(12, 12)
(12, 11)
(12, 10)
(12, 9)
(12, 8)
(12, 7)
(11, 7)
(10, 7)
(9, 7)
(8, 7)
(8, 6)
(8, 5)
(7, 5)
(6, 5)
(6, 4)
(6, 3)
(5, 3)
kaikki ok
Reitin pituus: 21
(10, 19)
(10, 18)
(10, 17)
(11, 17)
(12, 17)
(12, 16)
(12, 15)
(13, 15)
(14, 15)
(14, 14)
(14, 13)
(14, 12)
(14, 11)
(14, 10)
(14, 9)
(14, 8)
(14, 7)
(14, 6)
(14, 5)
(14, 4)
(14, 3)
(13, 3)
kaikki ok
Reitin pituus: 16
(4, 8)
(4, 7)
(4, 6)
(4, 5)
(4, 4)
(4, 3)
(5, 3)
(6, 3)
(7, 3)
(8, 3)
(9, 3)
(10, 3)
(11, 3)
(12, 3)
(13, 3)
(14, 3)
(15, 3)
kaikki ok
Reitin pituus: 17
(7, 1)
(6, 1)
(5, 1)
(4, 1)
(4, 2)
(4, 3)
(4, 4)
(4, 5)
(4, 6)
(4, 7)
(4, 8)
(4, 9)
(4, 10)
(4, 11)
(4, 12)
(4, 13)
(3, 13)
(2, 13)
kaikki ok
Reitin pituus: 22
(1, 4)
(1, 3)
(2, 3)
(3, 3)
(4, 3)
(5, 3)
(6, 3)
(6, 4)
(6, 5)
(7, 5)
(8, 5)
(8, 6)
(8, 7)
(9, 7)
(10, 7)
(11, 7)
(12, 7)
(12, 8)
(12, 9)
(13, 9)
(14, 9)
(14, 10)
(14, 11)
kaikki ok
Reitin pituus: 12
(11, 7)
(10, 7)
(10, 6)
(10, 5)
(11, 5)
(12, 5)
(12, 4)
(12, 3)
(13, 3)
(14, 3)
(15, 3)
(16, 3)
(17, 3)
kaikki ok
Reitin pituus: 12
(8, 17)
(7, 17)
(6, 17)
(6, 16)
(6, 15)
(5, 15)
(4, 15)
(4, 16)
(4, 17)
(3, 17)
(2, 17)
(2, 16)
(2, 15)
kaikki ok
Reitin pituus: 25
(4, 16)
(4, 15)
(5, 15)
(6, 15)
(7, 15)
(8, 15)
(9, 15)
(10, 15)
(10, 14)
(10, 13)
(11, 13)
(12, 13)
(12, 12)
(12, 11)
(12, 10)
(12, 9)
(13, 9)
(14, 9)
(14, 8)
(14, 7)
(14, 6)
(14, 5)
(15, 5)
(16, 5)
(17, 5)
(17, 4)
kaikki ok
Reitin pituus: 6
(6, 12)
(6, 13)
(5, 13)
(4, 13)
(4, 12)
(4, 11)
(4, 10)
kaikki ok
Reitin pituus: 13
(4, 7)
(4, 6)
(4, 5)
(4, 4)
(4, 3)
(5, 3)
(6, 3)
(7, 3)
(8, 3)
(9, 3)
(10, 3)
(11, 3)
(12, 3)
(13, 3)
kaikki ok
Reitin pituus: 9
(1, 17)
(2, 17)
(3, 17)
(4, 17)
(4, 16)
(4, 15)
(4, 14)
(4, 13)
(5, 13)
(6, 13)
kaikki ok
Reitin pituus: 3
(15, 3)
(14, 3)
(14, 2)
(14, 1)
kaikki ok
Reitin pituus: 26
(14, 19)
(15, 19)
(16, 19)
(17, 19)
(17, 18)
(17, 17)
(16, 17)
(15, 17)
(14, 17)
(14, 16)
(14, 15)
(14, 14)
(14, 13)
(14, 12)
(14, 11)
(14, 10)
(14, 9)
(14, 8)
(14, 7)
(14, 6)
(14, 5)
(14, 4)
(14, 3)
(14, 2)
(14, 1)
(15, 1)
(16, 1)
kaikki ok
Reitin pituus: 19
(10, 6)
(10, 7)
(11, 7)
(12, 7)
(12, 8)
(12, 9)
(13, 9)
(14, 9)
(14, 10)
(14, 11)
(14, 12)
(14, 13)
(14, 14)
(14, 15)
(14, 16)
(14, 17)
(15, 17)
(16, 17)
(17, 17)
(17, 18)
kaikki ok
Reitin pituus: 14
(11, 5)
(10, 5)
(10, 6)
(10, 7)
(11, 7)
(12, 7)
(12, 8)
(12, 9)
(13, 9)
(14, 9)
(14, 10)
(14, 11)
(14, 12)
(14, 13)
(15, 13)
kaikki ok
Reitin pituus: 8
(4, 12)
(4, 13)
(5, 13)
(6, 13)
(6, 12)
(6, 11)
(7, 11)
(8, 11)
(9, 11)
kaikki ok
Reitin pituus: 18
(1, 19)
(1, 18)
(1, 17)
(2, 17)
(3, 17)
(4, 17)
(4, 16)
(4, 15)
(4, 14)
(4, 13)
(5, 13)
(6, 13)
(6, 12)
(6, 11)
(6, 10)
(6, 9)
(6, 8)
(6, 7)
(7, 7)
kaikki ok
Reitin pituus: 26
(17, 14)
(17, 13)
(16, 13)
(15, 13)
(14, 13)
(14, 12)
(14, 11)
(14, 10)
(14, 9)
(14, 8)
(14, 7)
(14, 6)
(14, 5)
(14, 4)
(14, 3)
(13, 3)
(12, 3)
(11, 3)
(10, 3)
(9, 3)
(8, 3)
(7, 3)
(6, 3)
(5, 3)
(4, 3)
(3, 3)
(2, 3)
kaikki ok
Reitin pituus: 9
(5, 15)
(4, 15)
(4, 16)
(4, 17)
(3, 17)
(2, 17)
(1, 17)
(1, 18)
(1, 19)
(2, 19)
kaikki ok
Reitin pituus: 10
(9, 9)
(9, 8)
(9, 7)
(10, 7)
(11, 7)
(12, 7)
(12, 8)
(12, 9)
(12, 10)
(12, 11)
(12, 12)
kaikki ok
Reitin pituus: 17
(11, 19)
(10, 19)
(10, 18)
(10, 17)
(11, 17)
(12, 17)
(12, 16)
(12, 15)
(13, 15)
(14, 15)
(14, 14)
(14, 13)
(13, 13)
(12, 13)
(12, 12)
(12, 11)
(11, 11)
(10, 11)
kaikki ok
Reitin pituus: 10
(4, 13)
(5, 13)
(6, 13)
(6, 12)
(6, 11)
(6, 10)
(6, 9)
(6, 8)
(6, 7)
(7, 7)
(8, 7)
kaikki ok
Reitin pituus: 11
(4, 10)
(4, 9)
(5, 9)
(6, 9)
(6, 8)
(6, 7)
(7, 7)
(8, 7)
(9, 7)
(10, 7)
(10, 6)
(10, 5)
kaikki ok
Reitin pituus: 13
(4, 3)
(4, 4)
(4, 5)
(4, 6)
(4, 7)
(4, 8)
(4, 9)
(4, 10)
(4, 11)
(4, 12)
(4, 13)
(4, 14)
(4, 15)
(4, 16)
kaikki ok
Reitin pituus: 18
(2, 1)
(3, 1)
(4, 1)
(4, 2)
(4, 3)
(5, 3)
(6, 3)
(6, 4)
(6, 5)
(7, 5)
(8, 5)
(8, 6)
(8, 7)
(9, 7)
(10, 7)
(11, 7)
(12, 7)
(12, 8)
(12, 9)
kaikki ok
Reitin pituus: 23
(3, 5)
(4, 5)
(4, 6)
(4, 7)
(4, 8)
(4, 9)
(5, 9)
(6, 9)
(6, 10)
(6, 11)
(7, 11)
(8, 11)
(9, 11)
(10, 11)
(11, 11)
(12, 11)
(12, 12)
(12, 13)
(13, 13)
(14, 13)
(15, 13)
(16, 13)
(17, 13)
(17, 14)
kaikki ok
Reitin pituus: 18
(6, 13)
(6, 12)
(6, 11)
(6, 10)
(6, 9)
(6, 8)
(6, 7)
(7, 7)
(8, 7)
(9, 7)
(10, 7)
(10, 6)
(10, 5)
(11, 5)
(12, 5)
(12, 4)
(12, 3)
(13, 3)
(14, 3)
kaikki ok
Reitin pituus: 13
(2, 17)
(3, 17)
(4, 17)
(4, 16)
(4, 15)
(5, 15)
(6, 15)
(7, 15)
(8, 15)
(9, 15)
(10, 15)
(11, 15)
(12, 15)
(13, 15)
kaikki ok
Reitin pituus: 16
(11, 15)
(10, 15)
(9, 15)
(8, 15)
(8, 14)
(8, 13)
(7, 13)
(6, 13)
(6, 12)
(6, 11)
(6, 10)
(6, 9)
(5, 9)
(4, 9)
(4, 8)
(4, 7)
(4, 6)
kaikki ok
Reitin pituus: 23
(15, 19)
(16, 19)
(17, 19)
(17, 18)
(17, 17)
(16, 17)
(15, 17)
(14, 17)
(14, 16)
(14, 15)
(14, 14)
(14, 13)
(14, 12)
(14, 11)
(14, 10)
(14, 9)
(14, 8)
(14, 7)
(14, 6)
(14, 5)
(14, 4)
(14, 3)
(13, 3)
(12, 3)
kaikki ok
Reitin pituus: 10
(8, 15)
(9, 15)
(10, 15)
(11, 15)
(12, 15)
(13, 15)
(14, 15)
(14, 16)
(14, 17)
(15, 17)
(16, 17)
kaikki ok
Reitin pituus: 18
(13, 13)
(14, 13)
(14, 12)
(14, 11)
(14, 10)
(14, 9)
(14, 8)
(14, 7)
(14, 6)
(14, 5)
(14, 4)
(14, 3)
(13, 3)
(12, 3)
(11, 3)
(10, 3)
(9, 3)
(8, 3)
(8, 2)
kaikki ok
Reitin pituus: 19
(7, 5)
(8, 5)
(8, 6)
(8, 7)
(9, 7)
(10, 7)
(11, 7)
(12, 7)
(12, 8)
(12, 9)
(12, 10)
(12, 11)
(12, 12)
(12, 13)
(13, 13)
(14, 13)
(14, 14)
(14, 15)
(14, 16)
(14, 17)
kaikki ok
Reitin pituus: 8
(8, 5)
(8, 6)
(8, 7)
(7, 7)
(6, 7)
(6, 8)
(6, 9)
(5, 9)
(4, 9)
kaikki ok
Reitin pituus: 10
(9, 3)
(8, 3)
(7, 3)
(6, 3)
(5, 3)
(4, 3)
(4, 4)
(4, 5)
(4, 6)
(4, 7)
(4, 8)
kaikki ok
Reitin pituus: 7
(12, 7)
(12, 8)
(12, 9)
(12, 10)
(12, 11)
(11, 11)
(10, 11)
(9, 11)
kaikki ok
Reitin pituus: 22
(4, 4)
(4, 5)
(4, 6)
(4, 7)
(4, 8)
(4, 9)
(4, 10)
(4, 11)
(4, 12)
(4, 13)
(4, 14)
(4, 15)
(4, 16)
(4, 17)
(3, 17)
(2, 17)
(1, 17)
(1, 18)
(1, 19)
(2, 19)
(3, 19)
(4, 19)
(5, 19)
kaikki ok
Reitin pituus: 6
(12, 8)
(12, 9)
(12, 10)
(12, 11)
(11, 11)
(10, 11)
(9, 11)
kaikki ok
Reitin pituus: 16
(14, 1)
(13, 1)
(12, 1)
(11, 1)
(10, 1)
(10, 2)
(10, 3)
(9, 3)
(8, 3)
(7, 3)
(6, 3)
(5, 3)
(4, 3)
(4, 4)
(4, 5)
(4, 6)
(4, 7)
kaikki ok
Reitin pituus: 10
(6, 19)
(5, 19)
(4, 19)
(3, 19)
(2, 19)
(1, 19)
(1, 18)
(1, 17)
(2, 17)
(3, 17)
(4, 17)
kaikki ok
Reitin pituus: 9
(10, 11)
(11, 11)
(12, 11)
(12, 12)
(12, 13)
(11, 13)
(10, 13)
(10, 14)
(10, 15)
(11, 15)
kaikki ok
Reitin pituus: 13
(12, 15)
(11, 15)
(10, 15)
(9, 15)
(8, 15)
(7, 15)
(6, 15)
(5, 15)
(4, 15)
(4, 16)
(4, 17)
(3, 17)
(2, 17)
(2, 16)
kaikki ok
Reitin pituus: 30
(3, 1)
(4, 1)
(4, 2)
(4, 3)
(4, 4)
(4, 5)
(4, 6)
(4, 7)
(4, 8)
(4, 9)
(5, 9)
(6, 9)
(6, 10)
(6, 11)
(7, 11)
(8, 11)
(9, 11)
(10, 11)
(11, 11)
(12, 11)
(12, 12)
(12, 13)
(13, 13)
(14, 13)
(14, 14)
(14, 15)
(14, 16)
(14, 17)
(15, 17)
(16, 17)
(17, 17)
kaikki ok
Reitin pituus: 19
(9, 11)
(10, 11)
(11, 11)
(12, 11)
(12, 10)
(12, 9)
(13, 9)
(14, 9)
(14, 8)
(14, 7)
(14, 6)
(14, 5)
(14, 4)
(14, 3)
(14, 2)
(14, 1)
(13, 1)
(12, 1)
(11, 1)
(10, 1)
kaikki ok
Reitin pituus: 7
(4, 8)
(4, 7)
(4, 6)
(4, 5)
(4, 4)
(4, 3)
(4, 2)
(4, 1)
kaikki ok
Reitin pituus: 10
(8, 7)
(8, 6)
(8, 5)
(7, 5)
(6, 5)
(6, 4)
(6, 3)
(5, 3)
(4, 3)
(4, 2)
(4, 1)
kaikki ok
Reitin pituus: 18
(4, 9)
(5, 9)
(6, 9)
(6, 8)
(6, 7)
(7, 7)
(8, 7)
(9, 7)
(10, 7)
(11, 7)
(12, 7)
(12, 8)
(12, 9)
(13, 9)
(14, 9)
(14, 8)
(14, 7)
(14, 6)
(14, 5)
kaikki ok
Reitin pituus: 7
(6, 8)
(6, 9)
(6, 10)
(6, 11)
(7, 11)
(8, 11)
(9, 11)
(10, 11)
kaikki ok
Reitin pituus: 18
(8, 7)
(7, 7)
(6, 7)
(6, 8)
(6, 9)
(6, 10)
(6, 11)
(6, 12)
(6, 13)
(7, 13)
(8, 13)
(8, 14)
(8, 15)
(7, 15)
(6, 15)
(6, 16)
(6, 17)
(7, 17)
(8, 17)
kaikki ok
Reitin pituus: 10
(10, 17)
(10, 18)
(10, 19)
(11, 19)
(12, 19)
(13, 19)
(14, 19)
(15, 19)
(16, 19)
(17, 19)
(17, 18)
kaikki ok
Reitin pituus: 4
(5, 13)
(4, 13)
(3, 13)
(2, 13)
(1, 13)
kaikki ok
Reitin pituus: 9
(16, 5)
(15, 5)
(14, 5)
(14, 6)
(14, 7)
(14, 8)
(14, 9)
(13, 9)
(12, 9)
(12, 10)
kaikki ok
Reitin pituus: 9
(3, 5)
(4, 5)
(4, 4)
(4, 3)
(5, 3)
(6, 3)
(6, 4)
(6, 5)
(7, 5)
(8, 5)
kaikki ok
Reitin pituus: 20
(8, 9)
(9, 9)
(9, 8)
(9, 7)
(8, 7)
(7, 7)
(6, 7)
(6, 8)
(6, 9)
(6, 10)
(6, 11)
(6, 12)
(6, 13)
(5, 13)
(4, 13)
(4, 14)
(4, 15)
(4, 16)
(4, 17)
(3, 17)
(2, 17)
kaikki ok
Reitin pituus: 7
(10, 17)
(10, 18)
(10, 19)
(9, 19)
(8, 19)
(8, 18)
(8, 17)
(7, 17)
kaikki ok
Reitin pituus: 13
(10, 7)
(9, 7)
(8, 7)
(8, 6)
(8, 5)
(7, 5)
(6, 5)
(6, 4)
(6, 3)
(5, 3)
(4, 3)
(4, 4)
(4, 5)
(3, 5)
kaikki ok
Reitin pituus: 15
(1, 4)
(1, 3)
(2, 3)
(3, 3)
(4, 3)
(5, 3)
(6, 3)
(6, 4)
(6, 5)
(7, 5)
(8, 5)
(8, 6)
(8, 7)
(9, 7)
(9, 8)
(9, 9)
kaikki ok
Reitin pituus: 12
(16, 17)
(17, 17)
(17, 18)
(17, 19)
(16, 19)
(15, 19)
(14, 19)
(13, 19)
(12, 19)
(11, 19)
(10, 19)
(9, 19)
(8, 19)
kaikki ok
Reitin pituus: 10
(12, 9)
(12, 8)
(12, 7)
(11, 7)
(10, 7)
(10, 6)
(10, 5)
(11, 5)
(12, 5)
(12, 4)
(12, 3)
kaikki ok
Reitin pituus: 5
(4, 6)
(4, 5)
(4, 4)
(4, 3)
(3, 3)
(2, 3)
kaikki ok
Reitin pituus: 19
(6, 19)
(7, 19)
(8, 19)
(9, 19)
(10, 19)
(10, 18)
(10, 17)
(11, 17)
(12, 17)
(12, 16)
(12, 15)
(13, 15)
(14, 15)
(14, 14)
(14, 13)
(13, 13)
(12, 13)
(12, 12)
(12, 11)
(12, 10)
kaikki ok
Reitin pituus: 7
(5, 15)
(6, 15)
(6, 16)
(6, 17)
(7, 17)
(8, 17)
(8, 18)
(8, 19)
kaikki ok
Reitin pituus: 12
(3, 3)
(4, 3)
(4, 4)
(4, 5)
(4, 6)
(4, 7)
(4, 8)
(4, 9)
(4, 10)
(4, 11)
(4, 12)
(4, 13)
(4, 14)
kaikki ok
Reitin pituus: 8
(8, 5)
(8, 6)
(8, 7)
(7, 7)
(6, 7)
(6, 8)
(6, 9)
(5, 9)
(4, 9)
kaikki ok
Reitin pituus: 8
(8, 19)
(8, 18)
(8, 17)
(7, 17)
(6, 17)
(6, 16)
(6, 15)
(5, 15)
(4, 15)
kaikki ok
Reitin pituus: 16
(6, 11)
(6, 12)
(6, 13)
(5, 13)
(4, 13)
(4, 14)
(4, 15)
(5, 15)
(6, 15)
(6, 16)
(6, 17)
(7, 17)
(8, 17)
(8, 18)
(8, 19)
(7, 19)
(6, 19)
kaikki ok
Reitin pituus: 24
(10, 1)
(10, 2)
(10, 3)
(9, 3)
(8, 3)
(7, 3)
(6, 3)
(5, 3)
(4, 3)
(4, 4)
(4, 5)
(4, 6)
(4, 7)
(4, 8)
(4, 9)
(4, 10)
(4, 11)
(4, 12)
(4, 13)
(3, 13)
(2, 13)
(1, 13)
(1, 14)
(1, 15)
(2, 15)
kaikki ok
Reitin pituus: 25
(9, 19)
(10, 19)
(10, 18)
(10, 17)
(11, 17)
(12, 17)
(12, 16)
(12, 15)
(13, 15)
(14, 15)
(14, 14)
(14, 13)
(14, 12)
(14, 11)
(14, 10)
(14, 9)
(13, 9)
(12, 9)
(12, 8)
(12, 7)
(11, 7)
(10, 7)
(9, 7)
(9, 8)
(9, 9)
(10, 9)
kaikki ok
Reitin pituus: 17
(11, 5)
(10, 5)
(10, 6)
(10, 7)
(11, 7)
(12, 7)
(12, 8)
(12, 9)
(13, 9)
(14, 9)
(14, 10)
(14, 11)
(14, 12)
(14, 13)
(15, 13)
(16, 13)
(17, 13)
(17, 14)
kaikki ok
Reitin pituus: 16
(9, 9)
(9, 8)
(9, 7)
(10, 7)
(10, 6)
(10, 5)
(11, 5)
(12, 5)
(12, 4)
(12, 3)
(13, 3)
(14, 3)
(15, 3)
(16, 3)
(17, 3)
(17, 2)
(17, 1)
kaikki ok
Reitin pituus: 14
(8, 9)
(9, 9)
(9, 8)
(9, 7)
(10, 7)
(11, 7)
(12, 7)
(12, 8)
(12, 9)
(13, 9)
(14, 9)
(14, 10)
(14, 11)
(14, 12)
(14, 13)
kaikki ok
Reitin pituus: 12
(14, 7)
(14, 8)
(14, 9)
(13, 9)
(12, 9)
(12, 8)
(12, 7)
(11, 7)
(10, 7)
(9, 7)
(9, 8)
(9, 9)
(10, 9)
kaikki ok
Reitin pituus: 19
(17, 1)
(17, 2)
(17, 3)
(17, 4)
(17, 5)
(16, 5)
(15, 5)
(14, 5)
(14, 6)
(14, 7)
(14, 8)
(14, 9)
(14, 10)
(14, 11)
(14, 12)
(14, 13)
(15, 13)
(16, 13)
(17, 13)
(17, 14)
kaikki ok
Reitin pituus: 8
(5, 15)
(6, 15)
(6, 16)
(6, 17)
(7, 17)
(8, 17)
(8, 18)
(8, 19)
(7, 19)
kaikki ok
Reitin pituus: 8
(4, 11)
(4, 10)
(4, 9)
(5, 9)
(6, 9)
(6, 8)
(6, 7)
(7, 7)
(8, 7)
kaikki ok
Reitin pituus: 16
(6, 13)
(6, 12)
(6, 11)
(7, 11)
(8, 11)
(9, 11)
(10, 11)
(11, 11)
(12, 11)
(12, 10)
(12, 9)
(13, 9)
(14, 9)
(14, 8)
(14, 7)
(14, 6)
(14, 5)
kaikki ok
Reitin pituus: 5
(12, 9)
(12, 8)
(12, 7)
(11, 7)
(10, 7)
(10, 6)
kaikki ok
Reitin pituus: 6
(3, 5)
(2, 5)
(1, 5)
(1, 4)
(1, 3)
(1, 2)
(1, 1)
kaikki ok
Reitin pituus: 1
(7, 11)
(8, 11)
kaikki ok
Reitin pituus: 20
(6, 9)
(6, 10)
(6, 11)
(6, 12)
(6, 13)
(7, 13)
(8, 13)
(8, 14)
(8, 15)
(9, 15)
(10, 15)
(11, 15)
(12, 15)
(13, 15)
(14, 15)
(14, 16)
(14, 17)
(15, 17)
(16, 17)
(17, 17)
(17, 18)
kaikki ok
Reitin pituus: 16
(8, 3)
(9, 3)
(10, 3)
(11, 3)
(12, 3)
(13, 3)
(14, 3)
(14, 4)
(14, 5)
(14, 6)
(14, 7)
(14, 8)
(14, 9)
(14, 10)
(14, 11)
(14, 12)
(14, 13)
kaikki ok
Reitin pituus: 3
(11, 19)
(12, 19)
(13, 19)
(14, 19)
kaikki ok
Reitin pituus: 25
(7, 19)
(8, 19)
(8, 18)
(8, 17)
(7, 17)
(6, 17)
(6, 16)
(6, 15)
(5, 15)
(4, 15)
(4, 14)
(4, 13)
(4, 12)
(4, 11)
(4, 10)
(4, 9)
(4, 8)
(4, 7)
(4, 6)
(4, 5)
(4, 4)
(4, 3)
(5, 3)
(6, 3)
(7, 3)
(8, 3)
kaikki ok
Reitin pituus: 20
(8, 18)
(8, 17)
(7, 17)
(6, 17)
(6, 16)
(6, 15)
(5, 15)
(4, 15)
(4, 14)
(4, 13)
(4, 12)
(4, 11)
(4, 10)
(4, 9)
(4, 8)
(4, 7)
(4, 6)
(4, 5)
(4, 4)
(4, 3)
(4, 2)
kaikki ok
Reitin pituus: 13
(16, 13)
(15, 13)
(14, 13)
(14, 14)
(14, 15)
(13, 15)
(12, 15)
(12, 16)
(12, 17)
(11, 17)
(10, 17)
(10, 18)
(10, 19)
(11, 19)
kaikki ok
Reitin pituus: 7
(8, 3)
(9, 3)
(10, 3)
(11, 3)
(12, 3)
(13, 3)
(14, 3)
(14, 2)
kaikki ok
Reitin pituus: 12
(12, 3)
(11, 3)
(10, 3)
(9, 3)
(8, 3)
(8, 2)
(8, 1)
(7, 1)
(6, 1)
(5, 1)
(4, 1)
(3, 1)
(2, 1)
kaikki ok
Reitin pituus: 18
(14, 5)
(14, 6)
(14, 7)
(14, 8)
(14, 9)
(13, 9)
(12, 9)
(12, 10)
(12, 11)
(11, 11)
(10, 11)
(9, 11)
(8, 11)
(7, 11)
(6, 11)
(6, 12)
(6, 13)
(5, 13)
(4, 13)
kaikki ok
Reitin pituus: 16
(7, 11)
(8, 11)
(9, 11)
(10, 11)
(11, 11)
(12, 11)
(12, 10)
(12, 9)
(13, 9)
(14, 9)
(14, 8)
(14, 7)
(14, 6)
(14, 5)
(14, 4)
(14, 3)
(15, 3)
kaikki ok
Reitin pituus: 23
(6, 19)
(7, 19)
(8, 19)
(8, 18)
(8, 17)
(7, 17)
(6, 17)
(6, 16)
(6, 15)
(5, 15)
(4, 15)
(4, 14)
(4, 13)
(4, 12)
(4, 11)
(4, 10)
(4, 9)
(4, 8)
(4, 7)
(4, 6)
(4, 5)
(4, 4)
(4, 3)
(3, 3)
kaikki ok
Reitin pituus: 24
(17, 1)
(16, 1)
(15, 1)
(14, 1)
(13, 1)
(12, 1)
(11, 1)
(10, 1)
(10, 2)
(10, 3)
(9, 3)
(8, 3)
(7, 3)
(6, 3)
(5, 3)
(4, 3)
(4, 4)
(4, 5)
(4, 6)
(4, 7)
(4, 8)
(4, 9)
(4, 10)
(4, 11)
(4, 12)
kaikki ok
Reitin pituus: 21
(1, 2)
(1, 3)
(1, 4)
(1, 5)
(2, 5)
(3, 5)
(4, 5)
(4, 6)
(4, 7)
(4, 8)
(4, 9)
(4, 10)
(4, 11)
(4, 12)
(4, 13)
(4, 14)
(4, 15)
(5, 15)
(6, 15)
(6, 16)
(6, 17)
(7, 17)
kaikki ok
Reitin pituus: 12
(8, 6)
(8, 5)
(7, 5)
(6, 5)
(6, 4)
(6, 3)
(7, 3)
(8, 3)
(9, 3)
(10, 3)
(10, 2)
(10, 1)
(11, 1)
kaikki ok
Reitin pituus: 4
(4, 3)
(5, 3)
(6, 3)
(6, 4)
(6, 5)
kaikki ok
Reitin pituus: 9
(16, 3)
(15, 3)
(14, 3)
(13, 3)
(12, 3)
(11, 3)
(10, 3)
(9, 3)
(8, 3)
(7, 3)
kaikki ok
Reitin pituus: 15
(14, 14)
(14, 13)
(14, 12)
(14, 11)
(14, 10)
(14, 9)
(14, 8)
(14, 7)
(14, 6)
(14, 5)
(14, 4)
(14, 3)
(14, 2)
(14, 1)
(13, 1)
(12, 1)
kaikki ok
Reitin pituus: 13
(16, 5)
(15, 5)
(14, 5)
(14, 6)
(14, 7)
(14, 8)
(14, 9)
(13, 9)
(12, 9)
(12, 8)
(12, 7)
(11, 7)
(10, 7)
(9, 7)
kaikki ok
Reitin pituus: 22
(17, 2)
(17, 3)
(16, 3)
(15, 3)
(14, 3)
(13, 3)
(12, 3)
(11, 3)
(10, 3)
(9, 3)
(8, 3)
(7, 3)
(6, 3)
(5, 3)
(4, 3)
(4, 4)
(4, 5)
(4, 6)
(4, 7)
(4, 8)
(4, 9)
(4, 10)
(4, 11)
kaikki ok
Reitin pituus: 16
(10, 18)
(10, 19)
(9, 19)
(8, 19)
(8, 18)
(8, 17)
(7, 17)
(6, 17)
(6, 16)
(6, 15)
(5, 15)
(4, 15)
(4, 14)
(4, 13)
(4, 12)
(4, 11)
(4, 10)
kaikki ok
Reitin pituus: 12
(6, 1)
(7, 1)
(8, 1)
(8, 2)
(8, 3)
(9, 3)
(10, 3)
(11, 3)
(12, 3)
(13, 3)
(14, 3)
(14, 2)
(14, 1)
kaikki ok
Reitin pituus: 15
(14, 4)
(14, 3)
(13, 3)
(12, 3)
(11, 3)
(10, 3)
(9, 3)
(8, 3)
(7, 3)
(6, 3)
(5, 3)
(4, 3)
(3, 3)
(2, 3)
(1, 3)
(1, 4)
kaikki ok
Reitin pituus: 27
(11, 17)
(12, 17)
(12, 16)
(12, 15)
(11, 15)
(10, 15)
(9, 15)
(8, 15)
(8, 14)
(8, 13)
(7, 13)
(6, 13)
(5, 13)
(4, 13)
(4, 12)
(4, 11)
(4, 10)
(4, 9)
(4, 8)
(4, 7)
(4, 6)
(4, 5)
(4, 4)
(4, 3)
(3, 3)
(2, 3)
(1, 3)
(1, 2)
kaikki ok
Reitin pituus: 12
(5, 3)
(6, 3)
(7, 3)
(8, 3)
(9, 3)
(10, 3)
(11, 3)
(12, 3)
(13, 3)
(14, 3)
(14, 2)
(14, 1)
(15, 1)
kaikki ok
Reitin pituus: 7
(8, 2)
(8, 3)
(9, 3)
(10, 3)
(11, 3)
(12, 3)
(12, 4)
(12, 5)
kaikki ok
Reitin pituus: 12
(6, 15)
(7, 15)
(8, 15)
(9, 15)
(10, 15)
(10, 14)
(10, 13)
(11, 13)
(12, 13)
(12, 12)
(12, 11)
(11, 11)
(10, 11)
kaikki ok
Reitin pituus: 1
(14, 1)
(13, 1)
kaikki ok
Reitin pituus: 14
(4, 4)
(4, 5)
(4, 6)
(4, 7)
(4, 8)
(4, 9)
(5, 9)
(6, 9)
(6, 10)
(6, 11)
(7, 11)
(8, 11)
(9, 11)
(10, 11)
(11, 11)
kaikki ok
Reitin pituus: 20
(12, 16)
(12, 15)
(11, 15)
(10, 15)
(9, 15)
(8, 15)
(8, 14)
(8, 13)
(7, 13)
(6, 13)
(6, 12)
(6, 11)
(6, 10)
(6, 9)
(6, 8)
(6, 7)
(7, 7)
(8, 7)
(8, 6)
(8, 5)
(7, 5)
kaikki ok
Reitin pituus: 6
(15, 17)
(14, 17)
(14, 16)
(14, 15)
(14, 14)
(14, 13)
(15, 13)
kaikki ok
Reitin pituus: 25
(9, 8)
(9, 7)
(10, 7)
(11, 7)
(12, 7)
(12, 8)
(12, 9)
(13, 9)
(14, 9)
(14, 10)
(14, 11)
(14, 12)
(14, 13)
(14, 14)
(14, 15)
(13, 15)
(12, 15)
(12, 16)
(12, 17)
(11, 17)
(10, 17)
(10, 18)
(10, 19)
(11, 19)
(12, 19)
(13, 19)
kaikki ok
Reitin pituus: 26
(16, 5)
(15, 5)
(14, 5)
(14, 6)
(14, 7)
(14, 8)
(14, 9)
(14, 10)
(14, 11)
(14, 12)
(14, 13)
(14, 14)
(14, 15)
(13, 15)
(12, 15)
(12, 16)
(12, 17)
(11, 17)
(10, 17)
(10, 18)
(10, 19)
(9, 19)
(8, 19)
(7, 19)
(6, 19)
(5, 19)
(4, 19)
kaikki ok
Reitin pituus: 24
(1, 4)
(1, 5)
(2, 5)
(3, 5)
(4, 5)
(4, 6)
(4, 7)
(4, 8)
(4, 9)
(5, 9)
(6, 9)
(6, 10)
(6, 11)
(6, 12)
(6, 13)
(7, 13)
(8, 13)
(8, 14)
(8, 15)
(9, 15)
(10, 15)
(11, 15)
(12, 15)
(12, 16)
(12, 17)
kaikki ok
Reitin pituus: 21
(17, 19)
(17, 18)
(17, 17)
(16, 17)
(15, 17)
(14, 17)
(14, 16)
(14, 15)
(13, 15)
(12, 15)
(11, 15)
(10, 15)
(9, 15)
(8, 15)
(7, 15)
(6, 15)
(5, 15)
(4, 15)
(4, 14)
(4, 13)
(3, 13)
(2, 13)
kaikki ok
Reitin pituus: 5
(17, 14)
(17, 15)
(16, 15)
(16, 16)
(16, 17)
(17, 17)
kaikki ok
Reitin pituus: 12
(11, 17)
(12, 17)
(12, 16)
(12, 15)
(11, 15)
(10, 15)
(10, 14)
(10, 13)
(11, 13)
(12, 13)
(12, 12)
(12, 11)
(12, 10)
kaikki ok
Reitin pituus: 14
(2, 16)
(2, 17)
(3, 17)
(4, 17)
(4, 16)
(4, 15)
(5, 15)
(6, 15)
(7, 15)
(8, 15)
(9, 15)
(10, 15)
(11, 15)
(12, 15)
(12, 16)
kaikki ok
Reitin pituus: 16
(1, 13)
(2, 13)
(3, 13)
(4, 13)
(5, 13)
(6, 13)
(6, 12)
(6, 11)
(7, 11)
(8, 11)
(9, 11)
(10, 11)
(11, 11)
(12, 11)
(12, 10)
(12, 9)
(13, 9)
kaikki ok
Reitin pituus: 25
(7, 5)
(8, 5)
(8, 6)
(8, 7)
(7, 7)
(6, 7)
(6, 8)
(6, 9)
(6, 10)
(6, 11)
(6, 12)
(6, 13)
(7, 13)
(8, 13)
(8, 14)
(8, 15)
(7, 15)
(6, 15)
(6, 16)
(6, 17)
(7, 17)
(8, 17)
(8, 18)
(8, 19)
(9, 19)
(10, 19)
kaikki ok
Reitin pituus: 15
(12, 12)
(12, 13)
(11, 13)
(10, 13)
(10, 14)
(10, 15)
(9, 15)
(8, 15)
(7, 15)
(6, 15)
(5, 15)
(4, 15)
(4, 16)
(4, 17)
(3, 17)
(2, 17)
kaikki ok
Reitin pituus: 9
(8, 14)
(8, 15)
(7, 15)
(6, 15)
(6, 16)
(6, 17)
(7, 17)
(8, 17)
(8, 18)
(8, 19)
kaikki ok
Reitin pituus: 28
(14, 2)
(14, 3)
(13, 3)
(12, 3)
(12, 4)
(12, 5)
(11, 5)
(10, 5)
(10, 6)
(10, 7)
(9, 7)
(8, 7)
(7, 7)
(6, 7)
(6, 8)
(6, 9)
(6, 10)
(6, 11)
(6, 12)
(6, 13)
(5, 13)
(4, 13)
(4, 14)
(4, 15)
(4, 16)
(4, 17)
(3, 17)
(2, 17)
(2, 16)
kaikki ok
Reitin pituus: 15
(16, 13)
(15, 13)
(14, 13)
(14, 14)
(14, 15)
(13, 15)
(12, 15)
(11, 15)
(10, 15)
(9, 15)
(8, 15)
(7, 15)
(6, 15)
(5, 15)
(4, 15)
(4, 16)
kaikki ok
Reitin pituus: 9
(4, 11)
(4, 12)
(4, 13)
(4, 14)
(4, 15)
(4, 16)
(4, 17)
(3, 17)
(2, 17)
(1, 17)
kaikki ok
Reitin pituus: 24
(17, 19)
(17, 18)
(17, 17)
(16, 17)
(15, 17)
(14, 17)
(14, 16)
(14, 15)
(14, 14)
(14, 13)
(14, 12)
(14, 11)
(14, 10)
(14, 9)
(14, 8)
(14, 7)
(14, 6)
(14, 5)
(14, 4)
(14, 3)
(14, 2)
(14, 1)
(13, 1)
(12, 1)
(11, 1)
kaikki ok
Reitin pituus: 10
(13, 9)
(12, 9)
(12, 10)
(12, 11)
(12, 12)
(12, 13)
(11, 13)
(10, 13)
(10, 14)
(10, 15)
(11, 15)
kaikki ok
Reitin pituus: 0
(1, 14)
kaikki ok
Reitin pituus: 18
(3, 5)
(4, 5)
(4, 6)
(4, 7)
(4, 8)
(4, 9)
(4, 10)
(4, 11)
(4, 12)
(4, 13)
(4, 14)
(4, 15)
(4, 16)
(4, 17)
(3, 17)
(2, 17)
(1, 17)
(1, 18)
(1, 19)
kaikki ok
Reitin pituus: 18
(4, 17)
(4, 16)
(4, 15)
(4, 14)
(4, 13)
(5, 13)
(6, 13)
(6, 12)
(6, 11)
(6, 10)
(6, 9)
(6, 8)
(6, 7)
(7, 7)
(8, 7)
(9, 7)
(10, 7)
(10, 6)
(10, 5)
kaikki ok
Reitin pituus: 17
(4, 4)
(4, 3)
(5, 3)
(6, 3)
(6, 4)
(6, 5)
(7, 5)
(8, 5)
(8, 6)
(8, 7)
(9, 7)
(10, 7)
(11, 7)
(12, 7)
(12, 8)
(12, 9)
(13, 9)
(14, 9)
kaikki ok
Reitin pituus: 15
(7, 13)
(8, 13)
(8, 14)
(8, 15)
(9, 15)
(10, 15)
(10, 14)
(10, 13)
(11, 13)
(12, 13)
(13, 13)
(14, 13)
(15, 13)
(16, 13)
(17, 13)
(17, 14)
kaikki ok
Reitin pituus: 5
(8, 5)
(8, 6)
(8, 7)
(7, 7)
(6, 7)
(6, 8)
kaikki ok
Reitin pituus: 13
(6, 13)
(7, 13)
(8, 13)
(8, 14)
(8, 15)
(7, 15)
(6, 15)
(6, 16)
(6, 17)
(7, 17)
(8, 17)
(8, 18)
(8, 19)
(7, 19)
kaikki ok
Reitin pituus: 19
(14, 9)
(13, 9)
(12, 9)
(12, 8)
(12, 7)
(11, 7)
(10, 7)
(9, 7)
(8, 7)
(8, 6)
(8, 5)
(7, 5)
(6, 5)
(6, 4)
(6, 3)
(5, 3)
(4, 3)
(3, 3)
(2, 3)
(1, 3)
kaikki ok
Reitin pituus: 24
(7, 17)
(6, 17)
(6, 16)
(6, 15)
(7, 15)
(8, 15)
(9, 15)
(10, 15)
(10, 14)
(10, 13)
(11, 13)
(12, 13)
(12, 12)
(12, 11)
(12, 10)
(12, 9)
(13, 9)
(14, 9)
(14, 8)
(14, 7)
(14, 6)
(14, 5)
(14, 4)
(14, 3)
(15, 3)
kaikki ok
Reitin pituus: 17
(12, 3)
(11, 3)
(10, 3)
(9, 3)
(8, 3)
(7, 3)
(6, 3)
(5, 3)
(4, 3)
(4, 4)
(4, 5)
(4, 6)
(4, 7)
(4, 8)
(4, 9)
(4, 10)
(4, 11)
(4, 12)
kaikki ok
Reitin pituus: 12
(8, 13)
(8, 14)
(8, 15)
(9, 15)
(10, 15)
(10, 14)
(10, 13)
(11, 13)
(12, 13)
(13, 13)
(14, 13)
(14, 12)
(14, 11)
kaikki ok
Reitin pituus: 7
(12, 9)
(13, 9)
(14, 9)
(14, 10)
(14, 11)
(14, 12)
(14, 13)
(15, 13)
kaikki ok
Reitin pituus: 20
(1, 1)
(1, 2)
(1, 3)
(1, 4)
(1, 5)
(2, 5)
(3, 5)
(4, 5)
(4, 6)
(4, 7)
(4, 8)
(4, 9)
(5, 9)
(6, 9)
(6, 10)
(6, 11)
(6, 12)
(6, 13)
(7, 13)
(8, 13)
(8, 14)
kaikki ok
Reitin pituus: 12
(8, 1)
(8, 2)
(8, 3)
(9, 3)
(10, 3)
(11, 3)
(12, 3)
(13, 3)
(14, 3)
(15, 3)
(16, 3)
(17, 3)
(17, 4)
kaikki ok
Reitin pituus: 20
(4, 12)
(4, 11)
(4, 10)
(4, 9)
(5, 9)
(6, 9)
(6, 8)
(6, 7)
(7, 7)
(8, 7)
(9, 7)
(10, 7)
(10, 6)
(10, 5)
(11, 5)
(12, 5)
(12, 4)
(12, 3)
(13, 3)
(14, 3)
(15, 3)
kaikki ok
Reitin pituus: 16
(11, 15)
(10, 15)
(10, 14)
(10, 13)
(11, 13)
(12, 13)
(12, 12)
(12, 11)
(12, 10)
(12, 9)
(12, 8)
(12, 7)
(11, 7)
(10, 7)
(9, 7)
(9, 8)
(9, 9)
kaikki ok
Reitin pituus: 17
(14, 9)
(14, 10)
(14, 11)
(14, 12)
(14, 13)
(14, 14)
(14, 15)
(13, 15)
(12, 15)
(12, 16)
(12, 17)
(11, 17)
(10, 17)
(10, 18)
(10, 19)
(11, 19)
(12, 19)
(13, 19)
kaikki ok
Reitin pituus: 15
(12, 13)
(11, 13)
(10, 13)
(10, 14)
(10, 15)
(9, 15)
(8, 15)
(7, 15)
(6, 15)
(5, 15)
(4, 15)
(4, 16)
(4, 17)
(3, 17)
(2, 17)
(1, 17)
kaikki ok
Reitin pituus: 18
(15, 1)
(14, 1)
(13, 1)
(12, 1)
(11, 1)
(10, 1)
(10, 2)
(10, 3)
(9, 3)
(8, 3)
(8, 2)
(8, 1)
(7, 1)
(6, 1)
(5, 1)
(4, 1)
(3, 1)
(2, 1)
(1, 1)
kaikki ok
Reitin pituus: 5
(4, 14)
(4, 13)
(5, 13)
(6, 13)
(6, 12)
(6, 11)
kaikki ok
Reitin pituus: 13
(14, 8)
(14, 9)
(13, 9)
(12, 9)
(12, 10)
(12, 11)
(11, 11)
(10, 11)
(9, 11)
(8, 11)
(7, 11)
(6, 11)
(6, 10)
(6, 9)
kaikki ok
Reitin pituus: 21
(5, 13)
(6, 13)
(6, 12)
(6, 11)
(7, 11)
(8, 11)
(9, 11)
(10, 11)
(11, 11)
(12, 11)
(12, 10)
(12, 9)
(13, 9)
(14, 9)
(14, 8)
(14, 7)
(14, 6)
(14, 5)
(14, 4)
(14, 3)
(15, 3)
(16, 3)
kaikki ok
Reitin pituus: 16
(7, 11)
(6, 11)
(6, 12)
(6, 13)
(7, 13)
(8, 13)
(8, 14)
(8, 15)
(7, 15)
(6, 15)
(6, 16)
(6, 17)
(7, 17)
(8, 17)
(8, 18)
(8, 19)
(9, 19)
kaikki ok
Reitin pituus: 11
(6, 1)
(7, 1)
(8, 1)
(8, 2)
(8, 3)
(9, 3)
(10, 3)
(11, 3)
(12, 3)
(12, 4)
(12, 5)
(11, 5)
kaikki ok
Reitin pituus: 12
(8, 6)
(8, 7)
(7, 7)
(6, 7)
(6, 8)
(6, 9)
(6, 10)
(6, 11)
(6, 12)
(6, 13)
(5, 13)
(4, 13)
(4, 14)
kaikki ok
Reitin pituus: 15
(10, 11)
(9, 11)
(8, 11)
(7, 11)
(6, 11)
(6, 12)
(6, 13)
(7, 13)
(8, 13)
(8, 14)
(8, 15)
(7, 15)
(6, 15)
(6, 16)
(6, 17)
(7, 17)
kaikki ok
Reitin pituus: 23
(1, 5)
(2, 5)
(3, 5)
(4, 5)
(4, 6)
(4, 7)
(4, 8)
(4, 9)
(4, 10)
(4, 11)
(4, 12)
(4, 13)
(4, 14)
(4, 15)
(5, 15)
(6, 15)
(6, 16)
(6, 17)
(7, 17)
(8, 17)
(8, 18)
(8, 19)
(7, 19)
(6, 19)
kaikki ok
Reitin pituus: 14
(8, 18)
(8, 19)
(9, 19)
(10, 19)
(10, 18)
(10, 17)
(11, 17)
(12, 17)
(12, 16)
(12, 15)
(13, 15)
(14, 15)
(14, 14)
(14, 13)
(15, 13)
kaikki ok
Reitin pituus: 31
(17, 1)
(17, 2)
(17, 3)
(17, 4)
(17, 5)
(16, 5)
(15, 5)
(14, 5)
(14, 6)
(14, 7)
(14, 8)
(14, 9)
(14, 10)
(14, 11)
(14, 12)
(14, 13)
(14, 14)
(14, 15)
(13, 15)
(12, 15)
(12, 16)
(12, 17)
(11, 17)
(10, 17)
(10, 18)
(10, 19)
(9, 19)
(8, 19)
(7, 19)
(6, 19)
(5, 19)
(4, 19)
kaikki ok
Reitin pituus: 1
(11, 5)
(10, 5)
kaikki ok
Reitin pituus: 9
(7, 5)
(8, 5)
(8, 6)
(8, 7)
(7, 7)
(6, 7)
(6, 8)
(6, 9)
(6, 10)
(6, 11)
kaikki ok
Reitin pituus: 15
(6, 17)
(6, 16)
(6, 15)
(7, 15)
(8, 15)
(9, 15)
(10, 15)
(10, 14)
(10, 13)
(11, 13)
(12, 13)
(12, 12)
(12, 11)
(12, 10)
(12, 9)
(13, 9)
kaikki ok
Reitin pituus: 5
(12, 15)
(13, 15)
(14, 15)
(14, 14)
(14, 13)
(15, 13)
kaikki ok
Reitin pituus: 1
(4, 16)
(4, 15)
kaikki ok
Reitin pituus: 17
(6, 19)
(7, 19)
(8, 19)
(8, 18)
(8, 17)
(7, 17)
(6, 17)
(6, 16)
(6, 15)
(5, 15)
(4, 15)
(4, 14)
(4, 13)
(5, 13)
(6, 13)
(6, 12)
(6, 11)
(6, 10)
kaikki ok
Reitin pituus: 7
(15, 19)
(14, 19)
(13, 19)
(12, 19)
(11, 19)
(10, 19)
(10, 18)
(10, 17)
kaikki ok
Reitin pituus: 10
(17, 13)
(16, 13)
(15, 13)
(14, 13)
(14, 12)
(14, 11)
(14, 10)
(14, 9)
(14, 8)
(14, 7)
(14, 6)
kaikki ok
Reitin pituus: 9
(4, 7)
(4, 6)
(4, 5)
(4, 4)
(4, 3)
(3, 3)
(2, 3)
(1, 3)
(1, 2)
(1, 1)
kaikki ok
Reitin pituus: 19
(1, 5)
(1, 4)
(1, 3)
(2, 3)
(3, 3)
(4, 3)
(5, 3)
(6, 3)
(7, 3)
(8, 3)
(9, 3)
(10, 3)
(11, 3)
(12, 3)
(13, 3)
(14, 3)
(14, 4)
(14, 5)
(14, 6)
(14, 7)
kaikki ok
Reitin pituus: 9
(10, 15)
(9, 15)
(8, 15)
(8, 14)
(8, 13)
(7, 13)
(6, 13)
(6, 12)
(6, 11)
(7, 11)
kaikki ok
Reitin pituus: 4
(14, 4)
(14, 3)
(14, 2)
(14, 1)
(13, 1)
kaikki ok
Reitin pituus: 25
(7, 19)
(8, 19)
(8, 18)
(8, 17)
(7, 17)
(6, 17)
(6, 16)
(6, 15)
(5, 15)
(4, 15)
(4, 14)
(4, 13)
(4, 12)
(4, 11)
(4, 10)
(4, 9)
(4, 8)
(4, 7)
(4, 6)
(4, 5)
(4, 4)
(4, 3)
(4, 2)
(4, 1)
(5, 1)
(6, 1)
kaikki ok
Reitin pituus: 12
(3, 19)
(4, 19)
(5, 19)
(6, 19)
(7, 19)
(8, 19)
(9, 19)
(10, 19)
(10, 18)
(10, 17)
(11, 17)
(12, 17)
(12, 16)
kaikki ok
Reitin pituus: 13
(14, 16)
(14, 15)
(13, 15)
(12, 15)
(12, 16)
(12, 17)
(11, 17)
(10, 17)
(10, 18)
(10, 19)
(9, 19)
(8, 19)
(7, 19)
(6, 19)
kaikki ok
Reitin pituus: 10
(15, 17)
(14, 17)
(14, 16)
(14, 15)
(13, 15)
(12, 15)
(12, 16)
(12, 17)
(11, 17)
(10, 17)
(10, 18)
kaikki ok
Reitin pituus: 9
(2, 15)
(2, 16)
(2, 17)
(3, 17)
(4, 17)
(4, 16)
(4, 15)
(5, 15)
(6, 15)
(7, 15)
kaikki ok
Reitin pituus: 6
(8, 7)
(7, 7)
(6, 7)
(6, 8)
(6, 9)
(6, 10)
(6, 11)
kaikki ok
Reitin pituus: 27
(15, 5)
(14, 5)
(14, 6)
(14, 7)
(14, 8)
(14, 9)
(14, 10)
(14, 11)
(14, 12)
(14, 13)
(14, 14)
(14, 15)
(13, 15)
(12, 15)
(12, 16)
(12, 17)
(11, 17)
(10, 17)
(10, 18)
(10, 19)
(9, 19)
(8, 19)
(7, 19)
(6, 19)
(5, 19)
(4, 19)
(3, 19)
(2, 19)
kaikki ok
Reitin pituus: 0
(2, 3)
kaikki ok
Reitin pituus: 13
(10, 6)
(10, 7)
(9, 7)
(8, 7)
(7, 7)
(6, 7)
(6, 8)
(6, 9)
(5, 9)
(4, 9)
(4, 10)
(4, 11)
(4, 12)
(4, 13)
kaikki ok
Reitin pituus: 25
(1, 5)
(2, 5)
(3, 5)
(4, 5)
(4, 6)
(4, 7)
(4, 8)
(4, 9)
(4, 10)
(4, 11)
(4, 12)
(4, 13)
(4, 14)
(4, 15)
(5, 15)
(6, 15)
(6, 16)
(6, 17)
(7, 17)
(8, 17)
(8, 18)
(8, 19)
(9, 19)
(10, 19)
(11, 19)
(12, 19)
kaikki ok
Reitin pituus: 4
(12, 9)
(12, 10)
(12, 11)
(11, 11)
(10, 11)
kaikki ok
Reitin pituus: 14
(4, 17)
(4, 16)
(4, 15)
(5, 15)
(6, 15)
(7, 15)
(8, 15)
(9, 15)
(10, 15)
(11, 15)
(12, 15)
(13, 15)
(14, 15)
(14, 16)
(14, 17)
kaikki ok
Reitin pituus: 14
(6, 8)
(6, 9)
(6, 10)
(6, 11)
(6, 12)
(6, 13)
(7, 13)
(8, 13)
(8, 14)
(8, 15)
(9, 15)
(10, 15)
(11, 15)
(12, 15)
(13, 15)
kaikki ok
Reitin pituus: 14
(5, 13)
(4, 13)
(4, 14)
(4, 15)
(5, 15)
(6, 15)
(6, 16)
(6, 17)
(7, 17)
(8, 17)
(8, 18)
(8, 19)
(9, 19)
(10, 19)
(10, 18)
kaikki ok
Reitin pituus: 10
(3, 5)
(4, 5)
(4, 6)
(4, 7)
(4, 8)
(4, 9)
(4, 10)
(4, 11)
(4, 12)
(4, 13)
(3, 13)
kaikki ok
Reitin pituus: 12
(1, 19)
(2, 19)
(3, 19)
(4, 19)
(5, 19)
(6, 19)
(7, 19)
(8, 19)
(9, 19)
(10, 19)
(10, 18)
(10, 17)
(11, 17)
kaikki ok
Reitin pituus: 12
(13, 9)
(12, 9)
(12, 10)
(12, 11)
(11, 11)
(10, 11)
(9, 11)
(8, 11)
(7, 11)
(6, 11)
(6, 12)
(6, 13)
(7, 13)
kaikki ok
Reitin pituus: 0
(8, 5)
kaikki ok
Reitin pituus: 18
(1, 2)
(1, 3)
(1, 4)
(1, 5)
(2, 5)
(3, 5)
(4, 5)
(4, 6)
(4, 7)
(4, 8)
(4, 9)
(4, 10)
(4, 11)
(4, 12)
(4, 13)
(4, 14)
(4, 15)
(4, 16)
(4, 17)
kaikki ok
Reitin pituus: 16
(2, 19)
(1, 19)
(1, 18)
(1, 17)
(2, 17)
(3, 17)
(4, 17)
(4, 16)
(4, 15)
(4, 14)
(4, 13)
(5, 13)
(6, 13)
(6, 12)
(6, 11)
(7, 11)
(8, 11)
kaikki ok
Reitin pituus: 7
(8, 11)
(7, 11)
(6, 11)
(6, 12)
(6, 13)
(5, 13)
(4, 13)
(4, 14)
kaikki ok
Reitin pituus: 15
(16, 5)
(15, 5)
(14, 5)
(14, 6)
(14, 7)
(14, 8)
(14, 9)
(13, 9)
(12, 9)
(12, 8)
(12, 7)
(11, 7)
(10, 7)
(9, 7)
(8, 7)
(7, 7)
kaikki ok
Reitin pituus: 10
(14, 3)
(13, 3)
(12, 3)
(12, 4)
(12, 5)
(11, 5)
(10, 5)
(10, 6)
(10, 7)
(9, 7)
(8, 7)
kaikki ok
Reitin pituus: 5
(12, 7)
(11, 7)
(10, 7)
(9, 7)
(8, 7)
(8, 6)
kaikki ok
Reitin pituus: 9
(6, 11)
(6, 10)
(6, 9)
(6, 8)
(6, 7)
(7, 7)
(8, 7)
(9, 7)
(9, 8)
(9, 9)
kaikki ok
Reitin pituus: 11
(2, 5)
(3, 5)
(4, 5)
(4, 6)
(4, 7)
(4, 8)
(4, 9)
(5, 9)
(6, 9)
(6, 8)
(6, 7)
(7, 7)
kaikki ok
Reitin pituus: 12
(14, 11)
(14, 12)
(14, 13)
(14, 14)
(14, 15)
(13, 15)
(12, 15)
(12, 16)
(12, 17)
(11, 17)
(10, 17)
(10, 18)
(10, 19)
kaikki ok
Reitin pituus: 18
(7, 17)
(6, 17)
(6, 16)
(6, 15)
(7, 15)
(8, 15)
(8, 14)
(8, 13)
(7, 13)
(6, 13)
(6, 12)
(6, 11)
(6, 10)
(6, 9)
(6, 8)
(6, 7)
(7, 7)
(8, 7)
(9, 7)
kaikki ok
Reitin pituus: 21
(17, 18)
(17, 17)
(16, 17)
(15, 17)
(14, 17)
(14, 16)
(14, 15)
(13, 15)
(12, 15)
(11, 15)
(10, 15)
(9, 15)
(8, 15)
(8, 14)
(8, 13)
(7, 13)
(6, 13)
(6, 12)
(6, 11)
(6, 10)
(6, 9)
(5, 9)
kaikki ok
Reitin pituus: 1
(12, 13)
(11, 13)
kaikki ok
Reitin pituus: 25
(8, 19)
(8, 18)
(8, 17)
(7, 17)
(6, 17)
(6, 16)
(6, 15)
(5, 15)
(4, 15)
(4, 14)
(4, 13)
(4, 12)
(4, 11)
(4, 10)
(4, 9)
(4, 8)
(4, 7)
(4, 6)
(4, 5)
(3, 5)
(2, 5)
(1, 5)
(1, 4)
(1, 3)
(1, 2)
(1, 1)
kaikki ok
Reitin pituus: 12
(6, 8)
(6, 9)
(5, 9)
(4, 9)
(4, 10)
(4, 11)
(4, 12)
(4, 13)
(4, 14)
(4, 15)
(5, 15)
(6, 15)
(6, 16)
kaikki ok
Reitin pituus: 25
(14, 19)
(15, 19)
(16, 19)
(17, 19)
(17, 18)
(17, 17)
(16, 17)
(15, 17)
(14, 17)
(14, 16)
(14, 15)
(14, 14)
(14, 13)
(14, 12)
(14, 11)
(14, 10)
(14, 9)
(14, 8)
(14, 7)
(14, 6)
(14, 5)
(14, 4)
(14, 3)
(14, 2)
(14, 1)
(15, 1)
kaikki ok
Reitin pituus: 17
(4, 3)
(4, 4)
(4, 5)
(4, 6)
(4, 7)
(4, 8)
(4, 9)
(4, 10)
(4, 11)
(4, 12)
(4, 13)
(3, 13)
(2, 13)
(1, 13)
(1, 14)
(1, 15)
(2, 15)
(2, 16)
kaikki ok
Reitin pituus: 27
(16, 16)
(16, 17)
(15, 17)
(14, 17)
(14, 16)
(14, 15)
(13, 15)
(12, 15)
(11, 15)
(10, 15)
(9, 15)
(8, 15)
(7, 15)
(6, 15)
(5, 15)
(4, 15)
(4, 14)
(4, 13)
(4, 12)
(4, 11)
(4, 10)
(4, 9)
(4, 8)
(4, 7)
(4, 6)
(4, 5)
(3, 5)
(2, 5)
kaikki ok
Reitin pituus: 17
(6, 5)
(7, 5)
(8, 5)
(8, 6)
(8, 7)
(9, 7)
(10, 7)
(11, 7)
(12, 7)
(12, 8)
(12, 9)
(13, 9)
(14, 9)
(14, 10)
(14, 11)
(14, 12)
(14, 13)
(14, 14)
kaikki ok
Reitin pituus: 7
(14, 9)
(14, 8)
(14, 7)
(14, 6)
(14, 5)
(14, 4)
(14, 3)
(15, 3)
kaikki ok
Reitin pituus: 9
(16, 3)
(15, 3)
(14, 3)
(13, 3)
(12, 3)
(12, 4)
(12, 5)
(11, 5)
(10, 5)
(10, 6)
kaikki ok
Reitin pituus: 21
(4, 9)
(5, 9)
(6, 9)
(6, 10)
(6, 11)
(7, 11)
(8, 11)
(9, 11)
(10, 11)
(11, 11)
(12, 11)
(12, 12)
(12, 13)
(13, 13)
(14, 13)
(14, 14)
(14, 15)
(14, 16)
(14, 17)
(15, 17)
(16, 17)
(17, 17)
kaikki ok
Reitin pituus: 22
(4, 10)
(4, 11)
(4, 12)
(4, 13)
(4, 14)
(4, 15)
(5, 15)
(6, 15)
(6, 16)
(6, 17)
(7, 17)
(8, 17)
(8, 18)
(8, 19)
(9, 19)
(10, 19)
(11, 19)
(12, 19)
(13, 19)
(14, 19)
(15, 19)
(16, 19)
(17, 19)
kaikki ok
Reitin pituus: 19
(17, 14)
(17, 13)
(16, 13)
(15, 13)
(14, 13)
(14, 12)
(14, 11)
(14, 10)
(14, 9)
(14, 8)
(14, 7)
(14, 6)
(14, 5)
(14, 4)
(14, 3)
(14, 2)
(14, 1)
(15, 1)
(16, 1)
(17, 1)
kaikki ok
Reitin pituus: 17
(8, 18)
(8, 19)
(9, 19)
(10, 19)
(10, 18)
(10, 17)
(11, 17)
(12, 17)
(12, 16)
(12, 15)
(13, 15)
(14, 15)
(14, 14)
(14, 13)
(14, 12)
(14, 11)
(14, 10)
(14, 9)
kaikki ok
Reitin pituus: 8
(6, 4)
(6, 5)
(7, 5)
(8, 5)
(8, 6)
(8, 7)
(9, 7)
(10, 7)
(11, 7)
kaikki ok
Reitin pituus: 14
(3, 5)
(4, 5)
(4, 4)
(4, 3)
(5, 3)
(6, 3)
(7, 3)
(8, 3)
(9, 3)
(10, 3)
(10, 2)
(10, 1)
(11, 1)
(12, 1)
(13, 1)
kaikki ok
Reitin pituus: 10
(8, 11)
(9, 11)
(10, 11)
(11, 11)
(12, 11)
(12, 12)
(12, 13)
(13, 13)
(14, 13)
(15, 13)
(16, 13)
kaikki ok
Reitin pituus: 5
(4, 10)
(4, 9)
(5, 9)
(6, 9)
(6, 10)
(6, 11)
kaikki ok
Reitin pituus: 4
(10, 1)
(10, 2)
(10, 3)
(11, 3)
(12, 3)
kaikki ok
Reitin pituus: 18
(1, 1)
(2, 1)
(3, 1)
(4, 1)
(5, 1)
(6, 1)
(7, 1)
(8, 1)
(8, 2)
(8, 3)
(9, 3)
(10, 3)
(11, 3)
(12, 3)
(13, 3)
(14, 3)
(15, 3)
(16, 3)
(17, 3)
kaikki ok
Reitin pituus: 16
(13, 19)
(12, 19)
(11, 19)
(10, 19)
(9, 19)
(8, 19)
(8, 18)
(8, 17)
(7, 17)
(6, 17)
(6, 16)
(6, 15)
(7, 15)
(8, 15)
(8, 14)
(8, 13)
(7, 13)
kaikki ok
Reitin pituus: 22
(8, 1)
(7, 1)
(6, 1)
(5, 1)
(4, 1)
(4, 2)
(4, 3)
(4, 4)
(4, 5)
(4, 6)
(4, 7)
(4, 8)
(4, 9)
(4, 10)
(4, 11)
(4, 12)
(4, 13)
(4, 14)
(4, 15)
(5, 15)
(6, 15)
(6, 16)
(6, 17)
kaikki ok
Reitin pituus: 15
(4, 8)
(4, 9)
(4, 10)
(4, 11)
(4, 12)
(4, 13)
(4, 14)
(4, 15)
(4, 16)
(4, 17)
(3, 17)
(2, 17)
(1, 17)
(1, 18)
(1, 19)
(2, 19)
kaikki ok
Reitin pituus: 16
(1, 14)
(1, 13)
(2, 13)
(3, 13)
(4, 13)
(5, 13)
(6, 13)
(6, 12)
(6, 11)
(7, 11)
(8, 11)
(9, 11)
(10, 11)
(11, 11)
(12, 11)
(12, 10)
(12, 9)
kaikki ok
Reitin pituus: 21
(11, 15)
(10, 15)
(9, 15)
(8, 15)
(8, 14)
(8, 13)
(7, 13)
(6, 13)
(6, 12)
(6, 11)
(6, 10)
(6, 9)
(5, 9)
(4, 9)
(4, 8)
(4, 7)
(4, 6)
(4, 5)
(4, 4)
(4, 3)
(5, 3)
(6, 3)
kaikki ok
Reitin pituus: 12
(9, 8)
(9, 7)
(10, 7)
(10, 6)
(10, 5)
(11, 5)
(12, 5)
(12, 4)
(12, 3)
(11, 3)
(10, 3)
(10, 2)
(10, 1)
kaikki ok
Reitin pituus: 11
(2, 3)
(3, 3)
(4, 3)
(4, 4)
(4, 5)
(4, 6)
(4, 7)
(4, 8)
(4, 9)
(5, 9)
(6, 9)
(6, 8)
kaikki ok
Reitin pituus: 5
(7, 1)
(8, 1)
(8, 2)
(8, 3)
(7, 3)
(6, 3)
kaikki ok
Reitin pituus: 23
(8, 7)
(7, 7)
(6, 7)
(6, 8)
(6, 9)
(6, 10)
(6, 11)
(6, 12)
(6, 13)
(7, 13)
(8, 13)
(8, 14)
(8, 15)
(7, 15)
(6, 15)
(6, 16)
(6, 17)
(7, 17)
(8, 17)
(8, 18)
(8, 19)
(9, 19)
(10, 19)
(11, 19)
kaikki ok
Reitin pituus: 10
(5, 9)
(4, 9)
(4, 10)
(4, 11)
(4, 12)
(4, 13)
(4, 14)
(4, 15)
(4, 16)
(4, 17)
(3, 17)
kaikki ok
Reitin pituus: 21
(8, 17)
(7, 17)
(6, 17)
(6, 16)
(6, 15)
(7, 15)
(8, 15)
(9, 15)
(10, 15)
(10, 14)
(10, 13)
(11, 13)
(12, 13)
(12, 12)
(12, 11)
(12, 10)
(12, 9)
(12, 8)
(12, 7)
(11, 7)
(10, 7)
(10, 6)
kaikki ok
Reitin pituus: 17
(16, 3)
(15, 3)
(14, 3)
(14, 4)
(14, 5)
(14, 6)
(14, 7)
(14, 8)
(14, 9)
(13, 9)
(12, 9)
(12, 10)
(12, 11)
(12, 12)
(12, 13)
(11, 13)
(10, 13)
(10, 14)
kaikki ok
Reitin pituus: 10
(5, 15)
(6, 15)
(7, 15)
(8, 15)
(9, 15)
(10, 15)
(11, 15)
(12, 15)
(13, 15)
(14, 15)
(14, 16)
kaikki ok
Reitin pituus: 17
(12, 8)
(12, 9)
(12, 10)
(12, 11)
(12, 12)
(12, 13)
(13, 13)
(14, 13)
(14, 14)
(14, 15)
(14, 16)
(14, 17)
(15, 17)
(16, 17)
(17, 17)
(17, 18)
(17, 19)
(16, 19)
kaikki ok
Reitin pituus: 24
(10, 17)
(11, 17)
(12, 17)
(12, 16)
(12, 15)
(13, 15)
(14, 15)
(14, 14)
(14, 13)
(14, 12)
(14, 11)
(14, 10)
(14, 9)
(14, 8)
(14, 7)
(14, 6)
(14, 5)
(14, 4)
(14, 3)
(13, 3)
(12, 3)
(11, 3)
(10, 3)
(9, 3)
(8, 3)
kaikki ok
Reitin pituus: 14
(4, 10)
(4, 11)
(4, 12)
(4, 13)
(4, 14)
(4, 15)
(5, 15)
(6, 15)
(6, 16)
(6, 17)
(7, 17)
(8, 17)
(8, 18)
(8, 19)
(9, 19)
kaikki ok
Reitin pituus: 26
(11, 1)
(10, 1)
(10, 2)
(10, 3)
(9, 3)
(8, 3)
(7, 3)
(6, 3)
(5, 3)
(4, 3)
(4, 4)
(4, 5)
(4, 6)
(4, 7)
(4, 8)
(4, 9)
(4, 10)
(4, 11)
(4, 12)
(4, 13)
(4, 14)
(4, 15)
(4, 16)
(4, 17)
(3, 17)
(2, 17)
(1, 17)
kaikki ok
Reitin pituus: 13
(10, 19)
(10, 18)
(10, 17)
(11, 17)
(12, 17)
(12, 16)
(12, 15)
(13, 15)
(14, 15)
(14, 14)
(14, 13)
(15, 13)
(16, 13)
(17, 13)
kaikki ok
Reitin pituus: 18
(10, 17)
(11, 17)
(12, 17)
(12, 16)
(12, 15)
(13, 15)
(14, 15)
(14, 14)
(14, 13)
(14, 12)
(14, 11)
(14, 10)
(14, 9)
(14, 8)
(14, 7)
(14, 6)
(14, 5)
(14, 4)
(14, 3)
kaikki ok
Reitin pituus: 17
(1, 5)
(2, 5)
(3, 5)
(4, 5)
(4, 6)
(4, 7)
(4, 8)
(4, 9)
(4, 10)
(4, 11)
(4, 12)
(4, 13)
(4, 14)
(4, 15)
(5, 15)
(6, 15)
(7, 15)
(8, 15)
kaikki ok
Reitin pituus: 4
(10, 2)
(10, 3)
(9, 3)
(8, 3)
(8, 2)
kaikki ok
Reitin pituus: 22
(7, 1)
(8, 1)
(8, 2)
(8, 3)
(9, 3)
(10, 3)
(11, 3)
(12, 3)
(13, 3)
(14, 3)
(14, 4)
(14, 5)
(14, 6)
(14, 7)
(14, 8)
(14, 9)
(14, 10)
(14, 11)
(14, 12)
(14, 13)
(13, 13)
(12, 13)
(11, 13)
kaikki ok
Reitin pituus: 24
(17, 1)
(17, 2)
(17, 3)
(17, 4)
(17, 5)
(16, 5)
(15, 5)
(14, 5)
(14, 6)
(14, 7)
(14, 8)
(14, 9)
(14, 10)
(14, 11)
(14, 12)
(14, 13)
(14, 14)
(14, 15)
(13, 15)
(12, 15)
(12, 16)
(12, 17)
(11, 17)
(10, 17)
(10, 18)
kaikki ok
Reitin pituus: 7
(7, 11)
(6, 11)
(6, 10)
(6, 9)
(5, 9)
(4, 9)
(4, 8)
(4, 7)
kaikki ok
Reitin pituus: 9
(9, 3)
(10, 3)
(11, 3)
(12, 3)
(13, 3)
(14, 3)
(15, 3)
(16, 3)
(17, 3)
(17, 4)
kaikki ok
Reitin pituus: 16
(12, 10)
(12, 11)
(12, 12)
(12, 13)
(11, 13)
(10, 13)
(10, 14)
(10, 15)
(9, 15)
(8, 15)
(7, 15)
(6, 15)
(6, 16)
(6, 17)
(7, 17)
(8, 17)
(8, 18)
kaikki ok
Reitin pituus: 7
(2, 17)
(3, 17)
(4, 17)
(4, 16)
(4, 15)
(4, 14)
(4, 13)
(5, 13)
kaikki ok
Reitin pituus: 26
(8, 9)
(9, 9)
(9, 8)
(9, 7)
(8, 7)
(7, 7)
(6, 7)
(6, 8)
(6, 9)
(6, 10)
(6, 11)
(6, 12)
(6, 13)
(7, 13)
(8, 13)
(8, 14)
(8, 15)
(7, 15)
(6, 15)
(6, 16)
(6, 17)
(7, 17)
(8, 17)
(8, 18)
(8, 19)
(7, 19)
(6, 19)
kaikki ok
Reitin pituus: 12
(10, 14)
(10, 15)
(9, 15)
(8, 15)
(7, 15)
(6, 15)
(5, 15)
(4, 15)
(4, 16)
(4, 17)
(3, 17)
(2, 17)
(2, 16)
kaikki ok
Reitin pituus: 2
(17, 19)
(16, 19)
(15, 19)
kaikki ok
Reitin pituus: 29
(3, 3)
(4, 3)
(4, 4)
(4, 5)
(4, 6)
(4, 7)
(4, 8)
(4, 9)
(4, 10)
(4, 11)
(4, 12)
(4, 13)
(5, 13)
(6, 13)
(7, 13)
(8, 13)
(8, 14)
(8, 15)
(9, 15)
(10, 15)
(11, 15)
(12, 15)
(13, 15)
(14, 15)
(14, 16)
(14, 17)
(15, 17)
(16, 17)
(17, 17)
(17, 18)
kaikki ok
Reitin pituus: 15
(14, 4)
(14, 5)
(14, 6)
(14, 7)
(14, 8)
(14, 9)
(13, 9)
(12, 9)
(12, 10)
(12, 11)
(12, 12)
(12, 13)
(11, 13)
(10, 13)
(10, 14)
(10, 15)
kaikki ok
Reitin pituus: 27
(10, 17)
(11, 17)
(12, 17)
(12, 16)
(12, 15)
(11, 15)
(10, 15)
(9, 15)
(8, 15)
(7, 15)
(6, 15)
(5, 15)
(4, 15)
(4, 14)
(4, 13)
(4, 12)
(4, 11)
(4, 10)
(4, 9)
(4, 8)
(4, 7)
(4, 6)
(4, 5)
(4, 4)
(4, 3)
(4, 2)
(4, 1)
(3, 1)
kaikki ok
Reitin pituus: 4
(10, 6)
(10, 7)
(9, 7)
(9, 8)
(9, 9)
kaikki ok
Reitin pituus: 9
(4, 5)
(4, 6)
(4, 7)
(4, 8)
(4, 9)
(5, 9)
(6, 9)
(6, 10)
(6, 11)
(6, 12)
kaikki ok
Reitin pituus: 9
(5, 13)
(6, 13)
(6, 12)
(6, 11)
(7, 11)
(8, 11)
(9, 11)
(10, 11)
(11, 11)
(12, 11)
kaikki ok
Reitin pituus: 24
(10, 9)
(9, 9)
(9, 8)
(9, 7)
(8, 7)
(7, 7)
(6, 7)
(6, 8)
(6, 9)
(6, 10)
(6, 11)
(6, 12)
(6, 13)
(7, 13)
(8, 13)
(8, 14)
(8, 15)
(7, 15)
(6, 15)
(6, 16)
(6, 17)
(7, 17)
(8, 17)
(8, 18)
(8, 19)
kaikki ok
Reitin pituus: 31
(17, 2)
(17, 3)
(16, 3)
(15, 3)
(14, 3)
(13, 3)
(12, 3)
(11, 3)
(10, 3)
(9, 3)
(8, 3)
(7, 3)
(6, 3)
(5, 3)
(4, 3)
(4, 4)
(4, 5)
(4, 6)
(4, 7)
(4, 8)
(4, 9)
(4, 10)
(4, 11)
(4, 12)
(4, 13)
(3, 13)
(2, 13)
(1, 13)
(1, 14)
(1, 15)
(2, 15)
(2, 16)
kaikki ok
Reitin pituus: 28
(1, 14)
(1, 13)
(2, 13)
(3, 13)
(4, 13)
(4, 12)
(4, 11)
(4, 10)
(4, 9)
(4, 8)
(4, 7)
(4, 6)
(4, 5)
(4, 4)
(4, 3)
(5, 3)
(6, 3)
(7, 3)
(8, 3)
(9, 3)
(10, 3)
(11, 3)
(12, 3)
(13, 3)
(14, 3)
(15, 3)
(16, 3)
(17, 3)
(17, 2)
kaikki ok
Reitin pituus: 0
(4, 16)
kaikki ok
Reitin pituus: 11
(14, 2)
(14, 3)
(13, 3)
(12, 3)
(12, 4)
(12, 5)
(11, 5)
(10, 5)
(10, 6)
(10, 7)
(11, 7)
(12, 7)
kaikki ok
Reitin pituus: 18
(17, 18)
(17, 17)
(16, 17)
(15, 17)
(14, 17)
(14, 16)
(14, 15)
(14, 14)
(14, 13)
(14, 12)
(14, 11)
(14, 10)
(14, 9)
(14, 8)
(14, 7)
(14, 6)
(14, 5)
(14, 4)
(14, 3)
kaikki ok
Reitin pituus: 14
(1, 19)
(2, 19)
(3, 19)
(4, 19)
(5, 19)
(6, 19)
(7, 19)
(8, 19)
(9, 19)
(10, 19)
(10, 18)
(10, 17)
(11, 17)
(12, 17)
(12, 16)
kaikki ok
Reitin pituus: 13
(4, 12)
(4, 13)
(5, 13)
(6, 13)
(6, 12)
(6, 11)
(7, 11)
(8, 11)
(9, 11)
(10, 11)
(11, 11)
(12, 11)
(12, 12)
(12, 13)
kaikki ok
Reitin pituus: 17
(16, 15)
(16, 16)
(16, 17)
(17, 17)
(17, 18)
(17, 19)
(16, 19)
(15, 19)
(14, 19)
(13, 19)
(12, 19)
(11, 19)
(10, 19)
(9, 19)
(8, 19)
(8, 18)
(8, 17)
(7, 17)
kaikki ok
Reitin pituus: 18
(5, 19)
(6, 19)
(7, 19)
(8, 19)
(9, 19)
(10, 19)
(11, 19)
(12, 19)
(13, 19)
(14, 19)
(15, 19)
(16, 19)
(17, 19)
(17, 18)
(17, 17)
(16, 17)
(16, 16)
(16, 15)
(17, 15)
kaikki ok
Reitin pituus: 18
(16, 1)
(15, 1)
(14, 1)
(14, 2)
(14, 3)
(14, 4)
(14, 5)
(14, 6)
(14, 7)
(14, 8)
(14, 9)
(14, 10)
(14, 11)
(14, 12)
(14, 13)
(15, 13)
(16, 13)
(17, 13)
(17, 14)
kaikki ok
Reitin pituus: 7
(12, 17)
(12, 16)
(12, 15)
(13, 15)
(14, 15)
(14, 14)
(14, 13)
(14, 12)
kaikki ok
Reitin pituus: 26
(15, 5)
(14, 5)
(14, 6)
(14, 7)
(14, 8)
(14, 9)
(13, 9)
(12, 9)
(12, 10)
(12, 11)
(11, 11)
(10, 11)
(9, 11)
(8, 11)
(7, 11)
(6, 11)
(6, 12)
(6, 13)
(5, 13)
(4, 13)
(4, 14)
(4, 15)
(4, 16)
(4, 17)
(3, 17)
(2, 17)
(1, 17)
kaikki ok
Reitin pituus: 13
(10, 14)
(10, 15)
(9, 15)
(8, 15)
(8, 14)
(8, 13)
(7, 13)
(6, 13)
(6, 12)
(6, 11)
(6, 10)
(6, 9)
(6, 8)
(6, 7)
kaikki ok
Reitin pituus: 28
(4, 17)
(4, 16)
(4, 15)
(5, 15)
(6, 15)
(7, 15)
(8, 15)
(9, 15)
(10, 15)
(10, 14)
(10, 13)
(11, 13)
(12, 13)
(12, 12)
(12, 11)
(12, 10)
(12, 9)
(13, 9)
(14, 9)
(14, 8)
(14, 7)
(14, 6)
(14, 5)
(14, 4)
(14, 3)
(14, 2)
(14, 1)
(15, 1)
(16, 1)
kaikki ok
Reitin pituus: 24
(14, 5)
(14, 6)
(14, 7)
(14, 8)
(14, 9)
(13, 9)
(12, 9)
(12, 10)
(12, 11)
(11, 11)
(10, 11)
(9, 11)
(8, 11)
(7, 11)
(6, 11)
(6, 12)
(6, 13)
(5, 13)
(4, 13)
(4, 14)
(4, 15)
(4, 16)
(4, 17)
(3, 17)
(2, 17)
kaikki ok
Reitin pituus: 19
(17, 18)
(17, 17)
(16, 17)
(15, 17)
(14, 17)
(14, 16)
(14, 15)
(13, 15)
(12, 15)
(11, 15)
(10, 15)
(9, 15)
(8, 15)
(8, 14)
(8, 13)
(7, 13)
(6, 13)
(6, 12)
(6, 11)
(6, 10)
kaikki ok
Reitin pituus: 12
(13, 19)
(12, 19)
(11, 19)
(10, 19)
(10, 18)
(10, 17)
(11, 17)
(12, 17)
(12, 16)
(12, 15)
(11, 15)
(10, 15)
(10, 14)
kaikki ok
Reitin pituus: 17
(4, 5)
(4, 6)
(4, 7)
(4, 8)
(4, 9)
(4, 10)
(4, 11)
(4, 12)
(4, 13)
(4, 14)
(4, 15)
(5, 15)
(6, 15)
(6, 16)
(6, 17)
(7, 17)
(8, 17)
(8, 18)
kaikki ok
Reitin pituus: 19
(1, 3)
(2, 3)
(3, 3)
(4, 3)
(5, 3)
(6, 3)
(6, 4)
(6, 5)
(7, 5)
(8, 5)
(8, 6)
(8, 7)
(9, 7)
(10, 7)
(11, 7)
(12, 7)
(12, 8)
(12, 9)
(12, 10)
(12, 11)
kaikki ok
Reitin pituus: 26
(16, 15)
(17, 15)
(17, 14)
(17, 13)
(16, 13)
(15, 13)
(14, 13)
(13, 13)
(12, 13)
(12, 12)
(12, 11)
(11, 11)
(10, 11)
(9, 11)
(8, 11)
(7, 11)
(6, 11)
(6, 10)
(6, 9)
(5, 9)
(4, 9)
(4, 8)
(4, 7)
(4, 6)
(4, 5)
(3, 5)
(2, 5)
kaikki ok
Reitin pituus: 2
(9, 7)
(10, 7)
(10, 6)
kaikki ok
Reitin pituus: 3
(14, 14)
(14, 15)
(14, 16)
(14, 17)
kaikki ok
Reitin pituus: 5
(3, 3)
(4, 3)
(5, 3)
(6, 3)
(6, 4)
(6, 5)
kaikki ok
Reitin pituus: 14
(6, 12)
(6, 11)
(6, 10)
(6, 9)
(5, 9)
(4, 9)
(4, 8)
(4, 7)
(4, 6)
(4, 5)
(3, 5)
(2, 5)
(1, 5)
(1, 4)
(1, 3)
kaikki ok
Reitin pituus: 14
(8, 1)
(8, 2)
(8, 3)
(7, 3)
(6, 3)
(6, 4)
(6, 5)
(7, 5)
(8, 5)
(8, 6)
(8, 7)
(9, 7)
(10, 7)
(11, 7)
(12, 7)
kaikki ok
Reitin pituus: 11
(13, 9)
(14, 9)
(14, 8)
(14, 7)
(14, 6)
(14, 5)
(14, 4)
(14, 3)
(14, 2)
(14, 1)
(13, 1)
(12, 1)
kaikki ok
Reitin pituus: 26
(4, 19)
(3, 19)
(2, 19)
(1, 19)
(1, 18)
(1, 17)
(2, 17)
(3, 17)
(4, 17)
(4, 16)
(4, 15)
(4, 14)
(4, 13)
(4, 12)
(4, 11)
(4, 10)
(4, 9)
(4, 8)
(4, 7)
(4, 6)
(4, 5)
(4, 4)
(4, 3)
(5, 3)
(6, 3)
(6, 4)
(6, 5)
kaikki ok
Reitin pituus: 26
(5, 19)
(6, 19)
(7, 19)
(8, 19)
(8, 18)
(8, 17)
(7, 17)
(6, 17)
(6, 16)
(6, 15)
(5, 15)
(4, 15)
(4, 14)
(4, 13)
(5, 13)
(6, 13)
(6, 12)
(6, 11)
(6, 10)
(6, 9)
(6, 8)
(6, 7)
(7, 7)
(8, 7)
(9, 7)
(9, 8)
(9, 9)
kaikki ok
Reitin pituus: 12
(9, 9)
(9, 8)
(9, 7)
(10, 7)
(11, 7)
(12, 7)
(12, 8)
(12, 9)
(12, 10)
(12, 11)
(12, 12)
(12, 13)
(11, 13)
kaikki ok
Reitin pituus: 9
(8, 6)
(8, 7)
(7, 7)
(6, 7)
(6, 8)
(6, 9)
(5, 9)
(4, 9)
(4, 8)
(4, 7)
kaikki ok
Reitin pituus: 18
(12, 4)
(12, 3)
(13, 3)
(14, 3)
(14, 4)
(14, 5)
(14, 6)
(14, 7)
(14, 8)
(14, 9)
(14, 10)
(14, 11)
(14, 12)
(14, 13)
(14, 14)
(14, 15)
(14, 16)
(14, 17)
(15, 17)
kaikki ok
Reitin pituus: 2
(4, 4)
(4, 3)
(4, 2)
kaikki ok
Reitin pituus: 13
(16, 3)
(15, 3)
(14, 3)
(13, 3)
(12, 3)
(11, 3)
(10, 3)
(9, 3)
(8, 3)
(7, 3)
(6, 3)
(5, 3)
(4, 3)
(3, 3)
kaikki ok
Reitin pituus: 9
(12, 5)
(11, 5)
(10, 5)
(10, 6)
(10, 7)
(11, 7)
(12, 7)
(12, 8)
(12, 9)
(12, 10)
kaikki ok
Reitin pituus: 5
(14, 12)
(14, 13)
(13, 13)
(12, 13)
(12, 12)
(12, 11)
kaikki ok
Reitin pituus: 14
(4, 16)
(4, 15)
(5, 15)
(6, 15)
(7, 15)
(8, 15)
(9, 15)
(10, 15)
(11, 15)
(12, 15)
(13, 15)
(14, 15)
(14, 16)
(14, 17)
(15, 17)
kaikki ok
Reitin pituus: 3
(8, 3)
(7, 3)
(6, 3)
(5, 3)
kaikki ok
Reitin pituus: 4
(7, 15)
(8, 15)
(8, 14)
(8, 13)
(7, 13)
kaikki ok
Reitin pituus: 15
(4, 17)
(4, 16)
(4, 15)
(4, 14)
(4, 13)
(5, 13)
(6, 13)
(6, 12)
(6, 11)
(6, 10)
(6, 9)
(6, 8)
(6, 7)
(7, 7)
(8, 7)
(8, 6)
kaikki ok
Reitin pituus: 10
(8, 11)
(9, 11)
(10, 11)
(11, 11)
(12, 11)
(12, 12)
(12, 13)
(11, 13)
(10, 13)
(10, 14)
(10, 15)
kaikki ok
Reitin pituus: 13
(2, 13)
(3, 13)
(4, 13)
(5, 13)
(6, 13)
(6, 12)
(6, 11)
(6, 10)
(6, 9)
(6, 8)
(6, 7)
(7, 7)
(8, 7)
(8, 6)
kaikki ok
Reitin pituus: 9
(4, 9)
(4, 10)
(4, 11)
(4, 12)
(4, 13)
(4, 14)
(4, 15)
(5, 15)
(6, 15)
(6, 16)
kaikki ok
Reitin pituus: 16
(3, 3)
(4, 3)
(5, 3)
(6, 3)
(7, 3)
(8, 3)
(9, 3)
(10, 3)
(11, 3)
(12, 3)
(13, 3)
(14, 3)
(14, 4)
(14, 5)
(15, 5)
(16, 5)
(17, 5)
kaikki ok
Reitin pituus: 13
(17, 17)
(16, 17)
(15, 17)
(14, 17)
(14, 16)
(14, 15)
(13, 15)
(12, 15)
(11, 15)
(10, 15)
(9, 15)
(8, 15)
(7, 15)
(6, 15)
kaikki ok
Reitin pituus: 11
(6, 11)
(6, 10)
(6, 9)
(5, 9)
(4, 9)
(4, 8)
(4, 7)
(4, 6)
(4, 5)
(4, 4)
(4, 3)
(4, 2)
kaikki ok
Reitin pituus: 18
(2, 13)
(3, 13)
(4, 13)
(4, 12)
(4, 11)
(4, 10)
(4, 9)
(4, 8)
(4, 7)
(4, 6)
(4, 5)
(4, 4)
(4, 3)
(5, 3)
(6, 3)
(7, 3)
(8, 3)
(8, 2)
(8, 1)
kaikki ok
Reitin pituus: 11
(16, 16)
(16, 17)
(15, 17)
(14, 17)
(14, 16)
(14, 15)
(13, 15)
(12, 15)
(11, 15)
(10, 15)
(10, 14)
(10, 13)
kaikki ok
Reitin pituus: 15
(4, 11)
(4, 12)
(4, 13)
(4, 14)
(4, 15)
(4, 16)
(4, 17)
(3, 17)
(2, 17)
(1, 17)
(1, 18)
(1, 19)
(2, 19)
(3, 19)
(4, 19)
(5, 19)
kaikki ok
Reitin pituus: 4
(6, 9)
(6, 10)
(6, 11)
(7, 11)
(8, 11)
kaikki ok
Reitin pituus: 6
(10, 5)
(10, 6)
(10, 7)
(9, 7)
(9, 8)
(9, 9)
(10, 9)
kaikki ok
Reitin pituus: 15
(2, 3)
(3, 3)
(4, 3)
(4, 4)
(4, 5)
(4, 6)
(4, 7)
(4, 8)
(4, 9)
(5, 9)
(6, 9)
(6, 10)
(6, 11)
(6, 12)
(6, 13)
(7, 13)
kaikki ok
Reitin pituus: 11
(3, 5)
(4, 5)
(4, 6)
(4, 7)
(4, 8)
(4, 9)
(4, 10)
(4, 11)
(4, 12)
(4, 13)
(3, 13)
(2, 13)
kaikki ok
Reitin pituus: 6
(9, 3)
(10, 3)
(11, 3)
(12, 3)
(12, 4)
(12, 5)
(11, 5)
kaikki ok
Reitin pituus: 8
(11, 3)
(12, 3)
(13, 3)
(14, 3)
(14, 4)
(14, 5)
(14, 6)
(14, 7)
(14, 8)
kaikki ok
Reitin pituus: 20
(4, 16)
(4, 15)
(5, 15)
(6, 15)
(7, 15)
(8, 15)
(9, 15)
(10, 15)
(10, 14)
(10, 13)
(11, 13)
(12, 13)
(12, 12)
(12, 11)
(12, 10)
(12, 9)
(13, 9)
(14, 9)
(14, 8)
(14, 7)
(14, 6)
kaikki ok
Reitin pituus: 11
(15, 13)
(14, 13)
(13, 13)
(12, 13)
(12, 12)
(12, 11)
(11, 11)
(10, 11)
(9, 11)
(8, 11)
(7, 11)
(6, 11)
kaikki ok
Reitin pituus: 14
(4, 2)
(4, 3)
(5, 3)
(6, 3)
(7, 3)
(8, 3)
(9, 3)
(10, 3)
(11, 3)
(12, 3)
(13, 3)
(14, 3)
(14, 4)
(14, 5)
(14, 6)
kaikki ok
Reitin pituus: 14
(12, 13)
(13, 13)
(14, 13)
(14, 12)
(14, 11)
(14, 10)
(14, 9)
(14, 8)
(14, 7)
(14, 6)
(14, 5)
(15, 5)
(16, 5)
(17, 5)
(17, 4)
kaikki ok
Reitin pituus: 19
(14, 1)
(14, 2)
(14, 3)
(14, 4)
(14, 5)
(14, 6)
(14, 7)
(14, 8)
(14, 9)
(13, 9)
(12, 9)
(12, 10)
(12, 11)
(12, 12)
(12, 13)
(11, 13)
(10, 13)
(10, 14)
(10, 15)
(9, 15)
kaikki ok
Reitin pituus: 11
(6, 5)
(7, 5)
(8, 5)
(8, 6)
(8, 7)
(9, 7)
(10, 7)
(11, 7)
(12, 7)
(12, 8)
(12, 9)
(12, 10)
kaikki ok
Reitin pituus: 3
(12, 11)
(12, 10)
(12, 9)
(12, 8)
kaikki ok
Reitin pituus: 9
(4, 9)
(5, 9)
(6, 9)
(6, 8)
(6, 7)
(7, 7)
(8, 7)
(9, 7)
(10, 7)
(11, 7)
kaikki ok
Reitin pituus: 14
(10, 2)
(10, 3)
(9, 3)
(8, 3)
(7, 3)
(6, 3)
(6, 4)
(6, 5)
(7, 5)
(8, 5)
(8, 6)
(8, 7)
(7, 7)
(6, 7)
(6, 8)
kaikki ok
Reitin pituus: 25
(17, 14)
(17, 13)
(16, 13)
(15, 13)
(14, 13)
(14, 12)
(14, 11)
(14, 10)
(14, 9)
(14, 8)
(14, 7)
(14, 6)
(14, 5)
(14, 4)
(14, 3)
(13, 3)
(12, 3)
(11, 3)
(10, 3)
(9, 3)
(8, 3)
(7, 3)
(6, 3)
(5, 3)
(4, 3)
(4, 2)
kaikki ok
Reitin pituus: 14
(6, 19)
(7, 19)
(8, 19)
(8, 18)
(8, 17)
(7, 17)
(6, 17)
(6, 16)
(6, 15)
(5, 15)
(4, 15)
(4, 14)
(4, 13)
(5, 13)
(6, 13)
kaikki ok
Reitin pituus: 7
(16, 13)
(15, 13)
(14, 13)
(14, 14)
(14, 15)
(14, 16)
(14, 17)
(15, 17)
kaikki ok
Reitin pituus: 12
(15, 13)
(14, 13)
(14, 12)
(14, 11)
(14, 10)
(14, 9)
(14, 8)
(14, 7)
(14, 6)
(14, 5)
(14, 4)
(14, 3)
(13, 3)
kaikki ok
Reitin pituus: 16
(12, 9)
(13, 9)
(14, 9)
(14, 10)
(14, 11)
(14, 12)
(14, 13)
(14, 14)
(14, 15)
(14, 16)
(14, 17)
(15, 17)
(16, 17)
(17, 17)
(17, 18)
(17, 19)
(16, 19)
kaikki ok
Reitin pituus: 23
(6, 3)
(6, 4)
(6, 5)
(7, 5)
(8, 5)
(8, 6)
(8, 7)
(9, 7)
(10, 7)
(11, 7)
(12, 7)
(12, 8)
(12, 9)
(13, 9)
(14, 9)
(14, 10)
(14, 11)
(14, 12)
(14, 13)
(14, 14)
(14, 15)
(13, 15)
(12, 15)
(12, 16)
kaikki ok
Reitin pituus: 27
(7, 19)
(8, 19)
(9, 19)
(10, 19)
(10, 18)
(10, 17)
(11, 17)
(12, 17)
(12, 16)
(12, 15)
(13, 15)
(14, 15)
(14, 14)
(14, 13)
(14, 12)
(14, 11)
(14, 10)
(14, 9)
(14, 8)
(14, 7)
(14, 6)
(14, 5)
(15, 5)
(16, 5)
(17, 5)
(17, 4)
(17, 3)
(17, 2)
kaikki ok
Reitin pituus: 5
(12, 17)
(12, 16)
(12, 15)
(13, 15)
(14, 15)
(14, 16)
kaikki ok
Reitin pituus: 21
(6, 7)
(6, 8)
(6, 9)
(6, 10)
(6, 11)
(6, 12)
(6, 13)
(7, 13)
(8, 13)
(8, 14)
(8, 15)
(9, 15)
(10, 15)
(11, 15)
(12, 15)
(13, 15)
(14, 15)
(14, 16)
(14, 17)
(15, 17)
(16, 17)
(17, 17)
kaikki ok
Reitin pituus: 8
(7, 15)
(8, 15)
(8, 14)
(8, 13)
(7, 13)
(6, 13)
(6, 12)
(6, 11)
(6, 10)
kaikki ok
Reitin pituus: 13
(14, 2)
(14, 3)
(13, 3)
(12, 3)
(11, 3)
(10, 3)
(9, 3)
(8, 3)
(7, 3)
(6, 3)
(5, 3)
(4, 3)
(3, 3)
(2, 3)
kaikki ok
Reitin pituus: 16
(10, 14)
(10, 13)
(11, 13)
(12, 13)
(12, 12)
(12, 11)
(12, 10)
(12, 9)
(12, 8)
(12, 7)
(11, 7)
(10, 7)
(9, 7)
(8, 7)
(8, 6)
(8, 5)
(7, 5)
kaikki ok
Reitin pituus: 8
(1, 17)
(2, 17)
(2, 16)
(2, 15)
(1, 15)
(1, 14)
(1, 13)
(2, 13)
(3, 13)
kaikki ok
Reitin pituus: 3
(17, 14)
(17, 13)
(16, 13)
(15, 13)
kaikki ok
Reitin pituus: 19
(8, 7)
(9, 7)
(10, 7)
(11, 7)
(12, 7)
(12, 8)
(12, 9)
(12, 10)
(12, 11)
(12, 12)
(12, 13)
(13, 13)
(14, 13)
(14, 14)
(14, 15)
(13, 15)
(12, 15)
(12, 16)
(12, 17)
(11, 17)
kaikki ok
Reitin pituus: 8
(11, 13)
(10, 13)
(10, 14)
(10, 15)
(9, 15)
(8, 15)
(7, 15)
(6, 15)
(5, 15)
kaikki ok
Reitin pituus: 13
(10, 1)
(10, 2)
(10, 3)
(9, 3)
(8, 3)
(7, 3)
(6, 3)
(5, 3)
(4, 3)
(4, 4)
(4, 5)
(3, 5)
(2, 5)
(1, 5)
kaikki ok
Reitin pituus: 3
(17, 1)
(17, 2)
(17, 3)
(17, 4)
kaikki ok
Reitin pituus: 17
(15, 17)
(14, 17)
(14, 16)
(14, 15)
(14, 14)
(14, 13)
(14, 12)
(14, 11)
(14, 10)
(14, 9)
(14, 8)
(14, 7)
(14, 6)
(14, 5)
(14, 4)
(14, 3)
(15, 3)
(16, 3)
kaikki ok
Reitin pituus: 9
(14, 15)
(14, 14)
(14, 13)
(13, 13)
(12, 13)
(12, 12)
(12, 11)
(12, 10)
(12, 9)
(12, 8)
kaikki ok
Reitin pituus: 5
(11, 1)
(10, 1)
(10, 2)
(10, 3)
(11, 3)
(12, 3)
kaikki ok
Reitin pituus: 12
(4, 8)
(4, 9)
(4, 10)
(4, 11)
(4, 12)
(4, 13)
(4, 14)
(4, 15)
(4, 16)
(4, 17)
(3, 17)
(2, 17)
(1, 17)
kaikki ok
Reitin pituus: 11
(4, 14)
(4, 15)
(5, 15)
(6, 15)
(6, 16)
(6, 17)
(7, 17)
(8, 17)
(8, 18)
(8, 19)
(7, 19)
(6, 19)
kaikki ok
Reitin pituus: 16
(10, 15)
(10, 14)
(10, 13)
(11, 13)
(12, 13)
(12, 12)
(12, 11)
(12, 10)
(12, 9)
(13, 9)
(14, 9)
(14, 8)
(14, 7)
(14, 6)
(14, 5)
(15, 5)
(16, 5)
kaikki ok
Reitin pituus: 17
(12, 8)
(12, 9)
(12, 10)
(12, 11)
(12, 12)
(12, 13)
(11, 13)
(10, 13)
(10, 14)
(10, 15)
(9, 15)
(8, 15)
(7, 15)
(6, 15)
(5, 15)
(4, 15)
(4, 16)
(4, 17)
kaikki ok
Reitin pituus: 20
(2, 17)
(3, 17)
(4, 17)
(4, 16)
(4, 15)
(4, 14)
(4, 13)
(4, 12)
(4, 11)
(4, 10)
(4, 9)
(5, 9)
(6, 9)
(6, 8)
(6, 7)
(7, 7)
(8, 7)
(9, 7)
(9, 8)
(9, 9)
(10, 9)
kaikki ok
Reitin pituus: 5
(7, 5)
(8, 5)
(8, 6)
(8, 7)
(9, 7)
(9, 8)
kaikki ok
Reitin pituus: 14
(4, 9)
(5, 9)
(6, 9)
(6, 8)
(6, 7)
(7, 7)
(8, 7)
(9, 7)
(10, 7)
(10, 6)
(10, 5)
(11, 5)
(12, 5)
(12, 4)
(12, 3)
kaikki ok
Reitin pituus: 3
(17, 5)
(17, 4)
(17, 3)
(17, 2)
kaikki ok
Reitin pituus: 9
(12, 10)
(12, 11)
(12, 12)
(12, 13)
(11, 13)
(10, 13)
(10, 14)
(10, 15)
(9, 15)
(8, 15)
kaikki ok
Reitin pituus: 5
(2, 17)
(1, 17)
(1, 18)
(1, 19)
(2, 19)
(3, 19)
kaikki ok
Reitin pituus: 11
(1, 17)
(2, 17)
(3, 17)
(4, 17)
(4, 16)
(4, 15)
(4, 14)
(4, 13)
(4, 12)
(4, 11)
(4, 10)
(4, 9)
kaikki ok
Reitin pituus: 21
(10, 7)
(11, 7)
(12, 7)
(12, 8)
(12, 9)
(13, 9)
(14, 9)
(14, 10)
(14, 11)
(14, 12)
(14, 13)
(14, 14)
(14, 15)
(13, 15)
(12, 15)
(12, 16)
(12, 17)
(11, 17)
(10, 17)
(10, 18)
(10, 19)
(9, 19)
kaikki ok
Reitin pituus: 17
(17, 5)
(17, 4)
(17, 3)
(16, 3)
(15, 3)
(14, 3)
(13, 3)
(12, 3)
(11, 3)
(10, 3)
(9, 3)
(8, 3)
(8, 2)
(8, 1)
(7, 1)
(6, 1)
(5, 1)
(4, 1)
kaikki ok
Reitin pituus: 12
(3, 3)
(4, 3)
(5, 3)
(6, 3)
(7, 3)
(8, 3)
(9, 3)
(10, 3)
(11, 3)
(12, 3)
(13, 3)
(14, 3)
(14, 2)
kaikki ok
Reitin pituus: 18
(6, 4)
(6, 3)
(5, 3)
(4, 3)
(4, 4)
(4, 5)
(4, 6)
(4, 7)
(4, 8)
(4, 9)
(4, 10)
(4, 11)
(4, 12)
(4, 13)
(4, 14)
(4, 15)
(4, 16)
(4, 17)
(3, 17)
kaikki ok
Reitin pituus: 13
(14, 13)
(13, 13)
(12, 13)
(12, 12)
(12, 11)
(12, 10)
(12, 9)
(12, 8)
(12, 7)
(11, 7)
(10, 7)
(9, 7)
(8, 7)
(8, 6)
kaikki ok
Reitin pituus: 8
(14, 6)
(14, 7)
(14, 8)
(14, 9)
(13, 9)
(12, 9)
(12, 10)
(12, 11)
(12, 12)
kaikki ok
Reitin pituus: 19
(2, 13)
(3, 13)
(4, 13)
(4, 14)
(4, 15)
(5, 15)
(6, 15)
(6, 16)
(6, 17)
(7, 17)
(8, 17)
(8, 18)
(8, 19)
(9, 19)
(10, 19)
(11, 19)
(12, 19)
(13, 19)
(14, 19)
(15, 19)
kaikki ok
Reitin pituus: 18
(4, 17)
(4, 16)
(4, 15)
(5, 15)
(6, 15)
(7, 15)
(8, 15)
(9, 15)
(10, 15)
(10, 14)
(10, 13)
(11, 13)
(12, 13)
(13, 13)
(14, 13)
(15, 13)
(16, 13)
(17, 13)
(17, 14)
kaikki ok
Reitin pituus: 24
(2, 1)
(3, 1)
(4, 1)
(4, 2)
(4, 3)
(5, 3)
(6, 3)
(6, 4)
(6, 5)
(7, 5)
(8, 5)
(8, 6)
(8, 7)
(9, 7)
(10, 7)
(11, 7)
(12, 7)
(12, 8)
(12, 9)
(12, 10)
(12, 11)
(12, 12)
(12, 13)
(11, 13)
(10, 13)
kaikki ok
Reitin pituus: 14
(10, 18)
(10, 19)
(9, 19)
(8, 19)
(7, 19)
(6, 19)
(5, 19)
(4, 19)
(3, 19)
(2, 19)
(1, 19)
(1, 18)
(1, 17)
(2, 17)
(2, 16)
kaikki ok
Reitin pituus: 7
(4, 10)
(4, 9)
(4, 8)
(4, 7)
(4, 6)
(4, 5)
(3, 5)
(2, 5)
kaikki ok
Reitin pituus: 8
(14, 12)
(14, 13)
(13, 13)
(12, 13)
(12, 12)
(12, 11)
(11, 11)
(10, 11)
(9, 11)
kaikki ok
Reitin pituus: 13
(6, 10)
(6, 11)
(6, 12)
(6, 13)
(7, 13)
(8, 13)
(8, 14)
(8, 15)
(9, 15)
(10, 15)
(11, 15)
(12, 15)
(12, 16)
(12, 17)
kaikki ok
Reitin pituus: 17
(5, 19)
(6, 19)
(7, 19)
(8, 19)
(9, 19)
(10, 19)
(11, 19)
(12, 19)
(13, 19)
(14, 19)
(15, 19)
(16, 19)
(17, 19)
(17, 18)
(17, 17)
(16, 17)
(16, 16)
(16, 15)
kaikki ok
Reitin pituus: 6
(4, 4)
(4, 3)
(5, 3)
(6, 3)
(7, 3)
(8, 3)
(8, 2)
kaikki ok
Reitin pituus: 9
(17, 15)
(17, 14)
(17, 13)
(16, 13)
(15, 13)
(14, 13)
(13, 13)
(12, 13)
(12, 12)
(12, 11)
kaikki ok
Reitin pituus: 12
(1, 17)
(2, 17)
(3, 17)
(4, 17)
(4, 16)
(4, 15)
(4, 14)
(4, 13)
(4, 12)
(4, 11)
(4, 10)
(4, 9)
(4, 8)
kaikki ok
Reitin pituus: 18
(9, 15)
(8, 15)
(8, 14)
(8, 13)
(7, 13)
(6, 13)
(6, 12)
(6, 11)
(6, 10)
(6, 9)
(5, 9)
(4, 9)
(4, 8)
(4, 7)
(4, 6)
(4, 5)
(3, 5)
(2, 5)
(1, 5)
kaikki ok
Reitin pituus: 10
(8, 6)
(8, 5)
(7, 5)
(6, 5)
(6, 4)
(6, 3)
(5, 3)
(4, 3)
(4, 2)
(4, 1)
(3, 1)
kaikki ok
Reitin pituus: 11
(8, 2)
(8, 3)
(7, 3)
(6, 3)
(6, 4)
(6, 5)
(7, 5)
(8, 5)
(8, 6)
(8, 7)
(9, 7)
(10, 7)
kaikki ok
Reitin pituus: 13
(9, 8)
(9, 7)
(10, 7)
(10, 6)
(10, 5)
(11, 5)
(12, 5)
(12, 4)
(12, 3)
(13, 3)
(14, 3)
(15, 3)
(16, 3)
(17, 3)
kaikki ok
Reitin pituus: 14
(3, 19)
(2, 19)
(1, 19)
(1, 18)
(1, 17)
(2, 17)
(3, 17)
(4, 17)
(4, 16)
(4, 15)
(4, 14)
(4, 13)
(4, 12)
(4, 11)
(4, 10)
kaikki ok
Reitin pituus: 9
(9, 8)
(9, 7)
(10, 7)
(10, 6)
(10, 5)
(11, 5)
(12, 5)
(12, 4)
(12, 3)
(11, 3)
kaikki ok
Reitin pituus: 9
(12, 12)
(12, 13)
(11, 13)
(10, 13)
(10, 14)
(10, 15)
(11, 15)
(12, 15)
(12, 16)
(12, 17)
kaikki ok
Reitin pituus: 13
(17, 2)
(17, 3)
(16, 3)
(15, 3)
(14, 3)
(13, 3)
(12, 3)
(11, 3)
(10, 3)
(9, 3)
(8, 3)
(7, 3)
(6, 3)
(5, 3)
kaikki ok
Reitin pituus: 15
(15, 1)
(14, 1)
(13, 1)
(12, 1)
(11, 1)
(10, 1)
(10, 2)
(10, 3)
(9, 3)
(8, 3)
(8, 2)
(8, 1)
(7, 1)
(6, 1)
(5, 1)
(4, 1)
kaikki ok
Reitin pituus: 12
(7, 5)
(6, 5)
(6, 4)
(6, 3)
(7, 3)
(8, 3)
(9, 3)
(10, 3)
(11, 3)
(12, 3)
(13, 3)
(14, 3)
(14, 2)
kaikki ok
Reitin pituus: 7
(7, 17)
(6, 17)
(6, 16)
(6, 15)
(5, 15)
(4, 15)
(4, 16)
(4, 17)
kaikki ok
Reitin pituus: 24
(4, 5)
(4, 6)
(4, 7)
(4, 8)
(4, 9)
(5, 9)
(6, 9)
(6, 10)
(6, 11)
(7, 11)
(8, 11)
(9, 11)
(10, 11)
(11, 11)
(12, 11)
(12, 12)
(12, 13)
(13, 13)
(14, 13)
(15, 13)
(16, 13)
(17, 13)
(17, 14)
(17, 15)
(16, 15)
kaikki ok
Reitin pituus: 9
(10, 14)
(10, 13)
(11, 13)
(12, 13)
(12, 12)
(12, 11)
(12, 10)
(12, 9)
(12, 8)
(12, 7)
kaikki ok
Reitin pituus: 13
(10, 11)
(11, 11)
(12, 11)
(12, 10)
(12, 9)
(13, 9)
(14, 9)
(14, 8)
(14, 7)
(14, 6)
(14, 5)
(14, 4)
(14, 3)
(13, 3)
kaikki ok
Reitin pituus: 19
(12, 1)
(13, 1)
(14, 1)
(14, 2)
(14, 3)
(14, 4)
(14, 5)
(14, 6)
(14, 7)
(14, 8)
(14, 9)
(14, 10)
(14, 11)
(14, 12)
(14, 13)
(14, 14)
(14, 15)
(14, 16)
(14, 17)
(15, 17)
kaikki ok
Reitin pituus: 15
(11, 19)
(10, 19)
(9, 19)
(8, 19)
(8, 18)
(8, 17)
(7, 17)
(6, 17)
(6, 16)
(6, 15)
(5, 15)
(4, 15)
(4, 14)
(4, 13)
(4, 12)
(4, 11)
kaikki ok
Reitin pituus: 10
(9, 15)
(10, 15)
(11, 15)
(12, 15)
(13, 15)
(14, 15)
(14, 14)
(14, 13)
(15, 13)
(16, 13)
(17, 13)
kaikki ok
Reitin pituus: 15
(1, 5)
(2, 5)
(3, 5)
(4, 5)
(4, 6)
(4, 7)
(4, 8)
(4, 9)
(4, 10)
(4, 11)
(4, 12)
(4, 13)
(4, 14)
(4, 15)
(4, 16)
(4, 17)
kaikki ok
Reitin pituus: 15
(12, 15)
(13, 15)
(14, 15)
(14, 14)
(14, 13)
(14, 12)
(14, 11)
(14, 10)
(14, 9)
(13, 9)
(12, 9)
(12, 8)
(12, 7)
(11, 7)
(10, 7)
(10, 6)
kaikki ok
Reitin pituus: 12
(14, 11)
(14, 12)
(14, 13)
(13, 13)
(12, 13)
(11, 13)
(10, 13)
(10, 14)
(10, 15)
(9, 15)
(8, 15)
(8, 14)
(8, 13)
kaikki ok
Reitin pituus: 4
(9, 8)
(9, 7)
(8, 7)
(8, 6)
(8, 5)
kaikki ok
Reitin pituus: 14
(5, 1)
(6, 1)
(7, 1)
(8, 1)
(8, 2)
(8, 3)
(9, 3)
(10, 3)
(11, 3)
(12, 3)
(13, 3)
(14, 3)
(14, 4)
(14, 5)
(14, 6)
kaikki ok
Reitin pituus: 3
(7, 5)
(6, 5)
(6, 4)
(6, 3)
kaikki ok
Reitin pituus: 3
(4, 4)
(4, 5)
(3, 5)
(2, 5)
kaikki ok
Reitin pituus: 12
(1, 5)
(1, 4)
(1, 3)
(2, 3)
(3, 3)
(4, 3)
(5, 3)
(6, 3)
(7, 3)
(8, 3)
(9, 3)
(10, 3)
(11, 3)
kaikki ok
Reitin pituus: 21
(14, 8)
(14, 9)
(14, 10)
(14, 11)
(14, 12)
(14, 13)
(14, 14)
(14, 15)
(13, 15)
(12, 15)
(12, 16)
(12, 17)
(11, 17)
(10, 17)
(10, 18)
(10, 19)
(9, 19)
(8, 19)
(7, 19)
(6, 19)
(5, 19)
(4, 19)
kaikki ok
Reitin pituus: 6
(14, 6)
(14, 5)
(14, 4)
(14, 3)
(13, 3)
(12, 3)
(12, 4)
kaikki ok
Reitin pituus: 18
(16, 15)
(17, 15)
(17, 14)
(17, 13)
(16, 13)
(15, 13)
(14, 13)
(13, 13)
(12, 13)
(12, 12)
(12, 11)
(12, 10)
(12, 9)
(12, 8)
(12, 7)
(11, 7)
(10, 7)
(9, 7)
(8, 7)
kaikki ok
Reitin pituus: 26
(1, 15)
(1, 14)
(1, 13)
(2, 13)
(3, 13)
(4, 13)
(5, 13)
(6, 13)
(6, 12)
(6, 11)
(6, 10)
(6, 9)
(6, 8)
(6, 7)
(7, 7)
(8, 7)
(9, 7)
(10, 7)
(10, 6)
(10, 5)
(11, 5)
(12, 5)
(12, 4)
(12, 3)
(13, 3)
(14, 3)
(15, 3)
kaikki ok
Reitin pituus: 19
(13, 1)
(14, 1)
(14, 2)
(14, 3)
(14, 4)
(14, 5)
(14, 6)
(14, 7)
(14, 8)
(14, 9)
(14, 10)
(14, 11)
(14, 12)
(14, 13)
(15, 13)
(16, 13)
(17, 13)
(17, 14)
(17, 15)
(16, 15)
kaikki ok
Reitin pituus: 2
(5, 3)
(6, 3)
(7, 3)
kaikki ok
Reitin pituus: 18
(12, 4)
(12, 3)
(13, 3)
(14, 3)
(14, 4)
(14, 5)
(14, 6)
(14, 7)
(14, 8)
(14, 9)
(14, 10)
(14, 11)
(14, 12)
(14, 13)
(15, 13)
(16, 13)
(17, 13)
(17, 14)
(17, 15)
kaikki ok
Reitin pituus: 9
(11, 15)
(12, 15)
(12, 16)
(12, 17)
(11, 17)
(10, 17)
(10, 18)
(10, 19)
(9, 19)
(8, 19)
kaikki ok
Reitin pituus: 16
(13, 1)
(12, 1)
(11, 1)
(10, 1)
(10, 2)
(10, 3)
(9, 3)
(8, 3)
(7, 3)
(6, 3)
(5, 3)
(4, 3)
(3, 3)
(2, 3)
(1, 3)
(1, 2)
(1, 1)
kaikki ok
Reitin pituus: 4
(4, 17)
(4, 16)
(4, 15)
(4, 14)
(4, 13)
kaikki ok
Reitin pituus: 19
(17, 15)
(16, 15)
(16, 16)
(16, 17)
(15, 17)
(14, 17)
(14, 16)
(14, 15)
(13, 15)
(12, 15)
(11, 15)
(10, 15)
(9, 15)
(8, 15)
(7, 15)
(6, 15)
(5, 15)
(4, 15)
(4, 14)
(4, 13)
kaikki ok
Reitin pituus: 8
(12, 9)
(13, 9)
(14, 9)
(14, 8)
(14, 7)
(14, 6)
(14, 5)
(14, 4)
(14, 3)
kaikki ok
Reitin pituus: 7
(4, 9)
(4, 8)
(4, 7)
(4, 6)
(4, 5)
(4, 4)
(4, 3)
(3, 3)
kaikki ok
Reitin pituus: 23
(9, 3)
(8, 3)
(7, 3)
(6, 3)
(5, 3)
(4, 3)
(4, 4)
(4, 5)
(4, 6)
(4, 7)
(4, 8)
(4, 9)
(4, 10)
(4, 11)
(4, 12)
(4, 13)
(4, 14)
(4, 15)
(4, 16)
(4, 17)
(3, 17)
(2, 17)
(1, 17)
(1, 18)
kaikki ok
Reitin pituus: 14
(17, 19)
(17, 18)
(17, 17)
(16, 17)
(15, 17)
(14, 17)
(14, 16)
(14, 15)
(14, 14)
(14, 13)
(13, 13)
(12, 13)
(12, 12)
(12, 11)
(12, 10)
kaikki ok
Reitin pituus: 6
(17, 5)
(16, 5)
(15, 5)
(14, 5)
(14, 6)
(14, 7)
(14, 8)
kaikki ok
Reitin pituus: 22
(2, 3)
(3, 3)
(4, 3)
(5, 3)
(6, 3)
(6, 4)
(6, 5)
(7, 5)
(8, 5)
(8, 6)
(8, 7)
(9, 7)
(10, 7)
(11, 7)
(12, 7)
(12, 8)
(12, 9)
(12, 10)
(12, 11)
(12, 12)
(12, 13)
(11, 13)
(10, 13)
kaikki ok
Reitin pituus: 17
(14, 9)
(14, 10)
(14, 11)
(14, 12)
(14, 13)
(14, 14)
(14, 15)
(13, 15)
(12, 15)
(12, 16)
(12, 17)
(11, 17)
(10, 17)
(10, 18)
(10, 19)
(9, 19)
(8, 19)
(8, 18)
kaikki ok
Reitin pituus: 22
(2, 5)
(3, 5)
(4, 5)
(4, 6)
(4, 7)
(4, 8)
(4, 9)
(5, 9)
(6, 9)
(6, 10)
(6, 11)
(6, 12)
(6, 13)
(7, 13)
(8, 13)
(8, 14)
(8, 15)
(9, 15)
(10, 15)
(11, 15)
(12, 15)
(12, 16)
(12, 17)
kaikki ok
Reitin pituus: 11
(4, 15)
(5, 15)
(6, 15)
(7, 15)
(8, 15)
(9, 15)
(10, 15)
(11, 15)
(12, 15)
(12, 16)
(12, 17)
(11, 17)
kaikki ok
Reitin pituus: 15
(10, 6)
(10, 7)
(9, 7)
(8, 7)
(8, 6)
(8, 5)
(7, 5)
(6, 5)
(6, 4)
(6, 3)
(5, 3)
(4, 3)
(3, 3)
(2, 3)
(1, 3)
(1, 4)
kaikki ok
Reitin pituus: 25
(17, 4)
(17, 5)
(16, 5)
(15, 5)
(14, 5)
(14, 6)
(14, 7)
(14, 8)
(14, 9)
(14, 10)
(14, 11)
(14, 12)
(14, 13)
(14, 14)
(14, 15)
(13, 15)
(12, 15)
(12, 16)
(12, 17)
(11, 17)
(10, 17)
(10, 18)
(10, 19)
(9, 19)
(8, 19)
(8, 18)
kaikki ok
Reitin pituus: 23
(1, 15)
(2, 15)
(2, 16)
(2, 17)
(3, 17)
(4, 17)
(4, 16)
(4, 15)
(5, 15)
(6, 15)
(7, 15)
(8, 15)
(9, 15)
(10, 15)
(11, 15)
(12, 15)
(13, 15)
(14, 15)
(14, 14)
(14, 13)
(15, 13)
(16, 13)
(17, 13)
(17, 14)
kaikki ok
Reitin pituus: 11
(13, 13)
(14, 13)
(14, 12)
(14, 11)
(14, 10)
(14, 9)
(14, 8)
(14, 7)
(14, 6)
(14, 5)
(14, 4)
(14, 3)
kaikki ok
Reitin pituus: 15
(8, 5)
(8, 6)
(8, 7)
(9, 7)
(10, 7)
(11, 7)
(12, 7)
(12, 8)
(12, 9)
(12, 10)
(12, 11)
(12, 12)
(12, 13)
(13, 13)
(14, 13)
(15, 13)
kaikki ok
Reitin pituus: 20
(3, 5)
(4, 5)
(4, 6)
(4, 7)
(4, 8)
(4, 9)
(5, 9)
(6, 9)
(6, 10)
(6, 11)
(7, 11)
(8, 11)
(9, 11)
(10, 11)
(11, 11)
(12, 11)
(12, 12)
(12, 13)
(13, 13)
(14, 13)
(14, 12)
kaikki ok
Reitin pituus: 11
(8, 2)
(8, 3)
(7, 3)
(6, 3)
(6, 4)
(6, 5)
(7, 5)
(8, 5)
(8, 6)
(8, 7)
(9, 7)
(10, 7)
kaikki ok
Reitin pituus: 7
(8, 5)
(7, 5)
(6, 5)
(6, 4)
(6, 3)
(7, 3)
(8, 3)
(8, 2)
kaikki ok
Reitin pituus: 18
(1, 14)
(1, 13)
(2, 13)
(3, 13)
(4, 13)
(4, 14)
(4, 15)
(5, 15)
(6, 15)
(6, 16)
(6, 17)
(7, 17)
(8, 17)
(8, 18)
(8, 19)
(9, 19)
(10, 19)
(10, 18)
(10, 17)
kaikki ok
Reitin pituus: 12
(17, 3)
(16, 3)
(15, 3)
(14, 3)
(13, 3)
(12, 3)
(11, 3)
(10, 3)
(9, 3)
(8, 3)
(7, 3)
(6, 3)
(5, 3)
kaikki ok
Reitin pituus: 13
(16, 3)
(15, 3)
(14, 3)
(13, 3)
(12, 3)
(11, 3)
(10, 3)
(9, 3)
(8, 3)
(7, 3)
(6, 3)
(5, 3)
(4, 3)
(4, 4)
kaikki ok
Reitin pituus: 18
(15, 3)
(14, 3)
(14, 4)
(14, 5)
(14, 6)
(14, 7)
(14, 8)
(14, 9)
(13, 9)
(12, 9)
(12, 10)
(12, 11)
(12, 12)
(12, 13)
(11, 13)
(10, 13)
(10, 14)
(10, 15)
(9, 15)
kaikki ok
Reitin pituus: 22
(17, 19)
(17, 18)
(17, 17)
(16, 17)
(15, 17)
(14, 17)
(14, 16)
(14, 15)
(13, 15)
(12, 15)
(11, 15)
(10, 15)
(9, 15)
(8, 15)
(7, 15)
(6, 15)
(5, 15)
(4, 15)
(4, 14)
(4, 13)
(3, 13)
(2, 13)
(1, 13)
kaikki ok
Reitin pituus: 21
(14, 14)
(14, 13)
(13, 13)
(12, 13)
(12, 12)
(12, 11)
(11, 11)
(10, 11)
(9, 11)
(8, 11)
(7, 11)
(6, 11)
(6, 10)
(6, 9)
(5, 9)
(4, 9)
(4, 8)
(4, 7)
(4, 6)
(4, 5)
(4, 4)
(4, 3)
kaikki ok
Reitin pituus: 14
(8, 13)
(7, 13)
(6, 13)
(6, 12)
(6, 11)
(6, 10)
(6, 9)
(6, 8)
(6, 7)
(7, 7)
(8, 7)
(9, 7)
(9, 8)
(9, 9)
(8, 9)
kaikki ok
Reitin pituus: 22
(12, 15)
(11, 15)
(10, 15)
(9, 15)
(8, 15)
(7, 15)
(6, 15)
(5, 15)
(4, 15)
(4, 14)
(4, 13)
(4, 12)
(4, 11)
(4, 10)
(4, 9)
(4, 8)
(4, 7)
(4, 6)
(4, 5)
(4, 4)
(4, 3)
(3, 3)
(2, 3)
kaikki ok
Reitin pituus: 13
(11, 13)
(10, 13)
(10, 14)
(10, 15)
(9, 15)
(8, 15)
(7, 15)
(6, 15)
(5, 15)
(4, 15)
(4, 14)
(4, 13)
(3, 13)
(2, 13)
kaikki ok
Reitin pituus: 12
(8, 15)
(7, 15)
(6, 15)
(5, 15)
(4, 15)
(4, 16)
(4, 17)
(3, 17)
(2, 17)
(1, 17)
(1, 18)
(1, 19)
(2, 19)
kaikki ok
Reitin pituus: 15
(8, 9)
(9, 9)
(9, 8)
(9, 7)
(10, 7)
(10, 6)
(10, 5)
(11, 5)
(12, 5)
(12, 4)
(12, 3)
(11, 3)
(10, 3)
(10, 2)
(10, 1)
(11, 1)
kaikki ok
Reitin pituus: 12
(5, 9)
(4, 9)
(4, 10)
(4, 11)
(4, 12)
(4, 13)
(4, 14)
(4, 15)
(5, 15)
(6, 15)
(6, 16)
(6, 17)
(7, 17)
kaikki ok
Reitin pituus: 8
(10, 15)
(9, 15)
(8, 15)
(7, 15)
(6, 15)
(5, 15)
(4, 15)
(4, 16)
(4, 17)
kaikki ok
Reitin pituus: 10
(14, 1)
(14, 2)
(14, 3)
(14, 4)
(14, 5)
(14, 6)
(14, 7)
(14, 8)
(14, 9)
(13, 9)
(12, 9)
kaikki ok
Reitin pituus: 1
(12, 19)
(13, 19)
kaikki ok
Reitin pituus: 19
(16, 17)
(15, 17)
(14, 17)
(14, 16)
(14, 15)
(14, 14)
(14, 13)
(14, 12)
(14, 11)
(14, 10)
(14, 9)
(13, 9)
(12, 9)
(12, 8)
(12, 7)
(11, 7)
(10, 7)
(9, 7)
(8, 7)
(8, 6)
kaikki ok
Reitin pituus: 21
(8, 6)
(8, 7)
(9, 7)
(10, 7)
(11, 7)
(12, 7)
(12, 8)
(12, 9)
(12, 10)
(12, 11)
(12, 12)
(12, 13)
(11, 13)
(10, 13)
(10, 14)
(10, 15)
(11, 15)
(12, 15)
(12, 16)
(12, 17)
(11, 17)
(10, 17)
kaikki ok
Reitin pituus: 10
(5, 9)
(6, 9)
(6, 8)
(6, 7)
(7, 7)
(8, 7)
(9, 7)
(10, 7)
(10, 6)
(10, 5)
(11, 5)
kaikki ok
Reitin pituus: 5
(11, 5)
(10, 5)
(10, 6)
(10, 7)
(11, 7)
(12, 7)
kaikki ok
Reitin pituus: 18
(8, 17)
(7, 17)
(6, 17)
(6, 16)
(6, 15)
(5, 15)
(4, 15)
(4, 14)
(4, 13)
(4, 12)
(4, 11)
(4, 10)
(4, 9)
(4, 8)
(4, 7)
(4, 6)
(4, 5)
(4, 4)
(4, 3)
kaikki ok
Reitin pituus: 18
(17, 2)
(17, 3)
(16, 3)
(15, 3)
(14, 3)
(13, 3)
(12, 3)
(12, 4)
(12, 5)
(11, 5)
(10, 5)
(10, 6)
(10, 7)
(9, 7)
(8, 7)
(7, 7)
(6, 7)
(6, 8)
(6, 9)
kaikki ok
Reitin pituus: 24
(17, 4)
(17, 5)
(16, 5)
(15, 5)
(14, 5)
(14, 6)
(14, 7)
(14, 8)
(14, 9)
(14, 10)
(14, 11)
(14, 12)
(14, 13)
(14, 14)
(14, 15)
(13, 15)
(12, 15)
(12, 16)
(12, 17)
(11, 17)
(10, 17)
(10, 18)
(10, 19)
(11, 19)
(12, 19)
kaikki ok
Reitin pituus: 18
(7, 7)
(8, 7)
(9, 7)
(10, 7)
(11, 7)
(12, 7)
(12, 8)
(12, 9)
(12, 10)
(12, 11)
(12, 12)
(12, 13)
(13, 13)
(14, 13)
(14, 14)
(14, 15)
(14, 16)
(14, 17)
(15, 17)
kaikki ok
Reitin pituus: 20
(1, 1)
(1, 2)
(1, 3)
(1, 4)
(1, 5)
(2, 5)
(3, 5)
(4, 5)
(4, 6)
(4, 7)
(4, 8)
(4, 9)
(4, 10)
(4, 11)
(4, 12)
(4, 13)
(4, 14)
(4, 15)
(5, 15)
(6, 15)
(7, 15)
kaikki ok
Reitin pituus: 10
(10, 6)
(10, 7)
(9, 7)
(8, 7)
(8, 6)
(8, 5)
(7, 5)
(6, 5)
(6, 4)
(6, 3)
(5, 3)
kaikki ok
Reitin pituus: 15
(8, 5)
(8, 6)
(8, 7)
(7, 7)
(6, 7)
(6, 8)
(6, 9)
(6, 10)
(6, 11)
(6, 12)
(6, 13)
(5, 13)
(4, 13)
(4, 14)
(4, 15)
(5, 15)
kaikki ok
Reitin pituus: 11
(14, 1)
(13, 1)
(12, 1)
(11, 1)
(10, 1)
(10, 2)
(10, 3)
(9, 3)
(8, 3)
(7, 3)
(6, 3)
(6, 4)
kaikki ok
Reitin pituus: 8
(14, 3)
(14, 4)
(14, 5)
(14, 6)
(14, 7)
(14, 8)
(14, 9)
(14, 10)
(14, 11)
kaikki ok
Reitin pituus: 5
(10, 5)
(10, 6)
(10, 7)
(9, 7)
(8, 7)
(8, 6)
kaikki ok
Reitin pituus: 4
(16, 19)
(15, 19)
(14, 19)
(13, 19)
(12, 19)
kaikki ok
Reitin pituus: 14
(3, 13)
(4, 13)
(4, 14)
(4, 15)
(5, 15)
(6, 15)
(6, 16)
(6, 17)
(7, 17)
(8, 17)
(8, 18)
(8, 19)
(7, 19)
(6, 19)
(5, 19)
kaikki ok
Reitin pituus: 19
(9, 7)
(8, 7)
(7, 7)
(6, 7)
(6, 8)
(6, 9)
(5, 9)
(4, 9)
(4, 10)
(4, 11)
(4, 12)
(4, 13)
(4, 14)
(4, 15)
(4, 16)
(4, 17)
(3, 17)
(2, 17)
(1, 17)
(1, 18)
kaikki ok
Reitin pituus: 13
(16, 13)
(15, 13)
(14, 13)
(14, 14)
(14, 15)
(13, 15)
(12, 15)
(11, 15)
(10, 15)
(9, 15)
(8, 15)
(8, 14)
(8, 13)
(7, 13)
kaikki ok
Reitin pituus: 4
(4, 3)
(3, 3)
(2, 3)
(1, 3)
(1, 4)
kaikki ok
Reitin pituus: 7
(6, 13)
(5, 13)
(4, 13)
(4, 12)
(4, 11)
(4, 10)
(4, 9)
(4, 8)
kaikki ok
Reitin pituus: 21
(8, 17)
(7, 17)
(6, 17)
(6, 16)
(6, 15)
(7, 15)
(8, 15)
(9, 15)
(10, 15)
(10, 14)
(10, 13)
(11, 13)
(12, 13)
(12, 12)
(12, 11)
(12, 10)
(12, 9)
(13, 9)
(14, 9)
(14, 8)
(14, 7)
(14, 6)
kaikki ok
Reitin pituus: 28
(2, 3)
(3, 3)
(4, 3)
(4, 4)
(4, 5)
(4, 6)
(4, 7)
(4, 8)
(4, 9)
(4, 10)
(4, 11)
(4, 12)
(4, 13)
(4, 14)
(4, 15)
(5, 15)
(6, 15)
(6, 16)
(6, 17)
(7, 17)
(8, 17)
(8, 18)
(8, 19)
(9, 19)
(10, 19)
(11, 19)
(12, 19)
(13, 19)
(14, 19)
kaikki ok
Reitin pituus: 10
(10, 18)
(10, 19)
(9, 19)
(8, 19)
(7, 19)
(6, 19)
(5, 19)
(4, 19)
(3, 19)
(2, 19)
(1, 19)
kaikki ok
Reitin pituus: 10
(5, 15)
(6, 15)
(6, 16)
(6, 17)
(7, 17)
(8, 17)
(8, 18)
(8, 19)
(9, 19)
(10, 19)
(11, 19)
kaikki ok
Reitin pituus: 21
(6, 4)
(6, 3)
(5, 3)
(4, 3)
(4, 4)
(4, 5)
(4, 6)
(4, 7)
(4, 8)
(4, 9)
(4, 10)
(4, 11)
(4, 12)
(4, 13)
(4, 14)
(4, 15)
(5, 15)
(6, 15)
(6, 16)
(6, 17)
(7, 17)
(8, 17)
kaikki ok
Reitin pituus: 14
(17, 13)
(16, 13)
(15, 13)
(14, 13)
(14, 12)
(14, 11)
(14, 10)
(14, 9)
(13, 9)
(12, 9)
(12, 8)
(12, 7)
(11, 7)
(10, 7)
(9, 7)
kaikki ok
Reitin pituus: 26
(5, 1)
(4, 1)
(4, 2)
(4, 3)
(4, 4)
(4, 5)
(4, 6)
(4, 7)
(4, 8)
(4, 9)
(4, 10)
(4, 11)
(4, 12)
(4, 13)
(4, 14)
(4, 15)
(5, 15)
(6, 15)
(6, 16)
(6, 17)
(7, 17)
(8, 17)
(8, 18)
(8, 19)
(9, 19)
(10, 19)
(11, 19)
kaikki ok
Reitin pituus: 7
(4, 3)
(4, 4)
(4, 5)
(4, 6)
(4, 7)
(4, 8)
(4, 9)
(5, 9)
kaikki ok
Reitin pituus: 13
(13, 1)
(12, 1)
(11, 1)
(10, 1)
(10, 2)
(10, 3)
(9, 3)
(8, 3)
(8, 2)
(8, 1)
(7, 1)
(6, 1)
(5, 1)
(4, 1)
kaikki ok
Reitin pituus: 23
(4, 4)
(4, 5)
(4, 6)
(4, 7)
(4, 8)
(4, 9)
(4, 10)
(4, 11)
(4, 12)
(4, 13)
(4, 14)
(4, 15)
(5, 15)
(6, 15)
(6, 16)
(6, 17)
(7, 17)
(8, 17)
(8, 18)
(8, 19)
(9, 19)
(10, 19)
(11, 19)
(12, 19)
kaikki ok
Reitin pituus: 14
(11, 15)
(10, 15)
(10, 14)
(10, 13)
(11, 13)
(12, 13)
(12, 12)
(12, 11)
(12, 10)
(12, 9)
(12, 8)
(12, 7)
(11, 7)
(10, 7)
(10, 6)
kaikki ok
Reitin pituus: 28
(2, 17)
(3, 17)
(4, 17)
(4, 16)
(4, 15)
(5, 15)
(6, 15)
(7, 15)
(8, 15)
(9, 15)
(10, 15)
(11, 15)
(12, 15)
(13, 15)
(14, 15)
(14, 14)
(14, 13)
(14, 12)
(14, 11)
(14, 10)
(14, 9)
(14, 8)
(14, 7)
(14, 6)
(14, 5)
(15, 5)
(16, 5)
(17, 5)
(17, 4)
kaikki ok
Reitin pituus: 1
(13, 9)
(14, 9)
kaikki ok
Reitin pituus: 18
(17, 1)
(17, 2)
(17, 3)
(17, 4)
(17, 5)
(16, 5)
(15, 5)
(14, 5)
(14, 6)
(14, 7)
(14, 8)
(14, 9)
(14, 10)
(14, 11)
(14, 12)
(14, 13)
(14, 14)
(14, 15)
(14, 16)
kaikki ok
Reitin pituus: 0
(7, 13)
kaikki ok
Reitin pituus: 10
(14, 2)
(14, 3)
(13, 3)
(12, 3)
(12, 4)
(12, 5)
(11, 5)
(10, 5)
(10, 6)
(10, 7)
(9, 7)
kaikki ok
Reitin pituus: 16
(17, 13)
(16, 13)
(15, 13)
(14, 13)
(14, 12)
(14, 11)
(14, 10)
(14, 9)
(13, 9)
(12, 9)
(12, 8)
(12, 7)
(11, 7)
(10, 7)
(9, 7)
(8, 7)
(8, 6)
kaikki ok
Reitin pituus: 10
(12, 11)
(12, 12)
(12, 13)
(13, 13)
(14, 13)
(15, 13)
(16, 13)
(17, 13)
(17, 14)
(17, 15)
(16, 15)
kaikki ok
Reitin pituus: 16
(6, 13)
(6, 12)
(6, 11)
(7, 11)
(8, 11)
(9, 11)
(10, 11)
(11, 11)
(12, 11)
(12, 10)
(12, 9)
(13, 9)
(14, 9)
(14, 8)
(14, 7)
(14, 6)
(14, 5)
kaikki ok
Reitin pituus: 13
(4, 6)
(4, 7)
(4, 8)
(4, 9)
(4, 10)
(4, 11)
(4, 12)
(4, 13)
(3, 13)
(2, 13)
(1, 13)
(1, 14)
(1, 15)
(2, 15)
kaikki ok
Reitin pituus: 11
(11, 7)
(10, 7)
(10, 6)
(10, 5)
(11, 5)
(12, 5)
(12, 4)
(12, 3)
(13, 3)
(14, 3)
(14, 2)
(14, 1)
kaikki ok
Reitin pituus: 29
(15, 1)
(14, 1)
(14, 2)
(14, 3)
(14, 4)
(14, 5)
(14, 6)
(14, 7)
(14, 8)
(14, 9)
(14, 10)
(14, 11)
(14, 12)
(14, 13)
(14, 14)
(14, 15)
(13, 15)
(12, 15)
(12, 16)
(12, 17)
(11, 17)
(10, 17)
(10, 18)
(10, 19)
(9, 19)
(8, 19)
(7, 19)
(6, 19)
(5, 19)
(4, 19)
kaikki ok
Reitin pituus: 8
(17, 14)
(17, 13)
(16, 13)
(15, 13)
(14, 13)
(13, 13)
(12, 13)
(11, 13)
(10, 13)
kaikki ok
Reitin pituus: 20
(1, 2)
(1, 3)
(1, 4)
(1, 5)
(2, 5)
(3, 5)
(4, 5)
(4, 6)
(4, 7)
(4, 8)
(4, 9)
(4, 10)
(4, 11)
(4, 12)
(4, 13)
(4, 14)
(4, 15)
(5, 15)
(6, 15)
(6, 16)
(6, 17)
kaikki ok
Reitin pituus: 2
(12, 12)
(12, 11)
(11, 11)
kaikki ok
Reitin pituus: 12
(2, 5)
(3, 5)
(4, 5)
(4, 4)
(4, 3)
(5, 3)
(6, 3)
(7, 3)
(8, 3)
(9, 3)
(10, 3)
(10, 2)
(10, 1)
kaikki ok
Reitin pituus: 12
(4, 10)
(4, 11)
(4, 12)
(4, 13)
(4, 14)
(4, 15)
(5, 15)
(6, 15)
(6, 16)
(6, 17)
(7, 17)
(8, 17)
(8, 18)
kaikki ok
Reitin pituus: 11
(9, 11)
(10, 11)
(11, 11)
(12, 11)
(12, 12)
(12, 13)
(13, 13)
(14, 13)
(15, 13)
(16, 13)
(17, 13)
(17, 14)
kaikki ok
Reitin pituus: 22
(10, 19)
(9, 19)
(8, 19)
(8, 18)
(8, 17)
(7, 17)
(6, 17)
(6, 16)
(6, 15)
(5, 15)
(4, 15)
(4, 14)
(4, 13)
(4, 12)
(4, 11)
(4, 10)
(4, 9)
(4, 8)
(4, 7)
(4, 6)
(4, 5)
(3, 5)
(2, 5)
kaikki ok
Reitin pituus: 5
(10, 1)
(10, 2)
(10, 3)
(11, 3)
(12, 3)
(13, 3)
kaikki ok
Reitin pituus: 22
(1, 3)
(2, 3)
(3, 3)
(4, 3)
(5, 3)
(6, 3)
(7, 3)
(8, 3)
(9, 3)
(10, 3)
(11, 3)
(12, 3)
(13, 3)
(14, 3)
(14, 4)
(14, 5)
(14, 6)
(14, 7)
(14, 8)
(14, 9)
(14, 10)
(14, 11)
(14, 12)
kaikki ok
Reitin pituus: 13
(14, 13)
(13, 13)
(12, 13)
(12, 12)
(12, 11)
(11, 11)
(10, 11)
(9, 11)
(8, 11)
(7, 11)
(6, 11)
(6, 10)
(6, 9)
(6, 8)
kaikki ok
Reitin pituus: 7
(11, 3)
(12, 3)
(13, 3)
(14, 3)
(14, 2)
(14, 1)
(15, 1)
(16, 1)
kaikki ok
Reitin pituus: 12
(12, 8)
(12, 7)
(11, 7)
(10, 7)
(10, 6)
(10, 5)
(11, 5)
(12, 5)
(12, 4)
(12, 3)
(11, 3)
(10, 3)
(9, 3)
kaikki ok
Reitin pituus: 17
(6, 1)
(7, 1)
(8, 1)
(8, 2)
(8, 3)
(9, 3)
(10, 3)
(11, 3)
(12, 3)
(13, 3)
(14, 3)
(14, 4)
(14, 5)
(14, 6)
(14, 7)
(14, 8)
(14, 9)
(14, 10)
kaikki ok
Reitin pituus: 18
(7, 15)
(6, 15)
(5, 15)
(4, 15)
(4, 14)
(4, 13)
(4, 12)
(4, 11)
(4, 10)
(4, 9)
(4, 8)
(4, 7)
(4, 6)
(4, 5)
(3, 5)
(2, 5)
(1, 5)
(1, 4)
(1, 3)
kaikki ok
Reitin pituus: 16
(1, 3)
(2, 3)
(3, 3)
(4, 3)
(4, 4)
(4, 5)
(4, 6)
(4, 7)
(4, 8)
(4, 9)
(4, 10)
(4, 11)
(4, 12)
(4, 13)
(3, 13)
(2, 13)
(1, 13)
kaikki ok
Reitin pituus: 5
(3, 3)
(4, 3)
(5, 3)
(6, 3)
(6, 4)
(6, 5)
kaikki ok
Reitin pituus: 2
(12, 3)
(13, 3)
(14, 3)
kaikki ok
Reitin pituus: 13
(12, 7)
(12, 8)
(12, 9)
(13, 9)
(14, 9)
(14, 10)
(14, 11)
(14, 12)
(14, 13)
(15, 13)
(16, 13)
(17, 13)
(17, 14)
(17, 15)
kaikki ok
Reitin pituus: 1
(3, 19)
(2, 19)
kaikki ok
Reitin pituus: 28
(3, 1)
(4, 1)
(4, 2)
(4, 3)
(4, 4)
(4, 5)
(4, 6)
(4, 7)
(4, 8)
(4, 9)
(5, 9)
(6, 9)
(6, 10)
(6, 11)
(7, 11)
(8, 11)
(9, 11)
(10, 11)
(11, 11)
(12, 11)
(12, 12)
(12, 13)
(13, 13)
(14, 13)
(15, 13)
(16, 13)
(17, 13)
(17, 14)
(17, 15)
kaikki ok
Reitin pituus: 13
(8, 9)
(9, 9)
(9, 8)
(9, 7)
(8, 7)
(8, 6)
(8, 5)
(7, 5)
(6, 5)
(6, 4)
(6, 3)
(5, 3)
(4, 3)
(3, 3)
kaikki ok
Reitin pituus: 12
(8, 7)
(8, 6)
(8, 5)
(7, 5)
(6, 5)
(6, 4)
(6, 3)
(5, 3)
(4, 3)
(3, 3)
(2, 3)
(1, 3)
(1, 2)
kaikki ok
Reitin pituus: 26
(10, 3)
(9, 3)
(8, 3)
(7, 3)
(6, 3)
(5, 3)
(4, 3)
(4, 4)
(4, 5)
(4, 6)
(4, 7)
(4, 8)
(4, 9)
(4, 10)
(4, 11)
(4, 12)
(4, 13)
(4, 14)
(4, 15)
(5, 15)
(6, 15)
(6, 16)
(6, 17)
(7, 17)
(8, 17)
(8, 18)
(8, 19)
kaikki ok
Reitin pituus: 17
(6, 3)
(5, 3)
(4, 3)
(4, 4)
(4, 5)
(4, 6)
(4, 7)
(4, 8)
(4, 9)
(4, 10)
(4, 11)
(4, 12)
(4, 13)
(4, 14)
(4, 15)
(4, 16)
(4, 17)
(3, 17)
kaikki ok
Reitin pituus: 19
(7, 5)
(8, 5)
(8, 6)
(8, 7)
(7, 7)
(6, 7)
(6, 8)
(6, 9)
(5, 9)
(4, 9)
(4, 10)
(4, 11)
(4, 12)
(4, 13)
(3, 13)
(2, 13)
(1, 13)
(1, 14)
(1, 15)
(2, 15)
kaikki ok
Reitin pituus: 10
(6, 8)
(6, 7)
(7, 7)
(8, 7)
(9, 7)
(10, 7)
(10, 6)
(10, 5)
(11, 5)
(12, 5)
(12, 4)
kaikki ok
Reitin pituus: 25
(17, 15)
(17, 14)
(17, 13)
(16, 13)
(15, 13)
(14, 13)
(14, 12)
(14, 11)
(14, 10)
(14, 9)
(14, 8)
(14, 7)
(14, 6)
(14, 5)
(14, 4)
(14, 3)
(13, 3)
(12, 3)
(11, 3)
(10, 3)
(9, 3)
(8, 3)
(8, 2)
(8, 1)
(7, 1)
(6, 1)
kaikki ok
Reitin pituus: 14
(6, 13)
(7, 13)
(8, 13)
(8, 14)
(8, 15)
(9, 15)
(10, 15)
(10, 14)
(10, 13)
(11, 13)
(12, 13)
(13, 13)
(14, 13)
(15, 13)
(16, 13)
kaikki ok
Reitin pituus: 11
(9, 9)
(9, 8)
(9, 7)
(10, 7)
(11, 7)
(12, 7)
(12, 8)
(12, 9)
(13, 9)
(14, 9)
(14, 10)
(14, 11)
kaikki ok
Reitin pituus: 6
(17, 13)
(16, 13)
(15, 13)
(14, 13)
(14, 12)
(14, 11)
(14, 10)
kaikki ok
Reitin pituus: 10
(3, 13)
(4, 13)
(4, 12)
(4, 11)
(4, 10)
(4, 9)
(4, 8)
(4, 7)
(4, 6)
(4, 5)
(3, 5)
kaikki ok
Reitin pituus: 12
(6, 10)
(6, 9)
(5, 9)
(4, 9)
(4, 8)
(4, 7)
(4, 6)
(4, 5)
(4, 4)
(4, 3)
(4, 2)
(4, 1)
(5, 1)
kaikki ok
Reitin pituus: 20
(11, 3)
(12, 3)
(13, 3)
(14, 3)
(14, 4)
(14, 5)
(14, 6)
(14, 7)
(14, 8)
(14, 9)
(14, 10)
(14, 11)
(14, 12)
(14, 13)
(14, 14)
(14, 15)
(14, 16)
(14, 17)
(15, 17)
(16, 17)
(16, 16)
kaikki ok
Reitin pituus: 27
(17, 2)
(17, 3)
(17, 4)
(17, 5)
(16, 5)
(15, 5)
(14, 5)
(14, 6)
(14, 7)
(14, 8)
(14, 9)
(14, 10)
(14, 11)
(14, 12)
(14, 13)
(14, 14)
(14, 15)
(13, 15)
(12, 15)
(12, 16)
(12, 17)
(11, 17)
(10, 17)
(10, 18)
(10, 19)
(9, 19)
(8, 19)
(7, 19)
kaikki ok
Reitin pituus: 22
(10, 14)
(10, 15)
(9, 15)
(8, 15)
(7, 15)
(6, 15)
(5, 15)
(4, 15)
(4, 14)
(4, 13)
(4, 12)
(4, 11)
(4, 10)
(4, 9)
(4, 8)
(4, 7)
(4, 6)
(4, 5)
(4, 4)
(4, 3)
(3, 3)
(2, 3)
(1, 3)
kaikki ok
Reitin pituus: 7
(10, 19)
(10, 18)
(10, 17)
(11, 17)
(12, 17)
(12, 16)
(12, 15)
(13, 15)
kaikki ok
Reitin pituus: 16
(2, 1)
(3, 1)
(4, 1)
(4, 2)
(4, 3)
(4, 4)
(4, 5)
(4, 6)
(4, 7)
(4, 8)
(4, 9)
(4, 10)
(4, 11)
(4, 12)
(4, 13)
(5, 13)
(6, 13)
kaikki ok
Reitin pituus: 4
(12, 4)
(12, 3)
(11, 3)
(10, 3)
(10, 2)
kaikki ok
Reitin pituus: 12
(6, 10)
(6, 11)
(7, 11)
(8, 11)
(9, 11)
(10, 11)
(11, 11)
(12, 11)
(12, 12)
(12, 13)
(13, 13)
(14, 13)
(14, 12)
kaikki ok
Reitin pituus: 8
(5, 9)
(4, 9)
(4, 8)
(4, 7)
(4, 6)
(4, 5)
(3, 5)
(2, 5)
(1, 5)
kaikki ok
Reitin pituus: 8
(8, 7)
(9, 7)
(10, 7)
(11, 7)
(12, 7)
(12, 8)
(12, 9)
(13, 9)
(14, 9)
kaikki ok
Reitin pituus: 16
(3, 17)
(4, 17)
(4, 16)
(4, 15)
(4, 14)
(4, 13)
(4, 12)
(4, 11)
(4, 10)
(4, 9)
(4, 8)
(4, 7)
(4, 6)
(4, 5)
(4, 4)
(4, 3)
(4, 2)
kaikki ok
Reitin pituus: 14
(5, 3)
(4, 3)
(4, 4)
(4, 5)
(4, 6)
(4, 7)
(4, 8)
(4, 9)
(4, 10)
(4, 11)
(4, 12)
(4, 13)
(3, 13)
(2, 13)
(1, 13)
kaikki ok
Reitin pituus: 6
(4, 15)
(5, 15)
(6, 15)
(7, 15)
(8, 15)
(8, 14)
(8, 13)
kaikki ok
Reitin pituus: 13
(11, 11)
(12, 11)
(12, 10)
(12, 9)
(13, 9)
(14, 9)
(14, 8)
(14, 7)
(14, 6)
(14, 5)
(14, 4)
(14, 3)
(14, 2)
(14, 1)
kaikki ok
Reitin pituus: 27
(16, 1)
(15, 1)
(14, 1)
(14, 2)
(14, 3)
(14, 4)
(14, 5)
(14, 6)
(14, 7)
(14, 8)
(14, 9)
(14, 10)
(14, 11)
(14, 12)
(14, 13)
(14, 14)
(14, 15)
(13, 15)
(12, 15)
(12, 16)
(12, 17)
(11, 17)
(10, 17)
(10, 18)
(10, 19)
(9, 19)
(8, 19)
(7, 19)
kaikki ok
Reitin pituus: 6
(7, 11)
(6, 11)
(6, 12)
(6, 13)
(5, 13)
(4, 13)
(3, 13)
kaikki ok
Reitin pituus: 5
(4, 12)
(4, 13)
(5, 13)
(6, 13)
(7, 13)
(8, 13)
kaikki ok
Reitin pituus: 7
(11, 5)
(10, 5)
(10, 6)
(10, 7)
(9, 7)
(9, 8)
(9, 9)
(10, 9)
kaikki ok
Reitin pituus: 4
(3, 13)
(2, 13)
(1, 13)
(1, 14)
(1, 15)
kaikki ok
Reitin pituus: 12
(4, 4)
(4, 3)
(5, 3)
(6, 3)
(7, 3)
(8, 3)
(9, 3)
(10, 3)
(11, 3)
(12, 3)
(13, 3)
(14, 3)
(14, 4)
kaikki ok
Reitin pituus: 10
(11, 13)
(12, 13)
(13, 13)
(14, 13)
(15, 13)
(16, 13)
(17, 13)
(17, 14)
(17, 15)
(16, 15)
(16, 16)
kaikki ok
Reitin pituus: 25
(8, 19)
(9, 19)
(10, 19)
(10, 18)
(10, 17)
(11, 17)
(12, 17)
(12, 16)
(12, 15)
(13, 15)
(14, 15)
(14, 14)
(14, 13)
(14, 12)
(14, 11)
(14, 10)
(14, 9)
(14, 8)
(14, 7)
(14, 6)
(14, 5)
(14, 4)
(14, 3)
(13, 3)
(12, 3)
(12, 4)
kaikki ok
Reitin pituus: 11
(14, 4)
(14, 3)
(13, 3)
(12, 3)
(12, 4)
(12, 5)
(11, 5)
(10, 5)
(10, 6)
(10, 7)
(9, 7)
(9, 8)
kaikki ok
Reitin pituus: 17
(2, 3)
(3, 3)
(4, 3)
(4, 4)
(4, 5)
(4, 6)
(4, 7)
(4, 8)
(4, 9)
(4, 10)
(4, 11)
(4, 12)
(4, 13)
(3, 13)
(2, 13)
(1, 13)
(1, 14)
(1, 15)
kaikki ok
Reitin pituus: 15
(11, 7)
(10, 7)
(9, 7)
(8, 7)
(8, 6)
(8, 5)
(7, 5)
(6, 5)
(6, 4)
(6, 3)
(5, 3)
(4, 3)
(4, 2)
(4, 1)
(5, 1)
(6, 1)
kaikki ok
Reitin pituus: 12
(3, 3)
(4, 3)
(5, 3)
(6, 3)
(6, 4)
(6, 5)
(7, 5)
(8, 5)
(8, 6)
(8, 7)
(9, 7)
(10, 7)
(11, 7)
kaikki ok
Reitin pituus: 20
(14, 9)
(14, 10)
(14, 11)
(14, 12)
(14, 13)
(14, 14)
(14, 15)
(13, 15)
(12, 15)
(12, 16)
(12, 17)
(11, 17)
(10, 17)
(10, 18)
(10, 19)
(9, 19)
(8, 19)
(7, 19)
(6, 19)
(5, 19)
(4, 19)
kaikki ok
Reitin pituus: 26
(11, 19)
(10, 19)
(9, 19)
(8, 19)
(8, 18)
(8, 17)
(7, 17)
(6, 17)
(6, 16)
(6, 15)
(5, 15)
(4, 15)
(4, 14)
(4, 13)
(4, 12)
(4, 11)
(4, 10)
(4, 9)
(4, 8)
(4, 7)
(4, 6)
(4, 5)
(4, 4)
(4, 3)
(4, 2)
(4, 1)
(3, 1)
kaikki ok
Reitin pituus: 25
(10, 5)
(10, 6)
(10, 7)
(11, 7)
(12, 7)
(12, 8)
(12, 9)
(12, 10)
(12, 11)
(12, 12)
(12, 13)
(11, 13)
(10, 13)
(10, 14)
(10, 15)
(11, 15)
(12, 15)
(12, 16)
(12, 17)
(11, 17)
(10, 17)
(10, 18)
(10, 19)
(11, 19)
(12, 19)
(13, 19)
kaikki ok
Reitin pituus: 1
(17, 13)
(16, 13)
kaikki ok
Reitin pituus: 17
(10, 17)
(11, 17)
(12, 17)
(12, 16)
(12, 15)
(11, 15)
(10, 15)
(10, 14)
(10, 13)
(11, 13)
(12, 13)
(12, 12)
(12, 11)
(12, 10)
(12, 9)
(12, 8)
(12, 7)
(11, 7)
kaikki ok
Reitin pituus: 11
(13, 13)
(14, 13)
(14, 14)
(14, 15)
(14, 16)
(14, 17)
(15, 17)
(16, 17)
(17, 17)
(17, 18)
(17, 19)
(16, 19)
kaikki ok
Reitin pituus: 15
(15, 1)
(14, 1)
(14, 2)
(14, 3)
(13, 3)
(12, 3)
(12, 4)
(12, 5)
(11, 5)
(10, 5)
(10, 6)
(10, 7)
(9, 7)
(9, 8)
(9, 9)
(8, 9)
kaikki ok
Reitin pituus: 1
(17, 1)
(16, 1)
kaikki ok
Reitin pituus: 13
(6, 5)
(7, 5)
(8, 5)
(8, 6)
(8, 7)
(9, 7)
(10, 7)
(11, 7)
(12, 7)
(12, 8)
(12, 9)
(12, 10)
(12, 11)
(11, 11)
kaikki ok
Reitin pituus: 21
(10, 3)
(9, 3)
(8, 3)
(7, 3)
(6, 3)
(6, 4)
(6, 5)
(7, 5)
(8, 5)
(8, 6)
(8, 7)
(7, 7)
(6, 7)
(6, 8)
(6, 9)
(6, 10)
(6, 11)
(6, 12)
(6, 13)
(7, 13)
(8, 13)
(8, 14)
kaikki ok
Reitin pituus: 7
(16, 5)
(15, 5)
(14, 5)
(14, 4)
(14, 3)
(14, 2)
(14, 1)
(13, 1)
kaikki ok
Reitin pituus: 10
(4, 13)
(4, 14)
(4, 15)
(5, 15)
(6, 15)
(7, 15)
(8, 15)
(9, 15)
(10, 15)
(11, 15)
(12, 15)
kaikki ok
Reitin pituus: 13
(13, 13)
(12, 13)
(11, 13)
(10, 13)
(10, 14)
(10, 15)
(9, 15)
(8, 15)
(7, 15)
(6, 15)
(6, 16)
(6, 17)
(7, 17)
(8, 17)
kaikki ok
Reitin pituus: 11
(10, 11)
(9, 11)
(8, 11)
(7, 11)
(6, 11)
(6, 10)
(6, 9)
(5, 9)
(4, 9)
(4, 8)
(4, 7)
(4, 6)
kaikki ok
Reitin pituus: 13
(4, 17)
(4, 16)
(4, 15)
(5, 15)
(6, 15)
(6, 16)
(6, 17)
(7, 17)
(8, 17)
(8, 18)
(8, 19)
(9, 19)
(10, 19)
(10, 18)
kaikki ok
Reitin pituus: 11
(4, 11)
(4, 10)
(4, 9)
(4, 8)
(4, 7)
(4, 6)
(4, 5)
(4, 4)
(4, 3)
(5, 3)
(6, 3)
(7, 3)
kaikki ok
Reitin pituus: 22
(12, 7)
(12, 8)
(12, 9)
(12, 10)
(12, 11)
(12, 12)
(12, 13)
(11, 13)
(10, 13)
(10, 14)
(10, 15)
(9, 15)
(8, 15)
(7, 15)
(6, 15)
(5, 15)
(4, 15)
(4, 16)
(4, 17)
(3, 17)
(2, 17)
(1, 17)
(1, 18)
kaikki ok
Reitin pituus: 6
(5, 13)
(4, 13)
(4, 14)
(4, 15)
(4, 16)
(4, 17)
(3, 17)
kaikki ok
Reitin pituus: 10
(5, 13)
(4, 13)
(4, 12)
(4, 11)
(4, 10)
(4, 9)
(4, 8)
(4, 7)
(4, 6)
(4, 5)
(4, 4)
kaikki ok
Reitin pituus: 10
(6, 10)
(6, 11)
(6, 12)
(6, 13)
(7, 13)
(8, 13)
(8, 14)
(8, 15)
(9, 15)
(10, 15)
(10, 14)
kaikki ok
Reitin pituus: 22
(12, 15)
(11, 15)
(10, 15)
(9, 15)
(8, 15)
(7, 15)
(6, 15)
(5, 15)
(4, 15)
(4, 14)
(4, 13)
(4, 12)
(4, 11)
(4, 10)
(4, 9)
(4, 8)
(4, 7)
(4, 6)
(4, 5)
(4, 4)
(4, 3)
(4, 2)
(4, 1)
kaikki ok
Reitin pituus: 15
(16, 15)
(17, 15)
(17, 14)
(17, 13)
(16, 13)
(15, 13)
(14, 13)
(14, 12)
(14, 11)
(14, 10)
(14, 9)
(14, 8)
(14, 7)
(14, 6)
(14, 5)
(14, 4)
kaikki ok
Reitin pituus: 7
(4, 7)
(4, 6)
(4, 5)
(4, 4)
(4, 3)
(5, 3)
(6, 3)
(7, 3)
kaikki ok
Reitin pituus: 16
(4, 5)
(4, 6)
(4, 7)
(4, 8)
(4, 9)
(4, 10)
(4, 11)
(4, 12)
(4, 13)
(4, 14)
(4, 15)
(4, 16)
(4, 17)
(3, 17)
(2, 17)
(1, 17)
(1, 18)
kaikki ok
Reitin pituus: 14
(4, 5)
(4, 6)
(4, 7)
(4, 8)
(4, 9)
(4, 10)
(4, 11)
(4, 12)
(4, 13)
(3, 13)
(2, 13)
(1, 13)
(1, 14)
(1, 15)
(2, 15)
kaikki ok
Reitin pituus: 6
(12, 10)
(12, 11)
(12, 12)
(12, 13)
(13, 13)
(14, 13)
(14, 14)
kaikki ok
Reitin pituus: 8
(4, 10)
(4, 9)
(4, 8)
(4, 7)
(4, 6)
(4, 5)
(4, 4)
(4, 3)
(3, 3)
kaikki ok
Reitin pituus: 22
(17, 17)
(16, 17)
(15, 17)
(14, 17)
(14, 16)
(14, 15)
(14, 14)
(14, 13)
(14, 12)
(14, 11)
(14, 10)
(14, 9)
(14, 8)
(14, 7)
(14, 6)
(14, 5)
(14, 4)
(14, 3)
(14, 2)
(14, 1)
(15, 1)
(16, 1)
(17, 1)
kaikki ok
Reitin pituus: 1
(1, 13)
(2, 13)
kaikki ok
Reitin pituus: 20
(9, 15)
(10, 15)
(10, 14)
(10, 13)
(11, 13)
(12, 13)
(12, 12)
(12, 11)
(12, 10)
(12, 9)
(13, 9)
(14, 9)
(14, 8)
(14, 7)
(14, 6)
(14, 5)
(14, 4)
(14, 3)
(13, 3)
(12, 3)
(11, 3)
kaikki ok
Reitin pituus: 11
(14, 6)
(14, 7)
(14, 8)
(14, 9)
(13, 9)
(12, 9)
(12, 8)
(12, 7)
(11, 7)
(10, 7)
(9, 7)
(9, 8)
kaikki ok
Reitin pituus: 4
(13, 9)
(12, 9)
(12, 10)
(12, 11)
(11, 11)
kaikki ok
Reitin pituus: 3
(2, 5)
(3, 5)
(4, 5)
(4, 6)
kaikki ok
Reitin pituus: 18
(11, 3)
(12, 3)
(12, 4)
(12, 5)
(11, 5)
(10, 5)
(10, 6)
(10, 7)
(11, 7)
(12, 7)
(12, 8)
(12, 9)
(12, 10)
(12, 11)
(12, 12)
(12, 13)
(11, 13)
(10, 13)
(10, 14)
kaikki ok
Reitin pituus: 11
(8, 18)
(8, 17)
(7, 17)
(6, 17)
(6, 16)
(6, 15)
(5, 15)
(4, 15)
(4, 16)
(4, 17)
(3, 17)
(2, 17)
kaikki ok
Reitin pituus: 20
(11, 1)
(12, 1)
(13, 1)
(14, 1)
(14, 2)
(14, 3)
(14, 4)
(14, 5)
(14, 6)
(14, 7)
(14, 8)
(14, 9)
(14, 10)
(14, 11)
(14, 12)
(14, 13)
(15, 13)
(16, 13)
(17, 13)
(17, 14)
(17, 15)
kaikki ok
Reitin pituus: 7
(17, 14)
(17, 13)
(16, 13)
(15, 13)
(14, 13)
(13, 13)
(12, 13)
(12, 12)
kaikki ok
Reitin pituus: 8
(10, 3)
(11, 3)
(12, 3)
(13, 3)
(14, 3)
(15, 3)
(16, 3)
(17, 3)
(17, 4)
kaikki ok
Reitin pituus: 22
(15, 3)
(14, 3)
(13, 3)
(12, 3)
(12, 4)
(12, 5)
(11, 5)
(10, 5)
(10, 6)
(10, 7)
(9, 7)
(8, 7)
(7, 7)
(6, 7)
(6, 8)
(6, 9)
(5, 9)
(4, 9)
(4, 10)
(4, 11)
(4, 12)
(4, 13)
(4, 14)
kaikki ok
Reitin pituus: 15
(10, 13)
(10, 14)
(10, 15)
(9, 15)
(8, 15)
(7, 15)
(6, 15)
(6, 16)
(6, 17)
(7, 17)
(8, 17)
(8, 18)
(8, 19)
(7, 19)
(6, 19)
(5, 19)
kaikki ok
Reitin pituus: 7
(10, 17)
(11, 17)
(12, 17)
(12, 16)
(12, 15)
(13, 15)
(14, 15)
(14, 16)
kaikki ok
Reitin pituus: 11
(15, 3)
(14, 3)
(14, 4)
(14, 5)
(14, 6)
(14, 7)
(14, 8)
(14, 9)
(13, 9)
(12, 9)
(12, 10)
(12, 11)
kaikki ok
Reitin pituus: 28
(3, 19)
(2, 19)
(1, 19)
(1, 18)
(1, 17)
(2, 17)
(3, 17)
(4, 17)
(4, 16)
(4, 15)
(4, 14)
(4, 13)
(4, 12)
(4, 11)
(4, 10)
(4, 9)
(4, 8)
(4, 7)
(4, 6)
(4, 5)
(4, 4)
(4, 3)
(5, 3)
(6, 3)
(7, 3)
(8, 3)
(9, 3)
(10, 3)
(11, 3)
kaikki ok
Reitin pituus: 0
(7, 11)
kaikki ok
Reitin pituus: 14
(3, 1)
(4, 1)
(4, 2)
(4, 3)
(4, 4)
(4, 5)
(4, 6)
(4, 7)
(4, 8)
(4, 9)
(4, 10)
(4, 11)
(4, 12)
(4, 13)
(5, 13)
kaikki ok
Reitin pituus: 16
(5, 3)
(4, 3)
(4, 4)
(4, 5)
(4, 6)
(4, 7)
(4, 8)
(4, 9)
(5, 9)
(6, 9)
(6, 10)
(6, 11)
(7, 11)
(8, 11)
(9, 11)
(10, 11)
(11, 11)
kaikki ok
Reitin pituus: 14
(10, 14)
(10, 15)
(9, 15)
(8, 15)
(7, 15)
(6, 15)
(5, 15)
(4, 15)
(4, 16)
(4, 17)
(3, 17)
(2, 17)
(1, 17)
(1, 18)
(1, 19)
kaikki ok
Reitin pituus: 13
(17, 4)
(17, 5)
(16, 5)
(15, 5)
(14, 5)
(14, 6)
(14, 7)
(14, 8)
(14, 9)
(13, 9)
(12, 9)
(12, 10)
(12, 11)
(11, 11)
kaikki ok
Reitin pituus: 15
(1, 2)
(1, 3)
(1, 4)
(1, 5)
(2, 5)
(3, 5)
(4, 5)
(4, 6)
(4, 7)
(4, 8)
(4, 9)
(4, 10)
(4, 11)
(4, 12)
(4, 13)
(4, 14)
kaikki ok
Reitin pituus: 8
(12, 10)
(12, 9)
(13, 9)
(14, 9)
(14, 8)
(14, 7)
(14, 6)
(14, 5)
(14, 4)
kaikki ok
Reitin pituus: 16
(17, 18)
(17, 17)
(16, 17)
(15, 17)
(14, 17)
(14, 16)
(14, 15)
(14, 14)
(14, 13)
(13, 13)
(12, 13)
(12, 12)
(12, 11)
(11, 11)
(10, 11)
(9, 11)
(8, 11)
kaikki ok
Reitin pituus: 12
(12, 9)
(13, 9)
(14, 9)
(14, 8)
(14, 7)
(14, 6)
(14, 5)
(14, 4)
(14, 3)
(14, 2)
(14, 1)
(15, 1)
(16, 1)
kaikki ok
Reitin pituus: 14
(14, 19)
(15, 19)
(16, 19)
(17, 19)
(17, 18)
(17, 17)
(16, 17)
(15, 17)
(14, 17)
(14, 16)
(14, 15)
(14, 14)
(14, 13)
(14, 12)
(14, 11)
kaikki ok
Reitin pituus: 15
(14, 8)
(14, 9)
(13, 9)
(12, 9)
(12, 10)
(12, 11)
(11, 11)
(10, 11)
(9, 11)
(8, 11)
(7, 11)
(6, 11)
(6, 12)
(6, 13)
(5, 13)
(4, 13)
kaikki ok
Reitin pituus: 7
(14, 17)
(14, 16)
(14, 15)
(14, 14)
(14, 13)
(14, 12)
(14, 11)
(14, 10)
kaikki ok
Reitin pituus: 5
(12, 3)
(13, 3)
(14, 3)
(14, 2)
(14, 1)
(15, 1)
kaikki ok
Reitin pituus: 6
(6, 7)
(7, 7)
(8, 7)
(8, 6)
(8, 5)
(7, 5)
(6, 5)
kaikki ok
Reitin pituus: 24
(17, 3)
(16, 3)
(15, 3)
(14, 3)
(14, 4)
(14, 5)
(14, 6)
(14, 7)
(14, 8)
(14, 9)
(14, 10)
(14, 11)
(14, 12)
(14, 13)
(14, 14)
(14, 15)
(13, 15)
(12, 15)
(12, 16)
(12, 17)
(11, 17)
(10, 17)
(10, 18)
(10, 19)
(9, 19)
kaikki ok
Reitin pituus: 13
(7, 1)
(8, 1)
(8, 2)
(8, 3)
(9, 3)
(10, 3)
(11, 3)
(12, 3)
(13, 3)
(14, 3)
(15, 3)
(16, 3)
(17, 3)
(17, 2)
kaikki ok
Reitin pituus: 21
(8, 19)
(8, 18)
(8, 17)
(7, 17)
(6, 17)
(6, 16)
(6, 15)
(5, 15)
(4, 15)
(4, 14)
(4, 13)
(4, 12)
(4, 11)
(4, 10)
(4, 9)
(4, 8)
(4, 7)
(4, 6)
(4, 5)
(4, 4)
(4, 3)
(3, 3)
kaikki ok
Reitin pituus: 15
(16, 3)
(15, 3)
(14, 3)
(13, 3)
(12, 3)
(11, 3)
(10, 3)
(9, 3)
(8, 3)
(8, 2)
(8, 1)
(7, 1)
(6, 1)
(5, 1)
(4, 1)
(3, 1)
kaikki ok
Reitin pituus: 22
(4, 15)
(4, 14)
(4, 13)
(5, 13)
(6, 13)
(6, 12)
(6, 11)
(7, 11)
(8, 11)
(9, 11)
(10, 11)
(11, 11)
(12, 11)
(12, 10)
(12, 9)
(13, 9)
(14, 9)
(14, 8)
(14, 7)
(14, 6)
(14, 5)
(15, 5)
(16, 5)
kaikki ok
Reitin pituus: 22
(14, 17)
(14, 16)
(14, 15)
(14, 14)
(14, 13)
(14, 12)
(14, 11)
(14, 10)
(14, 9)
(14, 8)
(14, 7)
(14, 6)
(14, 5)
(14, 4)
(14, 3)
(13, 3)
(12, 3)
(11, 3)
(10, 3)
(9, 3)
(8, 3)
(8, 2)
(8, 1)
kaikki ok
Reitin pituus: 14
(1, 4)
(1, 3)
(2, 3)
(3, 3)
(4, 3)
(5, 3)
(6, 3)
(6, 4)
(6, 5)
(7, 5)
(8, 5)
(8, 6)
(8, 7)
(9, 7)
(9, 8)
kaikki ok
Reitin pituus: 9
(9, 3)
(10, 3)
(11, 3)
(12, 3)
(13, 3)
(14, 3)
(14, 4)
(14, 5)
(14, 6)
(14, 7)
kaikki ok
Reitin pituus: 18
(4, 16)
(4, 15)
(4, 14)
(4, 13)
(4, 12)
(4, 11)
(4, 10)
(4, 9)
(4, 8)
(4, 7)
(4, 6)
(4, 5)
(4, 4)
(4, 3)
(5, 3)
(6, 3)
(7, 3)
(8, 3)
(9, 3)
kaikki ok
Reitin pituus: 6
(4, 16)
(4, 15)
(5, 15)
(6, 15)
(7, 15)
(8, 15)
(8, 14)
kaikki ok
Reitin pituus: 25
(6, 19)
(7, 19)
(8, 19)
(8, 18)
(8, 17)
(7, 17)
(6, 17)
(6, 16)
(6, 15)
(5, 15)
(4, 15)
(4, 14)
(4, 13)
(5, 13)
(6, 13)
(6, 12)
(6, 11)
(6, 10)
(6, 9)
(6, 8)
(6, 7)
(7, 7)
(8, 7)
(8, 6)
(8, 5)
(7, 5)
kaikki ok
Reitin pituus: 20
(3, 19)
(2, 19)
(1, 19)
(1, 18)
(1, 17)
(2, 17)
(3, 17)
(4, 17)
(4, 16)
(4, 15)
(4, 14)
(4, 13)
(4, 12)
(4, 11)
(4, 10)
(4, 9)
(4, 8)
(4, 7)
(4, 6)
(4, 5)
(4, 4)
kaikki ok
Reitin pituus: 10
(5, 13)
(6, 13)
(6, 12)
(6, 11)
(7, 11)
(8, 11)
(9, 11)
(10, 11)
(11, 11)
(12, 11)
(12, 10)
kaikki ok
Reitin pituus: 20
(17, 2)
(17, 3)
(16, 3)
(15, 3)
(14, 3)
(13, 3)
(12, 3)
(11, 3)
(10, 3)
(9, 3)
(8, 3)
(7, 3)
(6, 3)
(5, 3)
(4, 3)
(4, 4)
(4, 5)
(4, 6)
(4, 7)
(4, 8)
(4, 9)
kaikki ok
Reitin pituus: 20
(17, 13)
(16, 13)
(15, 13)
(14, 13)
(14, 12)
(14, 11)
(14, 10)
(14, 9)
(13, 9)
(12, 9)
(12, 8)
(12, 7)
(11, 7)
(10, 7)
(9, 7)
(8, 7)
(8, 6)
(8, 5)
(7, 5)
(6, 5)
(6, 4)
kaikki ok
Reitin pituus: 23
(8, 13)
(7, 13)
(6, 13)
(6, 12)
(6, 11)
(6, 10)
(6, 9)
(6, 8)
(6, 7)
(7, 7)
(8, 7)
(9, 7)
(10, 7)
(10, 6)
(10, 5)
(11, 5)
(12, 5)
(12, 4)
(12, 3)
(13, 3)
(14, 3)
(15, 3)
(16, 3)
(17, 3)
kaikki ok
Reitin pituus: 14
(14, 12)
(14, 11)
(14, 10)
(14, 9)
(14, 8)
(14, 7)
(14, 6)
(14, 5)
(14, 4)
(14, 3)
(14, 2)
(14, 1)
(15, 1)
(16, 1)
(17, 1)
kaikki ok
Reitin pituus: 15
(17, 2)
(17, 3)
(16, 3)
(15, 3)
(14, 3)
(13, 3)
(12, 3)
(12, 4)
(12, 5)
(11, 5)
(10, 5)
(10, 6)
(10, 7)
(9, 7)
(8, 7)
(7, 7)
kaikki ok
Reitin pituus: 16
(8, 9)
(9, 9)
(9, 8)
(9, 7)
(8, 7)
(8, 6)
(8, 5)
(7, 5)
(6, 5)
(6, 4)
(6, 3)
(5, 3)
(4, 3)
(4, 2)
(4, 1)
(3, 1)
(2, 1)
kaikki ok
Reitin pituus: 10
(5, 13)
(6, 13)
(7, 13)
(8, 13)
(8, 14)
(8, 15)
(9, 15)
(10, 15)
(10, 14)
(10, 13)
(11, 13)
kaikki ok
Reitin pituus: 17
(10, 19)
(9, 19)
(8, 19)
(8, 18)
(8, 17)
(7, 17)
(6, 17)
(6, 16)
(6, 15)
(7, 15)
(8, 15)
(8, 14)
(8, 13)
(7, 13)
(6, 13)
(6, 12)
(6, 11)
(7, 11)
kaikki ok
Reitin pituus: 23
(8, 17)
(7, 17)
(6, 17)
(6, 16)
(6, 15)
(5, 15)
(4, 15)
(4, 14)
(4, 13)
(4, 12)
(4, 11)
(4, 10)
(4, 9)
(4, 8)
(4, 7)
(4, 6)
(4, 5)
(4, 4)
(4, 3)
(5, 3)
(6, 3)
(7, 3)
(8, 3)
(9, 3)
kaikki ok
Reitin pituus: 10
(8, 11)
(7, 11)
(6, 11)
(6, 12)
(6, 13)
(5, 13)
(4, 13)
(4, 14)
(4, 15)
(4, 16)
(4, 17)
kaikki ok
Reitin pituus: 6
(12, 11)
(12, 10)
(12, 9)
(13, 9)
(14, 9)
(14, 8)
(14, 7)
kaikki ok
Reitin pituus: 14
(14, 12)
(14, 13)
(14, 14)
(14, 15)
(13, 15)
(12, 15)
(12, 16)
(12, 17)
(11, 17)
(10, 17)
(10, 18)
(10, 19)
(9, 19)
(8, 19)
(8, 18)
kaikki ok
Reitin pituus: 21
(3, 19)
(2, 19)
(1, 19)
(1, 18)
(1, 17)
(2, 17)
(3, 17)
(4, 17)
(4, 16)
(4, 15)
(4, 14)
(4, 13)
(4, 12)
(4, 11)
(4, 10)
(4, 9)
(4, 8)
(4, 7)
(4, 6)
(4, 5)
(4, 4)
(4, 3)
kaikki ok
Reitin pituus: 15
(5, 15)
(4, 15)
(4, 14)
(4, 13)
(5, 13)
(6, 13)
(6, 12)
(6, 11)
(6, 10)
(6, 9)
(6, 8)
(6, 7)
(7, 7)
(8, 7)
(9, 7)
(9, 8)
kaikki ok
Reitin pituus: 24
(5, 19)
(6, 19)
(7, 19)
(8, 19)
(8, 18)
(8, 17)
(7, 17)
(6, 17)
(6, 16)
(6, 15)
(5, 15)
(4, 15)
(4, 14)
(4, 13)
(4, 12)
(4, 11)
(4, 10)
(4, 9)
(4, 8)
(4, 7)
(4, 6)
(4, 5)
(3, 5)
(2, 5)
(1, 5)
kaikki ok
Reitin pituus: 3
(14, 4)
(14, 3)
(15, 3)
(16, 3)
kaikki ok
Reitin pituus: 4
(15, 1)
(14, 1)
(14, 2)
(14, 3)
(15, 3)
kaikki ok
Reitin pituus: 13
(6, 17)
(6, 16)
(6, 15)
(5, 15)
(4, 15)
(4, 14)
(4, 13)
(5, 13)
(6, 13)
(6, 12)
(6, 11)
(6, 10)
(6, 9)
(6, 8)
kaikki ok
Reitin pituus: 16
(14, 15)
(13, 15)
(12, 15)
(12, 16)
(12, 17)
(11, 17)
(10, 17)
(10, 18)
(10, 19)
(9, 19)
(8, 19)
(7, 19)
(6, 19)
(5, 19)
(4, 19)
(3, 19)
(2, 19)
kaikki ok
Reitin pituus: 2
(12, 17)
(11, 17)
(10, 17)
kaikki ok
Reitin pituus: 13
(16, 16)
(16, 17)
(15, 17)
(14, 17)
(14, 16)
(14, 15)
(14, 14)
(14, 13)
(13, 13)
(12, 13)
(12, 12)
(12, 11)
(11, 11)
(10, 11)
kaikki ok
Reitin pituus: 19
(12, 12)
(12, 11)
(11, 11)
(10, 11)
(9, 11)
(8, 11)
(7, 11)
(6, 11)
(6, 10)
(6, 9)
(5, 9)
(4, 9)
(4, 8)
(4, 7)
(4, 6)
(4, 5)
(3, 5)
(2, 5)
(1, 5)
(1, 4)
kaikki ok
Reitin pituus: 29
(1, 3)
(2, 3)
(3, 3)
(4, 3)
(5, 3)
(6, 3)
(7, 3)
(8, 3)
(9, 3)
(10, 3)
(11, 3)
(12, 3)
(13, 3)
(14, 3)
(14, 4)
(14, 5)
(14, 6)
(14, 7)
(14, 8)
(14, 9)
(14, 10)
(14, 11)
(14, 12)
(14, 13)
(14, 14)
(14, 15)
(14, 16)
(14, 17)
(15, 17)
(16, 17)
kaikki ok
Reitin pituus: 10
(4, 3)
(5, 3)
(6, 3)
(7, 3)
(8, 3)
(9, 3)
(10, 3)
(11, 3)
(12, 3)
(12, 4)
(12, 5)
kaikki ok
Reitin pituus: 5
(7, 5)
(6, 5)
(6, 4)
(6, 3)
(5, 3)
(4, 3)
kaikki ok
Reitin pituus: 15
(8, 9)
(9, 9)
(9, 8)
(9, 7)
(10, 7)
(11, 7)
(12, 7)
(12, 8)
(12, 9)
(13, 9)
(14, 9)
(14, 10)
(14, 11)
(14, 12)
(14, 13)
(14, 14)
kaikki ok
Reitin pituus: 5
(14, 12)
(14, 11)
(14, 10)
(14, 9)
(14, 8)
(14, 7)
kaikki ok
Reitin pituus: 13
(11, 7)
(12, 7)
(12, 8)
(12, 9)
(13, 9)
(14, 9)
(14, 10)
(14, 11)
(14, 12)
(14, 13)
(15, 13)
(16, 13)
(17, 13)
(17, 14)
kaikki ok
Reitin pituus: 13
(17, 18)
(17, 17)
(16, 17)
(15, 17)
(14, 17)
(14, 16)
(14, 15)
(14, 14)
(14, 13)
(14, 12)
(14, 11)
(14, 10)
(14, 9)
(14, 8)
kaikki ok
Reitin pituus: 19
(8, 3)
(7, 3)
(6, 3)
(6, 4)
(6, 5)
(7, 5)
(8, 5)
(8, 6)
(8, 7)
(7, 7)
(6, 7)
(6, 8)
(6, 9)
(6, 10)
(6, 11)
(6, 12)
(6, 13)
(7, 13)
(8, 13)
(8, 14)
kaikki ok
Reitin pituus: 19
(8, 2)
(8, 3)
(7, 3)
(6, 3)
(5, 3)
(4, 3)
(4, 4)
(4, 5)
(4, 6)
(4, 7)
(4, 8)
(4, 9)
(5, 9)
(6, 9)
(6, 10)
(6, 11)
(7, 11)
(8, 11)
(9, 11)
(10, 11)
kaikki ok
Reitin pituus: 15
(8, 5)
(8, 6)
(8, 7)
(7, 7)
(6, 7)
(6, 8)
(6, 9)
(6, 10)
(6, 11)
(6, 12)
(6, 13)
(5, 13)
(4, 13)
(4, 14)
(4, 15)
(4, 16)
kaikki ok
Reitin pituus: 19
(7, 7)
(6, 7)
(6, 8)
(6, 9)
(6, 10)
(6, 11)
(6, 12)
(6, 13)
(7, 13)
(8, 13)
(8, 14)
(8, 15)
(7, 15)
(6, 15)
(6, 16)
(6, 17)
(7, 17)
(8, 17)
(8, 18)
(8, 19)
kaikki ok
Reitin pituus: 12
(14, 5)
(14, 4)
(14, 3)
(13, 3)
(12, 3)
(12, 4)
(12, 5)
(11, 5)
(10, 5)
(10, 6)
(10, 7)
(9, 7)
(8, 7)
kaikki ok
Reitin pituus: 11
(14, 14)
(14, 15)
(13, 15)
(12, 15)
(11, 15)
(10, 15)
(9, 15)
(8, 15)
(7, 15)
(6, 15)
(6, 16)
(6, 17)
kaikki ok
Reitin pituus: 9
(6, 17)
(6, 16)
(6, 15)
(7, 15)
(8, 15)
(9, 15)
(10, 15)
(11, 15)
(12, 15)
(12, 16)
kaikki ok
Reitin pituus: 19
(6, 17)
(6, 16)
(6, 15)
(5, 15)
(4, 15)
(4, 14)
(4, 13)
(5, 13)
(6, 13)
(6, 12)
(6, 11)
(6, 10)
(6, 9)
(6, 8)
(6, 7)
(7, 7)
(8, 7)
(9, 7)
(9, 8)
(9, 9)
kaikki ok
Reitin pituus: 18
(17, 2)
(17, 3)
(17, 4)
(17, 5)
(16, 5)
(15, 5)
(14, 5)
(14, 6)
(14, 7)
(14, 8)
(14, 9)
(13, 9)
(12, 9)
(12, 10)
(12, 11)
(11, 11)
(10, 11)
(9, 11)
(8, 11)
kaikki ok
Reitin pituus: 18
(6, 10)
(6, 9)
(6, 8)
(6, 7)
(7, 7)
(8, 7)
(9, 7)
(10, 7)
(10, 6)
(10, 5)
(11, 5)
(12, 5)
(12, 4)
(12, 3)
(13, 3)
(14, 3)
(15, 3)
(16, 3)
(17, 3)
kaikki ok
Reitin pituus: 19
(12, 16)
(12, 15)
(11, 15)
(10, 15)
(9, 15)
(8, 15)
(8, 14)
(8, 13)
(7, 13)
(6, 13)
(5, 13)
(4, 13)
(4, 12)
(4, 11)
(4, 10)
(4, 9)
(4, 8)
(4, 7)
(4, 6)
(4, 5)
kaikki ok
Reitin pituus: 29
(4, 2)
(4, 3)
(4, 4)
(4, 5)
(4, 6)
(4, 7)
(4, 8)
(4, 9)
(4, 10)
(4, 11)
(4, 12)
(4, 13)
(4, 14)
(4, 15)
(5, 15)
(6, 15)
(6, 16)
(6, 17)
(7, 17)
(8, 17)
(8, 18)
(8, 19)
(9, 19)
(10, 19)
(11, 19)
(12, 19)
(13, 19)
(14, 19)
(15, 19)
(16, 19)
kaikki ok
Reitin pituus: 23
(9, 9)
(9, 8)
(9, 7)
(10, 7)
(11, 7)
(12, 7)
(12, 8)
(12, 9)
(13, 9)
(14, 9)
(14, 10)
(14, 11)
(14, 12)
(14, 13)
(14, 14)
(14, 15)
(14, 16)
(14, 17)
(15, 17)
(16, 17)
(17, 17)
(17, 18)
(17, 19)
(16, 19)
kaikki ok
Reitin pituus: 10
(6, 7)
(6, 8)
(6, 9)
(5, 9)
(4, 9)
(4, 8)
(4, 7)
(4, 6)
(4, 5)
(3, 5)
(2, 5)
kaikki ok
Reitin pituus: 17
(17, 15)
(17, 14)
(17, 13)
(16, 13)
(15, 13)
(14, 13)
(14, 12)
(14, 11)
(14, 10)
(14, 9)
(14, 8)
(14, 7)
(14, 6)
(14, 5)
(15, 5)
(16, 5)
(17, 5)
(17, 4)
kaikki ok
Reitin pituus: 20
(17, 5)
(16, 5)
(15, 5)
(14, 5)
(14, 6)
(14, 7)
(14, 8)
(14, 9)
(14, 10)
(14, 11)
(14, 12)
(14, 13)
(14, 14)
(14, 15)
(14, 16)
(14, 17)
(15, 17)
(16, 17)
(17, 17)
(17, 18)
(17, 19)
kaikki ok
Reitin pituus: 8
(10, 3)
(9, 3)
(8, 3)
(8, 2)
(8, 1)
(7, 1)
(6, 1)
(5, 1)
(4, 1)
kaikki ok
Reitin pituus: 5
(12, 9)
(12, 10)
(12, 11)
(11, 11)
(10, 11)
(9, 11)
kaikki ok
Reitin pituus: 6
(12, 8)
(12, 7)
(11, 7)
(10, 7)
(10, 6)
(10, 5)
(11, 5)
kaikki ok
Reitin pituus: 20
(9, 7)
(10, 7)
(11, 7)
(12, 7)
(12, 8)
(12, 9)
(13, 9)
(14, 9)
(14, 10)
(14, 11)
(14, 12)
(14, 13)
(14, 14)
(14, 15)
(13, 15)
(12, 15)
(12, 16)
(12, 17)
(11, 17)
(10, 17)
(10, 18)
kaikki ok
Reitin pituus: 21
(10, 3)
(9, 3)
(8, 3)
(7, 3)
(6, 3)
(6, 4)
(6, 5)
(7, 5)
(8, 5)
(8, 6)
(8, 7)
(7, 7)
(6, 7)
(6, 8)
(6, 9)
(6, 10)
(6, 11)
(6, 12)
(6, 13)
(7, 13)
(8, 13)
(8, 14)
kaikki ok
Reitin pituus: 29
(2, 19)
(3, 19)
(4, 19)
(5, 19)
(6, 19)
(7, 19)
(8, 19)
(9, 19)
(10, 19)
(10, 18)
(10, 17)
(11, 17)
(12, 17)
(12, 16)
(12, 15)
(13, 15)
(14, 15)
(14, 14)
(14, 13)
(14, 12)
(14, 11)
(14, 10)
(14, 9)
(14, 8)
(14, 7)
(14, 6)
(14, 5)
(14, 4)
(14, 3)
(14, 2)
kaikki ok
Reitin pituus: 10
(9, 7)
(10, 7)
(10, 6)
(10, 5)
(11, 5)
(12, 5)
(12, 4)
(12, 3)
(13, 3)
(14, 3)
(14, 2)
kaikki ok
Reitin pituus: 3
(12, 3)
(11, 3)
(10, 3)
(9, 3)
kaikki ok
Reitin pituus: 23
(12, 4)
(12, 3)
(13, 3)
(14, 3)
(14, 4)
(14, 5)
(14, 6)
(14, 7)
(14, 8)
(14, 9)
(14, 10)
(14, 11)
(14, 12)
(14, 13)
(14, 14)
(14, 15)
(14, 16)
(14, 17)
(15, 17)
(16, 17)
(17, 17)
(17, 18)
(17, 19)
(16, 19)
kaikki ok
Reitin pituus: 24
(8, 1)
(8, 2)
(8, 3)
(9, 3)
(10, 3)
(11, 3)
(12, 3)
(13, 3)
(14, 3)
(14, 4)
(14, 5)
(14, 6)
(14, 7)
(14, 8)
(14, 9)
(14, 10)
(14, 11)
(14, 12)
(14, 13)
(14, 14)
(14, 15)
(14, 16)
(14, 17)
(15, 17)
(16, 17)
kaikki ok
Reitin pituus: 2
(13, 9)
(12, 9)
(12, 8)
kaikki ok
Reitin pituus: 25
(4, 17)
(4, 16)
(4, 15)
(5, 15)
(6, 15)
(7, 15)
(8, 15)
(9, 15)
(10, 15)
(10, 14)
(10, 13)
(11, 13)
(12, 13)
(12, 12)
(12, 11)
(12, 10)
(12, 9)
(13, 9)
(14, 9)
(14, 8)
(14, 7)
(14, 6)
(14, 5)
(15, 5)
(16, 5)
(17, 5)
kaikki ok
Reitin pituus: 13
(11, 15)
(10, 15)
(9, 15)
(8, 15)
(7, 15)
(6, 15)
(5, 15)
(4, 15)
(4, 16)
(4, 17)
(3, 17)
(2, 17)
(1, 17)
(1, 18)
kaikki ok
Reitin pituus: 23
(3, 13)
(4, 13)
(5, 13)
(6, 13)
(6, 12)
(6, 11)
(6, 10)
(6, 9)
(6, 8)
(6, 7)
(7, 7)
(8, 7)
(9, 7)
(10, 7)
(10, 6)
(10, 5)
(11, 5)
(12, 5)
(12, 4)
(12, 3)
(13, 3)
(14, 3)
(15, 3)
(16, 3)
kaikki ok
Reitin pituus: 10
(6, 8)
(6, 9)
(5, 9)
(4, 9)
(4, 10)
(4, 11)
(4, 12)
(4, 13)
(4, 14)
(4, 15)
(4, 16)
kaikki ok
Reitin pituus: 11
(13, 9)
(14, 9)
(14, 10)
(14, 11)
(14, 12)
(14, 13)
(14, 14)
(14, 15)
(14, 16)
(14, 17)
(15, 17)
(16, 17)
kaikki ok
Reitin pituus: 14
(11, 13)
(12, 13)
(12, 12)
(12, 11)
(11, 11)
(10, 11)
(9, 11)
(8, 11)
(7, 11)
(6, 11)
(6, 10)
(6, 9)
(5, 9)
(4, 9)
(4, 8)
kaikki ok
Reitin pituus: 8
(4, 4)
(4, 3)
(5, 3)
(6, 3)
(7, 3)
(8, 3)
(9, 3)
(10, 3)
(10, 2)
kaikki ok
Reitin pituus: 9
(6, 5)
(7, 5)
(8, 5)
(8, 6)
(8, 7)
(7, 7)
(6, 7)
(6, 8)
(6, 9)
(5, 9)
kaikki ok
Reitin pituus: 5
(14, 5)
(14, 6)
(14, 7)
(14, 8)
(14, 9)
(13, 9)
kaikki ok
Reitin pituus: 14
(17, 3)
(16, 3)
(15, 3)
(14, 3)
(14, 4)
(14, 5)
(14, 6)
(14, 7)
(14, 8)
(14, 9)
(14, 10)
(14, 11)
(14, 12)
(14, 13)
(15, 13)
kaikki ok
Reitin pituus: 11
(14, 16)
(14, 15)
(13, 15)
(12, 15)
(11, 15)
(10, 15)
(9, 15)
(8, 15)
(8, 14)
(8, 13)
(7, 13)
(6, 13)
kaikki ok
Reitin pituus: 19
(4, 17)
(4, 16)
(4, 15)
(4, 14)
(4, 13)
(4, 12)
(4, 11)
(4, 10)
(4, 9)
(4, 8)
(4, 7)
(4, 6)
(4, 5)
(4, 4)
(4, 3)
(5, 3)
(6, 3)
(7, 3)
(8, 3)
(9, 3)
kaikki ok
Reitin pituus: 8
(4, 13)
(4, 14)
(4, 15)
(4, 16)
(4, 17)
(3, 17)
(2, 17)
(1, 17)
(1, 18)
kaikki ok
Reitin pituus: 23
(17, 15)
(17, 14)
(17, 13)
(16, 13)
(15, 13)
(14, 13)
(14, 12)
(14, 11)
(14, 10)
(14, 9)
(14, 8)
(14, 7)
(14, 6)
(14, 5)
(14, 4)
(14, 3)
(13, 3)
(12, 3)
(11, 3)
(10, 3)
(9, 3)
(8, 3)
(8, 2)
(8, 1)
kaikki ok
Reitin pituus: 18
(15, 13)
(14, 13)
(14, 14)
(14, 15)
(13, 15)
(12, 15)
(11, 15)
(10, 15)
(9, 15)
(8, 15)
(7, 15)
(6, 15)
(5, 15)
(4, 15)
(4, 16)
(4, 17)
(3, 17)
(2, 17)
(1, 17)
kaikki ok
Reitin pituus: 16
(8, 19)
(9, 19)
(10, 19)
(11, 19)
(12, 19)
(13, 19)
(14, 19)
(15, 19)
(16, 19)
(17, 19)
(17, 18)
(17, 17)
(16, 17)
(16, 16)
(16, 15)
(17, 15)
(17, 14)
kaikki ok
Reitin pituus: 8
(12, 5)
(11, 5)
(10, 5)
(10, 6)
(10, 7)
(9, 7)
(9, 8)
(9, 9)
(8, 9)
kaikki ok
Reitin pituus: 4
(17, 17)
(16, 17)
(16, 16)
(16, 15)
(17, 15)
kaikki ok
Reitin pituus: 15
(14, 14)
(14, 13)
(14, 12)
(14, 11)
(14, 10)
(14, 9)
(14, 8)
(14, 7)
(14, 6)
(14, 5)
(14, 4)
(14, 3)
(13, 3)
(12, 3)
(11, 3)
(10, 3)
kaikki ok
Reitin pituus: 19
(2, 17)
(3, 17)
(4, 17)
(4, 16)
(4, 15)
(4, 14)
(4, 13)
(4, 12)
(4, 11)
(4, 10)
(4, 9)
(5, 9)
(6, 9)
(6, 8)
(6, 7)
(7, 7)
(8, 7)
(8, 6)
(8, 5)
(7, 5)
kaikki ok
Reitin pituus: 11
(6, 10)
(6, 11)
(6, 12)
(6, 13)
(5, 13)
(4, 13)
(3, 13)
(2, 13)
(1, 13)
(1, 14)
(1, 15)
(2, 15)
kaikki ok
Reitin pituus: 12
(6, 11)
(6, 10)
(6, 9)
(6, 8)
(6, 7)
(7, 7)
(8, 7)
(9, 7)
(10, 7)
(10, 6)
(10, 5)
(11, 5)
(12, 5)
kaikki ok
Reitin pituus: 15
(11, 15)
(10, 15)
(10, 14)
(10, 13)
(11, 13)
(12, 13)
(12, 12)
(12, 11)
(12, 10)
(12, 9)
(12, 8)
(12, 7)
(11, 7)
(10, 7)
(9, 7)
(9, 8)
kaikki ok
Reitin pituus: 3
(7, 7)
(8, 7)
(8, 6)
(8, 5)
kaikki ok
Reitin pituus: 20
(9, 15)
(8, 15)
(8, 14)
(8, 13)
(7, 13)
(6, 13)
(6, 12)
(6, 11)
(6, 10)
(6, 9)
(5, 9)
(4, 9)
(4, 8)
(4, 7)
(4, 6)
(4, 5)
(4, 4)
(4, 3)
(4, 2)
(4, 1)
(3, 1)
kaikki ok
Reitin pituus: 4
(15, 13)
(14, 13)
(14, 14)
(14, 15)
(13, 15)
kaikki ok
Reitin pituus: 25
(17, 5)
(16, 5)
(15, 5)
(14, 5)
(14, 6)
(14, 7)
(14, 8)
(14, 9)
(14, 10)
(14, 11)
(14, 12)
(14, 13)
(14, 14)
(14, 15)
(13, 15)
(12, 15)
(12, 16)
(12, 17)
(11, 17)
(10, 17)
(10, 18)
(10, 19)
(9, 19)
(8, 19)
(8, 18)
(8, 17)
kaikki ok
Reitin pituus: 3
(17, 1)
(17, 2)
(17, 3)
(17, 4)
kaikki ok
Reitin pituus: 11
(14, 6)
(14, 7)
(14, 8)
(14, 9)
(14, 10)
(14, 11)
(14, 12)
(14, 13)
(14, 14)
(14, 15)
(13, 15)
(12, 15)
kaikki ok
Reitin pituus: 24
(16, 5)
(15, 5)
(14, 5)
(14, 6)
(14, 7)
(14, 8)
(14, 9)
(14, 10)
(14, 11)
(14, 12)
(14, 13)
(14, 14)
(14, 15)
(13, 15)
(12, 15)
(12, 16)
(12, 17)
(11, 17)
(10, 17)
(10, 18)
(10, 19)
(9, 19)
(8, 19)
(7, 19)
(6, 19)
kaikki ok
Reitin pituus: 6
(10, 15)
(10, 14)
(10, 13)
(11, 13)
(12, 13)
(12, 12)
(12, 11)
kaikki ok
Reitin pituus: 28
(17, 15)
(17, 14)
(17, 13)
(16, 13)
(15, 13)
(14, 13)
(13, 13)
(12, 13)
(12, 12)
(12, 11)
(11, 11)
(10, 11)
(9, 11)
(8, 11)
(7, 11)
(6, 11)
(6, 10)
(6, 9)
(5, 9)
(4, 9)
(4, 8)
(4, 7)
(4, 6)
(4, 5)
(4, 4)
(4, 3)
(3, 3)
(2, 3)
(1, 3)
kaikki ok
Reitin pituus: 16
(4, 10)
(4, 9)
(5, 9)
(6, 9)
(6, 10)
(6, 11)
(7, 11)
(8, 11)
(9, 11)
(10, 11)
(11, 11)
(12, 11)
(12, 12)
(12, 13)
(13, 13)
(14, 13)
(14, 12)
kaikki ok
Reitin pituus: 14
(11, 15)
(10, 15)
(9, 15)
(8, 15)
(7, 15)
(6, 15)
(5, 15)
(4, 15)
(4, 16)
(4, 17)
(3, 17)
(2, 17)
(2, 16)
(2, 15)
(1, 15)
kaikki ok
Reitin pituus: 18
(2, 3)
(3, 3)
(4, 3)
(4, 4)
(4, 5)
(4, 6)
(4, 7)
(4, 8)
(4, 9)
(5, 9)
(6, 9)
(6, 10)
(6, 11)
(6, 12)
(6, 13)
(7, 13)
(8, 13)
(8, 14)
(8, 15)
kaikki ok
Reitin pituus: 20
(7, 3)
(6, 3)
(6, 4)
(6, 5)
(7, 5)
(8, 5)
(8, 6)
(8, 7)
(9, 7)
(10, 7)
(11, 7)
(12, 7)
(12, 8)
(12, 9)
(12, 10)
(12, 11)
(12, 12)
(12, 13)
(11, 13)
(10, 13)
(10, 14)
kaikki ok
Reitin pituus: 13
(1, 17)
(2, 17)
(3, 17)
(4, 17)
(4, 16)
(4, 15)
(5, 15)
(6, 15)
(7, 15)
(8, 15)
(9, 15)
(10, 15)
(10, 14)
(10, 13)
kaikki ok
Reitin pituus: 16
(10, 14)
(10, 15)
(9, 15)
(8, 15)
(7, 15)
(6, 15)
(5, 15)
(4, 15)
(4, 14)
(4, 13)
(4, 12)
(4, 11)
(4, 10)
(4, 9)
(4, 8)
(4, 7)
(4, 6)
kaikki ok
Reitin pituus: 8
(16, 3)
(15, 3)
(14, 3)
(14, 4)
(14, 5)
(14, 6)
(14, 7)
(14, 8)
(14, 9)
kaikki ok
Reitin pituus: 17
(12, 13)
(12, 12)
(12, 11)
(12, 10)
(12, 9)
(12, 8)
(12, 7)
(11, 7)
(10, 7)
(9, 7)
(8, 7)
(8, 6)
(8, 5)
(7, 5)
(6, 5)
(6, 4)
(6, 3)
(7, 3)
kaikki ok
Reitin pituus: 20
(7, 17)
(6, 17)
(6, 16)
(6, 15)
(7, 15)
(8, 15)
(8, 14)
(8, 13)
(7, 13)
(6, 13)
(6, 12)
(6, 11)
(6, 10)
(6, 9)
(6, 8)
(6, 7)
(7, 7)
(8, 7)
(8, 6)
(8, 5)
(7, 5)
kaikki ok
Reitin pituus: 12
(6, 16)
(6, 15)
(7, 15)
(8, 15)
(9, 15)
(10, 15)
(11, 15)
(12, 15)
(13, 15)
(14, 15)
(14, 14)
(14, 13)
(15, 13)
kaikki ok
Reitin pituus: 25
(4, 19)
(3, 19)
(2, 19)
(1, 19)
(1, 18)
(1, 17)
(2, 17)
(3, 17)
(4, 17)
(4, 16)
(4, 15)
(4, 14)
(4, 13)
(5, 13)
(6, 13)
(6, 12)
(6, 11)
(6, 10)
(6, 9)
(6, 8)
(6, 7)
(7, 7)
(8, 7)
(8, 6)
(8, 5)
(7, 5)
kaikki ok
Reitin pituus: 27
(10, 2)
(10, 3)
(11, 3)
(12, 3)
(13, 3)
(14, 3)
(14, 4)
(14, 5)
(14, 6)
(14, 7)
(14, 8)
(14, 9)
(14, 10)
(14, 11)
(14, 12)
(14, 13)
(14, 14)
(14, 15)
(13, 15)
(12, 15)
(12, 16)
(12, 17)
(11, 17)
(10, 17)
(10, 18)
(10, 19)
(11, 19)
(12, 19)
kaikki ok
Reitin pituus: 14
(11, 15)
(10, 15)
(10, 14)
(10, 13)
(11, 13)
(12, 13)
(12, 12)
(12, 11)
(12, 10)
(12, 9)
(12, 8)
(12, 7)
(11, 7)
(10, 7)
(9, 7)
kaikki ok
Reitin pituus: 10
(11, 7)
(12, 7)
(12, 8)
(12, 9)
(13, 9)
(14, 9)
(14, 10)
(14, 11)
(14, 12)
(14, 13)
(14, 14)
kaikki ok
Reitin pituus: 21
(6, 5)
(7, 5)
(8, 5)
(8, 6)
(8, 7)
(7, 7)
(6, 7)
(6, 8)
(6, 9)
(6, 10)
(6, 11)
(6, 12)
(6, 13)
(7, 13)
(8, 13)
(8, 14)
(8, 15)
(7, 15)
(6, 15)
(6, 16)
(6, 17)
(7, 17)
kaikki ok
Reitin pituus: 26
(17, 19)
(17, 18)
(17, 17)
(16, 17)
(15, 17)
(14, 17)
(14, 16)
(14, 15)
(14, 14)
(14, 13)
(14, 12)
(14, 11)
(14, 10)
(14, 9)
(14, 8)
(14, 7)
(14, 6)
(14, 5)
(14, 4)
(14, 3)
(13, 3)
(12, 3)
(11, 3)
(10, 3)
(9, 3)
(8, 3)
(7, 3)
kaikki ok
Reitin pituus: 19
(16, 16)
(16, 17)
(15, 17)
(14, 17)
(14, 16)
(14, 15)
(13, 15)
(12, 15)
(11, 15)
(10, 15)
(9, 15)
(8, 15)
(7, 15)
(6, 15)
(5, 15)
(4, 15)
(4, 14)
(4, 13)
(3, 13)
(2, 13)
kaikki ok
Reitin pituus: 15
(6, 12)
(6, 13)
(7, 13)
(8, 13)
(8, 14)
(8, 15)
(7, 15)
(6, 15)
(6, 16)
(6, 17)
(7, 17)
(8, 17)
(8, 18)
(8, 19)
(7, 19)
(6, 19)
kaikki ok
Reitin pituus: 15
(12, 9)
(13, 9)
(14, 9)
(14, 10)
(14, 11)
(14, 12)
(14, 13)
(14, 14)
(14, 15)
(14, 16)
(14, 17)
(15, 17)
(16, 17)
(17, 17)
(17, 18)
(17, 19)
kaikki ok
Reitin pituus: 16
(14, 4)
(14, 3)
(13, 3)
(12, 3)
(11, 3)
(10, 3)
(9, 3)
(8, 3)
(7, 3)
(6, 3)
(5, 3)
(4, 3)
(3, 3)
(2, 3)
(1, 3)
(1, 2)
(1, 1)
kaikki ok
Reitin pituus: 5
(11, 11)
(10, 11)
(9, 11)
(8, 11)
(7, 11)
(6, 11)
kaikki ok
Reitin pituus: 6
(10, 9)
(9, 9)
(9, 8)
(9, 7)
(8, 7)
(8, 6)
(8, 5)
kaikki ok
Reitin pituus: 15
(7, 7)
(8, 7)
(8, 6)
(8, 5)
(7, 5)
(6, 5)
(6, 4)
(6, 3)
(7, 3)
(8, 3)
(9, 3)
(10, 3)
(10, 2)
(10, 1)
(11, 1)
(12, 1)
kaikki ok
Reitin pituus: 17
(8, 9)
(9, 9)
(9, 8)
(9, 7)
(8, 7)
(7, 7)
(6, 7)
(6, 8)
(6, 9)
(6, 10)
(6, 11)
(6, 12)
(6, 13)
(5, 13)
(4, 13)
(4, 14)
(4, 15)
(5, 15)
kaikki ok
Reitin pituus: 16
(4, 5)
(4, 4)
(4, 3)
(5, 3)
(6, 3)
(7, 3)
(8, 3)
(9, 3)
(10, 3)
(11, 3)
(12, 3)
(13, 3)
(14, 3)
(15, 3)
(16, 3)
(17, 3)
(17, 2)
kaikki ok
Reitin pituus: 11
(7, 5)
(8, 5)
(8, 6)
(8, 7)
(9, 7)
(10, 7)
(11, 7)
(12, 7)
(12, 8)
(12, 9)
(12, 10)
(12, 11)
kaikki ok
Reitin pituus: 15
(7, 7)
(6, 7)
(6, 8)
(6, 9)
(6, 10)
(6, 11)
(6, 12)
(6, 13)
(7, 13)
(8, 13)
(8, 14)
(8, 15)
(9, 15)
(10, 15)
(11, 15)
(12, 15)
kaikki ok
Reitin pituus: 16
(2, 16)
(2, 17)
(3, 17)
(4, 17)
(4, 16)
(4, 15)
(5, 15)
(6, 15)
(7, 15)
(8, 15)
(9, 15)
(10, 15)
(11, 15)
(12, 15)
(12, 16)
(12, 17)
(11, 17)
kaikki ok
Reitin pituus: 22
(11, 5)
(10, 5)
(10, 6)
(10, 7)
(11, 7)
(12, 7)
(12, 8)
(12, 9)
(13, 9)
(14, 9)
(14, 10)
(14, 11)
(14, 12)
(14, 13)
(14, 14)
(14, 15)
(13, 15)
(12, 15)
(12, 16)
(12, 17)
(11, 17)
(10, 17)
(10, 18)
kaikki ok
Reitin pituus: 13
(7, 1)
(8, 1)
(8, 2)
(8, 3)
(7, 3)
(6, 3)
(6, 4)
(6, 5)
(7, 5)
(8, 5)
(8, 6)
(8, 7)
(9, 7)
(9, 8)
kaikki ok
Reitin pituus: 6
(4, 7)
(4, 8)
(4, 9)
(4, 10)
(4, 11)
(4, 12)
(4, 13)
kaikki ok
Reitin pituus: 15
(6, 17)
(6, 16)
(6, 15)
(7, 15)
(8, 15)
(9, 15)
(10, 15)
(11, 15)
(12, 15)
(13, 15)
(14, 15)
(14, 14)
(14, 13)
(15, 13)
(16, 13)
(17, 13)
kaikki ok
Reitin pituus: 8
(6, 16)
(6, 15)
(5, 15)
(4, 15)
(4, 14)
(4, 13)
(3, 13)
(2, 13)
(1, 13)
kaikki ok
Reitin pituus: 24
(12, 16)
(12, 15)
(11, 15)
(10, 15)
(9, 15)
(8, 15)
(8, 14)
(8, 13)
(7, 13)
(6, 13)
(5, 13)
(4, 13)
(4, 12)
(4, 11)
(4, 10)
(4, 9)
(4, 8)
(4, 7)
(4, 6)
(4, 5)
(4, 4)
(4, 3)
(3, 3)
(2, 3)
(1, 3)
kaikki ok
Reitin pituus: 18
(14, 11)
(14, 12)
(14, 13)
(14, 14)
(14, 15)
(13, 15)
(12, 15)
(12, 16)
(12, 17)
(11, 17)
(10, 17)
(10, 18)
(10, 19)
(9, 19)
(8, 19)
(7, 19)
(6, 19)
(5, 19)
(4, 19)
kaikki ok
Reitin pituus: 5
(6, 4)
(6, 3)
(7, 3)
(8, 3)
(9, 3)
(10, 3)
kaikki ok
Reitin pituus: 9
(8, 19)
(9, 19)
(10, 19)
(11, 19)
(12, 19)
(13, 19)
(14, 19)
(15, 19)
(16, 19)
(17, 19)
kaikki ok
Reitin pituus: 19
(4, 8)
(4, 9)
(5, 9)
(6, 9)
(6, 10)
(6, 11)
(7, 11)
(8, 11)
(9, 11)
(10, 11)
(11, 11)
(12, 11)
(12, 12)
(12, 13)
(13, 13)
(14, 13)
(14, 14)
(14, 15)
(14, 16)
(14, 17)
kaikki ok
Reitin pituus: 14
(12, 17)
(12, 16)
(12, 15)
(11, 15)
(10, 15)
(9, 15)
(8, 15)
(8, 14)
(8, 13)
(7, 13)
(6, 13)
(5, 13)
(4, 13)
(3, 13)
(2, 13)
kaikki ok
Reitin pituus: 27
(1, 13)
(2, 13)
(3, 13)
(4, 13)
(4, 12)
(4, 11)
(4, 10)
(4, 9)
(4, 8)
(4, 7)
(4, 6)
(4, 5)
(4, 4)
(4, 3)
(5, 3)
(6, 3)
(7, 3)
(8, 3)
(9, 3)
(10, 3)
(10, 2)
(10, 1)
(11, 1)
(12, 1)
(13, 1)
(14, 1)
(15, 1)
(16, 1)
kaikki ok
Reitin pituus: 18
(17, 13)
(16, 13)
(15, 13)
(14, 13)
(13, 13)
(12, 13)
(12, 12)
(12, 11)
(11, 11)
(10, 11)
(9, 11)
(8, 11)
(7, 11)
(6, 11)
(6, 10)
(6, 9)
(5, 9)
(4, 9)
(4, 10)
kaikki ok
Reitin pituus: 7
(3, 19)
(4, 19)
(5, 19)
(6, 19)
(7, 19)
(8, 19)
(8, 18)
(8, 17)
kaikki ok
Reitin pituus: 11
(14, 2)
(14, 3)
(13, 3)
(12, 3)
(12, 4)
(12, 5)
(11, 5)
(10, 5)
(10, 6)
(10, 7)
(9, 7)
(8, 7)
kaikki ok
Reitin pituus: 23
(2, 5)
(3, 5)
(4, 5)
(4, 6)
(4, 7)
(4, 8)
(4, 9)
(5, 9)
(6, 9)
(6, 10)
(6, 11)
(7, 11)
(8, 11)
(9, 11)
(10, 11)
(11, 11)
(12, 11)
(12, 12)
(12, 13)
(13, 13)
(14, 13)
(15, 13)
(16, 13)
(17, 13)
kaikki ok
Reitin pituus: 5
(17, 19)
(16, 19)
(15, 19)
(14, 19)
(13, 19)
(12, 19)
kaikki ok
Reitin pituus: 9
(13, 9)
(14, 9)
(14, 10)
(14, 11)
(14, 12)
(14, 13)
(14, 14)
(14, 15)
(13, 15)
(12, 15)
kaikki ok
Reitin pituus: 15
(1, 2)
(1, 3)
(1, 4)
(1, 5)
(2, 5)
(3, 5)
(4, 5)
(4, 6)
(4, 7)
(4, 8)
(4, 9)
(5, 9)
(6, 9)
(6, 10)
(6, 11)
(6, 12)
kaikki ok
Reitin pituus: 23
(13, 1)
(12, 1)
(11, 1)
(10, 1)
(10, 2)
(10, 3)
(9, 3)
(8, 3)
(7, 3)
(6, 3)
(5, 3)
(4, 3)
(4, 4)
(4, 5)
(4, 6)
(4, 7)
(4, 8)
(4, 9)
(4, 10)
(4, 11)
(4, 12)
(4, 13)
(3, 13)
(2, 13)
kaikki ok
Reitin pituus: 8
(16, 17)
(17, 17)
(17, 18)
(17, 19)
(16, 19)
(15, 19)
(14, 19)
(13, 19)
(12, 19)
kaikki ok
Reitin pituus: 1
(8, 14)
(8, 15)
kaikki ok
Reitin pituus: 13
(11, 13)
(10, 13)
(10, 14)
(10, 15)
(9, 15)
(8, 15)
(7, 15)
(6, 15)
(5, 15)
(4, 15)
(4, 14)
(4, 13)
(4, 12)
(4, 11)
kaikki ok
Reitin pituus: 8
(11, 3)
(12, 3)
(12, 4)
(12, 5)
(11, 5)
(10, 5)
(10, 6)
(10, 7)
(9, 7)
kaikki ok
Reitin pituus: 10
(15, 17)
(16, 17)
(17, 17)
(17, 18)
(17, 19)
(16, 19)
(15, 19)
(14, 19)
(13, 19)
(12, 19)
(11, 19)
kaikki ok
Reitin pituus: 16
(17, 15)
(17, 14)
(17, 13)
(16, 13)
(15, 13)
(14, 13)
(13, 13)
(12, 13)
(12, 12)
(12, 11)
(12, 10)
(12, 9)
(12, 8)
(12, 7)
(11, 7)
(10, 7)
(9, 7)
kaikki ok
Reitin pituus: 18
(3, 3)
(4, 3)
(5, 3)
(6, 3)
(6, 4)
(6, 5)
(7, 5)
(8, 5)
(8, 6)
(8, 7)
(9, 7)
(10, 7)
(11, 7)
(12, 7)
(12, 8)
(12, 9)
(12, 10)
(12, 11)
(12, 12)
kaikki ok
Reitin pituus: 19
(15, 5)
(14, 5)
(14, 6)
(14, 7)
(14, 8)
(14, 9)
(13, 9)
(12, 9)
(12, 10)
(12, 11)
(12, 12)
(12, 13)
(11, 13)
(10, 13)
(10, 14)
(10, 15)
(9, 15)
(8, 15)
(8, 14)
(8, 13)
kaikki ok
Reitin pituus: 30
(16, 16)
(16, 17)
(15, 17)
(14, 17)
(14, 16)
(14, 15)
(13, 15)
(12, 15)
(11, 15)
(10, 15)
(9, 15)
(8, 15)
(7, 15)
(6, 15)
(5, 15)
(4, 15)
(4, 14)
(4, 13)
(4, 12)
(4, 11)
(4, 10)
(4, 9)
(4, 8)
(4, 7)
(4, 6)
(4, 5)
(4, 4)
(4, 3)
(3, 3)
(2, 3)
(1, 3)
kaikki ok
Reitin pituus: 3
(2, 13)
(3, 13)
(4, 13)
(4, 12)
kaikki ok
Reitin pituus: 5
(6, 19)
(7, 19)
(8, 19)
(8, 18)
(8, 17)
(7, 17)
kaikki ok
Reitin pituus: 21
(12, 4)
(12, 3)
(13, 3)
(14, 3)
(14, 4)
(14, 5)
(14, 6)
(14, 7)
(14, 8)
(14, 9)
(14, 10)
(14, 11)
(14, 12)
(14, 13)
(14, 14)
(14, 15)
(13, 15)
(12, 15)
(12, 16)
(12, 17)
(11, 17)
(10, 17)
kaikki ok
Reitin pituus: 14
(2, 19)
(3, 19)
(4, 19)
(5, 19)
(6, 19)
(7, 19)
(8, 19)
(9, 19)
(10, 19)
(11, 19)
(12, 19)
(13, 19)
(14, 19)
(15, 19)
(16, 19)
kaikki ok
Reitin pituus: 18
(14, 10)
(14, 9)
(13, 9)
(12, 9)
(12, 8)
(12, 7)
(11, 7)
(10, 7)
(9, 7)
(8, 7)
(8, 6)
(8, 5)
(7, 5)
(6, 5)
(6, 4)
(6, 3)
(5, 3)
(4, 3)
(4, 4)
kaikki ok
Reitin pituus: 7
(10, 14)
(10, 15)
(9, 15)
(8, 15)
(7, 15)
(6, 15)
(6, 16)
(6, 17)
kaikki ok
Reitin pituus: 12
(4, 14)
(4, 15)
(4, 16)
(4, 17)
(3, 17)
(2, 17)
(1, 17)
(1, 18)
(1, 19)
(2, 19)
(3, 19)
(4, 19)
(5, 19)
kaikki ok
Reitin pituus: 17
(14, 15)
(14, 14)
(14, 13)
(14, 12)
(14, 11)
(14, 10)
(14, 9)
(14, 8)
(14, 7)
(14, 6)
(14, 5)
(14, 4)
(14, 3)
(14, 2)
(14, 1)
(13, 1)
(12, 1)
(11, 1)
kaikki ok
Reitin pituus: 12
(14, 7)
(14, 8)
(14, 9)
(14, 10)
(14, 11)
(14, 12)
(14, 13)
(15, 13)
(16, 13)
(17, 13)
(17, 14)
(17, 15)
(16, 15)
kaikki ok
Reitin pituus: 25
(8, 3)
(7, 3)
(6, 3)
(5, 3)
(4, 3)
(4, 4)
(4, 5)
(4, 6)
(4, 7)
(4, 8)
(4, 9)
(4, 10)
(4, 11)
(4, 12)
(4, 13)
(4, 14)
(4, 15)
(4, 16)
(4, 17)
(3, 17)
(2, 17)
(1, 17)
(1, 18)
(1, 19)
(2, 19)
(3, 19)
kaikki ok
Reitin pituus: 15
(8, 6)
(8, 7)
(7, 7)
(6, 7)
(6, 8)
(6, 9)
(6, 10)
(6, 11)
(6, 12)
(6, 13)
(5, 13)
(4, 13)
(4, 14)
(4, 15)
(4, 16)
(4, 17)
kaikki ok
Reitin pituus: 31
(14, 19)
(15, 19)
(16, 19)
(17, 19)
(17, 18)
(17, 17)
(16, 17)
(15, 17)
(14, 17)
(14, 16)
(14, 15)
(14, 14)
(14, 13)
(14, 12)
(14, 11)
(14, 10)
(14, 9)
(14, 8)
(14, 7)
(14, 6)
(14, 5)
(14, 4)
(14, 3)
(13, 3)
(12, 3)
(11, 3)
(10, 3)
(9, 3)
(8, 3)
(8, 2)
(8, 1)
(7, 1)
kaikki ok
Reitin pituus: 15
(4, 4)
(4, 5)
(4, 6)
(4, 7)
(4, 8)
(4, 9)
(4, 10)
(4, 11)
(4, 12)
(4, 13)
(3, 13)
(2, 13)
(1, 13)
(1, 14)
(1, 15)
(2, 15)
kaikki ok
Reitin pituus: 9
(1, 14)
(1, 13)
(2, 13)
(3, 13)
(4, 13)
(4, 14)
(4, 15)
(5, 15)
(6, 15)
(6, 16)
kaikki ok
Reitin pituus: 8
(14, 2)
(14, 3)
(13, 3)
(12, 3)
(11, 3)
(10, 3)
(9, 3)
(8, 3)
(7, 3)
kaikki ok
Reitin pituus: 26
(14, 4)
(14, 5)
(14, 6)
(14, 7)
(14, 8)
(14, 9)
(13, 9)
(12, 9)
(12, 10)
(12, 11)
(11, 11)
(10, 11)
(9, 11)
(8, 11)
(7, 11)
(6, 11)
(6, 12)
(6, 13)
(5, 13)
(4, 13)
(4, 14)
(4, 15)
(4, 16)
(4, 17)
(3, 17)
(2, 17)
(1, 17)
kaikki ok
Reitin pituus: 14
(10, 6)
(10, 7)
(11, 7)
(12, 7)
(12, 8)
(12, 9)
(13, 9)
(14, 9)
(14, 10)
(14, 11)
(14, 12)
(14, 13)
(15, 13)
(16, 13)
(17, 13)
kaikki ok
Reitin pituus: 5
(12, 10)
(12, 9)
(12, 8)
(12, 7)
(11, 7)
(10, 7)
kaikki ok
Reitin pituus: 8
(10, 14)
(10, 15)
(9, 15)
(8, 15)
(7, 15)
(6, 15)
(5, 15)
(4, 15)
(4, 14)
kaikki ok
Reitin pituus: 19
(8, 18)
(8, 17)
(7, 17)
(6, 17)
(6, 16)
(6, 15)
(5, 15)
(4, 15)
(4, 14)
(4, 13)
(4, 12)
(4, 11)
(4, 10)
(4, 9)
(4, 8)
(4, 7)
(4, 6)
(4, 5)
(4, 4)
(4, 3)
kaikki ok
Reitin pituus: 25
(1, 15)
(1, 14)
(1, 13)
(2, 13)
(3, 13)
(4, 13)
(5, 13)
(6, 13)
(6, 12)
(6, 11)
(6, 10)
(6, 9)
(6, 8)
(6, 7)
(7, 7)
(8, 7)
(9, 7)
(10, 7)
(10, 6)
(10, 5)
(11, 5)
(12, 5)
(12, 4)
(12, 3)
(13, 3)
(14, 3)
kaikki ok
Reitin pituus: 5
(4, 12)
(4, 13)
(3, 13)
(2, 13)
(1, 13)
(1, 14)
kaikki ok
Reitin pituus: 13
(12, 19)
(11, 19)
(10, 19)
(9, 19)
(8, 19)
(8, 18)
(8, 17)
(7, 17)
(6, 17)
(6, 16)
(6, 15)
(5, 15)
(4, 15)
(4, 16)
kaikki ok
Reitin pituus: 11
(10, 2)
(10, 3)
(9, 3)
(8, 3)
(7, 3)
(6, 3)
(5, 3)
(4, 3)
(4, 4)
(4, 5)
(3, 5)
(2, 5)
kaikki ok
Reitin pituus: 10
(7, 15)
(8, 15)
(9, 15)
(10, 15)
(10, 14)
(10, 13)
(11, 13)
(12, 13)
(12, 12)
(12, 11)
(11, 11)
kaikki ok
Reitin pituus: 19
(10, 9)
(9, 9)
(9, 8)
(9, 7)
(10, 7)
(11, 7)
(12, 7)
(12, 8)
(12, 9)
(13, 9)
(14, 9)
(14, 10)
(14, 11)
(14, 12)
(14, 13)
(15, 13)
(16, 13)
(17, 13)
(17, 14)
(17, 15)
kaikki ok
Reitin pituus: 19
(6, 17)
(6, 16)
(6, 15)
(5, 15)
(4, 15)
(4, 14)
(4, 13)
(4, 12)
(4, 11)
(4, 10)
(4, 9)
(4, 8)
(4, 7)
(4, 6)
(4, 5)
(4, 4)
(4, 3)
(5, 3)
(6, 3)
(6, 4)
kaikki ok
Reitin pituus: 0
(7, 7)
kaikki ok
Reitin pituus: 13
(8, 3)
(7, 3)
(6, 3)
(5, 3)
(4, 3)
(4, 4)
(4, 5)
(4, 6)
(4, 7)
(4, 8)
(4, 9)
(4, 10)
(4, 11)
(4, 12)
kaikki ok
Reitin pituus: 6
(4, 8)
(4, 7)
(4, 6)
(4, 5)
(3, 5)
(2, 5)
(1, 5)
kaikki ok
Reitin pituus: 25
(14, 17)
(14, 16)
(14, 15)
(14, 14)
(14, 13)
(14, 12)
(14, 11)
(14, 10)
(14, 9)
(14, 8)
(14, 7)
(14, 6)
(14, 5)
(14, 4)
(14, 3)
(13, 3)
(12, 3)
(11, 3)
(10, 3)
(9, 3)
(8, 3)
(8, 2)
(8, 1)
(7, 1)
(6, 1)
(5, 1)
kaikki ok
Reitin pituus: 19
(16, 17)
(15, 17)
(14, 17)
(14, 16)
(14, 15)
(14, 14)
(14, 13)
(14, 12)
(14, 11)
(14, 10)
(14, 9)
(14, 8)
(14, 7)
(14, 6)
(14, 5)
(14, 4)
(14, 3)
(14, 2)
(14, 1)
(15, 1)
kaikki ok
Reitin pituus: 2
(1, 19)
(1, 18)
(1, 17)
kaikki ok
Reitin pituus: 12
(14, 5)
(14, 4)
(14, 3)
(13, 3)
(12, 3)
(12, 4)
(12, 5)
(11, 5)
(10, 5)
(10, 6)
(10, 7)
(9, 7)
(8, 7)
kaikki ok
Reitin pituus: 15
(16, 5)
(15, 5)
(14, 5)
(14, 6)
(14, 7)
(14, 8)
(14, 9)
(14, 10)
(14, 11)
(14, 12)
(14, 13)
(15, 13)
(16, 13)
(17, 13)
(17, 14)
(17, 15)
kaikki ok
Reitin pituus: 18
(8, 15)
(9, 15)
(10, 15)
(11, 15)
(12, 15)
(13, 15)
(14, 15)
(14, 14)
(14, 13)
(14, 12)
(14, 11)
(14, 10)
(14, 9)
(14, 8)
(14, 7)
(14, 6)
(14, 5)
(15, 5)
(16, 5)
kaikki ok
Reitin pituus: 5
(14, 13)
(14, 14)
(14, 15)
(14, 16)
(14, 17)
(15, 17)
kaikki ok
Reitin pituus: 4
(10, 7)
(9, 7)
(9, 8)
(9, 9)
(8, 9)
kaikki ok
Reitin pituus: 9
(10, 7)
(9, 7)
(8, 7)
(7, 7)
(6, 7)
(6, 8)
(6, 9)
(5, 9)
(4, 9)
(4, 10)
kaikki ok
Reitin pituus: 24
(1, 17)
(2, 17)
(3, 17)
(4, 17)
(4, 16)
(4, 15)
(5, 15)
(6, 15)
(7, 15)
(8, 15)
(9, 15)
(10, 15)
(10, 14)
(10, 13)
(11, 13)
(12, 13)
(12, 12)
(12, 11)
(12, 10)
(12, 9)
(13, 9)
(14, 9)
(14, 8)
(14, 7)
(14, 6)
kaikki ok
Reitin pituus: 17
(4, 5)
(4, 6)
(4, 7)
(4, 8)
(4, 9)
(5, 9)
(6, 9)
(6, 10)
(6, 11)
(6, 12)
(6, 13)
(7, 13)
(8, 13)
(8, 14)
(8, 15)
(9, 15)
(10, 15)
(11, 15)
kaikki ok
Reitin pituus: 4
(12, 7)
(11, 7)
(10, 7)
(9, 7)
(9, 8)
kaikki ok
Reitin pituus: 22
(11, 1)
(12, 1)
(13, 1)
(14, 1)
(14, 2)
(14, 3)
(14, 4)
(14, 5)
(14, 6)
(14, 7)
(14, 8)
(14, 9)
(14, 10)
(14, 11)
(14, 12)
(14, 13)
(15, 13)
(16, 13)
(17, 13)
(17, 14)
(17, 15)
(16, 15)
(16, 16)
kaikki ok
Reitin pituus: 7
(8, 5)
(8, 6)
(8, 7)
(9, 7)
(10, 7)
(10, 6)
(10, 5)
(11, 5)
kaikki ok
Reitin pituus: 10
(15, 19)
(14, 19)
(13, 19)
(12, 19)
(11, 19)
(10, 19)
(9, 19)
(8, 19)
(8, 18)
(8, 17)
(7, 17)
kaikki ok
Reitin pituus: 10
(14, 14)
(14, 15)
(13, 15)
(12, 15)
(12, 16)
(12, 17)
(11, 17)
(10, 17)
(10, 18)
(10, 19)
(11, 19)
kaikki ok
Reitin pituus: 4
(3, 17)
(4, 17)
(4, 16)
(4, 15)
(5, 15)
kaikki ok
Reitin pituus: 25
(16, 5)
(15, 5)
(14, 5)
(14, 6)
(14, 7)
(14, 8)
(14, 9)
(13, 9)
(12, 9)
(12, 10)
(12, 11)
(11, 11)
(10, 11)
(9, 11)
(8, 11)
(7, 11)
(6, 11)
(6, 12)
(6, 13)
(5, 13)
(4, 13)
(3, 13)
(2, 13)
(1, 13)
(1, 14)
(1, 15)
kaikki ok
Reitin pituus: 17
(10, 11)
(9, 11)
(8, 11)
(7, 11)
(6, 11)
(6, 12)
(6, 13)
(5, 13)
(4, 13)
(4, 14)
(4, 15)
(4, 16)
(4, 17)
(3, 17)
(2, 17)
(1, 17)
(1, 18)
(1, 19)
kaikki ok
Reitin pituus: 22
(6, 16)
(6, 15)
(5, 15)
(4, 15)
(4, 14)
(4, 13)
(4, 12)
(4, 11)
(4, 10)
(4, 9)
(5, 9)
(6, 9)
(6, 8)
(6, 7)
(7, 7)
(8, 7)
(9, 7)
(10, 7)
(10, 6)
(10, 5)
(11, 5)
(12, 5)
(12, 4)
kaikki ok
Reitin pituus: 22
(11, 19)
(10, 19)
(9, 19)
(8, 19)
(8, 18)
(8, 17)
(7, 17)
(6, 17)
(6, 16)
(6, 15)
(5, 15)
(4, 15)
(4, 14)
(4, 13)
(4, 12)
(4, 11)
(4, 10)
(4, 9)
(4, 8)
(4, 7)
(4, 6)
(4, 5)
(3, 5)
kaikki ok
Reitin pituus: 28
(16, 5)
(15, 5)
(14, 5)
(14, 6)
(14, 7)
(14, 8)
(14, 9)
(13, 9)
(12, 9)
(12, 10)
(12, 11)
(11, 11)
(10, 11)
(9, 11)
(8, 11)
(7, 11)
(6, 11)
(6, 12)
(6, 13)
(5, 13)
(4, 13)
(4, 14)
(4, 15)
(4, 16)
(4, 17)
(3, 17)
(2, 17)
(1, 17)
(1, 18)
kaikki ok
Reitin pituus: 20
(1, 2)
(1, 3)
(2, 3)
(3, 3)
(4, 3)
(5, 3)
(6, 3)
(7, 3)
(8, 3)
(9, 3)
(10, 3)
(11, 3)
(12, 3)
(13, 3)
(14, 3)
(14, 4)
(14, 5)
(14, 6)
(14, 7)
(14, 8)
(14, 9)
kaikki ok
Reitin pituus: 18
(4, 7)
(4, 8)
(4, 9)
(5, 9)
(6, 9)
(6, 10)
(6, 11)
(7, 11)
(8, 11)
(9, 11)
(10, 11)
(11, 11)
(12, 11)
(12, 12)
(12, 13)
(13, 13)
(14, 13)
(14, 14)
(14, 15)
kaikki ok
Reitin pituus: 6
(4, 4)
(4, 3)
(4, 2)
(4, 1)
(5, 1)
(6, 1)
(7, 1)
kaikki ok
Reitin pituus: 24
(4, 2)
(4, 3)
(4, 4)
(4, 5)
(4, 6)
(4, 7)
(4, 8)
(4, 9)
(4, 10)
(4, 11)
(4, 12)
(4, 13)
(4, 14)
(4, 15)
(5, 15)
(6, 15)
(6, 16)
(6, 17)
(7, 17)
(8, 17)
(8, 18)
(8, 19)
(9, 19)
(10, 19)
(10, 18)
kaikki ok
Reitin pituus: 8
(8, 15)
(7, 15)
(6, 15)
(6, 16)
(6, 17)
(7, 17)
(8, 17)
(8, 18)
(8, 19)
kaikki ok
Reitin pituus: 13
(16, 3)
(15, 3)
(14, 3)
(14, 4)
(14, 5)
(14, 6)
(14, 7)
(14, 8)
(14, 9)
(14, 10)
(14, 11)
(14, 12)
(14, 13)
(14, 14)
kaikki ok
Reitin pituus: 22
(5, 3)
(4, 3)
(4, 4)
(4, 5)
(4, 6)
(4, 7)
(4, 8)
(4, 9)
(4, 10)
(4, 11)
(4, 12)
(4, 13)
(4, 14)
(4, 15)
(5, 15)
(6, 15)
(7, 15)
(8, 15)
(9, 15)
(10, 15)
(11, 15)
(12, 15)
(12, 16)
kaikki ok
Reitin pituus: 20
(4, 9)
(5, 9)
(6, 9)
(6, 8)
(6, 7)
(7, 7)
(8, 7)
(9, 7)
(10, 7)
(10, 6)
(10, 5)
(11, 5)
(12, 5)
(12, 4)
(12, 3)
(13, 3)
(14, 3)
(15, 3)
(16, 3)
(17, 3)
(17, 4)
kaikki ok
Reitin pituus: 22
(15, 1)
(14, 1)
(14, 2)
(14, 3)
(14, 4)
(14, 5)
(14, 6)
(14, 7)
(14, 8)
(14, 9)
(14, 10)
(14, 11)
(14, 12)
(14, 13)
(14, 14)
(14, 15)
(14, 16)
(14, 17)
(15, 17)
(16, 17)
(17, 17)
(17, 18)
(17, 19)
kaikki ok
Reitin pituus: 18
(8, 3)
(9, 3)
(10, 3)
(11, 3)
(12, 3)
(12, 4)
(12, 5)
(11, 5)
(10, 5)
(10, 6)
(10, 7)
(11, 7)
(12, 7)
(12, 8)
(12, 9)
(12, 10)
(12, 11)
(12, 12)
(12, 13)
kaikki ok
Reitin pituus: 22
(8, 1)
(8, 2)
(8, 3)
(9, 3)
(10, 3)
(11, 3)
(12, 3)
(13, 3)
(14, 3)
(14, 4)
(14, 5)
(14, 6)
(14, 7)
(14, 8)
(14, 9)
(14, 10)
(14, 11)
(14, 12)
(14, 13)
(15, 13)
(16, 13)
(17, 13)
(17, 14)
kaikki ok
Reitin pituus: 14
(4, 10)
(4, 9)
(5, 9)
(6, 9)
(6, 10)
(6, 11)
(7, 11)
(8, 11)
(9, 11)
(10, 11)
(11, 11)
(12, 11)
(12, 12)
(12, 13)
(13, 13)
kaikki ok
Reitin pituus: 17
(1, 14)
(1, 13)
(2, 13)
(3, 13)
(4, 13)
(4, 12)
(4, 11)
(4, 10)
(4, 9)
(4, 8)
(4, 7)
(4, 6)
(4, 5)
(4, 4)
(4, 3)
(4, 2)
(4, 1)
(3, 1)
kaikki ok
Reitin pituus: 11
(6, 13)
(5, 13)
(4, 13)
(4, 14)
(4, 15)
(4, 16)
(4, 17)
(3, 17)
(2, 17)
(1, 17)
(1, 18)
(1, 19)
kaikki ok
Reitin pituus: 12
(7, 1)
(8, 1)
(8, 2)
(8, 3)
(7, 3)
(6, 3)
(6, 4)
(6, 5)
(7, 5)
(8, 5)
(8, 6)
(8, 7)
(7, 7)
kaikki ok
Reitin pituus: 14
(4, 14)
(4, 13)
(5, 13)
(6, 13)
(6, 12)
(6, 11)
(7, 11)
(8, 11)
(9, 11)
(10, 11)
(11, 11)
(12, 11)
(12, 10)
(12, 9)
(13, 9)
kaikki ok
Reitin pituus: 8
(12, 17)
(12, 16)
(12, 15)
(13, 15)
(14, 15)
(14, 16)
(14, 17)
(15, 17)
(16, 17)
kaikki ok
Reitin pituus: 20
(8, 14)
(8, 15)
(9, 15)
(10, 15)
(10, 14)
(10, 13)
(11, 13)
(12, 13)
(13, 13)
(14, 13)
(14, 12)
(14, 11)
(14, 10)
(14, 9)
(14, 8)
(14, 7)
(14, 6)
(14, 5)
(14, 4)
(14, 3)
(14, 2)
kaikki ok
Reitin pituus: 5
(6, 13)
(5, 13)
(4, 13)
(3, 13)
(2, 13)
(1, 13)
kaikki ok
Reitin pituus: 9
(8, 11)
(9, 11)
(10, 11)
(11, 11)
(12, 11)
(12, 12)
(12, 13)
(13, 13)
(14, 13)
(14, 14)
kaikki ok
Reitin pituus: 12
(14, 12)
(14, 11)
(14, 10)
(14, 9)
(14, 8)
(14, 7)
(14, 6)
(14, 5)
(14, 4)
(14, 3)
(13, 3)
(12, 3)
(12, 4)
kaikki ok
Reitin pituus: 9
(4, 2)
(4, 3)
(5, 3)
(6, 3)
(7, 3)
(8, 3)
(9, 3)
(10, 3)
(10, 2)
(10, 1)
kaikki ok
Reitin pituus: 25
(6, 1)
(7, 1)
(8, 1)
(8, 2)
(8, 3)
(9, 3)
(10, 3)
(11, 3)
(12, 3)
(13, 3)
(14, 3)
(14, 4)
(14, 5)
(14, 6)
(14, 7)
(14, 8)
(14, 9)
(14, 10)
(14, 11)
(14, 12)
(14, 13)
(14, 14)
(14, 15)
(14, 16)
(14, 17)
(15, 17)
kaikki ok
Reitin pituus: 17
(14, 13)
(13, 13)
(12, 13)
(12, 12)
(12, 11)
(12, 10)
(12, 9)
(12, 8)
(12, 7)
(11, 7)
(10, 7)
(9, 7)
(8, 7)
(8, 6)
(8, 5)
(7, 5)
(6, 5)
(6, 4)
kaikki ok
Reitin pituus: 9
(13, 1)
(12, 1)
(11, 1)
(10, 1)
(10, 2)
(10, 3)
(9, 3)
(8, 3)
(8, 2)
(8, 1)
kaikki ok
Reitin pituus: 17
(1, 15)
(1, 14)
(1, 13)
(2, 13)
(3, 13)
(4, 13)
(4, 12)
(4, 11)
(4, 10)
(4, 9)
(4, 8)
(4, 7)
(4, 6)
(4, 5)
(4, 4)
(4, 3)
(3, 3)
(2, 3)
kaikki ok
Reitin pituus: 5
(4, 3)
(4, 2)
(4, 1)
(3, 1)
(2, 1)
(1, 1)
kaikki ok
Reitin pituus: 13
(5, 9)
(4, 9)
(4, 10)
(4, 11)
(4, 12)
(4, 13)
(4, 14)
(4, 15)
(5, 15)
(6, 15)
(6, 16)
(6, 17)
(7, 17)
(8, 17)
kaikki ok
Reitin pituus: 6
(9, 19)
(10, 19)
(11, 19)
(12, 19)
(13, 19)
(14, 19)
(15, 19)
kaikki ok
Reitin pituus: 10
(12, 7)
(11, 7)
(10, 7)
(9, 7)
(8, 7)
(7, 7)
(6, 7)
(6, 8)
(6, 9)
(5, 9)
(4, 9)
kaikki ok
Reitin pituus: 16
(12, 13)
(13, 13)
(14, 13)
(14, 12)
(14, 11)
(14, 10)
(14, 9)
(14, 8)
(14, 7)
(14, 6)
(14, 5)
(14, 4)
(14, 3)
(14, 2)
(14, 1)
(13, 1)
(12, 1)
kaikki ok
Reitin pituus: 9
(7, 5)
(8, 5)
(8, 6)
(8, 7)
(9, 7)
(10, 7)
(11, 7)
(12, 7)
(12, 8)
(12, 9)
kaikki ok
Reitin pituus: 24
(14, 19)
(15, 19)
(16, 19)
(17, 19)
(17, 18)
(17, 17)
(16, 17)
(15, 17)
(14, 17)
(14, 16)
(14, 15)
(14, 14)
(14, 13)
(14, 12)
(14, 11)
(14, 10)
(14, 9)
(14, 8)
(14, 7)
(14, 6)
(14, 5)
(14, 4)
(14, 3)
(15, 3)
(16, 3)
kaikki ok
Reitin pituus: 10
(10, 18)
(10, 17)
(11, 17)
(12, 17)
(12, 16)
(12, 15)
(13, 15)
(14, 15)
(14, 14)
(14, 13)
(15, 13)
kaikki ok
Reitin pituus: 12
(8, 3)
(9, 3)
(10, 3)
(11, 3)
(12, 3)
(12, 4)
(12, 5)
(11, 5)
(10, 5)
(10, 6)
(10, 7)
(11, 7)
(12, 7)
kaikki ok
Reitin pituus: 10
(4, 12)
(4, 11)
(4, 10)
(4, 9)
(4, 8)
(4, 7)
(4, 6)
(4, 5)
(4, 4)
(4, 3)
(4, 2)
kaikki ok
Reitin pituus: 20
(14, 10)
(14, 9)
(13, 9)
(12, 9)
(12, 8)
(12, 7)
(11, 7)
(10, 7)
(9, 7)
(8, 7)
(8, 6)
(8, 5)
(7, 5)
(6, 5)
(6, 4)
(6, 3)
(5, 3)
(4, 3)
(4, 2)
(4, 1)
(3, 1)
kaikki ok
Reitin pituus: 13
(12, 15)
(11, 15)
(10, 15)
(9, 15)
(8, 15)
(7, 15)
(6, 15)
(5, 15)
(4, 15)
(4, 16)
(4, 17)
(3, 17)
(2, 17)
(1, 17)
kaikki ok
Reitin pituus: 9
(7, 17)
(6, 17)
(6, 16)
(6, 15)
(5, 15)
(4, 15)
(4, 14)
(4, 13)
(4, 12)
(4, 11)
kaikki ok
Reitin pituus: 11
(7, 13)
(6, 13)
(6, 12)
(6, 11)
(6, 10)
(6, 9)
(6, 8)
(6, 7)
(7, 7)
(8, 7)
(9, 7)
(9, 8)
kaikki ok
Reitin pituus: 19
(7, 3)
(6, 3)
(5, 3)
(4, 3)
(4, 4)
(4, 5)
(4, 6)
(4, 7)
(4, 8)
(4, 9)
(4, 10)
(4, 11)
(4, 12)
(4, 13)
(4, 14)
(4, 15)
(5, 15)
(6, 15)
(6, 16)
(6, 17)
kaikki ok
Reitin pituus: 13
(12, 13)
(12, 12)
(12, 11)
(12, 10)
(12, 9)
(12, 8)
(12, 7)
(11, 7)
(10, 7)
(10, 6)
(10, 5)
(11, 5)
(12, 5)
(12, 4)
kaikki ok
Reitin pituus: 23
(13, 19)
(12, 19)
(11, 19)
(10, 19)
(9, 19)
(8, 19)
(8, 18)
(8, 17)
(7, 17)
(6, 17)
(6, 16)
(6, 15)
(5, 15)
(4, 15)
(4, 14)
(4, 13)
(4, 12)
(4, 11)
(4, 10)
(4, 9)
(4, 8)
(4, 7)
(4, 6)
(4, 5)
kaikki ok
Reitin pituus: 15
(8, 11)
(7, 11)
(6, 11)
(6, 10)
(6, 9)
(5, 9)
(4, 9)
(4, 8)
(4, 7)
(4, 6)
(4, 5)
(4, 4)
(4, 3)
(5, 3)
(6, 3)
(7, 3)
kaikki ok
Reitin pituus: 15
(11, 5)
(10, 5)
(10, 6)
(10, 7)
(9, 7)
(8, 7)
(7, 7)
(6, 7)
(6, 8)
(6, 9)
(5, 9)
(4, 9)
(4, 10)
(4, 11)
(4, 12)
(4, 13)
kaikki ok
Reitin pituus: 16
(2, 16)
(2, 17)
(3, 17)
(4, 17)
(4, 16)
(4, 15)
(5, 15)
(6, 15)
(7, 15)
(8, 15)
(9, 15)
(10, 15)
(11, 15)
(12, 15)
(13, 15)
(14, 15)
(14, 16)
kaikki ok
Reitin pituus: 11
(8, 1)
(7, 1)
(6, 1)
(5, 1)
(4, 1)
(4, 2)
(4, 3)
(3, 3)
(2, 3)
(1, 3)
(1, 4)
(1, 5)
kaikki ok
Reitin pituus: 6
(5, 1)
(4, 1)
(4, 2)
(4, 3)
(5, 3)
(6, 3)
(6, 4)
kaikki ok
Reitin pituus: 11
(10, 11)
(11, 11)
(12, 11)
(12, 10)
(12, 9)
(13, 9)
(14, 9)
(14, 8)
(14, 7)
(14, 6)
(14, 5)
(14, 4)
kaikki ok
Reitin pituus: 5
(4, 13)
(4, 14)
(4, 15)
(5, 15)
(6, 15)
(7, 15)
kaikki ok
Reitin pituus: 30
(1, 5)
(2, 5)
(3, 5)
(4, 5)
(4, 6)
(4, 7)
(4, 8)
(4, 9)
(4, 10)
(4, 11)
(4, 12)
(4, 13)
(4, 14)
(4, 15)
(5, 15)
(6, 15)
(6, 16)
(6, 17)
(7, 17)
(8, 17)
(8, 18)
(8, 19)
(9, 19)
(10, 19)
(11, 19)
(12, 19)
(13, 19)
(14, 19)
(15, 19)
(16, 19)
(17, 19)
kaikki ok
Reitin pituus: 11
(16, 16)
(16, 17)
(15, 17)
(14, 17)
(14, 16)
(14, 15)
(14, 14)
(14, 13)
(14, 12)
(14, 11)
(14, 10)
(14, 9)
kaikki ok
Reitin pituus: 16
(13, 3)
(12, 3)
(12, 4)
(12, 5)
(11, 5)
(10, 5)
(10, 6)
(10, 7)
(9, 7)
(8, 7)
(7, 7)
(6, 7)
(6, 8)
(6, 9)
(6, 10)
(6, 11)
(7, 11)
kaikki ok
Reitin pituus: 14
(6, 1)
(7, 1)
(8, 1)
(8, 2)
(8, 3)
(9, 3)
(10, 3)
(11, 3)
(12, 3)
(13, 3)
(14, 3)
(14, 4)
(14, 5)
(15, 5)
(16, 5)
kaikki ok
Reitin pituus: 17
(14, 7)
(14, 6)
(14, 5)
(14, 4)
(14, 3)
(13, 3)
(12, 3)
(11, 3)
(10, 3)
(9, 3)
(8, 3)
(7, 3)
(6, 3)
(5, 3)
(4, 3)
(3, 3)
(2, 3)
(1, 3)
kaikki ok
Reitin pituus: 9
(16, 5)
(15, 5)
(14, 5)
(14, 4)
(14, 3)
(13, 3)
(12, 3)
(11, 3)
(10, 3)
(9, 3)
kaikki ok
Reitin pituus: 3
(8, 5)
(8, 6)
(8, 7)
(9, 7)
kaikki ok
Reitin pituus: 15
(17, 13)
(16, 13)
(15, 13)
(14, 13)
(14, 12)
(14, 11)
(14, 10)
(14, 9)
(13, 9)
(12, 9)
(12, 8)
(12, 7)
(11, 7)
(10, 7)
(9, 7)
(8, 7)
kaikki ok
Reitin pituus: 6
(16, 17)
(17, 17)
(17, 18)
(17, 19)
(16, 19)
(15, 19)
(14, 19)
kaikki ok
Reitin pituus: 9
(4, 19)
(3, 19)
(2, 19)
(1, 19)
(1, 18)
(1, 17)
(2, 17)
(3, 17)
(4, 17)
(4, 16)
kaikki ok
Reitin pituus: 13
(14, 4)
(14, 3)
(13, 3)
(12, 3)
(11, 3)
(10, 3)
(9, 3)
(8, 3)
(7, 3)
(6, 3)
(5, 3)
(4, 3)
(3, 3)
(2, 3)
kaikki ok
Reitin pituus: 9
(11, 15)
(10, 15)
(9, 15)
(8, 15)
(7, 15)
(6, 15)
(5, 15)
(4, 15)
(4, 16)
(4, 17)
kaikki ok
Reitin pituus: 7
(10, 5)
(11, 5)
(12, 5)
(12, 4)
(12, 3)
(13, 3)
(14, 3)
(14, 4)
kaikki ok
Reitin pituus: 20
(6, 8)
(6, 9)
(6, 10)
(6, 11)
(7, 11)
(8, 11)
(9, 11)
(10, 11)
(11, 11)
(12, 11)
(12, 12)
(12, 13)
(13, 13)
(14, 13)
(14, 14)
(14, 15)
(14, 16)
(14, 17)
(15, 17)
(16, 17)
(17, 17)
kaikki ok
Reitin pituus: 8
(13, 3)
(12, 3)
(12, 4)
(12, 5)
(11, 5)
(10, 5)
(10, 6)
(10, 7)
(9, 7)
kaikki ok
Reitin pituus: 15
(15, 13)
(14, 13)
(13, 13)
(12, 13)
(12, 12)
(12, 11)
(12, 10)
(12, 9)
(12, 8)
(12, 7)
(11, 7)
(10, 7)
(9, 7)
(8, 7)
(8, 6)
(8, 5)
kaikki ok
Reitin pituus: 13
(12, 9)
(12, 10)
(12, 11)
(11, 11)
(10, 11)
(9, 11)
(8, 11)
(7, 11)
(6, 11)
(6, 12)
(6, 13)
(5, 13)
(4, 13)
(3, 13)
kaikki ok
Reitin pituus: 16
(4, 16)
(4, 15)
(5, 15)
(6, 15)
(7, 15)
(8, 15)
(9, 15)
(10, 15)
(10, 14)
(10, 13)
(11, 13)
(12, 13)
(13, 13)
(14, 13)
(15, 13)
(16, 13)
(17, 13)
kaikki ok
Reitin pituus: 16
(16, 13)
(15, 13)
(14, 13)
(13, 13)
(12, 13)
(12, 12)
(12, 11)
(12, 10)
(12, 9)
(12, 8)
(12, 7)
(11, 7)
(10, 7)
(9, 7)
(8, 7)
(8, 6)
(8, 5)
kaikki ok
Reitin pituus: 5
(6, 1)
(7, 1)
(8, 1)
(8, 2)
(8, 3)
(7, 3)
kaikki ok
Reitin pituus: 10
(14, 16)
(14, 15)
(13, 15)
(12, 15)
(12, 16)
(12, 17)
(11, 17)
(10, 17)
(10, 18)
(10, 19)
(11, 19)
kaikki ok
Reitin pituus: 16
(13, 15)
(14, 15)
(14, 14)
(14, 13)
(14, 12)
(14, 11)
(14, 10)
(14, 9)
(13, 9)
(12, 9)
(12, 8)
(12, 7)
(11, 7)
(10, 7)
(10, 6)
(10, 5)
(11, 5)
kaikki ok
Reitin pituus: 1
(14, 14)
(14, 13)
kaikki ok
Reitin pituus: 29
(1, 19)
(1, 18)
(1, 17)
(2, 17)
(3, 17)
(4, 17)
(4, 16)
(4, 15)
(4, 14)
(4, 13)
(4, 12)
(4, 11)
(4, 10)
(4, 9)
(4, 8)
(4, 7)
(4, 6)
(4, 5)
(4, 4)
(4, 3)
(5, 3)
(6, 3)
(7, 3)
(8, 3)
(9, 3)
(10, 3)
(10, 2)
(10, 1)
(11, 1)
(12, 1)
kaikki ok
Reitin pituus: 20
(12, 19)
(11, 19)
(10, 19)
(9, 19)
(8, 19)
(8, 18)
(8, 17)
(7, 17)
(6, 17)
(6, 16)
(6, 15)
(5, 15)
(4, 15)
(4, 14)
(4, 13)
(4, 12)
(4, 11)
(4, 10)
(4, 9)
(4, 8)
(4, 7)
kaikki ok
Reitin pituus: 12
(12, 9)
(12, 10)
(12, 11)
(12, 12)
(12, 13)
(11, 13)
(10, 13)
(10, 14)
(10, 15)
(11, 15)
(12, 15)
(12, 16)
(12, 17)
kaikki ok
Reitin pituus: 22
(12, 16)
(12, 15)
(11, 15)
(10, 15)
(9, 15)
(8, 15)
(8, 14)
(8, 13)
(7, 13)
(6, 13)
(5, 13)
(4, 13)
(4, 12)
(4, 11)
(4, 10)
(4, 9)
(4, 8)
(4, 7)
(4, 6)
(4, 5)
(3, 5)
(2, 5)
(1, 5)
kaikki ok
Reitin pituus: 22
(16, 5)
(15, 5)
(14, 5)
(14, 6)
(14, 7)
(14, 8)
(14, 9)
(14, 10)
(14, 11)
(14, 12)
(14, 13)
(14, 14)
(14, 15)
(14, 16)
(14, 17)
(15, 17)
(16, 17)
(17, 17)
(17, 18)
(17, 19)
(16, 19)
(15, 19)
(14, 19)
kaikki ok
Reitin pituus: 6
(4, 3)
(5, 3)
(6, 3)
(6, 4)
(6, 5)
(7, 5)
(8, 5)
kaikki ok
Reitin pituus: 12
(14, 16)
(14, 15)
(13, 15)
(12, 15)
(11, 15)
(10, 15)
(9, 15)
(8, 15)
(8, 14)
(8, 13)
(7, 13)
(6, 13)
(5, 13)
kaikki ok
Reitin pituus: 14
(8, 18)
(8, 19)
(9, 19)
(10, 19)
(10, 18)
(10, 17)
(11, 17)
(12, 17)
(12, 16)
(12, 15)
(13, 15)
(14, 15)
(14, 14)
(14, 13)
(14, 12)
kaikki ok
Reitin pituus: 3
(14, 8)
(14, 7)
(14, 6)
(14, 5)
kaikki ok
Reitin pituus: 2
(6, 7)
(7, 7)
(8, 7)
kaikki ok
Reitin pituus: 21
(2, 17)
(3, 17)
(4, 17)
(4, 16)
(4, 15)
(4, 14)
(4, 13)
(4, 12)
(4, 11)
(4, 10)
(4, 9)
(4, 8)
(4, 7)
(4, 6)
(4, 5)
(4, 4)
(4, 3)
(5, 3)
(6, 3)
(7, 3)
(8, 3)
(8, 2)
kaikki ok
Reitin pituus: 3
(14, 3)
(14, 2)
(14, 1)
(15, 1)
kaikki ok
Reitin pituus: 13
(8, 17)
(7, 17)
(6, 17)
(6, 16)
(6, 15)
(5, 15)
(4, 15)
(4, 16)
(4, 17)
(3, 17)
(2, 17)
(2, 16)
(2, 15)
(1, 15)
kaikki ok
Reitin pituus: 1
(5, 15)
(4, 15)
kaikki ok
Reitin pituus: 11
(14, 13)
(14, 12)
(14, 11)
(14, 10)
(14, 9)
(14, 8)
(14, 7)
(14, 6)
(14, 5)
(14, 4)
(14, 3)
(14, 2)
kaikki ok
Reitin pituus: 14
(13, 9)
(12, 9)
(12, 10)
(12, 11)
(11, 11)
(10, 11)
(9, 11)
(8, 11)
(7, 11)
(6, 11)
(6, 12)
(6, 13)
(5, 13)
(4, 13)
(4, 12)
kaikki ok
Reitin pituus: 10
(11, 17)
(12, 17)
(12, 16)
(12, 15)
(13, 15)
(14, 15)
(14, 14)
(14, 13)
(15, 13)
(16, 13)
(17, 13)
kaikki ok
Reitin pituus: 10
(6, 8)
(6, 9)
(5, 9)
(4, 9)
(4, 10)
(4, 11)
(4, 12)
(4, 13)
(4, 14)
(4, 15)
(5, 15)
kaikki ok
Reitin pituus: 9
(11, 1)
(10, 1)
(10, 2)
(10, 3)
(11, 3)
(12, 3)
(12, 4)
(12, 5)
(11, 5)
(10, 5)
kaikki ok
Reitin pituus: 10
(4, 14)
(4, 13)
(4, 12)
(4, 11)
(4, 10)
(4, 9)
(5, 9)
(6, 9)
(6, 8)
(6, 7)
(7, 7)
kaikki ok
Reitin pituus: 7
(17, 18)
(17, 19)
(16, 19)
(15, 19)
(14, 19)
(13, 19)
(12, 19)
(11, 19)
kaikki ok
Reitin pituus: 15
(7, 15)
(6, 15)
(5, 15)
(4, 15)
(4, 14)
(4, 13)
(4, 12)
(4, 11)
(4, 10)
(4, 9)
(4, 8)
(4, 7)
(4, 6)
(4, 5)
(4, 4)
(4, 3)
kaikki ok
Reitin pituus: 23
(14, 19)
(15, 19)
(16, 19)
(17, 19)
(17, 18)
(17, 17)
(16, 17)
(15, 17)
(14, 17)
(14, 16)
(14, 15)
(14, 14)
(14, 13)
(14, 12)
(14, 11)
(14, 10)
(14, 9)
(14, 8)
(14, 7)
(14, 6)
(14, 5)
(14, 4)
(14, 3)
(14, 2)
kaikki ok
Reitin pituus: 14
(11, 1)
(10, 1)
(10, 2)
(10, 3)
(9, 3)
(8, 3)
(7, 3)
(6, 3)
(5, 3)
(4, 3)
(4, 2)
(4, 1)
(3, 1)
(2, 1)
(1, 1)
kaikki ok
Reitin pituus: 15
(8, 7)
(9, 7)
(10, 7)
(10, 6)
(10, 5)
(11, 5)
(12, 5)
(12, 4)
(12, 3)
(13, 3)
(14, 3)
(15, 3)
(16, 3)
(17, 3)
(17, 2)
(17, 1)
kaikki ok
Reitin pituus: 7
(15, 1)
(14, 1)
(14, 2)
(14, 3)
(13, 3)
(12, 3)
(12, 4)
(12, 5)
kaikki ok
Reitin pituus: 17
(6, 7)
(6, 8)
(6, 9)
(6, 10)
(6, 11)
(6, 12)
(6, 13)
(7, 13)
(8, 13)
(8, 14)
(8, 15)
(9, 15)
(10, 15)
(11, 15)
(12, 15)
(12, 16)
(12, 17)
(11, 17)
kaikki ok
Reitin pituus: 15
(1, 15)
(1, 14)
(1, 13)
(2, 13)
(3, 13)
(4, 13)
(5, 13)
(6, 13)
(6, 12)
(6, 11)
(6, 10)
(6, 9)
(6, 8)
(6, 7)
(7, 7)
(8, 7)
kaikki ok
Reitin pituus: 14
(14, 1)
(14, 2)
(14, 3)
(13, 3)
(12, 3)
(12, 4)
(12, 5)
(11, 5)
(10, 5)
(10, 6)
(10, 7)
(9, 7)
(8, 7)
(8, 6)
(8, 5)
kaikki ok
Reitin pituus: 2
(4, 6)
(4, 7)
(4, 8)
kaikki ok
Reitin pituus: 28
(11, 5)
(10, 5)
(10, 6)
(10, 7)
(9, 7)
(8, 7)
(7, 7)
(6, 7)
(6, 8)
(6, 9)
(5, 9)
(4, 9)
(4, 10)
(4, 11)
(4, 12)
(4, 13)
(4, 14)
(4, 15)
(4, 16)
(4, 17)
(3, 17)
(2, 17)
(1, 17)
(1, 18)
(1, 19)
(2, 19)
(3, 19)
(4, 19)
(5, 19)
kaikki ok
Reitin pituus: 6
(7, 7)
(6, 7)
(6, 8)
(6, 9)
(6, 10)
(6, 11)
(7, 11)
kaikki ok
Reitin pituus: 19
(12, 7)
(12, 8)
(12, 9)
(12, 10)
(12, 11)
(12, 12)
(12, 13)
(11, 13)
(10, 13)
(10, 14)
(10, 15)
(9, 15)
(8, 15)
(7, 15)
(6, 15)
(5, 15)
(4, 15)
(4, 16)
(4, 17)
(3, 17)
kaikki ok
Reitin pituus: 10
(6, 10)
(6, 9)
(5, 9)
(4, 9)
(4, 8)
(4, 7)
(4, 6)
(4, 5)
(4, 4)
(4, 3)
(5, 3)
kaikki ok
Reitin pituus: 10
(10, 9)
(9, 9)
(9, 8)
(9, 7)
(8, 7)
(8, 6)
(8, 5)
(7, 5)
(6, 5)
(6, 4)
(6, 3)
kaikki ok
Reitin pituus: 23
(1, 2)
(1, 3)
(2, 3)
(3, 3)
(4, 3)
(5, 3)
(6, 3)
(6, 4)
(6, 5)
(7, 5)
(8, 5)
(8, 6)
(8, 7)
(9, 7)
(10, 7)
(11, 7)
(12, 7)
(12, 8)
(12, 9)
(12, 10)
(12, 11)
(12, 12)
(12, 13)
(11, 13)
kaikki ok
Reitin pituus: 14
(2, 17)
(3, 17)
(4, 17)
(4, 16)
(4, 15)
(5, 15)
(6, 15)
(7, 15)
(8, 15)
(9, 15)
(10, 15)
(11, 15)
(12, 15)
(13, 15)
(14, 15)
kaikki ok
Reitin pituus: 7
(10, 13)
(11, 13)
(12, 13)
(12, 12)
(12, 11)
(12, 10)
(12, 9)
(12, 8)
kaikki ok
Reitin pituus: 6
(7, 3)
(6, 3)
(6, 4)
(6, 5)
(7, 5)
(8, 5)
(8, 6)
kaikki ok
Reitin pituus: 12
(8, 14)
(8, 13)
(7, 13)
(6, 13)
(6, 12)
(6, 11)
(6, 10)
(6, 9)
(6, 8)
(6, 7)
(7, 7)
(8, 7)
(8, 6)
kaikki ok
Reitin pituus: 8
(12, 12)
(12, 13)
(11, 13)
(10, 13)
(10, 14)
(10, 15)
(9, 15)
(8, 15)
(7, 15)
kaikki ok
Reitin pituus: 13
(4, 13)
(4, 12)
(4, 11)
(4, 10)
(4, 9)
(4, 8)
(4, 7)
(4, 6)
(4, 5)
(4, 4)
(4, 3)
(4, 2)
(4, 1)
(5, 1)
kaikki ok
Reitin pituus: 28
(13, 19)
(12, 19)
(11, 19)
(10, 19)
(10, 18)
(10, 17)
(11, 17)
(12, 17)
(12, 16)
(12, 15)
(13, 15)
(14, 15)
(14, 14)
(14, 13)
(14, 12)
(14, 11)
(14, 10)
(14, 9)
(14, 8)
(14, 7)
(14, 6)
(14, 5)
(14, 4)
(14, 3)
(14, 2)
(14, 1)
(15, 1)
(16, 1)
(17, 1)
kaikki ok
Reitin pituus: 8
(11, 17)
(10, 17)
(10, 18)
(10, 19)
(9, 19)
(8, 19)
(7, 19)
(6, 19)
(5, 19)
kaikki ok
Reitin pituus: 9
(8, 13)
(8, 14)
(8, 15)
(9, 15)
(10, 15)
(10, 14)
(10, 13)
(11, 13)
(12, 13)
(13, 13)
kaikki ok
Reitin pituus: 9
(16, 5)
(15, 5)
(14, 5)
(14, 6)
(14, 7)
(14, 8)
(14, 9)
(14, 10)
(14, 11)
(14, 12)
kaikki ok
Reitin pituus: 11
(10, 15)
(9, 15)
(8, 15)
(7, 15)
(6, 15)
(5, 15)
(4, 15)
(4, 14)
(4, 13)
(4, 12)
(4, 11)
(4, 10)
kaikki ok
Reitin pituus: 6
(7, 13)
(8, 13)
(8, 14)
(8, 15)
(9, 15)
(10, 15)
(10, 14)
kaikki ok
Reitin pituus: 13
(17, 18)
(17, 17)
(16, 17)
(15, 17)
(14, 17)
(14, 16)
(14, 15)
(13, 15)
(12, 15)
(11, 15)
(10, 15)
(9, 15)
(8, 15)
(8, 14)
kaikki ok
Reitin pituus: 21
(15, 13)
(14, 13)
(14, 12)
(14, 11)
(14, 10)
(14, 9)
(14, 8)
(14, 7)
(14, 6)
(14, 5)
(14, 4)
(14, 3)
(13, 3)
(12, 3)
(11, 3)
(10, 3)
(9, 3)
(8, 3)
(7, 3)
(6, 3)
(5, 3)
(4, 3)
kaikki ok
Reitin pituus: 19
(1, 15)
(1, 14)
(1, 13)
(2, 13)
(3, 13)
(4, 13)
(5, 13)
(6, 13)
(6, 12)
(6, 11)
(6, 10)
(6, 9)
(6, 8)
(6, 7)
(7, 7)
(8, 7)
(9, 7)
(9, 8)
(9, 9)
(10, 9)
kaikki ok
Reitin pituus: 4
(5, 13)
(6, 13)
(7, 13)
(8, 13)
(8, 14)
kaikki ok
Reitin pituus: 16
(12, 8)
(12, 9)
(12, 10)
(12, 11)
(12, 12)
(12, 13)
(13, 13)
(14, 13)
(14, 14)
(14, 15)
(14, 16)
(14, 17)
(15, 17)
(16, 17)
(17, 17)
(17, 18)
(17, 19)
kaikki ok
Reitin pituus: 6
(4, 3)
(4, 2)
(4, 1)
(5, 1)
(6, 1)
(7, 1)
(8, 1)
kaikki ok
Reitin pituus: 14
(6, 11)
(6, 10)
(6, 9)
(5, 9)
(4, 9)
(4, 8)
(4, 7)
(4, 6)
(4, 5)
(4, 4)
(4, 3)
(4, 2)
(4, 1)
(3, 1)
(2, 1)
kaikki ok
Reitin pituus: 15
(16, 16)
(16, 17)
(15, 17)
(14, 17)
(14, 16)
(14, 15)
(14, 14)
(14, 13)
(13, 13)
(12, 13)
(12, 12)
(12, 11)
(11, 11)
(10, 11)
(9, 11)
(8, 11)
kaikki ok
Reitin pituus: 12
(1, 19)
(1, 18)
(1, 17)
(2, 17)
(3, 17)
(4, 17)
(4, 16)
(4, 15)
(5, 15)
(6, 15)
(7, 15)
(8, 15)
(9, 15)
kaikki ok
Reitin pituus: 14
(12, 16)
(12, 17)
(11, 17)
(10, 17)
(10, 18)
(10, 19)
(9, 19)
(8, 19)
(7, 19)
(6, 19)
(5, 19)
(4, 19)
(3, 19)
(2, 19)
(1, 19)
kaikki ok
Reitin pituus: 17
(13, 1)
(14, 1)
(14, 2)
(14, 3)
(14, 4)
(14, 5)
(14, 6)
(14, 7)
(14, 8)
(14, 9)
(14, 10)
(14, 11)
(14, 12)
(14, 13)
(14, 14)
(14, 15)
(13, 15)
(12, 15)
kaikki ok
Reitin pituus: 19
(1, 2)
(1, 3)
(1, 4)
(1, 5)
(2, 5)
(3, 5)
(4, 5)
(4, 6)
(4, 7)
(4, 8)
(4, 9)
(4, 10)
(4, 11)
(4, 12)
(4, 13)
(4, 14)
(4, 15)
(5, 15)
(6, 15)
(7, 15)
kaikki ok
Reitin pituus: 16
(6, 16)
(6, 15)
(5, 15)
(4, 15)
(4, 14)
(4, 13)
(4, 12)
(4, 11)
(4, 10)
(4, 9)
(4, 8)
(4, 7)
(4, 6)
(4, 5)
(4, 4)
(4, 3)
(3, 3)
kaikki ok
Reitin pituus: 20
(2, 16)
(2, 17)
(1, 17)
(1, 18)
(1, 19)
(2, 19)
(3, 19)
(4, 19)
(5, 19)
(6, 19)
(7, 19)
(8, 19)
(9, 19)
(10, 19)
(11, 19)
(12, 19)
(13, 19)
(14, 19)
(15, 19)
(16, 19)
(17, 19)
kaikki ok
Reitin pituus: 20
(1, 14)
(1, 13)
(2, 13)
(3, 13)
(4, 13)
(5, 13)
(6, 13)
(6, 12)
(6, 11)
(6, 10)
(6, 9)
(6, 8)
(6, 7)
(7, 7)
(8, 7)
(9, 7)
(10, 7)
(10, 6)
(10, 5)
(11, 5)
(12, 5)
kaikki ok
Reitin pituus: 11
(5, 13)
(4, 13)
(4, 12)
(4, 11)
(4, 10)
(4, 9)
(4, 8)
(4, 7)
(4, 6)
(4, 5)
(4, 4)
(4, 3)
kaikki ok
Reitin pituus: 12
(3, 13)
(4, 13)
(5, 13)
(6, 13)
(6, 12)
(6, 11)
(6, 10)
(6, 9)
(6, 8)
(6, 7)
(7, 7)
(8, 7)
(8, 6)
kaikki ok
Reitin pituus: 11
(4, 3)
(5, 3)
(6, 3)
(6, 4)
(6, 5)
(7, 5)
(8, 5)
(8, 6)
(8, 7)
(9, 7)
(9, 8)
(9, 9)
kaikki ok
Reitin pituus: 6
(12, 1)
(13, 1)
(14, 1)
(14, 2)
(14, 3)
(14, 4)
(14, 5)
kaikki ok
Reitin pituus: 9
(1, 18)
(1, 17)
(2, 17)
(3, 17)
(4, 17)
(4, 16)
(4, 15)
(5, 15)
(6, 15)
(6, 16)
kaikki ok
Reitin pituus: 14
(10, 11)
(9, 11)
(8, 11)
(7, 11)
(6, 11)
(6, 12)
(6, 13)
(5, 13)
(4, 13)
(4, 14)
(4, 15)
(4, 16)
(4, 17)
(3, 17)
(2, 17)
kaikki ok
Reitin pituus: 15
(1, 15)
(2, 15)
(2, 16)
(2, 17)
(1, 17)
(1, 18)
(1, 19)
(2, 19)
(3, 19)
(4, 19)
(5, 19)
(6, 19)
(7, 19)
(8, 19)
(9, 19)
(10, 19)
kaikki ok
Reitin pituus: 10
(14, 8)
(14, 9)
(14, 10)
(14, 11)
(14, 12)
(14, 13)
(14, 14)
(14, 15)
(13, 15)
(12, 15)
(11, 15)
kaikki ok
Reitin pituus: 12
(1, 4)
(1, 3)
(2, 3)
(3, 3)
(4, 3)
(5, 3)
(6, 3)
(6, 4)
(6, 5)
(7, 5)
(8, 5)
(8, 6)
(8, 7)
kaikki ok
Reitin pituus: 8
(13, 9)
(14, 9)
(14, 10)
(14, 11)
(14, 12)
(14, 13)
(14, 14)
(14, 15)
(14, 16)
kaikki ok
Reitin pituus: 19
(12, 7)
(12, 8)
(12, 9)
(12, 10)
(12, 11)
(12, 12)
(12, 13)
(11, 13)
(10, 13)
(10, 14)
(10, 15)
(9, 15)
(8, 15)
(7, 15)
(6, 15)
(5, 15)
(4, 15)
(4, 16)
(4, 17)
(3, 17)
kaikki ok
Reitin pituus: 15
(3, 5)
(4, 5)
(4, 6)
(4, 7)
(4, 8)
(4, 9)
(5, 9)
(6, 9)
(6, 10)
(6, 11)
(6, 12)
(6, 13)
(7, 13)
(8, 13)
(8, 14)
(8, 15)
kaikki ok
Reitin pituus: 17
(14, 10)
(14, 11)
(14, 12)
(14, 13)
(14, 14)
(14, 15)
(13, 15)
(12, 15)
(12, 16)
(12, 17)
(11, 17)
(10, 17)
(10, 18)
(10, 19)
(9, 19)
(8, 19)
(7, 19)
(6, 19)
kaikki ok
Reitin pituus: 21
(11, 7)
(10, 7)
(9, 7)
(8, 7)
(7, 7)
(6, 7)
(6, 8)
(6, 9)
(5, 9)
(4, 9)
(4, 10)
(4, 11)
(4, 12)
(4, 13)
(4, 14)
(4, 15)
(4, 16)
(4, 17)
(3, 17)
(2, 17)
(1, 17)
(1, 18)
kaikki ok
Reitin pituus: 22
(10, 18)
(10, 17)
(11, 17)
(12, 17)
(12, 16)
(12, 15)
(13, 15)
(14, 15)
(14, 14)
(14, 13)
(14, 12)
(14, 11)
(14, 10)
(14, 9)
(14, 8)
(14, 7)
(14, 6)
(14, 5)
(14, 4)
(14, 3)
(14, 2)
(14, 1)
(13, 1)
kaikki ok
Reitin pituus: 15
(11, 11)
(12, 11)
(12, 12)
(12, 13)
(11, 13)
(10, 13)
(10, 14)
(10, 15)
(9, 15)
(8, 15)
(7, 15)
(6, 15)
(6, 16)
(6, 17)
(7, 17)
(8, 17)
kaikki ok
Reitin pituus: 8
(7, 3)
(8, 3)
(9, 3)
(10, 3)
(11, 3)
(12, 3)
(13, 3)
(14, 3)
(14, 2)
kaikki ok
Reitin pituus: 13
(3, 13)
(4, 13)
(4, 14)
(4, 15)
(5, 15)
(6, 15)
(6, 16)
(6, 17)
(7, 17)
(8, 17)
(8, 18)
(8, 19)
(7, 19)
(6, 19)
kaikki ok
Reitin pituus: 10
(9, 3)
(8, 3)
(7, 3)
(6, 3)
(5, 3)
(4, 3)
(4, 4)
(4, 5)
(3, 5)
(2, 5)
(1, 5)
kaikki ok
Reitin pituus: 6
(5, 13)
(6, 13)
(7, 13)
(8, 13)
(8, 14)
(8, 15)
(9, 15)
kaikki ok
Reitin pituus: 5
(13, 1)
(14, 1)
(14, 2)
(14, 3)
(13, 3)
(12, 3)
kaikki ok
Reitin pituus: 19
(10, 2)
(10, 3)
(9, 3)
(8, 3)
(7, 3)
(6, 3)
(5, 3)
(4, 3)
(4, 4)
(4, 5)
(4, 6)
(4, 7)
(4, 8)
(4, 9)
(4, 10)
(4, 11)
(4, 12)
(4, 13)
(3, 13)
(2, 13)
kaikki ok
Reitin pituus: 25
(16, 17)
(15, 17)
(14, 17)
(14, 16)
(14, 15)
(13, 15)
(12, 15)
(11, 15)
(10, 15)
(9, 15)
(8, 15)
(8, 14)
(8, 13)
(7, 13)
(6, 13)
(6, 12)
(6, 11)
(6, 10)
(6, 9)
(5, 9)
(4, 9)
(4, 8)
(4, 7)
(4, 6)
(4, 5)
(3, 5)
kaikki ok
Reitin pituus: 11
(6, 8)
(6, 9)
(5, 9)
(4, 9)
(4, 10)
(4, 11)
(4, 12)
(4, 13)
(4, 14)
(4, 15)
(5, 15)
(6, 15)
kaikki ok
Reitin pituus: 8
(16, 16)
(16, 17)
(15, 17)
(14, 17)
(14, 16)
(14, 15)
(13, 15)
(12, 15)
(11, 15)
kaikki ok
Reitin pituus: 20
(1, 18)
(1, 17)
(2, 17)
(3, 17)
(4, 17)
(4, 16)
(4, 15)
(4, 14)
(4, 13)
(5, 13)
(6, 13)
(6, 12)
(6, 11)
(6, 10)
(6, 9)
(6, 8)
(6, 7)
(7, 7)
(8, 7)
(9, 7)
(10, 7)
kaikki ok
Reitin pituus: 11
(4, 16)
(4, 15)
(5, 15)
(6, 15)
(7, 15)
(8, 15)
(9, 15)
(10, 15)
(11, 15)
(12, 15)
(12, 16)
(12, 17)
kaikki ok
Reitin pituus: 21
(2, 5)
(3, 5)
(4, 5)
(4, 6)
(4, 7)
(4, 8)
(4, 9)
(5, 9)
(6, 9)
(6, 10)
(6, 11)
(6, 12)
(6, 13)
(7, 13)
(8, 13)
(8, 14)
(8, 15)
(9, 15)
(10, 15)
(11, 15)
(12, 15)
(12, 16)
kaikki ok
Reitin pituus: 9
(10, 15)
(11, 15)
(12, 15)
(13, 15)
(14, 15)
(14, 16)
(14, 17)
(15, 17)
(16, 17)
(16, 16)
kaikki ok
Reitin pituus: 7
(7, 15)
(6, 15)
(5, 15)
(4, 15)
(4, 14)
(4, 13)
(4, 12)
(4, 11)
kaikki ok
Reitin pituus: 17
(14, 5)
(14, 4)
(14, 3)
(13, 3)
(12, 3)
(11, 3)
(10, 3)
(9, 3)
(8, 3)
(8, 2)
(8, 1)
(7, 1)
(6, 1)
(5, 1)
(4, 1)
(3, 1)
(2, 1)
(1, 1)
kaikki ok
Reitin pituus: 18
(7, 11)
(6, 11)
(6, 12)
(6, 13)
(7, 13)
(8, 13)
(8, 14)
(8, 15)
(7, 15)
(6, 15)
(6, 16)
(6, 17)
(7, 17)
(8, 17)
(8, 18)
(8, 19)
(7, 19)
(6, 19)
(5, 19)
kaikki ok
Reitin pituus: 15
(3, 5)
(4, 5)
(4, 4)
(4, 3)
(5, 3)
(6, 3)
(7, 3)
(8, 3)
(9, 3)
(10, 3)
(11, 3)
(12, 3)
(13, 3)
(14, 3)
(15, 3)
(16, 3)
kaikki ok
Reitin pituus: 14
(14, 5)
(14, 6)
(14, 7)
(14, 8)
(14, 9)
(14, 10)
(14, 11)
(14, 12)
(14, 13)
(14, 14)
(14, 15)
(13, 15)
(12, 15)
(12, 16)
(12, 17)
kaikki ok
Reitin pituus: 7
(4, 15)
(5, 15)
(6, 15)
(6, 16)
(6, 17)
(7, 17)
(8, 17)
(8, 18)
kaikki ok
Reitin pituus: 24
(8, 19)
(8, 18)
(8, 17)
(7, 17)
(6, 17)
(6, 16)
(6, 15)
(5, 15)
(4, 15)
(4, 14)
(4, 13)
(4, 12)
(4, 11)
(4, 10)
(4, 9)
(4, 8)
(4, 7)
(4, 6)
(4, 5)
(4, 4)
(4, 3)
(5, 3)
(6, 3)
(7, 3)
(8, 3)
kaikki ok
Reitin pituus: 14
(3, 13)
(4, 13)
(4, 14)
(4, 15)
(5, 15)
(6, 15)
(6, 16)
(6, 17)
(7, 17)
(8, 17)
(8, 18)
(8, 19)
(9, 19)
(10, 19)
(11, 19)
kaikki ok
Reitin pituus: 16
(17, 2)
(17, 3)
(17, 4)
(17, 5)
(16, 5)
(15, 5)
(14, 5)
(14, 6)
(14, 7)
(14, 8)
(14, 9)
(13, 9)
(12, 9)
(12, 10)
(12, 11)
(11, 11)
(10, 11)
kaikki ok
Reitin pituus: 15
(7, 13)
(8, 13)
(8, 14)
(8, 15)
(9, 15)
(10, 15)
(11, 15)
(12, 15)
(13, 15)
(14, 15)
(14, 16)
(14, 17)
(15, 17)
(16, 17)
(17, 17)
(17, 18)
kaikki ok
Reitin pituus: 10
(7, 11)
(6, 11)
(6, 10)
(6, 9)
(6, 8)
(6, 7)
(7, 7)
(8, 7)
(9, 7)
(9, 8)
(9, 9)
kaikki ok
Reitin pituus: 18
(3, 17)
(4, 17)
(4, 16)
(4, 15)
(4, 14)
(4, 13)
(4, 12)
(4, 11)
(4, 10)
(4, 9)
(5, 9)
(6, 9)
(6, 8)
(6, 7)
(7, 7)
(8, 7)
(9, 7)
(10, 7)
(11, 7)
kaikki ok
Reitin pituus: 6
(14, 6)
(14, 7)
(14, 8)
(14, 9)
(13, 9)
(12, 9)
(12, 8)
kaikki ok
Reitin pituus: 19
(2, 17)
(3, 17)
(4, 17)
(4, 16)
(4, 15)
(4, 14)
(4, 13)
(4, 12)
(4, 11)
(4, 10)
(4, 9)
(4, 8)
(4, 7)
(4, 6)
(4, 5)
(4, 4)
(4, 3)
(4, 2)
(4, 1)
(5, 1)
kaikki ok
Reitin pituus: 21
(2, 1)
(3, 1)
(4, 1)
(4, 2)
(4, 3)
(4, 4)
(4, 5)
(4, 6)
(4, 7)
(4, 8)
(4, 9)
(4, 10)
(4, 11)
(4, 12)
(4, 13)
(5, 13)
(6, 13)
(7, 13)
(8, 13)
(8, 14)
(8, 15)
(9, 15)
kaikki ok
Reitin pituus: 13
(4, 5)
(4, 6)
(4, 7)
(4, 8)
(4, 9)
(5, 9)
(6, 9)
(6, 10)
(6, 11)
(6, 12)
(6, 13)
(7, 13)
(8, 13)
(8, 14)
kaikki ok
Reitin pituus: 8
(8, 7)
(7, 7)
(6, 7)
(6, 8)
(6, 9)
(5, 9)
(4, 9)
(4, 10)
(4, 11)
kaikki ok
Reitin pituus: 10
(6, 10)
(6, 11)
(6, 12)
(6, 13)
(7, 13)
(8, 13)
(8, 14)
(8, 15)
(7, 15)
(6, 15)
(6, 16)
kaikki ok
Reitin pituus: 15
(12, 12)
(12, 11)
(12, 10)
(12, 9)
(13, 9)
(14, 9)
(14, 8)
(14, 7)
(14, 6)
(14, 5)
(14, 4)
(14, 3)
(14, 2)
(14, 1)
(15, 1)
(16, 1)
kaikki ok
Reitin pituus: 11
(4, 8)
(4, 9)
(4, 10)
(4, 11)
(4, 12)
(4, 13)
(4, 14)
(4, 15)
(5, 15)
(6, 15)
(6, 16)
(6, 17)
kaikki ok
Reitin pituus: 13
(4, 6)
(4, 7)
(4, 8)
(4, 9)
(5, 9)
(6, 9)
(6, 8)
(6, 7)
(7, 7)
(8, 7)
(9, 7)
(9, 8)
(9, 9)
(8, 9)
kaikki ok
Reitin pituus: 8
(1, 19)
(1, 18)
(1, 17)
(2, 17)
(3, 17)
(4, 17)
(4, 16)
(4, 15)
(5, 15)
kaikki ok
Reitin pituus: 26
(13, 19)
(12, 19)
(11, 19)
(10, 19)
(10, 18)
(10, 17)
(11, 17)
(12, 17)
(12, 16)
(12, 15)
(13, 15)
(14, 15)
(14, 14)
(14, 13)
(14, 12)
(14, 11)
(14, 10)
(14, 9)
(13, 9)
(12, 9)
(12, 8)
(12, 7)
(11, 7)
(10, 7)
(9, 7)
(9, 8)
(9, 9)
kaikki ok
Reitin pituus: 14
(6, 13)
(7, 13)
(8, 13)
(8, 14)
(8, 15)
(9, 15)
(10, 15)
(10, 14)
(10, 13)
(11, 13)
(12, 13)
(13, 13)
(14, 13)
(15, 13)
(16, 13)
kaikki ok
Reitin pituus: 25
(11, 19)
(10, 19)
(10, 18)
(10, 17)
(11, 17)
(12, 17)
(12, 16)
(12, 15)
(13, 15)
(14, 15)
(14, 14)
(14, 13)
(14, 12)
(14, 11)
(14, 10)
(14, 9)
(14, 8)
(14, 7)
(14, 6)
(14, 5)
(14, 4)
(14, 3)
(14, 2)
(14, 1)
(15, 1)
(16, 1)
kaikki ok
Reitin pituus: 11
(14, 10)
(14, 9)
(13, 9)
(12, 9)
(12, 8)
(12, 7)
(11, 7)
(10, 7)
(9, 7)
(8, 7)
(8, 6)
(8, 5)
kaikki ok
Reitin pituus: 18
(11, 3)
(12, 3)
(13, 3)
(14, 3)
(14, 4)
(14, 5)
(14, 6)
(14, 7)
(14, 8)
(14, 9)
(14, 10)
(14, 11)
(14, 12)
(14, 13)
(14, 14)
(14, 15)
(13, 15)
(12, 15)
(11, 15)
kaikki ok
Reitin pituus: 22
(12, 1)
(11, 1)
(10, 1)
(10, 2)
(10, 3)
(9, 3)
(8, 3)
(7, 3)
(6, 3)
(5, 3)
(4, 3)
(4, 4)
(4, 5)
(4, 6)
(4, 7)
(4, 8)
(4, 9)
(4, 10)
(4, 11)
(4, 12)
(4, 13)
(4, 14)
(4, 15)
kaikki ok
Reitin pituus: 14
(6, 3)
(5, 3)
(4, 3)
(4, 4)
(4, 5)
(4, 6)
(4, 7)
(4, 8)
(4, 9)
(4, 10)
(4, 11)
(4, 12)
(4, 13)
(3, 13)
(2, 13)
kaikki ok
Reitin pituus: 12
(14, 12)
(14, 13)
(13, 13)
(12, 13)
(11, 13)
(10, 13)
(10, 14)
(10, 15)
(9, 15)
(8, 15)
(8, 14)
(8, 13)
(7, 13)
kaikki ok
Reitin pituus: 26
(1, 19)
(1, 18)
(1, 17)
(2, 17)
(3, 17)
(4, 17)
(4, 16)
(4, 15)
(5, 15)
(6, 15)
(7, 15)
(8, 15)
(9, 15)
(10, 15)
(10, 14)
(10, 13)
(11, 13)
(12, 13)
(12, 12)
(12, 11)
(12, 10)
(12, 9)
(13, 9)
(14, 9)
(14, 8)
(14, 7)
(14, 6)
kaikki ok
Reitin pituus: 18
(7, 13)
(6, 13)
(6, 12)
(6, 11)
(6, 10)
(6, 9)
(5, 9)
(4, 9)
(4, 8)
(4, 7)
(4, 6)
(4, 5)
(4, 4)
(4, 3)
(4, 2)
(4, 1)
(5, 1)
(6, 1)
(7, 1)
kaikki ok
Reitin pituus: 13
(1, 18)
(1, 17)
(2, 17)
(3, 17)
(4, 17)
(4, 16)
(4, 15)
(5, 15)
(6, 15)
(7, 15)
(8, 15)
(9, 15)
(10, 15)
(11, 15)
kaikki ok
Reitin pituus: 13
(14, 13)
(14, 12)
(14, 11)
(14, 10)
(14, 9)
(14, 8)
(14, 7)
(14, 6)
(14, 5)
(14, 4)
(14, 3)
(13, 3)
(12, 3)
(11, 3)
kaikki ok
Reitin pituus: 1
(10, 13)
(11, 13)
kaikki ok
Reitin pituus: 10
(17, 17)
(17, 18)
(17, 19)
(16, 19)
(15, 19)
(14, 19)
(13, 19)
(12, 19)
(11, 19)
(10, 19)
(9, 19)
kaikki ok
Reitin pituus: 13
(9, 19)
(10, 19)
(10, 18)
(10, 17)
(11, 17)
(12, 17)
(12, 16)
(12, 15)
(11, 15)
(10, 15)
(10, 14)
(10, 13)
(11, 13)
(12, 13)
kaikki ok
Reitin pituus: 14
(14, 17)
(14, 16)
(14, 15)
(13, 15)
(12, 15)
(11, 15)
(10, 15)
(9, 15)
(8, 15)
(7, 15)
(6, 15)
(6, 16)
(6, 17)
(7, 17)
(8, 17)
kaikki ok
Reitin pituus: 3
(6, 10)
(6, 9)
(6, 8)
(6, 7)
kaikki ok
Reitin pituus: 7
(1, 14)
(1, 13)
(2, 13)
(3, 13)
(4, 13)
(4, 14)
(4, 15)
(4, 16)
kaikki ok
Reitin pituus: 14
(8, 11)
(7, 11)
(6, 11)
(6, 10)
(6, 9)
(6, 8)
(6, 7)
(7, 7)
(8, 7)
(9, 7)
(10, 7)
(10, 6)
(10, 5)
(11, 5)
(12, 5)
kaikki ok
Reitin pituus: 11
(14, 3)
(13, 3)
(12, 3)
(11, 3)
(10, 3)
(9, 3)
(8, 3)
(7, 3)
(6, 3)
(5, 3)
(4, 3)
(3, 3)
kaikki ok
Reitin pituus: 14
(14, 15)
(14, 14)
(14, 13)
(14, 12)
(14, 11)
(14, 10)
(14, 9)
(14, 8)
(14, 7)
(14, 6)
(14, 5)
(15, 5)
(16, 5)
(17, 5)
(17, 4)
kaikki ok
Reitin pituus: 21
(2, 5)
(3, 5)
(4, 5)
(4, 6)
(4, 7)
(4, 8)
(4, 9)
(4, 10)
(4, 11)
(4, 12)
(4, 13)
(4, 14)
(4, 15)
(5, 15)
(6, 15)
(6, 16)
(6, 17)
(7, 17)
(8, 17)
(8, 18)
(8, 19)
(7, 19)
kaikki ok
Reitin pituus: 16
(10, 2)
(10, 3)
(9, 3)
(8, 3)
(7, 3)
(6, 3)
(5, 3)
(4, 3)
(4, 4)
(4, 5)
(4, 6)
(4, 7)
(4, 8)
(4, 9)
(5, 9)
(6, 9)
(6, 10)
kaikki ok
Reitin pituus: 12
(2, 16)
(2, 17)
(1, 17)
(1, 18)
(1, 19)
(2, 19)
(3, 19)
(4, 19)
(5, 19)
(6, 19)
(7, 19)
(8, 19)
(9, 19)
kaikki ok
Reitin pituus: 9
(15, 17)
(14, 17)
(14, 16)
(14, 15)
(14, 14)
(14, 13)
(14, 12)
(14, 11)
(14, 10)
(14, 9)
kaikki ok
Reitin pituus: 26
(17, 2)
(17, 3)
(17, 4)
(17, 5)
(16, 5)
(15, 5)
(14, 5)
(14, 6)
(14, 7)
(14, 8)
(14, 9)
(14, 10)
(14, 11)
(14, 12)
(14, 13)
(14, 14)
(14, 15)
(13, 15)
(12, 15)
(12, 16)
(12, 17)
(11, 17)
(10, 17)
(10, 18)
(10, 19)
(11, 19)
(12, 19)
kaikki ok
Reitin pituus: 13
(16, 5)
(15, 5)
(14, 5)
(14, 6)
(14, 7)
(14, 8)
(14, 9)
(13, 9)
(12, 9)
(12, 10)
(12, 11)
(12, 12)
(12, 13)
(11, 13)
kaikki ok
Reitin pituus: 0
(16, 3)
kaikki ok
Reitin pituus: 11
(16, 16)
(16, 17)
(15, 17)
(14, 17)
(14, 16)
(14, 15)
(13, 15)
(12, 15)
(12, 16)
(12, 17)
(11, 17)
(10, 17)
kaikki ok
Reitin pituus: 13
(10, 2)
(10, 3)
(11, 3)
(12, 3)
(13, 3)
(14, 3)
(14, 4)
(14, 5)
(14, 6)
(14, 7)
(14, 8)
(14, 9)
(14, 10)
(14, 11)
kaikki ok
Reitin pituus: 26
(6, 19)
(7, 19)
(8, 19)
(8, 18)
(8, 17)
(7, 17)
(6, 17)
(6, 16)
(6, 15)
(5, 15)
(4, 15)
(4, 14)
(4, 13)
(4, 12)
(4, 11)
(4, 10)
(4, 9)
(4, 8)
(4, 7)
(4, 6)
(4, 5)
(3, 5)
(2, 5)
(1, 5)
(1, 4)
(1, 3)
(1, 2)
kaikki ok
Reitin pituus: 10
(6, 9)
(6, 10)
(6, 11)
(7, 11)
(8, 11)
(9, 11)
(10, 11)
(11, 11)
(12, 11)
(12, 10)
(12, 9)
kaikki ok
Reitin pituus: 11
(5, 15)
(4, 15)
(4, 14)
(4, 13)
(5, 13)
(6, 13)
(6, 12)
(6, 11)
(6, 10)
(6, 9)
(6, 8)
(6, 7)
kaikki ok
Reitin pituus: 11
(10, 5)
(10, 6)
(10, 7)
(11, 7)
(12, 7)
(12, 8)
(12, 9)
(12, 10)
(12, 11)
(11, 11)
(10, 11)
(9, 11)
kaikki ok
Reitin pituus: 11
(1, 19)
(2, 19)
(3, 19)
(4, 19)
(5, 19)
(6, 19)
(7, 19)
(8, 19)
(9, 19)
(10, 19)
(11, 19)
(12, 19)
kaikki ok
Reitin pituus: 17
(12, 13)
(13, 13)
(14, 13)
(14, 12)
(14, 11)
(14, 10)
(14, 9)
(14, 8)
(14, 7)
(14, 6)
(14, 5)
(14, 4)
(14, 3)
(13, 3)
(12, 3)
(11, 3)
(10, 3)
(9, 3)
kaikki ok
Reitin pituus: 24
(7, 13)
(6, 13)
(6, 12)
(6, 11)
(7, 11)
(8, 11)
(9, 11)
(10, 11)
(11, 11)
(12, 11)
(12, 10)
(12, 9)
(13, 9)
(14, 9)
(14, 8)
(14, 7)
(14, 6)
(14, 5)
(14, 4)
(14, 3)
(15, 3)
(16, 3)
(17, 3)
(17, 2)
(17, 1)
kaikki ok
Reitin pituus: 15
(6, 12)
(6, 11)
(6, 10)
(6, 9)
(5, 9)
(4, 9)
(4, 8)
(4, 7)
(4, 6)
(4, 5)
(3, 5)
(2, 5)
(1, 5)
(1, 4)
(1, 3)
(1, 2)
kaikki ok
Reitin pituus: 17
(16, 1)
(15, 1)
(14, 1)
(14, 2)
(14, 3)
(14, 4)
(14, 5)
(14, 6)
(14, 7)
(14, 8)
(14, 9)
(14, 10)
(14, 11)
(14, 12)
(14, 13)
(14, 14)
(14, 15)
(14, 16)
kaikki ok
Reitin pituus: 5
(12, 3)
(13, 3)
(14, 3)
(14, 4)
(14, 5)
(14, 6)
kaikki ok
Reitin pituus: 23
(16, 1)
(15, 1)
(14, 1)
(14, 2)
(14, 3)
(13, 3)
(12, 3)
(12, 4)
(12, 5)
(11, 5)
(10, 5)
(10, 6)
(10, 7)
(9, 7)
(8, 7)
(7, 7)
(6, 7)
(6, 8)
(6, 9)
(6, 10)
(6, 11)
(6, 12)
(6, 13)
(5, 13)
kaikki ok
Reitin pituus: 17
(4, 17)
(4, 16)
(4, 15)
(5, 15)
(6, 15)
(7, 15)
(8, 15)
(9, 15)
(10, 15)
(11, 15)
(12, 15)
(13, 15)
(14, 15)
(14, 16)
(14, 17)
(15, 17)
(16, 17)
(16, 16)
kaikki ok
Reitin pituus: 20
(14, 8)
(14, 9)
(13, 9)
(12, 9)
(12, 10)
(12, 11)
(11, 11)
(10, 11)
(9, 11)
(8, 11)
(7, 11)
(6, 11)
(6, 12)
(6, 13)
(5, 13)
(4, 13)
(4, 14)
(4, 15)
(4, 16)
(4, 17)
(3, 17)
kaikki ok
Reitin pituus: 10
(1, 3)
(2, 3)
(3, 3)
(4, 3)
(5, 3)
(6, 3)
(7, 3)
(8, 3)
(9, 3)
(10, 3)
(10, 2)
kaikki ok
Reitin pituus: 24
(4, 3)
(4, 4)
(4, 5)
(4, 6)
(4, 7)
(4, 8)
(4, 9)
(4, 10)
(4, 11)
(4, 12)
(4, 13)
(4, 14)
(4, 15)
(5, 15)
(6, 15)
(6, 16)
(6, 17)
(7, 17)
(8, 17)
(8, 18)
(8, 19)
(9, 19)
(10, 19)
(10, 18)
(10, 17)
kaikki ok
Reitin pituus: 28
(17, 5)
(16, 5)
(15, 5)
(14, 5)
(14, 6)
(14, 7)
(14, 8)
(14, 9)
(13, 9)
(12, 9)
(12, 10)
(12, 11)
(11, 11)
(10, 11)
(9, 11)
(8, 11)
(7, 11)
(6, 11)
(6, 12)
(6, 13)
(5, 13)
(4, 13)
(4, 14)
(4, 15)
(4, 16)
(4, 17)
(3, 17)
(2, 17)
(2, 16)
kaikki ok
Reitin pituus: 18
(17, 14)
(17, 13)
(16, 13)
(15, 13)
(14, 13)
(14, 12)
(14, 11)
(14, 10)
(14, 9)
(14, 8)
(14, 7)
(14, 6)
(14, 5)
(14, 4)
(14, 3)
(13, 3)
(12, 3)
(12, 4)
(12, 5)
kaikki ok
Reitin pituus: 11
(6, 8)
(6, 7)
(7, 7)
(8, 7)
(9, 7)
(10, 7)
(10, 6)
(10, 5)
(11, 5)
(12, 5)
(12, 4)
(12, 3)
kaikki ok
Reitin pituus: 20
(4, 8)
(4, 7)
(4, 6)
(4, 5)
(4, 4)
(4, 3)
(5, 3)
(6, 3)
(7, 3)
(8, 3)
(9, 3)
(10, 3)
(11, 3)
(12, 3)
(13, 3)
(14, 3)
(14, 4)
(14, 5)
(15, 5)
(16, 5)
(17, 5)
kaikki ok
Reitin pituus: 13
(4, 2)
(4, 3)
(4, 4)
(4, 5)
(4, 6)
(4, 7)
(4, 8)
(4, 9)
(5, 9)
(6, 9)
(6, 10)
(6, 11)
(7, 11)
(8, 11)
kaikki ok
Reitin pituus: 11
(9, 8)
(9, 7)
(10, 7)
(11, 7)
(12, 7)
(12, 8)
(12, 9)
(12, 10)
(12, 11)
(12, 12)
(12, 13)
(13, 13)
kaikki ok
Reitin pituus: 18
(1, 18)
(1, 17)
(2, 17)
(3, 17)
(4, 17)
(4, 16)
(4, 15)
(4, 14)
(4, 13)
(4, 12)
(4, 11)
(4, 10)
(4, 9)
(4, 8)
(4, 7)
(4, 6)
(4, 5)
(3, 5)
(2, 5)
kaikki ok
Reitin pituus: 10
(5, 13)
(6, 13)
(7, 13)
(8, 13)
(8, 14)
(8, 15)
(9, 15)
(10, 15)
(10, 14)
(10, 13)
(11, 13)
kaikki ok
Reitin pituus: 15
(14, 17)
(14, 16)
(14, 15)
(13, 15)
(12, 15)
(11, 15)
(10, 15)
(9, 15)
(8, 15)
(8, 14)
(8, 13)
(7, 13)
(6, 13)
(5, 13)
(4, 13)
(4, 12)
kaikki ok
Reitin pituus: 18
(4, 12)
(4, 13)
(5, 13)
(6, 13)
(7, 13)
(8, 13)
(8, 14)
(8, 15)
(9, 15)
(10, 15)
(11, 15)
(12, 15)
(13, 15)
(14, 15)
(14, 16)
(14, 17)
(15, 17)
(16, 17)
(17, 17)
kaikki ok
Reitin pituus: 11
(4, 10)
(4, 11)
(4, 12)
(4, 13)
(5, 13)
(6, 13)
(7, 13)
(8, 13)
(8, 14)
(8, 15)
(9, 15)
(10, 15)
kaikki ok
Reitin pituus: 19
(15, 17)
(14, 17)
(14, 16)
(14, 15)
(14, 14)
(14, 13)
(13, 13)
(12, 13)
(12, 12)
(12, 11)
(12, 10)
(12, 9)
(12, 8)
(12, 7)
(11, 7)
(10, 7)
(9, 7)
(9, 8)
(9, 9)
(10, 9)
kaikki ok
Reitin pituus: 5
(12, 13)
(11, 13)
(10, 13)
(10, 14)
(10, 15)
(9, 15)
kaikki ok
Reitin pituus: 18
(6, 17)
(6, 16)
(6, 15)
(5, 15)
(4, 15)
(4, 14)
(4, 13)
(4, 12)
(4, 11)
(4, 10)
(4, 9)
(4, 8)
(4, 7)
(4, 6)
(4, 5)
(4, 4)
(4, 3)
(3, 3)
(2, 3)
kaikki ok
Reitin pituus: 1
(5, 19)
(4, 19)
kaikki ok
Reitin pituus: 22
(11, 1)
(12, 1)
(13, 1)
(14, 1)
(14, 2)
(14, 3)
(14, 4)
(14, 5)
(14, 6)
(14, 7)
(14, 8)
(14, 9)
(14, 10)
(14, 11)
(14, 12)
(14, 13)
(14, 14)
(14, 15)
(13, 15)
(12, 15)
(12, 16)
(12, 17)
(11, 17)
kaikki ok
Reitin pituus: 20
(1, 14)
(1, 13)
(2, 13)
(3, 13)
(4, 13)
(4, 14)
(4, 15)
(5, 15)
(6, 15)
(6, 16)
(6, 17)
(7, 17)
(8, 17)
(8, 18)
(8, 19)
(9, 19)
(10, 19)
(11, 19)
(12, 19)
(13, 19)
(14, 19)
kaikki ok
Reitin pituus: 7
(7, 11)
(6, 11)
(6, 12)
(6, 13)
(7, 13)
(8, 13)
(8, 14)
(8, 15)
kaikki ok
Reitin pituus: 7
(6, 4)
(6, 3)
(5, 3)
(4, 3)
(4, 2)
(4, 1)
(3, 1)
(2, 1)
kaikki ok
Reitin pituus: 9
(6, 5)
(6, 4)
(6, 3)
(7, 3)
(8, 3)
(9, 3)
(10, 3)
(11, 3)
(12, 3)
(12, 4)
kaikki ok
Reitin pituus: 14
(14, 10)
(14, 9)
(13, 9)
(12, 9)
(12, 10)
(12, 11)
(11, 11)
(10, 11)
(9, 11)
(8, 11)
(7, 11)
(6, 11)
(6, 10)
(6, 9)
(5, 9)
kaikki ok
Reitin pituus: 24
(15, 3)
(14, 3)
(14, 4)
(14, 5)
(14, 6)
(14, 7)
(14, 8)
(14, 9)
(14, 10)
(14, 11)
(14, 12)
(14, 13)
(14, 14)
(14, 15)
(13, 15)
(12, 15)
(12, 16)
(12, 17)
(11, 17)
(10, 17)
(10, 18)
(10, 19)
(9, 19)
(8, 19)
(7, 19)
kaikki ok
Reitin pituus: 28
(15, 3)
(14, 3)
(13, 3)
(12, 3)
(12, 4)
(12, 5)
(11, 5)
(10, 5)
(10, 6)
(10, 7)
(9, 7)
(8, 7)
(7, 7)
(6, 7)
(6, 8)
(6, 9)
(5, 9)
(4, 9)
(4, 10)
(4, 11)
(4, 12)
(4, 13)
(3, 13)
(2, 13)
(1, 13)
(1, 14)
(1, 15)
(2, 15)
(2, 16)
kaikki ok
Reitin pituus: 17
(15, 5)
(14, 5)
(14, 4)
(14, 3)
(13, 3)
(12, 3)
(11, 3)
(10, 3)
(9, 3)
(8, 3)
(7, 3)
(6, 3)
(5, 3)
(4, 3)
(4, 4)
(4, 5)
(3, 5)
(2, 5)
kaikki ok
Reitin pituus: 13
(6, 4)
(6, 3)
(7, 3)
(8, 3)
(9, 3)
(10, 3)
(11, 3)
(12, 3)
(13, 3)
(14, 3)
(14, 4)
(14, 5)
(14, 6)
(14, 7)
kaikki ok
Reitin pituus: 6
(3, 13)
(4, 13)
(4, 12)
(4, 11)
(4, 10)
(4, 9)
(5, 9)
kaikki ok
Reitin pituus: 20
(14, 11)
(14, 12)
(14, 13)
(13, 13)
(12, 13)
(11, 13)
(10, 13)
(10, 14)
(10, 15)
(9, 15)
(8, 15)
(7, 15)
(6, 15)
(5, 15)
(4, 15)
(4, 16)
(4, 17)
(3, 17)
(2, 17)
(2, 16)
(2, 15)
kaikki ok
Reitin pituus: 8
(10, 3)
(9, 3)
(8, 3)
(7, 3)
(6, 3)
(5, 3)
(4, 3)
(4, 4)
(4, 5)
kaikki ok
Reitin pituus: 15
(17, 19)
(16, 19)
(15, 19)
(14, 19)
(13, 19)
(12, 19)
(11, 19)
(10, 19)
(9, 19)
(8, 19)
(7, 19)
(6, 19)
(5, 19)
(4, 19)
(3, 19)
(2, 19)
kaikki ok
Reitin pituus: 32
(2, 1)
(3, 1)
(4, 1)
(4, 2)
(4, 3)
(4, 4)
(4, 5)
(4, 6)
(4, 7)
(4, 8)
(4, 9)
(4, 10)
(4, 11)
(4, 12)
(4, 13)
(4, 14)
(4, 15)
(5, 15)
(6, 15)
(6, 16)
(6, 17)
(7, 17)
(8, 17)
(8, 18)
(8, 19)
(9, 19)
(10, 19)
(11, 19)
(12, 19)
(13, 19)
(14, 19)
(15, 19)
(16, 19)
kaikki ok
Reitin pituus: 7
(12, 9)
(12, 8)
(12, 7)
(11, 7)
(10, 7)
(9, 7)
(8, 7)
(7, 7)
kaikki ok
Reitin pituus: 19
(6, 3)
(6, 4)
(6, 5)
(7, 5)
(8, 5)
(8, 6)
(8, 7)
(9, 7)
(10, 7)
(11, 7)
(12, 7)
(12, 8)
(12, 9)
(13, 9)
(14, 9)
(14, 10)
(14, 11)
(14, 12)
(14, 13)
(15, 13)
kaikki ok
Reitin pituus: 27
(5, 19)
(6, 19)
(7, 19)
(8, 19)
(9, 19)
(10, 19)
(10, 18)
(10, 17)
(11, 17)
(12, 17)
(12, 16)
(12, 15)
(13, 15)
(14, 15)
(14, 14)
(14, 13)
(14, 12)
(14, 11)
(14, 10)
(14, 9)
(14, 8)
(14, 7)
(14, 6)
(14, 5)
(15, 5)
(16, 5)
(17, 5)
(17, 4)
kaikki ok
Reitin pituus: 17
(4, 8)
(4, 9)
(4, 10)
(4, 11)
(4, 12)
(4, 13)
(4, 14)
(4, 15)
(4, 16)
(4, 17)
(3, 17)
(2, 17)
(1, 17)
(1, 18)
(1, 19)
(2, 19)
(3, 19)
(4, 19)
kaikki ok
Reitin pituus: 13
(4, 12)
(4, 11)
(4, 10)
(4, 9)
(5, 9)
(6, 9)
(6, 8)
(6, 7)
(7, 7)
(8, 7)
(9, 7)
(9, 8)
(9, 9)
(10, 9)
kaikki ok
Reitin pituus: 13
(1, 4)
(1, 3)
(2, 3)
(3, 3)
(4, 3)
(5, 3)
(6, 3)
(7, 3)
(8, 3)
(9, 3)
(10, 3)
(11, 3)
(12, 3)
(13, 3)
kaikki ok
Reitin pituus: 16
(8, 11)
(7, 11)
(6, 11)
(6, 10)
(6, 9)
(5, 9)
(4, 9)
(4, 8)
(4, 7)
(4, 6)
(4, 5)
(4, 4)
(4, 3)
(5, 3)
(6, 3)
(7, 3)
(8, 3)
kaikki ok
Reitin pituus: 13
(17, 5)
(16, 5)
(15, 5)
(14, 5)
(14, 6)
(14, 7)
(14, 8)
(14, 9)
(14, 10)
(14, 11)
(14, 12)
(14, 13)
(15, 13)
(16, 13)
kaikki ok
Reitin pituus: 6
(8, 15)
(8, 14)
(8, 13)
(7, 13)
(6, 13)
(6, 12)
(6, 11)
kaikki ok
Reitin pituus: 20
(4, 4)
(4, 5)
(4, 6)
(4, 7)
(4, 8)
(4, 9)
(5, 9)
(6, 9)
(6, 10)
(6, 11)
(7, 11)
(8, 11)
(9, 11)
(10, 11)
(11, 11)
(12, 11)
(12, 12)
(12, 13)
(13, 13)
(14, 13)
(15, 13)
kaikki ok
Reitin pituus: 17
(14, 19)
(13, 19)
(12, 19)
(11, 19)
(10, 19)
(9, 19)
(8, 19)
(8, 18)
(8, 17)
(7, 17)
(6, 17)
(6, 16)
(6, 15)
(5, 15)
(4, 15)
(4, 14)
(4, 13)
(3, 13)
kaikki ok
Reitin pituus: 9
(5, 13)
(6, 13)
(7, 13)
(8, 13)
(8, 14)
(8, 15)
(9, 15)
(10, 15)
(10, 14)
(10, 13)
kaikki ok
Reitin pituus: 23
(16, 3)
(15, 3)
(14, 3)
(14, 4)
(14, 5)
(14, 6)
(14, 7)
(14, 8)
(14, 9)
(13, 9)
(12, 9)
(12, 10)
(12, 11)
(12, 12)
(12, 13)
(11, 13)
(10, 13)
(10, 14)
(10, 15)
(9, 15)
(8, 15)
(7, 15)
(6, 15)
(6, 16)
kaikki ok
Reitin pituus: 16
(4, 8)
(4, 9)
(4, 10)
(4, 11)
(4, 12)
(4, 13)
(4, 14)
(4, 15)
(5, 15)
(6, 15)
(7, 15)
(8, 15)
(9, 15)
(10, 15)
(11, 15)
(12, 15)
(12, 16)
kaikki ok
Reitin pituus: 17
(17, 13)
(16, 13)
(15, 13)
(14, 13)
(13, 13)
(12, 13)
(12, 12)
(12, 11)
(11, 11)
(10, 11)
(9, 11)
(8, 11)
(7, 11)
(6, 11)
(6, 12)
(6, 13)
(5, 13)
(4, 13)
kaikki ok
Reitin pituus: 18
(4, 7)
(4, 6)
(4, 5)
(4, 4)
(4, 3)
(5, 3)
(6, 3)
(7, 3)
(8, 3)
(9, 3)
(10, 3)
(11, 3)
(12, 3)
(13, 3)
(14, 3)
(15, 3)
(16, 3)
(17, 3)
(17, 2)
kaikki ok
Reitin pituus: 20
(14, 17)
(14, 16)
(14, 15)
(14, 14)
(14, 13)
(13, 13)
(12, 13)
(12, 12)
(12, 11)
(12, 10)
(12, 9)
(12, 8)
(12, 7)
(11, 7)
(10, 7)
(9, 7)
(8, 7)
(8, 6)
(8, 5)
(7, 5)
(6, 5)
kaikki ok
Reitin pituus: 7
(4, 4)
(4, 3)
(5, 3)
(6, 3)
(7, 3)
(8, 3)
(9, 3)
(10, 3)
kaikki ok
Reitin pituus: 10
(17, 1)
(17, 2)
(17, 3)
(17, 4)
(17, 5)
(16, 5)
(15, 5)
(14, 5)
(14, 6)
(14, 7)
(14, 8)
kaikki ok
Reitin pituus: 31
(2, 16)
(2, 17)
(3, 17)
(4, 17)
(4, 16)
(4, 15)
(5, 15)
(6, 15)
(7, 15)
(8, 15)
(9, 15)
(10, 15)
(11, 15)
(12, 15)
(13, 15)
(14, 15)
(14, 14)
(14, 13)
(14, 12)
(14, 11)
(14, 10)
(14, 9)
(14, 8)
(14, 7)
(14, 6)
(14, 5)
(14, 4)
(14, 3)
(14, 2)
(14, 1)
(15, 1)
(16, 1)
kaikki ok
Reitin pituus: 29
(17, 2)
(17, 3)
(16, 3)
(15, 3)
(14, 3)
(13, 3)
(12, 3)
(11, 3)
(10, 3)
(9, 3)
(8, 3)
(7, 3)
(6, 3)
(5, 3)
(4, 3)
(4, 4)
(4, 5)
(4, 6)
(4, 7)
(4, 8)
(4, 9)
(4, 10)
(4, 11)
(4, 12)
(4, 13)
(3, 13)
(2, 13)
(1, 13)
(1, 14)
(1, 15)
kaikki ok
Reitin pituus: 9
(14, 10)
(14, 9)
(14, 8)
(14, 7)
(14, 6)
(14, 5)
(14, 4)
(14, 3)
(14, 2)
(14, 1)
kaikki ok
Reitin pituus: 13
(11, 1)
(10, 1)
(10, 2)
(10, 3)
(9, 3)
(8, 3)
(7, 3)
(6, 3)
(5, 3)
(4, 3)
(3, 3)
(2, 3)
(1, 3)
(1, 2)
kaikki ok
Reitin pituus: 17
(2, 17)
(3, 17)
(4, 17)
(4, 16)
(4, 15)
(5, 15)
(6, 15)
(7, 15)
(8, 15)
(9, 15)
(10, 15)
(10, 14)
(10, 13)
(11, 13)
(12, 13)
(12, 12)
(12, 11)
(12, 10)
kaikki ok
Reitin pituus: 12
(15, 3)
(14, 3)
(14, 4)
(14, 5)
(14, 6)
(14, 7)
(14, 8)
(14, 9)
(14, 10)
(14, 11)
(14, 12)
(14, 13)
(13, 13)
kaikki ok
Reitin pituus: 6
(8, 13)
(8, 14)
(8, 15)
(9, 15)
(10, 15)
(10, 14)
(10, 13)
kaikki ok
Reitin pituus: 12
(3, 13)
(4, 13)
(4, 14)
(4, 15)
(5, 15)
(6, 15)
(7, 15)
(8, 15)
(9, 15)
(10, 15)
(10, 14)
(10, 13)
(11, 13)
kaikki ok
Reitin pituus: 13
(14, 11)
(14, 10)
(14, 9)
(14, 8)
(14, 7)
(14, 6)
(14, 5)
(14, 4)
(14, 3)
(14, 2)
(14, 1)
(13, 1)
(12, 1)
(11, 1)
kaikki ok
Reitin pituus: 6
(6, 13)
(5, 13)
(4, 13)
(3, 13)
(2, 13)
(1, 13)
(1, 14)
kaikki ok
Reitin pituus: 1
(4, 3)
(5, 3)
kaikki ok
Reitin pituus: 10
(4, 8)
(4, 7)
(4, 6)
(4, 5)
(4, 4)
(4, 3)
(5, 3)
(6, 3)
(7, 3)
(8, 3)
(8, 2)
kaikki ok
Reitin pituus: 1
(10, 3)
(9, 3)
kaikki ok
Reitin pituus: 18
(10, 3)
(9, 3)
(8, 3)
(7, 3)
(6, 3)
(6, 4)
(6, 5)
(7, 5)
(8, 5)
(8, 6)
(8, 7)
(7, 7)
(6, 7)
(6, 8)
(6, 9)
(6, 10)
(6, 11)
(6, 12)
(6, 13)
kaikki ok
Reitin pituus: 8
(14, 11)
(14, 10)
(14, 9)
(13, 9)
(12, 9)
(12, 8)
(12, 7)
(11, 7)
(10, 7)
kaikki ok
Reitin pituus: 15
(1, 13)
(2, 13)
(3, 13)
(4, 13)
(4, 12)
(4, 11)
(4, 10)
(4, 9)
(5, 9)
(6, 9)
(6, 8)
(6, 7)
(7, 7)
(8, 7)
(9, 7)
(10, 7)
kaikki ok
Reitin pituus: 13
(11, 13)
(10, 13)
(10, 14)
(10, 15)
(9, 15)
(8, 15)
(7, 15)
(6, 15)
(5, 15)
(4, 15)
(4, 14)
(4, 13)
(3, 13)
(2, 13)
kaikki ok
Reitin pituus: 10
(8, 5)
(8, 6)
(8, 7)
(7, 7)
(6, 7)
(6, 8)
(6, 9)
(5, 9)
(4, 9)
(4, 10)
(4, 11)
kaikki ok
Reitin pituus: 17
(10, 17)
(11, 17)
(12, 17)
(12, 16)
(12, 15)
(11, 15)
(10, 15)
(10, 14)
(10, 13)
(11, 13)
(12, 13)
(12, 12)
(12, 11)
(12, 10)
(12, 9)
(12, 8)
(12, 7)
(11, 7)
kaikki ok
Reitin pituus: 6
(14, 8)
(14, 9)
(13, 9)
(12, 9)
(12, 10)
(12, 11)
(11, 11)
kaikki ok
Reitin pituus: 14
(6, 8)
(6, 7)
(7, 7)
(8, 7)
(9, 7)
(10, 7)
(11, 7)
(12, 7)
(12, 8)
(12, 9)
(13, 9)
(14, 9)
(14, 10)
(14, 11)
(14, 12)
kaikki ok
Reitin pituus: 10
(17, 14)
(17, 13)
(16, 13)
(15, 13)
(14, 13)
(13, 13)
(12, 13)
(12, 12)
(12, 11)
(11, 11)
(10, 11)
kaikki ok
Reitin pituus: 11
(6, 8)
(6, 9)
(5, 9)
(4, 9)
(4, 10)
(4, 11)
(4, 12)
(4, 13)
(4, 14)
(4, 15)
(4, 16)
(4, 17)
kaikki ok
Reitin pituus: 12
(14, 2)
(14, 3)
(13, 3)
(12, 3)
(11, 3)
(10, 3)
(9, 3)
(8, 3)
(7, 3)
(6, 3)
(5, 3)
(4, 3)
(3, 3)
kaikki ok
Reitin pituus: 8
(5, 3)
(6, 3)
(6, 4)
(6, 5)
(7, 5)
(8, 5)
(8, 6)
(8, 7)
(9, 7)
kaikki ok
Reitin pituus: 13
(8, 13)
(7, 13)
(6, 13)
(6, 12)
(6, 11)
(6, 10)
(6, 9)
(6, 8)
(6, 7)
(7, 7)
(8, 7)
(8, 6)
(8, 5)
(7, 5)
kaikki ok
Reitin pituus: 16
(9, 15)
(10, 15)
(10, 14)
(10, 13)
(11, 13)
(12, 13)
(12, 12)
(12, 11)
(12, 10)
(12, 9)
(13, 9)
(14, 9)
(14, 8)
(14, 7)
(14, 6)
(14, 5)
(15, 5)
kaikki ok
Reitin pituus: 20
(1, 5)
(2, 5)
(3, 5)
(4, 5)
(4, 6)
(4, 7)
(4, 8)
(4, 9)
(4, 10)
(4, 11)
(4, 12)
(4, 13)
(4, 14)
(4, 15)
(4, 16)
(4, 17)
(3, 17)
(2, 17)
(1, 17)
(1, 18)
(1, 19)
kaikki ok
Reitin pituus: 7
(12, 10)
(12, 9)
(12, 8)
(12, 7)
(11, 7)
(10, 7)
(10, 6)
(10, 5)
kaikki ok
Reitin pituus: 19
(7, 17)
(6, 17)
(6, 16)
(6, 15)
(5, 15)
(4, 15)
(4, 14)
(4, 13)
(4, 12)
(4, 11)
(4, 10)
(4, 9)
(4, 8)
(4, 7)
(4, 6)
(4, 5)
(3, 5)
(2, 5)
(1, 5)
(1, 4)
kaikki ok
Reitin pituus: 1
(13, 13)
(14, 13)
kaikki ok
Reitin pituus: 1
(17, 3)
(17, 4)
kaikki ok
Reitin pituus: 13
(17, 15)
(16, 15)
(16, 16)
(16, 17)
(15, 17)
(14, 17)
(14, 16)
(14, 15)
(13, 15)
(12, 15)
(12, 16)
(12, 17)
(11, 17)
(10, 17)
kaikki ok
Reitin pituus: 10
(7, 15)
(8, 15)
(9, 15)
(10, 15)
(10, 14)
(10, 13)
(11, 13)
(12, 13)
(12, 12)
(12, 11)
(12, 10)
kaikki ok
Reitin pituus: 12
(17, 15)
(16, 15)
(16, 16)
(16, 17)
(15, 17)
(14, 17)
(14, 16)
(14, 15)
(13, 15)
(12, 15)
(11, 15)
(10, 15)
(9, 15)
kaikki ok
Reitin pituus: 14
(17, 18)
(17, 17)
(16, 17)
(15, 17)
(14, 17)
(14, 16)
(14, 15)
(14, 14)
(14, 13)
(14, 12)
(14, 11)
(14, 10)
(14, 9)
(14, 8)
(14, 7)
kaikki ok
Reitin pituus: 11
(10, 5)
(10, 6)
(10, 7)
(11, 7)
(12, 7)
(12, 8)
(12, 9)
(13, 9)
(14, 9)
(14, 10)
(14, 11)
(14, 12)
kaikki ok
Reitin pituus: 24
(3, 19)
(2, 19)
(1, 19)
(1, 18)
(1, 17)
(2, 17)
(3, 17)
(4, 17)
(4, 16)
(4, 15)
(4, 14)
(4, 13)
(4, 12)
(4, 11)
(4, 10)
(4, 9)
(5, 9)
(6, 9)
(6, 8)
(6, 7)
(7, 7)
(8, 7)
(9, 7)
(10, 7)
(10, 6)
kaikki ok
Reitin pituus: 11
(8, 19)
(9, 19)
(10, 19)
(10, 18)
(10, 17)
(11, 17)
(12, 17)
(12, 16)
(12, 15)
(13, 15)
(14, 15)
(14, 16)
kaikki ok
Reitin pituus: 13
(14, 3)
(14, 4)
(14, 5)
(14, 6)
(14, 7)
(14, 8)
(14, 9)
(13, 9)
(12, 9)
(12, 10)
(12, 11)
(12, 12)
(12, 13)
(11, 13)
kaikki ok
Reitin pituus: 9
(10, 7)
(10, 6)
(10, 5)
(11, 5)
(12, 5)
(12, 4)
(12, 3)
(11, 3)
(10, 3)
(10, 2)
kaikki ok
Reitin pituus: 12
(12, 9)
(13, 9)
(14, 9)
(14, 8)
(14, 7)
(14, 6)
(14, 5)
(14, 4)
(14, 3)
(14, 2)
(14, 1)
(13, 1)
(12, 1)
kaikki ok
Reitin pituus: 12
(4, 2)
(4, 3)
(5, 3)
(6, 3)
(7, 3)
(8, 3)
(9, 3)
(10, 3)
(11, 3)
(12, 3)
(12, 4)
(12, 5)
(11, 5)
kaikki ok
Reitin pituus: 27
(4, 16)
(4, 15)
(5, 15)
(6, 15)
(7, 15)
(8, 15)
(9, 15)
(10, 15)
(10, 14)
(10, 13)
(11, 13)
(12, 13)
(12, 12)
(12, 11)
(12, 10)
(12, 9)
(13, 9)
(14, 9)
(14, 8)
(14, 7)
(14, 6)
(14, 5)
(14, 4)
(14, 3)
(15, 3)
(16, 3)
(17, 3)
(17, 2)
kaikki ok
Reitin pituus: 19
(1, 1)
(2, 1)
(3, 1)
(4, 1)
(5, 1)
(6, 1)
(7, 1)
(8, 1)
(8, 2)
(8, 3)
(9, 3)
(10, 3)
(11, 3)
(12, 3)
(13, 3)
(14, 3)
(15, 3)
(16, 3)
(17, 3)
(17, 4)
kaikki ok
Reitin pituus: 7
(1, 1)
(1, 2)
(1, 3)
(1, 4)
(1, 5)
(2, 5)
(3, 5)
(4, 5)
kaikki ok
Reitin pituus: 15
(8, 1)
(7, 1)
(6, 1)
(5, 1)
(4, 1)
(4, 2)
(4, 3)
(4, 4)
(4, 5)
(4, 6)
(4, 7)
(4, 8)
(4, 9)
(4, 10)
(4, 11)
(4, 12)
kaikki ok
Reitin pituus: 7
(15, 5)
(14, 5)
(14, 4)
(14, 3)
(13, 3)
(12, 3)
(11, 3)
(10, 3)
kaikki ok
Reitin pituus: 16
(17, 4)
(17, 5)
(16, 5)
(15, 5)
(14, 5)
(14, 6)
(14, 7)
(14, 8)
(14, 9)
(14, 10)
(14, 11)
(14, 12)
(14, 13)
(14, 14)
(14, 15)
(14, 16)
(14, 17)
kaikki ok
Reitin pituus: 24
(17, 1)
(17, 2)
(17, 3)
(16, 3)
(15, 3)
(14, 3)
(13, 3)
(12, 3)
(12, 4)
(12, 5)
(11, 5)
(10, 5)
(10, 6)
(10, 7)
(9, 7)
(8, 7)
(7, 7)
(6, 7)
(6, 8)
(6, 9)
(6, 10)
(6, 11)
(6, 12)
(6, 13)
(7, 13)
kaikki ok
Reitin pituus: 18
(8, 13)
(7, 13)
(6, 13)
(5, 13)
(4, 13)
(4, 12)
(4, 11)
(4, 10)
(4, 9)
(4, 8)
(4, 7)
(4, 6)
(4, 5)
(4, 4)
(4, 3)
(4, 2)
(4, 1)
(5, 1)
(6, 1)
kaikki ok
Reitin pituus: 26
(7, 19)
(8, 19)
(9, 19)
(10, 19)
(10, 18)
(10, 17)
(11, 17)
(12, 17)
(12, 16)
(12, 15)
(13, 15)
(14, 15)
(14, 14)
(14, 13)
(14, 12)
(14, 11)
(14, 10)
(14, 9)
(14, 8)
(14, 7)
(14, 6)
(14, 5)
(14, 4)
(14, 3)
(13, 3)
(12, 3)
(11, 3)
kaikki ok
Reitin pituus: 4
(13, 19)
(14, 19)
(15, 19)
(16, 19)
(17, 19)
kaikki ok
Reitin pituus: 7
(14, 8)
(14, 7)
(14, 6)
(14, 5)
(14, 4)
(14, 3)
(14, 2)
(14, 1)
kaikki ok
Reitin pituus: 4
(13, 9)
(14, 9)
(14, 8)
(14, 7)
(14, 6)
kaikki ok
Reitin pituus: 15
(14, 14)
(14, 13)
(13, 13)
(12, 13)
(12, 12)
(12, 11)
(12, 10)
(12, 9)
(12, 8)
(12, 7)
(11, 7)
(10, 7)
(10, 6)
(10, 5)
(11, 5)
(12, 5)
kaikki ok
Reitin pituus: 25
(10, 19)
(9, 19)
(8, 19)
(8, 18)
(8, 17)
(7, 17)
(6, 17)
(6, 16)
(6, 15)
(5, 15)
(4, 15)
(4, 14)
(4, 13)
(4, 12)
(4, 11)
(4, 10)
(4, 9)
(4, 8)
(4, 7)
(4, 6)
(4, 5)
(4, 4)
(4, 3)
(5, 3)
(6, 3)
(7, 3)
kaikki ok
Reitin pituus: 6
(10, 18)
(10, 19)
(9, 19)
(8, 19)
(7, 19)
(6, 19)
(5, 19)
kaikki ok
Reitin pituus: 11
(4, 6)
(4, 5)
(4, 4)
(4, 3)
(5, 3)
(6, 3)
(7, 3)
(8, 3)
(9, 3)
(10, 3)
(11, 3)
(12, 3)
kaikki ok
Reitin pituus: 17
(5, 3)
(6, 3)
(7, 3)
(8, 3)
(9, 3)
(10, 3)
(11, 3)
(12, 3)
(13, 3)
(14, 3)
(14, 4)
(14, 5)
(14, 6)
(14, 7)
(14, 8)
(14, 9)
(14, 10)
(14, 11)
kaikki ok
Reitin pituus: 3
(6, 10)
(6, 11)
(6, 12)
(6, 13)
kaikki ok
Reitin pituus: 19
(8, 13)
(7, 13)
(6, 13)
(5, 13)
(4, 13)
(4, 12)
(4, 11)
(4, 10)
(4, 9)
(4, 8)
(4, 7)
(4, 6)
(4, 5)
(4, 4)
(4, 3)
(4, 2)
(4, 1)
(3, 1)
(2, 1)
(1, 1)
kaikki ok
Reitin pituus: 14
(3, 17)
(4, 17)
(4, 16)
(4, 15)
(5, 15)
(6, 15)
(7, 15)
(8, 15)
(9, 15)
(10, 15)
(11, 15)
(12, 15)
(12, 16)
(12, 17)
(11, 17)
kaikki ok
Reitin pituus: 10
(14, 4)
(14, 5)
(14, 6)
(14, 7)
(14, 8)
(14, 9)
(13, 9)
(12, 9)
(12, 10)
(12, 11)
(11, 11)
kaikki ok
Reitin pituus: 28
(12, 19)
(11, 19)
(10, 19)
(9, 19)
(8, 19)
(8, 18)
(8, 17)
(7, 17)
(6, 17)
(6, 16)
(6, 15)
(5, 15)
(4, 15)
(4, 14)
(4, 13)
(4, 12)
(4, 11)
(4, 10)
(4, 9)
(4, 8)
(4, 7)
(4, 6)
(4, 5)
(4, 4)
(4, 3)
(4, 2)
(4, 1)
(3, 1)
(2, 1)
kaikki ok
Reitin pituus: 16
(16, 13)
(15, 13)
(14, 13)
(13, 13)
(12, 13)
(12, 12)
(12, 11)
(12, 10)
(12, 9)
(12, 8)
(12, 7)
(11, 7)
(10, 7)
(9, 7)
(9, 8)
(9, 9)
(8, 9)
kaikki ok
Reitin pituus: 17
(6, 11)
(6, 10)
(6, 9)
(6, 8)
(6, 7)
(7, 7)
(8, 7)
(9, 7)
(10, 7)
(10, 6)
(10, 5)
(11, 5)
(12, 5)
(12, 4)
(12, 3)
(11, 3)
(10, 3)
(10, 2)
kaikki ok
Reitin pituus: 19
(15, 19)
(16, 19)
(17, 19)
(17, 18)
(17, 17)
(16, 17)
(15, 17)
(14, 17)
(14, 16)
(14, 15)
(14, 14)
(14, 13)
(14, 12)
(14, 11)
(14, 10)
(14, 9)
(14, 8)
(14, 7)
(14, 6)
(14, 5)
kaikki ok
Reitin pituus: 18
(5, 13)
(6, 13)
(7, 13)
(8, 13)
(8, 14)
(8, 15)
(9, 15)
(10, 15)
(11, 15)
(12, 15)
(13, 15)
(14, 15)
(14, 16)
(14, 17)
(15, 17)
(16, 17)
(17, 17)
(17, 18)
(17, 19)
kaikki ok
Reitin pituus: 19
(16, 15)
(17, 15)
(17, 14)
(17, 13)
(16, 13)
(15, 13)
(14, 13)
(14, 12)
(14, 11)
(14, 10)
(14, 9)
(14, 8)
(14, 7)
(14, 6)
(14, 5)
(14, 4)
(14, 3)
(14, 2)
(14, 1)
(15, 1)
kaikki ok
Reitin pituus: 18
(15, 19)
(14, 19)
(13, 19)
(12, 19)
(11, 19)
(10, 19)
(9, 19)
(8, 19)
(7, 19)
(6, 19)
(5, 19)
(4, 19)
(3, 19)
(2, 19)
(1, 19)
(1, 18)
(1, 17)
(2, 17)
(3, 17)
kaikki ok
Reitin pituus: 19
(3, 5)
(4, 5)
(4, 6)
(4, 7)
(4, 8)
(4, 9)
(5, 9)
(6, 9)
(6, 10)
(6, 11)
(6, 12)
(6, 13)
(7, 13)
(8, 13)
(8, 14)
(8, 15)
(9, 15)
(10, 15)
(11, 15)
(12, 15)
kaikki ok
Reitin pituus: 12
(17, 14)
(17, 13)
(16, 13)
(15, 13)
(14, 13)
(13, 13)
(12, 13)
(11, 13)
(10, 13)
(10, 14)
(10, 15)
(9, 15)
(8, 15)
kaikki ok
Reitin pituus: 19
(1, 18)
(1, 17)
(2, 17)
(3, 17)
(4, 17)
(4, 16)
(4, 15)
(4, 14)
(4, 13)
(4, 12)
(4, 11)
(4, 10)
(4, 9)
(4, 8)
(4, 7)
(4, 6)
(4, 5)
(4, 4)
(4, 3)
(4, 2)
kaikki ok
Reitin pituus: 9
(11, 17)
(12, 17)
(12, 16)
(12, 15)
(13, 15)
(14, 15)
(14, 14)
(14, 13)
(15, 13)
(16, 13)
kaikki ok
Reitin pituus: 6
(9, 15)
(10, 15)
(10, 14)
(10, 13)
(11, 13)
(12, 13)
(12, 12)
kaikki ok
Reitin pituus: 17
(1, 3)
(2, 3)
(3, 3)
(4, 3)
(5, 3)
(6, 3)
(7, 3)
(8, 3)
(9, 3)
(10, 3)
(11, 3)
(12, 3)
(13, 3)
(14, 3)
(14, 4)
(14, 5)
(14, 6)
(14, 7)
kaikki ok
Reitin pituus: 15
(9, 19)
(8, 19)
(8, 18)
(8, 17)
(7, 17)
(6, 17)
(6, 16)
(6, 15)
(5, 15)
(4, 15)
(4, 14)
(4, 13)
(4, 12)
(4, 11)
(4, 10)
(4, 9)
kaikki ok
Reitin pituus: 14
(5, 1)
(4, 1)
(4, 2)
(4, 3)
(4, 4)
(4, 5)
(4, 6)
(4, 7)
(4, 8)
(4, 9)
(4, 10)
(4, 11)
(4, 12)
(4, 13)
(4, 14)
kaikki ok
Reitin pituus: 12
(15, 3)
(14, 3)
(13, 3)
(12, 3)
(11, 3)
(10, 3)
(9, 3)
(8, 3)
(7, 3)
(6, 3)
(6, 4)
(6, 5)
(7, 5)
kaikki ok
Reitin pituus: 10
(4, 12)
(4, 13)
(4, 14)
(4, 15)
(5, 15)
(6, 15)
(6, 16)
(6, 17)
(7, 17)
(8, 17)
(8, 18)
kaikki ok
Reitin pituus: 25
(10, 3)
(11, 3)
(12, 3)
(13, 3)
(14, 3)
(14, 4)
(14, 5)
(14, 6)
(14, 7)
(14, 8)
(14, 9)
(14, 10)
(14, 11)
(14, 12)
(14, 13)
(14, 14)
(14, 15)
(14, 16)
(14, 17)
(15, 17)
(16, 17)
(17, 17)
(17, 18)
(17, 19)
(16, 19)
(15, 19)
kaikki ok
Reitin pituus: 17
(7, 11)
(6, 11)
(6, 12)
(6, 13)
(7, 13)
(8, 13)
(8, 14)
(8, 15)
(7, 15)
(6, 15)
(6, 16)
(6, 17)
(7, 17)
(8, 17)
(8, 18)
(8, 19)
(7, 19)
(6, 19)
kaikki ok
Reitin pituus: 11
(5, 1)
(4, 1)
(4, 2)
(4, 3)
(4, 4)
(4, 5)
(4, 6)
(4, 7)
(4, 8)
(4, 9)
(4, 10)
(4, 11)
kaikki ok
Reitin pituus: 20
(6, 16)
(6, 15)
(7, 15)
(8, 15)
(9, 15)
(10, 15)
(10, 14)
(10, 13)
(11, 13)
(12, 13)
(12, 12)
(12, 11)
(12, 10)
(12, 9)
(13, 9)
(14, 9)
(14, 8)
(14, 7)
(14, 6)
(14, 5)
(15, 5)
kaikki ok
Reitin pituus: 11
(6, 9)
(6, 10)
(6, 11)
(7, 11)
(8, 11)
(9, 11)
(10, 11)
(11, 11)
(12, 11)
(12, 12)
(12, 13)
(13, 13)
kaikki ok
Reitin pituus: 10
(17, 5)
(17, 4)
(17, 3)
(16, 3)
(15, 3)
(14, 3)
(13, 3)
(12, 3)
(12, 4)
(12, 5)
(11, 5)
kaikki ok
Reitin pituus: 14
(10, 11)
(11, 11)
(12, 11)
(12, 12)
(12, 13)
(13, 13)
(14, 13)
(14, 14)
(14, 15)
(14, 16)
(14, 17)
(15, 17)
(16, 17)
(17, 17)
(17, 18)
kaikki ok
Reitin pituus: 20
(14, 9)
(13, 9)
(12, 9)
(12, 10)
(12, 11)
(11, 11)
(10, 11)
(9, 11)
(8, 11)
(7, 11)
(6, 11)
(6, 10)
(6, 9)
(5, 9)
(4, 9)
(4, 8)
(4, 7)
(4, 6)
(4, 5)
(3, 5)
(2, 5)
kaikki ok
Reitin pituus: 18
(17, 1)
(17, 2)
(17, 3)
(16, 3)
(15, 3)
(14, 3)
(13, 3)
(12, 3)
(12, 4)
(12, 5)
(11, 5)
(10, 5)
(10, 6)
(10, 7)
(9, 7)
(8, 7)
(7, 7)
(6, 7)
(6, 8)
kaikki ok
Reitin pituus: 26
(1, 17)
(2, 17)
(3, 17)
(4, 17)
(4, 16)
(4, 15)
(4, 14)
(4, 13)
(5, 13)
(6, 13)
(6, 12)
(6, 11)
(6, 10)
(6, 9)
(6, 8)
(6, 7)
(7, 7)
(8, 7)
(9, 7)
(10, 7)
(10, 6)
(10, 5)
(11, 5)
(12, 5)
(12, 4)
(12, 3)
(13, 3)
kaikki ok
Reitin pituus: 12
(10, 17)
(11, 17)
(12, 17)
(12, 16)
(12, 15)
(13, 15)
(14, 15)
(14, 14)
(14, 13)
(14, 12)
(14, 11)
(14, 10)
(14, 9)
kaikki ok
Reitin pituus: 10
(15, 19)
(14, 19)
(13, 19)
(12, 19)
(11, 19)
(10, 19)
(9, 19)
(8, 19)
(8, 18)
(8, 17)
(7, 17)
kaikki ok
Reitin pituus: 16
(16, 19)
(15, 19)
(14, 19)
(13, 19)
(12, 19)
(11, 19)
(10, 19)
(9, 19)
(8, 19)
(7, 19)
(6, 19)
(5, 19)
(4, 19)
(3, 19)
(2, 19)
(1, 19)
(1, 18)
kaikki ok
Reitin pituus: 19
(1, 1)
(2, 1)
(3, 1)
(4, 1)
(5, 1)
(6, 1)
(7, 1)
(8, 1)
(8, 2)
(8, 3)
(9, 3)
(10, 3)
(11, 3)
(12, 3)
(13, 3)
(14, 3)
(15, 3)
(16, 3)
(17, 3)
(17, 4)
kaikki ok
Reitin pituus: 15
(14, 5)
(14, 4)
(14, 3)
(13, 3)
(12, 3)
(12, 4)
(12, 5)
(11, 5)
(10, 5)
(10, 6)
(10, 7)
(9, 7)
(8, 7)
(7, 7)
(6, 7)
(6, 8)
kaikki ok
Reitin pituus: 3
(14, 16)
(14, 17)
(15, 17)
(16, 17)
kaikki ok
Reitin pituus: 19
(6, 7)
(6, 8)
(6, 9)
(6, 10)
(6, 11)
(6, 12)
(6, 13)
(5, 13)
(4, 13)
(4, 14)
(4, 15)
(4, 16)
(4, 17)
(3, 17)
(2, 17)
(1, 17)
(1, 18)
(1, 19)
(2, 19)
(3, 19)
kaikki ok
Reitin pituus: 11
(6, 15)
(5, 15)
(4, 15)
(4, 14)
(4, 13)
(5, 13)
(6, 13)
(6, 12)
(6, 11)
(7, 11)
(8, 11)
(9, 11)
kaikki ok
Reitin pituus: 5
(14, 3)
(15, 3)
(16, 3)
(17, 3)
(17, 4)
(17, 5)
kaikki ok
Reitin pituus: 12
(17, 3)
(16, 3)
(15, 3)
(14, 3)
(14, 4)
(14, 5)
(14, 6)
(14, 7)
(14, 8)
(14, 9)
(13, 9)
(12, 9)
(12, 8)
kaikki ok
Reitin pituus: 19
(10, 1)
(10, 2)
(10, 3)
(9, 3)
(8, 3)
(7, 3)
(6, 3)
(5, 3)
(4, 3)
(4, 4)
(4, 5)
(4, 6)
(4, 7)
(4, 8)
(4, 9)
(4, 10)
(4, 11)
(4, 12)
(4, 13)
(4, 14)
kaikki ok
Reitin pituus: 11
(9, 11)
(8, 11)
(7, 11)
(6, 11)
(6, 10)
(6, 9)
(5, 9)
(4, 9)
(4, 8)
(4, 7)
(4, 6)
(4, 5)
kaikki ok
Reitin pituus: 11
(6, 8)
(6, 7)
(7, 7)
(8, 7)
(9, 7)
(10, 7)
(11, 7)
(12, 7)
(12, 8)
(12, 9)
(13, 9)
(14, 9)
kaikki ok
Reitin pituus: 11
(10, 3)
(9, 3)
(8, 3)
(8, 2)
(8, 1)
(7, 1)
(6, 1)
(5, 1)
(4, 1)
(3, 1)
(2, 1)
(1, 1)
kaikki ok
Reitin pituus: 14
(4, 7)
(4, 6)
(4, 5)
(4, 4)
(4, 3)
(5, 3)
(6, 3)
(7, 3)
(8, 3)
(9, 3)
(10, 3)
(11, 3)
(12, 3)
(12, 4)
(12, 5)
kaikki ok
Reitin pituus: 4
(14, 11)
(14, 12)
(14, 13)
(15, 13)
(16, 13)
kaikki ok
Reitin pituus: 6
(12, 16)
(12, 15)
(13, 15)
(14, 15)
(14, 14)
(14, 13)
(13, 13)
kaikki ok
Reitin pituus: 20
(3, 19)
(4, 19)
(5, 19)
(6, 19)
(7, 19)
(8, 19)
(9, 19)
(10, 19)
(10, 18)
(10, 17)
(11, 17)
(12, 17)
(12, 16)
(12, 15)
(13, 15)
(14, 15)
(14, 14)
(14, 13)
(14, 12)
(14, 11)
(14, 10)
kaikki ok
Reitin pituus: 5
(9, 3)
(8, 3)
(8, 2)
(8, 1)
(7, 1)
(6, 1)
kaikki ok
Reitin pituus: 15
(14, 14)
(14, 13)
(14, 12)
(14, 11)
(14, 10)
(14, 9)
(14, 8)
(14, 7)
(14, 6)
(14, 5)
(14, 4)
(14, 3)
(14, 2)
(14, 1)
(15, 1)
(16, 1)
kaikki ok
Reitin pituus: 19
(14, 5)
(14, 6)
(14, 7)
(14, 8)
(14, 9)
(14, 10)
(14, 11)
(14, 12)
(14, 13)
(14, 14)
(14, 15)
(14, 16)
(14, 17)
(15, 17)
(16, 17)
(17, 17)
(17, 18)
(17, 19)
(16, 19)
(15, 19)
kaikki ok
Reitin pituus: 26
(15, 5)
(14, 5)
(14, 6)
(14, 7)
(14, 8)
(14, 9)
(13, 9)
(12, 9)
(12, 10)
(12, 11)
(11, 11)
(10, 11)
(9, 11)
(8, 11)
(7, 11)
(6, 11)
(6, 12)
(6, 13)
(5, 13)
(4, 13)
(4, 14)
(4, 15)
(4, 16)
(4, 17)
(3, 17)
(2, 17)
(1, 17)
kaikki ok
Reitin pituus: 6
(8, 11)
(7, 11)
(6, 11)
(6, 10)
(6, 9)
(5, 9)
(4, 9)
kaikki ok
Reitin pituus: 9
(6, 10)
(6, 11)
(6, 12)
(6, 13)
(5, 13)
(4, 13)
(3, 13)
(2, 13)
(1, 13)
(1, 14)
kaikki ok
Reitin pituus: 15
(16, 16)
(16, 17)
(15, 17)
(14, 17)
(14, 16)
(14, 15)
(14, 14)
(14, 13)
(14, 12)
(14, 11)
(14, 10)
(14, 9)
(14, 8)
(14, 7)
(14, 6)
(14, 5)
kaikki ok
Reitin pituus: 15
(10, 11)
(9, 11)
(8, 11)
(7, 11)
(6, 11)
(6, 10)
(6, 9)
(5, 9)
(4, 9)
(4, 8)
(4, 7)
(4, 6)
(4, 5)
(3, 5)
(2, 5)
(1, 5)
kaikki ok
Reitin pituus: 1
(17, 13)
(17, 14)
kaikki ok
Reitin pituus: 23
(16, 3)
(15, 3)
(14, 3)
(14, 4)
(14, 5)
(14, 6)
(14, 7)
(14, 8)
(14, 9)
(14, 10)
(14, 11)
(14, 12)
(14, 13)
(14, 14)
(14, 15)
(13, 15)
(12, 15)
(12, 16)
(12, 17)
(11, 17)
(10, 17)
(10, 18)
(10, 19)
(9, 19)
kaikki ok
Reitin pituus: 18
(13, 1)
(14, 1)
(14, 2)
(14, 3)
(14, 4)
(14, 5)
(14, 6)
(14, 7)
(14, 8)
(14, 9)
(14, 10)
(14, 11)
(14, 12)
(14, 13)
(14, 14)
(14, 15)
(13, 15)
(12, 15)
(11, 15)
kaikki ok
Reitin pituus: 11
(6, 9)
(6, 10)
(6, 11)
(7, 11)
(8, 11)
(9, 11)
(10, 11)
(11, 11)
(12, 11)
(12, 10)
(12, 9)
(13, 9)
kaikki ok
Reitin pituus: 13
(2, 13)
(3, 13)
(4, 13)
(4, 12)
(4, 11)
(4, 10)
(4, 9)
(4, 8)
(4, 7)
(4, 6)
(4, 5)
(4, 4)
(4, 3)
(4, 2)
kaikki ok
Reitin pituus: 1
(6, 13)
(7, 13)
kaikki ok
Reitin pituus: 20
(8, 17)
(7, 17)
(6, 17)
(6, 16)
(6, 15)
(5, 15)
(4, 15)
(4, 14)
(4, 13)
(4, 12)
(4, 11)
(4, 10)
(4, 9)
(5, 9)
(6, 9)
(6, 8)
(6, 7)
(7, 7)
(8, 7)
(8, 6)
(8, 5)
kaikki ok
Reitin pituus: 12
(9, 8)
(9, 7)
(10, 7)
(11, 7)
(12, 7)
(12, 8)
(12, 9)
(13, 9)
(14, 9)
(14, 10)
(14, 11)
(14, 12)
(14, 13)
kaikki ok
Reitin pituus: 13
(17, 4)
(17, 5)
(16, 5)
(15, 5)
(14, 5)
(14, 6)
(14, 7)
(14, 8)
(14, 9)
(13, 9)
(12, 9)
(12, 10)
(12, 11)
(11, 11)
kaikki ok
Reitin pituus: 17
(17, 14)
(17, 13)
(16, 13)
(15, 13)
(14, 13)
(13, 13)
(12, 13)
(11, 13)
(10, 13)
(10, 14)
(10, 15)
(9, 15)
(8, 15)
(7, 15)
(6, 15)
(5, 15)
(4, 15)
(4, 16)
kaikki ok
Reitin pituus: 10
(7, 7)
(6, 7)
(6, 8)
(6, 9)
(5, 9)
(4, 9)
(4, 8)
(4, 7)
(4, 6)
(4, 5)
(4, 4)
kaikki ok
Reitin pituus: 16
(14, 15)
(13, 15)
(12, 15)
(11, 15)
(10, 15)
(9, 15)
(8, 15)
(7, 15)
(6, 15)
(5, 15)
(4, 15)
(4, 14)
(4, 13)
(4, 12)
(4, 11)
(4, 10)
(4, 9)
kaikki ok
Reitin pituus: 9
(6, 17)
(6, 16)
(6, 15)
(7, 15)
(8, 15)
(9, 15)
(10, 15)
(11, 15)
(12, 15)
(13, 15)
kaikki ok
Reitin pituus: 17
(17, 15)
(17, 14)
(17, 13)
(16, 13)
(15, 13)
(14, 13)
(14, 12)
(14, 11)
(14, 10)
(14, 9)
(14, 8)
(14, 7)
(14, 6)
(14, 5)
(14, 4)
(14, 3)
(13, 3)
(12, 3)
kaikki ok
Reitin pituus: 20
(13, 15)
(14, 15)
(14, 14)
(14, 13)
(14, 12)
(14, 11)
(14, 10)
(14, 9)
(14, 8)
(14, 7)
(14, 6)
(14, 5)
(14, 4)
(14, 3)
(13, 3)
(12, 3)
(11, 3)
(10, 3)
(9, 3)
(8, 3)
(8, 2)
kaikki ok
Reitin pituus: 22
(8, 13)
(7, 13)
(6, 13)
(6, 12)
(6, 11)
(6, 10)
(6, 9)
(6, 8)
(6, 7)
(7, 7)
(8, 7)
(9, 7)
(10, 7)
(10, 6)
(10, 5)
(11, 5)
(12, 5)
(12, 4)
(12, 3)
(11, 3)
(10, 3)
(10, 2)
(10, 1)
kaikki ok
Reitin pituus: 12
(12, 9)
(12, 10)
(12, 11)
(12, 12)
(12, 13)
(11, 13)
(10, 13)
(10, 14)
(10, 15)
(11, 15)
(12, 15)
(12, 16)
(12, 17)
kaikki ok
Reitin pituus: 18
(17, 5)
(16, 5)
(15, 5)
(14, 5)
(14, 6)
(14, 7)
(14, 8)
(14, 9)
(14, 10)
(14, 11)
(14, 12)
(14, 13)
(14, 14)
(14, 15)
(13, 15)
(12, 15)
(12, 16)
(12, 17)
(11, 17)
kaikki ok
Reitin pituus: 11
(10, 5)
(10, 6)
(10, 7)
(9, 7)
(8, 7)
(7, 7)
(6, 7)
(6, 8)
(6, 9)
(5, 9)
(4, 9)
(4, 10)
kaikki ok
Reitin pituus: 17
(9, 8)
(9, 7)
(8, 7)
(7, 7)
(6, 7)
(6, 8)
(6, 9)
(5, 9)
(4, 9)
(4, 10)
(4, 11)
(4, 12)
(4, 13)
(4, 14)
(4, 15)
(5, 15)
(6, 15)
(6, 16)
kaikki ok
Reitin pituus: 13
(1, 4)
(1, 5)
(2, 5)
(3, 5)
(4, 5)
(4, 6)
(4, 7)
(4, 8)
(4, 9)
(5, 9)
(6, 9)
(6, 10)
(6, 11)
(6, 12)
kaikki ok
Reitin pituus: 18
(4, 2)
(4, 3)
(5, 3)
(6, 3)
(7, 3)
(8, 3)
(9, 3)
(10, 3)
(11, 3)
(12, 3)
(13, 3)
(14, 3)
(14, 4)
(14, 5)
(14, 6)
(14, 7)
(14, 8)
(14, 9)
(14, 10)
kaikki ok
Reitin pituus: 4
(14, 12)
(14, 13)
(13, 13)
(12, 13)
(12, 12)
kaikki ok
Reitin pituus: 23
(12, 8)
(12, 9)
(12, 10)
(12, 11)
(12, 12)
(12, 13)
(11, 13)
(10, 13)
(10, 14)
(10, 15)
(9, 15)
(8, 15)
(7, 15)
(6, 15)
(5, 15)
(4, 15)
(4, 16)
(4, 17)
(3, 17)
(2, 17)
(1, 17)
(1, 18)
(1, 19)
(2, 19)
kaikki ok
Reitin pituus: 8
(8, 15)
(7, 15)
(6, 15)
(5, 15)
(4, 15)
(4, 14)
(4, 13)
(3, 13)
(2, 13)
kaikki ok
Reitin pituus: 24
(10, 18)
(10, 17)
(11, 17)
(12, 17)
(12, 16)
(12, 15)
(13, 15)
(14, 15)
(14, 14)
(14, 13)
(14, 12)
(14, 11)
(14, 10)
(14, 9)
(14, 8)
(14, 7)
(14, 6)
(14, 5)
(14, 4)
(14, 3)
(14, 2)
(14, 1)
(15, 1)
(16, 1)
(17, 1)
kaikki ok
Reitin pituus: 8
(6, 5)
(6, 4)
(6, 3)
(5, 3)
(4, 3)
(4, 4)
(4, 5)
(3, 5)
(2, 5)
kaikki ok
Reitin pituus: 14
(13, 13)
(14, 13)
(14, 14)
(14, 15)
(14, 16)
(14, 17)
(15, 17)
(16, 17)
(17, 17)
(17, 18)
(17, 19)
(16, 19)
(15, 19)
(14, 19)
(13, 19)
kaikki ok
Reitin pituus: 11
(7, 15)
(8, 15)
(9, 15)
(10, 15)
(11, 15)
(12, 15)
(13, 15)
(14, 15)
(14, 14)
(14, 13)
(14, 12)
(14, 11)
kaikki ok
Reitin pituus: 16
(5, 15)
(4, 15)
(4, 14)
(4, 13)
(4, 12)
(4, 11)
(4, 10)
(4, 9)
(4, 8)
(4, 7)
(4, 6)
(4, 5)
(4, 4)
(4, 3)
(5, 3)
(6, 3)
(7, 3)
kaikki ok
Reitin pituus: 18
(15, 1)
(14, 1)
(13, 1)
(12, 1)
(11, 1)
(10, 1)
(10, 2)
(10, 3)
(9, 3)
(8, 3)
(7, 3)
(6, 3)
(5, 3)
(4, 3)
(4, 4)
(4, 5)
(4, 6)
(4, 7)
(4, 8)
kaikki ok
Reitin pituus: 14
(2, 1)
(3, 1)
(4, 1)
(4, 2)
(4, 3)
(4, 4)
(4, 5)
(4, 6)
(4, 7)
(4, 8)
(4, 9)
(4, 10)
(4, 11)
(4, 12)
(4, 13)
kaikki ok
Reitin pituus: 17
(14, 16)
(14, 15)
(14, 14)
(14, 13)
(14, 12)
(14, 11)
(14, 10)
(14, 9)
(14, 8)
(14, 7)
(14, 6)
(14, 5)
(14, 4)
(14, 3)
(14, 2)
(14, 1)
(15, 1)
(16, 1)
kaikki ok
Reitin pituus: 21
(1, 18)
(1, 17)
(2, 17)
(3, 17)
(4, 17)
(4, 16)
(4, 15)
(5, 15)
(6, 15)
(7, 15)
(8, 15)
(9, 15)
(10, 15)
(11, 15)
(12, 15)
(13, 15)
(14, 15)
(14, 14)
(14, 13)
(15, 13)
(16, 13)
(17, 13)
kaikki ok
Reitin pituus: 8
(12, 15)
(11, 15)
(10, 15)
(9, 15)
(8, 15)
(7, 15)
(6, 15)
(6, 16)
(6, 17)
kaikki ok
Reitin pituus: 14
(14, 1)
(14, 2)
(14, 3)
(14, 4)
(14, 5)
(14, 6)
(14, 7)
(14, 8)
(14, 9)
(13, 9)
(12, 9)
(12, 10)
(12, 11)
(12, 12)
(12, 13)
kaikki ok
Reitin pituus: 13
(14, 9)
(14, 10)
(14, 11)
(14, 12)
(14, 13)
(14, 14)
(14, 15)
(13, 15)
(12, 15)
(11, 15)
(10, 15)
(9, 15)
(8, 15)
(8, 14)
kaikki ok
Reitin pituus: 22
(17, 3)
(16, 3)
(15, 3)
(14, 3)
(14, 4)
(14, 5)
(14, 6)
(14, 7)
(14, 8)
(14, 9)
(14, 10)
(14, 11)
(14, 12)
(14, 13)
(13, 13)
(12, 13)
(11, 13)
(10, 13)
(10, 14)
(10, 15)
(9, 15)
(8, 15)
(7, 15)
kaikki ok
Reitin pituus: 22
(14, 13)
(13, 13)
(12, 13)
(12, 12)
(12, 11)
(11, 11)
(10, 11)
(9, 11)
(8, 11)
(7, 11)
(6, 11)
(6, 10)
(6, 9)
(5, 9)
(4, 9)
(4, 8)
(4, 7)
(4, 6)
(4, 5)
(3, 5)
(2, 5)
(1, 5)
(1, 4)
kaikki ok
Reitin pituus: 17
(14, 17)
(14, 16)
(14, 15)
(14, 14)
(14, 13)
(13, 13)
(12, 13)
(12, 12)
(12, 11)
(12, 10)
(12, 9)
(12, 8)
(12, 7)
(11, 7)
(10, 7)
(9, 7)
(8, 7)
(8, 6)
kaikki ok
Reitin pituus: 25
(6, 17)
(6, 16)
(6, 15)
(7, 15)
(8, 15)
(9, 15)
(10, 15)
(10, 14)
(10, 13)
(11, 13)
(12, 13)
(12, 12)
(12, 11)
(12, 10)
(12, 9)
(13, 9)
(14, 9)
(14, 8)
(14, 7)
(14, 6)
(14, 5)
(14, 4)
(14, 3)
(15, 3)
(16, 3)
(17, 3)
kaikki ok
Reitin pituus: 26
(12, 4)
(12, 3)
(13, 3)
(14, 3)
(14, 4)
(14, 5)
(14, 6)
(14, 7)
(14, 8)
(14, 9)
(14, 10)
(14, 11)
(14, 12)
(14, 13)
(14, 14)
(14, 15)
(13, 15)
(12, 15)
(12, 16)
(12, 17)
(11, 17)
(10, 17)
(10, 18)
(10, 19)
(9, 19)
(8, 19)
(7, 19)
kaikki ok
Reitin pituus: 13
(13, 3)
(14, 3)
(14, 4)
(14, 5)
(14, 6)
(14, 7)
(14, 8)
(14, 9)
(13, 9)
(12, 9)
(12, 10)
(12, 11)
(11, 11)
(10, 11)
kaikki ok
Reitin pituus: 6
(13, 3)
(12, 3)
(11, 3)
(10, 3)
(9, 3)
(8, 3)
(7, 3)
kaikki ok
Reitin pituus: 11
(12, 13)
(11, 13)
(10, 13)
(10, 14)
(10, 15)
(9, 15)
(8, 15)
(7, 15)
(6, 15)
(5, 15)
(4, 15)
(4, 14)
kaikki ok
Reitin pituus: 23
(7, 5)
(8, 5)
(8, 6)
(8, 7)
(9, 7)
(10, 7)
(11, 7)
(12, 7)
(12, 8)
(12, 9)
(12, 10)
(12, 11)
(12, 12)
(12, 13)
(13, 13)
(14, 13)
(14, 14)
(14, 15)
(14, 16)
(14, 17)
(15, 17)
(16, 17)
(17, 17)
(17, 18)
kaikki ok
Reitin pituus: 11
(4, 9)
(4, 8)
(4, 7)
(4, 6)
(4, 5)
(4, 4)
(4, 3)
(4, 2)
(4, 1)
(5, 1)
(6, 1)
(7, 1)
kaikki ok
Reitin pituus: 14
(4, 2)
(4, 3)
(5, 3)
(6, 3)
(7, 3)
(8, 3)
(9, 3)
(10, 3)
(11, 3)
(12, 3)
(13, 3)
(14, 3)
(14, 2)
(14, 1)
(15, 1)
kaikki ok
Reitin pituus: 24
(7, 1)
(8, 1)
(8, 2)
(8, 3)
(9, 3)
(10, 3)
(11, 3)
(12, 3)
(13, 3)
(14, 3)
(14, 4)
(14, 5)
(14, 6)
(14, 7)
(14, 8)
(14, 9)
(14, 10)
(14, 11)
(14, 12)
(14, 13)
(14, 14)
(14, 15)
(13, 15)
(12, 15)
(12, 16)
kaikki ok
Reitin pituus: 1
(4, 3)
(3, 3)
kaikki ok
Reitin pituus: 21
(9, 9)
(9, 8)
(9, 7)
(8, 7)
(7, 7)
(6, 7)
(6, 8)
(6, 9)
(6, 10)
(6, 11)
(6, 12)
(6, 13)
(7, 13)
(8, 13)
(8, 14)
(8, 15)
(7, 15)
(6, 15)
(6, 16)
(6, 17)
(7, 17)
(8, 17)
kaikki ok
Reitin pituus: 14
(10, 19)
(10, 18)
(10, 17)
(11, 17)
(12, 17)
(12, 16)
(12, 15)
(13, 15)
(14, 15)
(14, 14)
(14, 13)
(14, 12)
(14, 11)
(14, 10)
(14, 9)
kaikki ok
Reitin pituus: 12
(2, 17)
(3, 17)
(4, 17)
(4, 16)
(4, 15)
(4, 14)
(4, 13)
(4, 12)
(4, 11)
(4, 10)
(4, 9)
(5, 9)
(6, 9)
kaikki ok
Reitin pituus: 6
(10, 1)
(10, 2)
(10, 3)
(9, 3)
(8, 3)
(7, 3)
(6, 3)
kaikki ok
Reitin pituus: 17
(8, 5)
(7, 5)
(6, 5)
(6, 4)
(6, 3)
(7, 3)
(8, 3)
(9, 3)
(10, 3)
(11, 3)
(12, 3)
(13, 3)
(14, 3)
(15, 3)
(16, 3)
(17, 3)
(17, 4)
(17, 5)
kaikki ok
Reitin pituus: 8
(7, 5)
(6, 5)
(6, 4)
(6, 3)
(7, 3)
(8, 3)
(9, 3)
(10, 3)
(10, 2)
kaikki ok
Reitin pituus: 7
(14, 3)
(13, 3)
(12, 3)
(12, 4)
(12, 5)
(11, 5)
(10, 5)
(10, 6)
kaikki ok
Reitin pituus: 16
(1, 2)
(1, 3)
(2, 3)
(3, 3)
(4, 3)
(5, 3)
(6, 3)
(6, 4)
(6, 5)
(7, 5)
(8, 5)
(8, 6)
(8, 7)
(9, 7)
(9, 8)
(9, 9)
(8, 9)
kaikki ok
Reitin pituus: 22
(4, 4)
(4, 5)
(4, 6)
(4, 7)
(4, 8)
(4, 9)
(5, 9)
(6, 9)
(6, 10)
(6, 11)
(6, 12)
(6, 13)
(7, 13)
(8, 13)
(8, 14)
(8, 15)
(9, 15)
(10, 15)
(11, 15)
(12, 15)
(12, 16)
(12, 17)
(11, 17)
kaikki ok
Reitin pituus: 22
(12, 16)
(12, 15)
(13, 15)
(14, 15)
(14, 14)
(14, 13)
(14, 12)
(14, 11)
(14, 10)
(14, 9)
(14, 8)
(14, 7)
(14, 6)
(14, 5)
(14, 4)
(14, 3)
(13, 3)
(12, 3)
(11, 3)
(10, 3)
(9, 3)
(8, 3)
(8, 2)
kaikki ok
Reitin pituus: 18
(5, 13)
(4, 13)
(4, 14)
(4, 15)
(5, 15)
(6, 15)
(6, 16)
(6, 17)
(7, 17)
(8, 17)
(8, 18)
(8, 19)
(9, 19)
(10, 19)
(11, 19)
(12, 19)
(13, 19)
(14, 19)
(15, 19)
kaikki ok
Reitin pituus: 16
(5, 1)
(4, 1)
(4, 2)
(4, 3)
(4, 4)
(4, 5)
(4, 6)
(4, 7)
(4, 8)
(4, 9)
(4, 10)
(4, 11)
(4, 12)
(4, 13)
(4, 14)
(4, 15)
(5, 15)
kaikki ok
Reitin pituus: 18
(9, 15)
(8, 15)
(8, 14)
(8, 13)
(7, 13)
(6, 13)
(6, 12)
(6, 11)
(6, 10)
(6, 9)
(5, 9)
(4, 9)
(4, 8)
(4, 7)
(4, 6)
(4, 5)
(4, 4)
(4, 3)
(4, 2)
kaikki ok
Reitin pituus: 4
(14, 5)
(15, 5)
(16, 5)
(17, 5)
(17, 4)
kaikki ok
Reitin pituus: 25
(15, 3)
(14, 3)
(14, 4)
(14, 5)
(14, 6)
(14, 7)
(14, 8)
(14, 9)
(14, 10)
(14, 11)
(14, 12)
(14, 13)
(14, 14)
(14, 15)
(13, 15)
(12, 15)
(12, 16)
(12, 17)
(11, 17)
(10, 17)
(10, 18)
(10, 19)
(9, 19)
(8, 19)
(7, 19)
(6, 19)
kaikki ok
Reitin pituus: 14
(2, 1)
(3, 1)
(4, 1)
(4, 2)
(4, 3)
(4, 4)
(4, 5)
(4, 6)
(4, 7)
(4, 8)
(4, 9)
(4, 10)
(4, 11)
(4, 12)
(4, 13)
kaikki ok
Reitin pituus: 21
(8, 19)
(8, 18)
(8, 17)
(7, 17)
(6, 17)
(6, 16)
(6, 15)
(5, 15)
(4, 15)
(4, 14)
(4, 13)
(4, 12)
(4, 11)
(4, 10)
(4, 9)
(4, 8)
(4, 7)
(4, 6)
(4, 5)
(3, 5)
(2, 5)
(1, 5)
kaikki ok
Reitin pituus: 17
(1, 3)
(2, 3)
(3, 3)
(4, 3)
(5, 3)
(6, 3)
(7, 3)
(8, 3)
(9, 3)
(10, 3)
(11, 3)
(12, 3)
(13, 3)
(14, 3)
(14, 4)
(14, 5)
(15, 5)
(16, 5)
kaikki ok
Reitin pituus: 13
(14, 9)
(14, 10)
(14, 11)
(14, 12)
(14, 13)
(14, 14)
(14, 15)
(13, 15)
(12, 15)
(11, 15)
(10, 15)
(9, 15)
(8, 15)
(7, 15)
kaikki ok
Reitin pituus: 8
(8, 5)
(7, 5)
(6, 5)
(6, 4)
(6, 3)
(5, 3)
(4, 3)
(4, 2)
(4, 1)
kaikki ok
Reitin pituus: 22
(6, 1)
(7, 1)
(8, 1)
(8, 2)
(8, 3)
(9, 3)
(10, 3)
(11, 3)
(12, 3)
(13, 3)
(14, 3)
(14, 4)
(14, 5)
(14, 6)
(14, 7)
(14, 8)
(14, 9)
(14, 10)
(14, 11)
(14, 12)
(14, 13)
(13, 13)
(12, 13)
kaikki ok
Reitin pituus: 5
(14, 12)
(14, 13)
(14, 14)
(14, 15)
(13, 15)
(12, 15)
kaikki ok
Reitin pituus: 10
(4, 1)
(4, 2)
(4, 3)
(4, 4)
(4, 5)
(4, 6)
(4, 7)
(4, 8)
(4, 9)
(5, 9)
(6, 9)
kaikki ok
Reitin pituus: 16
(1, 14)
(1, 13)
(2, 13)
(3, 13)
(4, 13)
(4, 12)
(4, 11)
(4, 10)
(4, 9)
(4, 8)
(4, 7)
(4, 6)
(4, 5)
(4, 4)
(4, 3)
(4, 2)
(4, 1)
kaikki ok
Reitin pituus: 18
(3, 1)
(4, 1)
(4, 2)
(4, 3)
(4, 4)
(4, 5)
(4, 6)
(4, 7)
(4, 8)
(4, 9)
(4, 10)
(4, 11)
(4, 12)
(4, 13)
(4, 14)
(4, 15)
(5, 15)
(6, 15)
(6, 16)
kaikki ok
Reitin pituus: 16
(5, 1)
(6, 1)
(7, 1)
(8, 1)
(8, 2)
(8, 3)
(9, 3)
(10, 3)
(11, 3)
(12, 3)
(13, 3)
(14, 3)
(14, 4)
(14, 5)
(15, 5)
(16, 5)
(17, 5)
kaikki ok
Reitin pituus: 28
(2, 3)
(3, 3)
(4, 3)
(4, 4)
(4, 5)
(4, 6)
(4, 7)
(4, 8)
(4, 9)
(4, 10)
(4, 11)
(4, 12)
(4, 13)
(4, 14)
(4, 15)
(5, 15)
(6, 15)
(6, 16)
(6, 17)
(7, 17)
(8, 17)
(8, 18)
(8, 19)
(9, 19)
(10, 19)
(11, 19)
(12, 19)
(13, 19)
(14, 19)
kaikki ok
Reitin pituus: 7
(7, 15)
(8, 15)
(8, 14)
(8, 13)
(7, 13)
(6, 13)
(6, 12)
(6, 11)
kaikki ok
Reitin pituus: 16
(4, 9)
(4, 10)
(4, 11)
(4, 12)
(4, 13)
(4, 14)
(4, 15)
(5, 15)
(6, 15)
(6, 16)
(6, 17)
(7, 17)
(8, 17)
(8, 18)
(8, 19)
(9, 19)
(10, 19)
kaikki ok
Reitin pituus: 20
(12, 4)
(12, 3)
(13, 3)
(14, 3)
(14, 4)
(14, 5)
(14, 6)
(14, 7)
(14, 8)
(14, 9)
(14, 10)
(14, 11)
(14, 12)
(14, 13)
(14, 14)
(14, 15)
(14, 16)
(14, 17)
(15, 17)
(16, 17)
(17, 17)
kaikki ok
Reitin pituus: 22
(4, 2)
(4, 3)
(4, 4)
(4, 5)
(4, 6)
(4, 7)
(4, 8)
(4, 9)
(4, 10)
(4, 11)
(4, 12)
(4, 13)
(4, 14)
(4, 15)
(4, 16)
(4, 17)
(3, 17)
(2, 17)
(1, 17)
(1, 18)
(1, 19)
(2, 19)
(3, 19)
kaikki ok
Reitin pituus: 11
(14, 17)
(15, 17)
(16, 17)
(17, 17)
(17, 18)
(17, 19)
(16, 19)
(15, 19)
(14, 19)
(13, 19)
(12, 19)
(11, 19)
kaikki ok
Reitin pituus: 17
(2, 17)
(1, 17)
(1, 18)
(1, 19)
(2, 19)
(3, 19)
(4, 19)
(5, 19)
(6, 19)
(7, 19)
(8, 19)
(9, 19)
(10, 19)
(11, 19)
(12, 19)
(13, 19)
(14, 19)
(15, 19)
kaikki ok
Reitin pituus: 11
(2, 17)
(3, 17)
(4, 17)
(4, 16)
(4, 15)
(4, 14)
(4, 13)
(4, 12)
(4, 11)
(4, 10)
(4, 9)
(5, 9)
kaikki ok
Reitin pituus: 14
(17, 4)
(17, 5)
(16, 5)
(15, 5)
(14, 5)
(14, 6)
(14, 7)
(14, 8)
(14, 9)
(14, 10)
(14, 11)
(14, 12)
(14, 13)
(15, 13)
(16, 13)
kaikki ok
Reitin pituus: 11
(4, 8)
(4, 9)
(5, 9)
(6, 9)
(6, 8)
(6, 7)
(7, 7)
(8, 7)
(9, 7)
(9, 8)
(9, 9)
(8, 9)
kaikki ok
Reitin pituus: 10
(9, 9)
(9, 8)
(9, 7)
(10, 7)
(11, 7)
(12, 7)
(12, 8)
(12, 9)
(12, 10)
(12, 11)
(12, 12)
kaikki ok
Reitin pituus: 13
(4, 6)
(4, 7)
(4, 8)
(4, 9)
(4, 10)
(4, 11)
(4, 12)
(4, 13)
(4, 14)
(4, 15)
(4, 16)
(4, 17)
(3, 17)
(2, 17)
kaikki ok
Reitin pituus: 2
(15, 13)
(14, 13)
(14, 12)
kaikki ok
Reitin pituus: 26
(14, 17)
(14, 16)
(14, 15)
(13, 15)
(12, 15)
(11, 15)
(10, 15)
(9, 15)
(8, 15)
(8, 14)
(8, 13)
(7, 13)
(6, 13)
(6, 12)
(6, 11)
(6, 10)
(6, 9)
(5, 9)
(4, 9)
(4, 8)
(4, 7)
(4, 6)
(4, 5)
(4, 4)
(4, 3)
(3, 3)
(2, 3)
kaikki ok
Reitin pituus: 10
(2, 19)
(1, 19)
(1, 18)
(1, 17)
(2, 17)
(2, 16)
(2, 15)
(1, 15)
(1, 14)
(1, 13)
(2, 13)
kaikki ok
Reitin pituus: 7
(6, 7)
(6, 8)
(6, 9)
(5, 9)
(4, 9)
(4, 8)
(4, 7)
(4, 6)
kaikki ok
Reitin pituus: 4
(12, 13)
(13, 13)
(14, 13)
(14, 14)
(14, 15)
kaikki ok
Reitin pituus: 1
(8, 5)
(7, 5)
kaikki ok
Reitin pituus: 20
(12, 10)
(12, 9)
(12, 8)
(12, 7)
(11, 7)
(10, 7)
(9, 7)
(8, 7)
(8, 6)
(8, 5)
(7, 5)
(6, 5)
(6, 4)
(6, 3)
(5, 3)
(4, 3)
(3, 3)
(2, 3)
(1, 3)
(1, 2)
(1, 1)
kaikki ok
Reitin pituus: 13
(8, 18)
(8, 17)
(7, 17)
(6, 17)
(6, 16)
(6, 15)
(5, 15)
(4, 15)
(4, 14)
(4, 13)
(3, 13)
(2, 13)
(1, 13)
(1, 14)
kaikki ok
Reitin pituus: 18
(1, 1)
(1, 2)
(1, 3)
(2, 3)
(3, 3)
(4, 3)
(5, 3)
(6, 3)
(6, 4)
(6, 5)
(7, 5)
(8, 5)
(8, 6)
(8, 7)
(9, 7)
(10, 7)
(11, 7)
(12, 7)
(12, 8)
kaikki ok
Reitin pituus: 9
(4, 11)
(4, 12)
(4, 13)
(5, 13)
(6, 13)
(7, 13)
(8, 13)
(8, 14)
(8, 15)
(9, 15)
kaikki ok
Reitin pituus: 17
(4, 9)
(4, 10)
(4, 11)
(4, 12)
(4, 13)
(4, 14)
(4, 15)
(5, 15)
(6, 15)
(6, 16)
(6, 17)
(7, 17)
(8, 17)
(8, 18)
(8, 19)
(9, 19)
(10, 19)
(11, 19)
kaikki ok
Reitin pituus: 18
(6, 7)
(6, 8)
(6, 9)
(6, 10)
(6, 11)
(6, 12)
(6, 13)
(7, 13)
(8, 13)
(8, 14)
(8, 15)
(9, 15)
(10, 15)
(11, 15)
(12, 15)
(13, 15)
(14, 15)
(14, 16)
(14, 17)
kaikki ok
Reitin pituus: 15
(8, 3)
(7, 3)
(6, 3)
(5, 3)
(4, 3)
(4, 4)
(4, 5)
(4, 6)
(4, 7)
(4, 8)
(4, 9)
(4, 10)
(4, 11)
(4, 12)
(4, 13)
(5, 13)
kaikki ok
Reitin pituus: 2
(5, 13)
(4, 13)
(4, 12)
kaikki ok
Reitin pituus: 27
(2, 19)
(3, 19)
(4, 19)
(5, 19)
(6, 19)
(7, 19)
(8, 19)
(9, 19)
(10, 19)
(10, 18)
(10, 17)
(11, 17)
(12, 17)
(12, 16)
(12, 15)
(13, 15)
(14, 15)
(14, 14)
(14, 13)
(14, 12)
(14, 11)
(14, 10)
(14, 9)
(14, 8)
(14, 7)
(14, 6)
(14, 5)
(15, 5)
kaikki ok
Reitin pituus: 22
(11, 17)
(12, 17)
(12, 16)
(12, 15)
(11, 15)
(10, 15)
(9, 15)
(8, 15)
(8, 14)
(8, 13)
(7, 13)
(6, 13)
(5, 13)
(4, 13)
(4, 12)
(4, 11)
(4, 10)
(4, 9)
(4, 8)
(4, 7)
(4, 6)
(4, 5)
(3, 5)
kaikki ok
Reitin pituus: 4
(4, 5)
(4, 6)
(4, 7)
(4, 8)
(4, 9)
kaikki ok
Reitin pituus: 12
(4, 6)
(4, 5)
(4, 4)
(4, 3)
(5, 3)
(6, 3)
(7, 3)
(8, 3)
(9, 3)
(10, 3)
(11, 3)
(12, 3)
(12, 4)
kaikki ok
Reitin pituus: 3
(14, 12)
(14, 13)
(13, 13)
(12, 13)
kaikki ok
Reitin pituus: 12
(6, 9)
(5, 9)
(4, 9)
(4, 8)
(4, 7)
(4, 6)
(4, 5)
(4, 4)
(4, 3)
(4, 2)
(4, 1)
(5, 1)
(6, 1)
kaikki ok
Reitin pituus: 14
(1, 13)
(2, 13)
(3, 13)
(4, 13)
(4, 12)
(4, 11)
(4, 10)
(4, 9)
(5, 9)
(6, 9)
(6, 8)
(6, 7)
(7, 7)
(8, 7)
(9, 7)
kaikki ok
Reitin pituus: 9
(4, 12)
(4, 13)
(5, 13)
(6, 13)
(6, 12)
(6, 11)
(7, 11)
(8, 11)
(9, 11)
(10, 11)
kaikki ok
Reitin pituus: 10
(9, 8)
(9, 7)
(8, 7)
(8, 6)
(8, 5)
(7, 5)
(6, 5)
(6, 4)
(6, 3)
(7, 3)
(8, 3)
kaikki ok
Reitin pituus: 7
(16, 19)
(17, 19)
(17, 18)
(17, 17)
(16, 17)
(16, 16)
(16, 15)
(17, 15)
kaikki ok
Reitin pituus: 9
(8, 13)
(8, 14)
(8, 15)
(9, 15)
(10, 15)
(10, 14)
(10, 13)
(11, 13)
(12, 13)
(12, 12)
kaikki ok
Reitin pituus: 9
(2, 5)
(3, 5)
(4, 5)
(4, 6)
(4, 7)
(4, 8)
(4, 9)
(5, 9)
(6, 9)
(6, 8)
kaikki ok
Reitin pituus: 6
(4, 17)
(4, 16)
(4, 15)
(5, 15)
(6, 15)
(6, 16)
(6, 17)
kaikki ok
Reitin pituus: 4
(9, 8)
(9, 7)
(8, 7)
(8, 6)
(8, 5)
kaikki ok
Reitin pituus: 11
(14, 1)
(13, 1)
(12, 1)
(11, 1)
(10, 1)
(10, 2)
(10, 3)
(9, 3)
(8, 3)
(8, 2)
(8, 1)
(7, 1)
kaikki ok
Reitin pituus: 8
(2, 17)
(3, 17)
(4, 17)
(4, 16)
(4, 15)
(4, 14)
(4, 13)
(4, 12)
(4, 11)
kaikki ok
Reitin pituus: 22
(14, 15)
(13, 15)
(12, 15)
(11, 15)
(10, 15)
(9, 15)
(8, 15)
(7, 15)
(6, 15)
(5, 15)
(4, 15)
(4, 14)
(4, 13)
(4, 12)
(4, 11)
(4, 10)
(4, 9)
(4, 8)
(4, 7)
(4, 6)
(4, 5)
(4, 4)
(4, 3)
kaikki ok
Reitin pituus: 8
(7, 13)
(6, 13)
(6, 12)
(6, 11)
(6, 10)
(6, 9)
(5, 9)
(4, 9)
(4, 8)
kaikki ok
Reitin pituus: 7
(16, 16)
(16, 17)
(15, 17)
(14, 17)
(14, 16)
(14, 15)
(13, 15)
(12, 15)
kaikki ok
Reitin pituus: 31
(2, 1)
(3, 1)
(4, 1)
(4, 2)
(4, 3)
(5, 3)
(6, 3)
(6, 4)
(6, 5)
(7, 5)
(8, 5)
(8, 6)
(8, 7)
(9, 7)
(10, 7)
(11, 7)
(12, 7)
(12, 8)
(12, 9)
(12, 10)
(12, 11)
(12, 12)
(12, 13)
(13, 13)
(14, 13)
(14, 14)
(14, 15)
(14, 16)
(14, 17)
(15, 17)
(16, 17)
(16, 16)
kaikki ok
Reitin pituus: 1
(4, 15)
(4, 16)
kaikki ok
Reitin pituus: 12
(11, 15)
(10, 15)
(9, 15)
(8, 15)
(8, 14)
(8, 13)
(7, 13)
(6, 13)
(6, 12)
(6, 11)
(6, 10)
(6, 9)
(6, 8)
kaikki ok
Reitin pituus: 15
(6, 16)
(6, 15)
(5, 15)
(4, 15)
(4, 14)
(4, 13)
(4, 12)
(4, 11)
(4, 10)
(4, 9)
(5, 9)
(6, 9)
(6, 8)
(6, 7)
(7, 7)
(8, 7)
kaikki ok
Reitin pituus: 11
(2, 3)
(3, 3)
(4, 3)
(4, 4)
(4, 5)
(4, 6)
(4, 7)
(4, 8)
(4, 9)
(5, 9)
(6, 9)
(6, 8)
kaikki ok
Reitin pituus: 12
(10, 18)
(10, 17)
(11, 17)
(12, 17)
(12, 16)
(12, 15)
(11, 15)
(10, 15)
(9, 15)
(8, 15)
(8, 14)
(8, 13)
(7, 13)
kaikki ok
Reitin pituus: 23
(16, 19)
(17, 19)
(17, 18)
(17, 17)
(16, 17)
(15, 17)
(14, 17)
(14, 16)
(14, 15)
(14, 14)
(14, 13)
(14, 12)
(14, 11)
(14, 10)
(14, 9)
(14, 8)
(14, 7)
(14, 6)
(14, 5)
(14, 4)
(14, 3)
(13, 3)
(12, 3)
(11, 3)
kaikki ok
Reitin pituus: 14
(1, 18)
(1, 17)
(2, 17)
(3, 17)
(4, 17)
(4, 16)
(4, 15)
(5, 15)
(6, 15)
(7, 15)
(8, 15)
(9, 15)
(10, 15)
(11, 15)
(12, 15)
kaikki ok
Reitin pituus: 28
(8, 18)
(8, 19)
(9, 19)
(10, 19)
(10, 18)
(10, 17)
(11, 17)
(12, 17)
(12, 16)
(12, 15)
(13, 15)
(14, 15)
(14, 14)
(14, 13)
(14, 12)
(14, 11)
(14, 10)
(14, 9)
(14, 8)
(14, 7)
(14, 6)
(14, 5)
(14, 4)
(14, 3)
(14, 2)
(14, 1)
(15, 1)
(16, 1)
(17, 1)
kaikki ok
Reitin pituus: 11
(4, 6)
(4, 7)
(4, 8)
(4, 9)
(4, 10)
(4, 11)
(4, 12)
(4, 13)
(3, 13)
(2, 13)
(1, 13)
(1, 14)
kaikki ok
Reitin pituus: 17
(8, 2)
(8, 3)
(7, 3)
(6, 3)
(6, 4)
(6, 5)
(7, 5)
(8, 5)
(8, 6)
(8, 7)
(9, 7)
(10, 7)
(11, 7)
(12, 7)
(12, 8)
(12, 9)
(12, 10)
(12, 11)
kaikki ok
Reitin pituus: 14
(12, 19)
(11, 19)
(10, 19)
(10, 18)
(10, 17)
(11, 17)
(12, 17)
(12, 16)
(12, 15)
(11, 15)
(10, 15)
(9, 15)
(8, 15)
(8, 14)
(8, 13)
kaikki ok
Reitin pituus: 4
(17, 1)
(16, 1)
(15, 1)
(14, 1)
(14, 2)
kaikki ok
Reitin pituus: 29
(12, 19)
(11, 19)
(10, 19)
(9, 19)
(8, 19)
(8, 18)
(8, 17)
(7, 17)
(6, 17)
(6, 16)
(6, 15)
(5, 15)
(4, 15)
(4, 14)
(4, 13)
(4, 12)
(4, 11)
(4, 10)
(4, 9)
(4, 8)
(4, 7)
(4, 6)
(4, 5)
(4, 4)
(4, 3)
(4, 2)
(4, 1)
(5, 1)
(6, 1)
(7, 1)
kaikki ok
Reitin pituus: 21
(4, 10)
(4, 9)
(5, 9)
(6, 9)
(6, 10)
(6, 11)
(7, 11)
(8, 11)
(9, 11)
(10, 11)
(11, 11)
(12, 11)
(12, 12)
(12, 13)
(13, 13)
(14, 13)
(15, 13)
(16, 13)
(17, 13)
(17, 14)
(17, 15)
(16, 15)
kaikki ok
Reitin pituus: 11
(12, 1)
(11, 1)
(10, 1)
(10, 2)
(10, 3)
(9, 3)
(8, 3)
(8, 2)
(8, 1)
(7, 1)
(6, 1)
(5, 1)
kaikki ok
Reitin pituus: 5
(8, 17)
(8, 18)
(8, 19)
(9, 19)
(10, 19)
(10, 18)
kaikki ok
Reitin pituus: 8
(6, 5)
(7, 5)
(8, 5)
(8, 6)
(8, 7)
(7, 7)
(6, 7)
(6, 8)
(6, 9)
kaikki ok
Reitin pituus: 15
(17, 4)
(17, 3)
(16, 3)
(15, 3)
(14, 3)
(13, 3)
(12, 3)
(11, 3)
(10, 3)
(9, 3)
(8, 3)
(7, 3)
(6, 3)
(5, 3)
(4, 3)
(3, 3)
kaikki ok
Reitin pituus: 14
(6, 7)
(7, 7)
(8, 7)
(9, 7)
(10, 7)
(10, 6)
(10, 5)
(11, 5)
(12, 5)
(12, 4)
(12, 3)
(13, 3)
(14, 3)
(15, 3)
(16, 3)
kaikki ok
Reitin pituus: 3
(8, 17)
(8, 18)
(8, 19)
(9, 19)
kaikki ok
Reitin pituus: 25
(17, 5)
(16, 5)
(15, 5)
(14, 5)
(14, 6)
(14, 7)
(14, 8)
(14, 9)
(14, 10)
(14, 11)
(14, 12)
(14, 13)
(14, 14)
(14, 15)
(13, 15)
(12, 15)
(12, 16)
(12, 17)
(11, 17)
(10, 17)
(10, 18)
(10, 19)
(9, 19)
(8, 19)
(8, 18)
(8, 17)
kaikki ok
Reitin pituus: 2
(11, 3)
(12, 3)
(13, 3)
kaikki ok
Reitin pituus: 6
(2, 13)
(1, 13)
(1, 14)
(1, 15)
(2, 15)
(2, 16)
(2, 17)
kaikki ok
Reitin pituus: 26
(13, 19)
(12, 19)
(11, 19)
(10, 19)
(10, 18)
(10, 17)
(11, 17)
(12, 17)
(12, 16)
(12, 15)
(13, 15)
(14, 15)
(14, 14)
(14, 13)
(14, 12)
(14, 11)
(14, 10)
(14, 9)
(14, 8)
(14, 7)
(14, 6)
(14, 5)
(14, 4)
(14, 3)
(13, 3)
(12, 3)
(12, 4)
kaikki ok
Reitin pituus: 17
(16, 17)
(15, 17)
(14, 17)
(14, 16)
(14, 15)
(14, 14)
(14, 13)
(14, 12)
(14, 11)
(14, 10)
(14, 9)
(13, 9)
(12, 9)
(12, 8)
(12, 7)
(11, 7)
(10, 7)
(10, 6)
kaikki ok
Reitin pituus: 16
(10, 19)
(10, 18)
(10, 17)
(11, 17)
(12, 17)
(12, 16)
(12, 15)
(11, 15)
(10, 15)
(10, 14)
(10, 13)
(11, 13)
(12, 13)
(12, 12)
(12, 11)
(11, 11)
(10, 11)
kaikki ok
Reitin pituus: 7
(7, 13)
(8, 13)
(8, 14)
(8, 15)
(9, 15)
(10, 15)
(10, 14)
(10, 13)
kaikki ok
Reitin pituus: 6
(15, 3)
(14, 3)
(13, 3)
(12, 3)
(11, 3)
(10, 3)
(10, 2)
kaikki ok
Reitin pituus: 12
(11, 5)
(10, 5)
(10, 6)
(10, 7)
(9, 7)
(8, 7)
(7, 7)
(6, 7)
(6, 8)
(6, 9)
(6, 10)
(6, 11)
(6, 12)
kaikki ok
Reitin pituus: 15
(10, 18)
(10, 17)
(11, 17)
(12, 17)
(12, 16)
(12, 15)
(11, 15)
(10, 15)
(10, 14)
(10, 13)
(11, 13)
(12, 13)
(12, 12)
(12, 11)
(12, 10)
(12, 9)
kaikki ok
Reitin pituus: 10
(12, 9)
(12, 10)
(12, 11)
(12, 12)
(12, 13)
(11, 13)
(10, 13)
(10, 14)
(10, 15)
(11, 15)
(12, 15)
kaikki ok
Reitin pituus: 12
(8, 6)
(8, 7)
(9, 7)
(10, 7)
(10, 6)
(10, 5)
(11, 5)
(12, 5)
(12, 4)
(12, 3)
(13, 3)
(14, 3)
(14, 2)
kaikki ok
Reitin pituus: 13
(14, 11)
(14, 12)
(14, 13)
(13, 13)
(12, 13)
(11, 13)
(10, 13)
(10, 14)
(10, 15)
(9, 15)
(8, 15)
(8, 14)
(8, 13)
(7, 13)
kaikki ok
Reitin pituus: 25
(9, 19)
(8, 19)
(8, 18)
(8, 17)
(7, 17)
(6, 17)
(6, 16)
(6, 15)
(5, 15)
(4, 15)
(4, 14)
(4, 13)
(4, 12)
(4, 11)
(4, 10)
(4, 9)
(4, 8)
(4, 7)
(4, 6)
(4, 5)
(4, 4)
(4, 3)
(5, 3)
(6, 3)
(6, 4)
(6, 5)
kaikki ok
Reitin pituus: 10
(6, 1)
(7, 1)
(8, 1)
(8, 2)
(8, 3)
(9, 3)
(10, 3)
(11, 3)
(12, 3)
(13, 3)
(14, 3)
kaikki ok
Reitin pituus: 14
(16, 3)
(15, 3)
(14, 3)
(13, 3)
(12, 3)
(11, 3)
(10, 3)
(9, 3)
(8, 3)
(7, 3)
(6, 3)
(5, 3)
(4, 3)
(3, 3)
(2, 3)
kaikki ok
Reitin pituus: 13
(1, 18)
(1, 17)
(2, 17)
(3, 17)
(4, 17)
(4, 16)
(4, 15)
(4, 14)
(4, 13)
(5, 13)
(6, 13)
(6, 12)
(6, 11)
(7, 11)
kaikki ok
Reitin pituus: 8
(4, 9)
(4, 8)
(4, 7)
(4, 6)
(4, 5)
(4, 4)
(4, 3)
(5, 3)
(6, 3)
kaikki ok
Reitin pituus: 9
(6, 10)
(6, 11)
(6, 12)
(6, 13)
(5, 13)
(4, 13)
(3, 13)
(2, 13)
(1, 13)
(1, 14)
kaikki ok
Reitin pituus: 18
(3, 19)
(2, 19)
(1, 19)
(1, 18)
(1, 17)
(2, 17)
(3, 17)
(4, 17)
(4, 16)
(4, 15)
(4, 14)
(4, 13)
(4, 12)
(4, 11)
(4, 10)
(4, 9)
(4, 8)
(4, 7)
(4, 6)
kaikki ok
Reitin pituus: 15
(15, 13)
(14, 13)
(13, 13)
(12, 13)
(12, 12)
(12, 11)
(12, 10)
(12, 9)
(12, 8)
(12, 7)
(11, 7)
(10, 7)
(9, 7)
(9, 8)
(9, 9)
(10, 9)
kaikki ok
Reitin pituus: 7
(14, 5)
(14, 4)
(14, 3)
(15, 3)
(16, 3)
(17, 3)
(17, 2)
(17, 1)
kaikki ok
Reitin pituus: 10
(2, 17)
(3, 17)
(4, 17)
(4, 16)
(4, 15)
(4, 14)
(4, 13)
(5, 13)
(6, 13)
(7, 13)
(8, 13)
kaikki ok
Reitin pituus: 11
(17, 2)
(17, 3)
(17, 4)
(17, 5)
(16, 5)
(15, 5)
(14, 5)
(14, 6)
(14, 7)
(14, 8)
(14, 9)
(14, 10)
kaikki ok
Reitin pituus: 1
(6, 7)
(6, 8)
kaikki ok
Reitin pituus: 12
(13, 3)
(12, 3)
(11, 3)
(10, 3)
(9, 3)
(8, 3)
(7, 3)
(6, 3)
(5, 3)
(4, 3)
(3, 3)
(2, 3)
(1, 3)
kaikki ok
Reitin pituus: 4
(6, 12)
(6, 11)
(6, 10)
(6, 9)
(6, 8)
kaikki ok
Reitin pituus: 29
(15, 19)
(16, 19)
(17, 19)
(17, 18)
(17, 17)
(16, 17)
(15, 17)
(14, 17)
(14, 16)
(14, 15)
(14, 14)
(14, 13)
(14, 12)
(14, 11)
(14, 10)
(14, 9)
(14, 8)
(14, 7)
(14, 6)
(14, 5)
(14, 4)
(14, 3)
(13, 3)
(12, 3)
(11, 3)
(10, 3)
(9, 3)
(8, 3)
(8, 2)
(8, 1)
kaikki ok
Reitin pituus: 13
(12, 5)
(11, 5)
(10, 5)
(10, 6)
(10, 7)
(9, 7)
(8, 7)
(7, 7)
(6, 7)
(6, 8)
(6, 9)
(6, 10)
(6, 11)
(7, 11)
kaikki ok
Reitin pituus: 12
(14, 7)
(14, 8)
(14, 9)
(13, 9)
(12, 9)
(12, 8)
(12, 7)
(11, 7)
(10, 7)
(9, 7)
(9, 8)
(9, 9)
(10, 9)
kaikki ok
Reitin pituus: 1
(14, 2)
(14, 1)
kaikki ok
Reitin pituus: 13
(12, 15)
(11, 15)
(10, 15)
(9, 15)
(8, 15)
(7, 15)
(6, 15)
(5, 15)
(4, 15)
(4, 16)
(4, 17)
(3, 17)
(2, 17)
(1, 17)
kaikki ok
Reitin pituus: 5
(12, 8)
(12, 9)
(12, 10)
(12, 11)
(12, 12)
(12, 13)
kaikki ok
Reitin pituus: 12
(8, 7)
(8, 6)
(8, 5)
(7, 5)
(6, 5)
(6, 4)
(6, 3)
(5, 3)
(4, 3)
(3, 3)
(2, 3)
(1, 3)
(1, 4)
kaikki ok
Reitin pituus: 9
(10, 7)
(9, 7)
(8, 7)
(7, 7)
(6, 7)
(6, 8)
(6, 9)
(5, 9)
(4, 9)
(4, 8)
kaikki ok
Reitin pituus: 27
(15, 19)
(16, 19)
(17, 19)
(17, 18)
(17, 17)
(16, 17)
(15, 17)
(14, 17)
(14, 16)
(14, 15)
(14, 14)
(14, 13)
(14, 12)
(14, 11)
(14, 10)
(14, 9)
(14, 8)
(14, 7)
(14, 6)
(14, 5)
(14, 4)
(14, 3)
(13, 3)
(12, 3)
(11, 3)
(10, 3)
(10, 2)
(10, 1)
kaikki ok
Reitin pituus: 24
(11, 19)
(10, 19)
(9, 19)
(8, 19)
(8, 18)
(8, 17)
(7, 17)
(6, 17)
(6, 16)
(6, 15)
(5, 15)
(4, 15)
(4, 14)
(4, 13)
(4, 12)
(4, 11)
(4, 10)
(4, 9)
(4, 8)
(4, 7)
(4, 6)
(4, 5)
(4, 4)
(4, 3)
(4, 2)
kaikki ok
Reitin pituus: 14
(14, 17)
(14, 16)
(14, 15)
(13, 15)
(12, 15)
(11, 15)
(10, 15)
(9, 15)
(8, 15)
(7, 15)
(6, 15)
(6, 16)
(6, 17)
(7, 17)
(8, 17)
kaikki ok
Reitin pituus: 16
(5, 15)
(4, 15)
(4, 14)
(4, 13)
(4, 12)
(4, 11)
(4, 10)
(4, 9)
(4, 8)
(4, 7)
(4, 6)
(4, 5)
(4, 4)
(4, 3)
(5, 3)
(6, 3)
(6, 4)
kaikki ok
Reitin pituus: 14
(5, 9)
(4, 9)
(4, 8)
(4, 7)
(4, 6)
(4, 5)
(4, 4)
(4, 3)
(5, 3)
(6, 3)
(7, 3)
(8, 3)
(9, 3)
(10, 3)
(11, 3)
kaikki ok
Reitin pituus: 9
(12, 10)
(12, 11)
(12, 12)
(12, 13)
(11, 13)
(10, 13)
(10, 14)
(10, 15)
(11, 15)
(12, 15)
kaikki ok
Reitin pituus: 12
(6, 13)
(6, 12)
(6, 11)
(6, 10)
(6, 9)
(6, 8)
(6, 7)
(7, 7)
(8, 7)
(8, 6)
(8, 5)
(7, 5)
(6, 5)
kaikki ok
Reitin pituus: 15
(14, 8)
(14, 9)
(13, 9)
(12, 9)
(12, 10)
(12, 11)
(11, 11)
(10, 11)
(9, 11)
(8, 11)
(7, 11)
(6, 11)
(6, 10)
(6, 9)
(5, 9)
(4, 9)
kaikki ok
Reitin pituus: 15
(7, 11)
(8, 11)
(9, 11)
(10, 11)
(11, 11)
(12, 11)
(12, 10)
(12, 9)
(13, 9)
(14, 9)
(14, 8)
(14, 7)
(14, 6)
(14, 5)
(14, 4)
(14, 3)
kaikki ok
Reitin pituus: 23
(13, 15)
(14, 15)
(14, 14)
(14, 13)
(14, 12)
(14, 11)
(14, 10)
(14, 9)
(14, 8)
(14, 7)
(14, 6)
(14, 5)
(14, 4)
(14, 3)
(13, 3)
(12, 3)
(11, 3)
(10, 3)
(9, 3)
(8, 3)
(8, 2)
(8, 1)
(7, 1)
(6, 1)
kaikki ok
Reitin pituus: 8
(14, 6)
(14, 5)
(14, 4)
(14, 3)
(15, 3)
(16, 3)
(17, 3)
(17, 2)
(17, 1)
kaikki ok
Reitin pituus: 8
(7, 17)
(8, 17)
(8, 18)
(8, 19)
(7, 19)
(6, 19)
(5, 19)
(4, 19)
(3, 19)
kaikki ok
Reitin pituus: 5
(11, 13)
(12, 13)
(13, 13)
(14, 13)
(14, 14)
(14, 15)
kaikki ok
Reitin pituus: 9
(14, 17)
(14, 16)
(14, 15)
(13, 15)
(12, 15)
(11, 15)
(10, 15)
(9, 15)
(8, 15)
(7, 15)
kaikki ok
Reitin pituus: 17
(12, 11)
(11, 11)
(10, 11)
(9, 11)
(8, 11)
(7, 11)
(6, 11)
(6, 10)
(6, 9)
(5, 9)
(4, 9)
(4, 8)
(4, 7)
(4, 6)
(4, 5)
(4, 4)
(4, 3)
(3, 3)
kaikki ok
Reitin pituus: 9
(4, 9)
(4, 8)
(4, 7)
(4, 6)
(4, 5)
(4, 4)
(4, 3)
(4, 2)
(4, 1)
(5, 1)
kaikki ok
Reitin pituus: 11
(7, 17)
(8, 17)
(8, 18)
(8, 19)
(7, 19)
(6, 19)
(5, 19)
(4, 19)
(3, 19)
(2, 19)
(1, 19)
(1, 18)
kaikki ok
Reitin pituus: 3
(7, 15)
(6, 15)
(6, 16)
(6, 17)
kaikki ok
Reitin pituus: 15
(12, 9)
(12, 8)
(12, 7)
(11, 7)
(10, 7)
(9, 7)
(8, 7)
(8, 6)
(8, 5)
(7, 5)
(6, 5)
(6, 4)
(6, 3)
(5, 3)
(4, 3)
(4, 2)
kaikki ok
Reitin pituus: 6
(4, 17)
(4, 16)
(4, 15)
(5, 15)
(6, 15)
(7, 15)
(8, 15)
kaikki ok
Reitin pituus: 20
(16, 19)
(17, 19)
(17, 18)
(17, 17)
(16, 17)
(15, 17)
(14, 17)
(14, 16)
(14, 15)
(13, 15)
(12, 15)
(11, 15)
(10, 15)
(9, 15)
(8, 15)
(8, 14)
(8, 13)
(7, 13)
(6, 13)
(6, 12)
(6, 11)
kaikki ok
Reitin pituus: 12
(13, 19)
(12, 19)
(11, 19)
(10, 19)
(10, 18)
(10, 17)
(11, 17)
(12, 17)
(12, 16)
(12, 15)
(13, 15)
(14, 15)
(14, 14)
kaikki ok
Reitin pituus: 10
(14, 10)
(14, 9)
(13, 9)
(12, 9)
(12, 10)
(12, 11)
(11, 11)
(10, 11)
(9, 11)
(8, 11)
(7, 11)
kaikki ok
Reitin pituus: 10
(10, 6)
(10, 7)
(9, 7)
(8, 7)
(7, 7)
(6, 7)
(6, 8)
(6, 9)
(6, 10)
(6, 11)
(6, 12)
kaikki ok
Reitin pituus: 23
(14, 16)
(14, 15)
(13, 15)
(12, 15)
(11, 15)
(10, 15)
(9, 15)
(8, 15)
(8, 14)
(8, 13)
(7, 13)
(6, 13)
(6, 12)
(6, 11)
(6, 10)
(6, 9)
(5, 9)
(4, 9)
(4, 8)
(4, 7)
(4, 6)
(4, 5)
(4, 4)
(4, 3)
kaikki ok
Reitin pituus: 23
(8, 1)
(8, 2)
(8, 3)
(9, 3)
(10, 3)
(11, 3)
(12, 3)
(13, 3)
(14, 3)
(14, 4)
(14, 5)
(14, 6)
(14, 7)
(14, 8)
(14, 9)
(13, 9)
(12, 9)
(12, 10)
(12, 11)
(12, 12)
(12, 13)
(11, 13)
(10, 13)
(10, 14)
kaikki ok
Reitin pituus: 14
(4, 1)
(4, 2)
(4, 3)
(5, 3)
(6, 3)
(6, 4)
(6, 5)
(7, 5)
(8, 5)
(8, 6)
(8, 7)
(9, 7)
(9, 8)
(9, 9)
(8, 9)
kaikki ok
Reitin pituus: 2
(4, 10)
(4, 11)
(4, 12)
kaikki ok
Reitin pituus: 7
(3, 17)
(4, 17)
(4, 16)
(4, 15)
(5, 15)
(6, 15)
(6, 16)
(6, 17)
kaikki ok
Reitin pituus: 14
(12, 5)
(12, 4)
(12, 3)
(11, 3)
(10, 3)
(9, 3)
(8, 3)
(7, 3)
(6, 3)
(5, 3)
(4, 3)
(4, 4)
(4, 5)
(3, 5)
(2, 5)
kaikki ok
Reitin pituus: 14
(13, 9)
(12, 9)
(12, 10)
(12, 11)
(12, 12)
(12, 13)
(11, 13)
(10, 13)
(10, 14)
(10, 15)
(9, 15)
(8, 15)
(7, 15)
(6, 15)
(5, 15)
kaikki ok
Reitin pituus: 17
(8, 17)
(7, 17)
(6, 17)
(6, 16)
(6, 15)
(7, 15)
(8, 15)
(9, 15)
(10, 15)
(10, 14)
(10, 13)
(11, 13)
(12, 13)
(12, 12)
(12, 11)
(12, 10)
(12, 9)
(13, 9)
kaikki ok
Reitin pituus: 27
(2, 15)
(1, 15)
(1, 14)
(1, 13)
(2, 13)
(3, 13)
(4, 13)
(5, 13)
(6, 13)
(6, 12)
(6, 11)
(7, 11)
(8, 11)
(9, 11)
(10, 11)
(11, 11)
(12, 11)
(12, 10)
(12, 9)
(13, 9)
(14, 9)
(14, 8)
(14, 7)
(14, 6)
(14, 5)
(15, 5)
(16, 5)
(17, 5)
kaikki ok
Reitin pituus: 6
(13, 19)
(12, 19)
(11, 19)
(10, 19)
(9, 19)
(8, 19)
(7, 19)
kaikki ok
Reitin pituus: 14
(7, 3)
(6, 3)
(5, 3)
(4, 3)
(4, 4)
(4, 5)
(4, 6)
(4, 7)
(4, 8)
(4, 9)
(4, 10)
(4, 11)
(4, 12)
(4, 13)
(4, 14)
kaikki ok
Reitin pituus: 32
(1, 18)
(1, 17)
(2, 17)
(3, 17)
(4, 17)
(4, 16)
(4, 15)
(4, 14)
(4, 13)
(4, 12)
(4, 11)
(4, 10)
(4, 9)
(4, 8)
(4, 7)
(4, 6)
(4, 5)
(4, 4)
(4, 3)
(5, 3)
(6, 3)
(7, 3)
(8, 3)
(9, 3)
(10, 3)
(10, 2)
(10, 1)
(11, 1)
(12, 1)
(13, 1)
(14, 1)
(15, 1)
(16, 1)
kaikki ok
Reitin pituus: 20
(10, 14)
(10, 15)
(9, 15)
(8, 15)
(7, 15)
(6, 15)
(5, 15)
(4, 15)
(4, 14)
(4, 13)
(4, 12)
(4, 11)
(4, 10)
(4, 9)
(4, 8)
(4, 7)
(4, 6)
(4, 5)
(4, 4)
(4, 3)
(3, 3)
kaikki ok
Reitin pituus: 17
(4, 17)
(4, 16)
(4, 15)
(5, 15)
(6, 15)
(7, 15)
(8, 15)
(9, 15)
(10, 15)
(10, 14)
(10, 13)
(11, 13)
(12, 13)
(13, 13)
(14, 13)
(15, 13)
(16, 13)
(17, 13)
kaikki ok
Reitin pituus: 19
(11, 7)
(10, 7)
(9, 7)
(8, 7)
(7, 7)
(6, 7)
(6, 8)
(6, 9)
(5, 9)
(4, 9)
(4, 10)
(4, 11)
(4, 12)
(4, 13)
(3, 13)
(2, 13)
(1, 13)
(1, 14)
(1, 15)
(2, 15)
kaikki ok
Reitin pituus: 12
(9, 11)
(10, 11)
(11, 11)
(12, 11)
(12, 12)
(12, 13)
(13, 13)
(14, 13)
(15, 13)
(16, 13)
(17, 13)
(17, 14)
(17, 15)
kaikki ok
Reitin pituus: 2
(14, 2)
(14, 3)
(13, 3)
kaikki ok
Reitin pituus: 23
(4, 19)
(3, 19)
(2, 19)
(1, 19)
(1, 18)
(1, 17)
(2, 17)
(3, 17)
(4, 17)
(4, 16)
(4, 15)
(4, 14)
(4, 13)
(5, 13)
(6, 13)
(6, 12)
(6, 11)
(6, 10)
(6, 9)
(6, 8)
(6, 7)
(7, 7)
(8, 7)
(9, 7)
kaikki ok
Reitin pituus: 18
(17, 14)
(17, 13)
(16, 13)
(15, 13)
(14, 13)
(14, 12)
(14, 11)
(14, 10)
(14, 9)
(14, 8)
(14, 7)
(14, 6)
(14, 5)
(14, 4)
(14, 3)
(13, 3)
(12, 3)
(12, 4)
(12, 5)
kaikki ok
Reitin pituus: 10
(6, 17)
(7, 17)
(8, 17)
(8, 18)
(8, 19)
(9, 19)
(10, 19)
(11, 19)
(12, 19)
(13, 19)
(14, 19)
kaikki ok
Reitin pituus: 1
(10, 19)
(11, 19)
kaikki ok
Reitin pituus: 17
(15, 19)
(14, 19)
(13, 19)
(12, 19)
(11, 19)
(10, 19)
(9, 19)
(8, 19)
(8, 18)
(8, 17)
(7, 17)
(6, 17)
(6, 16)
(6, 15)
(5, 15)
(4, 15)
(4, 14)
(4, 13)
kaikki ok
Reitin pituus: 30
(3, 17)
(4, 17)
(4, 16)
(4, 15)
(4, 14)
(4, 13)
(4, 12)
(4, 11)
(4, 10)
(4, 9)
(5, 9)
(6, 9)
(6, 8)
(6, 7)
(7, 7)
(8, 7)
(9, 7)
(10, 7)
(10, 6)
(10, 5)
(11, 5)
(12, 5)
(12, 4)
(12, 3)
(13, 3)
(14, 3)
(15, 3)
(16, 3)
(17, 3)
(17, 2)
(17, 1)
kaikki ok
Reitin pituus: 8
(7, 17)
(6, 17)
(6, 16)
(6, 15)
(5, 15)
(4, 15)
(4, 16)
(4, 17)
(3, 17)
kaikki ok
Reitin pituus: 20
(6, 12)
(6, 11)
(7, 11)
(8, 11)
(9, 11)
(10, 11)
(11, 11)
(12, 11)
(12, 10)
(12, 9)
(13, 9)
(14, 9)
(14, 8)
(14, 7)
(14, 6)
(14, 5)
(14, 4)
(14, 3)
(14, 2)
(14, 1)
(15, 1)
kaikki ok
Reitin pituus: 19
(5, 3)
(6, 3)
(6, 4)
(6, 5)
(7, 5)
(8, 5)
(8, 6)
(8, 7)
(9, 7)
(10, 7)
(11, 7)
(12, 7)
(12, 8)
(12, 9)
(12, 10)
(12, 11)
(12, 12)
(12, 13)
(13, 13)
(14, 13)
kaikki ok
Reitin pituus: 18
(10, 11)
(9, 11)
(8, 11)
(7, 11)
(6, 11)
(6, 10)
(6, 9)
(5, 9)
(4, 9)
(4, 8)
(4, 7)
(4, 6)
(4, 5)
(4, 4)
(4, 3)
(4, 2)
(4, 1)
(3, 1)
(2, 1)
kaikki ok
Reitin pituus: 24
(9, 7)
(8, 7)
(7, 7)
(6, 7)
(6, 8)
(6, 9)
(5, 9)
(4, 9)
(4, 10)
(4, 11)
(4, 12)
(4, 13)
(4, 14)
(4, 15)
(5, 15)
(6, 15)
(6, 16)
(6, 17)
(7, 17)
(8, 17)
(8, 18)
(8, 19)
(7, 19)
(6, 19)
(5, 19)
kaikki ok
Reitin pituus: 7
(7, 3)
(8, 3)
(9, 3)
(10, 3)
(11, 3)
(12, 3)
(13, 3)
(14, 3)
kaikki ok
Reitin pituus: 17
(10, 1)
(11, 1)
(12, 1)
(13, 1)
(14, 1)
(14, 2)
(14, 3)
(14, 4)
(14, 5)
(14, 6)
(14, 7)
(14, 8)
(14, 9)
(14, 10)
(14, 11)
(14, 12)
(14, 13)
(14, 14)
kaikki ok
Reitin pituus: 13
(9, 7)
(8, 7)
(8, 6)
(8, 5)
(7, 5)
(6, 5)
(6, 4)
(6, 3)
(5, 3)
(4, 3)
(3, 3)
(2, 3)
(1, 3)
(1, 4)
kaikki ok
Reitin pituus: 10
(12, 11)
(11, 11)
(10, 11)
(9, 11)
(8, 11)
(7, 11)
(6, 11)
(6, 12)
(6, 13)
(5, 13)
(4, 13)
kaikki ok
Reitin pituus: 4
(10, 6)
(10, 7)
(9, 7)
(8, 7)
(8, 6)
kaikki ok
Reitin pituus: 22
(11, 19)
(10, 19)
(10, 18)
(10, 17)
(11, 17)
(12, 17)
(12, 16)
(12, 15)
(13, 15)
(14, 15)
(14, 14)
(14, 13)
(14, 12)
(14, 11)
(14, 10)
(14, 9)
(14, 8)
(14, 7)
(14, 6)
(14, 5)
(15, 5)
(16, 5)
(17, 5)
kaikki ok
Reitin pituus: 9
(12, 13)
(13, 13)
(14, 13)
(14, 14)
(14, 15)
(14, 16)
(14, 17)
(15, 17)
(16, 17)
(17, 17)
kaikki ok
Reitin pituus: 6
(12, 4)
(12, 3)
(13, 3)
(14, 3)
(14, 2)
(14, 1)
(15, 1)
kaikki ok
Reitin pituus: 5
(4, 9)
(4, 8)
(4, 7)
(4, 6)
(4, 5)
(4, 4)
kaikki ok
Reitin pituus: 13
(6, 3)
(6, 4)
(6, 5)
(7, 5)
(8, 5)
(8, 6)
(8, 7)
(9, 7)
(10, 7)
(11, 7)
(12, 7)
(12, 8)
(12, 9)
(12, 10)
kaikki ok
Reitin pituus: 14
(17, 13)
(16, 13)
(15, 13)
(14, 13)
(14, 12)
(14, 11)
(14, 10)
(14, 9)
(13, 9)
(12, 9)
(12, 8)
(12, 7)
(11, 7)
(10, 7)
(10, 6)
kaikki ok
Reitin pituus: 15
(8, 5)
(8, 6)
(8, 7)
(7, 7)
(6, 7)
(6, 8)
(6, 9)
(6, 10)
(6, 11)
(6, 12)
(6, 13)
(7, 13)
(8, 13)
(8, 14)
(8, 15)
(9, 15)
kaikki ok
Reitin pituus: 14
(4, 13)
(5, 13)
(6, 13)
(6, 12)
(6, 11)
(6, 10)
(6, 9)
(6, 8)
(6, 7)
(7, 7)
(8, 7)
(9, 7)
(9, 8)
(9, 9)
(10, 9)
kaikki ok
Reitin pituus: 1
(17, 2)
(17, 3)
kaikki ok
Reitin pituus: 2
(11, 13)
(12, 13)
(12, 12)
kaikki ok
Reitin pituus: 22
(4, 16)
(4, 15)
(5, 15)
(6, 15)
(7, 15)
(8, 15)
(9, 15)
(10, 15)
(10, 14)
(10, 13)
(11, 13)
(12, 13)
(12, 12)
(12, 11)
(12, 10)
(12, 9)
(13, 9)
(14, 9)
(14, 8)
(14, 7)
(14, 6)
(14, 5)
(14, 4)
kaikki ok
Reitin pituus: 14
(12, 19)
(11, 19)
(10, 19)
(9, 19)
(8, 19)
(8, 18)
(8, 17)
(7, 17)
(6, 17)
(6, 16)
(6, 15)
(5, 15)
(4, 15)
(4, 14)
(4, 13)
kaikki ok
Reitin pituus: 26
(6, 17)
(6, 16)
(6, 15)
(7, 15)
(8, 15)
(9, 15)
(10, 15)
(10, 14)
(10, 13)
(11, 13)
(12, 13)
(12, 12)
(12, 11)
(12, 10)
(12, 9)
(13, 9)
(14, 9)
(14, 8)
(14, 7)
(14, 6)
(14, 5)
(14, 4)
(14, 3)
(14, 2)
(14, 1)
(13, 1)
(12, 1)
kaikki ok
Reitin pituus: 9
(6, 10)
(6, 9)
(6, 8)
(6, 7)
(7, 7)
(8, 7)
(9, 7)
(9, 8)
(9, 9)
(10, 9)
kaikki ok
Reitin pituus: 9
(4, 10)
(4, 11)
(4, 12)
(4, 13)
(4, 14)
(4, 15)
(4, 16)
(4, 17)
(3, 17)
(2, 17)
kaikki ok
Reitin pituus: 13
(4, 11)
(4, 12)
(4, 13)
(5, 13)
(6, 13)
(7, 13)
(8, 13)
(8, 14)
(8, 15)
(9, 15)
(10, 15)
(11, 15)
(12, 15)
(13, 15)
kaikki ok
Reitin pituus: 24
(9, 8)
(9, 7)
(8, 7)
(7, 7)
(6, 7)
(6, 8)
(6, 9)
(5, 9)
(4, 9)
(4, 10)
(4, 11)
(4, 12)
(4, 13)
(4, 14)
(4, 15)
(5, 15)
(6, 15)
(6, 16)
(6, 17)
(7, 17)
(8, 17)
(8, 18)
(8, 19)
(7, 19)
(6, 19)
kaikki ok
Reitin pituus: 26
(7, 1)
(6, 1)
(5, 1)
(4, 1)
(4, 2)
(4, 3)
(4, 4)
(4, 5)
(4, 6)
(4, 7)
(4, 8)
(4, 9)
(4, 10)
(4, 11)
(4, 12)
(4, 13)
(4, 14)
(4, 15)
(5, 15)
(6, 15)
(6, 16)
(6, 17)
(7, 17)
(8, 17)
(8, 18)
(8, 19)
(9, 19)
kaikki ok
Reitin pituus: 3
(8, 7)
(8, 6)
(8, 5)
(7, 5)
kaikki ok
Reitin pituus: 19
(12, 17)
(12, 16)
(12, 15)
(13, 15)
(14, 15)
(14, 14)
(14, 13)
(14, 12)
(14, 11)
(14, 10)
(14, 9)
(14, 8)
(14, 7)
(14, 6)
(14, 5)
(14, 4)
(14, 3)
(13, 3)
(12, 3)
(11, 3)
kaikki ok
Reitin pituus: 22
(10, 19)
(10, 18)
(10, 17)
(11, 17)
(12, 17)
(12, 16)
(12, 15)
(13, 15)
(14, 15)
(14, 14)
(14, 13)
(14, 12)
(14, 11)
(14, 10)
(14, 9)
(13, 9)
(12, 9)
(12, 8)
(12, 7)
(11, 7)
(10, 7)
(10, 6)
(10, 5)
kaikki ok
Reitin pituus: 6
(8, 18)
(8, 19)
(7, 19)
(6, 19)
(5, 19)
(4, 19)
(3, 19)
kaikki ok
Reitin pituus: 13
(15, 17)
(14, 17)
(14, 16)
(14, 15)
(14, 14)
(14, 13)
(13, 13)
(12, 13)
(12, 12)
(12, 11)
(12, 10)
(12, 9)
(12, 8)
(12, 7)
kaikki ok
Reitin pituus: 21
(2, 1)
(3, 1)
(4, 1)
(4, 2)
(4, 3)
(4, 4)
(4, 5)
(4, 6)
(4, 7)
(4, 8)
(4, 9)
(4, 10)
(4, 11)
(4, 12)
(4, 13)
(4, 14)
(4, 15)
(4, 16)
(4, 17)
(3, 17)
(2, 17)
(2, 16)
kaikki ok
Reitin pituus: 9
(8, 11)
(9, 11)
(10, 11)
(11, 11)
(12, 11)
(12, 10)
(12, 9)
(12, 8)
(12, 7)
(11, 7)
kaikki ok
Reitin pituus: 6
(6, 8)
(6, 7)
(7, 7)
(8, 7)
(9, 7)
(9, 8)
(9, 9)
kaikki ok
Reitin pituus: 16
(9, 3)
(10, 3)
(11, 3)
(12, 3)
(12, 4)
(12, 5)
(11, 5)
(10, 5)
(10, 6)
(10, 7)
(11, 7)
(12, 7)
(12, 8)
(12, 9)
(12, 10)
(12, 11)
(11, 11)
kaikki ok
Reitin pituus: 19
(1, 5)
(1, 4)
(1, 3)
(2, 3)
(3, 3)
(4, 3)
(5, 3)
(6, 3)
(7, 3)
(8, 3)
(9, 3)
(10, 3)
(11, 3)
(12, 3)
(13, 3)
(14, 3)
(14, 4)
(14, 5)
(14, 6)
(14, 7)
kaikki ok
Reitin pituus: 20
(16, 5)
(15, 5)
(14, 5)
(14, 6)
(14, 7)
(14, 8)
(14, 9)
(14, 10)
(14, 11)
(14, 12)
(14, 13)
(14, 14)
(14, 15)
(14, 16)
(14, 17)
(15, 17)
(16, 17)
(17, 17)
(17, 18)
(17, 19)
(16, 19)
kaikki ok
Reitin pituus: 6
(8, 13)
(7, 13)
(6, 13)
(5, 13)
(4, 13)
(3, 13)
(2, 13)
kaikki ok
Reitin pituus: 18
(15, 5)
(14, 5)
(14, 6)
(14, 7)
(14, 8)
(14, 9)
(14, 10)
(14, 11)
(14, 12)
(14, 13)
(14, 14)
(14, 15)
(13, 15)
(12, 15)
(12, 16)
(12, 17)
(11, 17)
(10, 17)
(10, 18)
kaikki ok
Reitin pituus: 9
(4, 5)
(4, 6)
(4, 7)
(4, 8)
(4, 9)
(5, 9)
(6, 9)
(6, 8)
(6, 7)
(7, 7)
kaikki ok
Reitin pituus: 7
(8, 5)
(7, 5)
(6, 5)
(6, 4)
(6, 3)
(7, 3)
(8, 3)
(8, 2)
kaikki ok
Reitin pituus: 10
(5, 19)
(4, 19)
(3, 19)
(2, 19)
(1, 19)
(1, 18)
(1, 17)
(2, 17)
(3, 17)
(4, 17)
(4, 16)
kaikki ok
Reitin pituus: 21
(5, 3)
(4, 3)
(4, 4)
(4, 5)
(4, 6)
(4, 7)
(4, 8)
(4, 9)
(4, 10)
(4, 11)
(4, 12)
(4, 13)
(4, 14)
(4, 15)
(4, 16)
(4, 17)
(3, 17)
(2, 17)
(1, 17)
(1, 18)
(1, 19)
(2, 19)
kaikki ok
Reitin pituus: 12
(16, 3)
(15, 3)
(14, 3)
(13, 3)
(12, 3)
(11, 3)
(10, 3)
(9, 3)
(8, 3)
(7, 3)
(6, 3)
(5, 3)
(4, 3)
kaikki ok
Reitin pituus: 24
(6, 3)
(6, 4)
(6, 5)
(7, 5)
(8, 5)
(8, 6)
(8, 7)
(9, 7)
(10, 7)
(11, 7)
(12, 7)
(12, 8)
(12, 9)
(13, 9)
(14, 9)
(14, 10)
(14, 11)
(14, 12)
(14, 13)
(15, 13)
(16, 13)
(17, 13)
(17, 14)
(17, 15)
(16, 15)
kaikki ok
Reitin pituus: 17
(1, 15)
(2, 15)
(2, 16)
(2, 17)
(1, 17)
(1, 18)
(1, 19)
(2, 19)
(3, 19)
(4, 19)
(5, 19)
(6, 19)
(7, 19)
(8, 19)
(9, 19)
(10, 19)
(11, 19)
(12, 19)
kaikki ok
Reitin pituus: 15
(14, 14)
(14, 13)
(13, 13)
(12, 13)
(12, 12)
(12, 11)
(12, 10)
(12, 9)
(12, 8)
(12, 7)
(11, 7)
(10, 7)
(9, 7)
(8, 7)
(7, 7)
(6, 7)
kaikki ok
Reitin pituus: 7
(14, 17)
(14, 16)
(14, 15)
(13, 15)
(12, 15)
(11, 15)
(10, 15)
(10, 14)
kaikki ok
Reitin pituus: 20
(2, 3)
(3, 3)
(4, 3)
(4, 4)
(4, 5)
(4, 6)
(4, 7)
(4, 8)
(4, 9)
(4, 10)
(4, 11)
(4, 12)
(4, 13)
(4, 14)
(4, 15)
(4, 16)
(4, 17)
(3, 17)
(2, 17)
(1, 17)
(1, 18)
kaikki ok
Reitin pituus: 8
(15, 1)
(14, 1)
(14, 2)
(14, 3)
(14, 4)
(14, 5)
(14, 6)
(14, 7)
(14, 8)
kaikki ok
Reitin pituus: 16
(10, 13)
(10, 14)
(10, 15)
(9, 15)
(8, 15)
(7, 15)
(6, 15)
(6, 16)
(6, 17)
(7, 17)
(8, 17)
(8, 18)
(8, 19)
(7, 19)
(6, 19)
(5, 19)
(4, 19)
kaikki ok
Reitin pituus: 18
(17, 17)
(16, 17)
(15, 17)
(14, 17)
(14, 16)
(14, 15)
(14, 14)
(14, 13)
(13, 13)
(12, 13)
(12, 12)
(12, 11)
(12, 10)
(12, 9)
(12, 8)
(12, 7)
(11, 7)
(10, 7)
(9, 7)
kaikki ok
Reitin pituus: 18
(12, 5)
(11, 5)
(10, 5)
(10, 6)
(10, 7)
(11, 7)
(12, 7)
(12, 8)
(12, 9)
(12, 10)
(12, 11)
(12, 12)
(12, 13)
(11, 13)
(10, 13)
(10, 14)
(10, 15)
(9, 15)
(8, 15)
kaikki ok
Reitin pituus: 9
(2, 16)
(2, 17)
(3, 17)
(4, 17)
(4, 16)
(4, 15)
(4, 14)
(4, 13)
(4, 12)
(4, 11)
kaikki ok
Reitin pituus: 6
(5, 19)
(6, 19)
(7, 19)
(8, 19)
(9, 19)
(10, 19)
(11, 19)
kaikki ok
Reitin pituus: 11
(6, 9)
(5, 9)
(4, 9)
(4, 10)
(4, 11)
(4, 12)
(4, 13)
(4, 14)
(4, 15)
(4, 16)
(4, 17)
(3, 17)
kaikki ok
Reitin pituus: 5
(12, 7)
(12, 8)
(12, 9)
(13, 9)
(14, 9)
(14, 8)
kaikki ok
Reitin pituus: 10
(14, 11)
(14, 10)
(14, 9)
(13, 9)
(12, 9)
(12, 8)
(12, 7)
(11, 7)
(10, 7)
(10, 6)
(10, 5)
kaikki ok
Reitin pituus: 15
(4, 8)
(4, 7)
(4, 6)
(4, 5)
(4, 4)
(4, 3)
(5, 3)
(6, 3)
(7, 3)
(8, 3)
(9, 3)
(10, 3)
(11, 3)
(12, 3)
(13, 3)
(14, 3)
kaikki ok
Reitin pituus: 12
(4, 13)
(4, 14)
(4, 15)
(5, 15)
(6, 15)
(6, 16)
(6, 17)
(7, 17)
(8, 17)
(8, 18)
(8, 19)
(7, 19)
(6, 19)
kaikki ok
Reitin pituus: 16
(6, 19)
(7, 19)
(8, 19)
(9, 19)
(10, 19)
(11, 19)
(12, 19)
(13, 19)
(14, 19)
(15, 19)
(16, 19)
(17, 19)
(17, 18)
(17, 17)
(16, 17)
(16, 16)
(16, 15)
kaikki ok
Reitin pituus: 0
(14, 16)
kaikki ok
Reitin pituus: 7
(2, 17)
(3, 17)
(4, 17)
(4, 16)
(4, 15)
(5, 15)
(6, 15)
(6, 16)
kaikki ok
Reitin pituus: 16
(14, 4)
(14, 5)
(14, 6)
(14, 7)
(14, 8)
(14, 9)
(14, 10)
(14, 11)
(14, 12)
(14, 13)
(15, 13)
(16, 13)
(17, 13)
(17, 14)
(17, 15)
(16, 15)
(16, 16)
kaikki ok
Reitin pituus: 8
(6, 5)
(6, 4)
(6, 3)
(5, 3)
(4, 3)
(4, 4)
(4, 5)
(4, 6)
(4, 7)
kaikki ok
Reitin pituus: 13
(2, 15)
(2, 16)
(2, 17)
(1, 17)
(1, 18)
(1, 19)
(2, 19)
(3, 19)
(4, 19)
(5, 19)
(6, 19)
(7, 19)
(8, 19)
(9, 19)
kaikki ok
Reitin pituus: 12
(1, 5)
(2, 5)
(3, 5)
(4, 5)
(4, 6)
(4, 7)
(4, 8)
(4, 9)
(4, 10)
(4, 11)
(4, 12)
(4, 13)
(3, 13)
kaikki ok
Reitin pituus: 10
(11, 19)
(10, 19)
(10, 18)
(10, 17)
(11, 17)
(12, 17)
(12, 16)
(12, 15)
(11, 15)
(10, 15)
(9, 15)
kaikki ok
Reitin pituus: 29
(15, 1)
(14, 1)
(14, 2)
(14, 3)
(13, 3)
(12, 3)
(12, 4)
(12, 5)
(11, 5)
(10, 5)
(10, 6)
(10, 7)
(9, 7)
(8, 7)
(7, 7)
(6, 7)
(6, 8)
(6, 9)
(6, 10)
(6, 11)
(6, 12)
(6, 13)
(5, 13)
(4, 13)
(3, 13)
(2, 13)
(1, 13)
(1, 14)
(1, 15)
(2, 15)
kaikki ok
Reitin pituus: 14
(11, 3)
(12, 3)
(12, 4)
(12, 5)
(11, 5)
(10, 5)
(10, 6)
(10, 7)
(11, 7)
(12, 7)
(12, 8)
(12, 9)
(12, 10)
(12, 11)
(12, 12)
kaikki ok
Reitin pituus: 7
(9, 9)
(9, 8)
(9, 7)
(10, 7)
(11, 7)
(12, 7)
(12, 8)
(12, 9)
kaikki ok
Reitin pituus: 16
(12, 13)
(11, 13)
(10, 13)
(10, 14)
(10, 15)
(9, 15)
(8, 15)
(7, 15)
(6, 15)
(5, 15)
(4, 15)
(4, 16)
(4, 17)
(3, 17)
(2, 17)
(1, 17)
(1, 18)
kaikki ok
Reitin pituus: 21
(17, 18)
(17, 17)
(16, 17)
(15, 17)
(14, 17)
(14, 16)
(14, 15)
(14, 14)
(14, 13)
(13, 13)
(12, 13)
(12, 12)
(12, 11)
(12, 10)
(12, 9)
(12, 8)
(12, 7)
(11, 7)
(10, 7)
(9, 7)
(8, 7)
(8, 6)
kaikki ok
Reitin pituus: 13
(4, 12)
(4, 13)
(5, 13)
(6, 13)
(7, 13)
(8, 13)
(8, 14)
(8, 15)
(9, 15)
(10, 15)
(11, 15)
(12, 15)
(13, 15)
(14, 15)
kaikki ok
Reitin pituus: 12
(14, 2)
(14, 3)
(14, 4)
(14, 5)
(14, 6)
(14, 7)
(14, 8)
(14, 9)
(14, 10)
(14, 11)
(14, 12)
(14, 13)
(13, 13)
kaikki ok
Reitin pituus: 6
(12, 7)
(12, 8)
(12, 9)
(13, 9)
(14, 9)
(14, 8)
(14, 7)
kaikki ok
Reitin pituus: 19
(16, 17)
(15, 17)
(14, 17)
(14, 16)
(14, 15)
(14, 14)
(14, 13)
(14, 12)
(14, 11)
(14, 10)
(14, 9)
(13, 9)
(12, 9)
(12, 8)
(12, 7)
(11, 7)
(10, 7)
(9, 7)
(8, 7)
(8, 6)
kaikki ok
Reitin pituus: 7
(6, 11)
(6, 12)
(6, 13)
(7, 13)
(8, 13)
(8, 14)
(8, 15)
(9, 15)
kaikki ok
Reitin pituus: 14
(14, 10)
(14, 9)
(13, 9)
(12, 9)
(12, 10)
(12, 11)
(11, 11)
(10, 11)
(9, 11)
(8, 11)
(7, 11)
(6, 11)
(6, 12)
(6, 13)
(5, 13)
kaikki ok
Reitin pituus: 19
(6, 7)
(6, 8)
(6, 9)
(6, 10)
(6, 11)
(6, 12)
(6, 13)
(7, 13)
(8, 13)
(8, 14)
(8, 15)
(9, 15)
(10, 15)
(11, 15)
(12, 15)
(13, 15)
(14, 15)
(14, 16)
(14, 17)
(15, 17)
kaikki ok
Reitin pituus: 21
(7, 1)
(6, 1)
(5, 1)
(4, 1)
(4, 2)
(4, 3)
(4, 4)
(4, 5)
(4, 6)
(4, 7)
(4, 8)
(4, 9)
(5, 9)
(6, 9)
(6, 10)
(6, 11)
(6, 12)
(6, 13)
(7, 13)
(8, 13)
(8, 14)
(8, 15)
kaikki ok
Reitin pituus: 8
(9, 8)
(9, 7)
(10, 7)
(11, 7)
(12, 7)
(12, 8)
(12, 9)
(13, 9)
(14, 9)
kaikki ok
Reitin pituus: 19
(2, 1)
(3, 1)
(4, 1)
(4, 2)
(4, 3)
(4, 4)
(4, 5)
(4, 6)
(4, 7)
(4, 8)
(4, 9)
(4, 10)
(4, 11)
(4, 12)
(4, 13)
(5, 13)
(6, 13)
(7, 13)
(8, 13)
(8, 14)
kaikki ok
Reitin pituus: 13
(10, 17)
(11, 17)
(12, 17)
(12, 16)
(12, 15)
(13, 15)
(14, 15)
(14, 14)
(14, 13)
(14, 12)
(14, 11)
(14, 10)
(14, 9)
(13, 9)
kaikki ok
Reitin pituus: 14
(5, 15)
(4, 15)
(4, 14)
(4, 13)
(4, 12)
(4, 11)
(4, 10)
(4, 9)
(4, 8)
(4, 7)
(4, 6)
(4, 5)
(4, 4)
(4, 3)
(5, 3)
kaikki ok
Reitin pituus: 3
(4, 8)
(4, 9)
(5, 9)
(6, 9)
kaikki ok
Reitin pituus: 1
(1, 5)
(2, 5)
kaikki ok
Reitin pituus: 12
(4, 10)
(4, 9)
(4, 8)
(4, 7)
(4, 6)
(4, 5)
(4, 4)
(4, 3)
(5, 3)
(6, 3)
(7, 3)
(8, 3)
(8, 2)
kaikki ok
Reitin pituus: 16
(17, 1)
(17, 2)
(17, 3)
(17, 4)
(17, 5)
(16, 5)
(15, 5)
(14, 5)
(14, 6)
(14, 7)
(14, 8)
(14, 9)
(14, 10)
(14, 11)
(14, 12)
(14, 13)
(15, 13)
kaikki ok
Reitin pituus: 11
(2, 17)
(3, 17)
(4, 17)
(4, 16)
(4, 15)
(4, 14)
(4, 13)
(4, 12)
(4, 11)
(4, 10)
(4, 9)
(5, 9)
kaikki ok
Reitin pituus: 16
(10, 9)
(9, 9)
(9, 8)
(9, 7)
(8, 7)
(8, 6)
(8, 5)
(7, 5)
(6, 5)
(6, 4)
(6, 3)
(5, 3)
(4, 3)
(4, 2)
(4, 1)
(3, 1)
(2, 1)
kaikki ok
Reitin pituus: 6
(4, 11)
(4, 10)
(4, 9)
(5, 9)
(6, 9)
(6, 10)
(6, 11)
kaikki ok
Reitin pituus: 8
(6, 1)
(7, 1)
(8, 1)
(8, 2)
(8, 3)
(7, 3)
(6, 3)
(6, 4)
(6, 5)
kaikki ok
Reitin pituus: 10
(4, 9)
(4, 8)
(4, 7)
(4, 6)
(4, 5)
(4, 4)
(4, 3)
(5, 3)
(6, 3)
(7, 3)
(8, 3)
kaikki ok
Reitin pituus: 9
(1, 18)
(1, 19)
(2, 19)
(3, 19)
(4, 19)
(5, 19)
(6, 19)
(7, 19)
(8, 19)
(9, 19)
kaikki ok
Reitin pituus: 10
(8, 13)
(8, 14)
(8, 15)
(7, 15)
(6, 15)
(6, 16)
(6, 17)
(7, 17)
(8, 17)
(8, 18)
(8, 19)
kaikki ok
Reitin pituus: 28
(14, 3)
(14, 4)
(14, 5)
(14, 6)
(14, 7)
(14, 8)
(14, 9)
(14, 10)
(14, 11)
(14, 12)
(14, 13)
(14, 14)
(14, 15)
(13, 15)
(12, 15)
(12, 16)
(12, 17)
(11, 17)
(10, 17)
(10, 18)
(10, 19)
(9, 19)
(8, 19)
(7, 19)
(6, 19)
(5, 19)
(4, 19)
(3, 19)
(2, 19)
kaikki ok
Reitin pituus: 21
(17, 13)
(16, 13)
(15, 13)
(14, 13)
(13, 13)
(12, 13)
(12, 12)
(12, 11)
(11, 11)
(10, 11)
(9, 11)
(8, 11)
(7, 11)
(6, 11)
(6, 10)
(6, 9)
(5, 9)
(4, 9)
(4, 8)
(4, 7)
(4, 6)
(4, 5)
kaikki ok
Reitin pituus: 13
(1, 18)
(1, 17)
(2, 17)
(3, 17)
(4, 17)
(4, 16)
(4, 15)
(5, 15)
(6, 15)
(7, 15)
(8, 15)
(9, 15)
(10, 15)
(10, 14)
kaikki ok
Reitin pituus: 16
(12, 13)
(13, 13)
(14, 13)
(14, 12)
(14, 11)
(14, 10)
(14, 9)
(14, 8)
(14, 7)
(14, 6)
(14, 5)
(14, 4)
(14, 3)
(14, 2)
(14, 1)
(13, 1)
(12, 1)
kaikki ok
Reitin pituus: 14
(6, 15)
(7, 15)
(8, 15)
(9, 15)
(10, 15)
(10, 14)
(10, 13)
(11, 13)
(12, 13)
(13, 13)
(14, 13)
(15, 13)
(16, 13)
(17, 13)
(17, 14)
kaikki ok
Reitin pituus: 15
(2, 5)
(3, 5)
(4, 5)
(4, 4)
(4, 3)
(5, 3)
(6, 3)
(7, 3)
(8, 3)
(9, 3)
(10, 3)
(11, 3)
(12, 3)
(12, 4)
(12, 5)
(11, 5)
kaikki ok
Reitin pituus: 22
(17, 5)
(16, 5)
(15, 5)
(14, 5)
(14, 6)
(14, 7)
(14, 8)
(14, 9)
(14, 10)
(14, 11)
(14, 12)
(14, 13)
(14, 14)
(14, 15)
(14, 16)
(14, 17)
(15, 17)
(16, 17)
(17, 17)
(17, 18)
(17, 19)
(16, 19)
(15, 19)
kaikki ok
Reitin pituus: 17
(4, 17)
(4, 16)
(4, 15)
(4, 14)
(4, 13)
(4, 12)
(4, 11)
(4, 10)
(4, 9)
(4, 8)
(4, 7)
(4, 6)
(4, 5)
(4, 4)
(4, 3)
(4, 2)
(4, 1)
(3, 1)
kaikki ok
Reitin pituus: 11
(11, 1)
(10, 1)
(10, 2)
(10, 3)
(9, 3)
(8, 3)
(7, 3)
(6, 3)
(6, 4)
(6, 5)
(7, 5)
(8, 5)
kaikki ok
Reitin pituus: 3
(11, 3)
(12, 3)
(12, 4)
(12, 5)
kaikki ok
Reitin pituus: 23
(5, 1)
(6, 1)
(7, 1)
(8, 1)
(8, 2)
(8, 3)
(9, 3)
(10, 3)
(11, 3)
(12, 3)
(13, 3)
(14, 3)
(14, 4)
(14, 5)
(14, 6)
(14, 7)
(14, 8)
(14, 9)
(14, 10)
(14, 11)
(14, 12)
(14, 13)
(14, 14)
(14, 15)
kaikki ok
Reitin pituus: 11
(15, 19)
(14, 19)
(13, 19)
(12, 19)
(11, 19)
(10, 19)
(9, 19)
(8, 19)
(7, 19)
(6, 19)
(5, 19)
(4, 19)
kaikki ok
Reitin pituus: 15
(10, 9)
(9, 9)
(9, 8)
(9, 7)
(10, 7)
(10, 6)
(10, 5)
(11, 5)
(12, 5)
(12, 4)
(12, 3)
(13, 3)
(14, 3)
(15, 3)
(16, 3)
(17, 3)
kaikki ok
Reitin pituus: 7
(1, 1)
(2, 1)
(3, 1)
(4, 1)
(5, 1)
(6, 1)
(7, 1)
(8, 1)
kaikki ok
Reitin pituus: 25
(3, 1)
(4, 1)
(4, 2)
(4, 3)
(4, 4)
(4, 5)
(4, 6)
(4, 7)
(4, 8)
(4, 9)
(4, 10)
(4, 11)
(4, 12)
(4, 13)
(4, 14)
(4, 15)
(5, 15)
(6, 15)
(6, 16)
(6, 17)
(7, 17)
(8, 17)
(8, 18)
(8, 19)
(9, 19)
(10, 19)
kaikki ok
Reitin pituus: 23
(8, 13)
(7, 13)
(6, 13)
(6, 12)
(6, 11)
(6, 10)
(6, 9)
(6, 8)
(6, 7)
(7, 7)
(8, 7)
(9, 7)
(10, 7)
(10, 6)
(10, 5)
(11, 5)
(12, 5)
(12, 4)
(12, 3)
(11, 3)
(10, 3)
(10, 2)
(10, 1)
(11, 1)
kaikki ok
Reitin pituus: 30
(2, 1)
(3, 1)
(4, 1)
(4, 2)
(4, 3)
(4, 4)
(4, 5)
(4, 6)
(4, 7)
(4, 8)
(4, 9)
(4, 10)
(4, 11)
(4, 12)
(4, 13)
(4, 14)
(4, 15)
(5, 15)
(6, 15)
(6, 16)
(6, 17)
(7, 17)
(8, 17)
(8, 18)
(8, 19)
(9, 19)
(10, 19)
(11, 19)
(12, 19)
(13, 19)
(14, 19)
kaikki ok
Reitin pituus: 7
(10, 14)
(10, 13)
(11, 13)
(12, 13)
(12, 12)
(12, 11)
(11, 11)
(10, 11)
kaikki ok
Reitin pituus: 0
(16, 16)
kaikki ok
Reitin pituus: 17
(15, 5)
(14, 5)
(14, 4)
(14, 3)
(13, 3)
(12, 3)
(11, 3)
(10, 3)
(9, 3)
(8, 3)
(8, 2)
(8, 1)
(7, 1)
(6, 1)
(5, 1)
(4, 1)
(3, 1)
(2, 1)
kaikki ok
Reitin pituus: 22
(4, 9)
(5, 9)
(6, 9)
(6, 10)
(6, 11)
(7, 11)
(8, 11)
(9, 11)
(10, 11)
(11, 11)
(12, 11)
(12, 12)
(12, 13)
(13, 13)
(14, 13)
(14, 14)
(14, 15)
(14, 16)
(14, 17)
(15, 17)
(16, 17)
(17, 17)
(17, 18)
kaikki ok
Reitin pituus: 12
(14, 15)
(14, 14)
(14, 13)
(13, 13)
(12, 13)
(12, 12)
(12, 11)
(12, 10)
(12, 9)
(12, 8)
(12, 7)
(11, 7)
(10, 7)
kaikki ok
Reitin pituus: 1
(14, 13)
(14, 14)
kaikki ok
Reitin pituus: 15
(8, 17)
(8, 18)
(8, 19)
(9, 19)
(10, 19)
(10, 18)
(10, 17)
(11, 17)
(12, 17)
(12, 16)
(12, 15)
(13, 15)
(14, 15)
(14, 14)
(14, 13)
(14, 12)
kaikki ok
Reitin pituus: 10
(5, 9)
(4, 9)
(4, 8)
(4, 7)
(4, 6)
(4, 5)
(4, 4)
(4, 3)
(4, 2)
(4, 1)
(3, 1)
kaikki ok
Reitin pituus: 11
(12, 10)
(12, 11)
(12, 12)
(12, 13)
(13, 13)
(14, 13)
(15, 13)
(16, 13)
(17, 13)
(17, 14)
(17, 15)
(16, 15)
kaikki ok
Reitin pituus: 17
(8, 7)
(7, 7)
(6, 7)
(6, 8)
(6, 9)
(5, 9)
(4, 9)
(4, 10)
(4, 11)
(4, 12)
(4, 13)
(4, 14)
(4, 15)
(4, 16)
(4, 17)
(3, 17)
(2, 17)
(1, 17)
kaikki ok
Reitin pituus: 15
(12, 9)
(12, 10)
(12, 11)
(11, 11)
(10, 11)
(9, 11)
(8, 11)
(7, 11)
(6, 11)
(6, 12)
(6, 13)
(5, 13)
(4, 13)
(3, 13)
(2, 13)
(1, 13)
kaikki ok
Reitin pituus: 20
(6, 10)
(6, 11)
(7, 11)
(8, 11)
(9, 11)
(10, 11)
(11, 11)
(12, 11)
(12, 12)
(12, 13)
(13, 13)
(14, 13)
(14, 14)
(14, 15)
(14, 16)
(14, 17)
(15, 17)
(16, 17)
(17, 17)
(17, 18)
(17, 19)
kaikki ok
Reitin pituus: 6
(1, 13)
(2, 13)
(3, 13)
(4, 13)
(4, 12)
(4, 11)
(4, 10)
kaikki ok
Reitin pituus: 8
(11, 1)
(12, 1)
(13, 1)
(14, 1)
(14, 2)
(14, 3)
(14, 4)
(14, 5)
(14, 6)
kaikki ok
Reitin pituus: 19
(15, 17)
(14, 17)
(14, 16)
(14, 15)
(14, 14)
(14, 13)
(13, 13)
(12, 13)
(12, 12)
(12, 11)
(12, 10)
(12, 9)
(12, 8)
(12, 7)
(11, 7)
(10, 7)
(10, 6)
(10, 5)
(11, 5)
(12, 5)
kaikki ok
Reitin pituus: 22
(16, 17)
(15, 17)
(14, 17)
(14, 16)
(14, 15)
(14, 14)
(14, 13)
(14, 12)
(14, 11)
(14, 10)
(14, 9)
(13, 9)
(12, 9)
(12, 8)
(12, 7)
(11, 7)
(10, 7)
(9, 7)
(8, 7)
(8, 6)
(8, 5)
(7, 5)
(6, 5)
kaikki ok
Reitin pituus: 19
(4, 5)
(4, 6)
(4, 7)
(4, 8)
(4, 9)
(5, 9)
(6, 9)
(6, 10)
(6, 11)
(6, 12)
(6, 13)
(7, 13)
(8, 13)
(8, 14)
(8, 15)
(9, 15)
(10, 15)
(11, 15)
(12, 15)
(12, 16)
kaikki ok
Reitin pituus: 17
(17, 1)
(16, 1)
(15, 1)
(14, 1)
(13, 1)
(12, 1)
(11, 1)
(10, 1)
(10, 2)
(10, 3)
(9, 3)
(8, 3)
(7, 3)
(6, 3)
(5, 3)
(4, 3)
(4, 4)
(4, 5)
kaikki ok
Reitin pituus: 17
(12, 9)
(12, 8)
(12, 7)
(11, 7)
(10, 7)
(9, 7)
(8, 7)
(8, 6)
(8, 5)
(7, 5)
(6, 5)
(6, 4)
(6, 3)
(5, 3)
(4, 3)
(4, 2)
(4, 1)
(3, 1)
kaikki ok
Reitin pituus: 24
(10, 19)
(10, 18)
(10, 17)
(11, 17)
(12, 17)
(12, 16)
(12, 15)
(13, 15)
(14, 15)
(14, 14)
(14, 13)
(14, 12)
(14, 11)
(14, 10)
(14, 9)
(13, 9)
(12, 9)
(12, 8)
(12, 7)
(11, 7)
(10, 7)
(9, 7)
(9, 8)
(9, 9)
(10, 9)
kaikki ok
Reitin pituus: 15
(15, 13)
(14, 13)
(13, 13)
(12, 13)
(12, 12)
(12, 11)
(12, 10)
(12, 9)
(12, 8)
(12, 7)
(11, 7)
(10, 7)
(10, 6)
(10, 5)
(11, 5)
(12, 5)
kaikki ok
Reitin pituus: 22
(12, 4)
(12, 5)
(11, 5)
(10, 5)
(10, 6)
(10, 7)
(9, 7)
(8, 7)
(7, 7)
(6, 7)
(6, 8)
(6, 9)
(5, 9)
(4, 9)
(4, 10)
(4, 11)
(4, 12)
(4, 13)
(4, 14)
(4, 15)
(4, 16)
(4, 17)
(3, 17)
kaikki ok
Reitin pituus: 20
(17, 5)
(16, 5)
(15, 5)
(14, 5)
(14, 6)
(14, 7)
(14, 8)
(14, 9)
(14, 10)
(14, 11)
(14, 12)
(14, 13)
(14, 14)
(14, 15)
(14, 16)
(14, 17)
(15, 17)
(16, 17)
(17, 17)
(17, 18)
(17, 19)
kaikki ok
Reitin pituus: 8
(14, 10)
(14, 9)
(14, 8)
(14, 7)
(14, 6)
(14, 5)
(14, 4)
(14, 3)
(14, 2)
kaikki ok
Reitin pituus: 10
(17, 15)
(17, 14)
(17, 13)
(16, 13)
(15, 13)
(14, 13)
(13, 13)
(12, 13)
(11, 13)
(10, 13)
(10, 14)
kaikki ok
Reitin pituus: 12
(4, 11)
(4, 12)
(4, 13)
(4, 14)
(4, 15)
(5, 15)
(6, 15)
(6, 16)
(6, 17)
(7, 17)
(8, 17)
(8, 18)
(8, 19)
kaikki ok
Reitin pituus: 13
(16, 17)
(17, 17)
(17, 18)
(17, 19)
(16, 19)
(15, 19)
(14, 19)
(13, 19)
(12, 19)
(11, 19)
(10, 19)
(9, 19)
(8, 19)
(7, 19)
kaikki ok
Reitin pituus: 21
(3, 19)
(2, 19)
(1, 19)
(1, 18)
(1, 17)
(2, 17)
(3, 17)
(4, 17)
(4, 16)
(4, 15)
(4, 14)
(4, 13)
(4, 12)
(4, 11)
(4, 10)
(4, 9)
(4, 8)
(4, 7)
(4, 6)
(4, 5)
(4, 4)
(4, 3)
kaikki ok
Reitin pituus: 19
(10, 3)
(9, 3)
(8, 3)
(7, 3)
(6, 3)
(5, 3)
(4, 3)
(4, 4)
(4, 5)
(4, 6)
(4, 7)
(4, 8)
(4, 9)
(4, 10)
(4, 11)
(4, 12)
(4, 13)
(3, 13)
(2, 13)
(1, 13)
kaikki ok
Reitin pituus: 14
(6, 19)
(7, 19)
(8, 19)
(8, 18)
(8, 17)
(7, 17)
(6, 17)
(6, 16)
(6, 15)
(7, 15)
(8, 15)
(9, 15)
(10, 15)
(10, 14)
(10, 13)
kaikki ok
Reitin pituus: 8
(4, 10)
(4, 11)
(4, 12)
(4, 13)
(4, 14)
(4, 15)
(4, 16)
(4, 17)
(3, 17)
kaikki ok
Reitin pituus: 19
(10, 3)
(9, 3)
(8, 3)
(7, 3)
(6, 3)
(6, 4)
(6, 5)
(7, 5)
(8, 5)
(8, 6)
(8, 7)
(7, 7)
(6, 7)
(6, 8)
(6, 9)
(6, 10)
(6, 11)
(6, 12)
(6, 13)
(7, 13)
kaikki ok
Reitin pituus: 12
(4, 7)
(4, 8)
(4, 9)
(4, 10)
(4, 11)
(4, 12)
(4, 13)
(3, 13)
(2, 13)
(1, 13)
(1, 14)
(1, 15)
(2, 15)
kaikki ok
Reitin pituus: 17
(11, 5)
(10, 5)
(10, 6)
(10, 7)
(11, 7)
(12, 7)
(12, 8)
(12, 9)
(13, 9)
(14, 9)
(14, 10)
(14, 11)
(14, 12)
(14, 13)
(14, 14)
(14, 15)
(14, 16)
(14, 17)
kaikki ok
Reitin pituus: 12
(4, 10)
(4, 9)
(5, 9)
(6, 9)
(6, 8)
(6, 7)
(7, 7)
(8, 7)
(9, 7)
(10, 7)
(10, 6)
(10, 5)
(11, 5)
kaikki ok
Reitin pituus: 8
(10, 18)
(10, 17)
(11, 17)
(12, 17)
(12, 16)
(12, 15)
(13, 15)
(14, 15)
(14, 14)
kaikki ok
Reitin pituus: 12
(7, 11)
(8, 11)
(9, 11)
(10, 11)
(11, 11)
(12, 11)
(12, 12)
(12, 13)
(13, 13)
(14, 13)
(15, 13)
(16, 13)
(17, 13)
kaikki ok
Reitin pituus: 9
(12, 10)
(12, 11)
(11, 11)
(10, 11)
(9, 11)
(8, 11)
(7, 11)
(6, 11)
(6, 10)
(6, 9)
kaikki ok
Reitin pituus: 20
(1, 15)
(2, 15)
(2, 16)
(2, 17)
(3, 17)
(4, 17)
(4, 16)
(4, 15)
(5, 15)
(6, 15)
(7, 15)
(8, 15)
(9, 15)
(10, 15)
(11, 15)
(12, 15)
(13, 15)
(14, 15)
(14, 16)
(14, 17)
(15, 17)
kaikki ok
Reitin pituus: 22
(1, 5)
(2, 5)
(3, 5)
(4, 5)
(4, 6)
(4, 7)
(4, 8)
(4, 9)
(5, 9)
(6, 9)
(6, 10)
(6, 11)
(7, 11)
(8, 11)
(9, 11)
(10, 11)
(11, 11)
(12, 11)
(12, 12)
(12, 13)
(13, 13)
(14, 13)
(15, 13)
kaikki ok
Reitin pituus: 13
(10, 11)
(9, 11)
(8, 11)
(7, 11)
(6, 11)
(6, 12)
(6, 13)
(5, 13)
(4, 13)
(4, 14)
(4, 15)
(4, 16)
(4, 17)
(3, 17)
kaikki ok
Reitin pituus: 11
(10, 17)
(11, 17)
(12, 17)
(12, 16)
(12, 15)
(13, 15)
(14, 15)
(14, 14)
(14, 13)
(14, 12)
(14, 11)
(14, 10)
kaikki ok
Reitin pituus: 10
(9, 7)
(10, 7)
(10, 6)
(10, 5)
(11, 5)
(12, 5)
(12, 4)
(12, 3)
(13, 3)
(14, 3)
(15, 3)
kaikki ok
Reitin pituus: 9
(16, 3)
(15, 3)
(14, 3)
(13, 3)
(12, 3)
(12, 4)
(12, 5)
(11, 5)
(10, 5)
(10, 6)
kaikki ok
Reitin pituus: 13
(9, 3)
(8, 3)
(7, 3)
(6, 3)
(5, 3)
(4, 3)
(4, 4)
(4, 5)
(4, 6)
(4, 7)
(4, 8)
(4, 9)
(4, 10)
(4, 11)
kaikki ok
Reitin pituus: 13
(6, 16)
(6, 17)
(7, 17)
(8, 17)
(8, 18)
(8, 19)
(9, 19)
(10, 19)
(11, 19)
(12, 19)
(13, 19)
(14, 19)
(15, 19)
(16, 19)
kaikki ok
Reitin pituus: 13
(4, 12)
(4, 11)
(4, 10)
(4, 9)
(5, 9)
(6, 9)
(6, 8)
(6, 7)
(7, 7)
(8, 7)
(9, 7)
(9, 8)
(9, 9)
(8, 9)
kaikki ok
Reitin pituus: 19
(1, 18)
(1, 17)
(2, 17)
(3, 17)
(4, 17)
(4, 16)
(4, 15)
(4, 14)
(4, 13)
(4, 12)
(4, 11)
(4, 10)
(4, 9)
(4, 8)
(4, 7)
(4, 6)
(4, 5)
(4, 4)
(4, 3)
(3, 3)
kaikki ok
Reitin pituus: 16
(6, 11)
(6, 12)
(6, 13)
(5, 13)
(4, 13)
(4, 14)
(4, 15)
(4, 16)
(4, 17)
(3, 17)
(2, 17)
(1, 17)
(1, 18)
(1, 19)
(2, 19)
(3, 19)
(4, 19)
kaikki ok
Reitin pituus: 9
(6, 9)
(5, 9)
(4, 9)
(4, 8)
(4, 7)
(4, 6)
(4, 5)
(3, 5)
(2, 5)
(1, 5)
kaikki ok
Reitin pituus: 10
(4, 13)
(5, 13)
(6, 13)
(6, 12)
(6, 11)
(6, 10)
(6, 9)
(6, 8)
(6, 7)
(7, 7)
(8, 7)
kaikki ok
Reitin pituus: 12
(1, 14)
(1, 13)
(2, 13)
(3, 13)
(4, 13)
(5, 13)
(6, 13)
(7, 13)
(8, 13)
(8, 14)
(8, 15)
(9, 15)
(10, 15)
kaikki ok
Reitin pituus: 22
(1, 18)
(1, 17)
(2, 17)
(3, 17)
(4, 17)
(4, 16)
(4, 15)
(4, 14)
(4, 13)
(4, 12)
(4, 11)
(4, 10)
(4, 9)
(4, 8)
(4, 7)
(4, 6)
(4, 5)
(4, 4)
(4, 3)
(5, 3)
(6, 3)
(7, 3)
(8, 3)
kaikki ok
Reitin pituus: 14
(6, 16)
(6, 15)
(7, 15)
(8, 15)
(9, 15)
(10, 15)
(11, 15)
(12, 15)
(13, 15)
(14, 15)
(14, 16)
(14, 17)
(15, 17)
(16, 17)
(17, 17)
kaikki ok
Reitin pituus: 11
(14, 16)
(14, 15)
(13, 15)
(12, 15)
(11, 15)
(10, 15)
(9, 15)
(8, 15)
(7, 15)
(6, 15)
(6, 16)
(6, 17)
kaikki ok
Reitin pituus: 10
(16, 16)
(16, 17)
(15, 17)
(14, 17)
(14, 16)
(14, 15)
(14, 14)
(14, 13)
(14, 12)
(14, 11)
(14, 10)
kaikki ok
Reitin pituus: 16
(14, 17)
(14, 16)
(14, 15)
(14, 14)
(14, 13)
(13, 13)
(12, 13)
(12, 12)
(12, 11)
(12, 10)
(12, 9)
(12, 8)
(12, 7)
(11, 7)
(10, 7)
(10, 6)
(10, 5)
kaikki ok
Reitin pituus: 19
(10, 9)
(9, 9)
(9, 8)
(9, 7)
(10, 7)
(11, 7)
(12, 7)
(12, 8)
(12, 9)
(13, 9)
(14, 9)
(14, 10)
(14, 11)
(14, 12)
(14, 13)
(14, 14)
(14, 15)
(14, 16)
(14, 17)
(15, 17)
kaikki ok
Reitin pituus: 17
(6, 1)
(5, 1)
(4, 1)
(4, 2)
(4, 3)
(4, 4)
(4, 5)
(4, 6)
(4, 7)
(4, 8)
(4, 9)
(4, 10)
(4, 11)
(4, 12)
(4, 13)
(5, 13)
(6, 13)
(7, 13)
kaikki ok
Reitin pituus: 18
(4, 5)
(4, 6)
(4, 7)
(4, 8)
(4, 9)
(4, 10)
(4, 11)
(4, 12)
(4, 13)
(4, 14)
(4, 15)
(4, 16)
(4, 17)
(3, 17)
(2, 17)
(1, 17)
(1, 18)
(1, 19)
(2, 19)
kaikki ok
Reitin pituus: 5
(14, 15)
(13, 15)
(12, 15)
(11, 15)
(10, 15)
(9, 15)
kaikki ok
Reitin pituus: 9
(8, 7)
(9, 7)
(10, 7)
(11, 7)
(12, 7)
(12, 8)
(12, 9)
(12, 10)
(12, 11)
(12, 12)
kaikki ok
Reitin pituus: 22
(8, 6)
(8, 7)
(7, 7)
(6, 7)
(6, 8)
(6, 9)
(6, 10)
(6, 11)
(6, 12)
(6, 13)
(7, 13)
(8, 13)
(8, 14)
(8, 15)
(7, 15)
(6, 15)
(6, 16)
(6, 17)
(7, 17)
(8, 17)
(8, 18)
(8, 19)
(7, 19)
kaikki ok
Reitin pituus: 27
(8, 3)
(9, 3)
(10, 3)
(11, 3)
(12, 3)
(13, 3)
(14, 3)
(14, 4)
(14, 5)
(14, 6)
(14, 7)
(14, 8)
(14, 9)
(14, 10)
(14, 11)
(14, 12)
(14, 13)
(14, 14)
(14, 15)
(13, 15)
(12, 15)
(12, 16)
(12, 17)
(11, 17)
(10, 17)
(10, 18)
(10, 19)
(11, 19)
kaikki ok
Reitin pituus: 13
(4, 13)
(4, 14)
(4, 15)
(5, 15)
(6, 15)
(7, 15)
(8, 15)
(9, 15)
(10, 15)
(11, 15)
(12, 15)
(12, 16)
(12, 17)
(11, 17)
kaikki ok
Reitin pituus: 0
(9, 11)
kaikki ok
Reitin pituus: 17
(14, 2)
(14, 3)
(13, 3)
(12, 3)
(12, 4)
(12, 5)
(11, 5)
(10, 5)
(10, 6)
(10, 7)
(9, 7)
(8, 7)
(7, 7)
(6, 7)
(6, 8)
(6, 9)
(6, 10)
(6, 11)
kaikki ok
Reitin pituus: 16
(14, 5)
(14, 6)
(14, 7)
(14, 8)
(14, 9)
(14, 10)
(14, 11)
(14, 12)
(14, 13)
(14, 14)
(14, 15)
(13, 15)
(12, 15)
(12, 16)
(12, 17)
(11, 17)
(10, 17)
kaikki ok
Reitin pituus: 4
(8, 9)
(9, 9)
(9, 8)
(9, 7)
(10, 7)
kaikki ok
Reitin pituus: 15
(2, 5)
(3, 5)
(4, 5)
(4, 6)
(4, 7)
(4, 8)
(4, 9)
(4, 10)
(4, 11)
(4, 12)
(4, 13)
(4, 14)
(4, 15)
(4, 16)
(4, 17)
(3, 17)
kaikki ok
Reitin pituus: 14
(10, 14)
(10, 13)
(11, 13)
(12, 13)
(12, 12)
(12, 11)
(12, 10)
(12, 9)
(12, 8)
(12, 7)
(11, 7)
(10, 7)
(9, 7)
(9, 8)
(9, 9)
kaikki ok
Reitin pituus: 18
(9, 7)
(8, 7)
(7, 7)
(6, 7)
(6, 8)
(6, 9)
(5, 9)
(4, 9)
(4, 10)
(4, 11)
(4, 12)
(4, 13)
(4, 14)
(4, 15)
(5, 15)
(6, 15)
(6, 16)
(6, 17)
(7, 17)
kaikki ok
Reitin pituus: 10
(16, 13)
(15, 13)
(14, 13)
(14, 12)
(14, 11)
(14, 10)
(14, 9)
(14, 8)
(14, 7)
(14, 6)
(14, 5)
kaikki ok
Reitin pituus: 17
(6, 16)
(6, 15)
(5, 15)
(4, 15)
(4, 14)
(4, 13)
(4, 12)
(4, 11)
(4, 10)
(4, 9)
(4, 8)
(4, 7)
(4, 6)
(4, 5)
(3, 5)
(2, 5)
(1, 5)
(1, 4)
kaikki ok
Reitin pituus: 3
(12, 13)
(13, 13)
(14, 13)
(14, 14)
kaikki ok
Reitin pituus: 6
(14, 17)
(14, 16)
(14, 15)
(14, 14)
(14, 13)
(15, 13)
(16, 13)
kaikki ok
Reitin pituus: 26
(15, 3)
(14, 3)
(14, 4)
(14, 5)
(14, 6)
(14, 7)
(14, 8)
(14, 9)
(14, 10)
(14, 11)
(14, 12)
(14, 13)
(14, 14)
(14, 15)
(13, 15)
(12, 15)
(12, 16)
(12, 17)
(11, 17)
(10, 17)
(10, 18)
(10, 19)
(9, 19)
(8, 19)
(7, 19)
(6, 19)
(5, 19)
kaikki ok
Reitin pituus: 20
(3, 13)
(4, 13)
(5, 13)
(6, 13)
(6, 12)
(6, 11)
(7, 11)
(8, 11)
(9, 11)
(10, 11)
(11, 11)
(12, 11)
(12, 10)
(12, 9)
(13, 9)
(14, 9)
(14, 8)
(14, 7)
(14, 6)
(14, 5)
(14, 4)
kaikki ok
Reitin pituus: 27
(2, 3)
(3, 3)
(4, 3)
(5, 3)
(6, 3)
(6, 4)
(6, 5)
(7, 5)
(8, 5)
(8, 6)
(8, 7)
(9, 7)
(10, 7)
(11, 7)
(12, 7)
(12, 8)
(12, 9)
(12, 10)
(12, 11)
(12, 12)
(12, 13)
(13, 13)
(14, 13)
(14, 14)
(14, 15)
(14, 16)
(14, 17)
(15, 17)
kaikki ok
Reitin pituus: 24
(11, 19)
(10, 19)
(10, 18)
(10, 17)
(11, 17)
(12, 17)
(12, 16)
(12, 15)
(13, 15)
(14, 15)
(14, 14)
(14, 13)
(13, 13)
(12, 13)
(12, 12)
(12, 11)
(12, 10)
(12, 9)
(12, 8)
(12, 7)
(11, 7)
(10, 7)
(9, 7)
(9, 8)
(9, 9)
kaikki ok
Reitin pituus: 17
(4, 11)
(4, 10)
(4, 9)
(4, 8)
(4, 7)
(4, 6)
(4, 5)
(4, 4)
(4, 3)
(5, 3)
(6, 3)
(7, 3)
(8, 3)
(9, 3)
(10, 3)
(10, 2)
(10, 1)
(11, 1)
kaikki ok
Reitin pituus: 16
(8, 3)
(7, 3)
(6, 3)
(6, 4)
(6, 5)
(7, 5)
(8, 5)
(8, 6)
(8, 7)
(7, 7)
(6, 7)
(6, 8)
(6, 9)
(6, 10)
(6, 11)
(6, 12)
(6, 13)
kaikki ok
Reitin pituus: 18
(6, 3)
(6, 4)
(6, 5)
(7, 5)
(8, 5)
(8, 6)
(8, 7)
(9, 7)
(10, 7)
(11, 7)
(12, 7)
(12, 8)
(12, 9)
(13, 9)
(14, 9)
(14, 10)
(14, 11)
(14, 12)
(14, 13)
kaikki ok
Reitin pituus: 15
(9, 8)
(9, 7)
(8, 7)
(7, 7)
(6, 7)
(6, 8)
(6, 9)
(5, 9)
(4, 9)
(4, 10)
(4, 11)
(4, 12)
(4, 13)
(4, 14)
(4, 15)
(5, 15)
kaikki ok
Reitin pituus: 24
(15, 1)
(14, 1)
(14, 2)
(14, 3)
(14, 4)
(14, 5)
(14, 6)
(14, 7)
(14, 8)
(14, 9)
(14, 10)
(14, 11)
(14, 12)
(14, 13)
(14, 14)
(14, 15)
(13, 15)
(12, 15)
(12, 16)
(12, 17)
(11, 17)
(10, 17)
(10, 18)
(10, 19)
(9, 19)
kaikki ok
Reitin pituus: 8
(11, 13)
(10, 13)
(10, 14)
(10, 15)
(9, 15)
(8, 15)
(7, 15)
(6, 15)
(5, 15)
kaikki ok
Reitin pituus: 10
(11, 19)
(12, 19)
(13, 19)
(14, 19)
(15, 19)
(16, 19)
(17, 19)
(17, 18)
(17, 17)
(16, 17)
(15, 17)
kaikki ok
Reitin pituus: 11
(7, 17)
(6, 17)
(6, 16)
(6, 15)
(7, 15)
(8, 15)
(8, 14)
(8, 13)
(7, 13)
(6, 13)
(6, 12)
(6, 11)
kaikki ok
Reitin pituus: 6
(11, 5)
(10, 5)
(10, 6)
(10, 7)
(9, 7)
(8, 7)
(7, 7)
kaikki ok
Reitin pituus: 20
(1, 13)
(2, 13)
(3, 13)
(4, 13)
(5, 13)
(6, 13)
(6, 12)
(6, 11)
(7, 11)
(8, 11)
(9, 11)
(10, 11)
(11, 11)
(12, 11)
(12, 10)
(12, 9)
(13, 9)
(14, 9)
(14, 8)
(14, 7)
(14, 6)
kaikki ok
Reitin pituus: 5
(4, 12)
(4, 13)
(3, 13)
(2, 13)
(1, 13)
(1, 14)
kaikki ok
Reitin pituus: 13
(10, 14)
(10, 15)
(9, 15)
(8, 15)
(7, 15)
(6, 15)
(5, 15)
(4, 15)
(4, 16)
(4, 17)
(3, 17)
(2, 17)
(1, 17)
(1, 18)
kaikki ok
Reitin pituus: 7
(8, 3)
(7, 3)
(6, 3)
(5, 3)
(4, 3)
(3, 3)
(2, 3)
(1, 3)
kaikki ok
Reitin pituus: 27
(1, 3)
(2, 3)
(3, 3)
(4, 3)
(5, 3)
(6, 3)
(7, 3)
(8, 3)
(9, 3)
(10, 3)
(11, 3)
(12, 3)
(13, 3)
(14, 3)
(14, 4)
(14, 5)
(14, 6)
(14, 7)
(14, 8)
(14, 9)
(14, 10)
(14, 11)
(14, 12)
(14, 13)
(15, 13)
(16, 13)
(17, 13)
(17, 14)
kaikki ok
Reitin pituus: 7
(6, 5)
(6, 4)
(6, 3)
(5, 3)
(4, 3)
(4, 4)
(4, 5)
(4, 6)
kaikki ok
Reitin pituus: 5
(4, 12)
(4, 13)
(4, 14)
(4, 15)
(5, 15)
(6, 15)
kaikki ok
Reitin pituus: 11
(14, 17)
(14, 16)
(14, 15)
(13, 15)
(12, 15)
(11, 15)
(10, 15)
(9, 15)
(8, 15)
(8, 14)
(8, 13)
(7, 13)
kaikki ok
Reitin pituus: 13
(5, 15)
(4, 15)
(4, 14)
(4, 13)
(4, 12)
(4, 11)
(4, 10)
(4, 9)
(4, 8)
(4, 7)
(4, 6)
(4, 5)
(4, 4)
(4, 3)
kaikki ok
Reitin pituus: 8
(9, 15)
(10, 15)
(11, 15)
(12, 15)
(12, 16)
(12, 17)
(11, 17)
(10, 17)
(10, 18)
kaikki ok
Reitin pituus: 18
(14, 16)
(14, 15)
(13, 15)
(12, 15)
(11, 15)
(10, 15)
(9, 15)
(8, 15)
(7, 15)
(6, 15)
(5, 15)
(4, 15)
(4, 16)
(4, 17)
(3, 17)
(2, 17)
(1, 17)
(1, 18)
(1, 19)
kaikki ok
Reitin pituus: 24
(1, 3)
(2, 3)
(3, 3)
(4, 3)
(5, 3)
(6, 3)
(7, 3)
(8, 3)
(9, 3)
(10, 3)
(11, 3)
(12, 3)
(13, 3)
(14, 3)
(14, 4)
(14, 5)
(14, 6)
(14, 7)
(14, 8)
(14, 9)
(14, 10)
(14, 11)
(14, 12)
(14, 13)
(14, 14)
kaikki ok
Reitin pituus: 19
(1, 4)
(1, 5)
(2, 5)
(3, 5)
(4, 5)
(4, 6)
(4, 7)
(4, 8)
(4, 9)
(5, 9)
(6, 9)
(6, 10)
(6, 11)
(7, 11)
(8, 11)
(9, 11)
(10, 11)
(11, 11)
(12, 11)
(12, 12)
kaikki ok
Reitin pituus: 16
(9, 3)
(10, 3)
(11, 3)
(12, 3)
(13, 3)
(14, 3)
(14, 4)
(14, 5)
(14, 6)
(14, 7)
(14, 8)
(14, 9)
(14, 10)
(14, 11)
(14, 12)
(14, 13)
(14, 14)
kaikki ok
Reitin pituus: 8
(9, 7)
(8, 7)
(7, 7)
(6, 7)
(6, 8)
(6, 9)
(6, 10)
(6, 11)
(6, 12)
kaikki ok
Reitin pituus: 9
(6, 1)
(7, 1)
(8, 1)
(8, 2)
(8, 3)
(9, 3)
(10, 3)
(11, 3)
(12, 3)
(13, 3)
kaikki ok
Reitin pituus: 11
(1, 4)
(1, 5)
(2, 5)
(3, 5)
(4, 5)
(4, 6)
(4, 7)
(4, 8)
(4, 9)
(5, 9)
(6, 9)
(6, 10)
kaikki ok
Reitin pituus: 12
(10, 14)
(10, 13)
(11, 13)
(12, 13)
(13, 13)
(14, 13)
(14, 12)
(14, 11)
(14, 10)
(14, 9)
(14, 8)
(14, 7)
(14, 6)
kaikki ok
Reitin pituus: 6
(4, 4)
(4, 5)
(4, 6)
(4, 7)
(4, 8)
(4, 9)
(5, 9)
kaikki ok
Reitin pituus: 7
(2, 17)
(3, 17)
(4, 17)
(4, 16)
(4, 15)
(5, 15)
(6, 15)
(7, 15)
kaikki ok
Reitin pituus: 10
(4, 6)
(4, 5)
(4, 4)
(4, 3)
(5, 3)
(6, 3)
(7, 3)
(8, 3)
(9, 3)
(10, 3)
(10, 2)
kaikki ok
Reitin pituus: 18
(2, 15)
(1, 15)
(1, 14)
(1, 13)
(2, 13)
(3, 13)
(4, 13)
(4, 12)
(4, 11)
(4, 10)
(4, 9)
(4, 8)
(4, 7)
(4, 6)
(4, 5)
(4, 4)
(4, 3)
(4, 2)
(4, 1)
kaikki ok
Reitin pituus: 7
(2, 13)
(3, 13)
(4, 13)
(4, 14)
(4, 15)
(5, 15)
(6, 15)
(7, 15)
kaikki ok
Reitin pituus: 17
(14, 8)
(14, 9)
(14, 10)
(14, 11)
(14, 12)
(14, 13)
(14, 14)
(14, 15)
(13, 15)
(12, 15)
(12, 16)
(12, 17)
(11, 17)
(10, 17)
(10, 18)
(10, 19)
(11, 19)
(12, 19)
kaikki ok
Reitin pituus: 19
(12, 13)
(11, 13)
(10, 13)
(10, 14)
(10, 15)
(9, 15)
(8, 15)
(7, 15)
(6, 15)
(5, 15)
(4, 15)
(4, 16)
(4, 17)
(3, 17)
(2, 17)
(1, 17)
(1, 18)
(1, 19)
(2, 19)
(3, 19)
kaikki ok
Reitin pituus: 12
(10, 1)
(10, 2)
(10, 3)
(11, 3)
(12, 3)
(12, 4)
(12, 5)
(11, 5)
(10, 5)
(10, 6)
(10, 7)
(11, 7)
(12, 7)
kaikki ok
Reitin pituus: 18
(13, 15)
(14, 15)
(14, 14)
(14, 13)
(14, 12)
(14, 11)
(14, 10)
(14, 9)
(14, 8)
(14, 7)
(14, 6)
(14, 5)
(14, 4)
(14, 3)
(13, 3)
(12, 3)
(11, 3)
(10, 3)
(9, 3)
kaikki ok
Reitin pituus: 29
(1, 3)
(2, 3)
(3, 3)
(4, 3)
(5, 3)
(6, 3)
(7, 3)
(8, 3)
(9, 3)
(10, 3)
(11, 3)
(12, 3)
(13, 3)
(14, 3)
(14, 4)
(14, 5)
(14, 6)
(14, 7)
(14, 8)
(14, 9)
(14, 10)
(14, 11)
(14, 12)
(14, 13)
(15, 13)
(16, 13)
(17, 13)
(17, 14)
(17, 15)
(16, 15)
kaikki ok
Reitin pituus: 13
(17, 13)
(17, 14)
(17, 15)
(16, 15)
(16, 16)
(16, 17)
(17, 17)
(17, 18)
(17, 19)
(16, 19)
(15, 19)
(14, 19)
(13, 19)
(12, 19)
kaikki ok
Reitin pituus: 10
(15, 19)
(16, 19)
(17, 19)
(17, 18)
(17, 17)
(16, 17)
(16, 16)
(16, 15)
(17, 15)
(17, 14)
(17, 13)
kaikki ok
Reitin pituus: 17
(4, 9)
(4, 10)
(4, 11)
(4, 12)
(4, 13)
(4, 14)
(4, 15)
(5, 15)
(6, 15)
(6, 16)
(6, 17)
(7, 17)
(8, 17)
(8, 18)
(8, 19)
(9, 19)
(10, 19)
(11, 19)
kaikki ok
Reitin pituus: 18
(9, 8)
(9, 7)
(10, 7)
(11, 7)
(12, 7)
(12, 8)
(12, 9)
(13, 9)
(14, 9)
(14, 10)
(14, 11)
(14, 12)
(14, 13)
(14, 14)
(14, 15)
(13, 15)
(12, 15)
(12, 16)
(12, 17)
kaikki ok
Reitin pituus: 31
(3, 19)
(4, 19)
(5, 19)
(6, 19)
(7, 19)
(8, 19)
(9, 19)
(10, 19)
(10, 18)
(10, 17)
(11, 17)
(12, 17)
(12, 16)
(12, 15)
(13, 15)
(14, 15)
(14, 14)
(14, 13)
(14, 12)
(14, 11)
(14, 10)
(14, 9)
(14, 8)
(14, 7)
(14, 6)
(14, 5)
(14, 4)
(14, 3)
(14, 2)
(14, 1)
(13, 1)
(12, 1)
kaikki ok
Reitin pituus: 25
(10, 17)
(11, 17)
(12, 17)
(12, 16)
(12, 15)
(11, 15)
(10, 15)
(9, 15)
(8, 15)
(7, 15)
(6, 15)
(5, 15)
(4, 15)
(4, 14)
(4, 13)
(4, 12)
(4, 11)
(4, 10)
(4, 9)
(4, 8)
(4, 7)
(4, 6)
(4, 5)
(4, 4)
(4, 3)
(5, 3)
kaikki ok
Reitin pituus: 10
(7, 7)
(6, 7)
(6, 8)
(6, 9)
(5, 9)
(4, 9)
(4, 8)
(4, 7)
(4, 6)
(4, 5)
(3, 5)
kaikki ok
Reitin pituus: 10
(6, 8)
(6, 7)
(7, 7)
(8, 7)
(9, 7)
(10, 7)
(11, 7)
(12, 7)
(12, 8)
(12, 9)
(13, 9)
kaikki ok
Reitin pituus: 16
(10, 19)
(9, 19)
(8, 19)
(8, 18)
(8, 17)
(7, 17)
(6, 17)
(6, 16)
(6, 15)
(7, 15)
(8, 15)
(8, 14)
(8, 13)
(7, 13)
(6, 13)
(6, 12)
(6, 11)
kaikki ok
Reitin pituus: 19
(17, 14)
(17, 13)
(16, 13)
(15, 13)
(14, 13)
(13, 13)
(12, 13)
(12, 12)
(12, 11)
(11, 11)
(10, 11)
(9, 11)
(8, 11)
(7, 11)
(6, 11)
(6, 10)
(6, 9)
(5, 9)
(4, 9)
(4, 10)
kaikki ok
Reitin pituus: 9
(10, 6)
(10, 7)
(11, 7)
(12, 7)
(12, 8)
(12, 9)
(12, 10)
(12, 11)
(12, 12)
(12, 13)
kaikki ok
Reitin pituus: 16
(9, 9)
(9, 8)
(9, 7)
(10, 7)
(11, 7)
(12, 7)
(12, 8)
(12, 9)
(13, 9)
(14, 9)
(14, 10)
(14, 11)
(14, 12)
(14, 13)
(15, 13)
(16, 13)
(17, 13)
kaikki ok
Reitin pituus: 13
(12, 17)
(12, 16)
(12, 15)
(11, 15)
(10, 15)
(9, 15)
(8, 15)
(8, 14)
(8, 13)
(7, 13)
(6, 13)
(5, 13)
(4, 13)
(4, 12)
kaikki ok
Reitin pituus: 25
(1, 2)
(1, 3)
(1, 4)
(1, 5)
(2, 5)
(3, 5)
(4, 5)
(4, 6)
(4, 7)
(4, 8)
(4, 9)
(4, 10)
(4, 11)
(4, 12)
(4, 13)
(4, 14)
(4, 15)
(5, 15)
(6, 15)
(6, 16)
(6, 17)
(7, 17)
(8, 17)
(8, 18)
(8, 19)
(9, 19)
kaikki ok
Reitin pituus: 2
(12, 1)
(13, 1)
(14, 1)
kaikki ok
Reitin pituus: 12
(17, 18)
(17, 19)
(16, 19)
(15, 19)
(14, 19)
(13, 19)
(12, 19)
(11, 19)
(10, 19)
(9, 19)
(8, 19)
(8, 18)
(8, 17)
kaikki ok
Reitin pituus: 8
(5, 9)
(4, 9)
(4, 8)
(4, 7)
(4, 6)
(4, 5)
(3, 5)
(2, 5)
(1, 5)
kaikki ok
Reitin pituus: 8
(5, 9)
(6, 9)
(6, 8)
(6, 7)
(7, 7)
(8, 7)
(9, 7)
(9, 8)
(9, 9)
kaikki ok
Reitin pituus: 17
(1, 2)
(1, 3)
(2, 3)
(3, 3)
(4, 3)
(5, 3)
(6, 3)
(7, 3)
(8, 3)
(9, 3)
(10, 3)
(11, 3)
(12, 3)
(13, 3)
(14, 3)
(15, 3)
(16, 3)
(17, 3)
kaikki ok
Reitin pituus: 13
(17, 17)
(16, 17)
(15, 17)
(14, 17)
(14, 16)
(14, 15)
(13, 15)
(12, 15)
(11, 15)
(10, 15)
(9, 15)
(8, 15)
(7, 15)
(6, 15)
kaikki ok
Reitin pituus: 9
(8, 7)
(9, 7)
(10, 7)
(10, 6)
(10, 5)
(11, 5)
(12, 5)
(12, 4)
(12, 3)
(11, 3)
kaikki ok
Reitin pituus: 5
(14, 2)
(14, 1)
(13, 1)
(12, 1)
(11, 1)
(10, 1)
kaikki ok
Reitin pituus: 6
(10, 6)
(10, 7)
(11, 7)
(12, 7)
(12, 8)
(12, 9)
(13, 9)
kaikki ok
Reitin pituus: 11
(16, 15)
(17, 15)
(17, 14)
(17, 13)
(16, 13)
(15, 13)
(14, 13)
(13, 13)
(12, 13)
(12, 12)
(12, 11)
(12, 10)
kaikki ok
Reitin pituus: 19
(15, 13)
(14, 13)
(14, 14)
(14, 15)
(13, 15)
(12, 15)
(11, 15)
(10, 15)
(9, 15)
(8, 15)
(7, 15)
(6, 15)
(5, 15)
(4, 15)
(4, 16)
(4, 17)
(3, 17)
(2, 17)
(2, 16)
(2, 15)
kaikki ok
Reitin pituus: 12
(6, 9)
(5, 9)
(4, 9)
(4, 8)
(4, 7)
(4, 6)
(4, 5)
(4, 4)
(4, 3)
(4, 2)
(4, 1)
(5, 1)
(6, 1)
kaikki ok
Reitin pituus: 22
(2, 19)
(1, 19)
(1, 18)
(1, 17)
(2, 17)
(3, 17)
(4, 17)
(4, 16)
(4, 15)
(4, 14)
(4, 13)
(4, 12)
(4, 11)
(4, 10)
(4, 9)
(4, 8)
(4, 7)
(4, 6)
(4, 5)
(4, 4)
(4, 3)
(4, 2)
(4, 1)
kaikki ok
Reitin pituus: 11
(14, 17)
(14, 16)
(14, 15)
(13, 15)
(12, 15)
(12, 16)
(12, 17)
(11, 17)
(10, 17)
(10, 18)
(10, 19)
(9, 19)
kaikki ok
Reitin pituus: 28
(17, 1)
(17, 2)
(17, 3)
(17, 4)
(17, 5)
(16, 5)
(15, 5)
(14, 5)
(14, 6)
(14, 7)
(14, 8)
(14, 9)
(14, 10)
(14, 11)
(14, 12)
(14, 13)
(14, 14)
(14, 15)
(14, 16)
(14, 17)
(15, 17)
(16, 17)
(17, 17)
(17, 18)
(17, 19)
(16, 19)
(15, 19)
(14, 19)
(13, 19)
kaikki ok
Reitin pituus: 28
(16, 16)
(16, 17)
(15, 17)
(14, 17)
(14, 16)
(14, 15)
(13, 15)
(12, 15)
(11, 15)
(10, 15)
(9, 15)
(8, 15)
(7, 15)
(6, 15)
(5, 15)
(4, 15)
(4, 14)
(4, 13)
(4, 12)
(4, 11)
(4, 10)
(4, 9)
(4, 8)
(4, 7)
(4, 6)
(4, 5)
(4, 4)
(4, 3)
(4, 2)
kaikki ok
Reitin pituus: 17
(16, 5)
(15, 5)
(14, 5)
(14, 6)
(14, 7)
(14, 8)
(14, 9)
(14, 10)
(14, 11)
(14, 12)
(14, 13)
(14, 14)
(14, 15)
(14, 16)
(14, 17)
(15, 17)
(16, 17)
(17, 17)
kaikki ok
Reitin pituus: 7
(1, 2)
(1, 3)
(1, 4)
(1, 5)
(2, 5)
(3, 5)
(4, 5)
(4, 6)
kaikki ok
Reitin pituus: 2
(5, 13)
(6, 13)
(6, 12)
kaikki ok
Reitin pituus: 21
(12, 19)
(11, 19)
(10, 19)
(10, 18)
(10, 17)
(11, 17)
(12, 17)
(12, 16)
(12, 15)
(13, 15)
(14, 15)
(14, 14)
(14, 13)
(14, 12)
(14, 11)
(14, 10)
(14, 9)
(14, 8)
(14, 7)
(14, 6)
(14, 5)
(15, 5)
kaikki ok
Reitin pituus: 11
(1, 5)
(1, 4)
(1, 3)
(2, 3)
(3, 3)
(4, 3)
(5, 3)
(6, 3)
(6, 4)
(6, 5)
(7, 5)
(8, 5)
kaikki ok
Reitin pituus: 6
(5, 3)
(4, 3)
(4, 4)
(4, 5)
(4, 6)
(4, 7)
(4, 8)
kaikki ok
Reitin pituus: 20
(15, 19)
(16, 19)
(17, 19)
(17, 18)
(17, 17)
(16, 17)
(15, 17)
(14, 17)
(14, 16)
(14, 15)
(14, 14)
(14, 13)
(14, 12)
(14, 11)
(14, 10)
(14, 9)
(14, 8)
(14, 7)
(14, 6)
(14, 5)
(15, 5)
kaikki ok
Reitin pituus: 2
(10, 14)
(10, 15)
(9, 15)
kaikki ok
Reitin pituus: 15
(6, 13)
(5, 13)
(4, 13)
(4, 12)
(4, 11)
(4, 10)
(4, 9)
(4, 8)
(4, 7)
(4, 6)
(4, 5)
(4, 4)
(4, 3)
(4, 2)
(4, 1)
(5, 1)
kaikki ok
Reitin pituus: 10
(11, 13)
(12, 13)
(13, 13)
(14, 13)
(15, 13)
(16, 13)
(17, 13)
(17, 14)
(17, 15)
(16, 15)
(16, 16)
kaikki ok
Reitin pituus: 15
(9, 8)
(9, 7)
(10, 7)
(11, 7)
(12, 7)
(12, 8)
(12, 9)
(12, 10)
(12, 11)
(12, 12)
(12, 13)
(11, 13)
(10, 13)
(10, 14)
(10, 15)
(11, 15)
kaikki ok
Reitin pituus: 22
(15, 19)
(16, 19)
(17, 19)
(17, 18)
(17, 17)
(16, 17)
(15, 17)
(14, 17)
(14, 16)
(14, 15)
(14, 14)
(14, 13)
(14, 12)
(14, 11)
(14, 10)
(14, 9)
(14, 8)
(14, 7)
(14, 6)
(14, 5)
(14, 4)
(14, 3)
(14, 2)
kaikki ok
Reitin pituus: 21
(2, 15)
(1, 15)
(1, 14)
(1, 13)
(2, 13)
(3, 13)
(4, 13)
(4, 12)
(4, 11)
(4, 10)
(4, 9)
(4, 8)
(4, 7)
(4, 6)
(4, 5)
(4, 4)
(4, 3)
(5, 3)
(6, 3)
(7, 3)
(8, 3)
(8, 2)
kaikki ok
Reitin pituus: 16
(3, 1)
(4, 1)
(4, 2)
(4, 3)
(4, 4)
(4, 5)
(4, 6)
(4, 7)
(4, 8)
(4, 9)
(5, 9)
(6, 9)
(6, 10)
(6, 11)
(7, 11)
(8, 11)
(9, 11)
kaikki ok
Reitin pituus: 20
(4, 2)
(4, 3)
(4, 4)
(4, 5)
(4, 6)
(4, 7)
(4, 8)
(4, 9)
(4, 10)
(4, 11)
(4, 12)
(4, 13)
(4, 14)
(4, 15)
(5, 15)
(6, 15)
(6, 16)
(6, 17)
(7, 17)
(8, 17)
(8, 18)
kaikki ok
Reitin pituus: 20
(11, 13)
(12, 13)
(12, 12)
(12, 11)
(12, 10)
(12, 9)
(12, 8)
(12, 7)
(11, 7)
(10, 7)
(9, 7)
(8, 7)
(8, 6)
(8, 5)
(7, 5)
(6, 5)
(6, 4)
(6, 3)
(5, 3)
(4, 3)
(3, 3)
kaikki ok
Reitin pituus: 19
(13, 19)
(12, 19)
(11, 19)
(10, 19)
(10, 18)
(10, 17)
(11, 17)
(12, 17)
(12, 16)
(12, 15)
(11, 15)
(10, 15)
(10, 14)
(10, 13)
(11, 13)
(12, 13)
(12, 12)
(12, 11)
(11, 11)
(10, 11)
kaikki ok
Reitin pituus: 13
(4, 6)
(4, 5)
(4, 4)
(4, 3)
(5, 3)
(6, 3)
(7, 3)
(8, 3)
(9, 3)
(10, 3)
(10, 2)
(10, 1)
(11, 1)
(12, 1)
kaikki ok
Reitin pituus: 25
(15, 1)
(14, 1)
(14, 2)
(14, 3)
(14, 4)
(14, 5)
(14, 6)
(14, 7)
(14, 8)
(14, 9)
(14, 10)
(14, 11)
(14, 12)
(14, 13)
(14, 14)
(14, 15)
(13, 15)
(12, 15)
(12, 16)
(12, 17)
(11, 17)
(10, 17)
(10, 18)
(10, 19)
(11, 19)
(12, 19)
kaikki ok
Reitin pituus: 10
(6, 10)
(6, 11)
(6, 12)
(6, 13)
(7, 13)
(8, 13)
(8, 14)
(8, 15)
(9, 15)
(10, 15)
(10, 14)
kaikki ok
Reitin pituus: 19
(5, 15)
(4, 15)
(4, 14)
(4, 13)
(5, 13)
(6, 13)
(6, 12)
(6, 11)
(6, 10)
(6, 9)
(6, 8)
(6, 7)
(7, 7)
(8, 7)
(9, 7)
(10, 7)
(10, 6)
(10, 5)
(11, 5)
(12, 5)
kaikki ok
Reitin pituus: 24
(17, 3)
(16, 3)
(15, 3)
(14, 3)
(14, 4)
(14, 5)
(14, 6)
(14, 7)
(14, 8)
(14, 9)
(14, 10)
(14, 11)
(14, 12)
(14, 13)
(14, 14)
(14, 15)
(13, 15)
(12, 15)
(12, 16)
(12, 17)
(11, 17)
(10, 17)
(10, 18)
(10, 19)
(9, 19)
kaikki ok
Reitin pituus: 8
(9, 19)
(10, 19)
(10, 18)
(10, 17)
(11, 17)
(12, 17)
(12, 16)
(12, 15)
(11, 15)
kaikki ok
Reitin pituus: 13
(5, 13)
(6, 13)
(6, 12)
(6, 11)
(6, 10)
(6, 9)
(6, 8)
(6, 7)
(7, 7)
(8, 7)
(9, 7)
(9, 8)
(9, 9)
(8, 9)
kaikki ok
Reitin pituus: 12
(15, 19)
(14, 19)
(13, 19)
(12, 19)
(11, 19)
(10, 19)
(10, 18)
(10, 17)
(11, 17)
(12, 17)
(12, 16)
(12, 15)
(11, 15)
kaikki ok
Reitin pituus: 19
(16, 15)
(17, 15)
(17, 14)
(17, 13)
(16, 13)
(15, 13)
(14, 13)
(14, 12)
(14, 11)
(14, 10)
(14, 9)
(14, 8)
(14, 7)
(14, 6)
(14, 5)
(14, 4)
(14, 3)
(14, 2)
(14, 1)
(15, 1)
kaikki ok
Reitin pituus: 14
(14, 13)
(13, 13)
(12, 13)
(12, 12)
(12, 11)
(12, 10)
(12, 9)
(12, 8)
(12, 7)
(11, 7)
(10, 7)
(9, 7)
(9, 8)
(9, 9)
(10, 9)
kaikki ok
Reitin pituus: 4
(4, 12)
(4, 13)
(5, 13)
(6, 13)
(6, 12)
kaikki ok
Reitin pituus: 14
(7, 13)
(6, 13)
(6, 12)
(6, 11)
(6, 10)
(6, 9)
(6, 8)
(6, 7)
(7, 7)
(8, 7)
(8, 6)
(8, 5)
(7, 5)
(6, 5)
(6, 4)
kaikki ok
Reitin pituus: 16
(1, 4)
(1, 5)
(2, 5)
(3, 5)
(4, 5)
(4, 6)
(4, 7)
(4, 8)
(4, 9)
(5, 9)
(6, 9)
(6, 10)
(6, 11)
(6, 12)
(6, 13)
(7, 13)
(8, 13)
kaikki ok
Reitin pituus: 2
(4, 15)
(5, 15)
(6, 15)
kaikki ok
Reitin pituus: 16
(8, 9)
(9, 9)
(9, 8)
(9, 7)
(8, 7)
(7, 7)
(6, 7)
(6, 8)
(6, 9)
(6, 10)
(6, 11)
(6, 12)
(6, 13)
(5, 13)
(4, 13)
(3, 13)
(2, 13)
kaikki ok
Reitin pituus: 7
(12, 7)
(12, 8)
(12, 9)
(12, 10)
(12, 11)
(11, 11)
(10, 11)
(9, 11)
kaikki ok
Reitin pituus: 15
(14, 15)
(14, 14)
(14, 13)
(13, 13)
(12, 13)
(12, 12)
(12, 11)
(11, 11)
(10, 11)
(9, 11)
(8, 11)
(7, 11)
(6, 11)
(6, 10)
(6, 9)
(6, 8)
kaikki ok
Reitin pituus: 10
(7, 3)
(6, 3)
(5, 3)
(4, 3)
(4, 4)
(4, 5)
(4, 6)
(4, 7)
(4, 8)
(4, 9)
(5, 9)
kaikki ok
Reitin pituus: 17
(8, 11)
(7, 11)
(6, 11)
(6, 10)
(6, 9)
(5, 9)
(4, 9)
(4, 8)
(4, 7)
(4, 6)
(4, 5)
(4, 4)
(4, 3)
(5, 3)
(6, 3)
(7, 3)
(8, 3)
(9, 3)
kaikki ok
Reitin pituus: 10
(6, 11)
(6, 12)
(6, 13)
(5, 13)
(4, 13)
(4, 14)
(4, 15)
(5, 15)
(6, 15)
(6, 16)
(6, 17)
kaikki ok
Reitin pituus: 16
(4, 14)
(4, 13)
(4, 12)
(4, 11)
(4, 10)
(4, 9)
(4, 8)
(4, 7)
(4, 6)
(4, 5)
(4, 4)
(4, 3)
(4, 2)
(4, 1)
(5, 1)
(6, 1)
(7, 1)
kaikki ok
Reitin pituus: 18
(4, 10)
(4, 9)
(5, 9)
(6, 9)
(6, 8)
(6, 7)
(7, 7)
(8, 7)
(9, 7)
(10, 7)
(11, 7)
(12, 7)
(12, 8)
(12, 9)
(13, 9)
(14, 9)
(14, 8)
(14, 7)
(14, 6)
kaikki ok
Reitin pituus: 14
(1, 13)
(2, 13)
(3, 13)
(4, 13)
(4, 12)
(4, 11)
(4, 10)
(4, 9)
(4, 8)
(4, 7)
(4, 6)
(4, 5)
(4, 4)
(4, 3)
(3, 3)
kaikki ok
Reitin pituus: 14
(14, 12)
(14, 11)
(14, 10)
(14, 9)
(13, 9)
(12, 9)
(12, 8)
(12, 7)
(11, 7)
(10, 7)
(9, 7)
(8, 7)
(8, 6)
(8, 5)
(7, 5)
kaikki ok
Reitin pituus: 10
(6, 10)
(6, 9)
(5, 9)
(4, 9)
(4, 8)
(4, 7)
(4, 6)
(4, 5)
(4, 4)
(4, 3)
(3, 3)
kaikki ok
Reitin pituus: 21
(14, 14)
(14, 13)
(13, 13)
(12, 13)
(12, 12)
(12, 11)
(11, 11)
(10, 11)
(9, 11)
(8, 11)
(7, 11)
(6, 11)
(6, 10)
(6, 9)
(5, 9)
(4, 9)
(4, 8)
(4, 7)
(4, 6)
(4, 5)
(3, 5)
(2, 5)
kaikki ok
Reitin pituus: 8
(7, 7)
(6, 7)
(6, 8)
(6, 9)
(5, 9)
(4, 9)
(4, 10)
(4, 11)
(4, 12)
kaikki ok
Reitin pituus: 15
(5, 1)
(4, 1)
(4, 2)
(4, 3)
(4, 4)
(4, 5)
(4, 6)
(4, 7)
(4, 8)
(4, 9)
(4, 10)
(4, 11)
(4, 12)
(4, 13)
(3, 13)
(2, 13)
kaikki ok
Reitin pituus: 15
(14, 15)
(14, 14)
(14, 13)
(14, 12)
(14, 11)
(14, 10)
(14, 9)
(14, 8)
(14, 7)
(14, 6)
(14, 5)
(14, 4)
(14, 3)
(13, 3)
(12, 3)
(11, 3)
kaikki ok
Reitin pituus: 30
(1, 2)
(1, 3)
(1, 4)
(1, 5)
(2, 5)
(3, 5)
(4, 5)
(4, 6)
(4, 7)
(4, 8)
(4, 9)
(4, 10)
(4, 11)
(4, 12)
(4, 13)
(4, 14)
(4, 15)
(5, 15)
(6, 15)
(6, 16)
(6, 17)
(7, 17)
(8, 17)
(8, 18)
(8, 19)
(9, 19)
(10, 19)
(11, 19)
(12, 19)
(13, 19)
(14, 19)
kaikki ok
Reitin pituus: 17
(1, 5)
(2, 5)
(3, 5)
(4, 5)
(4, 6)
(4, 7)
(4, 8)
(4, 9)
(4, 10)
(4, 11)
(4, 12)
(4, 13)
(3, 13)
(2, 13)
(1, 13)
(1, 14)
(1, 15)
(2, 15)
kaikki ok
Reitin pituus: 8
(8, 13)
(7, 13)
(6, 13)
(5, 13)
(4, 13)
(3, 13)
(2, 13)
(1, 13)
(1, 14)
kaikki ok
Reitin pituus: 15
(4, 9)
(5, 9)
(6, 9)
(6, 8)
(6, 7)
(7, 7)
(8, 7)
(9, 7)
(10, 7)
(11, 7)
(12, 7)
(12, 8)
(12, 9)
(13, 9)
(14, 9)
(14, 8)
kaikki ok
Reitin pituus: 0
(10, 3)
kaikki ok
Reitin pituus: 21
(6, 1)
(5, 1)
(4, 1)
(4, 2)
(4, 3)
(4, 4)
(4, 5)
(4, 6)
(4, 7)
(4, 8)
(4, 9)
(4, 10)
(4, 11)
(4, 12)
(4, 13)
(4, 14)
(4, 15)
(5, 15)
(6, 15)
(6, 16)
(6, 17)
(7, 17)
kaikki ok
Reitin pituus: 28
(11, 3)
(12, 3)
(13, 3)
(14, 3)
(14, 4)
(14, 5)
(14, 6)
(14, 7)
(14, 8)
(14, 9)
(14, 10)
(14, 11)
(14, 12)
(14, 13)
(14, 14)
(14, 15)
(13, 15)
(12, 15)
(12, 16)
(12, 17)
(11, 17)
(10, 17)
(10, 18)
(10, 19)
(9, 19)
(8, 19)
(7, 19)
(6, 19)
(5, 19)
kaikki ok
Reitin pituus: 9
(16, 16)
(16, 17)
(15, 17)
(14, 17)
(14, 16)
(14, 15)
(14, 14)
(14, 13)
(13, 13)
(12, 13)
kaikki ok
Reitin pituus: 21
(16, 19)
(17, 19)
(17, 18)
(17, 17)
(16, 17)
(15, 17)
(14, 17)
(14, 16)
(14, 15)
(13, 15)
(12, 15)
(11, 15)
(10, 15)
(9, 15)
(8, 15)
(8, 14)
(8, 13)
(7, 13)
(6, 13)
(6, 12)
(6, 11)
(6, 10)
kaikki ok
Reitin pituus: 1
(17, 3)
(16, 3)
kaikki ok
Reitin pituus: 20
(6, 17)
(6, 16)
(6, 15)
(5, 15)
(4, 15)
(4, 14)
(4, 13)
(5, 13)
(6, 13)
(6, 12)
(6, 11)
(6, 10)
(6, 9)
(6, 8)
(6, 7)
(7, 7)
(8, 7)
(9, 7)
(9, 8)
(9, 9)
(8, 9)
kaikki ok
Reitin pituus: 14
(4, 15)
(4, 14)
(4, 13)
(4, 12)
(4, 11)
(4, 10)
(4, 9)
(4, 8)
(4, 7)
(4, 6)
(4, 5)
(4, 4)
(4, 3)
(3, 3)
(2, 3)
kaikki ok
Reitin pituus: 16
(3, 17)
(4, 17)
(4, 16)
(4, 15)
(5, 15)
(6, 15)
(7, 15)
(8, 15)
(9, 15)
(10, 15)
(11, 15)
(12, 15)
(13, 15)
(14, 15)
(14, 14)
(14, 13)
(15, 13)
kaikki ok
Reitin pituus: 17
(10, 9)
(9, 9)
(9, 8)
(9, 7)
(8, 7)
(7, 7)
(6, 7)
(6, 8)
(6, 9)
(6, 10)
(6, 11)
(6, 12)
(6, 13)
(7, 13)
(8, 13)
(8, 14)
(8, 15)
(9, 15)
kaikki ok
Reitin pituus: 9
(10, 17)
(11, 17)
(12, 17)
(12, 16)
(12, 15)
(13, 15)
(14, 15)
(14, 14)
(14, 13)
(14, 12)
kaikki ok
Reitin pituus: 28
(16, 19)
(15, 19)
(14, 19)
(13, 19)
(12, 19)
(11, 19)
(10, 19)
(9, 19)
(8, 19)
(8, 18)
(8, 17)
(7, 17)
(6, 17)
(6, 16)
(6, 15)
(5, 15)
(4, 15)
(4, 14)
(4, 13)
(4, 12)
(4, 11)
(4, 10)
(4, 9)
(4, 8)
(4, 7)
(4, 6)
(4, 5)
(4, 4)
(4, 3)
kaikki ok
Reitin pituus: 8
(8, 14)
(8, 13)
(7, 13)
(6, 13)
(6, 12)
(6, 11)
(6, 10)
(6, 9)
(6, 8)
kaikki ok
Reitin pituus: 18
(17, 19)
(17, 18)
(17, 17)
(16, 17)
(15, 17)
(14, 17)
(14, 16)
(14, 15)
(13, 15)
(12, 15)
(11, 15)
(10, 15)
(9, 15)
(8, 15)
(7, 15)
(6, 15)
(5, 15)
(4, 15)
(4, 16)
kaikki ok
Reitin pituus: 15
(1, 2)
(1, 3)
(1, 4)
(1, 5)
(2, 5)
(3, 5)
(4, 5)
(4, 6)
(4, 7)
(4, 8)
(4, 9)
(4, 10)
(4, 11)
(4, 12)
(4, 13)
(3, 13)
kaikki ok
Reitin pituus: 8
(9, 9)
(9, 8)
(9, 7)
(8, 7)
(7, 7)
(6, 7)
(6, 8)
(6, 9)
(6, 10)
kaikki ok
Reitin pituus: 9
(8, 14)
(8, 15)
(9, 15)
(10, 15)
(11, 15)
(12, 15)
(12, 16)
(12, 17)
(11, 17)
(10, 17)
kaikki ok
Reitin pituus: 20
(1, 2)
(1, 3)
(1, 4)
(1, 5)
(2, 5)
(3, 5)
(4, 5)
(4, 6)
(4, 7)
(4, 8)
(4, 9)
(4, 10)
(4, 11)
(4, 12)
(4, 13)
(3, 13)
(2, 13)
(1, 13)
(1, 14)
(1, 15)
(2, 15)
kaikki ok
Reitin pituus: 8
(6, 11)
(7, 11)
(8, 11)
(9, 11)
(10, 11)
(11, 11)
(12, 11)
(12, 10)
(12, 9)
kaikki ok
Reitin pituus: 6
(12, 13)
(13, 13)
(14, 13)
(15, 13)
(16, 13)
(17, 13)
(17, 14)
kaikki ok
Reitin pituus: 6
(14, 9)
(13, 9)
(12, 9)
(12, 10)
(12, 11)
(12, 12)
(12, 13)
kaikki ok
Reitin pituus: 4
(6, 3)
(5, 3)
(4, 3)
(4, 4)
(4, 5)
kaikki ok
Reitin pituus: 14
(8, 5)
(8, 6)
(8, 7)
(9, 7)
(10, 7)
(11, 7)
(12, 7)
(12, 8)
(12, 9)
(13, 9)
(14, 9)
(14, 8)
(14, 7)
(14, 6)
(14, 5)
kaikki ok
Reitin pituus: 10
(14, 16)
(14, 15)
(14, 14)
(14, 13)
(13, 13)
(12, 13)
(12, 12)
(12, 11)
(11, 11)
(10, 11)
(9, 11)
kaikki ok
Reitin pituus: 22
(2, 19)
(1, 19)
(1, 18)
(1, 17)
(2, 17)
(3, 17)
(4, 17)
(4, 16)
(4, 15)
(4, 14)
(4, 13)
(4, 12)
(4, 11)
(4, 10)
(4, 9)
(4, 8)
(4, 7)
(4, 6)
(4, 5)
(4, 4)
(4, 3)
(5, 3)
(6, 3)
kaikki ok
Reitin pituus: 8
(16, 19)
(17, 19)
(17, 18)
(17, 17)
(16, 17)
(16, 16)
(16, 15)
(17, 15)
(17, 14)
kaikki ok
Reitin pituus: 20
(11, 19)
(10, 19)
(10, 18)
(10, 17)
(11, 17)
(12, 17)
(12, 16)
(12, 15)
(13, 15)
(14, 15)
(14, 14)
(14, 13)
(14, 12)
(14, 11)
(14, 10)
(14, 9)
(14, 8)
(14, 7)
(14, 6)
(14, 5)
(14, 4)
kaikki ok
Reitin pituus: 13
(14, 12)
(14, 11)
(14, 10)
(14, 9)
(13, 9)
(12, 9)
(12, 8)
(12, 7)
(11, 7)
(10, 7)
(9, 7)
(8, 7)
(8, 6)
(8, 5)
kaikki ok
Reitin pituus: 11
(8, 1)
(8, 2)
(8, 3)
(9, 3)
(10, 3)
(11, 3)
(12, 3)
(13, 3)
(14, 3)
(14, 4)
(14, 5)
(15, 5)
kaikki ok
Reitin pituus: 11
(13, 9)
(14, 9)
(14, 8)
(14, 7)
(14, 6)
(14, 5)
(14, 4)
(14, 3)
(14, 2)
(14, 1)
(15, 1)
(16, 1)
kaikki ok
Reitin pituus: 22
(4, 2)
(4, 3)
(5, 3)
(6, 3)
(6, 4)
(6, 5)
(7, 5)
(8, 5)
(8, 6)
(8, 7)
(9, 7)
(10, 7)
(11, 7)
(12, 7)
(12, 8)
(12, 9)
(12, 10)
(12, 11)
(12, 12)
(12, 13)
(13, 13)
(14, 13)
(14, 14)
kaikki ok
Reitin pituus: 20
(2, 17)
(3, 17)
(4, 17)
(4, 16)
(4, 15)
(4, 14)
(4, 13)
(4, 12)
(4, 11)
(4, 10)
(4, 9)
(4, 8)
(4, 7)
(4, 6)
(4, 5)
(4, 4)
(4, 3)
(3, 3)
(2, 3)
(1, 3)
(1, 2)
kaikki ok
Reitin pituus: 25
(11, 17)
(12, 17)
(12, 16)
(12, 15)
(11, 15)
(10, 15)
(9, 15)
(8, 15)
(8, 14)
(8, 13)
(7, 13)
(6, 13)
(5, 13)
(4, 13)
(4, 12)
(4, 11)
(4, 10)
(4, 9)
(4, 8)
(4, 7)
(4, 6)
(4, 5)
(3, 5)
(2, 5)
(1, 5)
(1, 4)
kaikki ok
Reitin pituus: 16
(12, 7)
(11, 7)
(10, 7)
(9, 7)
(8, 7)
(8, 6)
(8, 5)
(7, 5)
(6, 5)
(6, 4)
(6, 3)
(5, 3)
(4, 3)
(4, 4)
(4, 5)
(3, 5)
(2, 5)
kaikki ok
Reitin pituus: 2
(14, 3)
(15, 3)
(16, 3)
kaikki ok
Reitin pituus: 15
(4, 14)
(4, 15)
(5, 15)
(6, 15)
(6, 16)
(6, 17)
(7, 17)
(8, 17)
(8, 18)
(8, 19)
(9, 19)
(10, 19)
(11, 19)
(12, 19)
(13, 19)
(14, 19)
kaikki ok
Reitin pituus: 14
(12, 15)
(12, 16)
(12, 17)
(11, 17)
(10, 17)
(10, 18)
(10, 19)
(9, 19)
(8, 19)
(7, 19)
(6, 19)
(5, 19)
(4, 19)
(3, 19)
(2, 19)
kaikki ok
Reitin pituus: 22
(2, 16)
(2, 17)
(3, 17)
(4, 17)
(4, 16)
(4, 15)
(4, 14)
(4, 13)
(5, 13)
(6, 13)
(6, 12)
(6, 11)
(6, 10)
(6, 9)
(6, 8)
(6, 7)
(7, 7)
(8, 7)
(9, 7)
(10, 7)
(10, 6)
(10, 5)
(11, 5)
kaikki ok
Reitin pituus: 20
(16, 16)
(16, 17)
(15, 17)
(14, 17)
(14, 16)
(14, 15)
(14, 14)
(14, 13)
(13, 13)
(12, 13)
(12, 12)
(12, 11)
(11, 11)
(10, 11)
(9, 11)
(8, 11)
(7, 11)
(6, 11)
(6, 10)
(6, 9)
(6, 8)
kaikki ok
Reitin pituus: 24
(14, 7)
(14, 8)
(14, 9)
(14, 10)
(14, 11)
(14, 12)
(14, 13)
(14, 14)
(14, 15)
(13, 15)
(12, 15)
(12, 16)
(12, 17)
(11, 17)
(10, 17)
(10, 18)
(10, 19)
(9, 19)
(8, 19)
(7, 19)
(6, 19)
(5, 19)
(4, 19)
(3, 19)
(2, 19)
kaikki ok
Reitin pituus: 26
(12, 16)
(12, 15)
(11, 15)
(10, 15)
(9, 15)
(8, 15)
(8, 14)
(8, 13)
(7, 13)
(6, 13)
(5, 13)
(4, 13)
(4, 12)
(4, 11)
(4, 10)
(4, 9)
(4, 8)
(4, 7)
(4, 6)
(4, 5)
(4, 4)
(4, 3)
(4, 2)
(4, 1)
(3, 1)
(2, 1)
(1, 1)
kaikki ok
Reitin pituus: 6
(8, 19)
(9, 19)
(10, 19)
(10, 18)
(10, 17)
(11, 17)
(12, 17)
kaikki ok
Reitin pituus: 4
(8, 1)
(8, 2)
(8, 3)
(9, 3)
(10, 3)
kaikki ok
Reitin pituus: 20
(2, 13)
(3, 13)
(4, 13)
(4, 14)
(4, 15)
(5, 15)
(6, 15)
(7, 15)
(8, 15)
(9, 15)
(10, 15)
(11, 15)
(12, 15)
(13, 15)
(14, 15)
(14, 14)
(14, 13)
(15, 13)
(16, 13)
(17, 13)
(17, 14)
kaikki ok
Reitin pituus: 16
(10, 7)
(9, 7)
(8, 7)
(7, 7)
(6, 7)
(6, 8)
(6, 9)
(5, 9)
(4, 9)
(4, 10)
(4, 11)
(4, 12)
(4, 13)
(4, 14)
(4, 15)
(5, 15)
(6, 15)
kaikki ok
Reitin pituus: 27
(12, 19)
(11, 19)
(10, 19)
(10, 18)
(10, 17)
(11, 17)
(12, 17)
(12, 16)
(12, 15)
(13, 15)
(14, 15)
(14, 14)
(14, 13)
(14, 12)
(14, 11)
(14, 10)
(14, 9)
(14, 8)
(14, 7)
(14, 6)
(14, 5)
(14, 4)
(14, 3)
(13, 3)
(12, 3)
(11, 3)
(10, 3)
(9, 3)
kaikki ok
Reitin pituus: 17
(16, 17)
(15, 17)
(14, 17)
(14, 16)
(14, 15)
(13, 15)
(12, 15)
(11, 15)
(10, 15)
(9, 15)
(8, 15)
(7, 15)
(6, 15)
(5, 15)
(4, 15)
(4, 14)
(4, 13)
(4, 12)
kaikki ok
Reitin pituus: 21
(10, 7)
(11, 7)
(12, 7)
(12, 8)
(12, 9)
(13, 9)
(14, 9)
(14, 10)
(14, 11)
(14, 12)
(14, 13)
(14, 14)
(14, 15)
(14, 16)
(14, 17)
(15, 17)
(16, 17)
(17, 17)
(17, 18)
(17, 19)
(16, 19)
(15, 19)
kaikki ok
Reitin pituus: 18
(4, 6)
(4, 5)
(4, 4)
(4, 3)
(5, 3)
(6, 3)
(7, 3)
(8, 3)
(9, 3)
(10, 3)
(11, 3)
(12, 3)
(13, 3)
(14, 3)
(15, 3)
(16, 3)
(17, 3)
(17, 2)
(17, 1)
kaikki ok
Reitin pituus: 1
(14, 13)
(14, 12)
kaikki ok
Reitin pituus: 18
(11, 7)
(12, 7)
(12, 8)
(12, 9)
(13, 9)
(14, 9)
(14, 10)
(14, 11)
(14, 12)
(14, 13)
(14, 14)
(14, 15)
(13, 15)
(12, 15)
(12, 16)
(12, 17)
(11, 17)
(10, 17)
(10, 18)
kaikki ok
Reitin pituus: 11
(8, 7)
(9, 7)
(10, 7)
(10, 6)
(10, 5)
(11, 5)
(12, 5)
(12, 4)
(12, 3)
(13, 3)
(14, 3)
(14, 2)
kaikki ok
Reitin pituus: 13
(16, 3)
(15, 3)
(14, 3)
(13, 3)
(12, 3)
(11, 3)
(10, 3)
(9, 3)
(8, 3)
(8, 2)
(8, 1)
(7, 1)
(6, 1)
(5, 1)
kaikki ok
Reitin pituus: 7
(6, 3)
(7, 3)
(8, 3)
(9, 3)
(10, 3)
(11, 3)
(12, 3)
(13, 3)
kaikki ok
Reitin pituus: 21
(2, 19)
(3, 19)
(4, 19)
(5, 19)
(6, 19)
(7, 19)
(8, 19)
(9, 19)
(10, 19)
(10, 18)
(10, 17)
(11, 17)
(12, 17)
(12, 16)
(12, 15)
(13, 15)
(14, 15)
(14, 14)
(14, 13)
(14, 12)
(14, 11)
(14, 10)
kaikki ok
Reitin pituus: 16
(11, 3)
(12, 3)
(12, 4)
(12, 5)
(11, 5)
(10, 5)
(10, 6)
(10, 7)
(11, 7)
(12, 7)
(12, 8)
(12, 9)
(12, 10)
(12, 11)
(12, 12)
(12, 13)
(11, 13)
kaikki ok
Reitin pituus: 16
(17, 15)
(16, 15)
(16, 16)
(16, 17)
(15, 17)
(14, 17)
(14, 16)
(14, 15)
(13, 15)
(12, 15)
(11, 15)
(10, 15)
(9, 15)
(8, 15)
(7, 15)
(6, 15)
(5, 15)
kaikki ok
Reitin pituus: 18
(5, 13)
(6, 13)
(7, 13)
(8, 13)
(8, 14)
(8, 15)
(9, 15)
(10, 15)
(11, 15)
(12, 15)
(13, 15)
(14, 15)
(14, 16)
(14, 17)
(15, 17)
(16, 17)
(17, 17)
(17, 18)
(17, 19)
kaikki ok
Reitin pituus: 4
(4, 13)
(3, 13)
(2, 13)
(1, 13)
(1, 14)
kaikki ok
Reitin pituus: 12
(10, 19)
(9, 19)
(8, 19)
(8, 18)
(8, 17)
(7, 17)
(6, 17)
(6, 16)
(6, 15)
(5, 15)
(4, 15)
(4, 16)
(4, 17)
kaikki ok
Reitin pituus: 20
(17, 1)
(17, 2)
(17, 3)
(17, 4)
(17, 5)
(16, 5)
(15, 5)
(14, 5)
(14, 6)
(14, 7)
(14, 8)
(14, 9)
(13, 9)
(12, 9)
(12, 10)
(12, 11)
(12, 12)
(12, 13)
(11, 13)
(10, 13)
(10, 14)
kaikki ok
Reitin pituus: 10
(8, 18)
(8, 17)
(7, 17)
(6, 17)
(6, 16)
(6, 15)
(5, 15)
(4, 15)
(4, 14)
(4, 13)
(3, 13)
kaikki ok
Reitin pituus: 7
(17, 17)
(16, 17)
(15, 17)
(14, 17)
(14, 16)
(14, 15)
(14, 14)
(14, 13)
kaikki ok
Reitin pituus: 24
(10, 18)
(10, 17)
(11, 17)
(12, 17)
(12, 16)
(12, 15)
(13, 15)
(14, 15)
(14, 14)
(14, 13)
(14, 12)
(14, 11)
(14, 10)
(14, 9)
(14, 8)
(14, 7)
(14, 6)
(14, 5)
(14, 4)
(14, 3)
(14, 2)
(14, 1)
(15, 1)
(16, 1)
(17, 1)
kaikki ok
Reitin pituus: 14
(3, 13)
(4, 13)
(4, 12)
(4, 11)
(4, 10)
(4, 9)
(4, 8)
(4, 7)
(4, 6)
(4, 5)
(4, 4)
(4, 3)
(4, 2)
(4, 1)
(5, 1)
kaikki ok
Reitin pituus: 11
(4, 17)
(4, 16)
(4, 15)
(4, 14)
(4, 13)
(4, 12)
(4, 11)
(4, 10)
(4, 9)
(4, 8)
(4, 7)
(4, 6)
kaikki ok
Reitin pituus: 16
(13, 19)
(12, 19)
(11, 19)
(10, 19)
(10, 18)
(10, 17)
(11, 17)
(12, 17)
(12, 16)
(12, 15)
(11, 15)
(10, 15)
(10, 14)
(10, 13)
(11, 13)
(12, 13)
(12, 12)
kaikki ok
Reitin pituus: 8
(11, 5)
(12, 5)
(12, 4)
(12, 3)
(11, 3)
(10, 3)
(9, 3)
(8, 3)
(7, 3)
kaikki ok
Reitin pituus: 4
(8, 11)
(7, 11)
(6, 11)
(6, 12)
(6, 13)
kaikki ok
Reitin pituus: 15
(10, 18)
(10, 17)
(11, 17)
(12, 17)
(12, 16)
(12, 15)
(13, 15)
(14, 15)
(14, 14)
(14, 13)
(14, 12)
(14, 11)
(14, 10)
(14, 9)
(14, 8)
(14, 7)
kaikki ok
Reitin pituus: 8
(9, 11)
(10, 11)
(11, 11)
(12, 11)
(12, 10)
(12, 9)
(12, 8)
(12, 7)
(11, 7)
kaikki ok
Reitin pituus: 4
(17, 3)
(16, 3)
(15, 3)
(14, 3)
(14, 4)
kaikki ok
Reitin pituus: 20
(4, 1)
(4, 2)
(4, 3)
(5, 3)
(6, 3)
(6, 4)
(6, 5)
(7, 5)
(8, 5)
(8, 6)
(8, 7)
(9, 7)
(10, 7)
(11, 7)
(12, 7)
(12, 8)
(12, 9)
(12, 10)
(12, 11)
(12, 12)
(12, 13)
kaikki ok
Reitin pituus: 13
(14, 3)
(14, 4)
(14, 5)
(14, 6)
(14, 7)
(14, 8)
(14, 9)
(13, 9)
(12, 9)
(12, 10)
(12, 11)
(11, 11)
(10, 11)
(9, 11)
kaikki ok
Reitin pituus: 2
(10, 3)
(10, 2)
(10, 1)
kaikki ok
Reitin pituus: 17
(14, 10)
(14, 9)
(14, 8)
(14, 7)
(14, 6)
(14, 5)
(14, 4)
(14, 3)
(13, 3)
(12, 3)
(11, 3)
(10, 3)
(9, 3)
(8, 3)
(8, 2)
(8, 1)
(7, 1)
(6, 1)
kaikki ok
Reitin pituus: 2
(14, 10)
(14, 9)
(14, 8)
kaikki ok
Reitin pituus: 3
(2, 5)
(1, 5)
(1, 4)
(1, 3)
kaikki ok
Reitin pituus: 20
(1, 19)
(1, 18)
(1, 17)
(2, 17)
(3, 17)
(4, 17)
(4, 16)
(4, 15)
(5, 15)
(6, 15)
(7, 15)
(8, 15)
(9, 15)
(10, 15)
(11, 15)
(12, 15)
(13, 15)
(14, 15)
(14, 14)
(14, 13)
(14, 12)
kaikki ok
Reitin pituus: 7
(5, 13)
(6, 13)
(6, 12)
(6, 11)
(7, 11)
(8, 11)
(9, 11)
(10, 11)
kaikki ok
Reitin pituus: 24
(16, 15)
(17, 15)
(17, 14)
(17, 13)
(16, 13)
(15, 13)
(14, 13)
(13, 13)
(12, 13)
(12, 12)
(12, 11)
(11, 11)
(10, 11)
(9, 11)
(8, 11)
(7, 11)
(6, 11)
(6, 10)
(6, 9)
(5, 9)
(4, 9)
(4, 8)
(4, 7)
(4, 6)
(4, 5)
kaikki ok
Reitin pituus: 13
(8, 19)
(9, 19)
(10, 19)
(11, 19)
(12, 19)
(13, 19)
(14, 19)
(15, 19)
(16, 19)
(17, 19)
(17, 18)
(17, 17)
(16, 17)
(15, 17)
kaikki ok
Reitin pituus: 20
(14, 6)
(14, 7)
(14, 8)
(14, 9)
(14, 10)
(14, 11)
(14, 12)
(14, 13)
(14, 14)
(14, 15)
(13, 15)
(12, 15)
(12, 16)
(12, 17)
(11, 17)
(10, 17)
(10, 18)
(10, 19)
(9, 19)
(8, 19)
(7, 19)
kaikki ok
Reitin pituus: 15
(16, 19)
(15, 19)
(14, 19)
(13, 19)
(12, 19)
(11, 19)
(10, 19)
(9, 19)
(8, 19)
(8, 18)
(8, 17)
(7, 17)
(6, 17)
(6, 16)
(6, 15)
(7, 15)
kaikki ok
Reitin pituus: 19
(10, 2)
(10, 3)
(11, 3)
(12, 3)
(12, 4)
(12, 5)
(11, 5)
(10, 5)
(10, 6)
(10, 7)
(11, 7)
(12, 7)
(12, 8)
(12, 9)
(12, 10)
(12, 11)
(12, 12)
(12, 13)
(11, 13)
(10, 13)
kaikki ok
Reitin pituus: 13
(2, 15)
(1, 15)
(1, 14)
(1, 13)
(2, 13)
(3, 13)
(4, 13)
(4, 12)
(4, 11)
(4, 10)
(4, 9)
(4, 8)
(4, 7)
(4, 6)
kaikki ok
Reitin pituus: 25
(3, 13)
(4, 13)
(5, 13)
(6, 13)
(6, 12)
(6, 11)
(6, 10)
(6, 9)
(6, 8)
(6, 7)
(7, 7)
(8, 7)
(9, 7)
(10, 7)
(10, 6)
(10, 5)
(11, 5)
(12, 5)
(12, 4)
(12, 3)
(13, 3)
(14, 3)
(14, 2)
(14, 1)
(15, 1)
(16, 1)
kaikki ok
Reitin pituus: 18
(7, 5)
(8, 5)
(8, 6)
(8, 7)
(9, 7)
(10, 7)
(11, 7)
(12, 7)
(12, 8)
(12, 9)
(12, 10)
(12, 11)
(12, 12)
(12, 13)
(11, 13)
(10, 13)
(10, 14)
(10, 15)
(11, 15)
kaikki ok
Reitin pituus: 16
(9, 15)
(8, 15)
(8, 14)
(8, 13)
(7, 13)
(6, 13)
(6, 12)
(6, 11)
(6, 10)
(6, 9)
(5, 9)
(4, 9)
(4, 8)
(4, 7)
(4, 6)
(4, 5)
(3, 5)
kaikki ok
Reitin pituus: 22
(17, 14)
(17, 13)
(16, 13)
(15, 13)
(14, 13)
(14, 12)
(14, 11)
(14, 10)
(14, 9)
(14, 8)
(14, 7)
(14, 6)
(14, 5)
(14, 4)
(14, 3)
(13, 3)
(12, 3)
(11, 3)
(10, 3)
(9, 3)
(8, 3)
(7, 3)
(6, 3)
kaikki ok
Reitin pituus: 18
(3, 3)
(4, 3)
(4, 4)
(4, 5)
(4, 6)
(4, 7)
(4, 8)
(4, 9)
(4, 10)
(4, 11)
(4, 12)
(4, 13)
(5, 13)
(6, 13)
(7, 13)
(8, 13)
(8, 14)
(8, 15)
(9, 15)
kaikki ok
Reitin pituus: 4
(8, 13)
(7, 13)
(6, 13)
(5, 13)
(4, 13)
kaikki ok
Reitin pituus: 18
(1, 1)
(2, 1)
(3, 1)
(4, 1)
(5, 1)
(6, 1)
(7, 1)
(8, 1)
(8, 2)
(8, 3)
(9, 3)
(10, 3)
(11, 3)
(12, 3)
(13, 3)
(14, 3)
(15, 3)
(16, 3)
(17, 3)
kaikki ok
Reitin pituus: 18
(10, 5)
(10, 6)
(10, 7)
(9, 7)
(8, 7)
(7, 7)
(6, 7)
(6, 8)
(6, 9)
(6, 10)
(6, 11)
(6, 12)
(6, 13)
(5, 13)
(4, 13)
(3, 13)
(2, 13)
(1, 13)
(1, 14)
kaikki ok
Reitin pituus: 22
(9, 7)
(10, 7)
(11, 7)
(12, 7)
(12, 8)
(12, 9)
(13, 9)
(14, 9)
(14, 10)
(14, 11)
(14, 12)
(14, 13)
(14, 14)
(14, 15)
(14, 16)
(14, 17)
(15, 17)
(16, 17)
(17, 17)
(17, 18)
(17, 19)
(16, 19)
(15, 19)
kaikki ok
Reitin pituus: 13
(4, 12)
(4, 11)
(4, 10)
(4, 9)
(4, 8)
(4, 7)
(4, 6)
(4, 5)
(4, 4)
(4, 3)
(3, 3)
(2, 3)
(1, 3)
(1, 2)
kaikki ok
Reitin pituus: 17
(10, 11)
(9, 11)
(8, 11)
(7, 11)
(6, 11)
(6, 10)
(6, 9)
(5, 9)
(4, 9)
(4, 8)
(4, 7)
(4, 6)
(4, 5)
(4, 4)
(4, 3)
(3, 3)
(2, 3)
(1, 3)
kaikki ok
Reitin pituus: 18
(9, 9)
(9, 8)
(9, 7)
(10, 7)
(11, 7)
(12, 7)
(12, 8)
(12, 9)
(12, 10)
(12, 11)
(12, 12)
(12, 13)
(11, 13)
(10, 13)
(10, 14)
(10, 15)
(11, 15)
(12, 15)
(12, 16)
kaikki ok
Reitin pituus: 27
(1, 1)
(1, 2)
(1, 3)
(2, 3)
(3, 3)
(4, 3)
(5, 3)
(6, 3)
(6, 4)
(6, 5)
(7, 5)
(8, 5)
(8, 6)
(8, 7)
(9, 7)
(10, 7)
(11, 7)
(12, 7)
(12, 8)
(12, 9)
(12, 10)
(12, 11)
(12, 12)
(12, 13)
(13, 13)
(14, 13)
(14, 14)
(14, 15)
kaikki ok
Reitin pituus: 20
(13, 15)
(14, 15)
(14, 14)
(14, 13)
(14, 12)
(14, 11)
(14, 10)
(14, 9)
(14, 8)
(14, 7)
(14, 6)
(14, 5)
(14, 4)
(14, 3)
(13, 3)
(12, 3)
(11, 3)
(10, 3)
(9, 3)
(8, 3)
(8, 2)
kaikki ok
Reitin pituus: 21
(6, 4)
(6, 5)
(7, 5)
(8, 5)
(8, 6)
(8, 7)
(9, 7)
(10, 7)
(11, 7)
(12, 7)
(12, 8)
(12, 9)
(13, 9)
(14, 9)
(14, 10)
(14, 11)
(14, 12)
(14, 13)
(14, 14)
(14, 15)
(13, 15)
(12, 15)
kaikki ok
Reitin pituus: 14
(4, 4)
(4, 3)
(5, 3)
(6, 3)
(7, 3)
(8, 3)
(9, 3)
(10, 3)
(10, 2)
(10, 1)
(11, 1)
(12, 1)
(13, 1)
(14, 1)
(15, 1)
kaikki ok
Reitin pituus: 19
(6, 12)
(6, 11)
(6, 10)
(6, 9)
(6, 8)
(6, 7)
(7, 7)
(8, 7)
(9, 7)
(10, 7)
(10, 6)
(10, 5)
(11, 5)
(12, 5)
(12, 4)
(12, 3)
(11, 3)
(10, 3)
(10, 2)
(10, 1)
kaikki ok
Reitin pituus: 18
(8, 5)
(8, 6)
(8, 7)
(7, 7)
(6, 7)
(6, 8)
(6, 9)
(6, 10)
(6, 11)
(6, 12)
(6, 13)
(5, 13)
(4, 13)
(4, 14)
(4, 15)
(4, 16)
(4, 17)
(3, 17)
(2, 17)
kaikki ok
Reitin pituus: 24
(13, 19)
(12, 19)
(11, 19)
(10, 19)
(10, 18)
(10, 17)
(11, 17)
(12, 17)
(12, 16)
(12, 15)
(13, 15)
(14, 15)
(14, 14)
(14, 13)
(14, 12)
(14, 11)
(14, 10)
(14, 9)
(13, 9)
(12, 9)
(12, 8)
(12, 7)
(11, 7)
(10, 7)
(9, 7)
kaikki ok
Reitin pituus: 10
(12, 16)
(12, 15)
(13, 15)
(14, 15)
(14, 14)
(14, 13)
(13, 13)
(12, 13)
(12, 12)
(12, 11)
(12, 10)
kaikki ok
Reitin pituus: 9
(9, 11)
(10, 11)
(11, 11)
(12, 11)
(12, 12)
(12, 13)
(13, 13)
(14, 13)
(14, 14)
(14, 15)
kaikki ok
Reitin pituus: 20
(4, 19)
(3, 19)
(2, 19)
(1, 19)
(1, 18)
(1, 17)
(2, 17)
(3, 17)
(4, 17)
(4, 16)
(4, 15)
(4, 14)
(4, 13)
(5, 13)
(6, 13)
(6, 12)
(6, 11)
(6, 10)
(6, 9)
(6, 8)
(6, 7)
kaikki ok
Reitin pituus: 15
(14, 9)
(13, 9)
(12, 9)
(12, 10)
(12, 11)
(11, 11)
(10, 11)
(9, 11)
(8, 11)
(7, 11)
(6, 11)
(6, 12)
(6, 13)
(5, 13)
(4, 13)
(4, 14)
kaikki ok
Reitin pituus: 10
(15, 17)
(14, 17)
(14, 16)
(14, 15)
(14, 14)
(14, 13)
(14, 12)
(14, 11)
(14, 10)
(14, 9)
(13, 9)
kaikki ok
Reitin pituus: 9
(2, 13)
(3, 13)
(4, 13)
(5, 13)
(6, 13)
(6, 12)
(6, 11)
(7, 11)
(8, 11)
(9, 11)
kaikki ok
Reitin pituus: 7
(8, 14)
(8, 15)
(9, 15)
(10, 15)
(11, 15)
(12, 15)
(12, 16)
(12, 17)
kaikki ok
Reitin pituus: 19
(17, 17)
(16, 17)
(15, 17)
(14, 17)
(14, 16)
(14, 15)
(14, 14)
(14, 13)
(14, 12)
(14, 11)
(14, 10)
(14, 9)
(14, 8)
(14, 7)
(14, 6)
(14, 5)
(14, 4)
(14, 3)
(13, 3)
(12, 3)
kaikki ok
Reitin pituus: 15
(16, 13)
(15, 13)
(14, 13)
(13, 13)
(12, 13)
(12, 12)
(12, 11)
(11, 11)
(10, 11)
(9, 11)
(8, 11)
(7, 11)
(6, 11)
(6, 10)
(6, 9)
(6, 8)
kaikki ok
Reitin pituus: 14
(10, 11)
(11, 11)
(12, 11)
(12, 10)
(12, 9)
(13, 9)
(14, 9)
(14, 8)
(14, 7)
(14, 6)
(14, 5)
(14, 4)
(14, 3)
(15, 3)
(16, 3)
kaikki ok
Reitin pituus: 16
(17, 15)
(17, 14)
(17, 13)
(16, 13)
(15, 13)
(14, 13)
(14, 12)
(14, 11)
(14, 10)
(14, 9)
(14, 8)
(14, 7)
(14, 6)
(14, 5)
(15, 5)
(16, 5)
(17, 5)
kaikki ok
Reitin pituus: 21
(14, 9)
(13, 9)
(12, 9)
(12, 10)
(12, 11)
(11, 11)
(10, 11)
(9, 11)
(8, 11)
(7, 11)
(6, 11)
(6, 10)
(6, 9)
(5, 9)
(4, 9)
(4, 8)
(4, 7)
(4, 6)
(4, 5)
(3, 5)
(2, 5)
(1, 5)
kaikki ok
Reitin pituus: 14
(10, 6)
(10, 7)
(9, 7)
(8, 7)
(7, 7)
(6, 7)
(6, 8)
(6, 9)
(6, 10)
(6, 11)
(6, 12)
(6, 13)
(7, 13)
(8, 13)
(8, 14)
kaikki ok
Reitin pituus: 24
(6, 19)
(7, 19)
(8, 19)
(8, 18)
(8, 17)
(7, 17)
(6, 17)
(6, 16)
(6, 15)
(5, 15)
(4, 15)
(4, 14)
(4, 13)
(4, 12)
(4, 11)
(4, 10)
(4, 9)
(4, 8)
(4, 7)
(4, 6)
(4, 5)
(4, 4)
(4, 3)
(4, 2)
(4, 1)
kaikki ok
Reitin pituus: 12
(4, 6)
(4, 5)
(4, 4)
(4, 3)
(5, 3)
(6, 3)
(7, 3)
(8, 3)
(9, 3)
(10, 3)
(11, 3)
(12, 3)
(13, 3)
kaikki ok
Reitin pituus: 13
(4, 3)
(5, 3)
(6, 3)
(6, 4)
(6, 5)
(7, 5)
(8, 5)
(8, 6)
(8, 7)
(9, 7)
(10, 7)
(11, 7)
(12, 7)
(12, 8)
kaikki ok
Reitin pituus: 23
(8, 19)
(8, 18)
(8, 17)
(7, 17)
(6, 17)
(6, 16)
(6, 15)
(5, 15)
(4, 15)
(4, 14)
(4, 13)
(4, 12)
(4, 11)
(4, 10)
(4, 9)
(4, 8)
(4, 7)
(4, 6)
(4, 5)
(3, 5)
(2, 5)
(1, 5)
(1, 4)
(1, 3)
kaikki ok
Reitin pituus: 17
(17, 15)
(16, 15)
(16, 16)
(16, 17)
(15, 17)
(14, 17)
(14, 16)
(14, 15)
(13, 15)
(12, 15)
(11, 15)
(10, 15)
(9, 15)
(8, 15)
(7, 15)
(6, 15)
(5, 15)
(4, 15)
kaikki ok
Reitin pituus: 13
(15, 3)
(14, 3)
(14, 4)
(14, 5)
(14, 6)
(14, 7)
(14, 8)
(14, 9)
(13, 9)
(12, 9)
(12, 10)
(12, 11)
(12, 12)
(12, 13)
kaikki ok
Reitin pituus: 16
(14, 16)
(14, 15)
(13, 15)
(12, 15)
(11, 15)
(10, 15)
(9, 15)
(8, 15)
(7, 15)
(6, 15)
(5, 15)
(4, 15)
(4, 16)
(4, 17)
(3, 17)
(2, 17)
(1, 17)
kaikki ok
Reitin pituus: 14
(5, 9)
(4, 9)
(4, 10)
(4, 11)
(4, 12)
(4, 13)
(4, 14)
(4, 15)
(4, 16)
(4, 17)
(3, 17)
(2, 17)
(1, 17)
(1, 18)
(1, 19)
kaikki ok
Reitin pituus: 12
(7, 13)
(6, 13)
(6, 12)
(6, 11)
(6, 10)
(6, 9)
(6, 8)
(6, 7)
(7, 7)
(8, 7)
(9, 7)
(10, 7)
(11, 7)
kaikki ok
Reitin pituus: 10
(7, 15)
(6, 15)
(5, 15)
(4, 15)
(4, 14)
(4, 13)
(4, 12)
(4, 11)
(4, 10)
(4, 9)
(4, 8)
kaikki ok
Reitin pituus: 5
(4, 7)
(4, 8)
(4, 9)
(5, 9)
(6, 9)
(6, 10)
kaikki ok
Reitin pituus: 22
(9, 15)
(10, 15)
(10, 14)
(10, 13)
(11, 13)
(12, 13)
(12, 12)
(12, 11)
(12, 10)
(12, 9)
(13, 9)
(14, 9)
(14, 8)
(14, 7)
(14, 6)
(14, 5)
(14, 4)
(14, 3)
(14, 2)
(14, 1)
(13, 1)
(12, 1)
(11, 1)
kaikki ok
Reitin pituus: 9
(6, 5)
(7, 5)
(8, 5)
(8, 6)
(8, 7)
(7, 7)
(6, 7)
(6, 8)
(6, 9)
(6, 10)
kaikki ok
Reitin pituus: 23
(2, 1)
(3, 1)
(4, 1)
(4, 2)
(4, 3)
(4, 4)
(4, 5)
(4, 6)
(4, 7)
(4, 8)
(4, 9)
(4, 10)
(4, 11)
(4, 12)
(4, 13)
(5, 13)
(6, 13)
(7, 13)
(8, 13)
(8, 14)
(8, 15)
(9, 15)
(10, 15)
(10, 14)
kaikki ok
Reitin pituus: 21
(1, 2)
(1, 3)
(2, 3)
(3, 3)
(4, 3)
(5, 3)
(6, 3)
(6, 4)
(6, 5)
(7, 5)
(8, 5)
(8, 6)
(8, 7)
(9, 7)
(10, 7)
(11, 7)
(12, 7)
(12, 8)
(12, 9)
(12, 10)
(12, 11)
(12, 12)
kaikki ok
Reitin pituus: 25
(17, 1)
(17, 2)
(17, 3)
(17, 4)
(17, 5)
(16, 5)
(15, 5)
(14, 5)
(14, 6)
(14, 7)
(14, 8)
(14, 9)
(14, 10)
(14, 11)
(14, 12)
(14, 13)
(14, 14)
(14, 15)
(13, 15)
(12, 15)
(12, 16)
(12, 17)
(11, 17)
(10, 17)
(10, 18)
(10, 19)
kaikki ok
Reitin pituus: 26
(2, 16)
(2, 17)
(3, 17)
(4, 17)
(4, 16)
(4, 15)
(5, 15)
(6, 15)
(7, 15)
(8, 15)
(9, 15)
(10, 15)
(11, 15)
(12, 15)
(13, 15)
(14, 15)
(14, 14)
(14, 13)
(14, 12)
(14, 11)
(14, 10)
(14, 9)
(14, 8)
(14, 7)
(14, 6)
(14, 5)
(14, 4)
kaikki ok
Reitin pituus: 11
(11, 17)
(10, 17)
(10, 18)
(10, 19)
(9, 19)
(8, 19)
(7, 19)
(6, 19)
(5, 19)
(4, 19)
(3, 19)
(2, 19)
kaikki ok
Reitin pituus: 5
(10, 19)
(9, 19)
(8, 19)
(7, 19)
(6, 19)
(5, 19)
kaikki ok
Reitin pituus: 3
(11, 15)
(12, 15)
(13, 15)
(14, 15)
kaikki ok
Reitin pituus: 15
(6, 9)
(6, 8)
(6, 7)
(7, 7)
(8, 7)
(9, 7)
(10, 7)
(10, 6)
(10, 5)
(11, 5)
(12, 5)
(12, 4)
(12, 3)
(13, 3)
(14, 3)
(14, 2)
kaikki ok
Reitin pituus: 9
(9, 15)
(8, 15)
(7, 15)
(6, 15)
(5, 15)
(4, 15)
(4, 16)
(4, 17)
(3, 17)
(2, 17)
kaikki ok
Reitin pituus: 27
(11, 19)
(10, 19)
(9, 19)
(8, 19)
(8, 18)
(8, 17)
(7, 17)
(6, 17)
(6, 16)
(6, 15)
(5, 15)
(4, 15)
(4, 14)
(4, 13)
(4, 12)
(4, 11)
(4, 10)
(4, 9)
(4, 8)
(4, 7)
(4, 6)
(4, 5)
(4, 4)
(4, 3)
(4, 2)
(4, 1)
(3, 1)
(2, 1)
kaikki ok
Reitin pituus: 13
(9, 9)
(9, 8)
(9, 7)
(10, 7)
(10, 6)
(10, 5)
(11, 5)
(12, 5)
(12, 4)
(12, 3)
(13, 3)
(14, 3)
(14, 2)
(14, 1)
kaikki ok
Reitin pituus: 11
(14, 15)
(14, 14)
(14, 13)
(14, 12)
(14, 11)
(14, 10)
(14, 9)
(14, 8)
(14, 7)
(14, 6)
(14, 5)
(15, 5)
kaikki ok
Reitin pituus: 23
(14, 5)
(14, 6)
(14, 7)
(14, 8)
(14, 9)
(14, 10)
(14, 11)
(14, 12)
(14, 13)
(14, 14)
(14, 15)
(13, 15)
(12, 15)
(12, 16)
(12, 17)
(11, 17)
(10, 17)
(10, 18)
(10, 19)
(9, 19)
(8, 19)
(7, 19)
(6, 19)
(5, 19)
kaikki ok
Reitin pituus: 6
(7, 5)
(8, 5)
(8, 6)
(8, 7)
(9, 7)
(10, 7)
(11, 7)
kaikki ok
Reitin pituus: 6
(6, 13)
(5, 13)
(4, 13)
(4, 12)
(4, 11)
(4, 10)
(4, 9)
kaikki ok
Reitin pituus: 9
(5, 19)
(6, 19)
(7, 19)
(8, 19)
(9, 19)
(10, 19)
(11, 19)
(12, 19)
(13, 19)
(14, 19)
kaikki ok
Reitin pituus: 26
(2, 5)
(3, 5)
(4, 5)
(4, 6)
(4, 7)
(4, 8)
(4, 9)
(4, 10)
(4, 11)
(4, 12)
(4, 13)
(4, 14)
(4, 15)
(5, 15)
(6, 15)
(6, 16)
(6, 17)
(7, 17)
(8, 17)
(8, 18)
(8, 19)
(9, 19)
(10, 19)
(11, 19)
(12, 19)
(13, 19)
(14, 19)
kaikki ok
Reitin pituus: 23
(9, 9)
(9, 8)
(9, 7)
(10, 7)
(11, 7)
(12, 7)
(12, 8)
(12, 9)
(12, 10)
(12, 11)
(12, 12)
(12, 13)
(11, 13)
(10, 13)
(10, 14)
(10, 15)
(11, 15)
(12, 15)
(12, 16)
(12, 17)
(11, 17)
(10, 17)
(10, 18)
(10, 19)
kaikki ok
Reitin pituus: 12
(8, 3)
(9, 3)
(10, 3)
(11, 3)
(12, 3)
(12, 4)
(12, 5)
(11, 5)
(10, 5)
(10, 6)
(10, 7)
(11, 7)
(12, 7)
kaikki ok
Reitin pituus: 28
(9, 3)
(8, 3)
(7, 3)
(6, 3)
(5, 3)
(4, 3)
(4, 4)
(4, 5)
(4, 6)
(4, 7)
(4, 8)
(4, 9)
(4, 10)
(4, 11)
(4, 12)
(4, 13)
(4, 14)
(4, 15)
(5, 15)
(6, 15)
(6, 16)
(6, 17)
(7, 17)
(8, 17)
(8, 18)
(8, 19)
(7, 19)
(6, 19)
(5, 19)
kaikki ok
Reitin pituus: 9
(10, 1)
(10, 2)
(10, 3)
(11, 3)
(12, 3)
(12, 4)
(12, 5)
(11, 5)
(10, 5)
(10, 6)
kaikki ok
Reitin pituus: 16
(12, 3)
(13, 3)
(14, 3)
(14, 4)
(14, 5)
(14, 6)
(14, 7)
(14, 8)
(14, 9)
(14, 10)
(14, 11)
(14, 12)
(14, 13)
(14, 14)
(14, 15)
(13, 15)
(12, 15)
kaikki ok
Reitin pituus: 9
(1, 2)
(1, 3)
(2, 3)
(3, 3)
(4, 3)
(5, 3)
(6, 3)
(6, 4)
(6, 5)
(7, 5)
kaikki ok
Reitin pituus: 4
(1, 15)
(1, 14)
(1, 13)
(2, 13)
(3, 13)
kaikki ok
Reitin pituus: 13
(8, 13)
(7, 13)
(6, 13)
(5, 13)
(4, 13)
(4, 12)
(4, 11)
(4, 10)
(4, 9)
(4, 8)
(4, 7)
(4, 6)
(4, 5)
(4, 4)
kaikki ok
Reitin pituus: 7
(15, 17)
(14, 17)
(14, 16)
(14, 15)
(13, 15)
(12, 15)
(12, 16)
(12, 17)
kaikki ok
Reitin pituus: 11
(14, 10)
(14, 9)
(13, 9)
(12, 9)
(12, 8)
(12, 7)
(11, 7)
(10, 7)
(10, 6)
(10, 5)
(11, 5)
(12, 5)
kaikki ok
Reitin pituus: 14
(6, 19)
(7, 19)
(8, 19)
(8, 18)
(8, 17)
(7, 17)
(6, 17)
(6, 16)
(6, 15)
(5, 15)
(4, 15)
(4, 14)
(4, 13)
(5, 13)
(6, 13)
kaikki ok
Reitin pituus: 13
(14, 7)
(14, 8)
(14, 9)
(14, 10)
(14, 11)
(14, 12)
(14, 13)
(14, 14)
(14, 15)
(14, 16)
(14, 17)
(15, 17)
(16, 17)
(17, 17)
kaikki ok
Reitin pituus: 5
(4, 12)
(4, 13)
(5, 13)
(6, 13)
(6, 12)
(6, 11)
kaikki ok
Reitin pituus: 22
(7, 19)
(8, 19)
(8, 18)
(8, 17)
(7, 17)
(6, 17)
(6, 16)
(6, 15)
(5, 15)
(4, 15)
(4, 14)
(4, 13)
(4, 12)
(4, 11)
(4, 10)
(4, 9)
(4, 8)
(4, 7)
(4, 6)
(4, 5)
(4, 4)
(4, 3)
(4, 2)
kaikki ok
Reitin pituus: 12
(10, 5)
(10, 6)
(10, 7)
(9, 7)
(8, 7)
(8, 6)
(8, 5)
(7, 5)
(6, 5)
(6, 4)
(6, 3)
(5, 3)
(4, 3)
kaikki ok
Reitin pituus: 20
(3, 3)
(4, 3)
(4, 4)
(4, 5)
(4, 6)
(4, 7)
(4, 8)
(4, 9)
(4, 10)
(4, 11)
(4, 12)
(4, 13)
(4, 14)
(4, 15)
(4, 16)
(4, 17)
(3, 17)
(2, 17)
(1, 17)
(1, 18)
(1, 19)
kaikki ok
Reitin pituus: 5
(6, 8)
(6, 7)
(7, 7)
(8, 7)
(9, 7)
(9, 8)
kaikki ok
Reitin pituus: 11
(12, 1)
(11, 1)
(10, 1)
(10, 2)
(10, 3)
(9, 3)
(8, 3)
(7, 3)
(6, 3)
(5, 3)
(4, 3)
(3, 3)
kaikki ok
Reitin pituus: 9
(17, 18)
(17, 17)
(16, 17)
(15, 17)
(14, 17)
(14, 16)
(14, 15)
(13, 15)
(12, 15)
(12, 16)
kaikki ok
Reitin pituus: 13
(11, 13)
(12, 13)
(13, 13)
(14, 13)
(14, 14)
(14, 15)
(14, 16)
(14, 17)
(15, 17)
(16, 17)
(17, 17)
(17, 18)
(17, 19)
(16, 19)
kaikki ok
Reitin pituus: 20
(14, 11)
(14, 12)
(14, 13)
(13, 13)
(12, 13)
(12, 12)
(12, 11)
(11, 11)
(10, 11)
(9, 11)
(8, 11)
(7, 11)
(6, 11)
(6, 12)
(6, 13)
(5, 13)
(4, 13)
(3, 13)
(2, 13)
(1, 13)
(1, 14)
kaikki ok
Reitin pituus: 9
(4, 9)
(5, 9)
(6, 9)
(6, 8)
(6, 7)
(7, 7)
(8, 7)
(9, 7)
(9, 8)
(9, 9)
kaikki ok
Reitin pituus: 9
(12, 9)
(13, 9)
(14, 9)
(14, 8)
(14, 7)
(14, 6)
(14, 5)
(14, 4)
(14, 3)
(13, 3)
kaikki ok
Reitin pituus: 10
(14, 9)
(14, 10)
(14, 11)
(14, 12)
(14, 13)
(14, 14)
(14, 15)
(14, 16)
(14, 17)
(15, 17)
(16, 17)
kaikki ok
Reitin pituus: 18
(6, 4)
(6, 3)
(5, 3)
(4, 3)
(4, 4)
(4, 5)
(4, 6)
(4, 7)
(4, 8)
(4, 9)
(4, 10)
(4, 11)
(4, 12)
(4, 13)
(4, 14)
(4, 15)
(4, 16)
(4, 17)
(3, 17)
kaikki ok
Reitin pituus: 22
(7, 3)
(8, 3)
(9, 3)
(10, 3)
(11, 3)
(12, 3)
(13, 3)
(14, 3)
(14, 4)
(14, 5)
(14, 6)
(14, 7)
(14, 8)
(14, 9)
(14, 10)
(14, 11)
(14, 12)
(14, 13)
(14, 14)
(14, 15)
(13, 15)
(12, 15)
(12, 16)
kaikki ok
Reitin pituus: 12
(14, 7)
(14, 6)
(14, 5)
(14, 4)
(14, 3)
(13, 3)
(12, 3)
(11, 3)
(10, 3)
(9, 3)
(8, 3)
(7, 3)
(6, 3)
kaikki ok
Reitin pituus: 2
(7, 17)
(8, 17)
(8, 18)
kaikki ok
Reitin pituus: 22
(14, 15)
(13, 15)
(12, 15)
(11, 15)
(10, 15)
(9, 15)
(8, 15)
(7, 15)
(6, 15)
(5, 15)
(4, 15)
(4, 14)
(4, 13)
(4, 12)
(4, 11)
(4, 10)
(4, 9)
(4, 8)
(4, 7)
(4, 6)
(4, 5)
(3, 5)
(2, 5)
kaikki ok
Reitin pituus: 20
(8, 2)
(8, 3)
(7, 3)
(6, 3)
(5, 3)
(4, 3)
(4, 4)
(4, 5)
(4, 6)
(4, 7)
(4, 8)
(4, 9)
(4, 10)
(4, 11)
(4, 12)
(4, 13)
(4, 14)
(4, 15)
(5, 15)
(6, 15)
(6, 16)
kaikki ok
Reitin pituus: 8
(4, 6)
(4, 7)
(4, 8)
(4, 9)
(5, 9)
(6, 9)
(6, 8)
(6, 7)
(7, 7)
kaikki ok
Reitin pituus: 28
(6, 1)
(7, 1)
(8, 1)
(8, 2)
(8, 3)
(9, 3)
(10, 3)
(11, 3)
(12, 3)
(13, 3)
(14, 3)
(14, 4)
(14, 5)
(14, 6)
(14, 7)
(14, 8)
(14, 9)
(14, 10)
(14, 11)
(14, 12)
(14, 13)
(14, 14)
(14, 15)
(14, 16)
(14, 17)
(15, 17)
(16, 17)
(17, 17)
(17, 18)
kaikki ok
Reitin pituus: 14
(3, 17)
(4, 17)
(4, 16)
(4, 15)
(4, 14)
(4, 13)
(5, 13)
(6, 13)
(6, 12)
(6, 11)
(7, 11)
(8, 11)
(9, 11)
(10, 11)
(11, 11)
kaikki ok
Reitin pituus: 10
(7, 3)
(6, 3)
(5, 3)
(4, 3)
(4, 4)
(4, 5)
(4, 6)
(4, 7)
(4, 8)
(4, 9)
(5, 9)
kaikki ok
Reitin pituus: 16
(5, 1)
(6, 1)
(7, 1)
(8, 1)
(8, 2)
(8, 3)
(9, 3)
(10, 3)
(11, 3)
(12, 3)
(13, 3)
(14, 3)
(14, 2)
(14, 1)
(15, 1)
(16, 1)
(17, 1)
kaikki ok
Reitin pituus: 18
(2, 1)
(3, 1)
(4, 1)
(4, 2)
(4, 3)
(4, 4)
(4, 5)
(4, 6)
(4, 7)
(4, 8)
(4, 9)
(4, 10)
(4, 11)
(4, 12)
(4, 13)
(4, 14)
(4, 15)
(4, 16)
(4, 17)
kaikki ok
Reitin pituus: 10
(16, 1)
(15, 1)
(14, 1)
(14, 2)
(14, 3)
(14, 4)
(14, 5)
(14, 6)
(14, 7)
(14, 8)
(14, 9)
kaikki ok
Reitin pituus: 17
(8, 3)
(9, 3)
(10, 3)
(11, 3)
(12, 3)
(13, 3)
(14, 3)
(14, 4)
(14, 5)
(14, 6)
(14, 7)
(14, 8)
(14, 9)
(14, 10)
(14, 11)
(14, 12)
(14, 13)
(15, 13)
kaikki ok
Reitin pituus: 24
(10, 17)
(11, 17)
(12, 17)
(12, 16)
(12, 15)
(11, 15)
(10, 15)
(9, 15)
(8, 15)
(8, 14)
(8, 13)
(7, 13)
(6, 13)
(6, 12)
(6, 11)
(6, 10)
(6, 9)
(6, 8)
(6, 7)
(7, 7)
(8, 7)
(8, 6)
(8, 5)
(7, 5)
(6, 5)
kaikki ok
Reitin pituus: 10
(16, 3)
(15, 3)
(14, 3)
(14, 4)
(14, 5)
(14, 6)
(14, 7)
(14, 8)
(14, 9)
(14, 10)
(14, 11)
kaikki ok
Reitin pituus: 3
(12, 4)
(12, 3)
(11, 3)
(10, 3)
kaikki ok
Reitin pituus: 15
(16, 5)
(15, 5)
(14, 5)
(14, 6)
(14, 7)
(14, 8)
(14, 9)
(13, 9)
(12, 9)
(12, 8)
(12, 7)
(11, 7)
(10, 7)
(9, 7)
(8, 7)
(7, 7)
kaikki ok
Reitin pituus: 16
(9, 19)
(10, 19)
(10, 18)
(10, 17)
(11, 17)
(12, 17)
(12, 16)
(12, 15)
(13, 15)
(14, 15)
(14, 14)
(14, 13)
(14, 12)
(14, 11)
(14, 10)
(14, 9)
(14, 8)
kaikki ok
Reitin pituus: 10
(14, 15)
(14, 14)
(14, 13)
(13, 13)
(12, 13)
(12, 12)
(12, 11)
(11, 11)
(10, 11)
(9, 11)
(8, 11)
kaikki ok
Reitin pituus: 3
(14, 8)
(14, 9)
(14, 10)
(14, 11)
kaikki ok
Reitin pituus: 10
(4, 10)
(4, 11)
(4, 12)
(4, 13)
(4, 14)
(4, 15)
(4, 16)
(4, 17)
(3, 17)
(2, 17)
(2, 16)
kaikki ok
Reitin pituus: 21
(14, 1)
(14, 2)
(14, 3)
(13, 3)
(12, 3)
(12, 4)
(12, 5)
(11, 5)
(10, 5)
(10, 6)
(10, 7)
(9, 7)
(8, 7)
(7, 7)
(6, 7)
(6, 8)
(6, 9)
(6, 10)
(6, 11)
(6, 12)
(6, 13)
(7, 13)
kaikki ok
Reitin pituus: 26
(5, 19)
(6, 19)
(7, 19)
(8, 19)
(8, 18)
(8, 17)
(7, 17)
(6, 17)
(6, 16)
(6, 15)
(5, 15)
(4, 15)
(4, 14)
(4, 13)
(5, 13)
(6, 13)
(6, 12)
(6, 11)
(6, 10)
(6, 9)
(6, 8)
(6, 7)
(7, 7)
(8, 7)
(9, 7)
(9, 8)
(9, 9)
kaikki ok
Reitin pituus: 17
(10, 1)
(11, 1)
(12, 1)
(13, 1)
(14, 1)
(14, 2)
(14, 3)
(14, 4)
(14, 5)
(14, 6)
(14, 7)
(14, 8)
(14, 9)
(14, 10)
(14, 11)
(14, 12)
(14, 13)
(15, 13)
kaikki ok
Reitin pituus: 23
(7, 19)
(8, 19)
(8, 18)
(8, 17)
(7, 17)
(6, 17)
(6, 16)
(6, 15)
(5, 15)
(4, 15)
(4, 14)
(4, 13)
(4, 12)
(4, 11)
(4, 10)
(4, 9)
(4, 8)
(4, 7)
(4, 6)
(4, 5)
(3, 5)
(2, 5)
(1, 5)
(1, 4)
kaikki ok
Reitin pituus: 13
(13, 3)
(12, 3)
(11, 3)
(10, 3)
(9, 3)
(8, 3)
(7, 3)
(6, 3)
(5, 3)
(4, 3)
(4, 4)
(4, 5)
(4, 6)
(4, 7)
kaikki ok
Reitin pituus: 23
(2, 16)
(2, 17)
(3, 17)
(4, 17)
(4, 16)
(4, 15)
(5, 15)
(6, 15)
(7, 15)
(8, 15)
(9, 15)
(10, 15)
(11, 15)
(12, 15)
(13, 15)
(14, 15)
(14, 14)
(14, 13)
(14, 12)
(14, 11)
(14, 10)
(14, 9)
(14, 8)
(14, 7)
kaikki ok
Reitin pituus: 12
(10, 2)
(10, 3)
(11, 3)
(12, 3)
(13, 3)
(14, 3)
(14, 4)
(14, 5)
(14, 6)
(14, 7)
(14, 8)
(14, 9)
(13, 9)
kaikki ok
Reitin pituus: 5
(7, 19)
(8, 19)
(8, 18)
(8, 17)
(7, 17)
(6, 17)
kaikki ok
Reitin pituus: 11
(4, 6)
(4, 7)
(4, 8)
(4, 9)
(5, 9)
(6, 9)
(6, 10)
(6, 11)
(7, 11)
(8, 11)
(9, 11)
(10, 11)
kaikki ok
Reitin pituus: 8
(14, 6)
(14, 5)
(14, 4)
(14, 3)
(14, 2)
(14, 1)
(13, 1)
(12, 1)
(11, 1)
kaikki ok
Reitin pituus: 18
(16, 16)
(16, 17)
(15, 17)
(14, 17)
(14, 16)
(14, 15)
(14, 14)
(14, 13)
(14, 12)
(14, 11)
(14, 10)
(14, 9)
(14, 8)
(14, 7)
(14, 6)
(14, 5)
(14, 4)
(14, 3)
(13, 3)
kaikki ok
Reitin pituus: 10
(6, 12)
(6, 11)
(6, 10)
(6, 9)
(6, 8)
(6, 7)
(7, 7)
(8, 7)
(9, 7)
(10, 7)
(11, 7)
kaikki ok
Reitin pituus: 16
(8, 6)
(8, 7)
(9, 7)
(10, 7)
(10, 6)
(10, 5)
(11, 5)
(12, 5)
(12, 4)
(12, 3)
(13, 3)
(14, 3)
(14, 2)
(14, 1)
(15, 1)
(16, 1)
(17, 1)
kaikki ok
Reitin pituus: 7
(9, 7)
(8, 7)
(7, 7)
(6, 7)
(6, 8)
(6, 9)
(6, 10)
(6, 11)
kaikki ok
Reitin pituus: 7
(15, 5)
(14, 5)
(14, 4)
(14, 3)
(13, 3)
(12, 3)
(12, 4)
(12, 5)
kaikki ok
Reitin pituus: 5
(8, 3)
(7, 3)
(6, 3)
(5, 3)
(4, 3)
(3, 3)
kaikki ok
Reitin pituus: 10
(10, 11)
(9, 11)
(8, 11)
(7, 11)
(6, 11)
(6, 12)
(6, 13)
(5, 13)
(4, 13)
(4, 12)
(4, 11)
kaikki ok
Reitin pituus: 9
(6, 5)
(6, 4)
(6, 3)
(5, 3)
(4, 3)
(4, 4)
(4, 5)
(4, 6)
(4, 7)
(4, 8)
kaikki ok
Reitin pituus: 13
(14, 19)
(13, 19)
(12, 19)
(11, 19)
(10, 19)
(9, 19)
(8, 19)
(8, 18)
(8, 17)
(7, 17)
(6, 17)
(6, 16)
(6, 15)
(7, 15)
kaikki ok
Reitin pituus: 9
(8, 6)
(8, 7)
(7, 7)
(6, 7)
(6, 8)
(6, 9)
(5, 9)
(4, 9)
(4, 8)
(4, 7)
kaikki ok
Reitin pituus: 14
(10, 13)
(10, 14)
(10, 15)
(11, 15)
(12, 15)
(12, 16)
(12, 17)
(11, 17)
(10, 17)
(10, 18)
(10, 19)
(11, 19)
(12, 19)
(13, 19)
(14, 19)
kaikki ok
Reitin pituus: 19
(6, 15)
(7, 15)
(8, 15)
(9, 15)
(10, 15)
(10, 14)
(10, 13)
(11, 13)
(12, 13)
(12, 12)
(12, 11)
(12, 10)
(12, 9)
(13, 9)
(14, 9)
(14, 8)
(14, 7)
(14, 6)
(14, 5)
(15, 5)
kaikki ok
Reitin pituus: 14
(8, 9)
(9, 9)
(9, 8)
(9, 7)
(8, 7)
(8, 6)
(8, 5)
(7, 5)
(6, 5)
(6, 4)
(6, 3)
(5, 3)
(4, 3)
(4, 2)
(4, 1)
kaikki ok
Reitin pituus: 2
(16, 3)
(15, 3)
(14, 3)
kaikki ok
Reitin pituus: 28
(7, 1)
(8, 1)
(8, 2)
(8, 3)
(9, 3)
(10, 3)
(11, 3)
(12, 3)
(13, 3)
(14, 3)
(14, 4)
(14, 5)
(14, 6)
(14, 7)
(14, 8)
(14, 9)
(14, 10)
(14, 11)
(14, 12)
(14, 13)
(14, 14)
(14, 15)
(13, 15)
(12, 15)
(12, 16)
(12, 17)
(11, 17)
(10, 17)
(10, 18)
kaikki ok
Reitin pituus: 22
(11, 5)
(10, 5)
(10, 6)
(10, 7)
(9, 7)
(8, 7)
(7, 7)
(6, 7)
(6, 8)
(6, 9)
(6, 10)
(6, 11)
(6, 12)
(6, 13)
(7, 13)
(8, 13)
(8, 14)
(8, 15)
(7, 15)
(6, 15)
(6, 16)
(6, 17)
(7, 17)
kaikki ok
Reitin pituus: 7
(12, 5)
(12, 4)
(12, 3)
(13, 3)
(14, 3)
(14, 4)
(14, 5)
(14, 6)
kaikki ok
Reitin pituus: 7
(3, 17)
(4, 17)
(4, 16)
(4, 15)
(5, 15)
(6, 15)
(6, 16)
(6, 17)
kaikki ok
Reitin pituus: 12
(6, 3)
(6, 4)
(6, 5)
(7, 5)
(8, 5)
(8, 6)
(8, 7)
(9, 7)
(10, 7)
(11, 7)
(12, 7)
(12, 8)
(12, 9)
kaikki ok
Reitin pituus: 10
(6, 19)
(5, 19)
(4, 19)
(3, 19)
(2, 19)
(1, 19)
(1, 18)
(1, 17)
(2, 17)
(3, 17)
(4, 17)
kaikki ok
Reitin pituus: 14
(14, 4)
(14, 3)
(13, 3)
(12, 3)
(11, 3)
(10, 3)
(9, 3)
(8, 3)
(7, 3)
(6, 3)
(5, 3)
(4, 3)
(4, 2)
(4, 1)
(3, 1)
kaikki ok
Reitin pituus: 19
(1, 17)
(2, 17)
(3, 17)
(4, 17)
(4, 16)
(4, 15)
(4, 14)
(4, 13)
(4, 12)
(4, 11)
(4, 10)
(4, 9)
(4, 8)
(4, 7)
(4, 6)
(4, 5)
(4, 4)
(4, 3)
(4, 2)
(4, 1)
kaikki ok
Reitin pituus: 14
(2, 5)
(3, 5)
(4, 5)
(4, 6)
(4, 7)
(4, 8)
(4, 9)
(5, 9)
(6, 9)
(6, 8)
(6, 7)
(7, 7)
(8, 7)
(9, 7)
(9, 8)
kaikki ok
Reitin pituus: 9
(4, 1)
(4, 2)
(4, 3)
(5, 3)
(6, 3)
(7, 3)
(8, 3)
(9, 3)
(10, 3)
(10, 2)
kaikki ok
Reitin pituus: 9
(4, 7)
(4, 8)
(4, 9)
(5, 9)
(6, 9)
(6, 8)
(6, 7)
(7, 7)
(8, 7)
(8, 6)
kaikki ok
Reitin pituus: 8
(3, 3)
(4, 3)
(5, 3)
(6, 3)
(7, 3)
(8, 3)
(9, 3)
(10, 3)
(11, 3)
kaikki ok
Reitin pituus: 7
(8, 5)
(7, 5)
(6, 5)
(6, 4)
(6, 3)
(5, 3)
(4, 3)
(4, 4)
kaikki ok
Reitin pituus: 20
(14, 11)
(14, 12)
(14, 13)
(13, 13)
(12, 13)
(12, 12)
(12, 11)
(11, 11)
(10, 11)
(9, 11)
(8, 11)
(7, 11)
(6, 11)
(6, 10)
(6, 9)
(5, 9)
(4, 9)
(4, 8)
(4, 7)
(4, 6)
(4, 5)
kaikki ok
Reitin pituus: 16
(5, 1)
(4, 1)
(4, 2)
(4, 3)
(4, 4)
(4, 5)
(4, 6)
(4, 7)
(4, 8)
(4, 9)
(4, 10)
(4, 11)
(4, 12)
(4, 13)
(3, 13)
(2, 13)
(1, 13)
kaikki ok
Reitin pituus: 25
(14, 17)
(14, 16)
(14, 15)
(13, 15)
(12, 15)
(11, 15)
(10, 15)
(9, 15)
(8, 15)
(8, 14)
(8, 13)
(7, 13)
(6, 13)
(6, 12)
(6, 11)
(6, 10)
(6, 9)
(5, 9)
(4, 9)
(4, 8)
(4, 7)
(4, 6)
(4, 5)
(3, 5)
(2, 5)
(1, 5)
kaikki ok
Reitin pituus: 15
(11, 19)
(10, 19)
(9, 19)
(8, 19)
(8, 18)
(8, 17)
(7, 17)
(6, 17)
(6, 16)
(6, 15)
(5, 15)
(4, 15)
(4, 14)
(4, 13)
(3, 13)
(2, 13)
kaikki ok
Reitin pituus: 18
(10, 1)
(10, 2)
(10, 3)
(9, 3)
(8, 3)
(7, 3)
(6, 3)
(5, 3)
(4, 3)
(4, 4)
(4, 5)
(4, 6)
(4, 7)
(4, 8)
(4, 9)
(4, 10)
(4, 11)
(4, 12)
(4, 13)
kaikki ok
Reitin pituus: 11
(4, 5)
(4, 6)
(4, 7)
(4, 8)
(4, 9)
(5, 9)
(6, 9)
(6, 8)
(6, 7)
(7, 7)
(8, 7)
(9, 7)
kaikki ok
Reitin pituus: 2
(14, 13)
(14, 14)
(14, 15)
kaikki ok
Reitin pituus: 7
(6, 9)
(6, 8)
(6, 7)
(7, 7)
(8, 7)
(9, 7)
(10, 7)
(10, 6)
kaikki ok
Reitin pituus: 24
(10, 17)
(11, 17)
(12, 17)
(12, 16)
(12, 15)
(11, 15)
(10, 15)
(9, 15)
(8, 15)
(7, 15)
(6, 15)
(5, 15)
(4, 15)
(4, 14)
(4, 13)
(4, 12)
(4, 11)
(4, 10)
(4, 9)
(4, 8)
(4, 7)
(4, 6)
(4, 5)
(3, 5)
(2, 5)
kaikki ok
Reitin pituus: 8
(13, 13)
(12, 13)
(11, 13)
(10, 13)
(10, 14)
(10, 15)
(9, 15)
(8, 15)
(7, 15)
kaikki ok
Reitin pituus: 7
(15, 13)
(14, 13)
(14, 14)
(14, 15)
(13, 15)
(12, 15)
(12, 16)
(12, 17)
kaikki ok
Reitin pituus: 18
(14, 7)
(14, 6)
(14, 5)
(14, 4)
(14, 3)
(13, 3)
(12, 3)
(11, 3)
(10, 3)
(9, 3)
(8, 3)
(7, 3)
(6, 3)
(5, 3)
(4, 3)
(4, 4)
(4, 5)
(3, 5)
(2, 5)
kaikki ok
Reitin pituus: 11
(12, 13)
(11, 13)
(10, 13)
(10, 14)
(10, 15)
(9, 15)
(8, 15)
(7, 15)
(6, 15)
(5, 15)
(4, 15)
(4, 14)
kaikki ok
Reitin pituus: 27
(10, 19)
(9, 19)
(8, 19)
(8, 18)
(8, 17)
(7, 17)
(6, 17)
(6, 16)
(6, 15)
(5, 15)
(4, 15)
(4, 14)
(4, 13)
(4, 12)
(4, 11)
(4, 10)
(4, 9)
(4, 8)
(4, 7)
(4, 6)
(4, 5)
(4, 4)
(4, 3)
(3, 3)
(2, 3)
(1, 3)
(1, 2)
(1, 1)
kaikki ok
Reitin pituus: 5
(10, 17)
(10, 18)
(10, 19)
(9, 19)
(8, 19)
(7, 19)
kaikki ok
Reitin pituus: 6
(17, 13)
(16, 13)
(15, 13)
(14, 13)
(13, 13)
(12, 13)
(11, 13)
kaikki ok
Reitin pituus: 11
(4, 8)
(4, 9)
(4, 10)
(4, 11)
(4, 12)
(4, 13)
(4, 14)
(4, 15)
(5, 15)
(6, 15)
(7, 15)
(8, 15)
kaikki ok
Reitin pituus: 18
(4, 13)
(4, 14)
(4, 15)
(5, 15)
(6, 15)
(6, 16)
(6, 17)
(7, 17)
(8, 17)
(8, 18)
(8, 19)
(9, 19)
(10, 19)
(11, 19)
(12, 19)
(13, 19)
(14, 19)
(15, 19)
(16, 19)
kaikki ok
Reitin pituus: 14
(10, 18)
(10, 19)
(9, 19)
(8, 19)
(7, 19)
(6, 19)
(5, 19)
(4, 19)
(3, 19)
(2, 19)
(1, 19)
(1, 18)
(1, 17)
(2, 17)
(2, 16)
kaikki ok
Reitin pituus: 11
(1, 19)
(1, 18)
(1, 17)
(2, 17)
(3, 17)
(4, 17)
(4, 16)
(4, 15)
(4, 14)
(4, 13)
(4, 12)
(4, 11)
kaikki ok
Reitin pituus: 20
(8, 18)
(8, 17)
(7, 17)
(6, 17)
(6, 16)
(6, 15)
(5, 15)
(4, 15)
(4, 14)
(4, 13)
(4, 12)
(4, 11)
(4, 10)
(4, 9)
(5, 9)
(6, 9)
(6, 8)
(6, 7)
(7, 7)
(8, 7)
(8, 6)
kaikki ok
Reitin pituus: 20
(11, 17)
(12, 17)
(12, 16)
(12, 15)
(13, 15)
(14, 15)
(14, 14)
(14, 13)
(14, 12)
(14, 11)
(14, 10)
(14, 9)
(14, 8)
(14, 7)
(14, 6)
(14, 5)
(15, 5)
(16, 5)
(17, 5)
(17, 4)
(17, 3)
kaikki ok
Reitin pituus: 10
(13, 3)
(12, 3)
(11, 3)
(10, 3)
(9, 3)
(8, 3)
(7, 3)
(6, 3)
(6, 4)
(6, 5)
(7, 5)
kaikki ok
Reitin pituus: 15
(7, 17)
(6, 17)
(6, 16)
(6, 15)
(7, 15)
(8, 15)
(9, 15)
(10, 15)
(10, 14)
(10, 13)
(11, 13)
(12, 13)
(13, 13)
(14, 13)
(14, 12)
(14, 11)
kaikki ok
Reitin pituus: 17
(8, 2)
(8, 3)
(7, 3)
(6, 3)
(6, 4)
(6, 5)
(7, 5)
(8, 5)
(8, 6)
(8, 7)
(9, 7)
(10, 7)
(11, 7)
(12, 7)
(12, 8)
(12, 9)
(12, 10)
(12, 11)
kaikki ok
Reitin pituus: 13
(4, 6)
(4, 7)
(4, 8)
(4, 9)
(4, 10)
(4, 11)
(4, 12)
(4, 13)
(4, 14)
(4, 15)
(4, 16)
(4, 17)
(3, 17)
(2, 17)
kaikki ok
Reitin pituus: 22
(16, 19)
(17, 19)
(17, 18)
(17, 17)
(16, 17)
(15, 17)
(14, 17)
(14, 16)
(14, 15)
(14, 14)
(14, 13)
(14, 12)
(14, 11)
(14, 10)
(14, 9)
(14, 8)
(14, 7)
(14, 6)
(14, 5)
(14, 4)
(14, 3)
(14, 2)
(14, 1)
kaikki ok
Reitin pituus: 12
(8, 14)
(8, 15)
(9, 15)
(10, 15)
(10, 14)
(10, 13)
(11, 13)
(12, 13)
(12, 12)
(12, 11)
(12, 10)
(12, 9)
(13, 9)
kaikki ok
Reitin pituus: 13
(6, 15)
(7, 15)
(8, 15)
(9, 15)
(10, 15)
(10, 14)
(10, 13)
(11, 13)
(12, 13)
(13, 13)
(14, 13)
(14, 12)
(14, 11)
(14, 10)
kaikki ok
Reitin pituus: 8
(6, 1)
(5, 1)
(4, 1)
(4, 2)
(4, 3)
(4, 4)
(4, 5)
(4, 6)
(4, 7)
kaikki ok
Reitin pituus: 11
(14, 12)
(14, 13)
(13, 13)
(12, 13)
(12, 12)
(12, 11)
(11, 11)
(10, 11)
(9, 11)
(8, 11)
(7, 11)
(6, 11)
kaikki ok
Reitin pituus: 24
(1, 4)
(1, 5)
(2, 5)
(3, 5)
(4, 5)
(4, 6)
(4, 7)
(4, 8)
(4, 9)
(4, 10)
(4, 11)
(4, 12)
(4, 13)
(4, 14)
(4, 15)
(5, 15)
(6, 15)
(6, 16)
(6, 17)
(7, 17)
(8, 17)
(8, 18)
(8, 19)
(7, 19)
(6, 19)
kaikki ok
Reitin pituus: 10
(8, 13)
(7, 13)
(6, 13)
(6, 12)
(6, 11)
(6, 10)
(6, 9)
(6, 8)
(6, 7)
(7, 7)
(8, 7)
kaikki ok
Reitin pituus: 13
(17, 3)
(16, 3)
(15, 3)
(14, 3)
(13, 3)
(12, 3)
(12, 4)
(12, 5)
(11, 5)
(10, 5)
(10, 6)
(10, 7)
(9, 7)
(8, 7)
kaikki ok
Reitin pituus: 15
(3, 19)
(4, 19)
(5, 19)
(6, 19)
(7, 19)
(8, 19)
(9, 19)
(10, 19)
(11, 19)
(12, 19)
(13, 19)
(14, 19)
(15, 19)
(16, 19)
(17, 19)
(17, 18)
kaikki ok
Reitin pituus: 21
(11, 1)
(10, 1)
(10, 2)
(10, 3)
(9, 3)
(8, 3)
(7, 3)
(6, 3)
(5, 3)
(4, 3)
(4, 4)
(4, 5)
(4, 6)
(4, 7)
(4, 8)
(4, 9)
(5, 9)
(6, 9)
(6, 10)
(6, 11)
(6, 12)
(6, 13)
kaikki ok
Reitin pituus: 16
(8, 18)
(8, 19)
(9, 19)
(10, 19)
(10, 18)
(10, 17)
(11, 17)
(12, 17)
(12, 16)
(12, 15)
(13, 15)
(14, 15)
(14, 14)
(14, 13)
(15, 13)
(16, 13)
(17, 13)
kaikki ok
Reitin pituus: 2
(2, 3)
(1, 3)
(1, 2)
kaikki ok
Reitin pituus: 14
(7, 17)
(6, 17)
(6, 16)
(6, 15)
(7, 15)
(8, 15)
(9, 15)
(10, 15)
(10, 14)
(10, 13)
(11, 13)
(12, 13)
(13, 13)
(14, 13)
(15, 13)
kaikki ok
Reitin pituus: 6
(16, 13)
(15, 13)
(14, 13)
(14, 14)
(14, 15)
(14, 16)
(14, 17)
kaikki ok
Reitin pituus: 16
(4, 4)
(4, 5)
(4, 6)
(4, 7)
(4, 8)
(4, 9)
(5, 9)
(6, 9)
(6, 10)
(6, 11)
(7, 11)
(8, 11)
(9, 11)
(10, 11)
(11, 11)
(12, 11)
(12, 12)
kaikki ok
Reitin pituus: 5
(12, 16)
(12, 17)
(11, 17)
(10, 17)
(10, 18)
(10, 19)
kaikki ok
Reitin pituus: 13
(4, 15)
(5, 15)
(6, 15)
(7, 15)
(8, 15)
(9, 15)
(10, 15)
(11, 15)
(12, 15)
(13, 15)
(14, 15)
(14, 16)
(14, 17)
(15, 17)
kaikki ok
Reitin pituus: 12
(6, 8)
(6, 9)
(6, 10)
(6, 11)
(6, 12)
(6, 13)
(7, 13)
(8, 13)
(8, 14)
(8, 15)
(9, 15)
(10, 15)
(11, 15)
kaikki ok
Reitin pituus: 15
(4, 9)
(5, 9)
(6, 9)
(6, 10)
(6, 11)
(7, 11)
(8, 11)
(9, 11)
(10, 11)
(11, 11)
(12, 11)
(12, 12)
(12, 13)
(13, 13)
(14, 13)
(15, 13)
kaikki ok
Reitin pituus: 11
(6, 7)
(6, 8)
(6, 9)
(5, 9)
(4, 9)
(4, 8)
(4, 7)
(4, 6)
(4, 5)
(3, 5)
(2, 5)
(1, 5)
kaikki ok
Reitin pituus: 21
(12, 15)
(11, 15)
(10, 15)
(9, 15)
(8, 15)
(7, 15)
(6, 15)
(5, 15)
(4, 15)
(4, 14)
(4, 13)
(4, 12)
(4, 11)
(4, 10)
(4, 9)
(4, 8)
(4, 7)
(4, 6)
(4, 5)
(4, 4)
(4, 3)
(4, 2)
kaikki ok
Reitin pituus: 10
(9, 11)
(8, 11)
(7, 11)
(6, 11)
(6, 12)
(6, 13)
(7, 13)
(8, 13)
(8, 14)
(8, 15)
(7, 15)
kaikki ok
Reitin pituus: 31
(2, 1)
(3, 1)
(4, 1)
(4, 2)
(4, 3)
(4, 4)
(4, 5)
(4, 6)
(4, 7)
(4, 8)
(4, 9)
(4, 10)
(4, 11)
(4, 12)
(4, 13)
(4, 14)
(4, 15)
(5, 15)
(6, 15)
(6, 16)
(6, 17)
(7, 17)
(8, 17)
(8, 18)
(8, 19)
(9, 19)
(10, 19)
(11, 19)
(12, 19)
(13, 19)
(14, 19)
(15, 19)
kaikki ok
Reitin pituus: 12
(16, 1)
(15, 1)
(14, 1)
(14, 2)
(14, 3)
(13, 3)
(12, 3)
(12, 4)
(12, 5)
(11, 5)
(10, 5)
(10, 6)
(10, 7)
kaikki ok
Reitin pituus: 9
(14, 19)
(13, 19)
(12, 19)
(11, 19)
(10, 19)
(10, 18)
(10, 17)
(11, 17)
(12, 17)
(12, 16)
kaikki ok
Reitin pituus: 15
(1, 1)
(1, 2)
(1, 3)
(2, 3)
(3, 3)
(4, 3)
(5, 3)
(6, 3)
(6, 4)
(6, 5)
(7, 5)
(8, 5)
(8, 6)
(8, 7)
(9, 7)
(9, 8)
kaikki ok
Reitin pituus: 22
(16, 17)
(15, 17)
(14, 17)
(14, 16)
(14, 15)
(13, 15)
(12, 15)
(11, 15)
(10, 15)
(9, 15)
(8, 15)
(8, 14)
(8, 13)
(7, 13)
(6, 13)
(6, 12)
(6, 11)
(6, 10)
(6, 9)
(5, 9)
(4, 9)
(4, 8)
(4, 7)
kaikki ok
Reitin pituus: 15
(9, 19)
(10, 19)
(10, 18)
(10, 17)
(11, 17)
(12, 17)
(12, 16)
(12, 15)
(13, 15)
(14, 15)
(14, 14)
(14, 13)
(14, 12)
(14, 11)
(14, 10)
(14, 9)
kaikki ok
Reitin pituus: 16
(5, 15)
(4, 15)
(4, 14)
(4, 13)
(4, 12)
(4, 11)
(4, 10)
(4, 9)
(4, 8)
(4, 7)
(4, 6)
(4, 5)
(4, 4)
(4, 3)
(4, 2)
(4, 1)
(5, 1)
kaikki ok
Reitin pituus: 4
(14, 16)
(14, 17)
(15, 17)
(16, 17)
(16, 16)
kaikki ok
Reitin pituus: 12
(5, 9)
(4, 9)
(4, 8)
(4, 7)
(4, 6)
(4, 5)
(4, 4)
(4, 3)
(3, 3)
(2, 3)
(1, 3)
(1, 2)
(1, 1)
kaikki ok
Reitin pituus: 6
(11, 19)
(12, 19)
(13, 19)
(14, 19)
(15, 19)
(16, 19)
(17, 19)
kaikki ok
Reitin pituus: 4
(8, 1)
(8, 2)
(8, 3)
(9, 3)
(10, 3)
kaikki ok
Reitin pituus: 7
(4, 19)
(3, 19)
(2, 19)
(1, 19)
(1, 18)
(1, 17)
(2, 17)
(2, 16)
kaikki ok
Reitin pituus: 4
(12, 10)
(12, 11)
(12, 12)
(12, 13)
(13, 13)
kaikki ok
Reitin pituus: 15
(12, 7)
(11, 7)
(10, 7)
(9, 7)
(8, 7)
(8, 6)
(8, 5)
(7, 5)
(6, 5)
(6, 4)
(6, 3)
(5, 3)
(4, 3)
(4, 2)
(4, 1)
(5, 1)
kaikki ok
Reitin pituus: 15
(14, 5)
(14, 6)
(14, 7)
(14, 8)
(14, 9)
(13, 9)
(12, 9)
(12, 10)
(12, 11)
(12, 12)
(12, 13)
(11, 13)
(10, 13)
(10, 14)
(10, 15)
(9, 15)
kaikki ok
Reitin pituus: 15
(8, 5)
(8, 6)
(8, 7)
(9, 7)
(10, 7)
(11, 7)
(12, 7)
(12, 8)
(12, 9)
(12, 10)
(12, 11)
(12, 12)
(12, 13)
(13, 13)
(14, 13)
(14, 14)
kaikki ok
Reitin pituus: 26
(15, 1)
(14, 1)
(14, 2)
(14, 3)
(14, 4)
(14, 5)
(14, 6)
(14, 7)
(14, 8)
(14, 9)
(14, 10)
(14, 11)
(14, 12)
(14, 13)
(14, 14)
(14, 15)
(13, 15)
(12, 15)
(12, 16)
(12, 17)
(11, 17)
(10, 17)
(10, 18)
(10, 19)
(9, 19)
(8, 19)
(7, 19)
kaikki ok
Reitin pituus: 8
(14, 5)
(14, 6)
(14, 7)
(14, 8)
(14, 9)
(14, 10)
(14, 11)
(14, 12)
(14, 13)
kaikki ok
Reitin pituus: 5
(8, 1)
(8, 2)
(8, 3)
(9, 3)
(10, 3)
(11, 3)
kaikki ok
Reitin pituus: 2
(10, 2)
(10, 1)
(11, 1)
kaikki ok
Reitin pituus: 19
(7, 5)
(8, 5)
(8, 6)
(8, 7)
(9, 7)
(10, 7)
(11, 7)
(12, 7)
(12, 8)
(12, 9)
(12, 10)
(12, 11)
(12, 12)
(12, 13)
(11, 13)
(10, 13)
(10, 14)
(10, 15)
(11, 15)
(12, 15)
kaikki ok
Reitin pituus: 24
(9, 19)
(8, 19)
(8, 18)
(8, 17)
(7, 17)
(6, 17)
(6, 16)
(6, 15)
(5, 15)
(4, 15)
(4, 14)
(4, 13)
(4, 12)
(4, 11)
(4, 10)
(4, 9)
(4, 8)
(4, 7)
(4, 6)
(4, 5)
(4, 4)
(4, 3)
(3, 3)
(2, 3)
(1, 3)
kaikki ok
Reitin pituus: 30
(2, 1)
(3, 1)
(4, 1)
(4, 2)
(4, 3)
(5, 3)
(6, 3)
(6, 4)
(6, 5)
(7, 5)
(8, 5)
(8, 6)
(8, 7)
(9, 7)
(10, 7)
(11, 7)
(12, 7)
(12, 8)
(12, 9)
(12, 10)
(12, 11)
(12, 12)
(12, 13)
(13, 13)
(14, 13)
(15, 13)
(16, 13)
(17, 13)
(17, 14)
(17, 15)
(16, 15)
kaikki ok
Reitin pituus: 14
(4, 5)
(4, 6)
(4, 7)
(4, 8)
(4, 9)
(4, 10)
(4, 11)
(4, 12)
(4, 13)
(3, 13)
(2, 13)
(1, 13)
(1, 14)
(1, 15)
(2, 15)
kaikki ok
Reitin pituus: 18
(17, 3)
(16, 3)
(15, 3)
(14, 3)
(14, 4)
(14, 5)
(14, 6)
(14, 7)
(14, 8)
(14, 9)
(14, 10)
(14, 11)
(14, 12)
(14, 13)
(13, 13)
(12, 13)
(11, 13)
(10, 13)
(10, 14)
kaikki ok
Reitin pituus: 9
(10, 2)
(10, 3)
(11, 3)
(12, 3)
(13, 3)
(14, 3)
(15, 3)
(16, 3)
(17, 3)
(17, 2)
kaikki ok
Reitin pituus: 18
(2, 13)
(3, 13)
(4, 13)
(4, 14)
(4, 15)
(5, 15)
(6, 15)
(7, 15)
(8, 15)
(9, 15)
(10, 15)
(11, 15)
(12, 15)
(13, 15)
(14, 15)
(14, 14)
(14, 13)
(15, 13)
(16, 13)
kaikki ok
Reitin pituus: 12
(2, 13)
(3, 13)
(4, 13)
(5, 13)
(6, 13)
(6, 12)
(6, 11)
(7, 11)
(8, 11)
(9, 11)
(10, 11)
(11, 11)
(12, 11)
kaikki ok
Reitin pituus: 7
(4, 5)
(4, 4)
(4, 3)
(5, 3)
(6, 3)
(7, 3)
(8, 3)
(8, 2)
kaikki ok
Reitin pituus: 24
(14, 1)
(14, 2)
(14, 3)
(13, 3)
(12, 3)
(12, 4)
(12, 5)
(11, 5)
(10, 5)
(10, 6)
(10, 7)
(9, 7)
(8, 7)
(7, 7)
(6, 7)
(6, 8)
(6, 9)
(6, 10)
(6, 11)
(6, 12)
(6, 13)
(5, 13)
(4, 13)
(4, 14)
(4, 15)
kaikki ok
Reitin pituus: 10
(12, 8)
(12, 9)
(12, 10)
(12, 11)
(11, 11)
(10, 11)
(9, 11)
(8, 11)
(7, 11)
(6, 11)
(6, 12)
kaikki ok
Reitin pituus: 6
(14, 14)
(14, 15)
(14, 16)
(14, 17)
(15, 17)
(16, 17)
(17, 17)
kaikki ok
Reitin pituus: 10
(10, 14)
(10, 15)
(11, 15)
(12, 15)
(13, 15)
(14, 15)
(14, 16)
(14, 17)
(15, 17)
(16, 17)
(17, 17)
kaikki ok
Reitin pituus: 19
(12, 16)
(12, 15)
(11, 15)
(10, 15)
(9, 15)
(8, 15)
(8, 14)
(8, 13)
(7, 13)
(6, 13)
(6, 12)
(6, 11)
(6, 10)
(6, 9)
(6, 8)
(6, 7)
(7, 7)
(8, 7)
(8, 6)
(8, 5)
kaikki ok
Reitin pituus: 19
(2, 15)
(2, 16)
(2, 17)
(3, 17)
(4, 17)
(4, 16)
(4, 15)
(5, 15)
(6, 15)
(7, 15)
(8, 15)
(9, 15)
(10, 15)
(10, 14)
(10, 13)
(11, 13)
(12, 13)
(13, 13)
(14, 13)
(15, 13)
kaikki ok
Reitin pituus: 9
(5, 9)
(6, 9)
(6, 8)
(6, 7)
(7, 7)
(8, 7)
(9, 7)
(10, 7)
(11, 7)
(12, 7)
kaikki ok
Reitin pituus: 8
(14, 8)
(14, 9)
(13, 9)
(12, 9)
(12, 8)
(12, 7)
(11, 7)
(10, 7)
(9, 7)
kaikki ok
Reitin pituus: 11
(7, 11)
(6, 11)
(6, 10)
(6, 9)
(6, 8)
(6, 7)
(7, 7)
(8, 7)
(9, 7)
(9, 8)
(9, 9)
(10, 9)
kaikki ok
Reitin pituus: 25
(5, 1)
(4, 1)
(4, 2)
(4, 3)
(4, 4)
(4, 5)
(4, 6)
(4, 7)
(4, 8)
(4, 9)
(4, 10)
(4, 11)
(4, 12)
(4, 13)
(4, 14)
(4, 15)
(5, 15)
(6, 15)
(6, 16)
(6, 17)
(7, 17)
(8, 17)
(8, 18)
(8, 19)
(7, 19)
(6, 19)
kaikki ok
Reitin pituus: 15
(6, 15)
(5, 15)
(4, 15)
(4, 14)
(4, 13)
(4, 12)
(4, 11)
(4, 10)
(4, 9)
(5, 9)
(6, 9)
(6, 8)
(6, 7)
(7, 7)
(8, 7)
(8, 6)
kaikki ok
Reitin pituus: 16
(14, 6)
(14, 7)
(14, 8)
(14, 9)
(13, 9)
(12, 9)
(12, 8)
(12, 7)
(11, 7)
(10, 7)
(9, 7)
(8, 7)
(7, 7)
(6, 7)
(6, 8)
(6, 9)
(5, 9)
kaikki ok
Reitin pituus: 14
(10, 9)
(9, 9)
(9, 8)
(9, 7)
(10, 7)
(10, 6)
(10, 5)
(11, 5)
(12, 5)
(12, 4)
(12, 3)
(13, 3)
(14, 3)
(15, 3)
(16, 3)
kaikki ok
Reitin pituus: 21
(2, 15)
(1, 15)
(1, 14)
(1, 13)
(2, 13)
(3, 13)
(4, 13)
(4, 12)
(4, 11)
(4, 10)
(4, 9)
(4, 8)
(4, 7)
(4, 6)
(4, 5)
(4, 4)
(4, 3)
(4, 2)
(4, 1)
(5, 1)
(6, 1)
(7, 1)
kaikki ok
Reitin pituus: 8
(17, 17)
(16, 17)
(15, 17)
(14, 17)
(14, 16)
(14, 15)
(14, 14)
(14, 13)
(14, 12)
kaikki ok
Reitin pituus: 26
(13, 19)
(12, 19)
(11, 19)
(10, 19)
(10, 18)
(10, 17)
(11, 17)
(12, 17)
(12, 16)
(12, 15)
(13, 15)
(14, 15)
(14, 14)
(14, 13)
(14, 12)
(14, 11)
(14, 10)
(14, 9)
(14, 8)
(14, 7)
(14, 6)
(14, 5)
(14, 4)
(14, 3)
(14, 2)
(14, 1)
(15, 1)
kaikki ok
Reitin pituus: 19
(1, 14)
(1, 13)
(2, 13)
(3, 13)
(4, 13)
(5, 13)
(6, 13)
(6, 12)
(6, 11)
(7, 11)
(8, 11)
(9, 11)
(10, 11)
(11, 11)
(12, 11)
(12, 10)
(12, 9)
(13, 9)
(14, 9)
(14, 8)
kaikki ok
Reitin pituus: 1
(16, 3)
(15, 3)
kaikki ok
Reitin pituus: 18
(14, 16)
(14, 15)
(14, 14)
(14, 13)
(14, 12)
(14, 11)
(14, 10)
(14, 9)
(14, 8)
(14, 7)
(14, 6)
(14, 5)
(14, 4)
(14, 3)
(13, 3)
(12, 3)
(11, 3)
(10, 3)
(9, 3)
kaikki ok
Reitin pituus: 15
(12, 19)
(11, 19)
(10, 19)
(9, 19)
(8, 19)
(8, 18)
(8, 17)
(7, 17)
(6, 17)
(6, 16)
(6, 15)
(5, 15)
(4, 15)
(4, 16)
(4, 17)
(3, 17)
kaikki ok
Reitin pituus: 7
(8, 5)
(8, 6)
(8, 7)
(9, 7)
(10, 7)
(11, 7)
(12, 7)
(12, 8)
kaikki ok
Reitin pituus: 26
(3, 3)
(4, 3)
(5, 3)
(6, 3)
(6, 4)
(6, 5)
(7, 5)
(8, 5)
(8, 6)
(8, 7)
(9, 7)
(10, 7)
(11, 7)
(12, 7)
(12, 8)
(12, 9)
(12, 10)
(12, 11)
(12, 12)
(12, 13)
(13, 13)
(14, 13)
(15, 13)
(16, 13)
(17, 13)
(17, 14)
(17, 15)
kaikki ok
Reitin pituus: 15
(5, 1)
(4, 1)
(4, 2)
(4, 3)
(4, 4)
(4, 5)
(4, 6)
(4, 7)
(4, 8)
(4, 9)
(4, 10)
(4, 11)
(4, 12)
(4, 13)
(4, 14)
(4, 15)
kaikki ok
Reitin pituus: 12
(6, 10)
(6, 11)
(7, 11)
(8, 11)
(9, 11)
(10, 11)
(11, 11)
(12, 11)
(12, 12)
(12, 13)
(13, 13)
(14, 13)
(14, 14)
kaikki ok
Reitin pituus: 15
(10, 7)
(9, 7)
(8, 7)
(7, 7)
(6, 7)
(6, 8)
(6, 9)
(5, 9)
(4, 9)
(4, 10)
(4, 11)
(4, 12)
(4, 13)
(3, 13)
(2, 13)
(1, 13)
kaikki ok
Reitin pituus: 11
(5, 9)
(4, 9)
(4, 10)
(4, 11)
(4, 12)
(4, 13)
(3, 13)
(2, 13)
(1, 13)
(1, 14)
(1, 15)
(2, 15)
kaikki ok
Reitin pituus: 13
(5, 1)
(4, 1)
(4, 2)
(4, 3)
(5, 3)
(6, 3)
(6, 4)
(6, 5)
(7, 5)
(8, 5)
(8, 6)
(8, 7)
(9, 7)
(9, 8)
kaikki ok
Reitin pituus: 7
(11, 15)
(12, 15)
(12, 16)
(12, 17)
(11, 17)
(10, 17)
(10, 18)
(10, 19)
kaikki ok
Reitin pituus: 20
(2, 16)
(2, 17)
(3, 17)
(4, 17)
(4, 16)
(4, 15)
(4, 14)
(4, 13)
(5, 13)
(6, 13)
(6, 12)
(6, 11)
(6, 10)
(6, 9)
(6, 8)
(6, 7)
(7, 7)
(8, 7)
(9, 7)
(10, 7)
(11, 7)
kaikki ok
Reitin pituus: 6
(6, 3)
(5, 3)
(4, 3)
(4, 4)
(4, 5)
(3, 5)
(2, 5)
kaikki ok
Reitin pituus: 27
(3, 1)
(4, 1)
(4, 2)
(4, 3)
(4, 4)
(4, 5)
(4, 6)
(4, 7)
(4, 8)
(4, 9)
(5, 9)
(6, 9)
(6, 10)
(6, 11)
(6, 12)
(6, 13)
(7, 13)
(8, 13)
(8, 14)
(8, 15)
(9, 15)
(10, 15)
(11, 15)
(12, 15)
(12, 16)
(12, 17)
(11, 17)
(10, 17)
kaikki ok
Reitin pituus: 23
(16, 19)
(17, 19)
(17, 18)
(17, 17)
(16, 17)
(15, 17)
(14, 17)
(14, 16)
(14, 15)
(14, 14)
(14, 13)
(14, 12)
(14, 11)
(14, 10)
(14, 9)
(14, 8)
(14, 7)
(14, 6)
(14, 5)
(14, 4)
(14, 3)
(13, 3)
(12, 3)
(12, 4)
kaikki ok
Reitin pituus: 8
(13, 13)
(12, 13)
(11, 13)
(10, 13)
(10, 14)
(10, 15)
(9, 15)
(8, 15)
(8, 14)
kaikki ok
Reitin pituus: 8
(4, 3)
(5, 3)
(6, 3)
(7, 3)
(8, 3)
(9, 3)
(10, 3)
(10, 2)
(10, 1)
kaikki ok
Reitin pituus: 15
(10, 13)
(10, 14)
(10, 15)
(9, 15)
(8, 15)
(7, 15)
(6, 15)
(6, 16)
(6, 17)
(7, 17)
(8, 17)
(8, 18)
(8, 19)
(7, 19)
(6, 19)
(5, 19)
kaikki ok
Reitin pituus: 10
(6, 17)
(6, 16)
(6, 15)
(5, 15)
(4, 15)
(4, 14)
(4, 13)
(5, 13)
(6, 13)
(6, 12)
(6, 11)
kaikki ok
Reitin pituus: 22
(10, 17)
(11, 17)
(12, 17)
(12, 16)
(12, 15)
(11, 15)
(10, 15)
(10, 14)
(10, 13)
(11, 13)
(12, 13)
(12, 12)
(12, 11)
(12, 10)
(12, 9)
(12, 8)
(12, 7)
(11, 7)
(10, 7)
(9, 7)
(9, 8)
(9, 9)
(8, 9)
kaikki ok
Reitin pituus: 7
(6, 12)
(6, 13)
(5, 13)
(4, 13)
(3, 13)
(2, 13)
(1, 13)
(1, 14)
kaikki ok
Reitin pituus: 16
(14, 12)
(14, 13)
(13, 13)
(12, 13)
(12, 12)
(12, 11)
(11, 11)
(10, 11)
(9, 11)
(8, 11)
(7, 11)
(6, 11)
(6, 12)
(6, 13)
(5, 13)
(4, 13)
(3, 13)
kaikki ok
Reitin pituus: 22
(8, 1)
(8, 2)
(8, 3)
(9, 3)
(10, 3)
(11, 3)
(12, 3)
(13, 3)
(14, 3)
(14, 4)
(14, 5)
(14, 6)
(14, 7)
(14, 8)
(14, 9)
(14, 10)
(14, 11)
(14, 12)
(14, 13)
(14, 14)
(14, 15)
(14, 16)
(14, 17)
kaikki ok
Reitin pituus: 10
(3, 17)
(4, 17)
(4, 16)
(4, 15)
(5, 15)
(6, 15)
(6, 16)
(6, 17)
(7, 17)
(8, 17)
(8, 18)
kaikki ok
Reitin pituus: 26
(14, 19)
(15, 19)
(16, 19)
(17, 19)
(17, 18)
(17, 17)
(16, 17)
(15, 17)
(14, 17)
(14, 16)
(14, 15)
(14, 14)
(14, 13)
(14, 12)
(14, 11)
(14, 10)
(14, 9)
(13, 9)
(12, 9)
(12, 8)
(12, 7)
(11, 7)
(10, 7)
(9, 7)
(9, 8)
(9, 9)
(8, 9)
kaikki ok
Reitin pituus: 12
(3, 5)
(4, 5)
(4, 4)
(4, 3)
(5, 3)
(6, 3)
(7, 3)
(8, 3)
(9, 3)
(10, 3)
(10, 2)
(10, 1)
(11, 1)
kaikki ok
Reitin pituus: 14
(3, 17)
(4, 17)
(4, 16)
(4, 15)
(4, 14)
(4, 13)
(4, 12)
(4, 11)
(4, 10)
(4, 9)
(4, 8)
(4, 7)
(4, 6)
(4, 5)
(4, 4)
kaikki ok
Reitin pituus: 2
(12, 1)
(13, 1)
(14, 1)
kaikki ok
Reitin pituus: 11
(12, 5)
(12, 4)
(12, 3)
(11, 3)
(10, 3)
(9, 3)
(8, 3)
(8, 2)
(8, 1)
(7, 1)
(6, 1)
(5, 1)
kaikki ok
Reitin pituus: 22
(7, 3)
(6, 3)
(6, 4)
(6, 5)
(7, 5)
(8, 5)
(8, 6)
(8, 7)
(9, 7)
(10, 7)
(11, 7)
(12, 7)
(12, 8)
(12, 9)
(12, 10)
(12, 11)
(12, 12)
(12, 13)
(11, 13)
(10, 13)
(10, 14)
(10, 15)
(11, 15)
kaikki ok
Reitin pituus: 11
(10, 2)
(10, 3)
(9, 3)
(8, 3)
(7, 3)
(6, 3)
(5, 3)
(4, 3)
(3, 3)
(2, 3)
(1, 3)
(1, 2)
kaikki ok
Reitin pituus: 2
(11, 3)
(10, 3)
(9, 3)
kaikki ok
Reitin pituus: 0
(14, 5)
kaikki ok
Reitin pituus: 10
(4, 1)
(4, 2)
(4, 3)
(4, 4)
(4, 5)
(4, 6)
(4, 7)
(4, 8)
(4, 9)
(5, 9)
(6, 9)
kaikki ok
Reitin pituus: 4
(13, 3)
(14, 3)
(14, 4)
(14, 5)
(14, 6)
kaikki ok
Reitin pituus: 17
(10, 6)
(10, 7)
(9, 7)
(8, 7)
(7, 7)
(6, 7)
(6, 8)
(6, 9)
(5, 9)
(4, 9)
(4, 10)
(4, 11)
(4, 12)
(4, 13)
(3, 13)
(2, 13)
(1, 13)
(1, 14)
kaikki ok
Reitin pituus: 13
(12, 10)
(12, 11)
(11, 11)
(10, 11)
(9, 11)
(8, 11)
(7, 11)
(6, 11)
(6, 12)
(6, 13)
(5, 13)
(4, 13)
(3, 13)
(2, 13)
kaikki ok
Reitin pituus: 12
(6, 7)
(6, 8)
(6, 9)
(5, 9)
(4, 9)
(4, 8)
(4, 7)
(4, 6)
(4, 5)
(4, 4)
(4, 3)
(3, 3)
(2, 3)
kaikki ok
Reitin pituus: 20
(14, 2)
(14, 3)
(14, 4)
(14, 5)
(14, 6)
(14, 7)
(14, 8)
(14, 9)
(14, 10)
(14, 11)
(14, 12)
(14, 13)
(14, 14)
(14, 15)
(13, 15)
(12, 15)
(11, 15)
(10, 15)
(9, 15)
(8, 15)
(8, 14)
kaikki ok
Reitin pituus: 1
(10, 14)
(10, 15)
kaikki ok
Reitin pituus: 3
(8, 3)
(7, 3)
(6, 3)
(5, 3)
kaikki ok
Reitin pituus: 23
(6, 3)
(5, 3)
(4, 3)
(4, 4)
(4, 5)
(4, 6)
(4, 7)
(4, 8)
(4, 9)
(4, 10)
(4, 11)
(4, 12)
(4, 13)
(4, 14)
(4, 15)
(5, 15)
(6, 15)
(6, 16)
(6, 17)
(7, 17)
(8, 17)
(8, 18)
(8, 19)
(9, 19)
kaikki ok
Reitin pituus: 10
(2, 17)
(3, 17)
(4, 17)
(4, 16)
(4, 15)
(5, 15)
(6, 15)
(7, 15)
(8, 15)
(9, 15)
(10, 15)
kaikki ok
Reitin pituus: 10
(3, 1)
(4, 1)
(4, 2)
(4, 3)
(5, 3)
(6, 3)
(7, 3)
(8, 3)
(9, 3)
(10, 3)
(11, 3)
kaikki ok
Reitin pituus: 11
(6, 13)
(6, 12)
(6, 11)
(6, 10)
(6, 9)
(6, 8)
(6, 7)
(7, 7)
(8, 7)
(9, 7)
(9, 8)
(9, 9)
kaikki ok
Reitin pituus: 12
(14, 17)
(14, 16)
(14, 15)
(14, 14)
(14, 13)
(13, 13)
(12, 13)
(12, 12)
(12, 11)
(12, 10)
(12, 9)
(12, 8)
(12, 7)
kaikki ok
Reitin pituus: 2
(14, 2)
(14, 3)
(14, 4)
kaikki ok
Reitin pituus: 9
(9, 7)
(10, 7)
(11, 7)
(12, 7)
(12, 8)
(12, 9)
(13, 9)
(14, 9)
(14, 8)
(14, 7)
kaikki ok
Reitin pituus: 12
(16, 16)
(16, 17)
(15, 17)
(14, 17)
(14, 16)
(14, 15)
(13, 15)
(12, 15)
(11, 15)
(10, 15)
(9, 15)
(8, 15)
(7, 15)
kaikki ok
Reitin pituus: 20
(4, 8)
(4, 9)
(4, 10)
(4, 11)
(4, 12)
(4, 13)
(4, 14)
(4, 15)
(5, 15)
(6, 15)
(6, 16)
(6, 17)
(7, 17)
(8, 17)
(8, 18)
(8, 19)
(9, 19)
(10, 19)
(11, 19)
(12, 19)
(13, 19)
kaikki ok
Reitin pituus: 7
(10, 11)
(9, 11)
(8, 11)
(7, 11)
(6, 11)
(6, 12)
(6, 13)
(7, 13)
kaikki ok
Reitin pituus: 20
(11, 17)
(12, 17)
(12, 16)
(12, 15)
(13, 15)
(14, 15)
(14, 14)
(14, 13)
(14, 12)
(14, 11)
(14, 10)
(14, 9)
(14, 8)
(14, 7)
(14, 6)
(14, 5)
(14, 4)
(14, 3)
(13, 3)
(12, 3)
(12, 4)
kaikki ok
Reitin pituus: 6
(11, 15)
(12, 15)
(13, 15)
(14, 15)
(14, 14)
(14, 13)
(15, 13)
kaikki ok
Reitin pituus: 5
(13, 3)
(14, 3)
(14, 2)
(14, 1)
(15, 1)
(16, 1)
kaikki ok
Reitin pituus: 23
(8, 1)
(7, 1)
(6, 1)
(5, 1)
(4, 1)
(4, 2)
(4, 3)
(4, 4)
(4, 5)
(4, 6)
(4, 7)
(4, 8)
(4, 9)
(4, 10)
(4, 11)
(4, 12)
(4, 13)
(3, 13)
(2, 13)
(1, 13)
(1, 14)
(1, 15)
(2, 15)
(2, 16)
kaikki ok
Reitin pituus: 26
(8, 1)
(7, 1)
(6, 1)
(5, 1)
(4, 1)
(4, 2)
(4, 3)
(4, 4)
(4, 5)
(4, 6)
(4, 7)
(4, 8)
(4, 9)
(4, 10)
(4, 11)
(4, 12)
(4, 13)
(4, 14)
(4, 15)
(4, 16)
(4, 17)
(3, 17)
(2, 17)
(1, 17)
(1, 18)
(1, 19)
(2, 19)
kaikki ok
Reitin pituus: 0
(10, 17)
kaikki ok
Reitin pituus: 6
(10, 18)
(10, 17)
(11, 17)
(12, 17)
(12, 16)
(12, 15)
(13, 15)
kaikki ok
Reitin pituus: 17
(1, 3)
(2, 3)
(3, 3)
(4, 3)
(4, 4)
(4, 5)
(4, 6)
(4, 7)
(4, 8)
(4, 9)
(4, 10)
(4, 11)
(4, 12)
(4, 13)
(3, 13)
(2, 13)
(1, 13)
(1, 14)
kaikki ok
Reitin pituus: 18
(13, 15)
(12, 15)
(11, 15)
(10, 15)
(9, 15)
(8, 15)
(7, 15)
(6, 15)
(5, 15)
(4, 15)
(4, 14)
(4, 13)
(4, 12)
(4, 11)
(4, 10)
(4, 9)
(4, 8)
(4, 7)
(4, 6)
kaikki ok
Reitin pituus: 11
(17, 13)
(16, 13)
(15, 13)
(14, 13)
(14, 14)
(14, 15)
(13, 15)
(12, 15)
(12, 16)
(12, 17)
(11, 17)
(10, 17)
kaikki ok
Reitin pituus: 17
(14, 9)
(13, 9)
(12, 9)
(12, 8)
(12, 7)
(11, 7)
(10, 7)
(9, 7)
(8, 7)
(8, 6)
(8, 5)
(7, 5)
(6, 5)
(6, 4)
(6, 3)
(5, 3)
(4, 3)
(3, 3)
kaikki ok
Reitin pituus: 7
(14, 14)
(14, 15)
(14, 16)
(14, 17)
(15, 17)
(16, 17)
(17, 17)
(17, 18)
kaikki ok
Reitin pituus: 18
(9, 3)
(10, 3)
(11, 3)
(12, 3)
(12, 4)
(12, 5)
(11, 5)
(10, 5)
(10, 6)
(10, 7)
(11, 7)
(12, 7)
(12, 8)
(12, 9)
(12, 10)
(12, 11)
(12, 12)
(12, 13)
(11, 13)
kaikki ok
Reitin pituus: 10
(6, 17)
(6, 16)
(6, 15)
(5, 15)
(4, 15)
(4, 16)
(4, 17)
(3, 17)
(2, 17)
(1, 17)
(1, 18)
kaikki ok
Reitin pituus: 24
(13, 13)
(12, 13)
(12, 12)
(12, 11)
(11, 11)
(10, 11)
(9, 11)
(8, 11)
(7, 11)
(6, 11)
(6, 10)
(6, 9)
(5, 9)
(4, 9)
(4, 8)
(4, 7)
(4, 6)
(4, 5)
(4, 4)
(4, 3)
(4, 2)
(4, 1)
(3, 1)
(2, 1)
(1, 1)
kaikki ok
Reitin pituus: 20
(8, 2)
(8, 3)
(9, 3)
(10, 3)
(11, 3)
(12, 3)
(13, 3)
(14, 3)
(14, 4)
(14, 5)
(14, 6)
(14, 7)
(14, 8)
(14, 9)
(14, 10)
(14, 11)
(14, 12)
(14, 13)
(15, 13)
(16, 13)
(17, 13)
kaikki ok
Reitin pituus: 24
(10, 5)
(10, 6)
(10, 7)
(9, 7)
(8, 7)
(7, 7)
(6, 7)
(6, 8)
(6, 9)
(6, 10)
(6, 11)
(6, 12)
(6, 13)
(7, 13)
(8, 13)
(8, 14)
(8, 15)
(7, 15)
(6, 15)
(6, 16)
(6, 17)
(7, 17)
(8, 17)
(8, 18)
(8, 19)
kaikki ok
Reitin pituus: 11
(4, 8)
(4, 9)
(4, 10)
(4, 11)
(4, 12)
(4, 13)
(4, 14)
(4, 15)
(5, 15)
(6, 15)
(6, 16)
(6, 17)
kaikki ok
Reitin pituus: 12
(3, 5)
(4, 5)
(4, 6)
(4, 7)
(4, 8)
(4, 9)
(4, 10)
(4, 11)
(4, 12)
(4, 13)
(3, 13)
(2, 13)
(1, 13)
kaikki ok
Reitin pituus: 13
(6, 4)
(6, 3)
(7, 3)
(8, 3)
(9, 3)
(10, 3)
(10, 2)
(10, 1)
(11, 1)
(12, 1)
(13, 1)
(14, 1)
(15, 1)
(16, 1)
kaikki ok
Reitin pituus: 11
(9, 11)
(8, 11)
(7, 11)
(6, 11)
(6, 10)
(6, 9)
(6, 8)
(6, 7)
(7, 7)
(8, 7)
(8, 6)
(8, 5)
kaikki ok
Reitin pituus: 16
(2, 17)
(3, 17)
(4, 17)
(4, 16)
(4, 15)
(4, 14)
(4, 13)
(4, 12)
(4, 11)
(4, 10)
(4, 9)
(5, 9)
(6, 9)
(6, 8)
(6, 7)
(7, 7)
(8, 7)
kaikki ok
Reitin pituus: 2
(11, 3)
(12, 3)
(13, 3)
kaikki ok
Reitin pituus: 22
(16, 15)
(17, 15)
(17, 14)
(17, 13)
(16, 13)
(15, 13)
(14, 13)
(13, 13)
(12, 13)
(12, 12)
(12, 11)
(11, 11)
(10, 11)
(9, 11)
(8, 11)
(7, 11)
(6, 11)
(6, 10)
(6, 9)
(5, 9)
(4, 9)
(4, 8)
(4, 7)
kaikki ok
Reitin pituus: 8
(14, 19)
(13, 19)
(12, 19)
(11, 19)
(10, 19)
(9, 19)
(8, 19)
(8, 18)
(8, 17)
kaikki ok
Reitin pituus: 15
(11, 5)
(10, 5)
(10, 6)
(10, 7)
(9, 7)
(8, 7)
(7, 7)
(6, 7)
(6, 8)
(6, 9)
(6, 10)
(6, 11)
(6, 12)
(6, 13)
(7, 13)
(8, 13)
kaikki ok
Reitin pituus: 14
(14, 16)
(14, 15)
(14, 14)
(14, 13)
(14, 12)
(14, 11)
(14, 10)
(14, 9)
(14, 8)
(14, 7)
(14, 6)
(14, 5)
(15, 5)
(16, 5)
(17, 5)
kaikki ok
Reitin pituus: 10
(6, 13)
(6, 12)
(6, 11)
(6, 10)
(6, 9)
(6, 8)
(6, 7)
(7, 7)
(8, 7)
(9, 7)
(9, 8)
kaikki ok
Reitin pituus: 11
(14, 9)
(14, 8)
(14, 7)
(14, 6)
(14, 5)
(14, 4)
(14, 3)
(15, 3)
(16, 3)
(17, 3)
(17, 2)
(17, 1)
kaikki ok
Reitin pituus: 31
(13, 1)
(12, 1)
(11, 1)
(10, 1)
(10, 2)
(10, 3)
(9, 3)
(8, 3)
(7, 3)
(6, 3)
(5, 3)
(4, 3)
(4, 4)
(4, 5)
(4, 6)
(4, 7)
(4, 8)
(4, 9)
(4, 10)
(4, 11)
(4, 12)
(4, 13)
(4, 14)
(4, 15)
(4, 16)
(4, 17)
(3, 17)
(2, 17)
(1, 17)
(1, 18)
(1, 19)
(2, 19)
kaikki ok
Reitin pituus: 5
(4, 2)
(4, 3)
(4, 4)
(4, 5)
(3, 5)
(2, 5)
kaikki ok
Reitin pituus: 18
(6, 9)
(6, 8)
(6, 7)
(7, 7)
(8, 7)
(9, 7)
(10, 7)
(10, 6)
(10, 5)
(11, 5)
(12, 5)
(12, 4)
(12, 3)
(13, 3)
(14, 3)
(15, 3)
(16, 3)
(17, 3)
(17, 2)
kaikki ok
Reitin pituus: 25
(4, 1)
(4, 2)
(4, 3)
(4, 4)
(4, 5)
(4, 6)
(4, 7)
(4, 8)
(4, 9)
(4, 10)
(4, 11)
(4, 12)
(4, 13)
(4, 14)
(4, 15)
(5, 15)
(6, 15)
(6, 16)
(6, 17)
(7, 17)
(8, 17)
(8, 18)
(8, 19)
(9, 19)
(10, 19)
(11, 19)
kaikki ok
Reitin pituus: 5
(15, 3)
(14, 3)
(14, 4)
(14, 5)
(14, 6)
(14, 7)
kaikki ok
Reitin pituus: 16
(6, 16)
(6, 15)
(7, 15)
(8, 15)
(9, 15)
(10, 15)
(10, 14)
(10, 13)
(11, 13)
(12, 13)
(12, 12)
(12, 11)
(12, 10)
(12, 9)
(13, 9)
(14, 9)
(14, 8)
kaikki ok
Reitin pituus: 9
(6, 9)
(5, 9)
(4, 9)
(4, 10)
(4, 11)
(4, 12)
(4, 13)
(3, 13)
(2, 13)
(1, 13)
kaikki ok
Reitin pituus: 7
(8, 7)
(7, 7)
(6, 7)
(6, 8)
(6, 9)
(5, 9)
(4, 9)
(4, 10)
kaikki ok
Reitin pituus: 16
(14, 7)
(14, 8)
(14, 9)
(13, 9)
(12, 9)
(12, 10)
(12, 11)
(11, 11)
(10, 11)
(9, 11)
(8, 11)
(7, 11)
(6, 11)
(6, 12)
(6, 13)
(7, 13)
(8, 13)
kaikki ok
Reitin pituus: 31
(7, 1)
(6, 1)
(5, 1)
(4, 1)
(4, 2)
(4, 3)
(4, 4)
(4, 5)
(4, 6)
(4, 7)
(4, 8)
(4, 9)
(4, 10)
(4, 11)
(4, 12)
(4, 13)
(4, 14)
(4, 15)
(5, 15)
(6, 15)
(6, 16)
(6, 17)
(7, 17)
(8, 17)
(8, 18)
(8, 19)
(9, 19)
(10, 19)
(11, 19)
(12, 19)
(13, 19)
(14, 19)
kaikki ok
Reitin pituus: 9
(16, 16)
(16, 17)
(15, 17)
(14, 17)
(14, 16)
(14, 15)
(13, 15)
(12, 15)
(11, 15)
(10, 15)
kaikki ok
Reitin pituus: 9
(13, 9)
(14, 9)
(14, 10)
(14, 11)
(14, 12)
(14, 13)
(14, 14)
(14, 15)
(13, 15)
(12, 15)
kaikki ok
Reitin pituus: 14
(4, 2)
(4, 3)
(4, 4)
(4, 5)
(4, 6)
(4, 7)
(4, 8)
(4, 9)
(5, 9)
(6, 9)
(6, 10)
(6, 11)
(6, 12)
(6, 13)
(7, 13)
kaikki ok
Reitin pituus: 6
(7, 11)
(6, 11)
(6, 10)
(6, 9)
(6, 8)
(6, 7)
(7, 7)
kaikki ok
Reitin pituus: 17
(16, 3)
(15, 3)
(14, 3)
(13, 3)
(12, 3)
(11, 3)
(10, 3)
(9, 3)
(8, 3)
(7, 3)
(6, 3)
(5, 3)
(4, 3)
(3, 3)
(2, 3)
(1, 3)
(1, 4)
(1, 5)
kaikki ok
Reitin pituus: 12
(12, 4)
(12, 5)
(11, 5)
(10, 5)
(10, 6)
(10, 7)
(11, 7)
(12, 7)
(12, 8)
(12, 9)
(12, 10)
(12, 11)
(11, 11)
kaikki ok
Reitin pituus: 14
(9, 11)
(10, 11)
(11, 11)
(12, 11)
(12, 10)
(12, 9)
(12, 8)
(12, 7)
(11, 7)
(10, 7)
(10, 6)
(10, 5)
(11, 5)
(12, 5)
(12, 4)
kaikki ok
Reitin pituus: 18
(13, 13)
(14, 13)
(14, 12)
(14, 11)
(14, 10)
(14, 9)
(14, 8)
(14, 7)
(14, 6)
(14, 5)
(14, 4)
(14, 3)
(13, 3)
(12, 3)
(11, 3)
(10, 3)
(9, 3)
(8, 3)
(8, 2)
kaikki ok
Reitin pituus: 24
(17, 3)
(16, 3)
(15, 3)
(14, 3)
(14, 4)
(14, 5)
(14, 6)
(14, 7)
(14, 8)
(14, 9)
(14, 10)
(14, 11)
(14, 12)
(14, 13)
(14, 14)
(14, 15)
(14, 16)
(14, 17)
(15, 17)
(16, 17)
(17, 17)
(17, 18)
(17, 19)
(16, 19)
(15, 19)
kaikki ok
Reitin pituus: 21
(10, 13)
(11, 13)
(12, 13)
(12, 12)
(12, 11)
(12, 10)
(12, 9)
(12, 8)
(12, 7)
(11, 7)
(10, 7)
(10, 6)
(10, 5)
(11, 5)
(12, 5)
(12, 4)
(12, 3)
(11, 3)
(10, 3)
(9, 3)
(8, 3)
(8, 2)
kaikki ok
Reitin pituus: 10
(16, 19)
(15, 19)
(14, 19)
(13, 19)
(12, 19)
(11, 19)
(10, 19)
(10, 18)
(10, 17)
(11, 17)
(12, 17)
kaikki ok
Reitin pituus: 9
(12, 11)
(12, 10)
(12, 9)
(12, 8)
(12, 7)
(11, 7)
(10, 7)
(9, 7)
(9, 8)
(9, 9)
kaikki ok
Reitin pituus: 21
(8, 1)
(7, 1)
(6, 1)
(5, 1)
(4, 1)
(4, 2)
(4, 3)
(4, 4)
(4, 5)
(4, 6)
(4, 7)
(4, 8)
(4, 9)
(4, 10)
(4, 11)
(4, 12)
(4, 13)
(4, 14)
(4, 15)
(4, 16)
(4, 17)
(3, 17)
kaikki ok
Reitin pituus: 24
(14, 6)
(14, 7)
(14, 8)
(14, 9)
(14, 10)
(14, 11)
(14, 12)
(14, 13)
(14, 14)
(14, 15)
(13, 15)
(12, 15)
(12, 16)
(12, 17)
(11, 17)
(10, 17)
(10, 18)
(10, 19)
(9, 19)
(8, 19)
(7, 19)
(6, 19)
(5, 19)
(4, 19)
(3, 19)
kaikki ok
Reitin pituus: 3
(1, 4)
(1, 3)
(2, 3)
(3, 3)
kaikki ok
Reitin pituus: 5
(14, 1)
(13, 1)
(12, 1)
(11, 1)
(10, 1)
(10, 2)
kaikki ok
Reitin pituus: 12
(4, 12)
(4, 11)
(4, 10)
(4, 9)
(5, 9)
(6, 9)
(6, 8)
(6, 7)
(7, 7)
(8, 7)
(8, 6)
(8, 5)
(7, 5)
kaikki ok
Reitin pituus: 7
(12, 9)
(13, 9)
(14, 9)
(14, 10)
(14, 11)
(14, 12)
(14, 13)
(14, 14)
kaikki ok
Reitin pituus: 11
(14, 7)
(14, 6)
(14, 5)
(14, 4)
(14, 3)
(13, 3)
(12, 3)
(11, 3)
(10, 3)
(9, 3)
(8, 3)
(7, 3)
kaikki ok
Reitin pituus: 3
(6, 1)
(5, 1)
(4, 1)
(3, 1)
kaikki ok
Reitin pituus: 11
(1, 2)
(1, 3)
(2, 3)
(3, 3)
(4, 3)
(5, 3)
(6, 3)
(7, 3)
(8, 3)
(9, 3)
(10, 3)
(10, 2)
kaikki ok
Reitin pituus: 25
(10, 3)
(11, 3)
(12, 3)
(13, 3)
(14, 3)
(14, 4)
(14, 5)
(14, 6)
(14, 7)
(14, 8)
(14, 9)
(14, 10)
(14, 11)
(14, 12)
(14, 13)
(14, 14)
(14, 15)
(13, 15)
(12, 15)
(12, 16)
(12, 17)
(11, 17)
(10, 17)
(10, 18)
(10, 19)
(9, 19)
kaikki ok
Reitin pituus: 11
(14, 17)
(14, 16)
(14, 15)
(13, 15)
(12, 15)
(11, 15)
(10, 15)
(9, 15)
(8, 15)
(7, 15)
(6, 15)
(6, 16)
kaikki ok
Reitin pituus: 13
(12, 11)
(12, 10)
(12, 9)
(13, 9)
(14, 9)
(14, 8)
(14, 7)
(14, 6)
(14, 5)
(15, 5)
(16, 5)
(17, 5)
(17, 4)
(17, 3)
kaikki ok
Reitin pituus: 18
(17, 4)
(17, 5)
(16, 5)
(15, 5)
(14, 5)
(14, 6)
(14, 7)
(14, 8)
(14, 9)
(14, 10)
(14, 11)
(14, 12)
(14, 13)
(15, 13)
(16, 13)
(17, 13)
(17, 14)
(17, 15)
(16, 15)
kaikki ok
Reitin pituus: 8
(6, 4)
(6, 3)
(7, 3)
(8, 3)
(9, 3)
(10, 3)
(11, 3)
(12, 3)
(12, 4)
kaikki ok
Reitin pituus: 19
(14, 8)
(14, 9)
(13, 9)
(12, 9)
(12, 10)
(12, 11)
(11, 11)
(10, 11)
(9, 11)
(8, 11)
(7, 11)
(6, 11)
(6, 12)
(6, 13)
(5, 13)
(4, 13)
(4, 14)
(4, 15)
(4, 16)
(4, 17)
kaikki ok
Reitin pituus: 9
(17, 3)
(16, 3)
(15, 3)
(14, 3)
(13, 3)
(12, 3)
(12, 4)
(12, 5)
(11, 5)
(10, 5)
kaikki ok
Reitin pituus: 5
(10, 9)
(9, 9)
(9, 8)
(9, 7)
(10, 7)
(10, 6)
kaikki ok
Reitin pituus: 16
(6, 13)
(7, 13)
(8, 13)
(8, 14)
(8, 15)
(9, 15)
(10, 15)
(10, 14)
(10, 13)
(11, 13)
(12, 13)
(13, 13)
(14, 13)
(15, 13)
(16, 13)
(17, 13)
(17, 14)
kaikki ok
Reitin pituus: 18
(3, 5)
(4, 5)
(4, 6)
(4, 7)
(4, 8)
(4, 9)
(5, 9)
(6, 9)
(6, 10)
(6, 11)
(7, 11)
(8, 11)
(9, 11)
(10, 11)
(11, 11)
(12, 11)
(12, 12)
(12, 13)
(11, 13)
kaikki ok
Reitin pituus: 21
(8, 1)
(8, 2)
(8, 3)
(9, 3)
(10, 3)
(11, 3)
(12, 3)
(13, 3)
(14, 3)
(14, 4)
(14, 5)
(14, 6)
(14, 7)
(14, 8)
(14, 9)
(14, 10)
(14, 11)
(14, 12)
(14, 13)
(14, 14)
(14, 15)
(13, 15)
kaikki ok
Reitin pituus: 10
(8, 18)
(8, 17)
(7, 17)
(6, 17)
(6, 16)
(6, 15)
(5, 15)
(4, 15)
(4, 14)
(4, 13)
(5, 13)
kaikki ok
Reitin pituus: 16
(16, 3)
(15, 3)
(14, 3)
(14, 4)
(14, 5)
(14, 6)
(14, 7)
(14, 8)
(14, 9)
(14, 10)
(14, 11)
(14, 12)
(14, 13)
(15, 13)
(16, 13)
(17, 13)
(17, 14)
kaikki ok
Reitin pituus: 11
(14, 8)
(14, 9)
(13, 9)
(12, 9)
(12, 10)
(12, 11)
(11, 11)
(10, 11)
(9, 11)
(8, 11)
(7, 11)
(6, 11)
kaikki ok
Reitin pituus: 15
(14, 1)
(13, 1)
(12, 1)
(11, 1)
(10, 1)
(10, 2)
(10, 3)
(9, 3)
(8, 3)
(8, 2)
(8, 1)
(7, 1)
(6, 1)
(5, 1)
(4, 1)
(3, 1)
kaikki ok
Reitin pituus: 29
(4, 2)
(4, 3)
(4, 4)
(4, 5)
(4, 6)
(4, 7)
(4, 8)
(4, 9)
(4, 10)
(4, 11)
(4, 12)
(4, 13)
(4, 14)
(4, 15)
(5, 15)
(6, 15)
(6, 16)
(6, 17)
(7, 17)
(8, 17)
(8, 18)
(8, 19)
(9, 19)
(10, 19)
(11, 19)
(12, 19)
(13, 19)
(14, 19)
(15, 19)
(16, 19)
kaikki ok
Reitin pituus: 15
(3, 1)
(4, 1)
(4, 2)
(4, 3)
(5, 3)
(6, 3)
(6, 4)
(6, 5)
(7, 5)
(8, 5)
(8, 6)
(8, 7)
(9, 7)
(9, 8)
(9, 9)
(8, 9)
kaikki ok
Reitin pituus: 11
(14, 10)
(14, 9)
(13, 9)
(12, 9)
(12, 8)
(12, 7)
(11, 7)
(10, 7)
(9, 7)
(8, 7)
(7, 7)
(6, 7)
kaikki ok
Reitin pituus: 0
(2, 19)
kaikki ok
Reitin pituus: 13
(12, 8)
(12, 9)
(12, 10)
(12, 11)
(11, 11)
(10, 11)
(9, 11)
(8, 11)
(7, 11)
(6, 11)
(6, 12)
(6, 13)
(5, 13)
(4, 13)
kaikki ok
Reitin pituus: 13
(13, 1)
(12, 1)
(11, 1)
(10, 1)
(10, 2)
(10, 3)
(9, 3)
(8, 3)
(7, 3)
(6, 3)
(5, 3)
(4, 3)
(3, 3)
(2, 3)
kaikki ok
Reitin pituus: 13
(4, 1)
(4, 2)
(4, 3)
(5, 3)
(6, 3)
(7, 3)
(8, 3)
(9, 3)
(10, 3)
(11, 3)
(12, 3)
(13, 3)
(14, 3)
(14, 4)
kaikki ok
Reitin pituus: 10
(10, 11)
(11, 11)
(12, 11)
(12, 10)
(12, 9)
(13, 9)
(14, 9)
(14, 8)
(14, 7)
(14, 6)
(14, 5)
kaikki ok
Reitin pituus: 17
(15, 17)
(14, 17)
(14, 16)
(14, 15)
(13, 15)
(12, 15)
(11, 15)
(10, 15)
(9, 15)
(8, 15)
(7, 15)
(6, 15)
(5, 15)
(4, 15)
(4, 16)
(4, 17)
(3, 17)
(2, 17)
kaikki ok
Reitin pituus: 3
(6, 16)
(6, 17)
(7, 17)
(8, 17)
kaikki ok
Reitin pituus: 9
(13, 9)
(12, 9)
(12, 8)
(12, 7)
(11, 7)
(10, 7)
(9, 7)
(8, 7)
(7, 7)
(6, 7)
kaikki ok
Reitin pituus: 5
(9, 11)
(10, 11)
(11, 11)
(12, 11)
(12, 10)
(12, 9)
kaikki ok
Reitin pituus: 16
(16, 16)
(16, 17)
(15, 17)
(14, 17)
(14, 16)
(14, 15)
(13, 15)
(12, 15)
(11, 15)
(10, 15)
(9, 15)
(8, 15)
(8, 14)
(8, 13)
(7, 13)
(6, 13)
(5, 13)
kaikki ok
Reitin pituus: 23
(14, 12)
(14, 11)
(14, 10)
(14, 9)
(14, 8)
(14, 7)
(14, 6)
(14, 5)
(14, 4)
(14, 3)
(13, 3)
(12, 3)
(11, 3)
(10, 3)
(9, 3)
(8, 3)
(7, 3)
(6, 3)
(5, 3)
(4, 3)
(3, 3)
(2, 3)
(1, 3)
(1, 2)
kaikki ok
Reitin pituus: 17
(17, 14)
(17, 13)
(16, 13)
(15, 13)
(14, 13)
(14, 14)
(14, 15)
(13, 15)
(12, 15)
(12, 16)
(12, 17)
(11, 17)
(10, 17)
(10, 18)
(10, 19)
(9, 19)
(8, 19)
(8, 18)
kaikki ok
Reitin pituus: 29
(10, 17)
(11, 17)
(12, 17)
(12, 16)
(12, 15)
(11, 15)
(10, 15)
(9, 15)
(8, 15)
(7, 15)
(6, 15)
(5, 15)
(4, 15)
(4, 14)
(4, 13)
(4, 12)
(4, 11)
(4, 10)
(4, 9)
(4, 8)
(4, 7)
(4, 6)
(4, 5)
(4, 4)
(4, 3)
(4, 2)
(4, 1)
(3, 1)
(2, 1)
(1, 1)
kaikki ok
Reitin pituus: 9
(6, 12)
(6, 11)
(6, 10)
(6, 9)
(5, 9)
(4, 9)
(4, 8)
(4, 7)
(4, 6)
(4, 5)
kaikki ok
Reitin pituus: 25
(1, 19)
(1, 18)
(1, 17)
(2, 17)
(3, 17)
(4, 17)
(4, 16)
(4, 15)
(4, 14)
(4, 13)
(4, 12)
(4, 11)
(4, 10)
(4, 9)
(4, 8)
(4, 7)
(4, 6)
(4, 5)
(4, 4)
(4, 3)
(4, 2)
(4, 1)
(5, 1)
(6, 1)
(7, 1)
(8, 1)
kaikki ok
Reitin pituus: 8
(15, 3)
(14, 3)
(14, 4)
(14, 5)
(14, 6)
(14, 7)
(14, 8)
(14, 9)
(14, 10)
kaikki ok
Reitin pituus: 14
(9, 3)
(8, 3)
(7, 3)
(6, 3)
(6, 4)
(6, 5)
(7, 5)
(8, 5)
(8, 6)
(8, 7)
(7, 7)
(6, 7)
(6, 8)
(6, 9)
(6, 10)
kaikki ok
Reitin pituus: 20
(1, 14)
(1, 13)
(2, 13)
(3, 13)
(4, 13)
(4, 14)
(4, 15)
(5, 15)
(6, 15)
(6, 16)
(6, 17)
(7, 17)
(8, 17)
(8, 18)
(8, 19)
(9, 19)
(10, 19)
(11, 19)
(12, 19)
(13, 19)
(14, 19)
kaikki ok
Reitin pituus: 11
(1, 13)
(2, 13)
(3, 13)
(4, 13)
(5, 13)
(6, 13)
(7, 13)
(8, 13)
(8, 14)
(8, 15)
(9, 15)
(10, 15)
kaikki ok
Reitin pituus: 24
(12, 17)
(12, 16)
(12, 15)
(11, 15)
(10, 15)
(9, 15)
(8, 15)
(8, 14)
(8, 13)
(7, 13)
(6, 13)
(5, 13)
(4, 13)
(4, 12)
(4, 11)
(4, 10)
(4, 9)
(4, 8)
(4, 7)
(4, 6)
(4, 5)
(4, 4)
(4, 3)
(4, 2)
(4, 1)
kaikki ok
Reitin pituus: 12
(12, 16)
(12, 15)
(11, 15)
(10, 15)
(9, 15)
(8, 15)
(8, 14)
(8, 13)
(7, 13)
(6, 13)
(5, 13)
(4, 13)
(4, 12)
kaikki ok
Reitin pituus: 7
(6, 10)
(6, 11)
(6, 12)
(6, 13)
(7, 13)
(8, 13)
(8, 14)
(8, 15)
kaikki ok
Reitin pituus: 20
(4, 11)
(4, 12)
(4, 13)
(5, 13)
(6, 13)
(7, 13)
(8, 13)
(8, 14)
(8, 15)
(9, 15)
(10, 15)
(11, 15)
(12, 15)
(13, 15)
(14, 15)
(14, 16)
(14, 17)
(15, 17)
(16, 17)
(16, 16)
(16, 15)
kaikki ok
Reitin pituus: 7
(2, 1)
(3, 1)
(4, 1)
(4, 2)
(4, 3)
(5, 3)
(6, 3)
(7, 3)
kaikki ok
Reitin pituus: 3
(4, 10)
(4, 9)
(4, 8)
(4, 7)
kaikki ok
Reitin pituus: 13
(7, 19)
(8, 19)
(9, 19)
(10, 19)
(10, 18)
(10, 17)
(11, 17)
(12, 17)
(12, 16)
(12, 15)
(11, 15)
(10, 15)
(10, 14)
(10, 13)
kaikki ok
Reitin pituus: 1
(11, 13)
(12, 13)
kaikki ok
Reitin pituus: 20
(7, 17)
(6, 17)
(6, 16)
(6, 15)
(7, 15)
(8, 15)
(9, 15)
(10, 15)
(10, 14)
(10, 13)
(11, 13)
(12, 13)
(12, 12)
(12, 11)
(12, 10)
(12, 9)
(12, 8)
(12, 7)
(11, 7)
(10, 7)
(10, 6)
kaikki ok
Reitin pituus: 10
(14, 13)
(13, 13)
(12, 13)
(12, 12)
(12, 11)
(12, 10)
(12, 9)
(12, 8)
(12, 7)
(11, 7)
(10, 7)
kaikki ok
Reitin pituus: 19
(9, 8)
(9, 7)
(10, 7)
(11, 7)
(12, 7)
(12, 8)
(12, 9)
(13, 9)
(14, 9)
(14, 10)
(14, 11)
(14, 12)
(14, 13)
(15, 13)
(16, 13)
(17, 13)
(17, 14)
(17, 15)
(16, 15)
(16, 16)
kaikki ok
Reitin pituus: 18
(17, 1)
(16, 1)
(15, 1)
(14, 1)
(13, 1)
(12, 1)
(11, 1)
(10, 1)
(10, 2)
(10, 3)
(9, 3)
(8, 3)
(8, 2)
(8, 1)
(7, 1)
(6, 1)
(5, 1)
(4, 1)
(3, 1)
kaikki ok
Reitin pituus: 9
(8, 7)
(9, 7)
(10, 7)
(11, 7)
(12, 7)
(12, 8)
(12, 9)
(13, 9)
(14, 9)
(14, 10)
kaikki ok
Reitin pituus: 13
(3, 5)
(4, 5)
(4, 4)
(4, 3)
(5, 3)
(6, 3)
(6, 4)
(6, 5)
(7, 5)
(8, 5)
(8, 6)
(8, 7)
(9, 7)
(9, 8)
kaikki ok
Reitin pituus: 19
(5, 3)
(6, 3)
(6, 4)
(6, 5)
(7, 5)
(8, 5)
(8, 6)
(8, 7)
(9, 7)
(10, 7)
(11, 7)
(12, 7)
(12, 8)
(12, 9)
(12, 10)
(12, 11)
(12, 12)
(12, 13)
(11, 13)
(10, 13)
kaikki ok
Reitin pituus: 17
(1, 5)
(2, 5)
(3, 5)
(4, 5)
(4, 6)
(4, 7)
(4, 8)
(4, 9)
(4, 10)
(4, 11)
(4, 12)
(4, 13)
(4, 14)
(4, 15)
(5, 15)
(6, 15)
(6, 16)
(6, 17)
kaikki ok
Reitin pituus: 9
(14, 16)
(14, 15)
(13, 15)
(12, 15)
(11, 15)
(10, 15)
(9, 15)
(8, 15)
(8, 14)
(8, 13)
kaikki ok
Reitin pituus: 8
(4, 16)
(4, 15)
(5, 15)
(6, 15)
(6, 16)
(6, 17)
(7, 17)
(8, 17)
(8, 18)
kaikki ok
Reitin pituus: 19
(4, 5)
(4, 6)
(4, 7)
(4, 8)
(4, 9)
(5, 9)
(6, 9)
(6, 10)
(6, 11)
(6, 12)
(6, 13)
(7, 13)
(8, 13)
(8, 14)
(8, 15)
(9, 15)
(10, 15)
(11, 15)
(12, 15)
(12, 16)
kaikki ok
Reitin pituus: 14
(5, 1)
(4, 1)
(4, 2)
(4, 3)
(4, 4)
(4, 5)
(4, 6)
(4, 7)
(4, 8)
(4, 9)
(4, 10)
(4, 11)
(4, 12)
(4, 13)
(4, 14)
kaikki ok
Reitin pituus: 19
(14, 14)
(14, 13)
(13, 13)
(12, 13)
(12, 12)
(12, 11)
(12, 10)
(12, 9)
(12, 8)
(12, 7)
(11, 7)
(10, 7)
(9, 7)
(8, 7)
(8, 6)
(8, 5)
(7, 5)
(6, 5)
(6, 4)
(6, 3)
kaikki ok
Reitin pituus: 1
(15, 19)
(14, 19)
kaikki ok
Reitin pituus: 15
(4, 12)
(4, 13)
(4, 14)
(4, 15)
(5, 15)
(6, 15)
(6, 16)
(6, 17)
(7, 17)
(8, 17)
(8, 18)
(8, 19)
(9, 19)
(10, 19)
(10, 18)
(10, 17)
kaikki ok
Reitin pituus: 8
(2, 15)
(1, 15)
(1, 14)
(1, 13)
(2, 13)
(3, 13)
(4, 13)
(4, 12)
(4, 11)
kaikki ok
Reitin pituus: 10
(6, 12)
(6, 11)
(6, 10)
(6, 9)
(5, 9)
(4, 9)
(4, 8)
(4, 7)
(4, 6)
(4, 5)
(4, 4)
kaikki ok
Reitin pituus: 6
(1, 15)
(2, 15)
(2, 16)
(2, 17)
(1, 17)
(1, 18)
(1, 19)
kaikki ok
Reitin pituus: 14
(12, 4)
(12, 3)
(13, 3)
(14, 3)
(14, 4)
(14, 5)
(14, 6)
(14, 7)
(14, 8)
(14, 9)
(14, 10)
(14, 11)
(14, 12)
(14, 13)
(14, 14)
kaikki ok
Reitin pituus: 8
(1, 5)
(1, 4)
(1, 3)
(2, 3)
(3, 3)
(4, 3)
(4, 2)
(4, 1)
(5, 1)
kaikki ok
Reitin pituus: 21
(14, 13)
(13, 13)
(12, 13)
(12, 12)
(12, 11)
(11, 11)
(10, 11)
(9, 11)
(8, 11)
(7, 11)
(6, 11)
(6, 10)
(6, 9)
(5, 9)
(4, 9)
(4, 8)
(4, 7)
(4, 6)
(4, 5)
(3, 5)
(2, 5)
(1, 5)
kaikki ok
Reitin pituus: 4
(6, 12)
(6, 13)
(5, 13)
(4, 13)
(3, 13)
kaikki ok
Reitin pituus: 16
(16, 16)
(16, 17)
(15, 17)
(14, 17)
(14, 16)
(14, 15)
(13, 15)
(12, 15)
(11, 15)
(10, 15)
(9, 15)
(8, 15)
(8, 14)
(8, 13)
(7, 13)
(6, 13)
(5, 13)
kaikki ok
Reitin pituus: 11
(1, 3)
(2, 3)
(3, 3)
(4, 3)
(4, 4)
(4, 5)
(4, 6)
(4, 7)
(4, 8)
(4, 9)
(5, 9)
(6, 9)
kaikki ok
Reitin pituus: 16
(14, 4)
(14, 3)
(13, 3)
(12, 3)
(11, 3)
(10, 3)
(9, 3)
(8, 3)
(7, 3)
(6, 3)
(5, 3)
(4, 3)
(4, 4)
(4, 5)
(3, 5)
(2, 5)
(1, 5)
kaikki ok
Reitin pituus: 11
(8, 6)
(8, 5)
(7, 5)
(6, 5)
(6, 4)
(6, 3)
(5, 3)
(4, 3)
(4, 2)
(4, 1)
(3, 1)
(2, 1)
kaikki ok
Reitin pituus: 13
(17, 14)
(17, 13)
(16, 13)
(15, 13)
(14, 13)
(13, 13)
(12, 13)
(12, 12)
(12, 11)
(11, 11)
(10, 11)
(9, 11)
(8, 11)
(7, 11)
kaikki ok
Reitin pituus: 8
(8, 14)
(8, 13)
(7, 13)
(6, 13)
(5, 13)
(4, 13)
(3, 13)
(2, 13)
(1, 13)
kaikki ok
Reitin pituus: 13
(14, 7)
(14, 8)
(14, 9)
(14, 10)
(14, 11)
(14, 12)
(14, 13)
(14, 14)
(14, 15)
(13, 15)
(12, 15)
(12, 16)
(12, 17)
(11, 17)
kaikki ok
Reitin pituus: 8
(17, 14)
(17, 13)
(16, 13)
(15, 13)
(14, 13)
(14, 12)
(14, 11)
(14, 10)
(14, 9)
kaikki ok
Reitin pituus: 4
(10, 13)
(11, 13)
(12, 13)
(12, 12)
(12, 11)
kaikki ok
Reitin pituus: 24
(17, 2)
(17, 3)
(16, 3)
(15, 3)
(14, 3)
(13, 3)
(12, 3)
(11, 3)
(10, 3)
(9, 3)
(8, 3)
(7, 3)
(6, 3)
(5, 3)
(4, 3)
(4, 4)
(4, 5)
(4, 6)
(4, 7)
(4, 8)
(4, 9)
(4, 10)
(4, 11)
(4, 12)
(4, 13)
kaikki ok
Reitin pituus: 17
(1, 4)
(1, 5)
(2, 5)
(3, 5)
(4, 5)
(4, 6)
(4, 7)
(4, 8)
(4, 9)
(5, 9)
(6, 9)
(6, 10)
(6, 11)
(6, 12)
(6, 13)
(7, 13)
(8, 13)
(8, 14)
kaikki ok
Reitin pituus: 1
(4, 13)
(3, 13)
kaikki ok
Reitin pituus: 13
(14, 5)
(14, 6)
(14, 7)
(14, 8)
(14, 9)
(14, 10)
(14, 11)
(14, 12)
(14, 13)
(14, 14)
(14, 15)
(13, 15)
(12, 15)
(12, 16)
kaikki ok
Reitin pituus: 21
(9, 3)
(8, 3)
(7, 3)
(6, 3)
(5, 3)
(4, 3)
(4, 4)
(4, 5)
(4, 6)
(4, 7)
(4, 8)
(4, 9)
(4, 10)
(4, 11)
(4, 12)
(4, 13)
(4, 14)
(4, 15)
(4, 16)
(4, 17)
(3, 17)
(2, 17)
kaikki ok
Reitin pituus: 20
(11, 19)
(10, 19)
(10, 18)
(10, 17)
(11, 17)
(12, 17)
(12, 16)
(12, 15)
(13, 15)
(14, 15)
(14, 14)
(14, 13)
(14, 12)
(14, 11)
(14, 10)
(14, 9)
(14, 8)
(14, 7)
(14, 6)
(14, 5)
(15, 5)
kaikki ok
Reitin pituus: 24
(13, 1)
(14, 1)
(14, 2)
(14, 3)
(14, 4)
(14, 5)
(14, 6)
(14, 7)
(14, 8)
(14, 9)
(14, 10)
(14, 11)
(14, 12)
(14, 13)
(14, 14)
(14, 15)
(13, 15)
(12, 15)
(12, 16)
(12, 17)
(11, 17)
(10, 17)
(10, 18)
(10, 19)
(9, 19)
kaikki ok
Reitin pituus: 18
(2, 1)
(3, 1)
(4, 1)
(4, 2)
(4, 3)
(5, 3)
(6, 3)
(6, 4)
(6, 5)
(7, 5)
(8, 5)
(8, 6)
(8, 7)
(9, 7)
(10, 7)
(11, 7)
(12, 7)
(12, 8)
(12, 9)
kaikki ok
Reitin pituus: 8
(6, 8)
(6, 9)
(5, 9)
(4, 9)
(4, 10)
(4, 11)
(4, 12)
(4, 13)
(4, 14)
kaikki ok
Reitin pituus: 19
(16, 17)
(15, 17)
(14, 17)
(14, 16)
(14, 15)
(13, 15)
(12, 15)
(11, 15)
(10, 15)
(9, 15)
(8, 15)
(7, 15)
(6, 15)
(5, 15)
(4, 15)
(4, 16)
(4, 17)
(3, 17)
(2, 17)
(2, 16)
kaikki ok
Reitin pituus: 15
(4, 5)
(4, 6)
(4, 7)
(4, 8)
(4, 9)
(5, 9)
(6, 9)
(6, 10)
(6, 11)
(7, 11)
(8, 11)
(9, 11)
(10, 11)
(11, 11)
(12, 11)
(12, 12)
kaikki ok
Reitin pituus: 24
(13, 19)
(12, 19)
(11, 19)
(10, 19)
(10, 18)
(10, 17)
(11, 17)
(12, 17)
(12, 16)
(12, 15)
(13, 15)
(14, 15)
(14, 14)
(14, 13)
(14, 12)
(14, 11)
(14, 10)
(14, 9)
(13, 9)
(12, 9)
(12, 8)
(12, 7)
(11, 7)
(10, 7)
(9, 7)
kaikki ok
Reitin pituus: 7
(6, 9)
(6, 8)
(6, 7)
(7, 7)
(8, 7)
(9, 7)
(9, 8)
(9, 9)
kaikki ok
Reitin pituus: 17
(12, 19)
(11, 19)
(10, 19)
(9, 19)
(8, 19)
(8, 18)
(8, 17)
(7, 17)
(6, 17)
(6, 16)
(6, 15)
(5, 15)
(4, 15)
(4, 14)
(4, 13)
(4, 12)
(4, 11)
(4, 10)
kaikki ok
Reitin pituus: 29
(11, 3)
(10, 3)
(9, 3)
(8, 3)
(7, 3)
(6, 3)
(5, 3)
(4, 3)
(4, 4)
(4, 5)
(4, 6)
(4, 7)
(4, 8)
(4, 9)
(4, 10)
(4, 11)
(4, 12)
(4, 13)
(4, 14)
(4, 15)
(4, 16)
(4, 17)
(3, 17)
(2, 17)
(1, 17)
(1, 18)
(1, 19)
(2, 19)
(3, 19)
(4, 19)
kaikki ok
Reitin pituus: 9
(9, 8)
(9, 7)
(8, 7)
(7, 7)
(6, 7)
(6, 8)
(6, 9)
(5, 9)
(4, 9)
(4, 10)
kaikki ok
Reitin pituus: 15
(6, 19)
(7, 19)
(8, 19)
(8, 18)
(8, 17)
(7, 17)
(6, 17)
(6, 16)
(6, 15)
(7, 15)
(8, 15)
(9, 15)
(10, 15)
(10, 14)
(10, 13)
(11, 13)
kaikki ok
Reitin pituus: 5
(4, 14)
(4, 13)
(3, 13)
(2, 13)
(1, 13)
(1, 14)
kaikki ok
Reitin pituus: 10
(17, 13)
(16, 13)
(15, 13)
(14, 13)
(14, 14)
(14, 15)
(13, 15)
(12, 15)
(11, 15)
(10, 15)
(9, 15)
kaikki ok
Reitin pituus: 3
(10, 7)
(11, 7)
(12, 7)
(12, 8)
kaikki ok
Reitin pituus: 15
(10, 6)
(10, 7)
(9, 7)
(8, 7)
(7, 7)
(6, 7)
(6, 8)
(6, 9)
(5, 9)
(4, 9)
(4, 10)
(4, 11)
(4, 12)
(4, 13)
(3, 13)
(2, 13)
kaikki ok
Reitin pituus: 23
(1, 14)
(1, 13)
(2, 13)
(3, 13)
(4, 13)
(4, 12)
(4, 11)
(4, 10)
(4, 9)
(4, 8)
(4, 7)
(4, 6)
(4, 5)
(4, 4)
(4, 3)
(5, 3)
(6, 3)
(7, 3)
(8, 3)
(9, 3)
(10, 3)
(10, 2)
(10, 1)
(11, 1)
kaikki ok
Reitin pituus: 21
(11, 1)
(10, 1)
(10, 2)
(10, 3)
(9, 3)
(8, 3)
(7, 3)
(6, 3)
(5, 3)
(4, 3)
(4, 4)
(4, 5)
(4, 6)
(4, 7)
(4, 8)
(4, 9)
(4, 10)
(4, 11)
(4, 12)
(4, 13)
(4, 14)
(4, 15)
kaikki ok
Reitin pituus: 13
(10, 14)
(10, 15)
(9, 15)
(8, 15)
(8, 14)
(8, 13)
(7, 13)
(6, 13)
(6, 12)
(6, 11)
(6, 10)
(6, 9)
(6, 8)
(6, 7)
kaikki ok
Reitin pituus: 23
(14, 17)
(14, 16)
(14, 15)
(14, 14)
(14, 13)
(14, 12)
(14, 11)
(14, 10)
(14, 9)
(14, 8)
(14, 7)
(14, 6)
(14, 5)
(14, 4)
(14, 3)
(13, 3)
(12, 3)
(11, 3)
(10, 3)
(9, 3)
(8, 3)
(8, 2)
(8, 1)
(7, 1)
kaikki ok
Reitin pituus: 14
(11, 1)
(10, 1)
(10, 2)
(10, 3)
(9, 3)
(8, 3)
(7, 3)
(6, 3)
(6, 4)
(6, 5)
(7, 5)
(8, 5)
(8, 6)
(8, 7)
(7, 7)
kaikki ok
Reitin pituus: 10
(7, 7)
(8, 7)
(9, 7)
(10, 7)
(11, 7)
(12, 7)
(12, 8)
(12, 9)
(12, 10)
(12, 11)
(12, 12)
kaikki ok
Reitin pituus: 10
(16, 19)
(17, 19)
(17, 18)
(17, 17)
(16, 17)
(16, 16)
(16, 15)
(17, 15)
(17, 14)
(17, 13)
(16, 13)
kaikki ok
Reitin pituus: 3
(10, 5)
(10, 6)
(10, 7)
(11, 7)
kaikki ok
Reitin pituus: 16
(2, 3)
(3, 3)
(4, 3)
(5, 3)
(6, 3)
(7, 3)
(8, 3)
(9, 3)
(10, 3)
(11, 3)
(12, 3)
(13, 3)
(14, 3)
(14, 2)
(14, 1)
(15, 1)
(16, 1)
kaikki ok
Reitin pituus: 17
(4, 4)
(4, 5)
(4, 6)
(4, 7)
(4, 8)
(4, 9)
(5, 9)
(6, 9)
(6, 10)
(6, 11)
(6, 12)
(6, 13)
(7, 13)
(8, 13)
(8, 14)
(8, 15)
(9, 15)
(10, 15)
kaikki ok
Reitin pituus: 11
(6, 9)
(5, 9)
(4, 9)
(4, 8)
(4, 7)
(4, 6)
(4, 5)
(4, 4)
(4, 3)
(4, 2)
(4, 1)
(3, 1)
kaikki ok
Reitin pituus: 20
(6, 4)
(6, 5)
(7, 5)
(8, 5)
(8, 6)
(8, 7)
(9, 7)
(10, 7)
(11, 7)
(12, 7)
(12, 8)
(12, 9)
(13, 9)
(14, 9)
(14, 10)
(14, 11)
(14, 12)
(14, 13)
(14, 14)
(14, 15)
(13, 15)
kaikki ok
Reitin pituus: 9
(7, 17)
(8, 17)
(8, 18)
(8, 19)
(9, 19)
(10, 19)
(10, 18)
(10, 17)
(11, 17)
(12, 17)
kaikki ok
Reitin pituus: 7
(4, 13)
(4, 12)
(4, 11)
(4, 10)
(4, 9)
(4, 8)
(4, 7)
(4, 6)
kaikki ok
Reitin pituus: 7
(4, 15)
(4, 14)
(4, 13)
(5, 13)
(6, 13)
(6, 12)
(6, 11)
(7, 11)
kaikki ok
Reitin pituus: 21
(1, 17)
(2, 17)
(3, 17)
(4, 17)
(4, 16)
(4, 15)
(4, 14)
(4, 13)
(5, 13)
(6, 13)
(6, 12)
(6, 11)
(6, 10)
(6, 9)
(6, 8)
(6, 7)
(7, 7)
(8, 7)
(9, 7)
(9, 8)
(9, 9)
(8, 9)
kaikki ok
Reitin pituus: 4
(10, 18)
(10, 17)
(11, 17)
(12, 17)
(12, 16)
kaikki ok
Reitin pituus: 23
(17, 14)
(17, 13)
(16, 13)
(15, 13)
(14, 13)
(14, 12)
(14, 11)
(14, 10)
(14, 9)
(14, 8)
(14, 7)
(14, 6)
(14, 5)
(14, 4)
(14, 3)
(13, 3)
(12, 3)
(11, 3)
(10, 3)
(9, 3)
(8, 3)
(7, 3)
(6, 3)
(5, 3)
kaikki ok
Reitin pituus: 10
(3, 19)
(4, 19)
(5, 19)
(6, 19)
(7, 19)
(8, 19)
(9, 19)
(10, 19)
(11, 19)
(12, 19)
(13, 19)
kaikki ok
Reitin pituus: 0
(15, 19)
kaikki ok
Reitin pituus: 18
(2, 17)
(3, 17)
(4, 17)
(4, 16)
(4, 15)
(4, 14)
(4, 13)
(4, 12)
(4, 11)
(4, 10)
(4, 9)
(5, 9)
(6, 9)
(6, 8)
(6, 7)
(7, 7)
(8, 7)
(8, 6)
(8, 5)
kaikki ok
Reitin pituus: 18
(4, 17)
(4, 16)
(4, 15)
(5, 15)
(6, 15)
(6, 16)
(6, 17)
(7, 17)
(8, 17)
(8, 18)
(8, 19)
(9, 19)
(10, 19)
(11, 19)
(12, 19)
(13, 19)
(14, 19)
(15, 19)
(16, 19)
kaikki ok
Reitin pituus: 14
(14, 17)
(14, 16)
(14, 15)
(13, 15)
(12, 15)
(12, 16)
(12, 17)
(11, 17)
(10, 17)
(10, 18)
(10, 19)
(9, 19)
(8, 19)
(7, 19)
(6, 19)
kaikki ok
Reitin pituus: 19
(17, 5)
(16, 5)
(15, 5)
(14, 5)
(14, 6)
(14, 7)
(14, 8)
(14, 9)
(13, 9)
(12, 9)
(12, 10)
(12, 11)
(11, 11)
(10, 11)
(9, 11)
(8, 11)
(7, 11)
(6, 11)
(6, 10)
(6, 9)
kaikki ok
Reitin pituus: 17
(4, 7)
(4, 8)
(4, 9)
(5, 9)
(6, 9)
(6, 8)
(6, 7)
(7, 7)
(8, 7)
(9, 7)
(10, 7)
(11, 7)
(12, 7)
(12, 8)
(12, 9)
(13, 9)
(14, 9)
(14, 8)
kaikki ok
Reitin pituus: 0
(1, 2)
kaikki ok
Reitin pituus: 7
(4, 13)
(4, 14)
(4, 15)
(5, 15)
(6, 15)
(7, 15)
(8, 15)
(9, 15)
kaikki ok
Reitin pituus: 12
(3, 19)
(4, 19)
(5, 19)
(6, 19)
(7, 19)
(8, 19)
(9, 19)
(10, 19)
(10, 18)
(10, 17)
(11, 17)
(12, 17)
(12, 16)
kaikki ok
Reitin pituus: 13
(8, 7)
(7, 7)
(6, 7)
(6, 8)
(6, 9)
(5, 9)
(4, 9)
(4, 10)
(4, 11)
(4, 12)
(4, 13)
(4, 14)
(4, 15)
(4, 16)
kaikki ok
Reitin pituus: 10
(8, 19)
(9, 19)
(10, 19)
(11, 19)
(12, 19)
(13, 19)
(14, 19)
(15, 19)
(16, 19)
(17, 19)
(17, 18)
kaikki ok
Reitin pituus: 5
(15, 3)
(16, 3)
(17, 3)
(17, 2)
(17, 1)
(16, 1)
kaikki ok
Reitin pituus: 9
(10, 2)
(10, 3)
(11, 3)
(12, 3)
(13, 3)
(14, 3)
(15, 3)
(16, 3)
(17, 3)
(17, 4)
kaikki ok
Reitin pituus: 20
(4, 17)
(4, 16)
(4, 15)
(4, 14)
(4, 13)
(4, 12)
(4, 11)
(4, 10)
(4, 9)
(4, 8)
(4, 7)
(4, 6)
(4, 5)
(4, 4)
(4, 3)
(4, 2)
(4, 1)
(5, 1)
(6, 1)
(7, 1)
(8, 1)
kaikki ok
Reitin pituus: 9
(10, 6)
(10, 5)
(11, 5)
(12, 5)
(12, 4)
(12, 3)
(11, 3)
(10, 3)
(10, 2)
(10, 1)
kaikki ok
Reitin pituus: 5
(3, 17)
(2, 17)
(2, 16)
(2, 15)
(1, 15)
(1, 14)
kaikki ok
Reitin pituus: 5
(3, 3)
(4, 3)
(4, 2)
(4, 1)
(5, 1)
(6, 1)
kaikki ok
Reitin pituus: 3
(5, 19)
(4, 19)
(3, 19)
(2, 19)
kaikki ok
Reitin pituus: 19
(1, 2)
(1, 3)
(2, 3)
(3, 3)
(4, 3)
(5, 3)
(6, 3)
(6, 4)
(6, 5)
(7, 5)
(8, 5)
(8, 6)
(8, 7)
(9, 7)
(10, 7)
(11, 7)
(12, 7)
(12, 8)
(12, 9)
(12, 10)
kaikki ok
Reitin pituus: 7
(17, 14)
(17, 13)
(16, 13)
(15, 13)
(14, 13)
(14, 12)
(14, 11)
(14, 10)
kaikki ok
Reitin pituus: 18
(13, 15)
(14, 15)
(14, 14)
(14, 13)
(14, 12)
(14, 11)
(14, 10)
(14, 9)
(14, 8)
(14, 7)
(14, 6)
(14, 5)
(14, 4)
(14, 3)
(13, 3)
(12, 3)
(11, 3)
(10, 3)
(9, 3)
kaikki ok
Reitin pituus: 26
(17, 1)
(17, 2)
(17, 3)
(17, 4)
(17, 5)
(16, 5)
(15, 5)
(14, 5)
(14, 6)
(14, 7)
(14, 8)
(14, 9)
(14, 10)
(14, 11)
(14, 12)
(14, 13)
(14, 14)
(14, 15)
(13, 15)
(12, 15)
(12, 16)
(12, 17)
(11, 17)
(10, 17)
(10, 18)
(10, 19)
(9, 19)
kaikki ok
Reitin pituus: 12
(12, 9)
(12, 10)
(12, 11)
(11, 11)
(10, 11)
(9, 11)
(8, 11)
(7, 11)
(6, 11)
(6, 12)
(6, 13)
(5, 13)
(4, 13)
kaikki ok
Reitin pituus: 11
(10, 11)
(11, 11)
(12, 11)
(12, 10)
(12, 9)
(12, 8)
(12, 7)
(11, 7)
(10, 7)
(10, 6)
(10, 5)
(11, 5)
kaikki ok
Reitin pituus: 15
(6, 10)
(6, 11)
(6, 12)
(6, 13)
(5, 13)
(4, 13)
(4, 14)
(4, 15)
(4, 16)
(4, 17)
(3, 17)
(2, 17)
(1, 17)
(1, 18)
(1, 19)
(2, 19)
kaikki ok
Reitin pituus: 17
(14, 3)
(14, 4)
(14, 5)
(14, 6)
(14, 7)
(14, 8)
(14, 9)
(14, 10)
(14, 11)
(14, 12)
(14, 13)
(15, 13)
(16, 13)
(17, 13)
(17, 14)
(17, 15)
(16, 15)
(16, 16)
kaikki ok
Reitin pituus: 12
(17, 3)
(16, 3)
(15, 3)
(14, 3)
(14, 4)
(14, 5)
(14, 6)
(14, 7)
(14, 8)
(14, 9)
(13, 9)
(12, 9)
(12, 10)
kaikki ok
Reitin pituus: 15
(14, 7)
(14, 6)
(14, 5)
(14, 4)
(14, 3)
(13, 3)
(12, 3)
(11, 3)
(10, 3)
(9, 3)
(8, 3)
(7, 3)
(6, 3)
(5, 3)
(4, 3)
(4, 2)
kaikki ok
Reitin pituus: 17
(17, 13)
(16, 13)
(15, 13)
(14, 13)
(13, 13)
(12, 13)
(12, 12)
(12, 11)
(11, 11)
(10, 11)
(9, 11)
(8, 11)
(7, 11)
(6, 11)
(6, 12)
(6, 13)
(5, 13)
(4, 13)
kaikki ok
Reitin pituus: 19
(4, 2)
(4, 3)
(4, 4)
(4, 5)
(4, 6)
(4, 7)
(4, 8)
(4, 9)
(5, 9)
(6, 9)
(6, 10)
(6, 11)
(6, 12)
(6, 13)
(7, 13)
(8, 13)
(8, 14)
(8, 15)
(9, 15)
(10, 15)
kaikki ok
Reitin pituus: 17
(16, 5)
(15, 5)
(14, 5)
(14, 6)
(14, 7)
(14, 8)
(14, 9)
(14, 10)
(14, 11)
(14, 12)
(14, 13)
(14, 14)
(14, 15)
(14, 16)
(14, 17)
(15, 17)
(16, 17)
(17, 17)
kaikki ok
Reitin pituus: 17
(17, 5)
(16, 5)
(15, 5)
(14, 5)
(14, 6)
(14, 7)
(14, 8)
(14, 9)
(14, 10)
(14, 11)
(14, 12)
(14, 13)
(14, 14)
(14, 15)
(14, 16)
(14, 17)
(15, 17)
(16, 17)
kaikki ok
Reitin pituus: 16
(3, 17)
(4, 17)
(4, 16)
(4, 15)
(4, 14)
(4, 13)
(4, 12)
(4, 11)
(4, 10)
(4, 9)
(5, 9)
(6, 9)
(6, 8)
(6, 7)
(7, 7)
(8, 7)
(9, 7)
kaikki ok
Reitin pituus: 22
(14, 3)
(13, 3)
(12, 3)
(12, 4)
(12, 5)
(11, 5)
(10, 5)
(10, 6)
(10, 7)
(9, 7)
(8, 7)
(7, 7)
(6, 7)
(6, 8)
(6, 9)
(6, 10)
(6, 11)
(6, 12)
(6, 13)
(5, 13)
(4, 13)
(3, 13)
(2, 13)
kaikki ok
Reitin pituus: 19
(11, 13)
(12, 13)
(12, 12)
(12, 11)
(12, 10)
(12, 9)
(12, 8)
(12, 7)
(11, 7)
(10, 7)
(9, 7)
(8, 7)
(8, 6)
(8, 5)
(7, 5)
(6, 5)
(6, 4)
(6, 3)
(7, 3)
(8, 3)
kaikki ok
Reitin pituus: 17
(10, 18)
(10, 17)
(11, 17)
(12, 17)
(12, 16)
(12, 15)
(11, 15)
(10, 15)
(10, 14)
(10, 13)
(11, 13)
(12, 13)
(12, 12)
(12, 11)
(12, 10)
(12, 9)
(12, 8)
(12, 7)
kaikki ok
Reitin pituus: 18
(15, 1)
(14, 1)
(14, 2)
(14, 3)
(14, 4)
(14, 5)
(14, 6)
(14, 7)
(14, 8)
(14, 9)
(14, 10)
(14, 11)
(14, 12)
(14, 13)
(15, 13)
(16, 13)
(17, 13)
(17, 14)
(17, 15)
kaikki ok
Reitin pituus: 2
(12, 7)
(12, 8)
(12, 9)
kaikki ok
Reitin pituus: 20
(13, 1)
(12, 1)
(11, 1)
(10, 1)
(10, 2)
(10, 3)
(9, 3)
(8, 3)
(7, 3)
(6, 3)
(5, 3)
(4, 3)
(4, 4)
(4, 5)
(4, 6)
(4, 7)
(4, 8)
(4, 9)
(4, 10)
(4, 11)
(4, 12)
kaikki ok
Reitin pituus: 11
(2, 1)
(3, 1)
(4, 1)
(5, 1)
(6, 1)
(7, 1)
(8, 1)
(8, 2)
(8, 3)
(9, 3)
(10, 3)
(11, 3)
kaikki ok
Reitin pituus: 12
(9, 9)
(9, 8)
(9, 7)
(10, 7)
(11, 7)
(12, 7)
(12, 8)
(12, 9)
(12, 10)
(12, 11)
(12, 12)
(12, 13)
(11, 13)
kaikki ok
Reitin pituus: 23
(12, 7)
(12, 8)
(12, 9)
(12, 10)
(12, 11)
(12, 12)
(12, 13)
(11, 13)
(10, 13)
(10, 14)
(10, 15)
(9, 15)
(8, 15)
(7, 15)
(6, 15)
(5, 15)
(4, 15)
(4, 16)
(4, 17)
(3, 17)
(2, 17)
(1, 17)
(1, 18)
(1, 19)
kaikki ok
Reitin pituus: 8
(12, 16)
(12, 17)
(11, 17)
(10, 17)
(10, 18)
(10, 19)
(9, 19)
(8, 19)
(8, 18)
kaikki ok
Reitin pituus: 6
(13, 19)
(12, 19)
(11, 19)
(10, 19)
(9, 19)
(8, 19)
(8, 18)
kaikki ok
Reitin pituus: 21
(10, 19)
(10, 18)
(10, 17)
(11, 17)
(12, 17)
(12, 16)
(12, 15)
(13, 15)
(14, 15)
(14, 14)
(14, 13)
(14, 12)
(14, 11)
(14, 10)
(14, 9)
(14, 8)
(14, 7)
(14, 6)
(14, 5)
(15, 5)
(16, 5)
(17, 5)
kaikki ok
Reitin pituus: 17
(3, 5)
(4, 5)
(4, 6)
(4, 7)
(4, 8)
(4, 9)
(5, 9)
(6, 9)
(6, 10)
(6, 11)
(7, 11)
(8, 11)
(9, 11)
(10, 11)
(11, 11)
(12, 11)
(12, 12)
(12, 13)
kaikki ok
Reitin pituus: 13
(10, 13)
(10, 14)
(10, 15)
(9, 15)
(8, 15)
(7, 15)
(6, 15)
(5, 15)
(4, 15)
(4, 16)
(4, 17)
(3, 17)
(2, 17)
(2, 16)
kaikki ok
Reitin pituus: 16
(14, 7)
(14, 8)
(14, 9)
(13, 9)
(12, 9)
(12, 10)
(12, 11)
(12, 12)
(12, 13)
(11, 13)
(10, 13)
(10, 14)
(10, 15)
(9, 15)
(8, 15)
(7, 15)
(6, 15)
kaikki ok
Reitin pituus: 10
(8, 18)
(8, 17)
(7, 17)
(6, 17)
(6, 16)
(6, 15)
(7, 15)
(8, 15)
(8, 14)
(8, 13)
(7, 13)
kaikki ok
Reitin pituus: 9
(6, 11)
(6, 12)
(6, 13)
(5, 13)
(4, 13)
(4, 14)
(4, 15)
(4, 16)
(4, 17)
(3, 17)
kaikki ok
Reitin pituus: 15
(6, 11)
(6, 10)
(6, 9)
(5, 9)
(4, 9)
(4, 8)
(4, 7)
(4, 6)
(4, 5)
(3, 5)
(2, 5)
(1, 5)
(1, 4)
(1, 3)
(1, 2)
(1, 1)
kaikki ok
Reitin pituus: 19
(8, 17)
(7, 17)
(6, 17)
(6, 16)
(6, 15)
(5, 15)
(4, 15)
(4, 14)
(4, 13)
(4, 12)
(4, 11)
(4, 10)
(4, 9)
(4, 8)
(4, 7)
(4, 6)
(4, 5)
(4, 4)
(4, 3)
(4, 2)
kaikki ok
Reitin pituus: 9
(17, 1)
(17, 2)
(17, 3)
(17, 4)
(17, 5)
(16, 5)
(15, 5)
(14, 5)
(14, 6)
(14, 7)
kaikki ok
Reitin pituus: 4
(12, 16)
(12, 15)
(13, 15)
(14, 15)
(14, 14)
kaikki ok
Reitin pituus: 11
(12, 19)
(13, 19)
(14, 19)
(15, 19)
(16, 19)
(17, 19)
(17, 18)
(17, 17)
(16, 17)
(15, 17)
(14, 17)
(14, 16)
kaikki ok
Reitin pituus: 19
(9, 8)
(9, 7)
(10, 7)
(11, 7)
(12, 7)
(12, 8)
(12, 9)
(13, 9)
(14, 9)
(14, 10)
(14, 11)
(14, 12)
(14, 13)
(15, 13)
(16, 13)
(17, 13)
(17, 14)
(17, 15)
(16, 15)
(16, 16)
kaikki ok
Reitin pituus: 5
(10, 6)
(10, 7)
(11, 7)
(12, 7)
(12, 8)
(12, 9)
kaikki ok
Reitin pituus: 5
(12, 5)
(12, 4)
(12, 3)
(13, 3)
(14, 3)
(14, 2)
kaikki ok
Reitin pituus: 26
(4, 1)
(4, 2)
(4, 3)
(5, 3)
(6, 3)
(6, 4)
(6, 5)
(7, 5)
(8, 5)
(8, 6)
(8, 7)
(9, 7)
(10, 7)
(11, 7)
(12, 7)
(12, 8)
(12, 9)
(12, 10)
(12, 11)
(12, 12)
(12, 13)
(13, 13)
(14, 13)
(15, 13)
(16, 13)
(17, 13)
(17, 14)
kaikki ok
Reitin pituus: 21
(3, 19)
(2, 19)
(1, 19)
(1, 18)
(1, 17)
(2, 17)
(3, 17)
(4, 17)
(4, 16)
(4, 15)
(4, 14)
(4, 13)
(4, 12)
(4, 11)
(4, 10)
(4, 9)
(4, 8)
(4, 7)
(4, 6)
(4, 5)
(4, 4)
(4, 3)
kaikki ok
Reitin pituus: 7
(13, 15)
(12, 15)
(12, 16)
(12, 17)
(11, 17)
(10, 17)
(10, 18)
(10, 19)
kaikki ok
Reitin pituus: 17
(11, 5)
(10, 5)
(10, 6)
(10, 7)
(9, 7)
(8, 7)
(7, 7)
(6, 7)
(6, 8)
(6, 9)
(5, 9)
(4, 9)
(4, 10)
(4, 11)
(4, 12)
(4, 13)
(3, 13)
(2, 13)
kaikki ok
Reitin pituus: 15
(7, 15)
(6, 15)
(5, 15)
(4, 15)
(4, 14)
(4, 13)
(4, 12)
(4, 11)
(4, 10)
(4, 9)
(4, 8)
(4, 7)
(4, 6)
(4, 5)
(4, 4)
(4, 3)
kaikki ok
Reitin pituus: 17
(7, 1)
(6, 1)
(5, 1)
(4, 1)
(4, 2)
(4, 3)
(4, 4)
(4, 5)
(4, 6)
(4, 7)
(4, 8)
(4, 9)
(5, 9)
(6, 9)
(6, 10)
(6, 11)
(7, 11)
(8, 11)
kaikki ok
Reitin pituus: 23
(3, 5)
(4, 5)
(4, 6)
(4, 7)
(4, 8)
(4, 9)
(4, 10)
(4, 11)
(4, 12)
(4, 13)
(4, 14)
(4, 15)
(5, 15)
(6, 15)
(6, 16)
(6, 17)
(7, 17)
(8, 17)
(8, 18)
(8, 19)
(9, 19)
(10, 19)
(10, 18)
(10, 17)
kaikki ok
Reitin pituus: 6
(12, 9)
(12, 8)
(12, 7)
(11, 7)
(10, 7)
(9, 7)
(9, 8)
kaikki ok
Reitin pituus: 15
(14, 13)
(14, 12)
(14, 11)
(14, 10)
(14, 9)
(14, 8)
(14, 7)
(14, 6)
(14, 5)
(14, 4)
(14, 3)
(15, 3)
(16, 3)
(17, 3)
(17, 2)
(17, 1)
kaikki ok
Reitin pituus: 21
(14, 14)
(14, 13)
(13, 13)
(12, 13)
(12, 12)
(12, 11)
(11, 11)
(10, 11)
(9, 11)
(8, 11)
(7, 11)
(6, 11)
(6, 10)
(6, 9)
(5, 9)
(4, 9)
(4, 8)
(4, 7)
(4, 6)
(4, 5)
(4, 4)
(4, 3)
kaikki ok
Reitin pituus: 21
(15, 3)
(14, 3)
(14, 4)
(14, 5)
(14, 6)
(14, 7)
(14, 8)
(14, 9)
(14, 10)
(14, 11)
(14, 12)
(14, 13)
(14, 14)
(14, 15)
(14, 16)
(14, 17)
(15, 17)
(16, 17)
(17, 17)
(17, 18)
(17, 19)
(16, 19)
kaikki ok
Reitin pituus: 15
(16, 16)
(16, 17)
(15, 17)
(14, 17)
(14, 16)
(14, 15)
(14, 14)
(14, 13)
(13, 13)
(12, 13)
(12, 12)
(12, 11)
(11, 11)
(10, 11)
(9, 11)
(8, 11)
kaikki ok
Reitin pituus: 22
(7, 5)
(8, 5)
(8, 6)
(8, 7)
(9, 7)
(10, 7)
(11, 7)
(12, 7)
(12, 8)
(12, 9)
(12, 10)
(12, 11)
(12, 12)
(12, 13)
(13, 13)
(14, 13)
(14, 14)
(14, 15)
(14, 16)
(14, 17)
(15, 17)
(16, 17)
(16, 16)
kaikki ok
Reitin pituus: 2
(4, 11)
(4, 12)
(4, 13)
kaikki ok
Reitin pituus: 18
(16, 15)
(17, 15)
(17, 14)
(17, 13)
(16, 13)
(15, 13)
(14, 13)
(14, 12)
(14, 11)
(14, 10)
(14, 9)
(14, 8)
(14, 7)
(14, 6)
(14, 5)
(14, 4)
(14, 3)
(15, 3)
(16, 3)
kaikki ok
Reitin pituus: 20
(17, 17)
(16, 17)
(15, 17)
(14, 17)
(14, 16)
(14, 15)
(14, 14)
(14, 13)
(13, 13)
(12, 13)
(12, 12)
(12, 11)
(12, 10)
(12, 9)
(12, 8)
(12, 7)
(11, 7)
(10, 7)
(10, 6)
(10, 5)
(11, 5)
kaikki ok
Reitin pituus: 9
(10, 7)
(9, 7)
(8, 7)
(8, 6)
(8, 5)
(7, 5)
(6, 5)
(6, 4)
(6, 3)
(5, 3)
kaikki ok
Reitin pituus: 18
(17, 3)
(16, 3)
(15, 3)
(14, 3)
(13, 3)
(12, 3)
(11, 3)
(10, 3)
(9, 3)
(8, 3)
(7, 3)
(6, 3)
(5, 3)
(4, 3)
(4, 4)
(4, 5)
(4, 6)
(4, 7)
(4, 8)
kaikki ok
Reitin pituus: 19
(6, 9)
(6, 10)
(6, 11)
(7, 11)
(8, 11)
(9, 11)
(10, 11)
(11, 11)
(12, 11)
(12, 12)
(12, 13)
(13, 13)
(14, 13)
(15, 13)
(16, 13)
(17, 13)
(17, 14)
(17, 15)
(16, 15)
(16, 16)
kaikki ok
Reitin pituus: 7
(10, 15)
(9, 15)
(8, 15)
(8, 14)
(8, 13)
(7, 13)
(6, 13)
(6, 12)
kaikki ok
Reitin pituus: 19
(15, 19)
(14, 19)
(13, 19)
(12, 19)
(11, 19)
(10, 19)
(9, 19)
(8, 19)
(8, 18)
(8, 17)
(7, 17)
(6, 17)
(6, 16)
(6, 15)
(5, 15)
(4, 15)
(4, 14)
(4, 13)
(3, 13)
(2, 13)
kaikki ok
Reitin pituus: 3
(9, 3)
(10, 3)
(11, 3)
(12, 3)
kaikki ok
Reitin pituus: 20
(16, 5)
(15, 5)
(14, 5)
(14, 6)
(14, 7)
(14, 8)
(14, 9)
(13, 9)
(12, 9)
(12, 10)
(12, 11)
(12, 12)
(12, 13)
(11, 13)
(10, 13)
(10, 14)
(10, 15)
(9, 15)
(8, 15)
(8, 14)
(8, 13)
kaikki ok
Reitin pituus: 15
(6, 8)
(6, 9)
(5, 9)
(4, 9)
(4, 10)
(4, 11)
(4, 12)
(4, 13)
(4, 14)
(4, 15)
(4, 16)
(4, 17)
(3, 17)
(2, 17)
(1, 17)
(1, 18)
kaikki ok
Reitin pituus: 21
(13, 15)
(14, 15)
(14, 14)
(14, 13)
(14, 12)
(14, 11)
(14, 10)
(14, 9)
(14, 8)
(14, 7)
(14, 6)
(14, 5)
(14, 4)
(14, 3)
(13, 3)
(12, 3)
(11, 3)
(10, 3)
(9, 3)
(8, 3)
(8, 2)
(8, 1)
kaikki ok
Reitin pituus: 7
(8, 11)
(7, 11)
(6, 11)
(6, 12)
(6, 13)
(5, 13)
(4, 13)
(3, 13)
kaikki ok
Reitin pituus: 24
(7, 3)
(8, 3)
(9, 3)
(10, 3)
(11, 3)
(12, 3)
(13, 3)
(14, 3)
(14, 4)
(14, 5)
(14, 6)
(14, 7)
(14, 8)
(14, 9)
(14, 10)
(14, 11)
(14, 12)
(14, 13)
(14, 14)
(14, 15)
(14, 16)
(14, 17)
(15, 17)
(16, 17)
(17, 17)
kaikki ok
Reitin pituus: 7
(12, 15)
(13, 15)
(14, 15)
(14, 16)
(14, 17)
(15, 17)
(16, 17)
(16, 16)
kaikki ok
Reitin pituus: 25
(16, 19)
(17, 19)
(17, 18)
(17, 17)
(16, 17)
(15, 17)
(14, 17)
(14, 16)
(14, 15)
(14, 14)
(14, 13)
(14, 12)
(14, 11)
(14, 10)
(14, 9)
(14, 8)
(14, 7)
(14, 6)
(14, 5)
(14, 4)
(14, 3)
(13, 3)
(12, 3)
(11, 3)
(10, 3)
(10, 2)
kaikki ok
Reitin pituus: 10
(4, 19)
(3, 19)
(2, 19)
(1, 19)
(1, 18)
(1, 17)
(2, 17)
(2, 16)
(2, 15)
(1, 15)
(1, 14)
kaikki ok
Reitin pituus: 25
(15, 5)
(14, 5)
(14, 6)
(14, 7)
(14, 8)
(14, 9)
(14, 10)
(14, 11)
(14, 12)
(14, 13)
(14, 14)
(14, 15)
(13, 15)
(12, 15)
(12, 16)
(12, 17)
(11, 17)
(10, 17)
(10, 18)
(10, 19)
(9, 19)
(8, 19)
(7, 19)
(6, 19)
(5, 19)
(4, 19)
kaikki ok
Reitin pituus: 14
(2, 5)
(3, 5)
(4, 5)
(4, 4)
(4, 3)
(5, 3)
(6, 3)
(7, 3)
(8, 3)
(9, 3)
(10, 3)
(11, 3)
(12, 3)
(13, 3)
(14, 3)
kaikki ok
Reitin pituus: 14
(16, 3)
(15, 3)
(14, 3)
(13, 3)
(12, 3)
(12, 4)
(12, 5)
(11, 5)
(10, 5)
(10, 6)
(10, 7)
(9, 7)
(9, 8)
(9, 9)
(10, 9)
kaikki ok
Reitin pituus: 10
(11, 11)
(10, 11)
(9, 11)
(8, 11)
(7, 11)
(6, 11)
(6, 10)
(6, 9)
(5, 9)
(4, 9)
(4, 8)
kaikki ok
Reitin pituus: 29
(1, 18)
(1, 17)
(2, 17)
(3, 17)
(4, 17)
(4, 16)
(4, 15)
(4, 14)
(4, 13)
(4, 12)
(4, 11)
(4, 10)
(4, 9)
(4, 8)
(4, 7)
(4, 6)
(4, 5)
(4, 4)
(4, 3)
(5, 3)
(6, 3)
(7, 3)
(8, 3)
(9, 3)
(10, 3)
(11, 3)
(12, 3)
(13, 3)
(14, 3)
(14, 2)
kaikki ok
Reitin pituus: 26
(16, 3)
(15, 3)
(14, 3)
(13, 3)
(12, 3)
(12, 4)
(12, 5)
(11, 5)
(10, 5)
(10, 6)
(10, 7)
(9, 7)
(8, 7)
(7, 7)
(6, 7)
(6, 8)
(6, 9)
(5, 9)
(4, 9)
(4, 10)
(4, 11)
(4, 12)
(4, 13)
(4, 14)
(4, 15)
(4, 16)
(4, 17)
kaikki ok
Reitin pituus: 11
(10, 15)
(9, 15)
(8, 15)
(7, 15)
(6, 15)
(5, 15)
(4, 15)
(4, 14)
(4, 13)
(3, 13)
(2, 13)
(1, 13)
kaikki ok
Reitin pituus: 6
(6, 11)
(6, 12)
(6, 13)
(5, 13)
(4, 13)
(4, 14)
(4, 15)
kaikki ok
Reitin pituus: 18
(12, 12)
(12, 13)
(11, 13)
(10, 13)
(10, 14)
(10, 15)
(9, 15)
(8, 15)
(7, 15)
(6, 15)
(6, 16)
(6, 17)
(7, 17)
(8, 17)
(8, 18)
(8, 19)
(7, 19)
(6, 19)
(5, 19)
kaikki ok
Reitin pituus: 14
(10, 19)
(10, 18)
(10, 17)
(11, 17)
(12, 17)
(12, 16)
(12, 15)
(13, 15)
(14, 15)
(14, 14)
(14, 13)
(14, 12)
(14, 11)
(14, 10)
(14, 9)
kaikki ok
Reitin pituus: 17
(10, 5)
(10, 6)
(10, 7)
(9, 7)
(8, 7)
(7, 7)
(6, 7)
(6, 8)
(6, 9)
(6, 10)
(6, 11)
(6, 12)
(6, 13)
(5, 13)
(4, 13)
(3, 13)
(2, 13)
(1, 13)
kaikki ok
Reitin pituus: 3
(9, 3)
(8, 3)
(7, 3)
(6, 3)
kaikki ok
Reitin pituus: 14
(5, 3)
(4, 3)
(4, 4)
(4, 5)
(4, 6)
(4, 7)
(4, 8)
(4, 9)
(4, 10)
(4, 11)
(4, 12)
(4, 13)
(3, 13)
(2, 13)
(1, 13)
kaikki ok
Reitin pituus: 12
(10, 6)
(10, 7)
(9, 7)
(8, 7)
(8, 6)
(8, 5)
(7, 5)
(6, 5)
(6, 4)
(6, 3)
(5, 3)
(4, 3)
(4, 2)
kaikki ok
Reitin pituus: 24
(12, 5)
(11, 5)
(10, 5)
(10, 6)
(10, 7)
(9, 7)
(8, 7)
(7, 7)
(6, 7)
(6, 8)
(6, 9)
(6, 10)
(6, 11)
(6, 12)
(6, 13)
(5, 13)
(4, 13)
(4, 14)
(4, 15)
(4, 16)
(4, 17)
(3, 17)
(2, 17)
(1, 17)
(1, 18)
kaikki ok
Reitin pituus: 11
(14, 12)
(14, 13)
(13, 13)
(12, 13)
(11, 13)
(10, 13)
(10, 14)
(10, 15)
(9, 15)
(8, 15)
(7, 15)
(6, 15)
kaikki ok
Reitin pituus: 0
(4, 19)
kaikki ok
Reitin pituus: 22
(7, 5)
(8, 5)
(8, 6)
(8, 7)
(7, 7)
(6, 7)
(6, 8)
(6, 9)
(5, 9)
(4, 9)
(4, 10)
(4, 11)
(4, 12)
(4, 13)
(4, 14)
(4, 15)
(4, 16)
(4, 17)
(3, 17)
(2, 17)
(1, 17)
(1, 18)
(1, 19)
kaikki ok
Reitin pituus: 14
(14, 2)
(14, 3)
(13, 3)
(12, 3)
(11, 3)
(10, 3)
(9, 3)
(8, 3)
(7, 3)
(6, 3)
(5, 3)
(4, 3)
(3, 3)
(2, 3)
(1, 3)
kaikki ok
Reitin pituus: 11
(1, 18)
(1, 17)
(2, 17)
(3, 17)
(4, 17)
(4, 16)
(4, 15)
(5, 15)
(6, 15)
(7, 15)
(8, 15)
(9, 15)
kaikki ok
Reitin pituus: 18
(14, 11)
(14, 10)
(14, 9)
(14, 8)
(14, 7)
(14, 6)
(14, 5)
(14, 4)
(14, 3)
(13, 3)
(12, 3)
(11, 3)
(10, 3)
(9, 3)
(8, 3)
(8, 2)
(8, 1)
(7, 1)
(6, 1)
kaikki ok
Reitin pituus: 6
(7, 3)
(8, 3)
(9, 3)
(10, 3)
(11, 3)
(12, 3)
(12, 4)
kaikki ok
Reitin pituus: 17
(7, 1)
(8, 1)
(8, 2)
(8, 3)
(9, 3)
(10, 3)
(11, 3)
(12, 3)
(12, 4)
(12, 5)
(11, 5)
(10, 5)
(10, 6)
(10, 7)
(11, 7)
(12, 7)
(12, 8)
(12, 9)
kaikki ok
Reitin pituus: 6
(14, 4)
(14, 3)
(14, 2)
(14, 1)
(13, 1)
(12, 1)
(11, 1)
kaikki ok
Reitin pituus: 20
(16, 13)
(15, 13)
(14, 13)
(14, 12)
(14, 11)
(14, 10)
(14, 9)
(14, 8)
(14, 7)
(14, 6)
(14, 5)
(14, 4)
(14, 3)
(13, 3)
(12, 3)
(11, 3)
(10, 3)
(9, 3)
(8, 3)
(8, 2)
(8, 1)
kaikki ok
Reitin pituus: 22
(8, 2)
(8, 3)
(7, 3)
(6, 3)
(6, 4)
(6, 5)
(7, 5)
(8, 5)
(8, 6)
(8, 7)
(9, 7)
(10, 7)
(11, 7)
(12, 7)
(12, 8)
(12, 9)
(12, 10)
(12, 11)
(12, 12)
(12, 13)
(11, 13)
(10, 13)
(10, 14)
kaikki ok
Reitin pituus: 16
(2, 3)
(3, 3)
(4, 3)
(4, 4)
(4, 5)
(4, 6)
(4, 7)
(4, 8)
(4, 9)
(5, 9)
(6, 9)
(6, 10)
(6, 11)
(6, 12)
(6, 13)
(7, 13)
(8, 13)
kaikki ok
Reitin pituus: 22
(12, 3)
(12, 4)
(12, 5)
(11, 5)
(10, 5)
(10, 6)
(10, 7)
(9, 7)
(8, 7)
(7, 7)
(6, 7)
(6, 8)
(6, 9)
(6, 10)
(6, 11)
(6, 12)
(6, 13)
(5, 13)
(4, 13)
(4, 14)
(4, 15)
(5, 15)
(6, 15)
kaikki ok
Reitin pituus: 21
(14, 19)
(15, 19)
(16, 19)
(17, 19)
(17, 18)
(17, 17)
(16, 17)
(15, 17)
(14, 17)
(14, 16)
(14, 15)
(14, 14)
(14, 13)
(14, 12)
(14, 11)
(14, 10)
(14, 9)
(14, 8)
(14, 7)
(14, 6)
(14, 5)
(15, 5)
kaikki ok
Reitin pituus: 25
(3, 5)
(4, 5)
(4, 6)
(4, 7)
(4, 8)
(4, 9)
(4, 10)
(4, 11)
(4, 12)
(4, 13)
(4, 14)
(4, 15)
(5, 15)
(6, 15)
(6, 16)
(6, 17)
(7, 17)
(8, 17)
(8, 18)
(8, 19)
(9, 19)
(10, 19)
(11, 19)
(12, 19)
(13, 19)
(14, 19)
kaikki ok
Reitin pituus: 6
(12, 13)
(13, 13)
(14, 13)
(14, 14)
(14, 15)
(14, 16)
(14, 17)
kaikki ok
Reitin pituus: 24
(6, 19)
(7, 19)
(8, 19)
(8, 18)
(8, 17)
(7, 17)
(6, 17)
(6, 16)
(6, 15)
(5, 15)
(4, 15)
(4, 14)
(4, 13)
(5, 13)
(6, 13)
(6, 12)
(6, 11)
(6, 10)
(6, 9)
(6, 8)
(6, 7)
(7, 7)
(8, 7)
(9, 7)
(9, 8)
kaikki ok
Reitin pituus: 20
(16, 16)
(16, 17)
(15, 17)
(14, 17)
(14, 16)
(14, 15)
(13, 15)
(12, 15)
(11, 15)
(10, 15)
(9, 15)
(8, 15)
(7, 15)
(6, 15)
(5, 15)
(4, 15)
(4, 16)
(4, 17)
(3, 17)
(2, 17)
(1, 17)
kaikki ok
Reitin pituus: 10
(15, 19)
(16, 19)
(17, 19)
(17, 18)
(17, 17)
(16, 17)
(16, 16)
(16, 15)
(17, 15)
(17, 14)
(17, 13)
kaikki ok
Reitin pituus: 10
(4, 7)
(4, 6)
(4, 5)
(4, 4)
(4, 3)
(5, 3)
(6, 3)
(7, 3)
(8, 3)
(8, 2)
(8, 1)
kaikki ok
Reitin pituus: 10
(14, 15)
(13, 15)
(12, 15)
(11, 15)
(10, 15)
(9, 15)
(8, 15)
(8, 14)
(8, 13)
(7, 13)
(6, 13)
kaikki ok
Reitin pituus: 13
(10, 15)
(10, 14)
(10, 13)
(11, 13)
(12, 13)
(12, 12)
(12, 11)
(12, 10)
(12, 9)
(13, 9)
(14, 9)
(14, 8)
(14, 7)
(14, 6)
kaikki ok
Reitin pituus: 11
(6, 5)
(6, 4)
(6, 3)
(7, 3)
(8, 3)
(9, 3)
(10, 3)
(11, 3)
(12, 3)
(13, 3)
(14, 3)
(14, 4)
kaikki ok
Reitin pituus: 10
(8, 6)
(8, 7)
(7, 7)
(6, 7)
(6, 8)
(6, 9)
(6, 10)
(6, 11)
(7, 11)
(8, 11)
(9, 11)
kaikki ok
Reitin pituus: 18
(7, 17)
(8, 17)
(8, 18)
(8, 19)
(9, 19)
(10, 19)
(11, 19)
(12, 19)
(13, 19)
(14, 19)
(15, 19)
(16, 19)
(17, 19)
(17, 18)
(17, 17)
(16, 17)
(16, 16)
(16, 15)
(17, 15)
kaikki ok
Reitin pituus: 14
(12, 10)
(12, 9)
(12, 8)
(12, 7)
(11, 7)
(10, 7)
(9, 7)
(8, 7)
(8, 6)
(8, 5)
(7, 5)
(6, 5)
(6, 4)
(6, 3)
(5, 3)
kaikki ok
Reitin pituus: 19
(1, 5)
(1, 4)
(1, 3)
(2, 3)
(3, 3)
(4, 3)
(5, 3)
(6, 3)
(7, 3)
(8, 3)
(9, 3)
(10, 3)
(10, 2)
(10, 1)
(11, 1)
(12, 1)
(13, 1)
(14, 1)
(15, 1)
(16, 1)
kaikki ok
Reitin pituus: 24
(17, 19)
(17, 18)
(17, 17)
(16, 17)
(15, 17)
(14, 17)
(14, 16)
(14, 15)
(13, 15)
(12, 15)
(11, 15)
(10, 15)
(9, 15)
(8, 15)
(8, 14)
(8, 13)
(7, 13)
(6, 13)
(6, 12)
(6, 11)
(6, 10)
(6, 9)
(5, 9)
(4, 9)
(4, 8)
kaikki ok
Reitin pituus: 15
(13, 15)
(12, 15)
(11, 15)
(10, 15)
(9, 15)
(8, 15)
(7, 15)
(6, 15)
(5, 15)
(4, 15)
(4, 14)
(4, 13)
(3, 13)
(2, 13)
(1, 13)
(1, 14)
kaikki ok
Reitin pituus: 13
(3, 17)
(4, 17)
(4, 16)
(4, 15)
(5, 15)
(6, 15)
(7, 15)
(8, 15)
(9, 15)
(10, 15)
(11, 15)
(12, 15)
(12, 16)
(12, 17)
kaikki ok
Reitin pituus: 19
(13, 9)
(12, 9)
(12, 8)
(12, 7)
(11, 7)
(10, 7)
(9, 7)
(8, 7)
(8, 6)
(8, 5)
(7, 5)
(6, 5)
(6, 4)
(6, 3)
(5, 3)
(4, 3)
(3, 3)
(2, 3)
(1, 3)
(1, 4)
kaikki ok
Reitin pituus: 18
(8, 13)
(7, 13)
(6, 13)
(6, 12)
(6, 11)
(7, 11)
(8, 11)
(9, 11)
(10, 11)
(11, 11)
(12, 11)
(12, 10)
(12, 9)
(13, 9)
(14, 9)
(14, 8)
(14, 7)
(14, 6)
(14, 5)
kaikki ok
Reitin pituus: 6
(10, 3)
(9, 3)
(8, 3)
(8, 2)
(8, 1)
(7, 1)
(6, 1)
kaikki ok
Reitin pituus: 4
(15, 5)
(14, 5)
(14, 4)
(14, 3)
(15, 3)
kaikki ok
Reitin pituus: 13
(4, 12)
(4, 11)
(4, 10)
(4, 9)
(4, 8)
(4, 7)
(4, 6)
(4, 5)
(4, 4)
(4, 3)
(4, 2)
(4, 1)
(3, 1)
(2, 1)
kaikki ok
Reitin pituus: 9
(2, 16)
(2, 17)
(3, 17)
(4, 17)
(4, 16)
(4, 15)
(4, 14)
(4, 13)
(4, 12)
(4, 11)
kaikki ok
Reitin pituus: 14
(3, 17)
(4, 17)
(4, 16)
(4, 15)
(4, 14)
(4, 13)
(4, 12)
(4, 11)
(4, 10)
(4, 9)
(5, 9)
(6, 9)
(6, 8)
(6, 7)
(7, 7)
kaikki ok
Reitin pituus: 9
(10, 1)
(10, 2)
(10, 3)
(9, 3)
(8, 3)
(7, 3)
(6, 3)
(6, 4)
(6, 5)
(7, 5)
kaikki ok
Reitin pituus: 14
(8, 14)
(8, 15)
(9, 15)
(10, 15)
(10, 14)
(10, 13)
(11, 13)
(12, 13)
(13, 13)
(14, 13)
(14, 12)
(14, 11)
(14, 10)
(14, 9)
(14, 8)
kaikki ok
Reitin pituus: 29
(1, 14)
(1, 13)
(2, 13)
(3, 13)
(4, 13)
(4, 12)
(4, 11)
(4, 10)
(4, 9)
(4, 8)
(4, 7)
(4, 6)
(4, 5)
(4, 4)
(4, 3)
(5, 3)
(6, 3)
(7, 3)
(8, 3)
(9, 3)
(10, 3)
(11, 3)
(12, 3)
(13, 3)
(14, 3)
(15, 3)
(16, 3)
(17, 3)
(17, 2)
(17, 1)
kaikki ok
Reitin pituus: 4
(3, 3)
(4, 3)
(4, 4)
(4, 5)
(4, 6)
kaikki ok
Reitin pituus: 21
(13, 1)
(14, 1)
(14, 2)
(14, 3)
(14, 4)
(14, 5)
(14, 6)
(14, 7)
(14, 8)
(14, 9)
(13, 9)
(12, 9)
(12, 10)
(12, 11)
(11, 11)
(10, 11)
(9, 11)
(8, 11)
(7, 11)
(6, 11)
(6, 12)
(6, 13)
kaikki ok
Reitin pituus: 21
(12, 3)
(12, 4)
(12, 5)
(11, 5)
(10, 5)
(10, 6)
(10, 7)
(9, 7)
(8, 7)
(7, 7)
(6, 7)
(6, 8)
(6, 9)
(6, 10)
(6, 11)
(6, 12)
(6, 13)
(5, 13)
(4, 13)
(3, 13)
(2, 13)
(1, 13)
kaikki ok
Reitin pituus: 19
(8, 6)
(8, 7)
(7, 7)
(6, 7)
(6, 8)
(6, 9)
(6, 10)
(6, 11)
(6, 12)
(6, 13)
(5, 13)
(4, 13)
(4, 14)
(4, 15)
(4, 16)
(4, 17)
(3, 17)
(2, 17)
(1, 17)
(1, 18)
kaikki ok
Reitin pituus: 3
(8, 2)
(8, 1)
(7, 1)
(6, 1)
kaikki ok
Reitin pituus: 10
(11, 11)
(12, 11)
(12, 12)
(12, 13)
(11, 13)
(10, 13)
(10, 14)
(10, 15)
(9, 15)
(8, 15)
(8, 14)
kaikki ok
Reitin pituus: 22
(4, 17)
(4, 16)
(4, 15)
(5, 15)
(6, 15)
(7, 15)
(8, 15)
(9, 15)
(10, 15)
(10, 14)
(10, 13)
(11, 13)
(12, 13)
(12, 12)
(12, 11)
(12, 10)
(12, 9)
(13, 9)
(14, 9)
(14, 8)
(14, 7)
(14, 6)
(14, 5)
kaikki ok
Reitin pituus: 5
(8, 13)
(8, 14)
(8, 15)
(7, 15)
(6, 15)
(6, 16)
kaikki ok
Reitin pituus: 12
(17, 14)
(17, 13)
(16, 13)
(15, 13)
(14, 13)
(14, 14)
(14, 15)
(13, 15)
(12, 15)
(12, 16)
(12, 17)
(11, 17)
(10, 17)
kaikki ok
Reitin pituus: 15
(14, 7)
(14, 6)
(14, 5)
(14, 4)
(14, 3)
(13, 3)
(12, 3)
(11, 3)
(10, 3)
(9, 3)
(8, 3)
(7, 3)
(6, 3)
(5, 3)
(4, 3)
(4, 4)
kaikki ok
Reitin pituus: 19
(8, 17)
(7, 17)
(6, 17)
(6, 16)
(6, 15)
(5, 15)
(4, 15)
(4, 14)
(4, 13)
(4, 12)
(4, 11)
(4, 10)
(4, 9)
(5, 9)
(6, 9)
(6, 8)
(6, 7)
(7, 7)
(8, 7)
(9, 7)
kaikki ok
Reitin pituus: 20
(10, 19)
(9, 19)
(8, 19)
(8, 18)
(8, 17)
(7, 17)
(6, 17)
(6, 16)
(6, 15)
(5, 15)
(4, 15)
(4, 14)
(4, 13)
(4, 12)
(4, 11)
(4, 10)
(4, 9)
(4, 8)
(4, 7)
(4, 6)
(4, 5)
kaikki ok
Reitin pituus: 13
(8, 7)
(9, 7)
(10, 7)
(11, 7)
(12, 7)
(12, 8)
(12, 9)
(12, 10)
(12, 11)
(12, 12)
(12, 13)
(13, 13)
(14, 13)
(15, 13)
kaikki ok
Reitin pituus: 16
(17, 18)
(17, 17)
(16, 17)
(15, 17)
(14, 17)
(14, 16)
(14, 15)
(14, 14)
(14, 13)
(13, 13)
(12, 13)
(12, 12)
(12, 11)
(11, 11)
(10, 11)
(9, 11)
(8, 11)
kaikki ok
Reitin pituus: 7
(4, 14)
(4, 13)
(4, 12)
(4, 11)
(4, 10)
(4, 9)
(4, 8)
(4, 7)
kaikki ok
Reitin pituus: 10
(5, 9)
(4, 9)
(4, 8)
(4, 7)
(4, 6)
(4, 5)
(4, 4)
(4, 3)
(5, 3)
(6, 3)
(6, 4)
kaikki ok
Reitin pituus: 21
(11, 15)
(10, 15)
(9, 15)
(8, 15)
(8, 14)
(8, 13)
(7, 13)
(6, 13)
(6, 12)
(6, 11)
(6, 10)
(6, 9)
(5, 9)
(4, 9)
(4, 8)
(4, 7)
(4, 6)
(4, 5)
(3, 5)
(2, 5)
(1, 5)
(1, 4)
kaikki ok
Reitin pituus: 13
(14, 15)
(13, 15)
(12, 15)
(12, 16)
(12, 17)
(11, 17)
(10, 17)
(10, 18)
(10, 19)
(9, 19)
(8, 19)
(7, 19)
(6, 19)
(5, 19)
kaikki ok
Reitin pituus: 27
(13, 19)
(12, 19)
(11, 19)
(10, 19)
(10, 18)
(10, 17)
(11, 17)
(12, 17)
(12, 16)
(12, 15)
(13, 15)
(14, 15)
(14, 14)
(14, 13)
(14, 12)
(14, 11)
(14, 10)
(14, 9)
(13, 9)
(12, 9)
(12, 8)
(12, 7)
(11, 7)
(10, 7)
(9, 7)
(9, 8)
(9, 9)
(8, 9)
kaikki ok
Reitin pituus: 11
(8, 2)
(8, 3)
(9, 3)
(10, 3)
(11, 3)
(12, 3)
(13, 3)
(14, 3)
(15, 3)
(16, 3)
(17, 3)
(17, 4)
kaikki ok
Reitin pituus: 19
(4, 2)
(4, 3)
(4, 4)
(4, 5)
(4, 6)
(4, 7)
(4, 8)
(4, 9)
(5, 9)
(6, 9)
(6, 10)
(6, 11)
(6, 12)
(6, 13)
(7, 13)
(8, 13)
(8, 14)
(8, 15)
(9, 15)
(10, 15)
kaikki ok
Reitin pituus: 22
(17, 15)
(17, 14)
(17, 13)
(16, 13)
(15, 13)
(14, 13)
(13, 13)
(12, 13)
(12, 12)
(12, 11)
(11, 11)
(10, 11)
(9, 11)
(8, 11)
(7, 11)
(6, 11)
(6, 10)
(6, 9)
(5, 9)
(4, 9)
(4, 8)
(4, 7)
(4, 6)
kaikki ok
Reitin pituus: 3
(12, 13)
(13, 13)
(14, 13)
(14, 12)
kaikki ok
Reitin pituus: 4
(17, 19)
(17, 18)
(17, 17)
(16, 17)
(16, 16)
kaikki ok
Reitin pituus: 21
(17, 19)
(17, 18)
(17, 17)
(16, 17)
(15, 17)
(14, 17)
(14, 16)
(14, 15)
(13, 15)
(12, 15)
(11, 15)
(10, 15)
(9, 15)
(8, 15)
(8, 14)
(8, 13)
(7, 13)
(6, 13)
(6, 12)
(6, 11)
(6, 10)
(6, 9)
kaikki ok
Reitin pituus: 18
(4, 13)
(4, 14)
(4, 15)
(5, 15)
(6, 15)
(7, 15)
(8, 15)
(9, 15)
(10, 15)
(11, 15)
(12, 15)
(13, 15)
(14, 15)
(14, 16)
(14, 17)
(15, 17)
(16, 17)
(16, 16)
(16, 15)
kaikki ok
Reitin pituus: 9
(10, 5)
(11, 5)
(12, 5)
(12, 4)
(12, 3)
(11, 3)
(10, 3)
(9, 3)
(8, 3)
(7, 3)
kaikki ok
Reitin pituus: 13
(4, 6)
(4, 7)
(4, 8)
(4, 9)
(5, 9)
(6, 9)
(6, 8)
(6, 7)
(7, 7)
(8, 7)
(9, 7)
(10, 7)
(10, 6)
(10, 5)
kaikki ok
Reitin pituus: 18
(10, 1)
(10, 2)
(10, 3)
(9, 3)
(8, 3)
(7, 3)
(6, 3)
(5, 3)
(4, 3)
(4, 4)
(4, 5)
(4, 6)
(4, 7)
(4, 8)
(4, 9)
(5, 9)
(6, 9)
(6, 10)
(6, 11)
kaikki ok
Reitin pituus: 13
(14, 19)
(15, 19)
(16, 19)
(17, 19)
(17, 18)
(17, 17)
(16, 17)
(15, 17)
(14, 17)
(14, 16)
(14, 15)
(14, 14)
(14, 13)
(14, 12)
kaikki ok
Reitin pituus: 7
(5, 13)
(6, 13)
(7, 13)
(8, 13)
(8, 14)
(8, 15)
(9, 15)
(10, 15)
kaikki ok
Reitin pituus: 24
(8, 19)
(8, 18)
(8, 17)
(7, 17)
(6, 17)
(6, 16)
(6, 15)
(5, 15)
(4, 15)
(4, 14)
(4, 13)
(4, 12)
(4, 11)
(4, 10)
(4, 9)
(4, 8)
(4, 7)
(4, 6)
(4, 5)
(4, 4)
(4, 3)
(5, 3)
(6, 3)
(7, 3)
(8, 3)
kaikki ok
Reitin pituus: 16
(17, 14)
(17, 13)
(16, 13)
(15, 13)
(14, 13)
(13, 13)
(12, 13)
(12, 12)
(12, 11)
(11, 11)
(10, 11)
(9, 11)
(8, 11)
(7, 11)
(6, 11)
(6, 12)
(6, 13)
kaikki ok
Reitin pituus: 9
(6, 7)
(6, 8)
(6, 9)
(6, 10)
(6, 11)
(6, 12)
(6, 13)
(5, 13)
(4, 13)
(3, 13)
kaikki ok
Reitin pituus: 20
(16, 19)
(15, 19)
(14, 19)
(13, 19)
(12, 19)
(11, 19)
(10, 19)
(9, 19)
(8, 19)
(8, 18)
(8, 17)
(7, 17)
(6, 17)
(6, 16)
(6, 15)
(5, 15)
(4, 15)
(4, 14)
(4, 13)
(4, 12)
(4, 11)
kaikki ok
Reitin pituus: 15
(16, 3)
(15, 3)
(14, 3)
(14, 4)
(14, 5)
(14, 6)
(14, 7)
(14, 8)
(14, 9)
(14, 10)
(14, 11)
(14, 12)
(14, 13)
(14, 14)
(14, 15)
(14, 16)
kaikki ok
Reitin pituus: 25
(10, 17)
(11, 17)
(12, 17)
(12, 16)
(12, 15)
(13, 15)
(14, 15)
(14, 14)
(14, 13)
(14, 12)
(14, 11)
(14, 10)
(14, 9)
(14, 8)
(14, 7)
(14, 6)
(14, 5)
(14, 4)
(14, 3)
(13, 3)
(12, 3)
(11, 3)
(10, 3)
(9, 3)
(8, 3)
(7, 3)
kaikki ok
Reitin pituus: 17
(8, 14)
(8, 15)
(9, 15)
(10, 15)
(10, 14)
(10, 13)
(11, 13)
(12, 13)
(13, 13)
(14, 13)
(14, 12)
(14, 11)
(14, 10)
(14, 9)
(14, 8)
(14, 7)
(14, 6)
(14, 5)
kaikki ok
Reitin pituus: 13
(15, 5)
(14, 5)
(14, 6)
(14, 7)
(14, 8)
(14, 9)
(14, 10)
(14, 11)
(14, 12)
(14, 13)
(15, 13)
(16, 13)
(17, 13)
(17, 14)
kaikki ok
Reitin pituus: 26
(15, 5)
(14, 5)
(14, 6)
(14, 7)
(14, 8)
(14, 9)
(13, 9)
(12, 9)
(12, 10)
(12, 11)
(11, 11)
(10, 11)
(9, 11)
(8, 11)
(7, 11)
(6, 11)
(6, 12)
(6, 13)
(5, 13)
(4, 13)
(4, 14)
(4, 15)
(4, 16)
(4, 17)
(3, 17)
(2, 17)
(1, 17)
kaikki ok
Reitin pituus: 14
(3, 3)
(4, 3)
(4, 4)
(4, 5)
(4, 6)
(4, 7)
(4, 8)
(4, 9)
(5, 9)
(6, 9)
(6, 10)
(6, 11)
(7, 11)
(8, 11)
(9, 11)
kaikki ok
Reitin pituus: 11
(17, 15)
(16, 15)
(16, 16)
(16, 17)
(15, 17)
(14, 17)
(14, 16)
(14, 15)
(13, 15)
(12, 15)
(11, 15)
(10, 15)
kaikki ok
Reitin pituus: 18
(14, 13)
(14, 14)
(14, 15)
(13, 15)
(12, 15)
(12, 16)
(12, 17)
(11, 17)
(10, 17)
(10, 18)
(10, 19)
(9, 19)
(8, 19)
(7, 19)
(6, 19)
(5, 19)
(4, 19)
(3, 19)
(2, 19)
kaikki ok
Reitin pituus: 10
(4, 11)
(4, 12)
(4, 13)
(4, 14)
(4, 15)
(5, 15)
(6, 15)
(6, 16)
(6, 17)
(7, 17)
(8, 17)
kaikki ok
Reitin pituus: 17
(10, 19)
(9, 19)
(8, 19)
(8, 18)
(8, 17)
(7, 17)
(6, 17)
(6, 16)
(6, 15)
(7, 15)
(8, 15)
(8, 14)
(8, 13)
(7, 13)
(6, 13)
(6, 12)
(6, 11)
(6, 10)
kaikki ok
Reitin pituus: 28
(13, 19)
(12, 19)
(11, 19)
(10, 19)
(10, 18)
(10, 17)
(11, 17)
(12, 17)
(12, 16)
(12, 15)
(13, 15)
(14, 15)
(14, 14)
(14, 13)
(14, 12)
(14, 11)
(14, 10)
(14, 9)
(14, 8)
(14, 7)
(14, 6)
(14, 5)
(14, 4)
(14, 3)
(14, 2)
(14, 1)
(15, 1)
(16, 1)
(17, 1)
kaikki ok
Reitin pituus: 20
(1, 18)
(1, 17)
(2, 17)
(3, 17)
(4, 17)
(4, 16)
(4, 15)
(4, 14)
(4, 13)
(4, 12)
(4, 11)
(4, 10)
(4, 9)
(4, 8)
(4, 7)
(4, 6)
(4, 5)
(3, 5)
(2, 5)
(1, 5)
(1, 4)
kaikki ok
Reitin pituus: 17
(4, 7)
(4, 8)
(4, 9)
(4, 10)
(4, 11)
(4, 12)
(4, 13)
(4, 14)
(4, 15)
(4, 16)
(4, 17)
(3, 17)
(2, 17)
(1, 17)
(1, 18)
(1, 19)
(2, 19)
(3, 19)
kaikki ok
Reitin pituus: 1
(6, 10)
(6, 9)
kaikki ok
Reitin pituus: 14
(7, 1)
(6, 1)
(5, 1)
(4, 1)
(4, 2)
(4, 3)
(4, 4)
(4, 5)
(4, 6)
(4, 7)
(4, 8)
(4, 9)
(5, 9)
(6, 9)
(6, 8)
kaikki ok
Reitin pituus: 12
(10, 6)
(10, 5)
(11, 5)
(12, 5)
(12, 4)
(12, 3)
(13, 3)
(14, 3)
(15, 3)
(16, 3)
(17, 3)
(17, 4)
(17, 5)
kaikki ok
Reitin pituus: 21
(8, 17)
(7, 17)
(6, 17)
(6, 16)
(6, 15)
(5, 15)
(4, 15)
(4, 14)
(4, 13)
(4, 12)
(4, 11)
(4, 10)
(4, 9)
(4, 8)
(4, 7)
(4, 6)
(4, 5)
(4, 4)
(4, 3)
(4, 2)
(4, 1)
(5, 1)
kaikki ok
Reitin pituus: 19
(17, 2)
(17, 3)
(16, 3)
(15, 3)
(14, 3)
(13, 3)
(12, 3)
(11, 3)
(10, 3)
(9, 3)
(8, 3)
(7, 3)
(6, 3)
(5, 3)
(4, 3)
(4, 4)
(4, 5)
(3, 5)
(2, 5)
(1, 5)
kaikki ok
Reitin pituus: 17
(14, 5)
(14, 6)
(14, 7)
(14, 8)
(14, 9)
(14, 10)
(14, 11)
(14, 12)
(14, 13)
(14, 14)
(14, 15)
(14, 16)
(14, 17)
(15, 17)
(16, 17)
(17, 17)
(17, 18)
(17, 19)
kaikki ok
Reitin pituus: 17
(4, 16)
(4, 15)
(4, 14)
(4, 13)
(4, 12)
(4, 11)
(4, 10)
(4, 9)
(5, 9)
(6, 9)
(6, 8)
(6, 7)
(7, 7)
(8, 7)
(9, 7)
(9, 8)
(9, 9)
(8, 9)
kaikki ok
Reitin pituus: 14
(4, 3)
(5, 3)
(6, 3)
(7, 3)
(8, 3)
(9, 3)
(10, 3)
(11, 3)
(12, 3)
(13, 3)
(14, 3)
(14, 4)
(14, 5)
(15, 5)
(16, 5)
kaikki ok
Reitin pituus: 4
(4, 14)
(4, 15)
(5, 15)
(6, 15)
(6, 16)
kaikki ok
Reitin pituus: 15
(16, 17)
(15, 17)
(14, 17)
(14, 16)
(14, 15)
(14, 14)
(14, 13)
(14, 12)
(14, 11)
(14, 10)
(14, 9)
(14, 8)
(14, 7)
(14, 6)
(14, 5)
(14, 4)
kaikki ok
Reitin pituus: 17
(6, 9)
(6, 10)
(6, 11)
(7, 11)
(8, 11)
(9, 11)
(10, 11)
(11, 11)
(12, 11)
(12, 12)
(12, 13)
(13, 13)
(14, 13)
(15, 13)
(16, 13)
(17, 13)
(17, 14)
(17, 15)
kaikki ok
Reitin pituus: 20
(16, 15)
(17, 15)
(17, 14)
(17, 13)
(16, 13)
(15, 13)
(14, 13)
(13, 13)
(12, 13)
(12, 12)
(12, 11)
(12, 10)
(12, 9)
(12, 8)
(12, 7)
(11, 7)
(10, 7)
(9, 7)
(9, 8)
(9, 9)
(10, 9)
kaikki ok
Reitin pituus: 12
(4, 4)
(4, 3)
(5, 3)
(6, 3)
(7, 3)
(8, 3)
(9, 3)
(10, 3)
(11, 3)
(12, 3)
(13, 3)
(14, 3)
(14, 4)
kaikki ok
Reitin pituus: 7
(14, 14)
(14, 13)
(14, 12)
(14, 11)
(14, 10)
(14, 9)
(14, 8)
(14, 7)
kaikki ok
Reitin pituus: 6
(4, 10)
(4, 11)
(4, 12)
(4, 13)
(4, 14)
(4, 15)
(4, 16)
kaikki ok
Reitin pituus: 5
(17, 4)
(17, 3)
(16, 3)
(15, 3)
(14, 3)
(13, 3)
kaikki ok
Reitin pituus: 27
(6, 19)
(7, 19)
(8, 19)
(9, 19)
(10, 19)
(10, 18)
(10, 17)
(11, 17)
(12, 17)
(12, 16)
(12, 15)
(13, 15)
(14, 15)
(14, 14)
(14, 13)
(14, 12)
(14, 11)
(14, 10)
(14, 9)
(14, 8)
(14, 7)
(14, 6)
(14, 5)
(14, 4)
(14, 3)
(14, 2)
(14, 1)
(15, 1)
kaikki ok
Reitin pituus: 16
(4, 15)
(4, 14)
(4, 13)
(5, 13)
(6, 13)
(6, 12)
(6, 11)
(7, 11)
(8, 11)
(9, 11)
(10, 11)
(11, 11)
(12, 11)
(12, 10)
(12, 9)
(13, 9)
(14, 9)
kaikki ok
Reitin pituus: 13
(5, 15)
(6, 15)
(6, 16)
(6, 17)
(7, 17)
(8, 17)
(8, 18)
(8, 19)
(9, 19)
(10, 19)
(11, 19)
(12, 19)
(13, 19)
(14, 19)
kaikki ok
Reitin pituus: 13
(4, 19)
(3, 19)
(2, 19)
(1, 19)
(1, 18)
(1, 17)
(2, 17)
(3, 17)
(4, 17)
(4, 16)
(4, 15)
(4, 14)
(4, 13)
(5, 13)
kaikki ok
Reitin pituus: 1
(15, 5)
(14, 5)
kaikki ok
Reitin pituus: 30
(17, 1)
(17, 2)
(17, 3)
(16, 3)
(15, 3)
(14, 3)
(13, 3)
(12, 3)
(12, 4)
(12, 5)
(11, 5)
(10, 5)
(10, 6)
(10, 7)
(9, 7)
(8, 7)
(7, 7)
(6, 7)
(6, 8)
(6, 9)
(6, 10)
(6, 11)
(6, 12)
(6, 13)
(5, 13)
(4, 13)
(4, 14)
(4, 15)
(4, 16)
(4, 17)
(3, 17)
kaikki ok
Reitin pituus: 23
(2, 13)
(3, 13)
(4, 13)
(5, 13)
(6, 13)
(6, 12)
(6, 11)
(6, 10)
(6, 9)
(6, 8)
(6, 7)
(7, 7)
(8, 7)
(9, 7)
(10, 7)
(10, 6)
(10, 5)
(11, 5)
(12, 5)
(12, 4)
(12, 3)
(13, 3)
(14, 3)
(14, 2)
kaikki ok
Reitin pituus: 20
(4, 3)
(4, 4)
(4, 5)
(4, 6)
(4, 7)
(4, 8)
(4, 9)
(5, 9)
(6, 9)
(6, 10)
(6, 11)
(6, 12)
(6, 13)
(7, 13)
(8, 13)
(8, 14)
(8, 15)
(9, 15)
(10, 15)
(10, 14)
(10, 13)
kaikki ok
Reitin pituus: 9
(11, 5)
(12, 5)
(12, 4)
(12, 3)
(13, 3)
(14, 3)
(14, 4)
(14, 5)
(15, 5)
(16, 5)
kaikki ok
Reitin pituus: 29
(5, 19)
(6, 19)
(7, 19)
(8, 19)
(9, 19)
(10, 19)
(10, 18)
(10, 17)
(11, 17)
(12, 17)
(12, 16)
(12, 15)
(13, 15)
(14, 15)
(14, 14)
(14, 13)
(14, 12)
(14, 11)
(14, 10)
(14, 9)
(14, 8)
(14, 7)
(14, 6)
(14, 5)
(14, 4)
(14, 3)
(14, 2)
(14, 1)
(15, 1)
(16, 1)
kaikki ok
Reitin pituus: 12
(5, 3)
(4, 3)
(4, 4)
(4, 5)
(4, 6)
(4, 7)
(4, 8)
(4, 9)
(4, 10)
(4, 11)
(4, 12)
(4, 13)
(5, 13)
kaikki ok
Reitin pituus: 11
(9, 8)
(9, 7)
(8, 7)
(8, 6)
(8, 5)
(7, 5)
(6, 5)
(6, 4)
(6, 3)
(5, 3)
(4, 3)
(4, 4)
kaikki ok
Reitin pituus: 9
(10, 3)
(11, 3)
(12, 3)
(13, 3)
(14, 3)
(14, 4)
(14, 5)
(14, 6)
(14, 7)
(14, 8)
kaikki ok
Reitin pituus: 5
(12, 11)
(12, 12)
(12, 13)
(13, 13)
(14, 13)
(14, 14)
kaikki ok
Reitin pituus: 19
(11, 13)
(12, 13)
(12, 12)
(12, 11)
(12, 10)
(12, 9)
(12, 8)
(12, 7)
(11, 7)
(10, 7)
(9, 7)
(8, 7)
(8, 6)
(8, 5)
(7, 5)
(6, 5)
(6, 4)
(6, 3)
(7, 3)
(8, 3)
kaikki ok
Reitin pituus: 12
(10, 13)
(11, 13)
(12, 13)
(13, 13)
(14, 13)
(14, 12)
(14, 11)
(14, 10)
(14, 9)
(14, 8)
(14, 7)
(14, 6)
(14, 5)
kaikki ok
Reitin pituus: 11
(11, 7)
(12, 7)
(12, 8)
(12, 9)
(13, 9)
(14, 9)
(14, 10)
(14, 11)
(14, 12)
(14, 13)
(14, 14)
(14, 15)
kaikki ok
Reitin pituus: 24
(8, 3)
(7, 3)
(6, 3)
(5, 3)
(4, 3)
(4, 4)
(4, 5)
(4, 6)
(4, 7)
(4, 8)
(4, 9)
(4, 10)
(4, 11)
(4, 12)
(4, 13)
(4, 14)
(4, 15)
(5, 15)
(6, 15)
(6, 16)
(6, 17)
(7, 17)
(8, 17)
(8, 18)
(8, 19)
kaikki ok
Reitin pituus: 10
(11, 11)
(12, 11)
(12, 12)
(12, 13)
(13, 13)
(14, 13)
(14, 14)
(14, 15)
(14, 16)
(14, 17)
(15, 17)
kaikki ok
Reitin pituus: 18
(2, 19)
(1, 19)
(1, 18)
(1, 17)
(2, 17)
(3, 17)
(4, 17)
(4, 16)
(4, 15)
(5, 15)
(6, 15)
(7, 15)
(8, 15)
(9, 15)
(10, 15)
(10, 14)
(10, 13)
(11, 13)
(12, 13)
kaikki ok
Reitin pituus: 17
(17, 2)
(17, 3)
(17, 4)
(17, 5)
(16, 5)
(15, 5)
(14, 5)
(14, 6)
(14, 7)
(14, 8)
(14, 9)
(13, 9)
(12, 9)
(12, 10)
(12, 11)
(12, 12)
(12, 13)
(11, 13)
kaikki ok
Reitin pituus: 16
(15, 3)
(14, 3)
(14, 4)
(14, 5)
(14, 6)
(14, 7)
(14, 8)
(14, 9)
(13, 9)
(12, 9)
(12, 10)
(12, 11)
(12, 12)
(12, 13)
(11, 13)
(10, 13)
(10, 14)
kaikki ok
Reitin pituus: 7
(8, 5)
(8, 6)
(8, 7)
(9, 7)
(10, 7)
(11, 7)
(12, 7)
(12, 8)
kaikki ok
Reitin pituus: 10
(10, 9)
(9, 9)
(9, 8)
(9, 7)
(10, 7)
(10, 6)
(10, 5)
(11, 5)
(12, 5)
(12, 4)
(12, 3)
kaikki ok
Reitin pituus: 17
(13, 3)
(14, 3)
(14, 4)
(14, 5)
(14, 6)
(14, 7)
(14, 8)
(14, 9)
(14, 10)
(14, 11)
(14, 12)
(14, 13)
(14, 14)
(14, 15)
(13, 15)
(12, 15)
(12, 16)
(12, 17)
kaikki ok
Reitin pituus: 11
(12, 4)
(12, 3)
(13, 3)
(14, 3)
(14, 4)
(14, 5)
(14, 6)
(14, 7)
(14, 8)
(14, 9)
(14, 10)
(14, 11)
kaikki ok
Reitin pituus: 11
(11, 7)
(10, 7)
(9, 7)
(8, 7)
(7, 7)
(6, 7)
(6, 8)
(6, 9)
(6, 10)
(6, 11)
(6, 12)
(6, 13)
kaikki ok
Reitin pituus: 12
(8, 11)
(7, 11)
(6, 11)
(6, 10)
(6, 9)
(6, 8)
(6, 7)
(7, 7)
(8, 7)
(9, 7)
(9, 8)
(9, 9)
(8, 9)
kaikki ok
Reitin pituus: 21
(13, 19)
(12, 19)
(11, 19)
(10, 19)
(9, 19)
(8, 19)
(8, 18)
(8, 17)
(7, 17)
(6, 17)
(6, 16)
(6, 15)
(5, 15)
(4, 15)
(4, 14)
(4, 13)
(4, 12)
(4, 11)
(4, 10)
(4, 9)
(4, 8)
(4, 7)
kaikki ok
Reitin pituus: 10
(16, 13)
(15, 13)
(14, 13)
(14, 14)
(14, 15)
(13, 15)
(12, 15)
(12, 16)
(12, 17)
(11, 17)
(10, 17)
kaikki ok
Reitin pituus: 11
(10, 3)
(11, 3)
(12, 3)
(13, 3)
(14, 3)
(14, 4)
(14, 5)
(14, 6)
(14, 7)
(14, 8)
(14, 9)
(13, 9)
kaikki ok
Reitin pituus: 21
(11, 17)
(12, 17)
(12, 16)
(12, 15)
(13, 15)
(14, 15)
(14, 14)
(14, 13)
(14, 12)
(14, 11)
(14, 10)
(14, 9)
(13, 9)
(12, 9)
(12, 8)
(12, 7)
(11, 7)
(10, 7)
(9, 7)
(9, 8)
(9, 9)
(10, 9)
kaikki ok
Reitin pituus: 10
(10, 17)
(10, 18)
(10, 19)
(9, 19)
(8, 19)
(7, 19)
(6, 19)
(5, 19)
(4, 19)
(3, 19)
(2, 19)
kaikki ok
Reitin pituus: 16
(2, 13)
(3, 13)
(4, 13)
(4, 12)
(4, 11)
(4, 10)
(4, 9)
(4, 8)
(4, 7)
(4, 6)
(4, 5)
(4, 4)
(4, 3)
(4, 2)
(4, 1)
(3, 1)
(2, 1)
kaikki ok
Reitin pituus: 5
(12, 11)
(12, 12)
(12, 13)
(13, 13)
(14, 13)
(14, 12)
kaikki ok
Reitin pituus: 16
(8, 13)
(7, 13)
(6, 13)
(6, 12)
(6, 11)
(7, 11)
(8, 11)
(9, 11)
(10, 11)
(11, 11)
(12, 11)
(12, 10)
(12, 9)
(13, 9)
(14, 9)
(14, 8)
(14, 7)
kaikki ok
Reitin pituus: 12
(4, 7)
(4, 8)
(4, 9)
(5, 9)
(6, 9)
(6, 10)
(6, 11)
(7, 11)
(8, 11)
(9, 11)
(10, 11)
(11, 11)
(12, 11)
kaikki ok
Reitin pituus: 13
(14, 14)
(14, 13)
(13, 13)
(12, 13)
(12, 12)
(12, 11)
(12, 10)
(12, 9)
(12, 8)
(12, 7)
(11, 7)
(10, 7)
(10, 6)
(10, 5)
kaikki ok
Reitin pituus: 11
(6, 12)
(6, 13)
(5, 13)
(4, 13)
(4, 14)
(4, 15)
(4, 16)
(4, 17)
(3, 17)
(2, 17)
(1, 17)
(1, 18)
kaikki ok
Reitin pituus: 27
(16, 3)
(15, 3)
(14, 3)
(14, 4)
(14, 5)
(14, 6)
(14, 7)
(14, 8)
(14, 9)
(14, 10)
(14, 11)
(14, 12)
(14, 13)
(14, 14)
(14, 15)
(13, 15)
(12, 15)
(12, 16)
(12, 17)
(11, 17)
(10, 17)
(10, 18)
(10, 19)
(9, 19)
(8, 19)
(7, 19)
(6, 19)
(5, 19)
kaikki ok
Reitin pituus: 3
(2, 3)
(1, 3)
(1, 2)
(1, 1)
kaikki ok
Reitin pituus: 18
(10, 1)
(10, 2)
(10, 3)
(11, 3)
(12, 3)
(12, 4)
(12, 5)
(11, 5)
(10, 5)
(10, 6)
(10, 7)
(11, 7)
(12, 7)
(12, 8)
(12, 9)
(12, 10)
(12, 11)
(11, 11)
(10, 11)
kaikki ok
Reitin pituus: 18
(6, 11)
(7, 11)
(8, 11)
(9, 11)
(10, 11)
(11, 11)
(12, 11)
(12, 10)
(12, 9)
(13, 9)
(14, 9)
(14, 8)
(14, 7)
(14, 6)
(14, 5)
(14, 4)
(14, 3)
(15, 3)
(16, 3)
kaikki ok
Reitin pituus: 31
(3, 1)
(4, 1)
(4, 2)
(4, 3)
(4, 4)
(4, 5)
(4, 6)
(4, 7)
(4, 8)
(4, 9)
(5, 9)
(6, 9)
(6, 10)
(6, 11)
(7, 11)
(8, 11)
(9, 11)
(10, 11)
(11, 11)
(12, 11)
(12, 12)
(12, 13)
(13, 13)
(14, 13)
(14, 14)
(14, 15)
(14, 16)
(14, 17)
(15, 17)
(16, 17)
(17, 17)
(17, 18)
kaikki ok
Reitin pituus: 18
(15, 19)
(14, 19)
(13, 19)
(12, 19)
(11, 19)
(10, 19)
(9, 19)
(8, 19)
(8, 18)
(8, 17)
(7, 17)
(6, 17)
(6, 16)
(6, 15)
(5, 15)
(4, 15)
(4, 14)
(4, 13)
(4, 12)
kaikki ok
Reitin pituus: 1
(4, 15)
(4, 16)
kaikki ok
Reitin pituus: 15
(4, 17)
(4, 16)
(4, 15)
(5, 15)
(6, 15)
(7, 15)
(8, 15)
(9, 15)
(10, 15)
(11, 15)
(12, 15)
(13, 15)
(14, 15)
(14, 16)
(14, 17)
(15, 17)
kaikki ok
Reitin pituus: 8
(1, 19)
(2, 19)
(3, 19)
(4, 19)
(5, 19)
(6, 19)
(7, 19)
(8, 19)
(9, 19)
kaikki ok
Reitin pituus: 22
(17, 18)
(17, 17)
(16, 17)
(15, 17)
(14, 17)
(14, 16)
(14, 15)
(14, 14)
(14, 13)
(13, 13)
(12, 13)
(12, 12)
(12, 11)
(12, 10)
(12, 9)
(12, 8)
(12, 7)
(11, 7)
(10, 7)
(9, 7)
(8, 7)
(7, 7)
(6, 7)
kaikki ok
Reitin pituus: 11
(11, 15)
(10, 15)
(10, 14)
(10, 13)
(11, 13)
(12, 13)
(12, 12)
(12, 11)
(11, 11)
(10, 11)
(9, 11)
(8, 11)
kaikki ok
Reitin pituus: 14
(10, 11)
(11, 11)
(12, 11)
(12, 10)
(12, 9)
(13, 9)
(14, 9)
(14, 8)
(14, 7)
(14, 6)
(14, 5)
(14, 4)
(14, 3)
(14, 2)
(14, 1)
kaikki ok
Reitin pituus: 17
(17, 19)
(17, 18)
(17, 17)
(16, 17)
(15, 17)
(14, 17)
(14, 16)
(14, 15)
(14, 14)
(14, 13)
(14, 12)
(14, 11)
(14, 10)
(14, 9)
(14, 8)
(14, 7)
(14, 6)
(14, 5)
kaikki ok
Reitin pituus: 12
(14, 4)
(14, 5)
(14, 6)
(14, 7)
(14, 8)
(14, 9)
(14, 10)
(14, 11)
(14, 12)
(14, 13)
(14, 14)
(14, 15)
(14, 16)
kaikki ok
Reitin pituus: 27
(5, 19)
(6, 19)
(7, 19)
(8, 19)
(8, 18)
(8, 17)
(7, 17)
(6, 17)
(6, 16)
(6, 15)
(5, 15)
(4, 15)
(4, 14)
(4, 13)
(5, 13)
(6, 13)
(6, 12)
(6, 11)
(6, 10)
(6, 9)
(6, 8)
(6, 7)
(7, 7)
(8, 7)
(9, 7)
(9, 8)
(9, 9)
(10, 9)
kaikki ok
Reitin pituus: 6
(14, 14)
(14, 13)
(14, 12)
(14, 11)
(14, 10)
(14, 9)
(14, 8)
kaikki ok
Reitin pituus: 7
(12, 4)
(12, 3)
(11, 3)
(10, 3)
(9, 3)
(8, 3)
(7, 3)
(6, 3)
kaikki ok
Reitin pituus: 15
(6, 12)
(6, 13)
(5, 13)
(4, 13)
(4, 14)
(4, 15)
(4, 16)
(4, 17)
(3, 17)
(2, 17)
(1, 17)
(1, 18)
(1, 19)
(2, 19)
(3, 19)
(4, 19)
kaikki ok
Reitin pituus: 5
(9, 3)
(8, 3)
(7, 3)
(6, 3)
(6, 4)
(6, 5)
kaikki ok
Reitin pituus: 9
(5, 3)
(4, 3)
(4, 4)
(4, 5)
(4, 6)
(4, 7)
(4, 8)
(4, 9)
(4, 10)
(4, 11)
kaikki ok
Reitin pituus: 2
(1, 5)
(1, 4)
(1, 3)
kaikki ok
Reitin pituus: 13
(10, 17)
(11, 17)
(12, 17)
(12, 16)
(12, 15)
(11, 15)
(10, 15)
(9, 15)
(8, 15)
(7, 15)
(6, 15)
(5, 15)
(4, 15)
(4, 16)
kaikki ok
Reitin pituus: 8
(10, 5)
(10, 6)
(10, 7)
(9, 7)
(8, 7)
(7, 7)
(6, 7)
(6, 8)
(6, 9)
kaikki ok
Reitin pituus: 7
(15, 3)
(14, 3)
(13, 3)
(12, 3)
(11, 3)
(10, 3)
(9, 3)
(8, 3)
kaikki ok
Reitin pituus: 16
(5, 13)
(4, 13)
(4, 12)
(4, 11)
(4, 10)
(4, 9)
(4, 8)
(4, 7)
(4, 6)
(4, 5)
(3, 5)
(2, 5)
(1, 5)
(1, 4)
(1, 3)
(1, 2)
(1, 1)
kaikki ok
Reitin pituus: 11
(1, 19)
(2, 19)
(3, 19)
(4, 19)
(5, 19)
(6, 19)
(7, 19)
(8, 19)
(9, 19)
(10, 19)
(11, 19)
(12, 19)
kaikki ok
Reitin pituus: 14
(10, 18)
(10, 17)
(11, 17)
(12, 17)
(12, 16)
(12, 15)
(11, 15)
(10, 15)
(9, 15)
(8, 15)
(8, 14)
(8, 13)
(7, 13)
(6, 13)
(6, 12)
kaikki ok
Reitin pituus: 5
(12, 12)
(12, 13)
(13, 13)
(14, 13)
(15, 13)
(16, 13)
kaikki ok
Reitin pituus: 16
(14, 6)
(14, 7)
(14, 8)
(14, 9)
(13, 9)
(12, 9)
(12, 10)
(12, 11)
(11, 11)
(10, 11)
(9, 11)
(8, 11)
(7, 11)
(6, 11)
(6, 12)
(6, 13)
(7, 13)
kaikki ok
Reitin pituus: 19
(13, 1)
(14, 1)
(14, 2)
(14, 3)
(14, 4)
(14, 5)
(14, 6)
(14, 7)
(14, 8)
(14, 9)
(14, 10)
(14, 11)
(14, 12)
(14, 13)
(14, 14)
(14, 15)
(13, 15)
(12, 15)
(12, 16)
(12, 17)
kaikki ok
Reitin pituus: 8
(12, 17)
(11, 17)
(10, 17)
(10, 18)
(10, 19)
(9, 19)
(8, 19)
(8, 18)
(8, 17)
kaikki ok
Reitin pituus: 23
(8, 2)
(8, 3)
(7, 3)
(6, 3)
(5, 3)
(4, 3)
(4, 4)
(4, 5)
(4, 6)
(4, 7)
(4, 8)
(4, 9)
(4, 10)
(4, 11)
(4, 12)
(4, 13)
(4, 14)
(4, 15)
(4, 16)
(4, 17)
(3, 17)
(2, 17)
(1, 17)
(1, 18)
kaikki ok
Reitin pituus: 17
(16, 15)
(16, 16)
(16, 17)
(15, 17)
(14, 17)
(14, 16)
(14, 15)
(13, 15)
(12, 15)
(11, 15)
(10, 15)
(9, 15)
(8, 15)
(7, 15)
(6, 15)
(5, 15)
(4, 15)
(4, 16)
kaikki ok
Reitin pituus: 8
(12, 13)
(11, 13)
(10, 13)
(10, 14)
(10, 15)
(9, 15)
(8, 15)
(7, 15)
(6, 15)
kaikki ok
Reitin pituus: 6
(4, 12)
(4, 13)
(4, 14)
(4, 15)
(5, 15)
(6, 15)
(7, 15)
kaikki ok
Reitin pituus: 3
(4, 16)
(4, 17)
(3, 17)
(2, 17)
kaikki ok
Reitin pituus: 11
(7, 5)
(8, 5)
(8, 6)
(8, 7)
(7, 7)
(6, 7)
(6, 8)
(6, 9)
(5, 9)
(4, 9)
(4, 10)
(4, 11)
kaikki ok
Reitin pituus: 3
(2, 1)
(3, 1)
(4, 1)
(4, 2)
kaikki ok
Reitin pituus: 8
(14, 8)
(14, 9)
(14, 10)
(14, 11)
(14, 12)
(14, 13)
(14, 14)
(14, 15)
(14, 16)
kaikki ok
Reitin pituus: 17
(9, 9)
(9, 8)
(9, 7)
(8, 7)
(7, 7)
(6, 7)
(6, 8)
(6, 9)
(6, 10)
(6, 11)
(6, 12)
(6, 13)
(5, 13)
(4, 13)
(4, 14)
(4, 15)
(4, 16)
(4, 17)
kaikki ok
Reitin pituus: 8
(6, 8)
(6, 9)
(6, 10)
(6, 11)
(7, 11)
(8, 11)
(9, 11)
(10, 11)
(11, 11)
kaikki ok
Reitin pituus: 12
(8, 14)
(8, 15)
(7, 15)
(6, 15)
(5, 15)
(4, 15)
(4, 16)
(4, 17)
(3, 17)
(2, 17)
(1, 17)
(1, 18)
(1, 19)
kaikki ok
Reitin pituus: 10
(5, 9)
(4, 9)
(4, 8)
(4, 7)
(4, 6)
(4, 5)
(4, 4)
(4, 3)
(5, 3)
(6, 3)
(6, 4)
kaikki ok
Reitin pituus: 19
(6, 5)
(7, 5)
(8, 5)
(8, 6)
(8, 7)
(9, 7)
(10, 7)
(11, 7)
(12, 7)
(12, 8)
(12, 9)
(13, 9)
(14, 9)
(14, 10)
(14, 11)
(14, 12)
(14, 13)
(14, 14)
(14, 15)
(14, 16)
kaikki ok
Reitin pituus: 11
(10, 7)
(11, 7)
(12, 7)
(12, 8)
(12, 9)
(13, 9)
(14, 9)
(14, 10)
(14, 11)
(14, 12)
(14, 13)
(14, 14)
kaikki ok
Reitin pituus: 17
(10, 1)
(11, 1)
(12, 1)
(13, 1)
(14, 1)
(14, 2)
(14, 3)
(14, 4)
(14, 5)
(14, 6)
(14, 7)
(14, 8)
(14, 9)
(14, 10)
(14, 11)
(14, 12)
(14, 13)
(13, 13)
kaikki ok
Reitin pituus: 24
(11, 17)
(12, 17)
(12, 16)
(12, 15)
(11, 15)
(10, 15)
(9, 15)
(8, 15)
(8, 14)
(8, 13)
(7, 13)
(6, 13)
(5, 13)
(4, 13)
(4, 12)
(4, 11)
(4, 10)
(4, 9)
(4, 8)
(4, 7)
(4, 6)
(4, 5)
(4, 4)
(4, 3)
(3, 3)
kaikki ok
Reitin pituus: 14
(6, 13)
(7, 13)
(8, 13)
(8, 14)
(8, 15)
(7, 15)
(6, 15)
(6, 16)
(6, 17)
(7, 17)
(8, 17)
(8, 18)
(8, 19)
(7, 19)
(6, 19)
kaikki ok
Reitin pituus: 12
(12, 11)
(11, 11)
(10, 11)
(9, 11)
(8, 11)
(7, 11)
(6, 11)
(6, 12)
(6, 13)
(5, 13)
(4, 13)
(3, 13)
(2, 13)
kaikki ok
Reitin pituus: 22
(14, 2)
(14, 3)
(13, 3)
(12, 3)
(12, 4)
(12, 5)
(11, 5)
(10, 5)
(10, 6)
(10, 7)
(9, 7)
(8, 7)
(7, 7)
(6, 7)
(6, 8)
(6, 9)
(6, 10)
(6, 11)
(6, 12)
(6, 13)
(5, 13)
(4, 13)
(4, 14)
kaikki ok
Reitin pituus: 7
(14, 5)
(14, 4)
(14, 3)
(13, 3)
(12, 3)
(11, 3)
(10, 3)
(9, 3)
kaikki ok
Reitin pituus: 26
(4, 15)
(4, 14)
(4, 13)
(4, 12)
(4, 11)
(4, 10)
(4, 9)
(4, 8)
(4, 7)
(4, 6)
(4, 5)
(4, 4)
(4, 3)
(5, 3)
(6, 3)
(7, 3)
(8, 3)
(9, 3)
(10, 3)
(10, 2)
(10, 1)
(11, 1)
(12, 1)
(13, 1)
(14, 1)
(15, 1)
(16, 1)
kaikki ok
Reitin pituus: 10
(5, 15)
(6, 15)
(7, 15)
(8, 15)
(9, 15)
(10, 15)
(10, 14)
(10, 13)
(11, 13)
(12, 13)
(13, 13)
kaikki ok
Reitin pituus: 24
(1, 2)
(1, 3)
(1, 4)
(1, 5)
(2, 5)
(3, 5)
(4, 5)
(4, 6)
(4, 7)
(4, 8)
(4, 9)
(4, 10)
(4, 11)
(4, 12)
(4, 13)
(5, 13)
(6, 13)
(7, 13)
(8, 13)
(8, 14)
(8, 15)
(9, 15)
(10, 15)
(11, 15)
(12, 15)
kaikki ok
Reitin pituus: 0
(9, 19)
kaikki ok
Reitin pituus: 11
(15, 1)
(14, 1)
(13, 1)
(12, 1)
(11, 1)
(10, 1)
(10, 2)
(10, 3)
(9, 3)
(8, 3)
(8, 2)
(8, 1)
kaikki ok
Reitin pituus: 10
(6, 3)
(5, 3)
(4, 3)
(4, 4)
(4, 5)
(4, 6)
(4, 7)
(4, 8)
(4, 9)
(4, 10)
(4, 11)
kaikki ok
Reitin pituus: 23
(4, 14)
(4, 13)
(5, 13)
(6, 13)
(6, 12)
(6, 11)
(7, 11)
(8, 11)
(9, 11)
(10, 11)
(11, 11)
(12, 11)
(12, 10)
(12, 9)
(13, 9)
(14, 9)
(14, 8)
(14, 7)
(14, 6)
(14, 5)
(14, 4)
(14, 3)
(15, 3)
(16, 3)
kaikki ok
Reitin pituus: 5
(4, 2)
(4, 3)
(5, 3)
(6, 3)
(7, 3)
(8, 3)
kaikki ok
Reitin pituus: 10
(6, 17)
(6, 16)
(6, 15)
(7, 15)
(8, 15)
(9, 15)
(10, 15)
(11, 15)
(12, 15)
(12, 16)
(12, 17)
kaikki ok
Reitin pituus: 4
(13, 1)
(12, 1)
(11, 1)
(10, 1)
(10, 2)
kaikki ok
Reitin pituus: 26
(6, 3)
(5, 3)
(4, 3)
(4, 4)
(4, 5)
(4, 6)
(4, 7)
(4, 8)
(4, 9)
(4, 10)
(4, 11)
(4, 12)
(4, 13)
(4, 14)
(4, 15)
(5, 15)
(6, 15)
(6, 16)
(6, 17)
(7, 17)
(8, 17)
(8, 18)
(8, 19)
(9, 19)
(10, 19)
(10, 18)
(10, 17)
kaikki ok
Reitin pituus: 11
(2, 17)
(3, 17)
(4, 17)
(4, 16)
(4, 15)
(5, 15)
(6, 15)
(7, 15)
(8, 15)
(9, 15)
(10, 15)
(10, 14)
kaikki ok
Reitin pituus: 15
(14, 7)
(14, 6)
(14, 5)
(14, 4)
(14, 3)
(13, 3)
(12, 3)
(11, 3)
(10, 3)
(9, 3)
(8, 3)
(7, 3)
(6, 3)
(5, 3)
(4, 3)
(4, 2)
kaikki ok
Reitin pituus: 22
(17, 4)
(17, 5)
(16, 5)
(15, 5)
(14, 5)
(14, 6)
(14, 7)
(14, 8)
(14, 9)
(13, 9)
(12, 9)
(12, 10)
(12, 11)
(11, 11)
(10, 11)
(9, 11)
(8, 11)
(7, 11)
(6, 11)
(6, 12)
(6, 13)
(7, 13)
(8, 13)
kaikki ok
Reitin pituus: 12
(12, 19)
(11, 19)
(10, 19)
(10, 18)
(10, 17)
(11, 17)
(12, 17)
(12, 16)
(12, 15)
(11, 15)
(10, 15)
(10, 14)
(10, 13)
kaikki ok
Reitin pituus: 23
(11, 5)
(10, 5)
(10, 6)
(10, 7)
(11, 7)
(12, 7)
(12, 8)
(12, 9)
(13, 9)
(14, 9)
(14, 10)
(14, 11)
(14, 12)
(14, 13)
(14, 14)
(14, 15)
(14, 16)
(14, 17)
(15, 17)
(16, 17)
(17, 17)
(17, 18)
(17, 19)
(16, 19)
kaikki ok
Reitin pituus: 7
(8, 5)
(8, 6)
(8, 7)
(9, 7)
(10, 7)
(11, 7)
(12, 7)
(12, 8)
kaikki ok
Reitin pituus: 12
(8, 11)
(7, 11)
(6, 11)
(6, 10)
(6, 9)
(5, 9)
(4, 9)
(4, 8)
(4, 7)
(4, 6)
(4, 5)
(3, 5)
(2, 5)
kaikki ok
Reitin pituus: 5
(10, 13)
(11, 13)
(12, 13)
(12, 12)
(12, 11)
(12, 10)
kaikki ok
Reitin pituus: 5
(6, 3)
(7, 3)
(8, 3)
(9, 3)
(10, 3)
(10, 2)
kaikki ok
Reitin pituus: 10
(12, 11)
(12, 10)
(12, 9)
(12, 8)
(12, 7)
(11, 7)
(10, 7)
(10, 6)
(10, 5)
(11, 5)
(12, 5)
kaikki ok
Reitin pituus: 1
(9, 11)
(10, 11)
kaikki ok
Reitin pituus: 16
(3, 17)
(4, 17)
(4, 16)
(4, 15)
(5, 15)
(6, 15)
(7, 15)
(8, 15)
(9, 15)
(10, 15)
(11, 15)
(12, 15)
(13, 15)
(14, 15)
(14, 14)
(14, 13)
(15, 13)
kaikki ok
Reitin pituus: 15
(7, 15)
(8, 15)
(8, 14)
(8, 13)
(7, 13)
(6, 13)
(6, 12)
(6, 11)
(6, 10)
(6, 9)
(6, 8)
(6, 7)
(7, 7)
(8, 7)
(9, 7)
(9, 8)
kaikki ok
Reitin pituus: 14
(1, 1)
(2, 1)
(3, 1)
(4, 1)
(5, 1)
(6, 1)
(7, 1)
(8, 1)
(8, 2)
(8, 3)
(9, 3)
(10, 3)
(10, 2)
(10, 1)
(11, 1)
kaikki ok
Reitin pituus: 21
(4, 8)
(4, 9)
(5, 9)
(6, 9)
(6, 10)
(6, 11)
(7, 11)
(8, 11)
(9, 11)
(10, 11)
(11, 11)
(12, 11)
(12, 12)
(12, 13)
(13, 13)
(14, 13)
(14, 14)
(14, 15)
(14, 16)
(14, 17)
(15, 17)
(16, 17)
kaikki ok
Reitin pituus: 8
(12, 15)
(13, 15)
(14, 15)
(14, 14)
(14, 13)
(14, 12)
(14, 11)
(14, 10)
(14, 9)
kaikki ok
Reitin pituus: 14
(6, 5)
(6, 4)
(6, 3)
(7, 3)
(8, 3)
(9, 3)
(10, 3)
(11, 3)
(12, 3)
(13, 3)
(14, 3)
(14, 4)
(14, 5)
(15, 5)
(16, 5)
kaikki ok
Reitin pituus: 22
(1, 4)
(1, 5)
(2, 5)
(3, 5)
(4, 5)
(4, 6)
(4, 7)
(4, 8)
(4, 9)
(4, 10)
(4, 11)
(4, 12)
(4, 13)
(4, 14)
(4, 15)
(4, 16)
(4, 17)
(3, 17)
(2, 17)
(1, 17)
(1, 18)
(1, 19)
(2, 19)
kaikki ok
Reitin pituus: 11
(6, 16)
(6, 15)
(7, 15)
(8, 15)
(9, 15)
(10, 15)
(11, 15)
(12, 15)
(13, 15)
(14, 15)
(14, 14)
(14, 13)
kaikki ok
Reitin pituus: 18
(16, 1)
(15, 1)
(14, 1)
(14, 2)
(14, 3)
(13, 3)
(12, 3)
(12, 4)
(12, 5)
(11, 5)
(10, 5)
(10, 6)
(10, 7)
(9, 7)
(8, 7)
(7, 7)
(6, 7)
(6, 8)
(6, 9)
kaikki ok
Reitin pituus: 14
(14, 15)
(14, 14)
(14, 13)
(13, 13)
(12, 13)
(12, 12)
(12, 11)
(12, 10)
(12, 9)
(12, 8)
(12, 7)
(11, 7)
(10, 7)
(9, 7)
(9, 8)
kaikki ok
Reitin pituus: 7
(17, 18)
(17, 17)
(16, 17)
(15, 17)
(14, 17)
(14, 16)
(14, 15)
(13, 15)
kaikki ok
Reitin pituus: 24
(14, 1)
(14, 2)
(14, 3)
(13, 3)
(12, 3)
(12, 4)
(12, 5)
(11, 5)
(10, 5)
(10, 6)
(10, 7)
(9, 7)
(8, 7)
(7, 7)
(6, 7)
(6, 8)
(6, 9)
(6, 10)
(6, 11)
(6, 12)
(6, 13)
(5, 13)
(4, 13)
(3, 13)
(2, 13)
kaikki ok
Reitin pituus: 25
(1, 14)
(1, 13)
(2, 13)
(3, 13)
(4, 13)
(4, 12)
(4, 11)
(4, 10)
(4, 9)
(4, 8)
(4, 7)
(4, 6)
(4, 5)
(4, 4)
(4, 3)
(5, 3)
(6, 3)
(7, 3)
(8, 3)
(9, 3)
(10, 3)
(11, 3)
(12, 3)
(13, 3)
(14, 3)
(14, 2)
kaikki ok
Reitin pituus: 15
(12, 11)
(12, 10)
(12, 9)
(12, 8)
(12, 7)
(11, 7)
(10, 7)
(9, 7)
(8, 7)
(8, 6)
(8, 5)
(7, 5)
(6, 5)
(6, 4)
(6, 3)
(7, 3)
kaikki ok
Reitin pituus: 16
(14, 17)
(14, 16)
(14, 15)
(14, 14)
(14, 13)
(13, 13)
(12, 13)
(12, 12)
(12, 11)
(12, 10)
(12, 9)
(12, 8)
(12, 7)
(11, 7)
(10, 7)
(10, 6)
(10, 5)
kaikki ok
Reitin pituus: 7
(16, 3)
(15, 3)
(14, 3)
(13, 3)
(12, 3)
(11, 3)
(10, 3)
(10, 2)
kaikki ok
Reitin pituus: 14
(5, 9)
(6, 9)
(6, 10)
(6, 11)
(7, 11)
(8, 11)
(9, 11)
(10, 11)
(11, 11)
(12, 11)
(12, 10)
(12, 9)
(13, 9)
(14, 9)
(14, 8)
kaikki ok
Reitin pituus: 15
(10, 9)
(9, 9)
(9, 8)
(9, 7)
(10, 7)
(10, 6)
(10, 5)
(11, 5)
(12, 5)
(12, 4)
(12, 3)
(13, 3)
(14, 3)
(15, 3)
(16, 3)
(17, 3)
kaikki ok
Reitin pituus: 10
(12, 3)
(12, 4)
(12, 5)
(11, 5)
(10, 5)
(10, 6)
(10, 7)
(9, 7)
(8, 7)
(8, 6)
(8, 5)
kaikki ok
Reitin pituus: 9
(5, 9)
(6, 9)
(6, 10)
(6, 11)
(7, 11)
(8, 11)
(9, 11)
(10, 11)
(11, 11)
(12, 11)
kaikki ok
Reitin pituus: 16
(12, 4)
(12, 3)
(13, 3)
(14, 3)
(14, 4)
(14, 5)
(14, 6)
(14, 7)
(14, 8)
(14, 9)
(14, 10)
(14, 11)
(14, 12)
(14, 13)
(15, 13)
(16, 13)
(17, 13)
kaikki ok
Reitin pituus: 11
(8, 13)
(8, 14)
(8, 15)
(9, 15)
(10, 15)
(11, 15)
(12, 15)
(13, 15)
(14, 15)
(14, 16)
(14, 17)
(15, 17)
kaikki ok
Reitin pituus: 6
(15, 5)
(14, 5)
(14, 6)
(14, 7)
(14, 8)
(14, 9)
(14, 10)
kaikki ok
Reitin pituus: 13
(12, 5)
(12, 4)
(12, 3)
(11, 3)
(10, 3)
(9, 3)
(8, 3)
(8, 2)
(8, 1)
(7, 1)
(6, 1)
(5, 1)
(4, 1)
(3, 1)
kaikki ok
Reitin pituus: 11
(4, 15)
(5, 15)
(6, 15)
(7, 15)
(8, 15)
(9, 15)
(10, 15)
(11, 15)
(12, 15)
(13, 15)
(14, 15)
(14, 16)
kaikki ok
Reitin pituus: 13
(10, 11)
(11, 11)
(12, 11)
(12, 10)
(12, 9)
(13, 9)
(14, 9)
(14, 8)
(14, 7)
(14, 6)
(14, 5)
(15, 5)
(16, 5)
(17, 5)
kaikki ok
Reitin pituus: 11
(2, 19)
(1, 19)
(1, 18)
(1, 17)
(2, 17)
(3, 17)
(4, 17)
(4, 16)
(4, 15)
(5, 15)
(6, 15)
(6, 16)
kaikki ok
Reitin pituus: 19
(4, 19)
(5, 19)
(6, 19)
(7, 19)
(8, 19)
(9, 19)
(10, 19)
(11, 19)
(12, 19)
(13, 19)
(14, 19)
(15, 19)
(16, 19)
(17, 19)
(17, 18)
(17, 17)
(16, 17)
(16, 16)
(16, 15)
(17, 15)
kaikki ok
Reitin pituus: 17
(14, 17)
(14, 16)
(14, 15)
(13, 15)
(12, 15)
(11, 15)
(10, 15)
(9, 15)
(8, 15)
(8, 14)
(8, 13)
(7, 13)
(6, 13)
(6, 12)
(6, 11)
(6, 10)
(6, 9)
(6, 8)
kaikki ok
Reitin pituus: 20
(17, 4)
(17, 5)
(16, 5)
(15, 5)
(14, 5)
(14, 6)
(14, 7)
(14, 8)
(14, 9)
(13, 9)
(12, 9)
(12, 10)
(12, 11)
(11, 11)
(10, 11)
(9, 11)
(8, 11)
(7, 11)
(6, 11)
(6, 12)
(6, 13)
kaikki ok
Reitin pituus: 20
(10, 3)
(11, 3)
(12, 3)
(13, 3)
(14, 3)
(14, 4)
(14, 5)
(14, 6)
(14, 7)
(14, 8)
(14, 9)
(14, 10)
(14, 11)
(14, 12)
(14, 13)
(14, 14)
(14, 15)
(13, 15)
(12, 15)
(12, 16)
(12, 17)
kaikki ok
Reitin pituus: 9
(14, 15)
(13, 15)
(12, 15)
(11, 15)
(10, 15)
(9, 15)
(8, 15)
(8, 14)
(8, 13)
(7, 13)
kaikki ok
Reitin pituus: 19
(16, 15)
(17, 15)
(17, 14)
(17, 13)
(16, 13)
(15, 13)
(14, 13)
(14, 12)
(14, 11)
(14, 10)
(14, 9)
(14, 8)
(14, 7)
(14, 6)
(14, 5)
(14, 4)
(14, 3)
(13, 3)
(12, 3)
(11, 3)
kaikki ok
Reitin pituus: 13
(7, 17)
(6, 17)
(6, 16)
(6, 15)
(7, 15)
(8, 15)
(9, 15)
(10, 15)
(10, 14)
(10, 13)
(11, 13)
(12, 13)
(13, 13)
(14, 13)
kaikki ok
Reitin pituus: 13
(14, 11)
(14, 10)
(14, 9)
(13, 9)
(12, 9)
(12, 8)
(12, 7)
(11, 7)
(10, 7)
(9, 7)
(8, 7)
(8, 6)
(8, 5)
(7, 5)
kaikki ok
Reitin pituus: 9
(8, 17)
(8, 18)
(8, 19)
(7, 19)
(6, 19)
(5, 19)
(4, 19)
(3, 19)
(2, 19)
(1, 19)
kaikki ok
Reitin pituus: 14
(11, 13)
(12, 13)
(13, 13)
(14, 13)
(14, 12)
(14, 11)
(14, 10)
(14, 9)
(14, 8)
(14, 7)
(14, 6)
(14, 5)
(14, 4)
(14, 3)
(15, 3)
kaikki ok
Reitin pituus: 13
(16, 3)
(15, 3)
(14, 3)
(13, 3)
(12, 3)
(11, 3)
(10, 3)
(9, 3)
(8, 3)
(8, 2)
(8, 1)
(7, 1)
(6, 1)
(5, 1)
kaikki ok
Reitin pituus: 15
(7, 13)
(6, 13)
(6, 12)
(6, 11)
(6, 10)
(6, 9)
(5, 9)
(4, 9)
(4, 8)
(4, 7)
(4, 6)
(4, 5)
(3, 5)
(2, 5)
(1, 5)
(1, 4)
kaikki ok
Reitin pituus: 17
(2, 1)
(3, 1)
(4, 1)
(4, 2)
(4, 3)
(5, 3)
(6, 3)
(6, 4)
(6, 5)
(7, 5)
(8, 5)
(8, 6)
(8, 7)
(9, 7)
(10, 7)
(11, 7)
(12, 7)
(12, 8)
kaikki ok
Reitin pituus: 12
(6, 8)
(6, 7)
(7, 7)
(8, 7)
(9, 7)
(10, 7)
(11, 7)
(12, 7)
(12, 8)
(12, 9)
(13, 9)
(14, 9)
(14, 10)
kaikki ok
Reitin pituus: 8
(10, 6)
(10, 7)
(11, 7)
(12, 7)
(12, 8)
(12, 9)
(12, 10)
(12, 11)
(12, 12)
kaikki ok
Reitin pituus: 20
(11, 13)
(12, 13)
(12, 12)
(12, 11)
(12, 10)
(12, 9)
(12, 8)
(12, 7)
(11, 7)
(10, 7)
(9, 7)
(8, 7)
(8, 6)
(8, 5)
(7, 5)
(6, 5)
(6, 4)
(6, 3)
(5, 3)
(4, 3)
(4, 2)
kaikki ok
Reitin pituus: 4
(8, 6)
(8, 7)
(9, 7)
(9, 8)
(9, 9)
kaikki ok
Reitin pituus: 7
(8, 13)
(7, 13)
(6, 13)
(6, 12)
(6, 11)
(6, 10)
(6, 9)
(6, 8)
kaikki ok
Reitin pituus: 27
(4, 16)
(4, 15)
(5, 15)
(6, 15)
(7, 15)
(8, 15)
(9, 15)
(10, 15)
(10, 14)
(10, 13)
(11, 13)
(12, 13)
(12, 12)
(12, 11)
(12, 10)
(12, 9)
(13, 9)
(14, 9)
(14, 8)
(14, 7)
(14, 6)
(14, 5)
(14, 4)
(14, 3)
(14, 2)
(14, 1)
(15, 1)
(16, 1)
kaikki ok
Reitin pituus: 16
(3, 17)
(4, 17)
(4, 16)
(4, 15)
(5, 15)
(6, 15)
(7, 15)
(8, 15)
(9, 15)
(10, 15)
(11, 15)
(12, 15)
(13, 15)
(14, 15)
(14, 14)
(14, 13)
(14, 12)
kaikki ok
Reitin pituus: 12
(14, 13)
(14, 14)
(14, 15)
(13, 15)
(12, 15)
(11, 15)
(10, 15)
(9, 15)
(8, 15)
(7, 15)
(6, 15)
(6, 16)
(6, 17)
kaikki ok
Reitin pituus: 18
(1, 2)
(1, 3)
(2, 3)
(3, 3)
(4, 3)
(5, 3)
(6, 3)
(7, 3)
(8, 3)
(9, 3)
(10, 3)
(11, 3)
(12, 3)
(13, 3)
(14, 3)
(14, 4)
(14, 5)
(15, 5)
(16, 5)
kaikki ok
Reitin pituus: 8
(8, 1)
(8, 2)
(8, 3)
(9, 3)
(10, 3)
(10, 2)
(10, 1)
(11, 1)
(12, 1)
kaikki ok
Reitin pituus: 24
(11, 17)
(12, 17)
(12, 16)
(12, 15)
(11, 15)
(10, 15)
(9, 15)
(8, 15)
(8, 14)
(8, 13)
(7, 13)
(6, 13)
(5, 13)
(4, 13)
(4, 12)
(4, 11)
(4, 10)
(4, 9)
(4, 8)
(4, 7)
(4, 6)
(4, 5)
(3, 5)
(2, 5)
(1, 5)
kaikki ok
Reitin pituus: 23
(14, 16)
(14, 15)
(13, 15)
(12, 15)
(11, 15)
(10, 15)
(9, 15)
(8, 15)
(8, 14)
(8, 13)
(7, 13)
(6, 13)
(6, 12)
(6, 11)
(6, 10)
(6, 9)
(5, 9)
(4, 9)
(4, 8)
(4, 7)
(4, 6)
(4, 5)
(3, 5)
(2, 5)
kaikki ok
Reitin pituus: 2
(10, 14)
(10, 13)
(11, 13)
kaikki ok
Reitin pituus: 13
(10, 7)
(9, 7)
(8, 7)
(8, 6)
(8, 5)
(7, 5)
(6, 5)
(6, 4)
(6, 3)
(5, 3)
(4, 3)
(4, 2)
(4, 1)
(3, 1)
kaikki ok
Reitin pituus: 16
(17, 4)
(17, 3)
(16, 3)
(15, 3)
(14, 3)
(13, 3)
(12, 3)
(11, 3)
(10, 3)
(9, 3)
(8, 3)
(7, 3)
(6, 3)
(5, 3)
(4, 3)
(4, 2)
(4, 1)
kaikki ok
Reitin pituus: 1
(5, 19)
(4, 19)
kaikki ok
Reitin pituus: 11
(12, 7)
(11, 7)
(10, 7)
(10, 6)
(10, 5)
(11, 5)
(12, 5)
(12, 4)
(12, 3)
(13, 3)
(14, 3)
(14, 2)
kaikki ok
Reitin pituus: 8
(12, 4)
(12, 5)
(11, 5)
(10, 5)
(10, 6)
(10, 7)
(9, 7)
(8, 7)
(7, 7)
kaikki ok
Reitin pituus: 13
(4, 12)
(4, 11)
(4, 10)
(4, 9)
(5, 9)
(6, 9)
(6, 8)
(6, 7)
(7, 7)
(8, 7)
(9, 7)
(10, 7)
(10, 6)
(10, 5)
kaikki ok
Reitin pituus: 19
(15, 13)
(14, 13)
(14, 12)
(14, 11)
(14, 10)
(14, 9)
(14, 8)
(14, 7)
(14, 6)
(14, 5)
(14, 4)
(14, 3)
(13, 3)
(12, 3)
(11, 3)
(10, 3)
(9, 3)
(8, 3)
(8, 2)
(8, 1)
kaikki ok
Reitin pituus: 21
(10, 18)
(10, 17)
(11, 17)
(12, 17)
(12, 16)
(12, 15)
(11, 15)
(10, 15)
(10, 14)
(10, 13)
(11, 13)
(12, 13)
(12, 12)
(12, 11)
(12, 10)
(12, 9)
(12, 8)
(12, 7)
(11, 7)
(10, 7)
(10, 6)
(10, 5)
kaikki ok
Reitin pituus: 8
(15, 5)
(14, 5)
(14, 6)
(14, 7)
(14, 8)
(14, 9)
(14, 10)
(14, 11)
(14, 12)
kaikki ok
Reitin pituus: 18
(3, 3)
(4, 3)
(4, 4)
(4, 5)
(4, 6)
(4, 7)
(4, 8)
(4, 9)
(4, 10)
(4, 11)
(4, 12)
(4, 13)
(3, 13)
(2, 13)
(1, 13)
(1, 14)
(1, 15)
(2, 15)
(2, 16)
kaikki ok
Reitin pituus: 8
(6, 5)
(6, 4)
(6, 3)
(5, 3)
(4, 3)
(3, 3)
(2, 3)
(1, 3)
(1, 2)
kaikki ok
Reitin pituus: 12
(10, 1)
(10, 2)
(10, 3)
(11, 3)
(12, 3)
(12, 4)
(12, 5)
(11, 5)
(10, 5)
(10, 6)
(10, 7)
(9, 7)
(9, 8)
kaikki ok
Reitin pituus: 24
(4, 2)
(4, 3)
(4, 4)
(4, 5)
(4, 6)
(4, 7)
(4, 8)
(4, 9)
(4, 10)
(4, 11)
(4, 12)
(4, 13)
(4, 14)
(4, 15)
(5, 15)
(6, 15)
(6, 16)
(6, 17)
(7, 17)
(8, 17)
(8, 18)
(8, 19)
(7, 19)
(6, 19)
(5, 19)
kaikki ok
Reitin pituus: 9
(12, 10)
(12, 9)
(12, 8)
(12, 7)
(11, 7)
(10, 7)
(9, 7)
(9, 8)
(9, 9)
(8, 9)
kaikki ok
Reitin pituus: 17
(10, 3)
(11, 3)
(12, 3)
(13, 3)
(14, 3)
(14, 4)
(14, 5)
(14, 6)
(14, 7)
(14, 8)
(14, 9)
(14, 10)
(14, 11)
(14, 12)
(14, 13)
(14, 14)
(14, 15)
(14, 16)
kaikki ok
Reitin pituus: 11
(16, 3)
(15, 3)
(14, 3)
(13, 3)
(12, 3)
(11, 3)
(10, 3)
(9, 3)
(8, 3)
(7, 3)
(6, 3)
(5, 3)
kaikki ok
Reitin pituus: 14
(15, 3)
(14, 3)
(14, 4)
(14, 5)
(14, 6)
(14, 7)
(14, 8)
(14, 9)
(14, 10)
(14, 11)
(14, 12)
(14, 13)
(14, 14)
(14, 15)
(13, 15)
kaikki ok
Reitin pituus: 2
(11, 3)
(12, 3)
(12, 4)
kaikki ok
Reitin pituus: 8
(4, 8)
(4, 9)
(5, 9)
(6, 9)
(6, 10)
(6, 11)
(7, 11)
(8, 11)
(9, 11)
kaikki ok
Reitin pituus: 19
(1, 18)
(1, 17)
(2, 17)
(3, 17)
(4, 17)
(4, 16)
(4, 15)
(5, 15)
(6, 15)
(7, 15)
(8, 15)
(9, 15)
(10, 15)
(10, 14)
(10, 13)
(11, 13)
(12, 13)
(12, 12)
(12, 11)
(12, 10)
kaikki ok
Reitin pituus: 18
(17, 15)
(17, 14)
(17, 13)
(16, 13)
(15, 13)
(14, 13)
(13, 13)
(12, 13)
(12, 12)
(12, 11)
(12, 10)
(12, 9)
(12, 8)
(12, 7)
(11, 7)
(10, 7)
(9, 7)
(9, 8)
(9, 9)
kaikki ok
Reitin pituus: 8
(12, 15)
(11, 15)
(10, 15)
(9, 15)
(8, 15)
(8, 14)
(8, 13)
(7, 13)
(6, 13)
kaikki ok
Reitin pituus: 15
(2, 19)
(3, 19)
(4, 19)
(5, 19)
(6, 19)
(7, 19)
(8, 19)
(9, 19)
(10, 19)
(10, 18)
(10, 17)
(11, 17)
(12, 17)
(12, 16)
(12, 15)
(11, 15)
kaikki ok
Reitin pituus: 24
(6, 16)
(6, 15)
(5, 15)
(4, 15)
(4, 14)
(4, 13)
(4, 12)
(4, 11)
(4, 10)
(4, 9)
(4, 8)
(4, 7)
(4, 6)
(4, 5)
(4, 4)
(4, 3)
(5, 3)
(6, 3)
(7, 3)
(8, 3)
(9, 3)
(10, 3)
(10, 2)
(10, 1)
(11, 1)
kaikki ok
Reitin pituus: 24
(17, 18)
(17, 17)
(16, 17)
(15, 17)
(14, 17)
(14, 16)
(14, 15)
(14, 14)
(14, 13)
(14, 12)
(14, 11)
(14, 10)
(14, 9)
(14, 8)
(14, 7)
(14, 6)
(14, 5)
(14, 4)
(14, 3)
(13, 3)
(12, 3)
(11, 3)
(10, 3)
(9, 3)
(8, 3)
kaikki ok
Reitin pituus: 28
(16, 16)
(16, 17)
(15, 17)
(14, 17)
(14, 16)
(14, 15)
(13, 15)
(12, 15)
(11, 15)
(10, 15)
(9, 15)
(8, 15)
(7, 15)
(6, 15)
(5, 15)
(4, 15)
(4, 14)
(4, 13)
(4, 12)
(4, 11)
(4, 10)
(4, 9)
(4, 8)
(4, 7)
(4, 6)
(4, 5)
(4, 4)
(4, 3)
(4, 2)
kaikki ok
Reitin pituus: 9
(17, 4)
(17, 5)
(16, 5)
(15, 5)
(14, 5)
(14, 6)
(14, 7)
(14, 8)
(14, 9)
(13, 9)
kaikki ok
Reitin pituus: 8
(9, 11)
(10, 11)
(11, 11)
(12, 11)
(12, 10)
(12, 9)
(13, 9)
(14, 9)
(14, 10)
kaikki ok
Reitin pituus: 10
(4, 8)
(4, 7)
(4, 6)
(4, 5)
(4, 4)
(4, 3)
(5, 3)
(6, 3)
(7, 3)
(8, 3)
(9, 3)
kaikki ok
Reitin pituus: 1
(15, 5)
(14, 5)
kaikki ok
Reitin pituus: 17
(8, 9)
(9, 9)
(9, 8)
(9, 7)
(8, 7)
(8, 6)
(8, 5)
(7, 5)
(6, 5)
(6, 4)
(6, 3)
(5, 3)
(4, 3)
(3, 3)
(2, 3)
(1, 3)
(1, 2)
(1, 1)
kaikki ok
Reitin pituus: 17
(2, 15)
(1, 15)
(1, 14)
(1, 13)
(2, 13)
(3, 13)
(4, 13)
(5, 13)
(6, 13)
(6, 12)
(6, 11)
(6, 10)
(6, 9)
(6, 8)
(6, 7)
(7, 7)
(8, 7)
(8, 6)
kaikki ok
Reitin pituus: 24
(13, 19)
(12, 19)
(11, 19)
(10, 19)
(10, 18)
(10, 17)
(11, 17)
(12, 17)
(12, 16)
(12, 15)
(13, 15)
(14, 15)
(14, 14)
(14, 13)
(14, 12)
(14, 11)
(14, 10)
(14, 9)
(14, 8)
(14, 7)
(14, 6)
(14, 5)
(14, 4)
(14, 3)
(14, 2)
kaikki ok
Reitin pituus: 12
(14, 8)
(14, 9)
(13, 9)
(12, 9)
(12, 10)
(12, 11)
(11, 11)
(10, 11)
(9, 11)
(8, 11)
(7, 11)
(6, 11)
(6, 10)
kaikki ok
Reitin pituus: 12
(4, 17)
(4, 16)
(4, 15)
(5, 15)
(6, 15)
(6, 16)
(6, 17)
(7, 17)
(8, 17)
(8, 18)
(8, 19)
(9, 19)
(10, 19)
kaikki ok
Reitin pituus: 9
(5, 19)
(4, 19)
(3, 19)
(2, 19)
(1, 19)
(1, 18)
(1, 17)
(2, 17)
(3, 17)
(4, 17)
kaikki ok
Reitin pituus: 8
(15, 3)
(14, 3)
(14, 4)
(14, 5)
(14, 6)
(14, 7)
(14, 8)
(14, 9)
(14, 10)
kaikki ok
Reitin pituus: 23
(13, 3)
(12, 3)
(12, 4)
(12, 5)
(11, 5)
(10, 5)
(10, 6)
(10, 7)
(9, 7)
(8, 7)
(7, 7)
(6, 7)
(6, 8)
(6, 9)
(6, 10)
(6, 11)
(6, 12)
(6, 13)
(5, 13)
(4, 13)
(3, 13)
(2, 13)
(1, 13)
(1, 14)
kaikki ok
Reitin pituus: 12
(4, 9)
(4, 8)
(4, 7)
(4, 6)
(4, 5)
(4, 4)
(4, 3)
(4, 2)
(4, 1)
(5, 1)
(6, 1)
(7, 1)
(8, 1)
kaikki ok
Reitin pituus: 7
(14, 14)
(14, 13)
(13, 13)
(12, 13)
(12, 12)
(12, 11)
(12, 10)
(12, 9)
kaikki ok
Reitin pituus: 24
(4, 1)
(4, 2)
(4, 3)
(4, 4)
(4, 5)
(4, 6)
(4, 7)
(4, 8)
(4, 9)
(5, 9)
(6, 9)
(6, 10)
(6, 11)
(6, 12)
(6, 13)
(7, 13)
(8, 13)
(8, 14)
(8, 15)
(9, 15)
(10, 15)
(11, 15)
(12, 15)
(12, 16)
(12, 17)
kaikki ok
Reitin pituus: 2
(4, 16)
(4, 15)
(5, 15)
kaikki ok
Reitin pituus: 17
(10, 14)
(10, 15)
(9, 15)
(8, 15)
(7, 15)
(6, 15)
(5, 15)
(4, 15)
(4, 14)
(4, 13)
(4, 12)
(4, 11)
(4, 10)
(4, 9)
(4, 8)
(4, 7)
(4, 6)
(4, 5)
kaikki ok
Reitin pituus: 5
(14, 17)
(15, 17)
(16, 17)
(17, 17)
(17, 18)
(17, 19)
kaikki ok
Reitin pituus: 4
(6, 5)
(7, 5)
(8, 5)
(8, 6)
(8, 7)
kaikki ok
Reitin pituus: 12
(6, 12)
(6, 11)
(7, 11)
(8, 11)
(9, 11)
(10, 11)
(11, 11)
(12, 11)
(12, 10)
(12, 9)
(13, 9)
(14, 9)
(14, 8)
kaikki ok
Reitin pituus: 23
(8, 6)
(8, 7)
(7, 7)
(6, 7)
(6, 8)
(6, 9)
(6, 10)
(6, 11)
(6, 12)
(6, 13)
(5, 13)
(4, 13)
(4, 14)
(4, 15)
(4, 16)
(4, 17)
(3, 17)
(2, 17)
(1, 17)
(1, 18)
(1, 19)
(2, 19)
(3, 19)
(4, 19)
kaikki ok
Reitin pituus: 13
(2, 13)
(3, 13)
(4, 13)
(4, 14)
(4, 15)
(5, 15)
(6, 15)
(7, 15)
(8, 15)
(9, 15)
(10, 15)
(10, 14)
(10, 13)
(11, 13)
kaikki ok
Reitin pituus: 12
(12, 1)
(13, 1)
(14, 1)
(14, 2)
(14, 3)
(14, 4)
(14, 5)
(14, 6)
(14, 7)
(14, 8)
(14, 9)
(14, 10)
(14, 11)
kaikki ok
Reitin pituus: 19
(4, 11)
(4, 10)
(4, 9)
(4, 8)
(4, 7)
(4, 6)
(4, 5)
(4, 4)
(4, 3)
(5, 3)
(6, 3)
(7, 3)
(8, 3)
(9, 3)
(10, 3)
(10, 2)
(10, 1)
(11, 1)
(12, 1)
(13, 1)
kaikki ok
Reitin pituus: 19
(3, 19)
(4, 19)
(5, 19)
(6, 19)
(7, 19)
(8, 19)
(9, 19)
(10, 19)
(10, 18)
(10, 17)
(11, 17)
(12, 17)
(12, 16)
(12, 15)
(13, 15)
(14, 15)
(14, 14)
(14, 13)
(14, 12)
(14, 11)
kaikki ok
Reitin pituus: 23
(16, 3)
(15, 3)
(14, 3)
(14, 4)
(14, 5)
(14, 6)
(14, 7)
(14, 8)
(14, 9)
(14, 10)
(14, 11)
(14, 12)
(14, 13)
(14, 14)
(14, 15)
(13, 15)
(12, 15)
(12, 16)
(12, 17)
(11, 17)
(10, 17)
(10, 18)
(10, 19)
(9, 19)
kaikki ok
Reitin pituus: 6
(4, 17)
(3, 17)
(2, 17)
(1, 17)
(1, 18)
(1, 19)
(2, 19)
kaikki ok
Reitin pituus: 19
(14, 10)
(14, 9)
(13, 9)
(12, 9)
(12, 8)
(12, 7)
(11, 7)
(10, 7)
(9, 7)
(8, 7)
(8, 6)
(8, 5)
(7, 5)
(6, 5)
(6, 4)
(6, 3)
(5, 3)
(4, 3)
(4, 4)
(4, 5)
kaikki ok
Reitin pituus: 21
(3, 1)
(4, 1)
(4, 2)
(4, 3)
(4, 4)
(4, 5)
(4, 6)
(4, 7)
(4, 8)
(4, 9)
(5, 9)
(6, 9)
(6, 10)
(6, 11)
(7, 11)
(8, 11)
(9, 11)
(10, 11)
(11, 11)
(12, 11)
(12, 12)
(12, 13)
kaikki ok
Reitin pituus: 21
(6, 5)
(7, 5)
(8, 5)
(8, 6)
(8, 7)
(7, 7)
(6, 7)
(6, 8)
(6, 9)
(5, 9)
(4, 9)
(4, 10)
(4, 11)
(4, 12)
(4, 13)
(4, 14)
(4, 15)
(4, 16)
(4, 17)
(3, 17)
(2, 17)
(1, 17)
kaikki ok
Reitin pituus: 14
(2, 17)
(1, 17)
(1, 18)
(1, 19)
(2, 19)
(3, 19)
(4, 19)
(5, 19)
(6, 19)
(7, 19)
(8, 19)
(9, 19)
(10, 19)
(11, 19)
(12, 19)
kaikki ok
Reitin pituus: 6
(15, 17)
(14, 17)
(14, 16)
(14, 15)
(14, 14)
(14, 13)
(14, 12)
kaikki ok
Reitin pituus: 4
(4, 14)
(4, 13)
(3, 13)
(2, 13)
(1, 13)
kaikki ok
Reitin pituus: 14
(7, 1)
(8, 1)
(8, 2)
(8, 3)
(9, 3)
(10, 3)
(11, 3)
(12, 3)
(13, 3)
(14, 3)
(15, 3)
(16, 3)
(17, 3)
(17, 4)
(17, 5)
kaikki ok
Reitin pituus: 10
(12, 10)
(12, 9)
(12, 8)
(12, 7)
(11, 7)
(10, 7)
(10, 6)
(10, 5)
(11, 5)
(12, 5)
(12, 4)
kaikki ok
Reitin pituus: 31
(17, 2)
(17, 3)
(17, 4)
(17, 5)
(16, 5)
(15, 5)
(14, 5)
(14, 6)
(14, 7)
(14, 8)
(14, 9)
(14, 10)
(14, 11)
(14, 12)
(14, 13)
(14, 14)
(14, 15)
(13, 15)
(12, 15)
(12, 16)
(12, 17)
(11, 17)
(10, 17)
(10, 18)
(10, 19)
(9, 19)
(8, 19)
(7, 19)
(6, 19)
(5, 19)
(4, 19)
(3, 19)
kaikki ok
Reitin pituus: 4
(8, 1)
(8, 2)
(8, 3)
(9, 3)
(10, 3)
kaikki ok
Reitin pituus: 16
(17, 1)
(16, 1)
(15, 1)
(14, 1)
(13, 1)
(12, 1)
(11, 1)
(10, 1)
(10, 2)
(10, 3)
(9, 3)
(8, 3)
(7, 3)
(6, 3)
(6, 4)
(6, 5)
(7, 5)
kaikki ok
Reitin pituus: 15
(6, 15)
(7, 15)
(8, 15)
(9, 15)
(10, 15)
(10, 14)
(10, 13)
(11, 13)
(12, 13)
(12, 12)
(12, 11)
(12, 10)
(12, 9)
(12, 8)
(12, 7)
(11, 7)
kaikki ok
Reitin pituus: 29
(17, 2)
(17, 3)
(16, 3)
(15, 3)
(14, 3)
(13, 3)
(12, 3)
(11, 3)
(10, 3)
(9, 3)
(8, 3)
(7, 3)
(6, 3)
(5, 3)
(4, 3)
(4, 4)
(4, 5)
(4, 6)
(4, 7)
(4, 8)
(4, 9)
(4, 10)
(4, 11)
(4, 12)
(4, 13)
(4, 14)
(4, 15)
(4, 16)
(4, 17)
(3, 17)
kaikki ok
Reitin pituus: 21
(2, 19)
(1, 19)
(1, 18)
(1, 17)
(2, 17)
(3, 17)
(4, 17)
(4, 16)
(4, 15)
(4, 14)
(4, 13)
(5, 13)
(6, 13)
(6, 12)
(6, 11)
(6, 10)
(6, 9)
(6, 8)
(6, 7)
(7, 7)
(8, 7)
(9, 7)
kaikki ok
Reitin pituus: 28
(17, 19)
(17, 18)
(17, 17)
(16, 17)
(15, 17)
(14, 17)
(14, 16)
(14, 15)
(13, 15)
(12, 15)
(11, 15)
(10, 15)
(9, 15)
(8, 15)
(8, 14)
(8, 13)
(7, 13)
(6, 13)
(6, 12)
(6, 11)
(6, 10)
(6, 9)
(5, 9)
(4, 9)
(4, 8)
(4, 7)
(4, 6)
(4, 5)
(4, 4)
kaikki ok
Reitin pituus: 21
(11, 17)
(12, 17)
(12, 16)
(12, 15)
(13, 15)
(14, 15)
(14, 14)
(14, 13)
(14, 12)
(14, 11)
(14, 10)
(14, 9)
(13, 9)
(12, 9)
(12, 8)
(12, 7)
(11, 7)
(10, 7)
(9, 7)
(9, 8)
(9, 9)
(8, 9)
kaikki ok
Reitin pituus: 15
(11, 7)
(10, 7)
(9, 7)
(8, 7)
(8, 6)
(8, 5)
(7, 5)
(6, 5)
(6, 4)
(6, 3)
(5, 3)
(4, 3)
(4, 2)
(4, 1)
(3, 1)
(2, 1)
kaikki ok
Reitin pituus: 12
(15, 5)
(14, 5)
(14, 6)
(14, 7)
(14, 8)
(14, 9)
(13, 9)
(12, 9)
(12, 10)
(12, 11)
(11, 11)
(10, 11)
(9, 11)
kaikki ok
Reitin pituus: 10
(6, 3)
(6, 4)
(6, 5)
(7, 5)
(8, 5)
(8, 6)
(8, 7)
(9, 7)
(9, 8)
(9, 9)
(10, 9)
kaikki ok
Reitin pituus: 5
(2, 1)
(3, 1)
(4, 1)
(4, 2)
(4, 3)
(4, 4)
kaikki ok
Reitin pituus: 11
(12, 10)
(12, 9)
(13, 9)
(14, 9)
(14, 8)
(14, 7)
(14, 6)
(14, 5)
(14, 4)
(14, 3)
(15, 3)
(16, 3)
kaikki ok
Reitin pituus: 3
(7, 11)
(6, 11)
(6, 10)
(6, 9)
kaikki ok
Reitin pituus: 14
(12, 19)
(11, 19)
(10, 19)
(9, 19)
(8, 19)
(8, 18)
(8, 17)
(7, 17)
(6, 17)
(6, 16)
(6, 15)
(5, 15)
(4, 15)
(4, 16)
(4, 17)
kaikki ok
Reitin pituus: 16
(4, 5)
(4, 4)
(4, 3)
(5, 3)
(6, 3)
(7, 3)
(8, 3)
(9, 3)
(10, 3)
(11, 3)
(12, 3)
(13, 3)
(14, 3)
(15, 3)
(16, 3)
(17, 3)
(17, 4)
kaikki ok
Reitin pituus: 15
(8, 6)
(8, 7)
(9, 7)
(10, 7)
(11, 7)
(12, 7)
(12, 8)
(12, 9)
(12, 10)
(12, 11)
(12, 12)
(12, 13)
(13, 13)
(14, 13)
(14, 14)
(14, 15)
kaikki ok
Reitin pituus: 22
(8, 15)
(9, 15)
(10, 15)
(11, 15)
(12, 15)
(13, 15)
(14, 15)
(14, 14)
(14, 13)
(14, 12)
(14, 11)
(14, 10)
(14, 9)
(14, 8)
(14, 7)
(14, 6)
(14, 5)
(14, 4)
(14, 3)
(15, 3)
(16, 3)
(17, 3)
(17, 2)
kaikki ok
Reitin pituus: 28
(14, 17)
(14, 16)
(14, 15)
(13, 15)
(12, 15)
(11, 15)
(10, 15)
(9, 15)
(8, 15)
(8, 14)
(8, 13)
(7, 13)
(6, 13)
(6, 12)
(6, 11)
(6, 10)
(6, 9)
(5, 9)
(4, 9)
(4, 8)
(4, 7)
(4, 6)
(4, 5)
(4, 4)
(4, 3)
(4, 2)
(4, 1)
(3, 1)
(2, 1)
kaikki ok
Reitin pituus: 7
(4, 11)
(4, 12)
(4, 13)
(4, 14)
(4, 15)
(5, 15)
(6, 15)
(7, 15)
kaikki ok
Reitin pituus: 6
(12, 8)
(12, 9)
(13, 9)
(14, 9)
(14, 8)
(14, 7)
(14, 6)
kaikki ok
Reitin pituus: 9
(10, 6)
(10, 7)
(11, 7)
(12, 7)
(12, 8)
(12, 9)
(12, 10)
(12, 11)
(11, 11)
(10, 11)
kaikki ok
Reitin pituus: 26
(7, 1)
(8, 1)
(8, 2)
(8, 3)
(9, 3)
(10, 3)
(11, 3)
(12, 3)
(13, 3)
(14, 3)
(14, 4)
(14, 5)
(14, 6)
(14, 7)
(14, 8)
(14, 9)
(14, 10)
(14, 11)
(14, 12)
(14, 13)
(14, 14)
(14, 15)
(13, 15)
(12, 15)
(12, 16)
(12, 17)
(11, 17)
kaikki ok
Reitin pituus: 13
(16, 5)
(15, 5)
(14, 5)
(14, 6)
(14, 7)
(14, 8)
(14, 9)
(14, 10)
(14, 11)
(14, 12)
(14, 13)
(14, 14)
(14, 15)
(13, 15)
kaikki ok
Reitin pituus: 12
(14, 13)
(14, 12)
(14, 11)
(14, 10)
(14, 9)
(14, 8)
(14, 7)
(14, 6)
(14, 5)
(14, 4)
(14, 3)
(13, 3)
(12, 3)
kaikki ok
Reitin pituus: 19
(10, 14)
(10, 13)
(11, 13)
(12, 13)
(13, 13)
(14, 13)
(14, 12)
(14, 11)
(14, 10)
(14, 9)
(14, 8)
(14, 7)
(14, 6)
(14, 5)
(15, 5)
(16, 5)
(17, 5)
(17, 4)
(17, 3)
(17, 2)
kaikki ok
Reitin pituus: 16
(12, 17)
(12, 16)
(12, 15)
(13, 15)
(14, 15)
(14, 14)
(14, 13)
(14, 12)
(14, 11)
(14, 10)
(14, 9)
(14, 8)
(14, 7)
(14, 6)
(14, 5)
(15, 5)
(16, 5)
kaikki ok
Reitin pituus: 17
(11, 17)
(12, 17)
(12, 16)
(12, 15)
(13, 15)
(14, 15)
(14, 14)
(14, 13)
(14, 12)
(14, 11)
(14, 10)
(14, 9)
(14, 8)
(14, 7)
(14, 6)
(14, 5)
(15, 5)
(16, 5)
kaikki ok
Reitin pituus: 24
(3, 1)
(4, 1)
(4, 2)
(4, 3)
(4, 4)
(4, 5)
(4, 6)
(4, 7)
(4, 8)
(4, 9)
(5, 9)
(6, 9)
(6, 10)
(6, 11)
(6, 12)
(6, 13)
(7, 13)
(8, 13)
(8, 14)
(8, 15)
(9, 15)
(10, 15)
(11, 15)
(12, 15)
(12, 16)
kaikki ok
Reitin pituus: 26
(5, 1)
(6, 1)
(7, 1)
(8, 1)
(8, 2)
(8, 3)
(9, 3)
(10, 3)
(11, 3)
(12, 3)
(13, 3)
(14, 3)
(14, 4)
(14, 5)
(14, 6)
(14, 7)
(14, 8)
(14, 9)
(14, 10)
(14, 11)
(14, 12)
(14, 13)
(14, 14)
(14, 15)
(14, 16)
(14, 17)
(15, 17)
kaikki ok
Reitin pituus: 28
(11, 1)
(10, 1)
(10, 2)
(10, 3)
(9, 3)
(8, 3)
(7, 3)
(6, 3)
(5, 3)
(4, 3)
(4, 4)
(4, 5)
(4, 6)
(4, 7)
(4, 8)
(4, 9)
(4, 10)
(4, 11)
(4, 12)
(4, 13)
(4, 14)
(4, 15)
(4, 16)
(4, 17)
(3, 17)
(2, 17)
(1, 17)
(1, 18)
(1, 19)
kaikki ok
Reitin pituus: 5
(16, 19)
(15, 19)
(14, 19)
(13, 19)
(12, 19)
(11, 19)
kaikki ok
Reitin pituus: 26
(6, 4)
(6, 3)
(5, 3)
(4, 3)
(4, 4)
(4, 5)
(4, 6)
(4, 7)
(4, 8)
(4, 9)
(4, 10)
(4, 11)
(4, 12)
(4, 13)
(4, 14)
(4, 15)
(5, 15)
(6, 15)
(6, 16)
(6, 17)
(7, 17)
(8, 17)
(8, 18)
(8, 19)
(7, 19)
(6, 19)
(5, 19)
kaikki ok
Reitin pituus: 24
(4, 2)
(4, 3)
(4, 4)
(4, 5)
(4, 6)
(4, 7)
(4, 8)
(4, 9)
(5, 9)
(6, 9)
(6, 10)
(6, 11)
(6, 12)
(6, 13)
(7, 13)
(8, 13)
(8, 14)
(8, 15)
(9, 15)
(10, 15)
(11, 15)
(12, 15)
(12, 16)
(12, 17)
(11, 17)
kaikki ok
Reitin pituus: 7
(1, 17)
(2, 17)
(3, 17)
(4, 17)
(4, 16)
(4, 15)
(4, 14)
(4, 13)
kaikki ok
Reitin pituus: 15
(3, 13)
(4, 13)
(5, 13)
(6, 13)
(6, 12)
(6, 11)
(7, 11)
(8, 11)
(9, 11)
(10, 11)
(11, 11)
(12, 11)
(12, 10)
(12, 9)
(12, 8)
(12, 7)
kaikki ok
Reitin pituus: 19
(12, 7)
(12, 8)
(12, 9)
(13, 9)
(14, 9)
(14, 10)
(14, 11)
(14, 12)
(14, 13)
(14, 14)
(14, 15)
(13, 15)
(12, 15)
(12, 16)
(12, 17)
(11, 17)
(10, 17)
(10, 18)
(10, 19)
(11, 19)
kaikki ok
Reitin pituus: 20
(7, 17)
(6, 17)
(6, 16)
(6, 15)
(5, 15)
(4, 15)
(4, 14)
(4, 13)
(4, 12)
(4, 11)
(4, 10)
(4, 9)
(4, 8)
(4, 7)
(4, 6)
(4, 5)
(4, 4)
(4, 3)
(5, 3)
(6, 3)
(6, 4)
kaikki ok
Reitin pituus: 5
(2, 3)
(3, 3)
(4, 3)
(5, 3)
(6, 3)
(6, 4)
kaikki ok
Reitin pituus: 11
(7, 13)
(6, 13)
(6, 12)
(6, 11)
(6, 10)
(6, 9)
(6, 8)
(6, 7)
(7, 7)
(8, 7)
(8, 6)
(8, 5)
kaikki ok
Reitin pituus: 21
(6, 3)
(5, 3)
(4, 3)
(4, 4)
(4, 5)
(4, 6)
(4, 7)
(4, 8)
(4, 9)
(4, 10)
(4, 11)
(4, 12)
(4, 13)
(4, 14)
(4, 15)
(4, 16)
(4, 17)
(3, 17)
(2, 17)
(1, 17)
(1, 18)
(1, 19)
kaikki ok
Reitin pituus: 12
(4, 8)
(4, 9)
(4, 10)
(4, 11)
(4, 12)
(4, 13)
(4, 14)
(4, 15)
(4, 16)
(4, 17)
(3, 17)
(2, 17)
(2, 16)
kaikki ok
Reitin pituus: 19
(2, 17)
(3, 17)
(4, 17)
(4, 16)
(4, 15)
(5, 15)
(6, 15)
(7, 15)
(8, 15)
(9, 15)
(10, 15)
(11, 15)
(12, 15)
(13, 15)
(14, 15)
(14, 14)
(14, 13)
(15, 13)
(16, 13)
(17, 13)
kaikki ok
Reitin pituus: 14
(14, 12)
(14, 13)
(13, 13)
(12, 13)
(11, 13)
(10, 13)
(10, 14)
(10, 15)
(9, 15)
(8, 15)
(7, 15)
(6, 15)
(6, 16)
(6, 17)
(7, 17)
kaikki ok
Reitin pituus: 17
(4, 12)
(4, 13)
(4, 14)
(4, 15)
(5, 15)
(6, 15)
(6, 16)
(6, 17)
(7, 17)
(8, 17)
(8, 18)
(8, 19)
(9, 19)
(10, 19)
(11, 19)
(12, 19)
(13, 19)
(14, 19)
kaikki ok
Reitin pituus: 3
(14, 15)
(14, 16)
(14, 17)
(15, 17)
kaikki ok
Reitin pituus: 19
(14, 13)
(13, 13)
(12, 13)
(12, 12)
(12, 11)
(12, 10)
(12, 9)
(12, 8)
(12, 7)
(11, 7)
(10, 7)
(9, 7)
(8, 7)
(8, 6)
(8, 5)
(7, 5)
(6, 5)
(6, 4)
(6, 3)
(5, 3)
kaikki ok
Reitin pituus: 9
(7, 3)
(8, 3)
(9, 3)
(10, 3)
(11, 3)
(12, 3)
(12, 4)
(12, 5)
(11, 5)
(10, 5)
kaikki ok
Reitin pituus: 11
(11, 3)
(12, 3)
(12, 4)
(12, 5)
(11, 5)
(10, 5)
(10, 6)
(10, 7)
(11, 7)
(12, 7)
(12, 8)
(12, 9)
kaikki ok
Reitin pituus: 10
(6, 12)
(6, 11)
(7, 11)
(8, 11)
(9, 11)
(10, 11)
(11, 11)
(12, 11)
(12, 12)
(12, 13)
(13, 13)
kaikki ok
Reitin pituus: 8
(8, 18)
(8, 19)
(7, 19)
(6, 19)
(5, 19)
(4, 19)
(3, 19)
(2, 19)
(1, 19)
kaikki ok
Reitin pituus: 17
(10, 18)
(10, 17)
(11, 17)
(12, 17)
(12, 16)
(12, 15)
(11, 15)
(10, 15)
(10, 14)
(10, 13)
(11, 13)
(12, 13)
(12, 12)
(12, 11)
(11, 11)
(10, 11)
(9, 11)
(8, 11)
kaikki ok
Reitin pituus: 24
(1, 19)
(1, 18)
(1, 17)
(2, 17)
(3, 17)
(4, 17)
(4, 16)
(4, 15)
(4, 14)
(4, 13)
(4, 12)
(4, 11)
(4, 10)
(4, 9)
(4, 8)
(4, 7)
(4, 6)
(4, 5)
(4, 4)
(4, 3)
(5, 3)
(6, 3)
(7, 3)
(8, 3)
(9, 3)
kaikki ok
Reitin pituus: 14
(10, 2)
(10, 3)
(9, 3)
(8, 3)
(7, 3)
(6, 3)
(5, 3)
(4, 3)
(4, 4)
(4, 5)
(4, 6)
(4, 7)
(4, 8)
(4, 9)
(5, 9)
kaikki ok
Reitin pituus: 19
(1, 19)
(1, 18)
(1, 17)
(2, 17)
(3, 17)
(4, 17)
(4, 16)
(4, 15)
(4, 14)
(4, 13)
(5, 13)
(6, 13)
(6, 12)
(6, 11)
(6, 10)
(6, 9)
(6, 8)
(6, 7)
(7, 7)
(8, 7)
kaikki ok
Reitin pituus: 25
(16, 13)
(15, 13)
(14, 13)
(14, 12)
(14, 11)
(14, 10)
(14, 9)
(14, 8)
(14, 7)
(14, 6)
(14, 5)
(14, 4)
(14, 3)
(13, 3)
(12, 3)
(11, 3)
(10, 3)
(9, 3)
(8, 3)
(8, 2)
(8, 1)
(7, 1)
(6, 1)
(5, 1)
(4, 1)
(3, 1)
kaikki ok
Reitin pituus: 18
(4, 17)
(4, 16)
(4, 15)
(4, 14)
(4, 13)
(4, 12)
(4, 11)
(4, 10)
(4, 9)
(4, 8)
(4, 7)
(4, 6)
(4, 5)
(4, 4)
(4, 3)
(5, 3)
(6, 3)
(7, 3)
(8, 3)
kaikki ok
Reitin pituus: 20
(11, 17)
(12, 17)
(12, 16)
(12, 15)
(11, 15)
(10, 15)
(9, 15)
(8, 15)
(8, 14)
(8, 13)
(7, 13)
(6, 13)
(5, 13)
(4, 13)
(4, 12)
(4, 11)
(4, 10)
(4, 9)
(4, 8)
(4, 7)
(4, 6)
kaikki ok
Reitin pituus: 15
(5, 15)
(6, 15)
(7, 15)
(8, 15)
(9, 15)
(10, 15)
(11, 15)
(12, 15)
(13, 15)
(14, 15)
(14, 16)
(14, 17)
(15, 17)
(16, 17)
(17, 17)
(17, 18)
kaikki ok
Reitin pituus: 23
(17, 5)
(16, 5)
(15, 5)
(14, 5)
(14, 6)
(14, 7)
(14, 8)
(14, 9)
(13, 9)
(12, 9)
(12, 10)
(12, 11)
(11, 11)
(10, 11)
(9, 11)
(8, 11)
(7, 11)
(6, 11)
(6, 12)
(6, 13)
(5, 13)
(4, 13)
(4, 14)
(4, 15)
kaikki ok
Reitin pituus: 0
(4, 7)
kaikki ok
Reitin pituus: 25
(7, 19)
(8, 19)
(8, 18)
(8, 17)
(7, 17)
(6, 17)
(6, 16)
(6, 15)
(5, 15)
(4, 15)
(4, 14)
(4, 13)
(5, 13)
(6, 13)
(6, 12)
(6, 11)
(6, 10)
(6, 9)
(6, 8)
(6, 7)
(7, 7)
(8, 7)
(9, 7)
(9, 8)
(9, 9)
(10, 9)
kaikki ok
Reitin pituus: 14
(12, 17)
(12, 16)
(12, 15)
(11, 15)
(10, 15)
(9, 15)
(8, 15)
(7, 15)
(6, 15)
(5, 15)
(4, 15)
(4, 16)
(4, 17)
(3, 17)
(2, 17)
kaikki ok
Reitin pituus: 11
(12, 3)
(13, 3)
(14, 3)
(14, 4)
(14, 5)
(14, 6)
(14, 7)
(14, 8)
(14, 9)
(14, 10)
(14, 11)
(14, 12)
kaikki ok
Reitin pituus: 10
(3, 5)
(4, 5)
(4, 4)
(4, 3)
(5, 3)
(6, 3)
(7, 3)
(8, 3)
(9, 3)
(10, 3)
(10, 2)
kaikki ok
Reitin pituus: 24
(15, 19)
(16, 19)
(17, 19)
(17, 18)
(17, 17)
(16, 17)
(15, 17)
(14, 17)
(14, 16)
(14, 15)
(14, 14)
(14, 13)
(14, 12)
(14, 11)
(14, 10)
(14, 9)
(14, 8)
(14, 7)
(14, 6)
(14, 5)
(14, 4)
(14, 3)
(14, 2)
(14, 1)
(15, 1)
kaikki ok
Reitin pituus: 7
(11, 15)
(12, 15)
(13, 15)
(14, 15)
(14, 14)
(14, 13)
(15, 13)
(16, 13)
kaikki ok
Reitin pituus: 16
(12, 9)
(12, 10)
(12, 11)
(12, 12)
(12, 13)
(11, 13)
(10, 13)
(10, 14)
(10, 15)
(9, 15)
(8, 15)
(7, 15)
(6, 15)
(6, 16)
(6, 17)
(7, 17)
(8, 17)
kaikki ok
Reitin pituus: 16
(6, 11)
(7, 11)
(8, 11)
(9, 11)
(10, 11)
(11, 11)
(12, 11)
(12, 12)
(12, 13)
(13, 13)
(14, 13)
(14, 14)
(14, 15)
(14, 16)
(14, 17)
(15, 17)
(16, 17)
kaikki ok
Reitin pituus: 7
(12, 11)
(12, 10)
(12, 9)
(12, 8)
(12, 7)
(11, 7)
(10, 7)
(9, 7)
kaikki ok
Reitin pituus: 24
(5, 3)
(4, 3)
(4, 4)
(4, 5)
(4, 6)
(4, 7)
(4, 8)
(4, 9)
(4, 10)
(4, 11)
(4, 12)
(4, 13)
(4, 14)
(4, 15)
(5, 15)
(6, 15)
(6, 16)
(6, 17)
(7, 17)
(8, 17)
(8, 18)
(8, 19)
(9, 19)
(10, 19)
(10, 18)
kaikki ok
Reitin pituus: 19
(16, 19)
(15, 19)
(14, 19)
(13, 19)
(12, 19)
(11, 19)
(10, 19)
(9, 19)
(8, 19)
(8, 18)
(8, 17)
(7, 17)
(6, 17)
(6, 16)
(6, 15)
(5, 15)
(4, 15)
(4, 14)
(4, 13)
(3, 13)
kaikki ok
Reitin pituus: 12
(6, 13)
(7, 13)
(8, 13)
(8, 14)
(8, 15)
(7, 15)
(6, 15)
(6, 16)
(6, 17)
(7, 17)
(8, 17)
(8, 18)
(8, 19)
kaikki ok
Reitin pituus: 19
(13, 13)
(14, 13)
(14, 14)
(14, 15)
(13, 15)
(12, 15)
(12, 16)
(12, 17)
(11, 17)
(10, 17)
(10, 18)
(10, 19)
(9, 19)
(8, 19)
(7, 19)
(6, 19)
(5, 19)
(4, 19)
(3, 19)
(2, 19)
kaikki ok
Reitin pituus: 14
(10, 9)
(9, 9)
(9, 8)
(9, 7)
(10, 7)
(11, 7)
(12, 7)
(12, 8)
(12, 9)
(13, 9)
(14, 9)
(14, 10)
(14, 11)
(14, 12)
(14, 13)
kaikki ok
Reitin pituus: 17
(4, 8)
(4, 9)
(5, 9)
(6, 9)
(6, 10)
(6, 11)
(7, 11)
(8, 11)
(9, 11)
(10, 11)
(11, 11)
(12, 11)
(12, 12)
(12, 13)
(13, 13)
(14, 13)
(15, 13)
(16, 13)
kaikki ok
Reitin pituus: 21
(10, 3)
(9, 3)
(8, 3)
(7, 3)
(6, 3)
(5, 3)
(4, 3)
(4, 4)
(4, 5)
(4, 6)
(4, 7)
(4, 8)
(4, 9)
(4, 10)
(4, 11)
(4, 12)
(4, 13)
(3, 13)
(2, 13)
(1, 13)
(1, 14)
(1, 15)
kaikki ok
Reitin pituus: 11
(3, 13)
(4, 13)
(4, 12)
(4, 11)
(4, 10)
(4, 9)
(4, 8)
(4, 7)
(4, 6)
(4, 5)
(3, 5)
(2, 5)
kaikki ok
Reitin pituus: 15
(4, 11)
(4, 10)
(4, 9)
(5, 9)
(6, 9)
(6, 8)
(6, 7)
(7, 7)
(8, 7)
(9, 7)
(10, 7)
(11, 7)
(12, 7)
(12, 8)
(12, 9)
(13, 9)
kaikki ok
Reitin pituus: 11
(14, 3)
(14, 4)
(14, 5)
(14, 6)
(14, 7)
(14, 8)
(14, 9)
(14, 10)
(14, 11)
(14, 12)
(14, 13)
(15, 13)
kaikki ok
Reitin pituus: 13
(9, 7)
(10, 7)
(10, 6)
(10, 5)
(11, 5)
(12, 5)
(12, 4)
(12, 3)
(13, 3)
(14, 3)
(14, 2)
(14, 1)
(13, 1)
(12, 1)
kaikki ok
Reitin pituus: 19
(15, 1)
(14, 1)
(14, 2)
(14, 3)
(13, 3)
(12, 3)
(12, 4)
(12, 5)
(11, 5)
(10, 5)
(10, 6)
(10, 7)
(9, 7)
(8, 7)
(7, 7)
(6, 7)
(6, 8)
(6, 9)
(6, 10)
(6, 11)
kaikki ok
Reitin pituus: 21
(12, 5)
(11, 5)
(10, 5)
(10, 6)
(10, 7)
(11, 7)
(12, 7)
(12, 8)
(12, 9)
(13, 9)
(14, 9)
(14, 10)
(14, 11)
(14, 12)
(14, 13)
(15, 13)
(16, 13)
(17, 13)
(17, 14)
(17, 15)
(16, 15)
(16, 16)
kaikki ok
Reitin pituus: 18
(12, 8)
(12, 9)
(12, 10)
(12, 11)
(11, 11)
(10, 11)
(9, 11)
(8, 11)
(7, 11)
(6, 11)
(6, 12)
(6, 13)
(5, 13)
(4, 13)
(3, 13)
(2, 13)
(1, 13)
(1, 14)
(1, 15)
kaikki ok
Reitin pituus: 14
(14, 2)
(14, 3)
(14, 4)
(14, 5)
(14, 6)
(14, 7)
(14, 8)
(14, 9)
(13, 9)
(12, 9)
(12, 10)
(12, 11)
(11, 11)
(10, 11)
(9, 11)
kaikki ok
Reitin pituus: 15
(7, 19)
(8, 19)
(9, 19)
(10, 19)
(11, 19)
(12, 19)
(13, 19)
(14, 19)
(15, 19)
(16, 19)
(17, 19)
(17, 18)
(17, 17)
(16, 17)
(16, 16)
(16, 15)
kaikki ok
Reitin pituus: 19
(8, 9)
(9, 9)
(9, 8)
(9, 7)
(10, 7)
(11, 7)
(12, 7)
(12, 8)
(12, 9)
(13, 9)
(14, 9)
(14, 10)
(14, 11)
(14, 12)
(14, 13)
(15, 13)
(16, 13)
(17, 13)
(17, 14)
(17, 15)
kaikki ok
Reitin pituus: 14
(14, 16)
(14, 15)
(13, 15)
(12, 15)
(11, 15)
(10, 15)
(9, 15)
(8, 15)
(7, 15)
(6, 15)
(5, 15)
(4, 15)
(4, 14)
(4, 13)
(4, 12)
kaikki ok
Reitin pituus: 15
(10, 19)
(10, 18)
(10, 17)
(11, 17)
(12, 17)
(12, 16)
(12, 15)
(13, 15)
(14, 15)
(14, 14)
(14, 13)
(14, 12)
(14, 11)
(14, 10)
(14, 9)
(14, 8)
kaikki ok
Reitin pituus: 4
(11, 15)
(12, 15)
(13, 15)
(14, 15)
(14, 14)
kaikki ok
Reitin pituus: 24
(8, 15)
(9, 15)
(10, 15)
(11, 15)
(12, 15)
(13, 15)
(14, 15)
(14, 14)
(14, 13)
(14, 12)
(14, 11)
(14, 10)
(14, 9)
(14, 8)
(14, 7)
(14, 6)
(14, 5)
(14, 4)
(14, 3)
(14, 2)
(14, 1)
(13, 1)
(12, 1)
(11, 1)
(10, 1)
kaikki ok
Reitin pituus: 18
(14, 13)
(13, 13)
(12, 13)
(12, 12)
(12, 11)
(12, 10)
(12, 9)
(12, 8)
(12, 7)
(11, 7)
(10, 7)
(9, 7)
(8, 7)
(8, 6)
(8, 5)
(7, 5)
(6, 5)
(6, 4)
(6, 3)
kaikki ok
Reitin pituus: 18
(9, 11)
(10, 11)
(11, 11)
(12, 11)
(12, 10)
(12, 9)
(13, 9)
(14, 9)
(14, 8)
(14, 7)
(14, 6)
(14, 5)
(14, 4)
(14, 3)
(13, 3)
(12, 3)
(11, 3)
(10, 3)
(10, 2)
kaikki ok
Reitin pituus: 15
(6, 16)
(6, 15)
(5, 15)
(4, 15)
(4, 14)
(4, 13)
(4, 12)
(4, 11)
(4, 10)
(4, 9)
(4, 8)
(4, 7)
(4, 6)
(4, 5)
(4, 4)
(4, 3)
kaikki ok
Reitin pituus: 4
(11, 3)
(12, 3)
(13, 3)
(14, 3)
(15, 3)
kaikki ok
Reitin pituus: 12
(11, 5)
(10, 5)
(10, 6)
(10, 7)
(9, 7)
(8, 7)
(7, 7)
(6, 7)
(6, 8)
(6, 9)
(5, 9)
(4, 9)
(4, 10)
kaikki ok
Reitin pituus: 13
(9, 11)
(8, 11)
(7, 11)
(6, 11)
(6, 10)
(6, 9)
(6, 8)
(6, 7)
(7, 7)
(8, 7)
(9, 7)
(9, 8)
(9, 9)
(10, 9)
kaikki ok
Reitin pituus: 5
(4, 19)
(3, 19)
(2, 19)
(1, 19)
(1, 18)
(1, 17)
kaikki ok
Reitin pituus: 15
(11, 15)
(10, 15)
(9, 15)
(8, 15)
(8, 14)
(8, 13)
(7, 13)
(6, 13)
(6, 12)
(6, 11)
(6, 10)
(6, 9)
(6, 8)
(6, 7)
(7, 7)
(8, 7)
kaikki ok
Reitin pituus: 12
(7, 19)
(8, 19)
(9, 19)
(10, 19)
(10, 18)
(10, 17)
(11, 17)
(12, 17)
(12, 16)
(12, 15)
(13, 15)
(14, 15)
(14, 16)
kaikki ok
Reitin pituus: 11
(13, 9)
(14, 9)
(14, 10)
(14, 11)
(14, 12)
(14, 13)
(14, 14)
(14, 15)
(13, 15)
(12, 15)
(12, 16)
(12, 17)
kaikki ok
Reitin pituus: 9
(12, 10)
(12, 11)
(12, 12)
(12, 13)
(13, 13)
(14, 13)
(14, 14)
(14, 15)
(14, 16)
(14, 17)
kaikki ok
Reitin pituus: 11
(16, 15)
(17, 15)
(17, 14)
(17, 13)
(16, 13)
(15, 13)
(14, 13)
(14, 12)
(14, 11)
(14, 10)
(14, 9)
(14, 8)
kaikki ok
Reitin pituus: 14
(4, 10)
(4, 11)
(4, 12)
(4, 13)
(4, 14)
(4, 15)
(4, 16)
(4, 17)
(3, 17)
(2, 17)
(1, 17)
(1, 18)
(1, 19)
(2, 19)
(3, 19)
kaikki ok
Reitin pituus: 6
(3, 1)
(4, 1)
(4, 2)
(4, 3)
(5, 3)
(6, 3)
(7, 3)
kaikki ok
Reitin pituus: 13
(4, 7)
(4, 8)
(4, 9)
(5, 9)
(6, 9)
(6, 8)
(6, 7)
(7, 7)
(8, 7)
(9, 7)
(10, 7)
(11, 7)
(12, 7)
(12, 8)
kaikki ok
Reitin pituus: 11
(12, 11)
(11, 11)
(10, 11)
(9, 11)
(8, 11)
(7, 11)
(6, 11)
(6, 12)
(6, 13)
(5, 13)
(4, 13)
(4, 12)
kaikki ok
Reitin pituus: 11
(2, 5)
(3, 5)
(4, 5)
(4, 6)
(4, 7)
(4, 8)
(4, 9)
(5, 9)
(6, 9)
(6, 8)
(6, 7)
(7, 7)
kaikki ok
Reitin pituus: 24
(16, 3)
(15, 3)
(14, 3)
(14, 4)
(14, 5)
(14, 6)
(14, 7)
(14, 8)
(14, 9)
(13, 9)
(12, 9)
(12, 10)
(12, 11)
(12, 12)
(12, 13)
(11, 13)
(10, 13)
(10, 14)
(10, 15)
(9, 15)
(8, 15)
(7, 15)
(6, 15)
(6, 16)
(6, 17)
kaikki ok
Reitin pituus: 5
(9, 7)
(8, 7)
(7, 7)
(6, 7)
(6, 8)
(6, 9)
kaikki ok
Reitin pituus: 17
(11, 15)
(10, 15)
(10, 14)
(10, 13)
(11, 13)
(12, 13)
(12, 12)
(12, 11)
(12, 10)
(12, 9)
(12, 8)
(12, 7)
(11, 7)
(10, 7)
(10, 6)
(10, 5)
(11, 5)
(12, 5)
kaikki ok
Reitin pituus: 3
(14, 3)
(14, 4)
(14, 5)
(15, 5)
kaikki ok
Reitin pituus: 17
(14, 1)
(14, 2)
(14, 3)
(14, 4)
(14, 5)
(14, 6)
(14, 7)
(14, 8)
(14, 9)
(14, 10)
(14, 11)
(14, 12)
(14, 13)
(14, 14)
(14, 15)
(13, 15)
(12, 15)
(12, 16)
kaikki ok
Reitin pituus: 20
(2, 17)
(3, 17)
(4, 17)
(4, 16)
(4, 15)
(4, 14)
(4, 13)
(4, 12)
(4, 11)
(4, 10)
(4, 9)
(5, 9)
(6, 9)
(6, 8)
(6, 7)
(7, 7)
(8, 7)
(9, 7)
(9, 8)
(9, 9)
(8, 9)
kaikki ok
Reitin pituus: 1
(14, 13)
(14, 14)
kaikki ok
Reitin pituus: 15
(3, 17)
(4, 17)
(4, 16)
(4, 15)
(4, 14)
(4, 13)
(4, 12)
(4, 11)
(4, 10)
(4, 9)
(4, 8)
(4, 7)
(4, 6)
(4, 5)
(3, 5)
(2, 5)
kaikki ok
Reitin pituus: 22
(6, 1)
(7, 1)
(8, 1)
(8, 2)
(8, 3)
(9, 3)
(10, 3)
(11, 3)
(12, 3)
(13, 3)
(14, 3)
(14, 4)
(14, 5)
(14, 6)
(14, 7)
(14, 8)
(14, 9)
(14, 10)
(14, 11)
(14, 12)
(14, 13)
(14, 14)
(14, 15)
kaikki ok
Reitin pituus: 23
(17, 15)
(17, 14)
(17, 13)
(16, 13)
(15, 13)
(14, 13)
(14, 12)
(14, 11)
(14, 10)
(14, 9)
(14, 8)
(14, 7)
(14, 6)
(14, 5)
(14, 4)
(14, 3)
(13, 3)
(12, 3)
(11, 3)
(10, 3)
(9, 3)
(8, 3)
(8, 2)
(8, 1)
kaikki ok
Reitin pituus: 17
(11, 11)
(10, 11)
(9, 11)
(8, 11)
(7, 11)
(6, 11)
(6, 10)
(6, 9)
(5, 9)
(4, 9)
(4, 8)
(4, 7)
(4, 6)
(4, 5)
(4, 4)
(4, 3)
(4, 2)
(4, 1)
kaikki ok
Reitin pituus: 15
(14, 2)
(14, 3)
(14, 4)
(14, 5)
(14, 6)
(14, 7)
(14, 8)
(14, 9)
(14, 10)
(14, 11)
(14, 12)
(14, 13)
(14, 14)
(14, 15)
(14, 16)
(14, 17)
kaikki ok
Reitin pituus: 14
(10, 2)
(10, 3)
(9, 3)
(8, 3)
(7, 3)
(6, 3)
(5, 3)
(4, 3)
(4, 4)
(4, 5)
(4, 6)
(4, 7)
(4, 8)
(4, 9)
(4, 10)
kaikki ok
Reitin pituus: 6
(9, 15)
(10, 15)
(11, 15)
(12, 15)
(13, 15)
(14, 15)
(14, 14)
kaikki ok
Reitin pituus: 5
(10, 1)
(11, 1)
(12, 1)
(13, 1)
(14, 1)
(14, 2)
kaikki ok
Reitin pituus: 25
(17, 4)
(17, 5)
(16, 5)
(15, 5)
(14, 5)
(14, 6)
(14, 7)
(14, 8)
(14, 9)
(14, 10)
(14, 11)
(14, 12)
(14, 13)
(14, 14)
(14, 15)
(13, 15)
(12, 15)
(12, 16)
(12, 17)
(11, 17)
(10, 17)
(10, 18)
(10, 19)
(9, 19)
(8, 19)
(7, 19)
kaikki ok
Reitin pituus: 6
(3, 19)
(4, 19)
(5, 19)
(6, 19)
(7, 19)
(8, 19)
(8, 18)
kaikki ok
Reitin pituus: 6
(10, 1)
(11, 1)
(12, 1)
(13, 1)
(14, 1)
(14, 2)
(14, 3)
kaikki ok
Reitin pituus: 9
(12, 10)
(12, 9)
(13, 9)
(14, 9)
(14, 8)
(14, 7)
(14, 6)
(14, 5)
(15, 5)
(16, 5)
kaikki ok
Reitin pituus: 23
(16, 19)
(17, 19)
(17, 18)
(17, 17)
(16, 17)
(15, 17)
(14, 17)
(14, 16)
(14, 15)
(14, 14)
(14, 13)
(14, 12)
(14, 11)
(14, 10)
(14, 9)
(14, 8)
(14, 7)
(14, 6)
(14, 5)
(14, 4)
(14, 3)
(13, 3)
(12, 3)
(12, 4)
kaikki ok
Reitin pituus: 16
(8, 13)
(8, 14)
(8, 15)
(9, 15)
(10, 15)
(11, 15)
(12, 15)
(13, 15)
(14, 15)
(14, 16)
(14, 17)
(15, 17)
(16, 17)
(17, 17)
(17, 18)
(17, 19)
(16, 19)
kaikki ok
Reitin pituus: 23
(11, 19)
(10, 19)
(10, 18)
(10, 17)
(11, 17)
(12, 17)
(12, 16)
(12, 15)
(13, 15)
(14, 15)
(14, 14)
(14, 13)
(14, 12)
(14, 11)
(14, 10)
(14, 9)
(14, 8)
(14, 7)
(14, 6)
(14, 5)
(14, 4)
(14, 3)
(13, 3)
(12, 3)
kaikki ok
Reitin pituus: 19
(2, 1)
(3, 1)
(4, 1)
(4, 2)
(4, 3)
(4, 4)
(4, 5)
(4, 6)
(4, 7)
(4, 8)
(4, 9)
(4, 10)
(4, 11)
(4, 12)
(4, 13)
(4, 14)
(4, 15)
(5, 15)
(6, 15)
(6, 16)
kaikki ok
Reitin pituus: 4
(4, 5)
(3, 5)
(2, 5)
(1, 5)
(1, 4)
kaikki ok
Reitin pituus: 19
(16, 13)
(15, 13)
(14, 13)
(14, 14)
(14, 15)
(13, 15)
(12, 15)
(12, 16)
(12, 17)
(11, 17)
(10, 17)
(10, 18)
(10, 19)
(9, 19)
(8, 19)
(7, 19)
(6, 19)
(5, 19)
(4, 19)
(3, 19)
kaikki ok
Reitin pituus: 16
(16, 13)
(15, 13)
(14, 13)
(14, 12)
(14, 11)
(14, 10)
(14, 9)
(14, 8)
(14, 7)
(14, 6)
(14, 5)
(14, 4)
(14, 3)
(14, 2)
(14, 1)
(13, 1)
(12, 1)
kaikki ok
Reitin pituus: 22
(14, 8)
(14, 9)
(14, 10)
(14, 11)
(14, 12)
(14, 13)
(14, 14)
(14, 15)
(13, 15)
(12, 15)
(12, 16)
(12, 17)
(11, 17)
(10, 17)
(10, 18)
(10, 19)
(9, 19)
(8, 19)
(7, 19)
(6, 19)
(5, 19)
(4, 19)
(3, 19)
kaikki ok
Reitin pituus: 20
(4, 15)
(4, 14)
(4, 13)
(4, 12)
(4, 11)
(4, 10)
(4, 9)
(4, 8)
(4, 7)
(4, 6)
(4, 5)
(4, 4)
(4, 3)
(5, 3)
(6, 3)
(7, 3)
(8, 3)
(9, 3)
(10, 3)
(11, 3)
(12, 3)
kaikki ok
Reitin pituus: 14
(2, 13)
(3, 13)
(4, 13)
(4, 12)
(4, 11)
(4, 10)
(4, 9)
(4, 8)
(4, 7)
(4, 6)
(4, 5)
(3, 5)
(2, 5)
(1, 5)
(1, 4)
kaikki ok
Reitin pituus: 18
(10, 14)
(10, 13)
(11, 13)
(12, 13)
(13, 13)
(14, 13)
(14, 12)
(14, 11)
(14, 10)
(14, 9)
(14, 8)
(14, 7)
(14, 6)
(14, 5)
(14, 4)
(14, 3)
(14, 2)
(14, 1)
(13, 1)
kaikki ok
Reitin pituus: 11
(1, 3)
(2, 3)
(3, 3)
(4, 3)
(5, 3)
(6, 3)
(6, 4)
(6, 5)
(7, 5)
(8, 5)
(8, 6)
(8, 7)
kaikki ok
Reitin pituus: 15
(5, 13)
(4, 13)
(4, 14)
(4, 15)
(5, 15)
(6, 15)
(6, 16)
(6, 17)
(7, 17)
(8, 17)
(8, 18)
(8, 19)
(9, 19)
(10, 19)
(11, 19)
(12, 19)
kaikki ok
Reitin pituus: 14
(6, 5)
(6, 4)
(6, 3)
(7, 3)
(8, 3)
(9, 3)
(10, 3)
(11, 3)
(12, 3)
(13, 3)
(14, 3)
(15, 3)
(16, 3)
(17, 3)
(17, 2)
kaikki ok
Reitin pituus: 7
(15, 5)
(14, 5)
(14, 4)
(14, 3)
(14, 2)
(14, 1)
(13, 1)
(12, 1)
kaikki ok
Reitin pituus: 14
(14, 15)
(14, 14)
(14, 13)
(13, 13)
(12, 13)
(12, 12)
(12, 11)
(12, 10)
(12, 9)
(12, 8)
(12, 7)
(11, 7)
(10, 7)
(9, 7)
(9, 8)
kaikki ok
Reitin pituus: 2
(17, 17)
(16, 17)
(16, 16)
kaikki ok
Reitin pituus: 10
(3, 19)
(2, 19)
(1, 19)
(1, 18)
(1, 17)
(2, 17)
(3, 17)
(4, 17)
(4, 16)
(4, 15)
(4, 14)
kaikki ok
Reitin pituus: 28
(13, 19)
(12, 19)
(11, 19)
(10, 19)
(10, 18)
(10, 17)
(11, 17)
(12, 17)
(12, 16)
(12, 15)
(13, 15)
(14, 15)
(14, 14)
(14, 13)
(14, 12)
(14, 11)
(14, 10)
(14, 9)
(14, 8)
(14, 7)
(14, 6)
(14, 5)
(14, 4)
(14, 3)
(13, 3)
(12, 3)
(11, 3)
(10, 3)
(10, 2)
kaikki ok
Reitin pituus: 6
(14, 15)
(13, 15)
(12, 15)
(12, 16)
(12, 17)
(11, 17)
(10, 17)
kaikki ok
Reitin pituus: 24
(9, 19)
(10, 19)
(10, 18)
(10, 17)
(11, 17)
(12, 17)
(12, 16)
(12, 15)
(13, 15)
(14, 15)
(14, 14)
(14, 13)
(14, 12)
(14, 11)
(14, 10)
(14, 9)
(14, 8)
(14, 7)
(14, 6)
(14, 5)
(14, 4)
(14, 3)
(13, 3)
(12, 3)
(11, 3)
kaikki ok
Reitin pituus: 13
(10, 11)
(11, 11)
(12, 11)
(12, 10)
(12, 9)
(12, 8)
(12, 7)
(11, 7)
(10, 7)
(10, 6)
(10, 5)
(11, 5)
(12, 5)
(12, 4)
kaikki ok
Reitin pituus: 11
(4, 16)
(4, 15)
(4, 14)
(4, 13)
(5, 13)
(6, 13)
(6, 12)
(6, 11)
(7, 11)
(8, 11)
(9, 11)
(10, 11)
kaikki ok
Reitin pituus: 22
(14, 4)
(14, 5)
(14, 6)
(14, 7)
(14, 8)
(14, 9)
(13, 9)
(12, 9)
(12, 10)
(12, 11)
(11, 11)
(10, 11)
(9, 11)
(8, 11)
(7, 11)
(6, 11)
(6, 12)
(6, 13)
(5, 13)
(4, 13)
(4, 14)
(4, 15)
(4, 16)
kaikki ok
Reitin pituus: 15
(12, 16)
(12, 15)
(11, 15)
(10, 15)
(9, 15)
(8, 15)
(8, 14)
(8, 13)
(7, 13)
(6, 13)
(5, 13)
(4, 13)
(3, 13)
(2, 13)
(1, 13)
(1, 14)
kaikki ok
Reitin pituus: 9
(3, 3)
(4, 3)
(5, 3)
(6, 3)
(7, 3)
(8, 3)
(9, 3)
(10, 3)
(11, 3)
(12, 3)
kaikki ok
Reitin pituus: 8
(6, 10)
(6, 11)
(6, 12)
(6, 13)
(7, 13)
(8, 13)
(8, 14)
(8, 15)
(7, 15)
kaikki ok
Reitin pituus: 22
(9, 7)
(10, 7)
(11, 7)
(12, 7)
(12, 8)
(12, 9)
(13, 9)
(14, 9)
(14, 10)
(14, 11)
(14, 12)
(14, 13)
(14, 14)
(14, 15)
(13, 15)
(12, 15)
(12, 16)
(12, 17)
(11, 17)
(10, 17)
(10, 18)
(10, 19)
(11, 19)
kaikki ok
Reitin pituus: 17
(17, 3)
(16, 3)
(15, 3)
(14, 3)
(14, 4)
(14, 5)
(14, 6)
(14, 7)
(14, 8)
(14, 9)
(13, 9)
(12, 9)
(12, 10)
(12, 11)
(11, 11)
(10, 11)
(9, 11)
(8, 11)
kaikki ok
Reitin pituus: 22
(2, 17)
(3, 17)
(4, 17)
(4, 16)
(4, 15)
(4, 14)
(4, 13)
(4, 12)
(4, 11)
(4, 10)
(4, 9)
(4, 8)
(4, 7)
(4, 6)
(4, 5)
(4, 4)
(4, 3)
(4, 2)
(4, 1)
(5, 1)
(6, 1)
(7, 1)
(8, 1)
kaikki ok
Reitin pituus: 0
(14, 9)
kaikki ok
Reitin pituus: 18
(17, 2)
(17, 3)
(16, 3)
(15, 3)
(14, 3)
(13, 3)
(12, 3)
(11, 3)
(10, 3)
(9, 3)
(8, 3)
(7, 3)
(6, 3)
(5, 3)
(4, 3)
(3, 3)
(2, 3)
(1, 3)
(1, 2)
kaikki ok
Reitin pituus: 2
(6, 12)
(6, 11)
(6, 10)
kaikki ok
Reitin pituus: 6
(6, 13)
(7, 13)
(8, 13)
(8, 14)
(8, 15)
(7, 15)
(6, 15)
kaikki ok
Reitin pituus: 15
(16, 17)
(15, 17)
(14, 17)
(14, 16)
(14, 15)
(14, 14)
(14, 13)
(14, 12)
(14, 11)
(14, 10)
(14, 9)
(14, 8)
(14, 7)
(14, 6)
(14, 5)
(15, 5)
kaikki ok
Reitin pituus: 9
(12, 16)
(12, 15)
(13, 15)
(14, 15)
(14, 14)
(14, 13)
(14, 12)
(14, 11)
(14, 10)
(14, 9)
kaikki ok
Reitin pituus: 9
(8, 1)
(8, 2)
(8, 3)
(9, 3)
(10, 3)
(11, 3)
(12, 3)
(13, 3)
(14, 3)
(14, 4)
kaikki ok
Reitin pituus: 26
(17, 4)
(17, 5)
(16, 5)
(15, 5)
(14, 5)
(14, 6)
(14, 7)
(14, 8)
(14, 9)
(14, 10)
(14, 11)
(14, 12)
(14, 13)
(14, 14)
(14, 15)
(13, 15)
(12, 15)
(12, 16)
(12, 17)
(11, 17)
(10, 17)
(10, 18)
(10, 19)
(9, 19)
(8, 19)
(7, 19)
(6, 19)
kaikki ok
Reitin pituus: 23
(11, 5)
(10, 5)
(10, 6)
(10, 7)
(9, 7)
(8, 7)
(7, 7)
(6, 7)
(6, 8)
(6, 9)
(6, 10)
(6, 11)
(6, 12)
(6, 13)
(7, 13)
(8, 13)
(8, 14)
(8, 15)
(7, 15)
(6, 15)
(6, 16)
(6, 17)
(7, 17)
(8, 17)
kaikki ok
Reitin pituus: 14
(5, 15)
(6, 15)
(7, 15)
(8, 15)
(9, 15)
(10, 15)
(11, 15)
(12, 15)
(13, 15)
(14, 15)
(14, 14)
(14, 13)
(15, 13)
(16, 13)
(17, 13)
kaikki ok
Reitin pituus: 18
(4, 8)
(4, 7)
(4, 6)
(4, 5)
(4, 4)
(4, 3)
(5, 3)
(6, 3)
(7, 3)
(8, 3)
(9, 3)
(10, 3)
(10, 2)
(10, 1)
(11, 1)
(12, 1)
(13, 1)
(14, 1)
(15, 1)
kaikki ok
Reitin pituus: 15
(13, 1)
(12, 1)
(11, 1)
(10, 1)
(10, 2)
(10, 3)
(9, 3)
(8, 3)
(7, 3)
(6, 3)
(5, 3)
(4, 3)
(4, 4)
(4, 5)
(4, 6)
(4, 7)
kaikki ok
Reitin pituus: 2
(8, 19)
(9, 19)
(10, 19)
kaikki ok
Reitin pituus: 7
(12, 7)
(12, 8)
(12, 9)
(13, 9)
(14, 9)
(14, 8)
(14, 7)
(14, 6)
kaikki ok
Reitin pituus: 10
(3, 19)
(4, 19)
(5, 19)
(6, 19)
(7, 19)
(8, 19)
(9, 19)
(10, 19)
(10, 18)
(10, 17)
(11, 17)
kaikki ok
Reitin pituus: 23
(4, 2)
(4, 3)
(4, 4)
(4, 5)
(4, 6)
(4, 7)
(4, 8)
(4, 9)
(4, 10)
(4, 11)
(4, 12)
(4, 13)
(4, 14)
(4, 15)
(5, 15)
(6, 15)
(6, 16)
(6, 17)
(7, 17)
(8, 17)
(8, 18)
(8, 19)
(9, 19)
(10, 19)
kaikki ok
Reitin pituus: 4
(14, 13)
(13, 13)
(12, 13)
(11, 13)
(10, 13)
kaikki ok
Reitin pituus: 11
(4, 12)
(4, 11)
(4, 10)
(4, 9)
(5, 9)
(6, 9)
(6, 8)
(6, 7)
(7, 7)
(8, 7)
(9, 7)
(10, 7)
kaikki ok
Reitin pituus: 14
(7, 19)
(8, 19)
(9, 19)
(10, 19)
(10, 18)
(10, 17)
(11, 17)
(12, 17)
(12, 16)
(12, 15)
(11, 15)
(10, 15)
(10, 14)
(10, 13)
(11, 13)
kaikki ok
Reitin pituus: 4
(1, 5)
(1, 4)
(1, 3)
(1, 2)
(1, 1)
kaikki ok
Reitin pituus: 17
(4, 16)
(4, 15)
(5, 15)
(6, 15)
(6, 16)
(6, 17)
(7, 17)
(8, 17)
(8, 18)
(8, 19)
(9, 19)
(10, 19)
(11, 19)
(12, 19)
(13, 19)
(14, 19)
(15, 19)
(16, 19)
kaikki ok
Reitin pituus: 22
(10, 1)
(10, 2)
(10, 3)
(9, 3)
(8, 3)
(7, 3)
(6, 3)
(5, 3)
(4, 3)
(4, 4)
(4, 5)
(4, 6)
(4, 7)
(4, 8)
(4, 9)
(5, 9)
(6, 9)
(6, 10)
(6, 11)
(6, 12)
(6, 13)
(7, 13)
(8, 13)
kaikki ok
Reitin pituus: 16
(6, 15)
(5, 15)
(4, 15)
(4, 14)
(4, 13)
(4, 12)
(4, 11)
(4, 10)
(4, 9)
(5, 9)
(6, 9)
(6, 8)
(6, 7)
(7, 7)
(8, 7)
(9, 7)
(10, 7)
kaikki ok
Reitin pituus: 2
(6, 3)
(5, 3)
(4, 3)
kaikki ok
Reitin pituus: 13
(1, 15)
(2, 15)
(2, 16)
(2, 17)
(3, 17)
(4, 17)
(4, 16)
(4, 15)
(5, 15)
(6, 15)
(6, 16)
(6, 17)
(7, 17)
(8, 17)
kaikki ok
Reitin pituus: 10
(14, 6)
(14, 7)
(14, 8)
(14, 9)
(14, 10)
(14, 11)
(14, 12)
(14, 13)
(14, 14)
(14, 15)
(14, 16)
kaikki ok
Reitin pituus: 19
(16, 16)
(16, 17)
(15, 17)
(14, 17)
(14, 16)
(14, 15)
(14, 14)
(14, 13)
(14, 12)
(14, 11)
(14, 10)
(14, 9)
(14, 8)
(14, 7)
(14, 6)
(14, 5)
(14, 4)
(14, 3)
(13, 3)
(12, 3)
kaikki ok
Reitin pituus: 12
(14, 17)
(14, 16)
(14, 15)
(14, 14)
(14, 13)
(13, 13)
(12, 13)
(12, 12)
(12, 11)
(12, 10)
(12, 9)
(12, 8)
(12, 7)
kaikki ok
Reitin pituus: 30
(1, 1)
(1, 2)
(1, 3)
(1, 4)
(1, 5)
(2, 5)
(3, 5)
(4, 5)
(4, 6)
(4, 7)
(4, 8)
(4, 9)
(4, 10)
(4, 11)
(4, 12)
(4, 13)
(4, 14)
(4, 15)
(5, 15)
(6, 15)
(6, 16)
(6, 17)
(7, 17)
(8, 17)
(8, 18)
(8, 19)
(9, 19)
(10, 19)
(11, 19)
(12, 19)
(13, 19)
kaikki ok
Reitin pituus: 19
(7, 3)
(8, 3)
(9, 3)
(10, 3)
(11, 3)
(12, 3)
(13, 3)
(14, 3)
(14, 4)
(14, 5)
(14, 6)
(14, 7)
(14, 8)
(14, 9)
(14, 10)
(14, 11)
(14, 12)
(14, 13)
(14, 14)
(14, 15)
kaikki ok
Reitin pituus: 17
(6, 13)
(6, 12)
(6, 11)
(6, 10)
(6, 9)
(6, 8)
(6, 7)
(7, 7)
(8, 7)
(9, 7)
(10, 7)
(10, 6)
(10, 5)
(11, 5)
(12, 5)
(12, 4)
(12, 3)
(11, 3)
kaikki ok
Reitin pituus: 6
(2, 1)
(3, 1)
(4, 1)
(4, 2)
(4, 3)
(5, 3)
(6, 3)
kaikki ok
Reitin pituus: 10
(6, 11)
(7, 11)
(8, 11)
(9, 11)
(10, 11)
(11, 11)
(12, 11)
(12, 12)
(12, 13)
(13, 13)
(14, 13)
kaikki ok
Reitin pituus: 23
(4, 2)
(4, 3)
(4, 4)
(4, 5)
(4, 6)
(4, 7)
(4, 8)
(4, 9)
(5, 9)
(6, 9)
(6, 10)
(6, 11)
(6, 12)
(6, 13)
(7, 13)
(8, 13)
(8, 14)
(8, 15)
(9, 15)
(10, 15)
(11, 15)
(12, 15)
(12, 16)
(12, 17)
kaikki ok
Reitin pituus: 25
(14, 19)
(15, 19)
(16, 19)
(17, 19)
(17, 18)
(17, 17)
(16, 17)
(15, 17)
(14, 17)
(14, 16)
(14, 15)
(14, 14)
(14, 13)
(14, 12)
(14, 11)
(14, 10)
(14, 9)
(14, 8)
(14, 7)
(14, 6)
(14, 5)
(14, 4)
(14, 3)
(14, 2)
(14, 1)
(13, 1)
kaikki ok
Reitin pituus: 19
(8, 18)
(8, 17)
(7, 17)
(6, 17)
(6, 16)
(6, 15)
(5, 15)
(4, 15)
(4, 14)
(4, 13)
(4, 12)
(4, 11)
(4, 10)
(4, 9)
(5, 9)
(6, 9)
(6, 8)
(6, 7)
(7, 7)
(8, 7)
kaikki ok
Reitin pituus: 27
(15, 1)
(14, 1)
(14, 2)
(14, 3)
(14, 4)
(14, 5)
(14, 6)
(14, 7)
(14, 8)
(14, 9)
(14, 10)
(14, 11)
(14, 12)
(14, 13)
(14, 14)
(14, 15)
(13, 15)
(12, 15)
(12, 16)
(12, 17)
(11, 17)
(10, 17)
(10, 18)
(10, 19)
(9, 19)
(8, 19)
(8, 18)
(8, 17)
kaikki ok
Reitin pituus: 6
(10, 3)
(11, 3)
(12, 3)
(13, 3)
(14, 3)
(15, 3)
(16, 3)
kaikki ok
Reitin pituus: 13
(12, 11)
(12, 10)
(12, 9)
(13, 9)
(14, 9)
(14, 8)
(14, 7)
(14, 6)
(14, 5)
(14, 4)
(14, 3)
(14, 2)
(14, 1)
(13, 1)
kaikki ok
Reitin pituus: 28
(10, 17)
(11, 17)
(12, 17)
(12, 16)
(12, 15)
(13, 15)
(14, 15)
(14, 14)
(14, 13)
(14, 12)
(14, 11)
(14, 10)
(14, 9)
(14, 8)
(14, 7)
(14, 6)
(14, 5)
(14, 4)
(14, 3)
(13, 3)
(12, 3)
(11, 3)
(10, 3)
(9, 3)
(8, 3)
(8, 2)
(8, 1)
(7, 1)
(6, 1)
kaikki ok
Reitin pituus: 19
(4, 15)
(4, 14)
(4, 13)
(5, 13)
(6, 13)
(6, 12)
(6, 11)
(7, 11)
(8, 11)
(9, 11)
(10, 11)
(11, 11)
(12, 11)
(12, 10)
(12, 9)
(13, 9)
(14, 9)
(14, 8)
(14, 7)
(14, 6)
kaikki ok
Reitin pituus: 11
(6, 7)
(6, 8)
(6, 9)
(6, 10)
(6, 11)
(6, 12)
(6, 13)
(5, 13)
(4, 13)
(4, 14)
(4, 15)
(5, 15)
kaikki ok
Reitin pituus: 13
(4, 2)
(4, 3)
(5, 3)
(6, 3)
(6, 4)
(6, 5)
(7, 5)
(8, 5)
(8, 6)
(8, 7)
(9, 7)
(10, 7)
(10, 6)
(10, 5)
kaikki ok
Reitin pituus: 11
(10, 11)
(9, 11)
(8, 11)
(7, 11)
(6, 11)
(6, 10)
(6, 9)
(6, 8)
(6, 7)
(7, 7)
(8, 7)
(8, 6)
kaikki ok
Reitin pituus: 8
(5, 3)
(6, 3)
(6, 4)
(6, 5)
(7, 5)
(8, 5)
(8, 6)
(8, 7)
(9, 7)
kaikki ok
Reitin pituus: 9
(4, 9)
(4, 8)
(4, 7)
(4, 6)
(4, 5)
(3, 5)
(2, 5)
(1, 5)
(1, 4)
(1, 3)
kaikki ok
Reitin pituus: 21
(12, 5)
(11, 5)
(10, 5)
(10, 6)
(10, 7)
(9, 7)
(8, 7)
(7, 7)
(6, 7)
(6, 8)
(6, 9)
(6, 10)
(6, 11)
(6, 12)
(6, 13)
(5, 13)
(4, 13)
(4, 14)
(4, 15)
(4, 16)
(4, 17)
(3, 17)
kaikki ok
Reitin pituus: 5
(10, 15)
(9, 15)
(8, 15)
(7, 15)
(6, 15)
(5, 15)
kaikki ok
Reitin pituus: 7
(4, 3)
(4, 4)
(4, 5)
(4, 6)
(4, 7)
(4, 8)
(4, 9)
(5, 9)
kaikki ok
Reitin pituus: 10
(4, 10)
(4, 11)
(4, 12)
(4, 13)
(4, 14)
(4, 15)
(4, 16)
(4, 17)
(3, 17)
(2, 17)
(1, 17)
kaikki ok
Reitin pituus: 12
(16, 16)
(16, 17)
(17, 17)
(17, 18)
(17, 19)
(16, 19)
(15, 19)
(14, 19)
(13, 19)
(12, 19)
(11, 19)
(10, 19)
(9, 19)
kaikki ok
Reitin pituus: 20
(16, 5)
(15, 5)
(14, 5)
(14, 6)
(14, 7)
(14, 8)
(14, 9)
(13, 9)
(12, 9)
(12, 10)
(12, 11)
(12, 12)
(12, 13)
(11, 13)
(10, 13)
(10, 14)
(10, 15)
(9, 15)
(8, 15)
(7, 15)
(6, 15)
kaikki ok
Reitin pituus: 15
(1, 19)
(1, 18)
(1, 17)
(2, 17)
(3, 17)
(4, 17)
(4, 16)
(4, 15)
(4, 14)
(4, 13)
(5, 13)
(6, 13)
(6, 12)
(6, 11)
(7, 11)
(8, 11)
kaikki ok
Reitin pituus: 12
(6, 3)
(5, 3)
(4, 3)
(4, 4)
(4, 5)
(4, 6)
(4, 7)
(4, 8)
(4, 9)
(5, 9)
(6, 9)
(6, 10)
(6, 11)
kaikki ok
Reitin pituus: 21
(11, 3)
(12, 3)
(13, 3)
(14, 3)
(14, 4)
(14, 5)
(14, 6)
(14, 7)
(14, 8)
(14, 9)
(14, 10)
(14, 11)
(14, 12)
(14, 13)
(14, 14)
(14, 15)
(14, 16)
(14, 17)
(15, 17)
(16, 17)
(17, 17)
(17, 18)
kaikki ok
Reitin pituus: 13
(10, 13)
(11, 13)
(12, 13)
(12, 12)
(12, 11)
(12, 10)
(12, 9)
(12, 8)
(12, 7)
(11, 7)
(10, 7)
(9, 7)
(8, 7)
(7, 7)
kaikki ok
Reitin pituus: 14
(15, 13)
(14, 13)
(14, 14)
(14, 15)
(13, 15)
(12, 15)
(12, 16)
(12, 17)
(11, 17)
(10, 17)
(10, 18)
(10, 19)
(9, 19)
(8, 19)
(8, 18)
kaikki ok
Reitin pituus: 18
(4, 7)
(4, 8)
(4, 9)
(4, 10)
(4, 11)
(4, 12)
(4, 13)
(4, 14)
(4, 15)
(5, 15)
(6, 15)
(6, 16)
(6, 17)
(7, 17)
(8, 17)
(8, 18)
(8, 19)
(7, 19)
(6, 19)
kaikki ok
Reitin pituus: 8
(13, 9)
(12, 9)
(12, 8)
(12, 7)
(11, 7)
(10, 7)
(9, 7)
(8, 7)
(8, 6)
kaikki ok
Reitin pituus: 15
(12, 1)
(13, 1)
(14, 1)
(14, 2)
(14, 3)
(14, 4)
(14, 5)
(14, 6)
(14, 7)
(14, 8)
(14, 9)
(14, 10)
(14, 11)
(14, 12)
(14, 13)
(14, 14)
kaikki ok
Reitin pituus: 16
(6, 11)
(7, 11)
(8, 11)
(9, 11)
(10, 11)
(11, 11)
(12, 11)
(12, 10)
(12, 9)
(13, 9)
(14, 9)
(14, 8)
(14, 7)
(14, 6)
(14, 5)
(15, 5)
(16, 5)
kaikki ok
Reitin pituus: 10
(6, 13)
(6, 12)
(6, 11)
(6, 10)
(6, 9)
(6, 8)
(6, 7)
(7, 7)
(8, 7)
(9, 7)
(9, 8)
kaikki ok
Reitin pituus: 12
(4, 8)
(4, 9)
(4, 10)
(4, 11)
(4, 12)
(4, 13)
(4, 14)
(4, 15)
(4, 16)
(4, 17)
(3, 17)
(2, 17)
(2, 16)
kaikki ok
Reitin pituus: 16
(14, 4)
(14, 3)
(13, 3)
(12, 3)
(11, 3)
(10, 3)
(9, 3)
(8, 3)
(7, 3)
(6, 3)
(5, 3)
(4, 3)
(4, 4)
(4, 5)
(4, 6)
(4, 7)
(4, 8)
kaikki ok
Reitin pituus: 4
(6, 9)
(6, 10)
(6, 11)
(6, 12)
(6, 13)
kaikki ok
Reitin pituus: 16
(17, 3)
(16, 3)
(15, 3)
(14, 3)
(14, 4)
(14, 5)
(14, 6)
(14, 7)
(14, 8)
(14, 9)
(13, 9)
(12, 9)
(12, 10)
(12, 11)
(11, 11)
(10, 11)
(9, 11)
kaikki ok
Reitin pituus: 25
(11, 19)
(10, 19)
(10, 18)
(10, 17)
(11, 17)
(12, 17)
(12, 16)
(12, 15)
(13, 15)
(14, 15)
(14, 14)
(14, 13)
(14, 12)
(14, 11)
(14, 10)
(14, 9)
(14, 8)
(14, 7)
(14, 6)
(14, 5)
(14, 4)
(14, 3)
(15, 3)
(16, 3)
(17, 3)
(17, 2)
kaikki ok
Reitin pituus: 25
(17, 5)
(16, 5)
(15, 5)
(14, 5)
(14, 6)
(14, 7)
(14, 8)
(14, 9)
(14, 10)
(14, 11)
(14, 12)
(14, 13)
(14, 14)
(14, 15)
(13, 15)
(12, 15)
(12, 16)
(12, 17)
(11, 17)
(10, 17)
(10, 18)
(10, 19)
(9, 19)
(8, 19)
(7, 19)
(6, 19)
kaikki ok
Reitin pituus: 29
(13, 19)
(12, 19)
(11, 19)
(10, 19)
(9, 19)
(8, 19)
(8, 18)
(8, 17)
(7, 17)
(6, 17)
(6, 16)
(6, 15)
(5, 15)
(4, 15)
(4, 14)
(4, 13)
(4, 12)
(4, 11)
(4, 10)
(4, 9)
(4, 8)
(4, 7)
(4, 6)
(4, 5)
(4, 4)
(4, 3)
(4, 2)
(4, 1)
(5, 1)
(6, 1)
kaikki ok
Reitin pituus: 9
(8, 6)
(8, 5)
(7, 5)
(6, 5)
(6, 4)
(6, 3)
(7, 3)
(8, 3)
(9, 3)
(10, 3)
kaikki ok
Reitin pituus: 25
(8, 19)
(9, 19)
(10, 19)
(10, 18)
(10, 17)
(11, 17)
(12, 17)
(12, 16)
(12, 15)
(13, 15)
(14, 15)
(14, 14)
(14, 13)
(14, 12)
(14, 11)
(14, 10)
(14, 9)
(14, 8)
(14, 7)
(14, 6)
(14, 5)
(14, 4)
(14, 3)
(13, 3)
(12, 3)
(11, 3)
kaikki ok
Reitin pituus: 9
(6, 16)
(6, 15)
(7, 15)
(8, 15)
(9, 15)
(10, 15)
(11, 15)
(12, 15)
(12, 16)
(12, 17)
kaikki ok
Reitin pituus: 13
(12, 8)
(12, 9)
(12, 10)
(12, 11)
(12, 12)
(12, 13)
(13, 13)
(14, 13)
(14, 14)
(14, 15)
(14, 16)
(14, 17)
(15, 17)
(16, 17)
kaikki ok
Reitin pituus: 9
(10, 2)
(10, 3)
(9, 3)
(8, 3)
(7, 3)
(6, 3)
(5, 3)
(4, 3)
(3, 3)
(2, 3)
kaikki ok
Reitin pituus: 12
(14, 12)
(14, 11)
(14, 10)
(14, 9)
(14, 8)
(14, 7)
(14, 6)
(14, 5)
(14, 4)
(14, 3)
(13, 3)
(12, 3)
(12, 4)
kaikki ok
Reitin pituus: 14
(14, 11)
(14, 12)
(14, 13)
(13, 13)
(12, 13)
(11, 13)
(10, 13)
(10, 14)
(10, 15)
(9, 15)
(8, 15)
(7, 15)
(6, 15)
(6, 16)
(6, 17)
kaikki ok
Reitin pituus: 1
(2, 13)
(1, 13)
kaikki ok
Reitin pituus: 21
(10, 15)
(10, 14)
(10, 13)
(11, 13)
(12, 13)
(12, 12)
(12, 11)
(12, 10)
(12, 9)
(13, 9)
(14, 9)
(14, 8)
(14, 7)
(14, 6)
(14, 5)
(15, 5)
(16, 5)
(17, 5)
(17, 4)
(17, 3)
(17, 2)
(17, 1)
kaikki ok
Reitin pituus: 12
(16, 16)
(16, 17)
(15, 17)
(14, 17)
(14, 16)
(14, 15)
(14, 14)
(14, 13)
(14, 12)
(14, 11)
(14, 10)
(14, 9)
(13, 9)
kaikki ok
Reitin pituus: 12
(10, 15)
(9, 15)
(8, 15)
(7, 15)
(6, 15)
(6, 16)
(6, 17)
(7, 17)
(8, 17)
(8, 18)
(8, 19)
(7, 19)
(6, 19)
kaikki ok
Reitin pituus: 20
(4, 9)
(5, 9)
(6, 9)
(6, 8)
(6, 7)
(7, 7)
(8, 7)
(9, 7)
(10, 7)
(10, 6)
(10, 5)
(11, 5)
(12, 5)
(12, 4)
(12, 3)
(13, 3)
(14, 3)
(15, 3)
(16, 3)
(17, 3)
(17, 2)
kaikki ok
Reitin pituus: 15
(14, 3)
(14, 4)
(14, 5)
(14, 6)
(14, 7)
(14, 8)
(14, 9)
(14, 10)
(14, 11)
(14, 12)
(14, 13)
(14, 14)
(14, 15)
(13, 15)
(12, 15)
(12, 16)
kaikki ok
Reitin pituus: 19
(5, 15)
(4, 15)
(4, 14)
(4, 13)
(4, 12)
(4, 11)
(4, 10)
(4, 9)
(4, 8)
(4, 7)
(4, 6)
(4, 5)
(4, 4)
(4, 3)
(4, 2)
(4, 1)
(5, 1)
(6, 1)
(7, 1)
(8, 1)
kaikki ok
Reitin pituus: 19
(14, 8)
(14, 9)
(13, 9)
(12, 9)
(12, 10)
(12, 11)
(11, 11)
(10, 11)
(9, 11)
(8, 11)
(7, 11)
(6, 11)
(6, 12)
(6, 13)
(5, 13)
(4, 13)
(3, 13)
(2, 13)
(1, 13)
(1, 14)
kaikki ok
Reitin pituus: 16
(10, 6)
(10, 7)
(11, 7)
(12, 7)
(12, 8)
(12, 9)
(13, 9)
(14, 9)
(14, 10)
(14, 11)
(14, 12)
(14, 13)
(14, 14)
(14, 15)
(13, 15)
(12, 15)
(12, 16)
kaikki ok
Reitin pituus: 13
(6, 19)
(7, 19)
(8, 19)
(8, 18)
(8, 17)
(7, 17)
(6, 17)
(6, 16)
(6, 15)
(7, 15)
(8, 15)
(8, 14)
(8, 13)
(7, 13)
kaikki ok
Reitin pituus: 12
(12, 7)
(12, 8)
(12, 9)
(13, 9)
(14, 9)
(14, 10)
(14, 11)
(14, 12)
(14, 13)
(14, 14)
(14, 15)
(13, 15)
(12, 15)
kaikki ok
Reitin pituus: 0
(6, 15)
kaikki ok
Reitin pituus: 16
(16, 16)
(16, 17)
(15, 17)
(14, 17)
(14, 16)
(14, 15)
(13, 15)
(12, 15)
(11, 15)
(10, 15)
(9, 15)
(8, 15)
(8, 14)
(8, 13)
(7, 13)
(6, 13)
(5, 13)
kaikki ok
Reitin pituus: 15
(9, 9)
(9, 8)
(9, 7)
(10, 7)
(10, 6)
(10, 5)
(11, 5)
(12, 5)
(12, 4)
(12, 3)
(13, 3)
(14, 3)
(14, 2)
(14, 1)
(15, 1)
(16, 1)
kaikki ok
Reitin pituus: 18
(17, 13)
(16, 13)
(15, 13)
(14, 13)
(14, 12)
(14, 11)
(14, 10)
(14, 9)
(14, 8)
(14, 7)
(14, 6)
(14, 5)
(14, 4)
(14, 3)
(14, 2)
(14, 1)
(15, 1)
(16, 1)
(17, 1)
kaikki ok
Reitin pituus: 11
(10, 15)
(10, 14)
(10, 13)
(11, 13)
(12, 13)
(12, 12)
(12, 11)
(12, 10)
(12, 9)
(13, 9)
(14, 9)
(14, 8)
kaikki ok
Reitin pituus: 15
(12, 1)
(11, 1)
(10, 1)
(10, 2)
(10, 3)
(9, 3)
(8, 3)
(7, 3)
(6, 3)
(5, 3)
(4, 3)
(4, 4)
(4, 5)
(4, 6)
(4, 7)
(4, 8)
kaikki ok
Reitin pituus: 24
(17, 5)
(16, 5)
(15, 5)
(14, 5)
(14, 6)
(14, 7)
(14, 8)
(14, 9)
(14, 10)
(14, 11)
(14, 12)
(14, 13)
(14, 14)
(14, 15)
(14, 16)
(14, 17)
(15, 17)
(16, 17)
(17, 17)
(17, 18)
(17, 19)
(16, 19)
(15, 19)
(14, 19)
(13, 19)
kaikki ok
Reitin pituus: 18
(4, 1)
(4, 2)
(4, 3)
(4, 4)
(4, 5)
(4, 6)
(4, 7)
(4, 8)
(4, 9)
(5, 9)
(6, 9)
(6, 10)
(6, 11)
(6, 12)
(6, 13)
(7, 13)
(8, 13)
(8, 14)
(8, 15)
kaikki ok
Reitin pituus: 18
(14, 6)
(14, 5)
(14, 4)
(14, 3)
(13, 3)
(12, 3)
(11, 3)
(10, 3)
(9, 3)
(8, 3)
(7, 3)
(6, 3)
(5, 3)
(4, 3)
(3, 3)
(2, 3)
(1, 3)
(1, 2)
(1, 1)
kaikki ok
Reitin pituus: 30
(3, 3)
(4, 3)
(4, 4)
(4, 5)
(4, 6)
(4, 7)
(4, 8)
(4, 9)
(4, 10)
(4, 11)
(4, 12)
(4, 13)
(4, 14)
(4, 15)
(5, 15)
(6, 15)
(6, 16)
(6, 17)
(7, 17)
(8, 17)
(8, 18)
(8, 19)
(9, 19)
(10, 19)
(11, 19)
(12, 19)
(13, 19)
(14, 19)
(15, 19)
(16, 19)
(17, 19)
kaikki ok
Reitin pituus: 17
(11, 5)
(10, 5)
(10, 6)
(10, 7)
(9, 7)
(8, 7)
(7, 7)
(6, 7)
(6, 8)
(6, 9)
(5, 9)
(4, 9)
(4, 10)
(4, 11)
(4, 12)
(4, 13)
(3, 13)
(2, 13)
kaikki ok
Reitin pituus: 23
(16, 19)
(17, 19)
(17, 18)
(17, 17)
(16, 17)
(15, 17)
(14, 17)
(14, 16)
(14, 15)
(14, 14)
(14, 13)
(13, 13)
(12, 13)
(12, 12)
(12, 11)
(12, 10)
(12, 9)
(12, 8)
(12, 7)
(11, 7)
(10, 7)
(9, 7)
(9, 8)
(9, 9)
kaikki ok
Reitin pituus: 8
(4, 3)
(5, 3)
(6, 3)
(7, 3)
(8, 3)
(9, 3)
(10, 3)
(11, 3)
(12, 3)
kaikki ok
Reitin pituus: 5
(8, 7)
(9, 7)
(10, 7)
(10, 6)
(10, 5)
(11, 5)
kaikki ok
Reitin pituus: 12
(5, 1)
(4, 1)
(4, 2)
(4, 3)
(4, 4)
(4, 5)
(4, 6)
(4, 7)
(4, 8)
(4, 9)
(5, 9)
(6, 9)
(6, 10)
kaikki ok
Reitin pituus: 4
(8, 18)
(8, 19)
(7, 19)
(6, 19)
(5, 19)
kaikki ok
Reitin pituus: 14
(11, 5)
(10, 5)
(10, 6)
(10, 7)
(11, 7)
(12, 7)
(12, 8)
(12, 9)
(13, 9)
(14, 9)
(14, 10)
(14, 11)
(14, 12)
(14, 13)
(15, 13)
kaikki ok
Reitin pituus: 9
(17, 18)
(17, 17)
(16, 17)
(15, 17)
(14, 17)
(14, 16)
(14, 15)
(14, 14)
(14, 13)
(14, 12)
kaikki ok
Reitin pituus: 23
(4, 5)
(4, 6)
(4, 7)
(4, 8)
(4, 9)
(4, 10)
(4, 11)
(4, 12)
(4, 13)
(4, 14)
(4, 15)
(5, 15)
(6, 15)
(6, 16)
(6, 17)
(7, 17)
(8, 17)
(8, 18)
(8, 19)
(9, 19)
(10, 19)
(11, 19)
(12, 19)
(13, 19)
kaikki ok
Reitin pituus: 23
(5, 19)
(6, 19)
(7, 19)
(8, 19)
(8, 18)
(8, 17)
(7, 17)
(6, 17)
(6, 16)
(6, 15)
(5, 15)
(4, 15)
(4, 14)
(4, 13)
(5, 13)
(6, 13)
(6, 12)
(6, 11)
(6, 10)
(6, 9)
(6, 8)
(6, 7)
(7, 7)
(8, 7)
kaikki ok
Reitin pituus: 14
(11, 7)
(12, 7)
(12, 8)
(12, 9)
(12, 10)
(12, 11)
(12, 12)
(12, 13)
(11, 13)
(10, 13)
(10, 14)
(10, 15)
(9, 15)
(8, 15)
(7, 15)
kaikki ok
Reitin pituus: 19
(12, 13)
(12, 12)
(12, 11)
(11, 11)
(10, 11)
(9, 11)
(8, 11)
(7, 11)
(6, 11)
(6, 10)
(6, 9)
(5, 9)
(4, 9)
(4, 8)
(4, 7)
(4, 6)
(4, 5)
(3, 5)
(2, 5)
(1, 5)
kaikki ok
Reitin pituus: 13
(9, 9)
(9, 8)
(9, 7)
(8, 7)
(8, 6)
(8, 5)
(7, 5)
(6, 5)
(6, 4)
(6, 3)
(5, 3)
(4, 3)
(4, 2)
(4, 1)
kaikki ok
Reitin pituus: 25
(11, 17)
(12, 17)
(12, 16)
(12, 15)
(11, 15)
(10, 15)
(9, 15)
(8, 15)
(8, 14)
(8, 13)
(7, 13)
(6, 13)
(5, 13)
(4, 13)
(4, 12)
(4, 11)
(4, 10)
(4, 9)
(4, 8)
(4, 7)
(4, 6)
(4, 5)
(3, 5)
(2, 5)
(1, 5)
(1, 4)
kaikki ok
Reitin pituus: 12
(11, 3)
(12, 3)
(12, 4)
(12, 5)
(11, 5)
(10, 5)
(10, 6)
(10, 7)
(11, 7)
(12, 7)
(12, 8)
(12, 9)
(12, 10)
kaikki ok
Reitin pituus: 8
(7, 3)
(6, 3)
(6, 4)
(6, 5)
(7, 5)
(8, 5)
(8, 6)
(8, 7)
(7, 7)
kaikki ok
Reitin pituus: 11
(2, 5)
(3, 5)
(4, 5)
(4, 6)
(4, 7)
(4, 8)
(4, 9)
(4, 10)
(4, 11)
(4, 12)
(4, 13)
(5, 13)
kaikki ok
Reitin pituus: 18
(12, 4)
(12, 5)
(11, 5)
(10, 5)
(10, 6)
(10, 7)
(11, 7)
(12, 7)
(12, 8)
(12, 9)
(12, 10)
(12, 11)
(12, 12)
(12, 13)
(11, 13)
(10, 13)
(10, 14)
(10, 15)
(11, 15)
kaikki ok
Reitin pituus: 20
(14, 19)
(15, 19)
(16, 19)
(17, 19)
(17, 18)
(17, 17)
(16, 17)
(15, 17)
(14, 17)
(14, 16)
(14, 15)
(14, 14)
(14, 13)
(13, 13)
(12, 13)
(12, 12)
(12, 11)
(11, 11)
(10, 11)
(9, 11)
(8, 11)
kaikki ok
Reitin pituus: 4
(17, 1)
(17, 2)
(17, 3)
(17, 4)
(17, 5)
kaikki ok
Reitin pituus: 2
(13, 19)
(14, 19)
(15, 19)
kaikki ok
Reitin pituus: 18
(8, 14)
(8, 13)
(7, 13)
(6, 13)
(6, 12)
(6, 11)
(6, 10)
(6, 9)
(6, 8)
(6, 7)
(7, 7)
(8, 7)
(9, 7)
(10, 7)
(10, 6)
(10, 5)
(11, 5)
(12, 5)
(12, 4)
kaikki ok
Reitin pituus: 6
(12, 3)
(13, 3)
(14, 3)
(15, 3)
(16, 3)
(17, 3)
(17, 2)
kaikki ok
Reitin pituus: 14
(15, 3)
(14, 3)
(14, 4)
(14, 5)
(14, 6)
(14, 7)
(14, 8)
(14, 9)
(13, 9)
(12, 9)
(12, 10)
(12, 11)
(11, 11)
(10, 11)
(9, 11)
kaikki ok
Reitin pituus: 15
(12, 9)
(12, 10)
(12, 11)
(12, 12)
(12, 13)
(11, 13)
(10, 13)
(10, 14)
(10, 15)
(11, 15)
(12, 15)
(12, 16)
(12, 17)
(11, 17)
(10, 17)
(10, 18)
kaikki ok
Reitin pituus: 2
(8, 14)
(8, 13)
(7, 13)
kaikki ok
Reitin pituus: 18
(9, 8)
(9, 7)
(10, 7)
(11, 7)
(12, 7)
(12, 8)
(12, 9)
(13, 9)
(14, 9)
(14, 10)
(14, 11)
(14, 12)
(14, 13)
(14, 14)
(14, 15)
(14, 16)
(14, 17)
(15, 17)
(16, 17)
kaikki ok
Reitin pituus: 15
(10, 14)
(10, 13)
(11, 13)
(12, 13)
(12, 12)
(12, 11)
(12, 10)
(12, 9)
(12, 8)
(12, 7)
(11, 7)
(10, 7)
(10, 6)
(10, 5)
(11, 5)
(12, 5)
kaikki ok
Reitin pituus: 17
(3, 5)
(4, 5)
(4, 4)
(4, 3)
(5, 3)
(6, 3)
(7, 3)
(8, 3)
(9, 3)
(10, 3)
(11, 3)
(12, 3)
(13, 3)
(14, 3)
(14, 4)
(14, 5)
(14, 6)
(14, 7)
kaikki ok
Reitin pituus: 19
(17, 3)
(16, 3)
(15, 3)
(14, 3)
(14, 4)
(14, 5)
(14, 6)
(14, 7)
(14, 8)
(14, 9)
(14, 10)
(14, 11)
(14, 12)
(14, 13)
(15, 13)
(16, 13)
(17, 13)
(17, 14)
(17, 15)
(16, 15)
kaikki ok
Reitin pituus: 17
(9, 11)
(10, 11)
(11, 11)
(12, 11)
(12, 12)
(12, 13)
(13, 13)
(14, 13)
(14, 14)
(14, 15)
(14, 16)
(14, 17)
(15, 17)
(16, 17)
(17, 17)
(17, 18)
(17, 19)
(16, 19)
kaikki ok
Reitin pituus: 12
(6, 7)
(7, 7)
(8, 7)
(9, 7)
(10, 7)
(11, 7)
(12, 7)
(12, 8)
(12, 9)
(13, 9)
(14, 9)
(14, 8)
(14, 7)
kaikki ok
Reitin pituus: 22
(15, 3)
(14, 3)
(14, 4)
(14, 5)
(14, 6)
(14, 7)
(14, 8)
(14, 9)
(14, 10)
(14, 11)
(14, 12)
(14, 13)
(14, 14)
(14, 15)
(13, 15)
(12, 15)
(12, 16)
(12, 17)
(11, 17)
(10, 17)
(10, 18)
(10, 19)
(9, 19)
kaikki ok
Reitin pituus: 19
(10, 9)
(9, 9)
(9, 8)
(9, 7)
(8, 7)
(7, 7)
(6, 7)
(6, 8)
(6, 9)
(6, 10)
(6, 11)
(6, 12)
(6, 13)
(5, 13)
(4, 13)
(4, 14)
(4, 15)
(4, 16)
(4, 17)
(3, 17)
kaikki ok
Reitin pituus: 11
(14, 16)
(14, 15)
(13, 15)
(12, 15)
(11, 15)
(10, 15)
(9, 15)
(8, 15)
(8, 14)
(8, 13)
(7, 13)
(6, 13)
kaikki ok
Reitin pituus: 9
(10, 13)
(10, 14)
(10, 15)
(9, 15)
(8, 15)
(8, 14)
(8, 13)
(7, 13)
(6, 13)
(5, 13)
kaikki ok
Reitin pituus: 15
(8, 11)
(7, 11)
(6, 11)
(6, 12)
(6, 13)
(5, 13)
(4, 13)
(4, 14)
(4, 15)
(4, 16)
(4, 17)
(3, 17)
(2, 17)
(1, 17)
(1, 18)
(1, 19)
kaikki ok
Reitin pituus: 18
(12, 7)
(12, 8)
(12, 9)
(13, 9)
(14, 9)
(14, 10)
(14, 11)
(14, 12)
(14, 13)
(14, 14)
(14, 15)
(13, 15)
(12, 15)
(12, 16)
(12, 17)
(11, 17)
(10, 17)
(10, 18)
(10, 19)
kaikki ok
Reitin pituus: 17
(4, 13)
(4, 14)
(4, 15)
(5, 15)
(6, 15)
(7, 15)
(8, 15)
(9, 15)
(10, 15)
(11, 15)
(12, 15)
(13, 15)
(14, 15)
(14, 16)
(14, 17)
(15, 17)
(16, 17)
(16, 16)
kaikki ok
Reitin pituus: 23
(9, 19)
(8, 19)
(8, 18)
(8, 17)
(7, 17)
(6, 17)
(6, 16)
(6, 15)
(5, 15)
(4, 15)
(4, 14)
(4, 13)
(4, 12)
(4, 11)
(4, 10)
(4, 9)
(4, 8)
(4, 7)
(4, 6)
(4, 5)
(4, 4)
(4, 3)
(3, 3)
(2, 3)
kaikki ok
Reitin pituus: 20
(16, 13)
(15, 13)
(14, 13)
(14, 12)
(14, 11)
(14, 10)
(14, 9)
(14, 8)
(14, 7)
(14, 6)
(14, 5)
(14, 4)
(14, 3)
(13, 3)
(12, 3)
(11, 3)
(10, 3)
(9, 3)
(8, 3)
(8, 2)
(8, 1)
kaikki ok
Reitin pituus: 18
(4, 7)
(4, 8)
(4, 9)
(5, 9)
(6, 9)
(6, 8)
(6, 7)
(7, 7)
(8, 7)
(9, 7)
(10, 7)
(11, 7)
(12, 7)
(12, 8)
(12, 9)
(13, 9)
(14, 9)
(14, 10)
(14, 11)
kaikki ok
Reitin pituus: 13
(9, 9)
(9, 8)
(9, 7)
(8, 7)
(8, 6)
(8, 5)
(7, 5)
(6, 5)
(6, 4)
(6, 3)
(7, 3)
(8, 3)
(8, 2)
(8, 1)
kaikki ok
Reitin pituus: 21
(4, 12)
(4, 13)
(5, 13)
(6, 13)
(6, 12)
(6, 11)
(7, 11)
(8, 11)
(9, 11)
(10, 11)
(11, 11)
(12, 11)
(12, 10)
(12, 9)
(13, 9)
(14, 9)
(14, 8)
(14, 7)
(14, 6)
(14, 5)
(15, 5)
(16, 5)
kaikki ok
Reitin pituus: 2
(8, 15)
(9, 15)
(10, 15)
kaikki ok
Reitin pituus: 27
(8, 19)
(9, 19)
(10, 19)
(10, 18)
(10, 17)
(11, 17)
(12, 17)
(12, 16)
(12, 15)
(13, 15)
(14, 15)
(14, 14)
(14, 13)
(14, 12)
(14, 11)
(14, 10)
(14, 9)
(14, 8)
(14, 7)
(14, 6)
(14, 5)
(14, 4)
(14, 3)
(13, 3)
(12, 3)
(11, 3)
(10, 3)
(10, 2)
kaikki ok
Reitin pituus: 11
(14, 4)
(14, 3)
(13, 3)
(12, 3)
(11, 3)
(10, 3)
(9, 3)
(8, 3)
(7, 3)
(6, 3)
(5, 3)
(4, 3)
kaikki ok
Reitin pituus: 3
(4, 16)
(4, 15)
(5, 15)
(6, 15)
kaikki ok
Reitin pituus: 11
(4, 6)
(4, 5)
(4, 4)
(4, 3)
(5, 3)
(6, 3)
(7, 3)
(8, 3)
(9, 3)
(10, 3)
(10, 2)
(10, 1)
kaikki ok
Reitin pituus: 5
(12, 16)
(12, 15)
(11, 15)
(10, 15)
(9, 15)
(8, 15)
kaikki ok
Reitin pituus: 19
(7, 3)
(6, 3)
(5, 3)
(4, 3)
(4, 4)
(4, 5)
(4, 6)
(4, 7)
(4, 8)
(4, 9)
(4, 10)
(4, 11)
(4, 12)
(4, 13)
(4, 14)
(4, 15)
(5, 15)
(6, 15)
(6, 16)
(6, 17)
kaikki ok
Reitin pituus: 28
(1, 17)
(2, 17)
(3, 17)
(4, 17)
(4, 16)
(4, 15)
(5, 15)
(6, 15)
(7, 15)
(8, 15)
(9, 15)
(10, 15)
(10, 14)
(10, 13)
(11, 13)
(12, 13)
(12, 12)
(12, 11)
(12, 10)
(12, 9)
(13, 9)
(14, 9)
(14, 8)
(14, 7)
(14, 6)
(14, 5)
(14, 4)
(14, 3)
(15, 3)
kaikki ok
Reitin pituus: 25
(5, 1)
(6, 1)
(7, 1)
(8, 1)
(8, 2)
(8, 3)
(9, 3)
(10, 3)
(11, 3)
(12, 3)
(13, 3)
(14, 3)
(14, 4)
(14, 5)
(14, 6)
(14, 7)
(14, 8)
(14, 9)
(14, 10)
(14, 11)
(14, 12)
(14, 13)
(14, 14)
(14, 15)
(14, 16)
(14, 17)
kaikki ok
Reitin pituus: 4
(5, 13)
(6, 13)
(6, 12)
(6, 11)
(6, 10)
kaikki ok
Reitin pituus: 19
(8, 5)
(8, 6)
(8, 7)
(7, 7)
(6, 7)
(6, 8)
(6, 9)
(6, 10)
(6, 11)
(6, 12)
(6, 13)
(5, 13)
(4, 13)
(4, 14)
(4, 15)
(5, 15)
(6, 15)
(6, 16)
(6, 17)
(7, 17)
kaikki ok
Reitin pituus: 12
(14, 13)
(13, 13)
(12, 13)
(12, 12)
(12, 11)
(12, 10)
(12, 9)
(12, 8)
(12, 7)
(11, 7)
(10, 7)
(9, 7)
(8, 7)
kaikki ok
Reitin pituus: 21
(1, 18)
(1, 17)
(2, 17)
(3, 17)
(4, 17)
(4, 16)
(4, 15)
(5, 15)
(6, 15)
(7, 15)
(8, 15)
(9, 15)
(10, 15)
(11, 15)
(12, 15)
(13, 15)
(14, 15)
(14, 14)
(14, 13)
(14, 12)
(14, 11)
(14, 10)
kaikki ok
Reitin pituus: 20
(11, 15)
(10, 15)
(9, 15)
(8, 15)
(8, 14)
(8, 13)
(7, 13)
(6, 13)
(6, 12)
(6, 11)
(6, 10)
(6, 9)
(5, 9)
(4, 9)
(4, 8)
(4, 7)
(4, 6)
(4, 5)
(4, 4)
(4, 3)
(5, 3)
kaikki ok
Reitin pituus: 19
(4, 2)
(4, 3)
(4, 4)
(4, 5)
(4, 6)
(4, 7)
(4, 8)
(4, 9)
(5, 9)
(6, 9)
(6, 10)
(6, 11)
(6, 12)
(6, 13)
(7, 13)
(8, 13)
(8, 14)
(8, 15)
(9, 15)
(10, 15)
kaikki ok
Reitin pituus: 8
(6, 12)
(6, 13)
(5, 13)
(4, 13)
(4, 14)
(4, 15)
(4, 16)
(4, 17)
(3, 17)
kaikki ok
Reitin pituus: 6
(4, 12)
(4, 13)
(5, 13)
(6, 13)
(6, 12)
(6, 11)
(7, 11)
kaikki ok
Reitin pituus: 17
(1, 15)
(2, 15)
(2, 16)
(2, 17)
(1, 17)
(1, 18)
(1, 19)
(2, 19)
(3, 19)
(4, 19)
(5, 19)
(6, 19)
(7, 19)
(8, 19)
(9, 19)
(10, 19)
(11, 19)
(12, 19)
kaikki ok
Reitin pituus: 6
(5, 9)
(4, 9)
(4, 10)
(4, 11)
(4, 12)
(4, 13)
(3, 13)
kaikki ok
Reitin pituus: 9
(12, 8)
(12, 7)
(11, 7)
(10, 7)
(10, 6)
(10, 5)
(11, 5)
(12, 5)
(12, 4)
(12, 3)
kaikki ok
Reitin pituus: 3
(4, 12)
(4, 11)
(4, 10)
(4, 9)
kaikki ok
Reitin pituus: 13
(11, 19)
(10, 19)
(10, 18)
(10, 17)
(11, 17)
(12, 17)
(12, 16)
(12, 15)
(11, 15)
(10, 15)
(9, 15)
(8, 15)
(8, 14)
(8, 13)
kaikki ok
Reitin pituus: 10
(4, 13)
(4, 14)
(4, 15)
(4, 16)
(4, 17)
(3, 17)
(2, 17)
(1, 17)
(1, 18)
(1, 19)
(2, 19)
kaikki ok
Reitin pituus: 19
(1, 2)
(1, 3)
(2, 3)
(3, 3)
(4, 3)
(5, 3)
(6, 3)
(7, 3)
(8, 3)
(9, 3)
(10, 3)
(11, 3)
(12, 3)
(13, 3)
(14, 3)
(14, 4)
(14, 5)
(14, 6)
(14, 7)
(14, 8)
kaikki ok
Reitin pituus: 10
(4, 2)
(4, 3)
(5, 3)
(6, 3)
(6, 4)
(6, 5)
(7, 5)
(8, 5)
(8, 6)
(8, 7)
(7, 7)
kaikki ok
Reitin pituus: 21
(10, 6)
(10, 7)
(9, 7)
(8, 7)
(7, 7)
(6, 7)
(6, 8)
(6, 9)
(6, 10)
(6, 11)
(6, 12)
(6, 13)
(7, 13)
(8, 13)
(8, 14)
(8, 15)
(7, 15)
(6, 15)
(6, 16)
(6, 17)
(7, 17)
(8, 17)
kaikki ok
Reitin pituus: 8
(2, 15)
(2, 16)
(2, 17)
(3, 17)
(4, 17)
(4, 16)
(4, 15)
(5, 15)
(6, 15)
kaikki ok
Reitin pituus: 17
(14, 1)
(14, 2)
(14, 3)
(14, 4)
(14, 5)
(14, 6)
(14, 7)
(14, 8)
(14, 9)
(14, 10)
(14, 11)
(14, 12)
(14, 13)
(14, 14)
(14, 15)
(13, 15)
(12, 15)
(12, 16)
kaikki ok
Reitin pituus: 10
(4, 4)
(4, 5)
(4, 6)
(4, 7)
(4, 8)
(4, 9)
(5, 9)
(6, 9)
(6, 8)
(6, 7)
(7, 7)
kaikki ok
Reitin pituus: 2
(6, 10)
(6, 9)
(5, 9)
kaikki ok
Reitin pituus: 1
(7, 1)
(6, 1)
kaikki ok
Reitin pituus: 20
(6, 19)
(7, 19)
(8, 19)
(9, 19)
(10, 19)
(10, 18)
(10, 17)
(11, 17)
(12, 17)
(12, 16)
(12, 15)
(13, 15)
(14, 15)
(14, 14)
(14, 13)
(14, 12)
(14, 11)
(14, 10)
(14, 9)
(14, 8)
(14, 7)
kaikki ok
Reitin pituus: 16
(17, 13)
(16, 13)
(15, 13)
(14, 13)
(14, 12)
(14, 11)
(14, 10)
(14, 9)
(13, 9)
(12, 9)
(12, 8)
(12, 7)
(11, 7)
(10, 7)
(10, 6)
(10, 5)
(11, 5)
kaikki ok
Reitin pituus: 12
(8, 5)
(8, 6)
(8, 7)
(9, 7)
(10, 7)
(11, 7)
(12, 7)
(12, 8)
(12, 9)
(13, 9)
(14, 9)
(14, 8)
(14, 7)
kaikki ok
Reitin pituus: 23
(11, 13)
(12, 13)
(12, 12)
(12, 11)
(12, 10)
(12, 9)
(12, 8)
(12, 7)
(11, 7)
(10, 7)
(9, 7)
(8, 7)
(8, 6)
(8, 5)
(7, 5)
(6, 5)
(6, 4)
(6, 3)
(5, 3)
(4, 3)
(4, 2)
(4, 1)
(3, 1)
(2, 1)
kaikki ok
Reitin pituus: 12
(6, 10)
(6, 11)
(6, 12)
(6, 13)
(7, 13)
(8, 13)
(8, 14)
(8, 15)
(9, 15)
(10, 15)
(11, 15)
(12, 15)
(13, 15)
kaikki ok
Reitin pituus: 7
(4, 5)
(4, 4)
(4, 3)
(4, 2)
(4, 1)
(3, 1)
(2, 1)
(1, 1)
kaikki ok
Reitin pituus: 23
(4, 1)
(4, 2)
(4, 3)
(4, 4)
(4, 5)
(4, 6)
(4, 7)
(4, 8)
(4, 9)
(4, 10)
(4, 11)
(4, 12)
(4, 13)
(4, 14)
(4, 15)
(4, 16)
(4, 17)
(3, 17)
(2, 17)
(1, 17)
(1, 18)
(1, 19)
(2, 19)
(3, 19)
kaikki ok
Reitin pituus: 17
(7, 5)
(8, 5)
(8, 6)
(8, 7)
(9, 7)
(10, 7)
(11, 7)
(12, 7)
(12, 8)
(12, 9)
(12, 10)
(12, 11)
(12, 12)
(12, 13)
(11, 13)
(10, 13)
(10, 14)
(10, 15)
kaikki ok
Reitin pituus: 15
(1, 4)
(1, 5)
(2, 5)
(3, 5)
(4, 5)
(4, 6)
(4, 7)
(4, 8)
(4, 9)
(4, 10)
(4, 11)
(4, 12)
(4, 13)
(3, 13)
(2, 13)
(1, 13)
kaikki ok
Reitin pituus: 26
(3, 17)
(4, 17)
(4, 16)
(4, 15)
(5, 15)
(6, 15)
(7, 15)
(8, 15)
(9, 15)
(10, 15)
(10, 14)
(10, 13)
(11, 13)
(12, 13)
(12, 12)
(12, 11)
(12, 10)
(12, 9)
(13, 9)
(14, 9)
(14, 8)
(14, 7)
(14, 6)
(14, 5)
(15, 5)
(16, 5)
(17, 5)
kaikki ok
Reitin pituus: 19
(10, 7)
(11, 7)
(12, 7)
(12, 8)
(12, 9)
(13, 9)
(14, 9)
(14, 10)
(14, 11)
(14, 12)
(14, 13)
(14, 14)
(14, 15)
(13, 15)
(12, 15)
(12, 16)
(12, 17)
(11, 17)
(10, 17)
(10, 18)
kaikki ok
Reitin pituus: 13
(6, 16)
(6, 15)
(7, 15)
(8, 15)
(9, 15)
(10, 15)
(11, 15)
(12, 15)
(13, 15)
(14, 15)
(14, 14)
(14, 13)
(15, 13)
(16, 13)
kaikki ok
Reitin pituus: 13
(3, 5)
(4, 5)
(4, 6)
(4, 7)
(4, 8)
(4, 9)
(4, 10)
(4, 11)
(4, 12)
(4, 13)
(3, 13)
(2, 13)
(1, 13)
(1, 14)
kaikki ok
Reitin pituus: 24
(1, 14)
(1, 13)
(2, 13)
(3, 13)
(4, 13)
(5, 13)
(6, 13)
(6, 12)
(6, 11)
(7, 11)
(8, 11)
(9, 11)
(10, 11)
(11, 11)
(12, 11)
(12, 10)
(12, 9)
(13, 9)
(14, 9)
(14, 8)
(14, 7)
(14, 6)
(14, 5)
(15, 5)
(16, 5)
kaikki ok
Reitin pituus: 24
(8, 7)
(9, 7)
(10, 7)
(11, 7)
(12, 7)
(12, 8)
(12, 9)
(12, 10)
(12, 11)
(12, 12)
(12, 13)
(13, 13)
(14, 13)
(14, 14)
(14, 15)
(14, 16)
(14, 17)
(15, 17)
(16, 17)
(17, 17)
(17, 18)
(17, 19)
(16, 19)
(15, 19)
(14, 19)
kaikki ok
Reitin pituus: 21
(8, 15)
(9, 15)
(10, 15)
(11, 15)
(12, 15)
(13, 15)
(14, 15)
(14, 14)
(14, 13)
(14, 12)
(14, 11)
(14, 10)
(14, 9)
(14, 8)
(14, 7)
(14, 6)
(14, 5)
(14, 4)
(14, 3)
(15, 3)
(16, 3)
(17, 3)
kaikki ok
Reitin pituus: 5
(10, 3)
(10, 2)
(10, 1)
(11, 1)
(12, 1)
(13, 1)
kaikki ok
Reitin pituus: 4
(4, 10)
(4, 11)
(4, 12)
(4, 13)
(5, 13)
kaikki ok
Reitin pituus: 17
(8, 13)
(7, 13)
(6, 13)
(5, 13)
(4, 13)
(4, 12)
(4, 11)
(4, 10)
(4, 9)
(4, 8)
(4, 7)
(4, 6)
(4, 5)
(3, 5)
(2, 5)
(1, 5)
(1, 4)
(1, 3)
kaikki ok
Reitin pituus: 14
(9, 9)
(9, 8)
(9, 7)
(10, 7)
(11, 7)
(12, 7)
(12, 8)
(12, 9)
(12, 10)
(12, 11)
(12, 12)
(12, 13)
(11, 13)
(10, 13)
(10, 14)
kaikki ok
Reitin pituus: 22
(11, 17)
(12, 17)
(12, 16)
(12, 15)
(13, 15)
(14, 15)
(14, 14)
(14, 13)
(14, 12)
(14, 11)
(14, 10)
(14, 9)
(14, 8)
(14, 7)
(14, 6)
(14, 5)
(14, 4)
(14, 3)
(13, 3)
(12, 3)
(11, 3)
(10, 3)
(9, 3)
kaikki ok
Reitin pituus: 13
(17, 13)
(16, 13)
(15, 13)
(14, 13)
(14, 12)
(14, 11)
(14, 10)
(14, 9)
(14, 8)
(14, 7)
(14, 6)
(14, 5)
(15, 5)
(16, 5)
kaikki ok
Reitin pituus: 7
(2, 1)
(3, 1)
(4, 1)
(5, 1)
(6, 1)
(7, 1)
(8, 1)
(8, 2)
kaikki ok
Reitin pituus: 19
(11, 3)
(10, 3)
(9, 3)
(8, 3)
(7, 3)
(6, 3)
(5, 3)
(4, 3)
(4, 4)
(4, 5)
(4, 6)
(4, 7)
(4, 8)
(4, 9)
(4, 10)
(4, 11)
(4, 12)
(4, 13)
(4, 14)
(4, 15)
kaikki ok
Reitin pituus: 16
(11, 3)
(12, 3)
(13, 3)
(14, 3)
(14, 4)
(14, 5)
(14, 6)
(14, 7)
(14, 8)
(14, 9)
(14, 10)
(14, 11)
(14, 12)
(14, 13)
(14, 14)
(14, 15)
(14, 16)
kaikki ok
Reitin pituus: 20
(1, 18)
(1, 17)
(2, 17)
(3, 17)
(4, 17)
(4, 16)
(4, 15)
(4, 14)
(4, 13)
(4, 12)
(4, 11)
(4, 10)
(4, 9)
(4, 8)
(4, 7)
(4, 6)
(4, 5)
(4, 4)
(4, 3)
(5, 3)
(6, 3)
kaikki ok
Reitin pituus: 28
(1, 14)
(1, 13)
(2, 13)
(3, 13)
(4, 13)
(4, 12)
(4, 11)
(4, 10)
(4, 9)
(4, 8)
(4, 7)
(4, 6)
(4, 5)
(4, 4)
(4, 3)
(5, 3)
(6, 3)
(7, 3)
(8, 3)
(9, 3)
(10, 3)
(11, 3)
(12, 3)
(13, 3)
(14, 3)
(15, 3)
(16, 3)
(17, 3)
(17, 2)
kaikki ok
Reitin pituus: 18
(6, 11)
(7, 11)
(8, 11)
(9, 11)
(10, 11)
(11, 11)
(12, 11)
(12, 12)
(12, 13)
(13, 13)
(14, 13)
(14, 14)
(14, 15)
(14, 16)
(14, 17)
(15, 17)
(16, 17)
(17, 17)
(17, 18)
kaikki ok
Reitin pituus: 16
(6, 4)
(6, 5)
(7, 5)
(8, 5)
(8, 6)
(8, 7)
(9, 7)
(10, 7)
(11, 7)
(12, 7)
(12, 8)
(12, 9)
(12, 10)
(12, 11)
(12, 12)
(12, 13)
(13, 13)
kaikki ok
Reitin pituus: 6
(10, 3)
(11, 3)
(12, 3)
(13, 3)
(14, 3)
(14, 4)
(14, 5)
kaikki ok
Reitin pituus: 18
(12, 1)
(13, 1)
(14, 1)
(14, 2)
(14, 3)
(14, 4)
(14, 5)
(14, 6)
(14, 7)
(14, 8)
(14, 9)
(14, 10)
(14, 11)
(14, 12)
(14, 13)
(14, 14)
(14, 15)
(14, 16)
(14, 17)
kaikki ok
Reitin pituus: 26
(6, 19)
(7, 19)
(8, 19)
(9, 19)
(10, 19)
(10, 18)
(10, 17)
(11, 17)
(12, 17)
(12, 16)
(12, 15)
(13, 15)
(14, 15)
(14, 14)
(14, 13)
(14, 12)
(14, 11)
(14, 10)
(14, 9)
(14, 8)
(14, 7)
(14, 6)
(14, 5)
(14, 4)
(14, 3)
(13, 3)
(12, 3)
kaikki ok
Reitin pituus: 22
(10, 1)
(10, 2)
(10, 3)
(11, 3)
(12, 3)
(12, 4)
(12, 5)
(11, 5)
(10, 5)
(10, 6)
(10, 7)
(11, 7)
(12, 7)
(12, 8)
(12, 9)
(12, 10)
(12, 11)
(12, 12)
(12, 13)
(11, 13)
(10, 13)
(10, 14)
(10, 15)
kaikki ok
Reitin pituus: 9
(15, 19)
(14, 19)
(13, 19)
(12, 19)
(11, 19)
(10, 19)
(9, 19)
(8, 19)
(7, 19)
(6, 19)
kaikki ok
Reitin pituus: 20
(16, 1)
(15, 1)
(14, 1)
(14, 2)
(14, 3)
(14, 4)
(14, 5)
(14, 6)
(14, 7)
(14, 8)
(14, 9)
(14, 10)
(14, 11)
(14, 12)
(14, 13)
(14, 14)
(14, 15)
(13, 15)
(12, 15)
(12, 16)
(12, 17)
kaikki ok
Reitin pituus: 21
(16, 3)
(15, 3)
(14, 3)
(13, 3)
(12, 3)
(12, 4)
(12, 5)
(11, 5)
(10, 5)
(10, 6)
(10, 7)
(9, 7)
(8, 7)
(7, 7)
(6, 7)
(6, 8)
(6, 9)
(5, 9)
(4, 9)
(4, 10)
(4, 11)
(4, 12)
kaikki ok
Reitin pituus: 18
(9, 3)
(8, 3)
(7, 3)
(6, 3)
(5, 3)
(4, 3)
(4, 4)
(4, 5)
(4, 6)
(4, 7)
(4, 8)
(4, 9)
(4, 10)
(4, 11)
(4, 12)
(4, 13)
(4, 14)
(4, 15)
(5, 15)
kaikki ok
Reitin pituus: 9
(15, 5)
(14, 5)
(14, 6)
(14, 7)
(14, 8)
(14, 9)
(14, 10)
(14, 11)
(14, 12)
(14, 13)
kaikki ok
Reitin pituus: 13
(4, 6)
(4, 5)
(4, 4)
(4, 3)
(5, 3)
(6, 3)
(7, 3)
(8, 3)
(9, 3)
(10, 3)
(11, 3)
(12, 3)
(13, 3)
(14, 3)
kaikki ok
Reitin pituus: 12
(8, 3)
(9, 3)
(10, 3)
(11, 3)
(12, 3)
(12, 4)
(12, 5)
(11, 5)
(10, 5)
(10, 6)
(10, 7)
(11, 7)
(12, 7)
kaikki ok
Reitin pituus: 7
(7, 17)
(8, 17)
(8, 18)
(8, 19)
(9, 19)
(10, 19)
(10, 18)
(10, 17)
kaikki ok
Reitin pituus: 11
(8, 7)
(7, 7)
(6, 7)
(6, 8)
(6, 9)
(5, 9)
(4, 9)
(4, 10)
(4, 11)
(4, 12)
(4, 13)
(4, 14)
kaikki ok
Reitin pituus: 12
(12, 12)
(12, 11)
(12, 10)
(12, 9)
(13, 9)
(14, 9)
(14, 8)
(14, 7)
(14, 6)
(14, 5)
(14, 4)
(14, 3)
(13, 3)
kaikki ok
Reitin pituus: 7
(9, 3)
(8, 3)
(7, 3)
(6, 3)
(5, 3)
(4, 3)
(4, 4)
(4, 5)
kaikki ok
Reitin pituus: 13
(9, 7)
(10, 7)
(11, 7)
(12, 7)
(12, 8)
(12, 9)
(12, 10)
(12, 11)
(12, 12)
(12, 13)
(11, 13)
(10, 13)
(10, 14)
(10, 15)
kaikki ok
Reitin pituus: 17
(1, 17)
(2, 17)
(3, 17)
(4, 17)
(4, 16)
(4, 15)
(5, 15)
(6, 15)
(7, 15)
(8, 15)
(9, 15)
(10, 15)
(11, 15)
(12, 15)
(13, 15)
(14, 15)
(14, 14)
(14, 13)
kaikki ok
Reitin pituus: 17
(12, 10)
(12, 9)
(13, 9)
(14, 9)
(14, 8)
(14, 7)
(14, 6)
(14, 5)
(14, 4)
(14, 3)
(13, 3)
(12, 3)
(11, 3)
(10, 3)
(9, 3)
(8, 3)
(8, 2)
(8, 1)
kaikki ok
Reitin pituus: 23
(17, 17)
(16, 17)
(15, 17)
(14, 17)
(14, 16)
(14, 15)
(14, 14)
(14, 13)
(13, 13)
(12, 13)
(12, 12)
(12, 11)
(12, 10)
(12, 9)
(12, 8)
(12, 7)
(11, 7)
(10, 7)
(9, 7)
(8, 7)
(8, 6)
(8, 5)
(7, 5)
(6, 5)
kaikki ok
Reitin pituus: 8
(4, 7)
(4, 6)
(4, 5)
(4, 4)
(4, 3)
(5, 3)
(6, 3)
(7, 3)
(8, 3)
kaikki ok
Reitin pituus: 19
(8, 11)
(7, 11)
(6, 11)
(6, 12)
(6, 13)
(7, 13)
(8, 13)
(8, 14)
(8, 15)
(7, 15)
(6, 15)
(6, 16)
(6, 17)
(7, 17)
(8, 17)
(8, 18)
(8, 19)
(7, 19)
(6, 19)
(5, 19)
kaikki ok
Reitin pituus: 3
(4, 2)
(4, 1)
(3, 1)
(2, 1)
kaikki ok
Reitin pituus: 13
(5, 15)
(6, 15)
(7, 15)
(8, 15)
(9, 15)
(10, 15)
(11, 15)
(12, 15)
(13, 15)
(14, 15)
(14, 14)
(14, 13)
(15, 13)
(16, 13)
kaikki ok
Reitin pituus: 7
(8, 9)
(9, 9)
(9, 8)
(9, 7)
(10, 7)
(11, 7)
(12, 7)
(12, 8)
kaikki ok
Reitin pituus: 23
(4, 11)
(4, 10)
(4, 9)
(5, 9)
(6, 9)
(6, 8)
(6, 7)
(7, 7)
(8, 7)
(9, 7)
(10, 7)
(11, 7)
(12, 7)
(12, 8)
(12, 9)
(13, 9)
(14, 9)
(14, 8)
(14, 7)
(14, 6)
(14, 5)
(15, 5)
(16, 5)
(17, 5)
kaikki ok
Reitin pituus: 13
(16, 19)
(15, 19)
(14, 19)
(13, 19)
(12, 19)
(11, 19)
(10, 19)
(9, 19)
(8, 19)
(8, 18)
(8, 17)
(7, 17)
(6, 17)
(6, 16)
kaikki ok
Reitin pituus: 18
(1, 19)
(1, 18)
(1, 17)
(2, 17)
(3, 17)
(4, 17)
(4, 16)
(4, 15)
(5, 15)
(6, 15)
(7, 15)
(8, 15)
(9, 15)
(10, 15)
(10, 14)
(10, 13)
(11, 13)
(12, 13)
(12, 12)
kaikki ok
Reitin pituus: 17
(2, 13)
(3, 13)
(4, 13)
(4, 14)
(4, 15)
(5, 15)
(6, 15)
(7, 15)
(8, 15)
(9, 15)
(10, 15)
(11, 15)
(12, 15)
(13, 15)
(14, 15)
(14, 16)
(14, 17)
(15, 17)
kaikki ok
Reitin pituus: 25
(13, 19)
(12, 19)
(11, 19)
(10, 19)
(10, 18)
(10, 17)
(11, 17)
(12, 17)
(12, 16)
(12, 15)
(13, 15)
(14, 15)
(14, 14)
(14, 13)
(14, 12)
(14, 11)
(14, 10)
(14, 9)
(13, 9)
(12, 9)
(12, 8)
(12, 7)
(11, 7)
(10, 7)
(9, 7)
(9, 8)
kaikki ok
Reitin pituus: 3
(14, 14)
(14, 15)
(14, 16)
(14, 17)
kaikki ok
Reitin pituus: 12
(10, 1)
(10, 2)
(10, 3)
(9, 3)
(8, 3)
(7, 3)
(6, 3)
(5, 3)
(4, 3)
(4, 4)
(4, 5)
(4, 6)
(4, 7)
kaikki ok
Reitin pituus: 14
(1, 14)
(1, 13)
(2, 13)
(3, 13)
(4, 13)
(5, 13)
(6, 13)
(7, 13)
(8, 13)
(8, 14)
(8, 15)
(9, 15)
(10, 15)
(11, 15)
(12, 15)
kaikki ok
Reitin pituus: 15
(17, 13)
(16, 13)
(15, 13)
(14, 13)
(14, 14)
(14, 15)
(13, 15)
(12, 15)
(12, 16)
(12, 17)
(11, 17)
(10, 17)
(10, 18)
(10, 19)
(9, 19)
(8, 19)
kaikki ok
Reitin pituus: 9
(6, 16)
(6, 17)
(7, 17)
(8, 17)
(8, 18)
(8, 19)
(9, 19)
(10, 19)
(11, 19)
(12, 19)
kaikki ok
Reitin pituus: 7
(10, 2)
(10, 3)
(11, 3)
(12, 3)
(12, 4)
(12, 5)
(11, 5)
(10, 5)
kaikki ok
Reitin pituus: 19
(12, 7)
(12, 8)
(12, 9)
(12, 10)
(12, 11)
(12, 12)
(12, 13)
(11, 13)
(10, 13)
(10, 14)
(10, 15)
(9, 15)
(8, 15)
(7, 15)
(6, 15)
(6, 16)
(6, 17)
(7, 17)
(8, 17)
(8, 18)
kaikki ok
Reitin pituus: 20
(6, 15)
(5, 15)
(4, 15)
(4, 14)
(4, 13)
(4, 12)
(4, 11)
(4, 10)
(4, 9)
(4, 8)
(4, 7)
(4, 6)
(4, 5)
(4, 4)
(4, 3)
(5, 3)
(6, 3)
(7, 3)
(8, 3)
(9, 3)
(10, 3)
kaikki ok
Reitin pituus: 11
(8, 3)
(9, 3)
(10, 3)
(11, 3)
(12, 3)
(13, 3)
(14, 3)
(14, 4)
(14, 5)
(14, 6)
(14, 7)
(14, 8)
kaikki ok
Reitin pituus: 13
(8, 2)
(8, 3)
(7, 3)
(6, 3)
(6, 4)
(6, 5)
(7, 5)
(8, 5)
(8, 6)
(8, 7)
(9, 7)
(9, 8)
(9, 9)
(8, 9)
kaikki ok
Reitin pituus: 21
(7, 17)
(6, 17)
(6, 16)
(6, 15)
(5, 15)
(4, 15)
(4, 14)
(4, 13)
(4, 12)
(4, 11)
(4, 10)
(4, 9)
(4, 8)
(4, 7)
(4, 6)
(4, 5)
(4, 4)
(4, 3)
(4, 2)
(4, 1)
(3, 1)
(2, 1)
kaikki ok
Reitin pituus: 5
(17, 14)
(17, 15)
(16, 15)
(16, 16)
(16, 17)
(15, 17)
kaikki ok
Reitin pituus: 9
(14, 11)
(14, 10)
(14, 9)
(14, 8)
(14, 7)
(14, 6)
(14, 5)
(15, 5)
(16, 5)
(17, 5)
kaikki ok
Reitin pituus: 7
(4, 17)
(4, 16)
(4, 15)
(4, 14)
(4, 13)
(5, 13)
(6, 13)
(6, 12)
kaikki ok
Reitin pituus: 8
(4, 9)
(4, 10)
(4, 11)
(4, 12)
(4, 13)
(4, 14)
(4, 15)
(5, 15)
(6, 15)
kaikki ok
Reitin pituus: 23
(8, 19)
(9, 19)
(10, 19)
(10, 18)
(10, 17)
(11, 17)
(12, 17)
(12, 16)
(12, 15)
(13, 15)
(14, 15)
(14, 14)
(14, 13)
(14, 12)
(14, 11)
(14, 10)
(14, 9)
(14, 8)
(14, 7)
(14, 6)
(14, 5)
(14, 4)
(14, 3)
(14, 2)
kaikki ok
Reitin pituus: 22
(12, 19)
(11, 19)
(10, 19)
(10, 18)
(10, 17)
(11, 17)
(12, 17)
(12, 16)
(12, 15)
(13, 15)
(14, 15)
(14, 14)
(14, 13)
(14, 12)
(14, 11)
(14, 10)
(14, 9)
(13, 9)
(12, 9)
(12, 8)
(12, 7)
(11, 7)
(10, 7)
kaikki ok
Reitin pituus: 22
(7, 19)
(8, 19)
(9, 19)
(10, 19)
(10, 18)
(10, 17)
(11, 17)
(12, 17)
(12, 16)
(12, 15)
(13, 15)
(14, 15)
(14, 14)
(14, 13)
(14, 12)
(14, 11)
(14, 10)
(14, 9)
(14, 8)
(14, 7)
(14, 6)
(14, 5)
(15, 5)
kaikki ok
Reitin pituus: 3
(9, 11)
(10, 11)
(11, 11)
(12, 11)
kaikki ok
Reitin pituus: 4
(4, 10)
(4, 9)
(5, 9)
(6, 9)
(6, 10)
kaikki ok
Reitin pituus: 19
(8, 13)
(7, 13)
(6, 13)
(6, 12)
(6, 11)
(7, 11)
(8, 11)
(9, 11)
(10, 11)
(11, 11)
(12, 11)
(12, 10)
(12, 9)
(13, 9)
(14, 9)
(14, 8)
(14, 7)
(14, 6)
(14, 5)
(14, 4)
kaikki ok
Reitin pituus: 23
(16, 5)
(15, 5)
(14, 5)
(14, 6)
(14, 7)
(14, 8)
(14, 9)
(14, 10)
(14, 11)
(14, 12)
(14, 13)
(14, 14)
(14, 15)
(13, 15)
(12, 15)
(12, 16)
(12, 17)
(11, 17)
(10, 17)
(10, 18)
(10, 19)
(9, 19)
(8, 19)
(8, 18)
kaikki ok
Reitin pituus: 11
(6, 13)
(6, 12)
(6, 11)
(7, 11)
(8, 11)
(9, 11)
(10, 11)
(11, 11)
(12, 11)
(12, 10)
(12, 9)
(13, 9)
kaikki ok
Reitin pituus: 9
(10, 2)
(10, 3)
(9, 3)
(8, 3)
(7, 3)
(6, 3)
(6, 4)
(6, 5)
(7, 5)
(8, 5)
kaikki ok
Reitin pituus: 30
(1, 19)
(1, 18)
(1, 17)
(2, 17)
(3, 17)
(4, 17)
(4, 16)
(4, 15)
(5, 15)
(6, 15)
(7, 15)
(8, 15)
(9, 15)
(10, 15)
(10, 14)
(10, 13)
(11, 13)
(12, 13)
(12, 12)
(12, 11)
(12, 10)
(12, 9)
(13, 9)
(14, 9)
(14, 8)
(14, 7)
(14, 6)
(14, 5)
(14, 4)
(14, 3)
(14, 2)
kaikki ok
Reitin pituus: 16
(4, 8)
(4, 9)
(5, 9)
(6, 9)
(6, 10)
(6, 11)
(7, 11)
(8, 11)
(9, 11)
(10, 11)
(11, 11)
(12, 11)
(12, 10)
(12, 9)
(13, 9)
(14, 9)
(14, 8)
kaikki ok
Reitin pituus: 10
(9, 8)
(9, 7)
(8, 7)
(8, 6)
(8, 5)
(7, 5)
(6, 5)
(6, 4)
(6, 3)
(5, 3)
(4, 3)
kaikki ok
Reitin pituus: 5
(12, 15)
(11, 15)
(10, 15)
(9, 15)
(8, 15)
(7, 15)
kaikki ok
Reitin pituus: 31
(17, 1)
(17, 2)
(17, 3)
(17, 4)
(17, 5)
(16, 5)
(15, 5)
(14, 5)
(14, 6)
(14, 7)
(14, 8)
(14, 9)
(14, 10)
(14, 11)
(14, 12)
(14, 13)
(14, 14)
(14, 15)
(13, 15)
(12, 15)
(12, 16)
(12, 17)
(11, 17)
(10, 17)
(10, 18)
(10, 19)
(9, 19)
(8, 19)
(7, 19)
(6, 19)
(5, 19)
(4, 19)
kaikki ok
Reitin pituus: 13
(2, 3)
(3, 3)
(4, 3)
(4, 4)
(4, 5)
(4, 6)
(4, 7)
(4, 8)
(4, 9)
(4, 10)
(4, 11)
(4, 12)
(4, 13)
(4, 14)
kaikki ok
Reitin pituus: 1
(6, 11)
(6, 10)
kaikki ok
Reitin pituus: 22
(6, 1)
(5, 1)
(4, 1)
(4, 2)
(4, 3)
(4, 4)
(4, 5)
(4, 6)
(4, 7)
(4, 8)
(4, 9)
(4, 10)
(4, 11)
(4, 12)
(4, 13)
(4, 14)
(4, 15)
(5, 15)
(6, 15)
(6, 16)
(6, 17)
(7, 17)
(8, 17)
kaikki ok
Reitin pituus: 3
(3, 5)
(4, 5)
(4, 4)
(4, 3)
kaikki ok
Reitin pituus: 1
(1, 1)
(1, 2)
kaikki ok
Reitin pituus: 14
(2, 1)
(3, 1)
(4, 1)
(4, 2)
(4, 3)
(5, 3)
(6, 3)
(6, 4)
(6, 5)
(7, 5)
(8, 5)
(8, 6)
(8, 7)
(9, 7)
(9, 8)
kaikki ok
Reitin pituus: 10
(12, 4)
(12, 3)
(11, 3)
(10, 3)
(9, 3)
(8, 3)
(8, 2)
(8, 1)
(7, 1)
(6, 1)
(5, 1)
kaikki ok
Reitin pituus: 14
(6, 7)
(6, 8)
(6, 9)
(6, 10)
(6, 11)
(6, 12)
(6, 13)
(7, 13)
(8, 13)
(8, 14)
(8, 15)
(9, 15)
(10, 15)
(11, 15)
(12, 15)
kaikki ok
Reitin pituus: 21
(12, 12)
(12, 11)
(11, 11)
(10, 11)
(9, 11)
(8, 11)
(7, 11)
(6, 11)
(6, 10)
(6, 9)
(5, 9)
(4, 9)
(4, 8)
(4, 7)
(4, 6)
(4, 5)
(4, 4)
(4, 3)
(4, 2)
(4, 1)
(3, 1)
(2, 1)
kaikki ok
Reitin pituus: 7
(10, 14)
(10, 15)
(9, 15)
(8, 15)
(8, 14)
(8, 13)
(7, 13)
(6, 13)
kaikki ok
Reitin pituus: 4
(15, 13)
(14, 13)
(14, 14)
(14, 15)
(14, 16)
kaikki ok
Reitin pituus: 28
(2, 16)
(2, 17)
(3, 17)
(4, 17)
(4, 16)
(4, 15)
(5, 15)
(6, 15)
(7, 15)
(8, 15)
(9, 15)
(10, 15)
(11, 15)
(12, 15)
(13, 15)
(14, 15)
(14, 14)
(14, 13)
(14, 12)
(14, 11)
(14, 10)
(14, 9)
(14, 8)
(14, 7)
(14, 6)
(14, 5)
(14, 4)
(14, 3)
(15, 3)
kaikki ok
Reitin pituus: 2
(10, 18)
(10, 17)
(11, 17)
kaikki ok
Reitin pituus: 15
(1, 15)
(2, 15)
(2, 16)
(2, 17)
(3, 17)
(4, 17)
(4, 16)
(4, 15)
(5, 15)
(6, 15)
(7, 15)
(8, 15)
(9, 15)
(10, 15)
(11, 15)
(12, 15)
kaikki ok
Reitin pituus: 13
(7, 17)
(8, 17)
(8, 18)
(8, 19)
(9, 19)
(10, 19)
(11, 19)
(12, 19)
(13, 19)
(14, 19)
(15, 19)
(16, 19)
(17, 19)
(17, 18)
kaikki ok
Reitin pituus: 10
(1, 2)
(1, 3)
(1, 4)
(1, 5)
(2, 5)
(3, 5)
(4, 5)
(4, 6)
(4, 7)
(4, 8)
(4, 9)
kaikki ok
Reitin pituus: 18
(12, 11)
(11, 11)
(10, 11)
(9, 11)
(8, 11)
(7, 11)
(6, 11)
(6, 10)
(6, 9)
(5, 9)
(4, 9)
(4, 8)
(4, 7)
(4, 6)
(4, 5)
(4, 4)
(4, 3)
(4, 2)
(4, 1)
kaikki ok
Reitin pituus: 1
(10, 13)
(11, 13)
kaikki ok
Reitin pituus: 11
(6, 17)
(6, 16)
(6, 15)
(5, 15)
(4, 15)
(4, 14)
(4, 13)
(3, 13)
(2, 13)
(1, 13)
(1, 14)
(1, 15)
kaikki ok
Reitin pituus: 14
(16, 3)
(15, 3)
(14, 3)
(14, 4)
(14, 5)
(14, 6)
(14, 7)
(14, 8)
(14, 9)
(13, 9)
(12, 9)
(12, 10)
(12, 11)
(11, 11)
(10, 11)
kaikki ok
Reitin pituus: 23
(6, 16)
(6, 15)
(5, 15)
(4, 15)
(4, 14)
(4, 13)
(4, 12)
(4, 11)
(4, 10)
(4, 9)
(4, 8)
(4, 7)
(4, 6)
(4, 5)
(4, 4)
(4, 3)
(5, 3)
(6, 3)
(7, 3)
(8, 3)
(9, 3)
(10, 3)
(10, 2)
(10, 1)
kaikki ok
Reitin pituus: 26
(5, 19)
(6, 19)
(7, 19)
(8, 19)
(8, 18)
(8, 17)
(7, 17)
(6, 17)
(6, 16)
(6, 15)
(5, 15)
(4, 15)
(4, 14)
(4, 13)
(5, 13)
(6, 13)
(6, 12)
(6, 11)
(6, 10)
(6, 9)
(6, 8)
(6, 7)
(7, 7)
(8, 7)
(8, 6)
(8, 5)
(7, 5)
kaikki ok
Reitin pituus: 28
(1, 17)
(2, 17)
(3, 17)
(4, 17)
(4, 16)
(4, 15)
(5, 15)
(6, 15)
(7, 15)
(8, 15)
(9, 15)
(10, 15)
(10, 14)
(10, 13)
(11, 13)
(12, 13)
(12, 12)
(12, 11)
(12, 10)
(12, 9)
(13, 9)
(14, 9)
(14, 8)
(14, 7)
(14, 6)
(14, 5)
(14, 4)
(14, 3)
(15, 3)
kaikki ok
Reitin pituus: 19
(11, 19)
(10, 19)
(9, 19)
(8, 19)
(8, 18)
(8, 17)
(7, 17)
(6, 17)
(6, 16)
(6, 15)
(5, 15)
(4, 15)
(4, 14)
(4, 13)
(5, 13)
(6, 13)
(6, 12)
(6, 11)
(7, 11)
(8, 11)
kaikki ok
Reitin pituus: 2
(16, 3)
(15, 3)
(14, 3)
kaikki ok
Reitin pituus: 8
(7, 19)
(8, 19)
(9, 19)
(10, 19)
(11, 19)
(12, 19)
(13, 19)
(14, 19)
(15, 19)
kaikki ok
Reitin pituus: 12
(8, 6)
(8, 7)
(9, 7)
(10, 7)
(11, 7)
(12, 7)
(12, 8)
(12, 9)
(13, 9)
(14, 9)
(14, 10)
(14, 11)
(14, 12)
kaikki ok
Reitin pituus: 26
(14, 2)
(14, 3)
(13, 3)
(12, 3)
(12, 4)
(12, 5)
(11, 5)
(10, 5)
(10, 6)
(10, 7)
(9, 7)
(8, 7)
(7, 7)
(6, 7)
(6, 8)
(6, 9)
(6, 10)
(6, 11)
(6, 12)
(6, 13)
(5, 13)
(4, 13)
(3, 13)
(2, 13)
(1, 13)
(1, 14)
(1, 15)
kaikki ok
Reitin pituus: 25
(16, 1)
(15, 1)
(14, 1)
(14, 2)
(14, 3)
(14, 4)
(14, 5)
(14, 6)
(14, 7)
(14, 8)
(14, 9)
(14, 10)
(14, 11)
(14, 12)
(14, 13)
(14, 14)
(14, 15)
(13, 15)
(12, 15)
(12, 16)
(12, 17)
(11, 17)
(10, 17)
(10, 18)
(10, 19)
(9, 19)
kaikki ok
Reitin pituus: 10
(13, 3)
(12, 3)
(12, 4)
(12, 5)
(11, 5)
(10, 5)
(10, 6)
(10, 7)
(9, 7)
(8, 7)
(8, 6)
kaikki ok
Reitin pituus: 11
(5, 15)
(4, 15)
(4, 14)
(4, 13)
(5, 13)
(6, 13)
(6, 12)
(6, 11)
(7, 11)
(8, 11)
(9, 11)
(10, 11)
kaikki ok
Reitin pituus: 2
(9, 19)
(10, 19)
(10, 18)
kaikki ok
Reitin pituus: 9
(4, 7)
(4, 6)
(4, 5)
(4, 4)
(4, 3)
(4, 2)
(4, 1)
(5, 1)
(6, 1)
(7, 1)
kaikki ok
Reitin pituus: 5
(17, 4)
(17, 3)
(16, 3)
(15, 3)
(14, 3)
(13, 3)
kaikki ok
Reitin pituus: 15
(7, 3)
(6, 3)
(6, 4)
(6, 5)
(7, 5)
(8, 5)
(8, 6)
(8, 7)
(7, 7)
(6, 7)
(6, 8)
(6, 9)
(6, 10)
(6, 11)
(6, 12)
(6, 13)
kaikki ok
Reitin pituus: 16
(3, 19)
(2, 19)
(1, 19)
(1, 18)
(1, 17)
(2, 17)
(3, 17)
(4, 17)
(4, 16)
(4, 15)
(4, 14)
(4, 13)
(4, 12)
(4, 11)
(4, 10)
(4, 9)
(4, 8)
kaikki ok
Reitin pituus: 10
(13, 3)
(14, 3)
(14, 4)
(14, 5)
(14, 6)
(14, 7)
(14, 8)
(14, 9)
(13, 9)
(12, 9)
(12, 8)
kaikki ok
Reitin pituus: 27
(15, 5)
(14, 5)
(14, 6)
(14, 7)
(14, 8)
(14, 9)
(14, 10)
(14, 11)
(14, 12)
(14, 13)
(14, 14)
(14, 15)
(13, 15)
(12, 15)
(12, 16)
(12, 17)
(11, 17)
(10, 17)
(10, 18)
(10, 19)
(9, 19)
(8, 19)
(7, 19)
(6, 19)
(5, 19)
(4, 19)
(3, 19)
(2, 19)
kaikki ok
Reitin pituus: 20
(17, 1)
(17, 2)
(17, 3)
(17, 4)
(17, 5)
(16, 5)
(15, 5)
(14, 5)
(14, 6)
(14, 7)
(14, 8)
(14, 9)
(13, 9)
(12, 9)
(12, 10)
(12, 11)
(12, 12)
(12, 13)
(11, 13)
(10, 13)
(10, 14)
kaikki ok
Reitin pituus: 23
(12, 7)
(12, 8)
(12, 9)
(12, 10)
(12, 11)
(12, 12)
(12, 13)
(11, 13)
(10, 13)
(10, 14)
(10, 15)
(9, 15)
(8, 15)
(7, 15)
(6, 15)
(6, 16)
(6, 17)
(7, 17)
(8, 17)
(8, 18)
(8, 19)
(7, 19)
(6, 19)
(5, 19)
kaikki ok
Reitin pituus: 27
(16, 1)
(15, 1)
(14, 1)
(14, 2)
(14, 3)
(14, 4)
(14, 5)
(14, 6)
(14, 7)
(14, 8)
(14, 9)
(14, 10)
(14, 11)
(14, 12)
(14, 13)
(14, 14)
(14, 15)
(13, 15)
(12, 15)
(12, 16)
(12, 17)
(11, 17)
(10, 17)
(10, 18)
(10, 19)
(9, 19)
(8, 19)
(8, 18)
kaikki ok
Reitin pituus: 17
(4, 9)
(4, 8)
(4, 7)
(4, 6)
(4, 5)
(4, 4)
(4, 3)
(5, 3)
(6, 3)
(7, 3)
(8, 3)
(9, 3)
(10, 3)
(10, 2)
(10, 1)
(11, 1)
(12, 1)
(13, 1)
kaikki ok
Reitin pituus: 10
(7, 3)
(8, 3)
(9, 3)
(10, 3)
(11, 3)
(12, 3)
(13, 3)
(14, 3)
(15, 3)
(16, 3)
(17, 3)
kaikki ok
Reitin pituus: 15
(14, 17)
(14, 16)
(14, 15)
(13, 15)
(12, 15)
(11, 15)
(10, 15)
(9, 15)
(8, 15)
(7, 15)
(6, 15)
(5, 15)
(4, 15)
(4, 16)
(4, 17)
(3, 17)
kaikki ok
Reitin pituus: 14
(4, 19)
(5, 19)
(6, 19)
(7, 19)
(8, 19)
(9, 19)
(10, 19)
(11, 19)
(12, 19)
(13, 19)
(14, 19)
(15, 19)
(16, 19)
(17, 19)
(17, 18)
kaikki ok
Reitin pituus: 3
(4, 3)
(4, 4)
(4, 5)
(3, 5)
kaikki ok
Reitin pituus: 6
(6, 3)
(5, 3)
(4, 3)
(3, 3)
(2, 3)
(1, 3)
(1, 4)
kaikki ok
Reitin pituus: 14
(6, 3)
(6, 4)
(6, 5)
(7, 5)
(8, 5)
(8, 6)
(8, 7)
(9, 7)
(10, 7)
(11, 7)
(12, 7)
(12, 8)
(12, 9)
(13, 9)
(14, 9)
kaikki ok
Reitin pituus: 18
(13, 13)
(12, 13)
(12, 12)
(12, 11)
(11, 11)
(10, 11)
(9, 11)
(8, 11)
(7, 11)
(6, 11)
(6, 10)
(6, 9)
(5, 9)
(4, 9)
(4, 8)
(4, 7)
(4, 6)
(4, 5)
(3, 5)
kaikki ok
Reitin pituus: 17
(10, 1)
(10, 2)
(10, 3)
(11, 3)
(12, 3)
(12, 4)
(12, 5)
(11, 5)
(10, 5)
(10, 6)
(10, 7)
(11, 7)
(12, 7)
(12, 8)
(12, 9)
(12, 10)
(12, 11)
(11, 11)
kaikki ok
Reitin pituus: 26
(16, 19)
(15, 19)
(14, 19)
(13, 19)
(12, 19)
(11, 19)
(10, 19)
(9, 19)
(8, 19)
(8, 18)
(8, 17)
(7, 17)
(6, 17)
(6, 16)
(6, 15)
(5, 15)
(4, 15)
(4, 14)
(4, 13)
(4, 12)
(4, 11)
(4, 10)
(4, 9)
(4, 8)
(4, 7)
(4, 6)
(4, 5)
kaikki ok
Reitin pituus: 6
(2, 13)
(3, 13)
(4, 13)
(4, 12)
(4, 11)
(4, 10)
(4, 9)
kaikki ok
Reitin pituus: 26
(10, 17)
(11, 17)
(12, 17)
(12, 16)
(12, 15)
(11, 15)
(10, 15)
(9, 15)
(8, 15)
(7, 15)
(6, 15)
(5, 15)
(4, 15)
(4, 14)
(4, 13)
(4, 12)
(4, 11)
(4, 10)
(4, 9)
(4, 8)
(4, 7)
(4, 6)
(4, 5)
(4, 4)
(4, 3)
(4, 2)
(4, 1)
kaikki ok
Reitin pituus: 7
(6, 10)
(6, 11)
(6, 12)
(6, 13)
(5, 13)
(4, 13)
(4, 14)
(4, 15)
kaikki ok
Reitin pituus: 25
(3, 3)
(4, 3)
(4, 4)
(4, 5)
(4, 6)
(4, 7)
(4, 8)
(4, 9)
(4, 10)
(4, 11)
(4, 12)
(4, 13)
(4, 14)
(4, 15)
(5, 15)
(6, 15)
(6, 16)
(6, 17)
(7, 17)
(8, 17)
(8, 18)
(8, 19)
(9, 19)
(10, 19)
(11, 19)
(12, 19)
kaikki ok
Reitin pituus: 15
(1, 2)
(1, 3)
(2, 3)
(3, 3)
(4, 3)
(5, 3)
(6, 3)
(7, 3)
(8, 3)
(9, 3)
(10, 3)
(11, 3)
(12, 3)
(13, 3)
(14, 3)
(15, 3)
kaikki ok
Reitin pituus: 15
(4, 16)
(4, 15)
(4, 14)
(4, 13)
(4, 12)
(4, 11)
(4, 10)
(4, 9)
(5, 9)
(6, 9)
(6, 8)
(6, 7)
(7, 7)
(8, 7)
(9, 7)
(9, 8)
kaikki ok
Reitin pituus: 23
(4, 14)
(4, 13)
(5, 13)
(6, 13)
(6, 12)
(6, 11)
(7, 11)
(8, 11)
(9, 11)
(10, 11)
(11, 11)
(12, 11)
(12, 10)
(12, 9)
(13, 9)
(14, 9)
(14, 8)
(14, 7)
(14, 6)
(14, 5)
(14, 4)
(14, 3)
(15, 3)
(16, 3)
kaikki ok
Reitin pituus: 4
(6, 16)
(6, 15)
(5, 15)
(4, 15)
(4, 16)
kaikki ok
Reitin pituus: 9
(9, 15)
(10, 15)
(11, 15)
(12, 15)
(12, 16)
(12, 17)
(11, 17)
(10, 17)
(10, 18)
(10, 19)
kaikki ok
Reitin pituus: 20
(8, 13)
(7, 13)
(6, 13)
(6, 12)
(6, 11)
(6, 10)
(6, 9)
(6, 8)
(6, 7)
(7, 7)
(8, 7)
(9, 7)
(10, 7)
(10, 6)
(10, 5)
(11, 5)
(12, 5)
(12, 4)
(12, 3)
(13, 3)
(14, 3)
kaikki ok
Reitin pituus: 16
(3, 1)
(4, 1)
(4, 2)
(4, 3)
(4, 4)
(4, 5)
(4, 6)
(4, 7)
(4, 8)
(4, 9)
(5, 9)
(6, 9)
(6, 10)
(6, 11)
(6, 12)
(6, 13)
(7, 13)
kaikki ok
Reitin pituus: 7
(4, 15)
(5, 15)
(6, 15)
(7, 15)
(8, 15)
(9, 15)
(10, 15)
(10, 14)
kaikki ok
Reitin pituus: 9
(6, 11)
(6, 12)
(6, 13)
(7, 13)
(8, 13)
(8, 14)
(8, 15)
(9, 15)
(10, 15)
(10, 14)
kaikki ok
Reitin pituus: 16
(8, 11)
(7, 11)
(6, 11)
(6, 10)
(6, 9)
(5, 9)
(4, 9)
(4, 8)
(4, 7)
(4, 6)
(4, 5)
(3, 5)
(2, 5)
(1, 5)
(1, 4)
(1, 3)
(1, 2)
kaikki ok
Reitin pituus: 7
(11, 11)
(12, 11)
(12, 10)
(12, 9)
(12, 8)
(12, 7)
(11, 7)
(10, 7)
kaikki ok
Reitin pituus: 19
(12, 10)
(12, 11)
(12, 12)
(12, 13)
(11, 13)
(10, 13)
(10, 14)
(10, 15)
(9, 15)
(8, 15)
(7, 15)
(6, 15)
(6, 16)
(6, 17)
(7, 17)
(8, 17)
(8, 18)
(8, 19)
(7, 19)
(6, 19)
kaikki ok
Reitin pituus: 18
(14, 17)
(14, 16)
(14, 15)
(14, 14)
(14, 13)
(14, 12)
(14, 11)
(14, 10)
(14, 9)
(14, 8)
(14, 7)
(14, 6)
(14, 5)
(14, 4)
(14, 3)
(14, 2)
(14, 1)
(13, 1)
(12, 1)
kaikki ok
Reitin pituus: 10
(3, 3)
(4, 3)
(5, 3)
(6, 3)
(6, 4)
(6, 5)
(7, 5)
(8, 5)
(8, 6)
(8, 7)
(7, 7)
kaikki ok
Reitin pituus: 5
(1, 18)
(1, 19)
(2, 19)
(3, 19)
(4, 19)
(5, 19)
kaikki ok
Reitin pituus: 16
(4, 4)
(4, 3)
(5, 3)
(6, 3)
(7, 3)
(8, 3)
(9, 3)
(10, 3)
(10, 2)
(10, 1)
(11, 1)
(12, 1)
(13, 1)
(14, 1)
(15, 1)
(16, 1)
(17, 1)
kaikki ok
Reitin pituus: 24
(10, 18)
(10, 17)
(11, 17)
(12, 17)
(12, 16)
(12, 15)
(13, 15)
(14, 15)
(14, 14)
(14, 13)
(14, 12)
(14, 11)
(14, 10)
(14, 9)
(14, 8)
(14, 7)
(14, 6)
(14, 5)
(14, 4)
(14, 3)
(14, 2)
(14, 1)
(15, 1)
(16, 1)
(17, 1)
kaikki ok
Reitin pituus: 22
(11, 19)
(10, 19)
(10, 18)
(10, 17)
(11, 17)
(12, 17)
(12, 16)
(12, 15)
(13, 15)
(14, 15)
(14, 14)
(14, 13)
(14, 12)
(14, 11)
(14, 10)
(14, 9)
(14, 8)
(14, 7)
(14, 6)
(14, 5)
(14, 4)
(14, 3)
(13, 3)
kaikki ok
Reitin pituus: 11
(14, 3)
(14, 4)
(14, 5)
(14, 6)
(14, 7)
(14, 8)
(14, 9)
(13, 9)
(12, 9)
(12, 10)
(12, 11)
(12, 12)
kaikki ok
Reitin pituus: 16
(1, 15)
(2, 15)
(2, 16)
(2, 17)
(1, 17)
(1, 18)
(1, 19)
(2, 19)
(3, 19)
(4, 19)
(5, 19)
(6, 19)
(7, 19)
(8, 19)
(9, 19)
(10, 19)
(11, 19)
kaikki ok
Reitin pituus: 15
(8, 14)
(8, 13)
(7, 13)
(6, 13)
(6, 12)
(6, 11)
(6, 10)
(6, 9)
(6, 8)
(6, 7)
(7, 7)
(8, 7)
(9, 7)
(10, 7)
(10, 6)
(10, 5)
kaikki ok
Reitin pituus: 14
(1, 19)
(2, 19)
(3, 19)
(4, 19)
(5, 19)
(6, 19)
(7, 19)
(8, 19)
(9, 19)
(10, 19)
(10, 18)
(10, 17)
(11, 17)
(12, 17)
(12, 16)
kaikki ok
Reitin pituus: 3
(12, 15)
(12, 16)
(12, 17)
(11, 17)
kaikki ok
Reitin pituus: 27
(8, 17)
(7, 17)
(6, 17)
(6, 16)
(6, 15)
(5, 15)
(4, 15)
(4, 14)
(4, 13)
(4, 12)
(4, 11)
(4, 10)
(4, 9)
(4, 8)
(4, 7)
(4, 6)
(4, 5)
(4, 4)
(4, 3)
(5, 3)
(6, 3)
(7, 3)
(8, 3)
(9, 3)
(10, 3)
(10, 2)
(10, 1)
(11, 1)
kaikki ok
Reitin pituus: 23
(1, 2)
(1, 3)
(2, 3)
(3, 3)
(4, 3)
(5, 3)
(6, 3)
(6, 4)
(6, 5)
(7, 5)
(8, 5)
(8, 6)
(8, 7)
(9, 7)
(10, 7)
(11, 7)
(12, 7)
(12, 8)
(12, 9)
(12, 10)
(12, 11)
(12, 12)
(12, 13)
(11, 13)
kaikki ok
Reitin pituus: 7
(12, 9)
(12, 10)
(12, 11)
(12, 12)
(12, 13)
(11, 13)
(10, 13)
(10, 14)
kaikki ok
Reitin pituus: 20
(6, 3)
(5, 3)
(4, 3)
(4, 4)
(4, 5)
(4, 6)
(4, 7)
(4, 8)
(4, 9)
(4, 10)
(4, 11)
(4, 12)
(4, 13)
(4, 14)
(4, 15)
(5, 15)
(6, 15)
(7, 15)
(8, 15)
(9, 15)
(10, 15)
kaikki ok
Reitin pituus: 18
(1, 5)
(1, 4)
(1, 3)
(2, 3)
(3, 3)
(4, 3)
(5, 3)
(6, 3)
(6, 4)
(6, 5)
(7, 5)
(8, 5)
(8, 6)
(8, 7)
(9, 7)
(10, 7)
(11, 7)
(12, 7)
(12, 8)
kaikki ok
Reitin pituus: 19
(10, 15)
(9, 15)
(8, 15)
(8, 14)
(8, 13)
(7, 13)
(6, 13)
(6, 12)
(6, 11)
(6, 10)
(6, 9)
(6, 8)
(6, 7)
(7, 7)
(8, 7)
(8, 6)
(8, 5)
(7, 5)
(6, 5)
(6, 4)
kaikki ok
Reitin pituus: 9
(6, 12)
(6, 13)
(7, 13)
(8, 13)
(8, 14)
(8, 15)
(7, 15)
(6, 15)
(6, 16)
(6, 17)
kaikki ok
Reitin pituus: 10
(7, 15)
(8, 15)
(8, 14)
(8, 13)
(7, 13)
(6, 13)
(6, 12)
(6, 11)
(6, 10)
(6, 9)
(6, 8)
kaikki ok
Reitin pituus: 10
(1, 4)
(1, 5)
(2, 5)
(3, 5)
(4, 5)
(4, 6)
(4, 7)
(4, 8)
(4, 9)
(4, 10)
(4, 11)
kaikki ok
Reitin pituus: 24
(2, 1)
(3, 1)
(4, 1)
(4, 2)
(4, 3)
(5, 3)
(6, 3)
(6, 4)
(6, 5)
(7, 5)
(8, 5)
(8, 6)
(8, 7)
(9, 7)
(10, 7)
(11, 7)
(12, 7)
(12, 8)
(12, 9)
(12, 10)
(12, 11)
(12, 12)
(12, 13)
(11, 13)
(10, 13)
kaikki ok
Reitin pituus: 14
(10, 9)
(9, 9)
(9, 8)
(9, 7)
(10, 7)
(11, 7)
(12, 7)
(12, 8)
(12, 9)
(12, 10)
(12, 11)
(12, 12)
(12, 13)
(11, 13)
(10, 13)
kaikki ok
Reitin pituus: 22
(4, 4)
(4, 5)
(4, 6)
(4, 7)
(4, 8)
(4, 9)
(5, 9)
(6, 9)
(6, 10)
(6, 11)
(6, 12)
(6, 13)
(7, 13)
(8, 13)
(8, 14)
(8, 15)
(9, 15)
(10, 15)
(11, 15)
(12, 15)
(13, 15)
(14, 15)
(14, 16)
kaikki ok
Reitin pituus: 28
(6, 19)
(7, 19)
(8, 19)
(9, 19)
(10, 19)
(10, 18)
(10, 17)
(11, 17)
(12, 17)
(12, 16)
(12, 15)
(13, 15)
(14, 15)
(14, 14)
(14, 13)
(14, 12)
(14, 11)
(14, 10)
(14, 9)
(14, 8)
(14, 7)
(14, 6)
(14, 5)
(14, 4)
(14, 3)
(14, 2)
(14, 1)
(15, 1)
(16, 1)
kaikki ok
Reitin pituus: 5
(16, 3)
(15, 3)
(14, 3)
(13, 3)
(12, 3)
(11, 3)
kaikki ok
Reitin pituus: 19
(2, 17)
(3, 17)
(4, 17)
(4, 16)
(4, 15)
(4, 14)
(4, 13)
(4, 12)
(4, 11)
(4, 10)
(4, 9)
(4, 8)
(4, 7)
(4, 6)
(4, 5)
(4, 4)
(4, 3)
(4, 2)
(4, 1)
(3, 1)
kaikki ok
Reitin pituus: 27
(16, 13)
(15, 13)
(14, 13)
(13, 13)
(12, 13)
(12, 12)
(12, 11)
(12, 10)
(12, 9)
(12, 8)
(12, 7)
(11, 7)
(10, 7)
(9, 7)
(8, 7)
(8, 6)
(8, 5)
(7, 5)
(6, 5)
(6, 4)
(6, 3)
(5, 3)
(4, 3)
(3, 3)
(2, 3)
(1, 3)
(1, 2)
(1, 1)
kaikki ok
Reitin pituus: 20
(12, 13)
(12, 12)
(12, 11)
(11, 11)
(10, 11)
(9, 11)
(8, 11)
(7, 11)
(6, 11)
(6, 10)
(6, 9)
(5, 9)
(4, 9)
(4, 8)
(4, 7)
(4, 6)
(4, 5)
(3, 5)
(2, 5)
(1, 5)
(1, 4)
kaikki ok
Reitin pituus: 4
(6, 7)
(7, 7)
(8, 7)
(9, 7)
(9, 8)
kaikki ok
Reitin pituus: 26
(9, 3)
(10, 3)
(11, 3)
(12, 3)
(13, 3)
(14, 3)
(14, 4)
(14, 5)
(14, 6)
(14, 7)
(14, 8)
(14, 9)
(14, 10)
(14, 11)
(14, 12)
(14, 13)
(14, 14)
(14, 15)
(14, 16)
(14, 17)
(15, 17)
(16, 17)
(17, 17)
(17, 18)
(17, 19)
(16, 19)
(15, 19)
kaikki ok
Reitin pituus: 18
(4, 13)
(4, 14)
(4, 15)
(5, 15)
(6, 15)
(6, 16)
(6, 17)
(7, 17)
(8, 17)
(8, 18)
(8, 19)
(9, 19)
(10, 19)
(11, 19)
(12, 19)
(13, 19)
(14, 19)
(15, 19)
(16, 19)
kaikki ok
Reitin pituus: 21
(7, 5)
(8, 5)
(8, 6)
(8, 7)
(9, 7)
(10, 7)
(11, 7)
(12, 7)
(12, 8)
(12, 9)
(12, 10)
(12, 11)
(12, 12)
(12, 13)
(11, 13)
(10, 13)
(10, 14)
(10, 15)
(11, 15)
(12, 15)
(12, 16)
(12, 17)
kaikki ok
Reitin pituus: 11
(10, 1)
(11, 1)
(12, 1)
(13, 1)
(14, 1)
(14, 2)
(14, 3)
(14, 4)
(14, 5)
(14, 6)
(14, 7)
(14, 8)
kaikki ok
Reitin pituus: 18
(8, 5)
(8, 6)
(8, 7)
(9, 7)
(10, 7)
(11, 7)
(12, 7)
(12, 8)
(12, 9)
(12, 10)
(12, 11)
(12, 12)
(12, 13)
(13, 13)
(14, 13)
(14, 14)
(14, 15)
(14, 16)
(14, 17)
kaikki ok
Reitin pituus: 13
(9, 8)
(9, 7)
(8, 7)
(7, 7)
(6, 7)
(6, 8)
(6, 9)
(5, 9)
(4, 9)
(4, 10)
(4, 11)
(4, 12)
(4, 13)
(4, 14)
kaikki ok
Reitin pituus: 21
(3, 3)
(4, 3)
(4, 4)
(4, 5)
(4, 6)
(4, 7)
(4, 8)
(4, 9)
(4, 10)
(4, 11)
(4, 12)
(4, 13)
(4, 14)
(4, 15)
(5, 15)
(6, 15)
(6, 16)
(6, 17)
(7, 17)
(8, 17)
(8, 18)
(8, 19)
kaikki ok
Reitin pituus: 9
(7, 15)
(6, 15)
(5, 15)
(4, 15)
(4, 16)
(4, 17)
(3, 17)
(2, 17)
(1, 17)
(1, 18)
kaikki ok
Reitin pituus: 14
(12, 17)
(11, 17)
(10, 17)
(10, 18)
(10, 19)
(9, 19)
(8, 19)
(7, 19)
(6, 19)
(5, 19)
(4, 19)
(3, 19)
(2, 19)
(1, 19)
(1, 18)
kaikki ok
Reitin pituus: 10
(11, 15)
(12, 15)
(13, 15)
(14, 15)
(14, 14)
(14, 13)
(14, 12)
(14, 11)
(14, 10)
(14, 9)
(14, 8)
kaikki ok
Reitin pituus: 10
(6, 10)
(6, 11)
(6, 12)
(6, 13)
(5, 13)
(4, 13)
(4, 14)
(4, 15)
(4, 16)
(4, 17)
(3, 17)
kaikki ok
Reitin pituus: 11
(11, 19)
(10, 19)
(10, 18)
(10, 17)
(11, 17)
(12, 17)
(12, 16)
(12, 15)
(11, 15)
(10, 15)
(9, 15)
(8, 15)
kaikki ok
Reitin pituus: 19
(17, 18)
(17, 17)
(16, 17)
(15, 17)
(14, 17)
(14, 16)
(14, 15)
(14, 14)
(14, 13)
(13, 13)
(12, 13)
(12, 12)
(12, 11)
(12, 10)
(12, 9)
(12, 8)
(12, 7)
(11, 7)
(10, 7)
(9, 7)
kaikki ok
Reitin pituus: 5
(4, 19)
(5, 19)
(6, 19)
(7, 19)
(8, 19)
(8, 18)
kaikki ok
Reitin pituus: 12
(8, 9)
(9, 9)
(9, 8)
(9, 7)
(10, 7)
(10, 6)
(10, 5)
(11, 5)
(12, 5)
(12, 4)
(12, 3)
(13, 3)
(14, 3)
kaikki ok
Reitin pituus: 6
(6, 8)
(6, 7)
(7, 7)
(8, 7)
(8, 6)
(8, 5)
(7, 5)
kaikki ok
Reitin pituus: 14
(4, 15)
(4, 14)
(4, 13)
(4, 12)
(4, 11)
(4, 10)
(4, 9)
(5, 9)
(6, 9)
(6, 8)
(6, 7)
(7, 7)
(8, 7)
(9, 7)
(10, 7)
kaikki ok
Reitin pituus: 13
(4, 6)
(4, 7)
(4, 8)
(4, 9)
(5, 9)
(6, 9)
(6, 10)
(6, 11)
(7, 11)
(8, 11)
(9, 11)
(10, 11)
(11, 11)
(12, 11)
kaikki ok
Reitin pituus: 14
(4, 19)
(5, 19)
(6, 19)
(7, 19)
(8, 19)
(8, 18)
(8, 17)
(7, 17)
(6, 17)
(6, 16)
(6, 15)
(7, 15)
(8, 15)
(8, 14)
(8, 13)
kaikki ok
Reitin pituus: 23
(8, 5)
(8, 6)
(8, 7)
(9, 7)
(10, 7)
(11, 7)
(12, 7)
(12, 8)
(12, 9)
(12, 10)
(12, 11)
(12, 12)
(12, 13)
(13, 13)
(14, 13)
(14, 14)
(14, 15)
(14, 16)
(14, 17)
(15, 17)
(16, 17)
(17, 17)
(17, 18)
(17, 19)
kaikki ok
Reitin pituus: 13
(17, 3)
(16, 3)
(15, 3)
(14, 3)
(13, 3)
(12, 3)
(11, 3)
(10, 3)
(9, 3)
(8, 3)
(8, 2)
(8, 1)
(7, 1)
(6, 1)
kaikki ok
Reitin pituus: 21
(5, 13)
(6, 13)
(6, 12)
(6, 11)
(7, 11)
(8, 11)
(9, 11)
(10, 11)
(11, 11)
(12, 11)
(12, 10)
(12, 9)
(13, 9)
(14, 9)
(14, 8)
(14, 7)
(14, 6)
(14, 5)
(15, 5)
(16, 5)
(17, 5)
(17, 4)
kaikki ok
Reitin pituus: 23
(6, 19)
(7, 19)
(8, 19)
(8, 18)
(8, 17)
(7, 17)
(6, 17)
(6, 16)
(6, 15)
(5, 15)
(4, 15)
(4, 14)
(4, 13)
(5, 13)
(6, 13)
(6, 12)
(6, 11)
(6, 10)
(6, 9)
(6, 8)
(6, 7)
(7, 7)
(8, 7)
(9, 7)
kaikki ok
Reitin pituus: 0
(4, 10)
kaikki ok
Reitin pituus: 2
(6, 4)
(6, 3)
(5, 3)
kaikki ok
Reitin pituus: 4
(7, 3)
(8, 3)
(8, 2)
(8, 1)
(7, 1)
kaikki ok
Reitin pituus: 4
(1, 5)
(2, 5)
(3, 5)
(4, 5)
(4, 6)
kaikki ok
Reitin pituus: 4
(10, 11)
(11, 11)
(12, 11)
(12, 12)
(12, 13)
kaikki ok
Reitin pituus: 8
(11, 3)
(12, 3)
(12, 4)
(12, 5)
(11, 5)
(10, 5)
(10, 6)
(10, 7)
(11, 7)
kaikki ok
Reitin pituus: 10
(4, 14)
(4, 15)
(4, 16)
(4, 17)
(3, 17)
(2, 17)
(1, 17)
(1, 18)
(1, 19)
(2, 19)
(3, 19)
kaikki ok
Reitin pituus: 7
(4, 15)
(5, 15)
(6, 15)
(7, 15)
(8, 15)
(9, 15)
(10, 15)
(10, 14)
kaikki ok
Reitin pituus: 4
(8, 9)
(9, 9)
(9, 8)
(9, 7)
(10, 7)
kaikki ok
Reitin pituus: 12
(17, 3)
(16, 3)
(15, 3)
(14, 3)
(14, 4)
(14, 5)
(14, 6)
(14, 7)
(14, 8)
(14, 9)
(13, 9)
(12, 9)
(12, 10)
kaikki ok
Reitin pituus: 12
(14, 10)
(14, 9)
(13, 9)
(12, 9)
(12, 8)
(12, 7)
(11, 7)
(10, 7)
(9, 7)
(8, 7)
(7, 7)
(6, 7)
(6, 8)
kaikki ok
Reitin pituus: 30
(13, 1)
(12, 1)
(11, 1)
(10, 1)
(10, 2)
(10, 3)
(9, 3)
(8, 3)
(7, 3)
(6, 3)
(5, 3)
(4, 3)
(4, 4)
(4, 5)
(4, 6)
(4, 7)
(4, 8)
(4, 9)
(4, 10)
(4, 11)
(4, 12)
(4, 13)
(4, 14)
(4, 15)
(4, 16)
(4, 17)
(3, 17)
(2, 17)
(1, 17)
(1, 18)
(1, 19)
kaikki ok
Reitin pituus: 11
(14, 6)
(14, 7)
(14, 8)
(14, 9)
(14, 10)
(14, 11)
(14, 12)
(14, 13)
(15, 13)
(16, 13)
(17, 13)
(17, 14)
kaikki ok
Reitin pituus: 15
(6, 1)
(7, 1)
(8, 1)
(8, 2)
(8, 3)
(7, 3)
(6, 3)
(6, 4)
(6, 5)
(7, 5)
(8, 5)
(8, 6)
(8, 7)
(9, 7)
(10, 7)
(11, 7)
kaikki ok
Reitin pituus: 19
(14, 3)
(14, 4)
(14, 5)
(14, 6)
(14, 7)
(14, 8)
(14, 9)
(14, 10)
(14, 11)
(14, 12)
(14, 13)
(14, 14)
(14, 15)
(14, 16)
(14, 17)
(15, 17)
(16, 17)
(17, 17)
(17, 18)
(17, 19)
kaikki ok
Reitin pituus: 17
(4, 7)
(4, 8)
(4, 9)
(4, 10)
(4, 11)
(4, 12)
(4, 13)
(4, 14)
(4, 15)
(4, 16)
(4, 17)
(3, 17)
(2, 17)
(1, 17)
(1, 18)
(1, 19)
(2, 19)
(3, 19)
kaikki ok
Reitin pituus: 22
(14, 5)
(14, 6)
(14, 7)
(14, 8)
(14, 9)
(13, 9)
(12, 9)
(12, 10)
(12, 11)
(11, 11)
(10, 11)
(9, 11)
(8, 11)
(7, 11)
(6, 11)
(6, 12)
(6, 13)
(5, 13)
(4, 13)
(4, 14)
(4, 15)
(4, 16)
(4, 17)
kaikki ok
Reitin pituus: 3
(12, 3)
(11, 3)
(10, 3)
(9, 3)
kaikki ok
Reitin pituus: 23
(16, 17)
(15, 17)
(14, 17)
(14, 16)
(14, 15)
(14, 14)
(14, 13)
(14, 12)
(14, 11)
(14, 10)
(14, 9)
(14, 8)
(14, 7)
(14, 6)
(14, 5)
(14, 4)
(14, 3)
(13, 3)
(12, 3)
(11, 3)
(10, 3)
(9, 3)
(8, 3)
(8, 2)
kaikki ok
Reitin pituus: 16
(15, 13)
(14, 13)
(13, 13)
(12, 13)
(12, 12)
(12, 11)
(11, 11)
(10, 11)
(9, 11)
(8, 11)
(7, 11)
(6, 11)
(6, 10)
(6, 9)
(5, 9)
(4, 9)
(4, 10)
kaikki ok
Reitin pituus: 21
(15, 19)
(16, 19)
(17, 19)
(17, 18)
(17, 17)
(16, 17)
(15, 17)
(14, 17)
(14, 16)
(14, 15)
(14, 14)
(14, 13)
(14, 12)
(14, 11)
(14, 10)
(14, 9)
(13, 9)
(12, 9)
(12, 8)
(12, 7)
(11, 7)
(10, 7)
kaikki ok
Reitin pituus: 23
(8, 14)
(8, 15)
(9, 15)
(10, 15)
(10, 14)
(10, 13)
(11, 13)
(12, 13)
(13, 13)
(14, 13)
(14, 12)
(14, 11)
(14, 10)
(14, 9)
(14, 8)
(14, 7)
(14, 6)
(14, 5)
(15, 5)
(16, 5)
(17, 5)
(17, 4)
(17, 3)
(17, 2)
kaikki ok
Reitin pituus: 14
(15, 13)
(14, 13)
(14, 14)
(14, 15)
(13, 15)
(12, 15)
(12, 16)
(12, 17)
(11, 17)
(10, 17)
(10, 18)
(10, 19)
(9, 19)
(8, 19)
(7, 19)
kaikki ok
Reitin pituus: 24
(9, 7)
(8, 7)
(7, 7)
(6, 7)
(6, 8)
(6, 9)
(5, 9)
(4, 9)
(4, 10)
(4, 11)
(4, 12)
(4, 13)
(4, 14)
(4, 15)
(5, 15)
(6, 15)
(6, 16)
(6, 17)
(7, 17)
(8, 17)
(8, 18)
(8, 19)
(7, 19)
(6, 19)
(5, 19)
kaikki ok
Reitin pituus: 8
(17, 13)
(17, 14)
(17, 15)
(16, 15)
(16, 16)
(16, 17)
(17, 17)
(17, 18)
(17, 19)
kaikki ok
Reitin pituus: 28
(1, 2)
(1, 3)
(1, 4)
(1, 5)
(2, 5)
(3, 5)
(4, 5)
(4, 6)
(4, 7)
(4, 8)
(4, 9)
(4, 10)
(4, 11)
(4, 12)
(4, 13)
(4, 14)
(4, 15)
(5, 15)
(6, 15)
(6, 16)
(6, 17)
(7, 17)
(8, 17)
(8, 18)
(8, 19)
(9, 19)
(10, 19)
(11, 19)
(12, 19)
kaikki ok
Reitin pituus: 8
(8, 15)
(7, 15)
(6, 15)
(6, 16)
(6, 17)
(7, 17)
(8, 17)
(8, 18)
(8, 19)
kaikki ok
Reitin pituus: 7
(5, 3)
(4, 3)
(4, 4)
(4, 5)
(4, 6)
(4, 7)
(4, 8)
(4, 9)
kaikki ok
Reitin pituus: 12
(11, 19)
(10, 19)
(9, 19)
(8, 19)
(8, 18)
(8, 17)
(7, 17)
(6, 17)
(6, 16)
(6, 15)
(5, 15)
(4, 15)
(4, 16)
kaikki ok
Reitin pituus: 9
(10, 5)
(11, 5)
(12, 5)
(12, 4)
(12, 3)
(13, 3)
(14, 3)
(14, 2)
(14, 1)
(15, 1)
kaikki ok
Reitin pituus: 2
(10, 5)
(10, 6)
(10, 7)
kaikki ok
Reitin pituus: 16
(17, 15)
(17, 14)
(17, 13)
(16, 13)
(15, 13)
(14, 13)
(13, 13)
(12, 13)
(12, 12)
(12, 11)
(12, 10)
(12, 9)
(12, 8)
(12, 7)
(11, 7)
(10, 7)
(9, 7)
kaikki ok
Reitin pituus: 12
(11, 13)
(10, 13)
(10, 14)
(10, 15)
(11, 15)
(12, 15)
(12, 16)
(12, 17)
(11, 17)
(10, 17)
(10, 18)
(10, 19)
(9, 19)
kaikki ok
Reitin pituus: 4
(4, 8)
(4, 9)
(5, 9)
(6, 9)
(6, 8)
kaikki ok
Reitin pituus: 11
(14, 13)
(14, 12)
(14, 11)
(14, 10)
(14, 9)
(14, 8)
(14, 7)
(14, 6)
(14, 5)
(15, 5)
(16, 5)
(17, 5)
kaikki ok
Reitin pituus: 17
(10, 19)
(9, 19)
(8, 19)
(8, 18)
(8, 17)
(7, 17)
(6, 17)
(6, 16)
(6, 15)
(7, 15)
(8, 15)
(8, 14)
(8, 13)
(7, 13)
(6, 13)
(6, 12)
(6, 11)
(6, 10)
kaikki ok
Reitin pituus: 12
(13, 13)
(12, 13)
(12, 12)
(12, 11)
(11, 11)
(10, 11)
(9, 11)
(8, 11)
(7, 11)
(6, 11)
(6, 10)
(6, 9)
(5, 9)
kaikki ok
Reitin pituus: 15
(16, 16)
(16, 17)
(15, 17)
(14, 17)
(14, 16)
(14, 15)
(14, 14)
(14, 13)
(13, 13)
(12, 13)
(12, 12)
(12, 11)
(12, 10)
(12, 9)
(12, 8)
(12, 7)
kaikki ok
Reitin pituus: 1
(1, 14)
(1, 13)
kaikki ok
Reitin pituus: 9
(9, 7)
(10, 7)
(11, 7)
(12, 7)
(12, 8)
(12, 9)
(13, 9)
(14, 9)
(14, 8)
(14, 7)
kaikki ok
Reitin pituus: 2
(16, 1)
(15, 1)
(14, 1)
kaikki ok
Reitin pituus: 10
(6, 12)
(6, 11)
(6, 10)
(6, 9)
(6, 8)
(6, 7)
(7, 7)
(8, 7)
(9, 7)
(9, 8)
(9, 9)
kaikki ok
Reitin pituus: 9
(11, 13)
(12, 13)
(12, 12)
(12, 11)
(11, 11)
(10, 11)
(9, 11)
(8, 11)
(7, 11)
(6, 11)
kaikki ok
Reitin pituus: 1
(10, 7)
(9, 7)
kaikki ok
Reitin pituus: 28
(16, 3)
(15, 3)
(14, 3)
(14, 4)
(14, 5)
(14, 6)
(14, 7)
(14, 8)
(14, 9)
(14, 10)
(14, 11)
(14, 12)
(14, 13)
(14, 14)
(14, 15)
(13, 15)
(12, 15)
(12, 16)
(12, 17)
(11, 17)
(10, 17)
(10, 18)
(10, 19)
(9, 19)
(8, 19)
(7, 19)
(6, 19)
(5, 19)
(4, 19)
kaikki ok
Reitin pituus: 12
(3, 13)
(4, 13)
(5, 13)
(6, 13)
(6, 12)
(6, 11)
(7, 11)
(8, 11)
(9, 11)
(10, 11)
(11, 11)
(12, 11)
(12, 10)
kaikki ok
Reitin pituus: 20
(2, 3)
(3, 3)
(4, 3)
(4, 4)
(4, 5)
(4, 6)
(4, 7)
(4, 8)
(4, 9)
(5, 9)
(6, 9)
(6, 10)
(6, 11)
(6, 12)
(6, 13)
(7, 13)
(8, 13)
(8, 14)
(8, 15)
(9, 15)
(10, 15)
kaikki ok
Reitin pituus: 17
(9, 19)
(8, 19)
(8, 18)
(8, 17)
(7, 17)
(6, 17)
(6, 16)
(6, 15)
(7, 15)
(8, 15)
(8, 14)
(8, 13)
(7, 13)
(6, 13)
(6, 12)
(6, 11)
(6, 10)
(6, 9)
kaikki ok
Reitin pituus: 18
(7, 11)
(8, 11)
(9, 11)
(10, 11)
(11, 11)
(12, 11)
(12, 10)
(12, 9)
(13, 9)
(14, 9)
(14, 8)
(14, 7)
(14, 6)
(14, 5)
(14, 4)
(14, 3)
(14, 2)
(14, 1)
(13, 1)
kaikki ok
Reitin pituus: 13
(4, 17)
(4, 16)
(4, 15)
(5, 15)
(6, 15)
(7, 15)
(8, 15)
(9, 15)
(10, 15)
(11, 15)
(12, 15)
(13, 15)
(14, 15)
(14, 14)
kaikki ok
Reitin pituus: 9
(8, 11)
(9, 11)
(10, 11)
(11, 11)
(12, 11)
(12, 12)
(12, 13)
(13, 13)
(14, 13)
(15, 13)
kaikki ok
Reitin pituus: 17
(6, 16)
(6, 15)
(5, 15)
(4, 15)
(4, 14)
(4, 13)
(4, 12)
(4, 11)
(4, 10)
(4, 9)
(4, 8)
(4, 7)
(4, 6)
(4, 5)
(4, 4)
(4, 3)
(3, 3)
(2, 3)
kaikki ok
Reitin pituus: 4
(14, 1)
(14, 2)
(14, 3)
(15, 3)
(16, 3)
kaikki ok
Reitin pituus: 2
(8, 6)
(8, 5)
(7, 5)
kaikki ok
Reitin pituus: 24
(11, 19)
(10, 19)
(10, 18)
(10, 17)
(11, 17)
(12, 17)
(12, 16)
(12, 15)
(13, 15)
(14, 15)
(14, 14)
(14, 13)
(14, 12)
(14, 11)
(14, 10)
(14, 9)
(14, 8)
(14, 7)
(14, 6)
(14, 5)
(14, 4)
(14, 3)
(15, 3)
(16, 3)
(17, 3)
kaikki ok
Reitin pituus: 16
(10, 3)
(11, 3)
(12, 3)
(12, 4)
(12, 5)
(11, 5)
(10, 5)
(10, 6)
(10, 7)
(11, 7)
(12, 7)
(12, 8)
(12, 9)
(12, 10)
(12, 11)
(11, 11)
(10, 11)
kaikki ok
Reitin pituus: 15
(1, 14)
(1, 13)
(2, 13)
(3, 13)
(4, 13)
(5, 13)
(6, 13)
(7, 13)
(8, 13)
(8, 14)
(8, 15)
(9, 15)
(10, 15)
(11, 15)
(12, 15)
(12, 16)
kaikki ok
Reitin pituus: 16
(14, 14)
(14, 13)
(14, 12)
(14, 11)
(14, 10)
(14, 9)
(14, 8)
(14, 7)
(14, 6)
(14, 5)
(14, 4)
(14, 3)
(14, 2)
(14, 1)
(15, 1)
(16, 1)
(17, 1)
kaikki ok
Reitin pituus: 11
(4, 7)
(4, 8)
(4, 9)
(5, 9)
(6, 9)
(6, 8)
(6, 7)
(7, 7)
(8, 7)
(9, 7)
(10, 7)
(10, 6)
kaikki ok
Reitin pituus: 10
(14, 6)
(14, 7)
(14, 8)
(14, 9)
(14, 10)
(14, 11)
(14, 12)
(14, 13)
(14, 14)
(14, 15)
(13, 15)
kaikki ok
Reitin pituus: 5
(4, 17)
(4, 16)
(4, 15)
(5, 15)
(6, 15)
(6, 16)
kaikki ok
Reitin pituus: 24
(14, 19)
(15, 19)
(16, 19)
(17, 19)
(17, 18)
(17, 17)
(16, 17)
(15, 17)
(14, 17)
(14, 16)
(14, 15)
(14, 14)
(14, 13)
(14, 12)
(14, 11)
(14, 10)
(14, 9)
(13, 9)
(12, 9)
(12, 8)
(12, 7)
(11, 7)
(10, 7)
(10, 6)
(10, 5)
kaikki ok
Reitin pituus: 15
(8, 5)
(8, 6)
(8, 7)
(7, 7)
(6, 7)
(6, 8)
(6, 9)
(6, 10)
(6, 11)
(6, 12)
(6, 13)
(5, 13)
(4, 13)
(3, 13)
(2, 13)
(1, 13)
kaikki ok
Reitin pituus: 26
(6, 4)
(6, 3)
(5, 3)
(4, 3)
(4, 4)
(4, 5)
(4, 6)
(4, 7)
(4, 8)
(4, 9)
(4, 10)
(4, 11)
(4, 12)
(4, 13)
(4, 14)
(4, 15)
(5, 15)
(6, 15)
(6, 16)
(6, 17)
(7, 17)
(8, 17)
(8, 18)
(8, 19)
(9, 19)
(10, 19)
(11, 19)
kaikki ok
Reitin pituus: 26
(15, 1)
(14, 1)
(14, 2)
(14, 3)
(13, 3)
(12, 3)
(12, 4)
(12, 5)
(11, 5)
(10, 5)
(10, 6)
(10, 7)
(9, 7)
(8, 7)
(7, 7)
(6, 7)
(6, 8)
(6, 9)
(6, 10)
(6, 11)
(6, 12)
(6, 13)
(5, 13)
(4, 13)
(3, 13)
(2, 13)
(1, 13)
kaikki ok
Reitin pituus: 17
(4, 7)
(4, 8)
(4, 9)
(5, 9)
(6, 9)
(6, 10)
(6, 11)
(6, 12)
(6, 13)
(7, 13)
(8, 13)
(8, 14)
(8, 15)
(9, 15)
(10, 15)
(11, 15)
(12, 15)
(13, 15)
kaikki ok
Reitin pituus: 26
(12, 19)
(11, 19)
(10, 19)
(10, 18)
(10, 17)
(11, 17)
(12, 17)
(12, 16)
(12, 15)
(13, 15)
(14, 15)
(14, 14)
(14, 13)
(14, 12)
(14, 11)
(14, 10)
(14, 9)
(14, 8)
(14, 7)
(14, 6)
(14, 5)
(14, 4)
(14, 3)
(14, 2)
(14, 1)
(13, 1)
(12, 1)
kaikki ok
Reitin pituus: 23
(17, 2)
(17, 3)
(16, 3)
(15, 3)
(14, 3)
(13, 3)
(12, 3)
(12, 4)
(12, 5)
(11, 5)
(10, 5)
(10, 6)
(10, 7)
(9, 7)
(8, 7)
(7, 7)
(6, 7)
(6, 8)
(6, 9)
(6, 10)
(6, 11)
(6, 12)
(6, 13)
(7, 13)
kaikki ok
Reitin pituus: 8
(8, 2)
(8, 3)
(9, 3)
(10, 3)
(11, 3)
(12, 3)
(13, 3)
(14, 3)
(14, 4)
kaikki ok
Reitin pituus: 13
(10, 7)
(9, 7)
(8, 7)
(8, 6)
(8, 5)
(7, 5)
(6, 5)
(6, 4)
(6, 3)
(5, 3)
(4, 3)
(4, 4)
(4, 5)
(3, 5)
kaikki ok
Reitin pituus: 22
(10, 17)
(11, 17)
(12, 17)
(12, 16)
(12, 15)
(13, 15)
(14, 15)
(14, 14)
(14, 13)
(14, 12)
(14, 11)
(14, 10)
(14, 9)
(14, 8)
(14, 7)
(14, 6)
(14, 5)
(14, 4)
(14, 3)
(13, 3)
(12, 3)
(12, 4)
(12, 5)
kaikki ok
Reitin pituus: 10
(14, 8)
(14, 7)
(14, 6)
(14, 5)
(14, 4)
(14, 3)
(13, 3)
(12, 3)
(11, 3)
(10, 3)
(10, 2)
kaikki ok
Reitin pituus: 23
(15, 17)
(14, 17)
(14, 16)
(14, 15)
(14, 14)
(14, 13)
(14, 12)
(14, 11)
(14, 10)
(14, 9)
(14, 8)
(14, 7)
(14, 6)
(14, 5)
(14, 4)
(14, 3)
(13, 3)
(12, 3)
(11, 3)
(10, 3)
(9, 3)
(8, 3)
(8, 2)
(8, 1)
kaikki ok
Reitin pituus: 7
(8, 7)
(8, 6)
(8, 5)
(7, 5)
(6, 5)
(6, 4)
(6, 3)
(5, 3)
kaikki ok
Reitin pituus: 11
(6, 7)
(7, 7)
(8, 7)
(9, 7)
(10, 7)
(10, 6)
(10, 5)
(11, 5)
(12, 5)
(12, 4)
(12, 3)
(11, 3)
kaikki ok
Reitin pituus: 29
(10, 2)
(10, 3)
(9, 3)
(8, 3)
(7, 3)
(6, 3)
(5, 3)
(4, 3)
(4, 4)
(4, 5)
(4, 6)
(4, 7)
(4, 8)
(4, 9)
(4, 10)
(4, 11)
(4, 12)
(4, 13)
(4, 14)
(4, 15)
(5, 15)
(6, 15)
(6, 16)
(6, 17)
(7, 17)
(8, 17)
(8, 18)
(8, 19)
(7, 19)
(6, 19)
kaikki ok
Reitin pituus: 5
(4, 13)
(4, 14)
(4, 15)
(5, 15)
(6, 15)
(7, 15)
kaikki ok
Reitin pituus: 22
(16, 15)
(16, 16)
(16, 17)
(15, 17)
(14, 17)
(14, 16)
(14, 15)
(13, 15)
(12, 15)
(11, 15)
(10, 15)
(9, 15)
(8, 15)
(8, 14)
(8, 13)
(7, 13)
(6, 13)
(5, 13)
(4, 13)
(3, 13)
(2, 13)
(1, 13)
(1, 14)
kaikki ok
Reitin pituus: 10
(7, 15)
(8, 15)
(9, 15)
(10, 15)
(11, 15)
(12, 15)
(13, 15)
(14, 15)
(14, 14)
(14, 13)
(14, 12)
kaikki ok
Reitin pituus: 11
(3, 1)
(4, 1)
(4, 2)
(4, 3)
(4, 4)
(4, 5)
(4, 6)
(4, 7)
(4, 8)
(4, 9)
(5, 9)
(6, 9)
kaikki ok
Reitin pituus: 11
(8, 18)
(8, 17)
(7, 17)
(6, 17)
(6, 16)
(6, 15)
(5, 15)
(4, 15)
(4, 14)
(4, 13)
(4, 12)
(4, 11)
kaikki ok
Reitin pituus: 16
(12, 17)
(12, 16)
(12, 15)
(11, 15)
(10, 15)
(9, 15)
(8, 15)
(8, 14)
(8, 13)
(7, 13)
(6, 13)
(5, 13)
(4, 13)
(3, 13)
(2, 13)
(1, 13)
(1, 14)
kaikki ok
Reitin pituus: 2
(13, 3)
(14, 3)
(14, 4)
kaikki ok
Reitin pituus: 17
(14, 17)
(14, 16)
(14, 15)
(13, 15)
(12, 15)
(11, 15)
(10, 15)
(9, 15)
(8, 15)
(8, 14)
(8, 13)
(7, 13)
(6, 13)
(6, 12)
(6, 11)
(6, 10)
(6, 9)
(5, 9)
kaikki ok
Reitin pituus: 2
(2, 17)
(2, 16)
(2, 15)
kaikki ok
Reitin pituus: 6
(10, 5)
(10, 6)
(10, 7)
(11, 7)
(12, 7)
(12, 8)
(12, 9)
kaikki ok
Reitin pituus: 16
(6, 16)
(6, 15)
(5, 15)
(4, 15)
(4, 14)
(4, 13)
(4, 12)
(4, 11)
(4, 10)
(4, 9)
(4, 8)
(4, 7)
(4, 6)
(4, 5)
(3, 5)
(2, 5)
(1, 5)
kaikki ok
Reitin pituus: 11
(10, 9)
(9, 9)
(9, 8)
(9, 7)
(10, 7)
(11, 7)
(12, 7)
(12, 8)
(12, 9)
(13, 9)
(14, 9)
(14, 10)
kaikki ok
Reitin pituus: 17
(6, 17)
(6, 16)
(6, 15)
(5, 15)
(4, 15)
(4, 14)
(4, 13)
(5, 13)
(6, 13)
(6, 12)
(6, 11)
(6, 10)
(6, 9)
(6, 8)
(6, 7)
(7, 7)
(8, 7)
(8, 6)
kaikki ok
Reitin pituus: 18
(3, 1)
(4, 1)
(4, 2)
(4, 3)
(4, 4)
(4, 5)
(4, 6)
(4, 7)
(4, 8)
(4, 9)
(5, 9)
(6, 9)
(6, 10)
(6, 11)
(7, 11)
(8, 11)
(9, 11)
(10, 11)
(11, 11)
kaikki ok
Reitin pituus: 3
(4, 9)
(5, 9)
(6, 9)
(6, 10)
kaikki ok
Reitin pituus: 18
(3, 1)
(4, 1)
(4, 2)
(4, 3)
(4, 4)
(4, 5)
(4, 6)
(4, 7)
(4, 8)
(4, 9)
(5, 9)
(6, 9)
(6, 10)
(6, 11)
(6, 12)
(6, 13)
(7, 13)
(8, 13)
(8, 14)
kaikki ok
Reitin pituus: 19
(10, 13)
(11, 13)
(12, 13)
(12, 12)
(12, 11)
(12, 10)
(12, 9)
(12, 8)
(12, 7)
(11, 7)
(10, 7)
(10, 6)
(10, 5)
(11, 5)
(12, 5)
(12, 4)
(12, 3)
(11, 3)
(10, 3)
(10, 2)
kaikki ok
Reitin pituus: 18
(2, 15)
(2, 16)
(2, 17)
(3, 17)
(4, 17)
(4, 16)
(4, 15)
(5, 15)
(6, 15)
(7, 15)
(8, 15)
(9, 15)
(10, 15)
(10, 14)
(10, 13)
(11, 13)
(12, 13)
(13, 13)
(14, 13)
kaikki ok
Reitin pituus: 11
(10, 2)
(10, 3)
(9, 3)
(8, 3)
(7, 3)
(6, 3)
(5, 3)
(4, 3)
(4, 4)
(4, 5)
(4, 6)
(4, 7)
kaikki ok
Reitin pituus: 11
(4, 11)
(4, 10)
(4, 9)
(5, 9)
(6, 9)
(6, 10)
(6, 11)
(7, 11)
(8, 11)
(9, 11)
(10, 11)
(11, 11)
kaikki ok
Reitin pituus: 28
(17, 2)
(17, 3)
(16, 3)
(15, 3)
(14, 3)
(13, 3)
(12, 3)
(11, 3)
(10, 3)
(9, 3)
(8, 3)
(7, 3)
(6, 3)
(5, 3)
(4, 3)
(4, 4)
(4, 5)
(4, 6)
(4, 7)
(4, 8)
(4, 9)
(4, 10)
(4, 11)
(4, 12)
(4, 13)
(4, 14)
(4, 15)
(4, 16)
(4, 17)
kaikki ok
Reitin pituus: 1
(7, 1)
(6, 1)
kaikki ok
Reitin pituus: 16
(14, 15)
(14, 14)
(14, 13)
(14, 12)
(14, 11)
(14, 10)
(14, 9)
(14, 8)
(14, 7)
(14, 6)
(14, 5)
(14, 4)
(14, 3)
(13, 3)
(12, 3)
(11, 3)
(10, 3)
kaikki ok
Reitin pituus: 11
(6, 15)
(5, 15)
(4, 15)
(4, 16)
(4, 17)
(3, 17)
(2, 17)
(1, 17)
(1, 18)
(1, 19)
(2, 19)
(3, 19)
kaikki ok
Reitin pituus: 11
(10, 5)
(10, 6)
(10, 7)
(11, 7)
(12, 7)
(12, 8)
(12, 9)
(12, 10)
(12, 11)
(12, 12)
(12, 13)
(13, 13)
kaikki ok
Reitin pituus: 13
(7, 5)
(6, 5)
(6, 4)
(6, 3)
(7, 3)
(8, 3)
(9, 3)
(10, 3)
(11, 3)
(12, 3)
(13, 3)
(14, 3)
(15, 3)
(16, 3)
kaikki ok
Reitin pituus: 22
(16, 19)
(17, 19)
(17, 18)
(17, 17)
(16, 17)
(15, 17)
(14, 17)
(14, 16)
(14, 15)
(13, 15)
(12, 15)
(11, 15)
(10, 15)
(9, 15)
(8, 15)
(8, 14)
(8, 13)
(7, 13)
(6, 13)
(6, 12)
(6, 11)
(6, 10)
(6, 9)
kaikki ok
Reitin pituus: 9
(10, 5)
(11, 5)
(12, 5)
(12, 4)
(12, 3)
(11, 3)
(10, 3)
(9, 3)
(8, 3)
(8, 2)
kaikki ok
Reitin pituus: 15
(1, 13)
(2, 13)
(3, 13)
(4, 13)
(4, 12)
(4, 11)
(4, 10)
(4, 9)
(4, 8)
(4, 7)
(4, 6)
(4, 5)
(4, 4)
(4, 3)
(4, 2)
(4, 1)
kaikki ok
Reitin pituus: 2
(16, 13)
(15, 13)
(14, 13)
kaikki ok
Reitin pituus: 8
(7, 1)
(6, 1)
(5, 1)
(4, 1)
(4, 2)
(4, 3)
(3, 3)
(2, 3)
(1, 3)
kaikki ok
Reitin pituus: 25
(17, 14)
(17, 13)
(16, 13)
(15, 13)
(14, 13)
(14, 12)
(14, 11)
(14, 10)
(14, 9)
(14, 8)
(14, 7)
(14, 6)
(14, 5)
(14, 4)
(14, 3)
(13, 3)
(12, 3)
(11, 3)
(10, 3)
(9, 3)
(8, 3)
(7, 3)
(6, 3)
(5, 3)
(4, 3)
(3, 3)
kaikki ok
Reitin pituus: 14
(5, 15)
(4, 15)
(4, 14)
(4, 13)
(5, 13)
(6, 13)
(6, 12)
(6, 11)
(6, 10)
(6, 9)
(6, 8)
(6, 7)
(7, 7)
(8, 7)
(8, 6)
kaikki ok
Reitin pituus: 7
(11, 19)
(12, 19)
(13, 19)
(14, 19)
(15, 19)
(16, 19)
(17, 19)
(17, 18)
kaikki ok
Reitin pituus: 12
(10, 7)
(10, 6)
(10, 5)
(11, 5)
(12, 5)
(12, 4)
(12, 3)
(13, 3)
(14, 3)
(14, 2)
(14, 1)
(13, 1)
(12, 1)
kaikki ok
Reitin pituus: 10
(4, 2)
(4, 3)
(5, 3)
(6, 3)
(7, 3)
(8, 3)
(9, 3)
(10, 3)
(11, 3)
(12, 3)
(13, 3)
kaikki ok
Reitin pituus: 27
(14, 3)
(13, 3)
(12, 3)
(12, 4)
(12, 5)
(11, 5)
(10, 5)
(10, 6)
(10, 7)
(9, 7)
(8, 7)
(7, 7)
(6, 7)
(6, 8)
(6, 9)
(6, 10)
(6, 11)
(6, 12)
(6, 13)
(5, 13)
(4, 13)
(4, 14)
(4, 15)
(4, 16)
(4, 17)
(3, 17)
(2, 17)
(1, 17)
kaikki ok
Reitin pituus: 1
(10, 14)
(10, 13)
kaikki ok
Reitin pituus: 2
(1, 18)
(1, 17)
(2, 17)
kaikki ok
Reitin pituus: 19
(14, 11)
(14, 12)
(14, 13)
(13, 13)
(12, 13)
(11, 13)
(10, 13)
(10, 14)
(10, 15)
(9, 15)
(8, 15)
(7, 15)
(6, 15)
(5, 15)
(4, 15)
(4, 16)
(4, 17)
(3, 17)
(2, 17)
(1, 17)
kaikki ok
Reitin pituus: 18
(13, 1)
(14, 1)
(14, 2)
(14, 3)
(14, 4)
(14, 5)
(14, 6)
(14, 7)
(14, 8)
(14, 9)
(14, 10)
(14, 11)
(14, 12)
(14, 13)
(14, 14)
(14, 15)
(14, 16)
(14, 17)
(15, 17)
kaikki ok
Reitin pituus: 11
(14, 6)
(14, 7)
(14, 8)
(14, 9)
(13, 9)
(12, 9)
(12, 10)
(12, 11)
(11, 11)
(10, 11)
(9, 11)
(8, 11)
kaikki ok
Reitin pituus: 7
(11, 13)
(12, 13)
(12, 12)
(12, 11)
(12, 10)
(12, 9)
(12, 8)
(12, 7)
kaikki ok
Reitin pituus: 15
(9, 11)
(8, 11)
(7, 11)
(6, 11)
(6, 12)
(6, 13)
(7, 13)
(8, 13)
(8, 14)
(8, 15)
(7, 15)
(6, 15)
(6, 16)
(6, 17)
(7, 17)
(8, 17)
kaikki ok
Reitin pituus: 5
(10, 18)
(10, 19)
(9, 19)
(8, 19)
(7, 19)
(6, 19)
kaikki ok
Reitin pituus: 2
(1, 18)
(1, 19)
(2, 19)
kaikki ok
Reitin pituus: 25
(17, 2)
(17, 3)
(17, 4)
(17, 5)
(16, 5)
(15, 5)
(14, 5)
(14, 6)
(14, 7)
(14, 8)
(14, 9)
(13, 9)
(12, 9)
(12, 10)
(12, 11)
(12, 12)
(12, 13)
(11, 13)
(10, 13)
(10, 14)
(10, 15)
(9, 15)
(8, 15)
(7, 15)
(6, 15)
(5, 15)
kaikki ok
Reitin pituus: 22
(12, 19)
(11, 19)
(10, 19)
(9, 19)
(8, 19)
(8, 18)
(8, 17)
(7, 17)
(6, 17)
(6, 16)
(6, 15)
(5, 15)
(4, 15)
(4, 14)
(4, 13)
(4, 12)
(4, 11)
(4, 10)
(4, 9)
(4, 8)
(4, 7)
(4, 6)
(4, 5)
kaikki ok
Reitin pituus: 12
(13, 13)
(14, 13)
(14, 12)
(14, 11)
(14, 10)
(14, 9)
(14, 8)
(14, 7)
(14, 6)
(14, 5)
(15, 5)
(16, 5)
(17, 5)
kaikki ok
Reitin pituus: 12
(6, 17)
(6, 16)
(6, 15)
(7, 15)
(8, 15)
(9, 15)
(10, 15)
(10, 14)
(10, 13)
(11, 13)
(12, 13)
(12, 12)
(12, 11)
kaikki ok
Reitin pituus: 7
(8, 11)
(7, 11)
(6, 11)
(6, 10)
(6, 9)
(6, 8)
(6, 7)
(7, 7)
kaikki ok
Reitin pituus: 8
(12, 16)
(12, 17)
(11, 17)
(10, 17)
(10, 18)
(10, 19)
(9, 19)
(8, 19)
(8, 18)
kaikki ok
Reitin pituus: 22
(10, 5)
(10, 6)
(10, 7)
(9, 7)
(8, 7)
(7, 7)
(6, 7)
(6, 8)
(6, 9)
(6, 10)
(6, 11)
(6, 12)
(6, 13)
(5, 13)
(4, 13)
(4, 14)
(4, 15)
(4, 16)
(4, 17)
(3, 17)
(2, 17)
(1, 17)
(1, 18)
kaikki ok
Reitin pituus: 9
(7, 3)
(8, 3)
(9, 3)
(10, 3)
(11, 3)
(12, 3)
(12, 4)
(12, 5)
(11, 5)
(10, 5)
kaikki ok
Reitin pituus: 25
(17, 4)
(17, 5)
(16, 5)
(15, 5)
(14, 5)
(14, 6)
(14, 7)
(14, 8)
(14, 9)
(13, 9)
(12, 9)
(12, 10)
(12, 11)
(12, 12)
(12, 13)
(11, 13)
(10, 13)
(10, 14)
(10, 15)
(9, 15)
(8, 15)
(7, 15)
(6, 15)
(6, 16)
(6, 17)
(7, 17)
kaikki ok
Reitin pituus: 1
(12, 1)
(11, 1)
kaikki ok
Reitin pituus: 20
(2, 19)
(1, 19)
(1, 18)
(1, 17)
(2, 17)
(3, 17)
(4, 17)
(4, 16)
(4, 15)
(5, 15)
(6, 15)
(7, 15)
(8, 15)
(9, 15)
(10, 15)
(10, 14)
(10, 13)
(11, 13)
(12, 13)
(12, 12)
(12, 11)
kaikki ok
Reitin pituus: 16
(11, 17)
(12, 17)
(12, 16)
(12, 15)
(11, 15)
(10, 15)
(9, 15)
(8, 15)
(8, 14)
(8, 13)
(7, 13)
(6, 13)
(6, 12)
(6, 11)
(6, 10)
(6, 9)
(6, 8)
kaikki ok
Reitin pituus: 3
(4, 1)
(4, 2)
(4, 3)
(5, 3)
kaikki ok
Reitin pituus: 27
(11, 1)
(12, 1)
(13, 1)
(14, 1)
(14, 2)
(14, 3)
(14, 4)
(14, 5)
(14, 6)
(14, 7)
(14, 8)
(14, 9)
(14, 10)
(14, 11)
(14, 12)
(14, 13)
(14, 14)
(14, 15)
(13, 15)
(12, 15)
(12, 16)
(12, 17)
(11, 17)
(10, 17)
(10, 18)
(10, 19)
(11, 19)
(12, 19)
kaikki ok
Reitin pituus: 19
(12, 3)
(13, 3)
(14, 3)
(14, 4)
(14, 5)
(14, 6)
(14, 7)
(14, 8)
(14, 9)
(14, 10)
(14, 11)
(14, 12)
(14, 13)
(14, 14)
(14, 15)
(14, 16)
(14, 17)
(15, 17)
(16, 17)
(17, 17)
kaikki ok
Reitin pituus: 26
(11, 1)
(12, 1)
(13, 1)
(14, 1)
(14, 2)
(14, 3)
(14, 4)
(14, 5)
(14, 6)
(14, 7)
(14, 8)
(14, 9)
(14, 10)
(14, 11)
(14, 12)
(14, 13)
(14, 14)
(14, 15)
(13, 15)
(12, 15)
(12, 16)
(12, 17)
(11, 17)
(10, 17)
(10, 18)
(10, 19)
(11, 19)
kaikki ok
Reitin pituus: 15
(4, 7)
(4, 6)
(4, 5)
(4, 4)
(4, 3)
(5, 3)
(6, 3)
(7, 3)
(8, 3)
(9, 3)
(10, 3)
(11, 3)
(12, 3)
(13, 3)
(14, 3)
(14, 4)
kaikki ok
Reitin pituus: 14
(10, 19)
(11, 19)
(12, 19)
(13, 19)
(14, 19)
(15, 19)
(16, 19)
(17, 19)
(17, 18)
(17, 17)
(16, 17)
(16, 16)
(16, 15)
(17, 15)
(17, 14)
kaikki ok
Reitin pituus: 12
(14, 14)
(14, 15)
(13, 15)
(12, 15)
(11, 15)
(10, 15)
(9, 15)
(8, 15)
(7, 15)
(6, 15)
(6, 16)
(6, 17)
(7, 17)
kaikki ok
Reitin pituus: 14
(12, 1)
(13, 1)
(14, 1)
(14, 2)
(14, 3)
(14, 4)
(14, 5)
(14, 6)
(14, 7)
(14, 8)
(14, 9)
(13, 9)
(12, 9)
(12, 10)
(12, 11)
kaikki ok
Reitin pituus: 7
(11, 13)
(12, 13)
(13, 13)
(14, 13)
(14, 12)
(14, 11)
(14, 10)
(14, 9)
kaikki ok
Reitin pituus: 13
(12, 19)
(13, 19)
(14, 19)
(15, 19)
(16, 19)
(17, 19)
(17, 18)
(17, 17)
(16, 17)
(16, 16)
(16, 15)
(17, 15)
(17, 14)
(17, 13)
kaikki ok
Reitin pituus: 7
(10, 14)
(10, 13)
(11, 13)
(12, 13)
(13, 13)
(14, 13)
(14, 12)
(14, 11)
kaikki ok
Reitin pituus: 17
(4, 19)
(5, 19)
(6, 19)
(7, 19)
(8, 19)
(9, 19)
(10, 19)
(11, 19)
(12, 19)
(13, 19)
(14, 19)
(15, 19)
(16, 19)
(17, 19)
(17, 18)
(17, 17)
(16, 17)
(15, 17)
kaikki ok
Reitin pituus: 15
(10, 7)
(9, 7)
(8, 7)
(8, 6)
(8, 5)
(7, 5)
(6, 5)
(6, 4)
(6, 3)
(5, 3)
(4, 3)
(3, 3)
(2, 3)
(1, 3)
(1, 4)
(1, 5)
kaikki ok
Reitin pituus: 8
(14, 14)
(14, 15)
(13, 15)
(12, 15)
(11, 15)
(10, 15)
(9, 15)
(8, 15)
(7, 15)
kaikki ok
Reitin pituus: 19
(8, 9)
(9, 9)
(9, 8)
(9, 7)
(10, 7)
(11, 7)
(12, 7)
(12, 8)
(12, 9)
(12, 10)
(12, 11)
(12, 12)
(12, 13)
(11, 13)
(10, 13)
(10, 14)
(10, 15)
(11, 15)
(12, 15)
(12, 16)
kaikki ok
Reitin pituus: 17
(6, 11)
(7, 11)
(8, 11)
(9, 11)
(10, 11)
(11, 11)
(12, 11)
(12, 12)
(12, 13)
(13, 13)
(14, 13)
(14, 14)
(14, 15)
(14, 16)
(14, 17)
(15, 17)
(16, 17)
(16, 16)
kaikki ok
Reitin pituus: 15
(17, 2)
(17, 3)
(17, 4)
(17, 5)
(16, 5)
(15, 5)
(14, 5)
(14, 6)
(14, 7)
(14, 8)
(14, 9)
(13, 9)
(12, 9)
(12, 10)
(12, 11)
(12, 12)
kaikki ok
Reitin pituus: 28
(2, 1)
(3, 1)
(4, 1)
(4, 2)
(4, 3)
(5, 3)
(6, 3)
(6, 4)
(6, 5)
(7, 5)
(8, 5)
(8, 6)
(8, 7)
(9, 7)
(10, 7)
(11, 7)
(12, 7)
(12, 8)
(12, 9)
(12, 10)
(12, 11)
(12, 12)
(12, 13)
(13, 13)
(14, 13)
(15, 13)
(16, 13)
(17, 13)
(17, 14)
kaikki ok
Reitin pituus: 17
(14, 17)
(14, 16)
(14, 15)
(13, 15)
(12, 15)
(11, 15)
(10, 15)
(9, 15)
(8, 15)
(8, 14)
(8, 13)
(7, 13)
(6, 13)
(6, 12)
(6, 11)
(6, 10)
(6, 9)
(6, 8)
kaikki ok
Reitin pituus: 15
(13, 13)
(14, 13)
(14, 14)
(14, 15)
(13, 15)
(12, 15)
(12, 16)
(12, 17)
(11, 17)
(10, 17)
(10, 18)
(10, 19)
(9, 19)
(8, 19)
(7, 19)
(6, 19)
kaikki ok
Reitin pituus: 23
(5, 19)
(6, 19)
(7, 19)
(8, 19)
(8, 18)
(8, 17)
(7, 17)
(6, 17)
(6, 16)
(6, 15)
(5, 15)
(4, 15)
(4, 14)
(4, 13)
(4, 12)
(4, 11)
(4, 10)
(4, 9)
(4, 8)
(4, 7)
(4, 6)
(4, 5)
(3, 5)
(2, 5)
kaikki ok
Reitin pituus: 8
(15, 13)
(14, 13)
(13, 13)
(12, 13)
(12, 12)
(12, 11)
(11, 11)
(10, 11)
(9, 11)
kaikki ok
Reitin pituus: 16
(7, 11)
(6, 11)
(6, 10)
(6, 9)
(6, 8)
(6, 7)
(7, 7)
(8, 7)
(9, 7)
(10, 7)
(10, 6)
(10, 5)
(11, 5)
(12, 5)
(12, 4)
(12, 3)
(13, 3)
kaikki ok
Reitin pituus: 18
(17, 18)
(17, 17)
(16, 17)
(15, 17)
(14, 17)
(14, 16)
(14, 15)
(14, 14)
(14, 13)
(14, 12)
(14, 11)
(14, 10)
(14, 9)
(14, 8)
(14, 7)
(14, 6)
(14, 5)
(14, 4)
(14, 3)
kaikki ok
Reitin pituus: 21
(3, 3)
(4, 3)
(4, 4)
(4, 5)
(4, 6)
(4, 7)
(4, 8)
(4, 9)
(4, 10)
(4, 11)
(4, 12)
(4, 13)
(5, 13)
(6, 13)
(7, 13)
(8, 13)
(8, 14)
(8, 15)
(9, 15)
(10, 15)
(11, 15)
(12, 15)
kaikki ok
Reitin pituus: 17
(14, 10)
(14, 11)
(14, 12)
(14, 13)
(14, 14)
(14, 15)
(13, 15)
(12, 15)
(11, 15)
(10, 15)
(9, 15)
(8, 15)
(7, 15)
(6, 15)
(5, 15)
(4, 15)
(4, 16)
(4, 17)
kaikki ok
Reitin pituus: 9
(6, 8)
(6, 7)
(7, 7)
(8, 7)
(9, 7)
(10, 7)
(10, 6)
(10, 5)
(11, 5)
(12, 5)
kaikki ok
Reitin pituus: 20
(7, 5)
(8, 5)
(8, 6)
(8, 7)
(7, 7)
(6, 7)
(6, 8)
(6, 9)
(5, 9)
(4, 9)
(4, 10)
(4, 11)
(4, 12)
(4, 13)
(4, 14)
(4, 15)
(4, 16)
(4, 17)
(3, 17)
(2, 17)
(2, 16)
kaikki ok
Reitin pituus: 22
(6, 16)
(6, 15)
(5, 15)
(4, 15)
(4, 14)
(4, 13)
(4, 12)
(4, 11)
(4, 10)
(4, 9)
(4, 8)
(4, 7)
(4, 6)
(4, 5)
(4, 4)
(4, 3)
(5, 3)
(6, 3)
(7, 3)
(8, 3)
(9, 3)
(10, 3)
(11, 3)
kaikki ok
Reitin pituus: 10
(12, 12)
(12, 13)
(11, 13)
(10, 13)
(10, 14)
(10, 15)
(9, 15)
(8, 15)
(7, 15)
(6, 15)
(6, 16)
kaikki ok
Reitin pituus: 10
(5, 15)
(6, 15)
(7, 15)
(8, 15)
(9, 15)
(10, 15)
(11, 15)
(12, 15)
(13, 15)
(14, 15)
(14, 16)
kaikki ok
Reitin pituus: 9
(14, 16)
(14, 15)
(14, 14)
(14, 13)
(13, 13)
(12, 13)
(12, 12)
(12, 11)
(12, 10)
(12, 9)
kaikki ok
Reitin pituus: 5
(12, 8)
(12, 7)
(11, 7)
(10, 7)
(10, 6)
(10, 5)
kaikki ok
Reitin pituus: 18
(14, 14)
(14, 13)
(14, 12)
(14, 11)
(14, 10)
(14, 9)
(14, 8)
(14, 7)
(14, 6)
(14, 5)
(14, 4)
(14, 3)
(13, 3)
(12, 3)
(11, 3)
(10, 3)
(9, 3)
(8, 3)
(7, 3)
kaikki ok
Reitin pituus: 8
(13, 15)
(14, 15)
(14, 14)
(14, 13)
(13, 13)
(12, 13)
(12, 12)
(12, 11)
(11, 11)
kaikki ok
Reitin pituus: 13
(11, 13)
(10, 13)
(10, 14)
(10, 15)
(9, 15)
(8, 15)
(7, 15)
(6, 15)
(5, 15)
(4, 15)
(4, 16)
(4, 17)
(3, 17)
(2, 17)
kaikki ok
Reitin pituus: 11
(7, 3)
(8, 3)
(9, 3)
(10, 3)
(11, 3)
(12, 3)
(13, 3)
(14, 3)
(15, 3)
(16, 3)
(17, 3)
(17, 4)
kaikki ok
Reitin pituus: 15
(16, 15)
(16, 16)
(16, 17)
(15, 17)
(14, 17)
(14, 16)
(14, 15)
(13, 15)
(12, 15)
(11, 15)
(10, 15)
(9, 15)
(8, 15)
(7, 15)
(6, 15)
(6, 16)
kaikki ok
Reitin pituus: 17
(15, 19)
(14, 19)
(13, 19)
(12, 19)
(11, 19)
(10, 19)
(9, 19)
(8, 19)
(8, 18)
(8, 17)
(7, 17)
(6, 17)
(6, 16)
(6, 15)
(5, 15)
(4, 15)
(4, 16)
(4, 17)
kaikki ok
Reitin pituus: 30
(2, 15)
(1, 15)
(1, 14)
(1, 13)
(2, 13)
(3, 13)
(4, 13)
(4, 12)
(4, 11)
(4, 10)
(4, 9)
(4, 8)
(4, 7)
(4, 6)
(4, 5)
(4, 4)
(4, 3)
(5, 3)
(6, 3)
(7, 3)
(8, 3)
(9, 3)
(10, 3)
(10, 2)
(10, 1)
(11, 1)
(12, 1)
(13, 1)
(14, 1)
(15, 1)
(16, 1)
kaikki ok
Reitin pituus: 18
(16, 1)
(15, 1)
(14, 1)
(13, 1)
(12, 1)
(11, 1)
(10, 1)
(10, 2)
(10, 3)
(9, 3)
(8, 3)
(7, 3)
(6, 3)
(5, 3)
(4, 3)
(3, 3)
(2, 3)
(1, 3)
(1, 4)
kaikki ok
Reitin pituus: 11
(12, 13)
(13, 13)
(14, 13)
(14, 12)
(14, 11)
(14, 10)
(14, 9)
(14, 8)
(14, 7)
(14, 6)
(14, 5)
(15, 5)
kaikki ok
Reitin pituus: 15
(4, 14)
(4, 13)
(4, 12)
(4, 11)
(4, 10)
(4, 9)
(4, 8)
(4, 7)
(4, 6)
(4, 5)
(4, 4)
(4, 3)
(5, 3)
(6, 3)
(7, 3)
(8, 3)
kaikki ok
Reitin pituus: 16
(6, 16)
(6, 15)
(5, 15)
(4, 15)
(4, 14)
(4, 13)
(4, 12)
(4, 11)
(4, 10)
(4, 9)
(4, 8)
(4, 7)
(4, 6)
(4, 5)
(3, 5)
(2, 5)
(1, 5)
kaikki ok
Reitin pituus: 21
(10, 18)
(10, 17)
(11, 17)
(12, 17)
(12, 16)
(12, 15)
(11, 15)
(10, 15)
(9, 15)
(8, 15)
(8, 14)
(8, 13)
(7, 13)
(6, 13)
(6, 12)
(6, 11)
(6, 10)
(6, 9)
(6, 8)
(6, 7)
(7, 7)
(8, 7)
kaikki ok
Reitin pituus: 12
(1, 2)
(1, 3)
(1, 4)
(1, 5)
(2, 5)
(3, 5)
(4, 5)
(4, 6)
(4, 7)
(4, 8)
(4, 9)
(4, 10)
(4, 11)
kaikki ok
Reitin pituus: 16
(10, 2)
(10, 3)
(11, 3)
(12, 3)
(13, 3)
(14, 3)
(14, 4)
(14, 5)
(14, 6)
(14, 7)
(14, 8)
(14, 9)
(14, 10)
(14, 11)
(14, 12)
(14, 13)
(13, 13)
kaikki ok
Reitin pituus: 16
(15, 17)
(14, 17)
(14, 16)
(14, 15)
(13, 15)
(12, 15)
(11, 15)
(10, 15)
(9, 15)
(8, 15)
(8, 14)
(8, 13)
(7, 13)
(6, 13)
(5, 13)
(4, 13)
(3, 13)
kaikki ok
Reitin pituus: 9
(2, 16)
(2, 17)
(3, 17)
(4, 17)
(4, 16)
(4, 15)
(4, 14)
(4, 13)
(5, 13)
(6, 13)
kaikki ok
Reitin pituus: 20
(1, 15)
(1, 14)
(1, 13)
(2, 13)
(3, 13)
(4, 13)
(4, 12)
(4, 11)
(4, 10)
(4, 9)
(4, 8)
(4, 7)
(4, 6)
(4, 5)
(4, 4)
(4, 3)
(5, 3)
(6, 3)
(7, 3)
(8, 3)
(8, 2)
kaikki ok
Reitin pituus: 10
(8, 3)
(9, 3)
(10, 3)
(11, 3)
(12, 3)
(13, 3)
(14, 3)
(15, 3)
(16, 3)
(17, 3)
(17, 2)
kaikki ok
Reitin pituus: 14
(12, 17)
(12, 16)
(12, 15)
(13, 15)
(14, 15)
(14, 14)
(14, 13)
(14, 12)
(14, 11)
(14, 10)
(14, 9)
(14, 8)
(14, 7)
(14, 6)
(14, 5)
kaikki ok
Reitin pituus: 16
(7, 13)
(8, 13)
(8, 14)
(8, 15)
(9, 15)
(10, 15)
(10, 14)
(10, 13)
(11, 13)
(12, 13)
(13, 13)
(14, 13)
(15, 13)
(16, 13)
(17, 13)
(17, 14)
(17, 15)
kaikki ok
Reitin pituus: 15
(17, 18)
(17, 19)
(16, 19)
(15, 19)
(14, 19)
(13, 19)
(12, 19)
(11, 19)
(10, 19)
(9, 19)
(8, 19)
(8, 18)
(8, 17)
(7, 17)
(6, 17)
(6, 16)
kaikki ok
Reitin pituus: 19
(6, 15)
(7, 15)
(8, 15)
(9, 15)
(10, 15)
(10, 14)
(10, 13)
(11, 13)
(12, 13)
(12, 12)
(12, 11)
(12, 10)
(12, 9)
(13, 9)
(14, 9)
(14, 8)
(14, 7)
(14, 6)
(14, 5)
(15, 5)
kaikki ok
Reitin pituus: 7
(8, 14)
(8, 15)
(7, 15)
(6, 15)
(6, 16)
(6, 17)
(7, 17)
(8, 17)
kaikki ok
Reitin pituus: 15
(4, 7)
(4, 6)
(4, 5)
(4, 4)
(4, 3)
(5, 3)
(6, 3)
(7, 3)
(8, 3)
(9, 3)
(10, 3)
(11, 3)
(12, 3)
(13, 3)
(14, 3)
(14, 4)
kaikki ok
Reitin pituus: 16
(6, 17)
(6, 16)
(6, 15)
(7, 15)
(8, 15)
(9, 15)
(10, 15)
(11, 15)
(12, 15)
(13, 15)
(14, 15)
(14, 14)
(14, 13)
(15, 13)
(16, 13)
(17, 13)
(17, 14)
kaikki ok
Reitin pituus: 7
(4, 8)
(4, 9)
(4, 10)
(4, 11)
(4, 12)
(4, 13)
(3, 13)
(2, 13)
kaikki ok
Reitin pituus: 21
(2, 15)
(2, 16)
(2, 17)
(3, 17)
(4, 17)
(4, 16)
(4, 15)
(5, 15)
(6, 15)
(7, 15)
(8, 15)
(9, 15)
(10, 15)
(10, 14)
(10, 13)
(11, 13)
(12, 13)
(13, 13)
(14, 13)
(14, 12)
(14, 11)
(14, 10)
kaikki ok
Reitin pituus: 27
(6, 4)
(6, 3)
(5, 3)
(4, 3)
(4, 4)
(4, 5)
(4, 6)
(4, 7)
(4, 8)
(4, 9)
(4, 10)
(4, 11)
(4, 12)
(4, 13)
(4, 14)
(4, 15)
(5, 15)
(6, 15)
(6, 16)
(6, 17)
(7, 17)
(8, 17)
(8, 18)
(8, 19)
(9, 19)
(10, 19)
(11, 19)
(12, 19)
kaikki ok
Reitin pituus: 12
(8, 13)
(7, 13)
(6, 13)
(6, 12)
(6, 11)
(6, 10)
(6, 9)
(6, 8)
(6, 7)
(7, 7)
(8, 7)
(9, 7)
(10, 7)
kaikki ok
Reitin pituus: 17
(6, 17)
(6, 16)
(6, 15)
(5, 15)
(4, 15)
(4, 14)
(4, 13)
(4, 12)
(4, 11)
(4, 10)
(4, 9)
(4, 8)
(4, 7)
(4, 6)
(4, 5)
(4, 4)
(4, 3)
(4, 2)
kaikki ok
Reitin pituus: 11
(4, 14)
(4, 15)
(4, 16)
(4, 17)
(3, 17)
(2, 17)
(1, 17)
(1, 18)
(1, 19)
(2, 19)
(3, 19)
(4, 19)
kaikki ok
Reitin pituus: 3
(6, 9)
(6, 10)
(6, 11)
(7, 11)
kaikki ok
Reitin pituus: 15
(14, 7)
(14, 8)
(14, 9)
(14, 10)
(14, 11)
(14, 12)
(14, 13)
(14, 14)
(14, 15)
(13, 15)
(12, 15)
(12, 16)
(12, 17)
(11, 17)
(10, 17)
(10, 18)
kaikki ok
Reitin pituus: 13
(12, 4)
(12, 5)
(11, 5)
(10, 5)
(10, 6)
(10, 7)
(11, 7)
(12, 7)
(12, 8)
(12, 9)
(12, 10)
(12, 11)
(12, 12)
(12, 13)
kaikki ok
Reitin pituus: 20
(1, 4)
(1, 5)
(2, 5)
(3, 5)
(4, 5)
(4, 6)
(4, 7)
(4, 8)
(4, 9)
(5, 9)
(6, 9)
(6, 10)
(6, 11)
(6, 12)
(6, 13)
(7, 13)
(8, 13)
(8, 14)
(8, 15)
(9, 15)
(10, 15)
kaikki ok
Reitin pituus: 9
(8, 14)
(8, 15)
(9, 15)
(10, 15)
(11, 15)
(12, 15)
(13, 15)
(14, 15)
(14, 16)
(14, 17)
kaikki ok
Reitin pituus: 19
(17, 14)
(17, 13)
(16, 13)
(15, 13)
(14, 13)
(14, 12)
(14, 11)
(14, 10)
(14, 9)
(14, 8)
(14, 7)
(14, 6)
(14, 5)
(14, 4)
(14, 3)
(13, 3)
(12, 3)
(11, 3)
(10, 3)
(9, 3)
kaikki ok
Reitin pituus: 12
(6, 9)
(5, 9)
(4, 9)
(4, 8)
(4, 7)
(4, 6)
(4, 5)
(4, 4)
(4, 3)
(4, 2)
(4, 1)
(5, 1)
(6, 1)
kaikki ok
Reitin pituus: 2
(12, 17)
(12, 16)
(12, 15)
kaikki ok
Reitin pituus: 13
(1, 5)
(1, 4)
(1, 3)
(2, 3)
(3, 3)
(4, 3)
(5, 3)
(6, 3)
(7, 3)
(8, 3)
(9, 3)
(10, 3)
(11, 3)
(12, 3)
kaikki ok
Reitin pituus: 5
(4, 1)
(4, 2)
(4, 3)
(4, 4)
(4, 5)
(3, 5)
kaikki ok
Reitin pituus: 16
(4, 8)
(4, 9)
(5, 9)
(6, 9)
(6, 10)
(6, 11)
(7, 11)
(8, 11)
(9, 11)
(10, 11)
(11, 11)
(12, 11)
(12, 10)
(12, 9)
(13, 9)
(14, 9)
(14, 8)
kaikki ok
Reitin pituus: 22
(1, 19)
(1, 18)
(1, 17)
(2, 17)
(3, 17)
(4, 17)
(4, 16)
(4, 15)
(5, 15)
(6, 15)
(7, 15)
(8, 15)
(9, 15)
(10, 15)
(11, 15)
(12, 15)
(13, 15)
(14, 15)
(14, 14)
(14, 13)
(15, 13)
(16, 13)
(17, 13)
kaikki ok
Reitin pituus: 30
(17, 1)
(17, 2)
(17, 3)
(16, 3)
(15, 3)
(14, 3)
(13, 3)
(12, 3)
(12, 4)
(12, 5)
(11, 5)
(10, 5)
(10, 6)
(10, 7)
(9, 7)
(8, 7)
(7, 7)
(6, 7)
(6, 8)
(6, 9)
(6, 10)
(6, 11)
(6, 12)
(6, 13)
(5, 13)
(4, 13)
(4, 14)
(4, 15)
(4, 16)
(4, 17)
(3, 17)
kaikki ok
Reitin pituus: 21
(14, 14)
(14, 13)
(13, 13)
(12, 13)
(12, 12)
(12, 11)
(11, 11)
(10, 11)
(9, 11)
(8, 11)
(7, 11)
(6, 11)
(6, 10)
(6, 9)
(5, 9)
(4, 9)
(4, 8)
(4, 7)
(4, 6)
(4, 5)
(4, 4)
(4, 3)
kaikki ok
Reitin pituus: 7
(9, 19)
(8, 19)
(8, 18)
(8, 17)
(7, 17)
(6, 17)
(6, 16)
(6, 15)
kaikki ok
Reitin pituus: 4
(12, 4)
(12, 5)
(11, 5)
(10, 5)
(10, 6)
kaikki ok
Reitin pituus: 14
(15, 13)
(14, 13)
(13, 13)
(12, 13)
(12, 12)
(12, 11)
(12, 10)
(12, 9)
(12, 8)
(12, 7)
(11, 7)
(10, 7)
(9, 7)
(8, 7)
(8, 6)
kaikki ok
Reitin pituus: 15
(1, 3)
(2, 3)
(3, 3)
(4, 3)
(5, 3)
(6, 3)
(6, 4)
(6, 5)
(7, 5)
(8, 5)
(8, 6)
(8, 7)
(9, 7)
(9, 8)
(9, 9)
(10, 9)
kaikki ok
Reitin pituus: 10
(7, 3)
(6, 3)
(6, 4)
(6, 5)
(7, 5)
(8, 5)
(8, 6)
(8, 7)
(9, 7)
(10, 7)
(11, 7)
kaikki ok
Reitin pituus: 19
(8, 7)
(9, 7)
(10, 7)
(11, 7)
(12, 7)
(12, 8)
(12, 9)
(12, 10)
(12, 11)
(12, 12)
(12, 13)
(13, 13)
(14, 13)
(14, 14)
(14, 15)
(13, 15)
(12, 15)
(12, 16)
(12, 17)
(11, 17)
kaikki ok
Reitin pituus: 21
(9, 19)
(10, 19)
(10, 18)
(10, 17)
(11, 17)
(12, 17)
(12, 16)
(12, 15)
(13, 15)
(14, 15)
(14, 14)
(14, 13)
(14, 12)
(14, 11)
(14, 10)
(14, 9)
(14, 8)
(14, 7)
(14, 6)
(14, 5)
(15, 5)
(16, 5)
kaikki ok
Reitin pituus: 11
(12, 1)
(13, 1)
(14, 1)
(14, 2)
(14, 3)
(14, 4)
(14, 5)
(14, 6)
(14, 7)
(14, 8)
(14, 9)
(14, 10)
kaikki ok
Reitin pituus: 19
(6, 9)
(6, 8)
(6, 7)
(7, 7)
(8, 7)
(9, 7)
(10, 7)
(10, 6)
(10, 5)
(11, 5)
(12, 5)
(12, 4)
(12, 3)
(13, 3)
(14, 3)
(15, 3)
(16, 3)
(17, 3)
(17, 2)
(17, 1)
kaikki ok
Reitin pituus: 13
(4, 5)
(4, 6)
(4, 7)
(4, 8)
(4, 9)
(4, 10)
(4, 11)
(4, 12)
(4, 13)
(4, 14)
(4, 15)
(5, 15)
(6, 15)
(7, 15)
kaikki ok
Reitin pituus: 18
(7, 11)
(6, 11)
(6, 10)
(6, 9)
(5, 9)
(4, 9)
(4, 8)
(4, 7)
(4, 6)
(4, 5)
(4, 4)
(4, 3)
(5, 3)
(6, 3)
(7, 3)
(8, 3)
(9, 3)
(10, 3)
(10, 2)
kaikki ok
Reitin pituus: 20
(14, 5)
(14, 4)
(14, 3)
(13, 3)
(12, 3)
(12, 4)
(12, 5)
(11, 5)
(10, 5)
(10, 6)
(10, 7)
(9, 7)
(8, 7)
(7, 7)
(6, 7)
(6, 8)
(6, 9)
(5, 9)
(4, 9)
(4, 10)
(4, 11)
kaikki ok
Reitin pituus: 27
(15, 19)
(16, 19)
(17, 19)
(17, 18)
(17, 17)
(16, 17)
(15, 17)
(14, 17)
(14, 16)
(14, 15)
(14, 14)
(14, 13)
(14, 12)
(14, 11)
(14, 10)
(14, 9)
(14, 8)
(14, 7)
(14, 6)
(14, 5)
(14, 4)
(14, 3)
(13, 3)
(12, 3)
(11, 3)
(10, 3)
(9, 3)
(8, 3)
kaikki ok
Reitin pituus: 24
(6, 3)
(5, 3)
(4, 3)
(4, 4)
(4, 5)
(4, 6)
(4, 7)
(4, 8)
(4, 9)
(4, 10)
(4, 11)
(4, 12)
(4, 13)
(4, 14)
(4, 15)
(5, 15)
(6, 15)
(6, 16)
(6, 17)
(7, 17)
(8, 17)
(8, 18)
(8, 19)
(7, 19)
(6, 19)
kaikki ok
Reitin pituus: 13
(14, 2)
(14, 3)
(14, 4)
(14, 5)
(14, 6)
(14, 7)
(14, 8)
(14, 9)
(13, 9)
(12, 9)
(12, 10)
(12, 11)
(12, 12)
(12, 13)
kaikki ok
Reitin pituus: 24
(16, 19)
(17, 19)
(17, 18)
(17, 17)
(16, 17)
(15, 17)
(14, 17)
(14, 16)
(14, 15)
(14, 14)
(14, 13)
(13, 13)
(12, 13)
(12, 12)
(12, 11)
(12, 10)
(12, 9)
(12, 8)
(12, 7)
(11, 7)
(10, 7)
(9, 7)
(8, 7)
(8, 6)
(8, 5)
kaikki ok
Reitin pituus: 3
(4, 12)
(4, 13)
(5, 13)
(6, 13)
kaikki ok
Reitin pituus: 19
(2, 17)
(3, 17)
(4, 17)
(4, 16)
(4, 15)
(4, 14)
(4, 13)
(4, 12)
(4, 11)
(4, 10)
(4, 9)
(4, 8)
(4, 7)
(4, 6)
(4, 5)
(4, 4)
(4, 3)
(4, 2)
(4, 1)
(3, 1)
kaikki ok
Reitin pituus: 14
(3, 13)
(4, 13)
(4, 14)
(4, 15)
(5, 15)
(6, 15)
(6, 16)
(6, 17)
(7, 17)
(8, 17)
(8, 18)
(8, 19)
(9, 19)
(10, 19)
(11, 19)
kaikki ok
Reitin pituus: 12
(12, 8)
(12, 9)
(12, 10)
(12, 11)
(11, 11)
(10, 11)
(9, 11)
(8, 11)
(7, 11)
(6, 11)
(6, 12)
(6, 13)
(5, 13)
kaikki ok
Reitin pituus: 7
(4, 12)
(4, 13)
(5, 13)
(6, 13)
(7, 13)
(8, 13)
(8, 14)
(8, 15)
kaikki ok
Reitin pituus: 21
(4, 15)
(4, 14)
(4, 13)
(5, 13)
(6, 13)
(6, 12)
(6, 11)
(7, 11)
(8, 11)
(9, 11)
(10, 11)
(11, 11)
(12, 11)
(12, 10)
(12, 9)
(13, 9)
(14, 9)
(14, 8)
(14, 7)
(14, 6)
(14, 5)
(14, 4)
kaikki ok
Reitin pituus: 15
(13, 9)
(12, 9)
(12, 10)
(12, 11)
(11, 11)
(10, 11)
(9, 11)
(8, 11)
(7, 11)
(6, 11)
(6, 10)
(6, 9)
(5, 9)
(4, 9)
(4, 10)
(4, 11)
kaikki ok
Reitin pituus: 11
(16, 1)
(15, 1)
(14, 1)
(14, 2)
(14, 3)
(14, 4)
(14, 5)
(14, 6)
(14, 7)
(14, 8)
(14, 9)
(13, 9)
kaikki ok
Reitin pituus: 1
(10, 14)
(10, 13)
kaikki ok
Reitin pituus: 4
(4, 13)
(4, 14)
(4, 15)
(4, 16)
(4, 17)
kaikki ok
Reitin pituus: 17
(3, 13)
(4, 13)
(4, 12)
(4, 11)
(4, 10)
(4, 9)
(4, 8)
(4, 7)
(4, 6)
(4, 5)
(4, 4)
(4, 3)
(5, 3)
(6, 3)
(7, 3)
(8, 3)
(8, 2)
(8, 1)
kaikki ok
Reitin pituus: 20
(10, 2)
(10, 3)
(9, 3)
(8, 3)
(7, 3)
(6, 3)
(5, 3)
(4, 3)
(4, 4)
(4, 5)
(4, 6)
(4, 7)
(4, 8)
(4, 9)
(4, 10)
(4, 11)
(4, 12)
(4, 13)
(4, 14)
(4, 15)
(5, 15)
kaikki ok
Reitin pituus: 12
(14, 12)
(14, 11)
(14, 10)
(14, 9)
(13, 9)
(12, 9)
(12, 8)
(12, 7)
(11, 7)
(10, 7)
(10, 6)
(10, 5)
(11, 5)
kaikki ok
Reitin pituus: 1
(14, 1)
(14, 2)
kaikki ok
Reitin pituus: 13
(12, 13)
(13, 13)
(14, 13)
(14, 14)
(14, 15)
(14, 16)
(14, 17)
(15, 17)
(16, 17)
(17, 17)
(17, 18)
(17, 19)
(16, 19)
(15, 19)
kaikki ok
Reitin pituus: 15
(12, 9)
(12, 8)
(12, 7)
(11, 7)
(10, 7)
(9, 7)
(8, 7)
(7, 7)
(6, 7)
(6, 8)
(6, 9)
(5, 9)
(4, 9)
(4, 8)
(4, 7)
(4, 6)
kaikki ok
Reitin pituus: 10
(5, 15)
(6, 15)
(6, 16)
(6, 17)
(7, 17)
(8, 17)
(8, 18)
(8, 19)
(9, 19)
(10, 19)
(11, 19)
kaikki ok
Reitin pituus: 15
(1, 17)
(2, 17)
(3, 17)
(4, 17)
(4, 16)
(4, 15)
(4, 14)
(4, 13)
(5, 13)
(6, 13)
(6, 12)
(6, 11)
(6, 10)
(6, 9)
(6, 8)
(6, 7)
kaikki ok
Reitin pituus: 8
(7, 11)
(6, 11)
(6, 12)
(6, 13)
(5, 13)
(4, 13)
(4, 14)
(4, 15)
(4, 16)
kaikki ok
Reitin pituus: 8
(12, 9)
(12, 10)
(12, 11)
(12, 12)
(12, 13)
(11, 13)
(10, 13)
(10, 14)
(10, 15)
kaikki ok
Reitin pituus: 14
(10, 15)
(9, 15)
(8, 15)
(8, 14)
(8, 13)
(7, 13)
(6, 13)
(6, 12)
(6, 11)
(6, 10)
(6, 9)
(6, 8)
(6, 7)
(7, 7)
(8, 7)
kaikki ok
Reitin pituus: 6
(16, 5)
(17, 5)
(17, 4)
(17, 3)
(17, 2)
(17, 1)
(16, 1)
kaikki ok
Reitin pituus: 13
(9, 7)
(10, 7)
(10, 6)
(10, 5)
(11, 5)
(12, 5)
(12, 4)
(12, 3)
(13, 3)
(14, 3)
(15, 3)
(16, 3)
(17, 3)
(17, 2)
kaikki ok
Reitin pituus: 18
(6, 9)
(6, 8)
(6, 7)
(7, 7)
(8, 7)
(9, 7)
(10, 7)
(10, 6)
(10, 5)
(11, 5)
(12, 5)
(12, 4)
(12, 3)
(13, 3)
(14, 3)
(15, 3)
(16, 3)
(17, 3)
(17, 2)
kaikki ok
Reitin pituus: 15
(16, 5)
(15, 5)
(14, 5)
(14, 4)
(14, 3)
(13, 3)
(12, 3)
(11, 3)
(10, 3)
(9, 3)
(8, 3)
(8, 2)
(8, 1)
(7, 1)
(6, 1)
(5, 1)
kaikki ok
Reitin pituus: 8
(14, 11)
(14, 10)
(14, 9)
(14, 8)
(14, 7)
(14, 6)
(14, 5)
(15, 5)
(16, 5)
kaikki ok
Reitin pituus: 14
(7, 13)
(6, 13)
(6, 12)
(6, 11)
(6, 10)
(6, 9)
(6, 8)
(6, 7)
(7, 7)
(8, 7)
(9, 7)
(10, 7)
(10, 6)
(10, 5)
(11, 5)
kaikki ok
Reitin pituus: 20
(14, 10)
(14, 9)
(13, 9)
(12, 9)
(12, 10)
(12, 11)
(11, 11)
(10, 11)
(9, 11)
(8, 11)
(7, 11)
(6, 11)
(6, 12)
(6, 13)
(5, 13)
(4, 13)
(3, 13)
(2, 13)
(1, 13)
(1, 14)
(1, 15)
kaikki ok
Reitin pituus: 14
(16, 5)
(15, 5)
(14, 5)
(14, 6)
(14, 7)
(14, 8)
(14, 9)
(14, 10)
(14, 11)
(14, 12)
(14, 13)
(14, 14)
(14, 15)
(14, 16)
(14, 17)
kaikki ok
Reitin pituus: 24
(10, 19)
(9, 19)
(8, 19)
(8, 18)
(8, 17)
(7, 17)
(6, 17)
(6, 16)
(6, 15)
(7, 15)
(8, 15)
(8, 14)
(8, 13)
(7, 13)
(6, 13)
(6, 12)
(6, 11)
(6, 10)
(6, 9)
(6, 8)
(6, 7)
(7, 7)
(8, 7)
(8, 6)
(8, 5)
kaikki ok
Reitin pituus: 10
(13, 9)
(12, 9)
(12, 8)
(12, 7)
(11, 7)
(10, 7)
(9, 7)
(8, 7)
(8, 6)
(8, 5)
(7, 5)
kaikki ok
Reitin pituus: 9
(13, 15)
(12, 15)
(11, 15)
(10, 15)
(9, 15)
(8, 15)
(7, 15)
(6, 15)
(6, 16)
(6, 17)
kaikki ok
Reitin pituus: 7
(14, 6)
(14, 5)
(14, 4)
(14, 3)
(13, 3)
(12, 3)
(11, 3)
(10, 3)
kaikki ok
Reitin pituus: 10
(9, 9)
(9, 8)
(9, 7)
(10, 7)
(11, 7)
(12, 7)
(12, 8)
(12, 9)
(13, 9)
(14, 9)
(14, 10)
kaikki ok
Reitin pituus: 7
(10, 5)
(10, 6)
(10, 7)
(9, 7)
(8, 7)
(7, 7)
(6, 7)
(6, 8)
kaikki ok
Reitin pituus: 9
(8, 3)
(7, 3)
(6, 3)
(5, 3)
(4, 3)
(4, 4)
(4, 5)
(4, 6)
(4, 7)
(4, 8)
kaikki ok
Reitin pituus: 20
(6, 4)
(6, 5)
(7, 5)
(8, 5)
(8, 6)
(8, 7)
(7, 7)
(6, 7)
(6, 8)
(6, 9)
(6, 10)
(6, 11)
(6, 12)
(6, 13)
(7, 13)
(8, 13)
(8, 14)
(8, 15)
(9, 15)
(10, 15)
(11, 15)
kaikki ok
Reitin pituus: 7
(4, 13)
(5, 13)
(6, 13)
(6, 12)
(6, 11)
(7, 11)
(8, 11)
(9, 11)
kaikki ok
Reitin pituus: 21
(2, 15)
(1, 15)
(1, 14)
(1, 13)
(2, 13)
(3, 13)
(4, 13)
(5, 13)
(6, 13)
(6, 12)
(6, 11)
(6, 10)
(6, 9)
(6, 8)
(6, 7)
(7, 7)
(8, 7)
(9, 7)
(10, 7)
(10, 6)
(10, 5)
(11, 5)
kaikki ok
Reitin pituus: 24
(4, 2)
(4, 3)
(5, 3)
(6, 3)
(6, 4)
(6, 5)
(7, 5)
(8, 5)
(8, 6)
(8, 7)
(9, 7)
(10, 7)
(11, 7)
(12, 7)
(12, 8)
(12, 9)
(12, 10)
(12, 11)
(12, 12)
(12, 13)
(13, 13)
(14, 13)
(15, 13)
(16, 13)
(17, 13)
kaikki ok
Reitin pituus: 26
(12, 4)
(12, 3)
(13, 3)
(14, 3)
(14, 4)
(14, 5)
(14, 6)
(14, 7)
(14, 8)
(14, 9)
(14, 10)
(14, 11)
(14, 12)
(14, 13)
(14, 14)
(14, 15)
(13, 15)
(12, 15)
(12, 16)
(12, 17)
(11, 17)
(10, 17)
(10, 18)
(10, 19)
(9, 19)
(8, 19)
(8, 18)
kaikki ok
Reitin pituus: 10
(8, 14)
(8, 15)
(7, 15)
(6, 15)
(6, 16)
(6, 17)
(7, 17)
(8, 17)
(8, 18)
(8, 19)
(7, 19)
kaikki ok
Reitin pituus: 4
(10, 17)
(10, 18)
(10, 19)
(11, 19)
(12, 19)
kaikki ok
Reitin pituus: 15
(3, 3)
(4, 3)
(5, 3)
(6, 3)
(7, 3)
(8, 3)
(9, 3)
(10, 3)
(11, 3)
(12, 3)
(13, 3)
(14, 3)
(14, 4)
(14, 5)
(14, 6)
(14, 7)
kaikki ok
Reitin pituus: 12
(14, 3)
(14, 4)
(14, 5)
(14, 6)
(14, 7)
(14, 8)
(14, 9)
(13, 9)
(12, 9)
(12, 10)
(12, 11)
(11, 11)
(10, 11)
kaikki ok
Reitin pituus: 5
(4, 9)
(4, 10)
(4, 11)
(4, 12)
(4, 13)
(5, 13)
kaikki ok
Reitin pituus: 7
(6, 1)
(7, 1)
(8, 1)
(8, 2)
(8, 3)
(9, 3)
(10, 3)
(11, 3)
kaikki ok
Reitin pituus: 19
(4, 4)
(4, 5)
(4, 6)
(4, 7)
(4, 8)
(4, 9)
(4, 10)
(4, 11)
(4, 12)
(4, 13)
(4, 14)
(4, 15)
(4, 16)
(4, 17)
(3, 17)
(2, 17)
(1, 17)
(1, 18)
(1, 19)
(2, 19)
kaikki ok
Reitin pituus: 4
(11, 13)
(12, 13)
(12, 12)
(12, 11)
(12, 10)
kaikki ok
Reitin pituus: 9
(2, 13)
(3, 13)
(4, 13)
(5, 13)
(6, 13)
(6, 12)
(6, 11)
(6, 10)
(6, 9)
(6, 8)
kaikki ok
Reitin pituus: 12
(4, 17)
(4, 16)
(4, 15)
(4, 14)
(4, 13)
(5, 13)
(6, 13)
(6, 12)
(6, 11)
(7, 11)
(8, 11)
(9, 11)
(10, 11)
kaikki ok
Reitin pituus: 10
(16, 15)
(17, 15)
(17, 14)
(17, 13)
(16, 13)
(15, 13)
(14, 13)
(13, 13)
(12, 13)
(11, 13)
(10, 13)
kaikki ok
Reitin pituus: 21
(1, 1)
(1, 2)
(1, 3)
(1, 4)
(1, 5)
(2, 5)
(3, 5)
(4, 5)
(4, 6)
(4, 7)
(4, 8)
(4, 9)
(4, 10)
(4, 11)
(4, 12)
(4, 13)
(4, 14)
(4, 15)
(4, 16)
(4, 17)
(3, 17)
(2, 17)
kaikki ok
Reitin pituus: 17
(14, 16)
(14, 15)
(13, 15)
(12, 15)
(11, 15)
(10, 15)
(9, 15)
(8, 15)
(7, 15)
(6, 15)
(5, 15)
(4, 15)
(4, 16)
(4, 17)
(3, 17)
(2, 17)
(1, 17)
(1, 18)
kaikki ok
Reitin pituus: 19
(17, 14)
(17, 13)
(16, 13)
(15, 13)
(14, 13)
(13, 13)
(12, 13)
(11, 13)
(10, 13)
(10, 14)
(10, 15)
(9, 15)
(8, 15)
(7, 15)
(6, 15)
(5, 15)
(4, 15)
(4, 16)
(4, 17)
(3, 17)
kaikki ok
Reitin pituus: 8
(10, 2)
(10, 3)
(9, 3)
(8, 3)
(8, 2)
(8, 1)
(7, 1)
(6, 1)
(5, 1)
kaikki ok
Reitin pituus: 16
(12, 5)
(11, 5)
(10, 5)
(10, 6)
(10, 7)
(9, 7)
(8, 7)
(7, 7)
(6, 7)
(6, 8)
(6, 9)
(6, 10)
(6, 11)
(6, 12)
(6, 13)
(7, 13)
(8, 13)
kaikki ok
Reitin pituus: 9
(12, 11)
(12, 10)
(12, 9)
(13, 9)
(14, 9)
(14, 8)
(14, 7)
(14, 6)
(14, 5)
(14, 4)
kaikki ok
Reitin pituus: 0
(12, 15)
kaikki ok
Reitin pituus: 8
(13, 13)
(12, 13)
(12, 12)
(12, 11)
(12, 10)
(12, 9)
(12, 8)
(12, 7)
(11, 7)
kaikki ok
Reitin pituus: 11
(14, 16)
(14, 15)
(13, 15)
(12, 15)
(11, 15)
(10, 15)
(9, 15)
(8, 15)
(8, 14)
(8, 13)
(7, 13)
(6, 13)
kaikki ok
Reitin pituus: 11
(8, 1)
(8, 2)
(8, 3)
(9, 3)
(10, 3)
(11, 3)
(12, 3)
(13, 3)
(14, 3)
(14, 4)
(14, 5)
(15, 5)
kaikki ok
Reitin pituus: 7
(14, 17)
(14, 16)
(14, 15)
(13, 15)
(12, 15)
(11, 15)
(10, 15)
(10, 14)
kaikki ok
Reitin pituus: 23
(1, 1)
(1, 2)
(1, 3)
(1, 4)
(1, 5)
(2, 5)
(3, 5)
(4, 5)
(4, 6)
(4, 7)
(4, 8)
(4, 9)
(4, 10)
(4, 11)
(4, 12)
(4, 13)
(4, 14)
(4, 15)
(4, 16)
(4, 17)
(3, 17)
(2, 17)
(1, 17)
(1, 18)
kaikki ok
Reitin pituus: 5
(12, 10)
(12, 11)
(12, 12)
(12, 13)
(13, 13)
(14, 13)
kaikki ok
Reitin pituus: 4
(16, 13)
(15, 13)
(14, 13)
(14, 12)
(14, 11)
kaikki ok
Reitin pituus: 4
(11, 1)
(10, 1)
(10, 2)
(10, 3)
(9, 3)
kaikki ok
Reitin pituus: 5
(14, 8)
(14, 9)
(14, 10)
(14, 11)
(14, 12)
(14, 13)
kaikki ok
Reitin pituus: 9
(8, 7)
(9, 7)
(10, 7)
(11, 7)
(12, 7)
(12, 8)
(12, 9)
(13, 9)
(14, 9)
(14, 8)
kaikki ok
Reitin pituus: 14
(2, 5)
(3, 5)
(4, 5)
(4, 4)
(4, 3)
(5, 3)
(6, 3)
(7, 3)
(8, 3)
(9, 3)
(10, 3)
(10, 2)
(10, 1)
(11, 1)
(12, 1)
kaikki ok
Reitin pituus: 16
(8, 14)
(8, 13)
(7, 13)
(6, 13)
(6, 12)
(6, 11)
(6, 10)
(6, 9)
(6, 8)
(6, 7)
(7, 7)
(8, 7)
(8, 6)
(8, 5)
(7, 5)
(6, 5)
(6, 4)
kaikki ok
Reitin pituus: 8
(9, 11)
(8, 11)
(7, 11)
(6, 11)
(6, 12)
(6, 13)
(5, 13)
(4, 13)
(4, 14)
kaikki ok
Reitin pituus: 14
(14, 9)
(14, 10)
(14, 11)
(14, 12)
(14, 13)
(14, 14)
(14, 15)
(13, 15)
(12, 15)
(12, 16)
(12, 17)
(11, 17)
(10, 17)
(10, 18)
(10, 19)
kaikki ok
Reitin pituus: 11
(14, 10)
(14, 9)
(14, 8)
(14, 7)
(14, 6)
(14, 5)
(14, 4)
(14, 3)
(13, 3)
(12, 3)
(11, 3)
(10, 3)
kaikki ok
Reitin pituus: 8
(12, 3)
(13, 3)
(14, 3)
(14, 4)
(14, 5)
(14, 6)
(14, 7)
(14, 8)
(14, 9)
kaikki ok
Reitin pituus: 17
(17, 18)
(17, 17)
(16, 17)
(15, 17)
(14, 17)
(14, 16)
(14, 15)
(13, 15)
(12, 15)
(11, 15)
(10, 15)
(9, 15)
(8, 15)
(8, 14)
(8, 13)
(7, 13)
(6, 13)
(5, 13)
kaikki ok
Reitin pituus: 23
(10, 2)
(10, 3)
(11, 3)
(12, 3)
(13, 3)
(14, 3)
(14, 4)
(14, 5)
(14, 6)
(14, 7)
(14, 8)
(14, 9)
(14, 10)
(14, 11)
(14, 12)
(14, 13)
(14, 14)
(14, 15)
(13, 15)
(12, 15)
(12, 16)
(12, 17)
(11, 17)
(10, 17)
kaikki ok
Reitin pituus: 7
(14, 10)
(14, 9)
(14, 8)
(14, 7)
(14, 6)
(14, 5)
(15, 5)
(16, 5)
kaikki ok
Reitin pituus: 10
(9, 8)
(9, 7)
(8, 7)
(7, 7)
(6, 7)
(6, 8)
(6, 9)
(6, 10)
(6, 11)
(7, 11)
(8, 11)
kaikki ok
Reitin pituus: 14
(13, 15)
(14, 15)
(14, 14)
(14, 13)
(14, 12)
(14, 11)
(14, 10)
(14, 9)
(14, 8)
(14, 7)
(14, 6)
(14, 5)
(15, 5)
(16, 5)
(17, 5)
kaikki ok
Reitin pituus: 17
(2, 17)
(3, 17)
(4, 17)
(4, 16)
(4, 15)
(4, 14)
(4, 13)
(4, 12)
(4, 11)
(4, 10)
(4, 9)
(4, 8)
(4, 7)
(4, 6)
(4, 5)
(4, 4)
(4, 3)
(3, 3)
kaikki ok
Reitin pituus: 8
(11, 19)
(10, 19)
(9, 19)
(8, 19)
(7, 19)
(6, 19)
(5, 19)
(4, 19)
(3, 19)
kaikki ok
Reitin pituus: 10
(12, 11)
(12, 10)
(12, 9)
(13, 9)
(14, 9)
(14, 8)
(14, 7)
(14, 6)
(14, 5)
(14, 4)
(14, 3)
kaikki ok
Reitin pituus: 13
(4, 15)
(4, 14)
(4, 13)
(4, 12)
(4, 11)
(4, 10)
(4, 9)
(5, 9)
(6, 9)
(6, 8)
(6, 7)
(7, 7)
(8, 7)
(9, 7)
kaikki ok
Reitin pituus: 9
(8, 11)
(7, 11)
(6, 11)
(6, 12)
(6, 13)
(7, 13)
(8, 13)
(8, 14)
(8, 15)
(7, 15)
kaikki ok
Reitin pituus: 26
(4, 6)
(4, 7)
(4, 8)
(4, 9)
(4, 10)
(4, 11)
(4, 12)
(4, 13)
(5, 13)
(6, 13)
(7, 13)
(8, 13)
(8, 14)
(8, 15)
(9, 15)
(10, 15)
(11, 15)
(12, 15)
(13, 15)
(14, 15)
(14, 16)
(14, 17)
(15, 17)
(16, 17)
(17, 17)
(17, 18)
(17, 19)
kaikki ok
Reitin pituus: 10
(17, 5)
(17, 4)
(17, 3)
(16, 3)
(15, 3)
(14, 3)
(13, 3)
(12, 3)
(11, 3)
(10, 3)
(9, 3)
kaikki ok
Reitin pituus: 17
(14, 17)
(14, 16)
(14, 15)
(14, 14)
(14, 13)
(14, 12)
(14, 11)
(14, 10)
(14, 9)
(14, 8)
(14, 7)
(14, 6)
(14, 5)
(14, 4)
(14, 3)
(13, 3)
(12, 3)
(11, 3)
kaikki ok
Reitin pituus: 6
(12, 4)
(12, 3)
(13, 3)
(14, 3)
(15, 3)
(16, 3)
(17, 3)
kaikki ok
Reitin pituus: 18
(9, 9)
(9, 8)
(9, 7)
(8, 7)
(7, 7)
(6, 7)
(6, 8)
(6, 9)
(6, 10)
(6, 11)
(6, 12)
(6, 13)
(7, 13)
(8, 13)
(8, 14)
(8, 15)
(7, 15)
(6, 15)
(6, 16)
kaikki ok
Reitin pituus: 7
(4, 10)
(4, 11)
(4, 12)
(4, 13)
(5, 13)
(6, 13)
(7, 13)
(8, 13)
kaikki ok
Reitin pituus: 28
(1, 19)
(1, 18)
(1, 17)
(2, 17)
(3, 17)
(4, 17)
(4, 16)
(4, 15)
(5, 15)
(6, 15)
(7, 15)
(8, 15)
(9, 15)
(10, 15)
(10, 14)
(10, 13)
(11, 13)
(12, 13)
(12, 12)
(12, 11)
(12, 10)
(12, 9)
(13, 9)
(14, 9)
(14, 8)
(14, 7)
(14, 6)
(14, 5)
(15, 5)
kaikki ok
Reitin pituus: 19
(14, 8)
(14, 7)
(14, 6)
(14, 5)
(14, 4)
(14, 3)
(13, 3)
(12, 3)
(11, 3)
(10, 3)
(9, 3)
(8, 3)
(7, 3)
(6, 3)
(5, 3)
(4, 3)
(3, 3)
(2, 3)
(1, 3)
(1, 2)
kaikki ok
Reitin pituus: 9
(6, 10)
(6, 9)
(5, 9)
(4, 9)
(4, 8)
(4, 7)
(4, 6)
(4, 5)
(4, 4)
(4, 3)
kaikki ok
Reitin pituus: 16
(6, 13)
(7, 13)
(8, 13)
(8, 14)
(8, 15)
(9, 15)
(10, 15)
(11, 15)
(12, 15)
(12, 16)
(12, 17)
(11, 17)
(10, 17)
(10, 18)
(10, 19)
(11, 19)
(12, 19)
kaikki ok
Reitin pituus: 22
(15, 13)
(14, 13)
(14, 12)
(14, 11)
(14, 10)
(14, 9)
(14, 8)
(14, 7)
(14, 6)
(14, 5)
(14, 4)
(14, 3)
(13, 3)
(12, 3)
(11, 3)
(10, 3)
(9, 3)
(8, 3)
(7, 3)
(6, 3)
(5, 3)
(4, 3)
(3, 3)
kaikki ok
Reitin pituus: 12
(4, 8)
(4, 9)
(5, 9)
(6, 9)
(6, 8)
(6, 7)
(7, 7)
(8, 7)
(9, 7)
(10, 7)
(10, 6)
(10, 5)
(11, 5)
kaikki ok
Reitin pituus: 10
(2, 16)
(2, 17)
(3, 17)
(4, 17)
(4, 16)
(4, 15)
(4, 14)
(4, 13)
(5, 13)
(6, 13)
(6, 12)
kaikki ok
Reitin pituus: 24
(17, 19)
(17, 18)
(17, 17)
(16, 17)
(15, 17)
(14, 17)
(14, 16)
(14, 15)
(14, 14)
(14, 13)
(13, 13)
(12, 13)
(12, 12)
(12, 11)
(12, 10)
(12, 9)
(12, 8)
(12, 7)
(11, 7)
(10, 7)
(9, 7)
(8, 7)
(8, 6)
(8, 5)
(7, 5)
kaikki ok
Reitin pituus: 29
(12, 19)
(11, 19)
(10, 19)
(9, 19)
(8, 19)
(8, 18)
(8, 17)
(7, 17)
(6, 17)
(6, 16)
(6, 15)
(5, 15)
(4, 15)
(4, 14)
(4, 13)
(4, 12)
(4, 11)
(4, 10)
(4, 9)
(4, 8)
(4, 7)
(4, 6)
(4, 5)
(4, 4)
(4, 3)
(4, 2)
(4, 1)
(5, 1)
(6, 1)
(7, 1)
kaikki ok
Reitin pituus: 11
(6, 11)
(6, 10)
(6, 9)
(5, 9)
(4, 9)
(4, 8)
(4, 7)
(4, 6)
(4, 5)
(3, 5)
(2, 5)
(1, 5)
kaikki ok
Reitin pituus: 19
(10, 1)
(11, 1)
(12, 1)
(13, 1)
(14, 1)
(14, 2)
(14, 3)
(14, 4)
(14, 5)
(14, 6)
(14, 7)
(14, 8)
(14, 9)
(14, 10)
(14, 11)
(14, 12)
(14, 13)
(14, 14)
(14, 15)
(13, 15)
kaikki ok
Reitin pituus: 22
(11, 13)
(12, 13)
(12, 12)
(12, 11)
(11, 11)
(10, 11)
(9, 11)
(8, 11)
(7, 11)
(6, 11)
(6, 10)
(6, 9)
(5, 9)
(4, 9)
(4, 8)
(4, 7)
(4, 6)
(4, 5)
(3, 5)
(2, 5)
(1, 5)
(1, 4)
(1, 3)
kaikki ok
Reitin pituus: 16
(15, 17)
(14, 17)
(14, 16)
(14, 15)
(14, 14)
(14, 13)
(13, 13)
(12, 13)
(12, 12)
(12, 11)
(12, 10)
(12, 9)
(12, 8)
(12, 7)
(11, 7)
(10, 7)
(9, 7)
kaikki ok
Reitin pituus: 12
(2, 17)
(3, 17)
(4, 17)
(4, 16)
(4, 15)
(5, 15)
(6, 15)
(7, 15)
(8, 15)
(9, 15)
(10, 15)
(10, 14)
(10, 13)
kaikki ok
Reitin pituus: 19
(8, 18)
(8, 19)
(9, 19)
(10, 19)
(10, 18)
(10, 17)
(11, 17)
(12, 17)
(12, 16)
(12, 15)
(13, 15)
(14, 15)
(14, 14)
(14, 13)
(14, 12)
(14, 11)
(14, 10)
(14, 9)
(14, 8)
(14, 7)
kaikki ok
Reitin pituus: 9
(5, 9)
(4, 9)
(4, 8)
(4, 7)
(4, 6)
(4, 5)
(4, 4)
(4, 3)
(3, 3)
(2, 3)
kaikki ok
Reitin pituus: 18
(4, 5)
(4, 6)
(4, 7)
(4, 8)
(4, 9)
(5, 9)
(6, 9)
(6, 10)
(6, 11)
(7, 11)
(8, 11)
(9, 11)
(10, 11)
(11, 11)
(12, 11)
(12, 12)
(12, 13)
(13, 13)
(14, 13)
kaikki ok
Reitin pituus: 16
(15, 13)
(14, 13)
(14, 12)
(14, 11)
(14, 10)
(14, 9)
(14, 8)
(14, 7)
(14, 6)
(14, 5)
(14, 4)
(14, 3)
(13, 3)
(12, 3)
(11, 3)
(10, 3)
(10, 2)
kaikki ok
Reitin pituus: 17
(12, 9)
(12, 8)
(12, 7)
(11, 7)
(10, 7)
(9, 7)
(8, 7)
(8, 6)
(8, 5)
(7, 5)
(6, 5)
(6, 4)
(6, 3)
(5, 3)
(4, 3)
(4, 2)
(4, 1)
(5, 1)
kaikki ok
Reitin pituus: 13
(8, 19)
(9, 19)
(10, 19)
(11, 19)
(12, 19)
(13, 19)
(14, 19)
(15, 19)
(16, 19)
(17, 19)
(17, 18)
(17, 17)
(16, 17)
(16, 16)
kaikki ok
Reitin pituus: 17
(4, 9)
(5, 9)
(6, 9)
(6, 8)
(6, 7)
(7, 7)
(8, 7)
(9, 7)
(10, 7)
(11, 7)
(12, 7)
(12, 8)
(12, 9)
(13, 9)
(14, 9)
(14, 8)
(14, 7)
(14, 6)
kaikki ok
Reitin pituus: 15
(3, 3)
(4, 3)
(5, 3)
(6, 3)
(7, 3)
(8, 3)
(9, 3)
(10, 3)
(11, 3)
(12, 3)
(13, 3)
(14, 3)
(14, 4)
(14, 5)
(15, 5)
(16, 5)
kaikki ok
Reitin pituus: 13
(10, 9)
(9, 9)
(9, 8)
(9, 7)
(8, 7)
(7, 7)
(6, 7)
(6, 8)
(6, 9)
(5, 9)
(4, 9)
(4, 10)
(4, 11)
(4, 12)
kaikki ok
Reitin pituus: 14
(16, 1)
(15, 1)
(14, 1)
(14, 2)
(14, 3)
(14, 4)
(14, 5)
(14, 6)
(14, 7)
(14, 8)
(14, 9)
(13, 9)
(12, 9)
(12, 10)
(12, 11)
kaikki ok
Reitin pituus: 12
(11, 19)
(10, 19)
(10, 18)
(10, 17)
(11, 17)
(12, 17)
(12, 16)
(12, 15)
(13, 15)
(14, 15)
(14, 14)
(14, 13)
(15, 13)
kaikki ok
Reitin pituus: 16
(13, 9)
(12, 9)
(12, 10)
(12, 11)
(12, 12)
(12, 13)
(11, 13)
(10, 13)
(10, 14)
(10, 15)
(9, 15)
(8, 15)
(7, 15)
(6, 15)
(5, 15)
(4, 15)
(4, 16)
kaikki ok
Reitin pituus: 18
(14, 6)
(14, 5)
(14, 4)
(14, 3)
(13, 3)
(12, 3)
(11, 3)
(10, 3)
(9, 3)
(8, 3)
(7, 3)
(6, 3)
(5, 3)
(4, 3)
(4, 4)
(4, 5)
(4, 6)
(4, 7)
(4, 8)
kaikki ok
Reitin pituus: 16
(10, 15)
(9, 15)
(8, 15)
(8, 14)
(8, 13)
(7, 13)
(6, 13)
(6, 12)
(6, 11)
(6, 10)
(6, 9)
(6, 8)
(6, 7)
(7, 7)
(8, 7)
(8, 6)
(8, 5)
kaikki ok
Reitin pituus: 18
(17, 17)
(16, 17)
(15, 17)
(14, 17)
(14, 16)
(14, 15)
(14, 14)
(14, 13)
(13, 13)
(12, 13)
(12, 12)
(12, 11)
(12, 10)
(12, 9)
(12, 8)
(12, 7)
(11, 7)
(10, 7)
(9, 7)
kaikki ok
Reitin pituus: 17
(1, 14)
(1, 13)
(2, 13)
(3, 13)
(4, 13)
(4, 12)
(4, 11)
(4, 10)
(4, 9)
(4, 8)
(4, 7)
(4, 6)
(4, 5)
(4, 4)
(4, 3)
(4, 2)
(4, 1)
(5, 1)
kaikki ok
Reitin pituus: 9
(3, 19)
(2, 19)
(1, 19)
(1, 18)
(1, 17)
(2, 17)
(3, 17)
(4, 17)
(4, 16)
(4, 15)
kaikki ok
Reitin pituus: 15
(7, 1)
(8, 1)
(8, 2)
(8, 3)
(7, 3)
(6, 3)
(6, 4)
(6, 5)
(7, 5)
(8, 5)
(8, 6)
(8, 7)
(9, 7)
(9, 8)
(9, 9)
(10, 9)
kaikki ok
Reitin pituus: 15
(8, 19)
(8, 18)
(8, 17)
(7, 17)
(6, 17)
(6, 16)
(6, 15)
(5, 15)
(4, 15)
(4, 14)
(4, 13)
(4, 12)
(4, 11)
(4, 10)
(4, 9)
(4, 8)
kaikki ok
Reitin pituus: 23
(2, 13)
(3, 13)
(4, 13)
(5, 13)
(6, 13)
(6, 12)
(6, 11)
(6, 10)
(6, 9)
(6, 8)
(6, 7)
(7, 7)
(8, 7)
(9, 7)
(10, 7)
(10, 6)
(10, 5)
(11, 5)
(12, 5)
(12, 4)
(12, 3)
(13, 3)
(14, 3)
(14, 2)
kaikki ok
Reitin pituus: 12
(11, 15)
(10, 15)
(9, 15)
(8, 15)
(7, 15)
(6, 15)
(5, 15)
(4, 15)
(4, 16)
(4, 17)
(3, 17)
(2, 17)
(1, 17)
kaikki ok
Reitin pituus: 0
(17, 18)
kaikki ok
Reitin pituus: 10
(4, 12)
(4, 13)
(5, 13)
(6, 13)
(7, 13)
(8, 13)
(8, 14)
(8, 15)
(9, 15)
(10, 15)
(11, 15)
kaikki ok
Reitin pituus: 25
(17, 1)
(17, 2)
(17, 3)
(17, 4)
(17, 5)
(16, 5)
(15, 5)
(14, 5)
(14, 6)
(14, 7)
(14, 8)
(14, 9)
(14, 10)
(14, 11)
(14, 12)
(14, 13)
(14, 14)
(14, 15)
(14, 16)
(14, 17)
(15, 17)
(16, 17)
(17, 17)
(17, 18)
(17, 19)
(16, 19)
kaikki ok
Reitin pituus: 4
(12, 13)
(13, 13)
(14, 13)
(15, 13)
(16, 13)
kaikki ok
Reitin pituus: 11
(11, 17)
(12, 17)
(12, 16)
(12, 15)
(13, 15)
(14, 15)
(14, 16)
(14, 17)
(15, 17)
(16, 17)
(16, 16)
(16, 15)
kaikki ok
Reitin pituus: 17
(4, 13)
(4, 14)
(4, 15)
(5, 15)
(6, 15)
(6, 16)
(6, 17)
(7, 17)
(8, 17)
(8, 18)
(8, 19)
(9, 19)
(10, 19)
(11, 19)
(12, 19)
(13, 19)
(14, 19)
(15, 19)
kaikki ok
Reitin pituus: 14
(9, 11)
(8, 11)
(7, 11)
(6, 11)
(6, 10)
(6, 9)
(5, 9)
(4, 9)
(4, 8)
(4, 7)
(4, 6)
(4, 5)
(4, 4)
(4, 3)
(3, 3)
kaikki ok
Reitin pituus: 19
(14, 8)
(14, 9)
(13, 9)
(12, 9)
(12, 10)
(12, 11)
(11, 11)
(10, 11)
(9, 11)
(8, 11)
(7, 11)
(6, 11)
(6, 12)
(6, 13)
(5, 13)
(4, 13)
(3, 13)
(2, 13)
(1, 13)
(1, 14)
kaikki ok
Reitin pituus: 16
(12, 13)
(12, 12)
(12, 11)
(11, 11)
(10, 11)
(9, 11)
(8, 11)
(7, 11)
(6, 11)
(6, 12)
(6, 13)
(5, 13)
(4, 13)
(3, 13)
(2, 13)
(1, 13)
(1, 14)
kaikki ok
Reitin pituus: 7
(6, 16)
(6, 17)
(7, 17)
(8, 17)
(8, 18)
(8, 19)
(7, 19)
(6, 19)
kaikki ok
Reitin pituus: 7
(1, 17)
(2, 17)
(3, 17)
(4, 17)
(4, 16)
(4, 15)
(4, 14)
(4, 13)
kaikki ok
Reitin pituus: 5
(5, 1)
(4, 1)
(4, 2)
(4, 3)
(5, 3)
(6, 3)
kaikki ok
Reitin pituus: 18
(15, 1)
(14, 1)
(14, 2)
(14, 3)
(14, 4)
(14, 5)
(14, 6)
(14, 7)
(14, 8)
(14, 9)
(14, 10)
(14, 11)
(14, 12)
(14, 13)
(14, 14)
(14, 15)
(14, 16)
(14, 17)
(15, 17)
kaikki ok
Reitin pituus: 14
(4, 8)
(4, 9)
(4, 10)
(4, 11)
(4, 12)
(4, 13)
(4, 14)
(4, 15)
(5, 15)
(6, 15)
(6, 16)
(6, 17)
(7, 17)
(8, 17)
(8, 18)
kaikki ok
Reitin pituus: 7
(8, 11)
(7, 11)
(6, 11)
(6, 12)
(6, 13)
(5, 13)
(4, 13)
(4, 12)
kaikki ok
Reitin pituus: 11
(12, 8)
(12, 9)
(12, 10)
(12, 11)
(12, 12)
(12, 13)
(13, 13)
(14, 13)
(15, 13)
(16, 13)
(17, 13)
(17, 14)
kaikki ok
Reitin pituus: 6
(8, 3)
(7, 3)
(6, 3)
(5, 3)
(4, 3)
(4, 4)
(4, 5)
kaikki ok
Reitin pituus: 21
(17, 5)
(16, 5)
(15, 5)
(14, 5)
(14, 6)
(14, 7)
(14, 8)
(14, 9)
(14, 10)
(14, 11)
(14, 12)
(14, 13)
(14, 14)
(14, 15)
(13, 15)
(12, 15)
(12, 16)
(12, 17)
(11, 17)
(10, 17)
(10, 18)
(10, 19)
kaikki ok
Reitin pituus: 6
(2, 3)
(3, 3)
(4, 3)
(5, 3)
(6, 3)
(7, 3)
(8, 3)
kaikki ok
Reitin pituus: 9
(1, 15)
(2, 15)
(2, 16)
(2, 17)
(1, 17)
(1, 18)
(1, 19)
(2, 19)
(3, 19)
(4, 19)
kaikki ok
Reitin pituus: 22
(11, 3)
(10, 3)
(9, 3)
(8, 3)
(7, 3)
(6, 3)
(5, 3)
(4, 3)
(4, 4)
(4, 5)
(4, 6)
(4, 7)
(4, 8)
(4, 9)
(4, 10)
(4, 11)
(4, 12)
(4, 13)
(3, 13)
(2, 13)
(1, 13)
(1, 14)
(1, 15)
kaikki ok
Reitin pituus: 13
(12, 16)
(12, 15)
(13, 15)
(14, 15)
(14, 14)
(14, 13)
(14, 12)
(14, 11)
(14, 10)
(14, 9)
(13, 9)
(12, 9)
(12, 8)
(12, 7)
kaikki ok
Reitin pituus: 10
(7, 5)
(6, 5)
(6, 4)
(6, 3)
(7, 3)
(8, 3)
(9, 3)
(10, 3)
(11, 3)
(12, 3)
(13, 3)
kaikki ok
Reitin pituus: 19
(1, 17)
(2, 17)
(3, 17)
(4, 17)
(4, 16)
(4, 15)
(4, 14)
(4, 13)
(4, 12)
(4, 11)
(4, 10)
(4, 9)
(4, 8)
(4, 7)
(4, 6)
(4, 5)
(4, 4)
(4, 3)
(5, 3)
(6, 3)
kaikki ok
Reitin pituus: 13
(17, 5)
(16, 5)
(15, 5)
(14, 5)
(14, 6)
(14, 7)
(14, 8)
(14, 9)
(14, 10)
(14, 11)
(14, 12)
(14, 13)
(14, 14)
(14, 15)
kaikki ok
Reitin pituus: 18
(6, 17)
(6, 16)
(6, 15)
(5, 15)
(4, 15)
(4, 14)
(4, 13)
(5, 13)
(6, 13)
(6, 12)
(6, 11)
(6, 10)
(6, 9)
(6, 8)
(6, 7)
(7, 7)
(8, 7)
(8, 6)
(8, 5)
kaikki ok
Reitin pituus: 26
(15, 13)
(14, 13)
(14, 12)
(14, 11)
(14, 10)
(14, 9)
(14, 8)
(14, 7)
(14, 6)
(14, 5)
(14, 4)
(14, 3)
(13, 3)
(12, 3)
(11, 3)
(10, 3)
(9, 3)
(8, 3)
(7, 3)
(6, 3)
(5, 3)
(4, 3)
(3, 3)
(2, 3)
(1, 3)
(1, 2)
(1, 1)
kaikki ok
Reitin pituus: 12
(4, 12)
(4, 11)
(4, 10)
(4, 9)
(4, 8)
(4, 7)
(4, 6)
(4, 5)
(4, 4)
(4, 3)
(4, 2)
(4, 1)
(5, 1)
kaikki ok
Reitin pituus: 14
(12, 3)
(13, 3)
(14, 3)
(14, 4)
(14, 5)
(14, 6)
(14, 7)
(14, 8)
(14, 9)
(14, 10)
(14, 11)
(14, 12)
(14, 13)
(15, 13)
(16, 13)
kaikki ok
Reitin pituus: 22
(10, 18)
(10, 17)
(11, 17)
(12, 17)
(12, 16)
(12, 15)
(13, 15)
(14, 15)
(14, 14)
(14, 13)
(14, 12)
(14, 11)
(14, 10)
(14, 9)
(14, 8)
(14, 7)
(14, 6)
(14, 5)
(14, 4)
(14, 3)
(14, 2)
(14, 1)
(15, 1)
kaikki ok
Reitin pituus: 11
(12, 15)
(11, 15)
(10, 15)
(9, 15)
(8, 15)
(8, 14)
(8, 13)
(7, 13)
(6, 13)
(6, 12)
(6, 11)
(7, 11)
kaikki ok
Reitin pituus: 14
(14, 11)
(14, 12)
(14, 13)
(14, 14)
(14, 15)
(13, 15)
(12, 15)
(12, 16)
(12, 17)
(11, 17)
(10, 17)
(10, 18)
(10, 19)
(11, 19)
(12, 19)
kaikki ok
Reitin pituus: 11
(5, 13)
(6, 13)
(7, 13)
(8, 13)
(8, 14)
(8, 15)
(9, 15)
(10, 15)
(11, 15)
(12, 15)
(13, 15)
(14, 15)
kaikki ok
Reitin pituus: 4
(14, 2)
(14, 3)
(13, 3)
(12, 3)
(11, 3)
kaikki ok
Reitin pituus: 9
(16, 13)
(15, 13)
(14, 13)
(14, 14)
(14, 15)
(13, 15)
(12, 15)
(12, 16)
(12, 17)
(11, 17)
kaikki ok
Reitin pituus: 20
(4, 5)
(4, 6)
(4, 7)
(4, 8)
(4, 9)
(5, 9)
(6, 9)
(6, 10)
(6, 11)
(6, 12)
(6, 13)
(7, 13)
(8, 13)
(8, 14)
(8, 15)
(9, 15)
(10, 15)
(11, 15)
(12, 15)
(13, 15)
(14, 15)
kaikki ok
Reitin pituus: 16
(4, 9)
(4, 10)
(4, 11)
(4, 12)
(4, 13)
(4, 14)
(4, 15)
(5, 15)
(6, 15)
(7, 15)
(8, 15)
(9, 15)
(10, 15)
(11, 15)
(12, 15)
(12, 16)
(12, 17)
kaikki ok
Reitin pituus: 27
(5, 19)
(6, 19)
(7, 19)
(8, 19)
(9, 19)
(10, 19)
(10, 18)
(10, 17)
(11, 17)
(12, 17)
(12, 16)
(12, 15)
(13, 15)
(14, 15)
(14, 14)
(14, 13)
(14, 12)
(14, 11)
(14, 10)
(14, 9)
(14, 8)
(14, 7)
(14, 6)
(14, 5)
(14, 4)
(14, 3)
(15, 3)
(16, 3)
kaikki ok
Reitin pituus: 2
(1, 5)
(1, 4)
(1, 3)
kaikki ok
Reitin pituus: 9
(11, 17)
(12, 17)
(12, 16)
(12, 15)
(11, 15)
(10, 15)
(9, 15)
(8, 15)
(8, 14)
(8, 13)
kaikki ok
Reitin pituus: 5
(2, 19)
(1, 19)
(1, 18)
(1, 17)
(2, 17)
(2, 16)
kaikki ok
Reitin pituus: 16
(1, 17)
(2, 17)
(3, 17)
(4, 17)
(4, 16)
(4, 15)
(4, 14)
(4, 13)
(5, 13)
(6, 13)
(6, 12)
(6, 11)
(6, 10)
(6, 9)
(6, 8)
(6, 7)
(7, 7)
kaikki ok
Reitin pituus: 18
(17, 15)
(17, 14)
(17, 13)
(16, 13)
(15, 13)
(14, 13)
(14, 12)
(14, 11)
(14, 10)
(14, 9)
(14, 8)
(14, 7)
(14, 6)
(14, 5)
(14, 4)
(14, 3)
(13, 3)
(12, 3)
(11, 3)
kaikki ok
Reitin pituus: 25
(6, 1)
(5, 1)
(4, 1)
(4, 2)
(4, 3)
(4, 4)
(4, 5)
(4, 6)
(4, 7)
(4, 8)
(4, 9)
(4, 10)
(4, 11)
(4, 12)
(4, 13)
(4, 14)
(4, 15)
(4, 16)
(4, 17)
(3, 17)
(2, 17)
(1, 17)
(1, 18)
(1, 19)
(2, 19)
(3, 19)
kaikki ok
Reitin pituus: 17
(10, 13)
(11, 13)
(12, 13)
(12, 12)
(12, 11)
(12, 10)
(12, 9)
(12, 8)
(12, 7)
(11, 7)
(10, 7)
(10, 6)
(10, 5)
(11, 5)
(12, 5)
(12, 4)
(12, 3)
(11, 3)
kaikki ok
Reitin pituus: 18
(12, 16)
(12, 15)
(13, 15)
(14, 15)
(14, 14)
(14, 13)
(14, 12)
(14, 11)
(14, 10)
(14, 9)
(14, 8)
(14, 7)
(14, 6)
(14, 5)
(14, 4)
(14, 3)
(14, 2)
(14, 1)
(15, 1)
kaikki ok
Reitin pituus: 19
(4, 12)
(4, 13)
(5, 13)
(6, 13)
(6, 12)
(6, 11)
(7, 11)
(8, 11)
(9, 11)
(10, 11)
(11, 11)
(12, 11)
(12, 12)
(12, 13)
(13, 13)
(14, 13)
(15, 13)
(16, 13)
(17, 13)
(17, 14)
kaikki ok
Reitin pituus: 3
(4, 5)
(4, 6)
(4, 7)
(4, 8)
kaikki ok
Reitin pituus: 8
(8, 2)
(8, 3)
(9, 3)
(10, 3)
(11, 3)
(12, 3)
(13, 3)
(14, 3)
(14, 2)
kaikki ok
Reitin pituus: 8
(12, 4)
(12, 3)
(11, 3)
(10, 3)
(9, 3)
(8, 3)
(8, 2)
(8, 1)
(7, 1)
kaikki ok
Reitin pituus: 18
(11, 15)
(12, 15)
(13, 15)
(14, 15)
(14, 14)
(14, 13)
(14, 12)
(14, 11)
(14, 10)
(14, 9)
(14, 8)
(14, 7)
(14, 6)
(14, 5)
(14, 4)
(14, 3)
(13, 3)
(12, 3)
(11, 3)
kaikki ok
Reitin pituus: 19
(13, 3)
(14, 3)
(14, 4)
(14, 5)
(14, 6)
(14, 7)
(14, 8)
(14, 9)
(14, 10)
(14, 11)
(14, 12)
(14, 13)
(14, 14)
(14, 15)
(14, 16)
(14, 17)
(15, 17)
(16, 17)
(17, 17)
(17, 18)
kaikki ok
Reitin pituus: 12
(7, 17)
(8, 17)
(8, 18)
(8, 19)
(9, 19)
(10, 19)
(11, 19)
(12, 19)
(13, 19)
(14, 19)
(15, 19)
(16, 19)
(17, 19)
kaikki ok
Reitin pituus: 11
(4, 19)
(5, 19)
(6, 19)
(7, 19)
(8, 19)
(9, 19)
(10, 19)
(11, 19)
(12, 19)
(13, 19)
(14, 19)
(15, 19)
kaikki ok
Reitin pituus: 10
(13, 3)
(12, 3)
(11, 3)
(10, 3)
(9, 3)
(8, 3)
(7, 3)
(6, 3)
(6, 4)
(6, 5)
(7, 5)
kaikki ok
Reitin pituus: 17
(4, 7)
(4, 8)
(4, 9)
(5, 9)
(6, 9)
(6, 10)
(6, 11)
(7, 11)
(8, 11)
(9, 11)
(10, 11)
(11, 11)
(12, 11)
(12, 12)
(12, 13)
(13, 13)
(14, 13)
(14, 12)
kaikki ok
Reitin pituus: 17
(8, 1)
(8, 2)
(8, 3)
(7, 3)
(6, 3)
(6, 4)
(6, 5)
(7, 5)
(8, 5)
(8, 6)
(8, 7)
(7, 7)
(6, 7)
(6, 8)
(6, 9)
(6, 10)
(6, 11)
(7, 11)
kaikki ok
Reitin pituus: 15
(15, 1)
(14, 1)
(13, 1)
(12, 1)
(11, 1)
(10, 1)
(10, 2)
(10, 3)
(9, 3)
(8, 3)
(7, 3)
(6, 3)
(5, 3)
(4, 3)
(4, 4)
(4, 5)
kaikki ok
Reitin pituus: 22
(1, 13)
(2, 13)
(3, 13)
(4, 13)
(5, 13)
(6, 13)
(7, 13)
(8, 13)
(8, 14)
(8, 15)
(9, 15)
(10, 15)
(11, 15)
(12, 15)
(13, 15)
(14, 15)
(14, 16)
(14, 17)
(15, 17)
(16, 17)
(17, 17)
(17, 18)
(17, 19)
kaikki ok
Reitin pituus: 28
(12, 4)
(12, 3)
(13, 3)
(14, 3)
(14, 4)
(14, 5)
(14, 6)
(14, 7)
(14, 8)
(14, 9)
(14, 10)
(14, 11)
(14, 12)
(14, 13)
(14, 14)
(14, 15)
(13, 15)
(12, 15)
(12, 16)
(12, 17)
(11, 17)
(10, 17)
(10, 18)
(10, 19)
(9, 19)
(8, 19)
(7, 19)
(6, 19)
(5, 19)
kaikki ok
Reitin pituus: 25
(6, 17)
(6, 16)
(6, 15)
(7, 15)
(8, 15)
(9, 15)
(10, 15)
(10, 14)
(10, 13)
(11, 13)
(12, 13)
(12, 12)
(12, 11)
(12, 10)
(12, 9)
(13, 9)
(14, 9)
(14, 8)
(14, 7)
(14, 6)
(14, 5)
(14, 4)
(14, 3)
(14, 2)
(14, 1)
(13, 1)
kaikki ok
Reitin pituus: 21
(4, 3)
(5, 3)
(6, 3)
(6, 4)
(6, 5)
(7, 5)
(8, 5)
(8, 6)
(8, 7)
(9, 7)
(10, 7)
(11, 7)
(12, 7)
(12, 8)
(12, 9)
(12, 10)
(12, 11)
(12, 12)
(12, 13)
(13, 13)
(14, 13)
(14, 14)
kaikki ok
Reitin pituus: 21
(8, 14)
(8, 13)
(7, 13)
(6, 13)
(5, 13)
(4, 13)
(4, 12)
(4, 11)
(4, 10)
(4, 9)
(4, 8)
(4, 7)
(4, 6)
(4, 5)
(4, 4)
(4, 3)
(5, 3)
(6, 3)
(7, 3)
(8, 3)
(9, 3)
(10, 3)
kaikki ok
Reitin pituus: 15
(8, 6)
(8, 7)
(7, 7)
(6, 7)
(6, 8)
(6, 9)
(6, 10)
(6, 11)
(6, 12)
(6, 13)
(5, 13)
(4, 13)
(4, 14)
(4, 15)
(4, 16)
(4, 17)
kaikki ok
Reitin pituus: 17
(17, 19)
(17, 18)
(17, 17)
(16, 17)
(15, 17)
(14, 17)
(14, 16)
(14, 15)
(14, 14)
(14, 13)
(13, 13)
(12, 13)
(12, 12)
(12, 11)
(11, 11)
(10, 11)
(9, 11)
(8, 11)
kaikki ok
Reitin pituus: 28
(1, 2)
(1, 3)
(1, 4)
(1, 5)
(2, 5)
(3, 5)
(4, 5)
(4, 6)
(4, 7)
(4, 8)
(4, 9)
(4, 10)
(4, 11)
(4, 12)
(4, 13)
(5, 13)
(6, 13)
(7, 13)
(8, 13)
(8, 14)
(8, 15)
(9, 15)
(10, 15)
(11, 15)
(12, 15)
(12, 16)
(12, 17)
(11, 17)
(10, 17)
kaikki ok
Reitin pituus: 10
(7, 3)
(6, 3)
(6, 4)
(6, 5)
(7, 5)
(8, 5)
(8, 6)
(8, 7)
(7, 7)
(6, 7)
(6, 8)
kaikki ok
Reitin pituus: 17
(14, 2)
(14, 3)
(14, 4)
(14, 5)
(14, 6)
(14, 7)
(14, 8)
(14, 9)
(14, 10)
(14, 11)
(14, 12)
(14, 13)
(14, 14)
(14, 15)
(13, 15)
(12, 15)
(11, 15)
(10, 15)
kaikki ok
Reitin pituus: 5
(10, 7)
(9, 7)
(8, 7)
(7, 7)
(6, 7)
(6, 8)
kaikki ok
Reitin pituus: 17
(17, 3)
(16, 3)
(15, 3)
(14, 3)
(13, 3)
(12, 3)
(11, 3)
(10, 3)
(9, 3)
(8, 3)
(7, 3)
(6, 3)
(5, 3)
(4, 3)
(3, 3)
(2, 3)
(1, 3)
(1, 2)
kaikki ok
Reitin pituus: 4
(14, 11)
(14, 12)
(14, 13)
(14, 14)
(14, 15)
kaikki ok
Reitin pituus: 1
(8, 7)
(8, 6)
kaikki ok
Reitin pituus: 17
(7, 15)
(8, 15)
(8, 14)
(8, 13)
(7, 13)
(6, 13)
(6, 12)
(6, 11)
(6, 10)
(6, 9)
(6, 8)
(6, 7)
(7, 7)
(8, 7)
(9, 7)
(9, 8)
(9, 9)
(8, 9)
kaikki ok
Reitin pituus: 15
(4, 7)
(4, 6)
(4, 5)
(4, 4)
(4, 3)
(5, 3)
(6, 3)
(7, 3)
(8, 3)
(9, 3)
(10, 3)
(11, 3)
(12, 3)
(13, 3)
(14, 3)
(15, 3)
kaikki ok
Reitin pituus: 20
(12, 7)
(12, 8)
(12, 9)
(12, 10)
(12, 11)
(12, 12)
(12, 13)
(11, 13)
(10, 13)
(10, 14)
(10, 15)
(9, 15)
(8, 15)
(7, 15)
(6, 15)
(6, 16)
(6, 17)
(7, 17)
(8, 17)
(8, 18)
(8, 19)
kaikki ok
Reitin pituus: 13
(4, 15)
(4, 14)
(4, 13)
(4, 12)
(4, 11)
(4, 10)
(4, 9)
(4, 8)
(4, 7)
(4, 6)
(4, 5)
(4, 4)
(4, 3)
(4, 2)
kaikki ok
Reitin pituus: 18
(14, 6)
(14, 5)
(14, 4)
(14, 3)
(13, 3)
(12, 3)
(11, 3)
(10, 3)
(9, 3)
(8, 3)
(7, 3)
(6, 3)
(5, 3)
(4, 3)
(4, 4)
(4, 5)
(4, 6)
(4, 7)
(4, 8)
kaikki ok
Reitin pituus: 23
(7, 19)
(8, 19)
(8, 18)
(8, 17)
(7, 17)
(6, 17)
(6, 16)
(6, 15)
(5, 15)
(4, 15)
(4, 14)
(4, 13)
(4, 12)
(4, 11)
(4, 10)
(4, 9)
(4, 8)
(4, 7)
(4, 6)
(4, 5)
(3, 5)
(2, 5)
(1, 5)
(1, 4)
kaikki ok
Reitin pituus: 15
(9, 8)
(9, 7)
(10, 7)
(11, 7)
(12, 7)
(12, 8)
(12, 9)
(12, 10)
(12, 11)
(12, 12)
(12, 13)
(11, 13)
(10, 13)
(10, 14)
(10, 15)
(9, 15)
kaikki ok
Reitin pituus: 6
(14, 15)
(13, 15)
(12, 15)
(12, 16)
(12, 17)
(11, 17)
(10, 17)
kaikki ok
Reitin pituus: 13
(4, 5)
(4, 6)
(4, 7)
(4, 8)
(4, 9)
(5, 9)
(6, 9)
(6, 8)
(6, 7)
(7, 7)
(8, 7)
(9, 7)
(10, 7)
(10, 6)
kaikki ok
Reitin pituus: 19
(4, 2)
(4, 3)
(5, 3)
(6, 3)
(6, 4)
(6, 5)
(7, 5)
(8, 5)
(8, 6)
(8, 7)
(9, 7)
(10, 7)
(11, 7)
(12, 7)
(12, 8)
(12, 9)
(12, 10)
(12, 11)
(12, 12)
(12, 13)
kaikki ok
Reitin pituus: 26
(13, 1)
(14, 1)
(14, 2)
(14, 3)
(14, 4)
(14, 5)
(14, 6)
(14, 7)
(14, 8)
(14, 9)
(14, 10)
(14, 11)
(14, 12)
(14, 13)
(14, 14)
(14, 15)
(13, 15)
(12, 15)
(12, 16)
(12, 17)
(11, 17)
(10, 17)
(10, 18)
(10, 19)
(9, 19)
(8, 19)
(8, 18)
kaikki ok
Reitin pituus: 13
(6, 4)
(6, 5)
(7, 5)
(8, 5)
(8, 6)
(8, 7)
(7, 7)
(6, 7)
(6, 8)
(6, 9)
(6, 10)
(6, 11)
(6, 12)
(6, 13)
kaikki ok
Reitin pituus: 2
(4, 3)
(5, 3)
(6, 3)
kaikki ok
Reitin pituus: 22
(10, 9)
(9, 9)
(9, 8)
(9, 7)
(10, 7)
(11, 7)
(12, 7)
(12, 8)
(12, 9)
(12, 10)
(12, 11)
(12, 12)
(12, 13)
(11, 13)
(10, 13)
(10, 14)
(10, 15)
(11, 15)
(12, 15)
(12, 16)
(12, 17)
(11, 17)
(10, 17)
kaikki ok
Reitin pituus: 8
(5, 19)
(6, 19)
(7, 19)
(8, 19)
(8, 18)
(8, 17)
(7, 17)
(6, 17)
(6, 16)
kaikki ok
Reitin pituus: 10
(5, 9)
(6, 9)
(6, 10)
(6, 11)
(6, 12)
(6, 13)
(7, 13)
(8, 13)
(8, 14)
(8, 15)
(9, 15)
kaikki ok
Reitin pituus: 29
(1, 14)
(1, 13)
(2, 13)
(3, 13)
(4, 13)
(4, 12)
(4, 11)
(4, 10)
(4, 9)
(4, 8)
(4, 7)
(4, 6)
(4, 5)
(4, 4)
(4, 3)
(5, 3)
(6, 3)
(7, 3)
(8, 3)
(9, 3)
(10, 3)
(11, 3)
(12, 3)
(13, 3)
(14, 3)
(15, 3)
(16, 3)
(17, 3)
(17, 2)
(17, 1)
kaikki ok
Reitin pituus: 14
(12, 9)
(12, 10)
(12, 11)
(12, 12)
(12, 13)
(11, 13)
(10, 13)
(10, 14)
(10, 15)
(11, 15)
(12, 15)
(12, 16)
(12, 17)
(11, 17)
(10, 17)
kaikki ok
Reitin pituus: 10
(13, 19)
(12, 19)
(11, 19)
(10, 19)
(9, 19)
(8, 19)
(8, 18)
(8, 17)
(7, 17)
(6, 17)
(6, 16)
kaikki ok
Reitin pituus: 27
(1, 4)
(1, 5)
(2, 5)
(3, 5)
(4, 5)
(4, 6)
(4, 7)
(4, 8)
(4, 9)
(4, 10)
(4, 11)
(4, 12)
(4, 13)
(4, 14)
(4, 15)
(5, 15)
(6, 15)
(6, 16)
(6, 17)
(7, 17)
(8, 17)
(8, 18)
(8, 19)
(9, 19)
(10, 19)
(11, 19)
(12, 19)
(13, 19)
kaikki ok
Reitin pituus: 12
(8, 18)
(8, 17)
(7, 17)
(6, 17)
(6, 16)
(6, 15)
(5, 15)
(4, 15)
(4, 16)
(4, 17)
(3, 17)
(2, 17)
(2, 16)
kaikki ok
Reitin pituus: 24
(11, 5)
(10, 5)
(10, 6)
(10, 7)
(11, 7)
(12, 7)
(12, 8)
(12, 9)
(13, 9)
(14, 9)
(14, 10)
(14, 11)
(14, 12)
(14, 13)
(14, 14)
(14, 15)
(13, 15)
(12, 15)
(12, 16)
(12, 17)
(11, 17)
(10, 17)
(10, 18)
(10, 19)
(9, 19)
kaikki ok
Reitin pituus: 27
(17, 3)
(16, 3)
(15, 3)
(14, 3)
(14, 4)
(14, 5)
(14, 6)
(14, 7)
(14, 8)
(14, 9)
(14, 10)
(14, 11)
(14, 12)
(14, 13)
(14, 14)
(14, 15)
(13, 15)
(12, 15)
(12, 16)
(12, 17)
(11, 17)
(10, 17)
(10, 18)
(10, 19)
(9, 19)
(8, 19)
(7, 19)
(6, 19)
kaikki ok
Reitin pituus: 11
(10, 15)
(9, 15)
(8, 15)
(7, 15)
(6, 15)
(5, 15)
(4, 15)
(4, 14)
(4, 13)
(3, 13)
(2, 13)
(1, 13)
kaikki ok
Reitin pituus: 17
(4, 9)
(4, 10)
(4, 11)
(4, 12)
(4, 13)
(4, 14)
(4, 15)
(5, 15)
(6, 15)
(6, 16)
(6, 17)
(7, 17)
(8, 17)
(8, 18)
(8, 19)
(7, 19)
(6, 19)
(5, 19)
kaikki ok
Reitin pituus: 5
(14, 17)
(14, 16)
(14, 15)
(14, 14)
(14, 13)
(14, 12)
kaikki ok
Reitin pituus: 8
(14, 5)
(14, 6)
(14, 7)
(14, 8)
(14, 9)
(13, 9)
(12, 9)
(12, 10)
(12, 11)
kaikki ok
Reitin pituus: 15
(1, 2)
(1, 3)
(2, 3)
(3, 3)
(4, 3)
(5, 3)
(6, 3)
(7, 3)
(8, 3)
(9, 3)
(10, 3)
(11, 3)
(12, 3)
(12, 4)
(12, 5)
(11, 5)
kaikki ok
Reitin pituus: 20
(6, 8)
(6, 9)
(5, 9)
(4, 9)
(4, 10)
(4, 11)
(4, 12)
(4, 13)
(4, 14)
(4, 15)
(5, 15)
(6, 15)
(6, 16)
(6, 17)
(7, 17)
(8, 17)
(8, 18)
(8, 19)
(9, 19)
(10, 19)
(11, 19)
kaikki ok
Reitin pituus: 6
(13, 13)
(14, 13)
(14, 14)
(14, 15)
(14, 16)
(14, 17)
(15, 17)
kaikki ok
Reitin pituus: 6
(1, 15)
(1, 14)
(1, 13)
(2, 13)
(3, 13)
(4, 13)
(5, 13)
kaikki ok
Reitin pituus: 9
(8, 5)
(8, 6)
(8, 7)
(7, 7)
(6, 7)
(6, 8)
(6, 9)
(6, 10)
(6, 11)
(7, 11)
kaikki ok
Reitin pituus: 16
(7, 7)
(6, 7)
(6, 8)
(6, 9)
(5, 9)
(4, 9)
(4, 10)
(4, 11)
(4, 12)
(4, 13)
(4, 14)
(4, 15)
(4, 16)
(4, 17)
(3, 17)
(2, 17)
(1, 17)
kaikki ok
Reitin pituus: 10
(7, 11)
(8, 11)
(9, 11)
(10, 11)
(11, 11)
(12, 11)
(12, 12)
(12, 13)
(13, 13)
(14, 13)
(14, 12)
kaikki ok
Reitin pituus: 13
(11, 1)
(10, 1)
(10, 2)
(10, 3)
(11, 3)
(12, 3)
(12, 4)
(12, 5)
(11, 5)
(10, 5)
(10, 6)
(10, 7)
(9, 7)
(9, 8)
kaikki ok
Reitin pituus: 13
(6, 8)
(6, 7)
(7, 7)
(8, 7)
(8, 6)
(8, 5)
(7, 5)
(6, 5)
(6, 4)
(6, 3)
(7, 3)
(8, 3)
(8, 2)
(8, 1)
kaikki ok
Reitin pituus: 19
(13, 9)
(12, 9)
(12, 8)
(12, 7)
(11, 7)
(10, 7)
(9, 7)
(8, 7)
(8, 6)
(8, 5)
(7, 5)
(6, 5)
(6, 4)
(6, 3)
(5, 3)
(4, 3)
(4, 2)
(4, 1)
(3, 1)
(2, 1)
kaikki ok
Reitin pituus: 4
(11, 17)
(10, 17)
(10, 18)
(10, 19)
(11, 19)
kaikki ok
Reitin pituus: 3
(6, 13)
(5, 13)
(4, 13)
(4, 12)
kaikki ok
Reitin pituus: 1
(12, 7)
(12, 8)
kaikki ok
Reitin pituus: 20
(7, 5)
(8, 5)
(8, 6)
(8, 7)
(9, 7)
(10, 7)
(11, 7)
(12, 7)
(12, 8)
(12, 9)
(12, 10)
(12, 11)
(12, 12)
(12, 13)
(11, 13)
(10, 13)
(10, 14)
(10, 15)
(11, 15)
(12, 15)
(12, 16)
kaikki ok
Reitin pituus: 16
(12, 10)
(12, 9)
(12, 8)
(12, 7)
(11, 7)
(10, 7)
(9, 7)
(8, 7)
(8, 6)
(8, 5)
(7, 5)
(6, 5)
(6, 4)
(6, 3)
(5, 3)
(4, 3)
(3, 3)
kaikki ok
Reitin pituus: 16
(1, 13)
(2, 13)
(3, 13)
(4, 13)
(4, 14)
(4, 15)
(5, 15)
(6, 15)
(6, 16)
(6, 17)
(7, 17)
(8, 17)
(8, 18)
(8, 19)
(9, 19)
(10, 19)
(10, 18)
kaikki ok
Reitin pituus: 18
(6, 13)
(6, 12)
(6, 11)
(6, 10)
(6, 9)
(6, 8)
(6, 7)
(7, 7)
(8, 7)
(8, 6)
(8, 5)
(7, 5)
(6, 5)
(6, 4)
(6, 3)
(7, 3)
(8, 3)
(8, 2)
(8, 1)
kaikki ok
Reitin pituus: 8
(10, 5)
(10, 6)
(10, 7)
(9, 7)
(8, 7)
(7, 7)
(6, 7)
(6, 8)
(6, 9)
kaikki ok
Reitin pituus: 12
(4, 16)
(4, 15)
(5, 15)
(6, 15)
(7, 15)
(8, 15)
(9, 15)
(10, 15)
(11, 15)
(12, 15)
(12, 16)
(12, 17)
(11, 17)
kaikki ok
Reitin pituus: 8
(7, 15)
(8, 15)
(8, 14)
(8, 13)
(7, 13)
(6, 13)
(6, 12)
(6, 11)
(6, 10)
kaikki ok
Reitin pituus: 17
(4, 7)
(4, 8)
(4, 9)
(5, 9)
(6, 9)
(6, 10)
(6, 11)
(6, 12)
(6, 13)
(7, 13)
(8, 13)
(8, 14)
(8, 15)
(9, 15)
(10, 15)
(11, 15)
(12, 15)
(13, 15)
kaikki ok
Reitin pituus: 16
(10, 17)
(11, 17)
(12, 17)
(12, 16)
(12, 15)
(11, 15)
(10, 15)
(9, 15)
(8, 15)
(8, 14)
(8, 13)
(7, 13)
(6, 13)
(6, 12)
(6, 11)
(6, 10)
(6, 9)
kaikki ok
Reitin pituus: 15
(12, 13)
(13, 13)
(14, 13)
(14, 12)
(14, 11)
(14, 10)
(14, 9)
(14, 8)
(14, 7)
(14, 6)
(14, 5)
(14, 4)
(14, 3)
(13, 3)
(12, 3)
(11, 3)
kaikki ok
Reitin pituus: 7
(4, 11)
(4, 10)
(4, 9)
(4, 8)
(4, 7)
(4, 6)
(4, 5)
(4, 4)
kaikki ok
Reitin pituus: 16
(16, 19)
(15, 19)
(14, 19)
(13, 19)
(12, 19)
(11, 19)
(10, 19)
(9, 19)
(8, 19)
(8, 18)
(8, 17)
(7, 17)
(6, 17)
(6, 16)
(6, 15)
(5, 15)
(4, 15)
kaikki ok
Reitin pituus: 26
(15, 1)
(14, 1)
(14, 2)
(14, 3)
(14, 4)
(14, 5)
(14, 6)
(14, 7)
(14, 8)
(14, 9)
(14, 10)
(14, 11)
(14, 12)
(14, 13)
(14, 14)
(14, 15)
(13, 15)
(12, 15)
(12, 16)
(12, 17)
(11, 17)
(10, 17)
(10, 18)
(10, 19)
(9, 19)
(8, 19)
(7, 19)
kaikki ok
Reitin pituus: 20
(8, 2)
(8, 3)
(7, 3)
(6, 3)
(5, 3)
(4, 3)
(4, 4)
(4, 5)
(4, 6)
(4, 7)
(4, 8)
(4, 9)
(4, 10)
(4, 11)
(4, 12)
(4, 13)
(4, 14)
(4, 15)
(4, 16)
(4, 17)
(3, 17)
kaikki ok
Reitin pituus: 10
(14, 6)
(14, 7)
(14, 8)
(14, 9)
(14, 10)
(14, 11)
(14, 12)
(14, 13)
(15, 13)
(16, 13)
(17, 13)
kaikki ok
Reitin pituus: 21
(17, 18)
(17, 17)
(16, 17)
(15, 17)
(14, 17)
(14, 16)
(14, 15)
(14, 14)
(14, 13)
(13, 13)
(12, 13)
(12, 12)
(12, 11)
(12, 10)
(12, 9)
(12, 8)
(12, 7)
(11, 7)
(10, 7)
(9, 7)
(8, 7)
(7, 7)
kaikki ok
Reitin pituus: 16
(6, 1)
(5, 1)
(4, 1)
(4, 2)
(4, 3)
(4, 4)
(4, 5)
(4, 6)
(4, 7)
(4, 8)
(4, 9)
(5, 9)
(6, 9)
(6, 10)
(6, 11)
(7, 11)
(8, 11)
kaikki ok
Reitin pituus: 16
(7, 1)
(6, 1)
(5, 1)
(4, 1)
(4, 2)
(4, 3)
(4, 4)
(4, 5)
(4, 6)
(4, 7)
(4, 8)
(4, 9)
(4, 10)
(4, 11)
(4, 12)
(4, 13)
(4, 14)
kaikki ok
Reitin pituus: 10
(12, 10)
(12, 9)
(13, 9)
(14, 9)
(14, 8)
(14, 7)
(14, 6)
(14, 5)
(15, 5)
(16, 5)
(17, 5)
kaikki ok
Reitin pituus: 16
(1, 3)
(2, 3)
(3, 3)
(4, 3)
(5, 3)
(6, 3)
(7, 3)
(8, 3)
(9, 3)
(10, 3)
(11, 3)
(12, 3)
(13, 3)
(14, 3)
(14, 4)
(14, 5)
(15, 5)
kaikki ok
Reitin pituus: 15
(4, 19)
(5, 19)
(6, 19)
(7, 19)
(8, 19)
(9, 19)
(10, 19)
(10, 18)
(10, 17)
(11, 17)
(12, 17)
(12, 16)
(12, 15)
(13, 15)
(14, 15)
(14, 16)
kaikki ok
Reitin pituus: 20
(17, 15)
(16, 15)
(16, 16)
(16, 17)
(17, 17)
(17, 18)
(17, 19)
(16, 19)
(15, 19)
(14, 19)
(13, 19)
(12, 19)
(11, 19)
(10, 19)
(9, 19)
(8, 19)
(7, 19)
(6, 19)
(5, 19)
(4, 19)
(3, 19)
kaikki ok
Reitin pituus: 1
(14, 13)
(13, 13)
kaikki ok
Reitin pituus: 3
(14, 4)
(14, 3)
(15, 3)
(16, 3)
kaikki ok
Reitin pituus: 2
(3, 17)
(2, 17)
(1, 17)
kaikki ok
Reitin pituus: 27
(8, 17)
(7, 17)
(6, 17)
(6, 16)
(6, 15)
(7, 15)
(8, 15)
(9, 15)
(10, 15)
(10, 14)
(10, 13)
(11, 13)
(12, 13)
(12, 12)
(12, 11)
(12, 10)
(12, 9)
(13, 9)
(14, 9)
(14, 8)
(14, 7)
(14, 6)
(14, 5)
(14, 4)
(14, 3)
(14, 2)
(14, 1)
(15, 1)
kaikki ok
Reitin pituus: 16
(14, 13)
(14, 12)
(14, 11)
(14, 10)
(14, 9)
(14, 8)
(14, 7)
(14, 6)
(14, 5)
(14, 4)
(14, 3)
(14, 2)
(14, 1)
(13, 1)
(12, 1)
(11, 1)
(10, 1)
kaikki ok
Reitin pituus: 28
(16, 19)
(17, 19)
(17, 18)
(17, 17)
(16, 17)
(15, 17)
(14, 17)
(14, 16)
(14, 15)
(14, 14)
(14, 13)
(14, 12)
(14, 11)
(14, 10)
(14, 9)
(14, 8)
(14, 7)
(14, 6)
(14, 5)
(14, 4)
(14, 3)
(13, 3)
(12, 3)
(11, 3)
(10, 3)
(9, 3)
(8, 3)
(8, 2)
(8, 1)
kaikki ok
Reitin pituus: 18
(8, 6)
(8, 7)
(7, 7)
(6, 7)
(6, 8)
(6, 9)
(6, 10)
(6, 11)
(6, 12)
(6, 13)
(5, 13)
(4, 13)
(4, 14)
(4, 15)
(4, 16)
(4, 17)
(3, 17)
(2, 17)
(1, 17)
kaikki ok
Reitin pituus: 16
(4, 16)
(4, 15)
(5, 15)
(6, 15)
(7, 15)
(8, 15)
(9, 15)
(10, 15)
(10, 14)
(10, 13)
(11, 13)
(12, 13)
(12, 12)
(12, 11)
(12, 10)
(12, 9)
(13, 9)
kaikki ok
Reitin pituus: 15
(12, 10)
(12, 9)
(13, 9)
(14, 9)
(14, 8)
(14, 7)
(14, 6)
(14, 5)
(14, 4)
(14, 3)
(13, 3)
(12, 3)
(11, 3)
(10, 3)
(9, 3)
(8, 3)
kaikki ok
Reitin pituus: 10
(1, 13)
(2, 13)
(3, 13)
(4, 13)
(4, 12)
(4, 11)
(4, 10)
(4, 9)
(4, 8)
(4, 7)
(4, 6)
kaikki ok
Reitin pituus: 9
(2, 17)
(1, 17)
(1, 18)
(1, 19)
(2, 19)
(3, 19)
(4, 19)
(5, 19)
(6, 19)
(7, 19)
kaikki ok
Reitin pituus: 21
(10, 14)
(10, 15)
(9, 15)
(8, 15)
(7, 15)
(6, 15)
(5, 15)
(4, 15)
(4, 14)
(4, 13)
(4, 12)
(4, 11)
(4, 10)
(4, 9)
(4, 8)
(4, 7)
(4, 6)
(4, 5)
(3, 5)
(2, 5)
(1, 5)
(1, 4)
kaikki ok
Reitin pituus: 3
(11, 13)
(12, 13)
(13, 13)
(14, 13)
kaikki ok
Reitin pituus: 8
(10, 6)
(10, 7)
(11, 7)
(12, 7)
(12, 8)
(12, 9)
(13, 9)
(14, 9)
(14, 8)
kaikki ok
Reitin pituus: 13
(11, 19)
(10, 19)
(10, 18)
(10, 17)
(11, 17)
(12, 17)
(12, 16)
(12, 15)
(13, 15)
(14, 15)
(14, 14)
(14, 13)
(13, 13)
(12, 13)
kaikki ok
Reitin pituus: 11
(17, 4)
(17, 5)
(16, 5)
(15, 5)
(14, 5)
(14, 6)
(14, 7)
(14, 8)
(14, 9)
(14, 10)
(14, 11)
(14, 12)
kaikki ok
Reitin pituus: 3
(13, 9)
(14, 9)
(14, 8)
(14, 7)
kaikki ok
Reitin pituus: 14
(14, 16)
(14, 15)
(13, 15)
(12, 15)
(11, 15)
(10, 15)
(9, 15)
(8, 15)
(7, 15)
(6, 15)
(5, 15)
(4, 15)
(4, 14)
(4, 13)
(4, 12)
kaikki ok
Reitin pituus: 9
(8, 15)
(9, 15)
(10, 15)
(11, 15)
(12, 15)
(13, 15)
(14, 15)
(14, 14)
(14, 13)
(15, 13)
kaikki ok
Reitin pituus: 12
(12, 1)
(13, 1)
(14, 1)
(14, 2)
(14, 3)
(14, 4)
(14, 5)
(14, 6)
(14, 7)
(14, 8)
(14, 9)
(13, 9)
(12, 9)
kaikki ok
Reitin pituus: 10
(12, 16)
(12, 15)
(11, 15)
(10, 15)
(9, 15)
(8, 15)
(8, 14)
(8, 13)
(7, 13)
(6, 13)
(5, 13)
kaikki ok
Reitin pituus: 25
(11, 1)
(10, 1)
(10, 2)
(10, 3)
(9, 3)
(8, 3)
(7, 3)
(6, 3)
(5, 3)
(4, 3)
(4, 4)
(4, 5)
(4, 6)
(4, 7)
(4, 8)
(4, 9)
(4, 10)
(4, 11)
(4, 12)
(4, 13)
(3, 13)
(2, 13)
(1, 13)
(1, 14)
(1, 15)
(2, 15)
kaikki ok
Reitin pituus: 13
(6, 8)
(6, 9)
(5, 9)
(4, 9)
(4, 8)
(4, 7)
(4, 6)
(4, 5)
(4, 4)
(4, 3)
(3, 3)
(2, 3)
(1, 3)
(1, 2)
kaikki ok
Reitin pituus: 13
(11, 1)
(12, 1)
(13, 1)
(14, 1)
(14, 2)
(14, 3)
(14, 4)
(14, 5)
(14, 6)
(14, 7)
(14, 8)
(14, 9)
(13, 9)
(12, 9)
kaikki ok
Reitin pituus: 11
(4, 9)
(4, 10)
(4, 11)
(4, 12)
(4, 13)
(4, 14)
(4, 15)
(5, 15)
(6, 15)
(7, 15)
(8, 15)
(9, 15)
kaikki ok
Reitin pituus: 7
(4, 11)
(4, 12)
(4, 13)
(4, 14)
(4, 15)
(5, 15)
(6, 15)
(7, 15)
kaikki ok
Reitin pituus: 12
(7, 5)
(6, 5)
(6, 4)
(6, 3)
(7, 3)
(8, 3)
(9, 3)
(10, 3)
(11, 3)
(12, 3)
(13, 3)
(14, 3)
(14, 2)
kaikki ok
Reitin pituus: 25
(2, 17)
(3, 17)
(4, 17)
(4, 16)
(4, 15)
(4, 14)
(4, 13)
(4, 12)
(4, 11)
(4, 10)
(4, 9)
(4, 8)
(4, 7)
(4, 6)
(4, 5)
(4, 4)
(4, 3)
(5, 3)
(6, 3)
(7, 3)
(8, 3)
(9, 3)
(10, 3)
(10, 2)
(10, 1)
(11, 1)
kaikki ok
Reitin pituus: 5
(8, 11)
(9, 11)
(10, 11)
(11, 11)
(12, 11)
(12, 10)
kaikki ok
Reitin pituus: 28
(7, 19)
(8, 19)
(9, 19)
(10, 19)
(10, 18)
(10, 17)
(11, 17)
(12, 17)
(12, 16)
(12, 15)
(13, 15)
(14, 15)
(14, 14)
(14, 13)
(14, 12)
(14, 11)
(14, 10)
(14, 9)
(14, 8)
(14, 7)
(14, 6)
(14, 5)
(14, 4)
(14, 3)
(14, 2)
(14, 1)
(13, 1)
(12, 1)
(11, 1)
kaikki ok
Reitin pituus: 4
(9, 7)
(10, 7)
(11, 7)
(12, 7)
(12, 8)
kaikki ok
Reitin pituus: 9
(16, 5)
(15, 5)
(14, 5)
(14, 6)
(14, 7)
(14, 8)
(14, 9)
(13, 9)
(12, 9)
(12, 8)
kaikki ok
Reitin pituus: 12
(4, 3)
(5, 3)
(6, 3)
(6, 4)
(6, 5)
(7, 5)
(8, 5)
(8, 6)
(8, 7)
(9, 7)
(10, 7)
(10, 6)
(10, 5)
kaikki ok
Reitin pituus: 11
(16, 1)
(15, 1)
(14, 1)
(13, 1)
(12, 1)
(11, 1)
(10, 1)
(10, 2)
(10, 3)
(9, 3)
(8, 3)
(7, 3)
kaikki ok
Reitin pituus: 19
(2, 19)
(1, 19)
(1, 18)
(1, 17)
(2, 17)
(3, 17)
(4, 17)
(4, 16)
(4, 15)
(5, 15)
(6, 15)
(7, 15)
(8, 15)
(9, 15)
(10, 15)
(10, 14)
(10, 13)
(11, 13)
(12, 13)
(13, 13)
kaikki ok
Reitin pituus: 9
(3, 19)
(4, 19)
(5, 19)
(6, 19)
(7, 19)
(8, 19)
(9, 19)
(10, 19)
(11, 19)
(12, 19)
kaikki ok
Reitin pituus: 26
(17, 19)
(17, 18)
(17, 17)
(16, 17)
(15, 17)
(14, 17)
(14, 16)
(14, 15)
(13, 15)
(12, 15)
(11, 15)
(10, 15)
(9, 15)
(8, 15)
(8, 14)
(8, 13)
(7, 13)
(6, 13)
(6, 12)
(6, 11)
(6, 10)
(6, 9)
(5, 9)
(4, 9)
(4, 8)
(4, 7)
(4, 6)
kaikki ok
Reitin pituus: 15
(5, 1)
(4, 1)
(4, 2)
(4, 3)
(4, 4)
(4, 5)
(4, 6)
(4, 7)
(4, 8)
(4, 9)
(5, 9)
(6, 9)
(6, 10)
(6, 11)
(7, 11)
(8, 11)
kaikki ok
Reitin pituus: 13
(5, 9)
(6, 9)
(6, 10)
(6, 11)
(6, 12)
(6, 13)
(7, 13)
(8, 13)
(8, 14)
(8, 15)
(9, 15)
(10, 15)
(11, 15)
(12, 15)
kaikki ok
Reitin pituus: 12
(3, 13)
(4, 13)
(4, 12)
(4, 11)
(4, 10)
(4, 9)
(4, 8)
(4, 7)
(4, 6)
(4, 5)
(4, 4)
(4, 3)
(4, 2)
kaikki ok
Reitin pituus: 11
(7, 1)
(8, 1)
(8, 2)
(8, 3)
(9, 3)
(10, 3)
(11, 3)
(12, 3)
(12, 4)
(12, 5)
(11, 5)
(10, 5)
kaikki ok
Reitin pituus: 10
(11, 11)
(12, 11)
(12, 10)
(12, 9)
(12, 8)
(12, 7)
(11, 7)
(10, 7)
(9, 7)
(9, 8)
(9, 9)
kaikki ok
Reitin pituus: 5
(11, 13)
(12, 13)
(12, 12)
(12, 11)
(11, 11)
(10, 11)
kaikki ok
Reitin pituus: 10
(12, 7)
(11, 7)
(10, 7)
(9, 7)
(8, 7)
(7, 7)
(6, 7)
(6, 8)
(6, 9)
(5, 9)
(4, 9)
kaikki ok
Reitin pituus: 27
(3, 19)
(4, 19)
(5, 19)
(6, 19)
(7, 19)
(8, 19)
(9, 19)
(10, 19)
(10, 18)
(10, 17)
(11, 17)
(12, 17)
(12, 16)
(12, 15)
(13, 15)
(14, 15)
(14, 14)
(14, 13)
(14, 12)
(14, 11)
(14, 10)
(14, 9)
(14, 8)
(14, 7)
(14, 6)
(14, 5)
(15, 5)
(16, 5)
kaikki ok
Reitin pituus: 11
(2, 16)
(2, 17)
(3, 17)
(4, 17)
(4, 16)
(4, 15)
(5, 15)
(6, 15)
(6, 16)
(6, 17)
(7, 17)
(8, 17)
kaikki ok
Reitin pituus: 14
(3, 13)
(4, 13)
(4, 14)
(4, 15)
(5, 15)
(6, 15)
(6, 16)
(6, 17)
(7, 17)
(8, 17)
(8, 18)
(8, 19)
(9, 19)
(10, 19)
(11, 19)
kaikki ok
Reitin pituus: 5
(6, 15)
(7, 15)
(8, 15)
(9, 15)
(10, 15)
(10, 14)
kaikki ok
Reitin pituus: 18
(15, 1)
(14, 1)
(14, 2)
(14, 3)
(14, 4)
(14, 5)
(14, 6)
(14, 7)
(14, 8)
(14, 9)
(13, 9)
(12, 9)
(12, 10)
(12, 11)
(11, 11)
(10, 11)
(9, 11)
(8, 11)
(7, 11)
kaikki ok
Reitin pituus: 7
(11, 7)
(10, 7)
(9, 7)
(8, 7)
(8, 6)
(8, 5)
(7, 5)
(6, 5)
kaikki ok
Reitin pituus: 17
(12, 9)
(12, 8)
(12, 7)
(11, 7)
(10, 7)
(9, 7)
(8, 7)
(8, 6)
(8, 5)
(7, 5)
(6, 5)
(6, 4)
(6, 3)
(5, 3)
(4, 3)
(4, 4)
(4, 5)
(3, 5)
kaikki ok
Reitin pituus: 8
(10, 6)
(10, 7)
(9, 7)
(8, 7)
(7, 7)
(6, 7)
(6, 8)
(6, 9)
(6, 10)
kaikki ok
Reitin pituus: 15
(12, 1)
(13, 1)
(14, 1)
(14, 2)
(14, 3)
(14, 4)
(14, 5)
(14, 6)
(14, 7)
(14, 8)
(14, 9)
(13, 9)
(12, 9)
(12, 10)
(12, 11)
(11, 11)
kaikki ok
Reitin pituus: 2
(2, 1)
(3, 1)
(4, 1)
kaikki ok
Reitin pituus: 10
(2, 3)
(3, 3)
(4, 3)
(5, 3)
(6, 3)
(7, 3)
(8, 3)
(9, 3)
(10, 3)
(10, 2)
(10, 1)
kaikki ok
Reitin pituus: 5
(5, 13)
(4, 13)
(3, 13)
(2, 13)
(1, 13)
(1, 14)
kaikki ok
Reitin pituus: 5
(12, 12)
(12, 13)
(13, 13)
(14, 13)
(15, 13)
(16, 13)
kaikki ok
Reitin pituus: 13
(14, 7)
(14, 8)
(14, 9)
(13, 9)
(12, 9)
(12, 8)
(12, 7)
(11, 7)
(10, 7)
(9, 7)
(8, 7)
(8, 6)
(8, 5)
(7, 5)
kaikki ok
Reitin pituus: 12
(11, 11)
(12, 11)
(12, 12)
(12, 13)
(11, 13)
(10, 13)
(10, 14)
(10, 15)
(11, 15)
(12, 15)
(12, 16)
(12, 17)
(11, 17)
kaikki ok
Reitin pituus: 19
(2, 3)
(3, 3)
(4, 3)
(4, 4)
(4, 5)
(4, 6)
(4, 7)
(4, 8)
(4, 9)
(4, 10)
(4, 11)
(4, 12)
(4, 13)
(4, 14)
(4, 15)
(4, 16)
(4, 17)
(3, 17)
(2, 17)
(1, 17)
kaikki ok
Reitin pituus: 21
(6, 15)
(7, 15)
(8, 15)
(9, 15)
(10, 15)
(10, 14)
(10, 13)
(11, 13)
(12, 13)
(12, 12)
(12, 11)
(12, 10)
(12, 9)
(13, 9)
(14, 9)
(14, 8)
(14, 7)
(14, 6)
(14, 5)
(14, 4)
(14, 3)
(13, 3)
kaikki ok
Reitin pituus: 3
(10, 3)
(11, 3)
(12, 3)
(13, 3)
kaikki ok
Reitin pituus: 5
(14, 4)
(14, 3)
(13, 3)
(12, 3)
(12, 4)
(12, 5)
kaikki ok
Reitin pituus: 9
(10, 9)
(9, 9)
(9, 8)
(9, 7)
(10, 7)
(11, 7)
(12, 7)
(12, 8)
(12, 9)
(13, 9)
kaikki ok
Reitin pituus: 20
(16, 13)
(15, 13)
(14, 13)
(14, 14)
(14, 15)
(13, 15)
(12, 15)
(11, 15)
(10, 15)
(9, 15)
(8, 15)
(7, 15)
(6, 15)
(5, 15)
(4, 15)
(4, 16)
(4, 17)
(3, 17)
(2, 17)
(2, 16)
(2, 15)
kaikki ok
Reitin pituus: 19
(17, 19)
(17, 18)
(17, 17)
(16, 17)
(15, 17)
(14, 17)
(14, 16)
(14, 15)
(13, 15)
(12, 15)
(11, 15)
(10, 15)
(9, 15)
(8, 15)
(8, 14)
(8, 13)
(7, 13)
(6, 13)
(6, 12)
(6, 11)
kaikki ok
Reitin pituus: 12
(8, 3)
(7, 3)
(6, 3)
(6, 4)
(6, 5)
(7, 5)
(8, 5)
(8, 6)
(8, 7)
(9, 7)
(9, 8)
(9, 9)
(8, 9)
kaikki ok
Reitin pituus: 6
(15, 13)
(14, 13)
(14, 12)
(14, 11)
(14, 10)
(14, 9)
(14, 8)
kaikki ok
Reitin pituus: 18
(7, 7)
(8, 7)
(9, 7)
(10, 7)
(11, 7)
(12, 7)
(12, 8)
(12, 9)
(12, 10)
(12, 11)
(12, 12)
(12, 13)
(13, 13)
(14, 13)
(15, 13)
(16, 13)
(17, 13)
(17, 14)
(17, 15)
kaikki ok
Reitin pituus: 14
(11, 13)
(12, 13)
(12, 12)
(12, 11)
(11, 11)
(10, 11)
(9, 11)
(8, 11)
(7, 11)
(6, 11)
(6, 10)
(6, 9)
(5, 9)
(4, 9)
(4, 8)
kaikki ok
Reitin pituus: 17
(12, 13)
(11, 13)
(10, 13)
(10, 14)
(10, 15)
(9, 15)
(8, 15)
(7, 15)
(6, 15)
(6, 16)
(6, 17)
(7, 17)
(8, 17)
(8, 18)
(8, 19)
(7, 19)
(6, 19)
(5, 19)
kaikki ok
Reitin pituus: 19
(7, 15)
(8, 15)
(9, 15)
(10, 15)
(11, 15)
(12, 15)
(13, 15)
(14, 15)
(14, 14)
(14, 13)
(14, 12)
(14, 11)
(14, 10)
(14, 9)
(14, 8)
(14, 7)
(14, 6)
(14, 5)
(15, 5)
(16, 5)
kaikki ok
Reitin pituus: 19
(10, 13)
(11, 13)
(12, 13)
(12, 12)
(12, 11)
(12, 10)
(12, 9)
(12, 8)
(12, 7)
(11, 7)
(10, 7)
(9, 7)
(8, 7)
(8, 6)
(8, 5)
(7, 5)
(6, 5)
(6, 4)
(6, 3)
(5, 3)
kaikki ok
Reitin pituus: 15
(14, 19)
(15, 19)
(16, 19)
(17, 19)
(17, 18)
(17, 17)
(16, 17)
(15, 17)
(14, 17)
(14, 16)
(14, 15)
(14, 14)
(14, 13)
(14, 12)
(14, 11)
(14, 10)
kaikki ok
Reitin pituus: 17
(12, 12)
(12, 11)
(12, 10)
(12, 9)
(12, 8)
(12, 7)
(11, 7)
(10, 7)
(9, 7)
(8, 7)
(8, 6)
(8, 5)
(7, 5)
(6, 5)
(6, 4)
(6, 3)
(7, 3)
(8, 3)
kaikki ok
Reitin pituus: 5
(16, 15)
(17, 15)
(17, 14)
(17, 13)
(16, 13)
(15, 13)
kaikki ok
Reitin pituus: 9
(14, 5)
(14, 6)
(14, 7)
(14, 8)
(14, 9)
(13, 9)
(12, 9)
(12, 8)
(12, 7)
(11, 7)
kaikki ok
Reitin pituus: 6
(11, 5)
(12, 5)
(12, 4)
(12, 3)
(13, 3)
(14, 3)
(14, 4)
kaikki ok
Reitin pituus: 13
(10, 17)
(10, 18)
(10, 19)
(9, 19)
(8, 19)
(7, 19)
(6, 19)
(5, 19)
(4, 19)
(3, 19)
(2, 19)
(1, 19)
(1, 18)
(1, 17)
kaikki ok
Reitin pituus: 26
(13, 1)
(14, 1)
(14, 2)
(14, 3)
(14, 4)
(14, 5)
(14, 6)
(14, 7)
(14, 8)
(14, 9)
(14, 10)
(14, 11)
(14, 12)
(14, 13)
(14, 14)
(14, 15)
(14, 16)
(14, 17)
(15, 17)
(16, 17)
(17, 17)
(17, 18)
(17, 19)
(16, 19)
(15, 19)
(14, 19)
(13, 19)
kaikki ok
Reitin pituus: 11
(4, 8)
(4, 7)
(4, 6)
(4, 5)
(4, 4)
(4, 3)
(5, 3)
(6, 3)
(7, 3)
(8, 3)
(8, 2)
(8, 1)
kaikki ok
Reitin pituus: 4
(17, 19)
(17, 18)
(17, 17)
(16, 17)
(16, 16)
kaikki ok
Reitin pituus: 22
(12, 15)
(11, 15)
(10, 15)
(9, 15)
(8, 15)
(8, 14)
(8, 13)
(7, 13)
(6, 13)
(6, 12)
(6, 11)
(6, 10)
(6, 9)
(6, 8)
(6, 7)
(7, 7)
(8, 7)
(8, 6)
(8, 5)
(7, 5)
(6, 5)
(6, 4)
(6, 3)
kaikki ok
Reitin pituus: 6
(12, 5)
(11, 5)
(10, 5)
(10, 6)
(10, 7)
(9, 7)
(9, 8)
kaikki ok
Reitin pituus: 18
(4, 13)
(4, 14)
(4, 15)
(5, 15)
(6, 15)
(7, 15)
(8, 15)
(9, 15)
(10, 15)
(11, 15)
(12, 15)
(13, 15)
(14, 15)
(14, 16)
(14, 17)
(15, 17)
(16, 17)
(17, 17)
(17, 18)
kaikki ok
Reitin pituus: 8
(8, 2)
(8, 3)
(9, 3)
(10, 3)
(11, 3)
(12, 3)
(13, 3)
(14, 3)
(15, 3)
kaikki ok
Reitin pituus: 6
(4, 16)
(4, 15)
(4, 14)
(4, 13)
(5, 13)
(6, 13)
(6, 12)
kaikki ok
Reitin pituus: 25
(13, 19)
(12, 19)
(11, 19)
(10, 19)
(10, 18)
(10, 17)
(11, 17)
(12, 17)
(12, 16)
(12, 15)
(13, 15)
(14, 15)
(14, 14)
(14, 13)
(14, 12)
(14, 11)
(14, 10)
(14, 9)
(13, 9)
(12, 9)
(12, 8)
(12, 7)
(11, 7)
(10, 7)
(9, 7)
(9, 8)
kaikki ok
Reitin pituus: 20
(14, 10)
(14, 9)
(13, 9)
(12, 9)
(12, 10)
(12, 11)
(11, 11)
(10, 11)
(9, 11)
(8, 11)
(7, 11)
(6, 11)
(6, 12)
(6, 13)
(5, 13)
(4, 13)
(3, 13)
(2, 13)
(1, 13)
(1, 14)
(1, 15)
kaikki ok
Reitin pituus: 26
(7, 19)
(8, 19)
(9, 19)
(10, 19)
(10, 18)
(10, 17)
(11, 17)
(12, 17)
(12, 16)
(12, 15)
(13, 15)
(14, 15)
(14, 14)
(14, 13)
(14, 12)
(14, 11)
(14, 10)
(14, 9)
(14, 8)
(14, 7)
(14, 6)
(14, 5)
(14, 4)
(14, 3)
(14, 2)
(14, 1)
(15, 1)
kaikki ok
Reitin pituus: 21
(1, 13)
(2, 13)
(3, 13)
(4, 13)
(4, 12)
(4, 11)
(4, 10)
(4, 9)
(4, 8)
(4, 7)
(4, 6)
(4, 5)
(4, 4)
(4, 3)
(5, 3)
(6, 3)
(7, 3)
(8, 3)
(9, 3)
(10, 3)
(10, 2)
(10, 1)
kaikki ok
Reitin pituus: 8
(4, 6)
(4, 5)
(4, 4)
(4, 3)
(5, 3)
(6, 3)
(7, 3)
(8, 3)
(9, 3)
kaikki ok
Reitin pituus: 14
(4, 7)
(4, 8)
(4, 9)
(5, 9)
(6, 9)
(6, 10)
(6, 11)
(6, 12)
(6, 13)
(7, 13)
(8, 13)
(8, 14)
(8, 15)
(9, 15)
(10, 15)
kaikki ok
Reitin pituus: 20
(6, 3)
(5, 3)
(4, 3)
(4, 4)
(4, 5)
(4, 6)
(4, 7)
(4, 8)
(4, 9)
(4, 10)
(4, 11)
(4, 12)
(4, 13)
(4, 14)
(4, 15)
(4, 16)
(4, 17)
(3, 17)
(2, 17)
(1, 17)
(1, 18)
kaikki ok
Reitin pituus: 4
(8, 7)
(9, 7)
(10, 7)
(11, 7)
(12, 7)
kaikki ok
Reitin pituus: 14
(10, 7)
(11, 7)
(12, 7)
(12, 8)
(12, 9)
(13, 9)
(14, 9)
(14, 10)
(14, 11)
(14, 12)
(14, 13)
(15, 13)
(16, 13)
(17, 13)
(17, 14)
kaikki ok
Reitin pituus: 17
(2, 17)
(3, 17)
(4, 17)
(4, 16)
(4, 15)
(4, 14)
(4, 13)
(4, 12)
(4, 11)
(4, 10)
(4, 9)
(4, 8)
(4, 7)
(4, 6)
(4, 5)
(4, 4)
(4, 3)
(5, 3)
kaikki ok
Reitin pituus: 13
(2, 16)
(2, 17)
(1, 17)
(1, 18)
(1, 19)
(2, 19)
(3, 19)
(4, 19)
(5, 19)
(6, 19)
(7, 19)
(8, 19)
(9, 19)
(10, 19)
kaikki ok
Reitin pituus: 13
(7, 7)
(6, 7)
(6, 8)
(6, 9)
(5, 9)
(4, 9)
(4, 8)
(4, 7)
(4, 6)
(4, 5)
(3, 5)
(2, 5)
(1, 5)
(1, 4)
kaikki ok
Reitin pituus: 20
(2, 16)
(2, 17)
(3, 17)
(4, 17)
(4, 16)
(4, 15)
(4, 14)
(4, 13)
(5, 13)
(6, 13)
(6, 12)
(6, 11)
(6, 10)
(6, 9)
(6, 8)
(6, 7)
(7, 7)
(8, 7)
(9, 7)
(10, 7)
(11, 7)
kaikki ok
Reitin pituus: 16
(4, 1)
(4, 2)
(4, 3)
(5, 3)
(6, 3)
(7, 3)
(8, 3)
(9, 3)
(10, 3)
(11, 3)
(12, 3)
(13, 3)
(14, 3)
(14, 4)
(14, 5)
(15, 5)
(16, 5)
kaikki ok
Reitin pituus: 11
(6, 17)
(6, 16)
(6, 15)
(5, 15)
(4, 15)
(4, 14)
(4, 13)
(5, 13)
(6, 13)
(6, 12)
(6, 11)
(7, 11)
kaikki ok
Reitin pituus: 25
(7, 1)
(8, 1)
(8, 2)
(8, 3)
(9, 3)
(10, 3)
(11, 3)
(12, 3)
(13, 3)
(14, 3)
(14, 4)
(14, 5)
(14, 6)
(14, 7)
(14, 8)
(14, 9)
(14, 10)
(14, 11)
(14, 12)
(14, 13)
(15, 13)
(16, 13)
(17, 13)
(17, 14)
(17, 15)
(16, 15)
kaikki ok
Reitin pituus: 21
(10, 7)
(9, 7)
(8, 7)
(7, 7)
(6, 7)
(6, 8)
(6, 9)
(5, 9)
(4, 9)
(4, 10)
(4, 11)
(4, 12)
(4, 13)
(4, 14)
(4, 15)
(5, 15)
(6, 15)
(6, 16)
(6, 17)
(7, 17)
(8, 17)
(8, 18)
kaikki ok
Reitin pituus: 12
(6, 10)
(6, 11)
(7, 11)
(8, 11)
(9, 11)
(10, 11)
(11, 11)
(12, 11)
(12, 10)
(12, 9)
(13, 9)
(14, 9)
(14, 10)
kaikki ok
Reitin pituus: 9
(16, 17)
(15, 17)
(14, 17)
(14, 16)
(14, 15)
(13, 15)
(12, 15)
(11, 15)
(10, 15)
(10, 14)
kaikki ok
Reitin pituus: 24
(16, 15)
(17, 15)
(17, 14)
(17, 13)
(16, 13)
(15, 13)
(14, 13)
(13, 13)
(12, 13)
(12, 12)
(12, 11)
(11, 11)
(10, 11)
(9, 11)
(8, 11)
(7, 11)
(6, 11)
(6, 10)
(6, 9)
(5, 9)
(4, 9)
(4, 8)
(4, 7)
(4, 6)
(4, 5)
kaikki ok
Reitin pituus: 9
(11, 17)
(12, 17)
(12, 16)
(12, 15)
(11, 15)
(10, 15)
(9, 15)
(8, 15)
(8, 14)
(8, 13)
kaikki ok
Reitin pituus: 9
(9, 3)
(8, 3)
(7, 3)
(6, 3)
(6, 4)
(6, 5)
(7, 5)
(8, 5)
(8, 6)
(8, 7)
kaikki ok
Reitin pituus: 4
(2, 17)
(2, 16)
(2, 15)
(1, 15)
(1, 14)
kaikki ok
Reitin pituus: 29
(17, 17)
(16, 17)
(15, 17)
(14, 17)
(14, 16)
(14, 15)
(13, 15)
(12, 15)
(11, 15)
(10, 15)
(9, 15)
(8, 15)
(8, 14)
(8, 13)
(7, 13)
(6, 13)
(6, 12)
(6, 11)
(6, 10)
(6, 9)
(5, 9)
(4, 9)
(4, 8)
(4, 7)
(4, 6)
(4, 5)
(3, 5)
(2, 5)
(1, 5)
(1, 4)
kaikki ok
Reitin pituus: 20
(6, 1)
(5, 1)
(4, 1)
(4, 2)
(4, 3)
(4, 4)
(4, 5)
(4, 6)
(4, 7)
(4, 8)
(4, 9)
(4, 10)
(4, 11)
(4, 12)
(4, 13)
(4, 14)
(4, 15)
(5, 15)
(6, 15)
(7, 15)
(8, 15)
kaikki ok
Reitin pituus: 6
(6, 9)
(6, 8)
(6, 7)
(7, 7)
(8, 7)
(9, 7)
(9, 8)
kaikki ok
Reitin pituus: 7
(4, 11)
(4, 10)
(4, 9)
(4, 8)
(4, 7)
(4, 6)
(4, 5)
(3, 5)
kaikki ok
Reitin pituus: 27
(4, 1)
(4, 2)
(4, 3)
(4, 4)
(4, 5)
(4, 6)
(4, 7)
(4, 8)
(4, 9)
(4, 10)
(4, 11)
(4, 12)
(4, 13)
(4, 14)
(4, 15)
(5, 15)
(6, 15)
(6, 16)
(6, 17)
(7, 17)
(8, 17)
(8, 18)
(8, 19)
(9, 19)
(10, 19)
(11, 19)
(12, 19)
(13, 19)
kaikki ok
Reitin pituus: 31
(14, 1)
(14, 2)
(14, 3)
(13, 3)
(12, 3)
(12, 4)
(12, 5)
(11, 5)
(10, 5)
(10, 6)
(10, 7)
(9, 7)
(8, 7)
(7, 7)
(6, 7)
(6, 8)
(6, 9)
(6, 10)
(6, 11)
(6, 12)
(6, 13)
(5, 13)
(4, 13)
(4, 14)
(4, 15)
(4, 16)
(4, 17)
(3, 17)
(2, 17)
(1, 17)
(1, 18)
(1, 19)
kaikki ok
Reitin pituus: 3
(2, 19)
(3, 19)
(4, 19)
(5, 19)
kaikki ok
Reitin pituus: 22
(10, 19)
(10, 18)
(10, 17)
(11, 17)
(12, 17)
(12, 16)
(12, 15)
(13, 15)
(14, 15)
(14, 14)
(14, 13)
(14, 12)
(14, 11)
(14, 10)
(14, 9)
(13, 9)
(12, 9)
(12, 8)
(12, 7)
(11, 7)
(10, 7)
(9, 7)
(9, 8)
kaikki ok
Reitin pituus: 22
(15, 1)
(14, 1)
(14, 2)
(14, 3)
(14, 4)
(14, 5)
(14, 6)
(14, 7)
(14, 8)
(14, 9)
(14, 10)
(14, 11)
(14, 12)
(14, 13)
(14, 14)
(14, 15)
(14, 16)
(14, 17)
(15, 17)
(16, 17)
(17, 17)
(17, 18)
(17, 19)
kaikki ok
Reitin pituus: 15
(3, 3)
(4, 3)
(5, 3)
(6, 3)
(7, 3)
(8, 3)
(9, 3)
(10, 3)
(10, 2)
(10, 1)
(11, 1)
(12, 1)
(13, 1)
(14, 1)
(15, 1)
(16, 1)
kaikki ok
Reitin pituus: 11
(4, 7)
(4, 8)
(4, 9)
(5, 9)
(6, 9)
(6, 10)
(6, 11)
(6, 12)
(6, 13)
(7, 13)
(8, 13)
(8, 14)
kaikki ok
Reitin pituus: 14
(6, 8)
(6, 9)
(6, 10)
(6, 11)
(6, 12)
(6, 13)
(7, 13)
(8, 13)
(8, 14)
(8, 15)
(9, 15)
(10, 15)
(11, 15)
(12, 15)
(13, 15)
kaikki ok
Reitin pituus: 25
(9, 8)
(9, 7)
(8, 7)
(7, 7)
(6, 7)
(6, 8)
(6, 9)
(5, 9)
(4, 9)
(4, 10)
(4, 11)
(4, 12)
(4, 13)
(4, 14)
(4, 15)
(5, 15)
(6, 15)
(6, 16)
(6, 17)
(7, 17)
(8, 17)
(8, 18)
(8, 19)
(7, 19)
(6, 19)
(5, 19)
kaikki ok
Reitin pituus: 21
(5, 19)
(6, 19)
(7, 19)
(8, 19)
(8, 18)
(8, 17)
(7, 17)
(6, 17)
(6, 16)
(6, 15)
(5, 15)
(4, 15)
(4, 14)
(4, 13)
(4, 12)
(4, 11)
(4, 10)
(4, 9)
(4, 8)
(4, 7)
(4, 6)
(4, 5)
kaikki ok
Reitin pituus: 12
(8, 15)
(7, 15)
(6, 15)
(6, 16)
(6, 17)
(7, 17)
(8, 17)
(8, 18)
(8, 19)
(7, 19)
(6, 19)
(5, 19)
(4, 19)
kaikki ok
Reitin pituus: 16
(9, 8)
(9, 7)
(8, 7)
(7, 7)
(6, 7)
(6, 8)
(6, 9)
(5, 9)
(4, 9)
(4, 10)
(4, 11)
(4, 12)
(4, 13)
(4, 14)
(4, 15)
(5, 15)
(6, 15)
kaikki ok
Reitin pituus: 12
(4, 11)
(4, 10)
(4, 9)
(5, 9)
(6, 9)
(6, 8)
(6, 7)
(7, 7)
(8, 7)
(9, 7)
(10, 7)
(11, 7)
(12, 7)
kaikki ok
Reitin pituus: 3
(11, 17)
(12, 17)
(12, 16)
(12, 15)
kaikki ok
Reitin pituus: 2
(15, 19)
(16, 19)
(17, 19)
kaikki ok
Reitin pituus: 29
(10, 2)
(10, 3)
(9, 3)
(8, 3)
(7, 3)
(6, 3)
(5, 3)
(4, 3)
(4, 4)
(4, 5)
(4, 6)
(4, 7)
(4, 8)
(4, 9)
(4, 10)
(4, 11)
(4, 12)
(4, 13)
(4, 14)
(4, 15)
(4, 16)
(4, 17)
(3, 17)
(2, 17)
(1, 17)
(1, 18)
(1, 19)
(2, 19)
(3, 19)
(4, 19)
kaikki ok
Reitin pituus: 3
(14, 5)
(14, 6)
(14, 7)
(14, 8)
kaikki ok
Reitin pituus: 12
(12, 11)
(12, 12)
(12, 13)
(11, 13)
(10, 13)
(10, 14)
(10, 15)
(11, 15)
(12, 15)
(12, 16)
(12, 17)
(11, 17)
(10, 17)
kaikki ok
Reitin pituus: 13
(10, 11)
(9, 11)
(8, 11)
(7, 11)
(6, 11)
(6, 10)
(6, 9)
(5, 9)
(4, 9)
(4, 8)
(4, 7)
(4, 6)
(4, 5)
(3, 5)
kaikki ok
Reitin pituus: 8
(10, 14)
(10, 13)
(11, 13)
(12, 13)
(13, 13)
(14, 13)
(14, 12)
(14, 11)
(14, 10)
kaikki ok
Reitin pituus: 3
(8, 18)
(8, 19)
(7, 19)
(6, 19)
kaikki ok
Reitin pituus: 19
(16, 13)
(15, 13)
(14, 13)
(14, 14)
(14, 15)
(13, 15)
(12, 15)
(11, 15)
(10, 15)
(9, 15)
(8, 15)
(7, 15)
(6, 15)
(5, 15)
(4, 15)
(4, 14)
(4, 13)
(3, 13)
(2, 13)
(1, 13)
kaikki ok
Reitin pituus: 20
(16, 16)
(16, 17)
(15, 17)
(14, 17)
(14, 16)
(14, 15)
(14, 14)
(14, 13)
(13, 13)
(12, 13)
(12, 12)
(12, 11)
(12, 10)
(12, 9)
(12, 8)
(12, 7)
(11, 7)
(10, 7)
(10, 6)
(10, 5)
(11, 5)
kaikki ok
Reitin pituus: 7
(16, 3)
(15, 3)
(14, 3)
(13, 3)
(12, 3)
(11, 3)
(10, 3)
(9, 3)
kaikki ok
Reitin pituus: 14
(2, 5)
(3, 5)
(4, 5)
(4, 4)
(4, 3)
(5, 3)
(6, 3)
(7, 3)
(8, 3)
(9, 3)
(10, 3)
(10, 2)
(10, 1)
(11, 1)
(12, 1)
kaikki ok
Reitin pituus: 15
(11, 13)
(10, 13)
(10, 14)
(10, 15)
(9, 15)
(8, 15)
(7, 15)
(6, 15)
(5, 15)
(4, 15)
(4, 14)
(4, 13)
(3, 13)
(2, 13)
(1, 13)
(1, 14)
kaikki ok
Reitin pituus: 8
(4, 8)
(4, 7)
(4, 6)
(4, 5)
(4, 4)
(4, 3)
(4, 2)
(4, 1)
(3, 1)
kaikki ok
Reitin pituus: 5
(10, 15)
(9, 15)
(8, 15)
(7, 15)
(6, 15)
(6, 16)
kaikki ok
Reitin pituus: 23
(1, 14)
(1, 13)
(2, 13)
(3, 13)
(4, 13)
(4, 12)
(4, 11)
(4, 10)
(4, 9)
(4, 8)
(4, 7)
(4, 6)
(4, 5)
(4, 4)
(4, 3)
(5, 3)
(6, 3)
(7, 3)
(8, 3)
(9, 3)
(10, 3)
(11, 3)
(12, 3)
(13, 3)
kaikki ok
Reitin pituus: 19
(14, 8)
(14, 7)
(14, 6)
(14, 5)
(14, 4)
(14, 3)
(13, 3)
(12, 3)
(11, 3)
(10, 3)
(9, 3)
(8, 3)
(7, 3)
(6, 3)
(5, 3)
(4, 3)
(4, 2)
(4, 1)
(3, 1)
(2, 1)
kaikki ok
Reitin pituus: 13
(9, 8)
(9, 7)
(10, 7)
(10, 6)
(10, 5)
(11, 5)
(12, 5)
(12, 4)
(12, 3)
(13, 3)
(14, 3)
(14, 2)
(14, 1)
(15, 1)
kaikki ok
Reitin pituus: 10
(7, 11)
(6, 11)
(6, 12)
(6, 13)
(7, 13)
(8, 13)
(8, 14)
(8, 15)
(9, 15)
(10, 15)
(11, 15)
kaikki ok
Reitin pituus: 6
(9, 15)
(8, 15)
(7, 15)
(6, 15)
(5, 15)
(4, 15)
(4, 16)
kaikki ok
Reitin pituus: 16
(9, 3)
(8, 3)
(7, 3)
(6, 3)
(6, 4)
(6, 5)
(7, 5)
(8, 5)
(8, 6)
(8, 7)
(7, 7)
(6, 7)
(6, 8)
(6, 9)
(6, 10)
(6, 11)
(7, 11)
kaikki ok
Reitin pituus: 14
(14, 12)
(14, 13)
(14, 14)
(14, 15)
(13, 15)
(12, 15)
(12, 16)
(12, 17)
(11, 17)
(10, 17)
(10, 18)
(10, 19)
(9, 19)
(8, 19)
(8, 18)
kaikki ok
Reitin pituus: 15
(10, 18)
(10, 19)
(9, 19)
(8, 19)
(7, 19)
(6, 19)
(5, 19)
(4, 19)
(3, 19)
(2, 19)
(1, 19)
(1, 18)
(1, 17)
(2, 17)
(2, 16)
(2, 15)
kaikki ok
Reitin pituus: 14
(12, 12)
(12, 13)
(13, 13)
(14, 13)
(14, 14)
(14, 15)
(14, 16)
(14, 17)
(15, 17)
(16, 17)
(17, 17)
(17, 18)
(17, 19)
(16, 19)
(15, 19)
kaikki ok
Reitin pituus: 11
(3, 17)
(4, 17)
(4, 16)
(4, 15)
(4, 14)
(4, 13)
(4, 12)
(4, 11)
(4, 10)
(4, 9)
(4, 8)
(4, 7)
kaikki ok
Reitin pituus: 13
(14, 12)
(14, 11)
(14, 10)
(14, 9)
(13, 9)
(12, 9)
(12, 8)
(12, 7)
(11, 7)
(10, 7)
(9, 7)
(9, 8)
(9, 9)
(10, 9)
kaikki ok
Reitin pituus: 15
(15, 1)
(14, 1)
(14, 2)
(14, 3)
(13, 3)
(12, 3)
(12, 4)
(12, 5)
(11, 5)
(10, 5)
(10, 6)
(10, 7)
(9, 7)
(9, 8)
(9, 9)
(8, 9)
kaikki ok
Reitin pituus: 13
(1, 13)
(1, 14)
(1, 15)
(2, 15)
(2, 16)
(2, 17)
(1, 17)
(1, 18)
(1, 19)
(2, 19)
(3, 19)
(4, 19)
(5, 19)
(6, 19)
kaikki ok
Reitin pituus: 7
(11, 17)
(12, 17)
(12, 16)
(12, 15)
(11, 15)
(10, 15)
(10, 14)
(10, 13)
kaikki ok
Reitin pituus: 18
(13, 19)
(12, 19)
(11, 19)
(10, 19)
(10, 18)
(10, 17)
(11, 17)
(12, 17)
(12, 16)
(12, 15)
(11, 15)
(10, 15)
(10, 14)
(10, 13)
(11, 13)
(12, 13)
(12, 12)
(12, 11)
(12, 10)
kaikki ok
Reitin pituus: 24
(4, 6)
(4, 7)
(4, 8)
(4, 9)
(5, 9)
(6, 9)
(6, 10)
(6, 11)
(7, 11)
(8, 11)
(9, 11)
(10, 11)
(11, 11)
(12, 11)
(12, 12)
(12, 13)
(13, 13)
(14, 13)
(15, 13)
(16, 13)
(17, 13)
(17, 14)
(17, 15)
(16, 15)
(16, 16)
kaikki ok
Reitin pituus: 11
(4, 10)
(4, 9)
(4, 8)
(4, 7)
(4, 6)
(4, 5)
(4, 4)
(4, 3)
(4, 2)
(4, 1)
(3, 1)
(2, 1)
kaikki ok
Reitin pituus: 18
(2, 5)
(3, 5)
(4, 5)
(4, 4)
(4, 3)
(5, 3)
(6, 3)
(7, 3)
(8, 3)
(9, 3)
(10, 3)
(10, 2)
(10, 1)
(11, 1)
(12, 1)
(13, 1)
(14, 1)
(15, 1)
(16, 1)
kaikki ok
Reitin pituus: 3
(7, 11)
(6, 11)
(6, 10)
(6, 9)
kaikki ok
Reitin pituus: 2
(15, 1)
(14, 1)
(13, 1)
kaikki ok
Reitin pituus: 17
(4, 3)
(4, 4)
(4, 5)
(4, 6)
(4, 7)
(4, 8)
(4, 9)
(4, 10)
(4, 11)
(4, 12)
(4, 13)
(4, 14)
(4, 15)
(5, 15)
(6, 15)
(6, 16)
(6, 17)
(7, 17)
kaikki ok
Reitin pituus: 5
(14, 17)
(14, 16)
(14, 15)
(13, 15)
(12, 15)
(11, 15)
kaikki ok
Reitin pituus: 17
(10, 19)
(10, 18)
(10, 17)
(11, 17)
(12, 17)
(12, 16)
(12, 15)
(11, 15)
(10, 15)
(10, 14)
(10, 13)
(11, 13)
(12, 13)
(12, 12)
(12, 11)
(11, 11)
(10, 11)
(9, 11)
kaikki ok
Reitin pituus: 17
(12, 11)
(11, 11)
(10, 11)
(9, 11)
(8, 11)
(7, 11)
(6, 11)
(6, 12)
(6, 13)
(5, 13)
(4, 13)
(3, 13)
(2, 13)
(1, 13)
(1, 14)
(1, 15)
(2, 15)
(2, 16)
kaikki ok
Reitin pituus: 10
(13, 13)
(14, 13)
(14, 12)
(14, 11)
(14, 10)
(14, 9)
(14, 8)
(14, 7)
(14, 6)
(14, 5)
(15, 5)
kaikki ok
Reitin pituus: 22
(2, 16)
(2, 17)
(3, 17)
(4, 17)
(4, 16)
(4, 15)
(4, 14)
(4, 13)
(4, 12)
(4, 11)
(4, 10)
(4, 9)
(4, 8)
(4, 7)
(4, 6)
(4, 5)
(4, 4)
(4, 3)
(5, 3)
(6, 3)
(7, 3)
(8, 3)
(8, 2)
kaikki ok
Reitin pituus: 11
(11, 13)
(12, 13)
(13, 13)
(14, 13)
(14, 14)
(14, 15)
(14, 16)
(14, 17)
(15, 17)
(16, 17)
(17, 17)
(17, 18)
kaikki ok
Reitin pituus: 16
(14, 1)
(14, 2)
(14, 3)
(14, 4)
(14, 5)
(14, 6)
(14, 7)
(14, 8)
(14, 9)
(13, 9)
(12, 9)
(12, 10)
(12, 11)
(12, 12)
(12, 13)
(11, 13)
(10, 13)
kaikki ok
Reitin pituus: 23
(9, 3)
(10, 3)
(11, 3)
(12, 3)
(13, 3)
(14, 3)
(14, 4)
(14, 5)
(14, 6)
(14, 7)
(14, 8)
(14, 9)
(14, 10)
(14, 11)
(14, 12)
(14, 13)
(14, 14)
(14, 15)
(13, 15)
(12, 15)
(12, 16)
(12, 17)
(11, 17)
(10, 17)
kaikki ok
Reitin pituus: 3
(8, 5)
(8, 6)
(8, 7)
(9, 7)
kaikki ok
Reitin pituus: 15
(6, 17)
(6, 16)
(6, 15)
(7, 15)
(8, 15)
(9, 15)
(10, 15)
(11, 15)
(12, 15)
(13, 15)
(14, 15)
(14, 14)
(14, 13)
(14, 12)
(14, 11)
(14, 10)
kaikki ok
Reitin pituus: 25
(14, 4)
(14, 5)
(14, 6)
(14, 7)
(14, 8)
(14, 9)
(13, 9)
(12, 9)
(12, 10)
(12, 11)
(11, 11)
(10, 11)
(9, 11)
(8, 11)
(7, 11)
(6, 11)
(6, 12)
(6, 13)
(5, 13)
(4, 13)
(4, 14)
(4, 15)
(4, 16)
(4, 17)
(3, 17)
(2, 17)
kaikki ok
Reitin pituus: 21
(2, 15)
(2, 16)
(2, 17)
(3, 17)
(4, 17)
(4, 16)
(4, 15)
(5, 15)
(6, 15)
(7, 15)
(8, 15)
(9, 15)
(10, 15)
(10, 14)
(10, 13)
(11, 13)
(12, 13)
(13, 13)
(14, 13)
(14, 12)
(14, 11)
(14, 10)
kaikki ok
Reitin pituus: 11
(3, 13)
(4, 13)
(5, 13)
(6, 13)
(6, 12)
(6, 11)
(6, 10)
(6, 9)
(6, 8)
(6, 7)
(7, 7)
(8, 7)
kaikki ok
Reitin pituus: 13
(14, 11)
(14, 10)
(14, 9)
(13, 9)
(12, 9)
(12, 8)
(12, 7)
(11, 7)
(10, 7)
(9, 7)
(8, 7)
(8, 6)
(8, 5)
(7, 5)
kaikki ok
Reitin pituus: 7
(1, 3)
(2, 3)
(3, 3)
(4, 3)
(5, 3)
(6, 3)
(7, 3)
(8, 3)
kaikki ok
Reitin pituus: 19
(16, 1)
(15, 1)
(14, 1)
(14, 2)
(14, 3)
(14, 4)
(14, 5)
(14, 6)
(14, 7)
(14, 8)
(14, 9)
(14, 10)
(14, 11)
(14, 12)
(14, 13)
(15, 13)
(16, 13)
(17, 13)
(17, 14)
(17, 15)
kaikki ok
Reitin pituus: 15
(10, 9)
(9, 9)
(9, 8)
(9, 7)
(10, 7)
(10, 6)
(10, 5)
(11, 5)
(12, 5)
(12, 4)
(12, 3)
(13, 3)
(14, 3)
(14, 4)
(14, 5)
(15, 5)
kaikki ok
Reitin pituus: 6
(6, 9)
(6, 10)
(6, 11)
(7, 11)
(8, 11)
(9, 11)
(10, 11)
kaikki ok
Reitin pituus: 4
(15, 3)
(16, 3)
(17, 3)
(17, 4)
(17, 5)
kaikki ok
Reitin pituus: 17
(3, 5)
(4, 5)
(4, 4)
(4, 3)
(5, 3)
(6, 3)
(7, 3)
(8, 3)
(9, 3)
(10, 3)
(11, 3)
(12, 3)
(13, 3)
(14, 3)
(15, 3)
(16, 3)
(17, 3)
(17, 2)
kaikki ok
Reitin pituus: 4
(7, 11)
(8, 11)
(9, 11)
(10, 11)
(11, 11)
kaikki ok
Reitin pituus: 24
(8, 17)
(7, 17)
(6, 17)
(6, 16)
(6, 15)
(7, 15)
(8, 15)
(9, 15)
(10, 15)
(10, 14)
(10, 13)
(11, 13)
(12, 13)
(12, 12)
(12, 11)
(12, 10)
(12, 9)
(12, 8)
(12, 7)
(11, 7)
(10, 7)
(10, 6)
(10, 5)
(11, 5)
(12, 5)
kaikki ok
Reitin pituus: 11
(7, 15)
(6, 15)
(6, 16)
(6, 17)
(7, 17)
(8, 17)
(8, 18)
(8, 19)
(9, 19)
(10, 19)
(11, 19)
(12, 19)
kaikki ok
Reitin pituus: 7
(7, 1)
(6, 1)
(5, 1)
(4, 1)
(4, 2)
(4, 3)
(4, 4)
(4, 5)
kaikki ok
Reitin pituus: 13
(15, 13)
(14, 13)
(14, 12)
(14, 11)
(14, 10)
(14, 9)
(14, 8)
(14, 7)
(14, 6)
(14, 5)
(14, 4)
(14, 3)
(15, 3)
(16, 3)
kaikki ok
Reitin pituus: 7
(4, 8)
(4, 9)
(4, 10)
(4, 11)
(4, 12)
(4, 13)
(4, 14)
(4, 15)
kaikki ok
Reitin pituus: 4
(13, 13)
(14, 13)
(14, 14)
(14, 15)
(14, 16)
kaikki ok
Reitin pituus: 15
(14, 6)
(14, 7)
(14, 8)
(14, 9)
(14, 10)
(14, 11)
(14, 12)
(14, 13)
(14, 14)
(14, 15)
(13, 15)
(12, 15)
(11, 15)
(10, 15)
(9, 15)
(8, 15)
kaikki ok
Reitin pituus: 17
(4, 8)
(4, 9)
(5, 9)
(6, 9)
(6, 10)
(6, 11)
(7, 11)
(8, 11)
(9, 11)
(10, 11)
(11, 11)
(12, 11)
(12, 12)
(12, 13)
(13, 13)
(14, 13)
(14, 14)
(14, 15)
kaikki ok
Reitin pituus: 9
(4, 15)
(4, 14)
(4, 13)
(4, 12)
(4, 11)
(4, 10)
(4, 9)
(5, 9)
(6, 9)
(6, 8)
kaikki ok
Reitin pituus: 5
(7, 1)
(8, 1)
(8, 2)
(8, 3)
(9, 3)
(10, 3)
kaikki ok
Reitin pituus: 8
(7, 7)
(6, 7)
(6, 8)
(6, 9)
(5, 9)
(4, 9)
(4, 10)
(4, 11)
(4, 12)
kaikki ok
Reitin pituus: 23
(4, 12)
(4, 11)
(4, 10)
(4, 9)
(5, 9)
(6, 9)
(6, 8)
(6, 7)
(7, 7)
(8, 7)
(9, 7)
(10, 7)
(10, 6)
(10, 5)
(11, 5)
(12, 5)
(12, 4)
(12, 3)
(13, 3)
(14, 3)
(15, 3)
(16, 3)
(17, 3)
(17, 4)
kaikki ok
Reitin pituus: 7
(16, 17)
(15, 17)
(14, 17)
(14, 16)
(14, 15)
(13, 15)
(12, 15)
(12, 16)
kaikki ok
Reitin pituus: 31
(17, 1)
(17, 2)
(17, 3)
(17, 4)
(17, 5)
(16, 5)
(15, 5)
(14, 5)
(14, 6)
(14, 7)
(14, 8)
(14, 9)
(14, 10)
(14, 11)
(14, 12)
(14, 13)
(14, 14)
(14, 15)
(13, 15)
(12, 15)
(12, 16)
(12, 17)
(11, 17)
(10, 17)
(10, 18)
(10, 19)
(9, 19)
(8, 19)
(7, 19)
(6, 19)
(5, 19)
(4, 19)
kaikki ok
Reitin pituus: 19
(16, 15)
(17, 15)
(17, 14)
(17, 13)
(16, 13)
(15, 13)
(14, 13)
(13, 13)
(12, 13)
(12, 12)
(12, 11)
(11, 11)
(10, 11)
(9, 11)
(8, 11)
(7, 11)
(6, 11)
(6, 10)
(6, 9)
(6, 8)
kaikki ok
Reitin pituus: 25
(12, 4)
(12, 5)
(11, 5)
(10, 5)
(10, 6)
(10, 7)
(11, 7)
(12, 7)
(12, 8)
(12, 9)
(12, 10)
(12, 11)
(12, 12)
(12, 13)
(11, 13)
(10, 13)
(10, 14)
(10, 15)
(9, 15)
(8, 15)
(7, 15)
(6, 15)
(6, 16)
(6, 17)
(7, 17)
(8, 17)
kaikki ok
Reitin pituus: 17
(11, 13)
(12, 13)
(13, 13)
(14, 13)
(14, 12)
(14, 11)
(14, 10)
(14, 9)
(14, 8)
(14, 7)
(14, 6)
(14, 5)
(14, 4)
(14, 3)
(15, 3)
(16, 3)
(17, 3)
(17, 2)
kaikki ok
Reitin pituus: 14
(6, 9)
(6, 8)
(6, 7)
(7, 7)
(8, 7)
(9, 7)
(10, 7)
(10, 6)
(10, 5)
(11, 5)
(12, 5)
(12, 4)
(12, 3)
(11, 3)
(10, 3)
kaikki ok
Reitin pituus: 6
(10, 19)
(9, 19)
(8, 19)
(8, 18)
(8, 17)
(7, 17)
(6, 17)
kaikki ok
Reitin pituus: 8
(3, 5)
(4, 5)
(4, 6)
(4, 7)
(4, 8)
(4, 9)
(5, 9)
(6, 9)
(6, 10)
kaikki ok
Reitin pituus: 10
(2, 1)
(3, 1)
(4, 1)
(4, 2)
(4, 3)
(5, 3)
(6, 3)
(6, 4)
(6, 5)
(7, 5)
(8, 5)
kaikki ok
Reitin pituus: 19
(12, 1)
(13, 1)
(14, 1)
(14, 2)
(14, 3)
(14, 4)
(14, 5)
(14, 6)
(14, 7)
(14, 8)
(14, 9)
(14, 10)
(14, 11)
(14, 12)
(14, 13)
(13, 13)
(12, 13)
(11, 13)
(10, 13)
(10, 14)
kaikki ok
Reitin pituus: 18
(16, 1)
(15, 1)
(14, 1)
(13, 1)
(12, 1)
(11, 1)
(10, 1)
(10, 2)
(10, 3)
(9, 3)
(8, 3)
(7, 3)
(6, 3)
(5, 3)
(4, 3)
(4, 4)
(4, 5)
(3, 5)
(2, 5)
kaikki ok
Reitin pituus: 4
(11, 1)
(10, 1)
(10, 2)
(10, 3)
(9, 3)
kaikki ok
Reitin pituus: 24
(16, 16)
(16, 17)
(15, 17)
(14, 17)
(14, 16)
(14, 15)
(13, 15)
(12, 15)
(11, 15)
(10, 15)
(9, 15)
(8, 15)
(7, 15)
(6, 15)
(5, 15)
(4, 15)
(4, 14)
(4, 13)
(4, 12)
(4, 11)
(4, 10)
(4, 9)
(4, 8)
(4, 7)
(4, 6)
kaikki ok
Reitin pituus: 5
(13, 3)
(14, 3)
(14, 2)
(14, 1)
(13, 1)
(12, 1)
kaikki ok
Reitin pituus: 18
(15, 5)
(14, 5)
(14, 4)
(14, 3)
(13, 3)
(12, 3)
(11, 3)
(10, 3)
(9, 3)
(8, 3)
(7, 3)
(6, 3)
(5, 3)
(4, 3)
(4, 4)
(4, 5)
(4, 6)
(4, 7)
(4, 8)
kaikki ok
Reitin pituus: 12
(8, 1)
(8, 2)
(8, 3)
(7, 3)
(6, 3)
(6, 4)
(6, 5)
(7, 5)
(8, 5)
(8, 6)
(8, 7)
(9, 7)
(9, 8)
kaikki ok
Reitin pituus: 14
(6, 4)
(6, 3)
(7, 3)
(8, 3)
(9, 3)
(10, 3)
(11, 3)
(12, 3)
(13, 3)
(14, 3)
(14, 4)
(14, 5)
(14, 6)
(14, 7)
(14, 8)
kaikki ok
Reitin pituus: 8
(12, 17)
(11, 17)
(10, 17)
(10, 18)
(10, 19)
(9, 19)
(8, 19)
(8, 18)
(8, 17)
kaikki ok
Reitin pituus: 27
(6, 19)
(7, 19)
(8, 19)
(9, 19)
(10, 19)
(10, 18)
(10, 17)
(11, 17)
(12, 17)
(12, 16)
(12, 15)
(13, 15)
(14, 15)
(14, 14)
(14, 13)
(14, 12)
(14, 11)
(14, 10)
(14, 9)
(14, 8)
(14, 7)
(14, 6)
(14, 5)
(14, 4)
(14, 3)
(14, 2)
(14, 1)
(15, 1)
kaikki ok
Reitin pituus: 3
(9, 19)
(8, 19)
(8, 18)
(8, 17)
kaikki ok
Reitin pituus: 20
(9, 3)
(10, 3)
(11, 3)
(12, 3)
(13, 3)
(14, 3)
(14, 4)
(14, 5)
(14, 6)
(14, 7)
(14, 8)
(14, 9)
(14, 10)
(14, 11)
(14, 12)
(14, 13)
(14, 14)
(14, 15)
(14, 16)
(14, 17)
(15, 17)
kaikki ok
Reitin pituus: 23
(9, 7)
(8, 7)
(7, 7)
(6, 7)
(6, 8)
(6, 9)
(5, 9)
(4, 9)
(4, 10)
(4, 11)
(4, 12)
(4, 13)
(4, 14)
(4, 15)
(5, 15)
(6, 15)
(6, 16)
(6, 17)
(7, 17)
(8, 17)
(8, 18)
(8, 19)
(7, 19)
(6, 19)
kaikki ok
Reitin pituus: 25
(1, 1)
(1, 2)
(1, 3)
(1, 4)
(1, 5)
(2, 5)
(3, 5)
(4, 5)
(4, 6)
(4, 7)
(4, 8)
(4, 9)
(5, 9)
(6, 9)
(6, 10)
(6, 11)
(6, 12)
(6, 13)
(7, 13)
(8, 13)
(8, 14)
(8, 15)
(9, 15)
(10, 15)
(11, 15)
(12, 15)
kaikki ok
Reitin pituus: 16
(10, 5)
(10, 6)
(10, 7)
(9, 7)
(8, 7)
(8, 6)
(8, 5)
(7, 5)
(6, 5)
(6, 4)
(6, 3)
(5, 3)
(4, 3)
(3, 3)
(2, 3)
(1, 3)
(1, 4)
kaikki ok
Reitin pituus: 1
(8, 13)
(7, 13)
kaikki ok
Reitin pituus: 10
(4, 10)
(4, 9)
(4, 8)
(4, 7)
(4, 6)
(4, 5)
(4, 4)
(4, 3)
(4, 2)
(4, 1)
(5, 1)
kaikki ok
Reitin pituus: 20
(7, 19)
(8, 19)
(8, 18)
(8, 17)
(7, 17)
(6, 17)
(6, 16)
(6, 15)
(5, 15)
(4, 15)
(4, 14)
(4, 13)
(4, 12)
(4, 11)
(4, 10)
(4, 9)
(4, 8)
(4, 7)
(4, 6)
(4, 5)
(4, 4)
kaikki ok
Reitin pituus: 22
(17, 4)
(17, 5)
(16, 5)
(15, 5)
(14, 5)
(14, 6)
(14, 7)
(14, 8)
(14, 9)
(13, 9)
(12, 9)
(12, 10)
(12, 11)
(12, 12)
(12, 13)
(11, 13)
(10, 13)
(10, 14)
(10, 15)
(9, 15)
(8, 15)
(7, 15)
(6, 15)
kaikki ok
Reitin pituus: 21
(17, 15)
(16, 15)
(16, 16)
(16, 17)
(15, 17)
(14, 17)
(14, 16)
(14, 15)
(13, 15)
(12, 15)
(11, 15)
(10, 15)
(9, 15)
(8, 15)
(7, 15)
(6, 15)
(5, 15)
(4, 15)
(4, 14)
(4, 13)
(3, 13)
(2, 13)
kaikki ok
Reitin pituus: 10
(9, 7)
(10, 7)
(10, 6)
(10, 5)
(11, 5)
(12, 5)
(12, 4)
(12, 3)
(13, 3)
(14, 3)
(14, 2)
kaikki ok
Reitin pituus: 24
(14, 19)
(15, 19)
(16, 19)
(17, 19)
(17, 18)
(17, 17)
(16, 17)
(15, 17)
(14, 17)
(14, 16)
(14, 15)
(14, 14)
(14, 13)
(14, 12)
(14, 11)
(14, 10)
(14, 9)
(14, 8)
(14, 7)
(14, 6)
(14, 5)
(14, 4)
(14, 3)
(14, 2)
(14, 1)
kaikki ok
Reitin pituus: 11
(10, 18)
(10, 19)
(11, 19)
(12, 19)
(13, 19)
(14, 19)
(15, 19)
(16, 19)
(17, 19)
(17, 18)
(17, 17)
(16, 17)
kaikki ok
Reitin pituus: 13
(4, 5)
(4, 6)
(4, 7)
(4, 8)
(4, 9)
(5, 9)
(6, 9)
(6, 10)
(6, 11)
(6, 12)
(6, 13)
(7, 13)
(8, 13)
(8, 14)
kaikki ok
Reitin pituus: 3
(14, 9)
(14, 8)
(14, 7)
(14, 6)
kaikki ok
Reitin pituus: 9
(13, 9)
(14, 9)
(14, 8)
(14, 7)
(14, 6)
(14, 5)
(14, 4)
(14, 3)
(15, 3)
(16, 3)
kaikki ok
Reitin pituus: 17
(3, 5)
(4, 5)
(4, 4)
(4, 3)
(5, 3)
(6, 3)
(7, 3)
(8, 3)
(9, 3)
(10, 3)
(11, 3)
(12, 3)
(13, 3)
(14, 3)
(14, 4)
(14, 5)
(15, 5)
(16, 5)
kaikki ok
Reitin pituus: 9
(11, 5)
(10, 5)
(10, 6)
(10, 7)
(9, 7)
(8, 7)
(8, 6)
(8, 5)
(7, 5)
(6, 5)
kaikki ok
Reitin pituus: 23
(10, 6)
(10, 7)
(11, 7)
(12, 7)
(12, 8)
(12, 9)
(13, 9)
(14, 9)
(14, 10)
(14, 11)
(14, 12)
(14, 13)
(14, 14)
(14, 15)
(14, 16)
(14, 17)
(15, 17)
(16, 17)
(17, 17)
(17, 18)
(17, 19)
(16, 19)
(15, 19)
(14, 19)
kaikki ok
Reitin pituus: 9
(10, 5)
(10, 6)
(10, 7)
(11, 7)
(12, 7)
(12, 8)
(12, 9)
(12, 10)
(12, 11)
(12, 12)
kaikki ok
Reitin pituus: 11
(11, 13)
(10, 13)
(10, 14)
(10, 15)
(9, 15)
(8, 15)
(7, 15)
(6, 15)
(6, 16)
(6, 17)
(7, 17)
(8, 17)
kaikki ok
Reitin pituus: 13
(10, 15)
(9, 15)
(8, 15)
(7, 15)
(6, 15)
(5, 15)
(4, 15)
(4, 16)
(4, 17)
(3, 17)
(2, 17)
(1, 17)
(1, 18)
(1, 19)
kaikki ok
Reitin pituus: 20
(14, 6)
(14, 7)
(14, 8)
(14, 9)
(13, 9)
(12, 9)
(12, 10)
(12, 11)
(11, 11)
(10, 11)
(9, 11)
(8, 11)
(7, 11)
(6, 11)
(6, 12)
(6, 13)
(5, 13)
(4, 13)
(4, 14)
(4, 15)
(4, 16)
kaikki ok
Reitin pituus: 24
(4, 16)
(4, 15)
(4, 14)
(4, 13)
(4, 12)
(4, 11)
(4, 10)
(4, 9)
(4, 8)
(4, 7)
(4, 6)
(4, 5)
(4, 4)
(4, 3)
(5, 3)
(6, 3)
(7, 3)
(8, 3)
(9, 3)
(10, 3)
(10, 2)
(10, 1)
(11, 1)
(12, 1)
(13, 1)
kaikki ok
Reitin pituus: 15
(3, 13)
(4, 13)
(5, 13)
(6, 13)
(6, 12)
(6, 11)
(6, 10)
(6, 9)
(6, 8)
(6, 7)
(7, 7)
(8, 7)
(9, 7)
(9, 8)
(9, 9)
(10, 9)
kaikki ok
Reitin pituus: 11
(1, 2)
(1, 3)
(2, 3)
(3, 3)
(4, 3)
(5, 3)
(6, 3)
(6, 4)
(6, 5)
(7, 5)
(8, 5)
(8, 6)
kaikki ok
Reitin pituus: 22
(11, 1)
(12, 1)
(13, 1)
(14, 1)
(14, 2)
(14, 3)
(14, 4)
(14, 5)
(14, 6)
(14, 7)
(14, 8)
(14, 9)
(14, 10)
(14, 11)
(14, 12)
(14, 13)
(15, 13)
(16, 13)
(17, 13)
(17, 14)
(17, 15)
(16, 15)
(16, 16)
kaikki ok
Reitin pituus: 21
(3, 19)
(4, 19)
(5, 19)
(6, 19)
(7, 19)
(8, 19)
(9, 19)
(10, 19)
(10, 18)
(10, 17)
(11, 17)
(12, 17)
(12, 16)
(12, 15)
(13, 15)
(14, 15)
(14, 14)
(14, 13)
(13, 13)
(12, 13)
(12, 12)
(12, 11)
kaikki ok
Reitin pituus: 17
(12, 1)
(13, 1)
(14, 1)
(14, 2)
(14, 3)
(14, 4)
(14, 5)
(14, 6)
(14, 7)
(14, 8)
(14, 9)
(14, 10)
(14, 11)
(14, 12)
(14, 13)
(14, 14)
(14, 15)
(13, 15)
kaikki ok
Reitin pituus: 13
(10, 2)
(10, 3)
(11, 3)
(12, 3)
(12, 4)
(12, 5)
(11, 5)
(10, 5)
(10, 6)
(10, 7)
(11, 7)
(12, 7)
(12, 8)
(12, 9)
kaikki ok
Reitin pituus: 14
(16, 15)
(16, 16)
(16, 17)
(15, 17)
(14, 17)
(14, 16)
(14, 15)
(13, 15)
(12, 15)
(11, 15)
(10, 15)
(9, 15)
(8, 15)
(8, 14)
(8, 13)
kaikki ok
Reitin pituus: 21
(4, 13)
(4, 12)
(4, 11)
(4, 10)
(4, 9)
(4, 8)
(4, 7)
(4, 6)
(4, 5)
(4, 4)
(4, 3)
(5, 3)
(6, 3)
(7, 3)
(8, 3)
(9, 3)
(10, 3)
(11, 3)
(12, 3)
(13, 3)
(14, 3)
(14, 2)
kaikki ok
Reitin pituus: 23
(8, 13)
(7, 13)
(6, 13)
(6, 12)
(6, 11)
(6, 10)
(6, 9)
(6, 8)
(6, 7)
(7, 7)
(8, 7)
(9, 7)
(10, 7)
(10, 6)
(10, 5)
(11, 5)
(12, 5)
(12, 4)
(12, 3)
(13, 3)
(14, 3)
(14, 2)
(14, 1)
(15, 1)
kaikki ok
Reitin pituus: 12
(4, 14)
(4, 13)
(4, 12)
(4, 11)
(4, 10)
(4, 9)
(4, 8)
(4, 7)
(4, 6)
(4, 5)
(3, 5)
(2, 5)
(1, 5)
kaikki ok
Reitin pituus: 21
(3, 1)
(4, 1)
(4, 2)
(4, 3)
(4, 4)
(4, 5)
(4, 6)
(4, 7)
(4, 8)
(4, 9)
(4, 10)
(4, 11)
(4, 12)
(4, 13)
(4, 14)
(4, 15)
(5, 15)
(6, 15)
(6, 16)
(6, 17)
(7, 17)
(8, 17)
kaikki ok
Reitin pituus: 5
(7, 13)
(8, 13)
(8, 14)
(8, 15)
(9, 15)
(10, 15)
kaikki ok
Reitin pituus: 17
(14, 12)
(14, 13)
(13, 13)
(12, 13)
(12, 12)
(12, 11)
(11, 11)
(10, 11)
(9, 11)
(8, 11)
(7, 11)
(6, 11)
(6, 10)
(6, 9)
(5, 9)
(4, 9)
(4, 8)
(4, 7)
kaikki ok
Reitin pituus: 14
(4, 13)
(4, 12)
(4, 11)
(4, 10)
(4, 9)
(4, 8)
(4, 7)
(4, 6)
(4, 5)
(4, 4)
(4, 3)
(4, 2)
(4, 1)
(3, 1)
(2, 1)
kaikki ok
Reitin pituus: 14
(4, 14)
(4, 15)
(5, 15)
(6, 15)
(7, 15)
(8, 15)
(9, 15)
(10, 15)
(11, 15)
(12, 15)
(13, 15)
(14, 15)
(14, 14)
(14, 13)
(15, 13)
kaikki ok
Reitin pituus: 6
(7, 15)
(8, 15)
(9, 15)
(10, 15)
(11, 15)
(12, 15)
(13, 15)
kaikki ok
Reitin pituus: 10
(9, 8)
(9, 7)
(8, 7)
(8, 6)
(8, 5)
(7, 5)
(6, 5)
(6, 4)
(6, 3)
(7, 3)
(8, 3)
kaikki ok
Reitin pituus: 10
(12, 8)
(12, 9)
(13, 9)
(14, 9)
(14, 8)
(14, 7)
(14, 6)
(14, 5)
(14, 4)
(14, 3)
(13, 3)
kaikki ok
Reitin pituus: 28
(10, 19)
(9, 19)
(8, 19)
(8, 18)
(8, 17)
(7, 17)
(6, 17)
(6, 16)
(6, 15)
(5, 15)
(4, 15)
(4, 14)
(4, 13)
(4, 12)
(4, 11)
(4, 10)
(4, 9)
(4, 8)
(4, 7)
(4, 6)
(4, 5)
(4, 4)
(4, 3)
(5, 3)
(6, 3)
(7, 3)
(8, 3)
(8, 2)
(8, 1)
kaikki ok
Reitin pituus: 14
(5, 13)
(4, 13)
(4, 14)
(4, 15)
(5, 15)
(6, 15)
(6, 16)
(6, 17)
(7, 17)
(8, 17)
(8, 18)
(8, 19)
(7, 19)
(6, 19)
(5, 19)
kaikki ok
Reitin pituus: 3
(6, 9)
(6, 8)
(6, 7)
(7, 7)
kaikki ok
Reitin pituus: 29
(4, 19)
(3, 19)
(2, 19)
(1, 19)
(1, 18)
(1, 17)
(2, 17)
(3, 17)
(4, 17)
(4, 16)
(4, 15)
(4, 14)
(4, 13)
(5, 13)
(6, 13)
(6, 12)
(6, 11)
(6, 10)
(6, 9)
(6, 8)
(6, 7)
(7, 7)
(8, 7)
(9, 7)
(10, 7)
(10, 6)
(10, 5)
(11, 5)
(12, 5)
(12, 4)
kaikki ok
Reitin pituus: 2
(12, 11)
(12, 12)
(12, 13)
kaikki ok
Reitin pituus: 16
(1, 1)
(2, 1)
(3, 1)
(4, 1)
(5, 1)
(6, 1)
(7, 1)
(8, 1)
(8, 2)
(8, 3)
(9, 3)
(10, 3)
(11, 3)
(12, 3)
(13, 3)
(14, 3)
(14, 4)
kaikki ok
Reitin pituus: 6
(10, 7)
(9, 7)
(8, 7)
(7, 7)
(6, 7)
(6, 8)
(6, 9)
kaikki ok
Reitin pituus: 8
(9, 9)
(9, 8)
(9, 7)
(8, 7)
(7, 7)
(6, 7)
(6, 8)
(6, 9)
(5, 9)
kaikki ok
Reitin pituus: 7
(17, 13)
(16, 13)
(15, 13)
(14, 13)
(14, 12)
(14, 11)
(14, 10)
(14, 9)
kaikki ok
Reitin pituus: 6
(8, 6)
(8, 5)
(7, 5)
(6, 5)
(6, 4)
(6, 3)
(7, 3)
kaikki ok
Reitin pituus: 17
(14, 19)
(13, 19)
(12, 19)
(11, 19)
(10, 19)
(9, 19)
(8, 19)
(8, 18)
(8, 17)
(7, 17)
(6, 17)
(6, 16)
(6, 15)
(5, 15)
(4, 15)
(4, 14)
(4, 13)
(3, 13)
kaikki ok
Reitin pituus: 8
(8, 6)
(8, 7)
(7, 7)
(6, 7)
(6, 8)
(6, 9)
(5, 9)
(4, 9)
(4, 8)
kaikki ok
Reitin pituus: 20
(11, 15)
(10, 15)
(9, 15)
(8, 15)
(8, 14)
(8, 13)
(7, 13)
(6, 13)
(6, 12)
(6, 11)
(6, 10)
(6, 9)
(5, 9)
(4, 9)
(4, 8)
(4, 7)
(4, 6)
(4, 5)
(4, 4)
(4, 3)
(4, 2)
kaikki ok
Reitin pituus: 15
(16, 13)
(15, 13)
(14, 13)
(13, 13)
(12, 13)
(12, 12)
(12, 11)
(11, 11)
(10, 11)
(9, 11)
(8, 11)
(7, 11)
(6, 11)
(6, 10)
(6, 9)
(6, 8)
kaikki ok
Reitin pituus: 13
(8, 18)
(8, 17)
(7, 17)
(6, 17)
(6, 16)
(6, 15)
(5, 15)
(4, 15)
(4, 14)
(4, 13)
(4, 12)
(4, 11)
(4, 10)
(4, 9)
kaikki ok
Reitin pituus: 11
(4, 17)
(4, 16)
(4, 15)
(5, 15)
(6, 15)
(7, 15)
(8, 15)
(9, 15)
(10, 15)
(10, 14)
(10, 13)
(11, 13)
kaikki ok
Reitin pituus: 12
(8, 1)
(8, 2)
(8, 3)
(9, 3)
(10, 3)
(11, 3)
(12, 3)
(13, 3)
(14, 3)
(14, 4)
(14, 5)
(15, 5)
(16, 5)
kaikki ok
Reitin pituus: 13
(14, 12)
(14, 13)
(14, 14)
(14, 15)
(13, 15)
(12, 15)
(12, 16)
(12, 17)
(11, 17)
(10, 17)
(10, 18)
(10, 19)
(9, 19)
(8, 19)
kaikki ok
Reitin pituus: 22
(8, 3)
(9, 3)
(10, 3)
(11, 3)
(12, 3)
(13, 3)
(14, 3)
(14, 4)
(14, 5)
(14, 6)
(14, 7)
(14, 8)
(14, 9)
(14, 10)
(14, 11)
(14, 12)
(14, 13)
(15, 13)
(16, 13)
(17, 13)
(17, 14)
(17, 15)
(16, 15)
kaikki ok
Reitin pituus: 24
(6, 19)
(7, 19)
(8, 19)
(8, 18)
(8, 17)
(7, 17)
(6, 17)
(6, 16)
(6, 15)
(5, 15)
(4, 15)
(4, 14)
(4, 13)
(4, 12)
(4, 11)
(4, 10)
(4, 9)
(4, 8)
(4, 7)
(4, 6)
(4, 5)
(4, 4)
(4, 3)
(3, 3)
(2, 3)
kaikki ok
Reitin pituus: 19
(11, 17)
(12, 17)
(12, 16)
(12, 15)
(13, 15)
(14, 15)
(14, 14)
(14, 13)
(14, 12)
(14, 11)
(14, 10)
(14, 9)
(13, 9)
(12, 9)
(12, 8)
(12, 7)
(11, 7)
(10, 7)
(9, 7)
(9, 8)
kaikki ok
Reitin pituus: 31
(17, 17)
(16, 17)
(15, 17)
(14, 17)
(14, 16)
(14, 15)
(13, 15)
(12, 15)
(11, 15)
(10, 15)
(9, 15)
(8, 15)
(8, 14)
(8, 13)
(7, 13)
(6, 13)
(6, 12)
(6, 11)
(6, 10)
(6, 9)
(5, 9)
(4, 9)
(4, 8)
(4, 7)
(4, 6)
(4, 5)
(4, 4)
(4, 3)
(3, 3)
(2, 3)
(1, 3)
(1, 2)
kaikki ok
Reitin pituus: 24
(2, 19)
(3, 19)
(4, 19)
(5, 19)
(6, 19)
(7, 19)
(8, 19)
(9, 19)
(10, 19)
(10, 18)
(10, 17)
(11, 17)
(12, 17)
(12, 16)
(12, 15)
(13, 15)
(14, 15)
(14, 14)
(14, 13)
(14, 12)
(14, 11)
(14, 10)
(14, 9)
(14, 8)
(14, 7)
kaikki ok
Reitin pituus: 9
(6, 7)
(6, 8)
(6, 9)
(5, 9)
(4, 9)
(4, 8)
(4, 7)
(4, 6)
(4, 5)
(3, 5)
kaikki ok
Reitin pituus: 23
(13, 3)
(14, 3)
(14, 4)
(14, 5)
(14, 6)
(14, 7)
(14, 8)
(14, 9)
(14, 10)
(14, 11)
(14, 12)
(14, 13)
(14, 14)
(14, 15)
(13, 15)
(12, 15)
(11, 15)
(10, 15)
(9, 15)
(8, 15)
(7, 15)
(6, 15)
(6, 16)
(6, 17)
kaikki ok
Reitin pituus: 13
(4, 7)
(4, 6)
(4, 5)
(4, 4)
(4, 3)
(5, 3)
(6, 3)
(7, 3)
(8, 3)
(9, 3)
(10, 3)
(11, 3)
(12, 3)
(12, 4)
kaikki ok
Reitin pituus: 24
(11, 17)
(12, 17)
(12, 16)
(12, 15)
(11, 15)
(10, 15)
(9, 15)
(8, 15)
(8, 14)
(8, 13)
(7, 13)
(6, 13)
(5, 13)
(4, 13)
(4, 12)
(4, 11)
(4, 10)
(4, 9)
(4, 8)
(4, 7)
(4, 6)
(4, 5)
(4, 4)
(4, 3)
(5, 3)
kaikki ok
Reitin pituus: 19
(9, 9)
(9, 8)
(9, 7)
(10, 7)
(11, 7)
(12, 7)
(12, 8)
(12, 9)
(13, 9)
(14, 9)
(14, 10)
(14, 11)
(14, 12)
(14, 13)
(14, 14)
(14, 15)
(14, 16)
(14, 17)
(15, 17)
(16, 17)
kaikki ok
Reitin pituus: 18
(4, 9)
(5, 9)
(6, 9)
(6, 8)
(6, 7)
(7, 7)
(8, 7)
(9, 7)
(10, 7)
(10, 6)
(10, 5)
(11, 5)
(12, 5)
(12, 4)
(12, 3)
(13, 3)
(14, 3)
(14, 2)
(14, 1)
kaikki ok
Reitin pituus: 7
(14, 5)
(14, 4)
(14, 3)
(13, 3)
(12, 3)
(11, 3)
(10, 3)
(10, 2)
kaikki ok
Reitin pituus: 21
(10, 3)
(9, 3)
(8, 3)
(7, 3)
(6, 3)
(6, 4)
(6, 5)
(7, 5)
(8, 5)
(8, 6)
(8, 7)
(7, 7)
(6, 7)
(6, 8)
(6, 9)
(6, 10)
(6, 11)
(6, 12)
(6, 13)
(7, 13)
(8, 13)
(8, 14)
kaikki ok
Reitin pituus: 8
(11, 11)
(12, 11)
(12, 10)
(12, 9)
(13, 9)
(14, 9)
(14, 8)
(14, 7)
(14, 6)
kaikki ok
Reitin pituus: 12
(6, 7)
(7, 7)
(8, 7)
(9, 7)
(10, 7)
(11, 7)
(12, 7)
(12, 8)
(12, 9)
(13, 9)
(14, 9)
(14, 8)
(14, 7)
kaikki ok
Reitin pituus: 7
(10, 11)
(9, 11)
(8, 11)
(7, 11)
(6, 11)
(6, 12)
(6, 13)
(7, 13)
kaikki ok
Reitin pituus: 23
(1, 3)
(2, 3)
(3, 3)
(4, 3)
(4, 4)
(4, 5)
(4, 6)
(4, 7)
(4, 8)
(4, 9)
(4, 10)
(4, 11)
(4, 12)
(4, 13)
(4, 14)
(4, 15)
(5, 15)
(6, 15)
(7, 15)
(8, 15)
(9, 15)
(10, 15)
(11, 15)
(12, 15)
kaikki ok
Reitin pituus: 5
(7, 15)
(8, 15)
(8, 14)
(8, 13)
(7, 13)
(6, 13)
kaikki ok
Reitin pituus: 8
(10, 15)
(9, 15)
(8, 15)
(7, 15)
(6, 15)
(5, 15)
(4, 15)
(4, 16)
(4, 17)
kaikki ok
Reitin pituus: 30
(4, 1)
(4, 2)
(4, 3)
(5, 3)
(6, 3)
(6, 4)
(6, 5)
(7, 5)
(8, 5)
(8, 6)
(8, 7)
(9, 7)
(10, 7)
(11, 7)
(12, 7)
(12, 8)
(12, 9)
(12, 10)
(12, 11)
(12, 12)
(12, 13)
(13, 13)
(14, 13)
(14, 14)
(14, 15)
(14, 16)
(14, 17)
(15, 17)
(16, 17)
(17, 17)
(17, 18)
kaikki ok
Reitin pituus: 20
(4, 1)
(4, 2)
(4, 3)
(4, 4)
(4, 5)
(4, 6)
(4, 7)
(4, 8)
(4, 9)
(4, 10)
(4, 11)
(4, 12)
(4, 13)
(4, 14)
(4, 15)
(5, 15)
(6, 15)
(6, 16)
(6, 17)
(7, 17)
(8, 17)
kaikki ok
Reitin pituus: 18
(4, 5)
(4, 6)
(4, 7)
(4, 8)
(4, 9)
(5, 9)
(6, 9)
(6, 10)
(6, 11)
(6, 12)
(6, 13)
(7, 13)
(8, 13)
(8, 14)
(8, 15)
(9, 15)
(10, 15)
(11, 15)
(12, 15)
kaikki ok
Reitin pituus: 12
(8, 11)
(9, 11)
(10, 11)
(11, 11)
(12, 11)
(12, 12)
(12, 13)
(11, 13)
(10, 13)
(10, 14)
(10, 15)
(11, 15)
(12, 15)
kaikki ok
Reitin pituus: 8
(10, 3)
(9, 3)
(8, 3)
(7, 3)
(6, 3)
(5, 3)
(4, 3)
(4, 4)
(4, 5)
kaikki ok
Reitin pituus: 10
(6, 15)
(6, 16)
(6, 17)
(7, 17)
(8, 17)
(8, 18)
(8, 19)
(9, 19)
(10, 19)
(11, 19)
(12, 19)
kaikki ok
Reitin pituus: 20
(4, 5)
(4, 6)
(4, 7)
(4, 8)
(4, 9)
(5, 9)
(6, 9)
(6, 10)
(6, 11)
(7, 11)
(8, 11)
(9, 11)
(10, 11)
(11, 11)
(12, 11)
(12, 12)
(12, 13)
(13, 13)
(14, 13)
(15, 13)
(16, 13)
kaikki ok
Reitin pituus: 12
(7, 11)
(6, 11)
(6, 10)
(6, 9)
(6, 8)
(6, 7)
(7, 7)
(8, 7)
(9, 7)
(10, 7)
(10, 6)
(10, 5)
(11, 5)
kaikki ok
Reitin pituus: 23
(2, 3)
(3, 3)
(4, 3)
(4, 4)
(4, 5)
(4, 6)
(4, 7)
(4, 8)
(4, 9)
(5, 9)
(6, 9)
(6, 10)
(6, 11)
(6, 12)
(6, 13)
(7, 13)
(8, 13)
(8, 14)
(8, 15)
(9, 15)
(10, 15)
(11, 15)
(12, 15)
(13, 15)
kaikki ok
Reitin pituus: 10
(4, 14)
(4, 15)
(5, 15)
(6, 15)
(6, 16)
(6, 17)
(7, 17)
(8, 17)
(8, 18)
(8, 19)
(7, 19)
kaikki ok
Reitin pituus: 19
(4, 9)
(5, 9)
(6, 9)
(6, 10)
(6, 11)
(7, 11)
(8, 11)
(9, 11)
(10, 11)
(11, 11)
(12, 11)
(12, 12)
(12, 13)
(13, 13)
(14, 13)
(15, 13)
(16, 13)
(17, 13)
(17, 14)
(17, 15)
kaikki ok
Reitin pituus: 14
(12, 8)
(12, 9)
(12, 10)
(12, 11)
(12, 12)
(12, 13)
(11, 13)
(10, 13)
(10, 14)
(10, 15)
(9, 15)
(8, 15)
(7, 15)
(6, 15)
(6, 16)
kaikki ok
Reitin pituus: 13
(12, 7)
(11, 7)
(10, 7)
(9, 7)
(8, 7)
(7, 7)
(6, 7)
(6, 8)
(6, 9)
(6, 10)
(6, 11)
(6, 12)
(6, 13)
(7, 13)
kaikki ok
Reitin pituus: 23
(3, 13)
(4, 13)
(5, 13)
(6, 13)
(6, 12)
(6, 11)
(7, 11)
(8, 11)
(9, 11)
(10, 11)
(11, 11)
(12, 11)
(12, 10)
(12, 9)
(13, 9)
(14, 9)
(14, 8)
(14, 7)
(14, 6)
(14, 5)
(15, 5)
(16, 5)
(17, 5)
(17, 4)
kaikki ok
Reitin pituus: 23
(10, 14)
(10, 15)
(9, 15)
(8, 15)
(7, 15)
(6, 15)
(5, 15)
(4, 15)
(4, 14)
(4, 13)
(4, 12)
(4, 11)
(4, 10)
(4, 9)
(4, 8)
(4, 7)
(4, 6)
(4, 5)
(4, 4)
(4, 3)
(3, 3)
(2, 3)
(1, 3)
(1, 2)
kaikki ok
Reitin pituus: 14
(12, 4)
(12, 3)
(13, 3)
(14, 3)
(14, 4)
(14, 5)
(14, 6)
(14, 7)
(14, 8)
(14, 9)
(14, 10)
(14, 11)
(14, 12)
(14, 13)
(14, 14)
kaikki ok
Reitin pituus: 16
(13, 15)
(12, 15)
(11, 15)
(10, 15)
(9, 15)
(8, 15)
(7, 15)
(6, 15)
(5, 15)
(4, 15)
(4, 14)
(4, 13)
(3, 13)
(2, 13)
(1, 13)
(1, 14)
(1, 15)
kaikki ok
Reitin pituus: 11
(4, 2)
(4, 3)
(5, 3)
(6, 3)
(6, 4)
(6, 5)
(7, 5)
(8, 5)
(8, 6)
(8, 7)
(9, 7)
(10, 7)
kaikki ok
Reitin pituus: 2
(17, 17)
(16, 17)
(15, 17)
kaikki ok
Reitin pituus: 18
(10, 3)
(11, 3)
(12, 3)
(13, 3)
(14, 3)
(14, 4)
(14, 5)
(14, 6)
(14, 7)
(14, 8)
(14, 9)
(14, 10)
(14, 11)
(14, 12)
(14, 13)
(14, 14)
(14, 15)
(14, 16)
(14, 17)
kaikki ok
Reitin pituus: 17
(2, 15)
(1, 15)
(1, 14)
(1, 13)
(2, 13)
(3, 13)
(4, 13)
(4, 12)
(4, 11)
(4, 10)
(4, 9)
(4, 8)
(4, 7)
(4, 6)
(4, 5)
(3, 5)
(2, 5)
(1, 5)
kaikki ok
Reitin pituus: 18
(16, 5)
(15, 5)
(14, 5)
(14, 4)
(14, 3)
(13, 3)
(12, 3)
(11, 3)
(10, 3)
(9, 3)
(8, 3)
(7, 3)
(6, 3)
(5, 3)
(4, 3)
(4, 2)
(4, 1)
(3, 1)
(2, 1)
kaikki ok
Reitin pituus: 2
(17, 3)
(17, 4)
(17, 5)
kaikki ok
Reitin pituus: 14
(4, 3)
(5, 3)
(6, 3)
(7, 3)
(8, 3)
(9, 3)
(10, 3)
(11, 3)
(12, 3)
(13, 3)
(14, 3)
(14, 4)
(14, 5)
(14, 6)
(14, 7)
kaikki ok
Reitin pituus: 11
(10, 15)
(9, 15)
(8, 15)
(7, 15)
(6, 15)
(5, 15)
(4, 15)
(4, 14)
(4, 13)
(3, 13)
(2, 13)
(1, 13)
kaikki ok
Reitin pituus: 20
(6, 19)
(7, 19)
(8, 19)
(8, 18)
(8, 17)
(7, 17)
(6, 17)
(6, 16)
(6, 15)
(5, 15)
(4, 15)
(4, 14)
(4, 13)
(5, 13)
(6, 13)
(6, 12)
(6, 11)
(6, 10)
(6, 9)
(6, 8)
(6, 7)
kaikki ok
Reitin pituus: 25
(3, 19)
(2, 19)
(1, 19)
(1, 18)
(1, 17)
(2, 17)
(3, 17)
(4, 17)
(4, 16)
(4, 15)
(4, 14)
(4, 13)
(4, 12)
(4, 11)
(4, 10)
(4, 9)
(5, 9)
(6, 9)
(6, 8)
(6, 7)
(7, 7)
(8, 7)
(9, 7)
(9, 8)
(9, 9)
(10, 9)
kaikki ok
Reitin pituus: 19
(14, 5)
(14, 6)
(14, 7)
(14, 8)
(14, 9)
(13, 9)
(12, 9)
(12, 10)
(12, 11)
(11, 11)
(10, 11)
(9, 11)
(8, 11)
(7, 11)
(6, 11)
(6, 12)
(6, 13)
(5, 13)
(4, 13)
(4, 12)
kaikki ok
Reitin pituus: 8
(4, 8)
(4, 9)
(5, 9)
(6, 9)
(6, 8)
(6, 7)
(7, 7)
(8, 7)
(8, 6)
kaikki ok
Reitin pituus: 23
(14, 17)
(14, 16)
(14, 15)
(13, 15)
(12, 15)
(11, 15)
(10, 15)
(9, 15)
(8, 15)
(8, 14)
(8, 13)
(7, 13)
(6, 13)
(6, 12)
(6, 11)
(6, 10)
(6, 9)
(5, 9)
(4, 9)
(4, 8)
(4, 7)
(4, 6)
(4, 5)
(3, 5)
kaikki ok
Reitin pituus: 3
(5, 3)
(6, 3)
(6, 4)
(6, 5)
kaikki ok
Reitin pituus: 14
(5, 13)
(6, 13)
(6, 12)
(6, 11)
(7, 11)
(8, 11)
(9, 11)
(10, 11)
(11, 11)
(12, 11)
(12, 10)
(12, 9)
(13, 9)
(14, 9)
(14, 8)
kaikki ok
Reitin pituus: 11
(8, 5)
(8, 6)
(8, 7)
(9, 7)
(10, 7)
(11, 7)
(12, 7)
(12, 8)
(12, 9)
(13, 9)
(14, 9)
(14, 8)
kaikki ok
Reitin pituus: 16
(17, 5)
(16, 5)
(15, 5)
(14, 5)
(14, 6)
(14, 7)
(14, 8)
(14, 9)
(14, 10)
(14, 11)
(14, 12)
(14, 13)
(14, 14)
(14, 15)
(13, 15)
(12, 15)
(11, 15)
kaikki ok
Reitin pituus: 4
(11, 7)
(10, 7)
(9, 7)
(8, 7)
(7, 7)
kaikki ok
Reitin pituus: 21
(10, 9)
(9, 9)
(9, 8)
(9, 7)
(10, 7)
(11, 7)
(12, 7)
(12, 8)
(12, 9)
(13, 9)
(14, 9)
(14, 10)
(14, 11)
(14, 12)
(14, 13)
(14, 14)
(14, 15)
(14, 16)
(14, 17)
(15, 17)
(16, 17)
(17, 17)
kaikki ok
Reitin pituus: 15
(8, 11)
(7, 11)
(6, 11)
(6, 12)
(6, 13)
(5, 13)
(4, 13)
(4, 14)
(4, 15)
(4, 16)
(4, 17)
(3, 17)
(2, 17)
(1, 17)
(1, 18)
(1, 19)
kaikki ok
Reitin pituus: 3
(15, 5)
(14, 5)
(14, 4)
(14, 3)
kaikki ok
Reitin pituus: 10
(14, 15)
(13, 15)
(12, 15)
(11, 15)
(10, 15)
(9, 15)
(8, 15)
(8, 14)
(8, 13)
(7, 13)
(6, 13)
kaikki ok
Reitin pituus: 9
(4, 19)
(5, 19)
(6, 19)
(7, 19)
(8, 19)
(8, 18)
(8, 17)
(7, 17)
(6, 17)
(6, 16)
kaikki ok
Reitin pituus: 11
(4, 8)
(4, 7)
(4, 6)
(4, 5)
(4, 4)
(4, 3)
(5, 3)
(6, 3)
(7, 3)
(8, 3)
(9, 3)
(10, 3)
kaikki ok
Reitin pituus: 21
(9, 15)
(8, 15)
(8, 14)
(8, 13)
(7, 13)
(6, 13)
(6, 12)
(6, 11)
(6, 10)
(6, 9)
(5, 9)
(4, 9)
(4, 8)
(4, 7)
(4, 6)
(4, 5)
(4, 4)
(4, 3)
(4, 2)
(4, 1)
(3, 1)
(2, 1)
kaikki ok
Reitin pituus: 19
(2, 5)
(3, 5)
(4, 5)
(4, 6)
(4, 7)
(4, 8)
(4, 9)
(5, 9)
(6, 9)
(6, 10)
(6, 11)
(7, 11)
(8, 11)
(9, 11)
(10, 11)
(11, 11)
(12, 11)
(12, 12)
(12, 13)
(13, 13)
kaikki ok
Reitin pituus: 12
(16, 5)
(15, 5)
(14, 5)
(14, 4)
(14, 3)
(13, 3)
(12, 3)
(11, 3)
(10, 3)
(9, 3)
(8, 3)
(7, 3)
(6, 3)
kaikki ok
Reitin pituus: 1
(5, 9)
(6, 9)
kaikki ok
Reitin pituus: 6
(14, 17)
(14, 16)
(14, 15)
(14, 14)
(14, 13)
(13, 13)
(12, 13)
kaikki ok
Reitin pituus: 18
(16, 17)
(15, 17)
(14, 17)
(14, 16)
(14, 15)
(14, 14)
(14, 13)
(14, 12)
(14, 11)
(14, 10)
(14, 9)
(14, 8)
(14, 7)
(14, 6)
(14, 5)
(14, 4)
(14, 3)
(13, 3)
(12, 3)
kaikki ok
Reitin pituus: 10
(4, 16)
(4, 15)
(5, 15)
(6, 15)
(7, 15)
(8, 15)
(9, 15)
(10, 15)
(11, 15)
(12, 15)
(13, 15)
kaikki ok
Reitin pituus: 9
(12, 3)
(11, 3)
(10, 3)
(9, 3)
(8, 3)
(7, 3)
(6, 3)
(5, 3)
(4, 3)
(3, 3)
kaikki ok
Reitin pituus: 17
(6, 4)
(6, 5)
(7, 5)
(8, 5)
(8, 6)
(8, 7)
(9, 7)
(10, 7)
(11, 7)
(12, 7)
(12, 8)
(12, 9)
(12, 10)
(12, 11)
(12, 12)
(12, 13)
(11, 13)
(10, 13)
kaikki ok
Reitin pituus: 18
(7, 3)
(6, 3)
(5, 3)
(4, 3)
(4, 4)
(4, 5)
(4, 6)
(4, 7)
(4, 8)
(4, 9)
(4, 10)
(4, 11)
(4, 12)
(4, 13)
(4, 14)
(4, 15)
(5, 15)
(6, 15)
(6, 16)
kaikki ok
Reitin pituus: 7
(9, 8)
(9, 7)
(8, 7)
(7, 7)
(6, 7)
(6, 8)
(6, 9)
(5, 9)
kaikki ok
Reitin pituus: 18
(2, 3)
(3, 3)
(4, 3)
(4, 4)
(4, 5)
(4, 6)
(4, 7)
(4, 8)
(4, 9)
(5, 9)
(6, 9)
(6, 10)
(6, 11)
(6, 12)
(6, 13)
(7, 13)
(8, 13)
(8, 14)
(8, 15)
kaikki ok
Reitin pituus: 22
(5, 1)
(6, 1)
(7, 1)
(8, 1)
(8, 2)
(8, 3)
(9, 3)
(10, 3)
(11, 3)
(12, 3)
(13, 3)
(14, 3)
(14, 4)
(14, 5)
(14, 6)
(14, 7)
(14, 8)
(14, 9)
(14, 10)
(14, 11)
(14, 12)
(14, 13)
(14, 14)
kaikki ok
Reitin pituus: 31
(14, 1)
(14, 2)
(14, 3)
(13, 3)
(12, 3)
(12, 4)
(12, 5)
(11, 5)
(10, 5)
(10, 6)
(10, 7)
(9, 7)
(8, 7)
(7, 7)
(6, 7)
(6, 8)
(6, 9)
(6, 10)
(6, 11)
(6, 12)
(6, 13)
(5, 13)
(4, 13)
(4, 14)
(4, 15)
(4, 16)
(4, 17)
(3, 17)
(2, 17)
(1, 17)
(1, 18)
(1, 19)
kaikki ok
Reitin pituus: 11
(14, 14)
(14, 15)
(13, 15)
(12, 15)
(11, 15)
(10, 15)
(9, 15)
(8, 15)
(7, 15)
(6, 15)
(6, 16)
(6, 17)
kaikki ok
Reitin pituus: 4
(8, 7)
(7, 7)
(6, 7)
(6, 8)
(6, 9)
kaikki ok
Reitin pituus: 9
(17, 14)
(17, 13)
(16, 13)
(15, 13)
(14, 13)
(13, 13)
(12, 13)
(12, 12)
(12, 11)
(12, 10)
kaikki ok
Reitin pituus: 23
(16, 5)
(15, 5)
(14, 5)
(14, 6)
(14, 7)
(14, 8)
(14, 9)
(13, 9)
(12, 9)
(12, 10)
(12, 11)
(11, 11)
(10, 11)
(9, 11)
(8, 11)
(7, 11)
(6, 11)
(6, 12)
(6, 13)
(5, 13)
(4, 13)
(3, 13)
(2, 13)
(1, 13)
kaikki ok
Reitin pituus: 1
(10, 5)
(11, 5)
kaikki ok
Reitin pituus: 22
(10, 2)
(10, 3)
(11, 3)
(12, 3)
(13, 3)
(14, 3)
(14, 4)
(14, 5)
(14, 6)
(14, 7)
(14, 8)
(14, 9)
(14, 10)
(14, 11)
(14, 12)
(14, 13)
(15, 13)
(16, 13)
(17, 13)
(17, 14)
(17, 15)
(16, 15)
(16, 16)
kaikki ok
Reitin pituus: 2
(1, 13)
(1, 14)
(1, 15)
kaikki ok
Reitin pituus: 3
(12, 16)
(12, 15)
(13, 15)
(14, 15)
kaikki ok
Reitin pituus: 22
(4, 10)
(4, 9)
(5, 9)
(6, 9)
(6, 8)
(6, 7)
(7, 7)
(8, 7)
(9, 7)
(10, 7)
(10, 6)
(10, 5)
(11, 5)
(12, 5)
(12, 4)
(12, 3)
(13, 3)
(14, 3)
(15, 3)
(16, 3)
(17, 3)
(17, 4)
(17, 5)
kaikki ok
Reitin pituus: 13
(9, 11)
(8, 11)
(7, 11)
(6, 11)
(6, 12)
(6, 13)
(5, 13)
(4, 13)
(4, 14)
(4, 15)
(4, 16)
(4, 17)
(3, 17)
(2, 17)
kaikki ok
Reitin pituus: 19
(2, 19)
(1, 19)
(1, 18)
(1, 17)
(2, 17)
(3, 17)
(4, 17)
(4, 16)
(4, 15)
(4, 14)
(4, 13)
(4, 12)
(4, 11)
(4, 10)
(4, 9)
(4, 8)
(4, 7)
(4, 6)
(4, 5)
(4, 4)
kaikki ok
Reitin pituus: 15
(4, 5)
(4, 4)
(4, 3)
(5, 3)
(6, 3)
(7, 3)
(8, 3)
(9, 3)
(10, 3)
(10, 2)
(10, 1)
(11, 1)
(12, 1)
(13, 1)
(14, 1)
(15, 1)
kaikki ok
Reitin pituus: 10
(3, 19)
(4, 19)
(5, 19)
(6, 19)
(7, 19)
(8, 19)
(9, 19)
(10, 19)
(10, 18)
(10, 17)
(11, 17)
kaikki ok
Reitin pituus: 7
(12, 4)
(12, 3)
(13, 3)
(14, 3)
(15, 3)
(16, 3)
(17, 3)
(17, 4)
kaikki ok
Reitin pituus: 18
(10, 14)
(10, 13)
(11, 13)
(12, 13)
(13, 13)
(14, 13)
(14, 12)
(14, 11)
(14, 10)
(14, 9)
(14, 8)
(14, 7)
(14, 6)
(14, 5)
(14, 4)
(14, 3)
(14, 2)
(14, 1)
(15, 1)
kaikki ok
Reitin pituus: 9
(13, 3)
(12, 3)
(11, 3)
(10, 3)
(9, 3)
(8, 3)
(8, 2)
(8, 1)
(7, 1)
(6, 1)
kaikki ok
Reitin pituus: 10
(15, 19)
(14, 19)
(13, 19)
(12, 19)
(11, 19)
(10, 19)
(10, 18)
(10, 17)
(11, 17)
(12, 17)
(12, 16)
kaikki ok
Reitin pituus: 23
(16, 1)
(15, 1)
(14, 1)
(14, 2)
(14, 3)
(13, 3)
(12, 3)
(12, 4)
(12, 5)
(11, 5)
(10, 5)
(10, 6)
(10, 7)
(9, 7)
(8, 7)
(7, 7)
(6, 7)
(6, 8)
(6, 9)
(6, 10)
(6, 11)
(6, 12)
(6, 13)
(5, 13)
kaikki ok
Reitin pituus: 19
(14, 13)
(13, 13)
(12, 13)
(12, 12)
(12, 11)
(11, 11)
(10, 11)
(9, 11)
(8, 11)
(7, 11)
(6, 11)
(6, 10)
(6, 9)
(5, 9)
(4, 9)
(4, 8)
(4, 7)
(4, 6)
(4, 5)
(3, 5)
kaikki ok
Reitin pituus: 12
(15, 13)
(14, 13)
(13, 13)
(12, 13)
(12, 12)
(12, 11)
(11, 11)
(10, 11)
(9, 11)
(8, 11)
(7, 11)
(6, 11)
(6, 10)
kaikki ok
Reitin pituus: 14
(5, 13)
(6, 13)
(6, 12)
(6, 11)
(7, 11)
(8, 11)
(9, 11)
(10, 11)
(11, 11)
(12, 11)
(12, 12)
(12, 13)
(13, 13)
(14, 13)
(14, 12)
kaikki ok
Reitin pituus: 4
(12, 3)
(13, 3)
(14, 3)
(14, 4)
(14, 5)
kaikki ok
Reitin pituus: 12
(14, 14)
(14, 13)
(14, 12)
(14, 11)
(14, 10)
(14, 9)
(14, 8)
(14, 7)
(14, 6)
(14, 5)
(14, 4)
(14, 3)
(13, 3)
kaikki ok
Reitin pituus: 9
(12, 7)
(12, 8)
(12, 9)
(13, 9)
(14, 9)
(14, 10)
(14, 11)
(14, 12)
(14, 13)
(14, 14)
kaikki ok
Reitin pituus: 8
(9, 7)
(8, 7)
(7, 7)
(6, 7)
(6, 8)
(6, 9)
(5, 9)
(4, 9)
(4, 10)
kaikki ok
Reitin pituus: 6
(14, 5)
(14, 6)
(14, 7)
(14, 8)
(14, 9)
(13, 9)
(12, 9)
kaikki ok
Reitin pituus: 11
(11, 19)
(10, 19)
(10, 18)
(10, 17)
(11, 17)
(12, 17)
(12, 16)
(12, 15)
(13, 15)
(14, 15)
(14, 16)
(14, 17)
kaikki ok
Reitin pituus: 18
(12, 10)
(12, 11)
(11, 11)
(10, 11)
(9, 11)
(8, 11)
(7, 11)
(6, 11)
(6, 12)
(6, 13)
(5, 13)
(4, 13)
(3, 13)
(2, 13)
(1, 13)
(1, 14)
(1, 15)
(2, 15)
(2, 16)
kaikki ok
Reitin pituus: 24
(11, 19)
(10, 19)
(10, 18)
(10, 17)
(11, 17)
(12, 17)
(12, 16)
(12, 15)
(13, 15)
(14, 15)
(14, 14)
(14, 13)
(14, 12)
(14, 11)
(14, 10)
(14, 9)
(14, 8)
(14, 7)
(14, 6)
(14, 5)
(14, 4)
(14, 3)
(13, 3)
(12, 3)
(12, 4)
kaikki ok
Reitin pituus: 17
(12, 3)
(13, 3)
(14, 3)
(14, 4)
(14, 5)
(14, 6)
(14, 7)
(14, 8)
(14, 9)
(14, 10)
(14, 11)
(14, 12)
(14, 13)
(14, 14)
(14, 15)
(14, 16)
(14, 17)
(15, 17)
kaikki ok
Reitin pituus: 16
(5, 9)
(6, 9)
(6, 8)
(6, 7)
(7, 7)
(8, 7)
(9, 7)
(10, 7)
(10, 6)
(10, 5)
(11, 5)
(12, 5)
(12, 4)
(12, 3)
(13, 3)
(14, 3)
(15, 3)
kaikki ok
Reitin pituus: 19
(6, 9)
(6, 8)
(6, 7)
(7, 7)
(8, 7)
(9, 7)
(10, 7)
(10, 6)
(10, 5)
(11, 5)
(12, 5)
(12, 4)
(12, 3)
(13, 3)
(14, 3)
(14, 4)
(14, 5)
(15, 5)
(16, 5)
(17, 5)
kaikki ok
Reitin pituus: 20
(10, 18)
(10, 17)
(11, 17)
(12, 17)
(12, 16)
(12, 15)
(11, 15)
(10, 15)
(9, 15)
(8, 15)
(8, 14)
(8, 13)
(7, 13)
(6, 13)
(6, 12)
(6, 11)
(6, 10)
(6, 9)
(6, 8)
(6, 7)
(7, 7)
kaikki ok
Reitin pituus: 11
(1, 15)
(1, 14)
(1, 13)
(2, 13)
(3, 13)
(4, 13)
(4, 12)
(4, 11)
(4, 10)
(4, 9)
(4, 8)
(4, 7)
kaikki ok
Reitin pituus: 11
(9, 11)
(10, 11)
(11, 11)
(12, 11)
(12, 10)
(12, 9)
(13, 9)
(14, 9)
(14, 8)
(14, 7)
(14, 6)
(14, 5)
kaikki ok
Reitin pituus: 21
(3, 17)
(4, 17)
(4, 16)
(4, 15)
(4, 14)
(4, 13)
(4, 12)
(4, 11)
(4, 10)
(4, 9)
(5, 9)
(6, 9)
(6, 8)
(6, 7)
(7, 7)
(8, 7)
(9, 7)
(10, 7)
(10, 6)
(10, 5)
(11, 5)
(12, 5)
kaikki ok
Reitin pituus: 6
(7, 17)
(8, 17)
(8, 18)
(8, 19)
(7, 19)
(6, 19)
(5, 19)
kaikki ok
Reitin pituus: 26
(12, 19)
(11, 19)
(10, 19)
(10, 18)
(10, 17)
(11, 17)
(12, 17)
(12, 16)
(12, 15)
(13, 15)
(14, 15)
(14, 14)
(14, 13)
(14, 12)
(14, 11)
(14, 10)
(14, 9)
(14, 8)
(14, 7)
(14, 6)
(14, 5)
(14, 4)
(14, 3)
(13, 3)
(12, 3)
(11, 3)
(10, 3)
kaikki ok
Reitin pituus: 19
(17, 15)
(16, 15)
(16, 16)
(16, 17)
(15, 17)
(14, 17)
(14, 16)
(14, 15)
(13, 15)
(12, 15)
(11, 15)
(10, 15)
(9, 15)
(8, 15)
(7, 15)
(6, 15)
(5, 15)
(4, 15)
(4, 16)
(4, 17)
kaikki ok
Reitin pituus: 9
(7, 5)
(6, 5)
(6, 4)
(6, 3)
(5, 3)
(4, 3)
(4, 4)
(4, 5)
(3, 5)
(2, 5)
kaikki ok
Reitin pituus: 20
(4, 10)
(4, 9)
(5, 9)
(6, 9)
(6, 8)
(6, 7)
(7, 7)
(8, 7)
(9, 7)
(10, 7)
(10, 6)
(10, 5)
(11, 5)
(12, 5)
(12, 4)
(12, 3)
(13, 3)
(14, 3)
(14, 2)
(14, 1)
(15, 1)
kaikki ok
Reitin pituus: 8
(1, 5)
(2, 5)
(3, 5)
(4, 5)
(4, 6)
(4, 7)
(4, 8)
(4, 9)
(5, 9)
kaikki ok
Reitin pituus: 22
(11, 19)
(10, 19)
(10, 18)
(10, 17)
(11, 17)
(12, 17)
(12, 16)
(12, 15)
(13, 15)
(14, 15)
(14, 14)
(14, 13)
(14, 12)
(14, 11)
(14, 10)
(14, 9)
(14, 8)
(14, 7)
(14, 6)
(14, 5)
(14, 4)
(14, 3)
(14, 2)
kaikki ok
Reitin pituus: 21
(3, 13)
(4, 13)
(5, 13)
(6, 13)
(6, 12)
(6, 11)
(7, 11)
(8, 11)
(9, 11)
(10, 11)
(11, 11)
(12, 11)
(12, 10)
(12, 9)
(13, 9)
(14, 9)
(14, 8)
(14, 7)
(14, 6)
(14, 5)
(15, 5)
(16, 5)
kaikki ok
Reitin pituus: 11
(3, 1)
(4, 1)
(4, 2)
(4, 3)
(5, 3)
(6, 3)
(7, 3)
(8, 3)
(9, 3)
(10, 3)
(10, 2)
(10, 1)
kaikki ok
Reitin pituus: 19
(14, 4)
(14, 5)
(14, 6)
(14, 7)
(14, 8)
(14, 9)
(13, 9)
(12, 9)
(12, 10)
(12, 11)
(11, 11)
(10, 11)
(9, 11)
(8, 11)
(7, 11)
(6, 11)
(6, 12)
(6, 13)
(5, 13)
(4, 13)
kaikki ok
Reitin pituus: 25
(1, 18)
(1, 17)
(2, 17)
(3, 17)
(4, 17)
(4, 16)
(4, 15)
(4, 14)
(4, 13)
(5, 13)
(6, 13)
(6, 12)
(6, 11)
(6, 10)
(6, 9)
(6, 8)
(6, 7)
(7, 7)
(8, 7)
(9, 7)
(10, 7)
(10, 6)
(10, 5)
(11, 5)
(12, 5)
(12, 4)
kaikki ok
Reitin pituus: 16
(2, 5)
(3, 5)
(4, 5)
(4, 6)
(4, 7)
(4, 8)
(4, 9)
(4, 10)
(4, 11)
(4, 12)
(4, 13)
(4, 14)
(4, 15)
(4, 16)
(4, 17)
(3, 17)
(2, 17)
kaikki ok
Reitin pituus: 24
(7, 3)
(8, 3)
(9, 3)
(10, 3)
(11, 3)
(12, 3)
(13, 3)
(14, 3)
(14, 4)
(14, 5)
(14, 6)
(14, 7)
(14, 8)
(14, 9)
(14, 10)
(14, 11)
(14, 12)
(14, 13)
(15, 13)
(16, 13)
(17, 13)
(17, 14)
(17, 15)
(16, 15)
(16, 16)
kaikki ok
Reitin pituus: 14
(3, 5)
(4, 5)
(4, 4)
(4, 3)
(5, 3)
(6, 3)
(6, 4)
(6, 5)
(7, 5)
(8, 5)
(8, 6)
(8, 7)
(9, 7)
(9, 8)
(9, 9)
kaikki ok
Reitin pituus: 0
(7, 7)
kaikki ok
Reitin pituus: 19
(14, 15)
(13, 15)
(12, 15)
(11, 15)
(10, 15)
(9, 15)
(8, 15)
(7, 15)
(6, 15)
(5, 15)
(4, 15)
(4, 14)
(4, 13)
(4, 12)
(4, 11)
(4, 10)
(4, 9)
(4, 8)
(4, 7)
(4, 6)
kaikki ok
Reitin pituus: 8
(14, 4)
(14, 5)
(14, 6)
(14, 7)
(14, 8)
(14, 9)
(13, 9)
(12, 9)
(12, 8)
kaikki ok
Reitin pituus: 10
(4, 8)
(4, 9)
(5, 9)
(6, 9)
(6, 8)
(6, 7)
(7, 7)
(8, 7)
(9, 7)
(10, 7)
(10, 6)
kaikki ok
Reitin pituus: 13
(10, 5)
(10, 6)
(10, 7)
(11, 7)
(12, 7)
(12, 8)
(12, 9)
(13, 9)
(14, 9)
(14, 10)
(14, 11)
(14, 12)
(14, 13)
(15, 13)
kaikki ok
Reitin pituus: 22
(12, 4)
(12, 5)
(11, 5)
(10, 5)
(10, 6)
(10, 7)
(9, 7)
(8, 7)
(7, 7)
(6, 7)
(6, 8)
(6, 9)
(5, 9)
(4, 9)
(4, 10)
(4, 11)
(4, 12)
(4, 13)
(3, 13)
(2, 13)
(1, 13)
(1, 14)
(1, 15)
kaikki ok
Reitin pituus: 20
(4, 12)
(4, 11)
(4, 10)
(4, 9)
(5, 9)
(6, 9)
(6, 8)
(6, 7)
(7, 7)
(8, 7)
(9, 7)
(10, 7)
(10, 6)
(10, 5)
(11, 5)
(12, 5)
(12, 4)
(12, 3)
(13, 3)
(14, 3)
(14, 4)
kaikki ok
Reitin pituus: 11
(2, 17)
(3, 17)
(4, 17)
(4, 16)
(4, 15)
(5, 15)
(6, 15)
(6, 16)
(6, 17)
(7, 17)
(8, 17)
(8, 18)
kaikki ok
Reitin pituus: 8
(12, 11)
(12, 12)
(12, 13)
(11, 13)
(10, 13)
(10, 14)
(10, 15)
(9, 15)
(8, 15)
kaikki ok
Reitin pituus: 26
(7, 19)
(8, 19)
(9, 19)
(10, 19)
(10, 18)
(10, 17)
(11, 17)
(12, 17)
(12, 16)
(12, 15)
(13, 15)
(14, 15)
(14, 14)
(14, 13)
(14, 12)
(14, 11)
(14, 10)
(14, 9)
(14, 8)
(14, 7)
(14, 6)
(14, 5)
(14, 4)
(14, 3)
(13, 3)
(12, 3)
(11, 3)
kaikki ok
Reitin pituus: 12
(11, 3)
(12, 3)
(13, 3)
(14, 3)
(14, 4)
(14, 5)
(14, 6)
(14, 7)
(14, 8)
(14, 9)
(14, 10)
(14, 11)
(14, 12)
kaikki ok
Reitin pituus: 8
(17, 4)
(17, 3)
(16, 3)
(15, 3)
(14, 3)
(13, 3)
(12, 3)
(12, 4)
(12, 5)
kaikki ok
Reitin pituus: 12
(9, 3)
(8, 3)
(7, 3)
(6, 3)
(6, 4)
(6, 5)
(7, 5)
(8, 5)
(8, 6)
(8, 7)
(7, 7)
(6, 7)
(6, 8)
kaikki ok
Reitin pituus: 23
(14, 11)
(14, 10)
(14, 9)
(14, 8)
(14, 7)
(14, 6)
(14, 5)
(14, 4)
(14, 3)
(13, 3)
(12, 3)
(11, 3)
(10, 3)
(9, 3)
(8, 3)
(8, 2)
(8, 1)
(7, 1)
(6, 1)
(5, 1)
(4, 1)
(3, 1)
(2, 1)
(1, 1)
kaikki ok
Reitin pituus: 21
(11, 3)
(12, 3)
(13, 3)
(14, 3)
(14, 4)
(14, 5)
(14, 6)
(14, 7)
(14, 8)
(14, 9)
(14, 10)
(14, 11)
(14, 12)
(14, 13)
(14, 14)
(14, 15)
(13, 15)
(12, 15)
(11, 15)
(10, 15)
(9, 15)
(8, 15)
kaikki ok
Reitin pituus: 9
(17, 3)
(16, 3)
(15, 3)
(14, 3)
(13, 3)
(12, 3)
(12, 4)
(12, 5)
(11, 5)
(10, 5)
kaikki ok
Reitin pituus: 23
(3, 3)
(4, 3)
(4, 4)
(4, 5)
(4, 6)
(4, 7)
(4, 8)
(4, 9)
(4, 10)
(4, 11)
(4, 12)
(4, 13)
(4, 14)
(4, 15)
(5, 15)
(6, 15)
(6, 16)
(6, 17)
(7, 17)
(8, 17)
(8, 18)
(8, 19)
(7, 19)
(6, 19)
kaikki ok
Reitin pituus: 13
(12, 13)
(11, 13)
(10, 13)
(10, 14)
(10, 15)
(11, 15)
(12, 15)
(12, 16)
(12, 17)
(11, 17)
(10, 17)
(10, 18)
(10, 19)
(11, 19)
kaikki ok
Reitin pituus: 11
(16, 3)
(15, 3)
(14, 3)
(13, 3)
(12, 3)
(11, 3)
(10, 3)
(9, 3)
(8, 3)
(7, 3)
(6, 3)
(6, 4)
kaikki ok
Reitin pituus: 22
(16, 19)
(17, 19)
(17, 18)
(17, 17)
(16, 17)
(15, 17)
(14, 17)
(14, 16)
(14, 15)
(14, 14)
(14, 13)
(14, 12)
(14, 11)
(14, 10)
(14, 9)
(14, 8)
(14, 7)
(14, 6)
(14, 5)
(14, 4)
(14, 3)
(13, 3)
(12, 3)
kaikki ok
Reitin pituus: 26
(16, 19)
(17, 19)
(17, 18)
(17, 17)
(16, 17)
(15, 17)
(14, 17)
(14, 16)
(14, 15)
(14, 14)
(14, 13)
(14, 12)
(14, 11)
(14, 10)
(14, 9)
(14, 8)
(14, 7)
(14, 6)
(14, 5)
(14, 4)
(14, 3)
(13, 3)
(12, 3)
(11, 3)
(10, 3)
(9, 3)
(8, 3)
kaikki ok
Reitin pituus: 13
(5, 13)
(6, 13)
(6, 12)
(6, 11)
(6, 10)
(6, 9)
(6, 8)
(6, 7)
(7, 7)
(8, 7)
(9, 7)
(9, 8)
(9, 9)
(10, 9)
kaikki ok
Reitin pituus: 14
(6, 11)
(6, 12)
(6, 13)
(7, 13)
(8, 13)
(8, 14)
(8, 15)
(9, 15)
(10, 15)
(11, 15)
(12, 15)
(12, 16)
(12, 17)
(11, 17)
(10, 17)
kaikki ok
Reitin pituus: 9
(4, 3)
(4, 4)
(4, 5)
(4, 6)
(4, 7)
(4, 8)
(4, 9)
(5, 9)
(6, 9)
(6, 8)
kaikki ok
Reitin pituus: 14
(2, 13)
(3, 13)
(4, 13)
(5, 13)
(6, 13)
(6, 12)
(6, 11)
(6, 10)
(6, 9)
(6, 8)
(6, 7)
(7, 7)
(8, 7)
(8, 6)
(8, 5)
kaikki ok
Reitin pituus: 6
(7, 15)
(6, 15)
(5, 15)
(4, 15)
(4, 14)
(4, 13)
(3, 13)
kaikki ok
Reitin pituus: 15
(7, 11)
(6, 11)
(6, 10)
(6, 9)
(5, 9)
(4, 9)
(4, 8)
(4, 7)
(4, 6)
(4, 5)
(4, 4)
(4, 3)
(4, 2)
(4, 1)
(3, 1)
(2, 1)
kaikki ok
Reitin pituus: 23
(10, 2)
(10, 3)
(11, 3)
(12, 3)
(13, 3)
(14, 3)
(14, 4)
(14, 5)
(14, 6)
(14, 7)
(14, 8)
(14, 9)
(14, 10)
(14, 11)
(14, 12)
(14, 13)
(14, 14)
(14, 15)
(14, 16)
(14, 17)
(15, 17)
(16, 17)
(17, 17)
(17, 18)
kaikki ok
Reitin pituus: 1
(14, 3)
(13, 3)
kaikki ok
Reitin pituus: 22
(10, 2)
(10, 3)
(11, 3)
(12, 3)
(13, 3)
(14, 3)
(14, 4)
(14, 5)
(14, 6)
(14, 7)
(14, 8)
(14, 9)
(14, 10)
(14, 11)
(14, 12)
(14, 13)
(14, 14)
(14, 15)
(13, 15)
(12, 15)
(12, 16)
(12, 17)
(11, 17)
kaikki ok
Reitin pituus: 12
(7, 7)
(6, 7)
(6, 8)
(6, 9)
(5, 9)
(4, 9)
(4, 8)
(4, 7)
(4, 6)
(4, 5)
(3, 5)
(2, 5)
(1, 5)
kaikki ok
Reitin pituus: 11
(10, 3)
(9, 3)
(8, 3)
(7, 3)
(6, 3)
(5, 3)
(4, 3)
(4, 4)
(4, 5)
(4, 6)
(4, 7)
(4, 8)
kaikki ok
Reitin pituus: 18
(12, 12)
(12, 11)
(11, 11)
(10, 11)
(9, 11)
(8, 11)
(7, 11)
(6, 11)
(6, 10)
(6, 9)
(5, 9)
(4, 9)
(4, 8)
(4, 7)
(4, 6)
(4, 5)
(3, 5)
(2, 5)
(1, 5)
kaikki ok
Reitin pituus: 12
(16, 16)
(16, 17)
(15, 17)
(14, 17)
(14, 16)
(14, 15)
(14, 14)
(14, 13)
(13, 13)
(12, 13)
(12, 12)
(12, 11)
(12, 10)
kaikki ok
Reitin pituus: 29
(6, 1)
(7, 1)
(8, 1)
(8, 2)
(8, 3)
(9, 3)
(10, 3)
(11, 3)
(12, 3)
(13, 3)
(14, 3)
(14, 4)
(14, 5)
(14, 6)
(14, 7)
(14, 8)
(14, 9)
(14, 10)
(14, 11)
(14, 12)
(14, 13)
(14, 14)
(14, 15)
(14, 16)
(14, 17)
(15, 17)
(16, 17)
(17, 17)
(17, 18)
(17, 19)
kaikki ok
Reitin pituus: 11
(10, 18)
(10, 19)
(9, 19)
(8, 19)
(7, 19)
(6, 19)
(5, 19)
(4, 19)
(3, 19)
(2, 19)
(1, 19)
(1, 18)
kaikki ok
Reitin pituus: 13
(13, 13)
(12, 13)
(11, 13)
(10, 13)
(10, 14)
(10, 15)
(9, 15)
(8, 15)
(7, 15)
(6, 15)
(6, 16)
(6, 17)
(7, 17)
(8, 17)
kaikki ok
Reitin pituus: 22
(2, 19)
(1, 19)
(1, 18)
(1, 17)
(2, 17)
(3, 17)
(4, 17)
(4, 16)
(4, 15)
(4, 14)
(4, 13)
(4, 12)
(4, 11)
(4, 10)
(4, 9)
(4, 8)
(4, 7)
(4, 6)
(4, 5)
(3, 5)
(2, 5)
(1, 5)
(1, 4)
kaikki ok
Reitin pituus: 11
(12, 3)
(13, 3)
(14, 3)
(14, 4)
(14, 5)
(14, 6)
(14, 7)
(14, 8)
(14, 9)
(13, 9)
(12, 9)
(12, 10)
kaikki ok
Reitin pituus: 12
(16, 15)
(17, 15)
(17, 14)
(17, 13)
(16, 13)
(15, 13)
(14, 13)
(13, 13)
(12, 13)
(12, 12)
(12, 11)
(12, 10)
(12, 9)
kaikki ok
Reitin pituus: 17
(11, 19)
(10, 19)
(9, 19)
(8, 19)
(8, 18)
(8, 17)
(7, 17)
(6, 17)
(6, 16)
(6, 15)
(5, 15)
(4, 15)
(4, 14)
(4, 13)
(5, 13)
(6, 13)
(6, 12)
(6, 11)
kaikki ok
Reitin pituus: 17
(14, 12)
(14, 11)
(14, 10)
(14, 9)
(14, 8)
(14, 7)
(14, 6)
(14, 5)
(14, 4)
(14, 3)
(13, 3)
(12, 3)
(11, 3)
(10, 3)
(9, 3)
(8, 3)
(8, 2)
(8, 1)
kaikki ok
Reitin pituus: 20
(10, 3)
(11, 3)
(12, 3)
(13, 3)
(14, 3)
(14, 4)
(14, 5)
(14, 6)
(14, 7)
(14, 8)
(14, 9)
(14, 10)
(14, 11)
(14, 12)
(14, 13)
(14, 14)
(14, 15)
(14, 16)
(14, 17)
(15, 17)
(16, 17)
kaikki ok
Reitin pituus: 12
(3, 1)
(4, 1)
(4, 2)
(4, 3)
(4, 4)
(4, 5)
(4, 6)
(4, 7)
(4, 8)
(4, 9)
(5, 9)
(6, 9)
(6, 10)
kaikki ok
Reitin pituus: 15
(12, 3)
(13, 3)
(14, 3)
(14, 4)
(14, 5)
(14, 6)
(14, 7)
(14, 8)
(14, 9)
(14, 10)
(14, 11)
(14, 12)
(14, 13)
(14, 14)
(14, 15)
(14, 16)
kaikki ok
Reitin pituus: 21
(13, 1)
(14, 1)
(14, 2)
(14, 3)
(14, 4)
(14, 5)
(14, 6)
(14, 7)
(14, 8)
(14, 9)
(14, 10)
(14, 11)
(14, 12)
(14, 13)
(14, 14)
(14, 15)
(14, 16)
(14, 17)
(15, 17)
(16, 17)
(17, 17)
(17, 18)
kaikki ok
Reitin pituus: 16
(16, 3)
(15, 3)
(14, 3)
(14, 4)
(14, 5)
(14, 6)
(14, 7)
(14, 8)
(14, 9)
(13, 9)
(12, 9)
(12, 10)
(12, 11)
(12, 12)
(12, 13)
(11, 13)
(10, 13)
kaikki ok
Reitin pituus: 22
(11, 17)
(12, 17)
(12, 16)
(12, 15)
(13, 15)
(14, 15)
(14, 14)
(14, 13)
(14, 12)
(14, 11)
(14, 10)
(14, 9)
(14, 8)
(14, 7)
(14, 6)
(14, 5)
(14, 4)
(14, 3)
(13, 3)
(12, 3)
(11, 3)
(10, 3)
(9, 3)
kaikki ok
Reitin pituus: 3
(14, 15)
(14, 14)
(14, 13)
(13, 13)
kaikki ok
Reitin pituus: 13
(6, 1)
(7, 1)
(8, 1)
(8, 2)
(8, 3)
(9, 3)
(10, 3)
(11, 3)
(12, 3)
(13, 3)
(14, 3)
(14, 4)
(14, 5)
(15, 5)
kaikki ok
Reitin pituus: 14
(10, 19)
(10, 18)
(10, 17)
(11, 17)
(12, 17)
(12, 16)
(12, 15)
(11, 15)
(10, 15)
(10, 14)
(10, 13)
(11, 13)
(12, 13)
(12, 12)
(12, 11)
kaikki ok
Reitin pituus: 14
(11, 13)
(10, 13)
(10, 14)
(10, 15)
(9, 15)
(8, 15)
(7, 15)
(6, 15)
(5, 15)
(4, 15)
(4, 16)
(4, 17)
(3, 17)
(2, 17)
(2, 16)
kaikki ok
Reitin pituus: 5
(17, 14)
(17, 15)
(16, 15)
(16, 16)
(16, 17)
(17, 17)
kaikki ok
Reitin pituus: 13
(4, 17)
(4, 16)
(4, 15)
(4, 14)
(4, 13)
(5, 13)
(6, 13)
(6, 12)
(6, 11)
(7, 11)
(8, 11)
(9, 11)
(10, 11)
(11, 11)
kaikki ok
Reitin pituus: 14
(8, 6)
(8, 7)
(9, 7)
(10, 7)
(11, 7)
(12, 7)
(12, 8)
(12, 9)
(12, 10)
(12, 11)
(12, 12)
(12, 13)
(13, 13)
(14, 13)
(15, 13)
kaikki ok
Reitin pituus: 18
(16, 1)
(15, 1)
(14, 1)
(14, 2)
(14, 3)
(14, 4)
(14, 5)
(14, 6)
(14, 7)
(14, 8)
(14, 9)
(13, 9)
(12, 9)
(12, 10)
(12, 11)
(11, 11)
(10, 11)
(9, 11)
(8, 11)
kaikki ok
Reitin pituus: 19
(16, 17)
(15, 17)
(14, 17)
(14, 16)
(14, 15)
(14, 14)
(14, 13)
(14, 12)
(14, 11)
(14, 10)
(14, 9)
(13, 9)
(12, 9)
(12, 8)
(12, 7)
(11, 7)
(10, 7)
(10, 6)
(10, 5)
(11, 5)
kaikki ok
Reitin pituus: 10
(5, 3)
(4, 3)
(4, 4)
(4, 5)
(4, 6)
(4, 7)
(4, 8)
(4, 9)
(5, 9)
(6, 9)
(6, 10)
kaikki ok
Reitin pituus: 23
(2, 19)
(1, 19)
(1, 18)
(1, 17)
(2, 17)
(3, 17)
(4, 17)
(4, 16)
(4, 15)
(4, 14)
(4, 13)
(4, 12)
(4, 11)
(4, 10)
(4, 9)
(4, 8)
(4, 7)
(4, 6)
(4, 5)
(4, 4)
(4, 3)
(5, 3)
(6, 3)
(6, 4)
kaikki ok
Reitin pituus: 8
(5, 13)
(4, 13)
(4, 14)
(4, 15)
(4, 16)
(4, 17)
(3, 17)
(2, 17)
(1, 17)
kaikki ok
Reitin pituus: 11
(2, 1)
(3, 1)
(4, 1)
(4, 2)
(4, 3)
(4, 4)
(4, 5)
(4, 6)
(4, 7)
(4, 8)
(4, 9)
(4, 10)
kaikki ok
Reitin pituus: 22
(4, 3)
(4, 4)
(4, 5)
(4, 6)
(4, 7)
(4, 8)
(4, 9)
(4, 10)
(4, 11)
(4, 12)
(4, 13)
(4, 14)
(4, 15)
(5, 15)
(6, 15)
(6, 16)
(6, 17)
(7, 17)
(8, 17)
(8, 18)
(8, 19)
(9, 19)
(10, 19)
kaikki ok
Reitin pituus: 13
(8, 2)
(8, 3)
(9, 3)
(10, 3)
(11, 3)
(12, 3)
(13, 3)
(14, 3)
(14, 4)
(14, 5)
(14, 6)
(14, 7)
(14, 8)
(14, 9)
kaikki ok
Reitin pituus: 5
(16, 1)
(15, 1)
(14, 1)
(13, 1)
(12, 1)
(11, 1)
kaikki ok
Reitin pituus: 19
(6, 17)
(6, 16)
(6, 15)
(7, 15)
(8, 15)
(9, 15)
(10, 15)
(10, 14)
(10, 13)
(11, 13)
(12, 13)
(12, 12)
(12, 11)
(12, 10)
(12, 9)
(12, 8)
(12, 7)
(11, 7)
(10, 7)
(10, 6)
kaikki ok
Reitin pituus: 18
(10, 18)
(10, 17)
(11, 17)
(12, 17)
(12, 16)
(12, 15)
(13, 15)
(14, 15)
(14, 14)
(14, 13)
(14, 12)
(14, 11)
(14, 10)
(14, 9)
(14, 8)
(14, 7)
(14, 6)
(14, 5)
(15, 5)
kaikki ok
Reitin pituus: 17
(9, 3)
(8, 3)
(7, 3)
(6, 3)
(5, 3)
(4, 3)
(4, 4)
(4, 5)
(4, 6)
(4, 7)
(4, 8)
(4, 9)
(4, 10)
(4, 11)
(4, 12)
(4, 13)
(3, 13)
(2, 13)
kaikki ok
Reitin pituus: 11
(12, 3)
(13, 3)
(14, 3)
(14, 4)
(14, 5)
(14, 6)
(14, 7)
(14, 8)
(14, 9)
(13, 9)
(12, 9)
(12, 10)
kaikki ok
Reitin pituus: 14
(6, 15)
(6, 16)
(6, 17)
(7, 17)
(8, 17)
(8, 18)
(8, 19)
(9, 19)
(10, 19)
(11, 19)
(12, 19)
(13, 19)
(14, 19)
(15, 19)
(16, 19)
kaikki ok
Reitin pituus: 18
(7, 17)
(6, 17)
(6, 16)
(6, 15)
(7, 15)
(8, 15)
(8, 14)
(8, 13)
(7, 13)
(6, 13)
(6, 12)
(6, 11)
(6, 10)
(6, 9)
(6, 8)
(6, 7)
(7, 7)
(8, 7)
(8, 6)
kaikki ok
Reitin pituus: 6
(14, 17)
(14, 16)
(14, 15)
(14, 14)
(14, 13)
(13, 13)
(12, 13)
kaikki ok
Reitin pituus: 15
(6, 3)
(5, 3)
(4, 3)
(4, 4)
(4, 5)
(4, 6)
(4, 7)
(4, 8)
(4, 9)
(4, 10)
(4, 11)
(4, 12)
(4, 13)
(4, 14)
(4, 15)
(4, 16)
kaikki ok
Reitin pituus: 19
(5, 9)
(6, 9)
(6, 10)
(6, 11)
(7, 11)
(8, 11)
(9, 11)
(10, 11)
(11, 11)
(12, 11)
(12, 10)
(12, 9)
(13, 9)
(14, 9)
(14, 8)
(14, 7)
(14, 6)
(14, 5)
(15, 5)
(16, 5)
kaikki ok
Reitin pituus: 21
(4, 1)
(4, 2)
(4, 3)
(4, 4)
(4, 5)
(4, 6)
(4, 7)
(4, 8)
(4, 9)
(4, 10)
(4, 11)
(4, 12)
(4, 13)
(4, 14)
(4, 15)
(4, 16)
(4, 17)
(3, 17)
(2, 17)
(1, 17)
(1, 18)
(1, 19)
kaikki ok
Reitin pituus: 20
(17, 19)
(17, 18)
(17, 17)
(16, 17)
(15, 17)
(14, 17)
(14, 16)
(14, 15)
(14, 14)
(14, 13)
(14, 12)
(14, 11)
(14, 10)
(14, 9)
(14, 8)
(14, 7)
(14, 6)
(14, 5)
(14, 4)
(14, 3)
(15, 3)
kaikki ok
Reitin pituus: 9
(9, 3)
(8, 3)
(7, 3)
(6, 3)
(5, 3)
(4, 3)
(4, 4)
(4, 5)
(4, 6)
(4, 7)
kaikki ok
Reitin pituus: 11
(15, 3)
(14, 3)
(13, 3)
(12, 3)
(11, 3)
(10, 3)
(9, 3)
(8, 3)
(8, 2)
(8, 1)
(7, 1)
(6, 1)
kaikki ok
Reitin pituus: 15
(4, 19)
(5, 19)
(6, 19)
(7, 19)
(8, 19)
(9, 19)
(10, 19)
(11, 19)
(12, 19)
(13, 19)
(14, 19)
(15, 19)
(16, 19)
(17, 19)
(17, 18)
(17, 17)
kaikki ok
Reitin pituus: 16
(10, 18)
(10, 17)
(11, 17)
(12, 17)
(12, 16)
(12, 15)
(11, 15)
(10, 15)
(9, 15)
(8, 15)
(8, 14)
(8, 13)
(7, 13)
(6, 13)
(6, 12)
(6, 11)
(7, 11)
kaikki ok
Reitin pituus: 23
(5, 19)
(6, 19)
(7, 19)
(8, 19)
(8, 18)
(8, 17)
(7, 17)
(6, 17)
(6, 16)
(6, 15)
(5, 15)
(4, 15)
(4, 14)
(4, 13)
(4, 12)
(4, 11)
(4, 10)
(4, 9)
(4, 8)
(4, 7)
(4, 6)
(4, 5)
(4, 4)
(4, 3)
kaikki ok
Reitin pituus: 17
(14, 11)
(14, 12)
(14, 13)
(13, 13)
(12, 13)
(11, 13)
(10, 13)
(10, 14)
(10, 15)
(9, 15)
(8, 15)
(7, 15)
(6, 15)
(5, 15)
(4, 15)
(4, 16)
(4, 17)
(3, 17)
kaikki ok
Reitin pituus: 29
(17, 2)
(17, 3)
(16, 3)
(15, 3)
(14, 3)
(13, 3)
(12, 3)
(11, 3)
(10, 3)
(9, 3)
(8, 3)
(7, 3)
(6, 3)
(5, 3)
(4, 3)
(4, 4)
(4, 5)
(4, 6)
(4, 7)
(4, 8)
(4, 9)
(4, 10)
(4, 11)
(4, 12)
(4, 13)
(3, 13)
(2, 13)
(1, 13)
(1, 14)
(1, 15)
kaikki ok
Reitin pituus: 16
(6, 17)
(6, 16)
(6, 15)
(7, 15)
(8, 15)
(9, 15)
(10, 15)
(10, 14)
(10, 13)
(11, 13)
(12, 13)
(12, 12)
(12, 11)
(12, 10)
(12, 9)
(12, 8)
(12, 7)
kaikki ok
Reitin pituus: 28
(17, 5)
(16, 5)
(15, 5)
(14, 5)
(14, 6)
(14, 7)
(14, 8)
(14, 9)
(13, 9)
(12, 9)
(12, 10)
(12, 11)
(11, 11)
(10, 11)
(9, 11)
(8, 11)
(7, 11)
(6, 11)
(6, 12)
(6, 13)
(5, 13)
(4, 13)
(4, 14)
(4, 15)
(4, 16)
(4, 17)
(3, 17)
(2, 17)
(2, 16)
kaikki ok
Reitin pituus: 24
(7, 1)
(8, 1)
(8, 2)
(8, 3)
(9, 3)
(10, 3)
(11, 3)
(12, 3)
(13, 3)
(14, 3)
(14, 4)
(14, 5)
(14, 6)
(14, 7)
(14, 8)
(14, 9)
(14, 10)
(14, 11)
(14, 12)
(14, 13)
(14, 14)
(14, 15)
(13, 15)
(12, 15)
(12, 16)
kaikki ok
Reitin pituus: 3
(12, 13)
(13, 13)
(14, 13)
(14, 14)
kaikki ok
Reitin pituus: 18
(16, 5)
(15, 5)
(14, 5)
(14, 6)
(14, 7)
(14, 8)
(14, 9)
(13, 9)
(12, 9)
(12, 10)
(12, 11)
(12, 12)
(12, 13)
(11, 13)
(10, 13)
(10, 14)
(10, 15)
(9, 15)
(8, 15)
kaikki ok
Reitin pituus: 20
(4, 16)
(4, 15)
(4, 14)
(4, 13)
(4, 12)
(4, 11)
(4, 10)
(4, 9)
(4, 8)
(4, 7)
(4, 6)
(4, 5)
(4, 4)
(4, 3)
(5, 3)
(6, 3)
(7, 3)
(8, 3)
(9, 3)
(10, 3)
(11, 3)
kaikki ok
Reitin pituus: 9
(6, 9)
(6, 8)
(6, 7)
(7, 7)
(8, 7)
(9, 7)
(10, 7)
(11, 7)
(12, 7)
(12, 8)
kaikki ok
Reitin pituus: 9
(6, 11)
(6, 12)
(6, 13)
(5, 13)
(4, 13)
(4, 14)
(4, 15)
(5, 15)
(6, 15)
(6, 16)
kaikki ok
Reitin pituus: 10
(7, 15)
(6, 15)
(6, 16)
(6, 17)
(7, 17)
(8, 17)
(8, 18)
(8, 19)
(9, 19)
(10, 19)
(11, 19)
kaikki ok
Reitin pituus: 16
(6, 10)
(6, 9)
(6, 8)
(6, 7)
(7, 7)
(8, 7)
(9, 7)
(10, 7)
(10, 6)
(10, 5)
(11, 5)
(12, 5)
(12, 4)
(12, 3)
(13, 3)
(14, 3)
(14, 2)
kaikki ok
Reitin pituus: 26
(16, 5)
(15, 5)
(14, 5)
(14, 6)
(14, 7)
(14, 8)
(14, 9)
(13, 9)
(12, 9)
(12, 10)
(12, 11)
(11, 11)
(10, 11)
(9, 11)
(8, 11)
(7, 11)
(6, 11)
(6, 12)
(6, 13)
(5, 13)
(4, 13)
(3, 13)
(2, 13)
(1, 13)
(1, 14)
(1, 15)
(2, 15)
kaikki ok
Reitin pituus: 17
(1, 14)
(1, 13)
(2, 13)
(3, 13)
(4, 13)
(5, 13)
(6, 13)
(6, 12)
(6, 11)
(7, 11)
(8, 11)
(9, 11)
(10, 11)
(11, 11)
(12, 11)
(12, 10)
(12, 9)
(12, 8)
kaikki ok
Reitin pituus: 16
(16, 13)
(15, 13)
(14, 13)
(13, 13)
(12, 13)
(12, 12)
(12, 11)
(12, 10)
(12, 9)
(12, 8)
(12, 7)
(11, 7)
(10, 7)
(9, 7)
(8, 7)
(8, 6)
(8, 5)
kaikki ok
Reitin pituus: 16
(13, 13)
(12, 13)
(11, 13)
(10, 13)
(10, 14)
(10, 15)
(9, 15)
(8, 15)
(7, 15)
(6, 15)
(5, 15)
(4, 15)
(4, 16)
(4, 17)
(3, 17)
(2, 17)
(2, 16)
kaikki ok
Reitin pituus: 16
(17, 14)
(17, 13)
(16, 13)
(15, 13)
(14, 13)
(14, 12)
(14, 11)
(14, 10)
(14, 9)
(14, 8)
(14, 7)
(14, 6)
(14, 5)
(14, 4)
(14, 3)
(14, 2)
(14, 1)
kaikki ok
Reitin pituus: 22
(1, 14)
(1, 13)
(2, 13)
(3, 13)
(4, 13)
(5, 13)
(6, 13)
(6, 12)
(6, 11)
(7, 11)
(8, 11)
(9, 11)
(10, 11)
(11, 11)
(12, 11)
(12, 12)
(12, 13)
(13, 13)
(14, 13)
(15, 13)
(16, 13)
(17, 13)
(17, 14)
kaikki ok
Reitin pituus: 10
(14, 11)
(14, 10)
(14, 9)
(14, 8)
(14, 7)
(14, 6)
(14, 5)
(14, 4)
(14, 3)
(14, 2)
(14, 1)
kaikki ok
Reitin pituus: 16
(8, 18)
(8, 19)
(9, 19)
(10, 19)
(10, 18)
(10, 17)
(11, 17)
(12, 17)
(12, 16)
(12, 15)
(13, 15)
(14, 15)
(14, 14)
(14, 13)
(15, 13)
(16, 13)
(17, 13)
kaikki ok
Reitin pituus: 20
(10, 9)
(9, 9)
(9, 8)
(9, 7)
(8, 7)
(7, 7)
(6, 7)
(6, 8)
(6, 9)
(6, 10)
(6, 11)
(6, 12)
(6, 13)
(5, 13)
(4, 13)
(3, 13)
(2, 13)
(1, 13)
(1, 14)
(1, 15)
(2, 15)
kaikki ok
Reitin pituus: 22
(10, 17)
(11, 17)
(12, 17)
(12, 16)
(12, 15)
(13, 15)
(14, 15)
(14, 14)
(14, 13)
(14, 12)
(14, 11)
(14, 10)
(14, 9)
(14, 8)
(14, 7)
(14, 6)
(14, 5)
(15, 5)
(16, 5)
(17, 5)
(17, 4)
(17, 3)
(17, 2)
kaikki ok
Reitin pituus: 5
(7, 1)
(6, 1)
(5, 1)
(4, 1)
(4, 2)
(4, 3)
kaikki ok
Reitin pituus: 12
(8, 18)
(8, 19)
(9, 19)
(10, 19)
(10, 18)
(10, 17)
(11, 17)
(12, 17)
(12, 16)
(12, 15)
(13, 15)
(14, 15)
(14, 16)
kaikki ok
Reitin pituus: 6
(7, 3)
(8, 3)
(9, 3)
(10, 3)
(10, 2)
(10, 1)
(11, 1)
kaikki ok
Reitin pituus: 30
(17, 5)
(16, 5)
(15, 5)
(14, 5)
(14, 6)
(14, 7)
(14, 8)
(14, 9)
(13, 9)
(12, 9)
(12, 10)
(12, 11)
(11, 11)
(10, 11)
(9, 11)
(8, 11)
(7, 11)
(6, 11)
(6, 12)
(6, 13)
(5, 13)
(4, 13)
(4, 14)
(4, 15)
(4, 16)
(4, 17)
(3, 17)
(2, 17)
(1, 17)
(1, 18)
(1, 19)
kaikki ok
Reitin pituus: 17
(7, 17)
(6, 17)
(6, 16)
(6, 15)
(7, 15)
(8, 15)
(9, 15)
(10, 15)
(10, 14)
(10, 13)
(11, 13)
(12, 13)
(12, 12)
(12, 11)
(12, 10)
(12, 9)
(13, 9)
(14, 9)
kaikki ok
Reitin pituus: 17
(1, 4)
(1, 5)
(2, 5)
(3, 5)
(4, 5)
(4, 6)
(4, 7)
(4, 8)
(4, 9)
(5, 9)
(6, 9)
(6, 10)
(6, 11)
(6, 12)
(6, 13)
(7, 13)
(8, 13)
(8, 14)
kaikki ok
Reitin pituus: 12
(3, 13)
(4, 13)
(4, 14)
(4, 15)
(5, 15)
(6, 15)
(7, 15)
(8, 15)
(9, 15)
(10, 15)
(11, 15)
(12, 15)
(12, 16)
kaikki ok
Reitin pituus: 19
(15, 13)
(14, 13)
(14, 14)
(14, 15)
(13, 15)
(12, 15)
(11, 15)
(10, 15)
(9, 15)
(8, 15)
(7, 15)
(6, 15)
(5, 15)
(4, 15)
(4, 16)
(4, 17)
(3, 17)
(2, 17)
(1, 17)
(1, 18)
kaikki ok
Reitin pituus: 28
(4, 1)
(4, 2)
(4, 3)
(5, 3)
(6, 3)
(6, 4)
(6, 5)
(7, 5)
(8, 5)
(8, 6)
(8, 7)
(9, 7)
(10, 7)
(11, 7)
(12, 7)
(12, 8)
(12, 9)
(12, 10)
(12, 11)
(12, 12)
(12, 13)
(13, 13)
(14, 13)
(15, 13)
(16, 13)
(17, 13)
(17, 14)
(17, 15)
(16, 15)
kaikki ok
Reitin pituus: 31
(17, 2)
(17, 3)
(16, 3)
(15, 3)
(14, 3)
(13, 3)
(12, 3)
(11, 3)
(10, 3)
(9, 3)
(8, 3)
(7, 3)
(6, 3)
(5, 3)
(4, 3)
(4, 4)
(4, 5)
(4, 6)
(4, 7)
(4, 8)
(4, 9)
(4, 10)
(4, 11)
(4, 12)
(4, 13)
(3, 13)
(2, 13)
(1, 13)
(1, 14)
(1, 15)
(2, 15)
(2, 16)
kaikki ok
Reitin pituus: 18
(14, 3)
(14, 4)
(14, 5)
(14, 6)
(14, 7)
(14, 8)
(14, 9)
(13, 9)
(12, 9)
(12, 10)
(12, 11)
(12, 12)
(12, 13)
(11, 13)
(10, 13)
(10, 14)
(10, 15)
(9, 15)
(8, 15)
kaikki ok
Reitin pituus: 5
(1, 5)
(1, 4)
(1, 3)
(2, 3)
(3, 3)
(4, 3)
kaikki ok
Reitin pituus: 14
(14, 15)
(13, 15)
(12, 15)
(11, 15)
(10, 15)
(9, 15)
(8, 15)
(7, 15)
(6, 15)
(5, 15)
(4, 15)
(4, 16)
(4, 17)
(3, 17)
(2, 17)
kaikki ok
Reitin pituus: 7
(6, 17)
(6, 16)
(6, 15)
(7, 15)
(8, 15)
(9, 15)
(10, 15)
(10, 14)
kaikki ok
Reitin pituus: 13
(5, 9)
(4, 9)
(4, 10)
(4, 11)
(4, 12)
(4, 13)
(4, 14)
(4, 15)
(4, 16)
(4, 17)
(3, 17)
(2, 17)
(1, 17)
(1, 18)
kaikki ok
Reitin pituus: 30
(14, 2)
(14, 3)
(13, 3)
(12, 3)
(12, 4)
(12, 5)
(11, 5)
(10, 5)
(10, 6)
(10, 7)
(9, 7)
(8, 7)
(7, 7)
(6, 7)
(6, 8)
(6, 9)
(6, 10)
(6, 11)
(6, 12)
(6, 13)
(5, 13)
(4, 13)
(4, 14)
(4, 15)
(4, 16)
(4, 17)
(3, 17)
(2, 17)
(1, 17)
(1, 18)
(1, 19)
kaikki ok
Reitin pituus: 8
(12, 10)
(12, 11)
(12, 12)
(12, 13)
(11, 13)
(10, 13)
(10, 14)
(10, 15)
(11, 15)
kaikki ok
Reitin pituus: 26
(4, 2)
(4, 3)
(5, 3)
(6, 3)
(6, 4)
(6, 5)
(7, 5)
(8, 5)
(8, 6)
(8, 7)
(9, 7)
(10, 7)
(11, 7)
(12, 7)
(12, 8)
(12, 9)
(12, 10)
(12, 11)
(12, 12)
(12, 13)
(13, 13)
(14, 13)
(14, 14)
(14, 15)
(14, 16)
(14, 17)
(15, 17)
kaikki ok
Reitin pituus: 14
(7, 13)
(8, 13)
(8, 14)
(8, 15)
(9, 15)
(10, 15)
(10, 14)
(10, 13)
(11, 13)
(12, 13)
(13, 13)
(14, 13)
(15, 13)
(16, 13)
(17, 13)
kaikki ok
Reitin pituus: 16
(6, 8)
(6, 7)
(7, 7)
(8, 7)
(9, 7)
(10, 7)
(11, 7)
(12, 7)
(12, 8)
(12, 9)
(13, 9)
(14, 9)
(14, 8)
(14, 7)
(14, 6)
(14, 5)
(15, 5)
kaikki ok
Reitin pituus: 2
(2, 17)
(3, 17)
(4, 17)
kaikki ok
Reitin pituus: 14
(2, 13)
(3, 13)
(4, 13)
(5, 13)
(6, 13)
(6, 12)
(6, 11)
(6, 10)
(6, 9)
(6, 8)
(6, 7)
(7, 7)
(8, 7)
(9, 7)
(9, 8)
kaikki ok
Reitin pituus: 13
(9, 7)
(10, 7)
(10, 6)
(10, 5)
(11, 5)
(12, 5)
(12, 4)
(12, 3)
(13, 3)
(14, 3)
(15, 3)
(16, 3)
(17, 3)
(17, 2)
kaikki ok
Reitin pituus: 8
(16, 3)
(15, 3)
(14, 3)
(13, 3)
(12, 3)
(12, 4)
(12, 5)
(11, 5)
(10, 5)
kaikki ok
Reitin pituus: 17
(15, 13)
(14, 13)
(13, 13)
(12, 13)
(12, 12)
(12, 11)
(12, 10)
(12, 9)
(12, 8)
(12, 7)
(11, 7)
(10, 7)
(9, 7)
(8, 7)
(8, 6)
(8, 5)
(7, 5)
(6, 5)
kaikki ok
Reitin pituus: 12
(4, 13)
(4, 14)
(4, 15)
(5, 15)
(6, 15)
(7, 15)
(8, 15)
(9, 15)
(10, 15)
(11, 15)
(12, 15)
(13, 15)
(14, 15)
kaikki ok
Reitin pituus: 13
(17, 1)
(17, 2)
(17, 3)
(17, 4)
(17, 5)
(16, 5)
(15, 5)
(14, 5)
(14, 6)
(14, 7)
(14, 8)
(14, 9)
(14, 10)
(14, 11)
kaikki ok
Reitin pituus: 6
(8, 6)
(8, 7)
(7, 7)
(6, 7)
(6, 8)
(6, 9)
(6, 10)
kaikki ok
Reitin pituus: 15
(4, 7)
(4, 8)
(4, 9)
(4, 10)
(4, 11)
(4, 12)
(4, 13)
(4, 14)
(4, 15)
(5, 15)
(6, 15)
(6, 16)
(6, 17)
(7, 17)
(8, 17)
(8, 18)
kaikki ok
Reitin pituus: 26
(14, 19)
(13, 19)
(12, 19)
(11, 19)
(10, 19)
(9, 19)
(8, 19)
(8, 18)
(8, 17)
(7, 17)
(6, 17)
(6, 16)
(6, 15)
(5, 15)
(4, 15)
(4, 14)
(4, 13)
(4, 12)
(4, 11)
(4, 10)
(4, 9)
(4, 8)
(4, 7)
(4, 6)
(4, 5)
(4, 4)
(4, 3)
kaikki ok
Reitin pituus: 16
(14, 15)
(14, 14)
(14, 13)
(14, 12)
(14, 11)
(14, 10)
(14, 9)
(14, 8)
(14, 7)
(14, 6)
(14, 5)
(14, 4)
(14, 3)
(13, 3)
(12, 3)
(12, 4)
(12, 5)
kaikki ok
Reitin pituus: 15
(5, 9)
(6, 9)
(6, 10)
(6, 11)
(7, 11)
(8, 11)
(9, 11)
(10, 11)
(11, 11)
(12, 11)
(12, 10)
(12, 9)
(13, 9)
(14, 9)
(14, 8)
(14, 7)
kaikki ok
Reitin pituus: 9
(14, 4)
(14, 5)
(14, 6)
(14, 7)
(14, 8)
(14, 9)
(13, 9)
(12, 9)
(12, 8)
(12, 7)
kaikki ok
Reitin pituus: 10
(12, 12)
(12, 13)
(11, 13)
(10, 13)
(10, 14)
(10, 15)
(9, 15)
(8, 15)
(7, 15)
(6, 15)
(6, 16)
kaikki ok
Reitin pituus: 14
(10, 13)
(11, 13)
(12, 13)
(13, 13)
(14, 13)
(14, 12)
(14, 11)
(14, 10)
(14, 9)
(14, 8)
(14, 7)
(14, 6)
(14, 5)
(14, 4)
(14, 3)
kaikki ok
Reitin pituus: 23
(11, 15)
(10, 15)
(9, 15)
(8, 15)
(8, 14)
(8, 13)
(7, 13)
(6, 13)
(6, 12)
(6, 11)
(6, 10)
(6, 9)
(5, 9)
(4, 9)
(4, 8)
(4, 7)
(4, 6)
(4, 5)
(3, 5)
(2, 5)
(1, 5)
(1, 4)
(1, 3)
(1, 2)
kaikki ok
Reitin pituus: 19
(14, 12)
(14, 13)
(13, 13)
(12, 13)
(12, 12)
(12, 11)
(11, 11)
(10, 11)
(9, 11)
(8, 11)
(7, 11)
(6, 11)
(6, 12)
(6, 13)
(5, 13)
(4, 13)
(3, 13)
(2, 13)
(1, 13)
(1, 14)
kaikki ok
Reitin pituus: 13
(6, 19)
(5, 19)
(4, 19)
(3, 19)
(2, 19)
(1, 19)
(1, 18)
(1, 17)
(2, 17)
(2, 16)
(2, 15)
(1, 15)
(1, 14)
(1, 13)
kaikki ok
Reitin pituus: 24
(6, 19)
(7, 19)
(8, 19)
(9, 19)
(10, 19)
(10, 18)
(10, 17)
(11, 17)
(12, 17)
(12, 16)
(12, 15)
(13, 15)
(14, 15)
(14, 14)
(14, 13)
(14, 12)
(14, 11)
(14, 10)
(14, 9)
(14, 8)
(14, 7)
(14, 6)
(14, 5)
(15, 5)
(16, 5)
kaikki ok
Reitin pituus: 25
(4, 3)
(5, 3)
(6, 3)
(6, 4)
(6, 5)
(7, 5)
(8, 5)
(8, 6)
(8, 7)
(9, 7)
(10, 7)
(11, 7)
(12, 7)
(12, 8)
(12, 9)
(12, 10)
(12, 11)
(12, 12)
(12, 13)
(13, 13)
(14, 13)
(14, 14)
(14, 15)
(14, 16)
(14, 17)
(15, 17)
kaikki ok
Reitin pituus: 16
(4, 1)
(4, 2)
(4, 3)
(5, 3)
(6, 3)
(6, 4)
(6, 5)
(7, 5)
(8, 5)
(8, 6)
(8, 7)
(9, 7)
(10, 7)
(11, 7)
(12, 7)
(12, 8)
(12, 9)
kaikki ok
Reitin pituus: 19
(6, 16)
(6, 15)
(5, 15)
(4, 15)
(4, 14)
(4, 13)
(4, 12)
(4, 11)
(4, 10)
(4, 9)
(4, 8)
(4, 7)
(4, 6)
(4, 5)
(4, 4)
(4, 3)
(4, 2)
(4, 1)
(3, 1)
(2, 1)
kaikki ok
Reitin pituus: 11
(14, 19)
(13, 19)
(12, 19)
(11, 19)
(10, 19)
(9, 19)
(8, 19)
(8, 18)
(8, 17)
(7, 17)
(6, 17)
(6, 16)
kaikki ok
Reitin pituus: 18
(17, 2)
(17, 3)
(16, 3)
(15, 3)
(14, 3)
(13, 3)
(12, 3)
(11, 3)
(10, 3)
(9, 3)
(8, 3)
(7, 3)
(6, 3)
(5, 3)
(4, 3)
(4, 4)
(4, 5)
(3, 5)
(2, 5)
kaikki ok
Reitin pituus: 26
(15, 1)
(14, 1)
(14, 2)
(14, 3)
(13, 3)
(12, 3)
(12, 4)
(12, 5)
(11, 5)
(10, 5)
(10, 6)
(10, 7)
(9, 7)
(8, 7)
(7, 7)
(6, 7)
(6, 8)
(6, 9)
(6, 10)
(6, 11)
(6, 12)
(6, 13)
(5, 13)
(4, 13)
(4, 14)
(4, 15)
(4, 16)
kaikki ok
Reitin pituus: 11
(9, 8)
(9, 7)
(8, 7)
(8, 6)
(8, 5)
(7, 5)
(6, 5)
(6, 4)
(6, 3)
(5, 3)
(4, 3)
(4, 4)
kaikki ok
Reitin pituus: 12
(7, 17)
(8, 17)
(8, 18)
(8, 19)
(9, 19)
(10, 19)
(11, 19)
(12, 19)
(13, 19)
(14, 19)
(15, 19)
(16, 19)
(17, 19)
kaikki ok
Reitin pituus: 16
(8, 15)
(9, 15)
(10, 15)
(11, 15)
(12, 15)
(13, 15)
(14, 15)
(14, 14)
(14, 13)
(14, 12)
(14, 11)
(14, 10)
(14, 9)
(14, 8)
(14, 7)
(14, 6)
(14, 5)
kaikki ok
Reitin pituus: 25
(4, 17)
(4, 16)
(4, 15)
(5, 15)
(6, 15)
(7, 15)
(8, 15)
(9, 15)
(10, 15)
(10, 14)
(10, 13)
(11, 13)
(12, 13)
(12, 12)
(12, 11)
(12, 10)
(12, 9)
(13, 9)
(14, 9)
(14, 8)
(14, 7)
(14, 6)
(14, 5)
(14, 4)
(14, 3)
(15, 3)
kaikki ok
Reitin pituus: 25
(1, 3)
(2, 3)
(3, 3)
(4, 3)
(5, 3)
(6, 3)
(7, 3)
(8, 3)
(9, 3)
(10, 3)
(11, 3)
(12, 3)
(13, 3)
(14, 3)
(14, 4)
(14, 5)
(14, 6)
(14, 7)
(14, 8)
(14, 9)
(14, 10)
(14, 11)
(14, 12)
(14, 13)
(14, 14)
(14, 15)
kaikki ok
Reitin pituus: 20
(7, 15)
(8, 15)
(9, 15)
(10, 15)
(11, 15)
(12, 15)
(13, 15)
(14, 15)
(14, 14)
(14, 13)
(14, 12)
(14, 11)
(14, 10)
(14, 9)
(14, 8)
(14, 7)
(14, 6)
(14, 5)
(14, 4)
(14, 3)
(14, 2)
kaikki ok
Reitin pituus: 16
(1, 17)
(2, 17)
(3, 17)
(4, 17)
(4, 16)
(4, 15)
(5, 15)
(6, 15)
(7, 15)
(8, 15)
(9, 15)
(10, 15)
(10, 14)
(10, 13)
(11, 13)
(12, 13)
(12, 12)
kaikki ok
Reitin pituus: 5
(17, 15)
(17, 14)
(17, 13)
(16, 13)
(15, 13)
(14, 13)
kaikki ok
Reitin pituus: 17
(16, 5)
(15, 5)
(14, 5)
(14, 4)
(14, 3)
(13, 3)
(12, 3)
(11, 3)
(10, 3)
(9, 3)
(8, 3)
(7, 3)
(6, 3)
(5, 3)
(4, 3)
(3, 3)
(2, 3)
(1, 3)
kaikki ok
Reitin pituus: 16
(4, 2)
(4, 3)
(5, 3)
(6, 3)
(7, 3)
(8, 3)
(9, 3)
(10, 3)
(11, 3)
(12, 3)
(13, 3)
(14, 3)
(14, 4)
(14, 5)
(15, 5)
(16, 5)
(17, 5)
kaikki ok
Reitin pituus: 10
(4, 8)
(4, 9)
(5, 9)
(6, 9)
(6, 8)
(6, 7)
(7, 7)
(8, 7)
(9, 7)
(10, 7)
(10, 6)
kaikki ok
Reitin pituus: 11
(4, 12)
(4, 11)
(4, 10)
(4, 9)
(5, 9)
(6, 9)
(6, 8)
(6, 7)
(7, 7)
(8, 7)
(9, 7)
(9, 8)
kaikki ok
Reitin pituus: 23
(5, 3)
(4, 3)
(4, 4)
(4, 5)
(4, 6)
(4, 7)
(4, 8)
(4, 9)
(4, 10)
(4, 11)
(4, 12)
(4, 13)
(4, 14)
(4, 15)
(5, 15)
(6, 15)
(7, 15)
(8, 15)
(9, 15)
(10, 15)
(11, 15)
(12, 15)
(12, 16)
(12, 17)
kaikki ok
Reitin pituus: 13
(11, 15)
(10, 15)
(9, 15)
(8, 15)
(7, 15)
(6, 15)
(5, 15)
(4, 15)
(4, 16)
(4, 17)
(3, 17)
(2, 17)
(1, 17)
(1, 18)
kaikki ok
Reitin pituus: 17
(6, 17)
(6, 16)
(6, 15)
(5, 15)
(4, 15)
(4, 14)
(4, 13)
(5, 13)
(6, 13)
(6, 12)
(6, 11)
(6, 10)
(6, 9)
(6, 8)
(6, 7)
(7, 7)
(8, 7)
(9, 7)
kaikki ok
Reitin pituus: 14
(6, 10)
(6, 11)
(6, 12)
(6, 13)
(7, 13)
(8, 13)
(8, 14)
(8, 15)
(7, 15)
(6, 15)
(6, 16)
(6, 17)
(7, 17)
(8, 17)
(8, 18)
kaikki ok
Reitin pituus: 22
(4, 11)
(4, 10)
(4, 9)
(5, 9)
(6, 9)
(6, 8)
(6, 7)
(7, 7)
(8, 7)
(9, 7)
(10, 7)
(11, 7)
(12, 7)
(12, 8)
(12, 9)
(13, 9)
(14, 9)
(14, 8)
(14, 7)
(14, 6)
(14, 5)
(15, 5)
(16, 5)
kaikki ok
Reitin pituus: 17
(14, 10)
(14, 9)
(13, 9)
(12, 9)
(12, 10)
(12, 11)
(11, 11)
(10, 11)
(9, 11)
(8, 11)
(7, 11)
(6, 11)
(6, 12)
(6, 13)
(5, 13)
(4, 13)
(4, 12)
(4, 11)
kaikki ok
Reitin pituus: 8
(8, 11)
(7, 11)
(6, 11)
(6, 10)
(6, 9)
(5, 9)
(4, 9)
(4, 8)
(4, 7)
kaikki ok
Reitin pituus: 7
(7, 17)
(8, 17)
(8, 18)
(8, 19)
(9, 19)
(10, 19)
(10, 18)
(10, 17)
kaikki ok
Reitin pituus: 5
(8, 6)
(8, 7)
(9, 7)
(9, 8)
(9, 9)
(10, 9)
kaikki ok
Reitin pituus: 11
(10, 7)
(9, 7)
(8, 7)
(8, 6)
(8, 5)
(7, 5)
(6, 5)
(6, 4)
(6, 3)
(5, 3)
(4, 3)
(4, 4)
kaikki ok
Reitin pituus: 0
(16, 19)
kaikki ok
Reitin pituus: 17
(1, 18)
(1, 17)
(2, 17)
(3, 17)
(4, 17)
(4, 16)
(4, 15)
(4, 14)
(4, 13)
(5, 13)
(6, 13)
(6, 12)
(6, 11)
(7, 11)
(8, 11)
(9, 11)
(10, 11)
(11, 11)
kaikki ok
Reitin pituus: 13
(6, 13)
(6, 12)
(6, 11)
(7, 11)
(8, 11)
(9, 11)
(10, 11)
(11, 11)
(12, 11)
(12, 10)
(12, 9)
(13, 9)
(14, 9)
(14, 10)
kaikki ok
Reitin pituus: 12
(10, 11)
(11, 11)
(12, 11)
(12, 10)
(12, 9)
(13, 9)
(14, 9)
(14, 8)
(14, 7)
(14, 6)
(14, 5)
(15, 5)
(16, 5)
kaikki ok
Reitin pituus: 9
(7, 1)
(6, 1)
(5, 1)
(4, 1)
(4, 2)
(4, 3)
(4, 4)
(4, 5)
(3, 5)
(2, 5)
kaikki ok
Reitin pituus: 18
(11, 19)
(10, 19)
(9, 19)
(8, 19)
(8, 18)
(8, 17)
(7, 17)
(6, 17)
(6, 16)
(6, 15)
(5, 15)
(4, 15)
(4, 14)
(4, 13)
(4, 12)
(4, 11)
(4, 10)
(4, 9)
(4, 8)
kaikki ok
Reitin pituus: 13
(12, 13)
(12, 12)
(12, 11)
(11, 11)
(10, 11)
(9, 11)
(8, 11)
(7, 11)
(6, 11)
(6, 10)
(6, 9)
(5, 9)
(4, 9)
(4, 8)
kaikki ok
Reitin pituus: 14
(9, 7)
(10, 7)
(11, 7)
(12, 7)
(12, 8)
(12, 9)
(13, 9)
(14, 9)
(14, 10)
(14, 11)
(14, 12)
(14, 13)
(14, 14)
(14, 15)
(13, 15)
kaikki ok
Reitin pituus: 10
(9, 7)
(8, 7)
(8, 6)
(8, 5)
(7, 5)
(6, 5)
(6, 4)
(6, 3)
(5, 3)
(4, 3)
(4, 4)
kaikki ok
Reitin pituus: 13
(4, 4)
(4, 3)
(5, 3)
(6, 3)
(7, 3)
(8, 3)
(9, 3)
(10, 3)
(10, 2)
(10, 1)
(11, 1)
(12, 1)
(13, 1)
(14, 1)
kaikki ok
Reitin pituus: 19
(9, 9)
(9, 8)
(9, 7)
(8, 7)
(7, 7)
(6, 7)
(6, 8)
(6, 9)
(6, 10)
(6, 11)
(6, 12)
(6, 13)
(7, 13)
(8, 13)
(8, 14)
(8, 15)
(7, 15)
(6, 15)
(6, 16)
(6, 17)
kaikki ok
Reitin pituus: 16
(16, 3)
(15, 3)
(14, 3)
(13, 3)
(12, 3)
(11, 3)
(10, 3)
(9, 3)
(8, 3)
(8, 2)
(8, 1)
(7, 1)
(6, 1)
(5, 1)
(4, 1)
(3, 1)
(2, 1)
kaikki ok
Reitin pituus: 26
(8, 17)
(7, 17)
(6, 17)
(6, 16)
(6, 15)
(7, 15)
(8, 15)
(9, 15)
(10, 15)
(10, 14)
(10, 13)
(11, 13)
(12, 13)
(12, 12)
(12, 11)
(12, 10)
(12, 9)
(13, 9)
(14, 9)
(14, 8)
(14, 7)
(14, 6)
(14, 5)
(14, 4)
(14, 3)
(15, 3)
(16, 3)
kaikki ok
Reitin pituus: 6
(8, 17)
(7, 17)
(6, 17)
(6, 16)
(6, 15)
(7, 15)
(8, 15)
kaikki ok
Reitin pituus: 1
(10, 6)
(10, 7)
kaikki ok
Reitin pituus: 23
(10, 2)
(10, 3)
(11, 3)
(12, 3)
(13, 3)
(14, 3)
(14, 4)
(14, 5)
(14, 6)
(14, 7)
(14, 8)
(14, 9)
(14, 10)
(14, 11)
(14, 12)
(14, 13)
(14, 14)
(14, 15)
(13, 15)
(12, 15)
(12, 16)
(12, 17)
(11, 17)
(10, 17)
kaikki ok
Reitin pituus: 11
(4, 9)
(4, 8)
(4, 7)
(4, 6)
(4, 5)
(4, 4)
(4, 3)
(5, 3)
(6, 3)
(7, 3)
(8, 3)
(8, 2)
kaikki ok
Reitin pituus: 18
(3, 5)
(4, 5)
(4, 4)
(4, 3)
(5, 3)
(6, 3)
(7, 3)
(8, 3)
(9, 3)
(10, 3)
(11, 3)
(12, 3)
(13, 3)
(14, 3)
(15, 3)
(16, 3)
(17, 3)
(17, 4)
(17, 5)
kaikki ok
Reitin pituus: 19
(1, 2)
(1, 3)
(2, 3)
(3, 3)
(4, 3)
(5, 3)
(6, 3)
(6, 4)
(6, 5)
(7, 5)
(8, 5)
(8, 6)
(8, 7)
(9, 7)
(10, 7)
(11, 7)
(12, 7)
(12, 8)
(12, 9)
(12, 10)
kaikki ok
Reitin pituus: 22
(11, 1)
(12, 1)
(13, 1)
(14, 1)
(14, 2)
(14, 3)
(14, 4)
(14, 5)
(14, 6)
(14, 7)
(14, 8)
(14, 9)
(14, 10)
(14, 11)
(14, 12)
(14, 13)
(15, 13)
(16, 13)
(17, 13)
(17, 14)
(17, 15)
(16, 15)
(16, 16)
kaikki ok
Reitin pituus: 6
(15, 5)
(14, 5)
(14, 4)
(14, 3)
(14, 2)
(14, 1)
(15, 1)
kaikki ok
Reitin pituus: 22
(5, 13)
(6, 13)
(6, 12)
(6, 11)
(7, 11)
(8, 11)
(9, 11)
(10, 11)
(11, 11)
(12, 11)
(12, 10)
(12, 9)
(13, 9)
(14, 9)
(14, 8)
(14, 7)
(14, 6)
(14, 5)
(14, 4)
(14, 3)
(15, 3)
(16, 3)
(17, 3)
kaikki ok
Reitin pituus: 7
(8, 3)
(9, 3)
(10, 3)
(11, 3)
(12, 3)
(12, 4)
(12, 5)
(11, 5)
kaikki ok
Reitin pituus: 11
(8, 6)
(8, 5)
(7, 5)
(6, 5)
(6, 4)
(6, 3)
(5, 3)
(4, 3)
(4, 2)
(4, 1)
(3, 1)
(2, 1)
kaikki ok
Reitin pituus: 18
(17, 18)
(17, 17)
(16, 17)
(15, 17)
(14, 17)
(14, 16)
(14, 15)
(14, 14)
(14, 13)
(14, 12)
(14, 11)
(14, 10)
(14, 9)
(14, 8)
(14, 7)
(14, 6)
(14, 5)
(15, 5)
(16, 5)
kaikki ok
Reitin pituus: 6
(16, 17)
(16, 16)
(16, 15)
(17, 15)
(17, 14)
(17, 13)
(16, 13)
kaikki ok
Reitin pituus: 12
(14, 9)
(14, 8)
(14, 7)
(14, 6)
(14, 5)
(14, 4)
(14, 3)
(13, 3)
(12, 3)
(11, 3)
(10, 3)
(9, 3)
(8, 3)
kaikki ok
Reitin pituus: 12
(11, 7)
(12, 7)
(12, 8)
(12, 9)
(13, 9)
(14, 9)
(14, 10)
(14, 11)
(14, 12)
(14, 13)
(15, 13)
(16, 13)
(17, 13)
kaikki ok
Reitin pituus: 20
(10, 7)
(9, 7)
(8, 7)
(7, 7)
(6, 7)
(6, 8)
(6, 9)
(5, 9)
(4, 9)
(4, 10)
(4, 11)
(4, 12)
(4, 13)
(4, 14)
(4, 15)
(4, 16)
(4, 17)
(3, 17)
(2, 17)
(1, 17)
(1, 18)
kaikki ok
Reitin pituus: 18
(4, 19)
(3, 19)
(2, 19)
(1, 19)
(1, 18)
(1, 17)
(2, 17)
(3, 17)
(4, 17)
(4, 16)
(4, 15)
(4, 14)
(4, 13)
(5, 13)
(6, 13)
(6, 12)
(6, 11)
(6, 10)
(6, 9)
kaikki ok
Reitin pituus: 22
(12, 5)
(11, 5)
(10, 5)
(10, 6)
(10, 7)
(11, 7)
(12, 7)
(12, 8)
(12, 9)
(12, 10)
(12, 11)
(12, 12)
(12, 13)
(11, 13)
(10, 13)
(10, 14)
(10, 15)
(9, 15)
(8, 15)
(7, 15)
(6, 15)
(6, 16)
(6, 17)
kaikki ok
Reitin pituus: 30
(1, 19)
(1, 18)
(1, 17)
(2, 17)
(3, 17)
(4, 17)
(4, 16)
(4, 15)
(5, 15)
(6, 15)
(7, 15)
(8, 15)
(9, 15)
(10, 15)
(10, 14)
(10, 13)
(11, 13)
(12, 13)
(12, 12)
(12, 11)
(12, 10)
(12, 9)
(13, 9)
(14, 9)
(14, 8)
(14, 7)
(14, 6)
(14, 5)
(14, 4)
(14, 3)
(14, 2)
kaikki ok
Reitin pituus: 15
(6, 15)
(5, 15)
(4, 15)
(4, 14)
(4, 13)
(4, 12)
(4, 11)
(4, 10)
(4, 9)
(4, 8)
(4, 7)
(4, 6)
(4, 5)
(4, 4)
(4, 3)
(3, 3)
kaikki ok
Reitin pituus: 18
(12, 16)
(12, 15)
(13, 15)
(14, 15)
(14, 14)
(14, 13)
(14, 12)
(14, 11)
(14, 10)
(14, 9)
(14, 8)
(14, 7)
(14, 6)
(14, 5)
(14, 4)
(14, 3)
(13, 3)
(12, 3)
(11, 3)
kaikki ok
Reitin pituus: 20
(1, 3)
(2, 3)
(3, 3)
(4, 3)
(5, 3)
(6, 3)
(7, 3)
(8, 3)
(9, 3)
(10, 3)
(11, 3)
(12, 3)
(13, 3)
(14, 3)
(14, 4)
(14, 5)
(14, 6)
(14, 7)
(14, 8)
(14, 9)
(14, 10)
kaikki ok
Reitin pituus: 10
(9, 15)
(10, 15)
(10, 14)
(10, 13)
(11, 13)
(12, 13)
(12, 12)
(12, 11)
(11, 11)
(10, 11)
(9, 11)
kaikki ok
Reitin pituus: 14
(3, 17)
(4, 17)
(4, 16)
(4, 15)
(4, 14)
(4, 13)
(4, 12)
(4, 11)
(4, 10)
(4, 9)
(4, 8)
(4, 7)
(4, 6)
(4, 5)
(4, 4)
kaikki ok
Reitin pituus: 7
(4, 6)
(4, 5)
(4, 4)
(4, 3)
(4, 2)
(4, 1)
(3, 1)
(2, 1)
kaikki ok
Reitin pituus: 18
(16, 15)
(16, 16)
(16, 17)
(15, 17)
(14, 17)
(14, 16)
(14, 15)
(13, 15)
(12, 15)
(11, 15)
(10, 15)
(9, 15)
(8, 15)
(8, 14)
(8, 13)
(7, 13)
(6, 13)
(5, 13)
(4, 13)
kaikki ok
Reitin pituus: 18
(7, 5)
(8, 5)
(8, 6)
(8, 7)
(9, 7)
(10, 7)
(11, 7)
(12, 7)
(12, 8)
(12, 9)
(12, 10)
(12, 11)
(12, 12)
(12, 13)
(13, 13)
(14, 13)
(15, 13)
(16, 13)
(17, 13)
kaikki ok
Reitin pituus: 15
(6, 19)
(7, 19)
(8, 19)
(9, 19)
(10, 19)
(10, 18)
(10, 17)
(11, 17)
(12, 17)
(12, 16)
(12, 15)
(13, 15)
(14, 15)
(14, 14)
(14, 13)
(14, 12)
kaikki ok
Reitin pituus: 10
(15, 17)
(14, 17)
(14, 16)
(14, 15)
(14, 14)
(14, 13)
(13, 13)
(12, 13)
(12, 12)
(12, 11)
(11, 11)
kaikki ok
Reitin pituus: 14
(8, 18)
(8, 17)
(7, 17)
(6, 17)
(6, 16)
(6, 15)
(7, 15)
(8, 15)
(8, 14)
(8, 13)
(7, 13)
(6, 13)
(6, 12)
(6, 11)
(7, 11)
kaikki ok
Reitin pituus: 9
(6, 11)
(6, 12)
(6, 13)
(5, 13)
(4, 13)
(4, 14)
(4, 15)
(4, 16)
(4, 17)
(3, 17)
kaikki ok
Reitin pituus: 6
(3, 5)
(4, 5)
(4, 4)
(4, 3)
(4, 2)
(4, 1)
(5, 1)
kaikki ok
Reitin pituus: 7
(6, 5)
(6, 4)
(6, 3)
(7, 3)
(8, 3)
(9, 3)
(10, 3)
(10, 2)
kaikki ok
Reitin pituus: 19
(12, 4)
(12, 3)
(13, 3)
(14, 3)
(14, 4)
(14, 5)
(14, 6)
(14, 7)
(14, 8)
(14, 9)
(14, 10)
(14, 11)
(14, 12)
(14, 13)
(15, 13)
(16, 13)
(17, 13)
(17, 14)
(17, 15)
(16, 15)
kaikki ok
Reitin pituus: 18
(12, 9)
(12, 8)
(12, 7)
(11, 7)
(10, 7)
(9, 7)
(8, 7)
(8, 6)
(8, 5)
(7, 5)
(6, 5)
(6, 4)
(6, 3)
(5, 3)
(4, 3)
(4, 4)
(4, 5)
(3, 5)
(2, 5)
kaikki ok
Reitin pituus: 6
(12, 7)
(11, 7)
(10, 7)
(9, 7)
(8, 7)
(7, 7)
(6, 7)
kaikki ok
Reitin pituus: 23
(13, 15)
(12, 15)
(11, 15)
(10, 15)
(9, 15)
(8, 15)
(7, 15)
(6, 15)
(5, 15)
(4, 15)
(4, 14)
(4, 13)
(4, 12)
(4, 11)
(4, 10)
(4, 9)
(4, 8)
(4, 7)
(4, 6)
(4, 5)
(4, 4)
(4, 3)
(4, 2)
(4, 1)
kaikki ok
Reitin pituus: 3
(4, 1)
(5, 1)
(6, 1)
(7, 1)
kaikki ok
Reitin pituus: 4
(13, 15)
(14, 15)
(14, 16)
(14, 17)
(15, 17)
kaikki ok
Reitin pituus: 19
(4, 9)
(5, 9)
(6, 9)
(6, 8)
(6, 7)
(7, 7)
(8, 7)
(9, 7)
(10, 7)
(10, 6)
(10, 5)
(11, 5)
(12, 5)
(12, 4)
(12, 3)
(13, 3)
(14, 3)
(14, 2)
(14, 1)
(15, 1)
kaikki ok
Reitin pituus: 12
(9, 15)
(10, 15)
(10, 14)
(10, 13)
(11, 13)
(12, 13)
(12, 12)
(12, 11)
(12, 10)
(12, 9)
(12, 8)
(12, 7)
(11, 7)
kaikki ok
Reitin pituus: 8
(10, 1)
(10, 2)
(10, 3)
(9, 3)
(8, 3)
(7, 3)
(6, 3)
(5, 3)
(4, 3)
kaikki ok
Reitin pituus: 8
(5, 15)
(6, 15)
(7, 15)
(8, 15)
(9, 15)
(10, 15)
(10, 14)
(10, 13)
(11, 13)
kaikki ok
Reitin pituus: 18
(7, 17)
(6, 17)
(6, 16)
(6, 15)
(7, 15)
(8, 15)
(8, 14)
(8, 13)
(7, 13)
(6, 13)
(6, 12)
(6, 11)
(6, 10)
(6, 9)
(6, 8)
(6, 7)
(7, 7)
(8, 7)
(9, 7)
kaikki ok
Reitin pituus: 12
(4, 14)
(4, 15)
(5, 15)
(6, 15)
(6, 16)
(6, 17)
(7, 17)
(8, 17)
(8, 18)
(8, 19)
(9, 19)
(10, 19)
(11, 19)
kaikki ok
Reitin pituus: 22
(5, 15)
(4, 15)
(4, 14)
(4, 13)
(4, 12)
(4, 11)
(4, 10)
(4, 9)
(4, 8)
(4, 7)
(4, 6)
(4, 5)
(4, 4)
(4, 3)
(5, 3)
(6, 3)
(7, 3)
(8, 3)
(9, 3)
(10, 3)
(10, 2)
(10, 1)
(11, 1)
kaikki ok
Reitin pituus: 12
(4, 15)
(5, 15)
(6, 15)
(7, 15)
(8, 15)
(9, 15)
(10, 15)
(11, 15)
(12, 15)
(13, 15)
(14, 15)
(14, 16)
(14, 17)
kaikki ok
Reitin pituus: 18
(3, 5)
(4, 5)
(4, 4)
(4, 3)
(5, 3)
(6, 3)
(7, 3)
(8, 3)
(9, 3)
(10, 3)
(11, 3)
(12, 3)
(13, 3)
(14, 3)
(15, 3)
(16, 3)
(17, 3)
(17, 4)
(17, 5)
kaikki ok
Reitin pituus: 21
(2, 5)
(3, 5)
(4, 5)
(4, 6)
(4, 7)
(4, 8)
(4, 9)
(4, 10)
(4, 11)
(4, 12)
(4, 13)
(4, 14)
(4, 15)
(5, 15)
(6, 15)
(6, 16)
(6, 17)
(7, 17)
(8, 17)
(8, 18)
(8, 19)
(9, 19)
kaikki ok
Reitin pituus: 18
(9, 19)
(10, 19)
(10, 18)
(10, 17)
(11, 17)
(12, 17)
(12, 16)
(12, 15)
(13, 15)
(14, 15)
(14, 14)
(14, 13)
(14, 12)
(14, 11)
(14, 10)
(14, 9)
(13, 9)
(12, 9)
(12, 8)
kaikki ok
Reitin pituus: 13
(13, 9)
(14, 9)
(14, 10)
(14, 11)
(14, 12)
(14, 13)
(14, 14)
(14, 15)
(13, 15)
(12, 15)
(12, 16)
(12, 17)
(11, 17)
(10, 17)
kaikki ok
Reitin pituus: 19
(1, 4)
(1, 3)
(2, 3)
(3, 3)
(4, 3)
(5, 3)
(6, 3)
(6, 4)
(6, 5)
(7, 5)
(8, 5)
(8, 6)
(8, 7)
(9, 7)
(10, 7)
(11, 7)
(12, 7)
(12, 8)
(12, 9)
(13, 9)
kaikki ok
Reitin pituus: 9
(2, 1)
(3, 1)
(4, 1)
(4, 2)
(4, 3)
(4, 4)
(4, 5)
(4, 6)
(4, 7)
(4, 8)
kaikki ok
Reitin pituus: 15
(14, 15)
(14, 14)
(14, 13)
(13, 13)
(12, 13)
(12, 12)
(12, 11)
(12, 10)
(12, 9)
(12, 8)
(12, 7)
(11, 7)
(10, 7)
(10, 6)
(10, 5)
(11, 5)
kaikki ok
Reitin pituus: 14
(8, 6)
(8, 5)
(7, 5)
(6, 5)
(6, 4)
(6, 3)
(7, 3)
(8, 3)
(9, 3)
(10, 3)
(10, 2)
(10, 1)
(11, 1)
(12, 1)
(13, 1)
kaikki ok
Reitin pituus: 7
(1, 15)
(1, 14)
(1, 13)
(2, 13)
(3, 13)
(4, 13)
(5, 13)
(6, 13)
kaikki ok
Reitin pituus: 2
(4, 2)
(4, 3)
(3, 3)
kaikki ok
Reitin pituus: 14
(14, 17)
(14, 16)
(14, 15)
(14, 14)
(14, 13)
(14, 12)
(14, 11)
(14, 10)
(14, 9)
(14, 8)
(14, 7)
(14, 6)
(14, 5)
(14, 4)
(14, 3)
kaikki ok
Reitin pituus: 10
(12, 16)
(12, 15)
(13, 15)
(14, 15)
(14, 14)
(14, 13)
(15, 13)
(16, 13)
(17, 13)
(17, 14)
(17, 15)
kaikki ok
Reitin pituus: 8
(7, 3)
(6, 3)
(5, 3)
(4, 3)
(4, 2)
(4, 1)
(3, 1)
(2, 1)
(1, 1)
kaikki ok
Reitin pituus: 5
(13, 3)
(14, 3)
(14, 4)
(14, 5)
(15, 5)
(16, 5)
kaikki ok
Reitin pituus: 14
(5, 9)
(6, 9)
(6, 10)
(6, 11)
(7, 11)
(8, 11)
(9, 11)
(10, 11)
(11, 11)
(12, 11)
(12, 12)
(12, 13)
(13, 13)
(14, 13)
(14, 14)
kaikki ok
Reitin pituus: 12
(4, 12)
(4, 11)
(4, 10)
(4, 9)
(5, 9)
(6, 9)
(6, 8)
(6, 7)
(7, 7)
(8, 7)
(9, 7)
(9, 8)
(9, 9)
kaikki ok
Reitin pituus: 5
(1, 13)
(2, 13)
(3, 13)
(4, 13)
(4, 14)
(4, 15)
kaikki ok
Reitin pituus: 11
(11, 1)
(10, 1)
(10, 2)
(10, 3)
(9, 3)
(8, 3)
(7, 3)
(6, 3)
(5, 3)
(4, 3)
(3, 3)
(2, 3)
kaikki ok
Reitin pituus: 14
(1, 4)
(1, 3)
(2, 3)
(3, 3)
(4, 3)
(5, 3)
(6, 3)
(6, 4)
(6, 5)
(7, 5)
(8, 5)
(8, 6)
(8, 7)
(9, 7)
(9, 8)
kaikki ok
Reitin pituus: 9
(16, 16)
(16, 17)
(15, 17)
(14, 17)
(14, 16)
(14, 15)
(13, 15)
(12, 15)
(11, 15)
(10, 15)
kaikki ok
Reitin pituus: 20
(16, 13)
(15, 13)
(14, 13)
(14, 12)
(14, 11)
(14, 10)
(14, 9)
(14, 8)
(14, 7)
(14, 6)
(14, 5)
(14, 4)
(14, 3)
(13, 3)
(12, 3)
(11, 3)
(10, 3)
(9, 3)
(8, 3)
(8, 2)
(8, 1)
kaikki ok
Reitin pituus: 12
(7, 19)
(8, 19)
(8, 18)
(8, 17)
(7, 17)
(6, 17)
(6, 16)
(6, 15)
(5, 15)
(4, 15)
(4, 14)
(4, 13)
(5, 13)
kaikki ok
Reitin pituus: 13
(7, 19)
(8, 19)
(8, 18)
(8, 17)
(7, 17)
(6, 17)
(6, 16)
(6, 15)
(5, 15)
(4, 15)
(4, 14)
(4, 13)
(3, 13)
(2, 13)
kaikki ok
Reitin pituus: 12
(7, 1)
(8, 1)
(8, 2)
(8, 3)
(7, 3)
(6, 3)
(6, 4)
(6, 5)
(7, 5)
(8, 5)
(8, 6)
(8, 7)
(9, 7)
kaikki ok
Reitin pituus: 5
(14, 19)
(15, 19)
(16, 19)
(17, 19)
(17, 18)
(17, 17)
kaikki ok
Reitin pituus: 13
(13, 3)
(12, 3)
(11, 3)
(10, 3)
(9, 3)
(8, 3)
(7, 3)
(6, 3)
(5, 3)
(4, 3)
(3, 3)
(2, 3)
(1, 3)
(1, 4)
kaikki ok
Reitin pituus: 13
(10, 17)
(11, 17)
(12, 17)
(12, 16)
(12, 15)
(11, 15)
(10, 15)
(10, 14)
(10, 13)
(11, 13)
(12, 13)
(12, 12)
(12, 11)
(11, 11)
kaikki ok
Reitin pituus: 7
(4, 8)
(4, 9)
(5, 9)
(6, 9)
(6, 8)
(6, 7)
(7, 7)
(8, 7)
kaikki ok
Reitin pituus: 15
(1, 2)
(1, 3)
(2, 3)
(3, 3)
(4, 3)
(5, 3)
(6, 3)
(6, 4)
(6, 5)
(7, 5)
(8, 5)
(8, 6)
(8, 7)
(9, 7)
(10, 7)
(10, 6)
kaikki ok
Reitin pituus: 16
(12, 10)
(12, 9)
(13, 9)
(14, 9)
(14, 8)
(14, 7)
(14, 6)
(14, 5)
(14, 4)
(14, 3)
(13, 3)
(12, 3)
(11, 3)
(10, 3)
(9, 3)
(8, 3)
(8, 2)
kaikki ok
Reitin pituus: 24
(12, 15)
(11, 15)
(10, 15)
(9, 15)
(8, 15)
(7, 15)
(6, 15)
(5, 15)
(4, 15)
(4, 14)
(4, 13)
(4, 12)
(4, 11)
(4, 10)
(4, 9)
(4, 8)
(4, 7)
(4, 6)
(4, 5)
(4, 4)
(4, 3)
(3, 3)
(2, 3)
(1, 3)
(1, 2)
kaikki ok
Reitin pituus: 2
(16, 19)
(17, 19)
(17, 18)
kaikki ok
Reitin pituus: 16
(14, 14)
(14, 13)
(14, 12)
(14, 11)
(14, 10)
(14, 9)
(14, 8)
(14, 7)
(14, 6)
(14, 5)
(14, 4)
(14, 3)
(13, 3)
(12, 3)
(11, 3)
(10, 3)
(10, 2)
kaikki ok
Reitin pituus: 8
(16, 15)
(17, 15)
(17, 14)
(17, 13)
(16, 13)
(15, 13)
(14, 13)
(14, 12)
(14, 11)
kaikki ok
Reitin pituus: 17
(10, 7)
(11, 7)
(12, 7)
(12, 8)
(12, 9)
(13, 9)
(14, 9)
(14, 10)
(14, 11)
(14, 12)
(14, 13)
(14, 14)
(14, 15)
(13, 15)
(12, 15)
(12, 16)
(12, 17)
(11, 17)
kaikki ok
Reitin pituus: 19
(7, 17)
(6, 17)
(6, 16)
(6, 15)
(7, 15)
(8, 15)
(8, 14)
(8, 13)
(7, 13)
(6, 13)
(6, 12)
(6, 11)
(6, 10)
(6, 9)
(6, 8)
(6, 7)
(7, 7)
(8, 7)
(9, 7)
(9, 8)
kaikki ok
Reitin pituus: 20
(17, 17)
(16, 17)
(15, 17)
(14, 17)
(14, 16)
(14, 15)
(14, 14)
(14, 13)
(14, 12)
(14, 11)
(14, 10)
(14, 9)
(14, 8)
(14, 7)
(14, 6)
(14, 5)
(14, 4)
(14, 3)
(13, 3)
(12, 3)
(12, 4)
kaikki ok
Reitin pituus: 16
(15, 17)
(14, 17)
(14, 16)
(14, 15)
(14, 14)
(14, 13)
(14, 12)
(14, 11)
(14, 10)
(14, 9)
(14, 8)
(14, 7)
(14, 6)
(14, 5)
(14, 4)
(14, 3)
(13, 3)
kaikki ok
Reitin pituus: 22
(10, 5)
(10, 6)
(10, 7)
(11, 7)
(12, 7)
(12, 8)
(12, 9)
(12, 10)
(12, 11)
(12, 12)
(12, 13)
(11, 13)
(10, 13)
(10, 14)
(10, 15)
(11, 15)
(12, 15)
(12, 16)
(12, 17)
(11, 17)
(10, 17)
(10, 18)
(10, 19)
kaikki ok
Reitin pituus: 12
(9, 11)
(10, 11)
(11, 11)
(12, 11)
(12, 10)
(12, 9)
(12, 8)
(12, 7)
(11, 7)
(10, 7)
(10, 6)
(10, 5)
(11, 5)
kaikki ok
Reitin pituus: 31
(16, 1)
(15, 1)
(14, 1)
(14, 2)
(14, 3)
(13, 3)
(12, 3)
(12, 4)
(12, 5)
(11, 5)
(10, 5)
(10, 6)
(10, 7)
(9, 7)
(8, 7)
(7, 7)
(6, 7)
(6, 8)
(6, 9)
(6, 10)
(6, 11)
(6, 12)
(6, 13)
(5, 13)
(4, 13)
(3, 13)
(2, 13)
(1, 13)
(1, 14)
(1, 15)
(2, 15)
(2, 16)
kaikki ok
Reitin pituus: 19
(17, 19)
(17, 18)
(17, 17)
(16, 17)
(15, 17)
(14, 17)
(14, 16)
(14, 15)
(13, 15)
(12, 15)
(11, 15)
(10, 15)
(9, 15)
(8, 15)
(7, 15)
(6, 15)
(5, 15)
(4, 15)
(4, 16)
(4, 17)
kaikki ok
Reitin pituus: 14
(4, 8)
(4, 7)
(4, 6)
(4, 5)
(4, 4)
(4, 3)
(5, 3)
(6, 3)
(7, 3)
(8, 3)
(9, 3)
(10, 3)
(11, 3)
(12, 3)
(12, 4)
kaikki ok
Reitin pituus: 8
(11, 17)
(10, 17)
(10, 18)
(10, 19)
(9, 19)
(8, 19)
(8, 18)
(8, 17)
(7, 17)
kaikki ok
Reitin pituus: 16
(14, 11)
(14, 12)
(14, 13)
(13, 13)
(12, 13)
(12, 12)
(12, 11)
(11, 11)
(10, 11)
(9, 11)
(8, 11)
(7, 11)
(6, 11)
(6, 12)
(6, 13)
(5, 13)
(4, 13)
kaikki ok
Reitin pituus: 16
(16, 1)
(15, 1)
(14, 1)
(14, 2)
(14, 3)
(13, 3)
(12, 3)
(12, 4)
(12, 5)
(11, 5)
(10, 5)
(10, 6)
(10, 7)
(9, 7)
(8, 7)
(7, 7)
(6, 7)
kaikki ok
Reitin pituus: 3
(12, 9)
(12, 8)
(12, 7)
(11, 7)
kaikki ok
Reitin pituus: 1
(9, 7)
(8, 7)
kaikki ok
Reitin pituus: 14
(11, 3)
(12, 3)
(12, 4)
(12, 5)
(11, 5)
(10, 5)
(10, 6)
(10, 7)
(11, 7)
(12, 7)
(12, 8)
(12, 9)
(12, 10)
(12, 11)
(12, 12)
kaikki ok
Reitin pituus: 14
(4, 3)
(5, 3)
(6, 3)
(7, 3)
(8, 3)
(9, 3)
(10, 3)
(11, 3)
(12, 3)
(13, 3)
(14, 3)
(14, 4)
(14, 5)
(15, 5)
(16, 5)
kaikki ok
Reitin pituus: 15
(2, 1)
(3, 1)
(4, 1)
(4, 2)
(4, 3)
(4, 4)
(4, 5)
(4, 6)
(4, 7)
(4, 8)
(4, 9)
(4, 10)
(4, 11)
(4, 12)
(4, 13)
(4, 14)
kaikki ok
Reitin pituus: 17
(12, 1)
(13, 1)
(14, 1)
(14, 2)
(14, 3)
(14, 4)
(14, 5)
(14, 6)
(14, 7)
(14, 8)
(14, 9)
(14, 10)
(14, 11)
(14, 12)
(14, 13)
(14, 14)
(14, 15)
(14, 16)
kaikki ok
Reitin pituus: 16
(2, 3)
(3, 3)
(4, 3)
(4, 4)
(4, 5)
(4, 6)
(4, 7)
(4, 8)
(4, 9)
(5, 9)
(6, 9)
(6, 10)
(6, 11)
(6, 12)
(6, 13)
(7, 13)
(8, 13)
kaikki ok
Reitin pituus: 12
(1, 17)
(2, 17)
(3, 17)
(4, 17)
(4, 16)
(4, 15)
(4, 14)
(4, 13)
(5, 13)
(6, 13)
(6, 12)
(6, 11)
(7, 11)
kaikki ok
Reitin pituus: 22
(17, 4)
(17, 5)
(16, 5)
(15, 5)
(14, 5)
(14, 6)
(14, 7)
(14, 8)
(14, 9)
(13, 9)
(12, 9)
(12, 10)
(12, 11)
(12, 12)
(12, 13)
(11, 13)
(10, 13)
(10, 14)
(10, 15)
(9, 15)
(8, 15)
(7, 15)
(6, 15)
kaikki ok
Reitin pituus: 25
(6, 7)
(6, 8)
(6, 9)
(6, 10)
(6, 11)
(6, 12)
(6, 13)
(7, 13)
(8, 13)
(8, 14)
(8, 15)
(9, 15)
(10, 15)
(11, 15)
(12, 15)
(13, 15)
(14, 15)
(14, 16)
(14, 17)
(15, 17)
(16, 17)
(17, 17)
(17, 18)
(17, 19)
(16, 19)
(15, 19)
kaikki ok
Reitin pituus: 13
(17, 1)
(17, 2)
(17, 3)
(16, 3)
(15, 3)
(14, 3)
(13, 3)
(12, 3)
(12, 4)
(12, 5)
(11, 5)
(10, 5)
(10, 6)
(10, 7)
kaikki ok
Reitin pituus: 3
(6, 4)
(6, 3)
(5, 3)
(4, 3)
kaikki ok
Reitin pituus: 7
(9, 3)
(10, 3)
(10, 2)
(10, 1)
(11, 1)
(12, 1)
(13, 1)
(14, 1)
kaikki ok
Reitin pituus: 10
(12, 9)
(12, 10)
(12, 11)
(12, 12)
(12, 13)
(11, 13)
(10, 13)
(10, 14)
(10, 15)
(9, 15)
(8, 15)
kaikki ok
Reitin pituus: 20
(16, 13)
(15, 13)
(14, 13)
(14, 14)
(14, 15)
(13, 15)
(12, 15)
(11, 15)
(10, 15)
(9, 15)
(8, 15)
(7, 15)
(6, 15)
(5, 15)
(4, 15)
(4, 16)
(4, 17)
(3, 17)
(2, 17)
(1, 17)
(1, 18)
kaikki ok
Reitin pituus: 15
(4, 14)
(4, 13)
(4, 12)
(4, 11)
(4, 10)
(4, 9)
(4, 8)
(4, 7)
(4, 6)
(4, 5)
(4, 4)
(4, 3)
(5, 3)
(6, 3)
(7, 3)
(8, 3)
kaikki ok
Reitin pituus: 9
(14, 5)
(14, 4)
(14, 3)
(13, 3)
(12, 3)
(11, 3)
(10, 3)
(9, 3)
(8, 3)
(8, 2)
kaikki ok
Reitin pituus: 18
(17, 15)
(17, 14)
(17, 13)
(16, 13)
(15, 13)
(14, 13)
(14, 12)
(14, 11)
(14, 10)
(14, 9)
(14, 8)
(14, 7)
(14, 6)
(14, 5)
(14, 4)
(14, 3)
(13, 3)
(12, 3)
(11, 3)
kaikki ok
Reitin pituus: 17
(11, 11)
(10, 11)
(9, 11)
(8, 11)
(7, 11)
(6, 11)
(6, 10)
(6, 9)
(5, 9)
(4, 9)
(4, 8)
(4, 7)
(4, 6)
(4, 5)
(4, 4)
(4, 3)
(3, 3)
(2, 3)
kaikki ok
Reitin pituus: 16
(16, 16)
(16, 17)
(15, 17)
(14, 17)
(14, 16)
(14, 15)
(13, 15)
(12, 15)
(11, 15)
(10, 15)
(9, 15)
(8, 15)
(7, 15)
(6, 15)
(6, 16)
(6, 17)
(7, 17)
kaikki ok
Reitin pituus: 20
(1, 19)
(1, 18)
(1, 17)
(2, 17)
(3, 17)
(4, 17)
(4, 16)
(4, 15)
(4, 14)
(4, 13)
(5, 13)
(6, 13)
(6, 12)
(6, 11)
(6, 10)
(6, 9)
(6, 8)
(6, 7)
(7, 7)
(8, 7)
(9, 7)
kaikki ok
Reitin pituus: 12
(3, 17)
(2, 17)
(1, 17)
(1, 18)
(1, 19)
(2, 19)
(3, 19)
(4, 19)
(5, 19)
(6, 19)
(7, 19)
(8, 19)
(9, 19)
kaikki ok
Reitin pituus: 19
(14, 7)
(14, 8)
(14, 9)
(13, 9)
(12, 9)
(12, 10)
(12, 11)
(12, 12)
(12, 13)
(11, 13)
(10, 13)
(10, 14)
(10, 15)
(9, 15)
(8, 15)
(7, 15)
(6, 15)
(6, 16)
(6, 17)
(7, 17)
kaikki ok
Reitin pituus: 12
(2, 16)
(2, 17)
(1, 17)
(1, 18)
(1, 19)
(2, 19)
(3, 19)
(4, 19)
(5, 19)
(6, 19)
(7, 19)
(8, 19)
(9, 19)
kaikki ok
Reitin pituus: 19
(12, 3)
(13, 3)
(14, 3)
(14, 4)
(14, 5)
(14, 6)
(14, 7)
(14, 8)
(14, 9)
(14, 10)
(14, 11)
(14, 12)
(14, 13)
(14, 14)
(14, 15)
(14, 16)
(14, 17)
(15, 17)
(16, 17)
(17, 17)
kaikki ok
Reitin pituus: 18
(6, 8)
(6, 7)
(7, 7)
(8, 7)
(9, 7)
(10, 7)
(11, 7)
(12, 7)
(12, 8)
(12, 9)
(13, 9)
(14, 9)
(14, 8)
(14, 7)
(14, 6)
(14, 5)
(15, 5)
(16, 5)
(17, 5)
kaikki ok
Reitin pituus: 21
(4, 10)
(4, 9)
(5, 9)
(6, 9)
(6, 8)
(6, 7)
(7, 7)
(8, 7)
(9, 7)
(10, 7)
(11, 7)
(12, 7)
(12, 8)
(12, 9)
(13, 9)
(14, 9)
(14, 8)
(14, 7)
(14, 6)
(14, 5)
(15, 5)
(16, 5)
kaikki ok
Reitin pituus: 24
(8, 19)
(8, 18)
(8, 17)
(7, 17)
(6, 17)
(6, 16)
(6, 15)
(5, 15)
(4, 15)
(4, 14)
(4, 13)
(4, 12)
(4, 11)
(4, 10)
(4, 9)
(5, 9)
(6, 9)
(6, 8)
(6, 7)
(7, 7)
(8, 7)
(9, 7)
(9, 8)
(9, 9)
(8, 9)
kaikki ok
Reitin pituus: 9
(12, 13)
(12, 12)
(12, 11)
(11, 11)
(10, 11)
(9, 11)
(8, 11)
(7, 11)
(6, 11)
(6, 10)
kaikki ok
Reitin pituus: 10
(5, 13)
(6, 13)
(7, 13)
(8, 13)
(8, 14)
(8, 15)
(9, 15)
(10, 15)
(10, 14)
(10, 13)
(11, 13)
kaikki ok
Reitin pituus: 9
(9, 7)
(8, 7)
(8, 6)
(8, 5)
(7, 5)
(6, 5)
(6, 4)
(6, 3)
(5, 3)
(4, 3)
kaikki ok
Reitin pituus: 11
(6, 19)
(7, 19)
(8, 19)
(9, 19)
(10, 19)
(11, 19)
(12, 19)
(13, 19)
(14, 19)
(15, 19)
(16, 19)
(17, 19)
kaikki ok
Reitin pituus: 4
(6, 16)
(6, 15)
(5, 15)
(4, 15)
(4, 16)
kaikki ok
Reitin pituus: 10
(14, 9)
(14, 10)
(14, 11)
(14, 12)
(14, 13)
(15, 13)
(16, 13)
(17, 13)
(17, 14)
(17, 15)
(16, 15)
kaikki ok
Reitin pituus: 1
(4, 10)
(4, 11)
kaikki ok
Reitin pituus: 16
(2, 17)
(3, 17)
(4, 17)
(4, 16)
(4, 15)
(5, 15)
(6, 15)
(7, 15)
(8, 15)
(9, 15)
(10, 15)
(11, 15)
(12, 15)
(13, 15)
(14, 15)
(14, 14)
(14, 13)
kaikki ok
Reitin pituus: 8
(6, 5)
(6, 4)
(6, 3)
(5, 3)
(4, 3)
(4, 2)
(4, 1)
(3, 1)
(2, 1)
kaikki ok
Reitin pituus: 6
(4, 9)
(5, 9)
(6, 9)
(6, 10)
(6, 11)
(7, 11)
(8, 11)
kaikki ok
Reitin pituus: 19
(1, 14)
(1, 13)
(2, 13)
(3, 13)
(4, 13)
(4, 12)
(4, 11)
(4, 10)
(4, 9)
(4, 8)
(4, 7)
(4, 6)
(4, 5)
(4, 4)
(4, 3)
(5, 3)
(6, 3)
(7, 3)
(8, 3)
(9, 3)
kaikki ok
Reitin pituus: 8
(6, 11)
(6, 12)
(6, 13)
(7, 13)
(8, 13)
(8, 14)
(8, 15)
(9, 15)
(10, 15)
kaikki ok
Reitin pituus: 7
(7, 7)
(6, 7)
(6, 8)
(6, 9)
(5, 9)
(4, 9)
(4, 8)
(4, 7)
kaikki ok
Reitin pituus: 25
(1, 5)
(2, 5)
(3, 5)
(4, 5)
(4, 6)
(4, 7)
(4, 8)
(4, 9)
(5, 9)
(6, 9)
(6, 10)
(6, 11)
(7, 11)
(8, 11)
(9, 11)
(10, 11)
(11, 11)
(12, 11)
(12, 12)
(12, 13)
(13, 13)
(14, 13)
(14, 14)
(14, 15)
(14, 16)
(14, 17)
kaikki ok
Reitin pituus: 16
(3, 19)
(4, 19)
(5, 19)
(6, 19)
(7, 19)
(8, 19)
(9, 19)
(10, 19)
(10, 18)
(10, 17)
(11, 17)
(12, 17)
(12, 16)
(12, 15)
(13, 15)
(14, 15)
(14, 16)
kaikki ok
Reitin pituus: 17
(16, 16)
(16, 17)
(15, 17)
(14, 17)
(14, 16)
(14, 15)
(14, 14)
(14, 13)
(14, 12)
(14, 11)
(14, 10)
(14, 9)
(14, 8)
(14, 7)
(14, 6)
(14, 5)
(15, 5)
(16, 5)
kaikki ok
Reitin pituus: 0
(2, 5)
kaikki ok
Reitin pituus: 13
(4, 12)
(4, 13)
(4, 14)
(4, 15)
(5, 15)
(6, 15)
(6, 16)
(6, 17)
(7, 17)
(8, 17)
(8, 18)
(8, 19)
(9, 19)
(10, 19)
kaikki ok
Reitin pituus: 1
(14, 3)
(13, 3)
kaikki ok
Reitin pituus: 27
(6, 5)
(7, 5)
(8, 5)
(8, 6)
(8, 7)
(7, 7)
(6, 7)
(6, 8)
(6, 9)
(6, 10)
(6, 11)
(6, 12)
(6, 13)
(7, 13)
(8, 13)
(8, 14)
(8, 15)
(7, 15)
(6, 15)
(6, 16)
(6, 17)
(7, 17)
(8, 17)
(8, 18)
(8, 19)
(7, 19)
(6, 19)
(5, 19)
kaikki ok
Reitin pituus: 27
(4, 19)
(3, 19)
(2, 19)
(1, 19)
(1, 18)
(1, 17)
(2, 17)
(3, 17)
(4, 17)
(4, 16)
(4, 15)
(4, 14)
(4, 13)
(5, 13)
(6, 13)
(6, 12)
(6, 11)
(6, 10)
(6, 9)
(6, 8)
(6, 7)
(7, 7)
(8, 7)
(9, 7)
(10, 7)
(10, 6)
(10, 5)
(11, 5)
kaikki ok
Reitin pituus: 21
(14, 12)
(14, 11)
(14, 10)
(14, 9)
(14, 8)
(14, 7)
(14, 6)
(14, 5)
(14, 4)
(14, 3)
(13, 3)
(12, 3)
(11, 3)
(10, 3)
(9, 3)
(8, 3)
(7, 3)
(6, 3)
(5, 3)
(4, 3)
(4, 2)
(4, 1)
kaikki ok
Reitin pituus: 27
(4, 19)
(5, 19)
(6, 19)
(7, 19)
(8, 19)
(9, 19)
(10, 19)
(10, 18)
(10, 17)
(11, 17)
(12, 17)
(12, 16)
(12, 15)
(13, 15)
(14, 15)
(14, 14)
(14, 13)
(14, 12)
(14, 11)
(14, 10)
(14, 9)
(14, 8)
(14, 7)
(14, 6)
(14, 5)
(15, 5)
(16, 5)
(17, 5)
kaikki ok
Reitin pituus: 12
(7, 7)
(6, 7)
(6, 8)
(6, 9)
(5, 9)
(4, 9)
(4, 8)
(4, 7)
(4, 6)
(4, 5)
(3, 5)
(2, 5)
(1, 5)
kaikki ok
Reitin pituus: 20
(2, 19)
(3, 19)
(4, 19)
(5, 19)
(6, 19)
(7, 19)
(8, 19)
(9, 19)
(10, 19)
(10, 18)
(10, 17)
(11, 17)
(12, 17)
(12, 16)
(12, 15)
(13, 15)
(14, 15)
(14, 14)
(14, 13)
(14, 12)
(14, 11)
kaikki ok
Reitin pituus: 19
(8, 15)
(9, 15)
(10, 15)
(11, 15)
(12, 15)
(13, 15)
(14, 15)
(14, 14)
(14, 13)
(14, 12)
(14, 11)
(14, 10)
(14, 9)
(14, 8)
(14, 7)
(14, 6)
(14, 5)
(14, 4)
(14, 3)
(14, 2)
kaikki ok
Reitin pituus: 16
(6, 8)
(6, 9)
(6, 10)
(6, 11)
(6, 12)
(6, 13)
(7, 13)
(8, 13)
(8, 14)
(8, 15)
(9, 15)
(10, 15)
(11, 15)
(12, 15)
(12, 16)
(12, 17)
(11, 17)
kaikki ok
Reitin pituus: 11
(12, 11)
(11, 11)
(10, 11)
(9, 11)
(8, 11)
(7, 11)
(6, 11)
(6, 10)
(6, 9)
(5, 9)
(4, 9)
(4, 10)
kaikki ok
Reitin pituus: 23
(16, 15)
(17, 15)
(17, 14)
(17, 13)
(16, 13)
(15, 13)
(14, 13)
(14, 12)
(14, 11)
(14, 10)
(14, 9)
(14, 8)
(14, 7)
(14, 6)
(14, 5)
(14, 4)
(14, 3)
(13, 3)
(12, 3)
(11, 3)
(10, 3)
(9, 3)
(8, 3)
(7, 3)
kaikki ok
Reitin pituus: 2
(6, 15)
(6, 16)
(6, 17)
kaikki ok
Reitin pituus: 10
(14, 2)
(14, 3)
(13, 3)
(12, 3)
(12, 4)
(12, 5)
(11, 5)
(10, 5)
(10, 6)
(10, 7)
(9, 7)
kaikki ok
Reitin pituus: 16
(5, 13)
(6, 13)
(7, 13)
(8, 13)
(8, 14)
(8, 15)
(9, 15)
(10, 15)
(11, 15)
(12, 15)
(13, 15)
(14, 15)
(14, 16)
(14, 17)
(15, 17)
(16, 17)
(16, 16)
kaikki ok
Reitin pituus: 11
(10, 9)
(9, 9)
(9, 8)
(9, 7)
(10, 7)
(11, 7)
(12, 7)
(12, 8)
(12, 9)
(13, 9)
(14, 9)
(14, 8)
kaikki ok
Reitin pituus: 4
(14, 12)
(14, 13)
(13, 13)
(12, 13)
(12, 12)
kaikki ok
Reitin pituus: 19
(8, 2)
(8, 3)
(9, 3)
(10, 3)
(11, 3)
(12, 3)
(13, 3)
(14, 3)
(14, 4)
(14, 5)
(14, 6)
(14, 7)
(14, 8)
(14, 9)
(14, 10)
(14, 11)
(14, 12)
(14, 13)
(14, 14)
(14, 15)
kaikki ok
Reitin pituus: 21
(10, 1)
(11, 1)
(12, 1)
(13, 1)
(14, 1)
(14, 2)
(14, 3)
(14, 4)
(14, 5)
(14, 6)
(14, 7)
(14, 8)
(14, 9)
(14, 10)
(14, 11)
(14, 12)
(14, 13)
(14, 14)
(14, 15)
(13, 15)
(12, 15)
(11, 15)
kaikki ok
Reitin pituus: 12
(12, 4)
(12, 5)
(11, 5)
(10, 5)
(10, 6)
(10, 7)
(9, 7)
(8, 7)
(7, 7)
(6, 7)
(6, 8)
(6, 9)
(6, 10)
kaikki ok
Reitin pituus: 10
(9, 3)
(10, 3)
(11, 3)
(12, 3)
(13, 3)
(14, 3)
(14, 4)
(14, 5)
(15, 5)
(16, 5)
(17, 5)
kaikki ok
Reitin pituus: 11
(4, 13)
(4, 14)
(4, 15)
(5, 15)
(6, 15)
(7, 15)
(8, 15)
(9, 15)
(10, 15)
(10, 14)
(10, 13)
(11, 13)
kaikki ok
Reitin pituus: 17
(16, 16)
(16, 17)
(15, 17)
(14, 17)
(14, 16)
(14, 15)
(14, 14)
(14, 13)
(14, 12)
(14, 11)
(14, 10)
(14, 9)
(14, 8)
(14, 7)
(14, 6)
(14, 5)
(14, 4)
(14, 3)
kaikki ok
Reitin pituus: 10
(13, 9)
(12, 9)
(12, 8)
(12, 7)
(11, 7)
(10, 7)
(9, 7)
(8, 7)
(7, 7)
(6, 7)
(6, 8)
kaikki ok
Reitin pituus: 16
(2, 1)
(3, 1)
(4, 1)
(5, 1)
(6, 1)
(7, 1)
(8, 1)
(8, 2)
(8, 3)
(9, 3)
(10, 3)
(11, 3)
(12, 3)
(13, 3)
(14, 3)
(14, 4)
(14, 5)
kaikki ok
Reitin pituus: 26
(16, 16)
(16, 17)
(15, 17)
(14, 17)
(14, 16)
(14, 15)
(13, 15)
(12, 15)
(11, 15)
(10, 15)
(9, 15)
(8, 15)
(7, 15)
(6, 15)
(5, 15)
(4, 15)
(4, 14)
(4, 13)
(4, 12)
(4, 11)
(4, 10)
(4, 9)
(4, 8)
(4, 7)
(4, 6)
(4, 5)
(4, 4)
kaikki ok
Reitin pituus: 9
(10, 6)
(10, 5)
(11, 5)
(12, 5)
(12, 4)
(12, 3)
(13, 3)
(14, 3)
(15, 3)
(16, 3)
kaikki ok
Reitin pituus: 11
(7, 11)
(8, 11)
(9, 11)
(10, 11)
(11, 11)
(12, 11)
(12, 12)
(12, 13)
(13, 13)
(14, 13)
(14, 14)
(14, 15)
kaikki ok
Reitin pituus: 21
(10, 7)
(9, 7)
(8, 7)
(7, 7)
(6, 7)
(6, 8)
(6, 9)
(5, 9)
(4, 9)
(4, 10)
(4, 11)
(4, 12)
(4, 13)
(4, 14)
(4, 15)
(5, 15)
(6, 15)
(6, 16)
(6, 17)
(7, 17)
(8, 17)
(8, 18)
kaikki ok
Reitin pituus: 4
(14, 8)
(14, 7)
(14, 6)
(14, 5)
(14, 4)
kaikki ok
Reitin pituus: 20
(2, 17)
(3, 17)
(4, 17)
(4, 16)
(4, 15)
(4, 14)
(4, 13)
(4, 12)
(4, 11)
(4, 10)
(4, 9)
(5, 9)
(6, 9)
(6, 8)
(6, 7)
(7, 7)
(8, 7)
(9, 7)
(9, 8)
(9, 9)
(8, 9)
kaikki ok
Reitin pituus: 11
(2, 3)
(3, 3)
(4, 3)
(5, 3)
(6, 3)
(6, 4)
(6, 5)
(7, 5)
(8, 5)
(8, 6)
(8, 7)
(9, 7)
kaikki ok
Reitin pituus: 27
(14, 19)
(15, 19)
(16, 19)
(17, 19)
(17, 18)
(17, 17)
(16, 17)
(15, 17)
(14, 17)
(14, 16)
(14, 15)
(14, 14)
(14, 13)
(14, 12)
(14, 11)
(14, 10)
(14, 9)
(14, 8)
(14, 7)
(14, 6)
(14, 5)
(14, 4)
(14, 3)
(14, 2)
(14, 1)
(13, 1)
(12, 1)
(11, 1)
kaikki ok
Reitin pituus: 15
(8, 19)
(8, 18)
(8, 17)
(7, 17)
(6, 17)
(6, 16)
(6, 15)
(5, 15)
(4, 15)
(4, 14)
(4, 13)
(5, 13)
(6, 13)
(6, 12)
(6, 11)
(7, 11)
kaikki ok
Reitin pituus: 19
(12, 8)
(12, 9)
(12, 10)
(12, 11)
(12, 12)
(12, 13)
(13, 13)
(14, 13)
(14, 14)
(14, 15)
(14, 16)
(14, 17)
(15, 17)
(16, 17)
(17, 17)
(17, 18)
(17, 19)
(16, 19)
(15, 19)
(14, 19)
kaikki ok
Reitin pituus: 7
(11, 3)
(12, 3)
(13, 3)
(14, 3)
(14, 2)
(14, 1)
(15, 1)
(16, 1)
kaikki ok
Reitin pituus: 11
(6, 4)
(6, 3)
(7, 3)
(8, 3)
(9, 3)
(10, 3)
(11, 3)
(12, 3)
(13, 3)
(14, 3)
(15, 3)
(16, 3)
kaikki ok
Reitin pituus: 19
(1, 4)
(1, 3)
(2, 3)
(3, 3)
(4, 3)
(5, 3)
(6, 3)
(7, 3)
(8, 3)
(9, 3)
(10, 3)
(11, 3)
(12, 3)
(13, 3)
(14, 3)
(14, 4)
(14, 5)
(15, 5)
(16, 5)
(17, 5)
kaikki ok
Reitin pituus: 9
(13, 19)
(12, 19)
(11, 19)
(10, 19)
(10, 18)
(10, 17)
(11, 17)
(12, 17)
(12, 16)
(12, 15)
kaikki ok
Reitin pituus: 2
(5, 9)
(6, 9)
(6, 10)
kaikki ok
Reitin pituus: 20
(1, 1)
(1, 2)
(1, 3)
(1, 4)
(1, 5)
(2, 5)
(3, 5)
(4, 5)
(4, 6)
(4, 7)
(4, 8)
(4, 9)
(4, 10)
(4, 11)
(4, 12)
(4, 13)
(4, 14)
(4, 15)
(4, 16)
(4, 17)
(3, 17)
kaikki ok
Reitin pituus: 17
(8, 11)
(7, 11)
(6, 11)
(6, 12)
(6, 13)
(5, 13)
(4, 13)
(4, 14)
(4, 15)
(4, 16)
(4, 17)
(3, 17)
(2, 17)
(1, 17)
(1, 18)
(1, 19)
(2, 19)
(3, 19)
kaikki ok
Reitin pituus: 13
(9, 15)
(8, 15)
(7, 15)
(6, 15)
(6, 16)
(6, 17)
(7, 17)
(8, 17)
(8, 18)
(8, 19)
(7, 19)
(6, 19)
(5, 19)
(4, 19)
kaikki ok
Reitin pituus: 3
(4, 1)
(4, 2)
(4, 3)
(5, 3)
kaikki ok
Reitin pituus: 6
(14, 11)
(14, 12)
(14, 13)
(14, 14)
(14, 15)
(13, 15)
(12, 15)
kaikki ok
Reitin pituus: 21
(7, 3)
(8, 3)
(9, 3)
(10, 3)
(11, 3)
(12, 3)
(13, 3)
(14, 3)
(14, 4)
(14, 5)
(14, 6)
(14, 7)
(14, 8)
(14, 9)
(14, 10)
(14, 11)
(14, 12)
(14, 13)
(14, 14)
(14, 15)
(14, 16)
(14, 17)
kaikki ok
Reitin pituus: 15
(13, 3)
(12, 3)
(12, 4)
(12, 5)
(11, 5)
(10, 5)
(10, 6)
(10, 7)
(9, 7)
(8, 7)
(7, 7)
(6, 7)
(6, 8)
(6, 9)
(6, 10)
(6, 11)
kaikki ok
Reitin pituus: 17
(15, 5)
(14, 5)
(14, 4)
(14, 3)
(13, 3)
(12, 3)
(11, 3)
(10, 3)
(9, 3)
(8, 3)
(7, 3)
(6, 3)
(5, 3)
(4, 3)
(3, 3)
(2, 3)
(1, 3)
(1, 4)
kaikki ok
Reitin pituus: 17
(17, 15)
(16, 15)
(16, 16)
(16, 17)
(17, 17)
(17, 18)
(17, 19)
(16, 19)
(15, 19)
(14, 19)
(13, 19)
(12, 19)
(11, 19)
(10, 19)
(9, 19)
(8, 19)
(8, 18)
(8, 17)
kaikki ok
Reitin pituus: 16
(9, 11)
(8, 11)
(7, 11)
(6, 11)
(6, 12)
(6, 13)
(7, 13)
(8, 13)
(8, 14)
(8, 15)
(7, 15)
(6, 15)
(6, 16)
(6, 17)
(7, 17)
(8, 17)
(8, 18)
kaikki ok
Reitin pituus: 17
(7, 19)
(8, 19)
(8, 18)
(8, 17)
(7, 17)
(6, 17)
(6, 16)
(6, 15)
(5, 15)
(4, 15)
(4, 14)
(4, 13)
(5, 13)
(6, 13)
(6, 12)
(6, 11)
(6, 10)
(6, 9)
kaikki ok
Reitin pituus: 12
(15, 13)
(14, 13)
(13, 13)
(12, 13)
(12, 12)
(12, 11)
(12, 10)
(12, 9)
(12, 8)
(12, 7)
(11, 7)
(10, 7)
(10, 6)
kaikki ok
Reitin pituus: 6
(6, 11)
(6, 12)
(6, 13)
(5, 13)
(4, 13)
(3, 13)
(2, 13)
kaikki ok
Reitin pituus: 24
(7, 17)
(6, 17)
(6, 16)
(6, 15)
(7, 15)
(8, 15)
(9, 15)
(10, 15)
(10, 14)
(10, 13)
(11, 13)
(12, 13)
(12, 12)
(12, 11)
(12, 10)
(12, 9)
(13, 9)
(14, 9)
(14, 8)
(14, 7)
(14, 6)
(14, 5)
(14, 4)
(14, 3)
(14, 2)
kaikki ok
Reitin pituus: 25
(4, 19)
(3, 19)
(2, 19)
(1, 19)
(1, 18)
(1, 17)
(2, 17)
(3, 17)
(4, 17)
(4, 16)
(4, 15)
(4, 14)
(4, 13)
(5, 13)
(6, 13)
(6, 12)
(6, 11)
(6, 10)
(6, 9)
(6, 8)
(6, 7)
(7, 7)
(8, 7)
(9, 7)
(10, 7)
(10, 6)
kaikki ok
Reitin pituus: 9
(6, 16)
(6, 15)
(7, 15)
(8, 15)
(9, 15)
(10, 15)
(11, 15)
(12, 15)
(13, 15)
(14, 15)
kaikki ok
Reitin pituus: 16
(8, 7)
(7, 7)
(6, 7)
(6, 8)
(6, 9)
(5, 9)
(4, 9)
(4, 10)
(4, 11)
(4, 12)
(4, 13)
(4, 14)
(4, 15)
(4, 16)
(4, 17)
(3, 17)
(2, 17)
kaikki ok
Reitin pituus: 13
(1, 18)
(1, 17)
(2, 17)
(3, 17)
(4, 17)
(4, 16)
(4, 15)
(4, 14)
(4, 13)
(5, 13)
(6, 13)
(6, 12)
(6, 11)
(7, 11)
kaikki ok
Reitin pituus: 5
(17, 2)
(17, 3)
(16, 3)
(15, 3)
(14, 3)
(14, 2)
kaikki ok
Reitin pituus: 0
(12, 15)
kaikki ok
Reitin pituus: 10
(8, 15)
(9, 15)
(10, 15)
(11, 15)
(12, 15)
(13, 15)
(14, 15)
(14, 16)
(14, 17)
(15, 17)
(16, 17)
kaikki ok
Reitin pituus: 7
(11, 11)
(12, 11)
(12, 10)
(12, 9)
(12, 8)
(12, 7)
(11, 7)
(10, 7)
kaikki ok
Reitin pituus: 9
(7, 13)
(6, 13)
(6, 12)
(6, 11)
(6, 10)
(6, 9)
(6, 8)
(6, 7)
(7, 7)
(8, 7)
kaikki ok
Reitin pituus: 13
(12, 7)
(11, 7)
(10, 7)
(9, 7)
(8, 7)
(7, 7)
(6, 7)
(6, 8)
(6, 9)
(6, 10)
(6, 11)
(6, 12)
(6, 13)
(7, 13)
kaikki ok
Reitin pituus: 17
(14, 11)
(14, 12)
(14, 13)
(13, 13)
(12, 13)
(12, 12)
(12, 11)
(11, 11)
(10, 11)
(9, 11)
(8, 11)
(7, 11)
(6, 11)
(6, 10)
(6, 9)
(5, 9)
(4, 9)
(4, 10)
kaikki ok
Reitin pituus: 23
(17, 19)
(17, 18)
(17, 17)
(16, 17)
(15, 17)
(14, 17)
(14, 16)
(14, 15)
(14, 14)
(14, 13)
(13, 13)
(12, 13)
(12, 12)
(12, 11)
(12, 10)
(12, 9)
(12, 8)
(12, 7)
(11, 7)
(10, 7)
(9, 7)
(8, 7)
(7, 7)
(6, 7)
kaikki ok
Reitin pituus: 27
(2, 3)
(3, 3)
(4, 3)
(5, 3)
(6, 3)
(6, 4)
(6, 5)
(7, 5)
(8, 5)
(8, 6)
(8, 7)
(9, 7)
(10, 7)
(11, 7)
(12, 7)
(12, 8)
(12, 9)
(12, 10)
(12, 11)
(12, 12)
(12, 13)
(13, 13)
(14, 13)
(15, 13)
(16, 13)
(17, 13)
(17, 14)
(17, 15)
kaikki ok
Reitin pituus: 11
(6, 3)
(5, 3)
(4, 3)
(4, 4)
(4, 5)
(4, 6)
(4, 7)
(4, 8)
(4, 9)
(4, 10)
(4, 11)
(4, 12)
kaikki ok
Reitin pituus: 12
(12, 15)
(11, 15)
(10, 15)
(9, 15)
(8, 15)
(7, 15)
(6, 15)
(5, 15)
(4, 15)
(4, 14)
(4, 13)
(3, 13)
(2, 13)
kaikki ok
Reitin pituus: 14
(11, 3)
(12, 3)
(12, 4)
(12, 5)
(11, 5)
(10, 5)
(10, 6)
(10, 7)
(11, 7)
(12, 7)
(12, 8)
(12, 9)
(12, 10)
(12, 11)
(12, 12)
kaikki ok
Reitin pituus: 5
(5, 1)
(4, 1)
(4, 2)
(4, 3)
(5, 3)
(6, 3)
kaikki ok
Reitin pituus: 6
(11, 7)
(12, 7)
(12, 8)
(12, 9)
(12, 10)
(12, 11)
(12, 12)
kaikki ok
Reitin pituus: 18
(16, 17)
(17, 17)
(17, 18)
(17, 19)
(16, 19)
(15, 19)
(14, 19)
(13, 19)
(12, 19)
(11, 19)
(10, 19)
(9, 19)
(8, 19)
(7, 19)
(6, 19)
(5, 19)
(4, 19)
(3, 19)
(2, 19)
kaikki ok
Reitin pituus: 18
(16, 3)
(15, 3)
(14, 3)
(14, 4)
(14, 5)
(14, 6)
(14, 7)
(14, 8)
(14, 9)
(13, 9)
(12, 9)
(12, 10)
(12, 11)
(12, 12)
(12, 13)
(11, 13)
(10, 13)
(10, 14)
(10, 15)
kaikki ok
Reitin pituus: 24
(5, 3)
(4, 3)
(4, 4)
(4, 5)
(4, 6)
(4, 7)
(4, 8)
(4, 9)
(4, 10)
(4, 11)
(4, 12)
(4, 13)
(4, 14)
(4, 15)
(4, 16)
(4, 17)
(3, 17)
(2, 17)
(1, 17)
(1, 18)
(1, 19)
(2, 19)
(3, 19)
(4, 19)
(5, 19)
kaikki ok
Reitin pituus: 13
(17, 1)
(17, 2)
(17, 3)
(17, 4)
(17, 5)
(16, 5)
(15, 5)
(14, 5)
(14, 6)
(14, 7)
(14, 8)
(14, 9)
(14, 10)
(14, 11)
kaikki ok
Reitin pituus: 8
(4, 11)
(4, 10)
(4, 9)
(5, 9)
(6, 9)
(6, 10)
(6, 11)
(7, 11)
(8, 11)
kaikki ok
Reitin pituus: 5
(12, 19)
(11, 19)
(10, 19)
(9, 19)
(8, 19)
(8, 18)
kaikki ok
Reitin pituus: 10
(8, 5)
(8, 6)
(8, 7)
(7, 7)
(6, 7)
(6, 8)
(6, 9)
(6, 10)
(6, 11)
(7, 11)
(8, 11)
kaikki ok
Reitin pituus: 16
(15, 13)
(14, 13)
(13, 13)
(12, 13)
(12, 12)
(12, 11)
(11, 11)
(10, 11)
(9, 11)
(8, 11)
(7, 11)
(6, 11)
(6, 10)
(6, 9)
(5, 9)
(4, 9)
(4, 8)
kaikki ok
Reitin pituus: 9
(6, 5)
(6, 4)
(6, 3)
(7, 3)
(8, 3)
(9, 3)
(10, 3)
(10, 2)
(10, 1)
(11, 1)
kaikki ok
Reitin pituus: 20
(15, 17)
(14, 17)
(14, 16)
(14, 15)
(14, 14)
(14, 13)
(14, 12)
(14, 11)
(14, 10)
(14, 9)
(14, 8)
(14, 7)
(14, 6)
(14, 5)
(14, 4)
(14, 3)
(14, 2)
(14, 1)
(13, 1)
(12, 1)
(11, 1)
kaikki ok
Reitin pituus: 10
(3, 1)
(4, 1)
(4, 2)
(4, 3)
(5, 3)
(6, 3)
(6, 4)
(6, 5)
(7, 5)
(8, 5)
(8, 6)
kaikki ok
Reitin pituus: 16
(12, 17)
(12, 16)
(12, 15)
(13, 15)
(14, 15)
(14, 14)
(14, 13)
(14, 12)
(14, 11)
(14, 10)
(14, 9)
(13, 9)
(12, 9)
(12, 8)
(12, 7)
(11, 7)
(10, 7)
kaikki ok
Reitin pituus: 13
(1, 1)
(1, 2)
(1, 3)
(1, 4)
(1, 5)
(2, 5)
(3, 5)
(4, 5)
(4, 6)
(4, 7)
(4, 8)
(4, 9)
(5, 9)
(6, 9)
kaikki ok
Reitin pituus: 21
(8, 15)
(8, 14)
(8, 13)
(7, 13)
(6, 13)
(6, 12)
(6, 11)
(6, 10)
(6, 9)
(5, 9)
(4, 9)
(4, 8)
(4, 7)
(4, 6)
(4, 5)
(3, 5)
(2, 5)
(1, 5)
(1, 4)
(1, 3)
(1, 2)
(1, 1)
kaikki ok
Reitin pituus: 23
(6, 1)
(7, 1)
(8, 1)
(8, 2)
(8, 3)
(9, 3)
(10, 3)
(11, 3)
(12, 3)
(13, 3)
(14, 3)
(14, 4)
(14, 5)
(14, 6)
(14, 7)
(14, 8)
(14, 9)
(14, 10)
(14, 11)
(14, 12)
(14, 13)
(13, 13)
(12, 13)
(11, 13)
kaikki ok
Reitin pituus: 10
(14, 17)
(14, 16)
(14, 15)
(13, 15)
(12, 15)
(11, 15)
(10, 15)
(9, 15)
(8, 15)
(8, 14)
(8, 13)
kaikki ok
Reitin pituus: 15
(12, 13)
(11, 13)
(10, 13)
(10, 14)
(10, 15)
(11, 15)
(12, 15)
(12, 16)
(12, 17)
(11, 17)
(10, 17)
(10, 18)
(10, 19)
(11, 19)
(12, 19)
(13, 19)
kaikki ok
Reitin pituus: 25
(7, 19)
(8, 19)
(9, 19)
(10, 19)
(10, 18)
(10, 17)
(11, 17)
(12, 17)
(12, 16)
(12, 15)
(13, 15)
(14, 15)
(14, 14)
(14, 13)
(14, 12)
(14, 11)
(14, 10)
(14, 9)
(13, 9)
(12, 9)
(12, 8)
(12, 7)
(11, 7)
(10, 7)
(10, 6)
(10, 5)
kaikki ok
Reitin pituus: 13
(12, 7)
(11, 7)
(10, 7)
(9, 7)
(8, 7)
(7, 7)
(6, 7)
(6, 8)
(6, 9)
(6, 10)
(6, 11)
(6, 12)
(6, 13)
(7, 13)
kaikki ok
Reitin pituus: 20
(6, 15)
(5, 15)
(4, 15)
(4, 14)
(4, 13)
(4, 12)
(4, 11)
(4, 10)
(4, 9)
(4, 8)
(4, 7)
(4, 6)
(4, 5)
(4, 4)
(4, 3)
(4, 2)
(4, 1)
(5, 1)
(6, 1)
(7, 1)
(8, 1)
kaikki ok
Reitin pituus: 7
(7, 13)
(6, 13)
(6, 12)
(6, 11)
(7, 11)
(8, 11)
(9, 11)
(10, 11)
kaikki ok
Reitin pituus: 27
(16, 5)
(15, 5)
(14, 5)
(14, 6)
(14, 7)
(14, 8)
(14, 9)
(13, 9)
(12, 9)
(12, 10)
(12, 11)
(11, 11)
(10, 11)
(9, 11)
(8, 11)
(7, 11)
(6, 11)
(6, 12)
(6, 13)
(5, 13)
(4, 13)
(4, 14)
(4, 15)
(4, 16)
(4, 17)
(3, 17)
(2, 17)
(1, 17)
kaikki ok
Reitin pituus: 9
(4, 9)
(4, 8)
(4, 7)
(4, 6)
(4, 5)
(4, 4)
(4, 3)
(4, 2)
(4, 1)
(3, 1)
kaikki ok
Reitin pituus: 19
(12, 9)
(12, 10)
(12, 11)
(11, 11)
(10, 11)
(9, 11)
(8, 11)
(7, 11)
(6, 11)
(6, 12)
(6, 13)
(5, 13)
(4, 13)
(3, 13)
(2, 13)
(1, 13)
(1, 14)
(1, 15)
(2, 15)
(2, 16)
kaikki ok
Reitin pituus: 6
(16, 17)
(16, 16)
(16, 15)
(17, 15)
(17, 14)
(17, 13)
(16, 13)
kaikki ok
Reitin pituus: 12
(5, 1)
(6, 1)
(7, 1)
(8, 1)
(8, 2)
(8, 3)
(9, 3)
(10, 3)
(11, 3)
(12, 3)
(13, 3)
(14, 3)
(15, 3)
kaikki ok
Reitin pituus: 6
(4, 9)
(5, 9)
(6, 9)
(6, 8)
(6, 7)
(7, 7)
(8, 7)
kaikki ok
Reitin pituus: 18
(7, 13)
(6, 13)
(6, 12)
(6, 11)
(6, 10)
(6, 9)
(6, 8)
(6, 7)
(7, 7)
(8, 7)
(8, 6)
(8, 5)
(7, 5)
(6, 5)
(6, 4)
(6, 3)
(7, 3)
(8, 3)
(8, 2)
kaikki ok
Reitin pituus: 19
(14, 9)
(13, 9)
(12, 9)
(12, 10)
(12, 11)
(11, 11)
(10, 11)
(9, 11)
(8, 11)
(7, 11)
(6, 11)
(6, 10)
(6, 9)
(5, 9)
(4, 9)
(4, 8)
(4, 7)
(4, 6)
(4, 5)
(3, 5)
kaikki ok
Reitin pituus: 10
(9, 3)
(8, 3)
(7, 3)
(6, 3)
(5, 3)
(4, 3)
(4, 4)
(4, 5)
(4, 6)
(4, 7)
(4, 8)
kaikki ok
Reitin pituus: 13
(4, 10)
(4, 9)
(5, 9)
(6, 9)
(6, 10)
(6, 11)
(7, 11)
(8, 11)
(9, 11)
(10, 11)
(11, 11)
(12, 11)
(12, 12)
(12, 13)
kaikki ok
Reitin pituus: 17
(12, 19)
(11, 19)
(10, 19)
(10, 18)
(10, 17)
(11, 17)
(12, 17)
(12, 16)
(12, 15)
(13, 15)
(14, 15)
(14, 14)
(14, 13)
(14, 12)
(14, 11)
(14, 10)
(14, 9)
(13, 9)
kaikki ok
Reitin pituus: 4
(8, 13)
(8, 14)
(8, 15)
(9, 15)
(10, 15)
kaikki ok
Reitin pituus: 26
(7, 5)
(8, 5)
(8, 6)
(8, 7)
(9, 7)
(10, 7)
(11, 7)
(12, 7)
(12, 8)
(12, 9)
(12, 10)
(12, 11)
(12, 12)
(12, 13)
(13, 13)
(14, 13)
(14, 14)
(14, 15)
(14, 16)
(14, 17)
(15, 17)
(16, 17)
(17, 17)
(17, 18)
(17, 19)
(16, 19)
(15, 19)
kaikki ok
Reitin pituus: 12
(4, 6)
(4, 7)
(4, 8)
(4, 9)
(5, 9)
(6, 9)
(6, 8)
(6, 7)
(7, 7)
(8, 7)
(9, 7)
(9, 8)
(9, 9)
kaikki ok
Reitin pituus: 19
(1, 18)
(1, 17)
(2, 17)
(3, 17)
(4, 17)
(4, 16)
(4, 15)
(4, 14)
(4, 13)
(5, 13)
(6, 13)
(6, 12)
(6, 11)
(6, 10)
(6, 9)
(6, 8)
(6, 7)
(7, 7)
(8, 7)
(8, 6)
kaikki ok
Reitin pituus: 11
(14, 19)
(15, 19)
(16, 19)
(17, 19)
(17, 18)
(17, 17)
(16, 17)
(15, 17)
(14, 17)
(14, 16)
(14, 15)
(13, 15)
kaikki ok
Reitin pituus: 13
(11, 13)
(12, 13)
(12, 12)
(12, 11)
(12, 10)
(12, 9)
(12, 8)
(12, 7)
(11, 7)
(10, 7)
(10, 6)
(10, 5)
(11, 5)
(12, 5)
kaikki ok
Reitin pituus: 18
(14, 11)
(14, 12)
(14, 13)
(13, 13)
(12, 13)
(11, 13)
(10, 13)
(10, 14)
(10, 15)
(9, 15)
(8, 15)
(7, 15)
(6, 15)
(5, 15)
(4, 15)
(4, 16)
(4, 17)
(3, 17)
(2, 17)
kaikki ok
Reitin pituus: 14
(4, 13)
(5, 13)
(6, 13)
(6, 12)
(6, 11)
(6, 10)
(6, 9)
(6, 8)
(6, 7)
(7, 7)
(8, 7)
(9, 7)
(10, 7)
(11, 7)
(12, 7)
kaikki ok
Reitin pituus: 24
(2, 19)
(1, 19)
(1, 18)
(1, 17)
(2, 17)
(3, 17)
(4, 17)
(4, 16)
(4, 15)
(4, 14)
(4, 13)
(5, 13)
(6, 13)
(6, 12)
(6, 11)
(6, 10)
(6, 9)
(6, 8)
(6, 7)
(7, 7)
(8, 7)
(9, 7)
(10, 7)
(10, 6)
(10, 5)
kaikki ok
Reitin pituus: 18
(15, 3)
(14, 3)
(13, 3)
(12, 3)
(12, 4)
(12, 5)
(11, 5)
(10, 5)
(10, 6)
(10, 7)
(9, 7)
(8, 7)
(7, 7)
(6, 7)
(6, 8)
(6, 9)
(5, 9)
(4, 9)
(4, 10)
kaikki ok
Reitin pituus: 21
(8, 17)
(7, 17)
(6, 17)
(6, 16)
(6, 15)
(5, 15)
(4, 15)
(4, 14)
(4, 13)
(4, 12)
(4, 11)
(4, 10)
(4, 9)
(5, 9)
(6, 9)
(6, 8)
(6, 7)
(7, 7)
(8, 7)
(8, 6)
(8, 5)
(7, 5)
kaikki ok
Reitin pituus: 16
(12, 15)
(13, 15)
(14, 15)
(14, 14)
(14, 13)
(14, 12)
(14, 11)
(14, 10)
(14, 9)
(14, 8)
(14, 7)
(14, 6)
(14, 5)
(14, 4)
(14, 3)
(15, 3)
(16, 3)
kaikki ok
Reitin pituus: 20
(8, 3)
(7, 3)
(6, 3)
(5, 3)
(4, 3)
(4, 4)
(4, 5)
(4, 6)
(4, 7)
(4, 8)
(4, 9)
(4, 10)
(4, 11)
(4, 12)
(4, 13)
(3, 13)
(2, 13)
(1, 13)
(1, 14)
(1, 15)
(2, 15)
kaikki ok
Reitin pituus: 6
(12, 4)
(12, 5)
(11, 5)
(10, 5)
(10, 6)
(10, 7)
(11, 7)
kaikki ok
Reitin pituus: 14
(3, 5)
(4, 5)
(4, 4)
(4, 3)
(5, 3)
(6, 3)
(7, 3)
(8, 3)
(9, 3)
(10, 3)
(11, 3)
(12, 3)
(13, 3)
(14, 3)
(14, 2)
kaikki ok
Reitin pituus: 15
(17, 4)
(17, 3)
(16, 3)
(15, 3)
(14, 3)
(13, 3)
(12, 3)
(11, 3)
(10, 3)
(9, 3)
(8, 3)
(8, 2)
(8, 1)
(7, 1)
(6, 1)
(5, 1)
kaikki ok
Reitin pituus: 7
(3, 13)
(4, 13)
(4, 14)
(4, 15)
(5, 15)
(6, 15)
(7, 15)
(8, 15)
kaikki ok
Reitin pituus: 5
(9, 11)
(8, 11)
(7, 11)
(6, 11)
(6, 10)
(6, 9)
kaikki ok
Reitin pituus: 15
(14, 14)
(14, 15)
(13, 15)
(12, 15)
(11, 15)
(10, 15)
(9, 15)
(8, 15)
(8, 14)
(8, 13)
(7, 13)
(6, 13)
(5, 13)
(4, 13)
(3, 13)
(2, 13)
kaikki ok
Reitin pituus: 10
(4, 11)
(4, 10)
(4, 9)
(4, 8)
(4, 7)
(4, 6)
(4, 5)
(4, 4)
(4, 3)
(4, 2)
(4, 1)
kaikki ok
Reitin pituus: 18
(9, 7)
(8, 7)
(7, 7)
(6, 7)
(6, 8)
(6, 9)
(5, 9)
(4, 9)
(4, 10)
(4, 11)
(4, 12)
(4, 13)
(4, 14)
(4, 15)
(4, 16)
(4, 17)
(3, 17)
(2, 17)
(1, 17)
kaikki ok
Reitin pituus: 7
(5, 13)
(4, 13)
(4, 12)
(4, 11)
(4, 10)
(4, 9)
(4, 8)
(4, 7)
kaikki ok
Reitin pituus: 7
(1, 2)
(1, 1)
(2, 1)
(3, 1)
(4, 1)
(5, 1)
(6, 1)
(7, 1)
kaikki ok
Reitin pituus: 2
(10, 11)
(11, 11)
(12, 11)
kaikki ok
Reitin pituus: 19
(2, 5)
(3, 5)
(4, 5)
(4, 4)
(4, 3)
(5, 3)
(6, 3)
(7, 3)
(8, 3)
(9, 3)
(10, 3)
(11, 3)
(12, 3)
(13, 3)
(14, 3)
(15, 3)
(16, 3)
(17, 3)
(17, 2)
(17, 1)
kaikki ok
Reitin pituus: 18
(1, 18)
(1, 17)
(2, 17)
(3, 17)
(4, 17)
(4, 16)
(4, 15)
(4, 14)
(4, 13)
(4, 12)
(4, 11)
(4, 10)
(4, 9)
(4, 8)
(4, 7)
(4, 6)
(4, 5)
(4, 4)
(4, 3)
kaikki ok
Reitin pituus: 12
(9, 15)
(10, 15)
(10, 14)
(10, 13)
(11, 13)
(12, 13)
(12, 12)
(12, 11)
(12, 10)
(12, 9)
(12, 8)
(12, 7)
(11, 7)
kaikki ok
Reitin pituus: 17
(17, 4)
(17, 3)
(16, 3)
(15, 3)
(14, 3)
(13, 3)
(12, 3)
(11, 3)
(10, 3)
(9, 3)
(8, 3)
(7, 3)
(6, 3)
(5, 3)
(4, 3)
(4, 4)
(4, 5)
(3, 5)
kaikki ok
Reitin pituus: 18
(7, 19)
(8, 19)
(8, 18)
(8, 17)
(7, 17)
(6, 17)
(6, 16)
(6, 15)
(5, 15)
(4, 15)
(4, 14)
(4, 13)
(4, 12)
(4, 11)
(4, 10)
(4, 9)
(4, 8)
(4, 7)
(4, 6)
kaikki ok
Reitin pituus: 25
(12, 3)
(13, 3)
(14, 3)
(14, 4)
(14, 5)
(14, 6)
(14, 7)
(14, 8)
(14, 9)
(14, 10)
(14, 11)
(14, 12)
(14, 13)
(14, 14)
(14, 15)
(14, 16)
(14, 17)
(15, 17)
(16, 17)
(17, 17)
(17, 18)
(17, 19)
(16, 19)
(15, 19)
(14, 19)
(13, 19)
kaikki ok
Reitin pituus: 11
(12, 7)
(11, 7)
(10, 7)
(9, 7)
(8, 7)
(7, 7)
(6, 7)
(6, 8)
(6, 9)
(5, 9)
(4, 9)
(4, 8)
kaikki ok
Reitin pituus: 10
(16, 5)
(15, 5)
(14, 5)
(14, 6)
(14, 7)
(14, 8)
(14, 9)
(14, 10)
(14, 11)
(14, 12)
(14, 13)
kaikki ok
Reitin pituus: 4
(8, 13)
(8, 14)
(8, 15)
(9, 15)
(10, 15)
kaikki ok
Reitin pituus: 12
(8, 3)
(7, 3)
(6, 3)
(6, 4)
(6, 5)
(7, 5)
(8, 5)
(8, 6)
(8, 7)
(7, 7)
(6, 7)
(6, 8)
(6, 9)
kaikki ok
Reitin pituus: 8
(9, 11)
(8, 11)
(7, 11)
(6, 11)
(6, 10)
(6, 9)
(6, 8)
(6, 7)
(7, 7)
kaikki ok
Reitin pituus: 8
(12, 8)
(12, 9)
(12, 10)
(12, 11)
(12, 12)
(12, 13)
(13, 13)
(14, 13)
(14, 14)
kaikki ok
Reitin pituus: 14
(11, 11)
(12, 11)
(12, 10)
(12, 9)
(13, 9)
(14, 9)
(14, 8)
(14, 7)
(14, 6)
(14, 5)
(14, 4)
(14, 3)
(13, 3)
(12, 3)
(11, 3)
kaikki ok
Reitin pituus: 22
(10, 18)
(10, 17)
(11, 17)
(12, 17)
(12, 16)
(12, 15)
(13, 15)
(14, 15)
(14, 14)
(14, 13)
(14, 12)
(14, 11)
(14, 10)
(14, 9)
(14, 8)
(14, 7)
(14, 6)
(14, 5)
(15, 5)
(16, 5)
(17, 5)
(17, 4)
(17, 3)
kaikki ok
Reitin pituus: 20
(1, 18)
(1, 17)
(2, 17)
(3, 17)
(4, 17)
(4, 16)
(4, 15)
(4, 14)
(4, 13)
(5, 13)
(6, 13)
(6, 12)
(6, 11)
(6, 10)
(6, 9)
(6, 8)
(6, 7)
(7, 7)
(8, 7)
(9, 7)
(9, 8)
kaikki ok
Reitin pituus: 18
(15, 17)
(14, 17)
(14, 16)
(14, 15)
(14, 14)
(14, 13)
(14, 12)
(14, 11)
(14, 10)
(14, 9)
(14, 8)
(14, 7)
(14, 6)
(14, 5)
(14, 4)
(14, 3)
(14, 2)
(14, 1)
(15, 1)
kaikki ok
Reitin pituus: 16
(15, 19)
(16, 19)
(17, 19)
(17, 18)
(17, 17)
(16, 17)
(15, 17)
(14, 17)
(14, 16)
(14, 15)
(14, 14)
(14, 13)
(14, 12)
(14, 11)
(14, 10)
(14, 9)
(14, 8)
kaikki ok
Reitin pituus: 16
(10, 5)
(10, 6)
(10, 7)
(11, 7)
(12, 7)
(12, 8)
(12, 9)
(13, 9)
(14, 9)
(14, 10)
(14, 11)
(14, 12)
(14, 13)
(15, 13)
(16, 13)
(17, 13)
(17, 14)
kaikki ok
Reitin pituus: 18
(6, 8)
(6, 9)
(6, 10)
(6, 11)
(7, 11)
(8, 11)
(9, 11)
(10, 11)
(11, 11)
(12, 11)
(12, 12)
(12, 13)
(13, 13)
(14, 13)
(15, 13)
(16, 13)
(17, 13)
(17, 14)
(17, 15)
kaikki ok
Reitin pituus: 3
(8, 13)
(7, 13)
(6, 13)
(5, 13)
kaikki ok
Reitin pituus: 14
(5, 13)
(6, 13)
(6, 12)
(6, 11)
(7, 11)
(8, 11)
(9, 11)
(10, 11)
(11, 11)
(12, 11)
(12, 10)
(12, 9)
(13, 9)
(14, 9)
(14, 10)
kaikki ok
Reitin pituus: 12
(15, 1)
(14, 1)
(14, 2)
(14, 3)
(14, 4)
(14, 5)
(14, 6)
(14, 7)
(14, 8)
(14, 9)
(14, 10)
(14, 11)
(14, 12)
kaikki ok
Reitin pituus: 3
(14, 8)
(14, 9)
(14, 10)
(14, 11)
kaikki ok
Reitin pituus: 17
(13, 1)
(12, 1)
(11, 1)
(10, 1)
(10, 2)
(10, 3)
(9, 3)
(8, 3)
(7, 3)
(6, 3)
(5, 3)
(4, 3)
(4, 4)
(4, 5)
(4, 6)
(4, 7)
(4, 8)
(4, 9)
kaikki ok
Reitin pituus: 16
(15, 17)
(14, 17)
(14, 16)
(14, 15)
(13, 15)
(12, 15)
(11, 15)
(10, 15)
(9, 15)
(8, 15)
(7, 15)
(6, 15)
(5, 15)
(4, 15)
(4, 16)
(4, 17)
(3, 17)
kaikki ok
Reitin pituus: 22
(17, 18)
(17, 17)
(16, 17)
(15, 17)
(14, 17)
(14, 16)
(14, 15)
(14, 14)
(14, 13)
(13, 13)
(12, 13)
(12, 12)
(12, 11)
(12, 10)
(12, 9)
(12, 8)
(12, 7)
(11, 7)
(10, 7)
(9, 7)
(8, 7)
(8, 6)
(8, 5)
kaikki ok
Reitin pituus: 6
(8, 5)
(8, 6)
(8, 7)
(9, 7)
(9, 8)
(9, 9)
(10, 9)
kaikki ok
Reitin pituus: 24
(13, 1)
(12, 1)
(11, 1)
(10, 1)
(10, 2)
(10, 3)
(9, 3)
(8, 3)
(7, 3)
(6, 3)
(5, 3)
(4, 3)
(4, 4)
(4, 5)
(4, 6)
(4, 7)
(4, 8)
(4, 9)
(4, 10)
(4, 11)
(4, 12)
(4, 13)
(4, 14)
(4, 15)
(4, 16)
kaikki ok
Reitin pituus: 11
(14, 4)
(14, 3)
(13, 3)
(12, 3)
(12, 4)
(12, 5)
(11, 5)
(10, 5)
(10, 6)
(10, 7)
(9, 7)
(8, 7)
kaikki ok
Reitin pituus: 23
(8, 17)
(7, 17)
(6, 17)
(6, 16)
(6, 15)
(5, 15)
(4, 15)
(4, 14)
(4, 13)
(4, 12)
(4, 11)
(4, 10)
(4, 9)
(4, 8)
(4, 7)
(4, 6)
(4, 5)
(4, 4)
(4, 3)
(4, 2)
(4, 1)
(5, 1)
(6, 1)
(7, 1)
kaikki ok
Reitin pituus: 21
(4, 6)
(4, 7)
(4, 8)
(4, 9)
(4, 10)
(4, 11)
(4, 12)
(4, 13)
(5, 13)
(6, 13)
(7, 13)
(8, 13)
(8, 14)
(8, 15)
(9, 15)
(10, 15)
(11, 15)
(12, 15)
(13, 15)
(14, 15)
(14, 16)
(14, 17)
kaikki ok
Reitin pituus: 9
(6, 3)
(6, 4)
(6, 5)
(7, 5)
(8, 5)
(8, 6)
(8, 7)
(9, 7)
(10, 7)
(11, 7)
kaikki ok
Reitin pituus: 10
(14, 12)
(14, 11)
(14, 10)
(14, 9)
(14, 8)
(14, 7)
(14, 6)
(14, 5)
(14, 4)
(14, 3)
(15, 3)
kaikki ok
Reitin pituus: 6
(14, 17)
(14, 16)
(14, 15)
(13, 15)
(12, 15)
(11, 15)
(10, 15)
kaikki ok
Reitin pituus: 16
(1, 18)
(1, 17)
(2, 17)
(3, 17)
(4, 17)
(4, 16)
(4, 15)
(5, 15)
(6, 15)
(7, 15)
(8, 15)
(9, 15)
(10, 15)
(11, 15)
(12, 15)
(13, 15)
(14, 15)
kaikki ok
Reitin pituus: 15
(4, 2)
(4, 3)
(4, 4)
(4, 5)
(4, 6)
(4, 7)
(4, 8)
(4, 9)
(4, 10)
(4, 11)
(4, 12)
(4, 13)
(4, 14)
(4, 15)
(5, 15)
(6, 15)
kaikki ok
Reitin pituus: 23
(6, 3)
(5, 3)
(4, 3)
(4, 4)
(4, 5)
(4, 6)
(4, 7)
(4, 8)
(4, 9)
(4, 10)
(4, 11)
(4, 12)
(4, 13)
(4, 14)
(4, 15)
(5, 15)
(6, 15)
(6, 16)
(6, 17)
(7, 17)
(8, 17)
(8, 18)
(8, 19)
(9, 19)
kaikki ok
Reitin pituus: 3
(7, 1)
(6, 1)
(5, 1)
(4, 1)
kaikki ok
Reitin pituus: 2
(11, 13)
(10, 13)
(10, 14)
kaikki ok
Reitin pituus: 12
(11, 19)
(10, 19)
(9, 19)
(8, 19)
(8, 18)
(8, 17)
(7, 17)
(6, 17)
(6, 16)
(6, 15)
(5, 15)
(4, 15)
(4, 16)
kaikki ok
Reitin pituus: 19
(8, 15)
(9, 15)
(10, 15)
(11, 15)
(12, 15)
(13, 15)
(14, 15)
(14, 14)
(14, 13)
(14, 12)
(14, 11)
(14, 10)
(14, 9)
(14, 8)
(14, 7)
(14, 6)
(14, 5)
(14, 4)
(14, 3)
(15, 3)
kaikki ok
Reitin pituus: 10
(6, 12)
(6, 11)
(7, 11)
(8, 11)
(9, 11)
(10, 11)
(11, 11)
(12, 11)
(12, 10)
(12, 9)
(13, 9)
kaikki ok
Reitin pituus: 18
(14, 11)
(14, 12)
(14, 13)
(13, 13)
(12, 13)
(12, 12)
(12, 11)
(11, 11)
(10, 11)
(9, 11)
(8, 11)
(7, 11)
(6, 11)
(6, 10)
(6, 9)
(5, 9)
(4, 9)
(4, 8)
(4, 7)
kaikki ok
Reitin pituus: 16
(4, 5)
(4, 4)
(4, 3)
(5, 3)
(6, 3)
(7, 3)
(8, 3)
(9, 3)
(10, 3)
(11, 3)
(12, 3)
(13, 3)
(14, 3)
(15, 3)
(16, 3)
(17, 3)
(17, 2)
kaikki ok
Reitin pituus: 13
(12, 8)
(12, 9)
(13, 9)
(14, 9)
(14, 8)
(14, 7)
(14, 6)
(14, 5)
(15, 5)
(16, 5)
(17, 5)
(17, 4)
(17, 3)
(17, 2)
kaikki ok
Reitin pituus: 24
(9, 8)
(9, 7)
(10, 7)
(11, 7)
(12, 7)
(12, 8)
(12, 9)
(13, 9)
(14, 9)
(14, 10)
(14, 11)
(14, 12)
(14, 13)
(14, 14)
(14, 15)
(14, 16)
(14, 17)
(15, 17)
(16, 17)
(17, 17)
(17, 18)
(17, 19)
(16, 19)
(15, 19)
(14, 19)
kaikki ok
Reitin pituus: 20
(2, 17)
(3, 17)
(4, 17)
(4, 16)
(4, 15)
(4, 14)
(4, 13)
(4, 12)
(4, 11)
(4, 10)
(4, 9)
(4, 8)
(4, 7)
(4, 6)
(4, 5)
(4, 4)
(4, 3)
(5, 3)
(6, 3)
(7, 3)
(8, 3)
kaikki ok
Reitin pituus: 20
(6, 15)
(7, 15)
(8, 15)
(9, 15)
(10, 15)
(10, 14)
(10, 13)
(11, 13)
(12, 13)
(12, 12)
(12, 11)
(12, 10)
(12, 9)
(13, 9)
(14, 9)
(14, 8)
(14, 7)
(14, 6)
(14, 5)
(15, 5)
(16, 5)
kaikki ok
Reitin pituus: 8
(2, 13)
(3, 13)
(4, 13)
(5, 13)
(6, 13)
(6, 12)
(6, 11)
(7, 11)
(8, 11)
kaikki ok
Reitin pituus: 1
(2, 17)
(3, 17)
kaikki ok
Reitin pituus: 2
(15, 3)
(16, 3)
(17, 3)
kaikki ok
Reitin pituus: 14
(11, 13)
(12, 13)
(13, 13)
(14, 13)
(14, 12)
(14, 11)
(14, 10)
(14, 9)
(14, 8)
(14, 7)
(14, 6)
(14, 5)
(14, 4)
(14, 3)
(14, 2)
kaikki ok
Reitin pituus: 18
(1, 4)
(1, 3)
(2, 3)
(3, 3)
(4, 3)
(5, 3)
(6, 3)
(7, 3)
(8, 3)
(9, 3)
(10, 3)
(11, 3)
(12, 3)
(13, 3)
(14, 3)
(15, 3)
(16, 3)
(17, 3)
(17, 4)
kaikki ok
Reitin pituus: 6
(3, 13)
(2, 13)
(1, 13)
(1, 14)
(1, 15)
(2, 15)
(2, 16)
kaikki ok
Reitin pituus: 15
(15, 13)
(14, 13)
(14, 12)
(14, 11)
(14, 10)
(14, 9)
(14, 8)
(14, 7)
(14, 6)
(14, 5)
(14, 4)
(14, 3)
(14, 2)
(14, 1)
(15, 1)
(16, 1)
kaikki ok
Reitin pituus: 18
(14, 15)
(14, 14)
(14, 13)
(13, 13)
(12, 13)
(12, 12)
(12, 11)
(12, 10)
(12, 9)
(12, 8)
(12, 7)
(11, 7)
(10, 7)
(9, 7)
(8, 7)
(8, 6)
(8, 5)
(7, 5)
(6, 5)
kaikki ok
Reitin pituus: 3
(6, 19)
(7, 19)
(8, 19)
(9, 19)
kaikki ok
Reitin pituus: 7
(10, 17)
(10, 18)
(10, 19)
(9, 19)
(8, 19)
(7, 19)
(6, 19)
(5, 19)
kaikki ok
Reitin pituus: 14
(12, 13)
(13, 13)
(14, 13)
(14, 12)
(14, 11)
(14, 10)
(14, 9)
(14, 8)
(14, 7)
(14, 6)
(14, 5)
(15, 5)
(16, 5)
(17, 5)
(17, 4)
kaikki ok
Reitin pituus: 22
(12, 19)
(11, 19)
(10, 19)
(9, 19)
(8, 19)
(8, 18)
(8, 17)
(7, 17)
(6, 17)
(6, 16)
(6, 15)
(5, 15)
(4, 15)
(4, 14)
(4, 13)
(4, 12)
(4, 11)
(4, 10)
(4, 9)
(4, 8)
(4, 7)
(4, 6)
(4, 5)
kaikki ok
Reitin pituus: 6
(11, 17)
(12, 17)
(12, 16)
(12, 15)
(13, 15)
(14, 15)
(14, 14)
kaikki ok
Reitin pituus: 16
(16, 1)
(15, 1)
(14, 1)
(14, 2)
(14, 3)
(13, 3)
(12, 3)
(12, 4)
(12, 5)
(11, 5)
(10, 5)
(10, 6)
(10, 7)
(9, 7)
(9, 8)
(9, 9)
(8, 9)
kaikki ok
Reitin pituus: 9
(12, 3)
(12, 4)
(12, 5)
(11, 5)
(10, 5)
(10, 6)
(10, 7)
(9, 7)
(9, 8)
(9, 9)
kaikki ok
Reitin pituus: 20
(12, 1)
(13, 1)
(14, 1)
(14, 2)
(14, 3)
(14, 4)
(14, 5)
(14, 6)
(14, 7)
(14, 8)
(14, 9)
(13, 9)
(12, 9)
(12, 10)
(12, 11)
(11, 11)
(10, 11)
(9, 11)
(8, 11)
(7, 11)
(6, 11)
kaikki ok
Reitin pituus: 7
(10, 7)
(10, 6)
(10, 5)
(11, 5)
(12, 5)
(12, 4)
(12, 3)
(13, 3)
kaikki ok
Reitin pituus: 12
(12, 5)
(11, 5)
(10, 5)
(10, 6)
(10, 7)
(9, 7)
(8, 7)
(7, 7)
(6, 7)
(6, 8)
(6, 9)
(6, 10)
(6, 11)
kaikki ok
Reitin pituus: 12
(13, 13)
(14, 13)
(14, 12)
(14, 11)
(14, 10)
(14, 9)
(14, 8)
(14, 7)
(14, 6)
(14, 5)
(14, 4)
(14, 3)
(13, 3)
kaikki ok
Reitin pituus: 13
(6, 11)
(6, 10)
(6, 9)
(5, 9)
(4, 9)
(4, 8)
(4, 7)
(4, 6)
(4, 5)
(4, 4)
(4, 3)
(4, 2)
(4, 1)
(3, 1)
kaikki ok
Reitin pituus: 6
(8, 6)
(8, 7)
(9, 7)
(10, 7)
(10, 6)
(10, 5)
(11, 5)
kaikki ok
Reitin pituus: 21
(9, 9)
(9, 8)
(9, 7)
(10, 7)
(11, 7)
(12, 7)
(12, 8)
(12, 9)
(13, 9)
(14, 9)
(14, 10)
(14, 11)
(14, 12)
(14, 13)
(14, 14)
(14, 15)
(14, 16)
(14, 17)
(15, 17)
(16, 17)
(17, 17)
(17, 18)
kaikki ok
Reitin pituus: 16
(8, 13)
(7, 13)
(6, 13)
(6, 12)
(6, 11)
(7, 11)
(8, 11)
(9, 11)
(10, 11)
(11, 11)
(12, 11)
(12, 10)
(12, 9)
(13, 9)
(14, 9)
(14, 8)
(14, 7)
kaikki ok
Reitin pituus: 15
(6, 8)
(6, 7)
(7, 7)
(8, 7)
(9, 7)
(10, 7)
(10, 6)
(10, 5)
(11, 5)
(12, 5)
(12, 4)
(12, 3)
(13, 3)
(14, 3)
(14, 2)
(14, 1)
kaikki ok
Reitin pituus: 15
(11, 7)
(10, 7)
(9, 7)
(8, 7)
(7, 7)
(6, 7)
(6, 8)
(6, 9)
(5, 9)
(4, 9)
(4, 10)
(4, 11)
(4, 12)
(4, 13)
(3, 13)
(2, 13)
kaikki ok
Reitin pituus: 11
(3, 3)
(4, 3)
(5, 3)
(6, 3)
(7, 3)
(8, 3)
(9, 3)
(10, 3)
(11, 3)
(12, 3)
(12, 4)
(12, 5)
kaikki ok
Reitin pituus: 9
(2, 19)
(1, 19)
(1, 18)
(1, 17)
(2, 17)
(3, 17)
(4, 17)
(4, 16)
(4, 15)
(5, 15)
kaikki ok
Reitin pituus: 12
(6, 8)
(6, 9)
(6, 10)
(6, 11)
(7, 11)
(8, 11)
(9, 11)
(10, 11)
(11, 11)
(12, 11)
(12, 12)
(12, 13)
(13, 13)
kaikki ok
Reitin pituus: 12
(11, 17)
(12, 17)
(12, 16)
(12, 15)
(11, 15)
(10, 15)
(10, 14)
(10, 13)
(11, 13)
(12, 13)
(12, 12)
(12, 11)
(12, 10)
kaikki ok
Reitin pituus: 1
(10, 5)
(10, 6)
kaikki ok
Reitin pituus: 18
(6, 8)
(6, 7)
(7, 7)
(8, 7)
(9, 7)
(10, 7)
(11, 7)
(12, 7)
(12, 8)
(12, 9)
(13, 9)
(14, 9)
(14, 8)
(14, 7)
(14, 6)
(14, 5)
(15, 5)
(16, 5)
(17, 5)
kaikki ok
Reitin pituus: 8
(3, 17)
(4, 17)
(4, 16)
(4, 15)
(4, 14)
(4, 13)
(5, 13)
(6, 13)
(6, 12)
kaikki ok
Reitin pituus: 14
(16, 13)
(15, 13)
(14, 13)
(14, 14)
(14, 15)
(13, 15)
(12, 15)
(12, 16)
(12, 17)
(11, 17)
(10, 17)
(10, 18)
(10, 19)
(9, 19)
(8, 19)
kaikki ok
Reitin pituus: 13
(4, 5)
(4, 4)
(4, 3)
(5, 3)
(6, 3)
(7, 3)
(8, 3)
(9, 3)
(10, 3)
(11, 3)
(12, 3)
(13, 3)
(14, 3)
(14, 2)
kaikki ok
Reitin pituus: 8
(5, 1)
(4, 1)
(3, 1)
(2, 1)
(1, 1)
(1, 2)
(1, 3)
(1, 4)
(1, 5)
kaikki ok
Reitin pituus: 26
(1, 1)
(1, 2)
(1, 3)
(2, 3)
(3, 3)
(4, 3)
(5, 3)
(6, 3)
(6, 4)
(6, 5)
(7, 5)
(8, 5)
(8, 6)
(8, 7)
(9, 7)
(10, 7)
(11, 7)
(12, 7)
(12, 8)
(12, 9)
(12, 10)
(12, 11)
(12, 12)
(12, 13)
(13, 13)
(14, 13)
(14, 14)
kaikki ok
Reitin pituus: 24
(1, 15)
(1, 14)
(1, 13)
(2, 13)
(3, 13)
(4, 13)
(5, 13)
(6, 13)
(6, 12)
(6, 11)
(7, 11)
(8, 11)
(9, 11)
(10, 11)
(11, 11)
(12, 11)
(12, 10)
(12, 9)
(13, 9)
(14, 9)
(14, 8)
(14, 7)
(14, 6)
(14, 5)
(15, 5)
kaikki ok
Reitin pituus: 11
(7, 13)
(6, 13)
(6, 12)
(6, 11)
(6, 10)
(6, 9)
(6, 8)
(6, 7)
(7, 7)
(8, 7)
(8, 6)
(8, 5)
kaikki ok
Reitin pituus: 24
(8, 3)
(9, 3)
(10, 3)
(11, 3)
(12, 3)
(13, 3)
(14, 3)
(14, 4)
(14, 5)
(14, 6)
(14, 7)
(14, 8)
(14, 9)
(14, 10)
(14, 11)
(14, 12)
(14, 13)
(14, 14)
(14, 15)
(13, 15)
(12, 15)
(12, 16)
(12, 17)
(11, 17)
(10, 17)
kaikki ok
Reitin pituus: 16
(12, 16)
(12, 15)
(13, 15)
(14, 15)
(14, 14)
(14, 13)
(14, 12)
(14, 11)
(14, 10)
(14, 9)
(13, 9)
(12, 9)
(12, 8)
(12, 7)
(11, 7)
(10, 7)
(9, 7)
kaikki ok
Reitin pituus: 27
(11, 3)
(12, 3)
(13, 3)
(14, 3)
(14, 4)
(14, 5)
(14, 6)
(14, 7)
(14, 8)
(14, 9)
(14, 10)
(14, 11)
(14, 12)
(14, 13)
(14, 14)
(14, 15)
(13, 15)
(12, 15)
(12, 16)
(12, 17)
(11, 17)
(10, 17)
(10, 18)
(10, 19)
(9, 19)
(8, 19)
(7, 19)
(6, 19)
kaikki ok
Reitin pituus: 7
(5, 9)
(4, 9)
(4, 10)
(4, 11)
(4, 12)
(4, 13)
(3, 13)
(2, 13)
kaikki ok
Reitin pituus: 20
(6, 15)
(7, 15)
(8, 15)
(9, 15)
(10, 15)
(10, 14)
(10, 13)
(11, 13)
(12, 13)
(12, 12)
(12, 11)
(12, 10)
(12, 9)
(13, 9)
(14, 9)
(14, 8)
(14, 7)
(14, 6)
(14, 5)
(14, 4)
(14, 3)
kaikki ok
Reitin pituus: 14
(6, 10)
(6, 11)
(7, 11)
(8, 11)
(9, 11)
(10, 11)
(11, 11)
(12, 11)
(12, 12)
(12, 13)
(13, 13)
(14, 13)
(14, 14)
(14, 15)
(14, 16)
kaikki ok
Reitin pituus: 12
(1, 13)
(2, 13)
(3, 13)
(4, 13)
(5, 13)
(6, 13)
(6, 12)
(6, 11)
(7, 11)
(8, 11)
(9, 11)
(10, 11)
(11, 11)
kaikki ok
Reitin pituus: 11
(14, 19)
(15, 19)
(16, 19)
(17, 19)
(17, 18)
(17, 17)
(16, 17)
(16, 16)
(16, 15)
(17, 15)
(17, 14)
(17, 13)
kaikki ok
Reitin pituus: 24
(4, 15)
(4, 14)
(4, 13)
(4, 12)
(4, 11)
(4, 10)
(4, 9)
(4, 8)
(4, 7)
(4, 6)
(4, 5)
(4, 4)
(4, 3)
(5, 3)
(6, 3)
(7, 3)
(8, 3)
(9, 3)
(10, 3)
(11, 3)
(12, 3)
(13, 3)
(14, 3)
(15, 3)
(16, 3)
kaikki ok
Reitin pituus: 8
(10, 3)
(11, 3)
(12, 3)
(12, 4)
(12, 5)
(11, 5)
(10, 5)
(10, 6)
(10, 7)
kaikki ok
Reitin pituus: 5
(5, 15)
(4, 15)
(4, 14)
(4, 13)
(5, 13)
(6, 13)
kaikki ok
Reitin pituus: 5
(4, 17)
(3, 17)
(2, 17)
(1, 17)
(1, 18)
(1, 19)
kaikki ok
Reitin pituus: 10
(12, 13)
(12, 12)
(12, 11)
(12, 10)
(12, 9)
(12, 8)
(12, 7)
(11, 7)
(10, 7)
(10, 6)
(10, 5)
kaikki ok
Reitin pituus: 4
(14, 12)
(14, 11)
(14, 10)
(14, 9)
(14, 8)
kaikki ok
Reitin pituus: 17
(14, 17)
(14, 16)
(14, 15)
(13, 15)
(12, 15)
(11, 15)
(10, 15)
(9, 15)
(8, 15)
(7, 15)
(6, 15)
(5, 15)
(4, 15)
(4, 16)
(4, 17)
(3, 17)
(2, 17)
(1, 17)
kaikki ok
Reitin pituus: 22
(5, 3)
(4, 3)
(4, 4)
(4, 5)
(4, 6)
(4, 7)
(4, 8)
(4, 9)
(4, 10)
(4, 11)
(4, 12)
(4, 13)
(4, 14)
(4, 15)
(5, 15)
(6, 15)
(7, 15)
(8, 15)
(9, 15)
(10, 15)
(11, 15)
(12, 15)
(12, 16)
kaikki ok
Reitin pituus: 2
(4, 12)
(4, 13)
(5, 13)
kaikki ok
Reitin pituus: 11
(4, 2)
(4, 3)
(4, 4)
(4, 5)
(4, 6)
(4, 7)
(4, 8)
(4, 9)
(4, 10)
(4, 11)
(4, 12)
(4, 13)
kaikki ok
Reitin pituus: 10
(10, 5)
(11, 5)
(12, 5)
(12, 4)
(12, 3)
(13, 3)
(14, 3)
(15, 3)
(16, 3)
(17, 3)
(17, 4)
kaikki ok
Reitin pituus: 7
(14, 11)
(14, 12)
(14, 13)
(14, 14)
(14, 15)
(14, 16)
(14, 17)
(15, 17)
kaikki ok
Reitin pituus: 2
(2, 1)
(1, 1)
(1, 2)
kaikki ok
Reitin pituus: 11
(7, 5)
(8, 5)
(8, 6)
(8, 7)
(9, 7)
(10, 7)
(11, 7)
(12, 7)
(12, 8)
(12, 9)
(12, 10)
(12, 11)
kaikki ok
Reitin pituus: 5
(14, 15)
(13, 15)
(12, 15)
(12, 16)
(12, 17)
(11, 17)
kaikki ok
Reitin pituus: 18
(5, 13)
(6, 13)
(6, 12)
(6, 11)
(6, 10)
(6, 9)
(6, 8)
(6, 7)
(7, 7)
(8, 7)
(9, 7)
(10, 7)
(10, 6)
(10, 5)
(11, 5)
(12, 5)
(12, 4)
(12, 3)
(11, 3)
kaikki ok
Reitin pituus: 14
(6, 16)
(6, 15)
(7, 15)
(8, 15)
(9, 15)
(10, 15)
(11, 15)
(12, 15)
(13, 15)
(14, 15)
(14, 16)
(14, 17)
(15, 17)
(16, 17)
(16, 16)
kaikki ok
Reitin pituus: 24
(15, 19)
(16, 19)
(17, 19)
(17, 18)
(17, 17)
(16, 17)
(15, 17)
(14, 17)
(14, 16)
(14, 15)
(14, 14)
(14, 13)
(14, 12)
(14, 11)
(14, 10)
(14, 9)
(14, 8)
(14, 7)
(14, 6)
(14, 5)
(15, 5)
(16, 5)
(17, 5)
(17, 4)
(17, 3)
kaikki ok
Reitin pituus: 13
(12, 4)
(12, 5)
(11, 5)
(10, 5)
(10, 6)
(10, 7)
(9, 7)
(8, 7)
(7, 7)
(6, 7)
(6, 8)
(6, 9)
(5, 9)
(4, 9)
kaikki ok
Reitin pituus: 24
(15, 3)
(14, 3)
(14, 4)
(14, 5)
(14, 6)
(14, 7)
(14, 8)
(14, 9)
(14, 10)
(14, 11)
(14, 12)
(14, 13)
(14, 14)
(14, 15)
(13, 15)
(12, 15)
(12, 16)
(12, 17)
(11, 17)
(10, 17)
(10, 18)
(10, 19)
(9, 19)
(8, 19)
(8, 18)
kaikki ok
Reitin pituus: 5
(13, 1)
(12, 1)
(11, 1)
(10, 1)
(10, 2)
(10, 3)
kaikki ok
Reitin pituus: 27
(2, 5)
(3, 5)
(4, 5)
(4, 6)
(4, 7)
(4, 8)
(4, 9)
(4, 10)
(4, 11)
(4, 12)
(4, 13)
(4, 14)
(4, 15)
(5, 15)
(6, 15)
(6, 16)
(6, 17)
(7, 17)
(8, 17)
(8, 18)
(8, 19)
(9, 19)
(10, 19)
(11, 19)
(12, 19)
(13, 19)
(14, 19)
(15, 19)
kaikki ok
Reitin pituus: 11
(8, 11)
(7, 11)
(6, 11)
(6, 12)
(6, 13)
(7, 13)
(8, 13)
(8, 14)
(8, 15)
(7, 15)
(6, 15)
(6, 16)
kaikki ok
Reitin pituus: 22
(8, 2)
(8, 3)
(9, 3)
(10, 3)
(11, 3)
(12, 3)
(13, 3)
(14, 3)
(14, 4)
(14, 5)
(14, 6)
(14, 7)
(14, 8)
(14, 9)
(14, 10)
(14, 11)
(14, 12)
(14, 13)
(14, 14)
(14, 15)
(13, 15)
(12, 15)
(12, 16)
kaikki ok
Reitin pituus: 21
(1, 18)
(1, 17)
(2, 17)
(3, 17)
(4, 17)
(4, 16)
(4, 15)
(4, 14)
(4, 13)
(4, 12)
(4, 11)
(4, 10)
(4, 9)
(4, 8)
(4, 7)
(4, 6)
(4, 5)
(4, 4)
(4, 3)
(5, 3)
(6, 3)
(7, 3)
kaikki ok
Reitin pituus: 6
(16, 13)
(15, 13)
(14, 13)
(13, 13)
(12, 13)
(12, 12)
(12, 11)
kaikki ok
Reitin pituus: 15
(14, 16)
(14, 15)
(14, 14)
(14, 13)
(14, 12)
(14, 11)
(14, 10)
(14, 9)
(14, 8)
(14, 7)
(14, 6)
(14, 5)
(15, 5)
(16, 5)
(17, 5)
(17, 4)
kaikki ok
Reitin pituus: 25
(17, 18)
(17, 17)
(16, 17)
(15, 17)
(14, 17)
(14, 16)
(14, 15)
(14, 14)
(14, 13)
(14, 12)
(14, 11)
(14, 10)
(14, 9)
(14, 8)
(14, 7)
(14, 6)
(14, 5)
(14, 4)
(14, 3)
(13, 3)
(12, 3)
(11, 3)
(10, 3)
(9, 3)
(8, 3)
(7, 3)
kaikki ok
Reitin pituus: 26
(10, 2)
(10, 3)
(9, 3)
(8, 3)
(7, 3)
(6, 3)
(5, 3)
(4, 3)
(4, 4)
(4, 5)
(4, 6)
(4, 7)
(4, 8)
(4, 9)
(4, 10)
(4, 11)
(4, 12)
(4, 13)
(4, 14)
(4, 15)
(4, 16)
(4, 17)
(3, 17)
(2, 17)
(1, 17)
(1, 18)
(1, 19)
kaikki ok
Reitin pituus: 5
(12, 8)
(12, 7)
(11, 7)
(10, 7)
(10, 6)
(10, 5)
kaikki ok
Reitin pituus: 14
(14, 5)
(14, 6)
(14, 7)
(14, 8)
(14, 9)
(14, 10)
(14, 11)
(14, 12)
(14, 13)
(14, 14)
(14, 15)
(13, 15)
(12, 15)
(12, 16)
(12, 17)
kaikki ok
Reitin pituus: 12
(17, 4)
(17, 3)
(16, 3)
(15, 3)
(14, 3)
(13, 3)
(12, 3)
(11, 3)
(10, 3)
(9, 3)
(8, 3)
(7, 3)
(6, 3)
kaikki ok
Reitin pituus: 11
(4, 11)
(4, 10)
(4, 9)
(4, 8)
(4, 7)
(4, 6)
(4, 5)
(4, 4)
(4, 3)
(3, 3)
(2, 3)
(1, 3)
kaikki ok
Reitin pituus: 8
(5, 9)
(6, 9)
(6, 10)
(6, 11)
(6, 12)
(6, 13)
(7, 13)
(8, 13)
(8, 14)
kaikki ok
Reitin pituus: 9
(11, 5)
(12, 5)
(12, 4)
(12, 3)
(13, 3)
(14, 3)
(15, 3)
(16, 3)
(17, 3)
(17, 4)
kaikki ok
Reitin pituus: 4
(14, 12)
(14, 13)
(14, 14)
(14, 15)
(14, 16)
kaikki ok
Reitin pituus: 17
(16, 13)
(15, 13)
(14, 13)
(13, 13)
(12, 13)
(12, 12)
(12, 11)
(11, 11)
(10, 11)
(9, 11)
(8, 11)
(7, 11)
(6, 11)
(6, 10)
(6, 9)
(5, 9)
(4, 9)
(4, 8)
kaikki ok
Reitin pituus: 10
(1, 4)
(1, 3)
(2, 3)
(3, 3)
(4, 3)
(5, 3)
(6, 3)
(7, 3)
(8, 3)
(9, 3)
(10, 3)
kaikki ok
Reitin pituus: 24
(8, 18)
(8, 17)
(7, 17)
(6, 17)
(6, 16)
(6, 15)
(5, 15)
(4, 15)
(4, 14)
(4, 13)
(4, 12)
(4, 11)
(4, 10)
(4, 9)
(4, 8)
(4, 7)
(4, 6)
(4, 5)
(4, 4)
(4, 3)
(4, 2)
(4, 1)
(3, 1)
(2, 1)
(1, 1)
kaikki ok
Reitin pituus: 24
(4, 19)
(3, 19)
(2, 19)
(1, 19)
(1, 18)
(1, 17)
(2, 17)
(3, 17)
(4, 17)
(4, 16)
(4, 15)
(4, 14)
(4, 13)
(5, 13)
(6, 13)
(6, 12)
(6, 11)
(6, 10)
(6, 9)
(6, 8)
(6, 7)
(7, 7)
(8, 7)
(8, 6)
(8, 5)
kaikki ok
Reitin pituus: 25
(9, 3)
(8, 3)
(7, 3)
(6, 3)
(5, 3)
(4, 3)
(4, 4)
(4, 5)
(4, 6)
(4, 7)
(4, 8)
(4, 9)
(4, 10)
(4, 11)
(4, 12)
(4, 13)
(4, 14)
(4, 15)
(4, 16)
(4, 17)
(3, 17)
(2, 17)
(1, 17)
(1, 18)
(1, 19)
(2, 19)
kaikki ok
Reitin pituus: 15
(14, 9)
(13, 9)
(12, 9)
(12, 10)
(12, 11)
(11, 11)
(10, 11)
(9, 11)
(8, 11)
(7, 11)
(6, 11)
(6, 12)
(6, 13)
(5, 13)
(4, 13)
(4, 14)
kaikki ok
Reitin pituus: 8
(4, 15)
(5, 15)
(6, 15)
(6, 16)
(6, 17)
(7, 17)
(8, 17)
(8, 18)
(8, 19)
kaikki ok
Reitin pituus: 12
(15, 3)
(14, 3)
(13, 3)
(12, 3)
(11, 3)
(10, 3)
(9, 3)
(8, 3)
(7, 3)
(6, 3)
(5, 3)
(4, 3)
(3, 3)
kaikki ok
Reitin pituus: 10
(14, 6)
(14, 7)
(14, 8)
(14, 9)
(14, 10)
(14, 11)
(14, 12)
(14, 13)
(15, 13)
(16, 13)
(17, 13)
kaikki ok
Reitin pituus: 12
(4, 2)
(4, 3)
(4, 4)
(4, 5)
(4, 6)
(4, 7)
(4, 8)
(4, 9)
(5, 9)
(6, 9)
(6, 10)
(6, 11)
(6, 12)
kaikki ok
Reitin pituus: 30
(2, 1)
(3, 1)
(4, 1)
(4, 2)
(4, 3)
(5, 3)
(6, 3)
(6, 4)
(6, 5)
(7, 5)
(8, 5)
(8, 6)
(8, 7)
(9, 7)
(10, 7)
(11, 7)
(12, 7)
(12, 8)
(12, 9)
(12, 10)
(12, 11)
(12, 12)
(12, 13)
(13, 13)
(14, 13)
(15, 13)
(16, 13)
(17, 13)
(17, 14)
(17, 15)
(16, 15)
kaikki ok
Reitin pituus: 12
(7, 15)
(8, 15)
(9, 15)
(10, 15)
(10, 14)
(10, 13)
(11, 13)
(12, 13)
(12, 12)
(12, 11)
(12, 10)
(12, 9)
(13, 9)
kaikki ok
Reitin pituus: 20
(3, 19)
(4, 19)
(5, 19)
(6, 19)
(7, 19)
(8, 19)
(9, 19)
(10, 19)
(11, 19)
(12, 19)
(13, 19)
(14, 19)
(15, 19)
(16, 19)
(17, 19)
(17, 18)
(17, 17)
(16, 17)
(16, 16)
(16, 15)
(17, 15)
kaikki ok
Reitin pituus: 12
(7, 11)
(6, 11)
(6, 10)
(6, 9)
(5, 9)
(4, 9)
(4, 8)
(4, 7)
(4, 6)
(4, 5)
(4, 4)
(4, 3)
(3, 3)
kaikki ok
Reitin pituus: 5
(17, 15)
(17, 14)
(17, 13)
(16, 13)
(15, 13)
(14, 13)
kaikki ok
Reitin pituus: 12
(8, 6)
(8, 7)
(7, 7)
(6, 7)
(6, 8)
(6, 9)
(6, 10)
(6, 11)
(6, 12)
(6, 13)
(7, 13)
(8, 13)
(8, 14)
kaikki ok
Reitin pituus: 12
(3, 17)
(4, 17)
(4, 16)
(4, 15)
(5, 15)
(6, 15)
(7, 15)
(8, 15)
(9, 15)
(10, 15)
(10, 14)
(10, 13)
(11, 13)
kaikki ok
Reitin pituus: 5
(14, 10)
(14, 11)
(14, 12)
(14, 13)
(15, 13)
(16, 13)
kaikki ok
Reitin pituus: 18
(15, 5)
(14, 5)
(14, 6)
(14, 7)
(14, 8)
(14, 9)
(13, 9)
(12, 9)
(12, 10)
(12, 11)
(12, 12)
(12, 13)
(11, 13)
(10, 13)
(10, 14)
(10, 15)
(9, 15)
(8, 15)
(7, 15)
kaikki ok
Reitin pituus: 14
(9, 8)
(9, 7)
(8, 7)
(7, 7)
(6, 7)
(6, 8)
(6, 9)
(5, 9)
(4, 9)
(4, 10)
(4, 11)
(4, 12)
(4, 13)
(3, 13)
(2, 13)
kaikki ok
Reitin pituus: 18
(4, 6)
(4, 7)
(4, 8)
(4, 9)
(4, 10)
(4, 11)
(4, 12)
(4, 13)
(5, 13)
(6, 13)
(7, 13)
(8, 13)
(8, 14)
(8, 15)
(9, 15)
(10, 15)
(11, 15)
(12, 15)
(12, 16)
kaikki ok
Reitin pituus: 18
(9, 7)
(10, 7)
(11, 7)
(12, 7)
(12, 8)
(12, 9)
(13, 9)
(14, 9)
(14, 10)
(14, 11)
(14, 12)
(14, 13)
(14, 14)
(14, 15)
(13, 15)
(12, 15)
(12, 16)
(12, 17)
(11, 17)
kaikki ok
Reitin pituus: 11
(6, 10)
(6, 11)
(6, 12)
(6, 13)
(5, 13)
(4, 13)
(4, 14)
(4, 15)
(4, 16)
(4, 17)
(3, 17)
(2, 17)
kaikki ok
Reitin pituus: 17
(11, 19)
(10, 19)
(9, 19)
(8, 19)
(8, 18)
(8, 17)
(7, 17)
(6, 17)
(6, 16)
(6, 15)
(5, 15)
(4, 15)
(4, 14)
(4, 13)
(3, 13)
(2, 13)
(1, 13)
(1, 14)
kaikki ok
Reitin pituus: 13
(17, 13)
(16, 13)
(15, 13)
(14, 13)
(14, 14)
(14, 15)
(13, 15)
(12, 15)
(11, 15)
(10, 15)
(9, 15)
(8, 15)
(8, 14)
(8, 13)
kaikki ok
Reitin pituus: 30
(11, 1)
(12, 1)
(13, 1)
(14, 1)
(14, 2)
(14, 3)
(14, 4)
(14, 5)
(14, 6)
(14, 7)
(14, 8)
(14, 9)
(14, 10)
(14, 11)
(14, 12)
(14, 13)
(14, 14)
(14, 15)
(13, 15)
(12, 15)
(12, 16)
(12, 17)
(11, 17)
(10, 17)
(10, 18)
(10, 19)
(9, 19)
(8, 19)
(7, 19)
(6, 19)
(5, 19)
kaikki ok
Reitin pituus: 6
(4, 3)
(5, 3)
(6, 3)
(6, 4)
(6, 5)
(7, 5)
(8, 5)
kaikki ok
Reitin pituus: 10
(9, 9)
(9, 8)
(9, 7)
(10, 7)
(11, 7)
(12, 7)
(12, 8)
(12, 9)
(13, 9)
(14, 9)
(14, 8)
kaikki ok
Reitin pituus: 6
(6, 13)
(6, 12)
(6, 11)
(6, 10)
(6, 9)
(6, 8)
(6, 7)
kaikki ok
Reitin pituus: 13
(9, 15)
(10, 15)
(10, 14)
(10, 13)
(11, 13)
(12, 13)
(12, 12)
(12, 11)
(12, 10)
(12, 9)
(13, 9)
(14, 9)
(14, 8)
(14, 7)
kaikki ok
Reitin pituus: 15
(7, 15)
(6, 15)
(5, 15)
(4, 15)
(4, 14)
(4, 13)
(4, 12)
(4, 11)
(4, 10)
(4, 9)
(4, 8)
(4, 7)
(4, 6)
(4, 5)
(3, 5)
(2, 5)
kaikki ok
Reitin pituus: 16
(6, 9)
(6, 10)
(6, 11)
(7, 11)
(8, 11)
(9, 11)
(10, 11)
(11, 11)
(12, 11)
(12, 12)
(12, 13)
(13, 13)
(14, 13)
(15, 13)
(16, 13)
(17, 13)
(17, 14)
kaikki ok
Reitin pituus: 16
(12, 10)
(12, 11)
(11, 11)
(10, 11)
(9, 11)
(8, 11)
(7, 11)
(6, 11)
(6, 10)
(6, 9)
(5, 9)
(4, 9)
(4, 8)
(4, 7)
(4, 6)
(4, 5)
(4, 4)
kaikki ok
Reitin pituus: 21
(12, 1)
(13, 1)
(14, 1)
(14, 2)
(14, 3)
(14, 4)
(14, 5)
(14, 6)
(14, 7)
(14, 8)
(14, 9)
(14, 10)
(14, 11)
(14, 12)
(14, 13)
(14, 14)
(14, 15)
(14, 16)
(14, 17)
(15, 17)
(16, 17)
(17, 17)
kaikki ok
Reitin pituus: 25
(11, 5)
(10, 5)
(10, 6)
(10, 7)
(11, 7)
(12, 7)
(12, 8)
(12, 9)
(13, 9)
(14, 9)
(14, 10)
(14, 11)
(14, 12)
(14, 13)
(14, 14)
(14, 15)
(13, 15)
(12, 15)
(12, 16)
(12, 17)
(11, 17)
(10, 17)
(10, 18)
(10, 19)
(11, 19)
(12, 19)
kaikki ok
Reitin pituus: 16
(1, 15)
(2, 15)
(2, 16)
(2, 17)
(3, 17)
(4, 17)
(4, 16)
(4, 15)
(5, 15)
(6, 15)
(7, 15)
(8, 15)
(9, 15)
(10, 15)
(11, 15)
(12, 15)
(13, 15)
kaikki ok
Reitin pituus: 13
(6, 12)
(6, 11)
(7, 11)
(8, 11)
(9, 11)
(10, 11)
(11, 11)
(12, 11)
(12, 12)
(12, 13)
(13, 13)
(14, 13)
(14, 12)
(14, 11)
kaikki ok
Reitin pituus: 8
(1, 1)
(1, 2)
(1, 3)
(2, 3)
(3, 3)
(4, 3)
(5, 3)
(6, 3)
(6, 4)
kaikki ok
Reitin pituus: 19
(2, 15)
(2, 16)
(2, 17)
(3, 17)
(4, 17)
(4, 16)
(4, 15)
(5, 15)
(6, 15)
(7, 15)
(8, 15)
(9, 15)
(10, 15)
(10, 14)
(10, 13)
(11, 13)
(12, 13)
(13, 13)
(14, 13)
(15, 13)
kaikki ok
Reitin pituus: 4
(4, 5)
(4, 4)
(4, 3)
(5, 3)
(6, 3)
kaikki ok
Reitin pituus: 16
(17, 13)
(16, 13)
(15, 13)
(14, 13)
(14, 14)
(14, 15)
(13, 15)
(12, 15)
(12, 16)
(12, 17)
(11, 17)
(10, 17)
(10, 18)
(10, 19)
(9, 19)
(8, 19)
(8, 18)
kaikki ok
Reitin pituus: 19
(4, 15)
(4, 14)
(4, 13)
(4, 12)
(4, 11)
(4, 10)
(4, 9)
(4, 8)
(4, 7)
(4, 6)
(4, 5)
(4, 4)
(4, 3)
(5, 3)
(6, 3)
(7, 3)
(8, 3)
(9, 3)
(10, 3)
(11, 3)
kaikki ok
Reitin pituus: 21
(2, 1)
(3, 1)
(4, 1)
(4, 2)
(4, 3)
(4, 4)
(4, 5)
(4, 6)
(4, 7)
(4, 8)
(4, 9)
(4, 10)
(4, 11)
(4, 12)
(4, 13)
(4, 14)
(4, 15)
(4, 16)
(4, 17)
(3, 17)
(2, 17)
(2, 16)
kaikki ok
Reitin pituus: 22
(4, 1)
(4, 2)
(4, 3)
(4, 4)
(4, 5)
(4, 6)
(4, 7)
(4, 8)
(4, 9)
(5, 9)
(6, 9)
(6, 10)
(6, 11)
(6, 12)
(6, 13)
(7, 13)
(8, 13)
(8, 14)
(8, 15)
(9, 15)
(10, 15)
(10, 14)
(10, 13)
kaikki ok
Reitin pituus: 20
(11, 17)
(12, 17)
(12, 16)
(12, 15)
(11, 15)
(10, 15)
(9, 15)
(8, 15)
(8, 14)
(8, 13)
(7, 13)
(6, 13)
(5, 13)
(4, 13)
(4, 12)
(4, 11)
(4, 10)
(4, 9)
(4, 8)
(4, 7)
(4, 6)
kaikki ok
Reitin pituus: 29
(7, 3)
(6, 3)
(5, 3)
(4, 3)
(4, 4)
(4, 5)
(4, 6)
(4, 7)
(4, 8)
(4, 9)
(4, 10)
(4, 11)
(4, 12)
(4, 13)
(4, 14)
(4, 15)
(5, 15)
(6, 15)
(6, 16)
(6, 17)
(7, 17)
(8, 17)
(8, 18)
(8, 19)
(9, 19)
(10, 19)
(11, 19)
(12, 19)
(13, 19)
(14, 19)
kaikki ok
Reitin pituus: 7
(14, 11)
(14, 12)
(14, 13)
(14, 14)
(14, 15)
(13, 15)
(12, 15)
(12, 16)
kaikki ok
Reitin pituus: 16
(6, 7)
(7, 7)
(8, 7)
(9, 7)
(10, 7)
(10, 6)
(10, 5)
(11, 5)
(12, 5)
(12, 4)
(12, 3)
(13, 3)
(14, 3)
(14, 4)
(14, 5)
(15, 5)
(16, 5)
kaikki ok
Reitin pituus: 10
(12, 3)
(13, 3)
(14, 3)
(14, 4)
(14, 5)
(14, 6)
(14, 7)
(14, 8)
(14, 9)
(14, 10)
(14, 11)
kaikki ok
Reitin pituus: 3
(17, 3)
(17, 2)
(17, 1)
(16, 1)
kaikki ok
Reitin pituus: 10
(8, 9)
(9, 9)
(9, 8)
(9, 7)
(8, 7)
(7, 7)
(6, 7)
(6, 8)
(6, 9)
(6, 10)
(6, 11)
kaikki ok
Reitin pituus: 5
(12, 17)
(12, 16)
(12, 15)
(11, 15)
(10, 15)
(10, 14)
kaikki ok
Reitin pituus: 17
(2, 16)
(2, 17)
(3, 17)
(4, 17)
(4, 16)
(4, 15)
(4, 14)
(4, 13)
(4, 12)
(4, 11)
(4, 10)
(4, 9)
(4, 8)
(4, 7)
(4, 6)
(4, 5)
(4, 4)
(4, 3)
kaikki ok
Reitin pituus: 6
(17, 17)
(16, 17)
(15, 17)
(14, 17)
(14, 16)
(14, 15)
(14, 14)
kaikki ok
Reitin pituus: 13
(5, 3)
(6, 3)
(6, 4)
(6, 5)
(7, 5)
(8, 5)
(8, 6)
(8, 7)
(9, 7)
(10, 7)
(11, 7)
(12, 7)
(12, 8)
(12, 9)
kaikki ok
Reitin pituus: 14
(14, 15)
(14, 14)
(14, 13)
(13, 13)
(12, 13)
(12, 12)
(12, 11)
(12, 10)
(12, 9)
(12, 8)
(12, 7)
(11, 7)
(10, 7)
(9, 7)
(8, 7)
kaikki ok
Reitin pituus: 8
(7, 13)
(8, 13)
(8, 14)
(8, 15)
(9, 15)
(10, 15)
(11, 15)
(12, 15)
(13, 15)
kaikki ok
Reitin pituus: 20
(15, 1)
(14, 1)
(14, 2)
(14, 3)
(14, 4)
(14, 5)
(14, 6)
(14, 7)
(14, 8)
(14, 9)
(14, 10)
(14, 11)
(14, 12)
(14, 13)
(14, 14)
(14, 15)
(13, 15)
(12, 15)
(12, 16)
(12, 17)
(11, 17)
kaikki ok
Reitin pituus: 20
(14, 5)
(14, 6)
(14, 7)
(14, 8)
(14, 9)
(13, 9)
(12, 9)
(12, 10)
(12, 11)
(11, 11)
(10, 11)
(9, 11)
(8, 11)
(7, 11)
(6, 11)
(6, 12)
(6, 13)
(5, 13)
(4, 13)
(3, 13)
(2, 13)
kaikki ok
Reitin pituus: 8
(8, 13)
(8, 14)
(8, 15)
(9, 15)
(10, 15)
(10, 14)
(10, 13)
(11, 13)
(12, 13)
kaikki ok
Reitin pituus: 3
(7, 7)
(8, 7)
(8, 6)
(8, 5)
kaikki ok
Reitin pituus: 13
(3, 5)
(4, 5)
(4, 6)
(4, 7)
(4, 8)
(4, 9)
(4, 10)
(4, 11)
(4, 12)
(4, 13)
(4, 14)
(4, 15)
(4, 16)
(4, 17)
kaikki ok
Reitin pituus: 7
(12, 16)
(12, 15)
(13, 15)
(14, 15)
(14, 14)
(14, 13)
(14, 12)
(14, 11)
kaikki ok
Reitin pituus: 11
(17, 17)
(16, 17)
(15, 17)
(14, 17)
(14, 16)
(14, 15)
(14, 14)
(14, 13)
(13, 13)
(12, 13)
(12, 12)
(12, 11)
kaikki ok
Reitin pituus: 13
(14, 11)
(14, 12)
(14, 13)
(13, 13)
(12, 13)
(12, 12)
(12, 11)
(11, 11)
(10, 11)
(9, 11)
(8, 11)
(7, 11)
(6, 11)
(6, 12)
kaikki ok
Reitin pituus: 23
(4, 19)
(3, 19)
(2, 19)
(1, 19)
(1, 18)
(1, 17)
(2, 17)
(3, 17)
(4, 17)
(4, 16)
(4, 15)
(4, 14)
(4, 13)
(4, 12)
(4, 11)
(4, 10)
(4, 9)
(4, 8)
(4, 7)
(4, 6)
(4, 5)
(3, 5)
(2, 5)
(1, 5)
kaikki ok
Reitin pituus: 13
(12, 12)
(12, 11)
(11, 11)
(10, 11)
(9, 11)
(8, 11)
(7, 11)
(6, 11)
(6, 10)
(6, 9)
(5, 9)
(4, 9)
(4, 8)
(4, 7)
kaikki ok
Reitin pituus: 4
(3, 3)
(4, 3)
(4, 2)
(4, 1)
(3, 1)
kaikki ok
Reitin pituus: 18
(17, 4)
(17, 3)
(16, 3)
(15, 3)
(14, 3)
(13, 3)
(12, 3)
(11, 3)
(10, 3)
(9, 3)
(8, 3)
(7, 3)
(6, 3)
(5, 3)
(4, 3)
(4, 2)
(4, 1)
(3, 1)
(2, 1)
kaikki ok
Reitin pituus: 17
(1, 13)
(2, 13)
(3, 13)
(4, 13)
(5, 13)
(6, 13)
(7, 13)
(8, 13)
(8, 14)
(8, 15)
(9, 15)
(10, 15)
(11, 15)
(12, 15)
(13, 15)
(14, 15)
(14, 16)
(14, 17)
kaikki ok
Reitin pituus: 22
(5, 13)
(6, 13)
(6, 12)
(6, 11)
(7, 11)
(8, 11)
(9, 11)
(10, 11)
(11, 11)
(12, 11)
(12, 10)
(12, 9)
(13, 9)
(14, 9)
(14, 8)
(14, 7)
(14, 6)
(14, 5)
(14, 4)
(14, 3)
(15, 3)
(16, 3)
(17, 3)
kaikki ok
Reitin pituus: 6
(6, 17)
(6, 16)
(6, 15)
(5, 15)
(4, 15)
(4, 14)
(4, 13)
kaikki ok
Reitin pituus: 11
(6, 11)
(6, 12)
(6, 13)
(5, 13)
(4, 13)
(4, 14)
(4, 15)
(4, 16)
(4, 17)
(3, 17)
(2, 17)
(1, 17)
kaikki ok
Reitin pituus: 10
(10, 3)
(11, 3)
(12, 3)
(12, 4)
(12, 5)
(11, 5)
(10, 5)
(10, 6)
(10, 7)
(9, 7)
(9, 8)
kaikki ok
Reitin pituus: 12
(1, 19)
(2, 19)
(3, 19)
(4, 19)
(5, 19)
(6, 19)
(7, 19)
(8, 19)
(9, 19)
(10, 19)
(11, 19)
(12, 19)
(13, 19)
kaikki ok
Reitin pituus: 2
(17, 4)
(17, 3)
(16, 3)
kaikki ok
Reitin pituus: 10
(7, 3)
(6, 3)
(6, 4)
(6, 5)
(7, 5)
(8, 5)
(8, 6)
(8, 7)
(9, 7)
(9, 8)
(9, 9)
kaikki ok
Reitin pituus: 10
(8, 13)
(8, 14)
(8, 15)
(7, 15)
(6, 15)
(6, 16)
(6, 17)
(7, 17)
(8, 17)
(8, 18)
(8, 19)
kaikki ok
Reitin pituus: 17
(7, 7)
(6, 7)
(6, 8)
(6, 9)
(6, 10)
(6, 11)
(6, 12)
(6, 13)
(7, 13)
(8, 13)
(8, 14)
(8, 15)
(9, 15)
(10, 15)
(11, 15)
(12, 15)
(12, 16)
(12, 17)
kaikki ok
Reitin pituus: 13
(3, 13)
(4, 13)
(4, 12)
(4, 11)
(4, 10)
(4, 9)
(4, 8)
(4, 7)
(4, 6)
(4, 5)
(4, 4)
(4, 3)
(5, 3)
(6, 3)
kaikki ok
Reitin pituus: 8
(7, 7)
(6, 7)
(6, 8)
(6, 9)
(5, 9)
(4, 9)
(4, 8)
(4, 7)
(4, 6)
kaikki ok
Reitin pituus: 18
(1, 3)
(2, 3)
(3, 3)
(4, 3)
(4, 4)
(4, 5)
(4, 6)
(4, 7)
(4, 8)
(4, 9)
(4, 10)
(4, 11)
(4, 12)
(4, 13)
(4, 14)
(4, 15)
(4, 16)
(4, 17)
(3, 17)
kaikki ok
Reitin pituus: 13
(4, 7)
(4, 8)
(4, 9)
(5, 9)
(6, 9)
(6, 8)
(6, 7)
(7, 7)
(8, 7)
(9, 7)
(10, 7)
(11, 7)
(12, 7)
(12, 8)
kaikki ok
Reitin pituus: 14
(10, 11)
(11, 11)
(12, 11)
(12, 10)
(12, 9)
(13, 9)
(14, 9)
(14, 8)
(14, 7)
(14, 6)
(14, 5)
(14, 4)
(14, 3)
(13, 3)
(12, 3)
kaikki ok
Reitin pituus: 11
(6, 16)
(6, 15)
(5, 15)
(4, 15)
(4, 14)
(4, 13)
(4, 12)
(4, 11)
(4, 10)
(4, 9)
(4, 8)
(4, 7)
kaikki ok
Reitin pituus: 23
(16, 19)
(17, 19)
(17, 18)
(17, 17)
(16, 17)
(15, 17)
(14, 17)
(14, 16)
(14, 15)
(13, 15)
(12, 15)
(11, 15)
(10, 15)
(9, 15)
(8, 15)
(8, 14)
(8, 13)
(7, 13)
(6, 13)
(6, 12)
(6, 11)
(6, 10)
(6, 9)
(6, 8)
kaikki ok
Reitin pituus: 16
(2, 1)
(3, 1)
(4, 1)
(4, 2)
(4, 3)
(5, 3)
(6, 3)
(6, 4)
(6, 5)
(7, 5)
(8, 5)
(8, 6)
(8, 7)
(9, 7)
(10, 7)
(11, 7)
(12, 7)
kaikki ok
Reitin pituus: 10
(5, 9)
(4, 9)
(4, 8)
(4, 7)
(4, 6)
(4, 5)
(4, 4)
(4, 3)
(4, 2)
(4, 1)
(3, 1)
kaikki ok
Reitin pituus: 6
(11, 5)
(12, 5)
(12, 4)
(12, 3)
(13, 3)
(14, 3)
(15, 3)
kaikki ok
Reitin pituus: 20
(8, 2)
(8, 3)
(9, 3)
(10, 3)
(11, 3)
(12, 3)
(13, 3)
(14, 3)
(14, 4)
(14, 5)
(14, 6)
(14, 7)
(14, 8)
(14, 9)
(14, 10)
(14, 11)
(14, 12)
(14, 13)
(14, 14)
(14, 15)
(13, 15)
kaikki ok
Reitin pituus: 16
(10, 5)
(10, 6)
(10, 7)
(9, 7)
(8, 7)
(8, 6)
(8, 5)
(7, 5)
(6, 5)
(6, 4)
(6, 3)
(5, 3)
(4, 3)
(3, 3)
(2, 3)
(1, 3)
(1, 4)
kaikki ok
Reitin pituus: 18
(7, 3)
(8, 3)
(9, 3)
(10, 3)
(11, 3)
(12, 3)
(13, 3)
(14, 3)
(14, 4)
(14, 5)
(14, 6)
(14, 7)
(14, 8)
(14, 9)
(14, 10)
(14, 11)
(14, 12)
(14, 13)
(14, 14)
kaikki ok
Reitin pituus: 17
(16, 17)
(15, 17)
(14, 17)
(14, 16)
(14, 15)
(14, 14)
(14, 13)
(14, 12)
(14, 11)
(14, 10)
(14, 9)
(14, 8)
(14, 7)
(14, 6)
(14, 5)
(15, 5)
(16, 5)
(17, 5)
kaikki ok
Reitin pituus: 1
(4, 17)
(3, 17)
kaikki ok
Reitin pituus: 17
(4, 17)
(4, 16)
(4, 15)
(4, 14)
(4, 13)
(4, 12)
(4, 11)
(4, 10)
(4, 9)
(4, 8)
(4, 7)
(4, 6)
(4, 5)
(4, 4)
(4, 3)
(3, 3)
(2, 3)
(1, 3)
kaikki ok
Reitin pituus: 20
(10, 17)
(11, 17)
(12, 17)
(12, 16)
(12, 15)
(13, 15)
(14, 15)
(14, 14)
(14, 13)
(14, 12)
(14, 11)
(14, 10)
(14, 9)
(14, 8)
(14, 7)
(14, 6)
(14, 5)
(14, 4)
(14, 3)
(15, 3)
(16, 3)
kaikki ok
Reitin pituus: 24
(10, 19)
(9, 19)
(8, 19)
(8, 18)
(8, 17)
(7, 17)
(6, 17)
(6, 16)
(6, 15)
(5, 15)
(4, 15)
(4, 14)
(4, 13)
(4, 12)
(4, 11)
(4, 10)
(4, 9)
(4, 8)
(4, 7)
(4, 6)
(4, 5)
(4, 4)
(4, 3)
(4, 2)
(4, 1)
kaikki ok
Reitin pituus: 5
(7, 13)
(6, 13)
(6, 12)
(6, 11)
(6, 10)
(6, 9)
kaikki ok
Reitin pituus: 11
(14, 10)
(14, 11)
(14, 12)
(14, 13)
(14, 14)
(14, 15)
(14, 16)
(14, 17)
(15, 17)
(16, 17)
(17, 17)
(17, 18)
kaikki ok
Reitin pituus: 8
(8, 11)
(7, 11)
(6, 11)
(6, 12)
(6, 13)
(5, 13)
(4, 13)
(4, 12)
(4, 11)
kaikki ok
Reitin pituus: 26
(17, 19)
(17, 18)
(17, 17)
(16, 17)
(15, 17)
(14, 17)
(14, 16)
(14, 15)
(13, 15)
(12, 15)
(11, 15)
(10, 15)
(9, 15)
(8, 15)
(8, 14)
(8, 13)
(7, 13)
(6, 13)
(6, 12)
(6, 11)
(6, 10)
(6, 9)
(5, 9)
(4, 9)
(4, 8)
(4, 7)
(4, 6)
kaikki ok
Reitin pituus: 6
(4, 11)
(4, 12)
(4, 13)
(5, 13)
(6, 13)
(7, 13)
(8, 13)
kaikki ok
Reitin pituus: 15
(9, 8)
(9, 7)
(8, 7)
(7, 7)
(6, 7)
(6, 8)
(6, 9)
(5, 9)
(4, 9)
(4, 10)
(4, 11)
(4, 12)
(4, 13)
(3, 13)
(2, 13)
(1, 13)
kaikki ok
Reitin pituus: 17
(11, 17)
(12, 17)
(12, 16)
(12, 15)
(13, 15)
(14, 15)
(14, 14)
(14, 13)
(14, 12)
(14, 11)
(14, 10)
(14, 9)
(13, 9)
(12, 9)
(12, 8)
(12, 7)
(11, 7)
(10, 7)
kaikki ok
Reitin pituus: 7
(16, 17)
(15, 17)
(14, 17)
(14, 16)
(14, 15)
(13, 15)
(12, 15)
(12, 16)
kaikki ok
Reitin pituus: 11
(6, 13)
(6, 12)
(6, 11)
(7, 11)
(8, 11)
(9, 11)
(10, 11)
(11, 11)
(12, 11)
(12, 10)
(12, 9)
(13, 9)
kaikki ok
Reitin pituus: 13
(7, 11)
(6, 11)
(6, 12)
(6, 13)
(7, 13)
(8, 13)
(8, 14)
(8, 15)
(9, 15)
(10, 15)
(11, 15)
(12, 15)
(12, 16)
(12, 17)
kaikki ok
Reitin pituus: 11
(14, 11)
(14, 10)
(14, 9)
(13, 9)
(12, 9)
(12, 8)
(12, 7)
(11, 7)
(10, 7)
(9, 7)
(8, 7)
(8, 6)
kaikki ok
Reitin pituus: 11
(1, 15)
(2, 15)
(2, 16)
(2, 17)
(3, 17)
(4, 17)
(4, 16)
(4, 15)
(5, 15)
(6, 15)
(6, 16)
(6, 17)
kaikki ok
Reitin pituus: 11
(8, 17)
(7, 17)
(6, 17)
(6, 16)
(6, 15)
(7, 15)
(8, 15)
(8, 14)
(8, 13)
(7, 13)
(6, 13)
(6, 12)
kaikki ok
Reitin pituus: 6
(5, 1)
(6, 1)
(7, 1)
(8, 1)
(8, 2)
(8, 3)
(7, 3)
kaikki ok
Reitin pituus: 8
(11, 3)
(12, 3)
(13, 3)
(14, 3)
(14, 4)
(14, 5)
(14, 6)
(14, 7)
(14, 8)
kaikki ok
Reitin pituus: 9
(8, 2)
(8, 3)
(7, 3)
(6, 3)
(6, 4)
(6, 5)
(7, 5)
(8, 5)
(8, 6)
(8, 7)
kaikki ok
Reitin pituus: 19
(7, 3)
(6, 3)
(5, 3)
(4, 3)
(4, 4)
(4, 5)
(4, 6)
(4, 7)
(4, 8)
(4, 9)
(4, 10)
(4, 11)
(4, 12)
(4, 13)
(4, 14)
(4, 15)
(5, 15)
(6, 15)
(7, 15)
(8, 15)
kaikki ok
Reitin pituus: 4
(15, 3)
(14, 3)
(14, 4)
(14, 5)
(15, 5)
kaikki ok
Reitin pituus: 14
(15, 5)
(14, 5)
(14, 4)
(14, 3)
(13, 3)
(12, 3)
(11, 3)
(10, 3)
(9, 3)
(8, 3)
(7, 3)
(6, 3)
(5, 3)
(4, 3)
(4, 2)
kaikki ok
Reitin pituus: 24
(7, 1)
(6, 1)
(5, 1)
(4, 1)
(4, 2)
(4, 3)
(4, 4)
(4, 5)
(4, 6)
(4, 7)
(4, 8)
(4, 9)
(4, 10)
(4, 11)
(4, 12)
(4, 13)
(4, 14)
(4, 15)
(4, 16)
(4, 17)
(3, 17)
(2, 17)
(1, 17)
(1, 18)
(1, 19)
kaikki ok
Reitin pituus: 12
(1, 17)
(2, 17)
(3, 17)
(4, 17)
(4, 16)
(4, 15)
(4, 14)
(4, 13)
(4, 12)
(4, 11)
(4, 10)
(4, 9)
(5, 9)
kaikki ok
Reitin pituus: 18
(16, 19)
(15, 19)
(14, 19)
(13, 19)
(12, 19)
(11, 19)
(10, 19)
(9, 19)
(8, 19)
(7, 19)
(6, 19)
(5, 19)
(4, 19)
(3, 19)
(2, 19)
(1, 19)
(1, 18)
(1, 17)
(2, 17)
kaikki ok
Reitin pituus: 9
(12, 3)
(11, 3)
(10, 3)
(9, 3)
(8, 3)
(7, 3)
(6, 3)
(5, 3)
(4, 3)
(4, 4)
kaikki ok
Reitin pituus: 28
(2, 19)
(3, 19)
(4, 19)
(5, 19)
(6, 19)
(7, 19)
(8, 19)
(9, 19)
(10, 19)
(10, 18)
(10, 17)
(11, 17)
(12, 17)
(12, 16)
(12, 15)
(13, 15)
(14, 15)
(14, 14)
(14, 13)
(14, 12)
(14, 11)
(14, 10)
(14, 9)
(14, 8)
(14, 7)
(14, 6)
(14, 5)
(14, 4)
(14, 3)
kaikki ok
Reitin pituus: 12
(16, 3)
(15, 3)
(14, 3)
(14, 4)
(14, 5)
(14, 6)
(14, 7)
(14, 8)
(14, 9)
(14, 10)
(14, 11)
(14, 12)
(14, 13)
kaikki ok
Reitin pituus: 23
(10, 15)
(9, 15)
(8, 15)
(8, 14)
(8, 13)
(7, 13)
(6, 13)
(6, 12)
(6, 11)
(6, 10)
(6, 9)
(5, 9)
(4, 9)
(4, 8)
(4, 7)
(4, 6)
(4, 5)
(4, 4)
(4, 3)
(4, 2)
(4, 1)
(3, 1)
(2, 1)
(1, 1)
kaikki ok
Reitin pituus: 18
(17, 5)
(16, 5)
(15, 5)
(14, 5)
(14, 6)
(14, 7)
(14, 8)
(14, 9)
(14, 10)
(14, 11)
(14, 12)
(14, 13)
(14, 14)
(14, 15)
(14, 16)
(14, 17)
(15, 17)
(16, 17)
(17, 17)
kaikki ok
Reitin pituus: 27
(14, 1)
(14, 2)
(14, 3)
(13, 3)
(12, 3)
(12, 4)
(12, 5)
(11, 5)
(10, 5)
(10, 6)
(10, 7)
(9, 7)
(8, 7)
(7, 7)
(6, 7)
(6, 8)
(6, 9)
(6, 10)
(6, 11)
(6, 12)
(6, 13)
(5, 13)
(4, 13)
(4, 14)
(4, 15)
(4, 16)
(4, 17)
(3, 17)
kaikki ok
Reitin pituus: 12
(11, 17)
(12, 17)
(12, 16)
(12, 15)
(13, 15)
(14, 15)
(14, 14)
(14, 13)
(14, 12)
(14, 11)
(14, 10)
(14, 9)
(14, 8)
kaikki ok
Reitin pituus: 8
(8, 19)
(9, 19)
(10, 19)
(10, 18)
(10, 17)
(11, 17)
(12, 17)
(12, 16)
(12, 15)
kaikki ok
Reitin pituus: 10
(8, 17)
(8, 18)
(8, 19)
(9, 19)
(10, 19)
(11, 19)
(12, 19)
(13, 19)
(14, 19)
(15, 19)
(16, 19)
kaikki ok
Reitin pituus: 16
(2, 16)
(2, 17)
(3, 17)
(4, 17)
(4, 16)
(4, 15)
(4, 14)
(4, 13)
(4, 12)
(4, 11)
(4, 10)
(4, 9)
(4, 8)
(4, 7)
(4, 6)
(4, 5)
(3, 5)
kaikki ok
Reitin pituus: 14
(4, 17)
(4, 16)
(4, 15)
(5, 15)
(6, 15)
(7, 15)
(8, 15)
(9, 15)
(10, 15)
(11, 15)
(12, 15)
(13, 15)
(14, 15)
(14, 16)
(14, 17)
kaikki ok
Reitin pituus: 22
(16, 3)
(15, 3)
(14, 3)
(13, 3)
(12, 3)
(12, 4)
(12, 5)
(11, 5)
(10, 5)
(10, 6)
(10, 7)
(9, 7)
(8, 7)
(7, 7)
(6, 7)
(6, 8)
(6, 9)
(5, 9)
(4, 9)
(4, 10)
(4, 11)
(4, 12)
(4, 13)
kaikki ok
Reitin pituus: 23
(9, 3)
(8, 3)
(7, 3)
(6, 3)
(5, 3)
(4, 3)
(4, 4)
(4, 5)
(4, 6)
(4, 7)
(4, 8)
(4, 9)
(4, 10)
(4, 11)
(4, 12)
(4, 13)
(4, 14)
(4, 15)
(5, 15)
(6, 15)
(6, 16)
(6, 17)
(7, 17)
(8, 17)
kaikki ok
Reitin pituus: 9
(10, 11)
(11, 11)
(12, 11)
(12, 10)
(12, 9)
(12, 8)
(12, 7)
(11, 7)
(10, 7)
(10, 6)
kaikki ok
Reitin pituus: 17
(1, 5)
(2, 5)
(3, 5)
(4, 5)
(4, 6)
(4, 7)
(4, 8)
(4, 9)
(5, 9)
(6, 9)
(6, 10)
(6, 11)
(7, 11)
(8, 11)
(9, 11)
(10, 11)
(11, 11)
(12, 11)
kaikki ok
Reitin pituus: 17
(6, 3)
(5, 3)
(4, 3)
(4, 4)
(4, 5)
(4, 6)
(4, 7)
(4, 8)
(4, 9)
(4, 10)
(4, 11)
(4, 12)
(4, 13)
(4, 14)
(4, 15)
(5, 15)
(6, 15)
(6, 16)
kaikki ok
Reitin pituus: 19
(10, 1)
(10, 2)
(10, 3)
(9, 3)
(8, 3)
(7, 3)
(6, 3)
(5, 3)
(4, 3)
(4, 4)
(4, 5)
(4, 6)
(4, 7)
(4, 8)
(4, 9)
(5, 9)
(6, 9)
(6, 10)
(6, 11)
(7, 11)
kaikki ok
Reitin pituus: 16
(1, 13)
(2, 13)
(3, 13)
(4, 13)
(4, 12)
(4, 11)
(4, 10)
(4, 9)
(4, 8)
(4, 7)
(4, 6)
(4, 5)
(4, 4)
(4, 3)
(5, 3)
(6, 3)
(6, 4)
kaikki ok
Reitin pituus: 26
(8, 3)
(9, 3)
(10, 3)
(11, 3)
(12, 3)
(13, 3)
(14, 3)
(14, 4)
(14, 5)
(14, 6)
(14, 7)
(14, 8)
(14, 9)
(14, 10)
(14, 11)
(14, 12)
(14, 13)
(14, 14)
(14, 15)
(14, 16)
(14, 17)
(15, 17)
(16, 17)
(17, 17)
(17, 18)
(17, 19)
(16, 19)
kaikki ok
Reitin pituus: 9
(6, 8)
(6, 9)
(5, 9)
(4, 9)
(4, 10)
(4, 11)
(4, 12)
(4, 13)
(4, 14)
(4, 15)
kaikki ok
Reitin pituus: 8
(7, 15)
(8, 15)
(8, 14)
(8, 13)
(7, 13)
(6, 13)
(6, 12)
(6, 11)
(6, 10)
kaikki ok
Reitin pituus: 22
(12, 17)
(12, 16)
(12, 15)
(13, 15)
(14, 15)
(14, 14)
(14, 13)
(14, 12)
(14, 11)
(14, 10)
(14, 9)
(14, 8)
(14, 7)
(14, 6)
(14, 5)
(14, 4)
(14, 3)
(13, 3)
(12, 3)
(11, 3)
(10, 3)
(9, 3)
(8, 3)
kaikki ok
Reitin pituus: 8
(9, 3)
(8, 3)
(7, 3)
(6, 3)
(5, 3)
(4, 3)
(4, 4)
(4, 5)
(3, 5)
kaikki ok
Reitin pituus: 12
(6, 9)
(6, 10)
(6, 11)
(6, 12)
(6, 13)
(7, 13)
(8, 13)
(8, 14)
(8, 15)
(9, 15)
(10, 15)
(11, 15)
(12, 15)
kaikki ok
Reitin pituus: 11
(8, 6)
(8, 7)
(7, 7)
(6, 7)
(6, 8)
(6, 9)
(6, 10)
(6, 11)
(7, 11)
(8, 11)
(9, 11)
(10, 11)
kaikki ok
Reitin pituus: 18
(9, 19)
(10, 19)
(10, 18)
(10, 17)
(11, 17)
(12, 17)
(12, 16)
(12, 15)
(13, 15)
(14, 15)
(14, 14)
(14, 13)
(14, 12)
(14, 11)
(14, 10)
(14, 9)
(13, 9)
(12, 9)
(12, 8)
kaikki ok
Reitin pituus: 13
(6, 7)
(7, 7)
(8, 7)
(9, 7)
(10, 7)
(10, 6)
(10, 5)
(11, 5)
(12, 5)
(12, 4)
(12, 3)
(11, 3)
(10, 3)
(10, 2)
kaikki ok
Reitin pituus: 16
(3, 5)
(4, 5)
(4, 4)
(4, 3)
(5, 3)
(6, 3)
(7, 3)
(8, 3)
(9, 3)
(10, 3)
(11, 3)
(12, 3)
(13, 3)
(14, 3)
(14, 4)
(14, 5)
(15, 5)
kaikki ok
Reitin pituus: 26
(2, 1)
(3, 1)
(4, 1)
(4, 2)
(4, 3)
(4, 4)
(4, 5)
(4, 6)
(4, 7)
(4, 8)
(4, 9)
(4, 10)
(4, 11)
(4, 12)
(4, 13)
(5, 13)
(6, 13)
(7, 13)
(8, 13)
(8, 14)
(8, 15)
(9, 15)
(10, 15)
(11, 15)
(12, 15)
(12, 16)
(12, 17)
kaikki ok
Reitin pituus: 26
(12, 19)
(11, 19)
(10, 19)
(10, 18)
(10, 17)
(11, 17)
(12, 17)
(12, 16)
(12, 15)
(13, 15)
(14, 15)
(14, 14)
(14, 13)
(14, 12)
(14, 11)
(14, 10)
(14, 9)
(14, 8)
(14, 7)
(14, 6)
(14, 5)
(14, 4)
(14, 3)
(13, 3)
(12, 3)
(12, 4)
(12, 5)
kaikki ok
Reitin pituus: 15
(14, 8)
(14, 9)
(14, 10)
(14, 11)
(14, 12)
(14, 13)
(14, 14)
(14, 15)
(14, 16)
(14, 17)
(15, 17)
(16, 17)
(17, 17)
(17, 18)
(17, 19)
(16, 19)
kaikki ok
Reitin pituus: 17
(6, 7)
(6, 8)
(6, 9)
(6, 10)
(6, 11)
(6, 12)
(6, 13)
(5, 13)
(4, 13)
(4, 14)
(4, 15)
(4, 16)
(4, 17)
(3, 17)
(2, 17)
(1, 17)
(1, 18)
(1, 19)
kaikki ok
Reitin pituus: 15
(13, 9)
(12, 9)
(12, 10)
(12, 11)
(12, 12)
(12, 13)
(11, 13)
(10, 13)
(10, 14)
(10, 15)
(9, 15)
(8, 15)
(7, 15)
(6, 15)
(5, 15)
(4, 15)
kaikki ok
Reitin pituus: 11
(12, 17)
(12, 16)
(12, 15)
(11, 15)
(10, 15)
(9, 15)
(8, 15)
(7, 15)
(6, 15)
(5, 15)
(4, 15)
(4, 14)
kaikki ok
Reitin pituus: 18
(17, 15)
(17, 14)
(17, 13)
(16, 13)
(15, 13)
(14, 13)
(13, 13)
(12, 13)
(12, 12)
(12, 11)
(11, 11)
(10, 11)
(9, 11)
(8, 11)
(7, 11)
(6, 11)
(6, 12)
(6, 13)
(5, 13)
kaikki ok
Reitin pituus: 10
(2, 3)
(3, 3)
(4, 3)
(5, 3)
(6, 3)
(7, 3)
(8, 3)
(9, 3)
(10, 3)
(11, 3)
(12, 3)
kaikki ok
Reitin pituus: 16
(10, 14)
(10, 13)
(11, 13)
(12, 13)
(12, 12)
(12, 11)
(12, 10)
(12, 9)
(12, 8)
(12, 7)
(11, 7)
(10, 7)
(9, 7)
(8, 7)
(8, 6)
(8, 5)
(7, 5)
kaikki ok
Reitin pituus: 10
(3, 17)
(4, 17)
(4, 16)
(4, 15)
(4, 14)
(4, 13)
(5, 13)
(6, 13)
(6, 12)
(6, 11)
(7, 11)
kaikki ok
Reitin pituus: 19
(4, 17)
(4, 16)
(4, 15)
(4, 14)
(4, 13)
(4, 12)
(4, 11)
(4, 10)
(4, 9)
(4, 8)
(4, 7)
(4, 6)
(4, 5)
(4, 4)
(4, 3)
(4, 2)
(4, 1)
(5, 1)
(6, 1)
(7, 1)
kaikki ok
Reitin pituus: 14
(17, 15)
(16, 15)
(16, 16)
(16, 17)
(17, 17)
(17, 18)
(17, 19)
(16, 19)
(15, 19)
(14, 19)
(13, 19)
(12, 19)
(11, 19)
(10, 19)
(9, 19)
kaikki ok
Reitin pituus: 24
(6, 19)
(7, 19)
(8, 19)
(8, 18)
(8, 17)
(7, 17)
(6, 17)
(6, 16)
(6, 15)
(5, 15)
(4, 15)
(4, 14)
(4, 13)
(4, 12)
(4, 11)
(4, 10)
(4, 9)
(4, 8)
(4, 7)
(4, 6)
(4, 5)
(4, 4)
(4, 3)
(4, 2)
(4, 1)
kaikki ok
Reitin pituus: 12
(4, 7)
(4, 8)
(4, 9)
(5, 9)
(6, 9)
(6, 8)
(6, 7)
(7, 7)
(8, 7)
(9, 7)
(10, 7)
(10, 6)
(10, 5)
kaikki ok
Reitin pituus: 28
(3, 3)
(4, 3)
(5, 3)
(6, 3)
(6, 4)
(6, 5)
(7, 5)
(8, 5)
(8, 6)
(8, 7)
(9, 7)
(10, 7)
(11, 7)
(12, 7)
(12, 8)
(12, 9)
(12, 10)
(12, 11)
(12, 12)
(12, 13)
(13, 13)
(14, 13)
(15, 13)
(16, 13)
(17, 13)
(17, 14)
(17, 15)
(16, 15)
(16, 16)
kaikki ok
Reitin pituus: 21
(10, 1)
(11, 1)
(12, 1)
(13, 1)
(14, 1)
(14, 2)
(14, 3)
(14, 4)
(14, 5)
(14, 6)
(14, 7)
(14, 8)
(14, 9)
(14, 10)
(14, 11)
(14, 12)
(14, 13)
(14, 14)
(14, 15)
(14, 16)
(14, 17)
(15, 17)
kaikki ok
Reitin pituus: 5
(9, 9)
(9, 8)
(9, 7)
(10, 7)
(10, 6)
(10, 5)
kaikki ok
Reitin pituus: 20
(12, 1)
(13, 1)
(14, 1)
(14, 2)
(14, 3)
(14, 4)
(14, 5)
(14, 6)
(14, 7)
(14, 8)
(14, 9)
(13, 9)
(12, 9)
(12, 10)
(12, 11)
(11, 11)
(10, 11)
(9, 11)
(8, 11)
(7, 11)
(6, 11)
kaikki ok
Reitin pituus: 20
(8, 19)
(8, 18)
(8, 17)
(7, 17)
(6, 17)
(6, 16)
(6, 15)
(5, 15)
(4, 15)
(4, 14)
(4, 13)
(4, 12)
(4, 11)
(4, 10)
(4, 9)
(4, 8)
(4, 7)
(4, 6)
(4, 5)
(3, 5)
(2, 5)
kaikki ok
Reitin pituus: 18
(5, 3)
(4, 3)
(4, 4)
(4, 5)
(4, 6)
(4, 7)
(4, 8)
(4, 9)
(4, 10)
(4, 11)
(4, 12)
(4, 13)
(4, 14)
(4, 15)
(5, 15)
(6, 15)
(6, 16)
(6, 17)
(7, 17)
kaikki ok
Reitin pituus: 17
(7, 3)
(6, 3)
(5, 3)
(4, 3)
(4, 4)
(4, 5)
(4, 6)
(4, 7)
(4, 8)
(4, 9)
(4, 10)
(4, 11)
(4, 12)
(4, 13)
(3, 13)
(2, 13)
(1, 13)
(1, 14)
kaikki ok
Reitin pituus: 12
(10, 14)
(10, 13)
(11, 13)
(12, 13)
(12, 12)
(12, 11)
(12, 10)
(12, 9)
(12, 8)
(12, 7)
(11, 7)
(10, 7)
(10, 6)
kaikki ok
Reitin pituus: 20
(2, 13)
(3, 13)
(4, 13)
(5, 13)
(6, 13)
(6, 12)
(6, 11)
(7, 11)
(8, 11)
(9, 11)
(10, 11)
(11, 11)
(12, 11)
(12, 10)
(12, 9)
(13, 9)
(14, 9)
(14, 8)
(14, 7)
(14, 6)
(14, 5)
kaikki ok
Reitin pituus: 18
(4, 12)
(4, 13)
(5, 13)
(6, 13)
(7, 13)
(8, 13)
(8, 14)
(8, 15)
(9, 15)
(10, 15)
(11, 15)
(12, 15)
(13, 15)
(14, 15)
(14, 16)
(14, 17)
(15, 17)
(16, 17)
(17, 17)
kaikki ok
Reitin pituus: 29
(15, 3)
(14, 3)
(14, 4)
(14, 5)
(14, 6)
(14, 7)
(14, 8)
(14, 9)
(14, 10)
(14, 11)
(14, 12)
(14, 13)
(14, 14)
(14, 15)
(13, 15)
(12, 15)
(12, 16)
(12, 17)
(11, 17)
(10, 17)
(10, 18)
(10, 19)
(9, 19)
(8, 19)
(7, 19)
(6, 19)
(5, 19)
(4, 19)
(3, 19)
(2, 19)
kaikki ok
Reitin pituus: 10
(17, 14)
(17, 13)
(16, 13)
(15, 13)
(14, 13)
(14, 12)
(14, 11)
(14, 10)
(14, 9)
(14, 8)
(14, 7)
kaikki ok
Reitin pituus: 12
(4, 11)
(4, 10)
(4, 9)
(5, 9)
(6, 9)
(6, 8)
(6, 7)
(7, 7)
(8, 7)
(9, 7)
(10, 7)
(11, 7)
(12, 7)
kaikki ok
Reitin pituus: 12
(4, 7)
(4, 8)
(4, 9)
(4, 10)
(4, 11)
(4, 12)
(4, 13)
(4, 14)
(4, 15)
(5, 15)
(6, 15)
(6, 16)
(6, 17)
kaikki ok
Reitin pituus: 8
(10, 14)
(10, 13)
(11, 13)
(12, 13)
(12, 12)
(12, 11)
(12, 10)
(12, 9)
(13, 9)
kaikki ok
Reitin pituus: 17
(4, 3)
(5, 3)
(6, 3)
(6, 4)
(6, 5)
(7, 5)
(8, 5)
(8, 6)
(8, 7)
(9, 7)
(10, 7)
(11, 7)
(12, 7)
(12, 8)
(12, 9)
(12, 10)
(12, 11)
(12, 12)
kaikki ok
Reitin pituus: 15
(14, 14)
(14, 13)
(13, 13)
(12, 13)
(12, 12)
(12, 11)
(12, 10)
(12, 9)
(12, 8)
(12, 7)
(11, 7)
(10, 7)
(9, 7)
(9, 8)
(9, 9)
(8, 9)
kaikki ok
Reitin pituus: 16
(11, 5)
(10, 5)
(10, 6)
(10, 7)
(11, 7)
(12, 7)
(12, 8)
(12, 9)
(12, 10)
(12, 11)
(12, 12)
(12, 13)
(11, 13)
(10, 13)
(10, 14)
(10, 15)
(11, 15)
kaikki ok
Reitin pituus: 16
(1, 4)
(1, 3)
(2, 3)
(3, 3)
(4, 3)
(5, 3)
(6, 3)
(6, 4)
(6, 5)
(7, 5)
(8, 5)
(8, 6)
(8, 7)
(9, 7)
(9, 8)
(9, 9)
(10, 9)
kaikki ok
Reitin pituus: 7
(15, 13)
(14, 13)
(14, 14)
(14, 15)
(13, 15)
(12, 15)
(11, 15)
(10, 15)
kaikki ok
Reitin pituus: 18
(14, 19)
(13, 19)
(12, 19)
(11, 19)
(10, 19)
(9, 19)
(8, 19)
(8, 18)
(8, 17)
(7, 17)
(6, 17)
(6, 16)
(6, 15)
(5, 15)
(4, 15)
(4, 14)
(4, 13)
(3, 13)
(2, 13)
kaikki ok
Reitin pituus: 12
(10, 17)
(11, 17)
(12, 17)
(12, 16)
(12, 15)
(13, 15)
(14, 15)
(14, 14)
(14, 13)
(15, 13)
(16, 13)
(17, 13)
(17, 14)
kaikki ok
Reitin pituus: 1
(1, 4)
(1, 5)
kaikki ok
Reitin pituus: 27
(10, 3)
(9, 3)
(8, 3)
(7, 3)
(6, 3)
(5, 3)
(4, 3)
(4, 4)
(4, 5)
(4, 6)
(4, 7)
(4, 8)
(4, 9)
(4, 10)
(4, 11)
(4, 12)
(4, 13)
(4, 14)
(4, 15)
(4, 16)
(4, 17)
(3, 17)
(2, 17)
(1, 17)
(1, 18)
(1, 19)
(2, 19)
(3, 19)
kaikki ok
Reitin pituus: 13
(9, 15)
(10, 15)
(10, 14)
(10, 13)
(11, 13)
(12, 13)
(12, 12)
(12, 11)
(12, 10)
(12, 9)
(12, 8)
(12, 7)
(11, 7)
(10, 7)
kaikki ok
Reitin pituus: 9
(16, 13)
(17, 13)
(17, 14)
(17, 15)
(16, 15)
(16, 16)
(16, 17)
(17, 17)
(17, 18)
(17, 19)
kaikki ok
Reitin pituus: 13
(12, 9)
(12, 10)
(12, 11)
(11, 11)
(10, 11)
(9, 11)
(8, 11)
(7, 11)
(6, 11)
(6, 12)
(6, 13)
(5, 13)
(4, 13)
(4, 14)
kaikki ok
Reitin pituus: 10
(14, 3)
(13, 3)
(12, 3)
(12, 4)
(12, 5)
(11, 5)
(10, 5)
(10, 6)
(10, 7)
(9, 7)
(8, 7)
kaikki ok
Reitin pituus: 21
(17, 19)
(17, 18)
(17, 17)
(16, 17)
(15, 17)
(14, 17)
(14, 16)
(14, 15)
(13, 15)
(12, 15)
(11, 15)
(10, 15)
(9, 15)
(8, 15)
(8, 14)
(8, 13)
(7, 13)
(6, 13)
(6, 12)
(6, 11)
(6, 10)
(6, 9)
kaikki ok
Reitin pituus: 11
(9, 7)
(8, 7)
(8, 6)
(8, 5)
(7, 5)
(6, 5)
(6, 4)
(6, 3)
(7, 3)
(8, 3)
(8, 2)
(8, 1)
kaikki ok
Reitin pituus: 12
(14, 10)
(14, 9)
(14, 8)
(14, 7)
(14, 6)
(14, 5)
(14, 4)
(14, 3)
(13, 3)
(12, 3)
(11, 3)
(10, 3)
(9, 3)
kaikki ok
Reitin pituus: 19
(16, 3)
(15, 3)
(14, 3)
(14, 4)
(14, 5)
(14, 6)
(14, 7)
(14, 8)
(14, 9)
(13, 9)
(12, 9)
(12, 10)
(12, 11)
(12, 12)
(12, 13)
(11, 13)
(10, 13)
(10, 14)
(10, 15)
(9, 15)
kaikki ok
Reitin pituus: 17
(12, 19)
(11, 19)
(10, 19)
(10, 18)
(10, 17)
(11, 17)
(12, 17)
(12, 16)
(12, 15)
(13, 15)
(14, 15)
(14, 14)
(14, 13)
(13, 13)
(12, 13)
(12, 12)
(12, 11)
(11, 11)
kaikki ok
Reitin pituus: 9
(14, 8)
(14, 9)
(13, 9)
(12, 9)
(12, 8)
(12, 7)
(11, 7)
(10, 7)
(10, 6)
(10, 5)
kaikki ok
Reitin pituus: 17
(3, 17)
(4, 17)
(4, 16)
(4, 15)
(5, 15)
(6, 15)
(7, 15)
(8, 15)
(9, 15)
(10, 15)
(11, 15)
(12, 15)
(13, 15)
(14, 15)
(14, 16)
(14, 17)
(15, 17)
(16, 17)
kaikki ok
Reitin pituus: 13
(6, 8)
(6, 9)
(6, 10)
(6, 11)
(7, 11)
(8, 11)
(9, 11)
(10, 11)
(11, 11)
(12, 11)
(12, 12)
(12, 13)
(13, 13)
(14, 13)
kaikki ok
Reitin pituus: 9
(9, 15)
(8, 15)
(8, 14)
(8, 13)
(7, 13)
(6, 13)
(6, 12)
(6, 11)
(7, 11)
(8, 11)
kaikki ok
Reitin pituus: 25
(6, 1)
(5, 1)
(4, 1)
(4, 2)
(4, 3)
(4, 4)
(4, 5)
(4, 6)
(4, 7)
(4, 8)
(4, 9)
(4, 10)
(4, 11)
(4, 12)
(4, 13)
(4, 14)
(4, 15)
(5, 15)
(6, 15)
(7, 15)
(8, 15)
(9, 15)
(10, 15)
(11, 15)
(12, 15)
(12, 16)
kaikki ok
Reitin pituus: 21
(10, 1)
(10, 2)
(10, 3)
(11, 3)
(12, 3)
(12, 4)
(12, 5)
(11, 5)
(10, 5)
(10, 6)
(10, 7)
(11, 7)
(12, 7)
(12, 8)
(12, 9)
(12, 10)
(12, 11)
(12, 12)
(12, 13)
(11, 13)
(10, 13)
(10, 14)
kaikki ok
Reitin pituus: 18
(14, 17)
(14, 16)
(14, 15)
(13, 15)
(12, 15)
(11, 15)
(10, 15)
(9, 15)
(8, 15)
(8, 14)
(8, 13)
(7, 13)
(6, 13)
(6, 12)
(6, 11)
(6, 10)
(6, 9)
(5, 9)
(4, 9)
kaikki ok
Reitin pituus: 9
(6, 16)
(6, 15)
(7, 15)
(8, 15)
(8, 14)
(8, 13)
(7, 13)
(6, 13)
(6, 12)
(6, 11)
kaikki ok
Reitin pituus: 6
(7, 17)
(6, 17)
(6, 16)
(6, 15)
(5, 15)
(4, 15)
(4, 14)
kaikki ok
Reitin pituus: 7
(6, 19)
(5, 19)
(4, 19)
(3, 19)
(2, 19)
(1, 19)
(1, 18)
(1, 17)
kaikki ok
Reitin pituus: 21
(1, 13)
(2, 13)
(3, 13)
(4, 13)
(5, 13)
(6, 13)
(7, 13)
(8, 13)
(8, 14)
(8, 15)
(9, 15)
(10, 15)
(11, 15)
(12, 15)
(13, 15)
(14, 15)
(14, 16)
(14, 17)
(15, 17)
(16, 17)
(17, 17)
(17, 18)
kaikki ok
Reitin pituus: 3
(17, 2)
(17, 3)
(16, 3)
(15, 3)
kaikki ok
Reitin pituus: 3
(12, 7)
(12, 8)
(12, 9)
(13, 9)
kaikki ok
Reitin pituus: 10
(14, 3)
(13, 3)
(12, 3)
(11, 3)
(10, 3)
(9, 3)
(8, 3)
(8, 2)
(8, 1)
(7, 1)
(6, 1)
kaikki ok
Reitin pituus: 15
(8, 11)
(9, 11)
(10, 11)
(11, 11)
(12, 11)
(12, 10)
(12, 9)
(13, 9)
(14, 9)
(14, 8)
(14, 7)
(14, 6)
(14, 5)
(14, 4)
(14, 3)
(15, 3)
kaikki ok
Reitin pituus: 19
(16, 5)
(15, 5)
(14, 5)
(14, 6)
(14, 7)
(14, 8)
(14, 9)
(13, 9)
(12, 9)
(12, 10)
(12, 11)
(12, 12)
(12, 13)
(11, 13)
(10, 13)
(10, 14)
(10, 15)
(9, 15)
(8, 15)
(7, 15)
kaikki ok
Reitin pituus: 3
(8, 18)
(8, 17)
(7, 17)
(6, 17)
kaikki ok
Reitin pituus: 11
(8, 2)
(8, 3)
(9, 3)
(10, 3)
(11, 3)
(12, 3)
(13, 3)
(14, 3)
(14, 4)
(14, 5)
(15, 5)
(16, 5)
kaikki ok
Reitin pituus: 1
(14, 15)
(13, 15)
kaikki ok
Reitin pituus: 13
(4, 5)
(4, 6)
(4, 7)
(4, 8)
(4, 9)
(5, 9)
(6, 9)
(6, 10)
(6, 11)
(7, 11)
(8, 11)
(9, 11)
(10, 11)
(11, 11)
kaikki ok
Reitin pituus: 16
(3, 17)
(4, 17)
(4, 16)
(4, 15)
(5, 15)
(6, 15)
(7, 15)
(8, 15)
(9, 15)
(10, 15)
(10, 14)
(10, 13)
(11, 13)
(12, 13)
(12, 12)
(12, 11)
(12, 10)
kaikki ok
Reitin pituus: 22
(9, 15)
(8, 15)
(8, 14)
(8, 13)
(7, 13)
(6, 13)
(6, 12)
(6, 11)
(6, 10)
(6, 9)
(6, 8)
(6, 7)
(7, 7)
(8, 7)
(8, 6)
(8, 5)
(7, 5)
(6, 5)
(6, 4)
(6, 3)
(7, 3)
(8, 3)
(8, 2)
kaikki ok
Reitin pituus: 10
(4, 10)
(4, 9)
(4, 8)
(4, 7)
(4, 6)
(4, 5)
(4, 4)
(4, 3)
(3, 3)
(2, 3)
(1, 3)
kaikki ok
Reitin pituus: 5
(10, 17)
(11, 17)
(12, 17)
(12, 16)
(12, 15)
(11, 15)
kaikki ok
Reitin pituus: 13
(15, 3)
(14, 3)
(13, 3)
(12, 3)
(11, 3)
(10, 3)
(9, 3)
(8, 3)
(7, 3)
(6, 3)
(5, 3)
(4, 3)
(3, 3)
(2, 3)
kaikki ok
Reitin pituus: 3
(6, 11)
(6, 10)
(6, 9)
(6, 8)
kaikki ok
Reitin pituus: 17
(16, 5)
(15, 5)
(14, 5)
(14, 6)
(14, 7)
(14, 8)
(14, 9)
(13, 9)
(12, 9)
(12, 10)
(12, 11)
(11, 11)
(10, 11)
(9, 11)
(8, 11)
(7, 11)
(6, 11)
(6, 10)
kaikki ok
Reitin pituus: 10
(7, 7)
(8, 7)
(9, 7)
(10, 7)
(10, 6)
(10, 5)
(11, 5)
(12, 5)
(12, 4)
(12, 3)
(13, 3)
kaikki ok
Reitin pituus: 24
(10, 1)
(11, 1)
(12, 1)
(13, 1)
(14, 1)
(14, 2)
(14, 3)
(14, 4)
(14, 5)
(14, 6)
(14, 7)
(14, 8)
(14, 9)
(14, 10)
(14, 11)
(14, 12)
(14, 13)
(14, 14)
(14, 15)
(14, 16)
(14, 17)
(15, 17)
(16, 17)
(17, 17)
(17, 18)
kaikki ok
Reitin pituus: 28
(3, 19)
(4, 19)
(5, 19)
(6, 19)
(7, 19)
(8, 19)
(9, 19)
(10, 19)
(10, 18)
(10, 17)
(11, 17)
(12, 17)
(12, 16)
(12, 15)
(13, 15)
(14, 15)
(14, 14)
(14, 13)
(14, 12)
(14, 11)
(14, 10)
(14, 9)
(14, 8)
(14, 7)
(14, 6)
(14, 5)
(14, 4)
(14, 3)
(14, 2)
kaikki ok
Reitin pituus: 12
(3, 3)
(4, 3)
(4, 4)
(4, 5)
(4, 6)
(4, 7)
(4, 8)
(4, 9)
(4, 10)
(4, 11)
(4, 12)
(4, 13)
(5, 13)
kaikki ok
Reitin pituus: 16
(16, 13)
(15, 13)
(14, 13)
(14, 12)
(14, 11)
(14, 10)
(14, 9)
(14, 8)
(14, 7)
(14, 6)
(14, 5)
(15, 5)
(16, 5)
(17, 5)
(17, 4)
(17, 3)
(17, 2)
kaikki ok
Reitin pituus: 23
(4, 8)
(4, 9)
(4, 10)
(4, 11)
(4, 12)
(4, 13)
(4, 14)
(4, 15)
(5, 15)
(6, 15)
(6, 16)
(6, 17)
(7, 17)
(8, 17)
(8, 18)
(8, 19)
(9, 19)
(10, 19)
(11, 19)
(12, 19)
(13, 19)
(14, 19)
(15, 19)
(16, 19)
kaikki ok
Reitin pituus: 17
(11, 7)
(12, 7)
(12, 8)
(12, 9)
(13, 9)
(14, 9)
(14, 10)
(14, 11)
(14, 12)
(14, 13)
(14, 14)
(14, 15)
(14, 16)
(14, 17)
(15, 17)
(16, 17)
(17, 17)
(17, 18)
kaikki ok
Reitin pituus: 14
(8, 5)
(8, 6)
(8, 7)
(7, 7)
(6, 7)
(6, 8)
(6, 9)
(6, 10)
(6, 11)
(6, 12)
(6, 13)
(7, 13)
(8, 13)
(8, 14)
(8, 15)
kaikki ok
Reitin pituus: 22
(6, 8)
(6, 9)
(6, 10)
(6, 11)
(7, 11)
(8, 11)
(9, 11)
(10, 11)
(11, 11)
(12, 11)
(12, 12)
(12, 13)
(13, 13)
(14, 13)
(14, 14)
(14, 15)
(14, 16)
(14, 17)
(15, 17)
(16, 17)
(17, 17)
(17, 18)
(17, 19)
kaikki ok
Reitin pituus: 20
(6, 4)
(6, 5)
(7, 5)
(8, 5)
(8, 6)
(8, 7)
(9, 7)
(10, 7)
(11, 7)
(12, 7)
(12, 8)
(12, 9)
(13, 9)
(14, 9)
(14, 10)
(14, 11)
(14, 12)
(14, 13)
(14, 14)
(14, 15)
(14, 16)
kaikki ok
Reitin pituus: 5
(8, 19)
(8, 18)
(8, 17)
(7, 17)
(6, 17)
(6, 16)
kaikki ok
Reitin pituus: 10
(7, 11)
(6, 11)
(6, 12)
(6, 13)
(5, 13)
(4, 13)
(3, 13)
(2, 13)
(1, 13)
(1, 14)
(1, 15)
kaikki ok
Reitin pituus: 10
(9, 15)
(8, 15)
(7, 15)
(6, 15)
(5, 15)
(4, 15)
(4, 14)
(4, 13)
(4, 12)
(4, 11)
(4, 10)
kaikki ok
Reitin pituus: 13
(6, 10)
(6, 9)
(5, 9)
(4, 9)
(4, 8)
(4, 7)
(4, 6)
(4, 5)
(3, 5)
(2, 5)
(1, 5)
(1, 4)
(1, 3)
(1, 2)
kaikki ok
Reitin pituus: 19
(14, 8)
(14, 9)
(13, 9)
(12, 9)
(12, 10)
(12, 11)
(11, 11)
(10, 11)
(9, 11)
(8, 11)
(7, 11)
(6, 11)
(6, 12)
(6, 13)
(5, 13)
(4, 13)
(3, 13)
(2, 13)
(1, 13)
(1, 14)
kaikki ok
Reitin pituus: 15
(4, 7)
(4, 6)
(4, 5)
(4, 4)
(4, 3)
(5, 3)
(6, 3)
(7, 3)
(8, 3)
(9, 3)
(10, 3)
(11, 3)
(12, 3)
(13, 3)
(14, 3)
(14, 2)
kaikki ok
Reitin pituus: 7
(4, 13)
(5, 13)
(6, 13)
(6, 12)
(6, 11)
(7, 11)
(8, 11)
(9, 11)
kaikki ok
Reitin pituus: 5
(8, 14)
(8, 15)
(9, 15)
(10, 15)
(11, 15)
(12, 15)
kaikki ok
Reitin pituus: 29
(1, 2)
(1, 3)
(2, 3)
(3, 3)
(4, 3)
(5, 3)
(6, 3)
(6, 4)
(6, 5)
(7, 5)
(8, 5)
(8, 6)
(8, 7)
(9, 7)
(10, 7)
(11, 7)
(12, 7)
(12, 8)
(12, 9)
(12, 10)
(12, 11)
(12, 12)
(12, 13)
(13, 13)
(14, 13)
(14, 14)
(14, 15)
(14, 16)
(14, 17)
(15, 17)
kaikki ok
Reitin pituus: 12
(15, 5)
(14, 5)
(14, 6)
(14, 7)
(14, 8)
(14, 9)
(14, 10)
(14, 11)
(14, 12)
(14, 13)
(15, 13)
(16, 13)
(17, 13)
kaikki ok
Reitin pituus: 22
(14, 7)
(14, 8)
(14, 9)
(13, 9)
(12, 9)
(12, 10)
(12, 11)
(11, 11)
(10, 11)
(9, 11)
(8, 11)
(7, 11)
(6, 11)
(6, 12)
(6, 13)
(5, 13)
(4, 13)
(4, 14)
(4, 15)
(4, 16)
(4, 17)
(3, 17)
(2, 17)
kaikki ok
Reitin pituus: 17
(14, 16)
(14, 15)
(14, 14)
(14, 13)
(14, 12)
(14, 11)
(14, 10)
(14, 9)
(14, 8)
(14, 7)
(14, 6)
(14, 5)
(14, 4)
(14, 3)
(14, 2)
(14, 1)
(13, 1)
(12, 1)
kaikki ok
Reitin pituus: 14
(7, 11)
(8, 11)
(9, 11)
(10, 11)
(11, 11)
(12, 11)
(12, 12)
(12, 13)
(13, 13)
(14, 13)
(15, 13)
(16, 13)
(17, 13)
(17, 14)
(17, 15)
kaikki ok
Reitin pituus: 12
(6, 13)
(6, 12)
(6, 11)
(7, 11)
(8, 11)
(9, 11)
(10, 11)
(11, 11)
(12, 11)
(12, 10)
(12, 9)
(13, 9)
(14, 9)
kaikki ok
Reitin pituus: 19
(8, 17)
(7, 17)
(6, 17)
(6, 16)
(6, 15)
(5, 15)
(4, 15)
(4, 14)
(4, 13)
(4, 12)
(4, 11)
(4, 10)
(4, 9)
(5, 9)
(6, 9)
(6, 8)
(6, 7)
(7, 7)
(8, 7)
(9, 7)
kaikki ok
Reitin pituus: 15
(14, 14)
(14, 13)
(13, 13)
(12, 13)
(12, 12)
(12, 11)
(12, 10)
(12, 9)
(12, 8)
(12, 7)
(11, 7)
(10, 7)
(10, 6)
(10, 5)
(11, 5)
(12, 5)
kaikki ok
Reitin pituus: 9
(7, 1)
(6, 1)
(5, 1)
(4, 1)
(4, 2)
(4, 3)
(3, 3)
(2, 3)
(1, 3)
(1, 4)
kaikki ok
Reitin pituus: 14
(12, 13)
(13, 13)
(14, 13)
(14, 12)
(14, 11)
(14, 10)
(14, 9)
(14, 8)
(14, 7)
(14, 6)
(14, 5)
(14, 4)
(14, 3)
(13, 3)
(12, 3)
kaikki ok
Reitin pituus: 18
(1, 19)
(1, 18)
(1, 17)
(2, 17)
(3, 17)
(4, 17)
(4, 16)
(4, 15)
(4, 14)
(4, 13)
(4, 12)
(4, 11)
(4, 10)
(4, 9)
(4, 8)
(4, 7)
(4, 6)
(4, 5)
(3, 5)
kaikki ok
Reitin pituus: 12
(6, 8)
(6, 9)
(5, 9)
(4, 9)
(4, 10)
(4, 11)
(4, 12)
(4, 13)
(4, 14)
(4, 15)
(4, 16)
(4, 17)
(3, 17)
kaikki ok
Reitin pituus: 25
(6, 17)
(6, 16)
(6, 15)
(7, 15)
(8, 15)
(9, 15)
(10, 15)
(10, 14)
(10, 13)
(11, 13)
(12, 13)
(12, 12)
(12, 11)
(12, 10)
(12, 9)
(13, 9)
(14, 9)
(14, 8)
(14, 7)
(14, 6)
(14, 5)
(14, 4)
(14, 3)
(14, 2)
(14, 1)
(13, 1)
kaikki ok
Reitin pituus: 17
(4, 12)
(4, 13)
(5, 13)
(6, 13)
(6, 12)
(6, 11)
(7, 11)
(8, 11)
(9, 11)
(10, 11)
(11, 11)
(12, 11)
(12, 10)
(12, 9)
(13, 9)
(14, 9)
(14, 8)
(14, 7)
kaikki ok
Reitin pituus: 16
(14, 12)
(14, 13)
(13, 13)
(12, 13)
(12, 12)
(12, 11)
(11, 11)
(10, 11)
(9, 11)
(8, 11)
(7, 11)
(6, 11)
(6, 10)
(6, 9)
(5, 9)
(4, 9)
(4, 10)
kaikki ok
Reitin pituus: 8
(8, 6)
(8, 5)
(7, 5)
(6, 5)
(6, 4)
(6, 3)
(7, 3)
(8, 3)
(9, 3)
kaikki ok
Reitin pituus: 16
(4, 19)
(3, 19)
(2, 19)
(1, 19)
(1, 18)
(1, 17)
(2, 17)
(3, 17)
(4, 17)
(4, 16)
(4, 15)
(4, 14)
(4, 13)
(4, 12)
(4, 11)
(4, 10)
(4, 9)
kaikki ok
Reitin pituus: 15
(5, 1)
(4, 1)
(4, 2)
(4, 3)
(5, 3)
(6, 3)
(6, 4)
(6, 5)
(7, 5)
(8, 5)
(8, 6)
(8, 7)
(9, 7)
(9, 8)
(9, 9)
(10, 9)
kaikki ok
Reitin pituus: 11
(11, 3)
(10, 3)
(9, 3)
(8, 3)
(8, 2)
(8, 1)
(7, 1)
(6, 1)
(5, 1)
(4, 1)
(3, 1)
(2, 1)
kaikki ok
Reitin pituus: 18
(8, 13)
(7, 13)
(6, 13)
(5, 13)
(4, 13)
(4, 12)
(4, 11)
(4, 10)
(4, 9)
(4, 8)
(4, 7)
(4, 6)
(4, 5)
(4, 4)
(4, 3)
(4, 2)
(4, 1)
(3, 1)
(2, 1)
kaikki ok
Reitin pituus: 15
(3, 5)
(4, 5)
(4, 6)
(4, 7)
(4, 8)
(4, 9)
(5, 9)
(6, 9)
(6, 10)
(6, 11)
(6, 12)
(6, 13)
(7, 13)
(8, 13)
(8, 14)
(8, 15)
kaikki ok
Reitin pituus: 12
(7, 17)
(6, 17)
(6, 16)
(6, 15)
(7, 15)
(8, 15)
(9, 15)
(10, 15)
(10, 14)
(10, 13)
(11, 13)
(12, 13)
(13, 13)
kaikki ok
Reitin pituus: 17
(2, 15)
(1, 15)
(1, 14)
(1, 13)
(2, 13)
(3, 13)
(4, 13)
(4, 12)
(4, 11)
(4, 10)
(4, 9)
(4, 8)
(4, 7)
(4, 6)
(4, 5)
(3, 5)
(2, 5)
(1, 5)
kaikki ok
Reitin pituus: 1
(13, 13)
(14, 13)
kaikki ok
Reitin pituus: 9
(10, 18)
(10, 19)
(9, 19)
(8, 19)
(8, 18)
(8, 17)
(7, 17)
(6, 17)
(6, 16)
(6, 15)
kaikki ok
Reitin pituus: 15
(4, 11)
(4, 10)
(4, 9)
(5, 9)
(6, 9)
(6, 8)
(6, 7)
(7, 7)
(8, 7)
(9, 7)
(10, 7)
(10, 6)
(10, 5)
(11, 5)
(12, 5)
(12, 4)
kaikki ok
Reitin pituus: 20
(17, 2)
(17, 3)
(17, 4)
(17, 5)
(16, 5)
(15, 5)
(14, 5)
(14, 6)
(14, 7)
(14, 8)
(14, 9)
(13, 9)
(12, 9)
(12, 10)
(12, 11)
(12, 12)
(12, 13)
(11, 13)
(10, 13)
(10, 14)
(10, 15)
kaikki ok
Reitin pituus: 27
(1, 19)
(1, 18)
(1, 17)
(2, 17)
(3, 17)
(4, 17)
(4, 16)
(4, 15)
(4, 14)
(4, 13)
(4, 12)
(4, 11)
(4, 10)
(4, 9)
(4, 8)
(4, 7)
(4, 6)
(4, 5)
(4, 4)
(4, 3)
(5, 3)
(6, 3)
(7, 3)
(8, 3)
(9, 3)
(10, 3)
(10, 2)
(10, 1)
kaikki ok
Reitin pituus: 11
(8, 7)
(7, 7)
(6, 7)
(6, 8)
(6, 9)
(5, 9)
(4, 9)
(4, 10)
(4, 11)
(4, 12)
(4, 13)
(3, 13)
kaikki ok
Reitin pituus: 20
(5, 9)
(6, 9)
(6, 10)
(6, 11)
(7, 11)
(8, 11)
(9, 11)
(10, 11)
(11, 11)
(12, 11)
(12, 12)
(12, 13)
(13, 13)
(14, 13)
(14, 14)
(14, 15)
(14, 16)
(14, 17)
(15, 17)
(16, 17)
(17, 17)
kaikki ok
Reitin pituus: 17
(14, 11)
(14, 12)
(14, 13)
(13, 13)
(12, 13)
(12, 12)
(12, 11)
(11, 11)
(10, 11)
(9, 11)
(8, 11)
(7, 11)
(6, 11)
(6, 12)
(6, 13)
(5, 13)
(4, 13)
(4, 12)
kaikki ok
Reitin pituus: 14
(5, 15)
(4, 15)
(4, 14)
(4, 13)
(5, 13)
(6, 13)
(6, 12)
(6, 11)
(6, 10)
(6, 9)
(6, 8)
(6, 7)
(7, 7)
(8, 7)
(9, 7)
kaikki ok
Reitin pituus: 15
(11, 7)
(10, 7)
(9, 7)
(8, 7)
(8, 6)
(8, 5)
(7, 5)
(6, 5)
(6, 4)
(6, 3)
(5, 3)
(4, 3)
(4, 2)
(4, 1)
(3, 1)
(2, 1)
kaikki ok
Reitin pituus: 24
(3, 17)
(4, 17)
(4, 16)
(4, 15)
(5, 15)
(6, 15)
(7, 15)
(8, 15)
(9, 15)
(10, 15)
(10, 14)
(10, 13)
(11, 13)
(12, 13)
(12, 12)
(12, 11)
(12, 10)
(12, 9)
(13, 9)
(14, 9)
(14, 8)
(14, 7)
(14, 6)
(14, 5)
(14, 4)
kaikki ok
Reitin pituus: 18
(6, 10)
(6, 11)
(6, 12)
(6, 13)
(7, 13)
(8, 13)
(8, 14)
(8, 15)
(7, 15)
(6, 15)
(6, 16)
(6, 17)
(7, 17)
(8, 17)
(8, 18)
(8, 19)
(9, 19)
(10, 19)
(11, 19)
kaikki ok
Reitin pituus: 21
(1, 15)
(2, 15)
(2, 16)
(2, 17)
(1, 17)
(1, 18)
(1, 19)
(2, 19)
(3, 19)
(4, 19)
(5, 19)
(6, 19)
(7, 19)
(8, 19)
(9, 19)
(10, 19)
(11, 19)
(12, 19)
(13, 19)
(14, 19)
(15, 19)
(16, 19)
kaikki ok
Reitin pituus: 18
(6, 15)
(5, 15)
(4, 15)
(4, 14)
(4, 13)
(4, 12)
(4, 11)
(4, 10)
(4, 9)
(5, 9)
(6, 9)
(6, 8)
(6, 7)
(7, 7)
(8, 7)
(8, 6)
(8, 5)
(7, 5)
(6, 5)
kaikki ok
Reitin pituus: 3
(12, 13)
(12, 12)
(12, 11)
(12, 10)
kaikki ok
Reitin pituus: 6
(12, 9)
(12, 10)
(12, 11)
(11, 11)
(10, 11)
(9, 11)
(8, 11)
kaikki ok
Reitin pituus: 9
(8, 7)
(8, 6)
(8, 5)
(7, 5)
(6, 5)
(6, 4)
(6, 3)
(5, 3)
(4, 3)
(4, 4)
kaikki ok
Reitin pituus: 10
(4, 6)
(4, 7)
(4, 8)
(4, 9)
(4, 10)
(4, 11)
(4, 12)
(4, 13)
(5, 13)
(6, 13)
(7, 13)
kaikki ok
Reitin pituus: 26
(2, 17)
(3, 17)
(4, 17)
(4, 16)
(4, 15)
(4, 14)
(4, 13)
(4, 12)
(4, 11)
(4, 10)
(4, 9)
(4, 8)
(4, 7)
(4, 6)
(4, 5)
(4, 4)
(4, 3)
(5, 3)
(6, 3)
(7, 3)
(8, 3)
(9, 3)
(10, 3)
(10, 2)
(10, 1)
(11, 1)
(12, 1)
kaikki ok
Reitin pituus: 19
(17, 1)
(17, 2)
(17, 3)
(17, 4)
(17, 5)
(16, 5)
(15, 5)
(14, 5)
(14, 6)
(14, 7)
(14, 8)
(14, 9)
(14, 10)
(14, 11)
(14, 12)
(14, 13)
(15, 13)
(16, 13)
(17, 13)
(17, 14)
kaikki ok
Reitin pituus: 1
(14, 4)
(14, 3)
kaikki ok
Reitin pituus: 17
(8, 14)
(8, 15)
(9, 15)
(10, 15)
(10, 14)
(10, 13)
(11, 13)
(12, 13)
(13, 13)
(14, 13)
(14, 12)
(14, 11)
(14, 10)
(14, 9)
(14, 8)
(14, 7)
(14, 6)
(14, 5)
kaikki ok
Reitin pituus: 15
(16, 13)
(15, 13)
(14, 13)
(14, 14)
(14, 15)
(13, 15)
(12, 15)
(11, 15)
(10, 15)
(9, 15)
(8, 15)
(7, 15)
(6, 15)
(6, 16)
(6, 17)
(7, 17)
kaikki ok
Reitin pituus: 3
(2, 19)
(3, 19)
(4, 19)
(5, 19)
kaikki ok
Reitin pituus: 12
(4, 13)
(4, 12)
(4, 11)
(4, 10)
(4, 9)
(4, 8)
(4, 7)
(4, 6)
(4, 5)
(3, 5)
(2, 5)
(1, 5)
(1, 4)
kaikki ok
Reitin pituus: 14
(14, 8)
(14, 9)
(13, 9)
(12, 9)
(12, 10)
(12, 11)
(11, 11)
(10, 11)
(9, 11)
(8, 11)
(7, 11)
(6, 11)
(6, 12)
(6, 13)
(5, 13)
kaikki ok
Reitin pituus: 10
(10, 11)
(11, 11)
(12, 11)
(12, 12)
(12, 13)
(13, 13)
(14, 13)
(14, 14)
(14, 15)
(14, 16)
(14, 17)
kaikki ok
Reitin pituus: 6
(10, 3)
(11, 3)
(12, 3)
(13, 3)
(14, 3)
(14, 4)
(14, 5)
kaikki ok
Reitin pituus: 11
(7, 11)
(6, 11)
(6, 10)
(6, 9)
(6, 8)
(6, 7)
(7, 7)
(8, 7)
(9, 7)
(9, 8)
(9, 9)
(10, 9)
kaikki ok
Reitin pituus: 18
(10, 17)
(11, 17)
(12, 17)
(12, 16)
(12, 15)
(11, 15)
(10, 15)
(10, 14)
(10, 13)
(11, 13)
(12, 13)
(12, 12)
(12, 11)
(12, 10)
(12, 9)
(12, 8)
(12, 7)
(11, 7)
(10, 7)
kaikki ok
Reitin pituus: 13
(10, 7)
(11, 7)
(12, 7)
(12, 8)
(12, 9)
(13, 9)
(14, 9)
(14, 10)
(14, 11)
(14, 12)
(14, 13)
(14, 14)
(14, 15)
(13, 15)
kaikki ok
Reitin pituus: 10
(11, 11)
(10, 11)
(9, 11)
(8, 11)
(7, 11)
(6, 11)
(6, 10)
(6, 9)
(5, 9)
(4, 9)
(4, 8)
kaikki ok
Reitin pituus: 26
(8, 9)
(9, 9)
(9, 8)
(9, 7)
(10, 7)
(11, 7)
(12, 7)
(12, 8)
(12, 9)
(12, 10)
(12, 11)
(12, 12)
(12, 13)
(11, 13)
(10, 13)
(10, 14)
(10, 15)
(11, 15)
(12, 15)
(12, 16)
(12, 17)
(11, 17)
(10, 17)
(10, 18)
(10, 19)
(11, 19)
(12, 19)
kaikki ok
Reitin pituus: 25
(10, 3)
(9, 3)
(8, 3)
(7, 3)
(6, 3)
(5, 3)
(4, 3)
(4, 4)
(4, 5)
(4, 6)
(4, 7)
(4, 8)
(4, 9)
(4, 10)
(4, 11)
(4, 12)
(4, 13)
(4, 14)
(4, 15)
(4, 16)
(4, 17)
(3, 17)
(2, 17)
(1, 17)
(1, 18)
(1, 19)
kaikki ok
Reitin pituus: 24
(6, 5)
(7, 5)
(8, 5)
(8, 6)
(8, 7)
(7, 7)
(6, 7)
(6, 8)
(6, 9)
(6, 10)
(6, 11)
(6, 12)
(6, 13)
(7, 13)
(8, 13)
(8, 14)
(8, 15)
(9, 15)
(10, 15)
(11, 15)
(12, 15)
(12, 16)
(12, 17)
(11, 17)
(10, 17)
kaikki ok
Reitin pituus: 9
(12, 15)
(12, 16)
(12, 17)
(11, 17)
(10, 17)
(10, 18)
(10, 19)
(11, 19)
(12, 19)
(13, 19)
kaikki ok
Reitin pituus: 16
(1, 15)
(2, 15)
(2, 16)
(2, 17)
(1, 17)
(1, 18)
(1, 19)
(2, 19)
(3, 19)
(4, 19)
(5, 19)
(6, 19)
(7, 19)
(8, 19)
(9, 19)
(10, 19)
(10, 18)
kaikki ok
Reitin pituus: 14
(13, 19)
(12, 19)
(11, 19)
(10, 19)
(9, 19)
(8, 19)
(7, 19)
(6, 19)
(5, 19)
(4, 19)
(3, 19)
(2, 19)
(1, 19)
(1, 18)
(1, 17)
kaikki ok
Reitin pituus: 8
(13, 9)
(12, 9)
(12, 8)
(12, 7)
(11, 7)
(10, 7)
(9, 7)
(9, 8)
(9, 9)
kaikki ok
Reitin pituus: 5
(11, 19)
(10, 19)
(9, 19)
(8, 19)
(8, 18)
(8, 17)
kaikki ok
Reitin pituus: 3
(14, 13)
(13, 13)
(12, 13)
(11, 13)
kaikki ok
Reitin pituus: 17
(17, 18)
(17, 17)
(16, 17)
(15, 17)
(14, 17)
(14, 16)
(14, 15)
(14, 14)
(14, 13)
(14, 12)
(14, 11)
(14, 10)
(14, 9)
(14, 8)
(14, 7)
(14, 6)
(14, 5)
(14, 4)
kaikki ok
Reitin pituus: 19
(14, 4)
(14, 5)
(14, 6)
(14, 7)
(14, 8)
(14, 9)
(13, 9)
(12, 9)
(12, 10)
(12, 11)
(12, 12)
(12, 13)
(11, 13)
(10, 13)
(10, 14)
(10, 15)
(9, 15)
(8, 15)
(8, 14)
(8, 13)
kaikki ok
Reitin pituus: 17
(8, 1)
(8, 2)
(8, 3)
(9, 3)
(10, 3)
(11, 3)
(12, 3)
(13, 3)
(14, 3)
(14, 4)
(14, 5)
(14, 6)
(14, 7)
(14, 8)
(14, 9)
(13, 9)
(12, 9)
(12, 10)
kaikki ok
Reitin pituus: 18
(9, 11)
(8, 11)
(7, 11)
(6, 11)
(6, 10)
(6, 9)
(5, 9)
(4, 9)
(4, 8)
(4, 7)
(4, 6)
(4, 5)
(3, 5)
(2, 5)
(1, 5)
(1, 4)
(1, 3)
(1, 2)
(1, 1)
kaikki ok
Reitin pituus: 5
(7, 17)
(6, 17)
(6, 16)
(6, 15)
(5, 15)
(4, 15)
kaikki ok
Reitin pituus: 17
(8, 18)
(8, 19)
(9, 19)
(10, 19)
(10, 18)
(10, 17)
(11, 17)
(12, 17)
(12, 16)
(12, 15)
(13, 15)
(14, 15)
(14, 14)
(14, 13)
(14, 12)
(14, 11)
(14, 10)
(14, 9)
kaikki ok
Reitin pituus: 23
(4, 4)
(4, 5)
(4, 6)
(4, 7)
(4, 8)
(4, 9)
(5, 9)
(6, 9)
(6, 10)
(6, 11)
(7, 11)
(8, 11)
(9, 11)
(10, 11)
(11, 11)
(12, 11)
(12, 12)
(12, 13)
(13, 13)
(14, 13)
(15, 13)
(16, 13)
(17, 13)
(17, 14)
kaikki ok
Reitin pituus: 3
(16, 3)
(17, 3)
(17, 2)
(17, 1)
kaikki ok
Reitin pituus: 9
(9, 8)
(9, 7)
(8, 7)
(7, 7)
(6, 7)
(6, 8)
(6, 9)
(6, 10)
(6, 11)
(7, 11)
kaikki ok
Reitin pituus: 11
(10, 9)
(9, 9)
(9, 8)
(9, 7)
(10, 7)
(11, 7)
(12, 7)
(12, 8)
(12, 9)
(12, 10)
(12, 11)
(12, 12)
kaikki ok
Reitin pituus: 23
(10, 2)
(10, 3)
(9, 3)
(8, 3)
(7, 3)
(6, 3)
(5, 3)
(4, 3)
(4, 4)
(4, 5)
(4, 6)
(4, 7)
(4, 8)
(4, 9)
(4, 10)
(4, 11)
(4, 12)
(4, 13)
(4, 14)
(4, 15)
(5, 15)
(6, 15)
(6, 16)
(6, 17)
kaikki ok
Reitin pituus: 20
(4, 5)
(4, 6)
(4, 7)
(4, 8)
(4, 9)
(5, 9)
(6, 9)
(6, 10)
(6, 11)
(6, 12)
(6, 13)
(7, 13)
(8, 13)
(8, 14)
(8, 15)
(9, 15)
(10, 15)
(11, 15)
(12, 15)
(12, 16)
(12, 17)
kaikki ok
Reitin pituus: 26
(1, 18)
(1, 17)
(2, 17)
(3, 17)
(4, 17)
(4, 16)
(4, 15)
(4, 14)
(4, 13)
(4, 12)
(4, 11)
(4, 10)
(4, 9)
(4, 8)
(4, 7)
(4, 6)
(4, 5)
(4, 4)
(4, 3)
(5, 3)
(6, 3)
(7, 3)
(8, 3)
(9, 3)
(10, 3)
(10, 2)
(10, 1)
kaikki ok
Reitin pituus: 22
(3, 1)
(4, 1)
(4, 2)
(4, 3)
(4, 4)
(4, 5)
(4, 6)
(4, 7)
(4, 8)
(4, 9)
(5, 9)
(6, 9)
(6, 10)
(6, 11)
(7, 11)
(8, 11)
(9, 11)
(10, 11)
(11, 11)
(12, 11)
(12, 12)
(12, 13)
(13, 13)
kaikki ok
Reitin pituus: 3
(8, 17)
(8, 18)
(8, 19)
(7, 19)
kaikki ok
Reitin pituus: 8
(4, 16)
(4, 15)
(5, 15)
(6, 15)
(6, 16)
(6, 17)
(7, 17)
(8, 17)
(8, 18)
kaikki ok
Reitin pituus: 9
(4, 11)
(4, 10)
(4, 9)
(4, 8)
(4, 7)
(4, 6)
(4, 5)
(4, 4)
(4, 3)
(4, 2)
kaikki ok
Reitin pituus: 16
(4, 7)
(4, 6)
(4, 5)
(4, 4)
(4, 3)
(5, 3)
(6, 3)
(7, 3)
(8, 3)
(9, 3)
(10, 3)
(11, 3)
(12, 3)
(13, 3)
(14, 3)
(15, 3)
(16, 3)
kaikki ok
Reitin pituus: 0
(1, 18)
kaikki ok
Reitin pituus: 12
(7, 19)
(8, 19)
(9, 19)
(10, 19)
(10, 18)
(10, 17)
(11, 17)
(12, 17)
(12, 16)
(12, 15)
(11, 15)
(10, 15)
(10, 14)
kaikki ok
Reitin pituus: 9
(6, 7)
(7, 7)
(8, 7)
(8, 6)
(8, 5)
(7, 5)
(6, 5)
(6, 4)
(6, 3)
(5, 3)
kaikki ok
Reitin pituus: 18
(5, 13)
(4, 13)
(4, 12)
(4, 11)
(4, 10)
(4, 9)
(4, 8)
(4, 7)
(4, 6)
(4, 5)
(4, 4)
(4, 3)
(5, 3)
(6, 3)
(7, 3)
(8, 3)
(9, 3)
(10, 3)
(10, 2)
kaikki ok
Reitin pituus: 10
(9, 8)
(9, 7)
(10, 7)
(11, 7)
(12, 7)
(12, 8)
(12, 9)
(12, 10)
(12, 11)
(12, 12)
(12, 13)
kaikki ok
Reitin pituus: 21
(16, 17)
(15, 17)
(14, 17)
(14, 16)
(14, 15)
(13, 15)
(12, 15)
(11, 15)
(10, 15)
(9, 15)
(8, 15)
(8, 14)
(8, 13)
(7, 13)
(6, 13)
(6, 12)
(6, 11)
(6, 10)
(6, 9)
(5, 9)
(4, 9)
(4, 8)
kaikki ok
Reitin pituus: 22
(12, 9)
(12, 10)
(12, 11)
(12, 12)
(12, 13)
(11, 13)
(10, 13)
(10, 14)
(10, 15)
(9, 15)
(8, 15)
(7, 15)
(6, 15)
(5, 15)
(4, 15)
(4, 16)
(4, 17)
(3, 17)
(2, 17)
(1, 17)
(1, 18)
(1, 19)
(2, 19)
kaikki ok
Reitin pituus: 10
(13, 1)
(12, 1)
(11, 1)
(10, 1)
(10, 2)
(10, 3)
(9, 3)
(8, 3)
(7, 3)
(6, 3)
(5, 3)
kaikki ok
Reitin pituus: 11
(17, 1)
(17, 2)
(17, 3)
(17, 4)
(17, 5)
(16, 5)
(15, 5)
(14, 5)
(14, 6)
(14, 7)
(14, 8)
(14, 9)
kaikki ok
Reitin pituus: 10
(14, 15)
(14, 14)
(14, 13)
(14, 12)
(14, 11)
(14, 10)
(14, 9)
(14, 8)
(14, 7)
(14, 6)
(14, 5)
kaikki ok
Reitin pituus: 14
(14, 6)
(14, 7)
(14, 8)
(14, 9)
(14, 10)
(14, 11)
(14, 12)
(14, 13)
(14, 14)
(14, 15)
(13, 15)
(12, 15)
(12, 16)
(12, 17)
(11, 17)
kaikki ok
Reitin pituus: 9
(7, 1)
(6, 1)
(5, 1)
(4, 1)
(4, 2)
(4, 3)
(3, 3)
(2, 3)
(1, 3)
(1, 4)
kaikki ok
Reitin pituus: 22
(12, 3)
(12, 4)
(12, 5)
(11, 5)
(10, 5)
(10, 6)
(10, 7)
(9, 7)
(8, 7)
(7, 7)
(6, 7)
(6, 8)
(6, 9)
(6, 10)
(6, 11)
(6, 12)
(6, 13)
(5, 13)
(4, 13)
(4, 14)
(4, 15)
(4, 16)
(4, 17)
kaikki ok
Reitin pituus: 7
(14, 4)
(14, 5)
(14, 6)
(14, 7)
(14, 8)
(14, 9)
(13, 9)
(12, 9)
kaikki ok
Reitin pituus: 17
(4, 17)
(4, 16)
(4, 15)
(4, 14)
(4, 13)
(5, 13)
(6, 13)
(6, 12)
(6, 11)
(6, 10)
(6, 9)
(6, 8)
(6, 7)
(7, 7)
(8, 7)
(9, 7)
(9, 8)
(9, 9)
kaikki ok
Reitin pituus: 15
(8, 14)
(8, 15)
(9, 15)
(10, 15)
(10, 14)
(10, 13)
(11, 13)
(12, 13)
(13, 13)
(14, 13)
(14, 12)
(14, 11)
(14, 10)
(14, 9)
(14, 8)
(14, 7)
kaikki ok
Reitin pituus: 11
(2, 16)
(2, 17)
(3, 17)
(4, 17)
(4, 16)
(4, 15)
(5, 15)
(6, 15)
(6, 16)
(6, 17)
(7, 17)
(8, 17)
kaikki ok
Reitin pituus: 10
(8, 15)
(9, 15)
(10, 15)
(11, 15)
(12, 15)
(13, 15)
(14, 15)
(14, 14)
(14, 13)
(15, 13)
(16, 13)
kaikki ok
Reitin pituus: 13
(14, 14)
(14, 13)
(14, 12)
(14, 11)
(14, 10)
(14, 9)
(14, 8)
(14, 7)
(14, 6)
(14, 5)
(14, 4)
(14, 3)
(13, 3)
(12, 3)
kaikki ok
Reitin pituus: 18
(17, 4)
(17, 5)
(16, 5)
(15, 5)
(14, 5)
(14, 6)
(14, 7)
(14, 8)
(14, 9)
(13, 9)
(12, 9)
(12, 10)
(12, 11)
(12, 12)
(12, 13)
(11, 13)
(10, 13)
(10, 14)
(10, 15)
kaikki ok
Reitin pituus: 12
(6, 8)
(6, 9)
(5, 9)
(4, 9)
(4, 8)
(4, 7)
(4, 6)
(4, 5)
(4, 4)
(4, 3)
(4, 2)
(4, 1)
(5, 1)
kaikki ok
Reitin pituus: 18
(5, 1)
(4, 1)
(4, 2)
(4, 3)
(4, 4)
(4, 5)
(4, 6)
(4, 7)
(4, 8)
(4, 9)
(4, 10)
(4, 11)
(4, 12)
(4, 13)
(4, 14)
(4, 15)
(5, 15)
(6, 15)
(6, 16)
kaikki ok
Reitin pituus: 14
(10, 19)
(10, 18)
(10, 17)
(11, 17)
(12, 17)
(12, 16)
(12, 15)
(13, 15)
(14, 15)
(14, 14)
(14, 13)
(14, 12)
(14, 11)
(14, 10)
(14, 9)
kaikki ok
Reitin pituus: 24
(11, 19)
(10, 19)
(10, 18)
(10, 17)
(11, 17)
(12, 17)
(12, 16)
(12, 15)
(13, 15)
(14, 15)
(14, 14)
(14, 13)
(14, 12)
(14, 11)
(14, 10)
(14, 9)
(14, 8)
(14, 7)
(14, 6)
(14, 5)
(14, 4)
(14, 3)
(13, 3)
(12, 3)
(12, 4)
kaikki ok
Reitin pituus: 17
(10, 9)
(9, 9)
(9, 8)
(9, 7)
(10, 7)
(10, 6)
(10, 5)
(11, 5)
(12, 5)
(12, 4)
(12, 3)
(13, 3)
(14, 3)
(15, 3)
(16, 3)
(17, 3)
(17, 2)
(17, 1)
kaikki ok
Reitin pituus: 27
(2, 1)
(3, 1)
(4, 1)
(4, 2)
(4, 3)
(4, 4)
(4, 5)
(4, 6)
(4, 7)
(4, 8)
(4, 9)
(4, 10)
(4, 11)
(4, 12)
(4, 13)
(4, 14)
(4, 15)
(5, 15)
(6, 15)
(6, 16)
(6, 17)
(7, 17)
(8, 17)
(8, 18)
(8, 19)
(9, 19)
(10, 19)
(11, 19)
kaikki ok
Reitin pituus: 15
(3, 1)
(4, 1)
(4, 2)
(4, 3)
(5, 3)
(6, 3)
(6, 4)
(6, 5)
(7, 5)
(8, 5)
(8, 6)
(8, 7)
(9, 7)
(10, 7)
(11, 7)
(12, 7)
kaikki ok
Reitin pituus: 28
(4, 4)
(4, 5)
(4, 6)
(4, 7)
(4, 8)
(4, 9)
(5, 9)
(6, 9)
(6, 10)
(6, 11)
(6, 12)
(6, 13)
(7, 13)
(8, 13)
(8, 14)
(8, 15)
(9, 15)
(10, 15)
(11, 15)
(12, 15)
(13, 15)
(14, 15)
(14, 16)
(14, 17)
(15, 17)
(16, 17)
(17, 17)
(17, 18)
(17, 19)
kaikki ok
Reitin pituus: 21
(7, 19)
(8, 19)
(8, 18)
(8, 17)
(7, 17)
(6, 17)
(6, 16)
(6, 15)
(5, 15)
(4, 15)
(4, 14)
(4, 13)
(4, 12)
(4, 11)
(4, 10)
(4, 9)
(4, 8)
(4, 7)
(4, 6)
(4, 5)
(3, 5)
(2, 5)
kaikki ok
Reitin pituus: 12
(6, 13)
(6, 12)
(6, 11)
(7, 11)
(8, 11)
(9, 11)
(10, 11)
(11, 11)
(12, 11)
(12, 10)
(12, 9)
(13, 9)
(14, 9)
kaikki ok
Reitin pituus: 9
(14, 4)
(14, 3)
(13, 3)
(12, 3)
(12, 4)
(12, 5)
(11, 5)
(10, 5)
(10, 6)
(10, 7)
kaikki ok
Reitin pituus: 9
(6, 10)
(6, 9)
(6, 8)
(6, 7)
(7, 7)
(8, 7)
(9, 7)
(10, 7)
(10, 6)
(10, 5)
kaikki ok
Reitin pituus: 14
(8, 9)
(9, 9)
(9, 8)
(9, 7)
(10, 7)
(10, 6)
(10, 5)
(11, 5)
(12, 5)
(12, 4)
(12, 3)
(13, 3)
(14, 3)
(15, 3)
(16, 3)
kaikki ok
Reitin pituus: 20
(8, 1)
(8, 2)
(8, 3)
(9, 3)
(10, 3)
(11, 3)
(12, 3)
(13, 3)
(14, 3)
(14, 4)
(14, 5)
(14, 6)
(14, 7)
(14, 8)
(14, 9)
(14, 10)
(14, 11)
(14, 12)
(14, 13)
(15, 13)
(16, 13)
kaikki ok
Reitin pituus: 3
(2, 5)
(1, 5)
(1, 4)
(1, 3)
kaikki ok
Reitin pituus: 12
(8, 7)
(9, 7)
(10, 7)
(11, 7)
(12, 7)
(12, 8)
(12, 9)
(12, 10)
(12, 11)
(12, 12)
(12, 13)
(11, 13)
(10, 13)
kaikki ok
Reitin pituus: 6
(5, 3)
(6, 3)
(7, 3)
(8, 3)
(9, 3)
(10, 3)
(11, 3)
kaikki ok
Reitin pituus: 17
(17, 15)
(17, 14)
(17, 13)
(16, 13)
(15, 13)
(14, 13)
(14, 12)
(14, 11)
(14, 10)
(14, 9)
(14, 8)
(14, 7)
(14, 6)
(14, 5)
(14, 4)
(14, 3)
(15, 3)
(16, 3)
kaikki ok
Reitin pituus: 23
(7, 17)
(6, 17)
(6, 16)
(6, 15)
(7, 15)
(8, 15)
(9, 15)
(10, 15)
(10, 14)
(10, 13)
(11, 13)
(12, 13)
(12, 12)
(12, 11)
(12, 10)
(12, 9)
(13, 9)
(14, 9)
(14, 8)
(14, 7)
(14, 6)
(14, 5)
(14, 4)
(14, 3)
kaikki ok
Reitin pituus: 22
(6, 17)
(6, 16)
(6, 15)
(5, 15)
(4, 15)
(4, 14)
(4, 13)
(4, 12)
(4, 11)
(4, 10)
(4, 9)
(4, 8)
(4, 7)
(4, 6)
(4, 5)
(4, 4)
(4, 3)
(4, 2)
(4, 1)
(5, 1)
(6, 1)
(7, 1)
(8, 1)
kaikki ok
Reitin pituus: 13
(14, 3)
(13, 3)
(12, 3)
(11, 3)
(10, 3)
(9, 3)
(8, 3)
(7, 3)
(6, 3)
(5, 3)
(4, 3)
(4, 4)
(4, 5)
(3, 5)
kaikki ok
Reitin pituus: 3
(6, 13)
(5, 13)
(4, 13)
(3, 13)
kaikki ok
Reitin pituus: 10
(15, 13)
(14, 13)
(13, 13)
(12, 13)
(12, 12)
(12, 11)
(12, 10)
(12, 9)
(12, 8)
(12, 7)
(11, 7)
kaikki ok
Reitin pituus: 15
(8, 6)
(8, 7)
(9, 7)
(10, 7)
(11, 7)
(12, 7)
(12, 8)
(12, 9)
(12, 10)
(12, 11)
(12, 12)
(12, 13)
(13, 13)
(14, 13)
(14, 14)
(14, 15)
kaikki ok
Reitin pituus: 2
(14, 6)
(14, 7)
(14, 8)
kaikki ok
Reitin pituus: 16
(12, 5)
(11, 5)
(10, 5)
(10, 6)
(10, 7)
(11, 7)
(12, 7)
(12, 8)
(12, 9)
(13, 9)
(14, 9)
(14, 10)
(14, 11)
(14, 12)
(14, 13)
(15, 13)
(16, 13)
kaikki ok
Reitin pituus: 21
(3, 13)
(4, 13)
(4, 12)
(4, 11)
(4, 10)
(4, 9)
(4, 8)
(4, 7)
(4, 6)
(4, 5)
(4, 4)
(4, 3)
(5, 3)
(6, 3)
(7, 3)
(8, 3)
(9, 3)
(10, 3)
(10, 2)
(10, 1)
(11, 1)
(12, 1)
kaikki ok
Reitin pituus: 14
(5, 19)
(6, 19)
(7, 19)
(8, 19)
(8, 18)
(8, 17)
(7, 17)
(6, 17)
(6, 16)
(6, 15)
(7, 15)
(8, 15)
(9, 15)
(10, 15)
(10, 14)
kaikki ok
Reitin pituus: 30
(2, 15)
(1, 15)
(1, 14)
(1, 13)
(2, 13)
(3, 13)
(4, 13)
(5, 13)
(6, 13)
(6, 12)
(6, 11)
(6, 10)
(6, 9)
(6, 8)
(6, 7)
(7, 7)
(8, 7)
(9, 7)
(10, 7)
(10, 6)
(10, 5)
(11, 5)
(12, 5)
(12, 4)
(12, 3)
(13, 3)
(14, 3)
(15, 3)
(16, 3)
(17, 3)
(17, 2)
kaikki ok
Reitin pituus: 10
(6, 5)
(7, 5)
(8, 5)
(8, 6)
(8, 7)
(7, 7)
(6, 7)
(6, 8)
(6, 9)
(6, 10)
(6, 11)
kaikki ok
Reitin pituus: 16
(7, 11)
(6, 11)
(6, 10)
(6, 9)
(5, 9)
(4, 9)
(4, 8)
(4, 7)
(4, 6)
(4, 5)
(4, 4)
(4, 3)
(3, 3)
(2, 3)
(1, 3)
(1, 2)
(1, 1)
kaikki ok
Reitin pituus: 21
(17, 4)
(17, 5)
(16, 5)
(15, 5)
(14, 5)
(14, 6)
(14, 7)
(14, 8)
(14, 9)
(13, 9)
(12, 9)
(12, 10)
(12, 11)
(12, 12)
(12, 13)
(11, 13)
(10, 13)
(10, 14)
(10, 15)
(9, 15)
(8, 15)
(7, 15)
kaikki ok
Reitin pituus: 23
(14, 4)
(14, 5)
(14, 6)
(14, 7)
(14, 8)
(14, 9)
(13, 9)
(12, 9)
(12, 10)
(12, 11)
(12, 12)
(12, 13)
(11, 13)
(10, 13)
(10, 14)
(10, 15)
(9, 15)
(8, 15)
(7, 15)
(6, 15)
(6, 16)
(6, 17)
(7, 17)
(8, 17)
kaikki ok
Reitin pituus: 27
(7, 19)
(8, 19)
(9, 19)
(10, 19)
(10, 18)
(10, 17)
(11, 17)
(12, 17)
(12, 16)
(12, 15)
(13, 15)
(14, 15)
(14, 14)
(14, 13)
(14, 12)
(14, 11)
(14, 10)
(14, 9)
(14, 8)
(14, 7)
(14, 6)
(14, 5)
(14, 4)
(14, 3)
(14, 2)
(14, 1)
(15, 1)
(16, 1)
kaikki ok
Reitin pituus: 10
(10, 18)
(10, 19)
(11, 19)
(12, 19)
(13, 19)
(14, 19)
(15, 19)
(16, 19)
(17, 19)
(17, 18)
(17, 17)
kaikki ok
Reitin pituus: 21
(4, 1)
(4, 2)
(4, 3)
(5, 3)
(6, 3)
(6, 4)
(6, 5)
(7, 5)
(8, 5)
(8, 6)
(8, 7)
(9, 7)
(10, 7)
(11, 7)
(12, 7)
(12, 8)
(12, 9)
(12, 10)
(12, 11)
(12, 12)
(12, 13)
(13, 13)
kaikki ok
Reitin pituus: 5
(12, 9)
(12, 10)
(12, 11)
(11, 11)
(10, 11)
(9, 11)
kaikki ok
Reitin pituus: 12
(8, 19)
(9, 19)
(10, 19)
(10, 18)
(10, 17)
(11, 17)
(12, 17)
(12, 16)
(12, 15)
(11, 15)
(10, 15)
(10, 14)
(10, 13)
kaikki ok
Reitin pituus: 29
(1, 18)
(1, 17)
(2, 17)
(3, 17)
(4, 17)
(4, 16)
(4, 15)
(4, 14)
(4, 13)
(4, 12)
(4, 11)
(4, 10)
(4, 9)
(4, 8)
(4, 7)
(4, 6)
(4, 5)
(4, 4)
(4, 3)
(5, 3)
(6, 3)
(7, 3)
(8, 3)
(9, 3)
(10, 3)
(11, 3)
(12, 3)
(13, 3)
(14, 3)
(15, 3)
kaikki ok
Reitin pituus: 11
(8, 11)
(9, 11)
(10, 11)
(11, 11)
(12, 11)
(12, 10)
(12, 9)
(13, 9)
(14, 9)
(14, 8)
(14, 7)
(14, 6)
kaikki ok
Reitin pituus: 11
(6, 5)
(6, 4)
(6, 3)
(7, 3)
(8, 3)
(9, 3)
(10, 3)
(10, 2)
(10, 1)
(11, 1)
(12, 1)
(13, 1)
kaikki ok
Reitin pituus: 11
(10, 6)
(10, 7)
(9, 7)
(8, 7)
(7, 7)
(6, 7)
(6, 8)
(6, 9)
(5, 9)
(4, 9)
(4, 10)
(4, 11)
kaikki ok
Reitin pituus: 8
(8, 9)
(9, 9)
(9, 8)
(9, 7)
(8, 7)
(8, 6)
(8, 5)
(7, 5)
(6, 5)
kaikki ok
Reitin pituus: 16
(4, 3)
(5, 3)
(6, 3)
(6, 4)
(6, 5)
(7, 5)
(8, 5)
(8, 6)
(8, 7)
(9, 7)
(10, 7)
(11, 7)
(12, 7)
(12, 8)
(12, 9)
(12, 10)
(12, 11)
kaikki ok
Reitin pituus: 5
(8, 13)
(8, 14)
(8, 15)
(9, 15)
(10, 15)
(10, 14)
kaikki ok
Reitin pituus: 8
(6, 9)
(6, 10)
(6, 11)
(6, 12)
(6, 13)
(7, 13)
(8, 13)
(8, 14)
(8, 15)
kaikki ok
Reitin pituus: 16
(6, 16)
(6, 15)
(5, 15)
(4, 15)
(4, 14)
(4, 13)
(4, 12)
(4, 11)
(4, 10)
(4, 9)
(5, 9)
(6, 9)
(6, 8)
(6, 7)
(7, 7)
(8, 7)
(8, 6)
kaikki ok
Reitin pituus: 29
(16, 16)
(16, 17)
(15, 17)
(14, 17)
(14, 16)
(14, 15)
(13, 15)
(12, 15)
(11, 15)
(10, 15)
(9, 15)
(8, 15)
(7, 15)
(6, 15)
(5, 15)
(4, 15)
(4, 14)
(4, 13)
(4, 12)
(4, 11)
(4, 10)
(4, 9)
(4, 8)
(4, 7)
(4, 6)
(4, 5)
(4, 4)
(4, 3)
(4, 2)
(4, 1)
kaikki ok
Reitin pituus: 17
(4, 7)
(4, 8)
(4, 9)
(5, 9)
(6, 9)
(6, 8)
(6, 7)
(7, 7)
(8, 7)
(9, 7)
(10, 7)
(11, 7)
(12, 7)
(12, 8)
(12, 9)
(13, 9)
(14, 9)
(14, 10)
kaikki ok
Reitin pituus: 11
(15, 3)
(14, 3)
(13, 3)
(12, 3)
(12, 4)
(12, 5)
(11, 5)
(10, 5)
(10, 6)
(10, 7)
(9, 7)
(8, 7)
kaikki ok
Reitin pituus: 13
(5, 1)
(6, 1)
(7, 1)
(8, 1)
(8, 2)
(8, 3)
(9, 3)
(10, 3)
(11, 3)
(12, 3)
(13, 3)
(14, 3)
(14, 2)
(14, 1)
kaikki ok
Reitin pituus: 13
(8, 14)
(8, 15)
(9, 15)
(10, 15)
(11, 15)
(12, 15)
(12, 16)
(12, 17)
(11, 17)
(10, 17)
(10, 18)
(10, 19)
(11, 19)
(12, 19)
kaikki ok
Reitin pituus: 20
(17, 19)
(17, 18)
(17, 17)
(16, 17)
(15, 17)
(14, 17)
(14, 16)
(14, 15)
(13, 15)
(12, 15)
(11, 15)
(10, 15)
(9, 15)
(8, 15)
(7, 15)
(6, 15)
(5, 15)
(4, 15)
(4, 16)
(4, 17)
(3, 17)
kaikki ok
Reitin pituus: 11
(12, 11)
(12, 12)
(12, 13)
(13, 13)
(14, 13)
(14, 14)
(14, 15)
(14, 16)
(14, 17)
(15, 17)
(16, 17)
(16, 16)
kaikki ok
Reitin pituus: 5
(10, 7)
(10, 6)
(10, 5)
(11, 5)
(12, 5)
(12, 4)
kaikki ok
Reitin pituus: 15
(8, 9)
(9, 9)
(9, 8)
(9, 7)
(8, 7)
(8, 6)
(8, 5)
(7, 5)
(6, 5)
(6, 4)
(6, 3)
(5, 3)
(4, 3)
(4, 2)
(4, 1)
(5, 1)
kaikki ok
Reitin pituus: 12
(6, 4)
(6, 5)
(7, 5)
(8, 5)
(8, 6)
(8, 7)
(7, 7)
(6, 7)
(6, 8)
(6, 9)
(6, 10)
(6, 11)
(7, 11)
kaikki ok
Reitin pituus: 15
(10, 19)
(10, 18)
(10, 17)
(11, 17)
(12, 17)
(12, 16)
(12, 15)
(11, 15)
(10, 15)
(10, 14)
(10, 13)
(11, 13)
(12, 13)
(12, 12)
(12, 11)
(12, 10)
kaikki ok
Reitin pituus: 7
(12, 4)
(12, 5)
(11, 5)
(10, 5)
(10, 6)
(10, 7)
(11, 7)
(12, 7)
kaikki ok
Reitin pituus: 31
(17, 17)
(16, 17)
(15, 17)
(14, 17)
(14, 16)
(14, 15)
(13, 15)
(12, 15)
(11, 15)
(10, 15)
(9, 15)
(8, 15)
(8, 14)
(8, 13)
(7, 13)
(6, 13)
(6, 12)
(6, 11)
(6, 10)
(6, 9)
(5, 9)
(4, 9)
(4, 8)
(4, 7)
(4, 6)
(4, 5)
(4, 4)
(4, 3)
(3, 3)
(2, 3)
(1, 3)
(1, 2)
kaikki ok
Reitin pituus: 25
(14, 15)
(14, 14)
(14, 13)
(14, 12)
(14, 11)
(14, 10)
(14, 9)
(14, 8)
(14, 7)
(14, 6)
(14, 5)
(14, 4)
(14, 3)
(13, 3)
(12, 3)
(11, 3)
(10, 3)
(9, 3)
(8, 3)
(8, 2)
(8, 1)
(7, 1)
(6, 1)
(5, 1)
(4, 1)
(3, 1)
kaikki ok
Reitin pituus: 13
(16, 1)
(15, 1)
(14, 1)
(14, 2)
(14, 3)
(13, 3)
(12, 3)
(12, 4)
(12, 5)
(11, 5)
(10, 5)
(10, 6)
(10, 7)
(9, 7)
kaikki ok
Reitin pituus: 16
(5, 19)
(6, 19)
(7, 19)
(8, 19)
(8, 18)
(8, 17)
(7, 17)
(6, 17)
(6, 16)
(6, 15)
(5, 15)
(4, 15)
(4, 14)
(4, 13)
(5, 13)
(6, 13)
(6, 12)
kaikki ok
Reitin pituus: 12
(6, 3)
(7, 3)
(8, 3)
(9, 3)
(10, 3)
(11, 3)
(12, 3)
(13, 3)
(14, 3)
(15, 3)
(16, 3)
(17, 3)
(17, 4)
kaikki ok
Reitin pituus: 24
(13, 19)
(12, 19)
(11, 19)
(10, 19)
(10, 18)
(10, 17)
(11, 17)
(12, 17)
(12, 16)
(12, 15)
(13, 15)
(14, 15)
(14, 14)
(14, 13)
(14, 12)
(14, 11)
(14, 10)
(14, 9)
(14, 8)
(14, 7)
(14, 6)
(14, 5)
(14, 4)
(14, 3)
(15, 3)
kaikki ok
Reitin pituus: 11
(6, 11)
(6, 12)
(6, 13)
(7, 13)
(8, 13)
(8, 14)
(8, 15)
(9, 15)
(10, 15)
(11, 15)
(12, 15)
(12, 16)
kaikki ok
Reitin pituus: 5
(14, 2)
(14, 1)
(13, 1)
(12, 1)
(11, 1)
(10, 1)
kaikki ok
Reitin pituus: 6
(8, 13)
(7, 13)
(6, 13)
(6, 12)
(6, 11)
(6, 10)
(6, 9)
kaikki ok
Reitin pituus: 25
(14, 3)
(13, 3)
(12, 3)
(12, 4)
(12, 5)
(11, 5)
(10, 5)
(10, 6)
(10, 7)
(9, 7)
(8, 7)
(7, 7)
(6, 7)
(6, 8)
(6, 9)
(6, 10)
(6, 11)
(6, 12)
(6, 13)
(5, 13)
(4, 13)
(4, 14)
(4, 15)
(4, 16)
(4, 17)
(3, 17)
kaikki ok
Reitin pituus: 17
(6, 13)
(5, 13)
(4, 13)
(4, 12)
(4, 11)
(4, 10)
(4, 9)
(4, 8)
(4, 7)
(4, 6)
(4, 5)
(4, 4)
(4, 3)
(4, 2)
(4, 1)
(5, 1)
(6, 1)
(7, 1)
kaikki ok
Reitin pituus: 6
(10, 1)
(11, 1)
(12, 1)
(13, 1)
(14, 1)
(15, 1)
(16, 1)
kaikki ok
Reitin pituus: 2
(16, 3)
(15, 3)
(14, 3)
kaikki ok
Reitin pituus: 8
(16, 13)
(15, 13)
(14, 13)
(14, 12)
(14, 11)
(14, 10)
(14, 9)
(14, 8)
(14, 7)
kaikki ok
Reitin pituus: 15
(12, 1)
(13, 1)
(14, 1)
(14, 2)
(14, 3)
(14, 4)
(14, 5)
(14, 6)
(14, 7)
(14, 8)
(14, 9)
(14, 10)
(14, 11)
(14, 12)
(14, 13)
(14, 14)
kaikki ok
Reitin pituus: 18
(9, 15)
(10, 15)
(10, 14)
(10, 13)
(11, 13)
(12, 13)
(12, 12)
(12, 11)
(12, 10)
(12, 9)
(13, 9)
(14, 9)
(14, 8)
(14, 7)
(14, 6)
(14, 5)
(14, 4)
(14, 3)
(13, 3)
kaikki ok
Reitin pituus: 25
(9, 3)
(10, 3)
(11, 3)
(12, 3)
(13, 3)
(14, 3)
(14, 4)
(14, 5)
(14, 6)
(14, 7)
(14, 8)
(14, 9)
(14, 10)
(14, 11)
(14, 12)
(14, 13)
(14, 14)
(14, 15)
(14, 16)
(14, 17)
(15, 17)
(16, 17)
(17, 17)
(17, 18)
(17, 19)
(16, 19)
kaikki ok
Reitin pituus: 21
(16, 13)
(15, 13)
(14, 13)
(13, 13)
(12, 13)
(12, 12)
(12, 11)
(11, 11)
(10, 11)
(9, 11)
(8, 11)
(7, 11)
(6, 11)
(6, 10)
(6, 9)
(5, 9)
(4, 9)
(4, 8)
(4, 7)
(4, 6)
(4, 5)
(4, 4)
kaikki ok
Reitin pituus: 21
(1, 17)
(2, 17)
(3, 17)
(4, 17)
(4, 16)
(4, 15)
(4, 14)
(4, 13)
(4, 12)
(4, 11)
(4, 10)
(4, 9)
(4, 8)
(4, 7)
(4, 6)
(4, 5)
(4, 4)
(4, 3)
(5, 3)
(6, 3)
(7, 3)
(8, 3)
kaikki ok
Reitin pituus: 17
(8, 17)
(8, 18)
(8, 19)
(9, 19)
(10, 19)
(11, 19)
(12, 19)
(13, 19)
(14, 19)
(15, 19)
(16, 19)
(17, 19)
(17, 18)
(17, 17)
(16, 17)
(16, 16)
(16, 15)
(17, 15)
kaikki ok
Reitin pituus: 14
(8, 5)
(8, 6)
(8, 7)
(7, 7)
(6, 7)
(6, 8)
(6, 9)
(6, 10)
(6, 11)
(6, 12)
(6, 13)
(5, 13)
(4, 13)
(4, 14)
(4, 15)
kaikki ok
Reitin pituus: 26
(4, 4)
(4, 5)
(4, 6)
(4, 7)
(4, 8)
(4, 9)
(5, 9)
(6, 9)
(6, 10)
(6, 11)
(6, 12)
(6, 13)
(7, 13)
(8, 13)
(8, 14)
(8, 15)
(9, 15)
(10, 15)
(11, 15)
(12, 15)
(13, 15)
(14, 15)
(14, 16)
(14, 17)
(15, 17)
(16, 17)
(17, 17)
kaikki ok
Reitin pituus: 18
(14, 17)
(14, 16)
(14, 15)
(14, 14)
(14, 13)
(14, 12)
(14, 11)
(14, 10)
(14, 9)
(14, 8)
(14, 7)
(14, 6)
(14, 5)
(14, 4)
(14, 3)
(15, 3)
(16, 3)
(17, 3)
(17, 2)
kaikki ok
Reitin pituus: 17
(2, 16)
(2, 17)
(3, 17)
(4, 17)
(4, 16)
(4, 15)
(4, 14)
(4, 13)
(5, 13)
(6, 13)
(6, 12)
(6, 11)
(6, 10)
(6, 9)
(6, 8)
(6, 7)
(7, 7)
(8, 7)
kaikki ok
Reitin pituus: 18
(14, 12)
(14, 11)
(14, 10)
(14, 9)
(14, 8)
(14, 7)
(14, 6)
(14, 5)
(14, 4)
(14, 3)
(13, 3)
(12, 3)
(11, 3)
(10, 3)
(9, 3)
(8, 3)
(7, 3)
(6, 3)
(5, 3)
kaikki ok
Reitin pituus: 9
(6, 19)
(5, 19)
(4, 19)
(3, 19)
(2, 19)
(1, 19)
(1, 18)
(1, 17)
(2, 17)
(3, 17)
kaikki ok
Reitin pituus: 16
(17, 2)
(17, 3)
(17, 4)
(17, 5)
(16, 5)
(15, 5)
(14, 5)
(14, 6)
(14, 7)
(14, 8)
(14, 9)
(13, 9)
(12, 9)
(12, 10)
(12, 11)
(12, 12)
(12, 13)
kaikki ok
Reitin pituus: 23
(15, 1)
(14, 1)
(14, 2)
(14, 3)
(14, 4)
(14, 5)
(14, 6)
(14, 7)
(14, 8)
(14, 9)
(13, 9)
(12, 9)
(12, 10)
(12, 11)
(12, 12)
(12, 13)
(11, 13)
(10, 13)
(10, 14)
(10, 15)
(9, 15)
(8, 15)
(7, 15)
(6, 15)
kaikki ok
Reitin pituus: 18
(8, 5)
(8, 6)
(8, 7)
(7, 7)
(6, 7)
(6, 8)
(6, 9)
(6, 10)
(6, 11)
(6, 12)
(6, 13)
(5, 13)
(4, 13)
(4, 14)
(4, 15)
(5, 15)
(6, 15)
(6, 16)
(6, 17)
kaikki ok
Reitin pituus: 12
(13, 13)
(12, 13)
(12, 12)
(12, 11)
(11, 11)
(10, 11)
(9, 11)
(8, 11)
(7, 11)
(6, 11)
(6, 10)
(6, 9)
(5, 9)
kaikki ok
Reitin pituus: 18
(15, 5)
(14, 5)
(14, 4)
(14, 3)
(13, 3)
(12, 3)
(11, 3)
(10, 3)
(9, 3)
(8, 3)
(7, 3)
(6, 3)
(5, 3)
(4, 3)
(4, 4)
(4, 5)
(3, 5)
(2, 5)
(1, 5)
kaikki ok
Reitin pituus: 11
(4, 11)
(4, 10)
(4, 9)
(4, 8)
(4, 7)
(4, 6)
(4, 5)
(4, 4)
(4, 3)
(4, 2)
(4, 1)
(3, 1)
kaikki ok
Reitin pituus: 30
(15, 1)
(14, 1)
(14, 2)
(14, 3)
(13, 3)
(12, 3)
(12, 4)
(12, 5)
(11, 5)
(10, 5)
(10, 6)
(10, 7)
(9, 7)
(8, 7)
(7, 7)
(6, 7)
(6, 8)
(6, 9)
(6, 10)
(6, 11)
(6, 12)
(6, 13)
(5, 13)
(4, 13)
(4, 14)
(4, 15)
(4, 16)
(4, 17)
(3, 17)
(2, 17)
(1, 17)
kaikki ok
Reitin pituus: 7
(15, 5)
(14, 5)
(14, 6)
(14, 7)
(14, 8)
(14, 9)
(14, 10)
(14, 11)
kaikki ok
Reitin pituus: 18
(7, 3)
(6, 3)
(6, 4)
(6, 5)
(7, 5)
(8, 5)
(8, 6)
(8, 7)
(9, 7)
(10, 7)
(11, 7)
(12, 7)
(12, 8)
(12, 9)
(12, 10)
(12, 11)
(12, 12)
(12, 13)
(11, 13)
kaikki ok
Reitin pituus: 21
(2, 17)
(3, 17)
(4, 17)
(4, 16)
(4, 15)
(4, 14)
(4, 13)
(4, 12)
(4, 11)
(4, 10)
(4, 9)
(4, 8)
(4, 7)
(4, 6)
(4, 5)
(4, 4)
(4, 3)
(4, 2)
(4, 1)
(3, 1)
(2, 1)
(1, 1)
kaikki ok
Reitin pituus: 9
(11, 13)
(12, 13)
(13, 13)
(14, 13)
(14, 12)
(14, 11)
(14, 10)
(14, 9)
(14, 8)
(14, 7)
kaikki ok
Reitin pituus: 7
(8, 14)
(8, 15)
(9, 15)
(10, 15)
(11, 15)
(12, 15)
(12, 16)
(12, 17)
kaikki ok
Reitin pituus: 15
(13, 15)
(14, 15)
(14, 14)
(14, 13)
(14, 12)
(14, 11)
(14, 10)
(14, 9)
(14, 8)
(14, 7)
(14, 6)
(14, 5)
(15, 5)
(16, 5)
(17, 5)
(17, 4)
kaikki ok
Reitin pituus: 10
(11, 11)
(12, 11)
(12, 12)
(12, 13)
(13, 13)
(14, 13)
(14, 14)
(14, 15)
(14, 16)
(14, 17)
(15, 17)
kaikki ok
Reitin pituus: 19
(2, 17)
(3, 17)
(4, 17)
(4, 16)
(4, 15)
(4, 14)
(4, 13)
(4, 12)
(4, 11)
(4, 10)
(4, 9)
(4, 8)
(4, 7)
(4, 6)
(4, 5)
(4, 4)
(4, 3)
(5, 3)
(6, 3)
(7, 3)
kaikki ok
Reitin pituus: 13
(8, 17)
(7, 17)
(6, 17)
(6, 16)
(6, 15)
(5, 15)
(4, 15)
(4, 14)
(4, 13)
(4, 12)
(4, 11)
(4, 10)
(4, 9)
(5, 9)
kaikki ok
Reitin pituus: 22
(13, 3)
(14, 3)
(14, 4)
(14, 5)
(14, 6)
(14, 7)
(14, 8)
(14, 9)
(14, 10)
(14, 11)
(14, 12)
(14, 13)
(14, 14)
(14, 15)
(13, 15)
(12, 15)
(11, 15)
(10, 15)
(9, 15)
(8, 15)
(7, 15)
(6, 15)
(6, 16)
kaikki ok
Reitin pituus: 28
(16, 1)
(15, 1)
(14, 1)
(14, 2)
(14, 3)
(13, 3)
(12, 3)
(12, 4)
(12, 5)
(11, 5)
(10, 5)
(10, 6)
(10, 7)
(9, 7)
(8, 7)
(7, 7)
(6, 7)
(6, 8)
(6, 9)
(6, 10)
(6, 11)
(6, 12)
(6, 13)
(5, 13)
(4, 13)
(3, 13)
(2, 13)
(1, 13)
(1, 14)
kaikki ok
Reitin pituus: 8
(4, 19)
(3, 19)
(2, 19)
(1, 19)
(1, 18)
(1, 17)
(2, 17)
(3, 17)
(4, 17)
kaikki ok
Reitin pituus: 21
(12, 1)
(11, 1)
(10, 1)
(10, 2)
(10, 3)
(9, 3)
(8, 3)
(7, 3)
(6, 3)
(5, 3)
(4, 3)
(4, 4)
(4, 5)
(4, 6)
(4, 7)
(4, 8)
(4, 9)
(4, 10)
(4, 11)
(4, 12)
(4, 13)
(4, 14)
kaikki ok
Reitin pituus: 9
(6, 1)
(7, 1)
(8, 1)
(8, 2)
(8, 3)
(7, 3)
(6, 3)
(6, 4)
(6, 5)
(7, 5)
kaikki ok
Reitin pituus: 11
(17, 2)
(17, 3)
(16, 3)
(15, 3)
(14, 3)
(13, 3)
(12, 3)
(11, 3)
(10, 3)
(9, 3)
(8, 3)
(7, 3)
kaikki ok
Reitin pituus: 17
(1, 3)
(2, 3)
(3, 3)
(4, 3)
(5, 3)
(6, 3)
(7, 3)
(8, 3)
(9, 3)
(10, 3)
(11, 3)
(12, 3)
(13, 3)
(14, 3)
(15, 3)
(16, 3)
(17, 3)
(17, 4)
kaikki ok
Reitin pituus: 17
(17, 14)
(17, 13)
(16, 13)
(15, 13)
(14, 13)
(13, 13)
(12, 13)
(12, 12)
(12, 11)
(12, 10)
(12, 9)
(12, 8)
(12, 7)
(11, 7)
(10, 7)
(9, 7)
(8, 7)
(7, 7)
kaikki ok
Reitin pituus: 14
(16, 5)
(15, 5)
(14, 5)
(14, 6)
(14, 7)
(14, 8)
(14, 9)
(14, 10)
(14, 11)
(14, 12)
(14, 13)
(15, 13)
(16, 13)
(17, 13)
(17, 14)
kaikki ok
Reitin pituus: 21
(1, 18)
(1, 17)
(2, 17)
(3, 17)
(4, 17)
(4, 16)
(4, 15)
(4, 14)
(4, 13)
(5, 13)
(6, 13)
(6, 12)
(6, 11)
(6, 10)
(6, 9)
(6, 8)
(6, 7)
(7, 7)
(8, 7)
(9, 7)
(9, 8)
(9, 9)
kaikki ok
Reitin pituus: 3
(6, 8)
(6, 9)
(6, 10)
(6, 11)
kaikki ok
Reitin pituus: 21
(1, 17)
(2, 17)
(3, 17)
(4, 17)
(4, 16)
(4, 15)
(5, 15)
(6, 15)
(7, 15)
(8, 15)
(9, 15)
(10, 15)
(11, 15)
(12, 15)
(13, 15)
(14, 15)
(14, 14)
(14, 13)
(15, 13)
(16, 13)
(17, 13)
(17, 14)
kaikki ok
Reitin pituus: 4
(12, 15)
(12, 16)
(12, 17)
(11, 17)
(10, 17)
kaikki ok
Reitin pituus: 14
(10, 7)
(11, 7)
(12, 7)
(12, 8)
(12, 9)
(13, 9)
(14, 9)
(14, 10)
(14, 11)
(14, 12)
(14, 13)
(14, 14)
(14, 15)
(13, 15)
(12, 15)
kaikki ok
Reitin pituus: 10
(14, 14)
(14, 13)
(14, 12)
(14, 11)
(14, 10)
(14, 9)
(14, 8)
(14, 7)
(14, 6)
(14, 5)
(15, 5)
kaikki ok
Reitin pituus: 26
(9, 3)
(8, 3)
(7, 3)
(6, 3)
(5, 3)
(4, 3)
(4, 4)
(4, 5)
(4, 6)
(4, 7)
(4, 8)
(4, 9)
(4, 10)
(4, 11)
(4, 12)
(4, 13)
(4, 14)
(4, 15)
(4, 16)
(4, 17)
(3, 17)
(2, 17)
(1, 17)
(1, 18)
(1, 19)
(2, 19)
(3, 19)
kaikki ok
Reitin pituus: 18
(6, 17)
(6, 16)
(6, 15)
(5, 15)
(4, 15)
(4, 14)
(4, 13)
(4, 12)
(4, 11)
(4, 10)
(4, 9)
(4, 8)
(4, 7)
(4, 6)
(4, 5)
(3, 5)
(2, 5)
(1, 5)
(1, 4)
kaikki ok
Reitin pituus: 20
(1, 19)
(1, 18)
(1, 17)
(2, 17)
(3, 17)
(4, 17)
(4, 16)
(4, 15)
(5, 15)
(6, 15)
(7, 15)
(8, 15)
(9, 15)
(10, 15)
(11, 15)
(12, 15)
(13, 15)
(14, 15)
(14, 16)
(14, 17)
(15, 17)
kaikki ok
Reitin pituus: 19
(17, 17)
(16, 17)
(15, 17)
(14, 17)
(14, 16)
(14, 15)
(14, 14)
(14, 13)
(14, 12)
(14, 11)
(14, 10)
(14, 9)
(14, 8)
(14, 7)
(14, 6)
(14, 5)
(14, 4)
(14, 3)
(15, 3)
(16, 3)
kaikki ok
Reitin pituus: 17
(4, 11)
(4, 12)
(4, 13)
(4, 14)
(4, 15)
(5, 15)
(6, 15)
(6, 16)
(6, 17)
(7, 17)
(8, 17)
(8, 18)
(8, 19)
(9, 19)
(10, 19)
(11, 19)
(12, 19)
(13, 19)
kaikki ok
Reitin pituus: 22
(17, 18)
(17, 17)
(16, 17)
(15, 17)
(14, 17)
(14, 16)
(14, 15)
(14, 14)
(14, 13)
(13, 13)
(12, 13)
(12, 12)
(12, 11)
(12, 10)
(12, 9)
(12, 8)
(12, 7)
(11, 7)
(10, 7)
(9, 7)
(9, 8)
(9, 9)
(8, 9)
kaikki ok
Reitin pituus: 30
(14, 19)
(13, 19)
(12, 19)
(11, 19)
(10, 19)
(9, 19)
(8, 19)
(8, 18)
(8, 17)
(7, 17)
(6, 17)
(6, 16)
(6, 15)
(5, 15)
(4, 15)
(4, 14)
(4, 13)
(4, 12)
(4, 11)
(4, 10)
(4, 9)
(4, 8)
(4, 7)
(4, 6)
(4, 5)
(4, 4)
(4, 3)
(3, 3)
(2, 3)
(1, 3)
(1, 2)
kaikki ok
Reitin pituus: 12
(15, 1)
(14, 1)
(13, 1)
(12, 1)
(11, 1)
(10, 1)
(10, 2)
(10, 3)
(9, 3)
(8, 3)
(8, 2)
(8, 1)
(7, 1)
kaikki ok
Reitin pituus: 7
(2, 13)
(1, 13)
(1, 14)
(1, 15)
(2, 15)
(2, 16)
(2, 17)
(3, 17)
kaikki ok
Reitin pituus: 9
(14, 5)
(14, 6)
(14, 7)
(14, 8)
(14, 9)
(14, 10)
(14, 11)
(14, 12)
(14, 13)
(14, 14)
kaikki ok
Reitin pituus: 12
(14, 11)
(14, 12)
(14, 13)
(13, 13)
(12, 13)
(11, 13)
(10, 13)
(10, 14)
(10, 15)
(9, 15)
(8, 15)
(8, 14)
(8, 13)
kaikki ok
Reitin pituus: 13
(7, 19)
(8, 19)
(8, 18)
(8, 17)
(7, 17)
(6, 17)
(6, 16)
(6, 15)
(5, 15)
(4, 15)
(4, 14)
(4, 13)
(3, 13)
(2, 13)
kaikki ok
Reitin pituus: 23
(6, 13)
(6, 12)
(6, 11)
(6, 10)
(6, 9)
(6, 8)
(6, 7)
(7, 7)
(8, 7)
(9, 7)
(10, 7)
(10, 6)
(10, 5)
(11, 5)
(12, 5)
(12, 4)
(12, 3)
(13, 3)
(14, 3)
(15, 3)
(16, 3)
(17, 3)
(17, 2)
(17, 1)
kaikki ok
Reitin pituus: 17
(2, 1)
(3, 1)
(4, 1)
(4, 2)
(4, 3)
(4, 4)
(4, 5)
(4, 6)
(4, 7)
(4, 8)
(4, 9)
(4, 10)
(4, 11)
(4, 12)
(4, 13)
(5, 13)
(6, 13)
(7, 13)
kaikki ok
Reitin pituus: 15
(17, 19)
(17, 18)
(17, 17)
(16, 17)
(15, 17)
(14, 17)
(14, 16)
(14, 15)
(14, 14)
(14, 13)
(13, 13)
(12, 13)
(12, 12)
(12, 11)
(12, 10)
(12, 9)
kaikki ok
Reitin pituus: 23
(4, 2)
(4, 3)
(5, 3)
(6, 3)
(6, 4)
(6, 5)
(7, 5)
(8, 5)
(8, 6)
(8, 7)
(9, 7)
(10, 7)
(11, 7)
(12, 7)
(12, 8)
(12, 9)
(12, 10)
(12, 11)
(12, 12)
(12, 13)
(13, 13)
(14, 13)
(15, 13)
(16, 13)
kaikki ok
Reitin pituus: 4
(12, 11)
(12, 12)
(12, 13)
(11, 13)
(10, 13)
kaikki ok
Reitin pituus: 18
(16, 17)
(15, 17)
(14, 17)
(14, 16)
(14, 15)
(14, 14)
(14, 13)
(14, 12)
(14, 11)
(14, 10)
(14, 9)
(13, 9)
(12, 9)
(12, 8)
(12, 7)
(11, 7)
(10, 7)
(10, 6)
(10, 5)
kaikki ok
Reitin pituus: 13
(10, 7)
(10, 6)
(10, 5)
(11, 5)
(12, 5)
(12, 4)
(12, 3)
(13, 3)
(14, 3)
(15, 3)
(16, 3)
(17, 3)
(17, 2)
(17, 1)
kaikki ok
Reitin pituus: 9
(14, 19)
(13, 19)
(12, 19)
(11, 19)
(10, 19)
(10, 18)
(10, 17)
(11, 17)
(12, 17)
(12, 16)
kaikki ok
Reitin pituus: 11
(14, 10)
(14, 9)
(14, 8)
(14, 7)
(14, 6)
(14, 5)
(15, 5)
(16, 5)
(17, 5)
(17, 4)
(17, 3)
(17, 2)
kaikki ok
Reitin pituus: 3
(4, 4)
(4, 3)
(5, 3)
(6, 3)
kaikki ok
Reitin pituus: 29
(2, 5)
(3, 5)
(4, 5)
(4, 6)
(4, 7)
(4, 8)
(4, 9)
(5, 9)
(6, 9)
(6, 10)
(6, 11)
(6, 12)
(6, 13)
(7, 13)
(8, 13)
(8, 14)
(8, 15)
(9, 15)
(10, 15)
(11, 15)
(12, 15)
(13, 15)
(14, 15)
(14, 16)
(14, 17)
(15, 17)
(16, 17)
(17, 17)
(17, 18)
(17, 19)
kaikki ok
Reitin pituus: 14
(8, 2)
(8, 3)
(7, 3)
(6, 3)
(6, 4)
(6, 5)
(7, 5)
(8, 5)
(8, 6)
(8, 7)
(9, 7)
(10, 7)
(11, 7)
(12, 7)
(12, 8)
kaikki ok
Reitin pituus: 11
(3, 17)
(4, 17)
(4, 16)
(4, 15)
(5, 15)
(6, 15)
(7, 15)
(8, 15)
(9, 15)
(10, 15)
(11, 15)
(12, 15)
kaikki ok
Reitin pituus: 7
(14, 17)
(15, 17)
(16, 17)
(17, 17)
(17, 18)
(17, 19)
(16, 19)
(15, 19)
kaikki ok
Reitin pituus: 20
(12, 13)
(12, 12)
(12, 11)
(11, 11)
(10, 11)
(9, 11)
(8, 11)
(7, 11)
(6, 11)
(6, 10)
(6, 9)
(5, 9)
(4, 9)
(4, 8)
(4, 7)
(4, 6)
(4, 5)
(3, 5)
(2, 5)
(1, 5)
(1, 4)
kaikki ok
Reitin pituus: 14
(12, 10)
(12, 11)
(12, 12)
(12, 13)
(11, 13)
(10, 13)
(10, 14)
(10, 15)
(9, 15)
(8, 15)
(7, 15)
(6, 15)
(6, 16)
(6, 17)
(7, 17)
kaikki ok
Reitin pituus: 19
(17, 15)
(17, 14)
(17, 13)
(16, 13)
(15, 13)
(14, 13)
(13, 13)
(12, 13)
(12, 12)
(12, 11)
(11, 11)
(10, 11)
(9, 11)
(8, 11)
(7, 11)
(6, 11)
(6, 10)
(6, 9)
(6, 8)
(6, 7)
kaikki ok
Reitin pituus: 12
(1, 17)
(2, 17)
(3, 17)
(4, 17)
(4, 16)
(4, 15)
(4, 14)
(4, 13)
(4, 12)
(4, 11)
(4, 10)
(4, 9)
(4, 8)
kaikki ok
Reitin pituus: 6
(14, 13)
(15, 13)
(16, 13)
(17, 13)
(17, 14)
(17, 15)
(16, 15)
kaikki ok
Reitin pituus: 8
(4, 15)
(5, 15)
(6, 15)
(7, 15)
(8, 15)
(9, 15)
(10, 15)
(10, 14)
(10, 13)
kaikki ok
Reitin pituus: 19
(5, 13)
(4, 13)
(4, 14)
(4, 15)
(5, 15)
(6, 15)
(6, 16)
(6, 17)
(7, 17)
(8, 17)
(8, 18)
(8, 19)
(9, 19)
(10, 19)
(11, 19)
(12, 19)
(13, 19)
(14, 19)
(15, 19)
(16, 19)
kaikki ok
Reitin pituus: 11
(5, 3)
(6, 3)
(7, 3)
(8, 3)
(9, 3)
(10, 3)
(11, 3)
(12, 3)
(13, 3)
(14, 3)
(14, 2)
(14, 1)
kaikki ok
Reitin pituus: 3
(14, 10)
(14, 11)
(14, 12)
(14, 13)
kaikki ok
Reitin pituus: 27
(14, 3)
(13, 3)
(12, 3)
(12, 4)
(12, 5)
(11, 5)
(10, 5)
(10, 6)
(10, 7)
(9, 7)
(8, 7)
(7, 7)
(6, 7)
(6, 8)
(6, 9)
(6, 10)
(6, 11)
(6, 12)
(6, 13)
(5, 13)
(4, 13)
(3, 13)
(2, 13)
(1, 13)
(1, 14)
(1, 15)
(2, 15)
(2, 16)
kaikki ok
Reitin pituus: 5
(1, 1)
(1, 2)
(1, 3)
(2, 3)
(3, 3)
(4, 3)
kaikki ok
Reitin pituus: 5
(14, 9)
(14, 8)
(14, 7)
(14, 6)
(14, 5)
(15, 5)
kaikki ok
Reitin pituus: 9
(10, 5)
(10, 6)
(10, 7)
(9, 7)
(8, 7)
(7, 7)
(6, 7)
(6, 8)
(6, 9)
(6, 10)
kaikki ok
Reitin pituus: 21
(7, 1)
(6, 1)
(5, 1)
(4, 1)
(4, 2)
(4, 3)
(4, 4)
(4, 5)
(4, 6)
(4, 7)
(4, 8)
(4, 9)
(4, 10)
(4, 11)
(4, 12)
(4, 13)
(4, 14)
(4, 15)
(4, 16)
(4, 17)
(3, 17)
(2, 17)
kaikki ok
Reitin pituus: 9
(2, 19)
(3, 19)
(4, 19)
(5, 19)
(6, 19)
(7, 19)
(8, 19)
(9, 19)
(10, 19)
(11, 19)
kaikki ok
Reitin pituus: 18
(4, 17)
(4, 16)
(4, 15)
(5, 15)
(6, 15)
(7, 15)
(8, 15)
(9, 15)
(10, 15)
(10, 14)
(10, 13)
(11, 13)
(12, 13)
(12, 12)
(12, 11)
(12, 10)
(12, 9)
(13, 9)
(14, 9)
kaikki ok
Reitin pituus: 4
(15, 13)
(14, 13)
(13, 13)
(12, 13)
(12, 12)
kaikki ok
Reitin pituus: 5
(7, 19)
(8, 19)
(9, 19)
(10, 19)
(11, 19)
(12, 19)
kaikki ok
Reitin pituus: 23
(2, 17)
(3, 17)
(4, 17)
(4, 16)
(4, 15)
(4, 14)
(4, 13)
(4, 12)
(4, 11)
(4, 10)
(4, 9)
(5, 9)
(6, 9)
(6, 8)
(6, 7)
(7, 7)
(8, 7)
(9, 7)
(10, 7)
(10, 6)
(10, 5)
(11, 5)
(12, 5)
(12, 4)
kaikki ok
Reitin pituus: 21
(10, 6)
(10, 7)
(9, 7)
(8, 7)
(7, 7)
(6, 7)
(6, 8)
(6, 9)
(5, 9)
(4, 9)
(4, 10)
(4, 11)
(4, 12)
(4, 13)
(4, 14)
(4, 15)
(4, 16)
(4, 17)
(3, 17)
(2, 17)
(1, 17)
(1, 18)
kaikki ok
Reitin pituus: 12
(9, 8)
(9, 7)
(10, 7)
(10, 6)
(10, 5)
(11, 5)
(12, 5)
(12, 4)
(12, 3)
(11, 3)
(10, 3)
(10, 2)
(10, 1)
kaikki ok
Reitin pituus: 14
(17, 19)
(17, 18)
(17, 17)
(16, 17)
(15, 17)
(14, 17)
(14, 16)
(14, 15)
(13, 15)
(12, 15)
(11, 15)
(10, 15)
(9, 15)
(8, 15)
(7, 15)
kaikki ok
Reitin pituus: 11
(14, 15)
(14, 16)
(14, 17)
(15, 17)
(16, 17)
(17, 17)
(17, 18)
(17, 19)
(16, 19)
(15, 19)
(14, 19)
(13, 19)
kaikki ok
Reitin pituus: 15
(4, 1)
(4, 2)
(4, 3)
(5, 3)
(6, 3)
(7, 3)
(8, 3)
(9, 3)
(10, 3)
(11, 3)
(12, 3)
(13, 3)
(14, 3)
(15, 3)
(16, 3)
(17, 3)
kaikki ok
Reitin pituus: 23
(17, 5)
(16, 5)
(15, 5)
(14, 5)
(14, 6)
(14, 7)
(14, 8)
(14, 9)
(14, 10)
(14, 11)
(14, 12)
(14, 13)
(14, 14)
(14, 15)
(13, 15)
(12, 15)
(12, 16)
(12, 17)
(11, 17)
(10, 17)
(10, 18)
(10, 19)
(9, 19)
(8, 19)
kaikki ok
Reitin pituus: 21
(6, 4)
(6, 5)
(7, 5)
(8, 5)
(8, 6)
(8, 7)
(9, 7)
(10, 7)
(11, 7)
(12, 7)
(12, 8)
(12, 9)
(13, 9)
(14, 9)
(14, 10)
(14, 11)
(14, 12)
(14, 13)
(15, 13)
(16, 13)
(17, 13)
(17, 14)
kaikki ok
Reitin pituus: 9
(6, 5)
(7, 5)
(8, 5)
(8, 6)
(8, 7)
(9, 7)
(10, 7)
(10, 6)
(10, 5)
(11, 5)
kaikki ok
Reitin pituus: 7
(2, 13)
(3, 13)
(4, 13)
(4, 12)
(4, 11)
(4, 10)
(4, 9)
(5, 9)
kaikki ok
Reitin pituus: 20
(8, 19)
(8, 18)
(8, 17)
(7, 17)
(6, 17)
(6, 16)
(6, 15)
(5, 15)
(4, 15)
(4, 14)
(4, 13)
(4, 12)
(4, 11)
(4, 10)
(4, 9)
(4, 8)
(4, 7)
(4, 6)
(4, 5)
(4, 4)
(4, 3)
kaikki ok
Reitin pituus: 28
(14, 19)
(15, 19)
(16, 19)
(17, 19)
(17, 18)
(17, 17)
(16, 17)
(15, 17)
(14, 17)
(14, 16)
(14, 15)
(14, 14)
(14, 13)
(14, 12)
(14, 11)
(14, 10)
(14, 9)
(13, 9)
(12, 9)
(12, 8)
(12, 7)
(11, 7)
(10, 7)
(9, 7)
(8, 7)
(8, 6)
(8, 5)
(7, 5)
(6, 5)
kaikki ok
Reitin pituus: 8
(9, 11)
(10, 11)
(11, 11)
(12, 11)
(12, 10)
(12, 9)
(12, 8)
(12, 7)
(11, 7)
kaikki ok
Reitin pituus: 8
(7, 5)
(6, 5)
(6, 4)
(6, 3)
(5, 3)
(4, 3)
(4, 2)
(4, 1)
(5, 1)
kaikki ok
Reitin pituus: 13
(10, 3)
(11, 3)
(12, 3)
(12, 4)
(12, 5)
(11, 5)
(10, 5)
(10, 6)
(10, 7)
(11, 7)
(12, 7)
(12, 8)
(12, 9)
(12, 10)
kaikki ok
Reitin pituus: 9
(11, 11)
(12, 11)
(12, 12)
(12, 13)
(13, 13)
(14, 13)
(15, 13)
(16, 13)
(17, 13)
(17, 14)
kaikki ok
Reitin pituus: 19
(2, 17)
(1, 17)
(1, 18)
(1, 19)
(2, 19)
(3, 19)
(4, 19)
(5, 19)
(6, 19)
(7, 19)
(8, 19)
(9, 19)
(10, 19)
(11, 19)
(12, 19)
(13, 19)
(14, 19)
(15, 19)
(16, 19)
(17, 19)
kaikki ok
Reitin pituus: 18
(6, 8)
(6, 7)
(7, 7)
(8, 7)
(9, 7)
(10, 7)
(10, 6)
(10, 5)
(11, 5)
(12, 5)
(12, 4)
(12, 3)
(13, 3)
(14, 3)
(15, 3)
(16, 3)
(17, 3)
(17, 2)
(17, 1)
kaikki ok
Reitin pituus: 15
(4, 19)
(5, 19)
(6, 19)
(7, 19)
(8, 19)
(9, 19)
(10, 19)
(11, 19)
(12, 19)
(13, 19)
(14, 19)
(15, 19)
(16, 19)
(17, 19)
(17, 18)
(17, 17)
kaikki ok
Reitin pituus: 25
(1, 1)
(1, 2)
(1, 3)
(1, 4)
(1, 5)
(2, 5)
(3, 5)
(4, 5)
(4, 6)
(4, 7)
(4, 8)
(4, 9)
(4, 10)
(4, 11)
(4, 12)
(4, 13)
(4, 14)
(4, 15)
(5, 15)
(6, 15)
(6, 16)
(6, 17)
(7, 17)
(8, 17)
(8, 18)
(8, 19)
kaikki ok
Reitin pituus: 24
(10, 14)
(10, 15)
(9, 15)
(8, 15)
(7, 15)
(6, 15)
(5, 15)
(4, 15)
(4, 14)
(4, 13)
(4, 12)
(4, 11)
(4, 10)
(4, 9)
(4, 8)
(4, 7)
(4, 6)
(4, 5)
(4, 4)
(4, 3)
(4, 2)
(4, 1)
(5, 1)
(6, 1)
(7, 1)
kaikki ok
Reitin pituus: 21
(6, 19)
(7, 19)
(8, 19)
(8, 18)
(8, 17)
(7, 17)
(6, 17)
(6, 16)
(6, 15)
(5, 15)
(4, 15)
(4, 14)
(4, 13)
(4, 12)
(4, 11)
(4, 10)
(4, 9)
(4, 8)
(4, 7)
(4, 6)
(4, 5)
(4, 4)
kaikki ok
Reitin pituus: 19
(6, 10)
(6, 9)
(6, 8)
(6, 7)
(7, 7)
(8, 7)
(9, 7)
(10, 7)
(10, 6)
(10, 5)
(11, 5)
(12, 5)
(12, 4)
(12, 3)
(13, 3)
(14, 3)
(15, 3)
(16, 3)
(17, 3)
(17, 4)
kaikki ok
Reitin pituus: 4
(11, 19)
(10, 19)
(9, 19)
(8, 19)
(7, 19)
kaikki ok
Reitin pituus: 13
(15, 3)
(14, 3)
(13, 3)
(12, 3)
(12, 4)
(12, 5)
(11, 5)
(10, 5)
(10, 6)
(10, 7)
(9, 7)
(8, 7)
(7, 7)
(6, 7)
kaikki ok
Reitin pituus: 8
(3, 5)
(4, 5)
(4, 4)
(4, 3)
(5, 3)
(6, 3)
(6, 4)
(6, 5)
(7, 5)
kaikki ok
Reitin pituus: 7
(2, 5)
(3, 5)
(4, 5)
(4, 6)
(4, 7)
(4, 8)
(4, 9)
(5, 9)
kaikki ok
Reitin pituus: 19
(6, 3)
(5, 3)
(4, 3)
(4, 4)
(4, 5)
(4, 6)
(4, 7)
(4, 8)
(4, 9)
(4, 10)
(4, 11)
(4, 12)
(4, 13)
(4, 14)
(4, 15)
(4, 16)
(4, 17)
(3, 17)
(2, 17)
(2, 16)
kaikki ok
Reitin pituus: 20
(16, 19)
(17, 19)
(17, 18)
(17, 17)
(16, 17)
(15, 17)
(14, 17)
(14, 16)
(14, 15)
(14, 14)
(14, 13)
(14, 12)
(14, 11)
(14, 10)
(14, 9)
(14, 8)
(14, 7)
(14, 6)
(14, 5)
(14, 4)
(14, 3)
kaikki ok
Reitin pituus: 12
(4, 5)
(4, 6)
(4, 7)
(4, 8)
(4, 9)
(4, 10)
(4, 11)
(4, 12)
(4, 13)
(4, 14)
(4, 15)
(4, 16)
(4, 17)
kaikki ok
Reitin pituus: 13
(14, 8)
(14, 9)
(14, 10)
(14, 11)
(14, 12)
(14, 13)
(14, 14)
(14, 15)
(14, 16)
(14, 17)
(15, 17)
(16, 17)
(17, 17)
(17, 18)
kaikki ok
Reitin pituus: 4
(8, 14)
(8, 15)
(7, 15)
(6, 15)
(5, 15)
kaikki ok
Reitin pituus: 17
(1, 18)
(1, 17)
(2, 17)
(3, 17)
(4, 17)
(4, 16)
(4, 15)
(4, 14)
(4, 13)
(5, 13)
(6, 13)
(6, 12)
(6, 11)
(6, 10)
(6, 9)
(6, 8)
(6, 7)
(7, 7)
kaikki ok
Reitin pituus: 16
(1, 17)
(2, 17)
(3, 17)
(4, 17)
(4, 16)
(4, 15)
(4, 14)
(4, 13)
(5, 13)
(6, 13)
(6, 12)
(6, 11)
(7, 11)
(8, 11)
(9, 11)
(10, 11)
(11, 11)
kaikki ok
Reitin pituus: 28
(2, 19)
(1, 19)
(1, 18)
(1, 17)
(2, 17)
(3, 17)
(4, 17)
(4, 16)
(4, 15)
(4, 14)
(4, 13)
(4, 12)
(4, 11)
(4, 10)
(4, 9)
(4, 8)
(4, 7)
(4, 6)
(4, 5)
(4, 4)
(4, 3)
(5, 3)
(6, 3)
(7, 3)
(8, 3)
(9, 3)
(10, 3)
(10, 2)
(10, 1)
kaikki ok
Reitin pituus: 16
(3, 17)
(4, 17)
(4, 16)
(4, 15)
(4, 14)
(4, 13)
(4, 12)
(4, 11)
(4, 10)
(4, 9)
(4, 8)
(4, 7)
(4, 6)
(4, 5)
(3, 5)
(2, 5)
(1, 5)
kaikki ok
Reitin pituus: 13
(1, 2)
(1, 3)
(2, 3)
(3, 3)
(4, 3)
(5, 3)
(6, 3)
(7, 3)
(8, 3)
(9, 3)
(10, 3)
(11, 3)
(12, 3)
(12, 4)
kaikki ok
Reitin pituus: 14
(8, 18)
(8, 17)
(7, 17)
(6, 17)
(6, 16)
(6, 15)
(7, 15)
(8, 15)
(9, 15)
(10, 15)
(10, 14)
(10, 13)
(11, 13)
(12, 13)
(12, 12)
kaikki ok
Reitin pituus: 8
(14, 16)
(14, 15)
(13, 15)
(12, 15)
(11, 15)
(10, 15)
(9, 15)
(8, 15)
(7, 15)
kaikki ok
Reitin pituus: 12
(4, 16)
(4, 15)
(5, 15)
(6, 15)
(7, 15)
(8, 15)
(9, 15)
(10, 15)
(11, 15)
(12, 15)
(13, 15)
(14, 15)
(14, 16)
kaikki ok
Reitin pituus: 20
(3, 1)
(4, 1)
(4, 2)
(4, 3)
(4, 4)
(4, 5)
(4, 6)
(4, 7)
(4, 8)
(4, 9)
(5, 9)
(6, 9)
(6, 10)
(6, 11)
(6, 12)
(6, 13)
(7, 13)
(8, 13)
(8, 14)
(8, 15)
(9, 15)
kaikki ok
Reitin pituus: 18
(10, 15)
(10, 14)
(10, 13)
(11, 13)
(12, 13)
(12, 12)
(12, 11)
(12, 10)
(12, 9)
(13, 9)
(14, 9)
(14, 8)
(14, 7)
(14, 6)
(14, 5)
(14, 4)
(14, 3)
(15, 3)
(16, 3)
kaikki ok
Reitin pituus: 25
(17, 18)
(17, 17)
(16, 17)
(15, 17)
(14, 17)
(14, 16)
(14, 15)
(14, 14)
(14, 13)
(13, 13)
(12, 13)
(12, 12)
(12, 11)
(12, 10)
(12, 9)
(12, 8)
(12, 7)
(11, 7)
(10, 7)
(9, 7)
(8, 7)
(8, 6)
(8, 5)
(7, 5)
(6, 5)
(6, 4)
kaikki ok
Reitin pituus: 9
(10, 5)
(10, 6)
(10, 7)
(11, 7)
(12, 7)
(12, 8)
(12, 9)
(13, 9)
(14, 9)
(14, 8)
kaikki ok
Reitin pituus: 13
(7, 15)
(6, 15)
(5, 15)
(4, 15)
(4, 14)
(4, 13)
(4, 12)
(4, 11)
(4, 10)
(4, 9)
(4, 8)
(4, 7)
(4, 6)
(4, 5)
kaikki ok
Reitin pituus: 12
(2, 3)
(3, 3)
(4, 3)
(5, 3)
(6, 3)
(6, 4)
(6, 5)
(7, 5)
(8, 5)
(8, 6)
(8, 7)
(9, 7)
(10, 7)
kaikki ok
Reitin pituus: 19
(1, 4)
(1, 3)
(2, 3)
(3, 3)
(4, 3)
(5, 3)
(6, 3)
(7, 3)
(8, 3)
(9, 3)
(10, 3)
(11, 3)
(12, 3)
(13, 3)
(14, 3)
(14, 2)
(14, 1)
(15, 1)
(16, 1)
(17, 1)
kaikki ok
Reitin pituus: 3
(10, 1)
(11, 1)
(12, 1)
(13, 1)
kaikki ok
Reitin pituus: 16
(4, 16)
(4, 15)
(5, 15)
(6, 15)
(7, 15)
(8, 15)
(9, 15)
(10, 15)
(10, 14)
(10, 13)
(11, 13)
(12, 13)
(12, 12)
(12, 11)
(12, 10)
(12, 9)
(12, 8)
kaikki ok
Reitin pituus: 24
(5, 1)
(4, 1)
(4, 2)
(4, 3)
(4, 4)
(4, 5)
(4, 6)
(4, 7)
(4, 8)
(4, 9)
(4, 10)
(4, 11)
(4, 12)
(4, 13)
(4, 14)
(4, 15)
(5, 15)
(6, 15)
(6, 16)
(6, 17)
(7, 17)
(8, 17)
(8, 18)
(8, 19)
(9, 19)
kaikki ok
Reitin pituus: 5
(9, 19)
(8, 19)
(8, 18)
(8, 17)
(7, 17)
(6, 17)
kaikki ok
Reitin pituus: 13
(6, 11)
(6, 10)
(6, 9)
(5, 9)
(4, 9)
(4, 8)
(4, 7)
(4, 6)
(4, 5)
(4, 4)
(4, 3)
(5, 3)
(6, 3)
(7, 3)
kaikki ok
Reitin pituus: 33
(1, 2)
(1, 3)
(2, 3)
(3, 3)
(4, 3)
(5, 3)
(6, 3)
(6, 4)
(6, 5)
(7, 5)
(8, 5)
(8, 6)
(8, 7)
(9, 7)
(10, 7)
(11, 7)
(12, 7)
(12, 8)
(12, 9)
(12, 10)
(12, 11)
(12, 12)
(12, 13)
(13, 13)
(14, 13)
(14, 14)
(14, 15)
(14, 16)
(14, 17)
(15, 17)
(16, 17)
(17, 17)
(17, 18)
(17, 19)
kaikki ok
Reitin pituus: 25
(4, 19)
(3, 19)
(2, 19)
(1, 19)
(1, 18)
(1, 17)
(2, 17)
(3, 17)
(4, 17)
(4, 16)
(4, 15)
(4, 14)
(4, 13)
(5, 13)
(6, 13)
(6, 12)
(6, 11)
(6, 10)
(6, 9)
(6, 8)
(6, 7)
(7, 7)
(8, 7)
(9, 7)
(9, 8)
(9, 9)
kaikki ok
Reitin pituus: 13
(17, 1)
(17, 2)
(17, 3)
(17, 4)
(17, 5)
(16, 5)
(15, 5)
(14, 5)
(14, 6)
(14, 7)
(14, 8)
(14, 9)
(14, 10)
(14, 11)
kaikki ok
Reitin pituus: 23
(6, 3)
(5, 3)
(4, 3)
(4, 4)
(4, 5)
(4, 6)
(4, 7)
(4, 8)
(4, 9)
(4, 10)
(4, 11)
(4, 12)
(4, 13)
(4, 14)
(4, 15)
(5, 15)
(6, 15)
(6, 16)
(6, 17)
(7, 17)
(8, 17)
(8, 18)
(8, 19)
(7, 19)
kaikki ok
Reitin pituus: 12
(11, 11)
(10, 11)
(9, 11)
(8, 11)
(7, 11)
(6, 11)
(6, 12)
(6, 13)
(5, 13)
(4, 13)
(4, 14)
(4, 15)
(4, 16)
kaikki ok
Reitin pituus: 24
(3, 1)
(4, 1)
(4, 2)
(4, 3)
(4, 4)
(4, 5)
(4, 6)
(4, 7)
(4, 8)
(4, 9)
(5, 9)
(6, 9)
(6, 10)
(6, 11)
(6, 12)
(6, 13)
(7, 13)
(8, 13)
(8, 14)
(8, 15)
(9, 15)
(10, 15)
(11, 15)
(12, 15)
(12, 16)
kaikki ok
Reitin pituus: 24
(12, 8)
(12, 9)
(12, 10)
(12, 11)
(12, 12)
(12, 13)
(11, 13)
(10, 13)
(10, 14)
(10, 15)
(11, 15)
(12, 15)
(12, 16)
(12, 17)
(11, 17)
(10, 17)
(10, 18)
(10, 19)
(9, 19)
(8, 19)
(7, 19)
(6, 19)
(5, 19)
(4, 19)
(3, 19)
kaikki ok
Reitin pituus: 8
(10, 18)
(10, 19)
(9, 19)
(8, 19)
(7, 19)
(6, 19)
(5, 19)
(4, 19)
(3, 19)
kaikki ok
Reitin pituus: 10
(8, 11)
(7, 11)
(6, 11)
(6, 10)
(6, 9)
(6, 8)
(6, 7)
(7, 7)
(8, 7)
(9, 7)
(9, 8)
kaikki ok
Reitin pituus: 13
(12, 4)
(12, 3)
(11, 3)
(10, 3)
(9, 3)
(8, 3)
(8, 2)
(8, 1)
(7, 1)
(6, 1)
(5, 1)
(4, 1)
(3, 1)
(2, 1)
kaikki ok
Reitin pituus: 19
(1, 19)
(1, 18)
(1, 17)
(2, 17)
(3, 17)
(4, 17)
(4, 16)
(4, 15)
(5, 15)
(6, 15)
(7, 15)
(8, 15)
(9, 15)
(10, 15)
(10, 14)
(10, 13)
(11, 13)
(12, 13)
(12, 12)
(12, 11)
kaikki ok
Reitin pituus: 18
(10, 5)
(10, 6)
(10, 7)
(9, 7)
(8, 7)
(7, 7)
(6, 7)
(6, 8)
(6, 9)
(6, 10)
(6, 11)
(6, 12)
(6, 13)
(5, 13)
(4, 13)
(4, 14)
(4, 15)
(4, 16)
(4, 17)
kaikki ok
Reitin pituus: 11
(6, 5)
(7, 5)
(8, 5)
(8, 6)
(8, 7)
(9, 7)
(10, 7)
(11, 7)
(12, 7)
(12, 8)
(12, 9)
(12, 10)
kaikki ok
Reitin pituus: 24
(4, 16)
(4, 15)
(4, 14)
(4, 13)
(4, 12)
(4, 11)
(4, 10)
(4, 9)
(4, 8)
(4, 7)
(4, 6)
(4, 5)
(4, 4)
(4, 3)
(5, 3)
(6, 3)
(7, 3)
(8, 3)
(9, 3)
(10, 3)
(10, 2)
(10, 1)
(11, 1)
(12, 1)
(13, 1)
kaikki ok
Reitin pituus: 20
(16, 5)
(15, 5)
(14, 5)
(14, 6)
(14, 7)
(14, 8)
(14, 9)
(14, 10)
(14, 11)
(14, 12)
(14, 13)
(14, 14)
(14, 15)
(13, 15)
(12, 15)
(12, 16)
(12, 17)
(11, 17)
(10, 17)
(10, 18)
(10, 19)
kaikki ok
Reitin pituus: 12
(14, 2)
(14, 3)
(13, 3)
(12, 3)
(11, 3)
(10, 3)
(9, 3)
(8, 3)
(7, 3)
(6, 3)
(5, 3)
(4, 3)
(3, 3)
kaikki ok
Reitin pituus: 19
(8, 13)
(7, 13)
(6, 13)
(5, 13)
(4, 13)
(4, 12)
(4, 11)
(4, 10)
(4, 9)
(4, 8)
(4, 7)
(4, 6)
(4, 5)
(4, 4)
(4, 3)
(4, 2)
(4, 1)
(3, 1)
(2, 1)
(1, 1)
kaikki ok
Reitin pituus: 17
(3, 17)
(4, 17)
(4, 16)
(4, 15)
(4, 14)
(4, 13)
(4, 12)
(4, 11)
(4, 10)
(4, 9)
(5, 9)
(6, 9)
(6, 8)
(6, 7)
(7, 7)
(8, 7)
(9, 7)
(10, 7)
kaikki ok
Reitin pituus: 10
(4, 6)
(4, 7)
(4, 8)
(4, 9)
(4, 10)
(4, 11)
(4, 12)
(4, 13)
(3, 13)
(2, 13)
(1, 13)
kaikki ok
Reitin pituus: 14
(4, 1)
(4, 2)
(4, 3)
(5, 3)
(6, 3)
(6, 4)
(6, 5)
(7, 5)
(8, 5)
(8, 6)
(8, 7)
(9, 7)
(10, 7)
(10, 6)
(10, 5)
kaikki ok
Reitin pituus: 3
(7, 3)
(6, 3)
(6, 4)
(6, 5)
kaikki ok
Reitin pituus: 20
(10, 6)
(10, 7)
(11, 7)
(12, 7)
(12, 8)
(12, 9)
(13, 9)
(14, 9)
(14, 10)
(14, 11)
(14, 12)
(14, 13)
(14, 14)
(14, 15)
(13, 15)
(12, 15)
(12, 16)
(12, 17)
(11, 17)
(10, 17)
(10, 18)
kaikki ok
Reitin pituus: 24
(8, 9)
(9, 9)
(9, 8)
(9, 7)
(8, 7)
(7, 7)
(6, 7)
(6, 8)
(6, 9)
(6, 10)
(6, 11)
(6, 12)
(6, 13)
(5, 13)
(4, 13)
(4, 14)
(4, 15)
(4, 16)
(4, 17)
(3, 17)
(2, 17)
(1, 17)
(1, 18)
(1, 19)
(2, 19)
kaikki ok
Reitin pituus: 16
(8, 17)
(8, 18)
(8, 19)
(9, 19)
(10, 19)
(10, 18)
(10, 17)
(11, 17)
(12, 17)
(12, 16)
(12, 15)
(13, 15)
(14, 15)
(14, 14)
(14, 13)
(15, 13)
(16, 13)
kaikki ok
Reitin pituus: 3
(12, 7)
(12, 8)
(12, 9)
(13, 9)
kaikki ok
Reitin pituus: 9
(10, 7)
(11, 7)
(12, 7)
(12, 8)
(12, 9)
(12, 10)
(12, 11)
(12, 12)
(12, 13)
(11, 13)
kaikki ok
Reitin pituus: 12
(4, 6)
(4, 5)
(4, 4)
(4, 3)
(5, 3)
(6, 3)
(7, 3)
(8, 3)
(9, 3)
(10, 3)
(10, 2)
(10, 1)
(11, 1)
kaikki ok
Reitin pituus: 20
(10, 17)
(11, 17)
(12, 17)
(12, 16)
(12, 15)
(11, 15)
(10, 15)
(9, 15)
(8, 15)
(8, 14)
(8, 13)
(7, 13)
(6, 13)
(6, 12)
(6, 11)
(6, 10)
(6, 9)
(6, 8)
(6, 7)
(7, 7)
(8, 7)
kaikki ok
Reitin pituus: 4
(14, 15)
(13, 15)
(12, 15)
(11, 15)
(10, 15)
kaikki ok
Reitin pituus: 6
(11, 5)
(12, 5)
(12, 4)
(12, 3)
(13, 3)
(14, 3)
(14, 4)
kaikki ok
Reitin pituus: 20
(11, 3)
(10, 3)
(9, 3)
(8, 3)
(7, 3)
(6, 3)
(5, 3)
(4, 3)
(4, 4)
(4, 5)
(4, 6)
(4, 7)
(4, 8)
(4, 9)
(4, 10)
(4, 11)
(4, 12)
(4, 13)
(4, 14)
(4, 15)
(5, 15)
kaikki ok
Reitin pituus: 5
(4, 17)
(3, 17)
(2, 17)
(1, 17)
(1, 18)
(1, 19)
kaikki ok
Reitin pituus: 12
(17, 13)
(16, 13)
(15, 13)
(14, 13)
(14, 12)
(14, 11)
(14, 10)
(14, 9)
(14, 8)
(14, 7)
(14, 6)
(14, 5)
(15, 5)
kaikki ok
Reitin pituus: 24
(14, 5)
(14, 6)
(14, 7)
(14, 8)
(14, 9)
(13, 9)
(12, 9)
(12, 10)
(12, 11)
(11, 11)
(10, 11)
(9, 11)
(8, 11)
(7, 11)
(6, 11)
(6, 12)
(6, 13)
(5, 13)
(4, 13)
(4, 14)
(4, 15)
(4, 16)
(4, 17)
(3, 17)
(2, 17)
kaikki ok
Reitin pituus: 6
(8, 7)
(7, 7)
(6, 7)
(6, 8)
(6, 9)
(6, 10)
(6, 11)
kaikki ok
Reitin pituus: 13
(8, 5)
(8, 6)
(8, 7)
(7, 7)
(6, 7)
(6, 8)
(6, 9)
(6, 10)
(6, 11)
(6, 12)
(6, 13)
(5, 13)
(4, 13)
(3, 13)
kaikki ok
Reitin pituus: 25
(14, 19)
(13, 19)
(12, 19)
(11, 19)
(10, 19)
(9, 19)
(8, 19)
(8, 18)
(8, 17)
(7, 17)
(6, 17)
(6, 16)
(6, 15)
(7, 15)
(8, 15)
(8, 14)
(8, 13)
(7, 13)
(6, 13)
(6, 12)
(6, 11)
(6, 10)
(6, 9)
(6, 8)
(6, 7)
(7, 7)
kaikki ok
Reitin pituus: 7
(11, 7)
(10, 7)
(10, 6)
(10, 5)
(11, 5)
(12, 5)
(12, 4)
(12, 3)
kaikki ok
Reitin pituus: 13
(12, 10)
(12, 11)
(12, 12)
(12, 13)
(11, 13)
(10, 13)
(10, 14)
(10, 15)
(9, 15)
(8, 15)
(7, 15)
(6, 15)
(6, 16)
(6, 17)
kaikki ok
Reitin pituus: 10
(14, 7)
(14, 8)
(14, 9)
(13, 9)
(12, 9)
(12, 8)
(12, 7)
(11, 7)
(10, 7)
(9, 7)
(9, 8)
kaikki ok
Reitin pituus: 26
(4, 1)
(4, 2)
(4, 3)
(4, 4)
(4, 5)
(4, 6)
(4, 7)
(4, 8)
(4, 9)
(4, 10)
(4, 11)
(4, 12)
(4, 13)
(4, 14)
(4, 15)
(5, 15)
(6, 15)
(6, 16)
(6, 17)
(7, 17)
(8, 17)
(8, 18)
(8, 19)
(9, 19)
(10, 19)
(11, 19)
(12, 19)
kaikki ok
Reitin pituus: 17
(14, 6)
(14, 5)
(14, 4)
(14, 3)
(13, 3)
(12, 3)
(11, 3)
(10, 3)
(9, 3)
(8, 3)
(7, 3)
(6, 3)
(5, 3)
(4, 3)
(4, 4)
(4, 5)
(3, 5)
(2, 5)
kaikki ok
Reitin pituus: 6
(3, 5)
(4, 5)
(4, 6)
(4, 7)
(4, 8)
(4, 9)
(5, 9)
kaikki ok
Reitin pituus: 17
(4, 7)
(4, 8)
(4, 9)
(4, 10)
(4, 11)
(4, 12)
(4, 13)
(4, 14)
(4, 15)
(4, 16)
(4, 17)
(3, 17)
(2, 17)
(1, 17)
(1, 18)
(1, 19)
(2, 19)
(3, 19)
kaikki ok
Reitin pituus: 14
(14, 15)
(13, 15)
(12, 15)
(11, 15)
(10, 15)
(9, 15)
(8, 15)
(7, 15)
(6, 15)
(5, 15)
(4, 15)
(4, 14)
(4, 13)
(3, 13)
(2, 13)
kaikki ok
Reitin pituus: 6
(13, 1)
(14, 1)
(14, 2)
(14, 3)
(14, 4)
(14, 5)
(14, 6)
kaikki ok
Reitin pituus: 15
(10, 14)
(10, 13)
(11, 13)
(12, 13)
(12, 12)
(12, 11)
(12, 10)
(12, 9)
(12, 8)
(12, 7)
(11, 7)
(10, 7)
(10, 6)
(10, 5)
(11, 5)
(12, 5)
kaikki ok
Reitin pituus: 11
(12, 1)
(11, 1)
(10, 1)
(10, 2)
(10, 3)
(9, 3)
(8, 3)
(7, 3)
(6, 3)
(5, 3)
(4, 3)
(4, 2)
kaikki ok
Reitin pituus: 15
(4, 10)
(4, 11)
(4, 12)
(4, 13)
(4, 14)
(4, 15)
(5, 15)
(6, 15)
(6, 16)
(6, 17)
(7, 17)
(8, 17)
(8, 18)
(8, 19)
(7, 19)
(6, 19)
kaikki ok
Reitin pituus: 4
(13, 9)
(14, 9)
(14, 10)
(14, 11)
(14, 12)
kaikki ok
Reitin pituus: 16
(1, 14)
(1, 13)
(2, 13)
(3, 13)
(4, 13)
(5, 13)
(6, 13)
(7, 13)
(8, 13)
(8, 14)
(8, 15)
(9, 15)
(10, 15)
(11, 15)
(12, 15)
(13, 15)
(14, 15)
kaikki ok
Reitin pituus: 8
(17, 17)
(16, 17)
(15, 17)
(14, 17)
(14, 16)
(14, 15)
(13, 15)
(12, 15)
(11, 15)
kaikki ok
Reitin pituus: 20
(1, 14)
(1, 13)
(2, 13)
(3, 13)
(4, 13)
(4, 12)
(4, 11)
(4, 10)
(4, 9)
(4, 8)
(4, 7)
(4, 6)
(4, 5)
(4, 4)
(4, 3)
(5, 3)
(6, 3)
(7, 3)
(8, 3)
(9, 3)
(10, 3)
kaikki ok
Reitin pituus: 9
(9, 11)
(10, 11)
(11, 11)
(12, 11)
(12, 12)
(12, 13)
(13, 13)
(14, 13)
(15, 13)
(16, 13)
kaikki ok
Reitin pituus: 10
(10, 19)
(10, 18)
(10, 17)
(11, 17)
(12, 17)
(12, 16)
(12, 15)
(11, 15)
(10, 15)
(10, 14)
(10, 13)
kaikki ok
Reitin pituus: 24
(1, 1)
(1, 2)
(1, 3)
(2, 3)
(3, 3)
(4, 3)
(5, 3)
(6, 3)
(6, 4)
(6, 5)
(7, 5)
(8, 5)
(8, 6)
(8, 7)
(9, 7)
(10, 7)
(11, 7)
(12, 7)
(12, 8)
(12, 9)
(12, 10)
(12, 11)
(12, 12)
(12, 13)
(13, 13)
kaikki ok
Reitin pituus: 19
(3, 13)
(4, 13)
(5, 13)
(6, 13)
(6, 12)
(6, 11)
(6, 10)
(6, 9)
(6, 8)
(6, 7)
(7, 7)
(8, 7)
(9, 7)
(10, 7)
(10, 6)
(10, 5)
(11, 5)
(12, 5)
(12, 4)
(12, 3)
kaikki ok
Reitin pituus: 19
(12, 17)
(12, 16)
(12, 15)
(13, 15)
(14, 15)
(14, 14)
(14, 13)
(14, 12)
(14, 11)
(14, 10)
(14, 9)
(14, 8)
(14, 7)
(14, 6)
(14, 5)
(14, 4)
(14, 3)
(13, 3)
(12, 3)
(12, 4)
kaikki ok
Reitin pituus: 19
(8, 2)
(8, 3)
(9, 3)
(10, 3)
(11, 3)
(12, 3)
(13, 3)
(14, 3)
(14, 4)
(14, 5)
(14, 6)
(14, 7)
(14, 8)
(14, 9)
(14, 10)
(14, 11)
(14, 12)
(14, 13)
(15, 13)
(16, 13)
kaikki ok
Reitin pituus: 23
(6, 15)
(7, 15)
(8, 15)
(9, 15)
(10, 15)
(10, 14)
(10, 13)
(11, 13)
(12, 13)
(12, 12)
(12, 11)
(12, 10)
(12, 9)
(13, 9)
(14, 9)
(14, 8)
(14, 7)
(14, 6)
(14, 5)
(14, 4)
(14, 3)
(14, 2)
(14, 1)
(13, 1)
kaikki ok
Reitin pituus: 25
(11, 17)
(12, 17)
(12, 16)
(12, 15)
(13, 15)
(14, 15)
(14, 14)
(14, 13)
(14, 12)
(14, 11)
(14, 10)
(14, 9)
(14, 8)
(14, 7)
(14, 6)
(14, 5)
(14, 4)
(14, 3)
(13, 3)
(12, 3)
(11, 3)
(10, 3)
(9, 3)
(8, 3)
(8, 2)
(8, 1)
kaikki ok
Reitin pituus: 18
(14, 7)
(14, 8)
(14, 9)
(13, 9)
(12, 9)
(12, 10)
(12, 11)
(11, 11)
(10, 11)
(9, 11)
(8, 11)
(7, 11)
(6, 11)
(6, 12)
(6, 13)
(5, 13)
(4, 13)
(4, 12)
(4, 11)
kaikki ok
Reitin pituus: 5
(6, 4)
(6, 3)
(5, 3)
(4, 3)
(4, 4)
(4, 5)
kaikki ok
Reitin pituus: 2
(2, 3)
(3, 3)
(4, 3)
kaikki ok
Reitin pituus: 21
(4, 10)
(4, 9)
(5, 9)
(6, 9)
(6, 8)
(6, 7)
(7, 7)
(8, 7)
(9, 7)
(10, 7)
(10, 6)
(10, 5)
(11, 5)
(12, 5)
(12, 4)
(12, 3)
(13, 3)
(14, 3)
(15, 3)
(16, 3)
(17, 3)
(17, 4)
kaikki ok
Reitin pituus: 18
(12, 15)
(13, 15)
(14, 15)
(14, 14)
(14, 13)
(14, 12)
(14, 11)
(14, 10)
(14, 9)
(14, 8)
(14, 7)
(14, 6)
(14, 5)
(14, 4)
(14, 3)
(14, 2)
(14, 1)
(15, 1)
(16, 1)
kaikki ok
Reitin pituus: 29
(1, 18)
(1, 17)
(2, 17)
(3, 17)
(4, 17)
(4, 16)
(4, 15)
(4, 14)
(4, 13)
(4, 12)
(4, 11)
(4, 10)
(4, 9)
(4, 8)
(4, 7)
(4, 6)
(4, 5)
(4, 4)
(4, 3)
(5, 3)
(6, 3)
(7, 3)
(8, 3)
(9, 3)
(10, 3)
(11, 3)
(12, 3)
(13, 3)
(14, 3)
(15, 3)
kaikki ok
Reitin pituus: 18
(11, 17)
(12, 17)
(12, 16)
(12, 15)
(13, 15)
(14, 15)
(14, 14)
(14, 13)
(14, 12)
(14, 11)
(14, 10)
(14, 9)
(14, 8)
(14, 7)
(14, 6)
(14, 5)
(14, 4)
(14, 3)
(14, 2)
kaikki ok
Reitin pituus: 6
(15, 3)
(14, 3)
(13, 3)
(12, 3)
(11, 3)
(10, 3)
(10, 2)
kaikki ok
Reitin pituus: 15
(4, 15)
(4, 14)
(4, 13)
(4, 12)
(4, 11)
(4, 10)
(4, 9)
(4, 8)
(4, 7)
(4, 6)
(4, 5)
(4, 4)
(4, 3)
(5, 3)
(6, 3)
(6, 4)
kaikki ok
Reitin pituus: 16
(5, 19)
(6, 19)
(7, 19)
(8, 19)
(8, 18)
(8, 17)
(7, 17)
(6, 17)
(6, 16)
(6, 15)
(7, 15)
(8, 15)
(9, 15)
(10, 15)
(10, 14)
(10, 13)
(11, 13)
kaikki ok
Reitin pituus: 10
(9, 11)
(10, 11)
(11, 11)
(12, 11)
(12, 12)
(12, 13)
(13, 13)
(14, 13)
(15, 13)
(16, 13)
(17, 13)
kaikki ok
Reitin pituus: 15
(17, 14)
(17, 13)
(16, 13)
(15, 13)
(14, 13)
(13, 13)
(12, 13)
(11, 13)
(10, 13)
(10, 14)
(10, 15)
(9, 15)
(8, 15)
(8, 14)
(8, 13)
(7, 13)
kaikki ok
Reitin pituus: 10
(7, 15)
(6, 15)
(5, 15)
(4, 15)
(4, 16)
(4, 17)
(3, 17)
(2, 17)
(1, 17)
(1, 18)
(1, 19)
kaikki ok
Reitin pituus: 8
(9, 3)
(10, 3)
(11, 3)
(12, 3)
(12, 4)
(12, 5)
(11, 5)
(10, 5)
(10, 6)
kaikki ok
Reitin pituus: 12
(11, 19)
(10, 19)
(9, 19)
(8, 19)
(8, 18)
(8, 17)
(7, 17)
(6, 17)
(6, 16)
(6, 15)
(5, 15)
(4, 15)
(4, 14)
kaikki ok
Reitin pituus: 12
(11, 13)
(12, 13)
(12, 12)
(12, 11)
(12, 10)
(12, 9)
(12, 8)
(12, 7)
(11, 7)
(10, 7)
(9, 7)
(8, 7)
(8, 6)
kaikki ok
Reitin pituus: 16
(8, 2)
(8, 3)
(7, 3)
(6, 3)
(5, 3)
(4, 3)
(4, 4)
(4, 5)
(4, 6)
(4, 7)
(4, 8)
(4, 9)
(5, 9)
(6, 9)
(6, 10)
(6, 11)
(7, 11)
kaikki ok
Reitin pituus: 18
(17, 15)
(17, 14)
(17, 13)
(16, 13)
(15, 13)
(14, 13)
(13, 13)
(12, 13)
(12, 12)
(12, 11)
(11, 11)
(10, 11)
(9, 11)
(8, 11)
(7, 11)
(6, 11)
(6, 10)
(6, 9)
(5, 9)
kaikki ok
Reitin pituus: 14
(4, 1)
(4, 2)
(4, 3)
(4, 4)
(4, 5)
(4, 6)
(4, 7)
(4, 8)
(4, 9)
(5, 9)
(6, 9)
(6, 10)
(6, 11)
(6, 12)
(6, 13)
kaikki ok
Reitin pituus: 9
(4, 9)
(4, 8)
(4, 7)
(4, 6)
(4, 5)
(4, 4)
(4, 3)
(4, 2)
(4, 1)
(3, 1)
kaikki ok
Reitin pituus: 24
(1, 2)
(1, 3)
(2, 3)
(3, 3)
(4, 3)
(5, 3)
(6, 3)
(6, 4)
(6, 5)
(7, 5)
(8, 5)
(8, 6)
(8, 7)
(9, 7)
(10, 7)
(11, 7)
(12, 7)
(12, 8)
(12, 9)
(12, 10)
(12, 11)
(12, 12)
(12, 13)
(13, 13)
(14, 13)
kaikki ok
Reitin pituus: 9
(11, 19)
(12, 19)
(13, 19)
(14, 19)
(15, 19)
(16, 19)
(17, 19)
(17, 18)
(17, 17)
(16, 17)
kaikki ok
Reitin pituus: 13
(6, 7)
(6, 8)
(6, 9)
(6, 10)
(6, 11)
(6, 12)
(6, 13)
(7, 13)
(8, 13)
(8, 14)
(8, 15)
(7, 15)
(6, 15)
(6, 16)
kaikki ok
Reitin pituus: 21
(11, 19)
(10, 19)
(10, 18)
(10, 17)
(11, 17)
(12, 17)
(12, 16)
(12, 15)
(13, 15)
(14, 15)
(14, 14)
(14, 13)
(14, 12)
(14, 11)
(14, 10)
(14, 9)
(14, 8)
(14, 7)
(14, 6)
(14, 5)
(14, 4)
(14, 3)
kaikki ok
Reitin pituus: 25
(14, 3)
(13, 3)
(12, 3)
(12, 4)
(12, 5)
(11, 5)
(10, 5)
(10, 6)
(10, 7)
(9, 7)
(8, 7)
(7, 7)
(6, 7)
(6, 8)
(6, 9)
(6, 10)
(6, 11)
(6, 12)
(6, 13)
(5, 13)
(4, 13)
(3, 13)
(2, 13)
(1, 13)
(1, 14)
(1, 15)
kaikki ok
Reitin pituus: 26
(13, 1)
(14, 1)
(14, 2)
(14, 3)
(14, 4)
(14, 5)
(14, 6)
(14, 7)
(14, 8)
(14, 9)
(14, 10)
(14, 11)
(14, 12)
(14, 13)
(14, 14)
(14, 15)
(13, 15)
(12, 15)
(12, 16)
(12, 17)
(11, 17)
(10, 17)
(10, 18)
(10, 19)
(9, 19)
(8, 19)
(7, 19)
kaikki ok
Reitin pituus: 17
(16, 16)
(16, 17)
(15, 17)
(14, 17)
(14, 16)
(14, 15)
(13, 15)
(12, 15)
(11, 15)
(10, 15)
(9, 15)
(8, 15)
(7, 15)
(6, 15)
(5, 15)
(4, 15)
(4, 16)
(4, 17)
kaikki ok
Reitin pituus: 23
(15, 3)
(14, 3)
(14, 4)
(14, 5)
(14, 6)
(14, 7)
(14, 8)
(14, 9)
(13, 9)
(12, 9)
(12, 10)
(12, 11)
(12, 12)
(12, 13)
(11, 13)
(10, 13)
(10, 14)
(10, 15)
(9, 15)
(8, 15)
(7, 15)
(6, 15)
(6, 16)
(6, 17)
kaikki ok
Reitin pituus: 8
(10, 13)
(11, 13)
(12, 13)
(13, 13)
(14, 13)
(14, 14)
(14, 15)
(14, 16)
(14, 17)
kaikki ok
Reitin pituus: 11
(8, 17)
(8, 18)
(8, 19)
(7, 19)
(6, 19)
(5, 19)
(4, 19)
(3, 19)
(2, 19)
(1, 19)
(1, 18)
(1, 17)
kaikki ok
Reitin pituus: 28
(6, 19)
(7, 19)
(8, 19)
(9, 19)
(10, 19)
(10, 18)
(10, 17)
(11, 17)
(12, 17)
(12, 16)
(12, 15)
(13, 15)
(14, 15)
(14, 14)
(14, 13)
(14, 12)
(14, 11)
(14, 10)
(14, 9)
(14, 8)
(14, 7)
(14, 6)
(14, 5)
(14, 4)
(14, 3)
(14, 2)
(14, 1)
(15, 1)
(16, 1)
kaikki ok
Reitin pituus: 11
(12, 11)
(12, 10)
(12, 9)
(13, 9)
(14, 9)
(14, 8)
(14, 7)
(14, 6)
(14, 5)
(14, 4)
(14, 3)
(13, 3)
kaikki ok
Reitin pituus: 15
(6, 13)
(7, 13)
(8, 13)
(8, 14)
(8, 15)
(9, 15)
(10, 15)
(11, 15)
(12, 15)
(12, 16)
(12, 17)
(11, 17)
(10, 17)
(10, 18)
(10, 19)
(11, 19)
kaikki ok
Reitin pituus: 12
(10, 6)
(10, 7)
(11, 7)
(12, 7)
(12, 8)
(12, 9)
(13, 9)
(14, 9)
(14, 10)
(14, 11)
(14, 12)
(14, 13)
(15, 13)
kaikki ok
Reitin pituus: 5
(10, 7)
(11, 7)
(12, 7)
(12, 8)
(12, 9)
(12, 10)
kaikki ok
Reitin pituus: 21
(7, 15)
(8, 15)
(9, 15)
(10, 15)
(11, 15)
(12, 15)
(13, 15)
(14, 15)
(14, 14)
(14, 13)
(14, 12)
(14, 11)
(14, 10)
(14, 9)
(14, 8)
(14, 7)
(14, 6)
(14, 5)
(14, 4)
(14, 3)
(15, 3)
(16, 3)
kaikki ok
Reitin pituus: 22
(6, 19)
(7, 19)
(8, 19)
(9, 19)
(10, 19)
(10, 18)
(10, 17)
(11, 17)
(12, 17)
(12, 16)
(12, 15)
(13, 15)
(14, 15)
(14, 14)
(14, 13)
(13, 13)
(12, 13)
(12, 12)
(12, 11)
(12, 10)
(12, 9)
(12, 8)
(12, 7)
kaikki ok
Reitin pituus: 14
(5, 1)
(4, 1)
(4, 2)
(4, 3)
(4, 4)
(4, 5)
(4, 6)
(4, 7)
(4, 8)
(4, 9)
(5, 9)
(6, 9)
(6, 10)
(6, 11)
(6, 12)
kaikki ok
Reitin pituus: 15
(2, 3)
(3, 3)
(4, 3)
(4, 4)
(4, 5)
(4, 6)
(4, 7)
(4, 8)
(4, 9)
(5, 9)
(6, 9)
(6, 10)
(6, 11)
(6, 12)
(6, 13)
(7, 13)
kaikki ok
Reitin pituus: 11
(8, 11)
(7, 11)
(6, 11)
(6, 10)
(6, 9)
(6, 8)
(6, 7)
(7, 7)
(8, 7)
(9, 7)
(10, 7)
(10, 6)
kaikki ok
Reitin pituus: 21
(7, 17)
(6, 17)
(6, 16)
(6, 15)
(5, 15)
(4, 15)
(4, 14)
(4, 13)
(4, 12)
(4, 11)
(4, 10)
(4, 9)
(4, 8)
(4, 7)
(4, 6)
(4, 5)
(4, 4)
(4, 3)
(4, 2)
(4, 1)
(3, 1)
(2, 1)
kaikki ok
Reitin pituus: 10
(10, 7)
(10, 6)
(10, 5)
(11, 5)
(12, 5)
(12, 4)
(12, 3)
(11, 3)
(10, 3)
(10, 2)
(10, 1)
kaikki ok
Reitin pituus: 11
(12, 17)
(12, 16)
(12, 15)
(13, 15)
(14, 15)
(14, 16)
(14, 17)
(15, 17)
(16, 17)
(16, 16)
(16, 15)
(17, 15)
kaikki ok
Reitin pituus: 3
(8, 13)
(7, 13)
(6, 13)
(5, 13)
kaikki ok
Reitin pituus: 29
(2, 3)
(3, 3)
(4, 3)
(5, 3)
(6, 3)
(6, 4)
(6, 5)
(7, 5)
(8, 5)
(8, 6)
(8, 7)
(9, 7)
(10, 7)
(11, 7)
(12, 7)
(12, 8)
(12, 9)
(12, 10)
(12, 11)
(12, 12)
(12, 13)
(13, 13)
(14, 13)
(14, 14)
(14, 15)
(14, 16)
(14, 17)
(15, 17)
(16, 17)
(16, 16)
kaikki ok
Reitin pituus: 14
(6, 4)
(6, 5)
(7, 5)
(8, 5)
(8, 6)
(8, 7)
(9, 7)
(10, 7)
(11, 7)
(12, 7)
(12, 8)
(12, 9)
(12, 10)
(12, 11)
(11, 11)
kaikki ok
Reitin pituus: 12
(10, 6)
(10, 7)
(9, 7)
(8, 7)
(7, 7)
(6, 7)
(6, 8)
(6, 9)
(6, 10)
(6, 11)
(6, 12)
(6, 13)
(7, 13)
kaikki ok
Reitin pituus: 30
(6, 1)
(7, 1)
(8, 1)
(8, 2)
(8, 3)
(9, 3)
(10, 3)
(11, 3)
(12, 3)
(13, 3)
(14, 3)
(14, 4)
(14, 5)
(14, 6)
(14, 7)
(14, 8)
(14, 9)
(14, 10)
(14, 11)
(14, 12)
(14, 13)
(14, 14)
(14, 15)
(14, 16)
(14, 17)
(15, 17)
(16, 17)
(17, 17)
(17, 18)
(17, 19)
(16, 19)
kaikki ok
Reitin pituus: 13
(12, 19)
(11, 19)
(10, 19)
(10, 18)
(10, 17)
(11, 17)
(12, 17)
(12, 16)
(12, 15)
(13, 15)
(14, 15)
(14, 14)
(14, 13)
(13, 13)
kaikki ok
Reitin pituus: 15
(4, 1)
(4, 2)
(4, 3)
(5, 3)
(6, 3)
(7, 3)
(8, 3)
(9, 3)
(10, 3)
(11, 3)
(12, 3)
(13, 3)
(14, 3)
(14, 2)
(14, 1)
(15, 1)
kaikki ok
Reitin pituus: 22
(8, 17)
(7, 17)
(6, 17)
(6, 16)
(6, 15)
(5, 15)
(4, 15)
(4, 14)
(4, 13)
(4, 12)
(4, 11)
(4, 10)
(4, 9)
(4, 8)
(4, 7)
(4, 6)
(4, 5)
(4, 4)
(4, 3)
(5, 3)
(6, 3)
(7, 3)
(8, 3)
kaikki ok
Reitin pituus: 4
(13, 3)
(14, 3)
(14, 4)
(14, 5)
(14, 6)
kaikki ok
Reitin pituus: 18
(1, 15)
(2, 15)
(2, 16)
(2, 17)
(1, 17)
(1, 18)
(1, 19)
(2, 19)
(3, 19)
(4, 19)
(5, 19)
(6, 19)
(7, 19)
(8, 19)
(9, 19)
(10, 19)
(10, 18)
(10, 17)
(11, 17)
kaikki ok
Reitin pituus: 15
(9, 9)
(9, 8)
(9, 7)
(10, 7)
(11, 7)
(12, 7)
(12, 8)
(12, 9)
(13, 9)
(14, 9)
(14, 10)
(14, 11)
(14, 12)
(14, 13)
(14, 14)
(14, 15)
kaikki ok
Reitin pituus: 28
(15, 19)
(14, 19)
(13, 19)
(12, 19)
(11, 19)
(10, 19)
(9, 19)
(8, 19)
(8, 18)
(8, 17)
(7, 17)
(6, 17)
(6, 16)
(6, 15)
(5, 15)
(4, 15)
(4, 14)
(4, 13)
(4, 12)
(4, 11)
(4, 10)
(4, 9)
(4, 8)
(4, 7)
(4, 6)
(4, 5)
(3, 5)
(2, 5)
(1, 5)
kaikki ok
Reitin pituus: 6
(12, 15)
(12, 16)
(12, 17)
(11, 17)
(10, 17)
(10, 18)
(10, 19)
kaikki ok
Reitin pituus: 12
(5, 9)
(6, 9)
(6, 10)
(6, 11)
(7, 11)
(8, 11)
(9, 11)
(10, 11)
(11, 11)
(12, 11)
(12, 10)
(12, 9)
(13, 9)
kaikki ok
Reitin pituus: 11
(4, 9)
(5, 9)
(6, 9)
(6, 10)
(6, 11)
(7, 11)
(8, 11)
(9, 11)
(10, 11)
(11, 11)
(12, 11)
(12, 12)
kaikki ok
Reitin pituus: 8
(8, 19)
(9, 19)
(10, 19)
(11, 19)
(12, 19)
(13, 19)
(14, 19)
(15, 19)
(16, 19)
kaikki ok
Reitin pituus: 1
(4, 1)
(4, 2)
kaikki ok
Reitin pituus: 8
(9, 15)
(8, 15)
(8, 14)
(8, 13)
(7, 13)
(6, 13)
(6, 12)
(6, 11)
(6, 10)
kaikki ok
Reitin pituus: 5
(16, 1)
(15, 1)
(14, 1)
(14, 2)
(14, 3)
(14, 4)
kaikki ok
Reitin pituus: 16
(2, 3)
(3, 3)
(4, 3)
(5, 3)
(6, 3)
(7, 3)
(8, 3)
(9, 3)
(10, 3)
(11, 3)
(12, 3)
(13, 3)
(14, 3)
(14, 4)
(14, 5)
(14, 6)
(14, 7)
kaikki ok
Reitin pituus: 22
(14, 11)
(14, 10)
(14, 9)
(14, 8)
(14, 7)
(14, 6)
(14, 5)
(14, 4)
(14, 3)
(13, 3)
(12, 3)
(11, 3)
(10, 3)
(9, 3)
(8, 3)
(8, 2)
(8, 1)
(7, 1)
(6, 1)
(5, 1)
(4, 1)
(3, 1)
(2, 1)
kaikki ok
Reitin pituus: 25
(13, 19)
(12, 19)
(11, 19)
(10, 19)
(10, 18)
(10, 17)
(11, 17)
(12, 17)
(12, 16)
(12, 15)
(13, 15)
(14, 15)
(14, 14)
(14, 13)
(14, 12)
(14, 11)
(14, 10)
(14, 9)
(14, 8)
(14, 7)
(14, 6)
(14, 5)
(14, 4)
(14, 3)
(15, 3)
(16, 3)
kaikki ok
Reitin pituus: 10
(6, 16)
(6, 15)
(7, 15)
(8, 15)
(9, 15)
(10, 15)
(11, 15)
(12, 15)
(13, 15)
(14, 15)
(14, 16)
kaikki ok
Reitin pituus: 11
(1, 1)
(2, 1)
(3, 1)
(4, 1)
(5, 1)
(6, 1)
(7, 1)
(8, 1)
(8, 2)
(8, 3)
(9, 3)
(10, 3)
kaikki ok
Reitin pituus: 4
(10, 7)
(9, 7)
(8, 7)
(7, 7)
(6, 7)
kaikki ok
Reitin pituus: 26
(17, 19)
(17, 18)
(17, 17)
(16, 17)
(15, 17)
(14, 17)
(14, 16)
(14, 15)
(14, 14)
(14, 13)
(14, 12)
(14, 11)
(14, 10)
(14, 9)
(14, 8)
(14, 7)
(14, 6)
(14, 5)
(14, 4)
(14, 3)
(13, 3)
(12, 3)
(11, 3)
(10, 3)
(9, 3)
(8, 3)
(7, 3)
kaikki ok
Reitin pituus: 8
(12, 17)
(12, 16)
(12, 15)
(11, 15)
(10, 15)
(9, 15)
(8, 15)
(8, 14)
(8, 13)
kaikki ok
Reitin pituus: 16
(11, 17)
(12, 17)
(12, 16)
(12, 15)
(13, 15)
(14, 15)
(14, 14)
(14, 13)
(14, 12)
(14, 11)
(14, 10)
(14, 9)
(13, 9)
(12, 9)
(12, 8)
(12, 7)
(11, 7)
kaikki ok
Reitin pituus: 13
(14, 15)
(14, 14)
(14, 13)
(13, 13)
(12, 13)
(12, 12)
(12, 11)
(12, 10)
(12, 9)
(12, 8)
(12, 7)
(11, 7)
(10, 7)
(9, 7)
kaikki ok
Reitin pituus: 17
(4, 17)
(4, 16)
(4, 15)
(4, 14)
(4, 13)
(5, 13)
(6, 13)
(6, 12)
(6, 11)
(6, 10)
(6, 9)
(6, 8)
(6, 7)
(7, 7)
(8, 7)
(9, 7)
(9, 8)
(9, 9)
kaikki ok
Reitin pituus: 15
(6, 11)
(6, 12)
(6, 13)
(5, 13)
(4, 13)
(4, 14)
(4, 15)
(4, 16)
(4, 17)
(3, 17)
(2, 17)
(1, 17)
(1, 18)
(1, 19)
(2, 19)
(3, 19)
kaikki ok
Reitin pituus: 15
(7, 1)
(8, 1)
(8, 2)
(8, 3)
(7, 3)
(6, 3)
(6, 4)
(6, 5)
(7, 5)
(8, 5)
(8, 6)
(8, 7)
(9, 7)
(9, 8)
(9, 9)
(10, 9)
kaikki ok
Reitin pituus: 16
(14, 9)
(14, 10)
(14, 11)
(14, 12)
(14, 13)
(14, 14)
(14, 15)
(14, 16)
(14, 17)
(15, 17)
(16, 17)
(17, 17)
(17, 18)
(17, 19)
(16, 19)
(15, 19)
(14, 19)
kaikki ok
Reitin pituus: 8
(6, 17)
(6, 16)
(6, 15)
(7, 15)
(8, 15)
(9, 15)
(10, 15)
(11, 15)
(12, 15)
kaikki ok
Reitin pituus: 23
(2, 19)
(1, 19)
(1, 18)
(1, 17)
(2, 17)
(3, 17)
(4, 17)
(4, 16)
(4, 15)
(4, 14)
(4, 13)
(5, 13)
(6, 13)
(6, 12)
(6, 11)
(6, 10)
(6, 9)
(6, 8)
(6, 7)
(7, 7)
(8, 7)
(9, 7)
(10, 7)
(11, 7)
kaikki ok
Reitin pituus: 21
(10, 9)
(9, 9)
(9, 8)
(9, 7)
(8, 7)
(7, 7)
(6, 7)
(6, 8)
(6, 9)
(6, 10)
(6, 11)
(6, 12)
(6, 13)
(5, 13)
(4, 13)
(4, 14)
(4, 15)
(4, 16)
(4, 17)
(3, 17)
(2, 17)
(1, 17)
kaikki ok
Reitin pituus: 12
(12, 4)
(12, 5)
(11, 5)
(10, 5)
(10, 6)
(10, 7)
(11, 7)
(12, 7)
(12, 8)
(12, 9)
(12, 10)
(12, 11)
(11, 11)
kaikki ok
Reitin pituus: 14
(3, 19)
(2, 19)
(1, 19)
(1, 18)
(1, 17)
(2, 17)
(3, 17)
(4, 17)
(4, 16)
(4, 15)
(4, 14)
(4, 13)
(4, 12)
(4, 11)
(4, 10)
kaikki ok
Reitin pituus: 17
(14, 14)
(14, 15)
(13, 15)
(12, 15)
(12, 16)
(12, 17)
(11, 17)
(10, 17)
(10, 18)
(10, 19)
(9, 19)
(8, 19)
(7, 19)
(6, 19)
(5, 19)
(4, 19)
(3, 19)
(2, 19)
kaikki ok
Reitin pituus: 16
(3, 1)
(4, 1)
(4, 2)
(4, 3)
(5, 3)
(6, 3)
(6, 4)
(6, 5)
(7, 5)
(8, 5)
(8, 6)
(8, 7)
(9, 7)
(10, 7)
(11, 7)
(12, 7)
(12, 8)
kaikki ok
Reitin pituus: 30
(1, 1)
(1, 2)
(1, 3)
(1, 4)
(1, 5)
(2, 5)
(3, 5)
(4, 5)
(4, 6)
(4, 7)
(4, 8)
(4, 9)
(4, 10)
(4, 11)
(4, 12)
(4, 13)
(4, 14)
(4, 15)
(5, 15)
(6, 15)
(6, 16)
(6, 17)
(7, 17)
(8, 17)
(8, 18)
(8, 19)
(9, 19)
(10, 19)
(11, 19)
(12, 19)
(13, 19)
kaikki ok
Reitin pituus: 17
(17, 2)
(17, 3)
(16, 3)
(15, 3)
(14, 3)
(13, 3)
(12, 3)
(11, 3)
(10, 3)
(9, 3)
(8, 3)
(7, 3)
(6, 3)
(5, 3)
(4, 3)
(4, 4)
(4, 5)
(4, 6)
kaikki ok
Reitin pituus: 17
(1, 1)
(1, 2)
(1, 3)
(2, 3)
(3, 3)
(4, 3)
(5, 3)
(6, 3)
(6, 4)
(6, 5)
(7, 5)
(8, 5)
(8, 6)
(8, 7)
(9, 7)
(10, 7)
(10, 6)
(10, 5)
kaikki ok
Reitin pituus: 6
(7, 15)
(8, 15)
(9, 15)
(10, 15)
(11, 15)
(12, 15)
(12, 16)
kaikki ok
Reitin pituus: 12
(8, 13)
(7, 13)
(6, 13)
(5, 13)
(4, 13)
(4, 14)
(4, 15)
(4, 16)
(4, 17)
(3, 17)
(2, 17)
(1, 17)
(1, 18)
kaikki ok
Reitin pituus: 9
(8, 15)
(9, 15)
(10, 15)
(11, 15)
(12, 15)
(12, 16)
(12, 17)
(11, 17)
(10, 17)
(10, 18)
kaikki ok
Reitin pituus: 13
(11, 7)
(12, 7)
(12, 8)
(12, 9)
(13, 9)
(14, 9)
(14, 10)
(14, 11)
(14, 12)
(14, 13)
(14, 14)
(14, 15)
(13, 15)
(12, 15)
kaikki ok
Reitin pituus: 4
(4, 15)
(4, 14)
(4, 13)
(5, 13)
(6, 13)
kaikki ok
Reitin pituus: 20
(1, 1)
(1, 2)
(1, 3)
(1, 4)
(1, 5)
(2, 5)
(3, 5)
(4, 5)
(4, 6)
(4, 7)
(4, 8)
(4, 9)
(5, 9)
(6, 9)
(6, 10)
(6, 11)
(6, 12)
(6, 13)
(7, 13)
(8, 13)
(8, 14)
kaikki ok
Reitin pituus: 22
(8, 3)
(9, 3)
(10, 3)
(11, 3)
(12, 3)
(13, 3)
(14, 3)
(14, 4)
(14, 5)
(14, 6)
(14, 7)
(14, 8)
(14, 9)
(14, 10)
(14, 11)
(14, 12)
(14, 13)
(14, 14)
(14, 15)
(13, 15)
(12, 15)
(12, 16)
(12, 17)
kaikki ok
Reitin pituus: 19
(1, 5)
(1, 4)
(1, 3)
(2, 3)
(3, 3)
(4, 3)
(5, 3)
(6, 3)
(7, 3)
(8, 3)
(9, 3)
(10, 3)
(11, 3)
(12, 3)
(13, 3)
(14, 3)
(15, 3)
(16, 3)
(17, 3)
(17, 2)
kaikki ok
Reitin pituus: 21
(14, 17)
(14, 16)
(14, 15)
(13, 15)
(12, 15)
(11, 15)
(10, 15)
(9, 15)
(8, 15)
(8, 14)
(8, 13)
(7, 13)
(6, 13)
(6, 12)
(6, 11)
(6, 10)
(6, 9)
(5, 9)
(4, 9)
(4, 8)
(4, 7)
(4, 6)
kaikki ok
Reitin pituus: 17
(8, 15)
(8, 14)
(8, 13)
(7, 13)
(6, 13)
(6, 12)
(6, 11)
(6, 10)
(6, 9)
(6, 8)
(6, 7)
(7, 7)
(8, 7)
(8, 6)
(8, 5)
(7, 5)
(6, 5)
(6, 4)
kaikki ok
Reitin pituus: 5
(12, 15)
(13, 15)
(14, 15)
(14, 14)
(14, 13)
(13, 13)
kaikki ok
Reitin pituus: 22
(6, 15)
(7, 15)
(8, 15)
(9, 15)
(10, 15)
(10, 14)
(10, 13)
(11, 13)
(12, 13)
(12, 12)
(12, 11)
(12, 10)
(12, 9)
(13, 9)
(14, 9)
(14, 8)
(14, 7)
(14, 6)
(14, 5)
(14, 4)
(14, 3)
(15, 3)
(16, 3)
kaikki ok
Reitin pituus: 8
(7, 7)
(6, 7)
(6, 8)
(6, 9)
(6, 10)
(6, 11)
(6, 12)
(6, 13)
(5, 13)
kaikki ok
Reitin pituus: 0
(8, 2)
kaikki ok
Reitin pituus: 10
(9, 7)
(8, 7)
(7, 7)
(6, 7)
(6, 8)
(6, 9)
(6, 10)
(6, 11)
(7, 11)
(8, 11)
(9, 11)
kaikki ok
Reitin pituus: 7
(8, 18)
(8, 19)
(9, 19)
(10, 19)
(10, 18)
(10, 17)
(11, 17)
(12, 17)
kaikki ok
Reitin pituus: 2
(12, 16)
(12, 17)
(11, 17)
kaikki ok
Reitin pituus: 16
(3, 17)
(4, 17)
(4, 16)
(4, 15)
(5, 15)
(6, 15)
(7, 15)
(8, 15)
(9, 15)
(10, 15)
(10, 14)
(10, 13)
(11, 13)
(12, 13)
(12, 12)
(12, 11)
(12, 10)
kaikki ok
Reitin pituus: 16
(14, 15)
(14, 14)
(14, 13)
(13, 13)
(12, 13)
(12, 12)
(12, 11)
(12, 10)
(12, 9)
(12, 8)
(12, 7)
(11, 7)
(10, 7)
(9, 7)
(9, 8)
(9, 9)
(10, 9)
kaikki ok
Reitin pituus: 27
(4, 17)
(4, 16)
(4, 15)
(5, 15)
(6, 15)
(7, 15)
(8, 15)
(9, 15)
(10, 15)
(10, 14)
(10, 13)
(11, 13)
(12, 13)
(12, 12)
(12, 11)
(12, 10)
(12, 9)
(13, 9)
(14, 9)
(14, 8)
(14, 7)
(14, 6)
(14, 5)
(14, 4)
(14, 3)
(15, 3)
(16, 3)
(17, 3)
kaikki ok
Reitin pituus: 11
(2, 17)
(3, 17)
(4, 17)
(4, 16)
(4, 15)
(4, 14)
(4, 13)
(4, 12)
(4, 11)
(4, 10)
(4, 9)
(5, 9)
kaikki ok
Reitin pituus: 21
(1, 3)
(2, 3)
(3, 3)
(4, 3)
(4, 4)
(4, 5)
(4, 6)
(4, 7)
(4, 8)
(4, 9)
(4, 10)
(4, 11)
(4, 12)
(4, 13)
(4, 14)
(4, 15)
(4, 16)
(4, 17)
(3, 17)
(2, 17)
(1, 17)
(1, 18)
kaikki ok
Reitin pituus: 12
(4, 16)
(4, 15)
(5, 15)
(6, 15)
(7, 15)
(8, 15)
(9, 15)
(10, 15)
(11, 15)
(12, 15)
(13, 15)
(14, 15)
(14, 14)
kaikki ok
Reitin pituus: 6
(16, 15)
(17, 15)
(17, 14)
(17, 13)
(16, 13)
(15, 13)
(14, 13)
kaikki ok
Reitin pituus: 21
(11, 1)
(12, 1)
(13, 1)
(14, 1)
(14, 2)
(14, 3)
(14, 4)
(14, 5)
(14, 6)
(14, 7)
(14, 8)
(14, 9)
(14, 10)
(14, 11)
(14, 12)
(14, 13)
(15, 13)
(16, 13)
(17, 13)
(17, 14)
(17, 15)
(16, 15)
kaikki ok
Reitin pituus: 10
(4, 10)
(4, 9)
(4, 8)
(4, 7)
(4, 6)
(4, 5)
(4, 4)
(4, 3)
(4, 2)
(4, 1)
(3, 1)
kaikki ok
Reitin pituus: 12
(12, 5)
(12, 4)
(12, 3)
(11, 3)
(10, 3)
(9, 3)
(8, 3)
(8, 2)
(8, 1)
(7, 1)
(6, 1)
(5, 1)
(4, 1)
kaikki ok
Reitin pituus: 10
(8, 5)
(8, 6)
(8, 7)
(7, 7)
(6, 7)
(6, 8)
(6, 9)
(6, 10)
(6, 11)
(7, 11)
(8, 11)
kaikki ok
Reitin pituus: 21
(6, 13)
(6, 12)
(6, 11)
(6, 10)
(6, 9)
(6, 8)
(6, 7)
(7, 7)
(8, 7)
(9, 7)
(10, 7)
(10, 6)
(10, 5)
(11, 5)
(12, 5)
(12, 4)
(12, 3)
(13, 3)
(14, 3)
(14, 2)
(14, 1)
(15, 1)
kaikki ok
Reitin pituus: 12
(10, 15)
(10, 14)
(10, 13)
(11, 13)
(12, 13)
(12, 12)
(12, 11)
(12, 10)
(12, 9)
(12, 8)
(12, 7)
(11, 7)
(10, 7)
kaikki ok
Reitin pituus: 9
(10, 3)
(9, 3)
(8, 3)
(7, 3)
(6, 3)
(5, 3)
(4, 3)
(4, 4)
(4, 5)
(4, 6)
kaikki ok
Reitin pituus: 22
(8, 17)
(7, 17)
(6, 17)
(6, 16)
(6, 15)
(7, 15)
(8, 15)
(9, 15)
(10, 15)
(10, 14)
(10, 13)
(11, 13)
(12, 13)
(12, 12)
(12, 11)
(12, 10)
(12, 9)
(13, 9)
(14, 9)
(14, 8)
(14, 7)
(14, 6)
(14, 5)
kaikki ok
Reitin pituus: 25
(4, 19)
(3, 19)
(2, 19)
(1, 19)
(1, 18)
(1, 17)
(2, 17)
(3, 17)
(4, 17)
(4, 16)
(4, 15)
(4, 14)
(4, 13)
(4, 12)
(4, 11)
(4, 10)
(4, 9)
(4, 8)
(4, 7)
(4, 6)
(4, 5)
(4, 4)
(4, 3)
(4, 2)
(4, 1)
(3, 1)
kaikki ok
Reitin pituus: 7
(15, 13)
(14, 13)
(14, 12)
(14, 11)
(14, 10)
(14, 9)
(14, 8)
(14, 7)
kaikki ok
Reitin pituus: 17
(3, 13)
(4, 13)
(4, 14)
(4, 15)
(5, 15)
(6, 15)
(7, 15)
(8, 15)
(9, 15)
(10, 15)
(11, 15)
(12, 15)
(13, 15)
(14, 15)
(14, 16)
(14, 17)
(15, 17)
(16, 17)
kaikki ok
Reitin pituus: 15
(2, 17)
(3, 17)
(4, 17)
(4, 16)
(4, 15)
(4, 14)
(4, 13)
(4, 12)
(4, 11)
(4, 10)
(4, 9)
(4, 8)
(4, 7)
(4, 6)
(4, 5)
(3, 5)
kaikki ok
Reitin pituus: 20
(10, 5)
(10, 6)
(10, 7)
(11, 7)
(12, 7)
(12, 8)
(12, 9)
(12, 10)
(12, 11)
(12, 12)
(12, 13)
(11, 13)
(10, 13)
(10, 14)
(10, 15)
(11, 15)
(12, 15)
(12, 16)
(12, 17)
(11, 17)
(10, 17)
kaikki ok
Reitin pituus: 19
(6, 3)
(5, 3)
(4, 3)
(4, 4)
(4, 5)
(4, 6)
(4, 7)
(4, 8)
(4, 9)
(4, 10)
(4, 11)
(4, 12)
(4, 13)
(4, 14)
(4, 15)
(4, 16)
(4, 17)
(3, 17)
(2, 17)
(2, 16)
kaikki ok
Reitin pituus: 22
(16, 15)
(17, 15)
(17, 14)
(17, 13)
(16, 13)
(15, 13)
(14, 13)
(13, 13)
(12, 13)
(12, 12)
(12, 11)
(12, 10)
(12, 9)
(12, 8)
(12, 7)
(11, 7)
(10, 7)
(9, 7)
(8, 7)
(8, 6)
(8, 5)
(7, 5)
(6, 5)
kaikki ok
Reitin pituus: 25
(5, 19)
(6, 19)
(7, 19)
(8, 19)
(9, 19)
(10, 19)
(10, 18)
(10, 17)
(11, 17)
(12, 17)
(12, 16)
(12, 15)
(13, 15)
(14, 15)
(14, 14)
(14, 13)
(14, 12)
(14, 11)
(14, 10)
(14, 9)
(14, 8)
(14, 7)
(14, 6)
(14, 5)
(14, 4)
(14, 3)
kaikki ok
Reitin pituus: 25
(10, 17)
(11, 17)
(12, 17)
(12, 16)
(12, 15)
(11, 15)
(10, 15)
(9, 15)
(8, 15)
(8, 14)
(8, 13)
(7, 13)
(6, 13)
(6, 12)
(6, 11)
(6, 10)
(6, 9)
(6, 8)
(6, 7)
(7, 7)
(8, 7)
(8, 6)
(8, 5)
(7, 5)
(6, 5)
(6, 4)
kaikki ok
Reitin pituus: 19
(3, 3)
(4, 3)
(5, 3)
(6, 3)
(6, 4)
(6, 5)
(7, 5)
(8, 5)
(8, 6)
(8, 7)
(9, 7)
(10, 7)
(11, 7)
(12, 7)
(12, 8)
(12, 9)
(12, 10)
(12, 11)
(12, 12)
(12, 13)
kaikki ok
Reitin pituus: 18
(3, 1)
(4, 1)
(4, 2)
(4, 3)
(4, 4)
(4, 5)
(4, 6)
(4, 7)
(4, 8)
(4, 9)
(4, 10)
(4, 11)
(4, 12)
(4, 13)
(4, 14)
(4, 15)
(5, 15)
(6, 15)
(7, 15)
kaikki ok
Reitin pituus: 6
(1, 15)
(1, 14)
(1, 13)
(2, 13)
(3, 13)
(4, 13)
(4, 12)
kaikki ok
Reitin pituus: 11
(4, 5)
(4, 6)
(4, 7)
(4, 8)
(4, 9)
(4, 10)
(4, 11)
(4, 12)
(4, 13)
(4, 14)
(4, 15)
(5, 15)
kaikki ok
Reitin pituus: 12
(14, 12)
(14, 11)
(14, 10)
(14, 9)
(14, 8)
(14, 7)
(14, 6)
(14, 5)
(14, 4)
(14, 3)
(13, 3)
(12, 3)
(12, 4)
kaikki ok
Reitin pituus: 5
(4, 7)
(4, 8)
(4, 9)
(5, 9)
(6, 9)
(6, 10)
kaikki ok
Reitin pituus: 13
(14, 9)
(14, 10)
(14, 11)
(14, 12)
(14, 13)
(14, 14)
(14, 15)
(13, 15)
(12, 15)
(11, 15)
(10, 15)
(9, 15)
(8, 15)
(8, 14)
kaikki ok
Reitin pituus: 12
(14, 17)
(14, 16)
(14, 15)
(13, 15)
(12, 15)
(11, 15)
(10, 15)
(9, 15)
(8, 15)
(7, 15)
(6, 15)
(5, 15)
(4, 15)
kaikki ok
Reitin pituus: 27
(17, 1)
(17, 2)
(17, 3)
(17, 4)
(17, 5)
(16, 5)
(15, 5)
(14, 5)
(14, 6)
(14, 7)
(14, 8)
(14, 9)
(14, 10)
(14, 11)
(14, 12)
(14, 13)
(14, 14)
(14, 15)
(13, 15)
(12, 15)
(12, 16)
(12, 17)
(11, 17)
(10, 17)
(10, 18)
(10, 19)
(9, 19)
(8, 19)
kaikki ok
Reitin pituus: 8
(9, 11)
(10, 11)
(11, 11)
(12, 11)
(12, 12)
(12, 13)
(11, 13)
(10, 13)
(10, 14)
kaikki ok
Reitin pituus: 28
(17, 17)
(16, 17)
(15, 17)
(14, 17)
(14, 16)
(14, 15)
(13, 15)
(12, 15)
(11, 15)
(10, 15)
(9, 15)
(8, 15)
(8, 14)
(8, 13)
(7, 13)
(6, 13)
(6, 12)
(6, 11)
(6, 10)
(6, 9)
(5, 9)
(4, 9)
(4, 8)
(4, 7)
(4, 6)
(4, 5)
(4, 4)
(4, 3)
(4, 2)
kaikki ok
Reitin pituus: 13
(9, 11)
(8, 11)
(7, 11)
(6, 11)
(6, 12)
(6, 13)
(5, 13)
(4, 13)
(3, 13)
(2, 13)
(1, 13)
(1, 14)
(1, 15)
(2, 15)
kaikki ok
Reitin pituus: 13
(14, 14)
(14, 13)
(13, 13)
(12, 13)
(12, 12)
(12, 11)
(12, 10)
(12, 9)
(12, 8)
(12, 7)
(11, 7)
(10, 7)
(9, 7)
(8, 7)
kaikki ok
Reitin pituus: 18
(17, 14)
(17, 13)
(16, 13)
(15, 13)
(14, 13)
(13, 13)
(12, 13)
(12, 12)
(12, 11)
(12, 10)
(12, 9)
(12, 8)
(12, 7)
(11, 7)
(10, 7)
(9, 7)
(9, 8)
(9, 9)
(8, 9)
kaikki ok
Reitin pituus: 26
(7, 19)
(8, 19)
(8, 18)
(8, 17)
(7, 17)
(6, 17)
(6, 16)
(6, 15)
(5, 15)
(4, 15)
(4, 14)
(4, 13)
(4, 12)
(4, 11)
(4, 10)
(4, 9)
(4, 8)
(4, 7)
(4, 6)
(4, 5)
(4, 4)
(4, 3)
(4, 2)
(4, 1)
(5, 1)
(6, 1)
(7, 1)
kaikki ok
Reitin pituus: 23
(2, 1)
(3, 1)
(4, 1)
(4, 2)
(4, 3)
(4, 4)
(4, 5)
(4, 6)
(4, 7)
(4, 8)
(4, 9)
(4, 10)
(4, 11)
(4, 12)
(4, 13)
(4, 14)
(4, 15)
(5, 15)
(6, 15)
(6, 16)
(6, 17)
(7, 17)
(8, 17)
(8, 18)
kaikki ok
Reitin pituus: 17
(3, 1)
(4, 1)
(4, 2)
(4, 3)
(5, 3)
(6, 3)
(7, 3)
(8, 3)
(9, 3)
(10, 3)
(11, 3)
(12, 3)
(13, 3)
(14, 3)
(15, 3)
(16, 3)
(17, 3)
(17, 4)
kaikki ok
Reitin pituus: 21
(2, 19)
(3, 19)
(4, 19)
(5, 19)
(6, 19)
(7, 19)
(8, 19)
(9, 19)
(10, 19)
(11, 19)
(12, 19)
(13, 19)
(14, 19)
(15, 19)
(16, 19)
(17, 19)
(17, 18)
(17, 17)
(16, 17)
(16, 16)
(16, 15)
(17, 15)
kaikki ok
Reitin pituus: 14
(2, 16)
(2, 17)
(3, 17)
(4, 17)
(4, 16)
(4, 15)
(4, 14)
(4, 13)
(5, 13)
(6, 13)
(6, 12)
(6, 11)
(6, 10)
(6, 9)
(6, 8)
kaikki ok
Reitin pituus: 13
(14, 5)
(14, 4)
(14, 3)
(13, 3)
(12, 3)
(11, 3)
(10, 3)
(9, 3)
(8, 3)
(7, 3)
(6, 3)
(5, 3)
(4, 3)
(4, 4)
kaikki ok
Reitin pituus: 24
(7, 15)
(6, 15)
(5, 15)
(4, 15)
(4, 14)
(4, 13)
(4, 12)
(4, 11)
(4, 10)
(4, 9)
(4, 8)
(4, 7)
(4, 6)
(4, 5)
(4, 4)
(4, 3)
(5, 3)
(6, 3)
(7, 3)
(8, 3)
(9, 3)
(10, 3)
(10, 2)
(10, 1)
(11, 1)
kaikki ok
Reitin pituus: 15
(15, 1)
(14, 1)
(14, 2)
(14, 3)
(13, 3)
(12, 3)
(12, 4)
(12, 5)
(11, 5)
(10, 5)
(10, 6)
(10, 7)
(9, 7)
(8, 7)
(7, 7)
(6, 7)
kaikki ok
Reitin pituus: 19
(12, 1)
(13, 1)
(14, 1)
(14, 2)
(14, 3)
(14, 4)
(14, 5)
(14, 6)
(14, 7)
(14, 8)
(14, 9)
(14, 10)
(14, 11)
(14, 12)
(14, 13)
(14, 14)
(14, 15)
(14, 16)
(14, 17)
(15, 17)
kaikki ok
Reitin pituus: 14
(14, 8)
(14, 9)
(13, 9)
(12, 9)
(12, 10)
(12, 11)
(11, 11)
(10, 11)
(9, 11)
(8, 11)
(7, 11)
(6, 11)
(6, 12)
(6, 13)
(5, 13)
kaikki ok
Reitin pituus: 20
(17, 17)
(16, 17)
(15, 17)
(14, 17)
(14, 16)
(14, 15)
(14, 14)
(14, 13)
(14, 12)
(14, 11)
(14, 10)
(14, 9)
(14, 8)
(14, 7)
(14, 6)
(14, 5)
(14, 4)
(14, 3)
(14, 2)
(14, 1)
(13, 1)
kaikki ok
Reitin pituus: 6
(10, 17)
(11, 17)
(12, 17)
(12, 16)
(12, 15)
(13, 15)
(14, 15)
kaikki ok
Reitin pituus: 11
(10, 14)
(10, 15)
(9, 15)
(8, 15)
(7, 15)
(6, 15)
(5, 15)
(4, 15)
(4, 14)
(4, 13)
(3, 13)
(2, 13)
kaikki ok
Reitin pituus: 11
(6, 4)
(6, 3)
(7, 3)
(8, 3)
(9, 3)
(10, 3)
(11, 3)
(12, 3)
(13, 3)
(14, 3)
(15, 3)
(16, 3)
kaikki ok
Reitin pituus: 14
(17, 4)
(17, 5)
(16, 5)
(15, 5)
(14, 5)
(14, 6)
(14, 7)
(14, 8)
(14, 9)
(13, 9)
(12, 9)
(12, 10)
(12, 11)
(12, 12)
(12, 13)
kaikki ok
Reitin pituus: 14
(13, 3)
(14, 3)
(14, 4)
(14, 5)
(14, 6)
(14, 7)
(14, 8)
(14, 9)
(13, 9)
(12, 9)
(12, 10)
(12, 11)
(12, 12)
(12, 13)
(11, 13)
kaikki ok
Reitin pituus: 22
(4, 5)
(4, 6)
(4, 7)
(4, 8)
(4, 9)
(5, 9)
(6, 9)
(6, 10)
(6, 11)
(6, 12)
(6, 13)
(7, 13)
(8, 13)
(8, 14)
(8, 15)
(9, 15)
(10, 15)
(11, 15)
(12, 15)
(13, 15)
(14, 15)
(14, 16)
(14, 17)
kaikki ok
Reitin pituus: 26
(10, 19)
(9, 19)
(8, 19)
(8, 18)
(8, 17)
(7, 17)
(6, 17)
(6, 16)
(6, 15)
(5, 15)
(4, 15)
(4, 14)
(4, 13)
(4, 12)
(4, 11)
(4, 10)
(4, 9)
(4, 8)
(4, 7)
(4, 6)
(4, 5)
(4, 4)
(4, 3)
(4, 2)
(4, 1)
(3, 1)
(2, 1)
kaikki ok
Reitin pituus: 10
(2, 15)
(1, 15)
(1, 14)
(1, 13)
(2, 13)
(3, 13)
(4, 13)
(5, 13)
(6, 13)
(7, 13)
(8, 13)
kaikki ok
Reitin pituus: 5
(10, 7)
(9, 7)
(8, 7)
(8, 6)
(8, 5)
(7, 5)
kaikki ok
Reitin pituus: 21
(13, 1)
(14, 1)
(14, 2)
(14, 3)
(14, 4)
(14, 5)
(14, 6)
(14, 7)
(14, 8)
(14, 9)
(14, 10)
(14, 11)
(14, 12)
(14, 13)
(13, 13)
(12, 13)
(11, 13)
(10, 13)
(10, 14)
(10, 15)
(9, 15)
(8, 15)
kaikki ok
Reitin pituus: 5
(12, 17)
(12, 16)
(12, 15)
(11, 15)
(10, 15)
(9, 15)
kaikki ok
Reitin pituus: 17
(7, 3)
(6, 3)
(6, 4)
(6, 5)
(7, 5)
(8, 5)
(8, 6)
(8, 7)
(9, 7)
(10, 7)
(11, 7)
(12, 7)
(12, 8)
(12, 9)
(12, 10)
(12, 11)
(11, 11)
(10, 11)
kaikki ok
Reitin pituus: 4
(10, 6)
(10, 5)
(11, 5)
(12, 5)
(12, 4)
kaikki ok
Reitin pituus: 20
(1, 3)
(2, 3)
(3, 3)
(4, 3)
(5, 3)
(6, 3)
(6, 4)
(6, 5)
(7, 5)
(8, 5)
(8, 6)
(8, 7)
(9, 7)
(10, 7)
(11, 7)
(12, 7)
(12, 8)
(12, 9)
(12, 10)
(12, 11)
(12, 12)
kaikki ok
Reitin pituus: 27
(5, 19)
(6, 19)
(7, 19)
(8, 19)
(9, 19)
(10, 19)
(10, 18)
(10, 17)
(11, 17)
(12, 17)
(12, 16)
(12, 15)
(13, 15)
(14, 15)
(14, 14)
(14, 13)
(14, 12)
(14, 11)
(14, 10)
(14, 9)
(14, 8)
(14, 7)
(14, 6)
(14, 5)
(14, 4)
(14, 3)
(14, 2)
(14, 1)
kaikki ok
Reitin pituus: 20
(4, 6)
(4, 7)
(4, 8)
(4, 9)
(4, 10)
(4, 11)
(4, 12)
(4, 13)
(5, 13)
(6, 13)
(7, 13)
(8, 13)
(8, 14)
(8, 15)
(9, 15)
(10, 15)
(11, 15)
(12, 15)
(13, 15)
(14, 15)
(14, 16)
kaikki ok
Reitin pituus: 10
(5, 15)
(6, 15)
(6, 16)
(6, 17)
(7, 17)
(8, 17)
(8, 18)
(8, 19)
(7, 19)
(6, 19)
(5, 19)
kaikki ok
Reitin pituus: 12
(7, 17)
(8, 17)
(8, 18)
(8, 19)
(9, 19)
(10, 19)
(11, 19)
(12, 19)
(13, 19)
(14, 19)
(15, 19)
(16, 19)
(17, 19)
kaikki ok
Reitin pituus: 5
(4, 6)
(4, 5)
(4, 4)
(4, 3)
(3, 3)
(2, 3)
kaikki ok
Reitin pituus: 22
(6, 4)
(6, 3)
(5, 3)
(4, 3)
(4, 4)
(4, 5)
(4, 6)
(4, 7)
(4, 8)
(4, 9)
(4, 10)
(4, 11)
(4, 12)
(4, 13)
(4, 14)
(4, 15)
(5, 15)
(6, 15)
(6, 16)
(6, 17)
(7, 17)
(8, 17)
(8, 18)
kaikki ok
Reitin pituus: 16
(2, 13)
(3, 13)
(4, 13)
(4, 12)
(4, 11)
(4, 10)
(4, 9)
(4, 8)
(4, 7)
(4, 6)
(4, 5)
(4, 4)
(4, 3)
(4, 2)
(4, 1)
(5, 1)
(6, 1)
kaikki ok
Reitin pituus: 8
(10, 11)
(11, 11)
(12, 11)
(12, 12)
(12, 13)
(11, 13)
(10, 13)
(10, 14)
(10, 15)
kaikki ok
Reitin pituus: 3
(10, 3)
(9, 3)
(8, 3)
(7, 3)
kaikki ok
Reitin pituus: 8
(9, 11)
(10, 11)
(11, 11)
(12, 11)
(12, 10)
(12, 9)
(12, 8)
(12, 7)
(11, 7)
kaikki ok
Reitin pituus: 25
(1, 19)
(1, 18)
(1, 17)
(2, 17)
(3, 17)
(4, 17)
(4, 16)
(4, 15)
(4, 14)
(4, 13)
(4, 12)
(4, 11)
(4, 10)
(4, 9)
(4, 8)
(4, 7)
(4, 6)
(4, 5)
(4, 4)
(4, 3)
(5, 3)
(6, 3)
(7, 3)
(8, 3)
(9, 3)
(10, 3)
kaikki ok
Reitin pituus: 15
(7, 3)
(6, 3)
(6, 4)
(6, 5)
(7, 5)
(8, 5)
(8, 6)
(8, 7)
(9, 7)
(10, 7)
(11, 7)
(12, 7)
(12, 8)
(12, 9)
(12, 10)
(12, 11)
kaikki ok
Reitin pituus: 22
(2, 5)
(3, 5)
(4, 5)
(4, 6)
(4, 7)
(4, 8)
(4, 9)
(5, 9)
(6, 9)
(6, 10)
(6, 11)
(6, 12)
(6, 13)
(7, 13)
(8, 13)
(8, 14)
(8, 15)
(9, 15)
(10, 15)
(11, 15)
(12, 15)
(13, 15)
(14, 15)
kaikki ok
Reitin pituus: 5
(3, 19)
(4, 19)
(5, 19)
(6, 19)
(7, 19)
(8, 19)
kaikki ok
Reitin pituus: 8
(5, 19)
(6, 19)
(7, 19)
(8, 19)
(9, 19)
(10, 19)
(11, 19)
(12, 19)
(13, 19)
kaikki ok
Reitin pituus: 13
(14, 3)
(13, 3)
(12, 3)
(11, 3)
(10, 3)
(9, 3)
(8, 3)
(7, 3)
(6, 3)
(5, 3)
(4, 3)
(3, 3)
(2, 3)
(1, 3)
kaikki ok
Reitin pituus: 19
(2, 16)
(2, 17)
(3, 17)
(4, 17)
(4, 16)
(4, 15)
(5, 15)
(6, 15)
(7, 15)
(8, 15)
(9, 15)
(10, 15)
(11, 15)
(12, 15)
(13, 15)
(14, 15)
(14, 14)
(14, 13)
(15, 13)
(16, 13)
kaikki ok
Reitin pituus: 16
(1, 2)
(1, 3)
(1, 4)
(1, 5)
(2, 5)
(3, 5)
(4, 5)
(4, 6)
(4, 7)
(4, 8)
(4, 9)
(5, 9)
(6, 9)
(6, 10)
(6, 11)
(7, 11)
(8, 11)
kaikki ok
Reitin pituus: 5
(7, 17)
(6, 17)
(6, 16)
(6, 15)
(5, 15)
(4, 15)
kaikki ok
Reitin pituus: 15
(13, 15)
(14, 15)
(14, 14)
(14, 13)
(14, 12)
(14, 11)
(14, 10)
(14, 9)
(13, 9)
(12, 9)
(12, 8)
(12, 7)
(11, 7)
(10, 7)
(10, 6)
(10, 5)
kaikki ok
Reitin pituus: 15
(14, 10)
(14, 11)
(14, 12)
(14, 13)
(14, 14)
(14, 15)
(13, 15)
(12, 15)
(11, 15)
(10, 15)
(9, 15)
(8, 15)
(7, 15)
(6, 15)
(5, 15)
(4, 15)
kaikki ok
Reitin pituus: 15
(8, 7)
(7, 7)
(6, 7)
(6, 8)
(6, 9)
(6, 10)
(6, 11)
(6, 12)
(6, 13)
(7, 13)
(8, 13)
(8, 14)
(8, 15)
(7, 15)
(6, 15)
(6, 16)
kaikki ok
Reitin pituus: 17
(1, 3)
(2, 3)
(3, 3)
(4, 3)
(5, 3)
(6, 3)
(7, 3)
(8, 3)
(9, 3)
(10, 3)
(11, 3)
(12, 3)
(13, 3)
(14, 3)
(15, 3)
(16, 3)
(17, 3)
(17, 4)
kaikki ok
Reitin pituus: 9
(12, 7)
(11, 7)
(10, 7)
(10, 6)
(10, 5)
(11, 5)
(12, 5)
(12, 4)
(12, 3)
(11, 3)
kaikki ok
Reitin pituus: 8
(10, 3)
(9, 3)
(8, 3)
(8, 2)
(8, 1)
(7, 1)
(6, 1)
(5, 1)
(4, 1)
kaikki ok
Reitin pituus: 13
(7, 17)
(6, 17)
(6, 16)
(6, 15)
(7, 15)
(8, 15)
(9, 15)
(10, 15)
(11, 15)
(12, 15)
(13, 15)
(14, 15)
(14, 16)
(14, 17)
kaikki ok
Reitin pituus: 15
(12, 1)
(11, 1)
(10, 1)
(10, 2)
(10, 3)
(9, 3)
(8, 3)
(7, 3)
(6, 3)
(5, 3)
(4, 3)
(3, 3)
(2, 3)
(1, 3)
(1, 2)
(1, 1)
kaikki ok
Reitin pituus: 23
(13, 19)
(12, 19)
(11, 19)
(10, 19)
(9, 19)
(8, 19)
(8, 18)
(8, 17)
(7, 17)
(6, 17)
(6, 16)
(6, 15)
(5, 15)
(4, 15)
(4, 14)
(4, 13)
(4, 12)
(4, 11)
(4, 10)
(4, 9)
(4, 8)
(4, 7)
(4, 6)
(4, 5)
kaikki ok
Reitin pituus: 7
(2, 5)
(3, 5)
(4, 5)
(4, 4)
(4, 3)
(5, 3)
(6, 3)
(7, 3)
kaikki ok
Reitin pituus: 16
(7, 11)
(8, 11)
(9, 11)
(10, 11)
(11, 11)
(12, 11)
(12, 12)
(12, 13)
(13, 13)
(14, 13)
(14, 14)
(14, 15)
(14, 16)
(14, 17)
(15, 17)
(16, 17)
(16, 16)
kaikki ok
Reitin pituus: 9
(14, 3)
(13, 3)
(12, 3)
(11, 3)
(10, 3)
(9, 3)
(8, 3)
(8, 2)
(8, 1)
(7, 1)
kaikki ok
Reitin pituus: 17
(10, 17)
(11, 17)
(12, 17)
(12, 16)
(12, 15)
(13, 15)
(14, 15)
(14, 14)
(14, 13)
(14, 12)
(14, 11)
(14, 10)
(14, 9)
(14, 8)
(14, 7)
(14, 6)
(14, 5)
(15, 5)
kaikki ok
Reitin pituus: 15
(17, 14)
(17, 13)
(16, 13)
(15, 13)
(14, 13)
(13, 13)
(12, 13)
(11, 13)
(10, 13)
(10, 14)
(10, 15)
(9, 15)
(8, 15)
(8, 14)
(8, 13)
(7, 13)
kaikki ok
Reitin pituus: 31
(2, 19)
(1, 19)
(1, 18)
(1, 17)
(2, 17)
(3, 17)
(4, 17)
(4, 16)
(4, 15)
(4, 14)
(4, 13)
(4, 12)
(4, 11)
(4, 10)
(4, 9)
(4, 8)
(4, 7)
(4, 6)
(4, 5)
(4, 4)
(4, 3)
(5, 3)
(6, 3)
(7, 3)
(8, 3)
(9, 3)
(10, 3)
(10, 2)
(10, 1)
(11, 1)
(12, 1)
(13, 1)
kaikki ok
Reitin pituus: 19
(3, 17)
(4, 17)
(4, 16)
(4, 15)
(4, 14)
(4, 13)
(4, 12)
(4, 11)
(4, 10)
(4, 9)
(4, 8)
(4, 7)
(4, 6)
(4, 5)
(3, 5)
(2, 5)
(1, 5)
(1, 4)
(1, 3)
(1, 2)
kaikki ok
Reitin pituus: 6
(10, 3)
(10, 2)
(10, 1)
(11, 1)
(12, 1)
(13, 1)
(14, 1)
kaikki ok
Reitin pituus: 14
(1, 2)
(1, 3)
(2, 3)
(3, 3)
(4, 3)
(5, 3)
(6, 3)
(7, 3)
(8, 3)
(9, 3)
(10, 3)
(11, 3)
(12, 3)
(13, 3)
(14, 3)
kaikki ok
Reitin pituus: 24
(8, 3)
(7, 3)
(6, 3)
(5, 3)
(4, 3)
(4, 4)
(4, 5)
(4, 6)
(4, 7)
(4, 8)
(4, 9)
(4, 10)
(4, 11)
(4, 12)
(4, 13)
(4, 14)
(4, 15)
(5, 15)
(6, 15)
(6, 16)
(6, 17)
(7, 17)
(8, 17)
(8, 18)
(8, 19)
kaikki ok
Reitin pituus: 10
(7, 11)
(8, 11)
(9, 11)
(10, 11)
(11, 11)
(12, 11)
(12, 12)
(12, 13)
(13, 13)
(14, 13)
(14, 14)
kaikki ok
Reitin pituus: 19
(6, 3)
(6, 4)
(6, 5)
(7, 5)
(8, 5)
(8, 6)
(8, 7)
(9, 7)
(10, 7)
(11, 7)
(12, 7)
(12, 8)
(12, 9)
(13, 9)
(14, 9)
(14, 10)
(14, 11)
(14, 12)
(14, 13)
(15, 13)
kaikki ok
Reitin pituus: 7
(5, 3)
(4, 3)
(4, 4)
(4, 5)
(4, 6)
(4, 7)
(4, 8)
(4, 9)
kaikki ok
Reitin pituus: 18
(9, 15)
(8, 15)
(8, 14)
(8, 13)
(7, 13)
(6, 13)
(6, 12)
(6, 11)
(6, 10)
(6, 9)
(5, 9)
(4, 9)
(4, 8)
(4, 7)
(4, 6)
(4, 5)
(4, 4)
(4, 3)
(5, 3)
kaikki ok
Reitin pituus: 5
(16, 17)
(15, 17)
(14, 17)
(14, 16)
(14, 15)
(14, 14)
kaikki ok
Reitin pituus: 15
(11, 7)
(10, 7)
(9, 7)
(8, 7)
(7, 7)
(6, 7)
(6, 8)
(6, 9)
(5, 9)
(4, 9)
(4, 10)
(4, 11)
(4, 12)
(4, 13)
(3, 13)
(2, 13)
kaikki ok
Reitin pituus: 12
(6, 10)
(6, 9)
(5, 9)
(4, 9)
(4, 8)
(4, 7)
(4, 6)
(4, 5)
(3, 5)
(2, 5)
(1, 5)
(1, 4)
(1, 3)
kaikki ok
Reitin pituus: 9
(8, 14)
(8, 13)
(7, 13)
(6, 13)
(6, 12)
(6, 11)
(7, 11)
(8, 11)
(9, 11)
(10, 11)
kaikki ok
Reitin pituus: 7
(6, 11)
(7, 11)
(8, 11)
(9, 11)
(10, 11)
(11, 11)
(12, 11)
(12, 12)
kaikki ok
Reitin pituus: 7
(10, 18)
(10, 17)
(11, 17)
(12, 17)
(12, 16)
(12, 15)
(11, 15)
(10, 15)
kaikki ok
Reitin pituus: 14
(14, 4)
(14, 5)
(14, 6)
(14, 7)
(14, 8)
(14, 9)
(14, 10)
(14, 11)
(14, 12)
(14, 13)
(14, 14)
(14, 15)
(13, 15)
(12, 15)
(12, 16)
kaikki ok
Reitin pituus: 16
(1, 14)
(1, 13)
(2, 13)
(3, 13)
(4, 13)
(4, 14)
(4, 15)
(5, 15)
(6, 15)
(6, 16)
(6, 17)
(7, 17)
(8, 17)
(8, 18)
(8, 19)
(9, 19)
(10, 19)
kaikki ok
Reitin pituus: 4
(7, 15)
(8, 15)
(9, 15)
(10, 15)
(11, 15)
kaikki ok
Reitin pituus: 21
(4, 5)
(4, 6)
(4, 7)
(4, 8)
(4, 9)
(4, 10)
(4, 11)
(4, 12)
(4, 13)
(4, 14)
(4, 15)
(5, 15)
(6, 15)
(6, 16)
(6, 17)
(7, 17)
(8, 17)
(8, 18)
(8, 19)
(9, 19)
(10, 19)
(10, 18)
kaikki ok
Reitin pituus: 10
(13, 9)
(12, 9)
(12, 8)
(12, 7)
(11, 7)
(10, 7)
(9, 7)
(8, 7)
(8, 6)
(8, 5)
(7, 5)
kaikki ok
Reitin pituus: 17
(5, 9)
(6, 9)
(6, 10)
(6, 11)
(6, 12)
(6, 13)
(7, 13)
(8, 13)
(8, 14)
(8, 15)
(9, 15)
(10, 15)
(11, 15)
(12, 15)
(12, 16)
(12, 17)
(11, 17)
(10, 17)
kaikki ok
Reitin pituus: 10
(10, 1)
(11, 1)
(12, 1)
(13, 1)
(14, 1)
(15, 1)
(16, 1)
(17, 1)
(17, 2)
(17, 3)
(17, 4)
kaikki ok
Reitin pituus: 14
(14, 15)
(13, 15)
(12, 15)
(11, 15)
(10, 15)
(9, 15)
(8, 15)
(7, 15)
(6, 15)
(5, 15)
(4, 15)
(4, 16)
(4, 17)
(3, 17)
(2, 17)
kaikki ok
Reitin pituus: 12
(6, 12)
(6, 11)
(7, 11)
(8, 11)
(9, 11)
(10, 11)
(11, 11)
(12, 11)
(12, 12)
(12, 13)
(13, 13)
(14, 13)
(15, 13)
kaikki ok
Reitin pituus: 14
(4, 15)
(4, 14)
(4, 13)
(5, 13)
(6, 13)
(6, 12)
(6, 11)
(7, 11)
(8, 11)
(9, 11)
(10, 11)
(11, 11)
(12, 11)
(12, 10)
(12, 9)
kaikki ok
Reitin pituus: 5
(6, 4)
(6, 3)
(5, 3)
(4, 3)
(3, 3)
(2, 3)
kaikki ok
Reitin pituus: 14
(17, 18)
(17, 17)
(16, 17)
(15, 17)
(14, 17)
(14, 16)
(14, 15)
(14, 14)
(14, 13)
(13, 13)
(12, 13)
(12, 12)
(12, 11)
(12, 10)
(12, 9)
kaikki ok
Reitin pituus: 18
(1, 14)
(1, 13)
(2, 13)
(3, 13)
(4, 13)
(5, 13)
(6, 13)
(6, 12)
(6, 11)
(6, 10)
(6, 9)
(6, 8)
(6, 7)
(7, 7)
(8, 7)
(9, 7)
(9, 8)
(9, 9)
(10, 9)
kaikki ok
Reitin pituus: 9
(8, 15)
(8, 14)
(8, 13)
(7, 13)
(6, 13)
(6, 12)
(6, 11)
(6, 10)
(6, 9)
(5, 9)
kaikki ok
Reitin pituus: 22
(15, 5)
(14, 5)
(14, 6)
(14, 7)
(14, 8)
(14, 9)
(14, 10)
(14, 11)
(14, 12)
(14, 13)
(14, 14)
(14, 15)
(13, 15)
(12, 15)
(12, 16)
(12, 17)
(11, 17)
(10, 17)
(10, 18)
(10, 19)
(9, 19)
(8, 19)
(7, 19)
kaikki ok
Reitin pituus: 14
(1, 3)
(2, 3)
(3, 3)
(4, 3)
(5, 3)
(6, 3)
(6, 4)
(6, 5)
(7, 5)
(8, 5)
(8, 6)
(8, 7)
(9, 7)
(10, 7)
(10, 6)
kaikki ok
Reitin pituus: 10
(1, 15)
(2, 15)
(2, 16)
(2, 17)
(3, 17)
(4, 17)
(4, 16)
(4, 15)
(5, 15)
(6, 15)
(7, 15)
kaikki ok
Reitin pituus: 23
(4, 14)
(4, 13)
(4, 12)
(4, 11)
(4, 10)
(4, 9)
(4, 8)
(4, 7)
(4, 6)
(4, 5)
(4, 4)
(4, 3)
(5, 3)
(6, 3)
(7, 3)
(8, 3)
(9, 3)
(10, 3)
(10, 2)
(10, 1)
(11, 1)
(12, 1)
(13, 1)
(14, 1)
kaikki ok
Reitin pituus: 28
(13, 3)
(12, 3)
(12, 4)
(12, 5)
(11, 5)
(10, 5)
(10, 6)
(10, 7)
(9, 7)
(8, 7)
(7, 7)
(6, 7)
(6, 8)
(6, 9)
(6, 10)
(6, 11)
(6, 12)
(6, 13)
(5, 13)
(4, 13)
(4, 14)
(4, 15)
(4, 16)
(4, 17)
(3, 17)
(2, 17)
(1, 17)
(1, 18)
(1, 19)
kaikki ok
Reitin pituus: 15
(6, 17)
(6, 16)
(6, 15)
(5, 15)
(4, 15)
(4, 14)
(4, 13)
(5, 13)
(6, 13)
(6, 12)
(6, 11)
(6, 10)
(6, 9)
(6, 8)
(6, 7)
(7, 7)
kaikki ok
Reitin pituus: 9
(12, 19)
(13, 19)
(14, 19)
(15, 19)
(16, 19)
(17, 19)
(17, 18)
(17, 17)
(16, 17)
(16, 16)
kaikki ok
Reitin pituus: 8
(9, 9)
(9, 8)
(9, 7)
(10, 7)
(11, 7)
(12, 7)
(12, 8)
(12, 9)
(12, 10)
kaikki ok
Reitin pituus: 12
(14, 15)
(13, 15)
(12, 15)
(11, 15)
(10, 15)
(9, 15)
(8, 15)
(7, 15)
(6, 15)
(5, 15)
(4, 15)
(4, 14)
(4, 13)
kaikki ok
Reitin pituus: 15
(6, 13)
(7, 13)
(8, 13)
(8, 14)
(8, 15)
(9, 15)
(10, 15)
(11, 15)
(12, 15)
(12, 16)
(12, 17)
(11, 17)
(10, 17)
(10, 18)
(10, 19)
(11, 19)
kaikki ok
Reitin pituus: 13
(13, 3)
(14, 3)
(14, 4)
(14, 5)
(14, 6)
(14, 7)
(14, 8)
(14, 9)
(13, 9)
(12, 9)
(12, 10)
(12, 11)
(12, 12)
(12, 13)
kaikki ok
Reitin pituus: 9
(12, 13)
(12, 12)
(12, 11)
(12, 10)
(12, 9)
(12, 8)
(12, 7)
(11, 7)
(10, 7)
(9, 7)
kaikki ok
Reitin pituus: 17
(7, 19)
(8, 19)
(9, 19)
(10, 19)
(10, 18)
(10, 17)
(11, 17)
(12, 17)
(12, 16)
(12, 15)
(13, 15)
(14, 15)
(14, 14)
(14, 13)
(15, 13)
(16, 13)
(17, 13)
(17, 14)
kaikki ok
Reitin pituus: 23
(6, 4)
(6, 3)
(5, 3)
(4, 3)
(4, 4)
(4, 5)
(4, 6)
(4, 7)
(4, 8)
(4, 9)
(4, 10)
(4, 11)
(4, 12)
(4, 13)
(4, 14)
(4, 15)
(4, 16)
(4, 17)
(3, 17)
(2, 17)
(1, 17)
(1, 18)
(1, 19)
(2, 19)
kaikki ok
Reitin pituus: 7
(7, 11)
(6, 11)
(6, 10)
(6, 9)
(5, 9)
(4, 9)
(4, 8)
(4, 7)
kaikki ok
Reitin pituus: 14
(5, 1)
(4, 1)
(4, 2)
(4, 3)
(5, 3)
(6, 3)
(6, 4)
(6, 5)
(7, 5)
(8, 5)
(8, 6)
(8, 7)
(9, 7)
(9, 8)
(9, 9)
kaikki ok
Reitin pituus: 19
(4, 17)
(4, 16)
(4, 15)
(5, 15)
(6, 15)
(6, 16)
(6, 17)
(7, 17)
(8, 17)
(8, 18)
(8, 19)
(9, 19)
(10, 19)
(11, 19)
(12, 19)
(13, 19)
(14, 19)
(15, 19)
(16, 19)
(17, 19)
kaikki ok
Reitin pituus: 18
(11, 15)
(12, 15)
(13, 15)
(14, 15)
(14, 14)
(14, 13)
(14, 12)
(14, 11)
(14, 10)
(14, 9)
(14, 8)
(14, 7)
(14, 6)
(14, 5)
(14, 4)
(14, 3)
(13, 3)
(12, 3)
(11, 3)
kaikki ok
Reitin pituus: 12
(10, 11)
(9, 11)
(8, 11)
(7, 11)
(6, 11)
(6, 12)
(6, 13)
(7, 13)
(8, 13)
(8, 14)
(8, 15)
(7, 15)
(6, 15)
kaikki ok
Reitin pituus: 18
(9, 7)
(10, 7)
(11, 7)
(12, 7)
(12, 8)
(12, 9)
(13, 9)
(14, 9)
(14, 10)
(14, 11)
(14, 12)
(14, 13)
(15, 13)
(16, 13)
(17, 13)
(17, 14)
(17, 15)
(16, 15)
(16, 16)
kaikki ok
Reitin pituus: 12
(9, 11)
(10, 11)
(11, 11)
(12, 11)
(12, 12)
(12, 13)
(13, 13)
(14, 13)
(14, 14)
(14, 15)
(14, 16)
(14, 17)
(15, 17)
kaikki ok
Reitin pituus: 9
(4, 11)
(4, 10)
(4, 9)
(4, 8)
(4, 7)
(4, 6)
(4, 5)
(3, 5)
(2, 5)
(1, 5)
kaikki ok
Reitin pituus: 10
(5, 13)
(4, 13)
(4, 12)
(4, 11)
(4, 10)
(4, 9)
(4, 8)
(4, 7)
(4, 6)
(4, 5)
(3, 5)
kaikki ok
Reitin pituus: 19
(2, 16)
(2, 17)
(3, 17)
(4, 17)
(4, 16)
(4, 15)
(4, 14)
(4, 13)
(5, 13)
(6, 13)
(6, 12)
(6, 11)
(7, 11)
(8, 11)
(9, 11)
(10, 11)
(11, 11)
(12, 11)
(12, 10)
(12, 9)
kaikki ok
Reitin pituus: 11
(4, 12)
(4, 13)
(4, 14)
(4, 15)
(5, 15)
(6, 15)
(6, 16)
(6, 17)
(7, 17)
(8, 17)
(8, 18)
(8, 19)
kaikki ok
Reitin pituus: 18
(17, 3)
(16, 3)
(15, 3)
(14, 3)
(13, 3)
(12, 3)
(12, 4)
(12, 5)
(11, 5)
(10, 5)
(10, 6)
(10, 7)
(9, 7)
(8, 7)
(7, 7)
(6, 7)
(6, 8)
(6, 9)
(5, 9)
kaikki ok
Reitin pituus: 6
(3, 3)
(4, 3)
(5, 3)
(6, 3)
(7, 3)
(8, 3)
(9, 3)
kaikki ok
Reitin pituus: 14
(8, 18)
(8, 17)
(7, 17)
(6, 17)
(6, 16)
(6, 15)
(5, 15)
(4, 15)
(4, 16)
(4, 17)
(3, 17)
(2, 17)
(2, 16)
(2, 15)
(1, 15)
kaikki ok
Reitin pituus: 12
(5, 19)
(6, 19)
(7, 19)
(8, 19)
(8, 18)
(8, 17)
(7, 17)
(6, 17)
(6, 16)
(6, 15)
(5, 15)
(4, 15)
(4, 14)
kaikki ok
Reitin pituus: 11
(17, 17)
(16, 17)
(15, 17)
(14, 17)
(14, 16)
(14, 15)
(14, 14)
(14, 13)
(13, 13)
(12, 13)
(11, 13)
(10, 13)
kaikki ok
Reitin pituus: 6
(13, 13)
(14, 13)
(14, 12)
(14, 11)
(14, 10)
(14, 9)
(13, 9)
kaikki ok
Reitin pituus: 18
(3, 17)
(4, 17)
(4, 16)
(4, 15)
(4, 14)
(4, 13)
(4, 12)
(4, 11)
(4, 10)
(4, 9)
(4, 8)
(4, 7)
(4, 6)
(4, 5)
(4, 4)
(4, 3)
(5, 3)
(6, 3)
(7, 3)
kaikki ok
Reitin pituus: 14
(5, 1)
(4, 1)
(4, 2)
(4, 3)
(4, 4)
(4, 5)
(4, 6)
(4, 7)
(4, 8)
(4, 9)
(5, 9)
(6, 9)
(6, 10)
(6, 11)
(7, 11)
kaikki ok
Reitin pituus: 16
(17, 2)
(17, 3)
(16, 3)
(15, 3)
(14, 3)
(13, 3)
(12, 3)
(12, 4)
(12, 5)
(11, 5)
(10, 5)
(10, 6)
(10, 7)
(9, 7)
(8, 7)
(7, 7)
(6, 7)
kaikki ok
Reitin pituus: 2
(9, 15)
(8, 15)
(8, 14)
kaikki ok
Reitin pituus: 17
(2, 16)
(2, 17)
(3, 17)
(4, 17)
(4, 16)
(4, 15)
(4, 14)
(4, 13)
(4, 12)
(4, 11)
(4, 10)
(4, 9)
(4, 8)
(4, 7)
(4, 6)
(4, 5)
(4, 4)
(4, 3)
kaikki ok
Reitin pituus: 14
(14, 6)
(14, 7)
(14, 8)
(14, 9)
(14, 10)
(14, 11)
(14, 12)
(14, 13)
(14, 14)
(14, 15)
(13, 15)
(12, 15)
(12, 16)
(12, 17)
(11, 17)
kaikki ok
Reitin pituus: 16
(7, 11)
(6, 11)
(6, 12)
(6, 13)
(7, 13)
(8, 13)
(8, 14)
(8, 15)
(9, 15)
(10, 15)
(11, 15)
(12, 15)
(12, 16)
(12, 17)
(11, 17)
(10, 17)
(10, 18)
kaikki ok
Reitin pituus: 23
(16, 5)
(15, 5)
(14, 5)
(14, 6)
(14, 7)
(14, 8)
(14, 9)
(13, 9)
(12, 9)
(12, 10)
(12, 11)
(12, 12)
(12, 13)
(11, 13)
(10, 13)
(10, 14)
(10, 15)
(9, 15)
(8, 15)
(7, 15)
(6, 15)
(6, 16)
(6, 17)
(7, 17)
kaikki ok
Reitin pituus: 17
(17, 14)
(17, 13)
(16, 13)
(15, 13)
(14, 13)
(13, 13)
(12, 13)
(11, 13)
(10, 13)
(10, 14)
(10, 15)
(9, 15)
(8, 15)
(7, 15)
(6, 15)
(5, 15)
(4, 15)
(4, 16)
kaikki ok
Reitin pituus: 20
(4, 4)
(4, 5)
(4, 6)
(4, 7)
(4, 8)
(4, 9)
(4, 10)
(4, 11)
(4, 12)
(4, 13)
(4, 14)
(4, 15)
(5, 15)
(6, 15)
(6, 16)
(6, 17)
(7, 17)
(8, 17)
(8, 18)
(8, 19)
(9, 19)
kaikki ok
Reitin pituus: 19
(14, 15)
(14, 14)
(14, 13)
(14, 12)
(14, 11)
(14, 10)
(14, 9)
(14, 8)
(14, 7)
(14, 6)
(14, 5)
(14, 4)
(14, 3)
(13, 3)
(12, 3)
(11, 3)
(10, 3)
(9, 3)
(8, 3)
(8, 2)
kaikki ok
Reitin pituus: 30
(16, 17)
(15, 17)
(14, 17)
(14, 16)
(14, 15)
(14, 14)
(14, 13)
(14, 12)
(14, 11)
(14, 10)
(14, 9)
(14, 8)
(14, 7)
(14, 6)
(14, 5)
(14, 4)
(14, 3)
(13, 3)
(12, 3)
(11, 3)
(10, 3)
(9, 3)
(8, 3)
(7, 3)
(6, 3)
(5, 3)
(4, 3)
(3, 3)
(2, 3)
(1, 3)
(1, 2)
kaikki ok
Reitin pituus: 15
(14, 7)
(14, 8)
(14, 9)
(13, 9)
(12, 9)
(12, 10)
(12, 11)
(11, 11)
(10, 11)
(9, 11)
(8, 11)
(7, 11)
(6, 11)
(6, 12)
(6, 13)
(5, 13)
kaikki ok
Reitin pituus: 8
(6, 10)
(6, 9)
(5, 9)
(4, 9)
(4, 8)
(4, 7)
(4, 6)
(4, 5)
(3, 5)
kaikki ok
Reitin pituus: 21
(17, 2)
(17, 3)
(17, 4)
(17, 5)
(16, 5)
(15, 5)
(14, 5)
(14, 6)
(14, 7)
(14, 8)
(14, 9)
(14, 10)
(14, 11)
(14, 12)
(14, 13)
(14, 14)
(14, 15)
(14, 16)
(14, 17)
(15, 17)
(16, 17)
(17, 17)
kaikki ok
Reitin pituus: 15
(12, 11)
(12, 12)
(12, 13)
(11, 13)
(10, 13)
(10, 14)
(10, 15)
(11, 15)
(12, 15)
(12, 16)
(12, 17)
(11, 17)
(10, 17)
(10, 18)
(10, 19)
(11, 19)
kaikki ok
Reitin pituus: 0
(14, 6)
kaikki ok
Reitin pituus: 11
(9, 11)
(8, 11)
(7, 11)
(6, 11)
(6, 12)
(6, 13)
(5, 13)
(4, 13)
(3, 13)
(2, 13)
(1, 13)
(1, 14)
kaikki ok
Reitin pituus: 24
(12, 1)
(11, 1)
(10, 1)
(10, 2)
(10, 3)
(9, 3)
(8, 3)
(7, 3)
(6, 3)
(5, 3)
(4, 3)
(4, 4)
(4, 5)
(4, 6)
(4, 7)
(4, 8)
(4, 9)
(4, 10)
(4, 11)
(4, 12)
(4, 13)
(4, 14)
(4, 15)
(5, 15)
(6, 15)
kaikki ok
Reitin pituus: 19
(2, 16)
(2, 17)
(3, 17)
(4, 17)
(4, 16)
(4, 15)
(4, 14)
(4, 13)
(5, 13)
(6, 13)
(6, 12)
(6, 11)
(6, 10)
(6, 9)
(6, 8)
(6, 7)
(7, 7)
(8, 7)
(9, 7)
(10, 7)
kaikki ok
Reitin pituus: 20
(4, 2)
(4, 3)
(4, 4)
(4, 5)
(4, 6)
(4, 7)
(4, 8)
(4, 9)
(4, 10)
(4, 11)
(4, 12)
(4, 13)
(4, 14)
(4, 15)
(5, 15)
(6, 15)
(6, 16)
(6, 17)
(7, 17)
(8, 17)
(8, 18)
kaikki ok
Reitin pituus: 12
(15, 13)
(14, 13)
(14, 12)
(14, 11)
(14, 10)
(14, 9)
(14, 8)
(14, 7)
(14, 6)
(14, 5)
(15, 5)
(16, 5)
(17, 5)
kaikki ok
Reitin pituus: 24
(6, 4)
(6, 3)
(5, 3)
(4, 3)
(4, 4)
(4, 5)
(4, 6)
(4, 7)
(4, 8)
(4, 9)
(4, 10)
(4, 11)
(4, 12)
(4, 13)
(4, 14)
(4, 15)
(4, 16)
(4, 17)
(3, 17)
(2, 17)
(1, 17)
(1, 18)
(1, 19)
(2, 19)
(3, 19)
kaikki ok
Reitin pituus: 8
(8, 2)
(8, 3)
(7, 3)
(6, 3)
(5, 3)
(4, 3)
(3, 3)
(2, 3)
(1, 3)
kaikki ok
Reitin pituus: 9
(12, 10)
(12, 9)
(12, 8)
(12, 7)
(11, 7)
(10, 7)
(9, 7)
(8, 7)
(7, 7)
(6, 7)
kaikki ok
Reitin pituus: 22
(4, 17)
(4, 16)
(4, 15)
(4, 14)
(4, 13)
(4, 12)
(4, 11)
(4, 10)
(4, 9)
(4, 8)
(4, 7)
(4, 6)
(4, 5)
(4, 4)
(4, 3)
(5, 3)
(6, 3)
(7, 3)
(8, 3)
(9, 3)
(10, 3)
(10, 2)
(10, 1)
kaikki ok
Reitin pituus: 14
(6, 10)
(6, 9)
(5, 9)
(4, 9)
(4, 8)
(4, 7)
(4, 6)
(4, 5)
(4, 4)
(4, 3)
(5, 3)
(6, 3)
(7, 3)
(8, 3)
(9, 3)
kaikki ok
Reitin pituus: 4
(1, 15)
(1, 14)
(1, 13)
(2, 13)
(3, 13)
kaikki ok
Reitin pituus: 14
(4, 10)
(4, 11)
(4, 12)
(4, 13)
(5, 13)
(6, 13)
(7, 13)
(8, 13)
(8, 14)
(8, 15)
(9, 15)
(10, 15)
(11, 15)
(12, 15)
(13, 15)
kaikki ok
Reitin pituus: 16
(6, 10)
(6, 9)
(5, 9)
(4, 9)
(4, 8)
(4, 7)
(4, 6)
(4, 5)
(4, 4)
(4, 3)
(5, 3)
(6, 3)
(7, 3)
(8, 3)
(9, 3)
(10, 3)
(10, 2)
kaikki ok
Reitin pituus: 23
(5, 1)
(4, 1)
(4, 2)
(4, 3)
(4, 4)
(4, 5)
(4, 6)
(4, 7)
(4, 8)
(4, 9)
(5, 9)
(6, 9)
(6, 10)
(6, 11)
(6, 12)
(6, 13)
(7, 13)
(8, 13)
(8, 14)
(8, 15)
(9, 15)
(10, 15)
(11, 15)
(12, 15)
kaikki ok
Reitin pituus: 1
(12, 15)
(12, 16)
kaikki ok
Reitin pituus: 9
(2, 15)
(1, 15)
(1, 14)
(1, 13)
(2, 13)
(3, 13)
(4, 13)
(5, 13)
(6, 13)
(7, 13)
kaikki ok
Reitin pituus: 14
(11, 15)
(10, 15)
(9, 15)
(8, 15)
(8, 14)
(8, 13)
(7, 13)
(6, 13)
(6, 12)
(6, 11)
(6, 10)
(6, 9)
(6, 8)
(6, 7)
(7, 7)
kaikki ok
Reitin pituus: 9
(17, 4)
(17, 3)
(16, 3)
(15, 3)
(14, 3)
(13, 3)
(12, 3)
(12, 4)
(12, 5)
(11, 5)
kaikki ok
Reitin pituus: 22
(9, 7)
(8, 7)
(7, 7)
(6, 7)
(6, 8)
(6, 9)
(5, 9)
(4, 9)
(4, 10)
(4, 11)
(4, 12)
(4, 13)
(4, 14)
(4, 15)
(5, 15)
(6, 15)
(6, 16)
(6, 17)
(7, 17)
(8, 17)
(8, 18)
(8, 19)
(9, 19)
kaikki ok
Reitin pituus: 13
(8, 11)
(7, 11)
(6, 11)
(6, 10)
(6, 9)
(5, 9)
(4, 9)
(4, 8)
(4, 7)
(4, 6)
(4, 5)
(4, 4)
(4, 3)
(3, 3)
kaikki ok
Reitin pituus: 13
(8, 15)
(9, 15)
(10, 15)
(10, 14)
(10, 13)
(11, 13)
(12, 13)
(12, 12)
(12, 11)
(12, 10)
(12, 9)
(12, 8)
(12, 7)
(11, 7)
kaikki ok
Reitin pituus: 18
(14, 9)
(13, 9)
(12, 9)
(12, 10)
(12, 11)
(11, 11)
(10, 11)
(9, 11)
(8, 11)
(7, 11)
(6, 11)
(6, 12)
(6, 13)
(5, 13)
(4, 13)
(3, 13)
(2, 13)
(1, 13)
(1, 14)
kaikki ok
Reitin pituus: 6
(11, 15)
(10, 15)
(9, 15)
(8, 15)
(8, 14)
(8, 13)
(7, 13)
kaikki ok
Reitin pituus: 17
(6, 3)
(5, 3)
(4, 3)
(4, 4)
(4, 5)
(4, 6)
(4, 7)
(4, 8)
(4, 9)
(4, 10)
(4, 11)
(4, 12)
(4, 13)
(3, 13)
(2, 13)
(1, 13)
(1, 14)
(1, 15)
kaikki ok
Reitin pituus: 5
(10, 14)
(10, 15)
(11, 15)
(12, 15)
(12, 16)
(12, 17)
kaikki ok
Reitin pituus: 11
(2, 1)
(3, 1)
(4, 1)
(5, 1)
(6, 1)
(7, 1)
(8, 1)
(8, 2)
(8, 3)
(9, 3)
(10, 3)
(10, 2)
kaikki ok
Reitin pituus: 5
(14, 15)
(14, 14)
(14, 13)
(13, 13)
(12, 13)
(12, 12)
kaikki ok
Reitin pituus: 6
(15, 19)
(14, 19)
(13, 19)
(12, 19)
(11, 19)
(10, 19)
(10, 18)
kaikki ok
Reitin pituus: 19
(6, 3)
(5, 3)
(4, 3)
(4, 4)
(4, 5)
(4, 6)
(4, 7)
(4, 8)
(4, 9)
(4, 10)
(4, 11)
(4, 12)
(4, 13)
(4, 14)
(4, 15)
(5, 15)
(6, 15)
(7, 15)
(8, 15)
(9, 15)
kaikki ok
Reitin pituus: 21
(2, 1)
(3, 1)
(4, 1)
(4, 2)
(4, 3)
(4, 4)
(4, 5)
(4, 6)
(4, 7)
(4, 8)
(4, 9)
(4, 10)
(4, 11)
(4, 12)
(4, 13)
(5, 13)
(6, 13)
(7, 13)
(8, 13)
(8, 14)
(8, 15)
(9, 15)
kaikki ok
Reitin pituus: 11
(11, 13)
(12, 13)
(12, 12)
(12, 11)
(12, 10)
(12, 9)
(12, 8)
(12, 7)
(11, 7)
(10, 7)
(9, 7)
(8, 7)
kaikki ok
Reitin pituus: 10
(7, 15)
(6, 15)
(5, 15)
(4, 15)
(4, 14)
(4, 13)
(4, 12)
(4, 11)
(4, 10)
(4, 9)
(5, 9)
kaikki ok
Reitin pituus: 10
(1, 19)
(1, 18)
(1, 17)
(2, 17)
(3, 17)
(4, 17)
(4, 16)
(4, 15)
(4, 14)
(4, 13)
(4, 12)
kaikki ok
Reitin pituus: 8
(4, 17)
(4, 16)
(4, 15)
(4, 14)
(4, 13)
(5, 13)
(6, 13)
(6, 12)
(6, 11)
kaikki ok
Reitin pituus: 10
(6, 10)
(6, 9)
(5, 9)
(4, 9)
(4, 8)
(4, 7)
(4, 6)
(4, 5)
(4, 4)
(4, 3)
(5, 3)
kaikki ok
Reitin pituus: 13
(4, 2)
(4, 3)
(4, 4)
(4, 5)
(4, 6)
(4, 7)
(4, 8)
(4, 9)
(4, 10)
(4, 11)
(4, 12)
(4, 13)
(4, 14)
(4, 15)
kaikki ok
Reitin pituus: 13
(1, 2)
(1, 3)
(2, 3)
(3, 3)
(4, 3)
(5, 3)
(6, 3)
(7, 3)
(8, 3)
(9, 3)
(10, 3)
(11, 3)
(12, 3)
(13, 3)
kaikki ok
Reitin pituus: 25
(14, 19)
(15, 19)
(16, 19)
(17, 19)
(17, 18)
(17, 17)
(16, 17)
(15, 17)
(14, 17)
(14, 16)
(14, 15)
(14, 14)
(14, 13)
(14, 12)
(14, 11)
(14, 10)
(14, 9)
(13, 9)
(12, 9)
(12, 8)
(12, 7)
(11, 7)
(10, 7)
(9, 7)
(8, 7)
(8, 6)
kaikki ok
Reitin pituus: 20
(17, 15)
(17, 14)
(17, 13)
(16, 13)
(15, 13)
(14, 13)
(14, 12)
(14, 11)
(14, 10)
(14, 9)
(14, 8)
(14, 7)
(14, 6)
(14, 5)
(14, 4)
(14, 3)
(14, 2)
(14, 1)
(15, 1)
(16, 1)
(17, 1)
kaikki ok
Reitin pituus: 16
(8, 9)
(9, 9)
(9, 8)
(9, 7)
(10, 7)
(11, 7)
(12, 7)
(12, 8)
(12, 9)
(13, 9)
(14, 9)
(14, 10)
(14, 11)
(14, 12)
(14, 13)
(15, 13)
(16, 13)
kaikki ok
Reitin pituus: 2
(8, 7)
(7, 7)
(6, 7)
kaikki ok
Reitin pituus: 26
(14, 4)
(14, 5)
(14, 6)
(14, 7)
(14, 8)
(14, 9)
(13, 9)
(12, 9)
(12, 10)
(12, 11)
(11, 11)
(10, 11)
(9, 11)
(8, 11)
(7, 11)
(6, 11)
(6, 12)
(6, 13)
(5, 13)
(4, 13)
(3, 13)
(2, 13)
(1, 13)
(1, 14)
(1, 15)
(2, 15)
(2, 16)
kaikki ok
Reitin pituus: 5
(17, 15)
(17, 14)
(17, 13)
(16, 13)
(15, 13)
(14, 13)
kaikki ok
Reitin pituus: 12
(14, 16)
(14, 15)
(13, 15)
(12, 15)
(11, 15)
(10, 15)
(9, 15)
(8, 15)
(8, 14)
(8, 13)
(7, 13)
(6, 13)
(5, 13)
kaikki ok
Reitin pituus: 20
(1, 1)
(1, 2)
(1, 3)
(1, 4)
(1, 5)
(2, 5)
(3, 5)
(4, 5)
(4, 6)
(4, 7)
(4, 8)
(4, 9)
(4, 10)
(4, 11)
(4, 12)
(4, 13)
(4, 14)
(4, 15)
(4, 16)
(4, 17)
(3, 17)
kaikki ok
Reitin pituus: 24
(14, 19)
(15, 19)
(16, 19)
(17, 19)
(17, 18)
(17, 17)
(16, 17)
(15, 17)
(14, 17)
(14, 16)
(14, 15)
(14, 14)
(14, 13)
(14, 12)
(14, 11)
(14, 10)
(14, 9)
(14, 8)
(14, 7)
(14, 6)
(14, 5)
(15, 5)
(16, 5)
(17, 5)
(17, 4)
kaikki ok
Reitin pituus: 16
(8, 7)
(9, 7)
(10, 7)
(11, 7)
(12, 7)
(12, 8)
(12, 9)
(12, 10)
(12, 11)
(12, 12)
(12, 13)
(13, 13)
(14, 13)
(15, 13)
(16, 13)
(17, 13)
(17, 14)
kaikki ok
Reitin pituus: 11
(4, 9)
(5, 9)
(6, 9)
(6, 8)
(6, 7)
(7, 7)
(8, 7)
(9, 7)
(10, 7)
(10, 6)
(10, 5)
(11, 5)
kaikki ok
Reitin pituus: 8
(1, 17)
(1, 18)
(1, 19)
(2, 19)
(3, 19)
(4, 19)
(5, 19)
(6, 19)
(7, 19)
kaikki ok
Reitin pituus: 16
(4, 7)
(4, 6)
(4, 5)
(4, 4)
(4, 3)
(5, 3)
(6, 3)
(7, 3)
(8, 3)
(9, 3)
(10, 3)
(10, 2)
(10, 1)
(11, 1)
(12, 1)
(13, 1)
(14, 1)
kaikki ok
Reitin pituus: 10
(6, 10)
(6, 9)
(5, 9)
(4, 9)
(4, 8)
(4, 7)
(4, 6)
(4, 5)
(3, 5)
(2, 5)
(1, 5)
kaikki ok
Reitin pituus: 20
(3, 13)
(4, 13)
(4, 12)
(4, 11)
(4, 10)
(4, 9)
(4, 8)
(4, 7)
(4, 6)
(4, 5)
(4, 4)
(4, 3)
(5, 3)
(6, 3)
(7, 3)
(8, 3)
(9, 3)
(10, 3)
(10, 2)
(10, 1)
(11, 1)
kaikki ok
Reitin pituus: 15
(4, 17)
(4, 16)
(4, 15)
(4, 14)
(4, 13)
(4, 12)
(4, 11)
(4, 10)
(4, 9)
(4, 8)
(4, 7)
(4, 6)
(4, 5)
(4, 4)
(4, 3)
(4, 2)
kaikki ok
Reitin pituus: 11
(6, 19)
(7, 19)
(8, 19)
(8, 18)
(8, 17)
(7, 17)
(6, 17)
(6, 16)
(6, 15)
(5, 15)
(4, 15)
(4, 14)
kaikki ok
Reitin pituus: 5
(15, 1)
(14, 1)
(13, 1)
(12, 1)
(11, 1)
(10, 1)
kaikki ok
Reitin pituus: 22
(5, 19)
(6, 19)
(7, 19)
(8, 19)
(8, 18)
(8, 17)
(7, 17)
(6, 17)
(6, 16)
(6, 15)
(5, 15)
(4, 15)
(4, 14)
(4, 13)
(4, 12)
(4, 11)
(4, 10)
(4, 9)
(4, 8)
(4, 7)
(4, 6)
(4, 5)
(4, 4)
kaikki ok
Reitin pituus: 23
(5, 1)
(4, 1)
(4, 2)
(4, 3)
(4, 4)
(4, 5)
(4, 6)
(4, 7)
(4, 8)
(4, 9)
(4, 10)
(4, 11)
(4, 12)
(4, 13)
(4, 14)
(4, 15)
(4, 16)
(4, 17)
(3, 17)
(2, 17)
(1, 17)
(1, 18)
(1, 19)
(2, 19)
kaikki ok
Reitin pituus: 22
(17, 5)
(17, 4)
(17, 3)
(16, 3)
(15, 3)
(14, 3)
(13, 3)
(12, 3)
(11, 3)
(10, 3)
(9, 3)
(8, 3)
(7, 3)
(6, 3)
(5, 3)
(4, 3)
(4, 4)
(4, 5)
(4, 6)
(4, 7)
(4, 8)
(4, 9)
(4, 10)
kaikki ok
Reitin pituus: 6
(10, 17)
(10, 18)
(10, 19)
(9, 19)
(8, 19)
(8, 18)
(8, 17)
kaikki ok
Reitin pituus: 21
(10, 19)
(10, 18)
(10, 17)
(11, 17)
(12, 17)
(12, 16)
(12, 15)
(13, 15)
(14, 15)
(14, 14)
(14, 13)
(14, 12)
(14, 11)
(14, 10)
(14, 9)
(14, 8)
(14, 7)
(14, 6)
(14, 5)
(14, 4)
(14, 3)
(14, 2)
kaikki ok
Reitin pituus: 15
(2, 15)
(2, 16)
(2, 17)
(1, 17)
(1, 18)
(1, 19)
(2, 19)
(3, 19)
(4, 19)
(5, 19)
(6, 19)
(7, 19)
(8, 19)
(9, 19)
(10, 19)
(10, 18)
kaikki ok
Reitin pituus: 14
(12, 10)
(12, 9)
(12, 8)
(12, 7)
(11, 7)
(10, 7)
(9, 7)
(8, 7)
(8, 6)
(8, 5)
(7, 5)
(6, 5)
(6, 4)
(6, 3)
(7, 3)
kaikki ok
Reitin pituus: 3
(12, 8)
(12, 9)
(13, 9)
(14, 9)
kaikki ok
Reitin pituus: 9
(7, 13)
(6, 13)
(6, 12)
(6, 11)
(7, 11)
(8, 11)
(9, 11)
(10, 11)
(11, 11)
(12, 11)
kaikki ok
Reitin pituus: 20
(4, 6)
(4, 7)
(4, 8)
(4, 9)
(4, 10)
(4, 11)
(4, 12)
(4, 13)
(4, 14)
(4, 15)
(4, 16)
(4, 17)
(3, 17)
(2, 17)
(1, 17)
(1, 18)
(1, 19)
(2, 19)
(3, 19)
(4, 19)
(5, 19)
kaikki ok
Reitin pituus: 13
(10, 11)
(9, 11)
(8, 11)
(7, 11)
(6, 11)
(6, 12)
(6, 13)
(7, 13)
(8, 13)
(8, 14)
(8, 15)
(7, 15)
(6, 15)
(6, 16)
kaikki ok
Reitin pituus: 10
(2, 1)
(3, 1)
(4, 1)
(5, 1)
(6, 1)
(7, 1)
(8, 1)
(8, 2)
(8, 3)
(9, 3)
(10, 3)
kaikki ok
Reitin pituus: 16
(10, 2)
(10, 3)
(11, 3)
(12, 3)
(12, 4)
(12, 5)
(11, 5)
(10, 5)
(10, 6)
(10, 7)
(11, 7)
(12, 7)
(12, 8)
(12, 9)
(12, 10)
(12, 11)
(11, 11)
kaikki ok
Reitin pituus: 19
(9, 15)
(8, 15)
(8, 14)
(8, 13)
(7, 13)
(6, 13)
(6, 12)
(6, 11)
(6, 10)
(6, 9)
(5, 9)
(4, 9)
(4, 8)
(4, 7)
(4, 6)
(4, 5)
(4, 4)
(4, 3)
(4, 2)
(4, 1)
kaikki ok
Reitin pituus: 19
(17, 17)
(16, 17)
(15, 17)
(14, 17)
(14, 16)
(14, 15)
(13, 15)
(12, 15)
(11, 15)
(10, 15)
(9, 15)
(8, 15)
(7, 15)
(6, 15)
(5, 15)
(4, 15)
(4, 14)
(4, 13)
(3, 13)
(2, 13)
kaikki ok
Reitin pituus: 31
(10, 1)
(10, 2)
(10, 3)
(9, 3)
(8, 3)
(7, 3)
(6, 3)
(5, 3)
(4, 3)
(4, 4)
(4, 5)
(4, 6)
(4, 7)
(4, 8)
(4, 9)
(4, 10)
(4, 11)
(4, 12)
(4, 13)
(4, 14)
(4, 15)
(5, 15)
(6, 15)
(6, 16)
(6, 17)
(7, 17)
(8, 17)
(8, 18)
(8, 19)
(7, 19)
(6, 19)
(5, 19)
kaikki ok
Reitin pituus: 4
(17, 5)
(17, 4)
(17, 3)
(16, 3)
(15, 3)
kaikki ok
Reitin pituus: 6
(2, 13)
(1, 13)
(1, 14)
(1, 15)
(2, 15)
(2, 16)
(2, 17)
kaikki ok
Reitin pituus: 17
(14, 10)
(14, 9)
(13, 9)
(12, 9)
(12, 10)
(12, 11)
(11, 11)
(10, 11)
(9, 11)
(8, 11)
(7, 11)
(6, 11)
(6, 10)
(6, 9)
(5, 9)
(4, 9)
(4, 8)
(4, 7)
kaikki ok
Reitin pituus: 7
(6, 11)
(6, 12)
(6, 13)
(5, 13)
(4, 13)
(4, 14)
(4, 15)
(4, 16)
kaikki ok
Reitin pituus: 18
(15, 13)
(14, 13)
(14, 12)
(14, 11)
(14, 10)
(14, 9)
(14, 8)
(14, 7)
(14, 6)
(14, 5)
(14, 4)
(14, 3)
(13, 3)
(12, 3)
(11, 3)
(10, 3)
(9, 3)
(8, 3)
(7, 3)
kaikki ok
Reitin pituus: 24
(16, 13)
(15, 13)
(14, 13)
(13, 13)
(12, 13)
(12, 12)
(12, 11)
(12, 10)
(12, 9)
(12, 8)
(12, 7)
(11, 7)
(10, 7)
(9, 7)
(8, 7)
(8, 6)
(8, 5)
(7, 5)
(6, 5)
(6, 4)
(6, 3)
(5, 3)
(4, 3)
(3, 3)
(2, 3)
kaikki ok
Reitin pituus: 7
(6, 4)
(6, 3)
(5, 3)
(4, 3)
(3, 3)
(2, 3)
(1, 3)
(1, 2)
kaikki ok
Reitin pituus: 6
(12, 8)
(12, 7)
(11, 7)
(10, 7)
(9, 7)
(8, 7)
(7, 7)
kaikki ok
Reitin pituus: 16
(10, 13)
(10, 14)
(10, 15)
(9, 15)
(8, 15)
(8, 14)
(8, 13)
(7, 13)
(6, 13)
(6, 12)
(6, 11)
(6, 10)
(6, 9)
(5, 9)
(4, 9)
(4, 8)
(4, 7)
kaikki ok
Reitin pituus: 25
(13, 3)
(14, 3)
(14, 4)
(14, 5)
(14, 6)
(14, 7)
(14, 8)
(14, 9)
(14, 10)
(14, 11)
(14, 12)
(14, 13)
(14, 14)
(14, 15)
(13, 15)
(12, 15)
(12, 16)
(12, 17)
(11, 17)
(10, 17)
(10, 18)
(10, 19)
(9, 19)
(8, 19)
(8, 18)
(8, 17)
kaikki ok
Reitin pituus: 18
(17, 4)
(17, 3)
(16, 3)
(15, 3)
(14, 3)
(13, 3)
(12, 3)
(12, 4)
(12, 5)
(11, 5)
(10, 5)
(10, 6)
(10, 7)
(9, 7)
(8, 7)
(7, 7)
(6, 7)
(6, 8)
(6, 9)
kaikki ok
Reitin pituus: 8
(12, 10)
(12, 11)
(11, 11)
(10, 11)
(9, 11)
(8, 11)
(7, 11)
(6, 11)
(6, 12)
kaikki ok
Reitin pituus: 16
(17, 17)
(16, 17)
(15, 17)
(14, 17)
(14, 16)
(14, 15)
(14, 14)
(14, 13)
(14, 12)
(14, 11)
(14, 10)
(14, 9)
(14, 8)
(14, 7)
(14, 6)
(14, 5)
(15, 5)
kaikki ok
Reitin pituus: 17
(5, 13)
(4, 13)
(4, 14)
(4, 15)
(5, 15)
(6, 15)
(6, 16)
(6, 17)
(7, 17)
(8, 17)
(8, 18)
(8, 19)
(9, 19)
(10, 19)
(11, 19)
(12, 19)
(13, 19)
(14, 19)
kaikki ok
Reitin pituus: 16
(14, 9)
(14, 10)
(14, 11)
(14, 12)
(14, 13)
(14, 14)
(14, 15)
(13, 15)
(12, 15)
(12, 16)
(12, 17)
(11, 17)
(10, 17)
(10, 18)
(10, 19)
(11, 19)
(12, 19)
kaikki ok
Reitin pituus: 25
(14, 14)
(14, 13)
(13, 13)
(12, 13)
(12, 12)
(12, 11)
(11, 11)
(10, 11)
(9, 11)
(8, 11)
(7, 11)
(6, 11)
(6, 10)
(6, 9)
(5, 9)
(4, 9)
(4, 8)
(4, 7)
(4, 6)
(4, 5)
(4, 4)
(4, 3)
(4, 2)
(4, 1)
(3, 1)
(2, 1)
kaikki ok
Reitin pituus: 20
(10, 14)
(10, 13)
(11, 13)
(12, 13)
(12, 12)
(12, 11)
(12, 10)
(12, 9)
(12, 8)
(12, 7)
(11, 7)
(10, 7)
(9, 7)
(8, 7)
(8, 6)
(8, 5)
(7, 5)
(6, 5)
(6, 4)
(6, 3)
(7, 3)
kaikki ok
Reitin pituus: 22
(2, 1)
(3, 1)
(4, 1)
(5, 1)
(6, 1)
(7, 1)
(8, 1)
(8, 2)
(8, 3)
(9, 3)
(10, 3)
(11, 3)
(12, 3)
(13, 3)
(14, 3)
(14, 4)
(14, 5)
(14, 6)
(14, 7)
(14, 8)
(14, 9)
(14, 10)
(14, 11)
kaikki ok
Reitin pituus: 8
(13, 15)
(12, 15)
(11, 15)
(10, 15)
(9, 15)
(8, 15)
(7, 15)
(6, 15)
(5, 15)
kaikki ok
Reitin pituus: 23
(16, 19)
(17, 19)
(17, 18)
(17, 17)
(16, 17)
(15, 17)
(14, 17)
(14, 16)
(14, 15)
(13, 15)
(12, 15)
(11, 15)
(10, 15)
(9, 15)
(8, 15)
(8, 14)
(8, 13)
(7, 13)
(6, 13)
(6, 12)
(6, 11)
(6, 10)
(6, 9)
(6, 8)
kaikki ok
Reitin pituus: 13
(12, 5)
(11, 5)
(10, 5)
(10, 6)
(10, 7)
(9, 7)
(8, 7)
(7, 7)
(6, 7)
(6, 8)
(6, 9)
(6, 10)
(6, 11)
(6, 12)
kaikki ok
Reitin pituus: 16
(12, 3)
(13, 3)
(14, 3)
(14, 4)
(14, 5)
(14, 6)
(14, 7)
(14, 8)
(14, 9)
(14, 10)
(14, 11)
(14, 12)
(14, 13)
(14, 14)
(14, 15)
(14, 16)
(14, 17)
kaikki ok
Reitin pituus: 3
(13, 3)
(12, 3)
(11, 3)
(10, 3)
kaikki ok
Reitin pituus: 4
(14, 3)
(15, 3)
(16, 3)
(17, 3)
(17, 2)
kaikki ok
Reitin pituus: 10
(14, 10)
(14, 11)
(14, 12)
(14, 13)
(14, 14)
(14, 15)
(13, 15)
(12, 15)
(12, 16)
(12, 17)
(11, 17)
kaikki ok
Reitin pituus: 22
(1, 17)
(2, 17)
(3, 17)
(4, 17)
(4, 16)
(4, 15)
(4, 14)
(4, 13)
(4, 12)
(4, 11)
(4, 10)
(4, 9)
(4, 8)
(4, 7)
(4, 6)
(4, 5)
(4, 4)
(4, 3)
(5, 3)
(6, 3)
(7, 3)
(8, 3)
(9, 3)
kaikki ok
Reitin pituus: 16
(9, 3)
(8, 3)
(7, 3)
(6, 3)
(5, 3)
(4, 3)
(4, 4)
(4, 5)
(4, 6)
(4, 7)
(4, 8)
(4, 9)
(4, 10)
(4, 11)
(4, 12)
(4, 13)
(4, 14)
kaikki ok
Reitin pituus: 18
(8, 17)
(7, 17)
(6, 17)
(6, 16)
(6, 15)
(7, 15)
(8, 15)
(9, 15)
(10, 15)
(10, 14)
(10, 13)
(11, 13)
(12, 13)
(12, 12)
(12, 11)
(12, 10)
(12, 9)
(12, 8)
(12, 7)
kaikki ok
Reitin pituus: 8
(1, 15)
(1, 14)
(1, 13)
(2, 13)
(3, 13)
(4, 13)
(5, 13)
(6, 13)
(7, 13)
kaikki ok
Reitin pituus: 16
(7, 7)
(8, 7)
(9, 7)
(10, 7)
(10, 6)
(10, 5)
(11, 5)
(12, 5)
(12, 4)
(12, 3)
(13, 3)
(14, 3)
(14, 2)
(14, 1)
(15, 1)
(16, 1)
(17, 1)
kaikki ok
Reitin pituus: 5
(14, 5)
(14, 4)
(14, 3)
(13, 3)
(12, 3)
(12, 4)
kaikki ok
Reitin pituus: 3
(17, 17)
(17, 18)
(17, 19)
(16, 19)
kaikki ok
Reitin pituus: 29
(17, 5)
(16, 5)
(15, 5)
(14, 5)
(14, 6)
(14, 7)
(14, 8)
(14, 9)
(14, 10)
(14, 11)
(14, 12)
(14, 13)
(14, 14)
(14, 15)
(13, 15)
(12, 15)
(12, 16)
(12, 17)
(11, 17)
(10, 17)
(10, 18)
(10, 19)
(9, 19)
(8, 19)
(7, 19)
(6, 19)
(5, 19)
(4, 19)
(3, 19)
(2, 19)
kaikki ok
Reitin pituus: 19
(17, 19)
(17, 18)
(17, 17)
(16, 17)
(15, 17)
(14, 17)
(14, 16)
(14, 15)
(13, 15)
(12, 15)
(11, 15)
(10, 15)
(9, 15)
(8, 15)
(7, 15)
(6, 15)
(5, 15)
(4, 15)
(4, 14)
(4, 13)
kaikki ok
Reitin pituus: 18
(14, 7)
(14, 8)
(14, 9)
(13, 9)
(12, 9)
(12, 10)
(12, 11)
(12, 12)
(12, 13)
(11, 13)
(10, 13)
(10, 14)
(10, 15)
(9, 15)
(8, 15)
(7, 15)
(6, 15)
(6, 16)
(6, 17)
kaikki ok
Reitin pituus: 8
(14, 3)
(13, 3)
(12, 3)
(11, 3)
(10, 3)
(9, 3)
(8, 3)
(8, 2)
(8, 1)
kaikki ok
Reitin pituus: 13
(7, 5)
(8, 5)
(8, 6)
(8, 7)
(9, 7)
(10, 7)
(11, 7)
(12, 7)
(12, 8)
(12, 9)
(13, 9)
(14, 9)
(14, 10)
(14, 11)
kaikki ok
Reitin pituus: 19
(4, 8)
(4, 7)
(4, 6)
(4, 5)
(4, 4)
(4, 3)
(5, 3)
(6, 3)
(7, 3)
(8, 3)
(9, 3)
(10, 3)
(11, 3)
(12, 3)
(13, 3)
(14, 3)
(15, 3)
(16, 3)
(17, 3)
(17, 4)
kaikki ok
Reitin pituus: 9
(2, 17)
(3, 17)
(4, 17)
(4, 16)
(4, 15)
(4, 14)
(4, 13)
(5, 13)
(6, 13)
(7, 13)
kaikki ok
Reitin pituus: 25
(16, 3)
(15, 3)
(14, 3)
(13, 3)
(12, 3)
(12, 4)
(12, 5)
(11, 5)
(10, 5)
(10, 6)
(10, 7)
(9, 7)
(8, 7)
(7, 7)
(6, 7)
(6, 8)
(6, 9)
(5, 9)
(4, 9)
(4, 10)
(4, 11)
(4, 12)
(4, 13)
(4, 14)
(4, 15)
(4, 16)
kaikki ok
Reitin pituus: 19
(13, 19)
(12, 19)
(11, 19)
(10, 19)
(9, 19)
(8, 19)
(8, 18)
(8, 17)
(7, 17)
(6, 17)
(6, 16)
(6, 15)
(5, 15)
(4, 15)
(4, 14)
(4, 13)
(3, 13)
(2, 13)
(1, 13)
(1, 14)
kaikki ok
Reitin pituus: 13
(14, 9)
(13, 9)
(12, 9)
(12, 10)
(12, 11)
(11, 11)
(10, 11)
(9, 11)
(8, 11)
(7, 11)
(6, 11)
(6, 12)
(6, 13)
(5, 13)
kaikki ok
Reitin pituus: 15
(11, 3)
(12, 3)
(12, 4)
(12, 5)
(11, 5)
(10, 5)
(10, 6)
(10, 7)
(11, 7)
(12, 7)
(12, 8)
(12, 9)
(12, 10)
(12, 11)
(12, 12)
(12, 13)
kaikki ok
Reitin pituus: 21
(10, 15)
(10, 14)
(10, 13)
(11, 13)
(12, 13)
(12, 12)
(12, 11)
(12, 10)
(12, 9)
(13, 9)
(14, 9)
(14, 8)
(14, 7)
(14, 6)
(14, 5)
(14, 4)
(14, 3)
(14, 2)
(14, 1)
(13, 1)
(12, 1)
(11, 1)
kaikki ok
Reitin pituus: 19
(15, 19)
(14, 19)
(13, 19)
(12, 19)
(11, 19)
(10, 19)
(9, 19)
(8, 19)
(8, 18)
(8, 17)
(7, 17)
(6, 17)
(6, 16)
(6, 15)
(5, 15)
(4, 15)
(4, 14)
(4, 13)
(3, 13)
(2, 13)
kaikki ok
Reitin pituus: 3
(12, 17)
(12, 16)
(12, 15)
(11, 15)
kaikki ok
Reitin pituus: 16
(8, 2)
(8, 3)
(9, 3)
(10, 3)
(11, 3)
(12, 3)
(13, 3)
(14, 3)
(14, 4)
(14, 5)
(14, 6)
(14, 7)
(14, 8)
(14, 9)
(14, 10)
(14, 11)
(14, 12)
kaikki ok
Reitin pituus: 10
(17, 3)
(16, 3)
(15, 3)
(14, 3)
(13, 3)
(12, 3)
(11, 3)
(10, 3)
(9, 3)
(8, 3)
(7, 3)
kaikki ok
Reitin pituus: 23
(1, 19)
(1, 18)
(1, 17)
(2, 17)
(3, 17)
(4, 17)
(4, 16)
(4, 15)
(4, 14)
(4, 13)
(4, 12)
(4, 11)
(4, 10)
(4, 9)
(4, 8)
(4, 7)
(4, 6)
(4, 5)
(4, 4)
(4, 3)
(5, 3)
(6, 3)
(6, 4)
(6, 5)
kaikki ok
Reitin pituus: 12
(5, 15)
(6, 15)
(7, 15)
(8, 15)
(9, 15)
(10, 15)
(11, 15)
(12, 15)
(13, 15)
(14, 15)
(14, 14)
(14, 13)
(15, 13)
kaikki ok
Reitin pituus: 16
(13, 3)
(14, 3)
(14, 4)
(14, 5)
(14, 6)
(14, 7)
(14, 8)
(14, 9)
(14, 10)
(14, 11)
(14, 12)
(14, 13)
(14, 14)
(14, 15)
(14, 16)
(14, 17)
(15, 17)
kaikki ok
Reitin pituus: 24
(14, 15)
(14, 14)
(14, 13)
(14, 12)
(14, 11)
(14, 10)
(14, 9)
(14, 8)
(14, 7)
(14, 6)
(14, 5)
(14, 4)
(14, 3)
(13, 3)
(12, 3)
(11, 3)
(10, 3)
(9, 3)
(8, 3)
(8, 2)
(8, 1)
(7, 1)
(6, 1)
(5, 1)
(4, 1)
kaikki ok
Reitin pituus: 31
(5, 1)
(4, 1)
(4, 2)
(4, 3)
(4, 4)
(4, 5)
(4, 6)
(4, 7)
(4, 8)
(4, 9)
(4, 10)
(4, 11)
(4, 12)
(4, 13)
(4, 14)
(4, 15)
(5, 15)
(6, 15)
(6, 16)
(6, 17)
(7, 17)
(8, 17)
(8, 18)
(8, 19)
(9, 19)
(10, 19)
(11, 19)
(12, 19)
(13, 19)
(14, 19)
(15, 19)
(16, 19)
kaikki ok
Reitin pituus: 13
(12, 12)
(12, 11)
(11, 11)
(10, 11)
(9, 11)
(8, 11)
(7, 11)
(6, 11)
(6, 10)
(6, 9)
(5, 9)
(4, 9)
(4, 10)
(4, 11)
kaikki ok
Reitin pituus: 12
(17, 17)
(16, 17)
(15, 17)
(14, 17)
(14, 16)
(14, 15)
(14, 14)
(14, 13)
(13, 13)
(12, 13)
(12, 12)
(12, 11)
(12, 10)
kaikki ok
Reitin pituus: 14
(14, 11)
(14, 12)
(14, 13)
(14, 14)
(14, 15)
(13, 15)
(12, 15)
(12, 16)
(12, 17)
(11, 17)
(10, 17)
(10, 18)
(10, 19)
(11, 19)
(12, 19)
kaikki ok
Reitin pituus: 14
(11, 1)
(10, 1)
(10, 2)
(10, 3)
(9, 3)
(8, 3)
(7, 3)
(6, 3)
(6, 4)
(6, 5)
(7, 5)
(8, 5)
(8, 6)
(8, 7)
(7, 7)
kaikki ok
Reitin pituus: 2
(8, 1)
(8, 2)
(8, 3)
kaikki ok
Reitin pituus: 17
(10, 7)
(9, 7)
(8, 7)
(7, 7)
(6, 7)
(6, 8)
(6, 9)
(5, 9)
(4, 9)
(4, 10)
(4, 11)
(4, 12)
(4, 13)
(3, 13)
(2, 13)
(1, 13)
(1, 14)
(1, 15)
kaikki ok
Reitin pituus: 11
(11, 3)
(12, 3)
(12, 4)
(12, 5)
(11, 5)
(10, 5)
(10, 6)
(10, 7)
(11, 7)
(12, 7)
(12, 8)
(12, 9)
kaikki ok
Reitin pituus: 14
(2, 1)
(3, 1)
(4, 1)
(4, 2)
(4, 3)
(5, 3)
(6, 3)
(6, 4)
(6, 5)
(7, 5)
(8, 5)
(8, 6)
(8, 7)
(9, 7)
(10, 7)
kaikki ok
Reitin pituus: 4
(4, 1)
(4, 2)
(4, 3)
(3, 3)
(2, 3)
kaikki ok
Reitin pituus: 21
(17, 17)
(16, 17)
(15, 17)
(14, 17)
(14, 16)
(14, 15)
(14, 14)
(14, 13)
(13, 13)
(12, 13)
(12, 12)
(12, 11)
(12, 10)
(12, 9)
(12, 8)
(12, 7)
(11, 7)
(10, 7)
(9, 7)
(9, 8)
(9, 9)
(10, 9)
kaikki ok
Reitin pituus: 12
(16, 13)
(17, 13)
(17, 14)
(17, 15)
(16, 15)
(16, 16)
(16, 17)
(17, 17)
(17, 18)
(17, 19)
(16, 19)
(15, 19)
(14, 19)
kaikki ok
Reitin pituus: 23
(14, 11)
(14, 12)
(14, 13)
(13, 13)
(12, 13)
(12, 12)
(12, 11)
(11, 11)
(10, 11)
(9, 11)
(8, 11)
(7, 11)
(6, 11)
(6, 10)
(6, 9)
(5, 9)
(4, 9)
(4, 8)
(4, 7)
(4, 6)
(4, 5)
(3, 5)
(2, 5)
(1, 5)
kaikki ok
Reitin pituus: 16
(16, 3)
(15, 3)
(14, 3)
(13, 3)
(12, 3)
(12, 4)
(12, 5)
(11, 5)
(10, 5)
(10, 6)
(10, 7)
(9, 7)
(8, 7)
(7, 7)
(6, 7)
(6, 8)
(6, 9)
kaikki ok
Reitin pituus: 4
(10, 14)
(10, 13)
(11, 13)
(12, 13)
(13, 13)
kaikki ok
Reitin pituus: 12
(6, 11)
(6, 10)
(6, 9)
(5, 9)
(4, 9)
(4, 8)
(4, 7)
(4, 6)
(4, 5)
(4, 4)
(4, 3)
(4, 2)
(4, 1)
kaikki ok
Reitin pituus: 12
(7, 7)
(8, 7)
(9, 7)
(10, 7)
(11, 7)
(12, 7)
(12, 8)
(12, 9)
(12, 10)
(12, 11)
(12, 12)
(12, 13)
(11, 13)
kaikki ok
Reitin pituus: 9
(4, 10)
(4, 9)
(5, 9)
(6, 9)
(6, 8)
(6, 7)
(7, 7)
(8, 7)
(9, 7)
(9, 8)
kaikki ok
Reitin pituus: 26
(11, 1)
(12, 1)
(13, 1)
(14, 1)
(14, 2)
(14, 3)
(14, 4)
(14, 5)
(14, 6)
(14, 7)
(14, 8)
(14, 9)
(14, 10)
(14, 11)
(14, 12)
(14, 13)
(14, 14)
(14, 15)
(13, 15)
(12, 15)
(12, 16)
(12, 17)
(11, 17)
(10, 17)
(10, 18)
(10, 19)
(9, 19)
kaikki ok
Reitin pituus: 11
(10, 5)
(10, 6)
(10, 7)
(9, 7)
(8, 7)
(8, 6)
(8, 5)
(7, 5)
(6, 5)
(6, 4)
(6, 3)
(5, 3)
kaikki ok
Reitin pituus: 17
(17, 4)
(17, 3)
(16, 3)
(15, 3)
(14, 3)
(13, 3)
(12, 3)
(11, 3)
(10, 3)
(9, 3)
(8, 3)
(7, 3)
(6, 3)
(5, 3)
(4, 3)
(3, 3)
(2, 3)
(1, 3)
kaikki ok
Reitin pituus: 9
(4, 9)
(5, 9)
(6, 9)
(6, 10)
(6, 11)
(7, 11)
(8, 11)
(9, 11)
(10, 11)
(11, 11)
kaikki ok
Reitin pituus: 15
(1, 13)
(2, 13)
(3, 13)
(4, 13)
(4, 12)
(4, 11)
(4, 10)
(4, 9)
(5, 9)
(6, 9)
(6, 8)
(6, 7)
(7, 7)
(8, 7)
(9, 7)
(10, 7)
kaikki ok
Reitin pituus: 18
(10, 17)
(10, 18)
(10, 19)
(9, 19)
(8, 19)
(7, 19)
(6, 19)
(5, 19)
(4, 19)
(3, 19)
(2, 19)
(1, 19)
(1, 18)
(1, 17)
(2, 17)
(2, 16)
(2, 15)
(1, 15)
(1, 14)
kaikki ok
Reitin pituus: 28
(10, 1)
(10, 2)
(10, 3)
(9, 3)
(8, 3)
(7, 3)
(6, 3)
(5, 3)
(4, 3)
(4, 4)
(4, 5)
(4, 6)
(4, 7)
(4, 8)
(4, 9)
(4, 10)
(4, 11)
(4, 12)
(4, 13)
(4, 14)
(4, 15)
(4, 16)
(4, 17)
(3, 17)
(2, 17)
(1, 17)
(1, 18)
(1, 19)
(2, 19)
kaikki ok
Reitin pituus: 7
(10, 13)
(11, 13)
(12, 13)
(13, 13)
(14, 13)
(14, 14)
(14, 15)
(14, 16)
kaikki ok
Reitin pituus: 13
(10, 15)
(9, 15)
(8, 15)
(7, 15)
(6, 15)
(5, 15)
(4, 15)
(4, 16)
(4, 17)
(3, 17)
(2, 17)
(1, 17)
(1, 18)
(1, 19)
kaikki ok
Reitin pituus: 28
(1, 18)
(1, 17)
(2, 17)
(3, 17)
(4, 17)
(4, 16)
(4, 15)
(5, 15)
(6, 15)
(7, 15)
(8, 15)
(9, 15)
(10, 15)
(10, 14)
(10, 13)
(11, 13)
(12, 13)
(12, 12)
(12, 11)
(12, 10)
(12, 9)
(13, 9)
(14, 9)
(14, 8)
(14, 7)
(14, 6)
(14, 5)
(15, 5)
(16, 5)
kaikki ok
Reitin pituus: 11
(4, 7)
(4, 8)
(4, 9)
(4, 10)
(4, 11)
(4, 12)
(4, 13)
(4, 14)
(4, 15)
(5, 15)
(6, 15)
(7, 15)
kaikki ok
Reitin pituus: 1
(6, 19)
(5, 19)
kaikki ok
Reitin pituus: 21
(3, 5)
(4, 5)
(4, 6)
(4, 7)
(4, 8)
(4, 9)
(4, 10)
(4, 11)
(4, 12)
(4, 13)
(4, 14)
(4, 15)
(5, 15)
(6, 15)
(6, 16)
(6, 17)
(7, 17)
(8, 17)
(8, 18)
(8, 19)
(9, 19)
(10, 19)
kaikki ok
Reitin pituus: 23
(15, 3)
(14, 3)
(13, 3)
(12, 3)
(12, 4)
(12, 5)
(11, 5)
(10, 5)
(10, 6)
(10, 7)
(9, 7)
(8, 7)
(7, 7)
(6, 7)
(6, 8)
(6, 9)
(5, 9)
(4, 9)
(4, 10)
(4, 11)
(4, 12)
(4, 13)
(3, 13)
(2, 13)
kaikki ok
Reitin pituus: 17
(12, 9)
(12, 10)
(12, 11)
(11, 11)
(10, 11)
(9, 11)
(8, 11)
(7, 11)
(6, 11)
(6, 12)
(6, 13)
(5, 13)
(4, 13)
(3, 13)
(2, 13)
(1, 13)
(1, 14)
(1, 15)
kaikki ok
Reitin pituus: 14
(1, 4)
(1, 3)
(2, 3)
(3, 3)
(4, 3)
(5, 3)
(6, 3)
(7, 3)
(8, 3)
(9, 3)
(10, 3)
(11, 3)
(12, 3)
(12, 4)
(12, 5)
kaikki ok
Reitin pituus: 8
(4, 11)
(4, 12)
(4, 13)
(5, 13)
(6, 13)
(7, 13)
(8, 13)
(8, 14)
(8, 15)
kaikki ok
Reitin pituus: 12
(3, 13)
(4, 13)
(4, 12)
(4, 11)
(4, 10)
(4, 9)
(4, 8)
(4, 7)
(4, 6)
(4, 5)
(4, 4)
(4, 3)
(5, 3)
kaikki ok
Reitin pituus: 17
(10, 19)
(9, 19)
(8, 19)
(8, 18)
(8, 17)
(7, 17)
(6, 17)
(6, 16)
(6, 15)
(7, 15)
(8, 15)
(8, 14)
(8, 13)
(7, 13)
(6, 13)
(6, 12)
(6, 11)
(6, 10)
kaikki ok
Reitin pituus: 25
(14, 19)
(13, 19)
(12, 19)
(11, 19)
(10, 19)
(9, 19)
(8, 19)
(8, 18)
(8, 17)
(7, 17)
(6, 17)
(6, 16)
(6, 15)
(7, 15)
(8, 15)
(8, 14)
(8, 13)
(7, 13)
(6, 13)
(6, 12)
(6, 11)
(6, 10)
(6, 9)
(6, 8)
(6, 7)
(7, 7)
kaikki ok
Reitin pituus: 14
(12, 8)
(12, 9)
(12, 10)
(12, 11)
(12, 12)
(12, 13)
(11, 13)
(10, 13)
(10, 14)
(10, 15)
(9, 15)
(8, 15)
(7, 15)
(6, 15)
(5, 15)
kaikki ok
Reitin pituus: 2
(11, 3)
(12, 3)
(13, 3)
kaikki ok
Reitin pituus: 25
(12, 3)
(13, 3)
(14, 3)
(14, 4)
(14, 5)
(14, 6)
(14, 7)
(14, 8)
(14, 9)
(14, 10)
(14, 11)
(14, 12)
(14, 13)
(14, 14)
(14, 15)
(13, 15)
(12, 15)
(12, 16)
(12, 17)
(11, 17)
(10, 17)
(10, 18)
(10, 19)
(9, 19)
(8, 19)
(8, 18)
kaikki ok
Reitin pituus: 22
(14, 16)
(14, 15)
(14, 14)
(14, 13)
(13, 13)
(12, 13)
(12, 12)
(12, 11)
(12, 10)
(12, 9)
(12, 8)
(12, 7)
(11, 7)
(10, 7)
(9, 7)
(8, 7)
(8, 6)
(8, 5)
(7, 5)
(6, 5)
(6, 4)
(6, 3)
(5, 3)
kaikki ok
Reitin pituus: 4
(3, 1)
(2, 1)
(1, 1)
(1, 2)
(1, 3)
kaikki ok
Reitin pituus: 20
(5, 13)
(6, 13)
(6, 12)
(6, 11)
(7, 11)
(8, 11)
(9, 11)
(10, 11)
(11, 11)
(12, 11)
(12, 10)
(12, 9)
(13, 9)
(14, 9)
(14, 8)
(14, 7)
(14, 6)
(14, 5)
(14, 4)
(14, 3)
(14, 2)
kaikki ok
Reitin pituus: 16
(14, 9)
(14, 10)
(14, 11)
(14, 12)
(14, 13)
(14, 14)
(14, 15)
(13, 15)
(12, 15)
(11, 15)
(10, 15)
(9, 15)
(8, 15)
(7, 15)
(6, 15)
(5, 15)
(4, 15)
kaikki ok
Reitin pituus: 10
(10, 11)
(9, 11)
(8, 11)
(7, 11)
(6, 11)
(6, 10)
(6, 9)
(5, 9)
(4, 9)
(4, 8)
(4, 7)
kaikki ok
Reitin pituus: 18
(16, 13)
(15, 13)
(14, 13)
(13, 13)
(12, 13)
(12, 12)
(12, 11)
(11, 11)
(10, 11)
(9, 11)
(8, 11)
(7, 11)
(6, 11)
(6, 10)
(6, 9)
(5, 9)
(4, 9)
(4, 8)
(4, 7)
kaikki ok
Reitin pituus: 11
(6, 1)
(7, 1)
(8, 1)
(8, 2)
(8, 3)
(9, 3)
(10, 3)
(11, 3)
(12, 3)
(13, 3)
(14, 3)
(15, 3)
kaikki ok
Reitin pituus: 15
(11, 19)
(10, 19)
(9, 19)
(8, 19)
(8, 18)
(8, 17)
(7, 17)
(6, 17)
(6, 16)
(6, 15)
(5, 15)
(4, 15)
(4, 14)
(4, 13)
(4, 12)
(4, 11)
kaikki ok
Reitin pituus: 12
(6, 13)
(7, 13)
(8, 13)
(8, 14)
(8, 15)
(7, 15)
(6, 15)
(6, 16)
(6, 17)
(7, 17)
(8, 17)
(8, 18)
(8, 19)
kaikki ok
Reitin pituus: 30
(3, 1)
(4, 1)
(4, 2)
(4, 3)
(4, 4)
(4, 5)
(4, 6)
(4, 7)
(4, 8)
(4, 9)
(4, 10)
(4, 11)
(4, 12)
(4, 13)
(4, 14)
(4, 15)
(5, 15)
(6, 15)
(6, 16)
(6, 17)
(7, 17)
(8, 17)
(8, 18)
(8, 19)
(9, 19)
(10, 19)
(11, 19)
(12, 19)
(13, 19)
(14, 19)
(15, 19)
kaikki ok
Reitin pituus: 18
(7, 11)
(6, 11)
(6, 12)
(6, 13)
(7, 13)
(8, 13)
(8, 14)
(8, 15)
(9, 15)
(10, 15)
(11, 15)
(12, 15)
(12, 16)
(12, 17)
(11, 17)
(10, 17)
(10, 18)
(10, 19)
(11, 19)
kaikki ok
Reitin pituus: 23
(14, 1)
(14, 2)
(14, 3)
(13, 3)
(12, 3)
(12, 4)
(12, 5)
(11, 5)
(10, 5)
(10, 6)
(10, 7)
(9, 7)
(8, 7)
(7, 7)
(6, 7)
(6, 8)
(6, 9)
(6, 10)
(6, 11)
(6, 12)
(6, 13)
(5, 13)
(4, 13)
(3, 13)
kaikki ok
Reitin pituus: 6
(14, 1)
(14, 2)
(14, 3)
(13, 3)
(12, 3)
(12, 4)
(12, 5)
kaikki ok
Reitin pituus: 18
(5, 3)
(6, 3)
(7, 3)
(8, 3)
(9, 3)
(10, 3)
(11, 3)
(12, 3)
(13, 3)
(14, 3)
(14, 4)
(14, 5)
(14, 6)
(14, 7)
(14, 8)
(14, 9)
(14, 10)
(14, 11)
(14, 12)
kaikki ok
Reitin pituus: 12
(14, 7)
(14, 6)
(14, 5)
(14, 4)
(14, 3)
(13, 3)
(12, 3)
(11, 3)
(10, 3)
(9, 3)
(8, 3)
(8, 2)
(8, 1)
kaikki ok
Reitin pituus: 8
(17, 2)
(17, 3)
(16, 3)
(15, 3)
(14, 3)
(13, 3)
(12, 3)
(12, 4)
(12, 5)
kaikki ok
Reitin pituus: 2
(13, 19)
(12, 19)
(11, 19)
kaikki ok
Reitin pituus: 8
(9, 19)
(10, 19)
(10, 18)
(10, 17)
(11, 17)
(12, 17)
(12, 16)
(12, 15)
(13, 15)
kaikki ok
Reitin pituus: 12
(5, 13)
(6, 13)
(7, 13)
(8, 13)
(8, 14)
(8, 15)
(9, 15)
(10, 15)
(11, 15)
(12, 15)
(13, 15)
(14, 15)
(14, 14)
kaikki ok
Reitin pituus: 16
(12, 8)
(12, 9)
(12, 10)
(12, 11)
(12, 12)
(12, 13)
(11, 13)
(10, 13)
(10, 14)
(10, 15)
(11, 15)
(12, 15)
(12, 16)
(12, 17)
(11, 17)
(10, 17)
(10, 18)
kaikki ok
Reitin pituus: 11
(8, 15)
(9, 15)
(10, 15)
(10, 14)
(10, 13)
(11, 13)
(12, 13)
(12, 12)
(12, 11)
(12, 10)
(12, 9)
(13, 9)
kaikki ok
Reitin pituus: 10
(14, 5)
(14, 4)
(14, 3)
(13, 3)
(12, 3)
(11, 3)
(10, 3)
(9, 3)
(8, 3)
(7, 3)
(6, 3)
kaikki ok
Reitin pituus: 7
(15, 13)
(14, 13)
(14, 14)
(14, 15)
(13, 15)
(12, 15)
(12, 16)
(12, 17)
kaikki ok
Reitin pituus: 6
(12, 3)
(13, 3)
(14, 3)
(15, 3)
(16, 3)
(17, 3)
(17, 2)
kaikki ok
Reitin pituus: 16
(7, 13)
(6, 13)
(6, 12)
(6, 11)
(6, 10)
(6, 9)
(5, 9)
(4, 9)
(4, 8)
(4, 7)
(4, 6)
(4, 5)
(4, 4)
(4, 3)
(4, 2)
(4, 1)
(5, 1)
kaikki ok
Reitin pituus: 14
(1, 19)
(1, 18)
(1, 17)
(2, 17)
(3, 17)
(4, 17)
(4, 16)
(4, 15)
(4, 14)
(4, 13)
(4, 12)
(4, 11)
(4, 10)
(4, 9)
(4, 8)
kaikki ok
Reitin pituus: 27
(3, 19)
(4, 19)
(5, 19)
(6, 19)
(7, 19)
(8, 19)
(9, 19)
(10, 19)
(10, 18)
(10, 17)
(11, 17)
(12, 17)
(12, 16)
(12, 15)
(13, 15)
(14, 15)
(14, 14)
(14, 13)
(14, 12)
(14, 11)
(14, 10)
(14, 9)
(14, 8)
(14, 7)
(14, 6)
(14, 5)
(15, 5)
(16, 5)
kaikki ok
Reitin pituus: 13
(9, 8)
(9, 7)
(10, 7)
(10, 6)
(10, 5)
(11, 5)
(12, 5)
(12, 4)
(12, 3)
(13, 3)
(14, 3)
(14, 2)
(14, 1)
(15, 1)
kaikki ok
Reitin pituus: 26
(16, 13)
(15, 13)
(14, 13)
(13, 13)
(12, 13)
(12, 12)
(12, 11)
(12, 10)
(12, 9)
(12, 8)
(12, 7)
(11, 7)
(10, 7)
(9, 7)
(8, 7)
(8, 6)
(8, 5)
(7, 5)
(6, 5)
(6, 4)
(6, 3)
(5, 3)
(4, 3)
(3, 3)
(2, 3)
(1, 3)
(1, 2)
kaikki ok
Reitin pituus: 13
(4, 8)
(4, 9)
(4, 10)
(4, 11)
(4, 12)
(4, 13)
(4, 14)
(4, 15)
(4, 16)
(4, 17)
(3, 17)
(2, 17)
(1, 17)
(1, 18)
kaikki ok
Reitin pituus: 10
(14, 8)
(14, 7)
(14, 6)
(14, 5)
(14, 4)
(14, 3)
(13, 3)
(12, 3)
(12, 4)
(12, 5)
(11, 5)
kaikki ok
Reitin pituus: 20
(8, 11)
(9, 11)
(10, 11)
(11, 11)
(12, 11)
(12, 10)
(12, 9)
(13, 9)
(14, 9)
(14, 8)
(14, 7)
(14, 6)
(14, 5)
(14, 4)
(14, 3)
(14, 2)
(14, 1)
(13, 1)
(12, 1)
(11, 1)
(10, 1)
kaikki ok
Reitin pituus: 15
(16, 13)
(15, 13)
(14, 13)
(14, 14)
(14, 15)
(13, 15)
(12, 15)
(11, 15)
(10, 15)
(9, 15)
(8, 15)
(7, 15)
(6, 15)
(5, 15)
(4, 15)
(4, 14)
kaikki ok
Reitin pituus: 11
(4, 1)
(4, 2)
(4, 3)
(4, 4)
(4, 5)
(4, 6)
(4, 7)
(4, 8)
(4, 9)
(5, 9)
(6, 9)
(6, 10)
kaikki ok
Reitin pituus: 13
(8, 11)
(9, 11)
(10, 11)
(11, 11)
(12, 11)
(12, 12)
(12, 13)
(13, 13)
(14, 13)
(15, 13)
(16, 13)
(17, 13)
(17, 14)
(17, 15)
kaikki ok
Reitin pituus: 5
(9, 3)
(8, 3)
(7, 3)
(6, 3)
(5, 3)
(4, 3)
kaikki ok
Reitin pituus: 11
(4, 4)
(4, 5)
(4, 6)
(4, 7)
(4, 8)
(4, 9)
(4, 10)
(4, 11)
(4, 12)
(4, 13)
(4, 14)
(4, 15)
kaikki ok
Reitin pituus: 7
(12, 17)
(12, 16)
(12, 15)
(11, 15)
(10, 15)
(9, 15)
(8, 15)
(7, 15)
kaikki ok
Reitin pituus: 18
(12, 10)
(12, 11)
(12, 12)
(12, 13)
(11, 13)
(10, 13)
(10, 14)
(10, 15)
(9, 15)
(8, 15)
(7, 15)
(6, 15)
(5, 15)
(4, 15)
(4, 16)
(4, 17)
(3, 17)
(2, 17)
(1, 17)
kaikki ok
Reitin pituus: 21
(16, 1)
(15, 1)
(14, 1)
(14, 2)
(14, 3)
(14, 4)
(14, 5)
(14, 6)
(14, 7)
(14, 8)
(14, 9)
(14, 10)
(14, 11)
(14, 12)
(14, 13)
(14, 14)
(14, 15)
(13, 15)
(12, 15)
(11, 15)
(10, 15)
(9, 15)
kaikki ok
Reitin pituus: 8
(12, 9)
(12, 8)
(12, 7)
(11, 7)
(10, 7)
(9, 7)
(8, 7)
(7, 7)
(6, 7)
kaikki ok
Reitin pituus: 17
(4, 17)
(4, 16)
(4, 15)
(4, 14)
(4, 13)
(4, 12)
(4, 11)
(4, 10)
(4, 9)
(4, 8)
(4, 7)
(4, 6)
(4, 5)
(4, 4)
(4, 3)
(5, 3)
(6, 3)
(6, 4)
kaikki ok
Reitin pituus: 14
(12, 17)
(12, 16)
(12, 15)
(13, 15)
(14, 15)
(14, 14)
(14, 13)
(14, 12)
(14, 11)
(14, 10)
(14, 9)
(14, 8)
(14, 7)
(14, 6)
(14, 5)
kaikki ok
Reitin pituus: 19
(11, 13)
(12, 13)
(12, 12)
(12, 11)
(12, 10)
(12, 9)
(12, 8)
(12, 7)
(11, 7)
(10, 7)
(9, 7)
(8, 7)
(8, 6)
(8, 5)
(7, 5)
(6, 5)
(6, 4)
(6, 3)
(7, 3)
(8, 3)
kaikki ok
Reitin pituus: 13
(5, 15)
(4, 15)
(4, 14)
(4, 13)
(5, 13)
(6, 13)
(6, 12)
(6, 11)
(6, 10)
(6, 9)
(6, 8)
(6, 7)
(7, 7)
(8, 7)
kaikki ok
Reitin pituus: 22
(8, 6)
(8, 7)
(9, 7)
(10, 7)
(11, 7)
(12, 7)
(12, 8)
(12, 9)
(12, 10)
(12, 11)
(12, 12)
(12, 13)
(13, 13)
(14, 13)
(14, 14)
(14, 15)
(14, 16)
(14, 17)
(15, 17)
(16, 17)
(17, 17)
(17, 18)
(17, 19)
kaikki ok
Reitin pituus: 12
(7, 13)
(8, 13)
(8, 14)
(8, 15)
(7, 15)
(6, 15)
(6, 16)
(6, 17)
(7, 17)
(8, 17)
(8, 18)
(8, 19)
(9, 19)
kaikki ok
Reitin pituus: 17
(14, 7)
(14, 6)
(14, 5)
(14, 4)
(14, 3)
(13, 3)
(12, 3)
(11, 3)
(10, 3)
(9, 3)
(8, 3)
(7, 3)
(6, 3)
(5, 3)
(4, 3)
(4, 4)
(4, 5)
(4, 6)
kaikki ok
Reitin pituus: 13
(17, 4)
(17, 3)
(16, 3)
(15, 3)
(14, 3)
(13, 3)
(12, 3)
(11, 3)
(10, 3)
(9, 3)
(8, 3)
(7, 3)
(6, 3)
(6, 4)
kaikki ok
Reitin pituus: 8
(9, 7)
(8, 7)
(7, 7)
(6, 7)
(6, 8)
(6, 9)
(6, 10)
(6, 11)
(7, 11)
kaikki ok
Reitin pituus: 8
(1, 19)
(1, 18)
(1, 17)
(2, 17)
(3, 17)
(4, 17)
(4, 16)
(4, 15)
(5, 15)
kaikki ok
Reitin pituus: 16
(17, 13)
(16, 13)
(15, 13)
(14, 13)
(14, 12)
(14, 11)
(14, 10)
(14, 9)
(14, 8)
(14, 7)
(14, 6)
(14, 5)
(14, 4)
(14, 3)
(13, 3)
(12, 3)
(12, 4)
kaikki ok
Reitin pituus: 21
(4, 12)
(4, 13)
(5, 13)
(6, 13)
(6, 12)
(6, 11)
(7, 11)
(8, 11)
(9, 11)
(10, 11)
(11, 11)
(12, 11)
(12, 10)
(12, 9)
(13, 9)
(14, 9)
(14, 8)
(14, 7)
(14, 6)
(14, 5)
(15, 5)
(16, 5)
kaikki ok
Reitin pituus: 9
(6, 11)
(7, 11)
(8, 11)
(9, 11)
(10, 11)
(11, 11)
(12, 11)
(12, 12)
(12, 13)
(11, 13)
kaikki ok
Reitin pituus: 13
(10, 19)
(9, 19)
(8, 19)
(8, 18)
(8, 17)
(7, 17)
(6, 17)
(6, 16)
(6, 15)
(5, 15)
(4, 15)
(4, 14)
(4, 13)
(3, 13)
kaikki ok
Reitin pituus: 10
(4, 3)
(5, 3)
(6, 3)
(7, 3)
(8, 3)
(9, 3)
(10, 3)
(10, 2)
(10, 1)
(11, 1)
(12, 1)
kaikki ok
Reitin pituus: 26
(7, 19)
(8, 19)
(9, 19)
(10, 19)
(10, 18)
(10, 17)
(11, 17)
(12, 17)
(12, 16)
(12, 15)
(13, 15)
(14, 15)
(14, 14)
(14, 13)
(14, 12)
(14, 11)
(14, 10)
(14, 9)
(14, 8)
(14, 7)
(14, 6)
(14, 5)
(14, 4)
(14, 3)
(13, 3)
(12, 3)
(12, 4)
kaikki ok
Reitin pituus: 23
(14, 6)
(14, 7)
(14, 8)
(14, 9)
(13, 9)
(12, 9)
(12, 10)
(12, 11)
(11, 11)
(10, 11)
(9, 11)
(8, 11)
(7, 11)
(6, 11)
(6, 12)
(6, 13)
(5, 13)
(4, 13)
(4, 14)
(4, 15)
(4, 16)
(4, 17)
(3, 17)
(2, 17)
kaikki ok
Reitin pituus: 22
(12, 3)
(12, 4)
(12, 5)
(11, 5)
(10, 5)
(10, 6)
(10, 7)
(9, 7)
(8, 7)
(7, 7)
(6, 7)
(6, 8)
(6, 9)
(6, 10)
(6, 11)
(6, 12)
(6, 13)
(5, 13)
(4, 13)
(3, 13)
(2, 13)
(1, 13)
(1, 14)
kaikki ok
Reitin pituus: 19
(17, 4)
(17, 5)
(16, 5)
(15, 5)
(14, 5)
(14, 6)
(14, 7)
(14, 8)
(14, 9)
(13, 9)
(12, 9)
(12, 10)
(12, 11)
(11, 11)
(10, 11)
(9, 11)
(8, 11)
(7, 11)
(6, 11)
(6, 12)
kaikki ok
Reitin pituus: 18
(17, 2)
(17, 3)
(16, 3)
(15, 3)
(14, 3)
(13, 3)
(12, 3)
(11, 3)
(10, 3)
(9, 3)
(8, 3)
(7, 3)
(6, 3)
(5, 3)
(4, 3)
(4, 4)
(4, 5)
(4, 6)
(4, 7)
kaikki ok
Reitin pituus: 14
(9, 3)
(8, 3)
(7, 3)
(6, 3)
(6, 4)
(6, 5)
(7, 5)
(8, 5)
(8, 6)
(8, 7)
(7, 7)
(6, 7)
(6, 8)
(6, 9)
(6, 10)
kaikki ok
Reitin pituus: 15
(12, 12)
(12, 11)
(12, 10)
(12, 9)
(12, 8)
(12, 7)
(11, 7)
(10, 7)
(9, 7)
(8, 7)
(8, 6)
(8, 5)
(7, 5)
(6, 5)
(6, 4)
(6, 3)
kaikki ok
Reitin pituus: 10
(14, 4)
(14, 3)
(13, 3)
(12, 3)
(11, 3)
(10, 3)
(9, 3)
(8, 3)
(7, 3)
(6, 3)
(6, 4)
kaikki ok
Reitin pituus: 5
(12, 5)
(11, 5)
(10, 5)
(10, 6)
(10, 7)
(11, 7)
kaikki ok
Reitin pituus: 4
(1, 3)
(2, 3)
(3, 3)
(4, 3)
(5, 3)
kaikki ok
Reitin pituus: 19
(1, 3)
(2, 3)
(3, 3)
(4, 3)
(4, 4)
(4, 5)
(4, 6)
(4, 7)
(4, 8)
(4, 9)
(4, 10)
(4, 11)
(4, 12)
(4, 13)
(4, 14)
(4, 15)
(4, 16)
(4, 17)
(3, 17)
(2, 17)
kaikki ok
Reitin pituus: 23
(12, 3)
(13, 3)
(14, 3)
(14, 4)
(14, 5)
(14, 6)
(14, 7)
(14, 8)
(14, 9)
(14, 10)
(14, 11)
(14, 12)
(14, 13)
(14, 14)
(14, 15)
(14, 16)
(14, 17)
(15, 17)
(16, 17)
(17, 17)
(17, 18)
(17, 19)
(16, 19)
(15, 19)
kaikki ok
Reitin pituus: 24
(13, 3)
(14, 3)
(14, 4)
(14, 5)
(14, 6)
(14, 7)
(14, 8)
(14, 9)
(14, 10)
(14, 11)
(14, 12)
(14, 13)
(14, 14)
(14, 15)
(13, 15)
(12, 15)
(11, 15)
(10, 15)
(9, 15)
(8, 15)
(7, 15)
(6, 15)
(6, 16)
(6, 17)
(7, 17)
kaikki ok
Reitin pituus: 17
(10, 6)
(10, 7)
(9, 7)
(8, 7)
(7, 7)
(6, 7)
(6, 8)
(6, 9)
(5, 9)
(4, 9)
(4, 10)
(4, 11)
(4, 12)
(4, 13)
(4, 14)
(4, 15)
(4, 16)
(4, 17)
kaikki ok
Reitin pituus: 12
(4, 2)
(4, 3)
(4, 4)
(4, 5)
(4, 6)
(4, 7)
(4, 8)
(4, 9)
(4, 10)
(4, 11)
(4, 12)
(4, 13)
(5, 13)
kaikki ok
Reitin pituus: 21
(14, 1)
(14, 2)
(14, 3)
(14, 4)
(14, 5)
(14, 6)
(14, 7)
(14, 8)
(14, 9)
(14, 10)
(14, 11)
(14, 12)
(14, 13)
(14, 14)
(14, 15)
(14, 16)
(14, 17)
(15, 17)
(16, 17)
(17, 17)
(17, 18)
(17, 19)
kaikki ok
Reitin pituus: 10
(3, 19)
(4, 19)
(5, 19)
(6, 19)
(7, 19)
(8, 19)
(9, 19)
(10, 19)
(10, 18)
(10, 17)
(11, 17)
kaikki ok
Reitin pituus: 10
(17, 14)
(17, 13)
(16, 13)
(15, 13)
(14, 13)
(13, 13)
(12, 13)
(12, 12)
(12, 11)
(12, 10)
(12, 9)
kaikki ok
Reitin pituus: 23
(4, 8)
(4, 9)
(4, 10)
(4, 11)
(4, 12)
(4, 13)
(4, 14)
(4, 15)
(5, 15)
(6, 15)
(6, 16)
(6, 17)
(7, 17)
(8, 17)
(8, 18)
(8, 19)
(9, 19)
(10, 19)
(11, 19)
(12, 19)
(13, 19)
(14, 19)
(15, 19)
(16, 19)
kaikki ok
Reitin pituus: 14
(9, 11)
(8, 11)
(7, 11)
(6, 11)
(6, 10)
(6, 9)
(5, 9)
(4, 9)
(4, 8)
(4, 7)
(4, 6)
(4, 5)
(4, 4)
(4, 3)
(3, 3)
kaikki ok
Reitin pituus: 17
(3, 1)
(4, 1)
(4, 2)
(4, 3)
(5, 3)
(6, 3)
(7, 3)
(8, 3)
(9, 3)
(10, 3)
(11, 3)
(12, 3)
(13, 3)
(14, 3)
(15, 3)
(16, 3)
(17, 3)
(17, 2)
kaikki ok
Reitin pituus: 13
(8, 2)
(8, 3)
(7, 3)
(6, 3)
(6, 4)
(6, 5)
(7, 5)
(8, 5)
(8, 6)
(8, 7)
(9, 7)
(10, 7)
(11, 7)
(12, 7)
kaikki ok
Reitin pituus: 16
(5, 15)
(6, 15)
(7, 15)
(8, 15)
(9, 15)
(10, 15)
(11, 15)
(12, 15)
(13, 15)
(14, 15)
(14, 14)
(14, 13)
(14, 12)
(14, 11)
(14, 10)
(14, 9)
(14, 8)
kaikki ok
Reitin pituus: 11
(7, 5)
(8, 5)
(8, 6)
(8, 7)
(7, 7)
(6, 7)
(6, 8)
(6, 9)
(6, 10)
(6, 11)
(6, 12)
(6, 13)
kaikki ok
Reitin pituus: 6
(12, 8)
(12, 9)
(13, 9)
(14, 9)
(14, 10)
(14, 11)
(14, 12)
kaikki ok
Reitin pituus: 15
(8, 9)
(9, 9)
(9, 8)
(9, 7)
(10, 7)
(11, 7)
(12, 7)
(12, 8)
(12, 9)
(12, 10)
(12, 11)
(12, 12)
(12, 13)
(11, 13)
(10, 13)
(10, 14)
kaikki ok
Reitin pituus: 16
(15, 5)
(14, 5)
(14, 6)
(14, 7)
(14, 8)
(14, 9)
(14, 10)
(14, 11)
(14, 12)
(14, 13)
(14, 14)
(14, 15)
(13, 15)
(12, 15)
(12, 16)
(12, 17)
(11, 17)
kaikki ok
Reitin pituus: 25
(4, 2)
(4, 3)
(5, 3)
(6, 3)
(6, 4)
(6, 5)
(7, 5)
(8, 5)
(8, 6)
(8, 7)
(9, 7)
(10, 7)
(11, 7)
(12, 7)
(12, 8)
(12, 9)
(12, 10)
(12, 11)
(12, 12)
(12, 13)
(13, 13)
(14, 13)
(15, 13)
(16, 13)
(17, 13)
(17, 14)
kaikki ok
Reitin pituus: 2
(14, 2)
(14, 3)
(14, 4)
kaikki ok
Reitin pituus: 10
(16, 15)
(17, 15)
(17, 14)
(17, 13)
(16, 13)
(15, 13)
(14, 13)
(14, 12)
(14, 11)
(14, 10)
(14, 9)
kaikki ok
Reitin pituus: 13
(7, 11)
(6, 11)
(6, 10)
(6, 9)
(5, 9)
(4, 9)
(4, 8)
(4, 7)
(4, 6)
(4, 5)
(4, 4)
(4, 3)
(3, 3)
(2, 3)
kaikki ok
Reitin pituus: 20
(1, 13)
(2, 13)
(3, 13)
(4, 13)
(4, 12)
(4, 11)
(4, 10)
(4, 9)
(5, 9)
(6, 9)
(6, 8)
(6, 7)
(7, 7)
(8, 7)
(9, 7)
(10, 7)
(10, 6)
(10, 5)
(11, 5)
(12, 5)
(12, 4)
kaikki ok
Reitin pituus: 6
(14, 2)
(14, 3)
(13, 3)
(12, 3)
(11, 3)
(10, 3)
(10, 2)
kaikki ok
Reitin pituus: 18
(12, 16)
(12, 15)
(13, 15)
(14, 15)
(14, 14)
(14, 13)
(14, 12)
(14, 11)
(14, 10)
(14, 9)
(13, 9)
(12, 9)
(12, 8)
(12, 7)
(11, 7)
(10, 7)
(10, 6)
(10, 5)
(11, 5)
kaikki ok
Reitin pituus: 18
(9, 9)
(9, 8)
(9, 7)
(10, 7)
(11, 7)
(12, 7)
(12, 8)
(12, 9)
(13, 9)
(14, 9)
(14, 10)
(14, 11)
(14, 12)
(14, 13)
(15, 13)
(16, 13)
(17, 13)
(17, 14)
(17, 15)
kaikki ok
Reitin pituus: 21
(3, 1)
(4, 1)
(4, 2)
(4, 3)
(4, 4)
(4, 5)
(4, 6)
(4, 7)
(4, 8)
(4, 9)
(4, 10)
(4, 11)
(4, 12)
(4, 13)
(4, 14)
(4, 15)
(4, 16)
(4, 17)
(3, 17)
(2, 17)
(1, 17)
(1, 18)
kaikki ok
Reitin pituus: 17
(11, 11)
(10, 11)
(9, 11)
(8, 11)
(7, 11)
(6, 11)
(6, 10)
(6, 9)
(5, 9)
(4, 9)
(4, 8)
(4, 7)
(4, 6)
(4, 5)
(4, 4)
(4, 3)
(4, 2)
(4, 1)
kaikki ok
Reitin pituus: 18
(17, 17)
(16, 17)
(15, 17)
(14, 17)
(14, 16)
(14, 15)
(14, 14)
(14, 13)
(13, 13)
(12, 13)
(12, 12)
(12, 11)
(12, 10)
(12, 9)
(12, 8)
(12, 7)
(11, 7)
(10, 7)
(10, 6)
kaikki ok
Reitin pituus: 23
(10, 18)
(10, 17)
(11, 17)
(12, 17)
(12, 16)
(12, 15)
(13, 15)
(14, 15)
(14, 14)
(14, 13)
(14, 12)
(14, 11)
(14, 10)
(14, 9)
(14, 8)
(14, 7)
(14, 6)
(14, 5)
(14, 4)
(14, 3)
(13, 3)
(12, 3)
(11, 3)
(10, 3)
kaikki ok
Reitin pituus: 24
(4, 3)
(5, 3)
(6, 3)
(6, 4)
(6, 5)
(7, 5)
(8, 5)
(8, 6)
(8, 7)
(9, 7)
(10, 7)
(11, 7)
(12, 7)
(12, 8)
(12, 9)
(12, 10)
(12, 11)
(12, 12)
(12, 13)
(13, 13)
(14, 13)
(14, 14)
(14, 15)
(14, 16)
(14, 17)
kaikki ok
Reitin pituus: 19
(8, 19)
(8, 18)
(8, 17)
(7, 17)
(6, 17)
(6, 16)
(6, 15)
(5, 15)
(4, 15)
(4, 14)
(4, 13)
(4, 12)
(4, 11)
(4, 10)
(4, 9)
(4, 8)
(4, 7)
(4, 6)
(4, 5)
(4, 4)
kaikki ok
Reitin pituus: 20
(15, 17)
(14, 17)
(14, 16)
(14, 15)
(14, 14)
(14, 13)
(14, 12)
(14, 11)
(14, 10)
(14, 9)
(14, 8)
(14, 7)
(14, 6)
(14, 5)
(14, 4)
(14, 3)
(14, 2)
(14, 1)
(13, 1)
(12, 1)
(11, 1)
kaikki ok
Reitin pituus: 14
(14, 1)
(14, 2)
(14, 3)
(14, 4)
(14, 5)
(14, 6)
(14, 7)
(14, 8)
(14, 9)
(13, 9)
(12, 9)
(12, 10)
(12, 11)
(11, 11)
(10, 11)
kaikki ok
Reitin pituus: 10
(16, 5)
(15, 5)
(14, 5)
(14, 6)
(14, 7)
(14, 8)
(14, 9)
(13, 9)
(12, 9)
(12, 10)
(12, 11)
kaikki ok
Reitin pituus: 24
(9, 19)
(10, 19)
(10, 18)
(10, 17)
(11, 17)
(12, 17)
(12, 16)
(12, 15)
(13, 15)
(14, 15)
(14, 14)
(14, 13)
(14, 12)
(14, 11)
(14, 10)
(14, 9)
(14, 8)
(14, 7)
(14, 6)
(14, 5)
(14, 4)
(14, 3)
(14, 2)
(14, 1)
(15, 1)
kaikki ok
Reitin pituus: 17
(1, 3)
(2, 3)
(3, 3)
(4, 3)
(4, 4)
(4, 5)
(4, 6)
(4, 7)
(4, 8)
(4, 9)
(4, 10)
(4, 11)
(4, 12)
(4, 13)
(4, 14)
(4, 15)
(4, 16)
(4, 17)
kaikki ok
Reitin pituus: 10
(14, 10)
(14, 9)
(14, 8)
(14, 7)
(14, 6)
(14, 5)
(14, 4)
(14, 3)
(14, 2)
(14, 1)
(15, 1)
kaikki ok
Reitin pituus: 2
(14, 6)
(14, 7)
(14, 8)
kaikki ok
Reitin pituus: 17
(7, 7)
(6, 7)
(6, 8)
(6, 9)
(6, 10)
(6, 11)
(6, 12)
(6, 13)
(7, 13)
(8, 13)
(8, 14)
(8, 15)
(7, 15)
(6, 15)
(6, 16)
(6, 17)
(7, 17)
(8, 17)
kaikki ok
Reitin pituus: 22
(6, 13)
(6, 12)
(6, 11)
(6, 10)
(6, 9)
(6, 8)
(6, 7)
(7, 7)
(8, 7)
(9, 7)
(10, 7)
(10, 6)
(10, 5)
(11, 5)
(12, 5)
(12, 4)
(12, 3)
(13, 3)
(14, 3)
(14, 2)
(14, 1)
(15, 1)
(16, 1)
kaikki ok
Reitin pituus: 8
(1, 19)
(1, 18)
(1, 17)
(2, 17)
(2, 16)
(2, 15)
(1, 15)
(1, 14)
(1, 13)
kaikki ok
Reitin pituus: 30
(2, 19)
(3, 19)
(4, 19)
(5, 19)
(6, 19)
(7, 19)
(8, 19)
(9, 19)
(10, 19)
(10, 18)
(10, 17)
(11, 17)
(12, 17)
(12, 16)
(12, 15)
(13, 15)
(14, 15)
(14, 14)
(14, 13)
(14, 12)
(14, 11)
(14, 10)
(14, 9)
(14, 8)
(14, 7)
(14, 6)
(14, 5)
(14, 4)
(14, 3)
(15, 3)
(16, 3)
kaikki ok
Reitin pituus: 16
(1, 2)
(1, 3)
(2, 3)
(3, 3)
(4, 3)
(5, 3)
(6, 3)
(6, 4)
(6, 5)
(7, 5)
(8, 5)
(8, 6)
(8, 7)
(9, 7)
(9, 8)
(9, 9)
(8, 9)
kaikki ok
Reitin pituus: 0
(10, 14)
kaikki ok
Reitin pituus: 15
(13, 15)
(12, 15)
(11, 15)
(10, 15)
(9, 15)
(8, 15)
(8, 14)
(8, 13)
(7, 13)
(6, 13)
(6, 12)
(6, 11)
(6, 10)
(6, 9)
(6, 8)
(6, 7)
kaikki ok
Reitin pituus: 15
(11, 5)
(10, 5)
(10, 6)
(10, 7)
(11, 7)
(12, 7)
(12, 8)
(12, 9)
(12, 10)
(12, 11)
(12, 12)
(12, 13)
(11, 13)
(10, 13)
(10, 14)
(10, 15)
kaikki ok
Reitin pituus: 16
(8, 15)
(8, 14)
(8, 13)
(7, 13)
(6, 13)
(6, 12)
(6, 11)
(6, 10)
(6, 9)
(6, 8)
(6, 7)
(7, 7)
(8, 7)
(9, 7)
(9, 8)
(9, 9)
(8, 9)
kaikki ok
Reitin pituus: 8
(8, 18)
(8, 17)
(7, 17)
(6, 17)
(6, 16)
(6, 15)
(7, 15)
(8, 15)
(8, 14)
kaikki ok
Reitin pituus: 6
(3, 17)
(2, 17)
(1, 17)
(1, 18)
(1, 19)
(2, 19)
(3, 19)
kaikki ok
Reitin pituus: 17
(4, 1)
(4, 2)
(4, 3)
(5, 3)
(6, 3)
(6, 4)
(6, 5)
(7, 5)
(8, 5)
(8, 6)
(8, 7)
(9, 7)
(10, 7)
(11, 7)
(12, 7)
(12, 8)
(12, 9)
(12, 10)
kaikki ok
Reitin pituus: 29
(10, 1)
(11, 1)
(12, 1)
(13, 1)
(14, 1)
(14, 2)
(14, 3)
(14, 4)
(14, 5)
(14, 6)
(14, 7)
(14, 8)
(14, 9)
(14, 10)
(14, 11)
(14, 12)
(14, 13)
(14, 14)
(14, 15)
(13, 15)
(12, 15)
(12, 16)
(12, 17)
(11, 17)
(10, 17)
(10, 18)
(10, 19)
(11, 19)
(12, 19)
(13, 19)
kaikki ok
Reitin pituus: 20
(10, 2)
(10, 3)
(9, 3)
(8, 3)
(7, 3)
(6, 3)
(5, 3)
(4, 3)
(4, 4)
(4, 5)
(4, 6)
(4, 7)
(4, 8)
(4, 9)
(4, 10)
(4, 11)
(4, 12)
(4, 13)
(5, 13)
(6, 13)
(7, 13)
kaikki ok
Reitin pituus: 16
(6, 10)
(6, 11)
(7, 11)
(8, 11)
(9, 11)
(10, 11)
(11, 11)
(12, 11)
(12, 12)
(12, 13)
(13, 13)
(14, 13)
(15, 13)
(16, 13)
(17, 13)
(17, 14)
(17, 15)
kaikki ok
Reitin pituus: 9
(14, 1)
(13, 1)
(12, 1)
(11, 1)
(10, 1)
(10, 2)
(10, 3)
(9, 3)
(8, 3)
(7, 3)
kaikki ok
Reitin pituus: 3
(6, 4)
(6, 3)
(7, 3)
(8, 3)
kaikki ok
Reitin pituus: 9
(14, 9)
(14, 10)
(14, 11)
(14, 12)
(14, 13)
(15, 13)
(16, 13)
(17, 13)
(17, 14)
(17, 15)
kaikki ok
Reitin pituus: 10
(16, 3)
(15, 3)
(14, 3)
(13, 3)
(12, 3)
(11, 3)
(10, 3)
(9, 3)
(8, 3)
(8, 2)
(8, 1)
kaikki ok
Reitin pituus: 21
(12, 17)
(12, 16)
(12, 15)
(13, 15)
(14, 15)
(14, 14)
(14, 13)
(14, 12)
(14, 11)
(14, 10)
(14, 9)
(14, 8)
(14, 7)
(14, 6)
(14, 5)
(14, 4)
(14, 3)
(14, 2)
(14, 1)
(13, 1)
(12, 1)
(11, 1)
kaikki ok
Reitin pituus: 22
(10, 9)
(9, 9)
(9, 8)
(9, 7)
(10, 7)
(11, 7)
(12, 7)
(12, 8)
(12, 9)
(12, 10)
(12, 11)
(12, 12)
(12, 13)
(11, 13)
(10, 13)
(10, 14)
(10, 15)
(11, 15)
(12, 15)
(12, 16)
(12, 17)
(11, 17)
(10, 17)
kaikki ok
Reitin pituus: 16
(17, 5)
(16, 5)
(15, 5)
(14, 5)
(14, 6)
(14, 7)
(14, 8)
(14, 9)
(14, 10)
(14, 11)
(14, 12)
(14, 13)
(14, 14)
(14, 15)
(13, 15)
(12, 15)
(11, 15)
kaikki ok
Reitin pituus: 6
(4, 10)
(4, 11)
(4, 12)
(4, 13)
(3, 13)
(2, 13)
(1, 13)
kaikki ok
Reitin pituus: 17
(2, 17)
(3, 17)
(4, 17)
(4, 16)
(4, 15)
(5, 15)
(6, 15)
(7, 15)
(8, 15)
(9, 15)
(10, 15)
(11, 15)
(12, 15)
(13, 15)
(14, 15)
(14, 14)
(14, 13)
(15, 13)
kaikki ok
Reitin pituus: 10
(8, 5)
(8, 6)
(8, 7)
(7, 7)
(6, 7)
(6, 8)
(6, 9)
(5, 9)
(4, 9)
(4, 10)
(4, 11)
kaikki ok
Reitin pituus: 11
(17, 5)
(16, 5)
(15, 5)
(14, 5)
(14, 6)
(14, 7)
(14, 8)
(14, 9)
(14, 10)
(14, 11)
(14, 12)
(14, 13)
kaikki ok
Reitin pituus: 22
(12, 17)
(12, 16)
(12, 15)
(13, 15)
(14, 15)
(14, 14)
(14, 13)
(14, 12)
(14, 11)
(14, 10)
(14, 9)
(14, 8)
(14, 7)
(14, 6)
(14, 5)
(14, 4)
(14, 3)
(13, 3)
(12, 3)
(11, 3)
(10, 3)
(9, 3)
(8, 3)
kaikki ok
Reitin pituus: 13
(12, 13)
(13, 13)
(14, 13)
(14, 12)
(14, 11)
(14, 10)
(14, 9)
(14, 8)
(14, 7)
(14, 6)
(14, 5)
(14, 4)
(14, 3)
(14, 2)
kaikki ok
Reitin pituus: 7
(10, 14)
(10, 13)
(11, 13)
(12, 13)
(13, 13)
(14, 13)
(14, 12)
(14, 11)
kaikki ok
Reitin pituus: 9
(8, 13)
(7, 13)
(6, 13)
(6, 12)
(6, 11)
(6, 10)
(6, 9)
(6, 8)
(6, 7)
(7, 7)
kaikki ok
Reitin pituus: 10
(12, 13)
(12, 12)
(12, 11)
(12, 10)
(12, 9)
(12, 8)
(12, 7)
(11, 7)
(10, 7)
(9, 7)
(9, 8)
kaikki ok
Reitin pituus: 19
(14, 6)
(14, 7)
(14, 8)
(14, 9)
(13, 9)
(12, 9)
(12, 10)
(12, 11)
(11, 11)
(10, 11)
(9, 11)
(8, 11)
(7, 11)
(6, 11)
(6, 12)
(6, 13)
(5, 13)
(4, 13)
(3, 13)
(2, 13)
kaikki ok
Reitin pituus: 17
(8, 7)
(7, 7)
(6, 7)
(6, 8)
(6, 9)
(5, 9)
(4, 9)
(4, 10)
(4, 11)
(4, 12)
(4, 13)
(4, 14)
(4, 15)
(4, 16)
(4, 17)
(3, 17)
(2, 17)
(1, 17)
kaikki ok
Reitin pituus: 19
(1, 17)
(2, 17)
(3, 17)
(4, 17)
(4, 16)
(4, 15)
(5, 15)
(6, 15)
(7, 15)
(8, 15)
(9, 15)
(10, 15)
(11, 15)
(12, 15)
(13, 15)
(14, 15)
(14, 14)
(14, 13)
(15, 13)
(16, 13)
kaikki ok
Reitin pituus: 5
(2, 13)
(1, 13)
(1, 14)
(1, 15)
(2, 15)
(2, 16)
kaikki ok
Reitin pituus: 15
(6, 1)
(7, 1)
(8, 1)
(8, 2)
(8, 3)
(7, 3)
(6, 3)
(6, 4)
(6, 5)
(7, 5)
(8, 5)
(8, 6)
(8, 7)
(9, 7)
(9, 8)
(9, 9)
kaikki ok
Reitin pituus: 21
(5, 9)
(6, 9)
(6, 10)
(6, 11)
(7, 11)
(8, 11)
(9, 11)
(10, 11)
(11, 11)
(12, 11)
(12, 12)
(12, 13)
(13, 13)
(14, 13)
(14, 14)
(14, 15)
(14, 16)
(14, 17)
(15, 17)
(16, 17)
(17, 17)
(17, 18)
kaikki ok
Reitin pituus: 22
(17, 18)
(17, 17)
(16, 17)
(15, 17)
(14, 17)
(14, 16)
(14, 15)
(14, 14)
(14, 13)
(13, 13)
(12, 13)
(12, 12)
(12, 11)
(12, 10)
(12, 9)
(12, 8)
(12, 7)
(11, 7)
(10, 7)
(10, 6)
(10, 5)
(11, 5)
(12, 5)
kaikki ok
Reitin pituus: 24
(7, 19)
(8, 19)
(9, 19)
(10, 19)
(10, 18)
(10, 17)
(11, 17)
(12, 17)
(12, 16)
(12, 15)
(13, 15)
(14, 15)
(14, 14)
(14, 13)
(14, 12)
(14, 11)
(14, 10)
(14, 9)
(14, 8)
(14, 7)
(14, 6)
(14, 5)
(14, 4)
(14, 3)
(14, 2)
kaikki ok
Reitin pituus: 21
(14, 2)
(14, 3)
(14, 4)
(14, 5)
(14, 6)
(14, 7)
(14, 8)
(14, 9)
(14, 10)
(14, 11)
(14, 12)
(14, 13)
(14, 14)
(14, 15)
(14, 16)
(14, 17)
(15, 17)
(16, 17)
(17, 17)
(17, 18)
(17, 19)
(16, 19)
kaikki ok
Reitin pituus: 6
(4, 5)
(4, 4)
(4, 3)
(5, 3)
(6, 3)
(6, 4)
(6, 5)
kaikki ok
Reitin pituus: 25
(16, 19)
(17, 19)
(17, 18)
(17, 17)
(16, 17)
(15, 17)
(14, 17)
(14, 16)
(14, 15)
(14, 14)
(14, 13)
(14, 12)
(14, 11)
(14, 10)
(14, 9)
(14, 8)
(14, 7)
(14, 6)
(14, 5)
(14, 4)
(14, 3)
(14, 2)
(14, 1)
(13, 1)
(12, 1)
(11, 1)
kaikki ok
Reitin pituus: 26
(1, 18)
(1, 17)
(2, 17)
(3, 17)
(4, 17)
(4, 16)
(4, 15)
(4, 14)
(4, 13)
(4, 12)
(4, 11)
(4, 10)
(4, 9)
(4, 8)
(4, 7)
(4, 6)
(4, 5)
(4, 4)
(4, 3)
(5, 3)
(6, 3)
(7, 3)
(8, 3)
(9, 3)
(10, 3)
(11, 3)
(12, 3)
kaikki ok
Reitin pituus: 11
(2, 16)
(2, 17)
(1, 17)
(1, 18)
(1, 19)
(2, 19)
(3, 19)
(4, 19)
(5, 19)
(6, 19)
(7, 19)
(8, 19)
kaikki ok
Reitin pituus: 9
(3, 13)
(4, 13)
(4, 14)
(4, 15)
(5, 15)
(6, 15)
(7, 15)
(8, 15)
(9, 15)
(10, 15)
kaikki ok
Reitin pituus: 21
(4, 10)
(4, 9)
(5, 9)
(6, 9)
(6, 8)
(6, 7)
(7, 7)
(8, 7)
(9, 7)
(10, 7)
(11, 7)
(12, 7)
(12, 8)
(12, 9)
(13, 9)
(14, 9)
(14, 8)
(14, 7)
(14, 6)
(14, 5)
(15, 5)
(16, 5)
kaikki ok
Reitin pituus: 5
(16, 15)
(16, 16)
(16, 17)
(15, 17)
(14, 17)
(14, 16)
kaikki ok
Reitin pituus: 14
(12, 13)
(12, 12)
(12, 11)
(11, 11)
(10, 11)
(9, 11)
(8, 11)
(7, 11)
(6, 11)
(6, 10)
(6, 9)
(5, 9)
(4, 9)
(4, 8)
(4, 7)
kaikki ok
Reitin pituus: 20
(7, 7)
(6, 7)
(6, 8)
(6, 9)
(6, 10)
(6, 11)
(6, 12)
(6, 13)
(7, 13)
(8, 13)
(8, 14)
(8, 15)
(9, 15)
(10, 15)
(11, 15)
(12, 15)
(12, 16)
(12, 17)
(11, 17)
(10, 17)
(10, 18)
kaikki ok
Reitin pituus: 13
(7, 1)
(8, 1)
(8, 2)
(8, 3)
(9, 3)
(10, 3)
(11, 3)
(12, 3)
(13, 3)
(14, 3)
(15, 3)
(16, 3)
(17, 3)
(17, 2)
kaikki ok
Reitin pituus: 17
(4, 6)
(4, 7)
(4, 8)
(4, 9)
(4, 10)
(4, 11)
(4, 12)
(4, 13)
(4, 14)
(4, 15)
(4, 16)
(4, 17)
(3, 17)
(2, 17)
(1, 17)
(1, 18)
(1, 19)
(2, 19)
kaikki ok
Reitin pituus: 6
(6, 4)
(6, 3)
(5, 3)
(4, 3)
(4, 2)
(4, 1)
(5, 1)
kaikki ok
Reitin pituus: 5
(11, 13)
(12, 13)
(13, 13)
(14, 13)
(15, 13)
(16, 13)
kaikki ok
Reitin pituus: 14
(6, 5)
(6, 4)
(6, 3)
(7, 3)
(8, 3)
(9, 3)
(10, 3)
(10, 2)
(10, 1)
(11, 1)
(12, 1)
(13, 1)
(14, 1)
(15, 1)
(16, 1)
kaikki ok
Reitin pituus: 20
(1, 15)
(1, 14)
(1, 13)
(2, 13)
(3, 13)
(4, 13)
(4, 12)
(4, 11)
(4, 10)
(4, 9)
(4, 8)
(4, 7)
(4, 6)
(4, 5)
(4, 4)
(4, 3)
(5, 3)
(6, 3)
(7, 3)
(8, 3)
(8, 2)
kaikki ok
Reitin pituus: 25
(15, 17)
(14, 17)
(14, 16)
(14, 15)
(14, 14)
(14, 13)
(14, 12)
(14, 11)
(14, 10)
(14, 9)
(14, 8)
(14, 7)
(14, 6)
(14, 5)
(14, 4)
(14, 3)
(13, 3)
(12, 3)
(11, 3)
(10, 3)
(9, 3)
(8, 3)
(8, 2)
(8, 1)
(7, 1)
(6, 1)
kaikki ok
Reitin pituus: 17
(9, 11)
(10, 11)
(11, 11)
(12, 11)
(12, 10)
(12, 9)
(13, 9)
(14, 9)
(14, 8)
(14, 7)
(14, 6)
(14, 5)
(14, 4)
(14, 3)
(15, 3)
(16, 3)
(17, 3)
(17, 2)
kaikki ok
Reitin pituus: 18
(8, 14)
(8, 13)
(7, 13)
(6, 13)
(5, 13)
(4, 13)
(4, 12)
(4, 11)
(4, 10)
(4, 9)
(4, 8)
(4, 7)
(4, 6)
(4, 5)
(4, 4)
(4, 3)
(4, 2)
(4, 1)
(5, 1)
kaikki ok
Reitin pituus: 9
(6, 8)
(6, 9)
(6, 10)
(6, 11)
(6, 12)
(6, 13)
(7, 13)
(8, 13)
(8, 14)
(8, 15)
kaikki ok
Reitin pituus: 9
(14, 11)
(14, 12)
(14, 13)
(13, 13)
(12, 13)
(12, 12)
(12, 11)
(11, 11)
(10, 11)
(9, 11)
kaikki ok
Reitin pituus: 8
(1, 13)
(2, 13)
(3, 13)
(4, 13)
(5, 13)
(6, 13)
(6, 12)
(6, 11)
(7, 11)
kaikki ok
Reitin pituus: 22
(17, 3)
(16, 3)
(15, 3)
(14, 3)
(14, 4)
(14, 5)
(14, 6)
(14, 7)
(14, 8)
(14, 9)
(14, 10)
(14, 11)
(14, 12)
(14, 13)
(13, 13)
(12, 13)
(11, 13)
(10, 13)
(10, 14)
(10, 15)
(9, 15)
(8, 15)
(7, 15)
kaikki ok
Reitin pituus: 9
(11, 3)
(12, 3)
(13, 3)
(14, 3)
(14, 4)
(14, 5)
(14, 6)
(14, 7)
(14, 8)
(14, 9)
kaikki ok
Reitin pituus: 5
(17, 13)
(17, 14)
(17, 15)
(16, 15)
(16, 16)
(16, 17)
kaikki ok
Reitin pituus: 8
(7, 15)
(6, 15)
(5, 15)
(4, 15)
(4, 14)
(4, 13)
(3, 13)
(2, 13)
(1, 13)
kaikki ok
Reitin pituus: 7
(4, 4)
(4, 3)
(5, 3)
(6, 3)
(7, 3)
(8, 3)
(9, 3)
(10, 3)
kaikki ok
Reitin pituus: 12
(4, 10)
(4, 9)
(5, 9)
(6, 9)
(6, 8)
(6, 7)
(7, 7)
(8, 7)
(9, 7)
(10, 7)
(10, 6)
(10, 5)
(11, 5)
kaikki ok
Reitin pituus: 7
(13, 19)
(12, 19)
(11, 19)
(10, 19)
(9, 19)
(8, 19)
(7, 19)
(6, 19)
kaikki ok
Reitin pituus: 19
(9, 3)
(10, 3)
(11, 3)
(12, 3)
(12, 4)
(12, 5)
(11, 5)
(10, 5)
(10, 6)
(10, 7)
(11, 7)
(12, 7)
(12, 8)
(12, 9)
(12, 10)
(12, 11)
(12, 12)
(12, 13)
(11, 13)
(10, 13)
kaikki ok
Reitin pituus: 18
(14, 8)
(14, 7)
(14, 6)
(14, 5)
(14, 4)
(14, 3)
(13, 3)
(12, 3)
(11, 3)
(10, 3)
(9, 3)
(8, 3)
(7, 3)
(6, 3)
(5, 3)
(4, 3)
(4, 2)
(4, 1)
(3, 1)
kaikki ok
Reitin pituus: 2
(11, 11)
(12, 11)
(12, 12)
kaikki ok
Reitin pituus: 26
(15, 3)
(14, 3)
(14, 4)
(14, 5)
(14, 6)
(14, 7)
(14, 8)
(14, 9)
(14, 10)
(14, 11)
(14, 12)
(14, 13)
(14, 14)
(14, 15)
(13, 15)
(12, 15)
(12, 16)
(12, 17)
(11, 17)
(10, 17)
(10, 18)
(10, 19)
(9, 19)
(8, 19)
(7, 19)
(6, 19)
(5, 19)
kaikki ok
Reitin pituus: 4
(3, 3)
(4, 3)
(4, 4)
(4, 5)
(4, 6)
kaikki ok
Reitin pituus: 1
(14, 14)
(14, 15)
kaikki ok
Reitin pituus: 6
(17, 14)
(17, 15)
(16, 15)
(16, 16)
(16, 17)
(15, 17)
(14, 17)
kaikki ok
Reitin pituus: 12
(4, 15)
(5, 15)
(6, 15)
(6, 16)
(6, 17)
(7, 17)
(8, 17)
(8, 18)
(8, 19)
(9, 19)
(10, 19)
(11, 19)
(12, 19)
kaikki ok
Reitin pituus: 16
(2, 3)
(3, 3)
(4, 3)
(4, 4)
(4, 5)
(4, 6)
(4, 7)
(4, 8)
(4, 9)
(4, 10)
(4, 11)
(4, 12)
(4, 13)
(3, 13)
(2, 13)
(1, 13)
(1, 14)
kaikki ok
Reitin pituus: 18
(17, 18)
(17, 17)
(16, 17)
(15, 17)
(14, 17)
(14, 16)
(14, 15)
(13, 15)
(12, 15)
(11, 15)
(10, 15)
(9, 15)
(8, 15)
(7, 15)
(6, 15)
(5, 15)
(4, 15)
(4, 14)
(4, 13)
kaikki ok
Reitin pituus: 3
(4, 15)
(4, 14)
(4, 13)
(3, 13)
kaikki ok
Reitin pituus: 18
(16, 5)
(15, 5)
(14, 5)
(14, 6)
(14, 7)
(14, 8)
(14, 9)
(13, 9)
(12, 9)
(12, 10)
(12, 11)
(12, 12)
(12, 13)
(11, 13)
(10, 13)
(10, 14)
(10, 15)
(9, 15)
(8, 15)
kaikki ok
Reitin pituus: 17
(4, 4)
(4, 5)
(4, 6)
(4, 7)
(4, 8)
(4, 9)
(5, 9)
(6, 9)
(6, 10)
(6, 11)
(6, 12)
(6, 13)
(7, 13)
(8, 13)
(8, 14)
(8, 15)
(9, 15)
(10, 15)
kaikki ok
Reitin pituus: 7
(10, 2)
(10, 1)
(11, 1)
(12, 1)
(13, 1)
(14, 1)
(15, 1)
(16, 1)
kaikki ok
Reitin pituus: 15
(4, 11)
(4, 10)
(4, 9)
(4, 8)
(4, 7)
(4, 6)
(4, 5)
(4, 4)
(4, 3)
(5, 3)
(6, 3)
(7, 3)
(8, 3)
(9, 3)
(10, 3)
(11, 3)
kaikki ok
Reitin pituus: 17
(6, 4)
(6, 3)
(5, 3)
(4, 3)
(4, 4)
(4, 5)
(4, 6)
(4, 7)
(4, 8)
(4, 9)
(4, 10)
(4, 11)
(4, 12)
(4, 13)
(4, 14)
(4, 15)
(4, 16)
(4, 17)
kaikki ok
Reitin pituus: 1
(10, 17)
(10, 18)
kaikki ok
Reitin pituus: 3
(4, 8)
(4, 9)
(5, 9)
(6, 9)
kaikki ok
Reitin pituus: 20
(1, 17)
(2, 17)
(3, 17)
(4, 17)
(4, 16)
(4, 15)
(5, 15)
(6, 15)
(7, 15)
(8, 15)
(9, 15)
(10, 15)
(10, 14)
(10, 13)
(11, 13)
(12, 13)
(12, 12)
(12, 11)
(12, 10)
(12, 9)
(13, 9)
kaikki ok
Reitin pituus: 5
(8, 2)
(8, 1)
(7, 1)
(6, 1)
(5, 1)
(4, 1)
kaikki ok
Reitin pituus: 18
(6, 12)
(6, 13)
(7, 13)
(8, 13)
(8, 14)
(8, 15)
(9, 15)
(10, 15)
(11, 15)
(12, 15)
(13, 15)
(14, 15)
(14, 16)
(14, 17)
(15, 17)
(16, 17)
(17, 17)
(17, 18)
(17, 19)
kaikki ok
Reitin pituus: 19
(14, 6)
(14, 7)
(14, 8)
(14, 9)
(14, 10)
(14, 11)
(14, 12)
(14, 13)
(14, 14)
(14, 15)
(13, 15)
(12, 15)
(11, 15)
(10, 15)
(9, 15)
(8, 15)
(7, 15)
(6, 15)
(6, 16)
(6, 17)
kaikki ok
Reitin pituus: 2
(14, 12)
(14, 13)
(13, 13)
kaikki ok
Reitin pituus: 20
(4, 5)
(4, 6)
(4, 7)
(4, 8)
(4, 9)
(4, 10)
(4, 11)
(4, 12)
(4, 13)
(4, 14)
(4, 15)
(4, 16)
(4, 17)
(3, 17)
(2, 17)
(1, 17)
(1, 18)
(1, 19)
(2, 19)
(3, 19)
(4, 19)
kaikki ok
Reitin pituus: 21
(16, 3)
(15, 3)
(14, 3)
(14, 4)
(14, 5)
(14, 6)
(14, 7)
(14, 8)
(14, 9)
(14, 10)
(14, 11)
(14, 12)
(14, 13)
(14, 14)
(14, 15)
(14, 16)
(14, 17)
(15, 17)
(16, 17)
(17, 17)
(17, 18)
(17, 19)
kaikki ok
Reitin pituus: 30
(17, 19)
(17, 18)
(17, 17)
(16, 17)
(15, 17)
(14, 17)
(14, 16)
(14, 15)
(14, 14)
(14, 13)
(14, 12)
(14, 11)
(14, 10)
(14, 9)
(14, 8)
(14, 7)
(14, 6)
(14, 5)
(14, 4)
(14, 3)
(13, 3)
(12, 3)
(11, 3)
(10, 3)
(9, 3)
(8, 3)
(8, 2)
(8, 1)
(7, 1)
(6, 1)
(5, 1)
kaikki ok
Reitin pituus: 10
(6, 5)
(6, 4)
(6, 3)
(7, 3)
(8, 3)
(9, 3)
(10, 3)
(11, 3)
(12, 3)
(13, 3)
(14, 3)
kaikki ok
Reitin pituus: 14
(3, 13)
(4, 13)
(4, 12)
(4, 11)
(4, 10)
(4, 9)
(4, 8)
(4, 7)
(4, 6)
(4, 5)
(4, 4)
(4, 3)
(5, 3)
(6, 3)
(7, 3)
kaikki ok
Reitin pituus: 2
(2, 16)
(2, 15)
(1, 15)
kaikki ok
Reitin pituus: 16
(7, 13)
(6, 13)
(6, 12)
(6, 11)
(6, 10)
(6, 9)
(5, 9)
(4, 9)
(4, 8)
(4, 7)
(4, 6)
(4, 5)
(4, 4)
(4, 3)
(3, 3)
(2, 3)
(1, 3)
kaikki ok
Reitin pituus: 13
(15, 13)
(14, 13)
(14, 12)
(14, 11)
(14, 10)
(14, 9)
(14, 8)
(14, 7)
(14, 6)
(14, 5)
(14, 4)
(14, 3)
(14, 2)
(14, 1)
kaikki ok
Reitin pituus: 23
(16, 16)
(16, 17)
(15, 17)
(14, 17)
(14, 16)
(14, 15)
(14, 14)
(14, 13)
(14, 12)
(14, 11)
(14, 10)
(14, 9)
(14, 8)
(14, 7)
(14, 6)
(14, 5)
(14, 4)
(14, 3)
(13, 3)
(12, 3)
(11, 3)
(10, 3)
(9, 3)
(8, 3)
kaikki ok
Reitin pituus: 14
(6, 19)
(7, 19)
(8, 19)
(8, 18)
(8, 17)
(7, 17)
(6, 17)
(6, 16)
(6, 15)
(5, 15)
(4, 15)
(4, 14)
(4, 13)
(3, 13)
(2, 13)
kaikki ok
Reitin pituus: 15
(10, 11)
(11, 11)
(12, 11)
(12, 10)
(12, 9)
(13, 9)
(14, 9)
(14, 8)
(14, 7)
(14, 6)
(14, 5)
(14, 4)
(14, 3)
(14, 2)
(14, 1)
(13, 1)
kaikki ok
Reitin pituus: 15
(14, 2)
(14, 3)
(13, 3)
(12, 3)
(11, 3)
(10, 3)
(9, 3)
(8, 3)
(7, 3)
(6, 3)
(5, 3)
(4, 3)
(3, 3)
(2, 3)
(1, 3)
(1, 2)
kaikki ok
Reitin pituus: 16
(3, 1)
(4, 1)
(4, 2)
(4, 3)
(5, 3)
(6, 3)
(6, 4)
(6, 5)
(7, 5)
(8, 5)
(8, 6)
(8, 7)
(9, 7)
(10, 7)
(11, 7)
(12, 7)
(12, 8)
kaikki ok
Reitin pituus: 14
(14, 8)
(14, 9)
(14, 10)
(14, 11)
(14, 12)
(14, 13)
(14, 14)
(14, 15)
(14, 16)
(14, 17)
(15, 17)
(16, 17)
(17, 17)
(17, 18)
(17, 19)
kaikki ok
Reitin pituus: 15
(8, 7)
(9, 7)
(10, 7)
(11, 7)
(12, 7)
(12, 8)
(12, 9)
(12, 10)
(12, 11)
(12, 12)
(12, 13)
(13, 13)
(14, 13)
(15, 13)
(16, 13)
(17, 13)
kaikki ok
Reitin pituus: 6
(13, 15)
(14, 15)
(14, 16)
(14, 17)
(15, 17)
(16, 17)
(16, 16)
kaikki ok
Reitin pituus: 16
(17, 17)
(16, 17)
(15, 17)
(14, 17)
(14, 16)
(14, 15)
(14, 14)
(14, 13)
(14, 12)
(14, 11)
(14, 10)
(14, 9)
(14, 8)
(14, 7)
(14, 6)
(14, 5)
(14, 4)
kaikki ok
Reitin pituus: 23
(12, 19)
(11, 19)
(10, 19)
(9, 19)
(8, 19)
(8, 18)
(8, 17)
(7, 17)
(6, 17)
(6, 16)
(6, 15)
(5, 15)
(4, 15)
(4, 14)
(4, 13)
(5, 13)
(6, 13)
(6, 12)
(6, 11)
(6, 10)
(6, 9)
(6, 8)
(6, 7)
(7, 7)
kaikki ok
Reitin pituus: 15
(8, 11)
(7, 11)
(6, 11)
(6, 10)
(6, 9)
(5, 9)
(4, 9)
(4, 8)
(4, 7)
(4, 6)
(4, 5)
(4, 4)
(4, 3)
(5, 3)
(6, 3)
(7, 3)
kaikki ok
Reitin pituus: 14
(1, 1)
(1, 2)
(1, 3)
(1, 4)
(1, 5)
(2, 5)
(3, 5)
(4, 5)
(4, 6)
(4, 7)
(4, 8)
(4, 9)
(5, 9)
(6, 9)
(6, 10)
kaikki ok
Reitin pituus: 7
(1, 1)
(1, 2)
(1, 3)
(2, 3)
(3, 3)
(4, 3)
(5, 3)
(6, 3)
kaikki ok
Reitin pituus: 11
(6, 19)
(7, 19)
(8, 19)
(8, 18)
(8, 17)
(7, 17)
(6, 17)
(6, 16)
(6, 15)
(5, 15)
(4, 15)
(4, 14)
kaikki ok
Reitin pituus: 10
(4, 8)
(4, 7)
(4, 6)
(4, 5)
(4, 4)
(4, 3)
(4, 2)
(4, 1)
(5, 1)
(6, 1)
(7, 1)
kaikki ok
Reitin pituus: 18
(2, 5)
(3, 5)
(4, 5)
(4, 6)
(4, 7)
(4, 8)
(4, 9)
(5, 9)
(6, 9)
(6, 10)
(6, 11)
(6, 12)
(6, 13)
(7, 13)
(8, 13)
(8, 14)
(8, 15)
(9, 15)
(10, 15)
kaikki ok
Reitin pituus: 16
(8, 11)
(9, 11)
(10, 11)
(11, 11)
(12, 11)
(12, 10)
(12, 9)
(13, 9)
(14, 9)
(14, 8)
(14, 7)
(14, 6)
(14, 5)
(14, 4)
(14, 3)
(15, 3)
(16, 3)
kaikki ok
Reitin pituus: 14
(16, 5)
(15, 5)
(14, 5)
(14, 6)
(14, 7)
(14, 8)
(14, 9)
(13, 9)
(12, 9)
(12, 10)
(12, 11)
(12, 12)
(12, 13)
(11, 13)
(10, 13)
kaikki ok
Reitin pituus: 7
(12, 17)
(12, 16)
(12, 15)
(13, 15)
(14, 15)
(14, 14)
(14, 13)
(14, 12)
kaikki ok
Reitin pituus: 18
(4, 15)
(4, 14)
(4, 13)
(4, 12)
(4, 11)
(4, 10)
(4, 9)
(4, 8)
(4, 7)
(4, 6)
(4, 5)
(4, 4)
(4, 3)
(5, 3)
(6, 3)
(7, 3)
(8, 3)
(8, 2)
(8, 1)
kaikki ok
Reitin pituus: 16
(10, 9)
(9, 9)
(9, 8)
(9, 7)
(10, 7)
(10, 6)
(10, 5)
(11, 5)
(12, 5)
(12, 4)
(12, 3)
(13, 3)
(14, 3)
(15, 3)
(16, 3)
(17, 3)
(17, 2)
kaikki ok
Reitin pituus: 13
(14, 12)
(14, 11)
(14, 10)
(14, 9)
(14, 8)
(14, 7)
(14, 6)
(14, 5)
(14, 4)
(14, 3)
(15, 3)
(16, 3)
(17, 3)
(17, 2)
kaikki ok
Reitin pituus: 23
(14, 1)
(14, 2)
(14, 3)
(14, 4)
(14, 5)
(14, 6)
(14, 7)
(14, 8)
(14, 9)
(14, 10)
(14, 11)
(14, 12)
(14, 13)
(14, 14)
(14, 15)
(13, 15)
(12, 15)
(12, 16)
(12, 17)
(11, 17)
(10, 17)
(10, 18)
(10, 19)
(11, 19)
kaikki ok
Reitin pituus: 7
(12, 8)
(12, 9)
(13, 9)
(14, 9)
(14, 8)
(14, 7)
(14, 6)
(14, 5)
kaikki ok
Reitin pituus: 13
(6, 7)
(6, 8)
(6, 9)
(5, 9)
(4, 9)
(4, 8)
(4, 7)
(4, 6)
(4, 5)
(4, 4)
(4, 3)
(4, 2)
(4, 1)
(5, 1)
kaikki ok
Reitin pituus: 24
(9, 19)
(8, 19)
(8, 18)
(8, 17)
(7, 17)
(6, 17)
(6, 16)
(6, 15)
(5, 15)
(4, 15)
(4, 14)
(4, 13)
(4, 12)
(4, 11)
(4, 10)
(4, 9)
(4, 8)
(4, 7)
(4, 6)
(4, 5)
(4, 4)
(4, 3)
(4, 2)
(4, 1)
(5, 1)
kaikki ok
Reitin pituus: 4
(8, 5)
(8, 6)
(8, 7)
(9, 7)
(10, 7)
kaikki ok
Reitin pituus: 6
(4, 5)
(4, 4)
(4, 3)
(4, 2)
(4, 1)
(5, 1)
(6, 1)
kaikki ok
Reitin pituus: 28
(7, 1)
(8, 1)
(8, 2)
(8, 3)
(9, 3)
(10, 3)
(11, 3)
(12, 3)
(13, 3)
(14, 3)
(14, 4)
(14, 5)
(14, 6)
(14, 7)
(14, 8)
(14, 9)
(14, 10)
(14, 11)
(14, 12)
(14, 13)
(14, 14)
(14, 15)
(14, 16)
(14, 17)
(15, 17)
(16, 17)
(17, 17)
(17, 18)
(17, 19)
kaikki ok
Reitin pituus: 25
(16, 3)
(15, 3)
(14, 3)
(13, 3)
(12, 3)
(12, 4)
(12, 5)
(11, 5)
(10, 5)
(10, 6)
(10, 7)
(9, 7)
(8, 7)
(7, 7)
(6, 7)
(6, 8)
(6, 9)
(5, 9)
(4, 9)
(4, 10)
(4, 11)
(4, 12)
(4, 13)
(4, 14)
(4, 15)
(4, 16)
kaikki ok
Reitin pituus: 15
(6, 12)
(6, 11)
(7, 11)
(8, 11)
(9, 11)
(10, 11)
(11, 11)
(12, 11)
(12, 10)
(12, 9)
(13, 9)
(14, 9)
(14, 8)
(14, 7)
(14, 6)
(14, 5)
kaikki ok
Reitin pituus: 10
(6, 11)
(6, 12)
(6, 13)
(5, 13)
(4, 13)
(4, 14)
(4, 15)
(4, 16)
(4, 17)
(3, 17)
(2, 17)
kaikki ok
Reitin pituus: 5
(14, 16)
(14, 17)
(15, 17)
(16, 17)
(16, 16)
(16, 15)
kaikki ok
Reitin pituus: 28
(14, 3)
(14, 4)
(14, 5)
(14, 6)
(14, 7)
(14, 8)
(14, 9)
(14, 10)
(14, 11)
(14, 12)
(14, 13)
(14, 14)
(14, 15)
(13, 15)
(12, 15)
(12, 16)
(12, 17)
(11, 17)
(10, 17)
(10, 18)
(10, 19)
(9, 19)
(8, 19)
(7, 19)
(6, 19)
(5, 19)
(4, 19)
(3, 19)
(2, 19)
kaikki ok
Reitin pituus: 24
(1, 18)
(1, 17)
(2, 17)
(3, 17)
(4, 17)
(4, 16)
(4, 15)
(5, 15)
(6, 15)
(7, 15)
(8, 15)
(9, 15)
(10, 15)
(10, 14)
(10, 13)
(11, 13)
(12, 13)
(12, 12)
(12, 11)
(12, 10)
(12, 9)
(13, 9)
(14, 9)
(14, 8)
(14, 7)
kaikki ok
Reitin pituus: 23
(14, 17)
(14, 16)
(14, 15)
(13, 15)
(12, 15)
(11, 15)
(10, 15)
(9, 15)
(8, 15)
(8, 14)
(8, 13)
(7, 13)
(6, 13)
(6, 12)
(6, 11)
(6, 10)
(6, 9)
(5, 9)
(4, 9)
(4, 8)
(4, 7)
(4, 6)
(4, 5)
(3, 5)
kaikki ok
Reitin pituus: 22
(10, 14)
(10, 13)
(11, 13)
(12, 13)
(12, 12)
(12, 11)
(12, 10)
(12, 9)
(12, 8)
(12, 7)
(11, 7)
(10, 7)
(9, 7)
(8, 7)
(8, 6)
(8, 5)
(7, 5)
(6, 5)
(6, 4)
(6, 3)
(7, 3)
(8, 3)
(8, 2)
kaikki ok
Reitin pituus: 16
(4, 5)
(4, 4)
(4, 3)
(5, 3)
(6, 3)
(7, 3)
(8, 3)
(9, 3)
(10, 3)
(11, 3)
(12, 3)
(13, 3)
(14, 3)
(14, 4)
(14, 5)
(14, 6)
(14, 7)
kaikki ok
Reitin pituus: 20
(10, 19)
(10, 18)
(10, 17)
(11, 17)
(12, 17)
(12, 16)
(12, 15)
(13, 15)
(14, 15)
(14, 14)
(14, 13)
(14, 12)
(14, 11)
(14, 10)
(14, 9)
(14, 8)
(14, 7)
(14, 6)
(14, 5)
(15, 5)
(16, 5)
kaikki ok
Reitin pituus: 16
(4, 6)
(4, 7)
(4, 8)
(4, 9)
(4, 10)
(4, 11)
(4, 12)
(4, 13)
(5, 13)
(6, 13)
(7, 13)
(8, 13)
(8, 14)
(8, 15)
(9, 15)
(10, 15)
(10, 14)
kaikki ok
Reitin pituus: 15
(4, 16)
(4, 15)
(4, 14)
(4, 13)
(4, 12)
(4, 11)
(4, 10)
(4, 9)
(4, 8)
(4, 7)
(4, 6)
(4, 5)
(4, 4)
(4, 3)
(4, 2)
(4, 1)
kaikki ok
Reitin pituus: 18
(14, 11)
(14, 10)
(14, 9)
(14, 8)
(14, 7)
(14, 6)
(14, 5)
(14, 4)
(14, 3)
(13, 3)
(12, 3)
(11, 3)
(10, 3)
(9, 3)
(8, 3)
(7, 3)
(6, 3)
(5, 3)
(4, 3)
kaikki ok
Reitin pituus: 12
(13, 13)
(12, 13)
(11, 13)
(10, 13)
(10, 14)
(10, 15)
(9, 15)
(8, 15)
(8, 14)
(8, 13)
(7, 13)
(6, 13)
(5, 13)
kaikki ok
Reitin pituus: 15
(6, 8)
(6, 9)
(6, 10)
(6, 11)
(6, 12)
(6, 13)
(7, 13)
(8, 13)
(8, 14)
(8, 15)
(9, 15)
(10, 15)
(11, 15)
(12, 15)
(12, 16)
(12, 17)
kaikki ok
Reitin pituus: 8
(8, 9)
(9, 9)
(9, 8)
(9, 7)
(10, 7)
(11, 7)
(12, 7)
(12, 8)
(12, 9)
kaikki ok
Reitin pituus: 17
(12, 11)
(11, 11)
(10, 11)
(9, 11)
(8, 11)
(7, 11)
(6, 11)
(6, 10)
(6, 9)
(5, 9)
(4, 9)
(4, 8)
(4, 7)
(4, 6)
(4, 5)
(4, 4)
(4, 3)
(3, 3)
kaikki ok
Reitin pituus: 17
(16, 15)
(16, 16)
(16, 17)
(15, 17)
(14, 17)
(14, 16)
(14, 15)
(13, 15)
(12, 15)
(11, 15)
(10, 15)
(9, 15)
(8, 15)
(7, 15)
(6, 15)
(5, 15)
(4, 15)
(4, 14)
kaikki ok
Reitin pituus: 25
(17, 5)
(16, 5)
(15, 5)
(14, 5)
(14, 6)
(14, 7)
(14, 8)
(14, 9)
(14, 10)
(14, 11)
(14, 12)
(14, 13)
(14, 14)
(14, 15)
(13, 15)
(12, 15)
(12, 16)
(12, 17)
(11, 17)
(10, 17)
(10, 18)
(10, 19)
(9, 19)
(8, 19)
(7, 19)
(6, 19)
kaikki ok
Reitin pituus: 21
(10, 3)
(9, 3)
(8, 3)
(7, 3)
(6, 3)
(5, 3)
(4, 3)
(4, 4)
(4, 5)
(4, 6)
(4, 7)
(4, 8)
(4, 9)
(4, 10)
(4, 11)
(4, 12)
(4, 13)
(4, 14)
(4, 15)
(5, 15)
(6, 15)
(6, 16)
kaikki ok
Reitin pituus: 7
(5, 9)
(4, 9)
(4, 8)
(4, 7)
(4, 6)
(4, 5)
(3, 5)
(2, 5)
kaikki ok
Reitin pituus: 24
(7, 15)
(8, 15)
(9, 15)
(10, 15)
(11, 15)
(12, 15)
(13, 15)
(14, 15)
(14, 14)
(14, 13)
(14, 12)
(14, 11)
(14, 10)
(14, 9)
(14, 8)
(14, 7)
(14, 6)
(14, 5)
(14, 4)
(14, 3)
(15, 3)
(16, 3)
(17, 3)
(17, 2)
(17, 1)
kaikki ok
Reitin pituus: 15
(15, 3)
(14, 3)
(14, 4)
(14, 5)
(14, 6)
(14, 7)
(14, 8)
(14, 9)
(14, 10)
(14, 11)
(14, 12)
(14, 13)
(14, 14)
(14, 15)
(14, 16)
(14, 17)
kaikki ok
Reitin pituus: 23
(17, 13)
(16, 13)
(15, 13)
(14, 13)
(14, 12)
(14, 11)
(14, 10)
(14, 9)
(13, 9)
(12, 9)
(12, 8)
(12, 7)
(11, 7)
(10, 7)
(9, 7)
(8, 7)
(8, 6)
(8, 5)
(7, 5)
(6, 5)
(6, 4)
(6, 3)
(5, 3)
(4, 3)
kaikki ok
Reitin pituus: 11
(2, 19)
(1, 19)
(1, 18)
(1, 17)
(2, 17)
(3, 17)
(4, 17)
(4, 16)
(4, 15)
(4, 14)
(4, 13)
(3, 13)
kaikki ok
Reitin pituus: 16
(4, 17)
(4, 16)
(4, 15)
(4, 14)
(4, 13)
(5, 13)
(6, 13)
(6, 12)
(6, 11)
(6, 10)
(6, 9)
(6, 8)
(6, 7)
(7, 7)
(8, 7)
(8, 6)
(8, 5)
kaikki ok
Reitin pituus: 14
(6, 13)
(6, 12)
(6, 11)
(7, 11)
(8, 11)
(9, 11)
(10, 11)
(11, 11)
(12, 11)
(12, 10)
(12, 9)
(13, 9)
(14, 9)
(14, 8)
(14, 7)
kaikki ok
Reitin pituus: 8
(9, 19)
(8, 19)
(8, 18)
(8, 17)
(7, 17)
(6, 17)
(6, 16)
(6, 15)
(7, 15)
kaikki ok
Reitin pituus: 6
(10, 14)
(10, 15)
(9, 15)
(8, 15)
(7, 15)
(6, 15)
(6, 16)
kaikki ok
Reitin pituus: 11
(14, 16)
(14, 17)
(15, 17)
(16, 17)
(17, 17)
(17, 18)
(17, 19)
(16, 19)
(15, 19)
(14, 19)
(13, 19)
(12, 19)
kaikki ok
Reitin pituus: 17
(7, 13)
(6, 13)
(6, 12)
(6, 11)
(6, 10)
(6, 9)
(5, 9)
(4, 9)
(4, 8)
(4, 7)
(4, 6)
(4, 5)
(4, 4)
(4, 3)
(4, 2)
(4, 1)
(3, 1)
(2, 1)
kaikki ok
Reitin pituus: 16
(4, 8)
(4, 9)
(5, 9)
(6, 9)
(6, 10)
(6, 11)
(7, 11)
(8, 11)
(9, 11)
(10, 11)
(11, 11)
(12, 11)
(12, 12)
(12, 13)
(13, 13)
(14, 13)
(14, 12)
kaikki ok
Reitin pituus: 16
(10, 15)
(10, 14)
(10, 13)
(11, 13)
(12, 13)
(12, 12)
(12, 11)
(12, 10)
(12, 9)
(12, 8)
(12, 7)
(11, 7)
(10, 7)
(9, 7)
(9, 8)
(9, 9)
(8, 9)
kaikki ok
Reitin pituus: 6
(4, 7)
(4, 6)
(4, 5)
(4, 4)
(4, 3)
(3, 3)
(2, 3)
kaikki ok
Reitin pituus: 15
(8, 7)
(7, 7)
(6, 7)
(6, 8)
(6, 9)
(5, 9)
(4, 9)
(4, 10)
(4, 11)
(4, 12)
(4, 13)
(4, 14)
(4, 15)
(4, 16)
(4, 17)
(3, 17)
kaikki ok
Reitin pituus: 15
(7, 17)
(6, 17)
(6, 16)
(6, 15)
(7, 15)
(8, 15)
(9, 15)
(10, 15)
(10, 14)
(10, 13)
(11, 13)
(12, 13)
(12, 12)
(12, 11)
(12, 10)
(12, 9)
kaikki ok
Reitin pituus: 29
(2, 19)
(3, 19)
(4, 19)
(5, 19)
(6, 19)
(7, 19)
(8, 19)
(9, 19)
(10, 19)
(10, 18)
(10, 17)
(11, 17)
(12, 17)
(12, 16)
(12, 15)
(13, 15)
(14, 15)
(14, 14)
(14, 13)
(14, 12)
(14, 11)
(14, 10)
(14, 9)
(14, 8)
(14, 7)
(14, 6)
(14, 5)
(15, 5)
(16, 5)
(17, 5)
kaikki ok
Reitin pituus: 12
(4, 10)
(4, 9)
(5, 9)
(6, 9)
(6, 10)
(6, 11)
(7, 11)
(8, 11)
(9, 11)
(10, 11)
(11, 11)
(12, 11)
(12, 12)
kaikki ok
Reitin pituus: 8
(17, 14)
(17, 13)
(16, 13)
(15, 13)
(14, 13)
(13, 13)
(12, 13)
(11, 13)
(10, 13)
kaikki ok
Reitin pituus: 26
(14, 15)
(13, 15)
(12, 15)
(11, 15)
(10, 15)
(9, 15)
(8, 15)
(7, 15)
(6, 15)
(5, 15)
(4, 15)
(4, 14)
(4, 13)
(4, 12)
(4, 11)
(4, 10)
(4, 9)
(4, 8)
(4, 7)
(4, 6)
(4, 5)
(4, 4)
(4, 3)
(3, 3)
(2, 3)
(1, 3)
(1, 2)
kaikki ok
Reitin pituus: 20
(13, 15)
(14, 15)
(14, 14)
(14, 13)
(14, 12)
(14, 11)
(14, 10)
(14, 9)
(13, 9)
(12, 9)
(12, 8)
(12, 7)
(11, 7)
(10, 7)
(9, 7)
(8, 7)
(8, 6)
(8, 5)
(7, 5)
(6, 5)
(6, 4)
kaikki ok
Reitin pituus: 24
(2, 13)
(3, 13)
(4, 13)
(5, 13)
(6, 13)
(6, 12)
(6, 11)
(6, 10)
(6, 9)
(6, 8)
(6, 7)
(7, 7)
(8, 7)
(9, 7)
(10, 7)
(10, 6)
(10, 5)
(11, 5)
(12, 5)
(12, 4)
(12, 3)
(13, 3)
(14, 3)
(14, 2)
(14, 1)
kaikki ok
Reitin pituus: 23
(9, 19)
(10, 19)
(10, 18)
(10, 17)
(11, 17)
(12, 17)
(12, 16)
(12, 15)
(13, 15)
(14, 15)
(14, 14)
(14, 13)
(14, 12)
(14, 11)
(14, 10)
(14, 9)
(14, 8)
(14, 7)
(14, 6)
(14, 5)
(14, 4)
(14, 3)
(14, 2)
(14, 1)
kaikki ok
Reitin pituus: 9
(9, 8)
(9, 7)
(8, 7)
(8, 6)
(8, 5)
(7, 5)
(6, 5)
(6, 4)
(6, 3)
(7, 3)
kaikki ok
Reitin pituus: 3
(1, 2)
(1, 3)
(1, 4)
(1, 5)
kaikki ok
Reitin pituus: 14
(16, 17)
(17, 17)
(17, 18)
(17, 19)
(16, 19)
(15, 19)
(14, 19)
(13, 19)
(12, 19)
(11, 19)
(10, 19)
(9, 19)
(8, 19)
(7, 19)
(6, 19)
kaikki ok
Reitin pituus: 24
(7, 3)
(6, 3)
(5, 3)
(4, 3)
(4, 4)
(4, 5)
(4, 6)
(4, 7)
(4, 8)
(4, 9)
(4, 10)
(4, 11)
(4, 12)
(4, 13)
(4, 14)
(4, 15)
(5, 15)
(6, 15)
(6, 16)
(6, 17)
(7, 17)
(8, 17)
(8, 18)
(8, 19)
(9, 19)
kaikki ok
Reitin pituus: 9
(3, 5)
(4, 5)
(4, 4)
(4, 3)
(5, 3)
(6, 3)
(7, 3)
(8, 3)
(9, 3)
(10, 3)
kaikki ok
Reitin pituus: 6
(14, 4)
(14, 3)
(13, 3)
(12, 3)
(11, 3)
(10, 3)
(9, 3)
kaikki ok
Reitin pituus: 4
(8, 6)
(8, 5)
(7, 5)
(6, 5)
(6, 4)
kaikki ok
Reitin pituus: 16
(8, 9)
(9, 9)
(9, 8)
(9, 7)
(10, 7)
(10, 6)
(10, 5)
(11, 5)
(12, 5)
(12, 4)
(12, 3)
(13, 3)
(14, 3)
(14, 2)
(14, 1)
(13, 1)
(12, 1)
kaikki ok
Reitin pituus: 12
(8, 13)
(7, 13)
(6, 13)
(5, 13)
(4, 13)
(4, 12)
(4, 11)
(4, 10)
(4, 9)
(4, 8)
(4, 7)
(4, 6)
(4, 5)
kaikki ok
Reitin pituus: 15
(17, 5)
(16, 5)
(15, 5)
(14, 5)
(14, 6)
(14, 7)
(14, 8)
(14, 9)
(14, 10)
(14, 11)
(14, 12)
(14, 13)
(14, 14)
(14, 15)
(13, 15)
(12, 15)
kaikki ok
Reitin pituus: 9
(8, 2)
(8, 3)
(7, 3)
(6, 3)
(5, 3)
(4, 3)
(4, 4)
(4, 5)
(3, 5)
(2, 5)
kaikki ok
Reitin pituus: 6
(11, 1)
(10, 1)
(10, 2)
(10, 3)
(9, 3)
(8, 3)
(7, 3)
kaikki ok
Reitin pituus: 7
(7, 7)
(8, 7)
(9, 7)
(10, 7)
(11, 7)
(12, 7)
(12, 8)
(12, 9)
kaikki ok
Reitin pituus: 16
(6, 1)
(5, 1)
(4, 1)
(4, 2)
(4, 3)
(4, 4)
(4, 5)
(4, 6)
(4, 7)
(4, 8)
(4, 9)
(4, 10)
(4, 11)
(4, 12)
(4, 13)
(3, 13)
(2, 13)
kaikki ok
Reitin pituus: 19
(11, 13)
(12, 13)
(12, 12)
(12, 11)
(12, 10)
(12, 9)
(12, 8)
(12, 7)
(11, 7)
(10, 7)
(9, 7)
(8, 7)
(8, 6)
(8, 5)
(7, 5)
(6, 5)
(6, 4)
(6, 3)
(5, 3)
(4, 3)
kaikki ok
Reitin pituus: 23
(2, 13)
(3, 13)
(4, 13)
(5, 13)
(6, 13)
(6, 12)
(6, 11)
(6, 10)
(6, 9)
(6, 8)
(6, 7)
(7, 7)
(8, 7)
(9, 7)
(10, 7)
(10, 6)
(10, 5)
(11, 5)
(12, 5)
(12, 4)
(12, 3)
(13, 3)
(14, 3)
(15, 3)
kaikki ok
Reitin pituus: 20
(17, 1)
(16, 1)
(15, 1)
(14, 1)
(13, 1)
(12, 1)
(11, 1)
(10, 1)
(10, 2)
(10, 3)
(9, 3)
(8, 3)
(8, 2)
(8, 1)
(7, 1)
(6, 1)
(5, 1)
(4, 1)
(3, 1)
(2, 1)
(1, 1)
kaikki ok
Reitin pituus: 23
(17, 14)
(17, 13)
(16, 13)
(15, 13)
(14, 13)
(14, 14)
(14, 15)
(13, 15)
(12, 15)
(12, 16)
(12, 17)
(11, 17)
(10, 17)
(10, 18)
(10, 19)
(9, 19)
(8, 19)
(7, 19)
(6, 19)
(5, 19)
(4, 19)
(3, 19)
(2, 19)
(1, 19)
kaikki ok
Reitin pituus: 1
(12, 12)
(12, 13)
kaikki ok
Reitin pituus: 12
(1, 17)
(1, 18)
(1, 19)
(2, 19)
(3, 19)
(4, 19)
(5, 19)
(6, 19)
(7, 19)
(8, 19)
(9, 19)
(10, 19)
(10, 18)
kaikki ok
Reitin pituus: 16
(14, 6)
(14, 7)
(14, 8)
(14, 9)
(13, 9)
(12, 9)
(12, 10)
(12, 11)
(11, 11)
(10, 11)
(9, 11)
(8, 11)
(7, 11)
(6, 11)
(6, 12)
(6, 13)
(7, 13)
kaikki ok
Reitin pituus: 5
(10, 2)
(10, 3)
(11, 3)
(12, 3)
(13, 3)
(14, 3)
kaikki ok
Reitin pituus: 17
(8, 5)
(8, 6)
(8, 7)
(9, 7)
(10, 7)
(11, 7)
(12, 7)
(12, 8)
(12, 9)
(12, 10)
(12, 11)
(12, 12)
(12, 13)
(13, 13)
(14, 13)
(15, 13)
(16, 13)
(17, 13)
kaikki ok
Reitin pituus: 24
(6, 16)
(6, 15)
(7, 15)
(8, 15)
(9, 15)
(10, 15)
(10, 14)
(10, 13)
(11, 13)
(12, 13)
(12, 12)
(12, 11)
(12, 10)
(12, 9)
(13, 9)
(14, 9)
(14, 8)
(14, 7)
(14, 6)
(14, 5)
(14, 4)
(14, 3)
(14, 2)
(14, 1)
(15, 1)
kaikki ok
Reitin pituus: 15
(8, 17)
(8, 18)
(8, 19)
(9, 19)
(10, 19)
(11, 19)
(12, 19)
(13, 19)
(14, 19)
(15, 19)
(16, 19)
(17, 19)
(17, 18)
(17, 17)
(16, 17)
(16, 16)
kaikki ok
Reitin pituus: 4
(17, 3)
(17, 2)
(17, 1)
(16, 1)
(15, 1)
kaikki ok
Reitin pituus: 15
(8, 5)
(7, 5)
(6, 5)
(6, 4)
(6, 3)
(7, 3)
(8, 3)
(9, 3)
(10, 3)
(11, 3)
(12, 3)
(13, 3)
(14, 3)
(15, 3)
(16, 3)
(17, 3)
kaikki ok
Reitin pituus: 23
(10, 5)
(10, 6)
(10, 7)
(11, 7)
(12, 7)
(12, 8)
(12, 9)
(12, 10)
(12, 11)
(12, 12)
(12, 13)
(11, 13)
(10, 13)
(10, 14)
(10, 15)
(11, 15)
(12, 15)
(12, 16)
(12, 17)
(11, 17)
(10, 17)
(10, 18)
(10, 19)
(11, 19)
kaikki ok
Reitin pituus: 24
(16, 17)
(15, 17)
(14, 17)
(14, 16)
(14, 15)
(14, 14)
(14, 13)
(14, 12)
(14, 11)
(14, 10)
(14, 9)
(14, 8)
(14, 7)
(14, 6)
(14, 5)
(14, 4)
(14, 3)
(13, 3)
(12, 3)
(11, 3)
(10, 3)
(9, 3)
(8, 3)
(7, 3)
(6, 3)
kaikki ok
Reitin pituus: 27
(4, 19)
(3, 19)
(2, 19)
(1, 19)
(1, 18)
(1, 17)
(2, 17)
(3, 17)
(4, 17)
(4, 16)
(4, 15)
(4, 14)
(4, 13)
(4, 12)
(4, 11)
(4, 10)
(4, 9)
(4, 8)
(4, 7)
(4, 6)
(4, 5)
(4, 4)
(4, 3)
(4, 2)
(4, 1)
(5, 1)
(6, 1)
(7, 1)
kaikki ok
Reitin pituus: 17
(9, 3)
(8, 3)
(7, 3)
(6, 3)
(6, 4)
(6, 5)
(7, 5)
(8, 5)
(8, 6)
(8, 7)
(7, 7)
(6, 7)
(6, 8)
(6, 9)
(6, 10)
(6, 11)
(6, 12)
(6, 13)
kaikki ok
Reitin pituus: 6
(9, 11)
(8, 11)
(7, 11)
(6, 11)
(6, 12)
(6, 13)
(5, 13)
kaikki ok
Reitin pituus: 15
(8, 5)
(8, 6)
(8, 7)
(7, 7)
(6, 7)
(6, 8)
(6, 9)
(6, 10)
(6, 11)
(6, 12)
(6, 13)
(5, 13)
(4, 13)
(4, 14)
(4, 15)
(4, 16)
kaikki ok
Reitin pituus: 13
(13, 13)
(12, 13)
(12, 12)
(12, 11)
(11, 11)
(10, 11)
(9, 11)
(8, 11)
(7, 11)
(6, 11)
(6, 10)
(6, 9)
(5, 9)
(4, 9)
kaikki ok
Reitin pituus: 14
(2, 1)
(3, 1)
(4, 1)
(4, 2)
(4, 3)
(5, 3)
(6, 3)
(6, 4)
(6, 5)
(7, 5)
(8, 5)
(8, 6)
(8, 7)
(7, 7)
(6, 7)
kaikki ok
Reitin pituus: 16
(2, 5)
(3, 5)
(4, 5)
(4, 4)
(4, 3)
(5, 3)
(6, 3)
(7, 3)
(8, 3)
(9, 3)
(10, 3)
(11, 3)
(12, 3)
(13, 3)
(14, 3)
(14, 4)
(14, 5)
kaikki ok
Reitin pituus: 3
(8, 17)
(7, 17)
(6, 17)
(6, 16)
kaikki ok
Reitin pituus: 25
(17, 13)
(16, 13)
(15, 13)
(14, 13)
(13, 13)
(12, 13)
(12, 12)
(12, 11)
(11, 11)
(10, 11)
(9, 11)
(8, 11)
(7, 11)
(6, 11)
(6, 10)
(6, 9)
(5, 9)
(4, 9)
(4, 8)
(4, 7)
(4, 6)
(4, 5)
(3, 5)
(2, 5)
(1, 5)
(1, 4)
kaikki ok
Reitin pituus: 6
(16, 17)
(17, 17)
(17, 18)
(17, 19)
(16, 19)
(15, 19)
(14, 19)
kaikki ok
Reitin pituus: 8
(8, 5)
(8, 6)
(8, 7)
(9, 7)
(10, 7)
(10, 6)
(10, 5)
(11, 5)
(12, 5)
kaikki ok
Reitin pituus: 9
(13, 13)
(14, 13)
(14, 14)
(14, 15)
(13, 15)
(12, 15)
(12, 16)
(12, 17)
(11, 17)
(10, 17)
kaikki ok
Reitin pituus: 19
(4, 4)
(4, 5)
(4, 6)
(4, 7)
(4, 8)
(4, 9)
(5, 9)
(6, 9)
(6, 10)
(6, 11)
(6, 12)
(6, 13)
(7, 13)
(8, 13)
(8, 14)
(8, 15)
(9, 15)
(10, 15)
(11, 15)
(12, 15)
kaikki ok
Reitin pituus: 27
(1, 5)
(2, 5)
(3, 5)
(4, 5)
(4, 6)
(4, 7)
(4, 8)
(4, 9)
(5, 9)
(6, 9)
(6, 10)
(6, 11)
(7, 11)
(8, 11)
(9, 11)
(10, 11)
(11, 11)
(12, 11)
(12, 12)
(12, 13)
(13, 13)
(14, 13)
(15, 13)
(16, 13)
(17, 13)
(17, 14)
(17, 15)
(16, 15)
kaikki ok
Reitin pituus: 19
(8, 1)
(8, 2)
(8, 3)
(9, 3)
(10, 3)
(11, 3)
(12, 3)
(13, 3)
(14, 3)
(14, 4)
(14, 5)
(14, 6)
(14, 7)
(14, 8)
(14, 9)
(13, 9)
(12, 9)
(12, 10)
(12, 11)
(12, 12)
kaikki ok
Reitin pituus: 29
(14, 19)
(13, 19)
(12, 19)
(11, 19)
(10, 19)
(9, 19)
(8, 19)
(8, 18)
(8, 17)
(7, 17)
(6, 17)
(6, 16)
(6, 15)
(5, 15)
(4, 15)
(4, 14)
(4, 13)
(4, 12)
(4, 11)
(4, 10)
(4, 9)
(4, 8)
(4, 7)
(4, 6)
(4, 5)
(4, 4)
(4, 3)
(4, 2)
(4, 1)
(3, 1)
kaikki ok
Reitin pituus: 17
(13, 9)
(12, 9)
(12, 10)
(12, 11)
(11, 11)
(10, 11)
(9, 11)
(8, 11)
(7, 11)
(6, 11)
(6, 10)
(6, 9)
(5, 9)
(4, 9)
(4, 8)
(4, 7)
(4, 6)
(4, 5)
kaikki ok
Reitin pituus: 8
(4, 17)
(4, 16)
(4, 15)
(5, 15)
(6, 15)
(7, 15)
(8, 15)
(8, 14)
(8, 13)
kaikki ok
Reitin pituus: 14
(6, 4)
(6, 5)
(7, 5)
(8, 5)
(8, 6)
(8, 7)
(9, 7)
(10, 7)
(11, 7)
(12, 7)
(12, 8)
(12, 9)
(13, 9)
(14, 9)
(14, 10)
kaikki ok
Reitin pituus: 4
(15, 13)
(14, 13)
(13, 13)
(12, 13)
(12, 12)
kaikki ok
Reitin pituus: 26
(1, 1)
(1, 2)
(1, 3)
(1, 4)
(1, 5)
(2, 5)
(3, 5)
(4, 5)
(4, 6)
(4, 7)
(4, 8)
(4, 9)
(5, 9)
(6, 9)
(6, 10)
(6, 11)
(6, 12)
(6, 13)
(7, 13)
(8, 13)
(8, 14)
(8, 15)
(9, 15)
(10, 15)
(11, 15)
(12, 15)
(12, 16)
kaikki ok
Reitin pituus: 17
(8, 14)
(8, 15)
(9, 15)
(10, 15)
(10, 14)
(10, 13)
(11, 13)
(12, 13)
(13, 13)
(14, 13)
(14, 12)
(14, 11)
(14, 10)
(14, 9)
(14, 8)
(14, 7)
(14, 6)
(14, 5)
kaikki ok
Reitin pituus: 13
(8, 11)
(7, 11)
(6, 11)
(6, 10)
(6, 9)
(5, 9)
(4, 9)
(4, 8)
(4, 7)
(4, 6)
(4, 5)
(4, 4)
(4, 3)
(4, 2)
kaikki ok
Reitin pituus: 19
(4, 19)
(5, 19)
(6, 19)
(7, 19)
(8, 19)
(9, 19)
(10, 19)
(10, 18)
(10, 17)
(11, 17)
(12, 17)
(12, 16)
(12, 15)
(13, 15)
(14, 15)
(14, 14)
(14, 13)
(15, 13)
(16, 13)
(17, 13)
kaikki ok
Reitin pituus: 21
(3, 5)
(4, 5)
(4, 6)
(4, 7)
(4, 8)
(4, 9)
(5, 9)
(6, 9)
(6, 10)
(6, 11)
(6, 12)
(6, 13)
(7, 13)
(8, 13)
(8, 14)
(8, 15)
(9, 15)
(10, 15)
(11, 15)
(12, 15)
(13, 15)
(14, 15)
kaikki ok
Reitin pituus: 13
(17, 13)
(16, 13)
(15, 13)
(14, 13)
(14, 14)
(14, 15)
(13, 15)
(12, 15)
(11, 15)
(10, 15)
(9, 15)
(8, 15)
(7, 15)
(6, 15)
kaikki ok
Reitin pituus: 17
(4, 6)
(4, 7)
(4, 8)
(4, 9)
(5, 9)
(6, 9)
(6, 8)
(6, 7)
(7, 7)
(8, 7)
(9, 7)
(10, 7)
(11, 7)
(12, 7)
(12, 8)
(12, 9)
(13, 9)
(14, 9)
kaikki ok
Reitin pituus: 6
(8, 15)
(9, 15)
(10, 15)
(11, 15)
(12, 15)
(12, 16)
(12, 17)
kaikki ok
Reitin pituus: 12
(10, 7)
(9, 7)
(8, 7)
(7, 7)
(6, 7)
(6, 8)
(6, 9)
(5, 9)
(4, 9)
(4, 10)
(4, 11)
(4, 12)
(4, 13)
kaikki ok
Reitin pituus: 9
(4, 10)
(4, 9)
(4, 8)
(4, 7)
(4, 6)
(4, 5)
(4, 4)
(4, 3)
(4, 2)
(4, 1)
kaikki ok
Reitin pituus: 16
(2, 16)
(2, 17)
(3, 17)
(4, 17)
(4, 16)
(4, 15)
(4, 14)
(4, 13)
(4, 12)
(4, 11)
(4, 10)
(4, 9)
(4, 8)
(4, 7)
(4, 6)
(4, 5)
(3, 5)
kaikki ok
Reitin pituus: 27
(1, 18)
(1, 17)
(2, 17)
(3, 17)
(4, 17)
(4, 16)
(4, 15)
(5, 15)
(6, 15)
(7, 15)
(8, 15)
(9, 15)
(10, 15)
(10, 14)
(10, 13)
(11, 13)
(12, 13)
(12, 12)
(12, 11)
(12, 10)
(12, 9)
(13, 9)
(14, 9)
(14, 8)
(14, 7)
(14, 6)
(14, 5)
(15, 5)
kaikki ok
Reitin pituus: 14
(11, 11)
(10, 11)
(9, 11)
(8, 11)
(7, 11)
(6, 11)
(6, 10)
(6, 9)
(5, 9)
(4, 9)
(4, 8)
(4, 7)
(4, 6)
(4, 5)
(3, 5)
kaikki ok
Reitin pituus: 29
(15, 19)
(14, 19)
(13, 19)
(12, 19)
(11, 19)
(10, 19)
(9, 19)
(8, 19)
(8, 18)
(8, 17)
(7, 17)
(6, 17)
(6, 16)
(6, 15)
(5, 15)
(4, 15)
(4, 14)
(4, 13)
(4, 12)
(4, 11)
(4, 10)
(4, 9)
(4, 8)
(4, 7)
(4, 6)
(4, 5)
(4, 4)
(4, 3)
(5, 3)
(6, 3)
kaikki ok
Reitin pituus: 14
(4, 14)
(4, 13)
(4, 12)
(4, 11)
(4, 10)
(4, 9)
(4, 8)
(4, 7)
(4, 6)
(4, 5)
(4, 4)
(4, 3)
(4, 2)
(4, 1)
(5, 1)
kaikki ok
Reitin pituus: 16
(9, 3)
(10, 3)
(11, 3)
(12, 3)
(13, 3)
(14, 3)
(14, 4)
(14, 5)
(14, 6)
(14, 7)
(14, 8)
(14, 9)
(14, 10)
(14, 11)
(14, 12)
(14, 13)
(14, 14)
kaikki ok
Reitin pituus: 18
(11, 1)
(12, 1)
(13, 1)
(14, 1)
(14, 2)
(14, 3)
(14, 4)
(14, 5)
(14, 6)
(14, 7)
(14, 8)
(14, 9)
(13, 9)
(12, 9)
(12, 10)
(12, 11)
(11, 11)
(10, 11)
(9, 11)
kaikki ok
Reitin pituus: 8
(15, 17)
(14, 17)
(14, 16)
(14, 15)
(14, 14)
(14, 13)
(13, 13)
(12, 13)
(12, 12)
kaikki ok
Reitin pituus: 21
(10, 17)
(11, 17)
(12, 17)
(12, 16)
(12, 15)
(13, 15)
(14, 15)
(14, 14)
(14, 13)
(14, 12)
(14, 11)
(14, 10)
(14, 9)
(14, 8)
(14, 7)
(14, 6)
(14, 5)
(14, 4)
(14, 3)
(14, 2)
(14, 1)
(15, 1)
kaikki ok
Reitin pituus: 18
(14, 7)
(14, 8)
(14, 9)
(13, 9)
(12, 9)
(12, 10)
(12, 11)
(12, 12)
(12, 13)
(11, 13)
(10, 13)
(10, 14)
(10, 15)
(9, 15)
(8, 15)
(7, 15)
(6, 15)
(6, 16)
(6, 17)
kaikki ok
Reitin pituus: 11
(10, 11)
(11, 11)
(12, 11)
(12, 10)
(12, 9)
(12, 8)
(12, 7)
(11, 7)
(10, 7)
(9, 7)
(9, 8)
(9, 9)
kaikki ok
Reitin pituus: 7
(12, 13)
(11, 13)
(10, 13)
(10, 14)
(10, 15)
(11, 15)
(12, 15)
(12, 16)
kaikki ok
Reitin pituus: 20
(17, 19)
(17, 18)
(17, 17)
(16, 17)
(15, 17)
(14, 17)
(14, 16)
(14, 15)
(14, 14)
(14, 13)
(14, 12)
(14, 11)
(14, 10)
(14, 9)
(14, 8)
(14, 7)
(14, 6)
(14, 5)
(14, 4)
(14, 3)
(15, 3)
kaikki ok
Reitin pituus: 13
(10, 11)
(11, 11)
(12, 11)
(12, 10)
(12, 9)
(13, 9)
(14, 9)
(14, 8)
(14, 7)
(14, 6)
(14, 5)
(15, 5)
(16, 5)
(17, 5)
kaikki ok
Reitin pituus: 10
(12, 12)
(12, 13)
(11, 13)
(10, 13)
(10, 14)
(10, 15)
(9, 15)
(8, 15)
(7, 15)
(6, 15)
(5, 15)
kaikki ok
Reitin pituus: 11
(12, 12)
(12, 11)
(12, 10)
(12, 9)
(12, 8)
(12, 7)
(11, 7)
(10, 7)
(9, 7)
(9, 8)
(9, 9)
(8, 9)
kaikki ok
Reitin pituus: 24
(10, 1)
(11, 1)
(12, 1)
(13, 1)
(14, 1)
(14, 2)
(14, 3)
(14, 4)
(14, 5)
(14, 6)
(14, 7)
(14, 8)
(14, 9)
(14, 10)
(14, 11)
(14, 12)
(14, 13)
(14, 14)
(14, 15)
(14, 16)
(14, 17)
(15, 17)
(16, 17)
(17, 17)
(17, 18)
kaikki ok
Reitin pituus: 21
(2, 15)
(2, 16)
(2, 17)
(3, 17)
(4, 17)
(4, 16)
(4, 15)
(5, 15)
(6, 15)
(7, 15)
(8, 15)
(9, 15)
(10, 15)
(10, 14)
(10, 13)
(11, 13)
(12, 13)
(13, 13)
(14, 13)
(15, 13)
(16, 13)
(17, 13)
kaikki ok
Reitin pituus: 13
(4, 11)
(4, 12)
(4, 13)
(5, 13)
(6, 13)
(7, 13)
(8, 13)
(8, 14)
(8, 15)
(9, 15)
(10, 15)
(11, 15)
(12, 15)
(12, 16)
kaikki ok
Reitin pituus: 5
(2, 13)
(3, 13)
(4, 13)
(4, 14)
(4, 15)
(4, 16)
kaikki ok
Reitin pituus: 16
(15, 13)
(14, 13)
(14, 14)
(14, 15)
(13, 15)
(12, 15)
(11, 15)
(10, 15)
(9, 15)
(8, 15)
(7, 15)
(6, 15)
(5, 15)
(4, 15)
(4, 14)
(4, 13)
(3, 13)
kaikki ok
Reitin pituus: 28
(11, 1)
(12, 1)
(13, 1)
(14, 1)
(14, 2)
(14, 3)
(14, 4)
(14, 5)
(14, 6)
(14, 7)
(14, 8)
(14, 9)
(14, 10)
(14, 11)
(14, 12)
(14, 13)
(14, 14)
(14, 15)
(14, 16)
(14, 17)
(15, 17)
(16, 17)
(17, 17)
(17, 18)
(17, 19)
(16, 19)
(15, 19)
(14, 19)
(13, 19)
kaikki ok
Reitin pituus: 6
(12, 11)
(12, 12)
(12, 13)
(11, 13)
(10, 13)
(10, 14)
(10, 15)
kaikki ok
Reitin pituus: 15
(8, 5)
(8, 6)
(8, 7)
(7, 7)
(6, 7)
(6, 8)
(6, 9)
(6, 10)
(6, 11)
(6, 12)
(6, 13)
(5, 13)
(4, 13)
(4, 14)
(4, 15)
(4, 16)
kaikki ok
Reitin pituus: 11
(12, 13)
(13, 13)
(14, 13)
(14, 12)
(14, 11)
(14, 10)
(14, 9)
(14, 8)
(14, 7)
(14, 6)
(14, 5)
(15, 5)
kaikki ok
Reitin pituus: 9
(13, 1)
(12, 1)
(11, 1)
(10, 1)
(10, 2)
(10, 3)
(9, 3)
(8, 3)
(8, 2)
(8, 1)
kaikki ok
Reitin pituus: 25
(2, 5)
(3, 5)
(4, 5)
(4, 6)
(4, 7)
(4, 8)
(4, 9)
(5, 9)
(6, 9)
(6, 10)
(6, 11)
(7, 11)
(8, 11)
(9, 11)
(10, 11)
(11, 11)
(12, 11)
(12, 12)
(12, 13)
(13, 13)
(14, 13)
(15, 13)
(16, 13)
(17, 13)
(17, 14)
(17, 15)
kaikki ok
Reitin pituus: 12
(10, 2)
(10, 3)
(11, 3)
(12, 3)
(12, 4)
(12, 5)
(11, 5)
(10, 5)
(10, 6)
(10, 7)
(9, 7)
(9, 8)
(9, 9)
kaikki ok
Reitin pituus: 21
(2, 15)
(2, 16)
(2, 17)
(1, 17)
(1, 18)
(1, 19)
(2, 19)
(3, 19)
(4, 19)
(5, 19)
(6, 19)
(7, 19)
(8, 19)
(9, 19)
(10, 19)
(11, 19)
(12, 19)
(13, 19)
(14, 19)
(15, 19)
(16, 19)
(17, 19)
kaikki ok
Reitin pituus: 6
(14, 17)
(15, 17)
(16, 17)
(16, 16)
(16, 15)
(17, 15)
(17, 14)
kaikki ok
Reitin pituus: 26
(8, 3)
(7, 3)
(6, 3)
(5, 3)
(4, 3)
(4, 4)
(4, 5)
(4, 6)
(4, 7)
(4, 8)
(4, 9)
(4, 10)
(4, 11)
(4, 12)
(4, 13)
(4, 14)
(4, 15)
(5, 15)
(6, 15)
(6, 16)
(6, 17)
(7, 17)
(8, 17)
(8, 18)
(8, 19)
(7, 19)
(6, 19)
kaikki ok
Reitin pituus: 14
(4, 8)
(4, 9)
(5, 9)
(6, 9)
(6, 10)
(6, 11)
(7, 11)
(8, 11)
(9, 11)
(10, 11)
(11, 11)
(12, 11)
(12, 12)
(12, 13)
(11, 13)
kaikki ok
Reitin pituus: 13
(17, 4)
(17, 5)
(16, 5)
(15, 5)
(14, 5)
(14, 6)
(14, 7)
(14, 8)
(14, 9)
(13, 9)
(12, 9)
(12, 8)
(12, 7)
(11, 7)
kaikki ok
Reitin pituus: 7
(12, 7)
(11, 7)
(10, 7)
(9, 7)
(8, 7)
(7, 7)
(6, 7)
(6, 8)
kaikki ok
Reitin pituus: 16
(7, 3)
(6, 3)
(5, 3)
(4, 3)
(4, 4)
(4, 5)
(4, 6)
(4, 7)
(4, 8)
(4, 9)
(4, 10)
(4, 11)
(4, 12)
(4, 13)
(3, 13)
(2, 13)
(1, 13)
kaikki ok
Reitin pituus: 12
(8, 1)
(8, 2)
(8, 3)
(7, 3)
(6, 3)
(6, 4)
(6, 5)
(7, 5)
(8, 5)
(8, 6)
(8, 7)
(7, 7)
(6, 7)
kaikki ok
Reitin pituus: 9
(4, 16)
(4, 17)
(3, 17)
(2, 17)
(1, 17)
(1, 18)
(1, 19)
(2, 19)
(3, 19)
(4, 19)
kaikki ok
Reitin pituus: 12
(10, 5)
(10, 6)
(10, 7)
(9, 7)
(8, 7)
(7, 7)
(6, 7)
(6, 8)
(6, 9)
(6, 10)
(6, 11)
(6, 12)
(6, 13)
kaikki ok
Reitin pituus: 15
(8, 7)
(9, 7)
(10, 7)
(11, 7)
(12, 7)
(12, 8)
(12, 9)
(12, 10)
(12, 11)
(12, 12)
(12, 13)
(13, 13)
(14, 13)
(14, 14)
(14, 15)
(14, 16)
kaikki ok
Reitin pituus: 21
(2, 16)
(2, 17)
(3, 17)
(4, 17)
(4, 16)
(4, 15)
(5, 15)
(6, 15)
(7, 15)
(8, 15)
(9, 15)
(10, 15)
(11, 15)
(12, 15)
(13, 15)
(14, 15)
(14, 14)
(14, 13)
(14, 12)
(14, 11)
(14, 10)
(14, 9)
kaikki ok
Reitin pituus: 20
(2, 15)
(1, 15)
(1, 14)
(1, 13)
(2, 13)
(3, 13)
(4, 13)
(5, 13)
(6, 13)
(6, 12)
(6, 11)
(6, 10)
(6, 9)
(6, 8)
(6, 7)
(7, 7)
(8, 7)
(9, 7)
(9, 8)
(9, 9)
(10, 9)
kaikki ok
Reitin pituus: 19
(16, 1)
(15, 1)
(14, 1)
(14, 2)
(14, 3)
(14, 4)
(14, 5)
(14, 6)
(14, 7)
(14, 8)
(14, 9)
(14, 10)
(14, 11)
(14, 12)
(14, 13)
(14, 14)
(14, 15)
(13, 15)
(12, 15)
(11, 15)
kaikki ok
Reitin pituus: 13
(4, 10)
(4, 11)
(4, 12)
(4, 13)
(5, 13)
(6, 13)
(7, 13)
(8, 13)
(8, 14)
(8, 15)
(9, 15)
(10, 15)
(11, 15)
(12, 15)
kaikki ok
Reitin pituus: 14
(4, 11)
(4, 12)
(4, 13)
(4, 14)
(4, 15)
(5, 15)
(6, 15)
(6, 16)
(6, 17)
(7, 17)
(8, 17)
(8, 18)
(8, 19)
(7, 19)
(6, 19)
kaikki ok
Reitin pituus: 9
(14, 15)
(13, 15)
(12, 15)
(11, 15)
(10, 15)
(9, 15)
(8, 15)
(7, 15)
(6, 15)
(5, 15)
kaikki ok
Reitin pituus: 14
(4, 10)
(4, 11)
(4, 12)
(4, 13)
(5, 13)
(6, 13)
(7, 13)
(8, 13)
(8, 14)
(8, 15)
(9, 15)
(10, 15)
(11, 15)
(12, 15)
(12, 16)
kaikki ok
Reitin pituus: 13
(8, 15)
(9, 15)
(10, 15)
(11, 15)
(12, 15)
(13, 15)
(14, 15)
(14, 16)
(14, 17)
(15, 17)
(16, 17)
(16, 16)
(16, 15)
(17, 15)
kaikki ok
Reitin pituus: 20
(8, 5)
(8, 6)
(8, 7)
(9, 7)
(10, 7)
(11, 7)
(12, 7)
(12, 8)
(12, 9)
(12, 10)
(12, 11)
(12, 12)
(12, 13)
(13, 13)
(14, 13)
(14, 14)
(14, 15)
(14, 16)
(14, 17)
(15, 17)
(16, 17)
kaikki ok
Reitin pituus: 9
(3, 5)
(4, 5)
(4, 6)
(4, 7)
(4, 8)
(4, 9)
(5, 9)
(6, 9)
(6, 10)
(6, 11)
kaikki ok
Reitin pituus: 15
(4, 17)
(4, 16)
(4, 15)
(5, 15)
(6, 15)
(7, 15)
(8, 15)
(9, 15)
(10, 15)
(10, 14)
(10, 13)
(11, 13)
(12, 13)
(13, 13)
(14, 13)
(14, 12)
kaikki ok
Reitin pituus: 14
(4, 2)
(4, 3)
(5, 3)
(6, 3)
(6, 4)
(6, 5)
(7, 5)
(8, 5)
(8, 6)
(8, 7)
(9, 7)
(10, 7)
(11, 7)
(12, 7)
(12, 8)
kaikki ok
Reitin pituus: 11
(5, 9)
(4, 9)
(4, 8)
(4, 7)
(4, 6)
(4, 5)
(4, 4)
(4, 3)
(5, 3)
(6, 3)
(7, 3)
(8, 3)
kaikki ok
Reitin pituus: 4
(10, 15)
(11, 15)
(12, 15)
(13, 15)
(14, 15)
kaikki ok
Reitin pituus: 4
(16, 15)
(16, 16)
(16, 17)
(17, 17)
(17, 18)
kaikki ok
Reitin pituus: 13
(14, 8)
(14, 9)
(13, 9)
(12, 9)
(12, 10)
(12, 11)
(11, 11)
(10, 11)
(9, 11)
(8, 11)
(7, 11)
(6, 11)
(6, 10)
(6, 9)
kaikki ok
Reitin pituus: 22
(1, 5)
(2, 5)
(3, 5)
(4, 5)
(4, 6)
(4, 7)
(4, 8)
(4, 9)
(5, 9)
(6, 9)
(6, 10)
(6, 11)
(7, 11)
(8, 11)
(9, 11)
(10, 11)
(11, 11)
(12, 11)
(12, 12)
(12, 13)
(13, 13)
(14, 13)
(14, 12)
kaikki ok
Reitin pituus: 11
(4, 15)
(4, 14)
(4, 13)
(4, 12)
(4, 11)
(4, 10)
(4, 9)
(5, 9)
(6, 9)
(6, 8)
(6, 7)
(7, 7)
kaikki ok
Reitin pituus: 12
(4, 3)
(4, 4)
(4, 5)
(4, 6)
(4, 7)
(4, 8)
(4, 9)
(5, 9)
(6, 9)
(6, 10)
(6, 11)
(7, 11)
(8, 11)
kaikki ok
Reitin pituus: 20
(17, 1)
(17, 2)
(17, 3)
(16, 3)
(15, 3)
(14, 3)
(13, 3)
(12, 3)
(12, 4)
(12, 5)
(11, 5)
(10, 5)
(10, 6)
(10, 7)
(9, 7)
(8, 7)
(7, 7)
(6, 7)
(6, 8)
(6, 9)
(5, 9)
kaikki ok
Reitin pituus: 20
(12, 8)
(12, 9)
(12, 10)
(12, 11)
(12, 12)
(12, 13)
(11, 13)
(10, 13)
(10, 14)
(10, 15)
(11, 15)
(12, 15)
(12, 16)
(12, 17)
(11, 17)
(10, 17)
(10, 18)
(10, 19)
(9, 19)
(8, 19)
(7, 19)
kaikki ok
Reitin pituus: 1
(16, 16)
(16, 15)
kaikki ok
Reitin pituus: 12
(8, 11)
(9, 11)
(10, 11)
(11, 11)
(12, 11)
(12, 12)
(12, 13)
(13, 13)
(14, 13)
(14, 14)
(14, 15)
(14, 16)
(14, 17)
kaikki ok
Reitin pituus: 17
(7, 7)
(6, 7)
(6, 8)
(6, 9)
(6, 10)
(6, 11)
(6, 12)
(6, 13)
(7, 13)
(8, 13)
(8, 14)
(8, 15)
(9, 15)
(10, 15)
(11, 15)
(12, 15)
(12, 16)
(12, 17)
kaikki ok
Reitin pituus: 17
(8, 19)
(9, 19)
(10, 19)
(10, 18)
(10, 17)
(11, 17)
(12, 17)
(12, 16)
(12, 15)
(13, 15)
(14, 15)
(14, 14)
(14, 13)
(13, 13)
(12, 13)
(12, 12)
(12, 11)
(12, 10)
kaikki ok
Reitin pituus: 13
(17, 5)
(17, 4)
(17, 3)
(16, 3)
(15, 3)
(14, 3)
(13, 3)
(12, 3)
(11, 3)
(10, 3)
(9, 3)
(8, 3)
(7, 3)
(6, 3)
kaikki ok
Reitin pituus: 7
(10, 18)
(10, 19)
(9, 19)
(8, 19)
(7, 19)
(6, 19)
(5, 19)
(4, 19)
kaikki ok
Reitin pituus: 16
(4, 14)
(4, 15)
(5, 15)
(6, 15)
(7, 15)
(8, 15)
(9, 15)
(10, 15)
(11, 15)
(12, 15)
(13, 15)
(14, 15)
(14, 16)
(14, 17)
(15, 17)
(16, 17)
(16, 16)
kaikki ok
Reitin pituus: 6
(8, 1)
(7, 1)
(6, 1)
(5, 1)
(4, 1)
(4, 2)
(4, 3)
kaikki ok
Reitin pituus: 15
(4, 11)
(4, 12)
(4, 13)
(5, 13)
(6, 13)
(7, 13)
(8, 13)
(8, 14)
(8, 15)
(9, 15)
(10, 15)
(11, 15)
(12, 15)
(12, 16)
(12, 17)
(11, 17)
kaikki ok
Reitin pituus: 9
(8, 5)
(7, 5)
(6, 5)
(6, 4)
(6, 3)
(7, 3)
(8, 3)
(9, 3)
(10, 3)
(11, 3)
kaikki ok
Reitin pituus: 9
(6, 9)
(5, 9)
(4, 9)
(4, 10)
(4, 11)
(4, 12)
(4, 13)
(4, 14)
(4, 15)
(4, 16)
kaikki ok
Reitin pituus: 12
(12, 7)
(12, 8)
(12, 9)
(13, 9)
(14, 9)
(14, 10)
(14, 11)
(14, 12)
(14, 13)
(14, 14)
(14, 15)
(13, 15)
(12, 15)
kaikki ok
Reitin pituus: 10
(9, 9)
(9, 8)
(9, 7)
(8, 7)
(8, 6)
(8, 5)
(7, 5)
(6, 5)
(6, 4)
(6, 3)
(7, 3)
kaikki ok
Reitin pituus: 15
(4, 17)
(4, 16)
(4, 15)
(5, 15)
(6, 15)
(7, 15)
(8, 15)
(9, 15)
(10, 15)
(10, 14)
(10, 13)
(11, 13)
(12, 13)
(13, 13)
(14, 13)
(14, 12)
kaikki ok
Reitin pituus: 9
(16, 5)
(15, 5)
(14, 5)
(14, 6)
(14, 7)
(14, 8)
(14, 9)
(13, 9)
(12, 9)
(12, 10)
kaikki ok
Reitin pituus: 8
(12, 10)
(12, 9)
(13, 9)
(14, 9)
(14, 8)
(14, 7)
(14, 6)
(14, 5)
(14, 4)
kaikki ok
Reitin pituus: 8
(13, 13)
(12, 13)
(12, 12)
(12, 11)
(12, 10)
(12, 9)
(12, 8)
(12, 7)
(11, 7)
kaikki ok
Reitin pituus: 30
(1, 3)
(2, 3)
(3, 3)
(4, 3)
(4, 4)
(4, 5)
(4, 6)
(4, 7)
(4, 8)
(4, 9)
(4, 10)
(4, 11)
(4, 12)
(4, 13)
(4, 14)
(4, 15)
(5, 15)
(6, 15)
(6, 16)
(6, 17)
(7, 17)
(8, 17)
(8, 18)
(8, 19)
(9, 19)
(10, 19)
(11, 19)
(12, 19)
(13, 19)
(14, 19)
(15, 19)
kaikki ok
Reitin pituus: 9
(1, 18)
(1, 17)
(2, 17)
(3, 17)
(4, 17)
(4, 16)
(4, 15)
(4, 14)
(4, 13)
(5, 13)
kaikki ok
Reitin pituus: 6
(5, 9)
(6, 9)
(6, 10)
(6, 11)
(7, 11)
(8, 11)
(9, 11)
kaikki ok
Reitin pituus: 19
(12, 5)
(11, 5)
(10, 5)
(10, 6)
(10, 7)
(11, 7)
(12, 7)
(12, 8)
(12, 9)
(12, 10)
(12, 11)
(12, 12)
(12, 13)
(11, 13)
(10, 13)
(10, 14)
(10, 15)
(9, 15)
(8, 15)
(7, 15)
kaikki ok
Reitin pituus: 22
(14, 2)
(14, 3)
(13, 3)
(12, 3)
(12, 4)
(12, 5)
(11, 5)
(10, 5)
(10, 6)
(10, 7)
(9, 7)
(8, 7)
(7, 7)
(6, 7)
(6, 8)
(6, 9)
(6, 10)
(6, 11)
(6, 12)
(6, 13)
(5, 13)
(4, 13)
(3, 13)
kaikki ok
Reitin pituus: 11
(12, 3)
(12, 4)
(12, 5)
(11, 5)
(10, 5)
(10, 6)
(10, 7)
(9, 7)
(8, 7)
(7, 7)
(6, 7)
(6, 8)
kaikki ok
Reitin pituus: 9
(14, 9)
(13, 9)
(12, 9)
(12, 10)
(12, 11)
(12, 12)
(12, 13)
(11, 13)
(10, 13)
(10, 14)
kaikki ok
Reitin pituus: 12
(11, 5)
(12, 5)
(12, 4)
(12, 3)
(11, 3)
(10, 3)
(9, 3)
(8, 3)
(7, 3)
(6, 3)
(5, 3)
(4, 3)
(4, 4)
kaikki ok
Reitin pituus: 7
(15, 5)
(14, 5)
(14, 4)
(14, 3)
(13, 3)
(12, 3)
(12, 4)
(12, 5)
kaikki ok
Reitin pituus: 23
(15, 1)
(14, 1)
(14, 2)
(14, 3)
(14, 4)
(14, 5)
(14, 6)
(14, 7)
(14, 8)
(14, 9)
(13, 9)
(12, 9)
(12, 10)
(12, 11)
(12, 12)
(12, 13)
(11, 13)
(10, 13)
(10, 14)
(10, 15)
(9, 15)
(8, 15)
(7, 15)
(6, 15)
kaikki ok
Reitin pituus: 15
(12, 9)
(12, 8)
(12, 7)
(11, 7)
(10, 7)
(9, 7)
(8, 7)
(8, 6)
(8, 5)
(7, 5)
(6, 5)
(6, 4)
(6, 3)
(5, 3)
(4, 3)
(4, 2)
kaikki ok
Reitin pituus: 23
(2, 19)
(1, 19)
(1, 18)
(1, 17)
(2, 17)
(3, 17)
(4, 17)
(4, 16)
(4, 15)
(4, 14)
(4, 13)
(4, 12)
(4, 11)
(4, 10)
(4, 9)
(4, 8)
(4, 7)
(4, 6)
(4, 5)
(4, 4)
(4, 3)
(3, 3)
(2, 3)
(1, 3)
kaikki ok
Reitin pituus: 8
(2, 5)
(3, 5)
(4, 5)
(4, 6)
(4, 7)
(4, 8)
(4, 9)
(5, 9)
(6, 9)
kaikki ok
Reitin pituus: 14
(6, 7)
(6, 8)
(6, 9)
(5, 9)
(4, 9)
(4, 8)
(4, 7)
(4, 6)
(4, 5)
(4, 4)
(4, 3)
(4, 2)
(4, 1)
(5, 1)
(6, 1)
kaikki ok
Reitin pituus: 10
(10, 13)
(10, 14)
(10, 15)
(9, 15)
(8, 15)
(7, 15)
(6, 15)
(5, 15)
(4, 15)
(4, 16)
(4, 17)
kaikki ok
Reitin pituus: 27
(7, 19)
(8, 19)
(8, 18)
(8, 17)
(7, 17)
(6, 17)
(6, 16)
(6, 15)
(5, 15)
(4, 15)
(4, 14)
(4, 13)
(4, 12)
(4, 11)
(4, 10)
(4, 9)
(4, 8)
(4, 7)
(4, 6)
(4, 5)
(4, 4)
(4, 3)
(4, 2)
(4, 1)
(5, 1)
(6, 1)
(7, 1)
(8, 1)
kaikki ok
Reitin pituus: 20
(17, 13)
(16, 13)
(15, 13)
(14, 13)
(14, 14)
(14, 15)
(13, 15)
(12, 15)
(12, 16)
(12, 17)
(11, 17)
(10, 17)
(10, 18)
(10, 19)
(9, 19)
(8, 19)
(7, 19)
(6, 19)
(5, 19)
(4, 19)
(3, 19)
kaikki ok
Reitin pituus: 8
(12, 4)
(12, 3)
(11, 3)
(10, 3)
(9, 3)
(8, 3)
(7, 3)
(6, 3)
(5, 3)
kaikki ok
Reitin pituus: 13
(3, 5)
(4, 5)
(4, 4)
(4, 3)
(5, 3)
(6, 3)
(6, 4)
(6, 5)
(7, 5)
(8, 5)
(8, 6)
(8, 7)
(9, 7)
(9, 8)
kaikki ok
Reitin pituus: 23
(17, 19)
(17, 18)
(17, 17)
(16, 17)
(15, 17)
(14, 17)
(14, 16)
(14, 15)
(14, 14)
(14, 13)
(14, 12)
(14, 11)
(14, 10)
(14, 9)
(14, 8)
(14, 7)
(14, 6)
(14, 5)
(14, 4)
(14, 3)
(14, 2)
(14, 1)
(15, 1)
(16, 1)
kaikki ok
Reitin pituus: 29
(4, 1)
(4, 2)
(4, 3)
(4, 4)
(4, 5)
(4, 6)
(4, 7)
(4, 8)
(4, 9)
(4, 10)
(4, 11)
(4, 12)
(4, 13)
(4, 14)
(4, 15)
(5, 15)
(6, 15)
(6, 16)
(6, 17)
(7, 17)
(8, 17)
(8, 18)
(8, 19)
(9, 19)
(10, 19)
(11, 19)
(12, 19)
(13, 19)
(14, 19)
(15, 19)
kaikki ok
Reitin pituus: 22
(14, 13)
(13, 13)
(12, 13)
(12, 12)
(12, 11)
(11, 11)
(10, 11)
(9, 11)
(8, 11)
(7, 11)
(6, 11)
(6, 10)
(6, 9)
(5, 9)
(4, 9)
(4, 8)
(4, 7)
(4, 6)
(4, 5)
(3, 5)
(2, 5)
(1, 5)
(1, 4)
kaikki ok
Reitin pituus: 3
(4, 1)
(4, 2)
(4, 3)
(4, 4)
kaikki ok
Reitin pituus: 6
(14, 9)
(14, 10)
(14, 11)
(14, 12)
(14, 13)
(15, 13)
(16, 13)
kaikki ok
Reitin pituus: 19
(14, 11)
(14, 10)
(14, 9)
(14, 8)
(14, 7)
(14, 6)
(14, 5)
(14, 4)
(14, 3)
(13, 3)
(12, 3)
(11, 3)
(10, 3)
(9, 3)
(8, 3)
(8, 2)
(8, 1)
(7, 1)
(6, 1)
(5, 1)
kaikki ok
Reitin pituus: 9
(14, 19)
(13, 19)
(12, 19)
(11, 19)
(10, 19)
(10, 18)
(10, 17)
(11, 17)
(12, 17)
(12, 16)
kaikki ok
Reitin pituus: 18
(4, 7)
(4, 6)
(4, 5)
(4, 4)
(4, 3)
(5, 3)
(6, 3)
(7, 3)
(8, 3)
(9, 3)
(10, 3)
(11, 3)
(12, 3)
(13, 3)
(14, 3)
(15, 3)
(16, 3)
(17, 3)
(17, 4)
kaikki ok
Reitin pituus: 14
(2, 3)
(3, 3)
(4, 3)
(4, 4)
(4, 5)
(4, 6)
(4, 7)
(4, 8)
(4, 9)
(5, 9)
(6, 9)
(6, 10)
(6, 11)
(7, 11)
(8, 11)
kaikki ok
Reitin pituus: 9
(16, 17)
(17, 17)
(17, 18)
(17, 19)
(16, 19)
(15, 19)
(14, 19)
(13, 19)
(12, 19)
(11, 19)
kaikki ok
Reitin pituus: 24
(8, 18)
(8, 19)
(9, 19)
(10, 19)
(10, 18)
(10, 17)
(11, 17)
(12, 17)
(12, 16)
(12, 15)
(13, 15)
(14, 15)
(14, 14)
(14, 13)
(14, 12)
(14, 11)
(14, 10)
(14, 9)
(14, 8)
(14, 7)
(14, 6)
(14, 5)
(14, 4)
(14, 3)
(15, 3)
kaikki ok
Reitin pituus: 20
(17, 5)
(16, 5)
(15, 5)
(14, 5)
(14, 6)
(14, 7)
(14, 8)
(14, 9)
(14, 10)
(14, 11)
(14, 12)
(14, 13)
(14, 14)
(14, 15)
(13, 15)
(12, 15)
(11, 15)
(10, 15)
(9, 15)
(8, 15)
(8, 14)
kaikki ok
Reitin pituus: 16
(9, 3)
(10, 3)
(11, 3)
(12, 3)
(13, 3)
(14, 3)
(14, 4)
(14, 5)
(14, 6)
(14, 7)
(14, 8)
(14, 9)
(14, 10)
(14, 11)
(14, 12)
(14, 13)
(13, 13)
kaikki ok
Reitin pituus: 2
(8, 13)
(8, 14)
(8, 15)
kaikki ok
Reitin pituus: 12
(4, 2)
(4, 3)
(4, 4)
(4, 5)
(4, 6)
(4, 7)
(4, 8)
(4, 9)
(5, 9)
(6, 9)
(6, 10)
(6, 11)
(6, 12)
kaikki ok
Reitin pituus: 9
(14, 9)
(14, 10)
(14, 11)
(14, 12)
(14, 13)
(15, 13)
(16, 13)
(17, 13)
(17, 14)
(17, 15)
kaikki ok
Reitin pituus: 4
(4, 13)
(4, 14)
(4, 15)
(5, 15)
(6, 15)
kaikki ok
Reitin pituus: 8
(12, 7)
(11, 7)
(10, 7)
(9, 7)
(8, 7)
(8, 6)
(8, 5)
(7, 5)
(6, 5)
kaikki ok
Reitin pituus: 22
(4, 8)
(4, 9)
(4, 10)
(4, 11)
(4, 12)
(4, 13)
(4, 14)
(4, 15)
(5, 15)
(6, 15)
(6, 16)
(6, 17)
(7, 17)
(8, 17)
(8, 18)
(8, 19)
(9, 19)
(10, 19)
(11, 19)
(12, 19)
(13, 19)
(14, 19)
(15, 19)
kaikki ok
Reitin pituus: 15
(12, 4)
(12, 3)
(13, 3)
(14, 3)
(14, 4)
(14, 5)
(14, 6)
(14, 7)
(14, 8)
(14, 9)
(14, 10)
(14, 11)
(14, 12)
(14, 13)
(14, 14)
(14, 15)
kaikki ok
Reitin pituus: 5
(11, 19)
(12, 19)
(13, 19)
(14, 19)
(15, 19)
(16, 19)
kaikki ok
Reitin pituus: 9
(14, 13)
(14, 14)
(14, 15)
(13, 15)
(12, 15)
(11, 15)
(10, 15)
(9, 15)
(8, 15)
(8, 14)
kaikki ok
Reitin pituus: 8
(6, 8)
(6, 7)
(7, 7)
(8, 7)
(8, 6)
(8, 5)
(7, 5)
(6, 5)
(6, 4)
kaikki ok
Reitin pituus: 10
(10, 13)
(11, 13)
(12, 13)
(12, 12)
(12, 11)
(12, 10)
(12, 9)
(12, 8)
(12, 7)
(11, 7)
(10, 7)
kaikki ok
Reitin pituus: 24
(3, 3)
(4, 3)
(5, 3)
(6, 3)
(6, 4)
(6, 5)
(7, 5)
(8, 5)
(8, 6)
(8, 7)
(9, 7)
(10, 7)
(11, 7)
(12, 7)
(12, 8)
(12, 9)
(12, 10)
(12, 11)
(12, 12)
(12, 13)
(13, 13)
(14, 13)
(15, 13)
(16, 13)
(17, 13)
kaikki ok
Reitin pituus: 5
(6, 5)
(7, 5)
(8, 5)
(8, 6)
(8, 7)
(9, 7)
kaikki ok
Reitin pituus: 9
(12, 10)
(12, 9)
(12, 8)
(12, 7)
(11, 7)
(10, 7)
(9, 7)
(8, 7)
(8, 6)
(8, 5)
kaikki ok
Reitin pituus: 28
(3, 5)
(4, 5)
(4, 6)
(4, 7)
(4, 8)
(4, 9)
(5, 9)
(6, 9)
(6, 10)
(6, 11)
(6, 12)
(6, 13)
(7, 13)
(8, 13)
(8, 14)
(8, 15)
(9, 15)
(10, 15)
(11, 15)
(12, 15)
(13, 15)
(14, 15)
(14, 16)
(14, 17)
(15, 17)
(16, 17)
(17, 17)
(17, 18)
(17, 19)
kaikki ok
Reitin pituus: 10
(11, 13)
(12, 13)
(12, 12)
(12, 11)
(12, 10)
(12, 9)
(12, 8)
(12, 7)
(11, 7)
(10, 7)
(9, 7)
kaikki ok
Reitin pituus: 21
(1, 17)
(2, 17)
(3, 17)
(4, 17)
(4, 16)
(4, 15)
(4, 14)
(4, 13)
(4, 12)
(4, 11)
(4, 10)
(4, 9)
(4, 8)
(4, 7)
(4, 6)
(4, 5)
(4, 4)
(4, 3)
(5, 3)
(6, 3)
(6, 4)
(6, 5)
kaikki ok
Reitin pituus: 9
(10, 5)
(11, 5)
(12, 5)
(12, 4)
(12, 3)
(13, 3)
(14, 3)
(14, 2)
(14, 1)
(13, 1)
kaikki ok
Reitin pituus: 23
(17, 19)
(17, 18)
(17, 17)
(16, 17)
(15, 17)
(14, 17)
(14, 16)
(14, 15)
(14, 14)
(14, 13)
(14, 12)
(14, 11)
(14, 10)
(14, 9)
(14, 8)
(14, 7)
(14, 6)
(14, 5)
(14, 4)
(14, 3)
(14, 2)
(14, 1)
(13, 1)
(12, 1)
kaikki ok
Reitin pituus: 14
(17, 5)
(16, 5)
(15, 5)
(14, 5)
(14, 6)
(14, 7)
(14, 8)
(14, 9)
(14, 10)
(14, 11)
(14, 12)
(14, 13)
(14, 14)
(14, 15)
(13, 15)
kaikki ok
Reitin pituus: 25
(9, 19)
(10, 19)
(10, 18)
(10, 17)
(11, 17)
(12, 17)
(12, 16)
(12, 15)
(13, 15)
(14, 15)
(14, 14)
(14, 13)
(14, 12)
(14, 11)
(14, 10)
(14, 9)
(14, 8)
(14, 7)
(14, 6)
(14, 5)
(14, 4)
(14, 3)
(14, 2)
(14, 1)
(13, 1)
(12, 1)
kaikki ok
Reitin pituus: 18
(1, 2)
(1, 3)
(2, 3)
(3, 3)
(4, 3)
(5, 3)
(6, 3)
(7, 3)
(8, 3)
(9, 3)
(10, 3)
(11, 3)
(12, 3)
(13, 3)
(14, 3)
(15, 3)
(16, 3)
(17, 3)
(17, 4)
kaikki ok
Reitin pituus: 6
(2, 5)
(3, 5)
(4, 5)
(4, 4)
(4, 3)
(4, 2)
(4, 1)
kaikki ok
Reitin pituus: 9
(5, 9)
(4, 9)
(4, 8)
(4, 7)
(4, 6)
(4, 5)
(4, 4)
(4, 3)
(4, 2)
(4, 1)
kaikki ok
Reitin pituus: 20
(7, 1)
(6, 1)
(5, 1)
(4, 1)
(4, 2)
(4, 3)
(4, 4)
(4, 5)
(4, 6)
(4, 7)
(4, 8)
(4, 9)
(4, 10)
(4, 11)
(4, 12)
(4, 13)
(4, 14)
(4, 15)
(5, 15)
(6, 15)
(7, 15)
kaikki ok
Reitin pituus: 11
(14, 15)
(13, 15)
(12, 15)
(11, 15)
(10, 15)
(9, 15)
(8, 15)
(7, 15)
(6, 15)
(5, 15)
(4, 15)
(4, 16)
kaikki ok
Reitin pituus: 14
(5, 9)
(4, 9)
(4, 10)
(4, 11)
(4, 12)
(4, 13)
(4, 14)
(4, 15)
(5, 15)
(6, 15)
(6, 16)
(6, 17)
(7, 17)
(8, 17)
(8, 18)
kaikki ok
Reitin pituus: 25
(6, 3)
(6, 4)
(6, 5)
(7, 5)
(8, 5)
(8, 6)
(8, 7)
(9, 7)
(10, 7)
(11, 7)
(12, 7)
(12, 8)
(12, 9)
(13, 9)
(14, 9)
(14, 10)
(14, 11)
(14, 12)
(14, 13)
(14, 14)
(14, 15)
(14, 16)
(14, 17)
(15, 17)
(16, 17)
(17, 17)
kaikki ok
Reitin pituus: 21
(9, 8)
(9, 7)
(10, 7)
(11, 7)
(12, 7)
(12, 8)
(12, 9)
(13, 9)
(14, 9)
(14, 10)
(14, 11)
(14, 12)
(14, 13)
(14, 14)
(14, 15)
(14, 16)
(14, 17)
(15, 17)
(16, 17)
(17, 17)
(17, 18)
(17, 19)
kaikki ok
Reitin pituus: 11
(15, 13)
(14, 13)
(14, 14)
(14, 15)
(13, 15)
(12, 15)
(12, 16)
(12, 17)
(11, 17)
(10, 17)
(10, 18)
(10, 19)
kaikki ok
Reitin pituus: 8
(8, 2)
(8, 3)
(9, 3)
(10, 3)
(11, 3)
(12, 3)
(13, 3)
(14, 3)
(15, 3)
kaikki ok
Reitin pituus: 20
(10, 1)
(10, 2)
(10, 3)
(9, 3)
(8, 3)
(7, 3)
(6, 3)
(5, 3)
(4, 3)
(4, 4)
(4, 5)
(4, 6)
(4, 7)
(4, 8)
(4, 9)
(4, 10)
(4, 11)
(4, 12)
(4, 13)
(4, 14)
(4, 15)
kaikki ok
Reitin pituus: 18
(17, 18)
(17, 17)
(16, 17)
(15, 17)
(14, 17)
(14, 16)
(14, 15)
(13, 15)
(12, 15)
(11, 15)
(10, 15)
(9, 15)
(8, 15)
(8, 14)
(8, 13)
(7, 13)
(6, 13)
(6, 12)
(6, 11)
kaikki ok
Reitin pituus: 15
(12, 7)
(12, 8)
(12, 9)
(12, 10)
(12, 11)
(12, 12)
(12, 13)
(11, 13)
(10, 13)
(10, 14)
(10, 15)
(9, 15)
(8, 15)
(7, 15)
(6, 15)
(5, 15)
kaikki ok
Reitin pituus: 20
(3, 19)
(4, 19)
(5, 19)
(6, 19)
(7, 19)
(8, 19)
(9, 19)
(10, 19)
(10, 18)
(10, 17)
(11, 17)
(12, 17)
(12, 16)
(12, 15)
(13, 15)
(14, 15)
(14, 14)
(14, 13)
(15, 13)
(16, 13)
(17, 13)
kaikki ok
Reitin pituus: 18
(14, 6)
(14, 7)
(14, 8)
(14, 9)
(14, 10)
(14, 11)
(14, 12)
(14, 13)
(14, 14)
(14, 15)
(14, 16)
(14, 17)
(15, 17)
(16, 17)
(17, 17)
(17, 18)
(17, 19)
(16, 19)
(15, 19)
kaikki ok
Reitin pituus: 7
(6, 11)
(7, 11)
(8, 11)
(9, 11)
(10, 11)
(11, 11)
(12, 11)
(12, 10)
kaikki ok
Reitin pituus: 13
(10, 3)
(9, 3)
(8, 3)
(7, 3)
(6, 3)
(5, 3)
(4, 3)
(4, 4)
(4, 5)
(4, 6)
(4, 7)
(4, 8)
(4, 9)
(5, 9)
kaikki ok
Reitin pituus: 5
(11, 7)
(10, 7)
(9, 7)
(8, 7)
(8, 6)
(8, 5)
kaikki ok
Reitin pituus: 16
(4, 8)
(4, 9)
(4, 10)
(4, 11)
(4, 12)
(4, 13)
(4, 14)
(4, 15)
(4, 16)
(4, 17)
(3, 17)
(2, 17)
(1, 17)
(1, 18)
(1, 19)
(2, 19)
(3, 19)
kaikki ok
Reitin pituus: 4
(14, 4)
(14, 3)
(13, 3)
(12, 3)
(11, 3)
kaikki ok
Reitin pituus: 7
(14, 11)
(14, 12)
(14, 13)
(13, 13)
(12, 13)
(11, 13)
(10, 13)
(10, 14)
kaikki ok
Reitin pituus: 14
(14, 10)
(14, 11)
(14, 12)
(14, 13)
(14, 14)
(14, 15)
(13, 15)
(12, 15)
(11, 15)
(10, 15)
(9, 15)
(8, 15)
(7, 15)
(6, 15)
(5, 15)
kaikki ok
Reitin pituus: 2
(14, 10)
(14, 11)
(14, 12)
kaikki ok
Reitin pituus: 6
(11, 11)
(10, 11)
(9, 11)
(8, 11)
(7, 11)
(6, 11)
(6, 10)
kaikki ok
Reitin pituus: 2
(7, 19)
(8, 19)
(9, 19)
kaikki ok
Reitin pituus: 11
(14, 8)
(14, 9)
(13, 9)
(12, 9)
(12, 10)
(12, 11)
(11, 11)
(10, 11)
(9, 11)
(8, 11)
(7, 11)
(6, 11)
kaikki ok
Reitin pituus: 4
(9, 9)
(9, 8)
(9, 7)
(10, 7)
(10, 6)
kaikki ok
Reitin pituus: 2
(8, 19)
(9, 19)
(10, 19)
kaikki ok
Reitin pituus: 12
(7, 19)
(8, 19)
(8, 18)
(8, 17)
(7, 17)
(6, 17)
(6, 16)
(6, 15)
(5, 15)
(4, 15)
(4, 14)
(4, 13)
(5, 13)
kaikki ok
Reitin pituus: 18
(13, 1)
(14, 1)
(14, 2)
(14, 3)
(14, 4)
(14, 5)
(14, 6)
(14, 7)
(14, 8)
(14, 9)
(14, 10)
(14, 11)
(14, 12)
(14, 13)
(13, 13)
(12, 13)
(11, 13)
(10, 13)
(10, 14)
kaikki ok
Reitin pituus: 8
(4, 6)
(4, 5)
(4, 4)
(4, 3)
(4, 2)
(4, 1)
(5, 1)
(6, 1)
(7, 1)
kaikki ok
Reitin pituus: 1
(16, 3)
(15, 3)
kaikki ok
Reitin pituus: 12
(10, 2)
(10, 3)
(11, 3)
(12, 3)
(13, 3)
(14, 3)
(14, 4)
(14, 5)
(14, 6)
(14, 7)
(14, 8)
(14, 9)
(13, 9)
kaikki ok
Reitin pituus: 14
(4, 11)
(4, 10)
(4, 9)
(5, 9)
(6, 9)
(6, 8)
(6, 7)
(7, 7)
(8, 7)
(9, 7)
(10, 7)
(11, 7)
(12, 7)
(12, 8)
(12, 9)
kaikki ok
Reitin pituus: 6
(6, 19)
(5, 19)
(4, 19)
(3, 19)
(2, 19)
(1, 19)
(1, 18)
kaikki ok
Reitin pituus: 9
(6, 13)
(6, 12)
(6, 11)
(7, 11)
(8, 11)
(9, 11)
(10, 11)
(11, 11)
(12, 11)
(12, 10)
kaikki ok
Reitin pituus: 2
(5, 13)
(4, 13)
(4, 12)
kaikki ok
Reitin pituus: 12
(8, 17)
(7, 17)
(6, 17)
(6, 16)
(6, 15)
(5, 15)
(4, 15)
(4, 14)
(4, 13)
(4, 12)
(4, 11)
(4, 10)
(4, 9)
kaikki ok
Reitin pituus: 8
(14, 8)
(14, 7)
(14, 6)
(14, 5)
(14, 4)
(14, 3)
(13, 3)
(12, 3)
(11, 3)
kaikki ok
Reitin pituus: 27
(17, 18)
(17, 17)
(16, 17)
(15, 17)
(14, 17)
(14, 16)
(14, 15)
(13, 15)
(12, 15)
(11, 15)
(10, 15)
(9, 15)
(8, 15)
(8, 14)
(8, 13)
(7, 13)
(6, 13)
(6, 12)
(6, 11)
(6, 10)
(6, 9)
(5, 9)
(4, 9)
(4, 8)
(4, 7)
(4, 6)
(4, 5)
(3, 5)
kaikki ok
Reitin pituus: 13
(11, 11)
(12, 11)
(12, 10)
(12, 9)
(13, 9)
(14, 9)
(14, 8)
(14, 7)
(14, 6)
(14, 5)
(14, 4)
(14, 3)
(13, 3)
(12, 3)
kaikki ok
Reitin pituus: 17
(5, 3)
(4, 3)
(4, 4)
(4, 5)
(4, 6)
(4, 7)
(4, 8)
(4, 9)
(4, 10)
(4, 11)
(4, 12)
(4, 13)
(4, 14)
(4, 15)
(5, 15)
(6, 15)
(6, 16)
(6, 17)
kaikki ok
Reitin pituus: 25
(8, 9)
(9, 9)
(9, 8)
(9, 7)
(10, 7)
(11, 7)
(12, 7)
(12, 8)
(12, 9)
(12, 10)
(12, 11)
(12, 12)
(12, 13)
(11, 13)
(10, 13)
(10, 14)
(10, 15)
(11, 15)
(12, 15)
(12, 16)
(12, 17)
(11, 17)
(10, 17)
(10, 18)
(10, 19)
(11, 19)
kaikki ok
Reitin pituus: 23
(15, 19)
(14, 19)
(13, 19)
(12, 19)
(11, 19)
(10, 19)
(9, 19)
(8, 19)
(8, 18)
(8, 17)
(7, 17)
(6, 17)
(6, 16)
(6, 15)
(5, 15)
(4, 15)
(4, 14)
(4, 13)
(4, 12)
(4, 11)
(4, 10)
(4, 9)
(4, 8)
(4, 7)
kaikki ok
Reitin pituus: 16
(11, 3)
(12, 3)
(12, 4)
(12, 5)
(11, 5)
(10, 5)
(10, 6)
(10, 7)
(11, 7)
(12, 7)
(12, 8)
(12, 9)
(12, 10)
(12, 11)
(12, 12)
(12, 13)
(11, 13)
kaikki ok
Reitin pituus: 24
(4, 3)
(4, 4)
(4, 5)
(4, 6)
(4, 7)
(4, 8)
(4, 9)
(4, 10)
(4, 11)
(4, 12)
(4, 13)
(4, 14)
(4, 15)
(5, 15)
(6, 15)
(6, 16)
(6, 17)
(7, 17)
(8, 17)
(8, 18)
(8, 19)
(9, 19)
(10, 19)
(10, 18)
(10, 17)
kaikki ok
Reitin pituus: 10
(4, 14)
(4, 15)
(5, 15)
(6, 15)
(6, 16)
(6, 17)
(7, 17)
(8, 17)
(8, 18)
(8, 19)
(7, 19)
kaikki ok
Reitin pituus: 15
(7, 17)
(6, 17)
(6, 16)
(6, 15)
(7, 15)
(8, 15)
(9, 15)
(10, 15)
(10, 14)
(10, 13)
(11, 13)
(12, 13)
(13, 13)
(14, 13)
(15, 13)
(16, 13)
kaikki ok
Reitin pituus: 28
(1, 18)
(1, 17)
(2, 17)
(3, 17)
(4, 17)
(4, 16)
(4, 15)
(5, 15)
(6, 15)
(7, 15)
(8, 15)
(9, 15)
(10, 15)
(10, 14)
(10, 13)
(11, 13)
(12, 13)
(12, 12)
(12, 11)
(12, 10)
(12, 9)
(13, 9)
(14, 9)
(14, 8)
(14, 7)
(14, 6)
(14, 5)
(15, 5)
(16, 5)
kaikki ok
Reitin pituus: 21
(17, 17)
(16, 17)
(15, 17)
(14, 17)
(14, 16)
(14, 15)
(14, 14)
(14, 13)
(13, 13)
(12, 13)
(12, 12)
(12, 11)
(12, 10)
(12, 9)
(12, 8)
(12, 7)
(11, 7)
(10, 7)
(9, 7)
(8, 7)
(8, 6)
(8, 5)
kaikki ok
Reitin pituus: 14
(10, 18)
(10, 17)
(11, 17)
(12, 17)
(12, 16)
(12, 15)
(11, 15)
(10, 15)
(10, 14)
(10, 13)
(11, 13)
(12, 13)
(12, 12)
(12, 11)
(12, 10)
kaikki ok
Reitin pituus: 6
(17, 3)
(16, 3)
(15, 3)
(14, 3)
(14, 2)
(14, 1)
(13, 1)
kaikki ok
Reitin pituus: 4
(8, 17)
(8, 18)
(8, 19)
(9, 19)
(10, 19)
kaikki ok
Reitin pituus: 1
(3, 1)
(4, 1)
kaikki ok
Reitin pituus: 8
(3, 5)
(4, 5)
(4, 4)
(4, 3)
(5, 3)
(6, 3)
(6, 4)
(6, 5)
(7, 5)
kaikki ok
Reitin pituus: 22
(4, 2)
(4, 3)
(5, 3)
(6, 3)
(6, 4)
(6, 5)
(7, 5)
(8, 5)
(8, 6)
(8, 7)
(9, 7)
(10, 7)
(11, 7)
(12, 7)
(12, 8)
(12, 9)
(12, 10)
(12, 11)
(12, 12)
(12, 13)
(13, 13)
(14, 13)
(14, 14)
kaikki ok
Reitin pituus: 18
(17, 3)
(16, 3)
(15, 3)
(14, 3)
(14, 4)
(14, 5)
(14, 6)
(14, 7)
(14, 8)
(14, 9)
(14, 10)
(14, 11)
(14, 12)
(14, 13)
(13, 13)
(12, 13)
(11, 13)
(10, 13)
(10, 14)
kaikki ok
Reitin pituus: 6
(12, 17)
(11, 17)
(10, 17)
(10, 18)
(10, 19)
(9, 19)
(8, 19)
kaikki ok
Reitin pituus: 14
(11, 5)
(10, 5)
(10, 6)
(10, 7)
(9, 7)
(8, 7)
(7, 7)
(6, 7)
(6, 8)
(6, 9)
(6, 10)
(6, 11)
(6, 12)
(6, 13)
(5, 13)
kaikki ok
Reitin pituus: 16
(9, 15)
(8, 15)
(8, 14)
(8, 13)
(7, 13)
(6, 13)
(6, 12)
(6, 11)
(6, 10)
(6, 9)
(6, 8)
(6, 7)
(7, 7)
(8, 7)
(9, 7)
(9, 8)
(9, 9)
kaikki ok
Reitin pituus: 12
(3, 17)
(4, 17)
(4, 16)
(4, 15)
(4, 14)
(4, 13)
(5, 13)
(6, 13)
(6, 12)
(6, 11)
(7, 11)
(8, 11)
(9, 11)
kaikki ok
Reitin pituus: 3
(14, 4)
(14, 5)
(14, 6)
(14, 7)
kaikki ok
Reitin pituus: 9
(4, 8)
(4, 7)
(4, 6)
(4, 5)
(4, 4)
(4, 3)
(3, 3)
(2, 3)
(1, 3)
(1, 2)
kaikki ok
Reitin pituus: 12
(9, 9)
(9, 8)
(9, 7)
(8, 7)
(8, 6)
(8, 5)
(7, 5)
(6, 5)
(6, 4)
(6, 3)
(5, 3)
(4, 3)
(4, 4)
kaikki ok
Reitin pituus: 12
(6, 11)
(6, 10)
(6, 9)
(5, 9)
(4, 9)
(4, 8)
(4, 7)
(4, 6)
(4, 5)
(3, 5)
(2, 5)
(1, 5)
(1, 4)
kaikki ok
Reitin pituus: 7
(9, 15)
(8, 15)
(7, 15)
(6, 15)
(6, 16)
(6, 17)
(7, 17)
(8, 17)
kaikki ok
Reitin pituus: 7
(12, 13)
(12, 12)
(12, 11)
(11, 11)
(10, 11)
(9, 11)
(8, 11)
(7, 11)
kaikki ok
Reitin pituus: 7
(15, 19)
(16, 19)
(17, 19)
(17, 18)
(17, 17)
(16, 17)
(15, 17)
(14, 17)
kaikki ok
Reitin pituus: 18
(10, 5)
(10, 6)
(10, 7)
(11, 7)
(12, 7)
(12, 8)
(12, 9)
(13, 9)
(14, 9)
(14, 10)
(14, 11)
(14, 12)
(14, 13)
(15, 13)
(16, 13)
(17, 13)
(17, 14)
(17, 15)
(16, 15)
kaikki ok
Reitin pituus: 4
(6, 4)
(6, 3)
(5, 3)
(4, 3)
(4, 2)
kaikki ok
Reitin pituus: 9
(14, 4)
(14, 5)
(14, 6)
(14, 7)
(14, 8)
(14, 9)
(13, 9)
(12, 9)
(12, 8)
(12, 7)
kaikki ok
Reitin pituus: 8
(1, 3)
(2, 3)
(3, 3)
(4, 3)
(5, 3)
(6, 3)
(7, 3)
(8, 3)
(9, 3)
kaikki ok
Reitin pituus: 8
(4, 14)
(4, 15)
(5, 15)
(6, 15)
(7, 15)
(8, 15)
(9, 15)
(10, 15)
(11, 15)
kaikki ok
Reitin pituus: 17
(14, 10)
(14, 11)
(14, 12)
(14, 13)
(14, 14)
(14, 15)
(13, 15)
(12, 15)
(12, 16)
(12, 17)
(11, 17)
(10, 17)
(10, 18)
(10, 19)
(9, 19)
(8, 19)
(7, 19)
(6, 19)
kaikki ok
Reitin pituus: 9
(6, 15)
(5, 15)
(4, 15)
(4, 14)
(4, 13)
(5, 13)
(6, 13)
(6, 12)
(6, 11)
(6, 10)
kaikki ok
Reitin pituus: 12
(15, 13)
(16, 13)
(17, 13)
(17, 14)
(17, 15)
(16, 15)
(16, 16)
(16, 17)
(17, 17)
(17, 18)
(17, 19)
(16, 19)
(15, 19)
kaikki ok
Reitin pituus: 14
(1, 3)
(2, 3)
(3, 3)
(4, 3)
(5, 3)
(6, 3)
(6, 4)
(6, 5)
(7, 5)
(8, 5)
(8, 6)
(8, 7)
(9, 7)
(9, 8)
(9, 9)
kaikki ok
Reitin pituus: 21
(9, 8)
(9, 7)
(8, 7)
(7, 7)
(6, 7)
(6, 8)
(6, 9)
(5, 9)
(4, 9)
(4, 10)
(4, 11)
(4, 12)
(4, 13)
(4, 14)
(4, 15)
(5, 15)
(6, 15)
(6, 16)
(6, 17)
(7, 17)
(8, 17)
(8, 18)
kaikki ok
Reitin pituus: 18
(9, 11)
(10, 11)
(11, 11)
(12, 11)
(12, 10)
(12, 9)
(13, 9)
(14, 9)
(14, 8)
(14, 7)
(14, 6)
(14, 5)
(14, 4)
(14, 3)
(13, 3)
(12, 3)
(11, 3)
(10, 3)
(10, 2)
kaikki ok
Reitin pituus: 1
(8, 6)
(8, 7)
kaikki ok
Reitin pituus: 16
(17, 17)
(16, 17)
(15, 17)
(14, 17)
(14, 16)
(14, 15)
(14, 14)
(14, 13)
(14, 12)
(14, 11)
(14, 10)
(14, 9)
(14, 8)
(14, 7)
(14, 6)
(14, 5)
(14, 4)
kaikki ok
Reitin pituus: 13
(8, 7)
(9, 7)
(10, 7)
(10, 6)
(10, 5)
(11, 5)
(12, 5)
(12, 4)
(12, 3)
(13, 3)
(14, 3)
(15, 3)
(16, 3)
(17, 3)
kaikki ok
Reitin pituus: 15
(15, 5)
(14, 5)
(14, 6)
(14, 7)
(14, 8)
(14, 9)
(13, 9)
(12, 9)
(12, 8)
(12, 7)
(11, 7)
(10, 7)
(9, 7)
(8, 7)
(8, 6)
(8, 5)
kaikki ok
Reitin pituus: 14
(14, 12)
(14, 11)
(14, 10)
(14, 9)
(14, 8)
(14, 7)
(14, 6)
(14, 5)
(14, 4)
(14, 3)
(13, 3)
(12, 3)
(11, 3)
(10, 3)
(9, 3)
kaikki ok
Reitin pituus: 9
(8, 7)
(9, 7)
(10, 7)
(10, 6)
(10, 5)
(11, 5)
(12, 5)
(12, 4)
(12, 3)
(11, 3)
kaikki ok
Reitin pituus: 20
(5, 19)
(6, 19)
(7, 19)
(8, 19)
(9, 19)
(10, 19)
(10, 18)
(10, 17)
(11, 17)
(12, 17)
(12, 16)
(12, 15)
(13, 15)
(14, 15)
(14, 14)
(14, 13)
(14, 12)
(14, 11)
(14, 10)
(14, 9)
(13, 9)
kaikki ok
Reitin pituus: 26
(6, 19)
(7, 19)
(8, 19)
(8, 18)
(8, 17)
(7, 17)
(6, 17)
(6, 16)
(6, 15)
(5, 15)
(4, 15)
(4, 14)
(4, 13)
(4, 12)
(4, 11)
(4, 10)
(4, 9)
(4, 8)
(4, 7)
(4, 6)
(4, 5)
(3, 5)
(2, 5)
(1, 5)
(1, 4)
(1, 3)
(1, 2)
kaikki ok
Reitin pituus: 9
(15, 5)
(14, 5)
(14, 4)
(14, 3)
(13, 3)
(12, 3)
(12, 4)
(12, 5)
(11, 5)
(10, 5)
kaikki ok
Reitin pituus: 6
(15, 19)
(16, 19)
(17, 19)
(17, 18)
(17, 17)
(16, 17)
(15, 17)
kaikki ok
Reitin pituus: 27
(6, 1)
(5, 1)
(4, 1)
(4, 2)
(4, 3)
(4, 4)
(4, 5)
(4, 6)
(4, 7)
(4, 8)
(4, 9)
(4, 10)
(4, 11)
(4, 12)
(4, 13)
(4, 14)
(4, 15)
(5, 15)
(6, 15)
(6, 16)
(6, 17)
(7, 17)
(8, 17)
(8, 18)
(8, 19)
(9, 19)
(10, 19)
(10, 18)
kaikki ok
Reitin pituus: 6
(6, 12)
(6, 13)
(5, 13)
(4, 13)
(4, 12)
(4, 11)
(4, 10)
kaikki ok
Reitin pituus: 18
(17, 3)
(16, 3)
(15, 3)
(14, 3)
(14, 4)
(14, 5)
(14, 6)
(14, 7)
(14, 8)
(14, 9)
(14, 10)
(14, 11)
(14, 12)
(14, 13)
(14, 14)
(14, 15)
(13, 15)
(12, 15)
(11, 15)
kaikki ok
Reitin pituus: 12
(12, 8)
(12, 7)
(11, 7)
(10, 7)
(10, 6)
(10, 5)
(11, 5)
(12, 5)
(12, 4)
(12, 3)
(11, 3)
(10, 3)
(10, 2)
kaikki ok
Reitin pituus: 15
(1, 13)
(2, 13)
(3, 13)
(4, 13)
(4, 12)
(4, 11)
(4, 10)
(4, 9)
(4, 8)
(4, 7)
(4, 6)
(4, 5)
(4, 4)
(4, 3)
(4, 2)
(4, 1)
kaikki ok
Reitin pituus: 20
(9, 3)
(8, 3)
(7, 3)
(6, 3)
(5, 3)
(4, 3)
(4, 4)
(4, 5)
(4, 6)
(4, 7)
(4, 8)
(4, 9)
(4, 10)
(4, 11)
(4, 12)
(4, 13)
(4, 14)
(4, 15)
(5, 15)
(6, 15)
(7, 15)
kaikki ok
Reitin pituus: 11
(17, 14)
(17, 13)
(16, 13)
(15, 13)
(14, 13)
(13, 13)
(12, 13)
(12, 12)
(12, 11)
(11, 11)
(10, 11)
(9, 11)
kaikki ok
Reitin pituus: 20
(8, 17)
(7, 17)
(6, 17)
(6, 16)
(6, 15)
(5, 15)
(4, 15)
(4, 14)
(4, 13)
(4, 12)
(4, 11)
(4, 10)
(4, 9)
(4, 8)
(4, 7)
(4, 6)
(4, 5)
(4, 4)
(4, 3)
(4, 2)
(4, 1)
kaikki ok
Reitin pituus: 11
(11, 15)
(10, 15)
(9, 15)
(8, 15)
(8, 14)
(8, 13)
(7, 13)
(6, 13)
(6, 12)
(6, 11)
(6, 10)
(6, 9)
kaikki ok
Reitin pituus: 17
(6, 3)
(5, 3)
(4, 3)
(4, 4)
(4, 5)
(4, 6)
(4, 7)
(4, 8)
(4, 9)
(4, 10)
(4, 11)
(4, 12)
(4, 13)
(3, 13)
(2, 13)
(1, 13)
(1, 14)
(1, 15)
kaikki ok
Reitin pituus: 15
(8, 3)
(7, 3)
(6, 3)
(5, 3)
(4, 3)
(4, 4)
(4, 5)
(4, 6)
(4, 7)
(4, 8)
(4, 9)
(4, 10)
(4, 11)
(4, 12)
(4, 13)
(5, 13)
kaikki ok
Reitin pituus: 9
(4, 7)
(4, 8)
(4, 9)
(5, 9)
(6, 9)
(6, 8)
(6, 7)
(7, 7)
(8, 7)
(9, 7)
kaikki ok
Reitin pituus: 18
(3, 5)
(4, 5)
(4, 4)
(4, 3)
(5, 3)
(6, 3)
(7, 3)
(8, 3)
(9, 3)
(10, 3)
(11, 3)
(12, 3)
(13, 3)
(14, 3)
(14, 4)
(14, 5)
(14, 6)
(14, 7)
(14, 8)
kaikki ok
Reitin pituus: 14
(12, 16)
(12, 17)
(11, 17)
(10, 17)
(10, 18)
(10, 19)
(9, 19)
(8, 19)
(7, 19)
(6, 19)
(5, 19)
(4, 19)
(3, 19)
(2, 19)
(1, 19)
kaikki ok
Reitin pituus: 15
(7, 3)
(6, 3)
(6, 4)
(6, 5)
(7, 5)
(8, 5)
(8, 6)
(8, 7)
(9, 7)
(10, 7)
(11, 7)
(12, 7)
(12, 8)
(12, 9)
(12, 10)
(12, 11)
kaikki ok
Reitin pituus: 23
(10, 15)
(10, 14)
(10, 13)
(11, 13)
(12, 13)
(12, 12)
(12, 11)
(12, 10)
(12, 9)
(12, 8)
(12, 7)
(11, 7)
(10, 7)
(10, 6)
(10, 5)
(11, 5)
(12, 5)
(12, 4)
(12, 3)
(11, 3)
(10, 3)
(9, 3)
(8, 3)
(8, 2)
kaikki ok
Reitin pituus: 14
(6, 17)
(6, 16)
(6, 15)
(7, 15)
(8, 15)
(9, 15)
(10, 15)
(10, 14)
(10, 13)
(11, 13)
(12, 13)
(12, 12)
(12, 11)
(11, 11)
(10, 11)
kaikki ok
Reitin pituus: 6
(4, 11)
(4, 10)
(4, 9)
(5, 9)
(6, 9)
(6, 8)
(6, 7)
kaikki ok
Reitin pituus: 16
(8, 5)
(8, 6)
(8, 7)
(9, 7)
(10, 7)
(11, 7)
(12, 7)
(12, 8)
(12, 9)
(12, 10)
(12, 11)
(12, 12)
(12, 13)
(13, 13)
(14, 13)
(14, 14)
(14, 15)
kaikki ok
Reitin pituus: 16
(5, 15)
(6, 15)
(6, 16)
(6, 17)
(7, 17)
(8, 17)
(8, 18)
(8, 19)
(9, 19)
(10, 19)
(11, 19)
(12, 19)
(13, 19)
(14, 19)
(15, 19)
(16, 19)
(17, 19)
kaikki ok
Reitin pituus: 10
(8, 3)
(9, 3)
(10, 3)
(10, 2)
(10, 1)
(11, 1)
(12, 1)
(13, 1)
(14, 1)
(15, 1)
(16, 1)
kaikki ok
Reitin pituus: 12
(14, 16)
(14, 15)
(13, 15)
(12, 15)
(11, 15)
(10, 15)
(9, 15)
(8, 15)
(8, 14)
(8, 13)
(7, 13)
(6, 13)
(5, 13)
kaikki ok
Reitin pituus: 18
(14, 12)
(14, 13)
(13, 13)
(12, 13)
(12, 12)
(12, 11)
(11, 11)
(10, 11)
(9, 11)
(8, 11)
(7, 11)
(6, 11)
(6, 12)
(6, 13)
(5, 13)
(4, 13)
(3, 13)
(2, 13)
(1, 13)
kaikki ok
Reitin pituus: 17
(16, 5)
(15, 5)
(14, 5)
(14, 6)
(14, 7)
(14, 8)
(14, 9)
(13, 9)
(12, 9)
(12, 8)
(12, 7)
(11, 7)
(10, 7)
(9, 7)
(8, 7)
(7, 7)
(6, 7)
(6, 8)
kaikki ok
Reitin pituus: 15
(4, 4)
(4, 3)
(5, 3)
(6, 3)
(7, 3)
(8, 3)
(9, 3)
(10, 3)
(11, 3)
(12, 3)
(13, 3)
(14, 3)
(15, 3)
(16, 3)
(17, 3)
(17, 4)
kaikki ok
Reitin pituus: 22
(9, 19)
(8, 19)
(8, 18)
(8, 17)
(7, 17)
(6, 17)
(6, 16)
(6, 15)
(5, 15)
(4, 15)
(4, 14)
(4, 13)
(4, 12)
(4, 11)
(4, 10)
(4, 9)
(4, 8)
(4, 7)
(4, 6)
(4, 5)
(4, 4)
(4, 3)
(4, 2)
kaikki ok
Reitin pituus: 3
(4, 3)
(4, 2)
(4, 1)
(5, 1)
kaikki ok
Reitin pituus: 15
(10, 5)
(11, 5)
(12, 5)
(12, 4)
(12, 3)
(11, 3)
(10, 3)
(9, 3)
(8, 3)
(8, 2)
(8, 1)
(7, 1)
(6, 1)
(5, 1)
(4, 1)
(3, 1)
kaikki ok
Reitin pituus: 24
(14, 2)
(14, 3)
(14, 4)
(14, 5)
(14, 6)
(14, 7)
(14, 8)
(14, 9)
(14, 10)
(14, 11)
(14, 12)
(14, 13)
(14, 14)
(14, 15)
(13, 15)
(12, 15)
(12, 16)
(12, 17)
(11, 17)
(10, 17)
(10, 18)
(10, 19)
(9, 19)
(8, 19)
(8, 18)
kaikki ok
Reitin pituus: 9
(11, 5)
(10, 5)
(10, 6)
(10, 7)
(9, 7)
(8, 7)
(7, 7)
(6, 7)
(6, 8)
(6, 9)
kaikki ok
Reitin pituus: 15
(10, 14)
(10, 15)
(11, 15)
(12, 15)
(12, 16)
(12, 17)
(11, 17)
(10, 17)
(10, 18)
(10, 19)
(9, 19)
(8, 19)
(7, 19)
(6, 19)
(5, 19)
(4, 19)
kaikki ok
Reitin pituus: 13
(11, 13)
(12, 13)
(12, 12)
(12, 11)
(11, 11)
(10, 11)
(9, 11)
(8, 11)
(7, 11)
(6, 11)
(6, 10)
(6, 9)
(5, 9)
(4, 9)
kaikki ok
Reitin pituus: 16
(6, 7)
(6, 8)
(6, 9)
(6, 10)
(6, 11)
(6, 12)
(6, 13)
(7, 13)
(8, 13)
(8, 14)
(8, 15)
(9, 15)
(10, 15)
(11, 15)
(12, 15)
(13, 15)
(14, 15)
kaikki ok
Reitin pituus: 16
(10, 17)
(11, 17)
(12, 17)
(12, 16)
(12, 15)
(11, 15)
(10, 15)
(9, 15)
(8, 15)
(7, 15)
(6, 15)
(5, 15)
(4, 15)
(4, 14)
(4, 13)
(3, 13)
(2, 13)
kaikki ok
Reitin pituus: 11
(10, 13)
(10, 14)
(10, 15)
(9, 15)
(8, 15)
(7, 15)
(6, 15)
(6, 16)
(6, 17)
(7, 17)
(8, 17)
(8, 18)
kaikki ok
Reitin pituus: 9
(3, 13)
(4, 13)
(4, 14)
(4, 15)
(5, 15)
(6, 15)
(6, 16)
(6, 17)
(7, 17)
(8, 17)
kaikki ok
Reitin pituus: 15
(3, 1)
(4, 1)
(4, 2)
(4, 3)
(4, 4)
(4, 5)
(4, 6)
(4, 7)
(4, 8)
(4, 9)
(5, 9)
(6, 9)
(6, 10)
(6, 11)
(6, 12)
(6, 13)
kaikki ok
Reitin pituus: 12
(2, 16)
(2, 17)
(1, 17)
(1, 18)
(1, 19)
(2, 19)
(3, 19)
(4, 19)
(5, 19)
(6, 19)
(7, 19)
(8, 19)
(9, 19)
kaikki ok
Reitin pituus: 16
(2, 17)
(3, 17)
(4, 17)
(4, 16)
(4, 15)
(4, 14)
(4, 13)
(4, 12)
(4, 11)
(4, 10)
(4, 9)
(5, 9)
(6, 9)
(6, 8)
(6, 7)
(7, 7)
(8, 7)
kaikki ok
Reitin pituus: 15
(5, 15)
(4, 15)
(4, 14)
(4, 13)
(4, 12)
(4, 11)
(4, 10)
(4, 9)
(4, 8)
(4, 7)
(4, 6)
(4, 5)
(3, 5)
(2, 5)
(1, 5)
(1, 4)
kaikki ok
Reitin pituus: 18
(7, 15)
(8, 15)
(9, 15)
(10, 15)
(11, 15)
(12, 15)
(13, 15)
(14, 15)
(14, 14)
(14, 13)
(14, 12)
(14, 11)
(14, 10)
(14, 9)
(14, 8)
(14, 7)
(14, 6)
(14, 5)
(15, 5)
kaikki ok
Reitin pituus: 19
(2, 19)
(3, 19)
(4, 19)
(5, 19)
(6, 19)
(7, 19)
(8, 19)
(9, 19)
(10, 19)
(11, 19)
(12, 19)
(13, 19)
(14, 19)
(15, 19)
(16, 19)
(17, 19)
(17, 18)
(17, 17)
(16, 17)
(16, 16)
kaikki ok
Reitin pituus: 29
(17, 3)
(16, 3)
(15, 3)
(14, 3)
(13, 3)
(12, 3)
(12, 4)
(12, 5)
(11, 5)
(10, 5)
(10, 6)
(10, 7)
(9, 7)
(8, 7)
(7, 7)
(6, 7)
(6, 8)
(6, 9)
(6, 10)
(6, 11)
(6, 12)
(6, 13)
(5, 13)
(4, 13)
(3, 13)
(2, 13)
(1, 13)
(1, 14)
(1, 15)
(2, 15)
kaikki ok
Reitin pituus: 19
(9, 11)
(8, 11)
(7, 11)
(6, 11)
(6, 12)
(6, 13)
(5, 13)
(4, 13)
(4, 14)
(4, 15)
(4, 16)
(4, 17)
(3, 17)
(2, 17)
(1, 17)
(1, 18)
(1, 19)
(2, 19)
(3, 19)
(4, 19)
kaikki ok
Reitin pituus: 22
(4, 16)
(4, 15)
(5, 15)
(6, 15)
(7, 15)
(8, 15)
(9, 15)
(10, 15)
(10, 14)
(10, 13)
(11, 13)
(12, 13)
(12, 12)
(12, 11)
(12, 10)
(12, 9)
(13, 9)
(14, 9)
(14, 8)
(14, 7)
(14, 6)
(14, 5)
(15, 5)
kaikki ok
Reitin pituus: 13
(16, 13)
(15, 13)
(14, 13)
(13, 13)
(12, 13)
(12, 12)
(12, 11)
(11, 11)
(10, 11)
(9, 11)
(8, 11)
(7, 11)
(6, 11)
(6, 10)
kaikki ok
Reitin pituus: 17
(5, 15)
(4, 15)
(4, 14)
(4, 13)
(4, 12)
(4, 11)
(4, 10)
(4, 9)
(4, 8)
(4, 7)
(4, 6)
(4, 5)
(4, 4)
(4, 3)
(4, 2)
(4, 1)
(3, 1)
(2, 1)
kaikki ok
Reitin pituus: 30
(1, 3)
(2, 3)
(3, 3)
(4, 3)
(5, 3)
(6, 3)
(7, 3)
(8, 3)
(9, 3)
(10, 3)
(11, 3)
(12, 3)
(13, 3)
(14, 3)
(14, 4)
(14, 5)
(14, 6)
(14, 7)
(14, 8)
(14, 9)
(14, 10)
(14, 11)
(14, 12)
(14, 13)
(14, 14)
(14, 15)
(14, 16)
(14, 17)
(15, 17)
(16, 17)
(16, 16)
kaikki ok
Reitin pituus: 16
(14, 9)
(14, 10)
(14, 11)
(14, 12)
(14, 13)
(14, 14)
(14, 15)
(13, 15)
(12, 15)
(11, 15)
(10, 15)
(9, 15)
(8, 15)
(7, 15)
(6, 15)
(6, 16)
(6, 17)
kaikki ok
Reitin pituus: 20
(4, 2)
(4, 3)
(5, 3)
(6, 3)
(6, 4)
(6, 5)
(7, 5)
(8, 5)
(8, 6)
(8, 7)
(9, 7)
(10, 7)
(11, 7)
(12, 7)
(12, 8)
(12, 9)
(12, 10)
(12, 11)
(12, 12)
(12, 13)
(13, 13)
kaikki ok
Reitin pituus: 14
(8, 17)
(8, 18)
(8, 19)
(9, 19)
(10, 19)
(11, 19)
(12, 19)
(13, 19)
(14, 19)
(15, 19)
(16, 19)
(17, 19)
(17, 18)
(17, 17)
(16, 17)
kaikki ok
Reitin pituus: 15
(4, 15)
(4, 14)
(4, 13)
(4, 12)
(4, 11)
(4, 10)
(4, 9)
(5, 9)
(6, 9)
(6, 8)
(6, 7)
(7, 7)
(8, 7)
(8, 6)
(8, 5)
(7, 5)
kaikki ok
Reitin pituus: 22
(9, 3)
(10, 3)
(11, 3)
(12, 3)
(13, 3)
(14, 3)
(14, 4)
(14, 5)
(14, 6)
(14, 7)
(14, 8)
(14, 9)
(14, 10)
(14, 11)
(14, 12)
(14, 13)
(14, 14)
(14, 15)
(14, 16)
(14, 17)
(15, 17)
(16, 17)
(17, 17)
kaikki ok
Reitin pituus: 22
(7, 1)
(6, 1)
(5, 1)
(4, 1)
(4, 2)
(4, 3)
(4, 4)
(4, 5)
(4, 6)
(4, 7)
(4, 8)
(4, 9)
(4, 10)
(4, 11)
(4, 12)
(4, 13)
(4, 14)
(4, 15)
(4, 16)
(4, 17)
(3, 17)
(2, 17)
(1, 17)
kaikki ok
Reitin pituus: 31
(16, 19)
(17, 19)
(17, 18)
(17, 17)
(16, 17)
(15, 17)
(14, 17)
(14, 16)
(14, 15)
(14, 14)
(14, 13)
(14, 12)
(14, 11)
(14, 10)
(14, 9)
(14, 8)
(14, 7)
(14, 6)
(14, 5)
(14, 4)
(14, 3)
(13, 3)
(12, 3)
(11, 3)
(10, 3)
(9, 3)
(8, 3)
(8, 2)
(8, 1)
(7, 1)
(6, 1)
(5, 1)
kaikki ok
Reitin pituus: 22
(6, 16)
(6, 15)
(5, 15)
(4, 15)
(4, 14)
(4, 13)
(4, 12)
(4, 11)
(4, 10)
(4, 9)
(4, 8)
(4, 7)
(4, 6)
(4, 5)
(4, 4)
(4, 3)
(5, 3)
(6, 3)
(7, 3)
(8, 3)
(9, 3)
(10, 3)
(11, 3)
kaikki ok
Reitin pituus: 7
(14, 13)
(13, 13)
(12, 13)
(12, 12)
(12, 11)
(11, 11)
(10, 11)
(9, 11)
kaikki ok
Reitin pituus: 11
(16, 5)
(15, 5)
(14, 5)
(14, 4)
(14, 3)
(13, 3)
(12, 3)
(11, 3)
(10, 3)
(9, 3)
(8, 3)
(7, 3)
kaikki ok
Reitin pituus: 18
(14, 6)
(14, 7)
(14, 8)
(14, 9)
(14, 10)
(14, 11)
(14, 12)
(14, 13)
(14, 14)
(14, 15)
(13, 15)
(12, 15)
(12, 16)
(12, 17)
(11, 17)
(10, 17)
(10, 18)
(10, 19)
(11, 19)
kaikki ok
Reitin pituus: 19
(8, 6)
(8, 7)
(9, 7)
(10, 7)
(11, 7)
(12, 7)
(12, 8)
(12, 9)
(12, 10)
(12, 11)
(12, 12)
(12, 13)
(13, 13)
(14, 13)
(15, 13)
(16, 13)
(17, 13)
(17, 14)
(17, 15)
(16, 15)
kaikki ok
Reitin pituus: 9
(7, 13)
(6, 13)
(6, 12)
(6, 11)
(6, 10)
(6, 9)
(6, 8)
(6, 7)
(7, 7)
(8, 7)
kaikki ok
Reitin pituus: 15
(3, 3)
(4, 3)
(4, 4)
(4, 5)
(4, 6)
(4, 7)
(4, 8)
(4, 9)
(4, 10)
(4, 11)
(4, 12)
(4, 13)
(5, 13)
(6, 13)
(7, 13)
(8, 13)
kaikki ok
Reitin pituus: 18
(7, 19)
(8, 19)
(9, 19)
(10, 19)
(10, 18)
(10, 17)
(11, 17)
(12, 17)
(12, 16)
(12, 15)
(13, 15)
(14, 15)
(14, 14)
(14, 13)
(13, 13)
(12, 13)
(12, 12)
(12, 11)
(12, 10)
kaikki ok
Reitin pituus: 16
(5, 9)
(4, 9)
(4, 8)
(4, 7)
(4, 6)
(4, 5)
(4, 4)
(4, 3)
(5, 3)
(6, 3)
(7, 3)
(8, 3)
(9, 3)
(10, 3)
(10, 2)
(10, 1)
(11, 1)
kaikki ok
Reitin pituus: 7
(17, 14)
(17, 13)
(16, 13)
(15, 13)
(14, 13)
(14, 14)
(14, 15)
(13, 15)
kaikki ok
Reitin pituus: 22
(8, 14)
(8, 15)
(9, 15)
(10, 15)
(10, 14)
(10, 13)
(11, 13)
(12, 13)
(13, 13)
(14, 13)
(14, 12)
(14, 11)
(14, 10)
(14, 9)
(14, 8)
(14, 7)
(14, 6)
(14, 5)
(14, 4)
(14, 3)
(14, 2)
(14, 1)
(15, 1)
kaikki ok
Reitin pituus: 8
(12, 1)
(13, 1)
(14, 1)
(14, 2)
(14, 3)
(15, 3)
(16, 3)
(17, 3)
(17, 4)
kaikki ok
Reitin pituus: 15
(8, 9)
(9, 9)
(9, 8)
(9, 7)
(8, 7)
(7, 7)
(6, 7)
(6, 8)
(6, 9)
(6, 10)
(6, 11)
(6, 12)
(6, 13)
(5, 13)
(4, 13)
(4, 14)
kaikki ok
Reitin pituus: 9
(12, 10)
(12, 11)
(11, 11)
(10, 11)
(9, 11)
(8, 11)
(7, 11)
(6, 11)
(6, 10)
(6, 9)
kaikki ok
Reitin pituus: 11
(8, 7)
(8, 6)
(8, 5)
(7, 5)
(6, 5)
(6, 4)
(6, 3)
(5, 3)
(4, 3)
(4, 2)
(4, 1)
(3, 1)
kaikki ok
Reitin pituus: 12
(12, 10)
(12, 11)
(11, 11)
(10, 11)
(9, 11)
(8, 11)
(7, 11)
(6, 11)
(6, 10)
(6, 9)
(5, 9)
(4, 9)
(4, 8)
kaikki ok
Reitin pituus: 20
(16, 17)
(15, 17)
(14, 17)
(14, 16)
(14, 15)
(14, 14)
(14, 13)
(14, 12)
(14, 11)
(14, 10)
(14, 9)
(13, 9)
(12, 9)
(12, 8)
(12, 7)
(11, 7)
(10, 7)
(9, 7)
(8, 7)
(8, 6)
(8, 5)
kaikki ok
Reitin pituus: 16
(4, 7)
(4, 6)
(4, 5)
(4, 4)
(4, 3)
(5, 3)
(6, 3)
(7, 3)
(8, 3)
(9, 3)
(10, 3)
(11, 3)
(12, 3)
(13, 3)
(14, 3)
(15, 3)
(16, 3)
kaikki ok
Reitin pituus: 9
(11, 7)
(10, 7)
(9, 7)
(8, 7)
(7, 7)
(6, 7)
(6, 8)
(6, 9)
(6, 10)
(6, 11)
kaikki ok
Reitin pituus: 26
(1, 17)
(2, 17)
(3, 17)
(4, 17)
(4, 16)
(4, 15)
(4, 14)
(4, 13)
(5, 13)
(6, 13)
(6, 12)
(6, 11)
(6, 10)
(6, 9)
(6, 8)
(6, 7)
(7, 7)
(8, 7)
(9, 7)
(10, 7)
(10, 6)
(10, 5)
(11, 5)
(12, 5)
(12, 4)
(12, 3)
(13, 3)
kaikki ok
Reitin pituus: 22
(17, 13)
(16, 13)
(15, 13)
(14, 13)
(14, 12)
(14, 11)
(14, 10)
(14, 9)
(14, 8)
(14, 7)
(14, 6)
(14, 5)
(14, 4)
(14, 3)
(13, 3)
(12, 3)
(11, 3)
(10, 3)
(9, 3)
(8, 3)
(8, 2)
(8, 1)
(7, 1)
kaikki ok
Reitin pituus: 15
(10, 11)
(9, 11)
(8, 11)
(7, 11)
(6, 11)
(6, 10)
(6, 9)
(5, 9)
(4, 9)
(4, 8)
(4, 7)
(4, 6)
(4, 5)
(4, 4)
(4, 3)
(4, 2)
kaikki ok
Reitin pituus: 26
(4, 17)
(4, 16)
(4, 15)
(5, 15)
(6, 15)
(7, 15)
(8, 15)
(9, 15)
(10, 15)
(10, 14)
(10, 13)
(11, 13)
(12, 13)
(12, 12)
(12, 11)
(12, 10)
(12, 9)
(13, 9)
(14, 9)
(14, 8)
(14, 7)
(14, 6)
(14, 5)
(14, 4)
(14, 3)
(15, 3)
(16, 3)
kaikki ok
Reitin pituus: 17
(12, 15)
(13, 15)
(14, 15)
(14, 14)
(14, 13)
(14, 12)
(14, 11)
(14, 10)
(14, 9)
(14, 8)
(14, 7)
(14, 6)
(14, 5)
(14, 4)
(14, 3)
(13, 3)
(12, 3)
(11, 3)
kaikki ok
Reitin pituus: 13
(16, 16)
(16, 17)
(15, 17)
(14, 17)
(14, 16)
(14, 15)
(13, 15)
(12, 15)
(11, 15)
(10, 15)
(9, 15)
(8, 15)
(7, 15)
(6, 15)
kaikki ok
Reitin pituus: 12
(8, 7)
(8, 6)
(8, 5)
(7, 5)
(6, 5)
(6, 4)
(6, 3)
(5, 3)
(4, 3)
(4, 2)
(4, 1)
(3, 1)
(2, 1)
kaikki ok
Reitin pituus: 15
(6, 19)
(7, 19)
(8, 19)
(9, 19)
(10, 19)
(10, 18)
(10, 17)
(11, 17)
(12, 17)
(12, 16)
(12, 15)
(13, 15)
(14, 15)
(14, 14)
(14, 13)
(14, 12)
kaikki ok
Reitin pituus: 20
(9, 19)
(8, 19)
(8, 18)
(8, 17)
(7, 17)
(6, 17)
(6, 16)
(6, 15)
(5, 15)
(4, 15)
(4, 14)
(4, 13)
(4, 12)
(4, 11)
(4, 10)
(4, 9)
(4, 8)
(4, 7)
(4, 6)
(4, 5)
(3, 5)
kaikki ok
Reitin pituus: 10
(4, 10)
(4, 9)
(4, 8)
(4, 7)
(4, 6)
(4, 5)
(4, 4)
(4, 3)
(3, 3)
(2, 3)
(1, 3)
kaikki ok
Reitin pituus: 18
(12, 10)
(12, 9)
(12, 8)
(12, 7)
(11, 7)
(10, 7)
(9, 7)
(8, 7)
(8, 6)
(8, 5)
(7, 5)
(6, 5)
(6, 4)
(6, 3)
(5, 3)
(4, 3)
(3, 3)
(2, 3)
(1, 3)
kaikki ok
Reitin pituus: 16
(17, 15)
(17, 14)
(17, 13)
(16, 13)
(15, 13)
(14, 13)
(14, 12)
(14, 11)
(14, 10)
(14, 9)
(14, 8)
(14, 7)
(14, 6)
(14, 5)
(15, 5)
(16, 5)
(17, 5)
kaikki ok
Reitin pituus: 20
(10, 1)
(10, 2)
(10, 3)
(11, 3)
(12, 3)
(12, 4)
(12, 5)
(11, 5)
(10, 5)
(10, 6)
(10, 7)
(11, 7)
(12, 7)
(12, 8)
(12, 9)
(12, 10)
(12, 11)
(11, 11)
(10, 11)
(9, 11)
(8, 11)
kaikki ok
Reitin pituus: 20
(2, 16)
(2, 17)
(3, 17)
(4, 17)
(4, 16)
(4, 15)
(4, 14)
(4, 13)
(5, 13)
(6, 13)
(6, 12)
(6, 11)
(6, 10)
(6, 9)
(6, 8)
(6, 7)
(7, 7)
(8, 7)
(8, 6)
(8, 5)
(7, 5)
kaikki ok
Reitin pituus: 13
(17, 18)
(17, 17)
(16, 17)
(15, 17)
(14, 17)
(14, 16)
(14, 15)
(14, 14)
(14, 13)
(13, 13)
(12, 13)
(12, 12)
(12, 11)
(12, 10)
kaikki ok
Reitin pituus: 13
(6, 19)
(7, 19)
(8, 19)
(8, 18)
(8, 17)
(7, 17)
(6, 17)
(6, 16)
(6, 15)
(5, 15)
(4, 15)
(4, 14)
(4, 13)
(5, 13)
kaikki ok
Reitin pituus: 9
(10, 3)
(11, 3)
(12, 3)
(13, 3)
(14, 3)
(14, 4)
(14, 5)
(14, 6)
(14, 7)
(14, 8)
kaikki ok
Reitin pituus: 19
(4, 12)
(4, 13)
(5, 13)
(6, 13)
(7, 13)
(8, 13)
(8, 14)
(8, 15)
(9, 15)
(10, 15)
(11, 15)
(12, 15)
(13, 15)
(14, 15)
(14, 16)
(14, 17)
(15, 17)
(16, 17)
(17, 17)
(17, 18)
kaikki ok
Reitin pituus: 12
(11, 5)
(10, 5)
(10, 6)
(10, 7)
(9, 7)
(8, 7)
(7, 7)
(6, 7)
(6, 8)
(6, 9)
(5, 9)
(4, 9)
(4, 8)
kaikki ok
Reitin pituus: 17
(11, 15)
(12, 15)
(13, 15)
(14, 15)
(14, 14)
(14, 13)
(14, 12)
(14, 11)
(14, 10)
(14, 9)
(14, 8)
(14, 7)
(14, 6)
(14, 5)
(14, 4)
(14, 3)
(13, 3)
(12, 3)
kaikki ok
Reitin pituus: 16
(1, 3)
(2, 3)
(3, 3)
(4, 3)
(5, 3)
(6, 3)
(7, 3)
(8, 3)
(9, 3)
(10, 3)
(11, 3)
(12, 3)
(13, 3)
(14, 3)
(14, 4)
(14, 5)
(14, 6)
kaikki ok
Reitin pituus: 9
(9, 3)
(10, 3)
(11, 3)
(12, 3)
(13, 3)
(14, 3)
(15, 3)
(16, 3)
(17, 3)
(17, 2)
kaikki ok
Reitin pituus: 9
(10, 6)
(10, 7)
(9, 7)
(8, 7)
(7, 7)
(6, 7)
(6, 8)
(6, 9)
(6, 10)
(6, 11)
kaikki ok
Reitin pituus: 15
(6, 16)
(6, 15)
(7, 15)
(8, 15)
(9, 15)
(10, 15)
(11, 15)
(12, 15)
(13, 15)
(14, 15)
(14, 14)
(14, 13)
(15, 13)
(16, 13)
(17, 13)
(17, 14)
kaikki ok
Reitin pituus: 23
(8, 13)
(7, 13)
(6, 13)
(6, 12)
(6, 11)
(6, 10)
(6, 9)
(6, 8)
(6, 7)
(7, 7)
(8, 7)
(9, 7)
(10, 7)
(10, 6)
(10, 5)
(11, 5)
(12, 5)
(12, 4)
(12, 3)
(11, 3)
(10, 3)
(10, 2)
(10, 1)
(11, 1)
kaikki ok
Reitin pituus: 21
(12, 11)
(11, 11)
(10, 11)
(9, 11)
(8, 11)
(7, 11)
(6, 11)
(6, 10)
(6, 9)
(5, 9)
(4, 9)
(4, 8)
(4, 7)
(4, 6)
(4, 5)
(3, 5)
(2, 5)
(1, 5)
(1, 4)
(1, 3)
(1, 2)
(1, 1)
kaikki ok
Reitin pituus: 12
(10, 6)
(10, 7)
(9, 7)
(8, 7)
(8, 6)
(8, 5)
(7, 5)
(6, 5)
(6, 4)
(6, 3)
(5, 3)
(4, 3)
(4, 4)
kaikki ok
Reitin pituus: 19
(6, 9)
(6, 8)
(6, 7)
(7, 7)
(8, 7)
(9, 7)
(10, 7)
(10, 6)
(10, 5)
(11, 5)
(12, 5)
(12, 4)
(12, 3)
(13, 3)
(14, 3)
(15, 3)
(16, 3)
(17, 3)
(17, 2)
(17, 1)
kaikki ok
Reitin pituus: 9
(4, 14)
(4, 15)
(5, 15)
(6, 15)
(7, 15)
(8, 15)
(9, 15)
(10, 15)
(11, 15)
(12, 15)
kaikki ok
Reitin pituus: 23
(16, 3)
(15, 3)
(14, 3)
(13, 3)
(12, 3)
(12, 4)
(12, 5)
(11, 5)
(10, 5)
(10, 6)
(10, 7)
(9, 7)
(8, 7)
(7, 7)
(6, 7)
(6, 8)
(6, 9)
(5, 9)
(4, 9)
(4, 10)
(4, 11)
(4, 12)
(4, 13)
(3, 13)
kaikki ok
Reitin pituus: 15
(1, 15)
(1, 14)
(1, 13)
(2, 13)
(3, 13)
(4, 13)
(4, 12)
(4, 11)
(4, 10)
(4, 9)
(4, 8)
(4, 7)
(4, 6)
(4, 5)
(3, 5)
(2, 5)
kaikki ok
Reitin pituus: 18
(8, 11)
(7, 11)
(6, 11)
(6, 12)
(6, 13)
(5, 13)
(4, 13)
(4, 14)
(4, 15)
(4, 16)
(4, 17)
(3, 17)
(2, 17)
(1, 17)
(1, 18)
(1, 19)
(2, 19)
(3, 19)
(4, 19)
kaikki ok
Reitin pituus: 1
(6, 16)
(6, 15)
kaikki ok
Reitin pituus: 8
(8, 15)
(7, 15)
(6, 15)
(5, 15)
(4, 15)
(4, 16)
(4, 17)
(3, 17)
(2, 17)
kaikki ok
Reitin pituus: 9
(9, 7)
(8, 7)
(7, 7)
(6, 7)
(6, 8)
(6, 9)
(6, 10)
(6, 11)
(7, 11)
(8, 11)
kaikki ok
Reitin pituus: 19
(14, 10)
(14, 11)
(14, 12)
(14, 13)
(14, 14)
(14, 15)
(13, 15)
(12, 15)
(11, 15)
(10, 15)
(9, 15)
(8, 15)
(7, 15)
(6, 15)
(5, 15)
(4, 15)
(4, 16)
(4, 17)
(3, 17)
(2, 17)
kaikki ok
Reitin pituus: 22
(17, 2)
(17, 3)
(17, 4)
(17, 5)
(16, 5)
(15, 5)
(14, 5)
(14, 6)
(14, 7)
(14, 8)
(14, 9)
(14, 10)
(14, 11)
(14, 12)
(14, 13)
(14, 14)
(14, 15)
(13, 15)
(12, 15)
(12, 16)
(12, 17)
(11, 17)
(10, 17)
kaikki ok
Reitin pituus: 22
(8, 7)
(7, 7)
(6, 7)
(6, 8)
(6, 9)
(5, 9)
(4, 9)
(4, 10)
(4, 11)
(4, 12)
(4, 13)
(4, 14)
(4, 15)
(4, 16)
(4, 17)
(3, 17)
(2, 17)
(1, 17)
(1, 18)
(1, 19)
(2, 19)
(3, 19)
(4, 19)
kaikki ok
Reitin pituus: 13
(14, 10)
(14, 11)
(14, 12)
(14, 13)
(14, 14)
(14, 15)
(14, 16)
(14, 17)
(15, 17)
(16, 17)
(17, 17)
(17, 18)
(17, 19)
(16, 19)
kaikki ok
Reitin pituus: 24
(10, 2)
(10, 3)
(9, 3)
(8, 3)
(7, 3)
(6, 3)
(5, 3)
(4, 3)
(4, 4)
(4, 5)
(4, 6)
(4, 7)
(4, 8)
(4, 9)
(4, 10)
(4, 11)
(4, 12)
(4, 13)
(4, 14)
(4, 15)
(4, 16)
(4, 17)
(3, 17)
(2, 17)
(2, 16)
kaikki ok
Reitin pituus: 16
(10, 6)
(10, 7)
(9, 7)
(8, 7)
(8, 6)
(8, 5)
(7, 5)
(6, 5)
(6, 4)
(6, 3)
(5, 3)
(4, 3)
(4, 2)
(4, 1)
(3, 1)
(2, 1)
(1, 1)
kaikki ok
Reitin pituus: 20
(11, 7)
(10, 7)
(9, 7)
(8, 7)
(7, 7)
(6, 7)
(6, 8)
(6, 9)
(5, 9)
(4, 9)
(4, 10)
(4, 11)
(4, 12)
(4, 13)
(4, 14)
(4, 15)
(4, 16)
(4, 17)
(3, 17)
(2, 17)
(1, 17)
kaikki ok
Reitin pituus: 5
(10, 1)
(11, 1)
(12, 1)
(13, 1)
(14, 1)
(14, 2)
kaikki ok
Reitin pituus: 13
(16, 16)
(16, 17)
(15, 17)
(14, 17)
(14, 16)
(14, 15)
(14, 14)
(14, 13)
(14, 12)
(14, 11)
(14, 10)
(14, 9)
(14, 8)
(14, 7)
kaikki ok
Reitin pituus: 21
(1, 1)
(1, 2)
(1, 3)
(1, 4)
(1, 5)
(2, 5)
(3, 5)
(4, 5)
(4, 6)
(4, 7)
(4, 8)
(4, 9)
(5, 9)
(6, 9)
(6, 10)
(6, 11)
(6, 12)
(6, 13)
(7, 13)
(8, 13)
(8, 14)
(8, 15)
kaikki ok
Reitin pituus: 20
(16, 15)
(17, 15)
(17, 14)
(17, 13)
(16, 13)
(15, 13)
(14, 13)
(14, 12)
(14, 11)
(14, 10)
(14, 9)
(14, 8)
(14, 7)
(14, 6)
(14, 5)
(14, 4)
(14, 3)
(14, 2)
(14, 1)
(13, 1)
(12, 1)
kaikki ok
Reitin pituus: 17
(7, 11)
(8, 11)
(9, 11)
(10, 11)
(11, 11)
(12, 11)
(12, 12)
(12, 13)
(13, 13)
(14, 13)
(14, 14)
(14, 15)
(14, 16)
(14, 17)
(15, 17)
(16, 17)
(17, 17)
(17, 18)
kaikki ok
Reitin pituus: 15
(11, 7)
(12, 7)
(12, 8)
(12, 9)
(13, 9)
(14, 9)
(14, 10)
(14, 11)
(14, 12)
(14, 13)
(15, 13)
(16, 13)
(17, 13)
(17, 14)
(17, 15)
(16, 15)
kaikki ok
Reitin pituus: 13
(14, 12)
(14, 13)
(13, 13)
(12, 13)
(11, 13)
(10, 13)
(10, 14)
(10, 15)
(9, 15)
(8, 15)
(7, 15)
(6, 15)
(6, 16)
(6, 17)
kaikki ok
Reitin pituus: 22
(17, 17)
(16, 17)
(15, 17)
(14, 17)
(14, 16)
(14, 15)
(14, 14)
(14, 13)
(13, 13)
(12, 13)
(12, 12)
(12, 11)
(12, 10)
(12, 9)
(12, 8)
(12, 7)
(11, 7)
(10, 7)
(9, 7)
(8, 7)
(8, 6)
(8, 5)
(7, 5)
kaikki ok
Reitin pituus: 3
(6, 3)
(5, 3)
(4, 3)
(3, 3)
kaikki ok
Reitin pituus: 14
(12, 16)
(12, 15)
(13, 15)
(14, 15)
(14, 14)
(14, 13)
(14, 12)
(14, 11)
(14, 10)
(14, 9)
(14, 8)
(14, 7)
(14, 6)
(14, 5)
(15, 5)
kaikki ok
Reitin pituus: 5
(14, 7)
(14, 6)
(14, 5)
(14, 4)
(14, 3)
(14, 2)
kaikki ok
Reitin pituus: 5
(10, 3)
(9, 3)
(8, 3)
(8, 2)
(8, 1)
(7, 1)
kaikki ok
Reitin pituus: 1
(14, 7)
(14, 6)
kaikki ok
Reitin pituus: 13
(14, 2)
(14, 3)
(14, 4)
(14, 5)
(14, 6)
(14, 7)
(14, 8)
(14, 9)
(13, 9)
(12, 9)
(12, 10)
(12, 11)
(12, 12)
(12, 13)
kaikki ok
Reitin pituus: 3
(12, 3)
(12, 4)
(12, 5)
(11, 5)
kaikki ok
Reitin pituus: 13
(7, 7)
(8, 7)
(9, 7)
(10, 7)
(11, 7)
(12, 7)
(12, 8)
(12, 9)
(12, 10)
(12, 11)
(12, 12)
(12, 13)
(13, 13)
(14, 13)
kaikki ok
Reitin pituus: 16
(9, 8)
(9, 7)
(8, 7)
(7, 7)
(6, 7)
(6, 8)
(6, 9)
(5, 9)
(4, 9)
(4, 10)
(4, 11)
(4, 12)
(4, 13)
(4, 14)
(4, 15)
(5, 15)
(6, 15)
kaikki ok
Reitin pituus: 12
(14, 6)
(14, 5)
(14, 4)
(14, 3)
(13, 3)
(12, 3)
(11, 3)
(10, 3)
(9, 3)
(8, 3)
(7, 3)
(6, 3)
(5, 3)
kaikki ok
Reitin pituus: 6
(14, 13)
(15, 13)
(16, 13)
(17, 13)
(17, 14)
(17, 15)
(16, 15)
kaikki ok
Reitin pituus: 16
(10, 15)
(10, 14)
(10, 13)
(11, 13)
(12, 13)
(12, 12)
(12, 11)
(12, 10)
(12, 9)
(13, 9)
(14, 9)
(14, 8)
(14, 7)
(14, 6)
(14, 5)
(14, 4)
(14, 3)
kaikki ok
Reitin pituus: 19
(11, 3)
(12, 3)
(13, 3)
(14, 3)
(14, 4)
(14, 5)
(14, 6)
(14, 7)
(14, 8)
(14, 9)
(14, 10)
(14, 11)
(14, 12)
(14, 13)
(14, 14)
(14, 15)
(13, 15)
(12, 15)
(11, 15)
(10, 15)
kaikki ok
Reitin pituus: 8
(6, 3)
(6, 4)
(6, 5)
(7, 5)
(8, 5)
(8, 6)
(8, 7)
(7, 7)
(6, 7)
kaikki ok
Reitin pituus: 5
(14, 17)
(14, 16)
(14, 15)
(14, 14)
(14, 13)
(13, 13)
kaikki ok
Reitin pituus: 14
(14, 15)
(13, 15)
(12, 15)
(11, 15)
(10, 15)
(9, 15)
(8, 15)
(7, 15)
(6, 15)
(5, 15)
(4, 15)
(4, 14)
(4, 13)
(4, 12)
(4, 11)
kaikki ok
Reitin pituus: 22
(17, 3)
(16, 3)
(15, 3)
(14, 3)
(14, 4)
(14, 5)
(14, 6)
(14, 7)
(14, 8)
(14, 9)
(14, 10)
(14, 11)
(14, 12)
(14, 13)
(14, 14)
(14, 15)
(14, 16)
(14, 17)
(15, 17)
(16, 17)
(17, 17)
(17, 18)
(17, 19)
kaikki ok
Reitin pituus: 14
(9, 9)
(9, 8)
(9, 7)
(8, 7)
(7, 7)
(6, 7)
(6, 8)
(6, 9)
(6, 10)
(6, 11)
(6, 12)
(6, 13)
(5, 13)
(4, 13)
(3, 13)
kaikki ok
Reitin pituus: 10
(12, 15)
(11, 15)
(10, 15)
(10, 14)
(10, 13)
(11, 13)
(12, 13)
(12, 12)
(12, 11)
(11, 11)
(10, 11)
kaikki ok
Reitin pituus: 13
(15, 19)
(16, 19)
(17, 19)
(17, 18)
(17, 17)
(16, 17)
(15, 17)
(14, 17)
(14, 16)
(14, 15)
(14, 14)
(14, 13)
(14, 12)
(14, 11)
kaikki ok
Reitin pituus: 8
(4, 4)
(4, 3)
(5, 3)
(6, 3)
(7, 3)
(8, 3)
(9, 3)
(10, 3)
(10, 2)
kaikki ok
Reitin pituus: 2
(13, 3)
(14, 3)
(14, 2)
kaikki ok
Reitin pituus: 8
(8, 19)
(9, 19)
(10, 19)
(10, 18)
(10, 17)
(11, 17)
(12, 17)
(12, 16)
(12, 15)
kaikki ok
Reitin pituus: 20
(15, 19)
(14, 19)
(13, 19)
(12, 19)
(11, 19)
(10, 19)
(9, 19)
(8, 19)
(8, 18)
(8, 17)
(7, 17)
(6, 17)
(6, 16)
(6, 15)
(5, 15)
(4, 15)
(4, 14)
(4, 13)
(4, 12)
(4, 11)
(4, 10)
kaikki ok
Reitin pituus: 20
(4, 12)
(4, 13)
(5, 13)
(6, 13)
(6, 12)
(6, 11)
(7, 11)
(8, 11)
(9, 11)
(10, 11)
(11, 11)
(12, 11)
(12, 12)
(12, 13)
(13, 13)
(14, 13)
(15, 13)
(16, 13)
(17, 13)
(17, 14)
(17, 15)
kaikki ok
Reitin pituus: 12
(11, 1)
(10, 1)
(10, 2)
(10, 3)
(9, 3)
(8, 3)
(7, 3)
(6, 3)
(5, 3)
(4, 3)
(4, 4)
(4, 5)
(3, 5)
kaikki ok
Reitin pituus: 11
(14, 8)
(14, 9)
(14, 10)
(14, 11)
(14, 12)
(14, 13)
(14, 14)
(14, 15)
(14, 16)
(14, 17)
(15, 17)
(16, 17)
kaikki ok
Reitin pituus: 18
(15, 13)
(14, 13)
(13, 13)
(12, 13)
(12, 12)
(12, 11)
(11, 11)
(10, 11)
(9, 11)
(8, 11)
(7, 11)
(6, 11)
(6, 10)
(6, 9)
(5, 9)
(4, 9)
(4, 8)
(4, 7)
(4, 6)
kaikki ok
Reitin pituus: 24
(17, 15)
(17, 14)
(17, 13)
(16, 13)
(15, 13)
(14, 13)
(14, 12)
(14, 11)
(14, 10)
(14, 9)
(14, 8)
(14, 7)
(14, 6)
(14, 5)
(14, 4)
(14, 3)
(13, 3)
(12, 3)
(11, 3)
(10, 3)
(9, 3)
(8, 3)
(8, 2)
(8, 1)
(7, 1)
kaikki ok
Reitin pituus: 10
(17, 2)
(17, 3)
(16, 3)
(15, 3)
(14, 3)
(13, 3)
(12, 3)
(11, 3)
(10, 3)
(9, 3)
(8, 3)
kaikki ok
Reitin pituus: 20
(7, 15)
(8, 15)
(9, 15)
(10, 15)
(10, 14)
(10, 13)
(11, 13)
(12, 13)
(12, 12)
(12, 11)
(12, 10)
(12, 9)
(12, 8)
(12, 7)
(11, 7)
(10, 7)
(10, 6)
(10, 5)
(11, 5)
(12, 5)
(12, 4)
kaikki ok
Reitin pituus: 16
(13, 15)
(14, 15)
(14, 14)
(14, 13)
(14, 12)
(14, 11)
(14, 10)
(14, 9)
(14, 8)
(14, 7)
(14, 6)
(14, 5)
(14, 4)
(14, 3)
(15, 3)
(16, 3)
(17, 3)
kaikki ok
Reitin pituus: 21
(16, 17)
(15, 17)
(14, 17)
(14, 16)
(14, 15)
(14, 14)
(14, 13)
(14, 12)
(14, 11)
(14, 10)
(14, 9)
(14, 8)
(14, 7)
(14, 6)
(14, 5)
(14, 4)
(14, 3)
(14, 2)
(14, 1)
(13, 1)
(12, 1)
(11, 1)
kaikki ok
Reitin pituus: 15
(9, 15)
(10, 15)
(10, 14)
(10, 13)
(11, 13)
(12, 13)
(12, 12)
(12, 11)
(12, 10)
(12, 9)
(12, 8)
(12, 7)
(11, 7)
(10, 7)
(10, 6)
(10, 5)
kaikki ok
Reitin pituus: 20
(15, 19)
(14, 19)
(13, 19)
(12, 19)
(11, 19)
(10, 19)
(9, 19)
(8, 19)
(7, 19)
(6, 19)
(5, 19)
(4, 19)
(3, 19)
(2, 19)
(1, 19)
(1, 18)
(1, 17)
(2, 17)
(2, 16)
(2, 15)
(1, 15)
kaikki ok
Reitin pituus: 20
(6, 12)
(6, 11)
(7, 11)
(8, 11)
(9, 11)
(10, 11)
(11, 11)
(12, 11)
(12, 10)
(12, 9)
(13, 9)
(14, 9)
(14, 8)
(14, 7)
(14, 6)
(14, 5)
(14, 4)
(14, 3)
(14, 2)
(14, 1)
(13, 1)
kaikki ok
Reitin pituus: 16
(4, 6)
(4, 5)
(4, 4)
(4, 3)
(5, 3)
(6, 3)
(7, 3)
(8, 3)
(9, 3)
(10, 3)
(11, 3)
(12, 3)
(13, 3)
(14, 3)
(14, 2)
(14, 1)
(15, 1)
kaikki ok
Reitin pituus: 4
(6, 1)
(5, 1)
(4, 1)
(4, 2)
(4, 3)
kaikki ok
Reitin pituus: 9
(4, 1)
(4, 2)
(4, 3)
(4, 4)
(4, 5)
(4, 6)
(4, 7)
(4, 8)
(4, 9)
(4, 10)
kaikki ok
Reitin pituus: 16
(6, 12)
(6, 11)
(7, 11)
(8, 11)
(9, 11)
(10, 11)
(11, 11)
(12, 11)
(12, 10)
(12, 9)
(13, 9)
(14, 9)
(14, 8)
(14, 7)
(14, 6)
(14, 5)
(15, 5)
kaikki ok
Reitin pituus: 14
(14, 2)
(14, 3)
(13, 3)
(12, 3)
(11, 3)
(10, 3)
(9, 3)
(8, 3)
(7, 3)
(6, 3)
(5, 3)
(4, 3)
(4, 4)
(4, 5)
(3, 5)
kaikki ok
Reitin pituus: 13
(6, 9)
(6, 10)
(6, 11)
(7, 11)
(8, 11)
(9, 11)
(10, 11)
(11, 11)
(12, 11)
(12, 10)
(12, 9)
(13, 9)
(14, 9)
(14, 10)
kaikki ok
Reitin pituus: 17
(6, 17)
(6, 16)
(6, 15)
(5, 15)
(4, 15)
(4, 14)
(4, 13)
(5, 13)
(6, 13)
(6, 12)
(6, 11)
(6, 10)
(6, 9)
(6, 8)
(6, 7)
(7, 7)
(8, 7)
(8, 6)
kaikki ok
Reitin pituus: 3
(8, 17)
(8, 18)
(8, 19)
(9, 19)
kaikki ok
Reitin pituus: 8
(4, 11)
(4, 12)
(4, 13)
(3, 13)
(2, 13)
(1, 13)
(1, 14)
(1, 15)
(2, 15)
kaikki ok
Reitin pituus: 16
(12, 12)
(12, 11)
(12, 10)
(12, 9)
(13, 9)
(14, 9)
(14, 8)
(14, 7)
(14, 6)
(14, 5)
(14, 4)
(14, 3)
(14, 2)
(14, 1)
(13, 1)
(12, 1)
(11, 1)
kaikki ok
Reitin pituus: 3
(17, 3)
(17, 4)
(17, 5)
(16, 5)
kaikki ok
Reitin pituus: 14
(12, 16)
(12, 15)
(11, 15)
(10, 15)
(9, 15)
(8, 15)
(8, 14)
(8, 13)
(7, 13)
(6, 13)
(6, 12)
(6, 11)
(6, 10)
(6, 9)
(6, 8)
kaikki ok
Reitin pituus: 13
(2, 19)
(1, 19)
(1, 18)
(1, 17)
(2, 17)
(3, 17)
(4, 17)
(4, 16)
(4, 15)
(5, 15)
(6, 15)
(7, 15)
(8, 15)
(8, 14)
kaikki ok
Reitin pituus: 15
(15, 17)
(14, 17)
(14, 16)
(14, 15)
(13, 15)
(12, 15)
(12, 16)
(12, 17)
(11, 17)
(10, 17)
(10, 18)
(10, 19)
(9, 19)
(8, 19)
(8, 18)
(8, 17)
kaikki ok
Reitin pituus: 4
(11, 13)
(10, 13)
(10, 14)
(10, 15)
(11, 15)
kaikki ok
Reitin pituus: 8
(10, 1)
(10, 2)
(10, 3)
(11, 3)
(12, 3)
(12, 4)
(12, 5)
(11, 5)
(10, 5)
kaikki ok
Reitin pituus: 14
(14, 8)
(14, 7)
(14, 6)
(14, 5)
(14, 4)
(14, 3)
(13, 3)
(12, 3)
(11, 3)
(10, 3)
(9, 3)
(8, 3)
(8, 2)
(8, 1)
(7, 1)
kaikki ok
Reitin pituus: 16
(13, 9)
(12, 9)
(12, 8)
(12, 7)
(11, 7)
(10, 7)
(9, 7)
(8, 7)
(8, 6)
(8, 5)
(7, 5)
(6, 5)
(6, 4)
(6, 3)
(5, 3)
(4, 3)
(4, 2)
kaikki ok
Reitin pituus: 10
(10, 1)
(10, 2)
(10, 3)
(9, 3)
(8, 3)
(7, 3)
(6, 3)
(6, 4)
(6, 5)
(7, 5)
(8, 5)
kaikki ok
Reitin pituus: 11
(11, 3)
(12, 3)
(12, 4)
(12, 5)
(11, 5)
(10, 5)
(10, 6)
(10, 7)
(9, 7)
(9, 8)
(9, 9)
(8, 9)
kaikki ok
Reitin pituus: 9
(14, 10)
(14, 9)
(13, 9)
(12, 9)
(12, 8)
(12, 7)
(11, 7)
(10, 7)
(9, 7)
(9, 8)
kaikki ok
Reitin pituus: 17
(4, 12)
(4, 13)
(5, 13)
(6, 13)
(6, 12)
(6, 11)
(7, 11)
(8, 11)
(9, 11)
(10, 11)
(11, 11)
(12, 11)
(12, 12)
(12, 13)
(13, 13)
(14, 13)
(15, 13)
(16, 13)
kaikki ok
Reitin pituus: 18
(17, 1)
(17, 2)
(17, 3)
(17, 4)
(17, 5)
(16, 5)
(15, 5)
(14, 5)
(14, 6)
(14, 7)
(14, 8)
(14, 9)
(13, 9)
(12, 9)
(12, 10)
(12, 11)
(11, 11)
(10, 11)
(9, 11)
kaikki ok
Reitin pituus: 14
(11, 5)
(12, 5)
(12, 4)
(12, 3)
(11, 3)
(10, 3)
(9, 3)
(8, 3)
(8, 2)
(8, 1)
(7, 1)
(6, 1)
(5, 1)
(4, 1)
(3, 1)
kaikki ok
Reitin pituus: 25
(15, 19)
(16, 19)
(17, 19)
(17, 18)
(17, 17)
(16, 17)
(15, 17)
(14, 17)
(14, 16)
(14, 15)
(14, 14)
(14, 13)
(14, 12)
(14, 11)
(14, 10)
(14, 9)
(13, 9)
(12, 9)
(12, 8)
(12, 7)
(11, 7)
(10, 7)
(9, 7)
(9, 8)
(9, 9)
(10, 9)
kaikki ok
Reitin pituus: 1
(13, 19)
(14, 19)
kaikki ok
Reitin pituus: 25
(5, 1)
(4, 1)
(4, 2)
(4, 3)
(4, 4)
(4, 5)
(4, 6)
(4, 7)
(4, 8)
(4, 9)
(5, 9)
(6, 9)
(6, 10)
(6, 11)
(6, 12)
(6, 13)
(7, 13)
(8, 13)
(8, 14)
(8, 15)
(9, 15)
(10, 15)
(11, 15)
(12, 15)
(12, 16)
(12, 17)
kaikki ok
Reitin pituus: 24
(10, 13)
(11, 13)
(12, 13)
(12, 12)
(12, 11)
(12, 10)
(12, 9)
(12, 8)
(12, 7)
(11, 7)
(10, 7)
(10, 6)
(10, 5)
(11, 5)
(12, 5)
(12, 4)
(12, 3)
(11, 3)
(10, 3)
(9, 3)
(8, 3)
(8, 2)
(8, 1)
(7, 1)
(6, 1)
kaikki ok
Reitin pituus: 10
(12, 12)
(12, 13)
(11, 13)
(10, 13)
(10, 14)
(10, 15)
(11, 15)
(12, 15)
(12, 16)
(12, 17)
(11, 17)
kaikki ok
Reitin pituus: 15
(7, 5)
(6, 5)
(6, 4)
(6, 3)
(7, 3)
(8, 3)
(9, 3)
(10, 3)
(11, 3)
(12, 3)
(13, 3)
(14, 3)
(15, 3)
(16, 3)
(17, 3)
(17, 2)
kaikki ok
Reitin pituus: 5
(8, 13)
(7, 13)
(6, 13)
(5, 13)
(4, 13)
(4, 12)
kaikki ok
Reitin pituus: 2
(4, 19)
(3, 19)
(2, 19)
kaikki ok
Reitin pituus: 12
(11, 13)
(12, 13)
(13, 13)
(14, 13)
(14, 12)
(14, 11)
(14, 10)
(14, 9)
(14, 8)
(14, 7)
(14, 6)
(14, 5)
(14, 4)
kaikki ok
Reitin pituus: 20
(1, 2)
(1, 3)
(2, 3)
(3, 3)
(4, 3)
(5, 3)
(6, 3)
(6, 4)
(6, 5)
(7, 5)
(8, 5)
(8, 6)
(8, 7)
(9, 7)
(10, 7)
(11, 7)
(12, 7)
(12, 8)
(12, 9)
(12, 10)
(12, 11)
kaikki ok
Reitin pituus: 23
(6, 3)
(5, 3)
(4, 3)
(4, 4)
(4, 5)
(4, 6)
(4, 7)
(4, 8)
(4, 9)
(4, 10)
(4, 11)
(4, 12)
(4, 13)
(4, 14)
(4, 15)
(4, 16)
(4, 17)
(3, 17)
(2, 17)
(1, 17)
(1, 18)
(1, 19)
(2, 19)
(3, 19)
kaikki ok
Reitin pituus: 26
(8, 3)
(9, 3)
(10, 3)
(11, 3)
(12, 3)
(13, 3)
(14, 3)
(14, 4)
(14, 5)
(14, 6)
(14, 7)
(14, 8)
(14, 9)
(14, 10)
(14, 11)
(14, 12)
(14, 13)
(14, 14)
(14, 15)
(13, 15)
(12, 15)
(12, 16)
(12, 17)
(11, 17)
(10, 17)
(10, 18)
(10, 19)
kaikki ok
Reitin pituus: 25
(1, 5)
(2, 5)
(3, 5)
(4, 5)
(4, 6)
(4, 7)
(4, 8)
(4, 9)
(5, 9)
(6, 9)
(6, 10)
(6, 11)
(7, 11)
(8, 11)
(9, 11)
(10, 11)
(11, 11)
(12, 11)
(12, 12)
(12, 13)
(13, 13)
(14, 13)
(14, 14)
(14, 15)
(14, 16)
(14, 17)
kaikki ok
Reitin pituus: 27
(8, 17)
(7, 17)
(6, 17)
(6, 16)
(6, 15)
(5, 15)
(4, 15)
(4, 14)
(4, 13)
(4, 12)
(4, 11)
(4, 10)
(4, 9)
(4, 8)
(4, 7)
(4, 6)
(4, 5)
(4, 4)
(4, 3)
(5, 3)
(6, 3)
(7, 3)
(8, 3)
(9, 3)
(10, 3)
(10, 2)
(10, 1)
(11, 1)
kaikki ok
Reitin pituus: 14
(14, 6)
(14, 7)
(14, 8)
(14, 9)
(13, 9)
(12, 9)
(12, 10)
(12, 11)
(11, 11)
(10, 11)
(9, 11)
(8, 11)
(7, 11)
(6, 11)
(6, 10)
kaikki ok
Reitin pituus: 9
(6, 5)
(6, 4)
(6, 3)
(7, 3)
(8, 3)
(9, 3)
(10, 3)
(11, 3)
(12, 3)
(13, 3)
kaikki ok
Reitin pituus: 4
(4, 1)
(5, 1)
(6, 1)
(7, 1)
(8, 1)
kaikki ok
Reitin pituus: 17
(15, 1)
(14, 1)
(13, 1)
(12, 1)
(11, 1)
(10, 1)
(10, 2)
(10, 3)
(9, 3)
(8, 3)
(7, 3)
(6, 3)
(5, 3)
(4, 3)
(3, 3)
(2, 3)
(1, 3)
(1, 4)
kaikki ok
Reitin pituus: 20
(8, 17)
(7, 17)
(6, 17)
(6, 16)
(6, 15)
(5, 15)
(4, 15)
(4, 14)
(4, 13)
(4, 12)
(4, 11)
(4, 10)
(4, 9)
(4, 8)
(4, 7)
(4, 6)
(4, 5)
(3, 5)
(2, 5)
(1, 5)
(1, 4)
kaikki ok
Reitin pituus: 7
(2, 1)
(3, 1)
(4, 1)
(5, 1)
(6, 1)
(7, 1)
(8, 1)
(8, 2)
kaikki ok
Reitin pituus: 7
(6, 19)
(7, 19)
(8, 19)
(8, 18)
(8, 17)
(7, 17)
(6, 17)
(6, 16)
kaikki ok
Reitin pituus: 7
(6, 11)
(7, 11)
(8, 11)
(9, 11)
(10, 11)
(11, 11)
(12, 11)
(12, 10)
kaikki ok
Reitin pituus: 17
(17, 13)
(16, 13)
(15, 13)
(14, 13)
(14, 12)
(14, 11)
(14, 10)
(14, 9)
(14, 8)
(14, 7)
(14, 6)
(14, 5)
(14, 4)
(14, 3)
(13, 3)
(12, 3)
(11, 3)
(10, 3)
kaikki ok
Reitin pituus: 22
(5, 1)
(4, 1)
(4, 2)
(4, 3)
(5, 3)
(6, 3)
(6, 4)
(6, 5)
(7, 5)
(8, 5)
(8, 6)
(8, 7)
(9, 7)
(10, 7)
(11, 7)
(12, 7)
(12, 8)
(12, 9)
(12, 10)
(12, 11)
(12, 12)
(12, 13)
(11, 13)
kaikki ok
Reitin pituus: 6
(1, 13)
(2, 13)
(3, 13)
(4, 13)
(5, 13)
(6, 13)
(6, 12)
kaikki ok
Reitin pituus: 8
(14, 7)
(14, 8)
(14, 9)
(13, 9)
(12, 9)
(12, 8)
(12, 7)
(11, 7)
(10, 7)
kaikki ok
Reitin pituus: 21
(14, 10)
(14, 9)
(13, 9)
(12, 9)
(12, 8)
(12, 7)
(11, 7)
(10, 7)
(9, 7)
(8, 7)
(8, 6)
(8, 5)
(7, 5)
(6, 5)
(6, 4)
(6, 3)
(5, 3)
(4, 3)
(4, 2)
(4, 1)
(3, 1)
(2, 1)
kaikki ok
Reitin pituus: 24
(7, 15)
(6, 15)
(5, 15)
(4, 15)
(4, 14)
(4, 13)
(4, 12)
(4, 11)
(4, 10)
(4, 9)
(4, 8)
(4, 7)
(4, 6)
(4, 5)
(4, 4)
(4, 3)
(5, 3)
(6, 3)
(7, 3)
(8, 3)
(9, 3)
(10, 3)
(10, 2)
(10, 1)
(11, 1)
kaikki ok
Reitin pituus: 12
(4, 19)
(3, 19)
(2, 19)
(1, 19)
(1, 18)
(1, 17)
(2, 17)
(3, 17)
(4, 17)
(4, 16)
(4, 15)
(4, 14)
(4, 13)
kaikki ok
Reitin pituus: 7
(5, 15)
(4, 15)
(4, 14)
(4, 13)
(5, 13)
(6, 13)
(6, 12)
(6, 11)
kaikki ok
Reitin pituus: 17
(1, 15)
(1, 14)
(1, 13)
(2, 13)
(3, 13)
(4, 13)
(4, 12)
(4, 11)
(4, 10)
(4, 9)
(4, 8)
(4, 7)
(4, 6)
(4, 5)
(4, 4)
(4, 3)
(5, 3)
(6, 3)
kaikki ok
Reitin pituus: 12
(10, 14)
(10, 15)
(9, 15)
(8, 15)
(7, 15)
(6, 15)
(5, 15)
(4, 15)
(4, 14)
(4, 13)
(4, 12)
(4, 11)
(4, 10)
kaikki ok
Reitin pituus: 9
(10, 7)
(11, 7)
(12, 7)
(12, 8)
(12, 9)
(13, 9)
(14, 9)
(14, 10)
(14, 11)
(14, 12)
kaikki ok
Reitin pituus: 19
(8, 9)
(9, 9)
(9, 8)
(9, 7)
(10, 7)
(11, 7)
(12, 7)
(12, 8)
(12, 9)
(12, 10)
(12, 11)
(12, 12)
(12, 13)
(11, 13)
(10, 13)
(10, 14)
(10, 15)
(11, 15)
(12, 15)
(12, 16)
kaikki ok
Reitin pituus: 24
(7, 15)
(6, 15)
(5, 15)
(4, 15)
(4, 14)
(4, 13)
(4, 12)
(4, 11)
(4, 10)
(4, 9)
(4, 8)
(4, 7)
(4, 6)
(4, 5)
(4, 4)
(4, 3)
(5, 3)
(6, 3)
(7, 3)
(8, 3)
(9, 3)
(10, 3)
(10, 2)
(10, 1)
(11, 1)
kaikki ok
Reitin pituus: 13
(6, 15)
(7, 15)
(8, 15)
(9, 15)
(10, 15)
(10, 14)
(10, 13)
(11, 13)
(12, 13)
(12, 12)
(12, 11)
(12, 10)
(12, 9)
(13, 9)
kaikki ok
Reitin pituus: 11
(9, 8)
(9, 7)
(10, 7)
(10, 6)
(10, 5)
(11, 5)
(12, 5)
(12, 4)
(12, 3)
(11, 3)
(10, 3)
(9, 3)
kaikki ok
Reitin pituus: 26
(8, 3)
(7, 3)
(6, 3)
(5, 3)
(4, 3)
(4, 4)
(4, 5)
(4, 6)
(4, 7)
(4, 8)
(4, 9)
(4, 10)
(4, 11)
(4, 12)
(4, 13)
(4, 14)
(4, 15)
(4, 16)
(4, 17)
(3, 17)
(2, 17)
(1, 17)
(1, 18)
(1, 19)
(2, 19)
(3, 19)
(4, 19)
kaikki ok
Reitin pituus: 6
(2, 16)
(2, 17)
(3, 17)
(4, 17)
(4, 16)
(4, 15)
(5, 15)
kaikki ok
Reitin pituus: 8
(14, 5)
(14, 6)
(14, 7)
(14, 8)
(14, 9)
(13, 9)
(12, 9)
(12, 8)
(12, 7)
kaikki ok
Reitin pituus: 10
(6, 7)
(6, 8)
(6, 9)
(6, 10)
(6, 11)
(6, 12)
(6, 13)
(5, 13)
(4, 13)
(4, 14)
(4, 15)
kaikki ok
Reitin pituus: 11
(14, 12)
(14, 13)
(14, 14)
(14, 15)
(13, 15)
(12, 15)
(12, 16)
(12, 17)
(11, 17)
(10, 17)
(10, 18)
(10, 19)
kaikki ok
Reitin pituus: 27
(15, 1)
(14, 1)
(14, 2)
(14, 3)
(14, 4)
(14, 5)
(14, 6)
(14, 7)
(14, 8)
(14, 9)
(14, 10)
(14, 11)
(14, 12)
(14, 13)
(14, 14)
(14, 15)
(13, 15)
(12, 15)
(12, 16)
(12, 17)
(11, 17)
(10, 17)
(10, 18)
(10, 19)
(9, 19)
(8, 19)
(8, 18)
(8, 17)
kaikki ok
Reitin pituus: 15
(4, 2)
(4, 3)
(4, 4)
(4, 5)
(4, 6)
(4, 7)
(4, 8)
(4, 9)
(4, 10)
(4, 11)
(4, 12)
(4, 13)
(3, 13)
(2, 13)
(1, 13)
(1, 14)
kaikki ok
Reitin pituus: 13
(12, 17)
(12, 16)
(12, 15)
(11, 15)
(10, 15)
(10, 14)
(10, 13)
(11, 13)
(12, 13)
(12, 12)
(12, 11)
(11, 11)
(10, 11)
(9, 11)
kaikki ok
Reitin pituus: 14
(8, 6)
(8, 7)
(7, 7)
(6, 7)
(6, 8)
(6, 9)
(6, 10)
(6, 11)
(6, 12)
(6, 13)
(7, 13)
(8, 13)
(8, 14)
(8, 15)
(9, 15)
kaikki ok
Reitin pituus: 10
(9, 9)
(9, 8)
(9, 7)
(8, 7)
(8, 6)
(8, 5)
(7, 5)
(6, 5)
(6, 4)
(6, 3)
(7, 3)
kaikki ok
Reitin pituus: 11
(16, 5)
(15, 5)
(14, 5)
(14, 6)
(14, 7)
(14, 8)
(14, 9)
(13, 9)
(12, 9)
(12, 10)
(12, 11)
(11, 11)
kaikki ok
Reitin pituus: 9
(6, 4)
(6, 5)
(7, 5)
(8, 5)
(8, 6)
(8, 7)
(9, 7)
(9, 8)
(9, 9)
(8, 9)
kaikki ok
Reitin pituus: 14
(10, 2)
(10, 3)
(11, 3)
(12, 3)
(12, 4)
(12, 5)
(11, 5)
(10, 5)
(10, 6)
(10, 7)
(11, 7)
(12, 7)
(12, 8)
(12, 9)
(12, 10)
kaikki ok
Reitin pituus: 16
(4, 1)
(4, 2)
(4, 3)
(5, 3)
(6, 3)
(7, 3)
(8, 3)
(9, 3)
(10, 3)
(11, 3)
(12, 3)
(13, 3)
(14, 3)
(15, 3)
(16, 3)
(17, 3)
(17, 2)
kaikki ok
Reitin pituus: 21
(7, 13)
(6, 13)
(6, 12)
(6, 11)
(7, 11)
(8, 11)
(9, 11)
(10, 11)
(11, 11)
(12, 11)
(12, 10)
(12, 9)
(13, 9)
(14, 9)
(14, 8)
(14, 7)
(14, 6)
(14, 5)
(15, 5)
(16, 5)
(17, 5)
(17, 4)
kaikki ok
Reitin pituus: 7
(8, 14)
(8, 13)
(7, 13)
(6, 13)
(5, 13)
(4, 13)
(4, 12)
(4, 11)
kaikki ok
Reitin pituus: 11
(10, 11)
(11, 11)
(12, 11)
(12, 10)
(12, 9)
(12, 8)
(12, 7)
(11, 7)
(10, 7)
(9, 7)
(9, 8)
(9, 9)
kaikki ok
Reitin pituus: 16
(12, 3)
(13, 3)
(14, 3)
(14, 4)
(14, 5)
(14, 6)
(14, 7)
(14, 8)
(14, 9)
(13, 9)
(12, 9)
(12, 10)
(12, 11)
(12, 12)
(12, 13)
(11, 13)
(10, 13)
kaikki ok
Reitin pituus: 6
(5, 1)
(4, 1)
(4, 2)
(4, 3)
(4, 4)
(4, 5)
(4, 6)
kaikki ok
Reitin pituus: 20
(2, 13)
(3, 13)
(4, 13)
(5, 13)
(6, 13)
(6, 12)
(6, 11)
(7, 11)
(8, 11)
(9, 11)
(10, 11)
(11, 11)
(12, 11)
(12, 10)
(12, 9)
(13, 9)
(14, 9)
(14, 8)
(14, 7)
(14, 6)
(14, 5)
kaikki ok
Reitin pituus: 12
(14, 4)
(14, 3)
(13, 3)
(12, 3)
(12, 4)
(12, 5)
(11, 5)
(10, 5)
(10, 6)
(10, 7)
(9, 7)
(8, 7)
(8, 6)
kaikki ok
Reitin pituus: 26
(1, 1)
(1, 2)
(1, 3)
(1, 4)
(1, 5)
(2, 5)
(3, 5)
(4, 5)
(4, 6)
(4, 7)
(4, 8)
(4, 9)
(4, 10)
(4, 11)
(4, 12)
(4, 13)
(4, 14)
(4, 15)
(5, 15)
(6, 15)
(6, 16)
(6, 17)
(7, 17)
(8, 17)
(8, 18)
(8, 19)
(7, 19)
kaikki ok
Reitin pituus: 12
(1, 14)
(1, 13)
(2, 13)
(3, 13)
(4, 13)
(5, 13)
(6, 13)
(7, 13)
(8, 13)
(8, 14)
(8, 15)
(9, 15)
(10, 15)
kaikki ok
Reitin pituus: 30
(13, 1)
(14, 1)
(14, 2)
(14, 3)
(14, 4)
(14, 5)
(14, 6)
(14, 7)
(14, 8)
(14, 9)
(14, 10)
(14, 11)
(14, 12)
(14, 13)
(14, 14)
(14, 15)
(13, 15)
(12, 15)
(12, 16)
(12, 17)
(11, 17)
(10, 17)
(10, 18)
(10, 19)
(9, 19)
(8, 19)
(7, 19)
(6, 19)
(5, 19)
(4, 19)
(3, 19)
kaikki ok
Reitin pituus: 12
(12, 11)
(12, 12)
(12, 13)
(11, 13)
(10, 13)
(10, 14)
(10, 15)
(11, 15)
(12, 15)
(12, 16)
(12, 17)
(11, 17)
(10, 17)
kaikki ok
Reitin pituus: 21
(10, 19)
(10, 18)
(10, 17)
(11, 17)
(12, 17)
(12, 16)
(12, 15)
(13, 15)
(14, 15)
(14, 14)
(14, 13)
(14, 12)
(14, 11)
(14, 10)
(14, 9)
(14, 8)
(14, 7)
(14, 6)
(14, 5)
(15, 5)
(16, 5)
(17, 5)
kaikki ok
Reitin pituus: 19
(12, 3)
(12, 4)
(12, 5)
(11, 5)
(10, 5)
(10, 6)
(10, 7)
(9, 7)
(8, 7)
(7, 7)
(6, 7)
(6, 8)
(6, 9)
(6, 10)
(6, 11)
(6, 12)
(6, 13)
(7, 13)
(8, 13)
(8, 14)
kaikki ok
Reitin pituus: 13
(4, 13)
(5, 13)
(6, 13)
(6, 12)
(6, 11)
(6, 10)
(6, 9)
(6, 8)
(6, 7)
(7, 7)
(8, 7)
(9, 7)
(10, 7)
(10, 6)
kaikki ok
Reitin pituus: 19
(17, 14)
(17, 13)
(16, 13)
(15, 13)
(14, 13)
(14, 12)
(14, 11)
(14, 10)
(14, 9)
(14, 8)
(14, 7)
(14, 6)
(14, 5)
(14, 4)
(14, 3)
(14, 2)
(14, 1)
(15, 1)
(16, 1)
(17, 1)
kaikki ok
Reitin pituus: 10
(2, 19)
(1, 19)
(1, 18)
(1, 17)
(2, 17)
(2, 16)
(2, 15)
(1, 15)
(1, 14)
(1, 13)
(2, 13)
kaikki ok
Reitin pituus: 13
(4, 9)
(4, 10)
(4, 11)
(4, 12)
(4, 13)
(4, 14)
(4, 15)
(4, 16)
(4, 17)
(3, 17)
(2, 17)
(1, 17)
(1, 18)
(1, 19)
kaikki ok
Reitin pituus: 4
(6, 11)
(6, 12)
(6, 13)
(7, 13)
(8, 13)
kaikki ok
Reitin pituus: 13
(2, 16)
(2, 17)
(3, 17)
(4, 17)
(4, 16)
(4, 15)
(4, 14)
(4, 13)
(5, 13)
(6, 13)
(6, 12)
(6, 11)
(7, 11)
(8, 11)
kaikki ok
Reitin pituus: 22
(6, 15)
(7, 15)
(8, 15)
(9, 15)
(10, 15)
(10, 14)
(10, 13)
(11, 13)
(12, 13)
(12, 12)
(12, 11)
(12, 10)
(12, 9)
(13, 9)
(14, 9)
(14, 8)
(14, 7)
(14, 6)
(14, 5)
(15, 5)
(16, 5)
(17, 5)
(17, 4)
kaikki ok
Reitin pituus: 9
(5, 9)
(4, 9)
(4, 10)
(4, 11)
(4, 12)
(4, 13)
(3, 13)
(2, 13)
(1, 13)
(1, 14)
kaikki ok
Reitin pituus: 5
(3, 13)
(4, 13)
(4, 14)
(4, 15)
(5, 15)
(6, 15)
kaikki ok
Reitin pituus: 18
(8, 2)
(8, 3)
(9, 3)
(10, 3)
(11, 3)
(12, 3)
(13, 3)
(14, 3)
(14, 4)
(14, 5)
(14, 6)
(14, 7)
(14, 8)
(14, 9)
(14, 10)
(14, 11)
(14, 12)
(14, 13)
(14, 14)
kaikki ok
Reitin pituus: 8
(14, 6)
(14, 7)
(14, 8)
(14, 9)
(14, 10)
(14, 11)
(14, 12)
(14, 13)
(14, 14)
kaikki ok
Reitin pituus: 8
(11, 13)
(10, 13)
(10, 14)
(10, 15)
(9, 15)
(8, 15)
(7, 15)
(6, 15)
(5, 15)
kaikki ok
Reitin pituus: 19
(4, 4)
(4, 5)
(4, 6)
(4, 7)
(4, 8)
(4, 9)
(5, 9)
(6, 9)
(6, 10)
(6, 11)
(6, 12)
(6, 13)
(7, 13)
(8, 13)
(8, 14)
(8, 15)
(9, 15)
(10, 15)
(11, 15)
(12, 15)
kaikki ok
Reitin pituus: 14
(2, 19)
(1, 19)
(1, 18)
(1, 17)
(2, 17)
(3, 17)
(4, 17)
(4, 16)
(4, 15)
(5, 15)
(6, 15)
(7, 15)
(8, 15)
(9, 15)
(10, 15)
kaikki ok
Reitin pituus: 18
(4, 8)
(4, 7)
(4, 6)
(4, 5)
(4, 4)
(4, 3)
(5, 3)
(6, 3)
(7, 3)
(8, 3)
(9, 3)
(10, 3)
(10, 2)
(10, 1)
(11, 1)
(12, 1)
(13, 1)
(14, 1)
(15, 1)
kaikki ok
Reitin pituus: 17
(12, 3)
(13, 3)
(14, 3)
(14, 4)
(14, 5)
(14, 6)
(14, 7)
(14, 8)
(14, 9)
(14, 10)
(14, 11)
(14, 12)
(14, 13)
(14, 14)
(14, 15)
(13, 15)
(12, 15)
(11, 15)
kaikki ok
Reitin pituus: 20
(1, 14)
(1, 13)
(2, 13)
(3, 13)
(4, 13)
(5, 13)
(6, 13)
(6, 12)
(6, 11)
(7, 11)
(8, 11)
(9, 11)
(10, 11)
(11, 11)
(12, 11)
(12, 12)
(12, 13)
(13, 13)
(14, 13)
(14, 12)
(14, 11)
kaikki ok
Reitin pituus: 17
(9, 11)
(10, 11)
(11, 11)
(12, 11)
(12, 10)
(12, 9)
(13, 9)
(14, 9)
(14, 8)
(14, 7)
(14, 6)
(14, 5)
(14, 4)
(14, 3)
(15, 3)
(16, 3)
(17, 3)
(17, 2)
kaikki ok
Reitin pituus: 21
(15, 5)
(14, 5)
(14, 6)
(14, 7)
(14, 8)
(14, 9)
(14, 10)
(14, 11)
(14, 12)
(14, 13)
(14, 14)
(14, 15)
(13, 15)
(12, 15)
(12, 16)
(12, 17)
(11, 17)
(10, 17)
(10, 18)
(10, 19)
(11, 19)
(12, 19)
kaikki ok
Reitin pituus: 10
(14, 9)
(13, 9)
(12, 9)
(12, 10)
(12, 11)
(11, 11)
(10, 11)
(9, 11)
(8, 11)
(7, 11)
(6, 11)
kaikki ok
Reitin pituus: 27
(17, 13)
(16, 13)
(15, 13)
(14, 13)
(14, 12)
(14, 11)
(14, 10)
(14, 9)
(13, 9)
(12, 9)
(12, 8)
(12, 7)
(11, 7)
(10, 7)
(9, 7)
(8, 7)
(8, 6)
(8, 5)
(7, 5)
(6, 5)
(6, 4)
(6, 3)
(5, 3)
(4, 3)
(3, 3)
(2, 3)
(1, 3)
(1, 2)
kaikki ok
Reitin pituus: 5
(1, 4)
(1, 5)
(2, 5)
(3, 5)
(4, 5)
(4, 6)
kaikki ok
Reitin pituus: 18
(14, 17)
(14, 16)
(14, 15)
(13, 15)
(12, 15)
(12, 16)
(12, 17)
(11, 17)
(10, 17)
(10, 18)
(10, 19)
(9, 19)
(8, 19)
(7, 19)
(6, 19)
(5, 19)
(4, 19)
(3, 19)
(2, 19)
kaikki ok
Reitin pituus: 19
(14, 13)
(13, 13)
(12, 13)
(12, 12)
(12, 11)
(11, 11)
(10, 11)
(9, 11)
(8, 11)
(7, 11)
(6, 11)
(6, 10)
(6, 9)
(5, 9)
(4, 9)
(4, 8)
(4, 7)
(4, 6)
(4, 5)
(3, 5)
kaikki ok
Reitin pituus: 24
(14, 19)
(15, 19)
(16, 19)
(17, 19)
(17, 18)
(17, 17)
(16, 17)
(15, 17)
(14, 17)
(14, 16)
(14, 15)
(14, 14)
(14, 13)
(14, 12)
(14, 11)
(14, 10)
(14, 9)
(14, 8)
(14, 7)
(14, 6)
(14, 5)
(14, 4)
(14, 3)
(14, 2)
(14, 1)
kaikki ok
Reitin pituus: 17
(17, 18)
(17, 17)
(16, 17)
(15, 17)
(14, 17)
(14, 16)
(14, 15)
(13, 15)
(12, 15)
(11, 15)
(10, 15)
(9, 15)
(8, 15)
(8, 14)
(8, 13)
(7, 13)
(6, 13)
(6, 12)
kaikki ok
Reitin pituus: 16
(14, 10)
(14, 11)
(14, 12)
(14, 13)
(14, 14)
(14, 15)
(13, 15)
(12, 15)
(11, 15)
(10, 15)
(9, 15)
(8, 15)
(7, 15)
(6, 15)
(5, 15)
(4, 15)
(4, 16)
kaikki ok
Reitin pituus: 8
(17, 2)
(17, 3)
(17, 4)
(17, 5)
(16, 5)
(15, 5)
(14, 5)
(14, 6)
(14, 7)
kaikki ok
Reitin pituus: 5
(10, 6)
(10, 7)
(9, 7)
(8, 7)
(7, 7)
(6, 7)
kaikki ok
Reitin pituus: 8
(10, 11)
(9, 11)
(8, 11)
(7, 11)
(6, 11)
(6, 12)
(6, 13)
(5, 13)
(4, 13)
kaikki ok
Reitin pituus: 32
(1, 1)
(1, 2)
(1, 3)
(1, 4)
(1, 5)
(2, 5)
(3, 5)
(4, 5)
(4, 6)
(4, 7)
(4, 8)
(4, 9)
(4, 10)
(4, 11)
(4, 12)
(4, 13)
(4, 14)
(4, 15)
(5, 15)
(6, 15)
(6, 16)
(6, 17)
(7, 17)
(8, 17)
(8, 18)
(8, 19)
(9, 19)
(10, 19)
(11, 19)
(12, 19)
(13, 19)
(14, 19)
(15, 19)
kaikki ok
Reitin pituus: 26
(15, 5)
(14, 5)
(14, 6)
(14, 7)
(14, 8)
(14, 9)
(13, 9)
(12, 9)
(12, 10)
(12, 11)
(11, 11)
(10, 11)
(9, 11)
(8, 11)
(7, 11)
(6, 11)
(6, 12)
(6, 13)
(5, 13)
(4, 13)
(4, 14)
(4, 15)
(4, 16)
(4, 17)
(3, 17)
(2, 17)
(1, 17)
kaikki ok
Reitin pituus: 0
(4, 17)
kaikki ok
Reitin pituus: 13
(6, 12)
(6, 11)
(7, 11)
(8, 11)
(9, 11)
(10, 11)
(11, 11)
(12, 11)
(12, 12)
(12, 13)
(13, 13)
(14, 13)
(15, 13)
(16, 13)
kaikki ok
Reitin pituus: 11
(1, 13)
(1, 14)
(1, 15)
(2, 15)
(2, 16)
(2, 17)
(1, 17)
(1, 18)
(1, 19)
(2, 19)
(3, 19)
(4, 19)
kaikki ok
Reitin pituus: 24
(17, 13)
(16, 13)
(15, 13)
(14, 13)
(14, 12)
(14, 11)
(14, 10)
(14, 9)
(13, 9)
(12, 9)
(12, 8)
(12, 7)
(11, 7)
(10, 7)
(9, 7)
(8, 7)
(8, 6)
(8, 5)
(7, 5)
(6, 5)
(6, 4)
(6, 3)
(5, 3)
(4, 3)
(4, 2)
kaikki ok
Reitin pituus: 2
(4, 12)
(4, 13)
(5, 13)
kaikki ok
Reitin pituus: 15
(7, 1)
(8, 1)
(8, 2)
(8, 3)
(9, 3)
(10, 3)
(11, 3)
(12, 3)
(13, 3)
(14, 3)
(14, 4)
(14, 5)
(14, 6)
(14, 7)
(14, 8)
(14, 9)
kaikki ok
Reitin pituus: 3
(14, 17)
(14, 16)
(14, 15)
(14, 14)
kaikki ok
Reitin pituus: 19
(12, 13)
(11, 13)
(10, 13)
(10, 14)
(10, 15)
(9, 15)
(8, 15)
(7, 15)
(6, 15)
(5, 15)
(4, 15)
(4, 16)
(4, 17)
(3, 17)
(2, 17)
(1, 17)
(1, 18)
(1, 19)
(2, 19)
(3, 19)
kaikki ok
Reitin pituus: 14
(4, 13)
(4, 14)
(4, 15)
(5, 15)
(6, 15)
(7, 15)
(8, 15)
(9, 15)
(10, 15)
(11, 15)
(12, 15)
(12, 16)
(12, 17)
(11, 17)
(10, 17)
kaikki ok
Reitin pituus: 13
(7, 11)
(6, 11)
(6, 12)
(6, 13)
(7, 13)
(8, 13)
(8, 14)
(8, 15)
(9, 15)
(10, 15)
(11, 15)
(12, 15)
(12, 16)
(12, 17)
kaikki ok
Reitin pituus: 7
(6, 5)
(6, 4)
(6, 3)
(5, 3)
(4, 3)
(4, 4)
(4, 5)
(4, 6)
kaikki ok
Reitin pituus: 19
(9, 8)
(9, 7)
(8, 7)
(7, 7)
(6, 7)
(6, 8)
(6, 9)
(5, 9)
(4, 9)
(4, 10)
(4, 11)
(4, 12)
(4, 13)
(4, 14)
(4, 15)
(4, 16)
(4, 17)
(3, 17)
(2, 17)
(1, 17)
kaikki ok
Reitin pituus: 24
(10, 17)
(11, 17)
(12, 17)
(12, 16)
(12, 15)
(11, 15)
(10, 15)
(9, 15)
(8, 15)
(8, 14)
(8, 13)
(7, 13)
(6, 13)
(6, 12)
(6, 11)
(6, 10)
(6, 9)
(6, 8)
(6, 7)
(7, 7)
(8, 7)
(8, 6)
(8, 5)
(7, 5)
(6, 5)
kaikki ok
Reitin pituus: 13
(6, 15)
(7, 15)
(8, 15)
(9, 15)
(10, 15)
(11, 15)
(12, 15)
(13, 15)
(14, 15)
(14, 16)
(14, 17)
(15, 17)
(16, 17)
(16, 16)
kaikki ok
Reitin pituus: 9
(2, 3)
(3, 3)
(4, 3)
(5, 3)
(6, 3)
(7, 3)
(8, 3)
(9, 3)
(10, 3)
(10, 2)
kaikki ok
Reitin pituus: 14
(4, 15)
(4, 14)
(4, 13)
(4, 12)
(4, 11)
(4, 10)
(4, 9)
(4, 8)
(4, 7)
(4, 6)
(4, 5)
(3, 5)
(2, 5)
(1, 5)
(1, 4)
kaikki ok
Reitin pituus: 10
(13, 9)
(14, 9)
(14, 8)
(14, 7)
(14, 6)
(14, 5)
(14, 4)
(14, 3)
(13, 3)
(12, 3)
(12, 4)
kaikki ok
Reitin pituus: 18
(8, 13)
(7, 13)
(6, 13)
(5, 13)
(4, 13)
(4, 12)
(4, 11)
(4, 10)
(4, 9)
(4, 8)
(4, 7)
(4, 6)
(4, 5)
(4, 4)
(4, 3)
(4, 2)
(4, 1)
(3, 1)
(2, 1)
kaikki ok
Reitin pituus: 25
(8, 17)
(7, 17)
(6, 17)
(6, 16)
(6, 15)
(7, 15)
(8, 15)
(9, 15)
(10, 15)
(10, 14)
(10, 13)
(11, 13)
(12, 13)
(12, 12)
(12, 11)
(12, 10)
(12, 9)
(12, 8)
(12, 7)
(11, 7)
(10, 7)
(10, 6)
(10, 5)
(11, 5)
(12, 5)
(12, 4)
kaikki ok
Reitin pituus: 6
(10, 1)
(10, 2)
(10, 3)
(9, 3)
(8, 3)
(8, 2)
(8, 1)
kaikki ok
Reitin pituus: 10
(8, 2)
(8, 3)
(9, 3)
(10, 3)
(11, 3)
(12, 3)
(13, 3)
(14, 3)
(15, 3)
(16, 3)
(17, 3)
kaikki ok
Reitin pituus: 2
(2, 1)
(3, 1)
(4, 1)
kaikki ok
Reitin pituus: 22
(1, 13)
(2, 13)
(3, 13)
(4, 13)
(5, 13)
(6, 13)
(7, 13)
(8, 13)
(8, 14)
(8, 15)
(9, 15)
(10, 15)
(11, 15)
(12, 15)
(13, 15)
(14, 15)
(14, 16)
(14, 17)
(15, 17)
(16, 17)
(17, 17)
(17, 18)
(17, 19)
kaikki ok
Reitin pituus: 19
(10, 13)
(11, 13)
(12, 13)
(13, 13)
(14, 13)
(14, 12)
(14, 11)
(14, 10)
(14, 9)
(14, 8)
(14, 7)
(14, 6)
(14, 5)
(14, 4)
(14, 3)
(14, 2)
(14, 1)
(15, 1)
(16, 1)
(17, 1)
kaikki ok
Reitin pituus: 5
(14, 6)
(14, 5)
(14, 4)
(14, 3)
(13, 3)
(12, 3)
kaikki ok
Reitin pituus: 10
(11, 17)
(12, 17)
(12, 16)
(12, 15)
(11, 15)
(10, 15)
(9, 15)
(8, 15)
(7, 15)
(6, 15)
(6, 16)
kaikki ok
Reitin pituus: 18
(10, 17)
(11, 17)
(12, 17)
(12, 16)
(12, 15)
(13, 15)
(14, 15)
(14, 14)
(14, 13)
(14, 12)
(14, 11)
(14, 10)
(14, 9)
(14, 8)
(14, 7)
(14, 6)
(14, 5)
(14, 4)
(14, 3)
kaikki ok
Reitin pituus: 8
(4, 12)
(4, 11)
(4, 10)
(4, 9)
(4, 8)
(4, 7)
(4, 6)
(4, 5)
(4, 4)
kaikki ok
Reitin pituus: 11
(17, 13)
(16, 13)
(15, 13)
(14, 13)
(14, 12)
(14, 11)
(14, 10)
(14, 9)
(13, 9)
(12, 9)
(12, 8)
(12, 7)
kaikki ok
Reitin pituus: 9
(6, 11)
(6, 10)
(6, 9)
(5, 9)
(4, 9)
(4, 8)
(4, 7)
(4, 6)
(4, 5)
(4, 4)
kaikki ok
Reitin pituus: 9
(9, 3)
(10, 3)
(11, 3)
(12, 3)
(13, 3)
(14, 3)
(14, 4)
(14, 5)
(15, 5)
(16, 5)
kaikki ok
Reitin pituus: 14
(6, 9)
(6, 8)
(6, 7)
(7, 7)
(8, 7)
(9, 7)
(10, 7)
(10, 6)
(10, 5)
(11, 5)
(12, 5)
(12, 4)
(12, 3)
(11, 3)
(10, 3)
kaikki ok
Reitin pituus: 16
(15, 17)
(14, 17)
(14, 16)
(14, 15)
(14, 14)
(14, 13)
(13, 13)
(12, 13)
(12, 12)
(12, 11)
(12, 10)
(12, 9)
(12, 8)
(12, 7)
(11, 7)
(10, 7)
(9, 7)
kaikki ok
Reitin pituus: 18
(2, 15)
(1, 15)
(1, 14)
(1, 13)
(2, 13)
(3, 13)
(4, 13)
(4, 12)
(4, 11)
(4, 10)
(4, 9)
(4, 8)
(4, 7)
(4, 6)
(4, 5)
(4, 4)
(4, 3)
(4, 2)
(4, 1)
kaikki ok
Reitin pituus: 20
(8, 1)
(8, 2)
(8, 3)
(9, 3)
(10, 3)
(11, 3)
(12, 3)
(13, 3)
(14, 3)
(14, 4)
(14, 5)
(14, 6)
(14, 7)
(14, 8)
(14, 9)
(13, 9)
(12, 9)
(12, 10)
(12, 11)
(12, 12)
(12, 13)
kaikki ok
Reitin pituus: 13
(13, 13)
(14, 13)
(14, 14)
(14, 15)
(13, 15)
(12, 15)
(12, 16)
(12, 17)
(11, 17)
(10, 17)
(10, 18)
(10, 19)
(11, 19)
(12, 19)
kaikki ok
Reitin pituus: 16
(1, 13)
(2, 13)
(3, 13)
(4, 13)
(5, 13)
(6, 13)
(7, 13)
(8, 13)
(8, 14)
(8, 15)
(9, 15)
(10, 15)
(11, 15)
(12, 15)
(12, 16)
(12, 17)
(11, 17)
kaikki ok
Reitin pituus: 10
(5, 13)
(4, 13)
(4, 14)
(4, 15)
(5, 15)
(6, 15)
(6, 16)
(6, 17)
(7, 17)
(8, 17)
(8, 18)
kaikki ok
Reitin pituus: 8
(1, 15)
(2, 15)
(2, 16)
(2, 17)
(3, 17)
(4, 17)
(4, 16)
(4, 15)
(5, 15)
kaikki ok
Reitin pituus: 24
(5, 1)
(4, 1)
(4, 2)
(4, 3)
(4, 4)
(4, 5)
(4, 6)
(4, 7)
(4, 8)
(4, 9)
(5, 9)
(6, 9)
(6, 10)
(6, 11)
(6, 12)
(6, 13)
(7, 13)
(8, 13)
(8, 14)
(8, 15)
(9, 15)
(10, 15)
(11, 15)
(12, 15)
(12, 16)
kaikki ok
Reitin pituus: 14
(15, 13)
(14, 13)
(14, 12)
(14, 11)
(14, 10)
(14, 9)
(14, 8)
(14, 7)
(14, 6)
(14, 5)
(14, 4)
(14, 3)
(14, 2)
(14, 1)
(13, 1)
kaikki ok
Reitin pituus: 9
(2, 13)
(3, 13)
(4, 13)
(4, 14)
(4, 15)
(5, 15)
(6, 15)
(6, 16)
(6, 17)
(7, 17)
kaikki ok
Reitin pituus: 20
(12, 3)
(13, 3)
(14, 3)
(14, 4)
(14, 5)
(14, 6)
(14, 7)
(14, 8)
(14, 9)
(14, 10)
(14, 11)
(14, 12)
(14, 13)
(14, 14)
(14, 15)
(13, 15)
(12, 15)
(12, 16)
(12, 17)
(11, 17)
(10, 17)
kaikki ok
Reitin pituus: 25
(14, 1)
(14, 2)
(14, 3)
(13, 3)
(12, 3)
(12, 4)
(12, 5)
(11, 5)
(10, 5)
(10, 6)
(10, 7)
(9, 7)
(8, 7)
(7, 7)
(6, 7)
(6, 8)
(6, 9)
(6, 10)
(6, 11)
(6, 12)
(6, 13)
(5, 13)
(4, 13)
(3, 13)
(2, 13)
(1, 13)
kaikki ok
Reitin pituus: 15
(8, 9)
(9, 9)
(9, 8)
(9, 7)
(8, 7)
(7, 7)
(6, 7)
(6, 8)
(6, 9)
(6, 10)
(6, 11)
(6, 12)
(6, 13)
(7, 13)
(8, 13)
(8, 14)
kaikki ok
Reitin pituus: 20
(4, 4)
(4, 5)
(4, 6)
(4, 7)
(4, 8)
(4, 9)
(5, 9)
(6, 9)
(6, 10)
(6, 11)
(7, 11)
(8, 11)
(9, 11)
(10, 11)
(11, 11)
(12, 11)
(12, 12)
(12, 13)
(13, 13)
(14, 13)
(15, 13)
kaikki ok
Reitin pituus: 23
(4, 14)
(4, 13)
(4, 12)
(4, 11)
(4, 10)
(4, 9)
(4, 8)
(4, 7)
(4, 6)
(4, 5)
(4, 4)
(4, 3)
(5, 3)
(6, 3)
(7, 3)
(8, 3)
(9, 3)
(10, 3)
(10, 2)
(10, 1)
(11, 1)
(12, 1)
(13, 1)
(14, 1)
kaikki ok
Reitin pituus: 15
(16, 15)
(16, 16)
(16, 17)
(17, 17)
(17, 18)
(17, 19)
(16, 19)
(15, 19)
(14, 19)
(13, 19)
(12, 19)
(11, 19)
(10, 19)
(9, 19)
(8, 19)
(8, 18)
kaikki ok
Reitin pituus: 8
(12, 5)
(12, 4)
(12, 3)
(11, 3)
(10, 3)
(9, 3)
(8, 3)
(7, 3)
(6, 3)
kaikki ok
Reitin pituus: 15
(14, 6)
(14, 5)
(14, 4)
(14, 3)
(13, 3)
(12, 3)
(11, 3)
(10, 3)
(9, 3)
(8, 3)
(7, 3)
(6, 3)
(5, 3)
(4, 3)
(4, 4)
(4, 5)
kaikki ok
Reitin pituus: 14
(16, 13)
(15, 13)
(14, 13)
(13, 13)
(12, 13)
(12, 12)
(12, 11)
(12, 10)
(12, 9)
(12, 8)
(12, 7)
(11, 7)
(10, 7)
(10, 6)
(10, 5)
kaikki ok
Reitin pituus: 14
(17, 2)
(17, 3)
(16, 3)
(15, 3)
(14, 3)
(13, 3)
(12, 3)
(11, 3)
(10, 3)
(9, 3)
(8, 3)
(7, 3)
(6, 3)
(5, 3)
(4, 3)
kaikki ok
Reitin pituus: 3
(14, 8)
(14, 7)
(14, 6)
(14, 5)
kaikki ok
Reitin pituus: 13
(8, 1)
(8, 2)
(8, 3)
(9, 3)
(10, 3)
(11, 3)
(12, 3)
(13, 3)
(14, 3)
(15, 3)
(16, 3)
(17, 3)
(17, 4)
(17, 5)
kaikki ok
Reitin pituus: 19
(12, 1)
(13, 1)
(14, 1)
(14, 2)
(14, 3)
(14, 4)
(14, 5)
(14, 6)
(14, 7)
(14, 8)
(14, 9)
(14, 10)
(14, 11)
(14, 12)
(14, 13)
(14, 14)
(14, 15)
(14, 16)
(14, 17)
(15, 17)
kaikki ok
Reitin pituus: 11
(17, 18)
(17, 19)
(16, 19)
(15, 19)
(14, 19)
(13, 19)
(12, 19)
(11, 19)
(10, 19)
(9, 19)
(8, 19)
(8, 18)
kaikki ok
Reitin pituus: 15
(1, 3)
(2, 3)
(3, 3)
(4, 3)
(5, 3)
(6, 3)
(7, 3)
(8, 3)
(9, 3)
(10, 3)
(10, 2)
(10, 1)
(11, 1)
(12, 1)
(13, 1)
(14, 1)
kaikki ok
Reitin pituus: 6
(10, 13)
(11, 13)
(12, 13)
(12, 12)
(12, 11)
(12, 10)
(12, 9)
kaikki ok
Reitin pituus: 15
(7, 11)
(8, 11)
(9, 11)
(10, 11)
(11, 11)
(12, 11)
(12, 12)
(12, 13)
(13, 13)
(14, 13)
(14, 14)
(14, 15)
(14, 16)
(14, 17)
(15, 17)
(16, 17)
kaikki ok
Reitin pituus: 15
(10, 9)
(9, 9)
(9, 8)
(9, 7)
(10, 7)
(10, 6)
(10, 5)
(11, 5)
(12, 5)
(12, 4)
(12, 3)
(13, 3)
(14, 3)
(15, 3)
(16, 3)
(17, 3)
kaikki ok
Reitin pituus: 9
(14, 11)
(14, 12)
(14, 13)
(14, 14)
(14, 15)
(13, 15)
(12, 15)
(12, 16)
(12, 17)
(11, 17)
kaikki ok
Reitin pituus: 15
(14, 15)
(14, 14)
(14, 13)
(14, 12)
(14, 11)
(14, 10)
(14, 9)
(14, 8)
(14, 7)
(14, 6)
(14, 5)
(14, 4)
(14, 3)
(15, 3)
(16, 3)
(17, 3)
kaikki ok
Reitin pituus: 24
(9, 3)
(10, 3)
(11, 3)
(12, 3)
(13, 3)
(14, 3)
(14, 4)
(14, 5)
(14, 6)
(14, 7)
(14, 8)
(14, 9)
(14, 10)
(14, 11)
(14, 12)
(14, 13)
(14, 14)
(14, 15)
(13, 15)
(12, 15)
(12, 16)
(12, 17)
(11, 17)
(10, 17)
(10, 18)
kaikki ok
Reitin pituus: 29
(15, 17)
(14, 17)
(14, 16)
(14, 15)
(14, 14)
(14, 13)
(13, 13)
(12, 13)
(12, 12)
(12, 11)
(12, 10)
(12, 9)
(12, 8)
(12, 7)
(11, 7)
(10, 7)
(9, 7)
(8, 7)
(8, 6)
(8, 5)
(7, 5)
(6, 5)
(6, 4)
(6, 3)
(5, 3)
(4, 3)
(3, 3)
(2, 3)
(1, 3)
(1, 2)
kaikki ok
Reitin pituus: 21
(3, 19)
(2, 19)
(1, 19)
(1, 18)
(1, 17)
(2, 17)
(3, 17)
(4, 17)
(4, 16)
(4, 15)
(4, 14)
(4, 13)
(4, 12)
(4, 11)
(4, 10)
(4, 9)
(4, 8)
(4, 7)
(4, 6)
(4, 5)
(4, 4)
(4, 3)
kaikki ok
Reitin pituus: 19
(1, 15)
(2, 15)
(2, 16)
(2, 17)
(3, 17)
(4, 17)
(4, 16)
(4, 15)
(5, 15)
(6, 15)
(7, 15)
(8, 15)
(9, 15)
(10, 15)
(11, 15)
(12, 15)
(13, 15)
(14, 15)
(14, 16)
(14, 17)
kaikki ok
Reitin pituus: 19
(14, 16)
(14, 15)
(13, 15)
(12, 15)
(11, 15)
(10, 15)
(9, 15)
(8, 15)
(8, 14)
(8, 13)
(7, 13)
(6, 13)
(6, 12)
(6, 11)
(6, 10)
(6, 9)
(5, 9)
(4, 9)
(4, 8)
(4, 7)
kaikki ok
Reitin pituus: 5
(8, 11)
(9, 11)
(10, 11)
(11, 11)
(12, 11)
(12, 12)
kaikki ok
Reitin pituus: 32
(3, 1)
(4, 1)
(4, 2)
(4, 3)
(4, 4)
(4, 5)
(4, 6)
(4, 7)
(4, 8)
(4, 9)
(4, 10)
(4, 11)
(4, 12)
(4, 13)
(4, 14)
(4, 15)
(5, 15)
(6, 15)
(6, 16)
(6, 17)
(7, 17)
(8, 17)
(8, 18)
(8, 19)
(9, 19)
(10, 19)
(11, 19)
(12, 19)
(13, 19)
(14, 19)
(15, 19)
(16, 19)
(17, 19)
kaikki ok
Reitin pituus: 28
(6, 19)
(7, 19)
(8, 19)
(9, 19)
(10, 19)
(10, 18)
(10, 17)
(11, 17)
(12, 17)
(12, 16)
(12, 15)
(13, 15)
(14, 15)
(14, 14)
(14, 13)
(14, 12)
(14, 11)
(14, 10)
(14, 9)
(14, 8)
(14, 7)
(14, 6)
(14, 5)
(14, 4)
(14, 3)
(14, 2)
(14, 1)
(15, 1)
(16, 1)
kaikki ok
Reitin pituus: 27
(7, 1)
(8, 1)
(8, 2)
(8, 3)
(9, 3)
(10, 3)
(11, 3)
(12, 3)
(13, 3)
(14, 3)
(14, 4)
(14, 5)
(14, 6)
(14, 7)
(14, 8)
(14, 9)
(14, 10)
(14, 11)
(14, 12)
(14, 13)
(14, 14)
(14, 15)
(13, 15)
(12, 15)
(12, 16)
(12, 17)
(11, 17)
(10, 17)
kaikki ok
Reitin pituus: 14
(4, 19)
(5, 19)
(6, 19)
(7, 19)
(8, 19)
(8, 18)
(8, 17)
(7, 17)
(6, 17)
(6, 16)
(6, 15)
(7, 15)
(8, 15)
(8, 14)
(8, 13)
kaikki ok
Reitin pituus: 10
(12, 17)
(12, 16)
(12, 15)
(13, 15)
(14, 15)
(14, 16)
(14, 17)
(15, 17)
(16, 17)
(17, 17)
(17, 18)
kaikki ok
Reitin pituus: 4
(12, 3)
(13, 3)
(14, 3)
(15, 3)
(16, 3)
kaikki ok
Reitin pituus: 19
(14, 10)
(14, 9)
(13, 9)
(12, 9)
(12, 8)
(12, 7)
(11, 7)
(10, 7)
(9, 7)
(8, 7)
(8, 6)
(8, 5)
(7, 5)
(6, 5)
(6, 4)
(6, 3)
(5, 3)
(4, 3)
(4, 2)
(4, 1)
kaikki ok
Reitin pituus: 10
(6, 16)
(6, 15)
(5, 15)
(4, 15)
(4, 14)
(4, 13)
(4, 12)
(4, 11)
(4, 10)
(4, 9)
(5, 9)
kaikki ok
Reitin pituus: 11
(4, 9)
(4, 10)
(4, 11)
(4, 12)
(4, 13)
(4, 14)
(4, 15)
(5, 15)
(6, 15)
(7, 15)
(8, 15)
(9, 15)
kaikki ok
Reitin pituus: 20
(2, 15)
(1, 15)
(1, 14)
(1, 13)
(2, 13)
(3, 13)
(4, 13)
(5, 13)
(6, 13)
(6, 12)
(6, 11)
(7, 11)
(8, 11)
(9, 11)
(10, 11)
(11, 11)
(12, 11)
(12, 10)
(12, 9)
(12, 8)
(12, 7)
kaikki ok
Reitin pituus: 11
(11, 17)
(12, 17)
(12, 16)
(12, 15)
(11, 15)
(10, 15)
(10, 14)
(10, 13)
(11, 13)
(12, 13)
(12, 12)
(12, 11)
kaikki ok
Reitin pituus: 12
(1, 19)
(1, 18)
(1, 17)
(2, 17)
(3, 17)
(4, 17)
(4, 16)
(4, 15)
(5, 15)
(6, 15)
(7, 15)
(8, 15)
(9, 15)
kaikki ok
Reitin pituus: 19
(14, 10)
(14, 9)
(13, 9)
(12, 9)
(12, 10)
(12, 11)
(11, 11)
(10, 11)
(9, 11)
(8, 11)
(7, 11)
(6, 11)
(6, 12)
(6, 13)
(5, 13)
(4, 13)
(3, 13)
(2, 13)
(1, 13)
(1, 14)
kaikki ok
Reitin pituus: 15
(6, 12)
(6, 11)
(6, 10)
(6, 9)
(5, 9)
(4, 9)
(4, 8)
(4, 7)
(4, 6)
(4, 5)
(4, 4)
(4, 3)
(5, 3)
(6, 3)
(7, 3)
(8, 3)
kaikki ok
Reitin pituus: 11
(8, 2)
(8, 3)
(9, 3)
(10, 3)
(10, 2)
(10, 1)
(11, 1)
(12, 1)
(13, 1)
(14, 1)
(15, 1)
(16, 1)
kaikki ok
Reitin pituus: 19
(16, 17)
(15, 17)
(14, 17)
(14, 16)
(14, 15)
(14, 14)
(14, 13)
(14, 12)
(14, 11)
(14, 10)
(14, 9)
(13, 9)
(12, 9)
(12, 8)
(12, 7)
(11, 7)
(10, 7)
(9, 7)
(8, 7)
(8, 6)
kaikki ok
Reitin pituus: 11
(10, 9)
(9, 9)
(9, 8)
(9, 7)
(8, 7)
(7, 7)
(6, 7)
(6, 8)
(6, 9)
(5, 9)
(4, 9)
(4, 8)
kaikki ok
Reitin pituus: 15
(1, 17)
(2, 17)
(3, 17)
(4, 17)
(4, 16)
(4, 15)
(5, 15)
(6, 15)
(7, 15)
(8, 15)
(9, 15)
(10, 15)
(11, 15)
(12, 15)
(13, 15)
(14, 15)
kaikki ok
Reitin pituus: 11
(4, 2)
(4, 3)
(5, 3)
(6, 3)
(6, 4)
(6, 5)
(7, 5)
(8, 5)
(8, 6)
(8, 7)
(9, 7)
(10, 7)
kaikki ok
Reitin pituus: 21
(4, 17)
(4, 16)
(4, 15)
(4, 14)
(4, 13)
(5, 13)
(6, 13)
(6, 12)
(6, 11)
(6, 10)
(6, 9)
(6, 8)
(6, 7)
(7, 7)
(8, 7)
(9, 7)
(10, 7)
(10, 6)
(10, 5)
(11, 5)
(12, 5)
(12, 4)
kaikki ok
Reitin pituus: 13
(14, 1)
(14, 2)
(14, 3)
(14, 4)
(14, 5)
(14, 6)
(14, 7)
(14, 8)
(14, 9)
(14, 10)
(14, 11)
(14, 12)
(14, 13)
(13, 13)
kaikki ok
Reitin pituus: 16
(12, 1)
(13, 1)
(14, 1)
(14, 2)
(14, 3)
(14, 4)
(14, 5)
(14, 6)
(14, 7)
(14, 8)
(14, 9)
(14, 10)
(14, 11)
(14, 12)
(14, 13)
(15, 13)
(16, 13)
kaikki ok
Reitin pituus: 14
(7, 11)
(8, 11)
(9, 11)
(10, 11)
(11, 11)
(12, 11)
(12, 12)
(12, 13)
(13, 13)
(14, 13)
(15, 13)
(16, 13)
(17, 13)
(17, 14)
(17, 15)
kaikki ok
Reitin pituus: 20
(14, 14)
(14, 13)
(14, 12)
(14, 11)
(14, 10)
(14, 9)
(14, 8)
(14, 7)
(14, 6)
(14, 5)
(14, 4)
(14, 3)
(13, 3)
(12, 3)
(11, 3)
(10, 3)
(9, 3)
(8, 3)
(8, 2)
(8, 1)
(7, 1)
kaikki ok
Reitin pituus: 6
(5, 19)
(6, 19)
(7, 19)
(8, 19)
(9, 19)
(10, 19)
(11, 19)
kaikki ok
Reitin pituus: 10
(12, 11)
(11, 11)
(10, 11)
(9, 11)
(8, 11)
(7, 11)
(6, 11)
(6, 10)
(6, 9)
(6, 8)
(6, 7)
kaikki ok
Reitin pituus: 15
(4, 9)
(4, 10)
(4, 11)
(4, 12)
(4, 13)
(4, 14)
(4, 15)
(5, 15)
(6, 15)
(7, 15)
(8, 15)
(9, 15)
(10, 15)
(11, 15)
(12, 15)
(13, 15)
kaikki ok
Reitin pituus: 16
(8, 3)
(7, 3)
(6, 3)
(6, 4)
(6, 5)
(7, 5)
(8, 5)
(8, 6)
(8, 7)
(7, 7)
(6, 7)
(6, 8)
(6, 9)
(6, 10)
(6, 11)
(7, 11)
(8, 11)
kaikki ok
Reitin pituus: 2
(5, 1)
(6, 1)
(7, 1)
kaikki ok
Reitin pituus: 17
(3, 1)
(4, 1)
(4, 2)
(4, 3)
(4, 4)
(4, 5)
(4, 6)
(4, 7)
(4, 8)
(4, 9)
(5, 9)
(6, 9)
(6, 10)
(6, 11)
(7, 11)
(8, 11)
(9, 11)
(10, 11)
kaikki ok
Reitin pituus: 23
(10, 18)
(10, 17)
(11, 17)
(12, 17)
(12, 16)
(12, 15)
(11, 15)
(10, 15)
(9, 15)
(8, 15)
(8, 14)
(8, 13)
(7, 13)
(6, 13)
(6, 12)
(6, 11)
(6, 10)
(6, 9)
(6, 8)
(6, 7)
(7, 7)
(8, 7)
(8, 6)
(8, 5)
kaikki ok
Reitin pituus: 7
(6, 4)
(6, 3)
(7, 3)
(8, 3)
(9, 3)
(10, 3)
(11, 3)
(12, 3)
kaikki ok
Reitin pituus: 25
(10, 17)
(11, 17)
(12, 17)
(12, 16)
(12, 15)
(11, 15)
(10, 15)
(9, 15)
(8, 15)
(8, 14)
(8, 13)
(7, 13)
(6, 13)
(6, 12)
(6, 11)
(6, 10)
(6, 9)
(6, 8)
(6, 7)
(7, 7)
(8, 7)
(8, 6)
(8, 5)
(7, 5)
(6, 5)
(6, 4)
kaikki ok
Reitin pituus: 20
(5, 3)
(6, 3)
(6, 4)
(6, 5)
(7, 5)
(8, 5)
(8, 6)
(8, 7)
(9, 7)
(10, 7)
(11, 7)
(12, 7)
(12, 8)
(12, 9)
(12, 10)
(12, 11)
(12, 12)
(12, 13)
(13, 13)
(14, 13)
(14, 14)
kaikki ok
Reitin pituus: 25
(6, 4)
(6, 3)
(5, 3)
(4, 3)
(4, 4)
(4, 5)
(4, 6)
(4, 7)
(4, 8)
(4, 9)
(4, 10)
(4, 11)
(4, 12)
(4, 13)
(4, 14)
(4, 15)
(5, 15)
(6, 15)
(6, 16)
(6, 17)
(7, 17)
(8, 17)
(8, 18)
(8, 19)
(7, 19)
(6, 19)
kaikki ok
Reitin pituus: 18
(15, 5)
(14, 5)
(14, 4)
(14, 3)
(13, 3)
(12, 3)
(11, 3)
(10, 3)
(9, 3)
(8, 3)
(7, 3)
(6, 3)
(5, 3)
(4, 3)
(3, 3)
(2, 3)
(1, 3)
(1, 2)
(1, 1)
kaikki ok
Reitin pituus: 14
(5, 1)
(4, 1)
(4, 2)
(4, 3)
(4, 4)
(4, 5)
(4, 6)
(4, 7)
(4, 8)
(4, 9)
(4, 10)
(4, 11)
(4, 12)
(4, 13)
(3, 13)
kaikki ok
Reitin pituus: 9
(8, 11)
(9, 11)
(10, 11)
(11, 11)
(12, 11)
(12, 10)
(12, 9)
(13, 9)
(14, 9)
(14, 8)
kaikki ok
Reitin pituus: 18
(17, 5)
(16, 5)
(15, 5)
(14, 5)
(14, 6)
(14, 7)
(14, 8)
(14, 9)
(14, 10)
(14, 11)
(14, 12)
(14, 13)
(15, 13)
(16, 13)
(17, 13)
(17, 14)
(17, 15)
(16, 15)
(16, 16)
kaikki ok
Reitin pituus: 17
(9, 15)
(10, 15)
(10, 14)
(10, 13)
(11, 13)
(12, 13)
(12, 12)
(12, 11)
(12, 10)
(12, 9)
(12, 8)
(12, 7)
(11, 7)
(10, 7)
(10, 6)
(10, 5)
(11, 5)
(12, 5)
kaikki ok
Reitin pituus: 3
(15, 17)
(16, 17)
(16, 16)
(16, 15)
kaikki ok
Reitin pituus: 20
(10, 7)
(9, 7)
(8, 7)
(7, 7)
(6, 7)
(6, 8)
(6, 9)
(5, 9)
(4, 9)
(4, 10)
(4, 11)
(4, 12)
(4, 13)
(4, 14)
(4, 15)
(5, 15)
(6, 15)
(6, 16)
(6, 17)
(7, 17)
(8, 17)
kaikki ok
Reitin pituus: 11
(4, 12)
(4, 11)
(4, 10)
(4, 9)
(5, 9)
(6, 9)
(6, 8)
(6, 7)
(7, 7)
(8, 7)
(8, 6)
(8, 5)
kaikki ok
Reitin pituus: 3
(8, 6)
(8, 7)
(9, 7)
(10, 7)
kaikki ok
Reitin pituus: 10
(13, 13)
(12, 13)
(12, 12)
(12, 11)
(12, 10)
(12, 9)
(12, 8)
(12, 7)
(11, 7)
(10, 7)
(9, 7)
kaikki ok
Reitin pituus: 10
(12, 9)
(13, 9)
(14, 9)
(14, 10)
(14, 11)
(14, 12)
(14, 13)
(14, 14)
(14, 15)
(14, 16)
(14, 17)
kaikki ok
Reitin pituus: 20
(17, 18)
(17, 17)
(16, 17)
(15, 17)
(14, 17)
(14, 16)
(14, 15)
(14, 14)
(14, 13)
(13, 13)
(12, 13)
(12, 12)
(12, 11)
(12, 10)
(12, 9)
(12, 8)
(12, 7)
(11, 7)
(10, 7)
(10, 6)
(10, 5)
kaikki ok
Reitin pituus: 19
(10, 9)
(9, 9)
(9, 8)
(9, 7)
(10, 7)
(11, 7)
(12, 7)
(12, 8)
(12, 9)
(12, 10)
(12, 11)
(12, 12)
(12, 13)
(11, 13)
(10, 13)
(10, 14)
(10, 15)
(11, 15)
(12, 15)
(12, 16)
kaikki ok
Reitin pituus: 18
(11, 11)
(10, 11)
(9, 11)
(8, 11)
(7, 11)
(6, 11)
(6, 10)
(6, 9)
(5, 9)
(4, 9)
(4, 8)
(4, 7)
(4, 6)
(4, 5)
(4, 4)
(4, 3)
(4, 2)
(4, 1)
(5, 1)
kaikki ok
Reitin pituus: 6
(12, 12)
(12, 13)
(11, 13)
(10, 13)
(10, 14)
(10, 15)
(9, 15)
kaikki ok
Reitin pituus: 7
(8, 2)
(8, 3)
(7, 3)
(6, 3)
(5, 3)
(4, 3)
(3, 3)
(2, 3)
kaikki ok
Reitin pituus: 30
(14, 19)
(13, 19)
(12, 19)
(11, 19)
(10, 19)
(9, 19)
(8, 19)
(8, 18)
(8, 17)
(7, 17)
(6, 17)
(6, 16)
(6, 15)
(5, 15)
(4, 15)
(4, 14)
(4, 13)
(4, 12)
(4, 11)
(4, 10)
(4, 9)
(4, 8)
(4, 7)
(4, 6)
(4, 5)
(4, 4)
(4, 3)
(3, 3)
(2, 3)
(1, 3)
(1, 2)
kaikki ok
Reitin pituus: 3
(8, 13)
(8, 14)
(8, 15)
(9, 15)
kaikki ok
Reitin pituus: 23
(12, 5)
(11, 5)
(10, 5)
(10, 6)
(10, 7)
(11, 7)
(12, 7)
(12, 8)
(12, 9)
(12, 10)
(12, 11)
(12, 12)
(12, 13)
(11, 13)
(10, 13)
(10, 14)
(10, 15)
(11, 15)
(12, 15)
(12, 16)
(12, 17)
(11, 17)
(10, 17)
(10, 18)
kaikki ok
Reitin pituus: 11
(10, 13)
(11, 13)
(12, 13)
(13, 13)
(14, 13)
(14, 14)
(14, 15)
(14, 16)
(14, 17)
(15, 17)
(16, 17)
(16, 16)
kaikki ok
Reitin pituus: 14
(6, 8)
(6, 7)
(7, 7)
(8, 7)
(9, 7)
(10, 7)
(10, 6)
(10, 5)
(11, 5)
(12, 5)
(12, 4)
(12, 3)
(13, 3)
(14, 3)
(14, 2)
kaikki ok
Reitin pituus: 12
(7, 15)
(8, 15)
(9, 15)
(10, 15)
(11, 15)
(12, 15)
(13, 15)
(14, 15)
(14, 14)
(14, 13)
(15, 13)
(16, 13)
(17, 13)
kaikki ok
Reitin pituus: 5
(6, 3)
(7, 3)
(8, 3)
(8, 2)
(8, 1)
(7, 1)
kaikki ok
Reitin pituus: 14
(14, 6)
(14, 7)
(14, 8)
(14, 9)
(13, 9)
(12, 9)
(12, 10)
(12, 11)
(11, 11)
(10, 11)
(9, 11)
(8, 11)
(7, 11)
(6, 11)
(6, 12)
kaikki ok
Reitin pituus: 12
(7, 11)
(6, 11)
(6, 10)
(6, 9)
(5, 9)
(4, 9)
(4, 8)
(4, 7)
(4, 6)
(4, 5)
(4, 4)
(4, 3)
(4, 2)
kaikki ok
Reitin pituus: 5
(14, 5)
(14, 6)
(14, 7)
(14, 8)
(14, 9)
(13, 9)
kaikki ok
Reitin pituus: 8
(6, 7)
(6, 8)
(6, 9)
(5, 9)
(4, 9)
(4, 8)
(4, 7)
(4, 6)
(4, 5)
kaikki ok
Reitin pituus: 12
(4, 14)
(4, 15)
(5, 15)
(6, 15)
(7, 15)
(8, 15)
(9, 15)
(10, 15)
(11, 15)
(12, 15)
(13, 15)
(14, 15)
(14, 16)
kaikki ok
Reitin pituus: 11
(6, 17)
(7, 17)
(8, 17)
(8, 18)
(8, 19)
(7, 19)
(6, 19)
(5, 19)
(4, 19)
(3, 19)
(2, 19)
(1, 19)
kaikki ok
Reitin pituus: 21
(6, 12)
(6, 11)
(7, 11)
(8, 11)
(9, 11)
(10, 11)
(11, 11)
(12, 11)
(12, 10)
(12, 9)
(13, 9)
(14, 9)
(14, 8)
(14, 7)
(14, 6)
(14, 5)
(14, 4)
(14, 3)
(14, 2)
(14, 1)
(15, 1)
(16, 1)
kaikki ok
Reitin pituus: 15
(4, 8)
(4, 9)
(4, 10)
(4, 11)
(4, 12)
(4, 13)
(4, 14)
(4, 15)
(5, 15)
(6, 15)
(7, 15)
(8, 15)
(9, 15)
(10, 15)
(11, 15)
(12, 15)
kaikki ok
Reitin pituus: 20
(14, 6)
(14, 7)
(14, 8)
(14, 9)
(13, 9)
(12, 9)
(12, 10)
(12, 11)
(11, 11)
(10, 11)
(9, 11)
(8, 11)
(7, 11)
(6, 11)
(6, 12)
(6, 13)
(5, 13)
(4, 13)
(3, 13)
(2, 13)
(1, 13)
kaikki ok
Reitin pituus: 12
(10, 2)
(10, 3)
(11, 3)
(12, 3)
(13, 3)
(14, 3)
(14, 4)
(14, 5)
(14, 6)
(14, 7)
(14, 8)
(14, 9)
(14, 10)
kaikki ok
Reitin pituus: 10
(11, 7)
(12, 7)
(12, 8)
(12, 9)
(12, 10)
(12, 11)
(12, 12)
(12, 13)
(11, 13)
(10, 13)
(10, 14)
kaikki ok
Reitin pituus: 19
(5, 9)
(6, 9)
(6, 8)
(6, 7)
(7, 7)
(8, 7)
(9, 7)
(10, 7)
(10, 6)
(10, 5)
(11, 5)
(12, 5)
(12, 4)
(12, 3)
(13, 3)
(14, 3)
(15, 3)
(16, 3)
(17, 3)
(17, 2)
kaikki ok
Reitin pituus: 6
(12, 11)
(12, 10)
(12, 9)
(13, 9)
(14, 9)
(14, 8)
(14, 7)
kaikki ok
Reitin pituus: 14
(10, 13)
(11, 13)
(12, 13)
(12, 12)
(12, 11)
(12, 10)
(12, 9)
(12, 8)
(12, 7)
(11, 7)
(10, 7)
(9, 7)
(9, 8)
(9, 9)
(10, 9)
kaikki ok
Reitin pituus: 9
(9, 19)
(10, 19)
(11, 19)
(12, 19)
(13, 19)
(14, 19)
(15, 19)
(16, 19)
(17, 19)
(17, 18)
kaikki ok
Reitin pituus: 20
(10, 3)
(11, 3)
(12, 3)
(13, 3)
(14, 3)
(14, 4)
(14, 5)
(14, 6)
(14, 7)
(14, 8)
(14, 9)
(14, 10)
(14, 11)
(14, 12)
(14, 13)
(15, 13)
(16, 13)
(17, 13)
(17, 14)
(17, 15)
(16, 15)
kaikki ok
Reitin pituus: 2
(15, 13)
(16, 13)
(17, 13)
kaikki ok
Reitin pituus: 12
(6, 12)
(6, 11)
(7, 11)
(8, 11)
(9, 11)
(10, 11)
(11, 11)
(12, 11)
(12, 10)
(12, 9)
(13, 9)
(14, 9)
(14, 8)
kaikki ok
Reitin pituus: 12
(5, 13)
(4, 13)
(4, 12)
(4, 11)
(4, 10)
(4, 9)
(4, 8)
(4, 7)
(4, 6)
(4, 5)
(4, 4)
(4, 3)
(3, 3)
kaikki ok
Reitin pituus: 24
(3, 17)
(4, 17)
(4, 16)
(4, 15)
(4, 14)
(4, 13)
(4, 12)
(4, 11)
(4, 10)
(4, 9)
(4, 8)
(4, 7)
(4, 6)
(4, 5)
(4, 4)
(4, 3)
(5, 3)
(6, 3)
(7, 3)
(8, 3)
(9, 3)
(10, 3)
(10, 2)
(10, 1)
(11, 1)
kaikki ok
Reitin pituus: 10
(11, 19)
(10, 19)
(9, 19)
(8, 19)
(8, 18)
(8, 17)
(7, 17)
(6, 17)
(6, 16)
(6, 15)
(7, 15)
kaikki ok
Reitin pituus: 16
(12, 19)
(11, 19)
(10, 19)
(9, 19)
(8, 19)
(8, 18)
(8, 17)
(7, 17)
(6, 17)
(6, 16)
(6, 15)
(5, 15)
(4, 15)
(4, 14)
(4, 13)
(5, 13)
(6, 13)
kaikki ok
Reitin pituus: 24
(6, 4)
(6, 5)
(7, 5)
(8, 5)
(8, 6)
(8, 7)
(9, 7)
(10, 7)
(11, 7)
(12, 7)
(12, 8)
(12, 9)
(13, 9)
(14, 9)
(14, 10)
(14, 11)
(14, 12)
(14, 13)
(14, 14)
(14, 15)
(14, 16)
(14, 17)
(15, 17)
(16, 17)
(17, 17)
kaikki ok
Reitin pituus: 18
(8, 17)
(7, 17)
(6, 17)
(6, 16)
(6, 15)
(5, 15)
(4, 15)
(4, 14)
(4, 13)
(4, 12)
(4, 11)
(4, 10)
(4, 9)
(4, 8)
(4, 7)
(4, 6)
(4, 5)
(4, 4)
(4, 3)
kaikki ok
Reitin pituus: 11
(12, 19)
(13, 19)
(14, 19)
(15, 19)
(16, 19)
(17, 19)
(17, 18)
(17, 17)
(16, 17)
(15, 17)
(14, 17)
(14, 16)
kaikki ok
Reitin pituus: 15
(6, 10)
(6, 11)
(7, 11)
(8, 11)
(9, 11)
(10, 11)
(11, 11)
(12, 11)
(12, 12)
(12, 13)
(13, 13)
(14, 13)
(14, 14)
(14, 15)
(14, 16)
(14, 17)
kaikki ok
Reitin pituus: 10
(7, 15)
(6, 15)
(5, 15)
(4, 15)
(4, 14)
(4, 13)
(3, 13)
(2, 13)
(1, 13)
(1, 14)
(1, 15)
kaikki ok
Reitin pituus: 1
(1, 2)
(1, 3)
kaikki ok
Reitin pituus: 14
(17, 2)
(17, 3)
(17, 4)
(17, 5)
(16, 5)
(15, 5)
(14, 5)
(14, 6)
(14, 7)
(14, 8)
(14, 9)
(13, 9)
(12, 9)
(12, 10)
(12, 11)
kaikki ok
Reitin pituus: 12
(12, 11)
(12, 12)
(12, 13)
(11, 13)
(10, 13)
(10, 14)
(10, 15)
(11, 15)
(12, 15)
(12, 16)
(12, 17)
(11, 17)
(10, 17)
kaikki ok
Reitin pituus: 13
(14, 13)
(14, 14)
(14, 15)
(13, 15)
(12, 15)
(11, 15)
(10, 15)
(9, 15)
(8, 15)
(8, 14)
(8, 13)
(7, 13)
(6, 13)
(5, 13)
kaikki ok
Reitin pituus: 17
(2, 17)
(3, 17)
(4, 17)
(4, 16)
(4, 15)
(5, 15)
(6, 15)
(7, 15)
(8, 15)
(9, 15)
(10, 15)
(11, 15)
(12, 15)
(13, 15)
(14, 15)
(14, 14)
(14, 13)
(15, 13)
kaikki ok
Reitin pituus: 14
(13, 15)
(12, 15)
(11, 15)
(10, 15)
(9, 15)
(8, 15)
(8, 14)
(8, 13)
(7, 13)
(6, 13)
(6, 12)
(6, 11)
(6, 10)
(6, 9)
(5, 9)
kaikki ok
Reitin pituus: 10
(14, 16)
(14, 15)
(13, 15)
(12, 15)
(11, 15)
(10, 15)
(9, 15)
(8, 15)
(7, 15)
(6, 15)
(5, 15)
kaikki ok
Reitin pituus: 5
(6, 15)
(5, 15)
(4, 15)
(4, 14)
(4, 13)
(3, 13)
kaikki ok
Reitin pituus: 16
(8, 9)
(9, 9)
(9, 8)
(9, 7)
(10, 7)
(11, 7)
(12, 7)
(12, 8)
(12, 9)
(13, 9)
(14, 9)
(14, 10)
(14, 11)
(14, 12)
(14, 13)
(15, 13)
(16, 13)
kaikki ok
Reitin pituus: 20
(16, 16)
(16, 17)
(15, 17)
(14, 17)
(14, 16)
(14, 15)
(13, 15)
(12, 15)
(11, 15)
(10, 15)
(9, 15)
(8, 15)
(7, 15)
(6, 15)
(5, 15)
(4, 15)
(4, 14)
(4, 13)
(4, 12)
(4, 11)
(4, 10)
kaikki ok
Reitin pituus: 1
(10, 2)
(10, 1)
kaikki ok
Reitin pituus: 2
(13, 3)
(12, 3)
(12, 4)
kaikki ok
Reitin pituus: 11
(5, 9)
(4, 9)
(4, 10)
(4, 11)
(4, 12)
(4, 13)
(3, 13)
(2, 13)
(1, 13)
(1, 14)
(1, 15)
(2, 15)
kaikki ok
Reitin pituus: 3
(14, 2)
(14, 3)
(15, 3)
(16, 3)
kaikki ok
Reitin pituus: 23
(14, 2)
(14, 3)
(14, 4)
(14, 5)
(14, 6)
(14, 7)
(14, 8)
(14, 9)
(14, 10)
(14, 11)
(14, 12)
(14, 13)
(14, 14)
(14, 15)
(13, 15)
(12, 15)
(12, 16)
(12, 17)
(11, 17)
(10, 17)
(10, 18)
(10, 19)
(11, 19)
(12, 19)
kaikki ok
Reitin pituus: 0
(5, 13)
kaikki ok
Reitin pituus: 15
(17, 3)
(16, 3)
(15, 3)
(14, 3)
(13, 3)
(12, 3)
(12, 4)
(12, 5)
(11, 5)
(10, 5)
(10, 6)
(10, 7)
(9, 7)
(8, 7)
(7, 7)
(6, 7)
kaikki ok
Reitin pituus: 15
(10, 1)
(10, 2)
(10, 3)
(9, 3)
(8, 3)
(7, 3)
(6, 3)
(6, 4)
(6, 5)
(7, 5)
(8, 5)
(8, 6)
(8, 7)
(7, 7)
(6, 7)
(6, 8)
kaikki ok
Reitin pituus: 13
(2, 13)
(3, 13)
(4, 13)
(4, 14)
(4, 15)
(5, 15)
(6, 15)
(6, 16)
(6, 17)
(7, 17)
(8, 17)
(8, 18)
(8, 19)
(7, 19)
kaikki ok
Reitin pituus: 1
(17, 4)
(17, 3)
kaikki ok
Reitin pituus: 16
(14, 17)
(14, 16)
(14, 15)
(14, 14)
(14, 13)
(14, 12)
(14, 11)
(14, 10)
(14, 9)
(14, 8)
(14, 7)
(14, 6)
(14, 5)
(15, 5)
(16, 5)
(17, 5)
(17, 4)
kaikki ok
Reitin pituus: 7
(14, 1)
(14, 2)
(14, 3)
(13, 3)
(12, 3)
(12, 4)
(12, 5)
(11, 5)
kaikki ok
Reitin pituus: 23
(1, 18)
(1, 17)
(2, 17)
(3, 17)
(4, 17)
(4, 16)
(4, 15)
(5, 15)
(6, 15)
(7, 15)
(8, 15)
(9, 15)
(10, 15)
(10, 14)
(10, 13)
(11, 13)
(12, 13)
(12, 12)
(12, 11)
(12, 10)
(12, 9)
(13, 9)
(14, 9)
(14, 8)
kaikki ok
Reitin pituus: 21
(2, 3)
(3, 3)
(4, 3)
(4, 4)
(4, 5)
(4, 6)
(4, 7)
(4, 8)
(4, 9)
(5, 9)
(6, 9)
(6, 10)
(6, 11)
(6, 12)
(6, 13)
(7, 13)
(8, 13)
(8, 14)
(8, 15)
(9, 15)
(10, 15)
(10, 14)
kaikki ok
Reitin pituus: 0
(17, 19)
kaikki ok
Reitin pituus: 6
(11, 3)
(12, 3)
(13, 3)
(14, 3)
(14, 4)
(14, 5)
(14, 6)
kaikki ok
Reitin pituus: 14
(7, 7)
(8, 7)
(8, 6)
(8, 5)
(7, 5)
(6, 5)
(6, 4)
(6, 3)
(7, 3)
(8, 3)
(9, 3)
(10, 3)
(10, 2)
(10, 1)
(11, 1)
kaikki ok
Reitin pituus: 16
(11, 17)
(12, 17)
(12, 16)
(12, 15)
(11, 15)
(10, 15)
(9, 15)
(8, 15)
(8, 14)
(8, 13)
(7, 13)
(6, 13)
(5, 13)
(4, 13)
(3, 13)
(2, 13)
(1, 13)
kaikki ok
Reitin pituus: 13
(5, 15)
(6, 15)
(6, 16)
(6, 17)
(7, 17)
(8, 17)
(8, 18)
(8, 19)
(9, 19)
(10, 19)
(11, 19)
(12, 19)
(13, 19)
(14, 19)
kaikki ok
Reitin pituus: 3
(14, 3)
(13, 3)
(12, 3)
(12, 4)
kaikki ok
Reitin pituus: 24
(6, 16)
(6, 15)
(7, 15)
(8, 15)
(9, 15)
(10, 15)
(10, 14)
(10, 13)
(11, 13)
(12, 13)
(12, 12)
(12, 11)
(12, 10)
(12, 9)
(13, 9)
(14, 9)
(14, 8)
(14, 7)
(14, 6)
(14, 5)
(14, 4)
(14, 3)
(14, 2)
(14, 1)
(13, 1)
kaikki ok
Reitin pituus: 20
(13, 13)
(12, 13)
(12, 12)
(12, 11)
(11, 11)
(10, 11)
(9, 11)
(8, 11)
(7, 11)
(6, 11)
(6, 10)
(6, 9)
(5, 9)
(4, 9)
(4, 8)
(4, 7)
(4, 6)
(4, 5)
(4, 4)
(4, 3)
(4, 2)
kaikki ok
Reitin pituus: 15
(1, 15)
(2, 15)
(2, 16)
(2, 17)
(3, 17)
(4, 17)
(4, 16)
(4, 15)
(5, 15)
(6, 15)
(7, 15)
(8, 15)
(9, 15)
(10, 15)
(11, 15)
(12, 15)
kaikki ok
Reitin pituus: 15
(9, 11)
(8, 11)
(7, 11)
(6, 11)
(6, 10)
(6, 9)
(5, 9)
(4, 9)
(4, 8)
(4, 7)
(4, 6)
(4, 5)
(4, 4)
(4, 3)
(3, 3)
(2, 3)
kaikki ok
Reitin pituus: 19
(7, 13)
(6, 13)
(6, 12)
(6, 11)
(7, 11)
(8, 11)
(9, 11)
(10, 11)
(11, 11)
(12, 11)
(12, 10)
(12, 9)
(13, 9)
(14, 9)
(14, 8)
(14, 7)
(14, 6)
(14, 5)
(15, 5)
(16, 5)
kaikki ok
Reitin pituus: 10
(12, 9)
(12, 8)
(12, 7)
(11, 7)
(10, 7)
(10, 6)
(10, 5)
(11, 5)
(12, 5)
(12, 4)
(12, 3)
kaikki ok
Reitin pituus: 23
(11, 3)
(12, 3)
(13, 3)
(14, 3)
(14, 4)
(14, 5)
(14, 6)
(14, 7)
(14, 8)
(14, 9)
(14, 10)
(14, 11)
(14, 12)
(14, 13)
(14, 14)
(14, 15)
(13, 15)
(12, 15)
(12, 16)
(12, 17)
(11, 17)
(10, 17)
(10, 18)
(10, 19)
kaikki ok
Reitin pituus: 4
(8, 13)
(7, 13)
(6, 13)
(6, 12)
(6, 11)
kaikki ok
Reitin pituus: 14
(16, 13)
(15, 13)
(14, 13)
(14, 14)
(14, 15)
(13, 15)
(12, 15)
(11, 15)
(10, 15)
(9, 15)
(8, 15)
(7, 15)
(6, 15)
(5, 15)
(4, 15)
kaikki ok
Reitin pituus: 10
(15, 17)
(14, 17)
(14, 16)
(14, 15)
(13, 15)
(12, 15)
(11, 15)
(10, 15)
(9, 15)
(8, 15)
(7, 15)
kaikki ok
Reitin pituus: 15
(11, 13)
(12, 13)
(13, 13)
(14, 13)
(14, 12)
(14, 11)
(14, 10)
(14, 9)
(14, 8)
(14, 7)
(14, 6)
(14, 5)
(15, 5)
(16, 5)
(17, 5)
(17, 4)
kaikki ok
Reitin pituus: 15
(6, 15)
(5, 15)
(4, 15)
(4, 14)
(4, 13)
(4, 12)
(4, 11)
(4, 10)
(4, 9)
(5, 9)
(6, 9)
(6, 8)
(6, 7)
(7, 7)
(8, 7)
(8, 6)
kaikki ok
Reitin pituus: 6
(12, 15)
(13, 15)
(14, 15)
(14, 14)
(14, 13)
(15, 13)
(16, 13)
kaikki ok
Reitin pituus: 15
(6, 1)
(7, 1)
(8, 1)
(8, 2)
(8, 3)
(7, 3)
(6, 3)
(6, 4)
(6, 5)
(7, 5)
(8, 5)
(8, 6)
(8, 7)
(9, 7)
(10, 7)
(11, 7)
kaikki ok
Reitin pituus: 25
(17, 14)
(17, 13)
(16, 13)
(15, 13)
(14, 13)
(14, 12)
(14, 11)
(14, 10)
(14, 9)
(14, 8)
(14, 7)
(14, 6)
(14, 5)
(14, 4)
(14, 3)
(13, 3)
(12, 3)
(11, 3)
(10, 3)
(9, 3)
(8, 3)
(8, 2)
(8, 1)
(7, 1)
(6, 1)
(5, 1)
kaikki ok
Reitin pituus: 12
(10, 15)
(10, 14)
(10, 13)
(11, 13)
(12, 13)
(12, 12)
(12, 11)
(12, 10)
(12, 9)
(12, 8)
(12, 7)
(11, 7)
(10, 7)
kaikki ok
Reitin pituus: 6
(14, 3)
(13, 3)
(12, 3)
(11, 3)
(10, 3)
(9, 3)
(8, 3)
kaikki ok
Reitin pituus: 15
(12, 8)
(12, 9)
(12, 10)
(12, 11)
(12, 12)
(12, 13)
(11, 13)
(10, 13)
(10, 14)
(10, 15)
(9, 15)
(8, 15)
(7, 15)
(6, 15)
(6, 16)
(6, 17)
kaikki ok
Reitin pituus: 25
(6, 1)
(5, 1)
(4, 1)
(4, 2)
(4, 3)
(4, 4)
(4, 5)
(4, 6)
(4, 7)
(4, 8)
(4, 9)
(4, 10)
(4, 11)
(4, 12)
(4, 13)
(4, 14)
(4, 15)
(5, 15)
(6, 15)
(6, 16)
(6, 17)
(7, 17)
(8, 17)
(8, 18)
(8, 19)
(7, 19)
kaikki ok
Reitin pituus: 6
(17, 19)
(16, 19)
(15, 19)
(14, 19)
(13, 19)
(12, 19)
(11, 19)
kaikki ok
Reitin pituus: 22
(4, 4)
(4, 5)
(4, 6)
(4, 7)
(4, 8)
(4, 9)
(5, 9)
(6, 9)
(6, 10)
(6, 11)
(7, 11)
(8, 11)
(9, 11)
(10, 11)
(11, 11)
(12, 11)
(12, 12)
(12, 13)
(13, 13)
(14, 13)
(15, 13)
(16, 13)
(17, 13)
kaikki ok
Reitin pituus: 20
(16, 5)
(15, 5)
(14, 5)
(14, 6)
(14, 7)
(14, 8)
(14, 9)
(13, 9)
(12, 9)
(12, 10)
(12, 11)
(11, 11)
(10, 11)
(9, 11)
(8, 11)
(7, 11)
(6, 11)
(6, 12)
(6, 13)
(5, 13)
(4, 13)
kaikki ok
Reitin pituus: 15
(4, 12)
(4, 13)
(5, 13)
(6, 13)
(7, 13)
(8, 13)
(8, 14)
(8, 15)
(9, 15)
(10, 15)
(11, 15)
(12, 15)
(13, 15)
(14, 15)
(14, 16)
(14, 17)
kaikki ok
Reitin pituus: 9
(8, 14)
(8, 13)
(7, 13)
(6, 13)
(5, 13)
(4, 13)
(4, 12)
(4, 11)
(4, 10)
(4, 9)
kaikki ok
Reitin pituus: 20
(11, 15)
(12, 15)
(13, 15)
(14, 15)
(14, 14)
(14, 13)
(14, 12)
(14, 11)
(14, 10)
(14, 9)
(14, 8)
(14, 7)
(14, 6)
(14, 5)
(14, 4)
(14, 3)
(15, 3)
(16, 3)
(17, 3)
(17, 2)
(17, 1)
kaikki ok
Reitin pituus: 5
(14, 16)
(14, 15)
(14, 14)
(14, 13)
(13, 13)
(12, 13)
kaikki ok
Reitin pituus: 17
(6, 7)
(7, 7)
(8, 7)
(9, 7)
(10, 7)
(10, 6)
(10, 5)
(11, 5)
(12, 5)
(12, 4)
(12, 3)
(13, 3)
(14, 3)
(15, 3)
(16, 3)
(17, 3)
(17, 2)
(17, 1)
kaikki ok
Reitin pituus: 25
(17, 1)
(17, 2)
(17, 3)
(17, 4)
(17, 5)
(16, 5)
(15, 5)
(14, 5)
(14, 6)
(14, 7)
(14, 8)
(14, 9)
(14, 10)
(14, 11)
(14, 12)
(14, 13)
(14, 14)
(14, 15)
(13, 15)
(12, 15)
(11, 15)
(10, 15)
(9, 15)
(8, 15)
(7, 15)
(6, 15)
kaikki ok
Reitin pituus: 16
(14, 12)
(14, 13)
(13, 13)
(12, 13)
(12, 12)
(12, 11)
(11, 11)
(10, 11)
(9, 11)
(8, 11)
(7, 11)
(6, 11)
(6, 10)
(6, 9)
(5, 9)
(4, 9)
(4, 8)
kaikki ok
Reitin pituus: 10
(14, 7)
(14, 6)
(14, 5)
(14, 4)
(14, 3)
(13, 3)
(12, 3)
(11, 3)
(10, 3)
(10, 2)
(10, 1)
kaikki ok
Reitin pituus: 21
(8, 19)
(8, 18)
(8, 17)
(7, 17)
(6, 17)
(6, 16)
(6, 15)
(5, 15)
(4, 15)
(4, 14)
(4, 13)
(4, 12)
(4, 11)
(4, 10)
(4, 9)
(4, 8)
(4, 7)
(4, 6)
(4, 5)
(3, 5)
(2, 5)
(1, 5)
kaikki ok
Reitin pituus: 10
(8, 18)
(8, 19)
(7, 19)
(6, 19)
(5, 19)
(4, 19)
(3, 19)
(2, 19)
(1, 19)
(1, 18)
(1, 17)
kaikki ok
Reitin pituus: 4
(4, 5)
(4, 4)
(4, 3)
(4, 2)
(4, 1)
kaikki ok
Reitin pituus: 5
(14, 9)
(14, 10)
(14, 11)
(14, 12)
(14, 13)
(14, 14)
kaikki ok
Reitin pituus: 13
(10, 14)
(10, 15)
(9, 15)
(8, 15)
(7, 15)
(6, 15)
(5, 15)
(4, 15)
(4, 16)
(4, 17)
(3, 17)
(2, 17)
(1, 17)
(1, 18)
kaikki ok
Reitin pituus: 28
(14, 16)
(14, 15)
(13, 15)
(12, 15)
(11, 15)
(10, 15)
(9, 15)
(8, 15)
(8, 14)
(8, 13)
(7, 13)
(6, 13)
(6, 12)
(6, 11)
(6, 10)
(6, 9)
(5, 9)
(4, 9)
(4, 8)
(4, 7)
(4, 6)
(4, 5)
(4, 4)
(4, 3)
(3, 3)
(2, 3)
(1, 3)
(1, 2)
(1, 1)
kaikki ok
Reitin pituus: 16
(17, 14)
(17, 13)
(16, 13)
(15, 13)
(14, 13)
(13, 13)
(12, 13)
(11, 13)
(10, 13)
(10, 14)
(10, 15)
(9, 15)
(8, 15)
(7, 15)
(6, 15)
(5, 15)
(4, 15)
kaikki ok
Reitin pituus: 15
(4, 9)
(4, 10)
(4, 11)
(4, 12)
(4, 13)
(4, 14)
(4, 15)
(4, 16)
(4, 17)
(3, 17)
(2, 17)
(1, 17)
(1, 18)
(1, 19)
(2, 19)
(3, 19)
kaikki ok
Reitin pituus: 25
(13, 19)
(12, 19)
(11, 19)
(10, 19)
(10, 18)
(10, 17)
(11, 17)
(12, 17)
(12, 16)
(12, 15)
(13, 15)
(14, 15)
(14, 14)
(14, 13)
(14, 12)
(14, 11)
(14, 10)
(14, 9)
(14, 8)
(14, 7)
(14, 6)
(14, 5)
(14, 4)
(14, 3)
(14, 2)
(14, 1)
kaikki ok
Reitin pituus: 8
(14, 17)
(14, 16)
(14, 15)
(13, 15)
(12, 15)
(12, 16)
(12, 17)
(11, 17)
(10, 17)
kaikki ok
Reitin pituus: 14
(6, 19)
(7, 19)
(8, 19)
(8, 18)
(8, 17)
(7, 17)
(6, 17)
(6, 16)
(6, 15)
(7, 15)
(8, 15)
(9, 15)
(10, 15)
(10, 14)
(10, 13)
kaikki ok
Reitin pituus: 7
(4, 7)
(4, 8)
(4, 9)
(4, 10)
(4, 11)
(4, 12)
(4, 13)
(5, 13)
kaikki ok
Reitin pituus: 19
(6, 1)
(5, 1)
(4, 1)
(4, 2)
(4, 3)
(4, 4)
(4, 5)
(4, 6)
(4, 7)
(4, 8)
(4, 9)
(4, 10)
(4, 11)
(4, 12)
(4, 13)
(3, 13)
(2, 13)
(1, 13)
(1, 14)
(1, 15)
kaikki ok
Reitin pituus: 16
(17, 14)
(17, 13)
(16, 13)
(15, 13)
(14, 13)
(14, 12)
(14, 11)
(14, 10)
(14, 9)
(14, 8)
(14, 7)
(14, 6)
(14, 5)
(14, 4)
(14, 3)
(15, 3)
(16, 3)
kaikki ok
Reitin pituus: 25
(2, 19)
(1, 19)
(1, 18)
(1, 17)
(2, 17)
(3, 17)
(4, 17)
(4, 16)
(4, 15)
(4, 14)
(4, 13)
(4, 12)
(4, 11)
(4, 10)
(4, 9)
(4, 8)
(4, 7)
(4, 6)
(4, 5)
(4, 4)
(4, 3)
(4, 2)
(4, 1)
(3, 1)
(2, 1)
(1, 1)
kaikki ok
Reitin pituus: 22
(14, 2)
(14, 3)
(14, 4)
(14, 5)
(14, 6)
(14, 7)
(14, 8)
(14, 9)
(14, 10)
(14, 11)
(14, 12)
(14, 13)
(14, 14)
(14, 15)
(13, 15)
(12, 15)
(11, 15)
(10, 15)
(9, 15)
(8, 15)
(7, 15)
(6, 15)
(6, 16)
kaikki ok
Reitin pituus: 9
(2, 5)
(3, 5)
(4, 5)
(4, 6)
(4, 7)
(4, 8)
(4, 9)
(5, 9)
(6, 9)
(6, 8)
kaikki ok
Reitin pituus: 19
(6, 12)
(6, 13)
(7, 13)
(8, 13)
(8, 14)
(8, 15)
(9, 15)
(10, 15)
(11, 15)
(12, 15)
(12, 16)
(12, 17)
(11, 17)
(10, 17)
(10, 18)
(10, 19)
(11, 19)
(12, 19)
(13, 19)
(14, 19)
kaikki ok
Reitin pituus: 14
(16, 1)
(15, 1)
(14, 1)
(14, 2)
(14, 3)
(13, 3)
(12, 3)
(12, 4)
(12, 5)
(11, 5)
(10, 5)
(10, 6)
(10, 7)
(11, 7)
(12, 7)
kaikki ok
Reitin pituus: 13
(6, 13)
(5, 13)
(4, 13)
(4, 14)
(4, 15)
(4, 16)
(4, 17)
(3, 17)
(2, 17)
(1, 17)
(1, 18)
(1, 19)
(2, 19)
(3, 19)
kaikki ok
Reitin pituus: 13
(4, 12)
(4, 11)
(4, 10)
(4, 9)
(5, 9)
(6, 9)
(6, 8)
(6, 7)
(7, 7)
(8, 7)
(9, 7)
(10, 7)
(10, 6)
(10, 5)
kaikki ok
Reitin pituus: 16
(16, 1)
(15, 1)
(14, 1)
(14, 2)
(14, 3)
(14, 4)
(14, 5)
(14, 6)
(14, 7)
(14, 8)
(14, 9)
(13, 9)
(12, 9)
(12, 10)
(12, 11)
(12, 12)
(12, 13)
kaikki ok
Reitin pituus: 2
(5, 9)
(4, 9)
(4, 10)
kaikki ok
Reitin pituus: 21
(11, 17)
(12, 17)
(12, 16)
(12, 15)
(13, 15)
(14, 15)
(14, 14)
(14, 13)
(14, 12)
(14, 11)
(14, 10)
(14, 9)
(14, 8)
(14, 7)
(14, 6)
(14, 5)
(14, 4)
(14, 3)
(14, 2)
(14, 1)
(15, 1)
(16, 1)
kaikki ok
Reitin pituus: 14
(6, 9)
(6, 10)
(6, 11)
(7, 11)
(8, 11)
(9, 11)
(10, 11)
(11, 11)
(12, 11)
(12, 12)
(12, 13)
(13, 13)
(14, 13)
(15, 13)
(16, 13)
kaikki ok
Reitin pituus: 18
(1, 3)
(2, 3)
(3, 3)
(4, 3)
(5, 3)
(6, 3)
(7, 3)
(8, 3)
(9, 3)
(10, 3)
(11, 3)
(12, 3)
(13, 3)
(14, 3)
(14, 4)
(14, 5)
(15, 5)
(16, 5)
(17, 5)
kaikki ok
Reitin pituus: 16
(14, 16)
(14, 15)
(14, 14)
(14, 13)
(13, 13)
(12, 13)
(12, 12)
(12, 11)
(12, 10)
(12, 9)
(12, 8)
(12, 7)
(11, 7)
(10, 7)
(9, 7)
(8, 7)
(7, 7)
kaikki ok
Reitin pituus: 7
(8, 7)
(8, 6)
(8, 5)
(7, 5)
(6, 5)
(6, 4)
(6, 3)
(7, 3)
kaikki ok
Reitin pituus: 10
(7, 15)
(8, 15)
(9, 15)
(10, 15)
(10, 14)
(10, 13)
(11, 13)
(12, 13)
(12, 12)
(12, 11)
(12, 10)
kaikki ok
Reitin pituus: 8
(8, 15)
(9, 15)
(10, 15)
(11, 15)
(12, 15)
(12, 16)
(12, 17)
(11, 17)
(10, 17)
kaikki ok
Reitin pituus: 11
(11, 11)
(10, 11)
(9, 11)
(8, 11)
(7, 11)
(6, 11)
(6, 10)
(6, 9)
(5, 9)
(4, 9)
(4, 8)
(4, 7)
kaikki ok
Reitin pituus: 16
(15, 5)
(14, 5)
(14, 4)
(14, 3)
(13, 3)
(12, 3)
(11, 3)
(10, 3)
(9, 3)
(8, 3)
(8, 2)
(8, 1)
(7, 1)
(6, 1)
(5, 1)
(4, 1)
(3, 1)
kaikki ok
Reitin pituus: 1
(3, 13)
(4, 13)
kaikki ok
Reitin pituus: 22
(4, 17)
(4, 16)
(4, 15)
(4, 14)
(4, 13)
(5, 13)
(6, 13)
(6, 12)
(6, 11)
(6, 10)
(6, 9)
(6, 8)
(6, 7)
(7, 7)
(8, 7)
(9, 7)
(10, 7)
(10, 6)
(10, 5)
(11, 5)
(12, 5)
(12, 4)
(12, 3)
kaikki ok
Reitin pituus: 10
(15, 17)
(14, 17)
(14, 16)
(14, 15)
(13, 15)
(12, 15)
(11, 15)
(10, 15)
(9, 15)
(8, 15)
(8, 14)
kaikki ok
Reitin pituus: 19
(1, 1)
(2, 1)
(3, 1)
(4, 1)
(5, 1)
(6, 1)
(7, 1)
(8, 1)
(8, 2)
(8, 3)
(9, 3)
(10, 3)
(10, 2)
(10, 1)
(11, 1)
(12, 1)
(13, 1)
(14, 1)
(15, 1)
(16, 1)
kaikki ok
Reitin pituus: 1
(12, 16)
(12, 17)
kaikki ok
Reitin pituus: 12
(16, 16)
(16, 17)
(15, 17)
(14, 17)
(14, 16)
(14, 15)
(13, 15)
(12, 15)
(12, 16)
(12, 17)
(11, 17)
(10, 17)
(10, 18)
kaikki ok
Reitin pituus: 10
(10, 14)
(10, 15)
(9, 15)
(8, 15)
(7, 15)
(6, 15)
(5, 15)
(4, 15)
(4, 16)
(4, 17)
(3, 17)
kaikki ok
Reitin pituus: 8
(14, 12)
(14, 13)
(14, 14)
(14, 15)
(13, 15)
(12, 15)
(12, 16)
(12, 17)
(11, 17)
kaikki ok
Reitin pituus: 20
(12, 9)
(12, 10)
(12, 11)
(12, 12)
(12, 13)
(11, 13)
(10, 13)
(10, 14)
(10, 15)
(11, 15)
(12, 15)
(12, 16)
(12, 17)
(11, 17)
(10, 17)
(10, 18)
(10, 19)
(9, 19)
(8, 19)
(7, 19)
(6, 19)
kaikki ok
Reitin pituus: 6
(16, 19)
(17, 19)
(17, 18)
(17, 17)
(16, 17)
(15, 17)
(14, 17)
kaikki ok
Reitin pituus: 18
(17, 17)
(17, 18)
(17, 19)
(16, 19)
(15, 19)
(14, 19)
(13, 19)
(12, 19)
(11, 19)
(10, 19)
(9, 19)
(8, 19)
(7, 19)
(6, 19)
(5, 19)
(4, 19)
(3, 19)
(2, 19)
(1, 19)
kaikki ok
Reitin pituus: 22
(10, 5)
(10, 6)
(10, 7)
(11, 7)
(12, 7)
(12, 8)
(12, 9)
(13, 9)
(14, 9)
(14, 10)
(14, 11)
(14, 12)
(14, 13)
(14, 14)
(14, 15)
(14, 16)
(14, 17)
(15, 17)
(16, 17)
(17, 17)
(17, 18)
(17, 19)
(16, 19)
kaikki ok
Reitin pituus: 16
(15, 5)
(14, 5)
(14, 6)
(14, 7)
(14, 8)
(14, 9)
(13, 9)
(12, 9)
(12, 10)
(12, 11)
(11, 11)
(10, 11)
(9, 11)
(8, 11)
(7, 11)
(6, 11)
(6, 12)
kaikki ok
Reitin pituus: 16
(5, 3)
(6, 3)
(6, 4)
(6, 5)
(7, 5)
(8, 5)
(8, 6)
(8, 7)
(9, 7)
(10, 7)
(11, 7)
(12, 7)
(12, 8)
(12, 9)
(12, 10)
(12, 11)
(12, 12)
kaikki ok
Reitin pituus: 11
(1, 13)
(2, 13)
(3, 13)
(4, 13)
(4, 12)
(4, 11)
(4, 10)
(4, 9)
(5, 9)
(6, 9)
(6, 8)
(6, 7)
kaikki ok
Reitin pituus: 10
(7, 7)
(8, 7)
(8, 6)
(8, 5)
(7, 5)
(6, 5)
(6, 4)
(6, 3)
(5, 3)
(4, 3)
(4, 2)
kaikki ok
Reitin pituus: 16
(16, 1)
(15, 1)
(14, 1)
(13, 1)
(12, 1)
(11, 1)
(10, 1)
(10, 2)
(10, 3)
(9, 3)
(8, 3)
(7, 3)
(6, 3)
(5, 3)
(4, 3)
(3, 3)
(2, 3)
kaikki ok
Reitin pituus: 13
(6, 10)
(6, 11)
(7, 11)
(8, 11)
(9, 11)
(10, 11)
(11, 11)
(12, 11)
(12, 12)
(12, 13)
(13, 13)
(14, 13)
(14, 14)
(14, 15)
kaikki ok
Reitin pituus: 12
(12, 9)
(12, 8)
(12, 7)
(11, 7)
(10, 7)
(10, 6)
(10, 5)
(11, 5)
(12, 5)
(12, 4)
(12, 3)
(11, 3)
(10, 3)
kaikki ok
Reitin pituus: 16
(6, 16)
(6, 15)
(5, 15)
(4, 15)
(4, 14)
(4, 13)
(4, 12)
(4, 11)
(4, 10)
(4, 9)
(5, 9)
(6, 9)
(6, 8)
(6, 7)
(7, 7)
(8, 7)
(8, 6)
kaikki ok
Reitin pituus: 16
(7, 19)
(8, 19)
(8, 18)
(8, 17)
(7, 17)
(6, 17)
(6, 16)
(6, 15)
(5, 15)
(4, 15)
(4, 14)
(4, 13)
(5, 13)
(6, 13)
(6, 12)
(6, 11)
(6, 10)
kaikki ok
Reitin pituus: 5
(5, 9)
(6, 9)
(6, 10)
(6, 11)
(6, 12)
(6, 13)
kaikki ok
Reitin pituus: 18
(14, 9)
(14, 10)
(14, 11)
(14, 12)
(14, 13)
(14, 14)
(14, 15)
(13, 15)
(12, 15)
(12, 16)
(12, 17)
(11, 17)
(10, 17)
(10, 18)
(10, 19)
(9, 19)
(8, 19)
(7, 19)
(6, 19)
kaikki ok
Reitin pituus: 4
(17, 5)
(16, 5)
(15, 5)
(14, 5)
(14, 4)
kaikki ok
Reitin pituus: 2
(8, 3)
(8, 2)
(8, 1)
kaikki ok
Reitin pituus: 20
(8, 17)
(7, 17)
(6, 17)
(6, 16)
(6, 15)
(7, 15)
(8, 15)
(9, 15)
(10, 15)
(10, 14)
(10, 13)
(11, 13)
(12, 13)
(12, 12)
(12, 11)
(12, 10)
(12, 9)
(13, 9)
(14, 9)
(14, 8)
(14, 7)
kaikki ok
Reitin pituus: 20
(3, 5)
(4, 5)
(4, 6)
(4, 7)
(4, 8)
(4, 9)
(5, 9)
(6, 9)
(6, 10)
(6, 11)
(6, 12)
(6, 13)
(7, 13)
(8, 13)
(8, 14)
(8, 15)
(9, 15)
(10, 15)
(11, 15)
(12, 15)
(12, 16)
kaikki ok
Reitin pituus: 18
(10, 17)
(11, 17)
(12, 17)
(12, 16)
(12, 15)
(13, 15)
(14, 15)
(14, 14)
(14, 13)
(14, 12)
(14, 11)
(14, 10)
(14, 9)
(14, 8)
(14, 7)
(14, 6)
(14, 5)
(15, 5)
(16, 5)
kaikki ok
Reitin pituus: 14
(17, 5)
(17, 4)
(17, 3)
(16, 3)
(15, 3)
(14, 3)
(13, 3)
(12, 3)
(11, 3)
(10, 3)
(9, 3)
(8, 3)
(7, 3)
(6, 3)
(5, 3)
kaikki ok
Reitin pituus: 4
(2, 19)
(1, 19)
(1, 18)
(1, 17)
(2, 17)
kaikki ok
Reitin pituus: 17
(4, 9)
(5, 9)
(6, 9)
(6, 10)
(6, 11)
(7, 11)
(8, 11)
(9, 11)
(10, 11)
(11, 11)
(12, 11)
(12, 12)
(12, 13)
(13, 13)
(14, 13)
(14, 14)
(14, 15)
(14, 16)
kaikki ok
Reitin pituus: 11
(11, 3)
(12, 3)
(12, 4)
(12, 5)
(11, 5)
(10, 5)
(10, 6)
(10, 7)
(9, 7)
(9, 8)
(9, 9)
(10, 9)
kaikki ok
Reitin pituus: 21
(6, 13)
(6, 12)
(6, 11)
(6, 10)
(6, 9)
(6, 8)
(6, 7)
(7, 7)
(8, 7)
(9, 7)
(10, 7)
(10, 6)
(10, 5)
(11, 5)
(12, 5)
(12, 4)
(12, 3)
(13, 3)
(14, 3)
(15, 3)
(16, 3)
(17, 3)
kaikki ok
Reitin pituus: 13
(12, 17)
(12, 16)
(12, 15)
(11, 15)
(10, 15)
(9, 15)
(8, 15)
(8, 14)
(8, 13)
(7, 13)
(6, 13)
(5, 13)
(4, 13)
(4, 12)
kaikki ok
Reitin pituus: 14
(2, 3)
(3, 3)
(4, 3)
(5, 3)
(6, 3)
(6, 4)
(6, 5)
(7, 5)
(8, 5)
(8, 6)
(8, 7)
(9, 7)
(9, 8)
(9, 9)
(10, 9)
kaikki ok
Reitin pituus: 3
(10, 6)
(10, 7)
(9, 7)
(9, 8)
kaikki ok
Reitin pituus: 5
(12, 13)
(13, 13)
(14, 13)
(15, 13)
(16, 13)
(17, 13)
kaikki ok
Reitin pituus: 15
(10, 11)
(9, 11)
(8, 11)
(7, 11)
(6, 11)
(6, 10)
(6, 9)
(5, 9)
(4, 9)
(4, 8)
(4, 7)
(4, 6)
(4, 5)
(4, 4)
(4, 3)
(4, 2)
kaikki ok
Reitin pituus: 23
(8, 2)
(8, 3)
(9, 3)
(10, 3)
(11, 3)
(12, 3)
(13, 3)
(14, 3)
(14, 4)
(14, 5)
(14, 6)
(14, 7)
(14, 8)
(14, 9)
(14, 10)
(14, 11)
(14, 12)
(14, 13)
(15, 13)
(16, 13)
(17, 13)
(17, 14)
(17, 15)
(16, 15)
kaikki ok
Reitin pituus: 18
(17, 19)
(17, 18)
(17, 17)
(16, 17)
(15, 17)
(14, 17)
(14, 16)
(14, 15)
(14, 14)
(14, 13)
(13, 13)
(12, 13)
(12, 12)
(12, 11)
(11, 11)
(10, 11)
(9, 11)
(8, 11)
(7, 11)
kaikki ok
Reitin pituus: 17
(11, 15)
(12, 15)
(13, 15)
(14, 15)
(14, 14)
(14, 13)
(14, 12)
(14, 11)
(14, 10)
(14, 9)
(14, 8)
(14, 7)
(14, 6)
(14, 5)
(14, 4)
(14, 3)
(14, 2)
(14, 1)
kaikki ok
Reitin pituus: 11
(4, 8)
(4, 9)
(4, 10)
(4, 11)
(4, 12)
(4, 13)
(3, 13)
(2, 13)
(1, 13)
(1, 14)
(1, 15)
(2, 15)
kaikki ok
Reitin pituus: 13
(3, 19)
(4, 19)
(5, 19)
(6, 19)
(7, 19)
(8, 19)
(9, 19)
(10, 19)
(11, 19)
(12, 19)
(13, 19)
(14, 19)
(15, 19)
(16, 19)
kaikki ok
Reitin pituus: 13
(5, 3)
(6, 3)
(7, 3)
(8, 3)
(9, 3)
(10, 3)
(11, 3)
(12, 3)
(13, 3)
(14, 3)
(14, 4)
(14, 5)
(14, 6)
(14, 7)
kaikki ok
Reitin pituus: 24
(8, 17)
(7, 17)
(6, 17)
(6, 16)
(6, 15)
(7, 15)
(8, 15)
(9, 15)
(10, 15)
(10, 14)
(10, 13)
(11, 13)
(12, 13)
(12, 12)
(12, 11)
(12, 10)
(12, 9)
(13, 9)
(14, 9)
(14, 8)
(14, 7)
(14, 6)
(14, 5)
(15, 5)
(16, 5)
kaikki ok
Reitin pituus: 24
(15, 1)
(14, 1)
(14, 2)
(14, 3)
(13, 3)
(12, 3)
(12, 4)
(12, 5)
(11, 5)
(10, 5)
(10, 6)
(10, 7)
(9, 7)
(8, 7)
(7, 7)
(6, 7)
(6, 8)
(6, 9)
(6, 10)
(6, 11)
(6, 12)
(6, 13)
(5, 13)
(4, 13)
(3, 13)
kaikki ok
Reitin pituus: 21
(8, 15)
(8, 14)
(8, 13)
(7, 13)
(6, 13)
(6, 12)
(6, 11)
(6, 10)
(6, 9)
(6, 8)
(6, 7)
(7, 7)
(8, 7)
(8, 6)
(8, 5)
(7, 5)
(6, 5)
(6, 4)
(6, 3)
(7, 3)
(8, 3)
(9, 3)
kaikki ok
Reitin pituus: 16
(6, 9)
(5, 9)
(4, 9)
(4, 10)
(4, 11)
(4, 12)
(4, 13)
(4, 14)
(4, 15)
(4, 16)
(4, 17)
(3, 17)
(2, 17)
(1, 17)
(1, 18)
(1, 19)
(2, 19)
kaikki ok
Reitin pituus: 18
(7, 11)
(6, 11)
(6, 10)
(6, 9)
(5, 9)
(4, 9)
(4, 8)
(4, 7)
(4, 6)
(4, 5)
(4, 4)
(4, 3)
(5, 3)
(6, 3)
(7, 3)
(8, 3)
(9, 3)
(10, 3)
(10, 2)
kaikki ok
Reitin pituus: 17
(12, 4)
(12, 5)
(11, 5)
(10, 5)
(10, 6)
(10, 7)
(9, 7)
(8, 7)
(7, 7)
(6, 7)
(6, 8)
(6, 9)
(5, 9)
(4, 9)
(4, 10)
(4, 11)
(4, 12)
(4, 13)
kaikki ok
Reitin pituus: 22
(4, 1)
(4, 2)
(4, 3)
(4, 4)
(4, 5)
(4, 6)
(4, 7)
(4, 8)
(4, 9)
(4, 10)
(4, 11)
(4, 12)
(4, 13)
(4, 14)
(4, 15)
(5, 15)
(6, 15)
(6, 16)
(6, 17)
(7, 17)
(8, 17)
(8, 18)
(8, 19)
kaikki ok
Reitin pituus: 15
(17, 4)
(17, 5)
(16, 5)
(15, 5)
(14, 5)
(14, 6)
(14, 7)
(14, 8)
(14, 9)
(13, 9)
(12, 9)
(12, 10)
(12, 11)
(11, 11)
(10, 11)
(9, 11)
kaikki ok
Reitin pituus: 4
(13, 13)
(14, 13)
(15, 13)
(16, 13)
(17, 13)
kaikki ok
Reitin pituus: 14
(13, 1)
(14, 1)
(14, 2)
(14, 3)
(13, 3)
(12, 3)
(12, 4)
(12, 5)
(11, 5)
(10, 5)
(10, 6)
(10, 7)
(9, 7)
(8, 7)
(7, 7)
kaikki ok
Reitin pituus: 4
(17, 15)
(17, 14)
(17, 13)
(16, 13)
(15, 13)
kaikki ok
Reitin pituus: 6
(10, 15)
(11, 15)
(12, 15)
(12, 16)
(12, 17)
(11, 17)
(10, 17)
kaikki ok
Reitin pituus: 17
(1, 15)
(1, 14)
(1, 13)
(2, 13)
(3, 13)
(4, 13)
(4, 12)
(4, 11)
(4, 10)
(4, 9)
(4, 8)
(4, 7)
(4, 6)
(4, 5)
(3, 5)
(2, 5)
(1, 5)
(1, 4)
kaikki ok
Reitin pituus: 0
(9, 7)
kaikki ok
Reitin pituus: 10
(9, 11)
(10, 11)
(11, 11)
(12, 11)
(12, 12)
(12, 13)
(13, 13)
(14, 13)
(14, 14)
(14, 15)
(14, 16)
kaikki ok
Reitin pituus: 14
(12, 12)
(12, 11)
(12, 10)
(12, 9)
(12, 8)
(12, 7)
(11, 7)
(10, 7)
(10, 6)
(10, 5)
(11, 5)
(12, 5)
(12, 4)
(12, 3)
(11, 3)
kaikki ok
Reitin pituus: 23
(6, 5)
(7, 5)
(8, 5)
(8, 6)
(8, 7)
(7, 7)
(6, 7)
(6, 8)
(6, 9)
(6, 10)
(6, 11)
(6, 12)
(6, 13)
(7, 13)
(8, 13)
(8, 14)
(8, 15)
(7, 15)
(6, 15)
(6, 16)
(6, 17)
(7, 17)
(8, 17)
(8, 18)
kaikki ok
Reitin pituus: 12
(7, 3)
(6, 3)
(5, 3)
(4, 3)
(4, 4)
(4, 5)
(4, 6)
(4, 7)
(4, 8)
(4, 9)
(4, 10)
(4, 11)
(4, 12)
kaikki ok
Reitin pituus: 26
(4, 6)
(4, 7)
(4, 8)
(4, 9)
(4, 10)
(4, 11)
(4, 12)
(4, 13)
(5, 13)
(6, 13)
(7, 13)
(8, 13)
(8, 14)
(8, 15)
(9, 15)
(10, 15)
(11, 15)
(12, 15)
(13, 15)
(14, 15)
(14, 16)
(14, 17)
(15, 17)
(16, 17)
(17, 17)
(17, 18)
(17, 19)
kaikki ok
Reitin pituus: 5
(7, 3)
(8, 3)
(8, 2)
(8, 1)
(7, 1)
(6, 1)
kaikki ok
Reitin pituus: 14
(4, 5)
(4, 4)
(4, 3)
(5, 3)
(6, 3)
(7, 3)
(8, 3)
(9, 3)
(10, 3)
(10, 2)
(10, 1)
(11, 1)
(12, 1)
(13, 1)
(14, 1)
kaikki ok
Reitin pituus: 24
(4, 1)
(4, 2)
(4, 3)
(5, 3)
(6, 3)
(6, 4)
(6, 5)
(7, 5)
(8, 5)
(8, 6)
(8, 7)
(9, 7)
(10, 7)
(11, 7)
(12, 7)
(12, 8)
(12, 9)
(12, 10)
(12, 11)
(12, 12)
(12, 13)
(13, 13)
(14, 13)
(15, 13)
(16, 13)
kaikki ok
Reitin pituus: 3
(10, 5)
(11, 5)
(12, 5)
(12, 4)
kaikki ok
Reitin pituus: 4
(1, 18)
(1, 19)
(2, 19)
(3, 19)
(4, 19)
kaikki ok
Reitin pituus: 11
(9, 8)
(9, 7)
(10, 7)
(10, 6)
(10, 5)
(11, 5)
(12, 5)
(12, 4)
(12, 3)
(11, 3)
(10, 3)
(10, 2)
kaikki ok
Reitin pituus: 28
(13, 19)
(12, 19)
(11, 19)
(10, 19)
(10, 18)
(10, 17)
(11, 17)
(12, 17)
(12, 16)
(12, 15)
(13, 15)
(14, 15)
(14, 14)
(14, 13)
(14, 12)
(14, 11)
(14, 10)
(14, 9)
(14, 8)
(14, 7)
(14, 6)
(14, 5)
(14, 4)
(14, 3)
(14, 2)
(14, 1)
(13, 1)
(12, 1)
(11, 1)
kaikki ok
Reitin pituus: 11
(4, 14)
(4, 13)
(5, 13)
(6, 13)
(6, 12)
(6, 11)
(7, 11)
(8, 11)
(9, 11)
(10, 11)
(11, 11)
(12, 11)
kaikki ok
Reitin pituus: 11
(17, 15)
(17, 14)
(17, 13)
(16, 13)
(15, 13)
(14, 13)
(13, 13)
(12, 13)
(12, 12)
(12, 11)
(11, 11)
(10, 11)
kaikki ok
Reitin pituus: 14
(4, 12)
(4, 11)
(4, 10)
(4, 9)
(5, 9)
(6, 9)
(6, 8)
(6, 7)
(7, 7)
(8, 7)
(9, 7)
(10, 7)
(10, 6)
(10, 5)
(11, 5)
kaikki ok
Reitin pituus: 11
(4, 11)
(4, 10)
(4, 9)
(4, 8)
(4, 7)
(4, 6)
(4, 5)
(4, 4)
(4, 3)
(5, 3)
(6, 3)
(7, 3)
kaikki ok
Reitin pituus: 6
(7, 19)
(8, 19)
(8, 18)
(8, 17)
(7, 17)
(6, 17)
(6, 16)
kaikki ok
Reitin pituus: 9
(10, 9)
(9, 9)
(9, 8)
(9, 7)
(8, 7)
(8, 6)
(8, 5)
(7, 5)
(6, 5)
(6, 4)
kaikki ok
Reitin pituus: 27
(6, 5)
(7, 5)
(8, 5)
(8, 6)
(8, 7)
(7, 7)
(6, 7)
(6, 8)
(6, 9)
(6, 10)
(6, 11)
(6, 12)
(6, 13)
(7, 13)
(8, 13)
(8, 14)
(8, 15)
(7, 15)
(6, 15)
(6, 16)
(6, 17)
(7, 17)
(8, 17)
(8, 18)
(8, 19)
(9, 19)
(10, 19)
(11, 19)
kaikki ok
Reitin pituus: 7
(8, 11)
(9, 11)
(10, 11)
(11, 11)
(12, 11)
(12, 10)
(12, 9)
(12, 8)
kaikki ok
Reitin pituus: 13
(4, 7)
(4, 8)
(4, 9)
(5, 9)
(6, 9)
(6, 10)
(6, 11)
(6, 12)
(6, 13)
(7, 13)
(8, 13)
(8, 14)
(8, 15)
(9, 15)
kaikki ok
Reitin pituus: 12
(12, 7)
(11, 7)
(10, 7)
(9, 7)
(8, 7)
(7, 7)
(6, 7)
(6, 8)
(6, 9)
(5, 9)
(4, 9)
(4, 8)
(4, 7)
kaikki ok
Reitin pituus: 13
(10, 14)
(10, 15)
(9, 15)
(8, 15)
(8, 14)
(8, 13)
(7, 13)
(6, 13)
(6, 12)
(6, 11)
(6, 10)
(6, 9)
(6, 8)
(6, 7)
kaikki ok
Reitin pituus: 9
(7, 5)
(6, 5)
(6, 4)
(6, 3)
(5, 3)
(4, 3)
(4, 4)
(4, 5)
(4, 6)
(4, 7)
kaikki ok
Reitin pituus: 5
(6, 12)
(6, 11)
(6, 10)
(6, 9)
(6, 8)
(6, 7)
kaikki ok
Reitin pituus: 6
(11, 7)
(12, 7)
(12, 8)
(12, 9)
(13, 9)
(14, 9)
(14, 8)
kaikki ok
Reitin pituus: 15
(2, 17)
(3, 17)
(4, 17)
(4, 16)
(4, 15)
(4, 14)
(4, 13)
(4, 12)
(4, 11)
(4, 10)
(4, 9)
(5, 9)
(6, 9)
(6, 8)
(6, 7)
(7, 7)
kaikki ok
Reitin pituus: 12
(7, 11)
(6, 11)
(6, 10)
(6, 9)
(5, 9)
(4, 9)
(4, 8)
(4, 7)
(4, 6)
(4, 5)
(4, 4)
(4, 3)
(3, 3)
kaikki ok
Reitin pituus: 17
(14, 4)
(14, 5)
(14, 6)
(14, 7)
(14, 8)
(14, 9)
(14, 10)
(14, 11)
(14, 12)
(14, 13)
(14, 14)
(14, 15)
(13, 15)
(12, 15)
(12, 16)
(12, 17)
(11, 17)
(10, 17)
kaikki ok
Reitin pituus: 15
(11, 5)
(12, 5)
(12, 4)
(12, 3)
(11, 3)
(10, 3)
(9, 3)
(8, 3)
(7, 3)
(6, 3)
(5, 3)
(4, 3)
(3, 3)
(2, 3)
(1, 3)
(1, 4)
kaikki ok
Reitin pituus: 6
(7, 1)
(8, 1)
(8, 2)
(8, 3)
(7, 3)
(6, 3)
(5, 3)
kaikki ok
Reitin pituus: 20
(1, 2)
(1, 3)
(1, 4)
(1, 5)
(2, 5)
(3, 5)
(4, 5)
(4, 6)
(4, 7)
(4, 8)
(4, 9)
(4, 10)
(4, 11)
(4, 12)
(4, 13)
(4, 14)
(4, 15)
(5, 15)
(6, 15)
(6, 16)
(6, 17)
kaikki ok
Reitin pituus: 3
(6, 1)
(7, 1)
(8, 1)
(8, 2)
kaikki ok
Reitin pituus: 11
(14, 9)
(14, 8)
(14, 7)
(14, 6)
(14, 5)
(14, 4)
(14, 3)
(14, 2)
(14, 1)
(13, 1)
(12, 1)
(11, 1)
kaikki ok
Reitin pituus: 27
(13, 19)
(12, 19)
(11, 19)
(10, 19)
(9, 19)
(8, 19)
(8, 18)
(8, 17)
(7, 17)
(6, 17)
(6, 16)
(6, 15)
(5, 15)
(4, 15)
(4, 14)
(4, 13)
(4, 12)
(4, 11)
(4, 10)
(4, 9)
(4, 8)
(4, 7)
(4, 6)
(4, 5)
(3, 5)
(2, 5)
(1, 5)
(1, 4)
kaikki ok
Reitin pituus: 7
(1, 13)
(2, 13)
(3, 13)
(4, 13)
(4, 14)
(4, 15)
(4, 16)
(4, 17)
kaikki ok
Reitin pituus: 4
(4, 3)
(4, 4)
(4, 5)
(3, 5)
(2, 5)
kaikki ok
Reitin pituus: 16
(4, 7)
(4, 6)
(4, 5)
(4, 4)
(4, 3)
(5, 3)
(6, 3)
(7, 3)
(8, 3)
(9, 3)
(10, 3)
(11, 3)
(12, 3)
(13, 3)
(14, 3)
(15, 3)
(16, 3)
kaikki ok
Reitin pituus: 15
(6, 12)
(6, 11)
(7, 11)
(8, 11)
(9, 11)
(10, 11)
(11, 11)
(12, 11)
(12, 12)
(12, 13)
(13, 13)
(14, 13)
(15, 13)
(16, 13)
(17, 13)
(17, 14)
kaikki ok
Reitin pituus: 9
(4, 15)
(4, 14)
(4, 13)
(4, 12)
(4, 11)
(4, 10)
(4, 9)
(4, 8)
(4, 7)
(4, 6)
kaikki ok
Reitin pituus: 31
(1, 2)
(1, 3)
(2, 3)
(3, 3)
(4, 3)
(5, 3)
(6, 3)
(6, 4)
(6, 5)
(7, 5)
(8, 5)
(8, 6)
(8, 7)
(9, 7)
(10, 7)
(11, 7)
(12, 7)
(12, 8)
(12, 9)
(12, 10)
(12, 11)
(12, 12)
(12, 13)
(13, 13)
(14, 13)
(14, 14)
(14, 15)
(14, 16)
(14, 17)
(15, 17)
(16, 17)
(16, 16)
kaikki ok
Reitin pituus: 17
(17, 1)
(17, 2)
(17, 3)
(17, 4)
(17, 5)
(16, 5)
(15, 5)
(14, 5)
(14, 6)
(14, 7)
(14, 8)
(14, 9)
(14, 10)
(14, 11)
(14, 12)
(14, 13)
(14, 14)
(14, 15)
kaikki ok
Reitin pituus: 23
(2, 13)
(3, 13)
(4, 13)
(4, 12)
(4, 11)
(4, 10)
(4, 9)
(4, 8)
(4, 7)
(4, 6)
(4, 5)
(4, 4)
(4, 3)
(5, 3)
(6, 3)
(7, 3)
(8, 3)
(9, 3)
(10, 3)
(10, 2)
(10, 1)
(11, 1)
(12, 1)
(13, 1)
kaikki ok
Reitin pituus: 15
(8, 17)
(7, 17)
(6, 17)
(6, 16)
(6, 15)
(7, 15)
(8, 15)
(8, 14)
(8, 13)
(7, 13)
(6, 13)
(6, 12)
(6, 11)
(7, 11)
(8, 11)
(9, 11)
kaikki ok
Reitin pituus: 15
(1, 19)
(1, 18)
(1, 17)
(2, 17)
(3, 17)
(4, 17)
(4, 16)
(4, 15)
(4, 14)
(4, 13)
(5, 13)
(6, 13)
(6, 12)
(6, 11)
(7, 11)
(8, 11)
kaikki ok
Reitin pituus: 7
(4, 10)
(4, 11)
(4, 12)
(4, 13)
(5, 13)
(6, 13)
(7, 13)
(8, 13)
kaikki ok
Reitin pituus: 12
(14, 19)
(13, 19)
(12, 19)
(11, 19)
(10, 19)
(10, 18)
(10, 17)
(11, 17)
(12, 17)
(12, 16)
(12, 15)
(11, 15)
(10, 15)
kaikki ok
Reitin pituus: 15
(2, 16)
(2, 17)
(3, 17)
(4, 17)
(4, 16)
(4, 15)
(4, 14)
(4, 13)
(5, 13)
(6, 13)
(6, 12)
(6, 11)
(6, 10)
(6, 9)
(6, 8)
(6, 7)
kaikki ok
Reitin pituus: 18
(1, 18)
(1, 17)
(2, 17)
(3, 17)
(4, 17)
(4, 16)
(4, 15)
(5, 15)
(6, 15)
(7, 15)
(8, 15)
(9, 15)
(10, 15)
(11, 15)
(12, 15)
(13, 15)
(14, 15)
(14, 14)
(14, 13)
kaikki ok
Reitin pituus: 23
(7, 7)
(6, 7)
(6, 8)
(6, 9)
(6, 10)
(6, 11)
(6, 12)
(6, 13)
(7, 13)
(8, 13)
(8, 14)
(8, 15)
(9, 15)
(10, 15)
(11, 15)
(12, 15)
(12, 16)
(12, 17)
(11, 17)
(10, 17)
(10, 18)
(10, 19)
(11, 19)
(12, 19)
kaikki ok
Reitin pituus: 27
(12, 19)
(11, 19)
(10, 19)
(9, 19)
(8, 19)
(8, 18)
(8, 17)
(7, 17)
(6, 17)
(6, 16)
(6, 15)
(5, 15)
(4, 15)
(4, 14)
(4, 13)
(4, 12)
(4, 11)
(4, 10)
(4, 9)
(4, 8)
(4, 7)
(4, 6)
(4, 5)
(4, 4)
(4, 3)
(4, 2)
(4, 1)
(3, 1)
kaikki ok
Reitin pituus: 8
(7, 5)
(6, 5)
(6, 4)
(6, 3)
(7, 3)
(8, 3)
(9, 3)
(10, 3)
(10, 2)
kaikki ok
Reitin pituus: 21
(14, 17)
(14, 16)
(14, 15)
(14, 14)
(14, 13)
(14, 12)
(14, 11)
(14, 10)
(14, 9)
(14, 8)
(14, 7)
(14, 6)
(14, 5)
(14, 4)
(14, 3)
(13, 3)
(12, 3)
(11, 3)
(10, 3)
(9, 3)
(8, 3)
(7, 3)
kaikki ok
Reitin pituus: 19
(8, 7)
(9, 7)
(10, 7)
(11, 7)
(12, 7)
(12, 8)
(12, 9)
(12, 10)
(12, 11)
(12, 12)
(12, 13)
(13, 13)
(14, 13)
(14, 14)
(14, 15)
(13, 15)
(12, 15)
(12, 16)
(12, 17)
(11, 17)
kaikki ok
Reitin pituus: 17
(10, 3)
(11, 3)
(12, 3)
(12, 4)
(12, 5)
(11, 5)
(10, 5)
(10, 6)
(10, 7)
(11, 7)
(12, 7)
(12, 8)
(12, 9)
(12, 10)
(12, 11)
(11, 11)
(10, 11)
(9, 11)
kaikki ok
Reitin pituus: 4
(12, 9)
(13, 9)
(14, 9)
(14, 8)
(14, 7)
kaikki ok
Reitin pituus: 22
(12, 15)
(11, 15)
(10, 15)
(9, 15)
(8, 15)
(7, 15)
(6, 15)
(5, 15)
(4, 15)
(4, 14)
(4, 13)
(4, 12)
(4, 11)
(4, 10)
(4, 9)
(4, 8)
(4, 7)
(4, 6)
(4, 5)
(3, 5)
(2, 5)
(1, 5)
(1, 4)
kaikki ok
Reitin pituus: 10
(9, 8)
(9, 7)
(8, 7)
(8, 6)
(8, 5)
(7, 5)
(6, 5)
(6, 4)
(6, 3)
(7, 3)
(8, 3)
kaikki ok
Reitin pituus: 6
(7, 3)
(6, 3)
(5, 3)
(4, 3)
(3, 3)
(2, 3)
(1, 3)
kaikki ok
Reitin pituus: 13
(4, 9)
(5, 9)
(6, 9)
(6, 10)
(6, 11)
(7, 11)
(8, 11)
(9, 11)
(10, 11)
(11, 11)
(12, 11)
(12, 12)
(12, 13)
(11, 13)
kaikki ok
Reitin pituus: 19
(4, 13)
(5, 13)
(6, 13)
(6, 12)
(6, 11)
(7, 11)
(8, 11)
(9, 11)
(10, 11)
(11, 11)
(12, 11)
(12, 10)
(12, 9)
(13, 9)
(14, 9)
(14, 8)
(14, 7)
(14, 6)
(14, 5)
(15, 5)
kaikki ok
Reitin pituus: 8
(8, 3)
(9, 3)
(10, 3)
(11, 3)
(12, 3)
(12, 4)
(12, 5)
(11, 5)
(10, 5)
kaikki ok
Reitin pituus: 15
(8, 6)
(8, 7)
(9, 7)
(10, 7)
(11, 7)
(12, 7)
(12, 8)
(12, 9)
(12, 10)
(12, 11)
(12, 12)
(12, 13)
(13, 13)
(14, 13)
(14, 14)
(14, 15)
kaikki ok
Reitin pituus: 16
(12, 1)
(11, 1)
(10, 1)
(10, 2)
(10, 3)
(11, 3)
(12, 3)
(12, 4)
(12, 5)
(11, 5)
(10, 5)
(10, 6)
(10, 7)
(9, 7)
(9, 8)
(9, 9)
(8, 9)
kaikki ok
Reitin pituus: 5
(4, 16)
(4, 15)
(4, 14)
(4, 13)
(3, 13)
(2, 13)
kaikki ok
Reitin pituus: 7
(6, 11)
(6, 12)
(6, 13)
(7, 13)
(8, 13)
(8, 14)
(8, 15)
(7, 15)
kaikki ok
Reitin pituus: 24
(1, 3)
(2, 3)
(3, 3)
(4, 3)
(4, 4)
(4, 5)
(4, 6)
(4, 7)
(4, 8)
(4, 9)
(4, 10)
(4, 11)
(4, 12)
(4, 13)
(4, 14)
(4, 15)
(5, 15)
(6, 15)
(7, 15)
(8, 15)
(9, 15)
(10, 15)
(11, 15)
(12, 15)
(13, 15)
kaikki ok
Reitin pituus: 18
(14, 4)
(14, 5)
(14, 6)
(14, 7)
(14, 8)
(14, 9)
(13, 9)
(12, 9)
(12, 10)
(12, 11)
(11, 11)
(10, 11)
(9, 11)
(8, 11)
(7, 11)
(6, 11)
(6, 12)
(6, 13)
(7, 13)
kaikki ok
Reitin pituus: 19
(9, 9)
(9, 8)
(9, 7)
(8, 7)
(7, 7)
(6, 7)
(6, 8)
(6, 9)
(6, 10)
(6, 11)
(6, 12)
(6, 13)
(7, 13)
(8, 13)
(8, 14)
(8, 15)
(7, 15)
(6, 15)
(6, 16)
(6, 17)
kaikki ok
Reitin pituus: 23
(13, 3)
(12, 3)
(12, 4)
(12, 5)
(11, 5)
(10, 5)
(10, 6)
(10, 7)
(9, 7)
(8, 7)
(7, 7)
(6, 7)
(6, 8)
(6, 9)
(6, 10)
(6, 11)
(6, 12)
(6, 13)
(5, 13)
(4, 13)
(4, 14)
(4, 15)
(4, 16)
(4, 17)
kaikki ok
Reitin pituus: 11
(4, 1)
(4, 2)
(4, 3)
(4, 4)
(4, 5)
(4, 6)
(4, 7)
(4, 8)
(4, 9)
(5, 9)
(6, 9)
(6, 10)
kaikki ok
Reitin pituus: 22
(8, 6)
(8, 7)
(7, 7)
(6, 7)
(6, 8)
(6, 9)
(6, 10)
(6, 11)
(6, 12)
(6, 13)
(7, 13)
(8, 13)
(8, 14)
(8, 15)
(7, 15)
(6, 15)
(6, 16)
(6, 17)
(7, 17)
(8, 17)
(8, 18)
(8, 19)
(9, 19)
kaikki ok
Reitin pituus: 17
(16, 19)
(15, 19)
(14, 19)
(13, 19)
(12, 19)
(11, 19)
(10, 19)
(9, 19)
(8, 19)
(7, 19)
(6, 19)
(5, 19)
(4, 19)
(3, 19)
(2, 19)
(1, 19)
(1, 18)
(1, 17)
kaikki ok
Reitin pituus: 5
(3, 13)
(4, 13)
(4, 14)
(4, 15)
(4, 16)
(4, 17)
kaikki ok
Reitin pituus: 2
(14, 11)
(14, 10)
(14, 9)
kaikki ok
Reitin pituus: 18
(15, 17)
(14, 17)
(14, 16)
(14, 15)
(13, 15)
(12, 15)
(11, 15)
(10, 15)
(9, 15)
(8, 15)
(8, 14)
(8, 13)
(7, 13)
(6, 13)
(5, 13)
(4, 13)
(3, 13)
(2, 13)
(1, 13)
kaikki ok
Reitin pituus: 11
(4, 8)
(4, 9)
(5, 9)
(6, 9)
(6, 8)
(6, 7)
(7, 7)
(8, 7)
(9, 7)
(9, 8)
(9, 9)
(10, 9)
kaikki ok
Reitin pituus: 19
(16, 17)
(15, 17)
(14, 17)
(14, 16)
(14, 15)
(14, 14)
(14, 13)
(14, 12)
(14, 11)
(14, 10)
(14, 9)
(14, 8)
(14, 7)
(14, 6)
(14, 5)
(14, 4)
(14, 3)
(14, 2)
(14, 1)
(13, 1)
kaikki ok
Reitin pituus: 8
(12, 9)
(12, 8)
(12, 7)
(11, 7)
(10, 7)
(9, 7)
(9, 8)
(9, 9)
(8, 9)
kaikki ok
Reitin pituus: 16
(11, 7)
(12, 7)
(12, 8)
(12, 9)
(13, 9)
(14, 9)
(14, 10)
(14, 11)
(14, 12)
(14, 13)
(15, 13)
(16, 13)
(17, 13)
(17, 14)
(17, 15)
(16, 15)
(16, 16)
kaikki ok
Reitin pituus: 12
(14, 6)
(14, 7)
(14, 8)
(14, 9)
(14, 10)
(14, 11)
(14, 12)
(14, 13)
(14, 14)
(14, 15)
(13, 15)
(12, 15)
(11, 15)
kaikki ok
Reitin pituus: 8
(4, 13)
(4, 14)
(4, 15)
(5, 15)
(6, 15)
(7, 15)
(8, 15)
(9, 15)
(10, 15)
kaikki ok
Reitin pituus: 16
(9, 15)
(8, 15)
(8, 14)
(8, 13)
(7, 13)
(6, 13)
(6, 12)
(6, 11)
(6, 10)
(6, 9)
(6, 8)
(6, 7)
(7, 7)
(8, 7)
(8, 6)
(8, 5)
(7, 5)
kaikki ok
Reitin pituus: 16
(17, 2)
(17, 3)
(16, 3)
(15, 3)
(14, 3)
(13, 3)
(12, 3)
(12, 4)
(12, 5)
(11, 5)
(10, 5)
(10, 6)
(10, 7)
(9, 7)
(8, 7)
(8, 6)
(8, 5)
kaikki ok
Reitin pituus: 24
(6, 16)
(6, 15)
(7, 15)
(8, 15)
(9, 15)
(10, 15)
(10, 14)
(10, 13)
(11, 13)
(12, 13)
(12, 12)
(12, 11)
(12, 10)
(12, 9)
(13, 9)
(14, 9)
(14, 8)
(14, 7)
(14, 6)
(14, 5)
(14, 4)
(14, 3)
(14, 2)
(14, 1)
(15, 1)
kaikki ok
Reitin pituus: 22
(10, 3)
(9, 3)
(8, 3)
(7, 3)
(6, 3)
(5, 3)
(4, 3)
(4, 4)
(4, 5)
(4, 6)
(4, 7)
(4, 8)
(4, 9)
(4, 10)
(4, 11)
(4, 12)
(4, 13)
(4, 14)
(4, 15)
(4, 16)
(4, 17)
(3, 17)
(2, 17)
kaikki ok
Reitin pituus: 12
(6, 12)
(6, 13)
(7, 13)
(8, 13)
(8, 14)
(8, 15)
(9, 15)
(10, 15)
(11, 15)
(12, 15)
(13, 15)
(14, 15)
(14, 14)
kaikki ok
Reitin pituus: 5
(2, 17)
(2, 16)
(2, 15)
(1, 15)
(1, 14)
(1, 13)
kaikki ok
Reitin pituus: 21
(1, 5)
(2, 5)
(3, 5)
(4, 5)
(4, 6)
(4, 7)
(4, 8)
(4, 9)
(5, 9)
(6, 9)
(6, 10)
(6, 11)
(7, 11)
(8, 11)
(9, 11)
(10, 11)
(11, 11)
(12, 11)
(12, 12)
(12, 13)
(13, 13)
(14, 13)
kaikki ok
Reitin pituus: 22
(17, 17)
(16, 17)
(15, 17)
(14, 17)
(14, 16)
(14, 15)
(14, 14)
(14, 13)
(13, 13)
(12, 13)
(12, 12)
(12, 11)
(12, 10)
(12, 9)
(12, 8)
(12, 7)
(11, 7)
(10, 7)
(9, 7)
(8, 7)
(8, 6)
(8, 5)
(7, 5)
kaikki ok
Reitin pituus: 16
(2, 17)
(3, 17)
(4, 17)
(4, 16)
(4, 15)
(5, 15)
(6, 15)
(7, 15)
(8, 15)
(9, 15)
(10, 15)
(10, 14)
(10, 13)
(11, 13)
(12, 13)
(12, 12)
(12, 11)
kaikki ok
Reitin pituus: 5
(3, 3)
(4, 3)
(4, 4)
(4, 5)
(4, 6)
(4, 7)
kaikki ok
Reitin pituus: 17
(6, 12)
(6, 13)
(7, 13)
(8, 13)
(8, 14)
(8, 15)
(9, 15)
(10, 15)
(11, 15)
(12, 15)
(13, 15)
(14, 15)
(14, 16)
(14, 17)
(15, 17)
(16, 17)
(17, 17)
(17, 18)
kaikki ok
Reitin pituus: 7
(16, 13)
(15, 13)
(14, 13)
(14, 14)
(14, 15)
(13, 15)
(12, 15)
(12, 16)
kaikki ok
Reitin pituus: 20
(6, 17)
(6, 16)
(6, 15)
(5, 15)
(4, 15)
(4, 14)
(4, 13)
(5, 13)
(6, 13)
(6, 12)
(6, 11)
(6, 10)
(6, 9)
(6, 8)
(6, 7)
(7, 7)
(8, 7)
(9, 7)
(9, 8)
(9, 9)
(10, 9)
kaikki ok
Reitin pituus: 13
(6, 12)
(6, 13)
(5, 13)
(4, 13)
(4, 14)
(4, 15)
(4, 16)
(4, 17)
(3, 17)
(2, 17)
(1, 17)
(1, 18)
(1, 19)
(2, 19)
kaikki ok
Reitin pituus: 4
(6, 15)
(7, 15)
(8, 15)
(8, 14)
(8, 13)
kaikki ok
Reitin pituus: 12
(4, 12)
(4, 13)
(4, 14)
(4, 15)
(4, 16)
(4, 17)
(3, 17)
(2, 17)
(1, 17)
(1, 18)
(1, 19)
(2, 19)
(3, 19)
kaikki ok
Reitin pituus: 9
(8, 1)
(8, 2)
(8, 3)
(9, 3)
(10, 3)
(10, 2)
(10, 1)
(11, 1)
(12, 1)
(13, 1)
kaikki ok
Reitin pituus: 26
(10, 1)
(10, 2)
(10, 3)
(9, 3)
(8, 3)
(7, 3)
(6, 3)
(5, 3)
(4, 3)
(4, 4)
(4, 5)
(4, 6)
(4, 7)
(4, 8)
(4, 9)
(4, 10)
(4, 11)
(4, 12)
(4, 13)
(4, 14)
(4, 15)
(4, 16)
(4, 17)
(3, 17)
(2, 17)
(1, 17)
(1, 18)
kaikki ok
Reitin pituus: 29
(15, 17)
(14, 17)
(14, 16)
(14, 15)
(14, 14)
(14, 13)
(14, 12)
(14, 11)
(14, 10)
(14, 9)
(14, 8)
(14, 7)
(14, 6)
(14, 5)
(14, 4)
(14, 3)
(13, 3)
(12, 3)
(11, 3)
(10, 3)
(9, 3)
(8, 3)
(8, 2)
(8, 1)
(7, 1)
(6, 1)
(5, 1)
(4, 1)
(3, 1)
(2, 1)
kaikki ok
Reitin pituus: 8
(13, 15)
(14, 15)
(14, 14)
(14, 13)
(14, 12)
(14, 11)
(14, 10)
(14, 9)
(13, 9)
kaikki ok
Reitin pituus: 14
(12, 8)
(12, 7)
(11, 7)
(10, 7)
(9, 7)
(8, 7)
(8, 6)
(8, 5)
(7, 5)
(6, 5)
(6, 4)
(6, 3)
(5, 3)
(4, 3)
(4, 4)
kaikki ok
Reitin pituus: 26
(15, 1)
(14, 1)
(14, 2)
(14, 3)
(14, 4)
(14, 5)
(14, 6)
(14, 7)
(14, 8)
(14, 9)
(14, 10)
(14, 11)
(14, 12)
(14, 13)
(14, 14)
(14, 15)
(13, 15)
(12, 15)
(12, 16)
(12, 17)
(11, 17)
(10, 17)
(10, 18)
(10, 19)
(9, 19)
(8, 19)
(7, 19)
kaikki ok
Reitin pituus: 21
(16, 16)
(16, 17)
(15, 17)
(14, 17)
(14, 16)
(14, 15)
(14, 14)
(14, 13)
(14, 12)
(14, 11)
(14, 10)
(14, 9)
(14, 8)
(14, 7)
(14, 6)
(14, 5)
(14, 4)
(14, 3)
(14, 2)
(14, 1)
(15, 1)
(16, 1)
kaikki ok
Reitin pituus: 9
(17, 14)
(17, 13)
(16, 13)
(15, 13)
(14, 13)
(14, 12)
(14, 11)
(14, 10)
(14, 9)
(13, 9)
kaikki ok
Reitin pituus: 13
(14, 7)
(14, 8)
(14, 9)
(14, 10)
(14, 11)
(14, 12)
(14, 13)
(14, 14)
(14, 15)
(14, 16)
(14, 17)
(15, 17)
(16, 17)
(17, 17)
kaikki ok
Reitin pituus: 6
(4, 11)
(4, 10)
(4, 9)
(5, 9)
(6, 9)
(6, 10)
(6, 11)
kaikki ok
Reitin pituus: 26
(2, 15)
(1, 15)
(1, 14)
(1, 13)
(2, 13)
(3, 13)
(4, 13)
(5, 13)
(6, 13)
(6, 12)
(6, 11)
(6, 10)
(6, 9)
(6, 8)
(6, 7)
(7, 7)
(8, 7)
(9, 7)
(10, 7)
(10, 6)
(10, 5)
(11, 5)
(12, 5)
(12, 4)
(12, 3)
(13, 3)
(14, 3)
kaikki ok
Reitin pituus: 28
(5, 19)
(6, 19)
(7, 19)
(8, 19)
(9, 19)
(10, 19)
(10, 18)
(10, 17)
(11, 17)
(12, 17)
(12, 16)
(12, 15)
(13, 15)
(14, 15)
(14, 14)
(14, 13)
(14, 12)
(14, 11)
(14, 10)
(14, 9)
(14, 8)
(14, 7)
(14, 6)
(14, 5)
(14, 4)
(14, 3)
(13, 3)
(12, 3)
(11, 3)
kaikki ok
Reitin pituus: 9
(10, 18)
(10, 19)
(9, 19)
(8, 19)
(7, 19)
(6, 19)
(5, 19)
(4, 19)
(3, 19)
(2, 19)
kaikki ok
Reitin pituus: 14
(15, 3)
(14, 3)
(14, 4)
(14, 5)
(14, 6)
(14, 7)
(14, 8)
(14, 9)
(14, 10)
(14, 11)
(14, 12)
(14, 13)
(14, 14)
(14, 15)
(13, 15)
kaikki ok
Reitin pituus: 15
(9, 8)
(9, 7)
(8, 7)
(7, 7)
(6, 7)
(6, 8)
(6, 9)
(6, 10)
(6, 11)
(6, 12)
(6, 13)
(7, 13)
(8, 13)
(8, 14)
(8, 15)
(7, 15)
kaikki ok
Reitin pituus: 16
(10, 9)
(9, 9)
(9, 8)
(9, 7)
(10, 7)
(10, 6)
(10, 5)
(11, 5)
(12, 5)
(12, 4)
(12, 3)
(13, 3)
(14, 3)
(15, 3)
(16, 3)
(17, 3)
(17, 2)
kaikki ok
Reitin pituus: 7
(2, 19)
(1, 19)
(1, 18)
(1, 17)
(2, 17)
(3, 17)
(4, 17)
(4, 16)
kaikki ok
Reitin pituus: 20
(12, 12)
(12, 11)
(12, 10)
(12, 9)
(12, 8)
(12, 7)
(11, 7)
(10, 7)
(9, 7)
(8, 7)
(8, 6)
(8, 5)
(7, 5)
(6, 5)
(6, 4)
(6, 3)
(7, 3)
(8, 3)
(8, 2)
(8, 1)
(7, 1)
kaikki ok
Reitin pituus: 11
(10, 2)
(10, 3)
(9, 3)
(8, 3)
(7, 3)
(6, 3)
(5, 3)
(4, 3)
(3, 3)
(2, 3)
(1, 3)
(1, 4)
kaikki ok
Reitin pituus: 9
(6, 5)
(7, 5)
(8, 5)
(8, 6)
(8, 7)
(9, 7)
(10, 7)
(10, 6)
(10, 5)
(11, 5)
kaikki ok
Reitin pituus: 16
(8, 19)
(8, 18)
(8, 17)
(7, 17)
(6, 17)
(6, 16)
(6, 15)
(5, 15)
(4, 15)
(4, 14)
(4, 13)
(4, 12)
(4, 11)
(4, 10)
(4, 9)
(4, 8)
(4, 7)
kaikki ok
Reitin pituus: 13
(1, 14)
(1, 13)
(2, 13)
(3, 13)
(4, 13)
(4, 12)
(4, 11)
(4, 10)
(4, 9)
(4, 8)
(4, 7)
(4, 6)
(4, 5)
(4, 4)
kaikki ok
Reitin pituus: 7
(2, 13)
(3, 13)
(4, 13)
(4, 12)
(4, 11)
(4, 10)
(4, 9)
(5, 9)
kaikki ok
Reitin pituus: 17
(16, 5)
(15, 5)
(14, 5)
(14, 6)
(14, 7)
(14, 8)
(14, 9)
(13, 9)
(12, 9)
(12, 10)
(12, 11)
(12, 12)
(12, 13)
(11, 13)
(10, 13)
(10, 14)
(10, 15)
(9, 15)
kaikki ok
Reitin pituus: 28
(17, 14)
(17, 13)
(16, 13)
(15, 13)
(14, 13)
(14, 12)
(14, 11)
(14, 10)
(14, 9)
(14, 8)
(14, 7)
(14, 6)
(14, 5)
(14, 4)
(14, 3)
(13, 3)
(12, 3)
(11, 3)
(10, 3)
(9, 3)
(8, 3)
(7, 3)
(6, 3)
(5, 3)
(4, 3)
(3, 3)
(2, 3)
(1, 3)
(1, 2)
kaikki ok
Reitin pituus: 7
(4, 9)
(5, 9)
(6, 9)
(6, 10)
(6, 11)
(7, 11)
(8, 11)
(9, 11)
kaikki ok
Reitin pituus: 17
(11, 1)
(10, 1)
(10, 2)
(10, 3)
(9, 3)
(8, 3)
(7, 3)
(6, 3)
(5, 3)
(4, 3)
(4, 4)
(4, 5)
(4, 6)
(4, 7)
(4, 8)
(4, 9)
(5, 9)
(6, 9)
kaikki ok
Reitin pituus: 14
(6, 15)
(5, 15)
(4, 15)
(4, 14)
(4, 13)
(4, 12)
(4, 11)
(4, 10)
(4, 9)
(4, 8)
(4, 7)
(4, 6)
(4, 5)
(4, 4)
(4, 3)
kaikki ok
Reitin pituus: 20
(4, 4)
(4, 5)
(4, 6)
(4, 7)
(4, 8)
(4, 9)
(4, 10)
(4, 11)
(4, 12)
(4, 13)
(4, 14)
(4, 15)
(4, 16)
(4, 17)
(3, 17)
(2, 17)
(1, 17)
(1, 18)
(1, 19)
(2, 19)
(3, 19)
kaikki ok
Reitin pituus: 12
(7, 13)
(6, 13)
(6, 12)
(6, 11)
(7, 11)
(8, 11)
(9, 11)
(10, 11)
(11, 11)
(12, 11)
(12, 10)
(12, 9)
(13, 9)
kaikki ok
Reitin pituus: 13
(2, 5)
(3, 5)
(4, 5)
(4, 4)
(4, 3)
(5, 3)
(6, 3)
(7, 3)
(8, 3)
(9, 3)
(10, 3)
(10, 2)
(10, 1)
(11, 1)
kaikki ok
Reitin pituus: 4
(4, 16)
(4, 17)
(3, 17)
(2, 17)
(1, 17)
kaikki ok
Reitin pituus: 25
(10, 2)
(10, 3)
(9, 3)
(8, 3)
(7, 3)
(6, 3)
(5, 3)
(4, 3)
(4, 4)
(4, 5)
(4, 6)
(4, 7)
(4, 8)
(4, 9)
(4, 10)
(4, 11)
(4, 12)
(4, 13)
(4, 14)
(4, 15)
(4, 16)
(4, 17)
(3, 17)
(2, 17)
(1, 17)
(1, 18)
kaikki ok
Reitin pituus: 4
(10, 7)
(9, 7)
(9, 8)
(9, 9)
(8, 9)
kaikki ok
Reitin pituus: 2
(4, 6)
(4, 5)
(4, 4)
kaikki ok
Reitin pituus: 8
(10, 17)
(11, 17)
(12, 17)
(12, 16)
(12, 15)
(13, 15)
(14, 15)
(14, 14)
(14, 13)
kaikki ok
Reitin pituus: 9
(6, 9)
(5, 9)
(4, 9)
(4, 8)
(4, 7)
(4, 6)
(4, 5)
(4, 4)
(4, 3)
(3, 3)
kaikki ok
Reitin pituus: 7
(9, 19)
(8, 19)
(8, 18)
(8, 17)
(7, 17)
(6, 17)
(6, 16)
(6, 15)
kaikki ok
Reitin pituus: 3
(4, 5)
(4, 6)
(4, 7)
(4, 8)
kaikki ok
Reitin pituus: 14
(1, 2)
(1, 3)
(1, 4)
(1, 5)
(2, 5)
(3, 5)
(4, 5)
(4, 6)
(4, 7)
(4, 8)
(4, 9)
(4, 10)
(4, 11)
(4, 12)
(4, 13)
kaikki ok
Reitin pituus: 12
(14, 3)
(13, 3)
(12, 3)
(12, 4)
(12, 5)
(11, 5)
(10, 5)
(10, 6)
(10, 7)
(9, 7)
(9, 8)
(9, 9)
(10, 9)
kaikki ok
Reitin pituus: 14
(10, 13)
(11, 13)
(12, 13)
(12, 12)
(12, 11)
(12, 10)
(12, 9)
(12, 8)
(12, 7)
(11, 7)
(10, 7)
(9, 7)
(8, 7)
(8, 6)
(8, 5)
kaikki ok
Reitin pituus: 24
(1, 13)
(2, 13)
(3, 13)
(4, 13)
(5, 13)
(6, 13)
(6, 12)
(6, 11)
(7, 11)
(8, 11)
(9, 11)
(10, 11)
(11, 11)
(12, 11)
(12, 10)
(12, 9)
(13, 9)
(14, 9)
(14, 8)
(14, 7)
(14, 6)
(14, 5)
(15, 5)
(16, 5)
(17, 5)
kaikki ok
Reitin pituus: 12
(15, 13)
(14, 13)
(14, 12)
(14, 11)
(14, 10)
(14, 9)
(14, 8)
(14, 7)
(14, 6)
(14, 5)
(14, 4)
(14, 3)
(14, 2)
kaikki ok
Reitin pituus: 12
(5, 15)
(4, 15)
(4, 14)
(4, 13)
(4, 12)
(4, 11)
(4, 10)
(4, 9)
(4, 8)
(4, 7)
(4, 6)
(4, 5)
(3, 5)
kaikki ok
Reitin pituus: 18
(7, 19)
(8, 19)
(8, 18)
(8, 17)
(7, 17)
(6, 17)
(6, 16)
(6, 15)
(5, 15)
(4, 15)
(4, 14)
(4, 13)
(5, 13)
(6, 13)
(6, 12)
(6, 11)
(6, 10)
(6, 9)
(6, 8)
kaikki ok
Reitin pituus: 13
(10, 11)
(11, 11)
(12, 11)
(12, 12)
(12, 13)
(13, 13)
(14, 13)
(14, 14)
(14, 15)
(14, 16)
(14, 17)
(15, 17)
(16, 17)
(17, 17)
kaikki ok
Reitin pituus: 14
(4, 14)
(4, 13)
(4, 12)
(4, 11)
(4, 10)
(4, 9)
(5, 9)
(6, 9)
(6, 8)
(6, 7)
(7, 7)
(8, 7)
(8, 6)
(8, 5)
(7, 5)
kaikki ok
Reitin pituus: 12
(4, 12)
(4, 13)
(5, 13)
(6, 13)
(7, 13)
(8, 13)
(8, 14)
(8, 15)
(9, 15)
(10, 15)
(11, 15)
(12, 15)
(12, 16)
kaikki ok
Reitin pituus: 14
(8, 13)
(7, 13)
(6, 13)
(5, 13)
(4, 13)
(4, 12)
(4, 11)
(4, 10)
(4, 9)
(4, 8)
(4, 7)
(4, 6)
(4, 5)
(4, 4)
(4, 3)
kaikki ok
Reitin pituus: 17
(10, 1)
(11, 1)
(12, 1)
(13, 1)
(14, 1)
(14, 2)
(14, 3)
(14, 4)
(14, 5)
(14, 6)
(14, 7)
(14, 8)
(14, 9)
(14, 10)
(14, 11)
(14, 12)
(14, 13)
(14, 14)
kaikki ok
Reitin pituus: 22
(7, 17)
(6, 17)
(6, 16)
(6, 15)
(5, 15)
(4, 15)
(4, 14)
(4, 13)
(4, 12)
(4, 11)
(4, 10)
(4, 9)
(4, 8)
(4, 7)
(4, 6)
(4, 5)
(4, 4)
(4, 3)
(5, 3)
(6, 3)
(7, 3)
(8, 3)
(9, 3)
kaikki ok
Reitin pituus: 11
(9, 8)
(9, 7)
(10, 7)
(10, 6)
(10, 5)
(11, 5)
(12, 5)
(12, 4)
(12, 3)
(13, 3)
(14, 3)
(15, 3)
kaikki ok
Reitin pituus: 6
(12, 11)
(12, 10)
(12, 9)
(12, 8)
(12, 7)
(11, 7)
(10, 7)
kaikki ok
Reitin pituus: 5
(1, 2)
(1, 1)
(2, 1)
(3, 1)
(4, 1)
(5, 1)
kaikki ok
Reitin pituus: 30
(2, 3)
(3, 3)
(4, 3)
(4, 4)
(4, 5)
(4, 6)
(4, 7)
(4, 8)
(4, 9)
(4, 10)
(4, 11)
(4, 12)
(4, 13)
(4, 14)
(4, 15)
(5, 15)
(6, 15)
(6, 16)
(6, 17)
(7, 17)
(8, 17)
(8, 18)
(8, 19)
(9, 19)
(10, 19)
(11, 19)
(12, 19)
(13, 19)
(14, 19)
(15, 19)
(16, 19)
kaikki ok
Reitin pituus: 16
(4, 6)
(4, 7)
(4, 8)
(4, 9)
(4, 10)
(4, 11)
(4, 12)
(4, 13)
(4, 14)
(4, 15)
(5, 15)
(6, 15)
(6, 16)
(6, 17)
(7, 17)
(8, 17)
(8, 18)
kaikki ok
Reitin pituus: 24
(8, 19)
(9, 19)
(10, 19)
(10, 18)
(10, 17)
(11, 17)
(12, 17)
(12, 16)
(12, 15)
(13, 15)
(14, 15)
(14, 14)
(14, 13)
(13, 13)
(12, 13)
(12, 12)
(12, 11)
(12, 10)
(12, 9)
(12, 8)
(12, 7)
(11, 7)
(10, 7)
(10, 6)
(10, 5)
kaikki ok
Reitin pituus: 15
(12, 11)
(12, 10)
(12, 9)
(13, 9)
(14, 9)
(14, 8)
(14, 7)
(14, 6)
(14, 5)
(14, 4)
(14, 3)
(14, 2)
(14, 1)
(15, 1)
(16, 1)
(17, 1)
kaikki ok
Reitin pituus: 13
(6, 3)
(5, 3)
(4, 3)
(4, 4)
(4, 5)
(4, 6)
(4, 7)
(4, 8)
(4, 9)
(5, 9)
(6, 9)
(6, 10)
(6, 11)
(7, 11)
kaikki ok
Reitin pituus: 14
(11, 11)
(10, 11)
(9, 11)
(8, 11)
(7, 11)
(6, 11)
(6, 10)
(6, 9)
(5, 9)
(4, 9)
(4, 8)
(4, 7)
(4, 6)
(4, 5)
(4, 4)
kaikki ok
Reitin pituus: 29
(3, 1)
(4, 1)
(4, 2)
(4, 3)
(4, 4)
(4, 5)
(4, 6)
(4, 7)
(4, 8)
(4, 9)
(5, 9)
(6, 9)
(6, 10)
(6, 11)
(7, 11)
(8, 11)
(9, 11)
(10, 11)
(11, 11)
(12, 11)
(12, 12)
(12, 13)
(13, 13)
(14, 13)
(14, 14)
(14, 15)
(14, 16)
(14, 17)
(15, 17)
(16, 17)
kaikki ok
Reitin pituus: 5
(6, 9)
(6, 10)
(6, 11)
(6, 12)
(6, 13)
(7, 13)
kaikki ok
Reitin pituus: 10
(2, 1)
(3, 1)
(4, 1)
(5, 1)
(6, 1)
(7, 1)
(8, 1)
(8, 2)
(8, 3)
(9, 3)
(10, 3)
kaikki ok
Reitin pituus: 14
(14, 3)
(13, 3)
(12, 3)
(11, 3)
(10, 3)
(9, 3)
(8, 3)
(7, 3)
(6, 3)
(5, 3)
(4, 3)
(3, 3)
(2, 3)
(1, 3)
(1, 4)
kaikki ok
Reitin pituus: 12
(15, 5)
(14, 5)
(14, 6)
(14, 7)
(14, 8)
(14, 9)
(14, 10)
(14, 11)
(14, 12)
(14, 13)
(14, 14)
(14, 15)
(13, 15)
kaikki ok
Reitin pituus: 19
(6, 13)
(6, 12)
(6, 11)
(6, 10)
(6, 9)
(6, 8)
(6, 7)
(7, 7)
(8, 7)
(9, 7)
(10, 7)
(10, 6)
(10, 5)
(11, 5)
(12, 5)
(12, 4)
(12, 3)
(13, 3)
(14, 3)
(15, 3)
kaikki ok
Reitin pituus: 24
(7, 19)
(8, 19)
(8, 18)
(8, 17)
(7, 17)
(6, 17)
(6, 16)
(6, 15)
(5, 15)
(4, 15)
(4, 14)
(4, 13)
(4, 12)
(4, 11)
(4, 10)
(4, 9)
(4, 8)
(4, 7)
(4, 6)
(4, 5)
(4, 4)
(4, 3)
(5, 3)
(6, 3)
(7, 3)
kaikki ok
Reitin pituus: 18
(14, 11)
(14, 12)
(14, 13)
(13, 13)
(12, 13)
(12, 12)
(12, 11)
(11, 11)
(10, 11)
(9, 11)
(8, 11)
(7, 11)
(6, 11)
(6, 10)
(6, 9)
(5, 9)
(4, 9)
(4, 8)
(4, 7)
kaikki ok
Reitin pituus: 25
(15, 1)
(14, 1)
(14, 2)
(14, 3)
(14, 4)
(14, 5)
(14, 6)
(14, 7)
(14, 8)
(14, 9)
(14, 10)
(14, 11)
(14, 12)
(14, 13)
(14, 14)
(14, 15)
(13, 15)
(12, 15)
(12, 16)
(12, 17)
(11, 17)
(10, 17)
(10, 18)
(10, 19)
(9, 19)
(8, 19)
kaikki ok
Reitin pituus: 15
(1, 2)
(1, 3)
(1, 4)
(1, 5)
(2, 5)
(3, 5)
(4, 5)
(4, 6)
(4, 7)
(4, 8)
(4, 9)
(4, 10)
(4, 11)
(4, 12)
(4, 13)
(5, 13)
kaikki ok
Reitin pituus: 20
(17, 5)
(16, 5)
(15, 5)
(14, 5)
(14, 6)
(14, 7)
(14, 8)
(14, 9)
(14, 10)
(14, 11)
(14, 12)
(14, 13)
(14, 14)
(14, 15)
(13, 15)
(12, 15)
(11, 15)
(10, 15)
(9, 15)
(8, 15)
(7, 15)
kaikki ok
Reitin pituus: 16
(17, 19)
(17, 18)
(17, 17)
(16, 17)
(15, 17)
(14, 17)
(14, 16)
(14, 15)
(13, 15)
(12, 15)
(11, 15)
(10, 15)
(9, 15)
(8, 15)
(7, 15)
(6, 15)
(5, 15)
kaikki ok
Reitin pituus: 8
(8, 13)
(7, 13)
(6, 13)
(6, 12)
(6, 11)
(7, 11)
(8, 11)
(9, 11)
(10, 11)
kaikki ok
Reitin pituus: 20
(15, 13)
(14, 13)
(14, 14)
(14, 15)
(13, 15)
(12, 15)
(12, 16)
(12, 17)
(11, 17)
(10, 17)
(10, 18)
(10, 19)
(9, 19)
(8, 19)
(7, 19)
(6, 19)
(5, 19)
(4, 19)
(3, 19)
(2, 19)
(1, 19)
kaikki ok
Reitin pituus: 27
(8, 1)
(8, 2)
(8, 3)
(9, 3)
(10, 3)
(11, 3)
(12, 3)
(13, 3)
(14, 3)
(14, 4)
(14, 5)
(14, 6)
(14, 7)
(14, 8)
(14, 9)
(14, 10)
(14, 11)
(14, 12)
(14, 13)
(14, 14)
(14, 15)
(14, 16)
(14, 17)
(15, 17)
(16, 17)
(17, 17)
(17, 18)
(17, 19)
kaikki ok
Reitin pituus: 24
(12, 4)
(12, 5)
(11, 5)
(10, 5)
(10, 6)
(10, 7)
(11, 7)
(12, 7)
(12, 8)
(12, 9)
(12, 10)
(12, 11)
(12, 12)
(12, 13)
(11, 13)
(10, 13)
(10, 14)
(10, 15)
(9, 15)
(8, 15)
(7, 15)
(6, 15)
(6, 16)
(6, 17)
(7, 17)
kaikki ok
Reitin pituus: 4
(11, 1)
(10, 1)
(10, 2)
(10, 3)
(9, 3)
kaikki ok
Reitin pituus: 24
(15, 19)
(16, 19)
(17, 19)
(17, 18)
(17, 17)
(16, 17)
(15, 17)
(14, 17)
(14, 16)
(14, 15)
(14, 14)
(14, 13)
(14, 12)
(14, 11)
(14, 10)
(14, 9)
(14, 8)
(14, 7)
(14, 6)
(14, 5)
(14, 4)
(14, 3)
(13, 3)
(12, 3)
(12, 4)
kaikki ok
Reitin pituus: 18
(6, 12)
(6, 13)
(7, 13)
(8, 13)
(8, 14)
(8, 15)
(9, 15)
(10, 15)
(11, 15)
(12, 15)
(13, 15)
(14, 15)
(14, 16)
(14, 17)
(15, 17)
(16, 17)
(17, 17)
(17, 18)
(17, 19)
kaikki ok
Reitin pituus: 18
(17, 2)
(17, 3)
(17, 4)
(17, 5)
(16, 5)
(15, 5)
(14, 5)
(14, 6)
(14, 7)
(14, 8)
(14, 9)
(14, 10)
(14, 11)
(14, 12)
(14, 13)
(14, 14)
(14, 15)
(13, 15)
(12, 15)
kaikki ok
Reitin pituus: 23
(17, 19)
(17, 18)
(17, 17)
(16, 17)
(15, 17)
(14, 17)
(14, 16)
(14, 15)
(14, 14)
(14, 13)
(13, 13)
(12, 13)
(12, 12)
(12, 11)
(12, 10)
(12, 9)
(12, 8)
(12, 7)
(11, 7)
(10, 7)
(9, 7)
(9, 8)
(9, 9)
(8, 9)
kaikki ok
Reitin pituus: 7
(8, 17)
(8, 18)
(8, 19)
(7, 19)
(6, 19)
(5, 19)
(4, 19)
(3, 19)
kaikki ok
Reitin pituus: 20
(6, 19)
(7, 19)
(8, 19)
(8, 18)
(8, 17)
(7, 17)
(6, 17)
(6, 16)
(6, 15)
(5, 15)
(4, 15)
(4, 14)
(4, 13)
(4, 12)
(4, 11)
(4, 10)
(4, 9)
(4, 8)
(4, 7)
(4, 6)
(4, 5)
kaikki ok
Reitin pituus: 12
(7, 7)
(6, 7)
(6, 8)
(6, 9)
(5, 9)
(4, 9)
(4, 8)
(4, 7)
(4, 6)
(4, 5)
(3, 5)
(2, 5)
(1, 5)
kaikki ok
Reitin pituus: 6
(7, 17)
(6, 17)
(6, 16)
(6, 15)
(5, 15)
(4, 15)
(4, 14)
kaikki ok
Reitin pituus: 17
(14, 9)
(14, 10)
(14, 11)
(14, 12)
(14, 13)
(14, 14)
(14, 15)
(13, 15)
(12, 15)
(11, 15)
(10, 15)
(9, 15)
(8, 15)
(7, 15)
(6, 15)
(6, 16)
(6, 17)
(7, 17)
kaikki ok
Reitin pituus: 11
(10, 7)
(10, 6)
(10, 5)
(11, 5)
(12, 5)
(12, 4)
(12, 3)
(13, 3)
(14, 3)
(14, 2)
(14, 1)
(13, 1)
kaikki ok
Reitin pituus: 14
(14, 19)
(13, 19)
(12, 19)
(11, 19)
(10, 19)
(10, 18)
(10, 17)
(11, 17)
(12, 17)
(12, 16)
(12, 15)
(11, 15)
(10, 15)
(10, 14)
(10, 13)
kaikki ok
Reitin pituus: 25
(3, 1)
(4, 1)
(4, 2)
(4, 3)
(4, 4)
(4, 5)
(4, 6)
(4, 7)
(4, 8)
(4, 9)
(5, 9)
(6, 9)
(6, 10)
(6, 11)
(7, 11)
(8, 11)
(9, 11)
(10, 11)
(11, 11)
(12, 11)
(12, 12)
(12, 13)
(13, 13)
(14, 13)
(15, 13)
(16, 13)
kaikki ok
Reitin pituus: 7
(8, 19)
(9, 19)
(10, 19)
(11, 19)
(12, 19)
(13, 19)
(14, 19)
(15, 19)
kaikki ok
Reitin pituus: 12
(10, 15)
(10, 14)
(10, 13)
(11, 13)
(12, 13)
(12, 12)
(12, 11)
(12, 10)
(12, 9)
(13, 9)
(14, 9)
(14, 8)
(14, 7)
kaikki ok
Reitin pituus: 21
(11, 3)
(10, 3)
(9, 3)
(8, 3)
(7, 3)
(6, 3)
(5, 3)
(4, 3)
(4, 4)
(4, 5)
(4, 6)
(4, 7)
(4, 8)
(4, 9)
(4, 10)
(4, 11)
(4, 12)
(4, 13)
(4, 14)
(4, 15)
(4, 16)
(4, 17)
kaikki ok
Reitin pituus: 3
(7, 3)
(6, 3)
(6, 4)
(6, 5)
kaikki ok
Reitin pituus: 23
(2, 15)
(1, 15)
(1, 14)
(1, 13)
(2, 13)
(3, 13)
(4, 13)
(4, 12)
(4, 11)
(4, 10)
(4, 9)
(4, 8)
(4, 7)
(4, 6)
(4, 5)
(4, 4)
(4, 3)
(5, 3)
(6, 3)
(7, 3)
(8, 3)
(9, 3)
(10, 3)
(11, 3)
kaikki ok
Reitin pituus: 28
(16, 3)
(15, 3)
(14, 3)
(13, 3)
(12, 3)
(12, 4)
(12, 5)
(11, 5)
(10, 5)
(10, 6)
(10, 7)
(9, 7)
(8, 7)
(7, 7)
(6, 7)
(6, 8)
(6, 9)
(5, 9)
(4, 9)
(4, 10)
(4, 11)
(4, 12)
(4, 13)
(3, 13)
(2, 13)
(1, 13)
(1, 14)
(1, 15)
(2, 15)
kaikki ok
Reitin pituus: 8
(3, 13)
(4, 13)
(4, 12)
(4, 11)
(4, 10)
(4, 9)
(4, 8)
(4, 7)
(4, 6)
kaikki ok
Reitin pituus: 23
(8, 3)
(9, 3)
(10, 3)
(11, 3)
(12, 3)
(13, 3)
(14, 3)
(14, 4)
(14, 5)
(14, 6)
(14, 7)
(14, 8)
(14, 9)
(14, 10)
(14, 11)
(14, 12)
(14, 13)
(15, 13)
(16, 13)
(17, 13)
(17, 14)
(17, 15)
(16, 15)
(16, 16)
kaikki ok
Reitin pituus: 15
(14, 7)
(14, 8)
(14, 9)
(14, 10)
(14, 11)
(14, 12)
(14, 13)
(14, 14)
(14, 15)
(14, 16)
(14, 17)
(15, 17)
(16, 17)
(17, 17)
(17, 18)
(17, 19)
kaikki ok
Reitin pituus: 6
(6, 19)
(5, 19)
(4, 19)
(3, 19)
(2, 19)
(1, 19)
(1, 18)
kaikki ok
Reitin pituus: 24
(11, 19)
(10, 19)
(10, 18)
(10, 17)
(11, 17)
(12, 17)
(12, 16)
(12, 15)
(13, 15)
(14, 15)
(14, 14)
(14, 13)
(14, 12)
(14, 11)
(14, 10)
(14, 9)
(14, 8)
(14, 7)
(14, 6)
(14, 5)
(14, 4)
(14, 3)
(14, 2)
(14, 1)
(15, 1)
kaikki ok
Reitin pituus: 9
(6, 17)
(6, 16)
(6, 15)
(7, 15)
(8, 15)
(9, 15)
(10, 15)
(11, 15)
(12, 15)
(12, 16)
kaikki ok
Reitin pituus: 21
(14, 14)
(14, 13)
(13, 13)
(12, 13)
(12, 12)
(12, 11)
(11, 11)
(10, 11)
(9, 11)
(8, 11)
(7, 11)
(6, 11)
(6, 10)
(6, 9)
(5, 9)
(4, 9)
(4, 8)
(4, 7)
(4, 6)
(4, 5)
(4, 4)
(4, 3)
kaikki ok
Reitin pituus: 4
(4, 16)
(4, 15)
(5, 15)
(6, 15)
(7, 15)
kaikki ok
Reitin pituus: 21
(10, 9)
(9, 9)
(9, 8)
(9, 7)
(8, 7)
(7, 7)
(6, 7)
(6, 8)
(6, 9)
(6, 10)
(6, 11)
(6, 12)
(6, 13)
(5, 13)
(4, 13)
(3, 13)
(2, 13)
(1, 13)
(1, 14)
(1, 15)
(2, 15)
(2, 16)
kaikki ok
Reitin pituus: 16
(14, 5)
(14, 6)
(14, 7)
(14, 8)
(14, 9)
(13, 9)
(12, 9)
(12, 10)
(12, 11)
(11, 11)
(10, 11)
(9, 11)
(8, 11)
(7, 11)
(6, 11)
(6, 12)
(6, 13)
kaikki ok
Reitin pituus: 17
(4, 14)
(4, 15)
(5, 15)
(6, 15)
(6, 16)
(6, 17)
(7, 17)
(8, 17)
(8, 18)
(8, 19)
(9, 19)
(10, 19)
(11, 19)
(12, 19)
(13, 19)
(14, 19)
(15, 19)
(16, 19)
kaikki ok
Reitin pituus: 10
(12, 10)
(12, 9)
(13, 9)
(14, 9)
(14, 8)
(14, 7)
(14, 6)
(14, 5)
(15, 5)
(16, 5)
(17, 5)
kaikki ok
Reitin pituus: 6
(14, 1)
(14, 2)
(14, 3)
(15, 3)
(16, 3)
(17, 3)
(17, 4)
kaikki ok
Reitin pituus: 17
(4, 13)
(5, 13)
(6, 13)
(6, 12)
(6, 11)
(6, 10)
(6, 9)
(6, 8)
(6, 7)
(7, 7)
(8, 7)
(9, 7)
(10, 7)
(10, 6)
(10, 5)
(11, 5)
(12, 5)
(12, 4)
kaikki ok
Reitin pituus: 16
(14, 17)
(14, 16)
(14, 15)
(13, 15)
(12, 15)
(11, 15)
(10, 15)
(9, 15)
(8, 15)
(8, 14)
(8, 13)
(7, 13)
(6, 13)
(5, 13)
(4, 13)
(3, 13)
(2, 13)
kaikki ok
Reitin pituus: 15
(11, 11)
(10, 11)
(9, 11)
(8, 11)
(7, 11)
(6, 11)
(6, 10)
(6, 9)
(5, 9)
(4, 9)
(4, 8)
(4, 7)
(4, 6)
(4, 5)
(3, 5)
(2, 5)
kaikki ok
Reitin pituus: 17
(10, 9)
(9, 9)
(9, 8)
(9, 7)
(10, 7)
(11, 7)
(12, 7)
(12, 8)
(12, 9)
(13, 9)
(14, 9)
(14, 10)
(14, 11)
(14, 12)
(14, 13)
(15, 13)
(16, 13)
(17, 13)
kaikki ok
Reitin pituus: 10
(17, 14)
(17, 15)
(16, 15)
(16, 16)
(16, 17)
(17, 17)
(17, 18)
(17, 19)
(16, 19)
(15, 19)
(14, 19)
kaikki ok
Reitin pituus: 13
(6, 11)
(6, 12)
(6, 13)
(5, 13)
(4, 13)
(4, 14)
(4, 15)
(4, 16)
(4, 17)
(3, 17)
(2, 17)
(1, 17)
(1, 18)
(1, 19)
kaikki ok
Reitin pituus: 19
(15, 1)
(14, 1)
(14, 2)
(14, 3)
(14, 4)
(14, 5)
(14, 6)
(14, 7)
(14, 8)
(14, 9)
(13, 9)
(12, 9)
(12, 10)
(12, 11)
(12, 12)
(12, 13)
(11, 13)
(10, 13)
(10, 14)
(10, 15)
kaikki ok
Reitin pituus: 12
(10, 17)
(11, 17)
(12, 17)
(12, 16)
(12, 15)
(11, 15)
(10, 15)
(9, 15)
(8, 15)
(8, 14)
(8, 13)
(7, 13)
(6, 13)
kaikki ok
Reitin pituus: 15
(1, 18)
(1, 19)
(2, 19)
(3, 19)
(4, 19)
(5, 19)
(6, 19)
(7, 19)
(8, 19)
(9, 19)
(10, 19)
(10, 18)
(10, 17)
(11, 17)
(12, 17)
(12, 16)
kaikki ok
Reitin pituus: 6
(8, 15)
(8, 14)
(8, 13)
(7, 13)
(6, 13)
(6, 12)
(6, 11)
kaikki ok
Reitin pituus: 18
(16, 19)
(15, 19)
(14, 19)
(13, 19)
(12, 19)
(11, 19)
(10, 19)
(9, 19)
(8, 19)
(7, 19)
(6, 19)
(5, 19)
(4, 19)
(3, 19)
(2, 19)
(1, 19)
(1, 18)
(1, 17)
(2, 17)
kaikki ok
Reitin pituus: 21
(4, 1)
(4, 2)
(4, 3)
(4, 4)
(4, 5)
(4, 6)
(4, 7)
(4, 8)
(4, 9)
(5, 9)
(6, 9)
(6, 10)
(6, 11)
(6, 12)
(6, 13)
(7, 13)
(8, 13)
(8, 14)
(8, 15)
(9, 15)
(10, 15)
(10, 14)
kaikki ok
Reitin pituus: 9
(6, 17)
(7, 17)
(8, 17)
(8, 18)
(8, 19)
(7, 19)
(6, 19)
(5, 19)
(4, 19)
(3, 19)
kaikki ok
Reitin pituus: 13
(2, 13)
(3, 13)
(4, 13)
(5, 13)
(6, 13)
(6, 12)
(6, 11)
(6, 10)
(6, 9)
(6, 8)
(6, 7)
(7, 7)
(8, 7)
(8, 6)
kaikki ok
Reitin pituus: 6
(12, 12)
(12, 13)
(13, 13)
(14, 13)
(15, 13)
(16, 13)
(17, 13)
kaikki ok
Reitin pituus: 22
(6, 19)
(7, 19)
(8, 19)
(8, 18)
(8, 17)
(7, 17)
(6, 17)
(6, 16)
(6, 15)
(5, 15)
(4, 15)
(4, 14)
(4, 13)
(4, 12)
(4, 11)
(4, 10)
(4, 9)
(4, 8)
(4, 7)
(4, 6)
(4, 5)
(3, 5)
(2, 5)
kaikki ok
Reitin pituus: 28
(17, 19)
(17, 18)
(17, 17)
(16, 17)
(15, 17)
(14, 17)
(14, 16)
(14, 15)
(14, 14)
(14, 13)
(14, 12)
(14, 11)
(14, 10)
(14, 9)
(14, 8)
(14, 7)
(14, 6)
(14, 5)
(14, 4)
(14, 3)
(13, 3)
(12, 3)
(11, 3)
(10, 3)
(9, 3)
(8, 3)
(7, 3)
(6, 3)
(5, 3)
kaikki ok
Reitin pituus: 18
(11, 17)
(12, 17)
(12, 16)
(12, 15)
(11, 15)
(10, 15)
(9, 15)
(8, 15)
(8, 14)
(8, 13)
(7, 13)
(6, 13)
(5, 13)
(4, 13)
(3, 13)
(2, 13)
(1, 13)
(1, 14)
(1, 15)
kaikki ok
Reitin pituus: 15
(5, 3)
(6, 3)
(6, 4)
(6, 5)
(7, 5)
(8, 5)
(8, 6)
(8, 7)
(9, 7)
(10, 7)
(11, 7)
(12, 7)
(12, 8)
(12, 9)
(12, 10)
(12, 11)
kaikki ok
Reitin pituus: 29
(17, 17)
(16, 17)
(15, 17)
(14, 17)
(14, 16)
(14, 15)
(13, 15)
(12, 15)
(11, 15)
(10, 15)
(9, 15)
(8, 15)
(8, 14)
(8, 13)
(7, 13)
(6, 13)
(6, 12)
(6, 11)
(6, 10)
(6, 9)
(5, 9)
(4, 9)
(4, 8)
(4, 7)
(4, 6)
(4, 5)
(3, 5)
(2, 5)
(1, 5)
(1, 4)
kaikki ok
Reitin pituus: 19
(14, 19)
(13, 19)
(12, 19)
(11, 19)
(10, 19)
(9, 19)
(8, 19)
(8, 18)
(8, 17)
(7, 17)
(6, 17)
(6, 16)
(6, 15)
(7, 15)
(8, 15)
(8, 14)
(8, 13)
(7, 13)
(6, 13)
(6, 12)
kaikki ok
Reitin pituus: 15
(14, 14)
(14, 15)
(13, 15)
(12, 15)
(11, 15)
(10, 15)
(9, 15)
(8, 15)
(8, 14)
(8, 13)
(7, 13)
(6, 13)
(5, 13)
(4, 13)
(3, 13)
(2, 13)
kaikki ok
Reitin pituus: 14
(11, 7)
(10, 7)
(10, 6)
(10, 5)
(11, 5)
(12, 5)
(12, 4)
(12, 3)
(13, 3)
(14, 3)
(15, 3)
(16, 3)
(17, 3)
(17, 2)
(17, 1)
kaikki ok
Reitin pituus: 8
(4, 14)
(4, 15)
(5, 15)
(6, 15)
(7, 15)
(8, 15)
(9, 15)
(10, 15)
(11, 15)
kaikki ok
Reitin pituus: 17
(9, 11)
(10, 11)
(11, 11)
(12, 11)
(12, 10)
(12, 9)
(13, 9)
(14, 9)
(14, 8)
(14, 7)
(14, 6)
(14, 5)
(14, 4)
(14, 3)
(15, 3)
(16, 3)
(17, 3)
(17, 2)
kaikki ok
Reitin pituus: 12
(7, 13)
(6, 13)
(6, 12)
(6, 11)
(6, 10)
(6, 9)
(5, 9)
(4, 9)
(4, 8)
(4, 7)
(4, 6)
(4, 5)
(4, 4)
kaikki ok
Reitin pituus: 7
(1, 4)
(1, 3)
(2, 3)
(3, 3)
(4, 3)
(5, 3)
(6, 3)
(6, 4)
kaikki ok
Reitin pituus: 10
(5, 15)
(4, 15)
(4, 16)
(4, 17)
(3, 17)
(2, 17)
(1, 17)
(1, 18)
(1, 19)
(2, 19)
(3, 19)
kaikki ok
Reitin pituus: 22
(14, 6)
(14, 7)
(14, 8)
(14, 9)
(14, 10)
(14, 11)
(14, 12)
(14, 13)
(14, 14)
(14, 15)
(13, 15)
(12, 15)
(12, 16)
(12, 17)
(11, 17)
(10, 17)
(10, 18)
(10, 19)
(9, 19)
(8, 19)
(7, 19)
(6, 19)
(5, 19)
kaikki ok
Reitin pituus: 6
(1, 2)
(1, 3)
(2, 3)
(3, 3)
(4, 3)
(5, 3)
(6, 3)
kaikki ok
Reitin pituus: 19
(7, 15)
(8, 15)
(9, 15)
(10, 15)
(10, 14)
(10, 13)
(11, 13)
(12, 13)
(12, 12)
(12, 11)
(12, 10)
(12, 9)
(12, 8)
(12, 7)
(11, 7)
(10, 7)
(10, 6)
(10, 5)
(11, 5)
(12, 5)
kaikki ok
Reitin pituus: 30
(17, 3)
(16, 3)
(15, 3)
(14, 3)
(13, 3)
(12, 3)
(12, 4)
(12, 5)
(11, 5)
(10, 5)
(10, 6)
(10, 7)
(9, 7)
(8, 7)
(7, 7)
(6, 7)
(6, 8)
(6, 9)
(6, 10)
(6, 11)
(6, 12)
(6, 13)
(5, 13)
(4, 13)
(4, 14)
(4, 15)
(4, 16)
(4, 17)
(3, 17)
(2, 17)
(1, 17)
kaikki ok
Reitin pituus: 6
(17, 2)
(17, 3)
(17, 4)
(17, 5)
(16, 5)
(15, 5)
(14, 5)
kaikki ok
Reitin pituus: 19
(8, 3)
(9, 3)
(10, 3)
(11, 3)
(12, 3)
(13, 3)
(14, 3)
(14, 4)
(14, 5)
(14, 6)
(14, 7)
(14, 8)
(14, 9)
(14, 10)
(14, 11)
(14, 12)
(14, 13)
(15, 13)
(16, 13)
(17, 13)
kaikki ok
Reitin pituus: 12
(14, 3)
(13, 3)
(12, 3)
(12, 4)
(12, 5)
(11, 5)
(10, 5)
(10, 6)
(10, 7)
(9, 7)
(8, 7)
(7, 7)
(6, 7)
kaikki ok
Reitin pituus: 17
(16, 13)
(15, 13)
(14, 13)
(13, 13)
(12, 13)
(12, 12)
(12, 11)
(11, 11)
(10, 11)
(9, 11)
(8, 11)
(7, 11)
(6, 11)
(6, 10)
(6, 9)
(5, 9)
(4, 9)
(4, 8)
kaikki ok
Reitin pituus: 18
(9, 3)
(10, 3)
(11, 3)
(12, 3)
(13, 3)
(14, 3)
(14, 4)
(14, 5)
(14, 6)
(14, 7)
(14, 8)
(14, 9)
(14, 10)
(14, 11)
(14, 12)
(14, 13)
(15, 13)
(16, 13)
(17, 13)
kaikki ok
Reitin pituus: 23
(15, 3)
(14, 3)
(14, 4)
(14, 5)
(14, 6)
(14, 7)
(14, 8)
(14, 9)
(14, 10)
(14, 11)
(14, 12)
(14, 13)
(14, 14)
(14, 15)
(14, 16)
(14, 17)
(15, 17)
(16, 17)
(17, 17)
(17, 18)
(17, 19)
(16, 19)
(15, 19)
(14, 19)
kaikki ok
Reitin pituus: 16
(5, 19)
(6, 19)
(7, 19)
(8, 19)
(8, 18)
(8, 17)
(7, 17)
(6, 17)
(6, 16)
(6, 15)
(7, 15)
(8, 15)
(9, 15)
(10, 15)
(10, 14)
(10, 13)
(11, 13)
kaikki ok
Reitin pituus: 10
(8, 9)
(9, 9)
(9, 8)
(9, 7)
(10, 7)
(10, 6)
(10, 5)
(11, 5)
(12, 5)
(12, 4)
(12, 3)
kaikki ok
Reitin pituus: 14
(4, 10)
(4, 9)
(4, 8)
(4, 7)
(4, 6)
(4, 5)
(4, 4)
(4, 3)
(5, 3)
(6, 3)
(7, 3)
(8, 3)
(9, 3)
(10, 3)
(11, 3)
kaikki ok
Reitin pituus: 22
(9, 9)
(9, 8)
(9, 7)
(10, 7)
(11, 7)
(12, 7)
(12, 8)
(12, 9)
(13, 9)
(14, 9)
(14, 10)
(14, 11)
(14, 12)
(14, 13)
(14, 14)
(14, 15)
(14, 16)
(14, 17)
(15, 17)
(16, 17)
(17, 17)
(17, 18)
(17, 19)
kaikki ok
Reitin pituus: 10
(2, 13)
(3, 13)
(4, 13)
(4, 14)
(4, 15)
(5, 15)
(6, 15)
(6, 16)
(6, 17)
(7, 17)
(8, 17)
kaikki ok
Reitin pituus: 16
(5, 15)
(4, 15)
(4, 14)
(4, 13)
(4, 12)
(4, 11)
(4, 10)
(4, 9)
(4, 8)
(4, 7)
(4, 6)
(4, 5)
(4, 4)
(4, 3)
(5, 3)
(6, 3)
(7, 3)
kaikki ok
Reitin pituus: 6
(14, 2)
(14, 3)
(13, 3)
(12, 3)
(11, 3)
(10, 3)
(9, 3)
kaikki ok
Reitin pituus: 10
(4, 9)
(4, 10)
(4, 11)
(4, 12)
(4, 13)
(4, 14)
(4, 15)
(4, 16)
(4, 17)
(3, 17)
(2, 17)
kaikki ok
Reitin pituus: 18
(14, 7)
(14, 8)
(14, 9)
(13, 9)
(12, 9)
(12, 10)
(12, 11)
(12, 12)
(12, 13)
(11, 13)
(10, 13)
(10, 14)
(10, 15)
(9, 15)
(8, 15)
(7, 15)
(6, 15)
(6, 16)
(6, 17)
kaikki ok
Reitin pituus: 7
(6, 8)
(6, 7)
(7, 7)
(8, 7)
(9, 7)
(9, 8)
(9, 9)
(8, 9)
kaikki ok
Reitin pituus: 12
(14, 13)
(14, 12)
(14, 11)
(14, 10)
(14, 9)
(14, 8)
(14, 7)
(14, 6)
(14, 5)
(14, 4)
(14, 3)
(14, 2)
(14, 1)
kaikki ok
Reitin pituus: 20
(10, 3)
(9, 3)
(8, 3)
(7, 3)
(6, 3)
(5, 3)
(4, 3)
(4, 4)
(4, 5)
(4, 6)
(4, 7)
(4, 8)
(4, 9)
(4, 10)
(4, 11)
(4, 12)
(4, 13)
(4, 14)
(4, 15)
(5, 15)
(6, 15)
kaikki ok
Reitin pituus: 25
(10, 3)
(11, 3)
(12, 3)
(13, 3)
(14, 3)
(14, 4)
(14, 5)
(14, 6)
(14, 7)
(14, 8)
(14, 9)
(14, 10)
(14, 11)
(14, 12)
(14, 13)
(14, 14)
(14, 15)
(13, 15)
(12, 15)
(12, 16)
(12, 17)
(11, 17)
(10, 17)
(10, 18)
(10, 19)
(11, 19)
kaikki ok
Reitin pituus: 10
(12, 11)
(12, 10)
(12, 9)
(12, 8)
(12, 7)
(11, 7)
(10, 7)
(9, 7)
(8, 7)
(8, 6)
(8, 5)
kaikki ok
Reitin pituus: 22
(13, 13)
(14, 13)
(14, 12)
(14, 11)
(14, 10)
(14, 9)
(14, 8)
(14, 7)
(14, 6)
(14, 5)
(14, 4)
(14, 3)
(13, 3)
(12, 3)
(11, 3)
(10, 3)
(9, 3)
(8, 3)
(8, 2)
(8, 1)
(7, 1)
(6, 1)
(5, 1)
kaikki ok
Reitin pituus: 10
(6, 17)
(6, 16)
(6, 15)
(7, 15)
(8, 15)
(9, 15)
(10, 15)
(10, 14)
(10, 13)
(11, 13)
(12, 13)
kaikki ok
Reitin pituus: 6
(4, 13)
(5, 13)
(6, 13)
(6, 12)
(6, 11)
(6, 10)
(6, 9)
kaikki ok
Reitin pituus: 27
(16, 3)
(15, 3)
(14, 3)
(14, 4)
(14, 5)
(14, 6)
(14, 7)
(14, 8)
(14, 9)
(14, 10)
(14, 11)
(14, 12)
(14, 13)
(14, 14)
(14, 15)
(13, 15)
(12, 15)
(12, 16)
(12, 17)
(11, 17)
(10, 17)
(10, 18)
(10, 19)
(9, 19)
(8, 19)
(7, 19)
(6, 19)
(5, 19)
kaikki ok
Reitin pituus: 9
(11, 3)
(12, 3)
(12, 4)
(12, 5)
(11, 5)
(10, 5)
(10, 6)
(10, 7)
(9, 7)
(8, 7)
kaikki ok
Reitin pituus: 0
(9, 3)
kaikki ok
Reitin pituus: 4
(17, 3)
(16, 3)
(15, 3)
(14, 3)
(14, 2)
kaikki ok
Reitin pituus: 11
(13, 13)
(14, 13)
(14, 14)
(14, 15)
(13, 15)
(12, 15)
(12, 16)
(12, 17)
(11, 17)
(10, 17)
(10, 18)
(10, 19)
kaikki ok
Reitin pituus: 14
(4, 14)
(4, 13)
(4, 12)
(4, 11)
(4, 10)
(4, 9)
(4, 8)
(4, 7)
(4, 6)
(4, 5)
(4, 4)
(4, 3)
(3, 3)
(2, 3)
(1, 3)
kaikki ok
Reitin pituus: 7
(1, 1)
(1, 2)
(1, 3)
(1, 4)
(1, 5)
(2, 5)
(3, 5)
(4, 5)
kaikki ok
Reitin pituus: 6
(7, 11)
(6, 11)
(6, 10)
(6, 9)
(5, 9)
(4, 9)
(4, 10)
kaikki ok
Reitin pituus: 4
(7, 5)
(6, 5)
(6, 4)
(6, 3)
(5, 3)
kaikki ok
Reitin pituus: 14
(13, 9)
(12, 9)
(12, 10)
(12, 11)
(11, 11)
(10, 11)
(9, 11)
(8, 11)
(7, 11)
(6, 11)
(6, 10)
(6, 9)
(5, 9)
(4, 9)
(4, 10)
kaikki ok
Reitin pituus: 18
(17, 2)
(17, 3)
(16, 3)
(15, 3)
(14, 3)
(13, 3)
(12, 3)
(11, 3)
(10, 3)
(9, 3)
(8, 3)
(7, 3)
(6, 3)
(5, 3)
(4, 3)
(3, 3)
(2, 3)
(1, 3)
(1, 4)
kaikki ok
Reitin pituus: 24
(17, 5)
(16, 5)
(15, 5)
(14, 5)
(14, 6)
(14, 7)
(14, 8)
(14, 9)
(14, 10)
(14, 11)
(14, 12)
(14, 13)
(14, 14)
(14, 15)
(14, 16)
(14, 17)
(15, 17)
(16, 17)
(17, 17)
(17, 18)
(17, 19)
(16, 19)
(15, 19)
(14, 19)
(13, 19)
kaikki ok
Reitin pituus: 12
(14, 16)
(14, 15)
(13, 15)
(12, 15)
(11, 15)
(10, 15)
(9, 15)
(8, 15)
(7, 15)
(6, 15)
(5, 15)
(4, 15)
(4, 14)
kaikki ok
Reitin pituus: 13
(7, 17)
(6, 17)
(6, 16)
(6, 15)
(7, 15)
(8, 15)
(9, 15)
(10, 15)
(11, 15)
(12, 15)
(13, 15)
(14, 15)
(14, 16)
(14, 17)
kaikki ok
Reitin pituus: 10
(3, 5)
(4, 5)
(4, 4)
(4, 3)
(5, 3)
(6, 3)
(7, 3)
(8, 3)
(9, 3)
(10, 3)
(11, 3)
kaikki ok
Reitin pituus: 15
(10, 7)
(9, 7)
(8, 7)
(7, 7)
(6, 7)
(6, 8)
(6, 9)
(5, 9)
(4, 9)
(4, 10)
(4, 11)
(4, 12)
(4, 13)
(3, 13)
(2, 13)
(1, 13)
kaikki ok
Reitin pituus: 15
(4, 13)
(4, 14)
(4, 15)
(5, 15)
(6, 15)
(7, 15)
(8, 15)
(9, 15)
(10, 15)
(11, 15)
(12, 15)
(13, 15)
(14, 15)
(14, 16)
(14, 17)
(15, 17)
kaikki ok
Reitin pituus: 20
(17, 17)
(16, 17)
(15, 17)
(14, 17)
(14, 16)
(14, 15)
(13, 15)
(12, 15)
(11, 15)
(10, 15)
(9, 15)
(8, 15)
(8, 14)
(8, 13)
(7, 13)
(6, 13)
(6, 12)
(6, 11)
(6, 10)
(6, 9)
(5, 9)
kaikki ok
Reitin pituus: 27
(6, 5)
(7, 5)
(8, 5)
(8, 6)
(8, 7)
(7, 7)
(6, 7)
(6, 8)
(6, 9)
(6, 10)
(6, 11)
(6, 12)
(6, 13)
(7, 13)
(8, 13)
(8, 14)
(8, 15)
(7, 15)
(6, 15)
(6, 16)
(6, 17)
(7, 17)
(8, 17)
(8, 18)
(8, 19)
(7, 19)
(6, 19)
(5, 19)
kaikki ok
Reitin pituus: 18
(10, 14)
(10, 15)
(9, 15)
(8, 15)
(7, 15)
(6, 15)
(5, 15)
(4, 15)
(4, 14)
(4, 13)
(4, 12)
(4, 11)
(4, 10)
(4, 9)
(4, 8)
(4, 7)
(4, 6)
(4, 5)
(4, 4)
kaikki ok
Reitin pituus: 4
(12, 10)
(12, 9)
(13, 9)
(14, 9)
(14, 8)
kaikki ok
Reitin pituus: 7
(8, 19)
(7, 19)
(6, 19)
(5, 19)
(4, 19)
(3, 19)
(2, 19)
(1, 19)
kaikki ok
Reitin pituus: 12
(12, 13)
(11, 13)
(10, 13)
(10, 14)
(10, 15)
(9, 15)
(8, 15)
(7, 15)
(6, 15)
(6, 16)
(6, 17)
(7, 17)
(8, 17)
kaikki ok
Reitin pituus: 24
(14, 1)
(14, 2)
(14, 3)
(14, 4)
(14, 5)
(14, 6)
(14, 7)
(14, 8)
(14, 9)
(13, 9)
(12, 9)
(12, 10)
(12, 11)
(12, 12)
(12, 13)
(11, 13)
(10, 13)
(10, 14)
(10, 15)
(9, 15)
(8, 15)
(7, 15)
(6, 15)
(6, 16)
(6, 17)
kaikki ok
Reitin pituus: 9
(4, 7)
(4, 8)
(4, 9)
(5, 9)
(6, 9)
(6, 10)
(6, 11)
(7, 11)
(8, 11)
(9, 11)
kaikki ok
Reitin pituus: 9
(9, 9)
(9, 8)
(9, 7)
(8, 7)
(7, 7)
(6, 7)
(6, 8)
(6, 9)
(6, 10)
(6, 11)
kaikki ok
Reitin pituus: 10
(6, 12)
(6, 11)
(7, 11)
(8, 11)
(9, 11)
(10, 11)
(11, 11)
(12, 11)
(12, 10)
(12, 9)
(13, 9)
kaikki ok
Reitin pituus: 6
(2, 13)
(3, 13)
(4, 13)
(5, 13)
(6, 13)
(7, 13)
(8, 13)
kaikki ok
Reitin pituus: 14
(1, 17)
(2, 17)
(3, 17)
(4, 17)
(4, 16)
(4, 15)
(4, 14)
(4, 13)
(4, 12)
(4, 11)
(4, 10)
(4, 9)
(4, 8)
(4, 7)
(4, 6)
kaikki ok
Reitin pituus: 12
(17, 14)
(17, 13)
(16, 13)
(15, 13)
(14, 13)
(13, 13)
(12, 13)
(12, 12)
(12, 11)
(11, 11)
(10, 11)
(9, 11)
(8, 11)
kaikki ok
Reitin pituus: 13
(11, 17)
(12, 17)
(12, 16)
(12, 15)
(11, 15)
(10, 15)
(9, 15)
(8, 15)
(7, 15)
(6, 15)
(5, 15)
(4, 15)
(4, 16)
(4, 17)
kaikki ok
Reitin pituus: 19
(4, 4)
(4, 5)
(4, 6)
(4, 7)
(4, 8)
(4, 9)
(5, 9)
(6, 9)
(6, 10)
(6, 11)
(6, 12)
(6, 13)
(7, 13)
(8, 13)
(8, 14)
(8, 15)
(9, 15)
(10, 15)
(11, 15)
(12, 15)
kaikki ok
Reitin pituus: 21
(14, 9)
(14, 10)
(14, 11)
(14, 12)
(14, 13)
(14, 14)
(14, 15)
(13, 15)
(12, 15)
(11, 15)
(10, 15)
(9, 15)
(8, 15)
(7, 15)
(6, 15)
(5, 15)
(4, 15)
(4, 16)
(4, 17)
(3, 17)
(2, 17)
(2, 16)
kaikki ok
Reitin pituus: 10
(4, 8)
(4, 7)
(4, 6)
(4, 5)
(4, 4)
(4, 3)
(5, 3)
(6, 3)
(7, 3)
(8, 3)
(8, 2)
kaikki ok
Reitin pituus: 6
(9, 11)
(10, 11)
(11, 11)
(12, 11)
(12, 10)
(12, 9)
(12, 8)
kaikki ok
Reitin pituus: 14
(4, 19)
(5, 19)
(6, 19)
(7, 19)
(8, 19)
(9, 19)
(10, 19)
(11, 19)
(12, 19)
(13, 19)
(14, 19)
(15, 19)
(16, 19)
(17, 19)
(17, 18)
kaikki ok
Reitin pituus: 16
(13, 1)
(12, 1)
(11, 1)
(10, 1)
(10, 2)
(10, 3)
(9, 3)
(8, 3)
(7, 3)
(6, 3)
(5, 3)
(4, 3)
(4, 4)
(4, 5)
(4, 6)
(4, 7)
(4, 8)
kaikki ok
Reitin pituus: 25
(3, 1)
(4, 1)
(4, 2)
(4, 3)
(4, 4)
(4, 5)
(4, 6)
(4, 7)
(4, 8)
(4, 9)
(4, 10)
(4, 11)
(4, 12)
(4, 13)
(4, 14)
(4, 15)
(4, 16)
(4, 17)
(3, 17)
(2, 17)
(1, 17)
(1, 18)
(1, 19)
(2, 19)
(3, 19)
(4, 19)
kaikki ok
Reitin pituus: 27
(10, 2)
(10, 3)
(9, 3)
(8, 3)
(7, 3)
(6, 3)
(5, 3)
(4, 3)
(4, 4)
(4, 5)
(4, 6)
(4, 7)
(4, 8)
(4, 9)
(4, 10)
(4, 11)
(4, 12)
(4, 13)
(4, 14)
(4, 15)
(5, 15)
(6, 15)
(6, 16)
(6, 17)
(7, 17)
(8, 17)
(8, 18)
(8, 19)
kaikki ok
Reitin pituus: 14
(2, 13)
(3, 13)
(4, 13)
(4, 14)
(4, 15)
(5, 15)
(6, 15)
(7, 15)
(8, 15)
(9, 15)
(10, 15)
(11, 15)
(12, 15)
(12, 16)
(12, 17)
kaikki ok
Reitin pituus: 6
(12, 7)
(11, 7)
(10, 7)
(10, 6)
(10, 5)
(11, 5)
(12, 5)
kaikki ok
Reitin pituus: 8
(2, 1)
(3, 1)
(4, 1)
(4, 2)
(4, 3)
(4, 4)
(4, 5)
(4, 6)
(4, 7)
kaikki ok
Reitin pituus: 19
(6, 3)
(6, 4)
(6, 5)
(7, 5)
(8, 5)
(8, 6)
(8, 7)
(9, 7)
(10, 7)
(11, 7)
(12, 7)
(12, 8)
(12, 9)
(12, 10)
(12, 11)
(12, 12)
(12, 13)
(11, 13)
(10, 13)
(10, 14)
kaikki ok
Reitin pituus: 14
(14, 10)
(14, 11)
(14, 12)
(14, 13)
(14, 14)
(14, 15)
(13, 15)
(12, 15)
(12, 16)
(12, 17)
(11, 17)
(10, 17)
(10, 18)
(10, 19)
(9, 19)
kaikki ok
Reitin pituus: 21
(17, 19)
(17, 18)
(17, 17)
(16, 17)
(15, 17)
(14, 17)
(14, 16)
(14, 15)
(13, 15)
(12, 15)
(11, 15)
(10, 15)
(9, 15)
(8, 15)
(7, 15)
(6, 15)
(5, 15)
(4, 15)
(4, 14)
(4, 13)
(3, 13)
(2, 13)
kaikki ok
Reitin pituus: 9
(6, 16)
(6, 17)
(7, 17)
(8, 17)
(8, 18)
(8, 19)
(9, 19)
(10, 19)
(11, 19)
(12, 19)
kaikki ok
Reitin pituus: 10
(14, 10)
(14, 11)
(14, 12)
(14, 13)
(14, 14)
(14, 15)
(14, 16)
(14, 17)
(15, 17)
(16, 17)
(16, 16)
kaikki ok
Reitin pituus: 27
(8, 1)
(7, 1)
(6, 1)
(5, 1)
(4, 1)
(4, 2)
(4, 3)
(4, 4)
(4, 5)
(4, 6)
(4, 7)
(4, 8)
(4, 9)
(4, 10)
(4, 11)
(4, 12)
(4, 13)
(4, 14)
(4, 15)
(5, 15)
(6, 15)
(6, 16)
(6, 17)
(7, 17)
(8, 17)
(8, 18)
(8, 19)
(9, 19)
kaikki ok
Reitin pituus: 7
(10, 3)
(9, 3)
(8, 3)
(7, 3)
(6, 3)
(5, 3)
(4, 3)
(3, 3)
kaikki ok
Reitin pituus: 19
(1, 3)
(2, 3)
(3, 3)
(4, 3)
(4, 4)
(4, 5)
(4, 6)
(4, 7)
(4, 8)
(4, 9)
(4, 10)
(4, 11)
(4, 12)
(4, 13)
(4, 14)
(4, 15)
(5, 15)
(6, 15)
(7, 15)
(8, 15)
kaikki ok
Reitin pituus: 18
(1, 2)
(1, 3)
(2, 3)
(3, 3)
(4, 3)
(5, 3)
(6, 3)
(7, 3)
(8, 3)
(9, 3)
(10, 3)
(11, 3)
(12, 3)
(13, 3)
(14, 3)
(15, 3)
(16, 3)
(17, 3)
(17, 4)
kaikki ok
Reitin pituus: 9
(8, 6)
(8, 7)
(7, 7)
(6, 7)
(6, 8)
(6, 9)
(5, 9)
(4, 9)
(4, 10)
(4, 11)
kaikki ok
Reitin pituus: 6
(15, 13)
(14, 13)
(13, 13)
(12, 13)
(12, 12)
(12, 11)
(12, 10)
kaikki ok
Reitin pituus: 20
(9, 19)
(8, 19)
(8, 18)
(8, 17)
(7, 17)
(6, 17)
(6, 16)
(6, 15)
(5, 15)
(4, 15)
(4, 14)
(4, 13)
(4, 12)
(4, 11)
(4, 10)
(4, 9)
(4, 8)
(4, 7)
(4, 6)
(4, 5)
(4, 4)
kaikki ok
Reitin pituus: 8
(9, 15)
(10, 15)
(11, 15)
(12, 15)
(13, 15)
(14, 15)
(14, 14)
(14, 13)
(15, 13)
kaikki ok
Reitin pituus: 13
(12, 4)
(12, 3)
(11, 3)
(10, 3)
(9, 3)
(8, 3)
(7, 3)
(6, 3)
(5, 3)
(4, 3)
(3, 3)
(2, 3)
(1, 3)
(1, 2)
kaikki ok
Reitin pituus: 16
(8, 19)
(9, 19)
(10, 19)
(10, 18)
(10, 17)
(11, 17)
(12, 17)
(12, 16)
(12, 15)
(13, 15)
(14, 15)
(14, 14)
(14, 13)
(14, 12)
(14, 11)
(14, 10)
(14, 9)
kaikki ok
Reitin pituus: 17
(10, 9)
(9, 9)
(9, 8)
(9, 7)
(8, 7)
(8, 6)
(8, 5)
(7, 5)
(6, 5)
(6, 4)
(6, 3)
(5, 3)
(4, 3)
(4, 4)
(4, 5)
(3, 5)
(2, 5)
(1, 5)
kaikki ok
Reitin pituus: 10
(15, 5)
(14, 5)
(14, 6)
(14, 7)
(14, 8)
(14, 9)
(14, 10)
(14, 11)
(14, 12)
(14, 13)
(13, 13)
kaikki ok
Reitin pituus: 29
(7, 3)
(6, 3)
(5, 3)
(4, 3)
(4, 4)
(4, 5)
(4, 6)
(4, 7)
(4, 8)
(4, 9)
(4, 10)
(4, 11)
(4, 12)
(4, 13)
(4, 14)
(4, 15)
(5, 15)
(6, 15)
(6, 16)
(6, 17)
(7, 17)
(8, 17)
(8, 18)
(8, 19)
(9, 19)
(10, 19)
(11, 19)
(12, 19)
(13, 19)
(14, 19)
kaikki ok
Reitin pituus: 16
(16, 19)
(17, 19)
(17, 18)
(17, 17)
(16, 17)
(15, 17)
(14, 17)
(14, 16)
(14, 15)
(13, 15)
(12, 15)
(11, 15)
(10, 15)
(9, 15)
(8, 15)
(8, 14)
(8, 13)
kaikki ok
Reitin pituus: 6
(2, 17)
(3, 17)
(4, 17)
(4, 16)
(4, 15)
(5, 15)
(6, 15)
kaikki ok
Reitin pituus: 11
(12, 13)
(12, 12)
(12, 11)
(11, 11)
(10, 11)
(9, 11)
(8, 11)
(7, 11)
(6, 11)
(6, 10)
(6, 9)
(6, 8)
kaikki ok
Reitin pituus: 8
(6, 5)
(7, 5)
(8, 5)
(8, 6)
(8, 7)
(7, 7)
(6, 7)
(6, 8)
(6, 9)
kaikki ok
Reitin pituus: 16
(1, 18)
(1, 19)
(2, 19)
(3, 19)
(4, 19)
(5, 19)
(6, 19)
(7, 19)
(8, 19)
(9, 19)
(10, 19)
(11, 19)
(12, 19)
(13, 19)
(14, 19)
(15, 19)
(16, 19)
kaikki ok
Reitin pituus: 2
(10, 6)
(10, 5)
(11, 5)
kaikki ok
Reitin pituus: 14
(15, 1)
(14, 1)
(14, 2)
(14, 3)
(13, 3)
(12, 3)
(12, 4)
(12, 5)
(11, 5)
(10, 5)
(10, 6)
(10, 7)
(9, 7)
(8, 7)
(8, 6)
kaikki ok
Reitin pituus: 21
(12, 12)
(12, 11)
(11, 11)
(10, 11)
(9, 11)
(8, 11)
(7, 11)
(6, 11)
(6, 10)
(6, 9)
(5, 9)
(4, 9)
(4, 8)
(4, 7)
(4, 6)
(4, 5)
(4, 4)
(4, 3)
(4, 2)
(4, 1)
(3, 1)
(2, 1)
kaikki ok
Reitin pituus: 20
(2, 1)
(3, 1)
(4, 1)
(4, 2)
(4, 3)
(5, 3)
(6, 3)
(6, 4)
(6, 5)
(7, 5)
(8, 5)
(8, 6)
(8, 7)
(9, 7)
(10, 7)
(11, 7)
(12, 7)
(12, 8)
(12, 9)
(12, 10)
(12, 11)
kaikki ok
Reitin pituus: 19
(1, 17)
(2, 17)
(3, 17)
(4, 17)
(4, 16)
(4, 15)
(4, 14)
(4, 13)
(4, 12)
(4, 11)
(4, 10)
(4, 9)
(4, 8)
(4, 7)
(4, 6)
(4, 5)
(4, 4)
(4, 3)
(5, 3)
(6, 3)
kaikki ok
Reitin pituus: 19
(17, 3)
(16, 3)
(15, 3)
(14, 3)
(13, 3)
(12, 3)
(12, 4)
(12, 5)
(11, 5)
(10, 5)
(10, 6)
(10, 7)
(9, 7)
(8, 7)
(7, 7)
(6, 7)
(6, 8)
(6, 9)
(6, 10)
(6, 11)
kaikki ok
Reitin pituus: 11
(13, 15)
(14, 15)
(14, 14)
(14, 13)
(14, 12)
(14, 11)
(14, 10)
(14, 9)
(13, 9)
(12, 9)
(12, 8)
(12, 7)
kaikki ok
Reitin pituus: 26
(12, 1)
(11, 1)
(10, 1)
(10, 2)
(10, 3)
(9, 3)
(8, 3)
(7, 3)
(6, 3)
(5, 3)
(4, 3)
(4, 4)
(4, 5)
(4, 6)
(4, 7)
(4, 8)
(4, 9)
(4, 10)
(4, 11)
(4, 12)
(4, 13)
(4, 14)
(4, 15)
(5, 15)
(6, 15)
(6, 16)
(6, 17)
kaikki ok
Reitin pituus: 13
(15, 19)
(14, 19)
(13, 19)
(12, 19)
(11, 19)
(10, 19)
(9, 19)
(8, 19)
(8, 18)
(8, 17)
(7, 17)
(6, 17)
(6, 16)
(6, 15)
kaikki ok
Reitin pituus: 20
(12, 11)
(11, 11)
(10, 11)
(9, 11)
(8, 11)
(7, 11)
(6, 11)
(6, 10)
(6, 9)
(5, 9)
(4, 9)
(4, 8)
(4, 7)
(4, 6)
(4, 5)
(3, 5)
(2, 5)
(1, 5)
(1, 4)
(1, 3)
(1, 2)
kaikki ok
Reitin pituus: 12
(6, 3)
(7, 3)
(8, 3)
(9, 3)
(10, 3)
(10, 2)
(10, 1)
(11, 1)
(12, 1)
(13, 1)
(14, 1)
(15, 1)
(16, 1)
kaikki ok
Reitin pituus: 8
(5, 1)
(6, 1)
(7, 1)
(8, 1)
(8, 2)
(8, 3)
(9, 3)
(10, 3)
(11, 3)
kaikki ok
Reitin pituus: 1
(2, 1)
(1, 1)
kaikki ok
Reitin pituus: 22
(17, 18)
(17, 17)
(16, 17)
(15, 17)
(14, 17)
(14, 16)
(14, 15)
(13, 15)
(12, 15)
(11, 15)
(10, 15)
(9, 15)
(8, 15)
(7, 15)
(6, 15)
(5, 15)
(4, 15)
(4, 14)
(4, 13)
(3, 13)
(2, 13)
(1, 13)
(1, 14)
kaikki ok
Reitin pituus: 25
(4, 19)
(3, 19)
(2, 19)
(1, 19)
(1, 18)
(1, 17)
(2, 17)
(3, 17)
(4, 17)
(4, 16)
(4, 15)
(4, 14)
(4, 13)
(5, 13)
(6, 13)
(6, 12)
(6, 11)
(6, 10)
(6, 9)
(6, 8)
(6, 7)
(7, 7)
(8, 7)
(9, 7)
(9, 8)
(9, 9)
kaikki ok
Reitin pituus: 13
(15, 19)
(16, 19)
(17, 19)
(17, 18)
(17, 17)
(16, 17)
(15, 17)
(14, 17)
(14, 16)
(14, 15)
(14, 14)
(14, 13)
(13, 13)
(12, 13)
kaikki ok
Reitin pituus: 12
(15, 3)
(14, 3)
(13, 3)
(12, 3)
(11, 3)
(10, 3)
(9, 3)
(8, 3)
(7, 3)
(6, 3)
(5, 3)
(4, 3)
(3, 3)
kaikki ok
Reitin pituus: 16
(8, 6)
(8, 7)
(7, 7)
(6, 7)
(6, 8)
(6, 9)
(6, 10)
(6, 11)
(6, 12)
(6, 13)
(5, 13)
(4, 13)
(3, 13)
(2, 13)
(1, 13)
(1, 14)
(1, 15)
kaikki ok
Reitin pituus: 12
(13, 19)
(12, 19)
(11, 19)
(10, 19)
(9, 19)
(8, 19)
(7, 19)
(6, 19)
(5, 19)
(4, 19)
(3, 19)
(2, 19)
(1, 19)
kaikki ok
Reitin pituus: 10
(12, 3)
(11, 3)
(10, 3)
(9, 3)
(8, 3)
(8, 2)
(8, 1)
(7, 1)
(6, 1)
(5, 1)
(4, 1)
kaikki ok
Reitin pituus: 4
(14, 16)
(14, 15)
(13, 15)
(12, 15)
(12, 16)
kaikki ok
Reitin pituus: 24
(8, 1)
(8, 2)
(8, 3)
(9, 3)
(10, 3)
(11, 3)
(12, 3)
(13, 3)
(14, 3)
(14, 4)
(14, 5)
(14, 6)
(14, 7)
(14, 8)
(14, 9)
(14, 10)
(14, 11)
(14, 12)
(14, 13)
(14, 14)
(14, 15)
(13, 15)
(12, 15)
(12, 16)
(12, 17)
kaikki ok
Reitin pituus: 18
(12, 10)
(12, 11)
(12, 12)
(12, 13)
(11, 13)
(10, 13)
(10, 14)
(10, 15)
(9, 15)
(8, 15)
(7, 15)
(6, 15)
(5, 15)
(4, 15)
(4, 16)
(4, 17)
(3, 17)
(2, 17)
(1, 17)
kaikki ok
Reitin pituus: 16
(3, 1)
(4, 1)
(4, 2)
(4, 3)
(4, 4)
(4, 5)
(4, 6)
(4, 7)
(4, 8)
(4, 9)
(4, 10)
(4, 11)
(4, 12)
(4, 13)
(4, 14)
(4, 15)
(5, 15)
kaikki ok
Reitin pituus: 4
(14, 14)
(14, 15)
(13, 15)
(12, 15)
(12, 16)
kaikki ok
Reitin pituus: 17
(3, 3)
(4, 3)
(4, 4)
(4, 5)
(4, 6)
(4, 7)
(4, 8)
(4, 9)
(4, 10)
(4, 11)
(4, 12)
(4, 13)
(4, 14)
(4, 15)
(4, 16)
(4, 17)
(3, 17)
(2, 17)
kaikki ok
Reitin pituus: 8
(8, 7)
(9, 7)
(10, 7)
(11, 7)
(12, 7)
(12, 8)
(12, 9)
(13, 9)
(14, 9)
kaikki ok
Reitin pituus: 7
(14, 5)
(14, 6)
(14, 7)
(14, 8)
(14, 9)
(14, 10)
(14, 11)
(14, 12)
kaikki ok
Reitin pituus: 15
(4, 1)
(4, 2)
(4, 3)
(4, 4)
(4, 5)
(4, 6)
(4, 7)
(4, 8)
(4, 9)
(4, 10)
(4, 11)
(4, 12)
(4, 13)
(3, 13)
(2, 13)
(1, 13)
kaikki ok
Reitin pituus: 22
(14, 13)
(13, 13)
(12, 13)
(12, 12)
(12, 11)
(12, 10)
(12, 9)
(12, 8)
(12, 7)
(11, 7)
(10, 7)
(9, 7)
(8, 7)
(8, 6)
(8, 5)
(7, 5)
(6, 5)
(6, 4)
(6, 3)
(5, 3)
(4, 3)
(3, 3)
(2, 3)
kaikki ok
Reitin pituus: 13
(6, 19)
(7, 19)
(8, 19)
(8, 18)
(8, 17)
(7, 17)
(6, 17)
(6, 16)
(6, 15)
(7, 15)
(8, 15)
(9, 15)
(10, 15)
(10, 14)
kaikki ok
Reitin pituus: 16
(17, 5)
(17, 4)
(17, 3)
(16, 3)
(15, 3)
(14, 3)
(13, 3)
(12, 3)
(12, 4)
(12, 5)
(11, 5)
(10, 5)
(10, 6)
(10, 7)
(9, 7)
(9, 8)
(9, 9)
kaikki ok
Reitin pituus: 16
(16, 19)
(15, 19)
(14, 19)
(13, 19)
(12, 19)
(11, 19)
(10, 19)
(9, 19)
(8, 19)
(7, 19)
(6, 19)
(5, 19)
(4, 19)
(3, 19)
(2, 19)
(1, 19)
(1, 18)
kaikki ok
Reitin pituus: 9
(1, 19)
(1, 18)
(1, 17)
(2, 17)
(3, 17)
(4, 17)
(4, 16)
(4, 15)
(4, 14)
(4, 13)
kaikki ok
Reitin pituus: 1
(16, 15)
(16, 16)
kaikki ok
Reitin pituus: 24
(9, 19)
(10, 19)
(10, 18)
(10, 17)
(11, 17)
(12, 17)
(12, 16)
(12, 15)
(13, 15)
(14, 15)
(14, 14)
(14, 13)
(14, 12)
(14, 11)
(14, 10)
(14, 9)
(13, 9)
(12, 9)
(12, 8)
(12, 7)
(11, 7)
(10, 7)
(9, 7)
(9, 8)
(9, 9)
kaikki ok
Reitin pituus: 5
(14, 10)
(14, 11)
(14, 12)
(14, 13)
(15, 13)
(16, 13)
kaikki ok
Reitin pituus: 20
(10, 2)
(10, 3)
(9, 3)
(8, 3)
(7, 3)
(6, 3)
(5, 3)
(4, 3)
(4, 4)
(4, 5)
(4, 6)
(4, 7)
(4, 8)
(4, 9)
(4, 10)
(4, 11)
(4, 12)
(4, 13)
(4, 14)
(4, 15)
(4, 16)
kaikki ok
Reitin pituus: 21
(4, 16)
(4, 15)
(4, 14)
(4, 13)
(4, 12)
(4, 11)
(4, 10)
(4, 9)
(5, 9)
(6, 9)
(6, 8)
(6, 7)
(7, 7)
(8, 7)
(9, 7)
(10, 7)
(10, 6)
(10, 5)
(11, 5)
(12, 5)
(12, 4)
(12, 3)
kaikki ok
Reitin pituus: 12
(4, 19)
(5, 19)
(6, 19)
(7, 19)
(8, 19)
(9, 19)
(10, 19)
(11, 19)
(12, 19)
(13, 19)
(14, 19)
(15, 19)
(16, 19)
kaikki ok
Reitin pituus: 4
(5, 15)
(4, 15)
(4, 14)
(4, 13)
(5, 13)
kaikki ok
Reitin pituus: 6
(2, 19)
(1, 19)
(1, 18)
(1, 17)
(2, 17)
(2, 16)
(2, 15)
kaikki ok
Reitin pituus: 16
(17, 13)
(16, 13)
(15, 13)
(14, 13)
(14, 12)
(14, 11)
(14, 10)
(14, 9)
(14, 8)
(14, 7)
(14, 6)
(14, 5)
(14, 4)
(14, 3)
(14, 2)
(14, 1)
(13, 1)
kaikki ok
Reitin pituus: 20
(13, 19)
(12, 19)
(11, 19)
(10, 19)
(10, 18)
(10, 17)
(11, 17)
(12, 17)
(12, 16)
(12, 15)
(11, 15)
(10, 15)
(10, 14)
(10, 13)
(11, 13)
(12, 13)
(12, 12)
(12, 11)
(11, 11)
(10, 11)
(9, 11)
kaikki ok
Reitin pituus: 18
(1, 2)
(1, 3)
(1, 4)
(1, 5)
(2, 5)
(3, 5)
(4, 5)
(4, 6)
(4, 7)
(4, 8)
(4, 9)
(4, 10)
(4, 11)
(4, 12)
(4, 13)
(4, 14)
(4, 15)
(4, 16)
(4, 17)
kaikki ok
Reitin pituus: 16
(17, 15)
(16, 15)
(16, 16)
(16, 17)
(15, 17)
(14, 17)
(14, 16)
(14, 15)
(13, 15)
(12, 15)
(11, 15)
(10, 15)
(9, 15)
(8, 15)
(7, 15)
(6, 15)
(5, 15)
kaikki ok
Reitin pituus: 9
(10, 18)
(10, 19)
(9, 19)
(8, 19)
(7, 19)
(6, 19)
(5, 19)
(4, 19)
(3, 19)
(2, 19)
kaikki ok
Reitin pituus: 23
(14, 2)
(14, 3)
(14, 4)
(14, 5)
(14, 6)
(14, 7)
(14, 8)
(14, 9)
(14, 10)
(14, 11)
(14, 12)
(14, 13)
(14, 14)
(14, 15)
(13, 15)
(12, 15)
(12, 16)
(12, 17)
(11, 17)
(10, 17)
(10, 18)
(10, 19)
(11, 19)
(12, 19)
kaikki ok
Reitin pituus: 11
(6, 3)
(7, 3)
(8, 3)
(9, 3)
(10, 3)
(11, 3)
(12, 3)
(13, 3)
(14, 3)
(14, 4)
(14, 5)
(14, 6)
kaikki ok
Reitin pituus: 14
(6, 15)
(7, 15)
(8, 15)
(9, 15)
(10, 15)
(11, 15)
(12, 15)
(13, 15)
(14, 15)
(14, 16)
(14, 17)
(15, 17)
(16, 17)
(16, 16)
(16, 15)
kaikki ok
Reitin pituus: 6
(9, 3)
(8, 3)
(7, 3)
(6, 3)
(5, 3)
(4, 3)
(3, 3)
kaikki ok
Reitin pituus: 4
(16, 5)
(15, 5)
(14, 5)
(14, 6)
(14, 7)
kaikki ok
Reitin pituus: 21
(14, 11)
(14, 12)
(14, 13)
(13, 13)
(12, 13)
(12, 12)
(12, 11)
(11, 11)
(10, 11)
(9, 11)
(8, 11)
(7, 11)
(6, 11)
(6, 10)
(6, 9)
(5, 9)
(4, 9)
(4, 8)
(4, 7)
(4, 6)
(4, 5)
(3, 5)
kaikki ok
Reitin pituus: 22
(11, 3)
(12, 3)
(13, 3)
(14, 3)
(14, 4)
(14, 5)
(14, 6)
(14, 7)
(14, 8)
(14, 9)
(14, 10)
(14, 11)
(14, 12)
(14, 13)
(14, 14)
(14, 15)
(14, 16)
(14, 17)
(15, 17)
(16, 17)
(17, 17)
(17, 18)
(17, 19)
kaikki ok
Reitin pituus: 7
(6, 1)
(7, 1)
(8, 1)
(8, 2)
(8, 3)
(9, 3)
(10, 3)
(11, 3)
kaikki ok
Reitin pituus: 10
(16, 17)
(15, 17)
(14, 17)
(14, 16)
(14, 15)
(14, 14)
(14, 13)
(13, 13)
(12, 13)
(12, 12)
(12, 11)
kaikki ok
Reitin pituus: 22
(16, 3)
(15, 3)
(14, 3)
(14, 4)
(14, 5)
(14, 6)
(14, 7)
(14, 8)
(14, 9)
(13, 9)
(12, 9)
(12, 10)
(12, 11)
(12, 12)
(12, 13)
(11, 13)
(10, 13)
(10, 14)
(10, 15)
(9, 15)
(8, 15)
(7, 15)
(6, 15)
kaikki ok
Reitin pituus: 23
(10, 7)
(9, 7)
(8, 7)
(7, 7)
(6, 7)
(6, 8)
(6, 9)
(5, 9)
(4, 9)
(4, 10)
(4, 11)
(4, 12)
(4, 13)
(4, 14)
(4, 15)
(5, 15)
(6, 15)
(6, 16)
(6, 17)
(7, 17)
(8, 17)
(8, 18)
(8, 19)
(7, 19)
kaikki ok
Reitin pituus: 8
(6, 9)
(6, 8)
(6, 7)
(7, 7)
(8, 7)
(9, 7)
(10, 7)
(11, 7)
(12, 7)
kaikki ok
Reitin pituus: 4
(13, 13)
(14, 13)
(14, 14)
(14, 15)
(14, 16)
kaikki ok
Reitin pituus: 20
(1, 14)
(1, 13)
(2, 13)
(3, 13)
(4, 13)
(5, 13)
(6, 13)
(6, 12)
(6, 11)
(7, 11)
(8, 11)
(9, 11)
(10, 11)
(11, 11)
(12, 11)
(12, 10)
(12, 9)
(13, 9)
(14, 9)
(14, 8)
(14, 7)
kaikki ok
Reitin pituus: 11
(6, 1)
(7, 1)
(8, 1)
(8, 2)
(8, 3)
(9, 3)
(10, 3)
(11, 3)
(12, 3)
(12, 4)
(12, 5)
(11, 5)
kaikki ok
Reitin pituus: 13
(14, 1)
(14, 2)
(14, 3)
(13, 3)
(12, 3)
(12, 4)
(12, 5)
(11, 5)
(10, 5)
(10, 6)
(10, 7)
(9, 7)
(9, 8)
(9, 9)
kaikki ok
Reitin pituus: 9
(14, 17)
(14, 16)
(14, 15)
(13, 15)
(12, 15)
(12, 16)
(12, 17)
(11, 17)
(10, 17)
(10, 18)
kaikki ok
Reitin pituus: 9
(10, 17)
(11, 17)
(12, 17)
(12, 16)
(12, 15)
(13, 15)
(14, 15)
(14, 14)
(14, 13)
(14, 12)
kaikki ok
Reitin pituus: 17
(14, 10)
(14, 9)
(14, 8)
(14, 7)
(14, 6)
(14, 5)
(14, 4)
(14, 3)
(13, 3)
(12, 3)
(11, 3)
(10, 3)
(9, 3)
(8, 3)
(8, 2)
(8, 1)
(7, 1)
(6, 1)
kaikki ok
Reitin pituus: 2
(6, 12)
(6, 13)
(5, 13)
kaikki ok
Reitin pituus: 4
(4, 7)
(4, 8)
(4, 9)
(4, 10)
(4, 11)
kaikki ok
Reitin pituus: 17
(8, 9)
(9, 9)
(9, 8)
(9, 7)
(8, 7)
(7, 7)
(6, 7)
(6, 8)
(6, 9)
(6, 10)
(6, 11)
(6, 12)
(6, 13)
(7, 13)
(8, 13)
(8, 14)
(8, 15)
(7, 15)
kaikki ok
Reitin pituus: 4
(12, 3)
(11, 3)
(10, 3)
(10, 2)
(10, 1)
kaikki ok
Reitin pituus: 0
(16, 1)
kaikki ok
Reitin pituus: 9
(7, 1)
(6, 1)
(5, 1)
(4, 1)
(4, 2)
(4, 3)
(3, 3)
(2, 3)
(1, 3)
(1, 4)
kaikki ok
Reitin pituus: 12
(4, 12)
(4, 11)
(4, 10)
(4, 9)
(4, 8)
(4, 7)
(4, 6)
(4, 5)
(4, 4)
(4, 3)
(4, 2)
(4, 1)
(3, 1)
kaikki ok
Reitin pituus: 5
(14, 5)
(14, 4)
(14, 3)
(13, 3)
(12, 3)
(11, 3)
kaikki ok
Reitin pituus: 20
(7, 5)
(8, 5)
(8, 6)
(8, 7)
(7, 7)
(6, 7)
(6, 8)
(6, 9)
(6, 10)
(6, 11)
(6, 12)
(6, 13)
(7, 13)
(8, 13)
(8, 14)
(8, 15)
(7, 15)
(6, 15)
(6, 16)
(6, 17)
(7, 17)
kaikki ok
Reitin pituus: 10
(14, 11)
(14, 12)
(14, 13)
(14, 14)
(14, 15)
(14, 16)
(14, 17)
(15, 17)
(16, 17)
(17, 17)
(17, 18)
kaikki ok
Reitin pituus: 21
(10, 15)
(9, 15)
(8, 15)
(8, 14)
(8, 13)
(7, 13)
(6, 13)
(6, 12)
(6, 11)
(6, 10)
(6, 9)
(5, 9)
(4, 9)
(4, 8)
(4, 7)
(4, 6)
(4, 5)
(4, 4)
(4, 3)
(4, 2)
(4, 1)
(5, 1)
kaikki ok
Reitin pituus: 21
(1, 13)
(2, 13)
(3, 13)
(4, 13)
(5, 13)
(6, 13)
(6, 12)
(6, 11)
(7, 11)
(8, 11)
(9, 11)
(10, 11)
(11, 11)
(12, 11)
(12, 12)
(12, 13)
(13, 13)
(14, 13)
(15, 13)
(16, 13)
(17, 13)
(17, 14)
kaikki ok
Reitin pituus: 13
(6, 12)
(6, 11)
(7, 11)
(8, 11)
(9, 11)
(10, 11)
(11, 11)
(12, 11)
(12, 12)
(12, 13)
(13, 13)
(14, 13)
(15, 13)
(16, 13)
kaikki ok
Reitin pituus: 17
(17, 15)
(17, 14)
(17, 13)
(16, 13)
(15, 13)
(14, 13)
(14, 12)
(14, 11)
(14, 10)
(14, 9)
(14, 8)
(14, 7)
(14, 6)
(14, 5)
(14, 4)
(14, 3)
(14, 2)
(14, 1)
kaikki ok
Reitin pituus: 27
(2, 17)
(3, 17)
(4, 17)
(4, 16)
(4, 15)
(4, 14)
(4, 13)
(4, 12)
(4, 11)
(4, 10)
(4, 9)
(4, 8)
(4, 7)
(4, 6)
(4, 5)
(4, 4)
(4, 3)
(5, 3)
(6, 3)
(7, 3)
(8, 3)
(9, 3)
(10, 3)
(10, 2)
(10, 1)
(11, 1)
(12, 1)
(13, 1)
kaikki ok
Reitin pituus: 12
(9, 9)
(9, 8)
(9, 7)
(10, 7)
(10, 6)
(10, 5)
(11, 5)
(12, 5)
(12, 4)
(12, 3)
(13, 3)
(14, 3)
(15, 3)
kaikki ok
Reitin pituus: 11
(7, 19)
(8, 19)
(9, 19)
(10, 19)
(11, 19)
(12, 19)
(13, 19)
(14, 19)
(15, 19)
(16, 19)
(17, 19)
(17, 18)
kaikki ok
Reitin pituus: 3
(5, 1)
(4, 1)
(4, 2)
(4, 3)
kaikki ok
Reitin pituus: 14
(7, 7)
(8, 7)
(8, 6)
(8, 5)
(7, 5)
(6, 5)
(6, 4)
(6, 3)
(7, 3)
(8, 3)
(9, 3)
(10, 3)
(10, 2)
(10, 1)
(11, 1)
kaikki ok
Reitin pituus: 15
(10, 15)
(9, 15)
(8, 15)
(7, 15)
(6, 15)
(6, 16)
(6, 17)
(7, 17)
(8, 17)
(8, 18)
(8, 19)
(7, 19)
(6, 19)
(5, 19)
(4, 19)
(3, 19)
kaikki ok
Reitin pituus: 19
(3, 19)
(4, 19)
(5, 19)
(6, 19)
(7, 19)
(8, 19)
(9, 19)
(10, 19)
(11, 19)
(12, 19)
(13, 19)
(14, 19)
(15, 19)
(16, 19)
(17, 19)
(17, 18)
(17, 17)
(16, 17)
(16, 16)
(16, 15)
kaikki ok
Reitin pituus: 18
(9, 8)
(9, 7)
(10, 7)
(11, 7)
(12, 7)
(12, 8)
(12, 9)
(13, 9)
(14, 9)
(14, 10)
(14, 11)
(14, 12)
(14, 13)
(15, 13)
(16, 13)
(17, 13)
(17, 14)
(17, 15)
(16, 15)
kaikki ok
Reitin pituus: 11
(16, 3)
(15, 3)
(14, 3)
(13, 3)
(12, 3)
(12, 4)
(12, 5)
(11, 5)
(10, 5)
(10, 6)
(10, 7)
(11, 7)
kaikki ok
Reitin pituus: 24
(10, 14)
(10, 15)
(9, 15)
(8, 15)
(7, 15)
(6, 15)
(5, 15)
(4, 15)
(4, 14)
(4, 13)
(4, 12)
(4, 11)
(4, 10)
(4, 9)
(4, 8)
(4, 7)
(4, 6)
(4, 5)
(4, 4)
(4, 3)
(3, 3)
(2, 3)
(1, 3)
(1, 2)
(1, 1)
kaikki ok
Reitin pituus: 19
(17, 2)
(17, 3)
(17, 4)
(17, 5)
(16, 5)
(15, 5)
(14, 5)
(14, 6)
(14, 7)
(14, 8)
(14, 9)
(13, 9)
(12, 9)
(12, 10)
(12, 11)
(11, 11)
(10, 11)
(9, 11)
(8, 11)
(7, 11)
kaikki ok
Reitin pituus: 21
(15, 17)
(14, 17)
(14, 16)
(14, 15)
(14, 14)
(14, 13)
(13, 13)
(12, 13)
(12, 12)
(12, 11)
(12, 10)
(12, 9)
(12, 8)
(12, 7)
(11, 7)
(10, 7)
(9, 7)
(8, 7)
(8, 6)
(8, 5)
(7, 5)
(6, 5)
kaikki ok
Reitin pituus: 2
(1, 17)
(2, 17)
(3, 17)
kaikki ok
Reitin pituus: 9
(5, 1)
(4, 1)
(4, 2)
(4, 3)
(4, 4)
(4, 5)
(4, 6)
(4, 7)
(4, 8)
(4, 9)
kaikki ok
Reitin pituus: 11
(4, 15)
(5, 15)
(6, 15)
(7, 15)
(8, 15)
(9, 15)
(10, 15)
(11, 15)
(12, 15)
(12, 16)
(12, 17)
(11, 17)
kaikki ok
Reitin pituus: 23
(4, 2)
(4, 3)
(4, 4)
(4, 5)
(4, 6)
(4, 7)
(4, 8)
(4, 9)
(5, 9)
(6, 9)
(6, 10)
(6, 11)
(6, 12)
(6, 13)
(7, 13)
(8, 13)
(8, 14)
(8, 15)
(9, 15)
(10, 15)
(11, 15)
(12, 15)
(12, 16)
(12, 17)
kaikki ok
Reitin pituus: 18
(4, 7)
(4, 8)
(4, 9)
(5, 9)
(6, 9)
(6, 10)
(6, 11)
(6, 12)
(6, 13)
(7, 13)
(8, 13)
(8, 14)
(8, 15)
(9, 15)
(10, 15)
(11, 15)
(12, 15)
(12, 16)
(12, 17)
kaikki ok
Reitin pituus: 27
(1, 14)
(1, 13)
(2, 13)
(3, 13)
(4, 13)
(4, 12)
(4, 11)
(4, 10)
(4, 9)
(4, 8)
(4, 7)
(4, 6)
(4, 5)
(4, 4)
(4, 3)
(5, 3)
(6, 3)
(7, 3)
(8, 3)
(9, 3)
(10, 3)
(11, 3)
(12, 3)
(13, 3)
(14, 3)
(15, 3)
(16, 3)
(17, 3)
kaikki ok
Reitin pituus: 19
(1, 2)
(1, 3)
(1, 4)
(1, 5)
(2, 5)
(3, 5)
(4, 5)
(4, 6)
(4, 7)
(4, 8)
(4, 9)
(5, 9)
(6, 9)
(6, 10)
(6, 11)
(7, 11)
(8, 11)
(9, 11)
(10, 11)
(11, 11)
kaikki ok
Reitin pituus: 17
(7, 13)
(6, 13)
(6, 12)
(6, 11)
(6, 10)
(6, 9)
(6, 8)
(6, 7)
(7, 7)
(8, 7)
(9, 7)
(10, 7)
(10, 6)
(10, 5)
(11, 5)
(12, 5)
(12, 4)
(12, 3)
kaikki ok
Reitin pituus: 13
(10, 9)
(9, 9)
(9, 8)
(9, 7)
(8, 7)
(8, 6)
(8, 5)
(7, 5)
(6, 5)
(6, 4)
(6, 3)
(7, 3)
(8, 3)
(8, 2)
kaikki ok
Reitin pituus: 2
(8, 3)
(9, 3)
(10, 3)
kaikki ok
Reitin pituus: 17
(4, 8)
(4, 9)
(5, 9)
(6, 9)
(6, 10)
(6, 11)
(7, 11)
(8, 11)
(9, 11)
(10, 11)
(11, 11)
(12, 11)
(12, 10)
(12, 9)
(13, 9)
(14, 9)
(14, 8)
(14, 7)
kaikki ok
Reitin pituus: 22
(14, 16)
(14, 15)
(13, 15)
(12, 15)
(11, 15)
(10, 15)
(9, 15)
(8, 15)
(8, 14)
(8, 13)
(7, 13)
(6, 13)
(6, 12)
(6, 11)
(6, 10)
(6, 9)
(5, 9)
(4, 9)
(4, 8)
(4, 7)
(4, 6)
(4, 5)
(4, 4)
kaikki ok
Reitin pituus: 19
(16, 16)
(16, 17)
(15, 17)
(14, 17)
(14, 16)
(14, 15)
(14, 14)
(14, 13)
(13, 13)
(12, 13)
(12, 12)
(12, 11)
(12, 10)
(12, 9)
(12, 8)
(12, 7)
(11, 7)
(10, 7)
(10, 6)
(10, 5)
kaikki ok
Reitin pituus: 12
(10, 9)
(9, 9)
(9, 8)
(9, 7)
(10, 7)
(11, 7)
(12, 7)
(12, 8)
(12, 9)
(12, 10)
(12, 11)
(11, 11)
(10, 11)
kaikki ok
Reitin pituus: 23
(17, 5)
(16, 5)
(15, 5)
(14, 5)
(14, 6)
(14, 7)
(14, 8)
(14, 9)
(14, 10)
(14, 11)
(14, 12)
(14, 13)
(14, 14)
(14, 15)
(13, 15)
(12, 15)
(12, 16)
(12, 17)
(11, 17)
(10, 17)
(10, 18)
(10, 19)
(11, 19)
(12, 19)
kaikki ok
Reitin pituus: 24
(9, 9)
(9, 8)
(9, 7)
(8, 7)
(7, 7)
(6, 7)
(6, 8)
(6, 9)
(6, 10)
(6, 11)
(6, 12)
(6, 13)
(7, 13)
(8, 13)
(8, 14)
(8, 15)
(7, 15)
(6, 15)
(6, 16)
(6, 17)
(7, 17)
(8, 17)
(8, 18)
(8, 19)
(7, 19)
kaikki ok
Reitin pituus: 19
(16, 17)
(15, 17)
(14, 17)
(14, 16)
(14, 15)
(14, 14)
(14, 13)
(14, 12)
(14, 11)
(14, 10)
(14, 9)
(14, 8)
(14, 7)
(14, 6)
(14, 5)
(14, 4)
(14, 3)
(13, 3)
(12, 3)
(12, 4)
kaikki ok
Reitin pituus: 13
(10, 14)
(10, 13)
(11, 13)
(12, 13)
(12, 12)
(12, 11)
(12, 10)
(12, 9)
(12, 8)
(12, 7)
(11, 7)
(10, 7)
(9, 7)
(9, 8)
kaikki ok
Reitin pituus: 17
(1, 5)
(1, 4)
(1, 3)
(2, 3)
(3, 3)
(4, 3)
(5, 3)
(6, 3)
(7, 3)
(8, 3)
(9, 3)
(10, 3)
(10, 2)
(10, 1)
(11, 1)
(12, 1)
(13, 1)
(14, 1)
kaikki ok
Reitin pituus: 13
(13, 1)
(14, 1)
(14, 2)
(14, 3)
(13, 3)
(12, 3)
(12, 4)
(12, 5)
(11, 5)
(10, 5)
(10, 6)
(10, 7)
(9, 7)
(8, 7)
kaikki ok
Reitin pituus: 25
(13, 19)
(12, 19)
(11, 19)
(10, 19)
(9, 19)
(8, 19)
(8, 18)
(8, 17)
(7, 17)
(6, 17)
(6, 16)
(6, 15)
(5, 15)
(4, 15)
(4, 14)
(4, 13)
(4, 12)
(4, 11)
(4, 10)
(4, 9)
(4, 8)
(4, 7)
(4, 6)
(4, 5)
(3, 5)
(2, 5)
kaikki ok
Reitin pituus: 19
(7, 3)
(8, 3)
(9, 3)
(10, 3)
(11, 3)
(12, 3)
(13, 3)
(14, 3)
(14, 4)
(14, 5)
(14, 6)
(14, 7)
(14, 8)
(14, 9)
(14, 10)
(14, 11)
(14, 12)
(14, 13)
(14, 14)
(14, 15)
kaikki ok
Reitin pituus: 24
(17, 2)
(17, 3)
(17, 4)
(17, 5)
(16, 5)
(15, 5)
(14, 5)
(14, 6)
(14, 7)
(14, 8)
(14, 9)
(13, 9)
(12, 9)
(12, 10)
(12, 11)
(12, 12)
(12, 13)
(11, 13)
(10, 13)
(10, 14)
(10, 15)
(9, 15)
(8, 15)
(7, 15)
(6, 15)
kaikki ok
Reitin pituus: 16
(1, 14)
(1, 13)
(2, 13)
(3, 13)
(4, 13)
(5, 13)
(6, 13)
(6, 12)
(6, 11)
(7, 11)
(8, 11)
(9, 11)
(10, 11)
(11, 11)
(12, 11)
(12, 10)
(12, 9)
kaikki ok
Reitin pituus: 19
(2, 19)
(3, 19)
(4, 19)
(5, 19)
(6, 19)
(7, 19)
(8, 19)
(9, 19)
(10, 19)
(10, 18)
(10, 17)
(11, 17)
(12, 17)
(12, 16)
(12, 15)
(13, 15)
(14, 15)
(14, 14)
(14, 13)
(14, 12)
kaikki ok
Reitin pituus: 11
(10, 6)
(10, 5)
(11, 5)
(12, 5)
(12, 4)
(12, 3)
(11, 3)
(10, 3)
(9, 3)
(8, 3)
(8, 2)
(8, 1)
kaikki ok
Reitin pituus: 14
(16, 3)
(15, 3)
(14, 3)
(13, 3)
(12, 3)
(12, 4)
(12, 5)
(11, 5)
(10, 5)
(10, 6)
(10, 7)
(9, 7)
(8, 7)
(7, 7)
(6, 7)
kaikki ok
Reitin pituus: 0
(4, 13)
kaikki ok
Reitin pituus: 16
(17, 15)
(16, 15)
(16, 16)
(16, 17)
(15, 17)
(14, 17)
(14, 16)
(14, 15)
(13, 15)
(12, 15)
(11, 15)
(10, 15)
(9, 15)
(8, 15)
(7, 15)
(6, 15)
(5, 15)
kaikki ok
Reitin pituus: 17
(16, 17)
(15, 17)
(14, 17)
(14, 16)
(14, 15)
(14, 14)
(14, 13)
(14, 12)
(14, 11)
(14, 10)
(14, 9)
(14, 8)
(14, 7)
(14, 6)
(14, 5)
(14, 4)
(14, 3)
(14, 2)
kaikki ok
Reitin pituus: 17
(3, 17)
(4, 17)
(4, 16)
(4, 15)
(4, 14)
(4, 13)
(4, 12)
(4, 11)
(4, 10)
(4, 9)
(5, 9)
(6, 9)
(6, 8)
(6, 7)
(7, 7)
(8, 7)
(9, 7)
(10, 7)
kaikki ok
Reitin pituus: 8
(13, 1)
(14, 1)
(14, 2)
(14, 3)
(15, 3)
(16, 3)
(17, 3)
(17, 4)
(17, 5)
kaikki ok
Reitin pituus: 28
(11, 3)
(10, 3)
(9, 3)
(8, 3)
(7, 3)
(6, 3)
(5, 3)
(4, 3)
(4, 4)
(4, 5)
(4, 6)
(4, 7)
(4, 8)
(4, 9)
(4, 10)
(4, 11)
(4, 12)
(4, 13)
(4, 14)
(4, 15)
(4, 16)
(4, 17)
(3, 17)
(2, 17)
(1, 17)
(1, 18)
(1, 19)
(2, 19)
(3, 19)
kaikki ok
Reitin pituus: 15
(14, 15)
(14, 14)
(14, 13)
(13, 13)
(12, 13)
(12, 12)
(12, 11)
(12, 10)
(12, 9)
(12, 8)
(12, 7)
(11, 7)
(10, 7)
(9, 7)
(8, 7)
(8, 6)
kaikki ok
Reitin pituus: 17
(6, 17)
(6, 16)
(6, 15)
(7, 15)
(8, 15)
(9, 15)
(10, 15)
(11, 15)
(12, 15)
(13, 15)
(14, 15)
(14, 16)
(14, 17)
(15, 17)
(16, 17)
(16, 16)
(16, 15)
(17, 15)
kaikki ok
Reitin pituus: 16
(2, 3)
(3, 3)
(4, 3)
(5, 3)
(6, 3)
(7, 3)
(8, 3)
(9, 3)
(10, 3)
(11, 3)
(12, 3)
(13, 3)
(14, 3)
(14, 4)
(14, 5)
(14, 6)
(14, 7)
kaikki ok
Reitin pituus: 6
(1, 15)
(1, 14)
(1, 13)
(2, 13)
(3, 13)
(4, 13)
(4, 12)
kaikki ok
Reitin pituus: 31
(17, 2)
(17, 3)
(16, 3)
(15, 3)
(14, 3)
(13, 3)
(12, 3)
(11, 3)
(10, 3)
(9, 3)
(8, 3)
(7, 3)
(6, 3)
(5, 3)
(4, 3)
(4, 4)
(4, 5)
(4, 6)
(4, 7)
(4, 8)
(4, 9)
(4, 10)
(4, 11)
(4, 12)
(4, 13)
(4, 14)
(4, 15)
(4, 16)
(4, 17)
(3, 17)
(2, 17)
(1, 17)
kaikki ok
Reitin pituus: 19
(12, 9)
(12, 8)
(12, 7)
(11, 7)
(10, 7)
(9, 7)
(8, 7)
(8, 6)
(8, 5)
(7, 5)
(6, 5)
(6, 4)
(6, 3)
(5, 3)
(4, 3)
(4, 4)
(4, 5)
(3, 5)
(2, 5)
(1, 5)
kaikki ok
Reitin pituus: 13
(17, 3)
(16, 3)
(15, 3)
(14, 3)
(14, 4)
(14, 5)
(14, 6)
(14, 7)
(14, 8)
(14, 9)
(13, 9)
(12, 9)
(12, 10)
(12, 11)
kaikki ok
Reitin pituus: 25
(2, 16)
(2, 17)
(3, 17)
(4, 17)
(4, 16)
(4, 15)
(5, 15)
(6, 15)
(7, 15)
(8, 15)
(9, 15)
(10, 15)
(11, 15)
(12, 15)
(13, 15)
(14, 15)
(14, 14)
(14, 13)
(14, 12)
(14, 11)
(14, 10)
(14, 9)
(14, 8)
(14, 7)
(14, 6)
(14, 5)
kaikki ok
Reitin pituus: 21
(17, 3)
(16, 3)
(15, 3)
(14, 3)
(13, 3)
(12, 3)
(11, 3)
(10, 3)
(9, 3)
(8, 3)
(7, 3)
(6, 3)
(5, 3)
(4, 3)
(4, 4)
(4, 5)
(4, 6)
(4, 7)
(4, 8)
(4, 9)
(4, 10)
(4, 11)
kaikki ok
Reitin pituus: 13
(12, 8)
(12, 9)
(12, 10)
(12, 11)
(12, 12)
(12, 13)
(13, 13)
(14, 13)
(15, 13)
(16, 13)
(17, 13)
(17, 14)
(17, 15)
(16, 15)
kaikki ok
Reitin pituus: 13
(12, 9)
(12, 10)
(12, 11)
(12, 12)
(12, 13)
(11, 13)
(10, 13)
(10, 14)
(10, 15)
(11, 15)
(12, 15)
(12, 16)
(12, 17)
(11, 17)
kaikki ok
Reitin pituus: 14
(1, 4)
(1, 5)
(2, 5)
(3, 5)
(4, 5)
(4, 6)
(4, 7)
(4, 8)
(4, 9)
(4, 10)
(4, 11)
(4, 12)
(4, 13)
(4, 14)
(4, 15)
kaikki ok
Reitin pituus: 17
(4, 1)
(4, 2)
(4, 3)
(4, 4)
(4, 5)
(4, 6)
(4, 7)
(4, 8)
(4, 9)
(4, 10)
(4, 11)
(4, 12)
(4, 13)
(4, 14)
(4, 15)
(5, 15)
(6, 15)
(7, 15)
kaikki ok
Reitin pituus: 15
(10, 9)
(9, 9)
(9, 8)
(9, 7)
(8, 7)
(8, 6)
(8, 5)
(7, 5)
(6, 5)
(6, 4)
(6, 3)
(5, 3)
(4, 3)
(3, 3)
(2, 3)
(1, 3)
kaikki ok
Reitin pituus: 12
(6, 12)
(6, 11)
(6, 10)
(6, 9)
(5, 9)
(4, 9)
(4, 8)
(4, 7)
(4, 6)
(4, 5)
(4, 4)
(4, 3)
(5, 3)
kaikki ok
Reitin pituus: 19
(11, 11)
(10, 11)
(9, 11)
(8, 11)
(7, 11)
(6, 11)
(6, 10)
(6, 9)
(5, 9)
(4, 9)
(4, 8)
(4, 7)
(4, 6)
(4, 5)
(4, 4)
(4, 3)
(4, 2)
(4, 1)
(5, 1)
(6, 1)
kaikki ok
Reitin pituus: 17
(14, 19)
(13, 19)
(12, 19)
(11, 19)
(10, 19)
(9, 19)
(8, 19)
(8, 18)
(8, 17)
(7, 17)
(6, 17)
(6, 16)
(6, 15)
(7, 15)
(8, 15)
(8, 14)
(8, 13)
(7, 13)
kaikki ok
Reitin pituus: 9
(17, 3)
(16, 3)
(15, 3)
(14, 3)
(13, 3)
(12, 3)
(11, 3)
(10, 3)
(9, 3)
(8, 3)
kaikki ok
Reitin pituus: 1
(4, 14)
(4, 13)
kaikki ok
Reitin pituus: 23
(16, 5)
(15, 5)
(14, 5)
(14, 6)
(14, 7)
(14, 8)
(14, 9)
(14, 10)
(14, 11)
(14, 12)
(14, 13)
(14, 14)
(14, 15)
(13, 15)
(12, 15)
(12, 16)
(12, 17)
(11, 17)
(10, 17)
(10, 18)
(10, 19)
(9, 19)
(8, 19)
(7, 19)
kaikki ok
Reitin pituus: 10
(9, 9)
(9, 8)
(9, 7)
(8, 7)
(7, 7)
(6, 7)
(6, 8)
(6, 9)
(6, 10)
(6, 11)
(7, 11)
kaikki ok
Reitin pituus: 12
(6, 7)
(7, 7)
(8, 7)
(9, 7)
(10, 7)
(11, 7)
(12, 7)
(12, 8)
(12, 9)
(12, 10)
(12, 11)
(12, 12)
(12, 13)
kaikki ok
Reitin pituus: 11
(8, 2)
(8, 3)
(9, 3)
(10, 3)
(11, 3)
(12, 3)
(13, 3)
(14, 3)
(15, 3)
(16, 3)
(17, 3)
(17, 2)
kaikki ok
Reitin pituus: 10
(8, 13)
(7, 13)
(6, 13)
(5, 13)
(4, 13)
(4, 12)
(4, 11)
(4, 10)
(4, 9)
(4, 8)
(4, 7)
kaikki ok
Reitin pituus: 18
(8, 5)
(8, 6)
(8, 7)
(7, 7)
(6, 7)
(6, 8)
(6, 9)
(6, 10)
(6, 11)
(6, 12)
(6, 13)
(5, 13)
(4, 13)
(3, 13)
(2, 13)
(1, 13)
(1, 14)
(1, 15)
(2, 15)
kaikki ok
Reitin pituus: 10
(12, 11)
(12, 10)
(12, 9)
(12, 8)
(12, 7)
(11, 7)
(10, 7)
(10, 6)
(10, 5)
(11, 5)
(12, 5)
kaikki ok
Reitin pituus: 3
(13, 15)
(14, 15)
(14, 16)
(14, 17)
kaikki ok
Reitin pituus: 10
(2, 17)
(3, 17)
(4, 17)
(4, 16)
(4, 15)
(4, 14)
(4, 13)
(5, 13)
(6, 13)
(6, 12)
(6, 11)
kaikki ok
Reitin pituus: 6
(8, 15)
(7, 15)
(6, 15)
(6, 16)
(6, 17)
(7, 17)
(8, 17)
kaikki ok
Reitin pituus: 16
(14, 8)
(14, 9)
(14, 10)
(14, 11)
(14, 12)
(14, 13)
(14, 14)
(14, 15)
(13, 15)
(12, 15)
(12, 16)
(12, 17)
(11, 17)
(10, 17)
(10, 18)
(10, 19)
(9, 19)
kaikki ok
Reitin pituus: 24
(1, 3)
(2, 3)
(3, 3)
(4, 3)
(4, 4)
(4, 5)
(4, 6)
(4, 7)
(4, 8)
(4, 9)
(4, 10)
(4, 11)
(4, 12)
(4, 13)
(4, 14)
(4, 15)
(5, 15)
(6, 15)
(6, 16)
(6, 17)
(7, 17)
(8, 17)
(8, 18)
(8, 19)
(7, 19)
kaikki ok
Reitin pituus: 12
(6, 5)
(7, 5)
(8, 5)
(8, 6)
(8, 7)
(7, 7)
(6, 7)
(6, 8)
(6, 9)
(5, 9)
(4, 9)
(4, 10)
(4, 11)
kaikki ok
Reitin pituus: 10
(15, 13)
(16, 13)
(17, 13)
(17, 14)
(17, 15)
(16, 15)
(16, 16)
(16, 17)
(17, 17)
(17, 18)
(17, 19)
kaikki ok
Reitin pituus: 6
(1, 13)
(2, 13)
(3, 13)
(4, 13)
(5, 13)
(6, 13)
(7, 13)
kaikki ok
Reitin pituus: 29
(17, 5)
(16, 5)
(15, 5)
(14, 5)
(14, 6)
(14, 7)
(14, 8)
(14, 9)
(14, 10)
(14, 11)
(14, 12)
(14, 13)
(14, 14)
(14, 15)
(13, 15)
(12, 15)
(12, 16)
(12, 17)
(11, 17)
(10, 17)
(10, 18)
(10, 19)
(9, 19)
(8, 19)
(7, 19)
(6, 19)
(5, 19)
(4, 19)
(3, 19)
(2, 19)
kaikki ok
Reitin pituus: 18
(14, 16)
(14, 15)
(13, 15)
(12, 15)
(11, 15)
(10, 15)
(9, 15)
(8, 15)
(8, 14)
(8, 13)
(7, 13)
(6, 13)
(6, 12)
(6, 11)
(6, 10)
(6, 9)
(5, 9)
(4, 9)
(4, 8)
kaikki ok
Reitin pituus: 21
(1, 4)
(1, 5)
(2, 5)
(3, 5)
(4, 5)
(4, 6)
(4, 7)
(4, 8)
(4, 9)
(4, 10)
(4, 11)
(4, 12)
(4, 13)
(4, 14)
(4, 15)
(4, 16)
(4, 17)
(3, 17)
(2, 17)
(1, 17)
(1, 18)
(1, 19)
kaikki ok
Reitin pituus: 2
(10, 14)
(10, 13)
(11, 13)
kaikki ok
Reitin pituus: 19
(14, 7)
(14, 8)
(14, 9)
(13, 9)
(12, 9)
(12, 10)
(12, 11)
(11, 11)
(10, 11)
(9, 11)
(8, 11)
(7, 11)
(6, 11)
(6, 12)
(6, 13)
(5, 13)
(4, 13)
(3, 13)
(2, 13)
(1, 13)
kaikki ok
Reitin pituus: 18
(10, 6)
(10, 7)
(11, 7)
(12, 7)
(12, 8)
(12, 9)
(13, 9)
(14, 9)
(14, 10)
(14, 11)
(14, 12)
(14, 13)
(14, 14)
(14, 15)
(14, 16)
(14, 17)
(15, 17)
(16, 17)
(17, 17)
kaikki ok
Reitin pituus: 16
(14, 1)
(13, 1)
(12, 1)
(11, 1)
(10, 1)
(10, 2)
(10, 3)
(9, 3)
(8, 3)
(7, 3)
(6, 3)
(5, 3)
(4, 3)
(4, 4)
(4, 5)
(4, 6)
(4, 7)
kaikki ok
Reitin pituus: 12
(9, 7)
(10, 7)
(10, 6)
(10, 5)
(11, 5)
(12, 5)
(12, 4)
(12, 3)
(13, 3)
(14, 3)
(15, 3)
(16, 3)
(17, 3)
kaikki ok
Reitin pituus: 14
(1, 17)
(2, 17)
(3, 17)
(4, 17)
(4, 16)
(4, 15)
(4, 14)
(4, 13)
(5, 13)
(6, 13)
(6, 12)
(6, 11)
(7, 11)
(8, 11)
(9, 11)
kaikki ok
Reitin pituus: 12
(1, 15)
(2, 15)
(2, 16)
(2, 17)
(3, 17)
(4, 17)
(4, 16)
(4, 15)
(5, 15)
(6, 15)
(7, 15)
(8, 15)
(9, 15)
kaikki ok
Reitin pituus: 23
(1, 5)
(2, 5)
(3, 5)
(4, 5)
(4, 6)
(4, 7)
(4, 8)
(4, 9)
(4, 10)
(4, 11)
(4, 12)
(4, 13)
(4, 14)
(4, 15)
(4, 16)
(4, 17)
(3, 17)
(2, 17)
(1, 17)
(1, 18)
(1, 19)
(2, 19)
(3, 19)
(4, 19)
kaikki ok
Reitin pituus: 4
(12, 15)
(13, 15)
(14, 15)
(14, 16)
(14, 17)
kaikki ok
Reitin pituus: 21
(17, 19)
(17, 18)
(17, 17)
(16, 17)
(15, 17)
(14, 17)
(14, 16)
(14, 15)
(14, 14)
(14, 13)
(14, 12)
(14, 11)
(14, 10)
(14, 9)
(14, 8)
(14, 7)
(14, 6)
(14, 5)
(15, 5)
(16, 5)
(17, 5)
(17, 4)
kaikki ok
Reitin pituus: 16
(12, 17)
(12, 16)
(12, 15)
(11, 15)
(10, 15)
(9, 15)
(8, 15)
(8, 14)
(8, 13)
(7, 13)
(6, 13)
(6, 12)
(6, 11)
(6, 10)
(6, 9)
(6, 8)
(6, 7)
kaikki ok
Reitin pituus: 11
(6, 11)
(6, 10)
(6, 9)
(5, 9)
(4, 9)
(4, 8)
(4, 7)
(4, 6)
(4, 5)
(4, 4)
(4, 3)
(4, 2)
kaikki ok
Reitin pituus: 10
(10, 18)
(10, 17)
(11, 17)
(12, 17)
(12, 16)
(12, 15)
(11, 15)
(10, 15)
(9, 15)
(8, 15)
(8, 14)
kaikki ok
Reitin pituus: 16
(11, 3)
(12, 3)
(12, 4)
(12, 5)
(11, 5)
(10, 5)
(10, 6)
(10, 7)
(11, 7)
(12, 7)
(12, 8)
(12, 9)
(12, 10)
(12, 11)
(11, 11)
(10, 11)
(9, 11)
kaikki ok
Reitin pituus: 15
(10, 5)
(10, 6)
(10, 7)
(11, 7)
(12, 7)
(12, 8)
(12, 9)
(12, 10)
(12, 11)
(12, 12)
(12, 13)
(11, 13)
(10, 13)
(10, 14)
(10, 15)
(11, 15)
kaikki ok
Reitin pituus: 11
(3, 3)
(4, 3)
(5, 3)
(6, 3)
(7, 3)
(8, 3)
(9, 3)
(10, 3)
(11, 3)
(12, 3)
(12, 4)
(12, 5)
kaikki ok
Reitin pituus: 16
(10, 9)
(9, 9)
(9, 8)
(9, 7)
(10, 7)
(11, 7)
(12, 7)
(12, 8)
(12, 9)
(13, 9)
(14, 9)
(14, 10)
(14, 11)
(14, 12)
(14, 13)
(15, 13)
(16, 13)
kaikki ok
Reitin pituus: 11
(14, 13)
(14, 12)
(14, 11)
(14, 10)
(14, 9)
(14, 8)
(14, 7)
(14, 6)
(14, 5)
(14, 4)
(14, 3)
(15, 3)
kaikki ok
Reitin pituus: 23
(17, 4)
(17, 5)
(16, 5)
(15, 5)
(14, 5)
(14, 6)
(14, 7)
(14, 8)
(14, 9)
(13, 9)
(12, 9)
(12, 10)
(12, 11)
(12, 12)
(12, 13)
(11, 13)
(10, 13)
(10, 14)
(10, 15)
(9, 15)
(8, 15)
(7, 15)
(6, 15)
(6, 16)
kaikki ok
Reitin pituus: 20
(14, 4)
(14, 5)
(14, 6)
(14, 7)
(14, 8)
(14, 9)
(13, 9)
(12, 9)
(12, 10)
(12, 11)
(11, 11)
(10, 11)
(9, 11)
(8, 11)
(7, 11)
(6, 11)
(6, 12)
(6, 13)
(5, 13)
(4, 13)
(3, 13)
kaikki ok
Reitin pituus: 13
(1, 4)
(1, 5)
(2, 5)
(3, 5)
(4, 5)
(4, 6)
(4, 7)
(4, 8)
(4, 9)
(4, 10)
(4, 11)
(4, 12)
(4, 13)
(3, 13)
kaikki ok
Reitin pituus: 17
(10, 19)
(10, 18)
(10, 17)
(11, 17)
(12, 17)
(12, 16)
(12, 15)
(13, 15)
(14, 15)
(14, 14)
(14, 13)
(14, 12)
(14, 11)
(14, 10)
(14, 9)
(14, 8)
(14, 7)
(14, 6)
kaikki ok
Reitin pituus: 13
(8, 15)
(9, 15)
(10, 15)
(11, 15)
(12, 15)
(13, 15)
(14, 15)
(14, 14)
(14, 13)
(14, 12)
(14, 11)
(14, 10)
(14, 9)
(14, 8)
kaikki ok
Reitin pituus: 13
(10, 5)
(10, 6)
(10, 7)
(9, 7)
(8, 7)
(7, 7)
(6, 7)
(6, 8)
(6, 9)
(5, 9)
(4, 9)
(4, 10)
(4, 11)
(4, 12)
kaikki ok
Reitin pituus: 30
(16, 3)
(15, 3)
(14, 3)
(13, 3)
(12, 3)
(12, 4)
(12, 5)
(11, 5)
(10, 5)
(10, 6)
(10, 7)
(9, 7)
(8, 7)
(7, 7)
(6, 7)
(6, 8)
(6, 9)
(5, 9)
(4, 9)
(4, 10)
(4, 11)
(4, 12)
(4, 13)
(4, 14)
(4, 15)
(4, 16)
(4, 17)
(3, 17)
(2, 17)
(1, 17)
(1, 18)
kaikki ok
Reitin pituus: 17
(7, 5)
(8, 5)
(8, 6)
(8, 7)
(7, 7)
(6, 7)
(6, 8)
(6, 9)
(6, 10)
(6, 11)
(6, 12)
(6, 13)
(7, 13)
(8, 13)
(8, 14)
(8, 15)
(7, 15)
(6, 15)
kaikki ok
Reitin pituus: 22
(8, 7)
(9, 7)
(10, 7)
(11, 7)
(12, 7)
(12, 8)
(12, 9)
(12, 10)
(12, 11)
(12, 12)
(12, 13)
(13, 13)
(14, 13)
(14, 14)
(14, 15)
(14, 16)
(14, 17)
(15, 17)
(16, 17)
(17, 17)
(17, 18)
(17, 19)
(16, 19)
kaikki ok
Reitin pituus: 17
(16, 16)
(16, 17)
(17, 17)
(17, 18)
(17, 19)
(16, 19)
(15, 19)
(14, 19)
(13, 19)
(12, 19)
(11, 19)
(10, 19)
(9, 19)
(8, 19)
(7, 19)
(6, 19)
(5, 19)
(4, 19)
kaikki ok
Reitin pituus: 21
(7, 1)
(6, 1)
(5, 1)
(4, 1)
(4, 2)
(4, 3)
(4, 4)
(4, 5)
(4, 6)
(4, 7)
(4, 8)
(4, 9)
(4, 10)
(4, 11)
(4, 12)
(4, 13)
(4, 14)
(4, 15)
(5, 15)
(6, 15)
(6, 16)
(6, 17)
kaikki ok
Reitin pituus: 6
(11, 1)
(10, 1)
(10, 2)
(10, 3)
(11, 3)
(12, 3)
(12, 4)
kaikki ok
Reitin pituus: 13
(10, 9)
(9, 9)
(9, 8)
(9, 7)
(10, 7)
(11, 7)
(12, 7)
(12, 8)
(12, 9)
(13, 9)
(14, 9)
(14, 10)
(14, 11)
(14, 12)
kaikki ok
Reitin pituus: 3
(1, 19)
(1, 18)
(1, 17)
(2, 17)
kaikki ok
Reitin pituus: 23
(2, 19)
(3, 19)
(4, 19)
(5, 19)
(6, 19)
(7, 19)
(8, 19)
(9, 19)
(10, 19)
(10, 18)
(10, 17)
(11, 17)
(12, 17)
(12, 16)
(12, 15)
(13, 15)
(14, 15)
(14, 14)
(14, 13)
(14, 12)
(14, 11)
(14, 10)
(14, 9)
(14, 8)
kaikki ok
Reitin pituus: 13
(8, 9)
(9, 9)
(9, 8)
(9, 7)
(10, 7)
(10, 6)
(10, 5)
(11, 5)
(12, 5)
(12, 4)
(12, 3)
(13, 3)
(14, 3)
(14, 4)
kaikki ok
Reitin pituus: 14
(16, 13)
(15, 13)
(14, 13)
(14, 14)
(14, 15)
(13, 15)
(12, 15)
(11, 15)
(10, 15)
(9, 15)
(8, 15)
(7, 15)
(6, 15)
(5, 15)
(4, 15)
kaikki ok
Reitin pituus: 9
(17, 18)
(17, 17)
(16, 17)
(15, 17)
(14, 17)
(14, 16)
(14, 15)
(13, 15)
(12, 15)
(11, 15)
kaikki ok
Reitin pituus: 15
(4, 15)
(4, 14)
(4, 13)
(4, 12)
(4, 11)
(4, 10)
(4, 9)
(4, 8)
(4, 7)
(4, 6)
(4, 5)
(4, 4)
(4, 3)
(5, 3)
(6, 3)
(7, 3)
kaikki ok
Reitin pituus: 14
(12, 11)
(12, 12)
(12, 13)
(11, 13)
(10, 13)
(10, 14)
(10, 15)
(9, 15)
(8, 15)
(7, 15)
(6, 15)
(6, 16)
(6, 17)
(7, 17)
(8, 17)
kaikki ok
Reitin pituus: 14
(12, 9)
(12, 8)
(12, 7)
(11, 7)
(10, 7)
(9, 7)
(8, 7)
(8, 6)
(8, 5)
(7, 5)
(6, 5)
(6, 4)
(6, 3)
(5, 3)
(4, 3)
kaikki ok
Reitin pituus: 12
(17, 17)
(16, 17)
(15, 17)
(14, 17)
(14, 16)
(14, 15)
(13, 15)
(12, 15)
(11, 15)
(10, 15)
(9, 15)
(8, 15)
(7, 15)
kaikki ok
Reitin pituus: 21
(1, 19)
(1, 18)
(1, 17)
(2, 17)
(3, 17)
(4, 17)
(4, 16)
(4, 15)
(5, 15)
(6, 15)
(7, 15)
(8, 15)
(9, 15)
(10, 15)
(10, 14)
(10, 13)
(11, 13)
(12, 13)
(12, 12)
(12, 11)
(12, 10)
(12, 9)
kaikki ok
Reitin pituus: 14
(14, 8)
(14, 9)
(13, 9)
(12, 9)
(12, 10)
(12, 11)
(11, 11)
(10, 11)
(9, 11)
(8, 11)
(7, 11)
(6, 11)
(6, 12)
(6, 13)
(5, 13)
kaikki ok
Reitin pituus: 7
(8, 5)
(7, 5)
(6, 5)
(6, 4)
(6, 3)
(5, 3)
(4, 3)
(4, 4)
kaikki ok
Reitin pituus: 18
(11, 17)
(12, 17)
(12, 16)
(12, 15)
(11, 15)
(10, 15)
(9, 15)
(8, 15)
(8, 14)
(8, 13)
(7, 13)
(6, 13)
(6, 12)
(6, 11)
(6, 10)
(6, 9)
(6, 8)
(6, 7)
(7, 7)
kaikki ok
Reitin pituus: 1
(14, 15)
(14, 16)
kaikki ok
Reitin pituus: 3
(9, 15)
(8, 15)
(7, 15)
(6, 15)
kaikki ok
Reitin pituus: 8
(3, 3)
(4, 3)
(5, 3)
(6, 3)
(6, 4)
(6, 5)
(7, 5)
(8, 5)
(8, 6)
kaikki ok
Reitin pituus: 25
(17, 14)
(17, 13)
(16, 13)
(15, 13)
(14, 13)
(14, 12)
(14, 11)
(14, 10)
(14, 9)
(14, 8)
(14, 7)
(14, 6)
(14, 5)
(14, 4)
(14, 3)
(13, 3)
(12, 3)
(11, 3)
(10, 3)
(9, 3)
(8, 3)
(7, 3)
(6, 3)
(5, 3)
(4, 3)
(3, 3)
kaikki ok
Reitin pituus: 22
(2, 19)
(1, 19)
(1, 18)
(1, 17)
(2, 17)
(3, 17)
(4, 17)
(4, 16)
(4, 15)
(4, 14)
(4, 13)
(4, 12)
(4, 11)
(4, 10)
(4, 9)
(4, 8)
(4, 7)
(4, 6)
(4, 5)
(4, 4)
(4, 3)
(3, 3)
(2, 3)
kaikki ok
Reitin pituus: 24
(12, 17)
(12, 16)
(12, 15)
(13, 15)
(14, 15)
(14, 14)
(14, 13)
(14, 12)
(14, 11)
(14, 10)
(14, 9)
(14, 8)
(14, 7)
(14, 6)
(14, 5)
(14, 4)
(14, 3)
(13, 3)
(12, 3)
(11, 3)
(10, 3)
(9, 3)
(8, 3)
(8, 2)
(8, 1)
kaikki ok
Reitin pituus: 8
(9, 7)
(8, 7)
(7, 7)
(6, 7)
(6, 8)
(6, 9)
(6, 10)
(6, 11)
(6, 12)
kaikki ok
Reitin pituus: 18
(17, 14)
(17, 13)
(16, 13)
(15, 13)
(14, 13)
(14, 12)
(14, 11)
(14, 10)
(14, 9)
(14, 8)
(14, 7)
(14, 6)
(14, 5)
(14, 4)
(14, 3)
(13, 3)
(12, 3)
(11, 3)
(10, 3)
kaikki ok
Reitin pituus: 30
(6, 1)
(5, 1)
(4, 1)
(4, 2)
(4, 3)
(4, 4)
(4, 5)
(4, 6)
(4, 7)
(4, 8)
(4, 9)
(4, 10)
(4, 11)
(4, 12)
(4, 13)
(4, 14)
(4, 15)
(5, 15)
(6, 15)
(6, 16)
(6, 17)
(7, 17)
(8, 17)
(8, 18)
(8, 19)
(9, 19)
(10, 19)
(11, 19)
(12, 19)
(13, 19)
(14, 19)
kaikki ok
Reitin pituus: 17
(1, 1)
(1, 2)
(1, 3)
(2, 3)
(3, 3)
(4, 3)
(5, 3)
(6, 3)
(6, 4)
(6, 5)
(7, 5)
(8, 5)
(8, 6)
(8, 7)
(9, 7)
(9, 8)
(9, 9)
(10, 9)
kaikki ok
Reitin pituus: 8
(1, 17)
(2, 17)
(3, 17)
(4, 17)
(4, 16)
(4, 15)
(4, 14)
(4, 13)
(4, 12)
kaikki ok
Reitin pituus: 9
(5, 15)
(6, 15)
(6, 16)
(6, 17)
(7, 17)
(8, 17)
(8, 18)
(8, 19)
(7, 19)
(6, 19)
kaikki ok
Reitin pituus: 13
(5, 15)
(6, 15)
(7, 15)
(8, 15)
(9, 15)
(10, 15)
(11, 15)
(12, 15)
(13, 15)
(14, 15)
(14, 14)
(14, 13)
(15, 13)
(16, 13)
kaikki ok
Reitin pituus: 1
(2, 16)
(2, 15)
kaikki ok
Reitin pituus: 16
(7, 15)
(6, 15)
(5, 15)
(4, 15)
(4, 14)
(4, 13)
(4, 12)
(4, 11)
(4, 10)
(4, 9)
(4, 8)
(4, 7)
(4, 6)
(4, 5)
(4, 4)
(4, 3)
(4, 2)
kaikki ok
Reitin pituus: 15
(8, 11)
(7, 11)
(6, 11)
(6, 10)
(6, 9)
(5, 9)
(4, 9)
(4, 8)
(4, 7)
(4, 6)
(4, 5)
(3, 5)
(2, 5)
(1, 5)
(1, 4)
(1, 3)
kaikki ok
Reitin pituus: 11
(12, 11)
(12, 10)
(12, 9)
(13, 9)
(14, 9)
(14, 8)
(14, 7)
(14, 6)
(14, 5)
(14, 4)
(14, 3)
(13, 3)
kaikki ok
Reitin pituus: 30
(3, 1)
(4, 1)
(4, 2)
(4, 3)
(4, 4)
(4, 5)
(4, 6)
(4, 7)
(4, 8)
(4, 9)
(4, 10)
(4, 11)
(4, 12)
(4, 13)
(4, 14)
(4, 15)
(5, 15)
(6, 15)
(6, 16)
(6, 17)
(7, 17)
(8, 17)
(8, 18)
(8, 19)
(9, 19)
(10, 19)
(11, 19)
(12, 19)
(13, 19)
(14, 19)
(15, 19)
kaikki ok
Reitin pituus: 15
(14, 1)
(14, 2)
(14, 3)
(14, 4)
(14, 5)
(14, 6)
(14, 7)
(14, 8)
(14, 9)
(14, 10)
(14, 11)
(14, 12)
(14, 13)
(14, 14)
(14, 15)
(13, 15)
kaikki ok
Reitin pituus: 17
(4, 16)
(4, 15)
(5, 15)
(6, 15)
(7, 15)
(8, 15)
(9, 15)
(10, 15)
(10, 14)
(10, 13)
(11, 13)
(12, 13)
(12, 12)
(12, 11)
(12, 10)
(12, 9)
(12, 8)
(12, 7)
kaikki ok
Reitin pituus: 7
(12, 9)
(12, 8)
(12, 7)
(11, 7)
(10, 7)
(9, 7)
(9, 8)
(9, 9)
kaikki ok
Reitin pituus: 22
(1, 19)
(1, 18)
(1, 17)
(2, 17)
(3, 17)
(4, 17)
(4, 16)
(4, 15)
(4, 14)
(4, 13)
(4, 12)
(4, 11)
(4, 10)
(4, 9)
(4, 8)
(4, 7)
(4, 6)
(4, 5)
(4, 4)
(4, 3)
(5, 3)
(6, 3)
(7, 3)
kaikki ok
Reitin pituus: 13
(1, 4)
(1, 3)
(2, 3)
(3, 3)
(4, 3)
(5, 3)
(6, 3)
(7, 3)
(8, 3)
(9, 3)
(10, 3)
(11, 3)
(12, 3)
(12, 4)
kaikki ok
Reitin pituus: 24
(12, 3)
(13, 3)
(14, 3)
(14, 4)
(14, 5)
(14, 6)
(14, 7)
(14, 8)
(14, 9)
(14, 10)
(14, 11)
(14, 12)
(14, 13)
(14, 14)
(14, 15)
(13, 15)
(12, 15)
(12, 16)
(12, 17)
(11, 17)
(10, 17)
(10, 18)
(10, 19)
(11, 19)
(12, 19)
kaikki ok
Reitin pituus: 6
(9, 3)
(10, 3)
(10, 2)
(10, 1)
(11, 1)
(12, 1)
(13, 1)
kaikki ok
Reitin pituus: 8
(5, 3)
(6, 3)
(6, 4)
(6, 5)
(7, 5)
(8, 5)
(8, 6)
(8, 7)
(9, 7)
kaikki ok
Reitin pituus: 11
(4, 10)
(4, 9)
(5, 9)
(6, 9)
(6, 8)
(6, 7)
(7, 7)
(8, 7)
(9, 7)
(10, 7)
(11, 7)
(12, 7)
kaikki ok
Reitin pituus: 6
(7, 19)
(8, 19)
(9, 19)
(10, 19)
(11, 19)
(12, 19)
(13, 19)
kaikki ok
Reitin pituus: 15
(10, 19)
(10, 18)
(10, 17)
(11, 17)
(12, 17)
(12, 16)
(12, 15)
(11, 15)
(10, 15)
(10, 14)
(10, 13)
(11, 13)
(12, 13)
(12, 12)
(12, 11)
(12, 10)
kaikki ok
Reitin pituus: 16
(1, 14)
(1, 13)
(2, 13)
(3, 13)
(4, 13)
(4, 12)
(4, 11)
(4, 10)
(4, 9)
(4, 8)
(4, 7)
(4, 6)
(4, 5)
(4, 4)
(4, 3)
(4, 2)
(4, 1)
kaikki ok
Reitin pituus: 9
(4, 16)
(4, 15)
(4, 14)
(4, 13)
(4, 12)
(4, 11)
(4, 10)
(4, 9)
(4, 8)
(4, 7)
kaikki ok
Reitin pituus: 15
(14, 11)
(14, 12)
(14, 13)
(13, 13)
(12, 13)
(12, 12)
(12, 11)
(11, 11)
(10, 11)
(9, 11)
(8, 11)
(7, 11)
(6, 11)
(6, 12)
(6, 13)
(5, 13)
kaikki ok
Reitin pituus: 16
(6, 1)
(7, 1)
(8, 1)
(8, 2)
(8, 3)
(7, 3)
(6, 3)
(6, 4)
(6, 5)
(7, 5)
(8, 5)
(8, 6)
(8, 7)
(9, 7)
(9, 8)
(9, 9)
(10, 9)
kaikki ok
Reitin pituus: 18
(17, 14)
(17, 13)
(16, 13)
(15, 13)
(14, 13)
(13, 13)
(12, 13)
(12, 12)
(12, 11)
(12, 10)
(12, 9)
(12, 8)
(12, 7)
(11, 7)
(10, 7)
(9, 7)
(8, 7)
(7, 7)
(6, 7)
kaikki ok
Reitin pituus: 27
(11, 3)
(12, 3)
(13, 3)
(14, 3)
(14, 4)
(14, 5)
(14, 6)
(14, 7)
(14, 8)
(14, 9)
(14, 10)
(14, 11)
(14, 12)
(14, 13)
(14, 14)
(14, 15)
(13, 15)
(12, 15)
(12, 16)
(12, 17)
(11, 17)
(10, 17)
(10, 18)
(10, 19)
(9, 19)
(8, 19)
(7, 19)
(6, 19)
kaikki ok
Reitin pituus: 10
(6, 5)
(6, 4)
(6, 3)
(7, 3)
(8, 3)
(9, 3)
(10, 3)
(11, 3)
(12, 3)
(13, 3)
(14, 3)
kaikki ok
Reitin pituus: 16
(1, 19)
(1, 18)
(1, 17)
(2, 17)
(3, 17)
(4, 17)
(4, 16)
(4, 15)
(4, 14)
(4, 13)
(5, 13)
(6, 13)
(6, 12)
(6, 11)
(7, 11)
(8, 11)
(9, 11)
kaikki ok
Reitin pituus: 2
(9, 3)
(10, 3)
(10, 2)
kaikki ok
Reitin pituus: 15
(6, 16)
(6, 15)
(5, 15)
(4, 15)
(4, 14)
(4, 13)
(4, 12)
(4, 11)
(4, 10)
(4, 9)
(4, 8)
(4, 7)
(4, 6)
(4, 5)
(3, 5)
(2, 5)
kaikki ok
Reitin pituus: 14
(8, 1)
(8, 2)
(8, 3)
(9, 3)
(10, 3)
(11, 3)
(12, 3)
(13, 3)
(14, 3)
(14, 4)
(14, 5)
(14, 6)
(14, 7)
(14, 8)
(14, 9)
kaikki ok
Reitin pituus: 15
(9, 19)
(8, 19)
(8, 18)
(8, 17)
(7, 17)
(6, 17)
(6, 16)
(6, 15)
(5, 15)
(4, 15)
(4, 14)
(4, 13)
(4, 12)
(4, 11)
(4, 10)
(4, 9)
kaikki ok
Reitin pituus: 17
(14, 7)
(14, 8)
(14, 9)
(13, 9)
(12, 9)
(12, 10)
(12, 11)
(12, 12)
(12, 13)
(11, 13)
(10, 13)
(10, 14)
(10, 15)
(9, 15)
(8, 15)
(7, 15)
(6, 15)
(6, 16)
kaikki ok
Reitin pituus: 7
(10, 2)
(10, 3)
(11, 3)
(12, 3)
(13, 3)
(14, 3)
(15, 3)
(16, 3)
kaikki ok
Reitin pituus: 16
(14, 10)
(14, 9)
(13, 9)
(12, 9)
(12, 8)
(12, 7)
(11, 7)
(10, 7)
(9, 7)
(8, 7)
(8, 6)
(8, 5)
(7, 5)
(6, 5)
(6, 4)
(6, 3)
(5, 3)
kaikki ok
Reitin pituus: 7
(11, 3)
(12, 3)
(13, 3)
(14, 3)
(14, 4)
(14, 5)
(15, 5)
(16, 5)
kaikki ok
Reitin pituus: 30
(15, 1)
(14, 1)
(14, 2)
(14, 3)
(14, 4)
(14, 5)
(14, 6)
(14, 7)
(14, 8)
(14, 9)
(14, 10)
(14, 11)
(14, 12)
(14, 13)
(14, 14)
(14, 15)
(13, 15)
(12, 15)
(12, 16)
(12, 17)
(11, 17)
(10, 17)
(10, 18)
(10, 19)
(9, 19)
(8, 19)
(7, 19)
(6, 19)
(5, 19)
(4, 19)
(3, 19)
kaikki ok
Reitin pituus: 24
(15, 1)
(14, 1)
(14, 2)
(14, 3)
(14, 4)
(14, 5)
(14, 6)
(14, 7)
(14, 8)
(14, 9)
(14, 10)
(14, 11)
(14, 12)
(14, 13)
(14, 14)
(14, 15)
(13, 15)
(12, 15)
(12, 16)
(12, 17)
(11, 17)
(10, 17)
(10, 18)
(10, 19)
(11, 19)
kaikki ok
Reitin pituus: 19
(10, 3)
(11, 3)
(12, 3)
(13, 3)
(14, 3)
(14, 4)
(14, 5)
(14, 6)
(14, 7)
(14, 8)
(14, 9)
(14, 10)
(14, 11)
(14, 12)
(14, 13)
(14, 14)
(14, 15)
(14, 16)
(14, 17)
(15, 17)
kaikki ok
Reitin pituus: 24
(5, 15)
(4, 15)
(4, 14)
(4, 13)
(4, 12)
(4, 11)
(4, 10)
(4, 9)
(4, 8)
(4, 7)
(4, 6)
(4, 5)
(4, 4)
(4, 3)
(5, 3)
(6, 3)
(7, 3)
(8, 3)
(9, 3)
(10, 3)
(10, 2)
(10, 1)
(11, 1)
(12, 1)
(13, 1)
kaikki ok
Reitin pituus: 15
(8, 11)
(7, 11)
(6, 11)
(6, 10)
(6, 9)
(5, 9)
(4, 9)
(4, 8)
(4, 7)
(4, 6)
(4, 5)
(4, 4)
(4, 3)
(4, 2)
(4, 1)
(5, 1)
kaikki ok
Reitin pituus: 17
(11, 15)
(12, 15)
(13, 15)
(14, 15)
(14, 14)
(14, 13)
(14, 12)
(14, 11)
(14, 10)
(14, 9)
(14, 8)
(14, 7)
(14, 6)
(14, 5)
(14, 4)
(14, 3)
(14, 2)
(14, 1)
kaikki ok
Reitin pituus: 17
(15, 5)
(14, 5)
(14, 6)
(14, 7)
(14, 8)
(14, 9)
(13, 9)
(12, 9)
(12, 8)
(12, 7)
(11, 7)
(10, 7)
(9, 7)
(8, 7)
(7, 7)
(6, 7)
(6, 8)
(6, 9)
kaikki ok
Reitin pituus: 17
(13, 15)
(14, 15)
(14, 14)
(14, 13)
(14, 12)
(14, 11)
(14, 10)
(14, 9)
(14, 8)
(14, 7)
(14, 6)
(14, 5)
(14, 4)
(14, 3)
(14, 2)
(14, 1)
(15, 1)
(16, 1)
kaikki ok
Reitin pituus: 4
(15, 5)
(14, 5)
(14, 6)
(14, 7)
(14, 8)
kaikki ok
Reitin pituus: 10
(4, 16)
(4, 15)
(5, 15)
(6, 15)
(6, 16)
(6, 17)
(7, 17)
(8, 17)
(8, 18)
(8, 19)
(7, 19)
kaikki ok
Reitin pituus: 9
(10, 5)
(10, 6)
(10, 7)
(9, 7)
(8, 7)
(7, 7)
(6, 7)
(6, 8)
(6, 9)
(5, 9)
kaikki ok
Reitin pituus: 8
(11, 5)
(12, 5)
(12, 4)
(12, 3)
(13, 3)
(14, 3)
(14, 2)
(14, 1)
(13, 1)
kaikki ok
Reitin pituus: 3
(12, 10)
(12, 9)
(12, 8)
(12, 7)
kaikki ok
Reitin pituus: 24
(2, 16)
(2, 17)
(3, 17)
(4, 17)
(4, 16)
(4, 15)
(4, 14)
(4, 13)
(4, 12)
(4, 11)
(4, 10)
(4, 9)
(4, 8)
(4, 7)
(4, 6)
(4, 5)
(4, 4)
(4, 3)
(5, 3)
(6, 3)
(7, 3)
(8, 3)
(9, 3)
(10, 3)
(10, 2)
kaikki ok
Reitin pituus: 9
(13, 19)
(12, 19)
(11, 19)
(10, 19)
(9, 19)
(8, 19)
(8, 18)
(8, 17)
(7, 17)
(6, 17)
kaikki ok
Reitin pituus: 11
(14, 17)
(14, 16)
(14, 15)
(13, 15)
(12, 15)
(12, 16)
(12, 17)
(11, 17)
(10, 17)
(10, 18)
(10, 19)
(9, 19)
kaikki ok
Reitin pituus: 9
(14, 14)
(14, 15)
(13, 15)
(12, 15)
(11, 15)
(10, 15)
(9, 15)
(8, 15)
(8, 14)
(8, 13)
kaikki ok
Reitin pituus: 18
(14, 2)
(14, 3)
(13, 3)
(12, 3)
(11, 3)
(10, 3)
(9, 3)
(8, 3)
(7, 3)
(6, 3)
(5, 3)
(4, 3)
(4, 4)
(4, 5)
(4, 6)
(4, 7)
(4, 8)
(4, 9)
(4, 10)
kaikki ok
Reitin pituus: 21
(12, 19)
(11, 19)
(10, 19)
(9, 19)
(8, 19)
(8, 18)
(8, 17)
(7, 17)
(6, 17)
(6, 16)
(6, 15)
(5, 15)
(4, 15)
(4, 14)
(4, 13)
(4, 12)
(4, 11)
(4, 10)
(4, 9)
(4, 8)
(4, 7)
(4, 6)
kaikki ok
Reitin pituus: 15
(5, 9)
(6, 9)
(6, 10)
(6, 11)
(7, 11)
(8, 11)
(9, 11)
(10, 11)
(11, 11)
(12, 11)
(12, 10)
(12, 9)
(13, 9)
(14, 9)
(14, 8)
(14, 7)
kaikki ok
Reitin pituus: 24
(10, 5)
(10, 6)
(10, 7)
(9, 7)
(8, 7)
(7, 7)
(6, 7)
(6, 8)
(6, 9)
(6, 10)
(6, 11)
(6, 12)
(6, 13)
(5, 13)
(4, 13)
(4, 14)
(4, 15)
(4, 16)
(4, 17)
(3, 17)
(2, 17)
(1, 17)
(1, 18)
(1, 19)
(2, 19)
kaikki ok
Reitin pituus: 19
(10, 9)
(9, 9)
(9, 8)
(9, 7)
(8, 7)
(7, 7)
(6, 7)
(6, 8)
(6, 9)
(6, 10)
(6, 11)
(6, 12)
(6, 13)
(5, 13)
(4, 13)
(4, 14)
(4, 15)
(4, 16)
(4, 17)
(3, 17)
kaikki ok
Reitin pituus: 9
(4, 6)
(4, 7)
(4, 8)
(4, 9)
(5, 9)
(6, 9)
(6, 8)
(6, 7)
(7, 7)
(8, 7)
kaikki ok
Reitin pituus: 21
(3, 5)
(4, 5)
(4, 6)
(4, 7)
(4, 8)
(4, 9)
(5, 9)
(6, 9)
(6, 10)
(6, 11)
(7, 11)
(8, 11)
(9, 11)
(10, 11)
(11, 11)
(12, 11)
(12, 12)
(12, 13)
(13, 13)
(14, 13)
(15, 13)
(16, 13)
kaikki ok
Reitin pituus: 3
(5, 1)
(6, 1)
(7, 1)
(8, 1)
kaikki ok
Reitin pituus: 30
(2, 17)
(3, 17)
(4, 17)
(4, 16)
(4, 15)
(4, 14)
(4, 13)
(4, 12)
(4, 11)
(4, 10)
(4, 9)
(4, 8)
(4, 7)
(4, 6)
(4, 5)
(4, 4)
(4, 3)
(5, 3)
(6, 3)
(7, 3)
(8, 3)
(9, 3)
(10, 3)
(10, 2)
(10, 1)
(11, 1)
(12, 1)
(13, 1)
(14, 1)
(15, 1)
(16, 1)
kaikki ok
Reitin pituus: 11
(10, 19)
(9, 19)
(8, 19)
(7, 19)
(6, 19)
(5, 19)
(4, 19)
(3, 19)
(2, 19)
(1, 19)
(1, 18)
(1, 17)
kaikki ok
Reitin pituus: 26
(16, 13)
(15, 13)
(14, 13)
(14, 12)
(14, 11)
(14, 10)
(14, 9)
(14, 8)
(14, 7)
(14, 6)
(14, 5)
(14, 4)
(14, 3)
(13, 3)
(12, 3)
(11, 3)
(10, 3)
(9, 3)
(8, 3)
(8, 2)
(8, 1)
(7, 1)
(6, 1)
(5, 1)
(4, 1)
(3, 1)
(2, 1)
kaikki ok
Reitin pituus: 8
(7, 17)
(8, 17)
(8, 18)
(8, 19)
(9, 19)
(10, 19)
(11, 19)
(12, 19)
(13, 19)
kaikki ok
Reitin pituus: 21
(4, 9)
(4, 10)
(4, 11)
(4, 12)
(4, 13)
(4, 14)
(4, 15)
(5, 15)
(6, 15)
(6, 16)
(6, 17)
(7, 17)
(8, 17)
(8, 18)
(8, 19)
(9, 19)
(10, 19)
(11, 19)
(12, 19)
(13, 19)
(14, 19)
(15, 19)
kaikki ok
Reitin pituus: 28
(2, 16)
(2, 17)
(3, 17)
(4, 17)
(4, 16)
(4, 15)
(5, 15)
(6, 15)
(7, 15)
(8, 15)
(9, 15)
(10, 15)
(11, 15)
(12, 15)
(13, 15)
(14, 15)
(14, 14)
(14, 13)
(14, 12)
(14, 11)
(14, 10)
(14, 9)
(14, 8)
(14, 7)
(14, 6)
(14, 5)
(14, 4)
(14, 3)
(15, 3)
kaikki ok
Reitin pituus: 10
(6, 1)
(7, 1)
(8, 1)
(8, 2)
(8, 3)
(7, 3)
(6, 3)
(6, 4)
(6, 5)
(7, 5)
(8, 5)
kaikki ok
Reitin pituus: 16
(8, 9)
(9, 9)
(9, 8)
(9, 7)
(8, 7)
(8, 6)
(8, 5)
(7, 5)
(6, 5)
(6, 4)
(6, 3)
(5, 3)
(4, 3)
(4, 2)
(4, 1)
(3, 1)
(2, 1)
kaikki ok
Reitin pituus: 15
(14, 8)
(14, 7)
(14, 6)
(14, 5)
(14, 4)
(14, 3)
(13, 3)
(12, 3)
(11, 3)
(10, 3)
(9, 3)
(8, 3)
(8, 2)
(8, 1)
(7, 1)
(6, 1)
kaikki ok
Reitin pituus: 12
(10, 13)
(10, 14)
(10, 15)
(11, 15)
(12, 15)
(12, 16)
(12, 17)
(11, 17)
(10, 17)
(10, 18)
(10, 19)
(11, 19)
(12, 19)
kaikki ok
Reitin pituus: 19
(1, 1)
(1, 2)
(1, 3)
(2, 3)
(3, 3)
(4, 3)
(5, 3)
(6, 3)
(6, 4)
(6, 5)
(7, 5)
(8, 5)
(8, 6)
(8, 7)
(9, 7)
(10, 7)
(11, 7)
(12, 7)
(12, 8)
(12, 9)
kaikki ok
Reitin pituus: 21
(2, 15)
(2, 16)
(2, 17)
(3, 17)
(4, 17)
(4, 16)
(4, 15)
(5, 15)
(6, 15)
(7, 15)
(8, 15)
(9, 15)
(10, 15)
(11, 15)
(12, 15)
(13, 15)
(14, 15)
(14, 16)
(14, 17)
(15, 17)
(16, 17)
(17, 17)
kaikki ok
Reitin pituus: 20
(2, 15)
(1, 15)
(1, 14)
(1, 13)
(2, 13)
(3, 13)
(4, 13)
(5, 13)
(6, 13)
(6, 12)
(6, 11)
(7, 11)
(8, 11)
(9, 11)
(10, 11)
(11, 11)
(12, 11)
(12, 10)
(12, 9)
(12, 8)
(12, 7)
kaikki ok
Reitin pituus: 7
(10, 3)
(11, 3)
(12, 3)
(13, 3)
(14, 3)
(15, 3)
(16, 3)
(17, 3)
kaikki ok
Reitin pituus: 18
(7, 5)
(8, 5)
(8, 6)
(8, 7)
(9, 7)
(10, 7)
(11, 7)
(12, 7)
(12, 8)
(12, 9)
(12, 10)
(12, 11)
(12, 12)
(12, 13)
(13, 13)
(14, 13)
(14, 14)
(14, 15)
(13, 15)
kaikki ok
Reitin pituus: 21
(16, 1)
(15, 1)
(14, 1)
(14, 2)
(14, 3)
(14, 4)
(14, 5)
(14, 6)
(14, 7)
(14, 8)
(14, 9)
(14, 10)
(14, 11)
(14, 12)
(14, 13)
(14, 14)
(14, 15)
(14, 16)
(14, 17)
(15, 17)
(16, 17)
(17, 17)
kaikki ok
Reitin pituus: 20
(1, 1)
(2, 1)
(3, 1)
(4, 1)
(5, 1)
(6, 1)
(7, 1)
(8, 1)
(8, 2)
(8, 3)
(9, 3)
(10, 3)
(10, 2)
(10, 1)
(11, 1)
(12, 1)
(13, 1)
(14, 1)
(15, 1)
(16, 1)
(17, 1)
kaikki ok
Reitin pituus: 11
(5, 3)
(6, 3)
(6, 4)
(6, 5)
(7, 5)
(8, 5)
(8, 6)
(8, 7)
(9, 7)
(9, 8)
(9, 9)
(8, 9)
kaikki ok
Reitin pituus: 23
(8, 18)
(8, 17)
(7, 17)
(6, 17)
(6, 16)
(6, 15)
(5, 15)
(4, 15)
(4, 14)
(4, 13)
(4, 12)
(4, 11)
(4, 10)
(4, 9)
(5, 9)
(6, 9)
(6, 8)
(6, 7)
(7, 7)
(8, 7)
(9, 7)
(9, 8)
(9, 9)
(10, 9)
kaikki ok
Reitin pituus: 21
(13, 3)
(14, 3)
(14, 4)
(14, 5)
(14, 6)
(14, 7)
(14, 8)
(14, 9)
(14, 10)
(14, 11)
(14, 12)
(14, 13)
(14, 14)
(14, 15)
(13, 15)
(12, 15)
(12, 16)
(12, 17)
(11, 17)
(10, 17)
(10, 18)
(10, 19)
kaikki ok
Reitin pituus: 26
(8, 19)
(9, 19)
(10, 19)
(10, 18)
(10, 17)
(11, 17)
(12, 17)
(12, 16)
(12, 15)
(13, 15)
(14, 15)
(14, 14)
(14, 13)
(14, 12)
(14, 11)
(14, 10)
(14, 9)
(14, 8)
(14, 7)
(14, 6)
(14, 5)
(14, 4)
(14, 3)
(13, 3)
(12, 3)
(11, 3)
(10, 3)
kaikki ok
Reitin pituus: 26
(17, 1)
(17, 2)
(17, 3)
(17, 4)
(17, 5)
(16, 5)
(15, 5)
(14, 5)
(14, 6)
(14, 7)
(14, 8)
(14, 9)
(14, 10)
(14, 11)
(14, 12)
(14, 13)
(14, 14)
(14, 15)
(13, 15)
(12, 15)
(11, 15)
(10, 15)
(9, 15)
(8, 15)
(7, 15)
(6, 15)
(6, 16)
kaikki ok
Reitin pituus: 5
(14, 6)
(14, 5)
(14, 4)
(14, 3)
(15, 3)
(16, 3)
kaikki ok
Reitin pituus: 20
(1, 17)
(2, 17)
(3, 17)
(4, 17)
(4, 16)
(4, 15)
(5, 15)
(6, 15)
(7, 15)
(8, 15)
(9, 15)
(10, 15)
(11, 15)
(12, 15)
(13, 15)
(14, 15)
(14, 14)
(14, 13)
(15, 13)
(16, 13)
(17, 13)
kaikki ok
Reitin pituus: 18
(6, 19)
(7, 19)
(8, 19)
(8, 18)
(8, 17)
(7, 17)
(6, 17)
(6, 16)
(6, 15)
(5, 15)
(4, 15)
(4, 14)
(4, 13)
(4, 12)
(4, 11)
(4, 10)
(4, 9)
(4, 8)
(4, 7)
kaikki ok
Reitin pituus: 5
(12, 15)
(13, 15)
(14, 15)
(14, 14)
(14, 13)
(13, 13)
kaikki ok
Reitin pituus: 15
(1, 14)
(1, 13)
(2, 13)
(3, 13)
(4, 13)
(5, 13)
(6, 13)
(7, 13)
(8, 13)
(8, 14)
(8, 15)
(9, 15)
(10, 15)
(11, 15)
(12, 15)
(12, 16)
kaikki ok
Reitin pituus: 2
(9, 15)
(10, 15)
(10, 14)
kaikki ok
Reitin pituus: 9
(14, 10)
(14, 9)
(13, 9)
(12, 9)
(12, 10)
(12, 11)
(11, 11)
(10, 11)
(9, 11)
(8, 11)
kaikki ok
Reitin pituus: 0
(17, 2)
kaikki ok
Reitin pituus: 11
(13, 15)
(12, 15)
(12, 16)
(12, 17)
(11, 17)
(10, 17)
(10, 18)
(10, 19)
(9, 19)
(8, 19)
(8, 18)
(8, 17)
kaikki ok
Reitin pituus: 12
(8, 1)
(8, 2)
(8, 3)
(9, 3)
(10, 3)
(11, 3)
(12, 3)
(13, 3)
(14, 3)
(14, 4)
(14, 5)
(14, 6)
(14, 7)
kaikki ok
Reitin pituus: 14
(4, 4)
(4, 5)
(4, 6)
(4, 7)
(4, 8)
(4, 9)
(5, 9)
(6, 9)
(6, 10)
(6, 11)
(7, 11)
(8, 11)
(9, 11)
(10, 11)
(11, 11)
kaikki ok
Reitin pituus: 12
(4, 1)
(4, 2)
(4, 3)
(5, 3)
(6, 3)
(6, 4)
(6, 5)
(7, 5)
(8, 5)
(8, 6)
(8, 7)
(7, 7)
(6, 7)
kaikki ok
Reitin pituus: 11
(9, 15)
(8, 15)
(8, 14)
(8, 13)
(7, 13)
(6, 13)
(6, 12)
(6, 11)
(6, 10)
(6, 9)
(6, 8)
(6, 7)
kaikki ok
Reitin pituus: 9
(8, 2)
(8, 3)
(7, 3)
(6, 3)
(5, 3)
(4, 3)
(3, 3)
(2, 3)
(1, 3)
(1, 4)
kaikki ok
Reitin pituus: 6
(8, 5)
(8, 6)
(8, 7)
(7, 7)
(6, 7)
(6, 8)
(6, 9)
kaikki ok
Reitin pituus: 8
(16, 17)
(15, 17)
(14, 17)
(14, 16)
(14, 15)
(14, 14)
(14, 13)
(13, 13)
(12, 13)
kaikki ok
Reitin pituus: 12
(12, 12)
(12, 13)
(11, 13)
(10, 13)
(10, 14)
(10, 15)
(9, 15)
(8, 15)
(7, 15)
(6, 15)
(5, 15)
(4, 15)
(4, 16)
kaikki ok
Reitin pituus: 15
(12, 12)
(12, 11)
(12, 10)
(12, 9)
(13, 9)
(14, 9)
(14, 8)
(14, 7)
(14, 6)
(14, 5)
(14, 4)
(14, 3)
(14, 2)
(14, 1)
(13, 1)
(12, 1)
kaikki ok
Reitin pituus: 11
(6, 9)
(5, 9)
(4, 9)
(4, 10)
(4, 11)
(4, 12)
(4, 13)
(3, 13)
(2, 13)
(1, 13)
(1, 14)
(1, 15)
kaikki ok
Reitin pituus: 12
(8, 2)
(8, 3)
(7, 3)
(6, 3)
(6, 4)
(6, 5)
(7, 5)
(8, 5)
(8, 6)
(8, 7)
(9, 7)
(10, 7)
(11, 7)
kaikki ok
Reitin pituus: 11
(10, 17)
(11, 17)
(12, 17)
(12, 16)
(12, 15)
(13, 15)
(14, 15)
(14, 14)
(14, 13)
(14, 12)
(14, 11)
(14, 10)
kaikki ok
Reitin pituus: 17
(4, 8)
(4, 9)
(4, 10)
(4, 11)
(4, 12)
(4, 13)
(4, 14)
(4, 15)
(5, 15)
(6, 15)
(7, 15)
(8, 15)
(9, 15)
(10, 15)
(11, 15)
(12, 15)
(12, 16)
(12, 17)
kaikki ok
Reitin pituus: 16
(17, 5)
(17, 4)
(17, 3)
(16, 3)
(15, 3)
(14, 3)
(13, 3)
(12, 3)
(11, 3)
(10, 3)
(9, 3)
(8, 3)
(7, 3)
(6, 3)
(5, 3)
(4, 3)
(4, 2)
kaikki ok
Reitin pituus: 19
(1, 14)
(1, 13)
(2, 13)
(3, 13)
(4, 13)
(4, 12)
(4, 11)
(4, 10)
(4, 9)
(4, 8)
(4, 7)
(4, 6)
(4, 5)
(4, 4)
(4, 3)
(3, 3)
(2, 3)
(1, 3)
(1, 2)
(1, 1)
kaikki ok
Reitin pituus: 17
(15, 5)
(14, 5)
(14, 6)
(14, 7)
(14, 8)
(14, 9)
(13, 9)
(12, 9)
(12, 10)
(12, 11)
(12, 12)
(12, 13)
(11, 13)
(10, 13)
(10, 14)
(10, 15)
(9, 15)
(8, 15)
kaikki ok
Reitin pituus: 8
(12, 13)
(12, 12)
(12, 11)
(11, 11)
(10, 11)
(9, 11)
(8, 11)
(7, 11)
(6, 11)
kaikki ok
Reitin pituus: 8
(8, 11)
(7, 11)
(6, 11)
(6, 12)
(6, 13)
(5, 13)
(4, 13)
(4, 12)
(4, 11)
kaikki ok
Reitin pituus: 12
(4, 8)
(4, 7)
(4, 6)
(4, 5)
(4, 4)
(4, 3)
(5, 3)
(6, 3)
(7, 3)
(8, 3)
(9, 3)
(10, 3)
(11, 3)
kaikki ok
Reitin pituus: 7
(10, 7)
(11, 7)
(12, 7)
(12, 8)
(12, 9)
(13, 9)
(14, 9)
(14, 8)
kaikki ok
Reitin pituus: 1
(7, 13)
(6, 13)
kaikki ok
Reitin pituus: 13
(12, 4)
(12, 3)
(11, 3)
(10, 3)
(9, 3)
(8, 3)
(7, 3)
(6, 3)
(5, 3)
(4, 3)
(3, 3)
(2, 3)
(1, 3)
(1, 4)
kaikki ok
Reitin pituus: 6
(8, 5)
(8, 6)
(8, 7)
(9, 7)
(9, 8)
(9, 9)
(10, 9)
kaikki ok
Reitin pituus: 21
(12, 10)
(12, 11)
(12, 12)
(12, 13)
(11, 13)
(10, 13)
(10, 14)
(10, 15)
(9, 15)
(8, 15)
(7, 15)
(6, 15)
(5, 15)
(4, 15)
(4, 16)
(4, 17)
(3, 17)
(2, 17)
(1, 17)
(1, 18)
(1, 19)
(2, 19)
kaikki ok
Reitin pituus: 14
(16, 3)
(15, 3)
(14, 3)
(13, 3)
(12, 3)
(12, 4)
(12, 5)
(11, 5)
(10, 5)
(10, 6)
(10, 7)
(9, 7)
(8, 7)
(7, 7)
(6, 7)
kaikki ok
Reitin pituus: 8
(13, 13)
(14, 13)
(14, 14)
(14, 15)
(13, 15)
(12, 15)
(12, 16)
(12, 17)
(11, 17)
kaikki ok
Reitin pituus: 6
(14, 13)
(13, 13)
(12, 13)
(12, 12)
(12, 11)
(11, 11)
(10, 11)
kaikki ok
Reitin pituus: 18
(2, 3)
(3, 3)
(4, 3)
(4, 4)
(4, 5)
(4, 6)
(4, 7)
(4, 8)
(4, 9)
(4, 10)
(4, 11)
(4, 12)
(4, 13)
(3, 13)
(2, 13)
(1, 13)
(1, 14)
(1, 15)
(2, 15)
kaikki ok
Reitin pituus: 30
(7, 1)
(8, 1)
(8, 2)
(8, 3)
(9, 3)
(10, 3)
(11, 3)
(12, 3)
(13, 3)
(14, 3)
(14, 4)
(14, 5)
(14, 6)
(14, 7)
(14, 8)
(14, 9)
(14, 10)
(14, 11)
(14, 12)
(14, 13)
(14, 14)
(14, 15)
(14, 16)
(14, 17)
(15, 17)
(16, 17)
(17, 17)
(17, 18)
(17, 19)
(16, 19)
(15, 19)
kaikki ok
Reitin pituus: 19
(3, 17)
(4, 17)
(4, 16)
(4, 15)
(5, 15)
(6, 15)
(7, 15)
(8, 15)
(9, 15)
(10, 15)
(10, 14)
(10, 13)
(11, 13)
(12, 13)
(12, 12)
(12, 11)
(12, 10)
(12, 9)
(13, 9)
(14, 9)
kaikki ok
Reitin pituus: 16
(8, 11)
(9, 11)
(10, 11)
(11, 11)
(12, 11)
(12, 10)
(12, 9)
(13, 9)
(14, 9)
(14, 8)
(14, 7)
(14, 6)
(14, 5)
(14, 4)
(14, 3)
(14, 2)
(14, 1)
kaikki ok
Reitin pituus: 17
(9, 15)
(8, 15)
(8, 14)
(8, 13)
(7, 13)
(6, 13)
(6, 12)
(6, 11)
(6, 10)
(6, 9)
(6, 8)
(6, 7)
(7, 7)
(8, 7)
(8, 6)
(8, 5)
(7, 5)
(6, 5)
kaikki ok
Reitin pituus: 20
(14, 11)
(14, 10)
(14, 9)
(14, 8)
(14, 7)
(14, 6)
(14, 5)
(14, 4)
(14, 3)
(13, 3)
(12, 3)
(11, 3)
(10, 3)
(9, 3)
(8, 3)
(7, 3)
(6, 3)
(5, 3)
(4, 3)
(3, 3)
(2, 3)
kaikki ok
Reitin pituus: 23
(4, 14)
(4, 13)
(5, 13)
(6, 13)
(6, 12)
(6, 11)
(7, 11)
(8, 11)
(9, 11)
(10, 11)
(11, 11)
(12, 11)
(12, 10)
(12, 9)
(13, 9)
(14, 9)
(14, 8)
(14, 7)
(14, 6)
(14, 5)
(15, 5)
(16, 5)
(17, 5)
(17, 4)
kaikki ok
Reitin pituus: 23
(13, 1)
(14, 1)
(14, 2)
(14, 3)
(14, 4)
(14, 5)
(14, 6)
(14, 7)
(14, 8)
(14, 9)
(14, 10)
(14, 11)
(14, 12)
(14, 13)
(13, 13)
(12, 13)
(11, 13)
(10, 13)
(10, 14)
(10, 15)
(9, 15)
(8, 15)
(8, 14)
(8, 13)
kaikki ok
Reitin pituus: 15
(7, 3)
(6, 3)
(6, 4)
(6, 5)
(7, 5)
(8, 5)
(8, 6)
(8, 7)
(7, 7)
(6, 7)
(6, 8)
(6, 9)
(6, 10)
(6, 11)
(7, 11)
(8, 11)
kaikki ok
Reitin pituus: 0
(7, 3)
kaikki ok
Reitin pituus: 6
(17, 19)
(17, 18)
(17, 17)
(16, 17)
(16, 16)
(16, 15)
(17, 15)
kaikki ok
Reitin pituus: 15
(9, 8)
(9, 7)
(8, 7)
(7, 7)
(6, 7)
(6, 8)
(6, 9)
(5, 9)
(4, 9)
(4, 10)
(4, 11)
(4, 12)
(4, 13)
(4, 14)
(4, 15)
(4, 16)
kaikki ok
Reitin pituus: 3
(11, 15)
(12, 15)
(13, 15)
(14, 15)
kaikki ok
Reitin pituus: 11
(3, 19)
(2, 19)
(1, 19)
(1, 18)
(1, 17)
(2, 17)
(3, 17)
(4, 17)
(4, 16)
(4, 15)
(4, 14)
(4, 13)
kaikki ok
Reitin pituus: 6
(10, 1)
(10, 2)
(10, 3)
(9, 3)
(8, 3)
(8, 2)
(8, 1)
kaikki ok
Reitin pituus: 6
(4, 10)
(4, 11)
(4, 12)
(4, 13)
(5, 13)
(6, 13)
(6, 12)
kaikki ok
Reitin pituus: 17
(12, 1)
(13, 1)
(14, 1)
(14, 2)
(14, 3)
(14, 4)
(14, 5)
(14, 6)
(14, 7)
(14, 8)
(14, 9)
(14, 10)
(14, 11)
(14, 12)
(14, 13)
(15, 13)
(16, 13)
(17, 13)
kaikki ok
Reitin pituus: 7
(12, 16)
(12, 15)
(13, 15)
(14, 15)
(14, 14)
(14, 13)
(13, 13)
(12, 13)
kaikki ok
Reitin pituus: 11
(14, 8)
(14, 9)
(14, 10)
(14, 11)
(14, 12)
(14, 13)
(15, 13)
(16, 13)
(17, 13)
(17, 14)
(17, 15)
(16, 15)
kaikki ok
Reitin pituus: 19
(2, 19)
(1, 19)
(1, 18)
(1, 17)
(2, 17)
(3, 17)
(4, 17)
(4, 16)
(4, 15)
(4, 14)
(4, 13)
(5, 13)
(6, 13)
(6, 12)
(6, 11)
(7, 11)
(8, 11)
(9, 11)
(10, 11)
(11, 11)
kaikki ok
Reitin pituus: 24
(1, 3)
(2, 3)
(3, 3)
(4, 3)
(4, 4)
(4, 5)
(4, 6)
(4, 7)
(4, 8)
(4, 9)
(4, 10)
(4, 11)
(4, 12)
(4, 13)
(4, 14)
(4, 15)
(4, 16)
(4, 17)
(3, 17)
(2, 17)
(1, 17)
(1, 18)
(1, 19)
(2, 19)
(3, 19)
kaikki ok
Reitin pituus: 14
(15, 3)
(14, 3)
(13, 3)
(12, 3)
(12, 4)
(12, 5)
(11, 5)
(10, 5)
(10, 6)
(10, 7)
(9, 7)
(8, 7)
(7, 7)
(6, 7)
(6, 8)
kaikki ok
Reitin pituus: 8
(7, 19)
(8, 19)
(9, 19)
(10, 19)
(11, 19)
(12, 19)
(13, 19)
(14, 19)
(15, 19)
kaikki ok
Reitin pituus: 9
(3, 13)
(4, 13)
(4, 12)
(4, 11)
(4, 10)
(4, 9)
(4, 8)
(4, 7)
(4, 6)
(4, 5)
kaikki ok
Reitin pituus: 18
(1, 13)
(2, 13)
(3, 13)
(4, 13)
(4, 12)
(4, 11)
(4, 10)
(4, 9)
(4, 8)
(4, 7)
(4, 6)
(4, 5)
(4, 4)
(4, 3)
(5, 3)
(6, 3)
(7, 3)
(8, 3)
(9, 3)
kaikki ok
Reitin pituus: 15
(14, 10)
(14, 11)
(14, 12)
(14, 13)
(14, 14)
(14, 15)
(14, 16)
(14, 17)
(15, 17)
(16, 17)
(17, 17)
(17, 18)
(17, 19)
(16, 19)
(15, 19)
(14, 19)
kaikki ok
Reitin pituus: 20
(6, 10)
(6, 11)
(7, 11)
(8, 11)
(9, 11)
(10, 11)
(11, 11)
(12, 11)
(12, 12)
(12, 13)
(13, 13)
(14, 13)
(14, 14)
(14, 15)
(14, 16)
(14, 17)
(15, 17)
(16, 17)
(17, 17)
(17, 18)
(17, 19)
kaikki ok
Reitin pituus: 28
(14, 19)
(13, 19)
(12, 19)
(11, 19)
(10, 19)
(9, 19)
(8, 19)
(8, 18)
(8, 17)
(7, 17)
(6, 17)
(6, 16)
(6, 15)
(5, 15)
(4, 15)
(4, 14)
(4, 13)
(4, 12)
(4, 11)
(4, 10)
(4, 9)
(4, 8)
(4, 7)
(4, 6)
(4, 5)
(4, 4)
(4, 3)
(5, 3)
(6, 3)
kaikki ok
Reitin pituus: 19
(3, 19)
(4, 19)
(5, 19)
(6, 19)
(7, 19)
(8, 19)
(9, 19)
(10, 19)
(10, 18)
(10, 17)
(11, 17)
(12, 17)
(12, 16)
(12, 15)
(13, 15)
(14, 15)
(14, 14)
(14, 13)
(15, 13)
(16, 13)
kaikki ok
Reitin pituus: 14
(8, 17)
(7, 17)
(6, 17)
(6, 16)
(6, 15)
(5, 15)
(4, 15)
(4, 14)
(4, 13)
(4, 12)
(4, 11)
(4, 10)
(4, 9)
(5, 9)
(6, 9)
kaikki ok
Reitin pituus: 20
(1, 17)
(2, 17)
(3, 17)
(4, 17)
(4, 16)
(4, 15)
(4, 14)
(4, 13)
(4, 12)
(4, 11)
(4, 10)
(4, 9)
(4, 8)
(4, 7)
(4, 6)
(4, 5)
(4, 4)
(4, 3)
(4, 2)
(4, 1)
(5, 1)
kaikki ok
Reitin pituus: 14
(14, 13)
(13, 13)
(12, 13)
(12, 12)
(12, 11)
(12, 10)
(12, 9)
(12, 8)
(12, 7)
(11, 7)
(10, 7)
(9, 7)
(9, 8)
(9, 9)
(8, 9)
kaikki ok
Reitin pituus: 16
(4, 17)
(4, 16)
(4, 15)
(4, 14)
(4, 13)
(4, 12)
(4, 11)
(4, 10)
(4, 9)
(4, 8)
(4, 7)
(4, 6)
(4, 5)
(3, 5)
(2, 5)
(1, 5)
(1, 4)
kaikki ok
Reitin pituus: 9
(14, 12)
(14, 13)
(14, 14)
(14, 15)
(13, 15)
(12, 15)
(12, 16)
(12, 17)
(11, 17)
(10, 17)
kaikki ok
Reitin pituus: 17
(4, 4)
(4, 5)
(4, 6)
(4, 7)
(4, 8)
(4, 9)
(5, 9)
(6, 9)
(6, 10)
(6, 11)
(6, 12)
(6, 13)
(7, 13)
(8, 13)
(8, 14)
(8, 15)
(9, 15)
(10, 15)
kaikki ok
Reitin pituus: 27
(10, 17)
(11, 17)
(12, 17)
(12, 16)
(12, 15)
(11, 15)
(10, 15)
(9, 15)
(8, 15)
(7, 15)
(6, 15)
(5, 15)
(4, 15)
(4, 14)
(4, 13)
(4, 12)
(4, 11)
(4, 10)
(4, 9)
(4, 8)
(4, 7)
(4, 6)
(4, 5)
(4, 4)
(4, 3)
(4, 2)
(4, 1)
(5, 1)
kaikki ok
Reitin pituus: 4
(14, 8)
(14, 9)
(13, 9)
(12, 9)
(12, 8)
kaikki ok
Reitin pituus: 8
(6, 5)
(7, 5)
(8, 5)
(8, 6)
(8, 7)
(9, 7)
(10, 7)
(10, 6)
(10, 5)
kaikki ok
Reitin pituus: 25
(17, 2)
(17, 3)
(17, 4)
(17, 5)
(16, 5)
(15, 5)
(14, 5)
(14, 6)
(14, 7)
(14, 8)
(14, 9)
(14, 10)
(14, 11)
(14, 12)
(14, 13)
(14, 14)
(14, 15)
(13, 15)
(12, 15)
(12, 16)
(12, 17)
(11, 17)
(10, 17)
(10, 18)
(10, 19)
(11, 19)
kaikki ok
Reitin pituus: 12
(3, 19)
(2, 19)
(1, 19)
(1, 18)
(1, 17)
(2, 17)
(2, 16)
(2, 15)
(1, 15)
(1, 14)
(1, 13)
(2, 13)
(3, 13)
kaikki ok
Reitin pituus: 13
(11, 15)
(10, 15)
(9, 15)
(8, 15)
(8, 14)
(8, 13)
(7, 13)
(6, 13)
(6, 12)
(6, 11)
(6, 10)
(6, 9)
(6, 8)
(6, 7)
kaikki ok
Reitin pituus: 2
(10, 1)
(11, 1)
(12, 1)
kaikki ok
Reitin pituus: 4
(4, 1)
(4, 2)
(4, 3)
(3, 3)
(2, 3)
kaikki ok
Reitin pituus: 8
(11, 13)
(12, 13)
(12, 12)
(12, 11)
(11, 11)
(10, 11)
(9, 11)
(8, 11)
(7, 11)
kaikki ok
Reitin pituus: 2
(14, 3)
(13, 3)
(12, 3)
kaikki ok
Reitin pituus: 26
(4, 19)
(3, 19)
(2, 19)
(1, 19)
(1, 18)
(1, 17)
(2, 17)
(3, 17)
(4, 17)
(4, 16)
(4, 15)
(4, 14)
(4, 13)
(4, 12)
(4, 11)
(4, 10)
(4, 9)
(4, 8)
(4, 7)
(4, 6)
(4, 5)
(4, 4)
(4, 3)
(3, 3)
(2, 3)
(1, 3)
(1, 2)
kaikki ok
Reitin pituus: 10
(2, 5)
(3, 5)
(4, 5)
(4, 6)
(4, 7)
(4, 8)
(4, 9)
(4, 10)
(4, 11)
(4, 12)
(4, 13)
kaikki ok
Reitin pituus: 18
(4, 4)
(4, 3)
(5, 3)
(6, 3)
(6, 4)
(6, 5)
(7, 5)
(8, 5)
(8, 6)
(8, 7)
(9, 7)
(10, 7)
(11, 7)
(12, 7)
(12, 8)
(12, 9)
(13, 9)
(14, 9)
(14, 10)
kaikki ok
Reitin pituus: 9
(6, 9)
(5, 9)
(4, 9)
(4, 10)
(4, 11)
(4, 12)
(4, 13)
(4, 14)
(4, 15)
(5, 15)
kaikki ok
Reitin pituus: 8
(7, 5)
(6, 5)
(6, 4)
(6, 3)
(5, 3)
(4, 3)
(4, 2)
(4, 1)
(3, 1)
kaikki ok
Reitin pituus: 14
(14, 1)
(13, 1)
(12, 1)
(11, 1)
(10, 1)
(10, 2)
(10, 3)
(9, 3)
(8, 3)
(8, 2)
(8, 1)
(7, 1)
(6, 1)
(5, 1)
(4, 1)
kaikki ok
Reitin pituus: 19
(6, 12)
(6, 11)
(7, 11)
(8, 11)
(9, 11)
(10, 11)
(11, 11)
(12, 11)
(12, 10)
(12, 9)
(13, 9)
(14, 9)
(14, 8)
(14, 7)
(14, 6)
(14, 5)
(14, 4)
(14, 3)
(15, 3)
(16, 3)
kaikki ok
Reitin pituus: 20
(11, 15)
(12, 15)
(13, 15)
(14, 15)
(14, 14)
(14, 13)
(14, 12)
(14, 11)
(14, 10)
(14, 9)
(14, 8)
(14, 7)
(14, 6)
(14, 5)
(14, 4)
(14, 3)
(15, 3)
(16, 3)
(17, 3)
(17, 2)
(17, 1)
kaikki ok
Reitin pituus: 16
(14, 5)
(14, 6)
(14, 7)
(14, 8)
(14, 9)
(13, 9)
(12, 9)
(12, 10)
(12, 11)
(12, 12)
(12, 13)
(11, 13)
(10, 13)
(10, 14)
(10, 15)
(9, 15)
(8, 15)
kaikki ok
Reitin pituus: 13
(10, 11)
(11, 11)
(12, 11)
(12, 10)
(12, 9)
(13, 9)
(14, 9)
(14, 8)
(14, 7)
(14, 6)
(14, 5)
(14, 4)
(14, 3)
(15, 3)
kaikki ok
Reitin pituus: 11
(16, 19)
(17, 19)
(17, 18)
(17, 17)
(16, 17)
(15, 17)
(14, 17)
(14, 16)
(14, 15)
(14, 14)
(14, 13)
(14, 12)
kaikki ok
Reitin pituus: 14
(8, 14)
(8, 13)
(7, 13)
(6, 13)
(5, 13)
(4, 13)
(4, 12)
(4, 11)
(4, 10)
(4, 9)
(4, 8)
(4, 7)
(4, 6)
(4, 5)
(4, 4)
kaikki ok
Reitin pituus: 2
(14, 13)
(14, 14)
(14, 15)
kaikki ok
Reitin pituus: 23
(13, 19)
(12, 19)
(11, 19)
(10, 19)
(10, 18)
(10, 17)
(11, 17)
(12, 17)
(12, 16)
(12, 15)
(13, 15)
(14, 15)
(14, 14)
(14, 13)
(14, 12)
(14, 11)
(14, 10)
(14, 9)
(13, 9)
(12, 9)
(12, 8)
(12, 7)
(11, 7)
(10, 7)
kaikki ok
Reitin pituus: 12
(8, 18)
(8, 17)
(7, 17)
(6, 17)
(6, 16)
(6, 15)
(7, 15)
(8, 15)
(8, 14)
(8, 13)
(7, 13)
(6, 13)
(6, 12)
kaikki ok
Reitin pituus: 17
(6, 8)
(6, 9)
(6, 10)
(6, 11)
(7, 11)
(8, 11)
(9, 11)
(10, 11)
(11, 11)
(12, 11)
(12, 12)
(12, 13)
(13, 13)
(14, 13)
(15, 13)
(16, 13)
(17, 13)
(17, 14)
kaikki ok
Reitin pituus: 10
(1, 3)
(2, 3)
(3, 3)
(4, 3)
(5, 3)
(6, 3)
(7, 3)
(8, 3)
(9, 3)
(10, 3)
(11, 3)
kaikki ok
Reitin pituus: 21
(9, 15)
(8, 15)
(8, 14)
(8, 13)
(7, 13)
(6, 13)
(6, 12)
(6, 11)
(6, 10)
(6, 9)
(5, 9)
(4, 9)
(4, 8)
(4, 7)
(4, 6)
(4, 5)
(4, 4)
(4, 3)
(3, 3)
(2, 3)
(1, 3)
(1, 2)
kaikki ok
Reitin pituus: 19
(4, 6)
(4, 7)
(4, 8)
(4, 9)
(4, 10)
(4, 11)
(4, 12)
(4, 13)
(5, 13)
(6, 13)
(7, 13)
(8, 13)
(8, 14)
(8, 15)
(9, 15)
(10, 15)
(11, 15)
(12, 15)
(13, 15)
(14, 15)
kaikki ok
Reitin pituus: 16
(10, 11)
(11, 11)
(12, 11)
(12, 10)
(12, 9)
(13, 9)
(14, 9)
(14, 8)
(14, 7)
(14, 6)
(14, 5)
(15, 5)
(16, 5)
(17, 5)
(17, 4)
(17, 3)
(17, 2)
kaikki ok
Reitin pituus: 7
(7, 5)
(8, 5)
(8, 6)
(8, 7)
(9, 7)
(9, 8)
(9, 9)
(8, 9)
kaikki ok
Reitin pituus: 21
(14, 17)
(14, 16)
(14, 15)
(13, 15)
(12, 15)
(11, 15)
(10, 15)
(9, 15)
(8, 15)
(8, 14)
(8, 13)
(7, 13)
(6, 13)
(6, 12)
(6, 11)
(6, 10)
(6, 9)
(5, 9)
(4, 9)
(4, 8)
(4, 7)
(4, 6)
kaikki ok
Reitin pituus: 25
(14, 3)
(14, 4)
(14, 5)
(14, 6)
(14, 7)
(14, 8)
(14, 9)
(14, 10)
(14, 11)
(14, 12)
(14, 13)
(14, 14)
(14, 15)
(13, 15)
(12, 15)
(12, 16)
(12, 17)
(11, 17)
(10, 17)
(10, 18)
(10, 19)
(9, 19)
(8, 19)
(7, 19)
(6, 19)
(5, 19)
kaikki ok
Reitin pituus: 23
(11, 17)
(12, 17)
(12, 16)
(12, 15)
(13, 15)
(14, 15)
(14, 14)
(14, 13)
(14, 12)
(14, 11)
(14, 10)
(14, 9)
(13, 9)
(12, 9)
(12, 8)
(12, 7)
(11, 7)
(10, 7)
(9, 7)
(8, 7)
(8, 6)
(8, 5)
(7, 5)
(6, 5)
kaikki ok
Reitin pituus: 17
(10, 14)
(10, 13)
(11, 13)
(12, 13)
(12, 12)
(12, 11)
(12, 10)
(12, 9)
(12, 8)
(12, 7)
(11, 7)
(10, 7)
(9, 7)
(8, 7)
(8, 6)
(8, 5)
(7, 5)
(6, 5)
kaikki ok
Reitin pituus: 14
(8, 17)
(7, 17)
(6, 17)
(6, 16)
(6, 15)
(5, 15)
(4, 15)
(4, 14)
(4, 13)
(4, 12)
(4, 11)
(4, 10)
(4, 9)
(5, 9)
(6, 9)
kaikki ok
Reitin pituus: 15
(6, 7)
(7, 7)
(8, 7)
(9, 7)
(10, 7)
(11, 7)
(12, 7)
(12, 8)
(12, 9)
(13, 9)
(14, 9)
(14, 10)
(14, 11)
(14, 12)
(14, 13)
(15, 13)
kaikki ok
Reitin pituus: 12
(13, 1)
(12, 1)
(11, 1)
(10, 1)
(10, 2)
(10, 3)
(9, 3)
(8, 3)
(8, 2)
(8, 1)
(7, 1)
(6, 1)
(5, 1)
kaikki ok
Reitin pituus: 6
(4, 16)
(4, 15)
(4, 14)
(4, 13)
(5, 13)
(6, 13)
(6, 12)
kaikki ok
Reitin pituus: 7
(4, 12)
(4, 13)
(4, 14)
(4, 15)
(4, 16)
(4, 17)
(3, 17)
(2, 17)
kaikki ok
Reitin pituus: 19
(17, 17)
(17, 18)
(17, 19)
(16, 19)
(15, 19)
(14, 19)
(13, 19)
(12, 19)
(11, 19)
(10, 19)
(9, 19)
(8, 19)
(7, 19)
(6, 19)
(5, 19)
(4, 19)
(3, 19)
(2, 19)
(1, 19)
(1, 18)
kaikki ok
Reitin pituus: 13
(8, 19)
(8, 18)
(8, 17)
(7, 17)
(6, 17)
(6, 16)
(6, 15)
(5, 15)
(4, 15)
(4, 14)
(4, 13)
(3, 13)
(2, 13)
(1, 13)
kaikki ok
Reitin pituus: 19
(15, 3)
(14, 3)
(13, 3)
(12, 3)
(12, 4)
(12, 5)
(11, 5)
(10, 5)
(10, 6)
(10, 7)
(9, 7)
(8, 7)
(7, 7)
(6, 7)
(6, 8)
(6, 9)
(5, 9)
(4, 9)
(4, 10)
(4, 11)
kaikki ok
Reitin pituus: 19
(12, 1)
(13, 1)
(14, 1)
(14, 2)
(14, 3)
(14, 4)
(14, 5)
(14, 6)
(14, 7)
(14, 8)
(14, 9)
(14, 10)
(14, 11)
(14, 12)
(14, 13)
(15, 13)
(16, 13)
(17, 13)
(17, 14)
(17, 15)
kaikki ok
Reitin pituus: 20
(16, 17)
(15, 17)
(14, 17)
(14, 16)
(14, 15)
(14, 14)
(14, 13)
(14, 12)
(14, 11)
(14, 10)
(14, 9)
(13, 9)
(12, 9)
(12, 8)
(12, 7)
(11, 7)
(10, 7)
(9, 7)
(8, 7)
(7, 7)
(6, 7)
kaikki ok
Reitin pituus: 18
(6, 8)
(6, 9)
(5, 9)
(4, 9)
(4, 10)
(4, 11)
(4, 12)
(4, 13)
(4, 14)
(4, 15)
(4, 16)
(4, 17)
(3, 17)
(2, 17)
(1, 17)
(1, 18)
(1, 19)
(2, 19)
(3, 19)
kaikki ok
Reitin pituus: 25
(8, 19)
(8, 18)
(8, 17)
(7, 17)
(6, 17)
(6, 16)
(6, 15)
(5, 15)
(4, 15)
(4, 14)
(4, 13)
(4, 12)
(4, 11)
(4, 10)
(4, 9)
(4, 8)
(4, 7)
(4, 6)
(4, 5)
(4, 4)
(4, 3)
(5, 3)
(6, 3)
(7, 3)
(8, 3)
(8, 2)
kaikki ok
Reitin pituus: 19
(8, 3)
(7, 3)
(6, 3)
(6, 4)
(6, 5)
(7, 5)
(8, 5)
(8, 6)
(8, 7)
(7, 7)
(6, 7)
(6, 8)
(6, 9)
(6, 10)
(6, 11)
(6, 12)
(6, 13)
(7, 13)
(8, 13)
(8, 14)
kaikki ok
Reitin pituus: 25
(4, 19)
(3, 19)
(2, 19)
(1, 19)
(1, 18)
(1, 17)
(2, 17)
(3, 17)
(4, 17)
(4, 16)
(4, 15)
(4, 14)
(4, 13)
(4, 12)
(4, 11)
(4, 10)
(4, 9)
(4, 8)
(4, 7)
(4, 6)
(4, 5)
(4, 4)
(4, 3)
(3, 3)
(2, 3)
(1, 3)
kaikki ok
Reitin pituus: 27
(4, 5)
(4, 6)
(4, 7)
(4, 8)
(4, 9)
(5, 9)
(6, 9)
(6, 10)
(6, 11)
(6, 12)
(6, 13)
(7, 13)
(8, 13)
(8, 14)
(8, 15)
(9, 15)
(10, 15)
(11, 15)
(12, 15)
(13, 15)
(14, 15)
(14, 16)
(14, 17)
(15, 17)
(16, 17)
(17, 17)
(17, 18)
(17, 19)
kaikki ok
Reitin pituus: 11
(11, 11)
(12, 11)
(12, 10)
(12, 9)
(12, 8)
(12, 7)
(11, 7)
(10, 7)
(9, 7)
(9, 8)
(9, 9)
(10, 9)
kaikki ok
Reitin pituus: 12
(14, 17)
(14, 16)
(14, 15)
(14, 14)
(14, 13)
(14, 12)
(14, 11)
(14, 10)
(14, 9)
(14, 8)
(14, 7)
(14, 6)
(14, 5)
kaikki ok
Reitin pituus: 21
(1, 17)
(2, 17)
(3, 17)
(4, 17)
(4, 16)
(4, 15)
(5, 15)
(6, 15)
(7, 15)
(8, 15)
(9, 15)
(10, 15)
(11, 15)
(12, 15)
(13, 15)
(14, 15)
(14, 14)
(14, 13)
(15, 13)
(16, 13)
(17, 13)
(17, 14)
kaikki ok
Reitin pituus: 15
(4, 1)
(4, 2)
(4, 3)
(5, 3)
(6, 3)
(7, 3)
(8, 3)
(9, 3)
(10, 3)
(11, 3)
(12, 3)
(13, 3)
(14, 3)
(14, 2)
(14, 1)
(15, 1)
kaikki ok
Reitin pituus: 24
(7, 19)
(8, 19)
(8, 18)
(8, 17)
(7, 17)
(6, 17)
(6, 16)
(6, 15)
(5, 15)
(4, 15)
(4, 14)
(4, 13)
(4, 12)
(4, 11)
(4, 10)
(4, 9)
(4, 8)
(4, 7)
(4, 6)
(4, 5)
(3, 5)
(2, 5)
(1, 5)
(1, 4)
(1, 3)
kaikki ok
Reitin pituus: 25
(9, 19)
(10, 19)
(10, 18)
(10, 17)
(11, 17)
(12, 17)
(12, 16)
(12, 15)
(13, 15)
(14, 15)
(14, 14)
(14, 13)
(14, 12)
(14, 11)
(14, 10)
(14, 9)
(14, 8)
(14, 7)
(14, 6)
(14, 5)
(14, 4)
(14, 3)
(13, 3)
(12, 3)
(11, 3)
(10, 3)
kaikki ok
Reitin pituus: 15
(2, 1)
(3, 1)
(4, 1)
(5, 1)
(6, 1)
(7, 1)
(8, 1)
(8, 2)
(8, 3)
(9, 3)
(10, 3)
(10, 2)
(10, 1)
(11, 1)
(12, 1)
(13, 1)
kaikki ok
Reitin pituus: 14
(4, 14)
(4, 15)
(5, 15)
(6, 15)
(7, 15)
(8, 15)
(9, 15)
(10, 15)
(11, 15)
(12, 15)
(13, 15)
(14, 15)
(14, 14)
(14, 13)
(14, 12)
kaikki ok
Reitin pituus: 17
(3, 3)
(4, 3)
(5, 3)
(6, 3)
(7, 3)
(8, 3)
(9, 3)
(10, 3)
(11, 3)
(12, 3)
(13, 3)
(14, 3)
(14, 4)
(14, 5)
(14, 6)
(14, 7)
(14, 8)
(14, 9)
kaikki ok
Reitin pituus: 27
(14, 2)
(14, 3)
(13, 3)
(12, 3)
(12, 4)
(12, 5)
(11, 5)
(10, 5)
(10, 6)
(10, 7)
(9, 7)
(8, 7)
(7, 7)
(6, 7)
(6, 8)
(6, 9)
(6, 10)
(6, 11)
(6, 12)
(6, 13)
(5, 13)
(4, 13)
(4, 14)
(4, 15)
(4, 16)
(4, 17)
(3, 17)
(2, 17)
kaikki ok
Reitin pituus: 14
(10, 17)
(11, 17)
(12, 17)
(12, 16)
(12, 15)
(11, 15)
(10, 15)
(9, 15)
(8, 15)
(7, 15)
(6, 15)
(5, 15)
(4, 15)
(4, 16)
(4, 17)
kaikki ok
Reitin pituus: 8
(4, 12)
(4, 13)
(4, 14)
(4, 15)
(4, 16)
(4, 17)
(3, 17)
(2, 17)
(2, 16)
kaikki ok
Reitin pituus: 17
(12, 19)
(11, 19)
(10, 19)
(9, 19)
(8, 19)
(8, 18)
(8, 17)
(7, 17)
(6, 17)
(6, 16)
(6, 15)
(5, 15)
(4, 15)
(4, 14)
(4, 13)
(5, 13)
(6, 13)
(6, 12)
kaikki ok
Reitin pituus: 16
(4, 8)
(4, 9)
(5, 9)
(6, 9)
(6, 10)
(6, 11)
(7, 11)
(8, 11)
(9, 11)
(10, 11)
(11, 11)
(12, 11)
(12, 12)
(12, 13)
(13, 13)
(14, 13)
(15, 13)
kaikki ok
Reitin pituus: 27
(1, 2)
(1, 3)
(1, 4)
(1, 5)
(2, 5)
(3, 5)
(4, 5)
(4, 6)
(4, 7)
(4, 8)
(4, 9)
(4, 10)
(4, 11)
(4, 12)
(4, 13)
(4, 14)
(4, 15)
(4, 16)
(4, 17)
(3, 17)
(2, 17)
(1, 17)
(1, 18)
(1, 19)
(2, 19)
(3, 19)
(4, 19)
(5, 19)
kaikki ok
Reitin pituus: 12
(4, 1)
(4, 2)
(4, 3)
(5, 3)
(6, 3)
(7, 3)
(8, 3)
(9, 3)
(10, 3)
(10, 2)
(10, 1)
(11, 1)
(12, 1)
kaikki ok
Reitin pituus: 16
(14, 11)
(14, 12)
(14, 13)
(13, 13)
(12, 13)
(11, 13)
(10, 13)
(10, 14)
(10, 15)
(9, 15)
(8, 15)
(7, 15)
(6, 15)
(5, 15)
(4, 15)
(4, 16)
(4, 17)
kaikki ok
Reitin pituus: 17
(10, 17)
(11, 17)
(12, 17)
(12, 16)
(12, 15)
(11, 15)
(10, 15)
(9, 15)
(8, 15)
(8, 14)
(8, 13)
(7, 13)
(6, 13)
(6, 12)
(6, 11)
(6, 10)
(6, 9)
(6, 8)
kaikki ok
Reitin pituus: 24
(7, 17)
(6, 17)
(6, 16)
(6, 15)
(7, 15)
(8, 15)
(9, 15)
(10, 15)
(10, 14)
(10, 13)
(11, 13)
(12, 13)
(12, 12)
(12, 11)
(12, 10)
(12, 9)
(13, 9)
(14, 9)
(14, 8)
(14, 7)
(14, 6)
(14, 5)
(15, 5)
(16, 5)
(17, 5)
kaikki ok
Reitin pituus: 8
(14, 6)
(14, 7)
(14, 8)
(14, 9)
(14, 10)
(14, 11)
(14, 12)
(14, 13)
(14, 14)
kaikki ok
Reitin pituus: 10
(9, 15)
(10, 15)
(11, 15)
(12, 15)
(13, 15)
(14, 15)
(14, 14)
(14, 13)
(15, 13)
(16, 13)
(17, 13)
kaikki ok
Reitin pituus: 19
(4, 14)
(4, 13)
(5, 13)
(6, 13)
(6, 12)
(6, 11)
(7, 11)
(8, 11)
(9, 11)
(10, 11)
(11, 11)
(12, 11)
(12, 10)
(12, 9)
(13, 9)
(14, 9)
(14, 8)
(14, 7)
(14, 6)
(14, 5)
kaikki ok
Reitin pituus: 24
(11, 17)
(12, 17)
(12, 16)
(12, 15)
(13, 15)
(14, 15)
(14, 14)
(14, 13)
(14, 12)
(14, 11)
(14, 10)
(14, 9)
(14, 8)
(14, 7)
(14, 6)
(14, 5)
(14, 4)
(14, 3)
(13, 3)
(12, 3)
(11, 3)
(10, 3)
(9, 3)
(8, 3)
(8, 2)
kaikki ok
Reitin pituus: 19
(2, 1)
(3, 1)
(4, 1)
(4, 2)
(4, 3)
(4, 4)
(4, 5)
(4, 6)
(4, 7)
(4, 8)
(4, 9)
(4, 10)
(4, 11)
(4, 12)
(4, 13)
(4, 14)
(4, 15)
(5, 15)
(6, 15)
(7, 15)
kaikki ok
Reitin pituus: 4
(12, 10)
(12, 11)
(12, 12)
(12, 13)
(11, 13)
kaikki ok
Reitin pituus: 7
(11, 17)
(12, 17)
(12, 16)
(12, 15)
(13, 15)
(14, 15)
(14, 16)
(14, 17)
kaikki ok
Reitin pituus: 4
(6, 3)
(5, 3)
(4, 3)
(4, 2)
(4, 1)
kaikki ok
Reitin pituus: 18
(12, 9)
(12, 8)
(12, 7)
(11, 7)
(10, 7)
(9, 7)
(8, 7)
(8, 6)
(8, 5)
(7, 5)
(6, 5)
(6, 4)
(6, 3)
(5, 3)
(4, 3)
(4, 4)
(4, 5)
(3, 5)
(2, 5)
kaikki ok
Reitin pituus: 11
(5, 19)
(6, 19)
(7, 19)
(8, 19)
(8, 18)
(8, 17)
(7, 17)
(6, 17)
(6, 16)
(6, 15)
(7, 15)
(8, 15)
kaikki ok
Reitin pituus: 0
(17, 13)
kaikki ok
Reitin pituus: 7
(8, 18)
(8, 19)
(9, 19)
(10, 19)
(11, 19)
(12, 19)
(13, 19)
(14, 19)
kaikki ok
Reitin pituus: 0
(10, 17)
kaikki ok
Reitin pituus: 29
(16, 3)
(15, 3)
(14, 3)
(13, 3)
(12, 3)
(12, 4)
(12, 5)
(11, 5)
(10, 5)
(10, 6)
(10, 7)
(9, 7)
(8, 7)
(7, 7)
(6, 7)
(6, 8)
(6, 9)
(5, 9)
(4, 9)
(4, 10)
(4, 11)
(4, 12)
(4, 13)
(3, 13)
(2, 13)
(1, 13)
(1, 14)
(1, 15)
(2, 15)
(2, 16)
kaikki ok
Reitin pituus: 17
(4, 2)
(4, 3)
(5, 3)
(6, 3)
(7, 3)
(8, 3)
(9, 3)
(10, 3)
(11, 3)
(12, 3)
(13, 3)
(14, 3)
(14, 4)
(14, 5)
(14, 6)
(14, 7)
(14, 8)
(14, 9)
kaikki ok
Reitin pituus: 15
(2, 16)
(2, 17)
(3, 17)
(4, 17)
(4, 16)
(4, 15)
(5, 15)
(6, 15)
(7, 15)
(8, 15)
(9, 15)
(10, 15)
(11, 15)
(12, 15)
(13, 15)
(14, 15)
kaikki ok
Reitin pituus: 6
(11, 11)
(12, 11)
(12, 12)
(12, 13)
(13, 13)
(14, 13)
(15, 13)
kaikki ok
Reitin pituus: 17
(13, 9)
(12, 9)
(12, 10)
(12, 11)
(11, 11)
(10, 11)
(9, 11)
(8, 11)
(7, 11)
(6, 11)
(6, 12)
(6, 13)
(5, 13)
(4, 13)
(3, 13)
(2, 13)
(1, 13)
(1, 14)
kaikki ok
Reitin pituus: 9
(6, 12)
(6, 13)
(7, 13)
(8, 13)
(8, 14)
(8, 15)
(9, 15)
(10, 15)
(10, 14)
(10, 13)
kaikki ok
Reitin pituus: 24
(4, 3)
(4, 4)
(4, 5)
(4, 6)
(4, 7)
(4, 8)
(4, 9)
(4, 10)
(4, 11)
(4, 12)
(4, 13)
(4, 14)
(4, 15)
(5, 15)
(6, 15)
(6, 16)
(6, 17)
(7, 17)
(8, 17)
(8, 18)
(8, 19)
(9, 19)
(10, 19)
(11, 19)
(12, 19)
kaikki ok
Reitin pituus: 1
(1, 15)
(1, 14)
kaikki ok
Reitin pituus: 16
(17, 15)
(17, 14)
(17, 13)
(16, 13)
(15, 13)
(14, 13)
(13, 13)
(12, 13)
(12, 12)
(12, 11)
(11, 11)
(10, 11)
(9, 11)
(8, 11)
(7, 11)
(6, 11)
(6, 12)
kaikki ok
Reitin pituus: 13
(14, 12)
(14, 11)
(14, 10)
(14, 9)
(14, 8)
(14, 7)
(14, 6)
(14, 5)
(14, 4)
(14, 3)
(14, 2)
(14, 1)
(15, 1)
(16, 1)
kaikki ok
Reitin pituus: 15
(10, 18)
(10, 19)
(9, 19)
(8, 19)
(8, 18)
(8, 17)
(7, 17)
(6, 17)
(6, 16)
(6, 15)
(5, 15)
(4, 15)
(4, 14)
(4, 13)
(4, 12)
(4, 11)
kaikki ok
Reitin pituus: 1
(2, 16)
(2, 17)
kaikki ok
Reitin pituus: 13
(17, 4)
(17, 3)
(16, 3)
(15, 3)
(14, 3)
(13, 3)
(12, 3)
(11, 3)
(10, 3)
(9, 3)
(8, 3)
(7, 3)
(6, 3)
(5, 3)
kaikki ok
Reitin pituus: 3
(10, 3)
(9, 3)
(8, 3)
(7, 3)
kaikki ok
Reitin pituus: 2
(1, 13)
(1, 14)
(1, 15)
kaikki ok
Reitin pituus: 19
(4, 3)
(5, 3)
(6, 3)
(7, 3)
(8, 3)
(9, 3)
(10, 3)
(11, 3)
(12, 3)
(13, 3)
(14, 3)
(14, 4)
(14, 5)
(14, 6)
(14, 7)
(14, 8)
(14, 9)
(14, 10)
(14, 11)
(14, 12)
kaikki ok
Reitin pituus: 9
(6, 11)
(6, 10)
(6, 9)
(6, 8)
(6, 7)
(7, 7)
(8, 7)
(9, 7)
(9, 8)
(9, 9)
kaikki ok
Reitin pituus: 27
(17, 4)
(17, 5)
(16, 5)
(15, 5)
(14, 5)
(14, 6)
(14, 7)
(14, 8)
(14, 9)
(13, 9)
(12, 9)
(12, 10)
(12, 11)
(12, 12)
(12, 13)
(11, 13)
(10, 13)
(10, 14)
(10, 15)
(9, 15)
(8, 15)
(7, 15)
(6, 15)
(5, 15)
(4, 15)
(4, 16)
(4, 17)
(3, 17)
kaikki ok
Reitin pituus: 22
(1, 14)
(1, 13)
(2, 13)
(3, 13)
(4, 13)
(5, 13)
(6, 13)
(7, 13)
(8, 13)
(8, 14)
(8, 15)
(9, 15)
(10, 15)
(11, 15)
(12, 15)
(13, 15)
(14, 15)
(14, 16)
(14, 17)
(15, 17)
(16, 17)
(17, 17)
(17, 18)
kaikki ok
Reitin pituus: 23
(12, 7)
(12, 8)
(12, 9)
(12, 10)
(12, 11)
(12, 12)
(12, 13)
(11, 13)
(10, 13)
(10, 14)
(10, 15)
(9, 15)
(8, 15)
(7, 15)
(6, 15)
(6, 16)
(6, 17)
(7, 17)
(8, 17)
(8, 18)
(8, 19)
(7, 19)
(6, 19)
(5, 19)
kaikki ok
Reitin pituus: 23
(2, 13)
(3, 13)
(4, 13)
(4, 12)
(4, 11)
(4, 10)
(4, 9)
(4, 8)
(4, 7)
(4, 6)
(4, 5)
(4, 4)
(4, 3)
(5, 3)
(6, 3)
(7, 3)
(8, 3)
(9, 3)
(10, 3)
(10, 2)
(10, 1)
(11, 1)
(12, 1)
(13, 1)
kaikki ok
Reitin pituus: 24
(3, 13)
(4, 13)
(5, 13)
(6, 13)
(6, 12)
(6, 11)
(6, 10)
(6, 9)
(6, 8)
(6, 7)
(7, 7)
(8, 7)
(9, 7)
(10, 7)
(10, 6)
(10, 5)
(11, 5)
(12, 5)
(12, 4)
(12, 3)
(13, 3)
(14, 3)
(15, 3)
(16, 3)
(17, 3)
kaikki ok
Reitin pituus: 18
(1, 4)
(1, 3)
(2, 3)
(3, 3)
(4, 3)
(5, 3)
(6, 3)
(7, 3)
(8, 3)
(9, 3)
(10, 3)
(11, 3)
(12, 3)
(13, 3)
(14, 3)
(15, 3)
(16, 3)
(17, 3)
(17, 4)
kaikki ok
Reitin pituus: 20
(9, 3)
(8, 3)
(7, 3)
(6, 3)
(5, 3)
(4, 3)
(4, 4)
(4, 5)
(4, 6)
(4, 7)
(4, 8)
(4, 9)
(4, 10)
(4, 11)
(4, 12)
(4, 13)
(4, 14)
(4, 15)
(5, 15)
(6, 15)
(6, 16)
kaikki ok
Reitin pituus: 25
(11, 5)
(10, 5)
(10, 6)
(10, 7)
(9, 7)
(8, 7)
(7, 7)
(6, 7)
(6, 8)
(6, 9)
(6, 10)
(6, 11)
(6, 12)
(6, 13)
(7, 13)
(8, 13)
(8, 14)
(8, 15)
(7, 15)
(6, 15)
(6, 16)
(6, 17)
(7, 17)
(8, 17)
(8, 18)
(8, 19)
kaikki ok
Reitin pituus: 21
(10, 18)
(10, 17)
(11, 17)
(12, 17)
(12, 16)
(12, 15)
(13, 15)
(14, 15)
(14, 14)
(14, 13)
(14, 12)
(14, 11)
(14, 10)
(14, 9)
(14, 8)
(14, 7)
(14, 6)
(14, 5)
(14, 4)
(14, 3)
(13, 3)
(12, 3)
kaikki ok
Reitin pituus: 15
(10, 18)
(10, 19)
(9, 19)
(8, 19)
(8, 18)
(8, 17)
(7, 17)
(6, 17)
(6, 16)
(6, 15)
(5, 15)
(4, 15)
(4, 14)
(4, 13)
(3, 13)
(2, 13)
kaikki ok
Reitin pituus: 11
(4, 5)
(4, 6)
(4, 7)
(4, 8)
(4, 9)
(5, 9)
(6, 9)
(6, 10)
(6, 11)
(7, 11)
(8, 11)
(9, 11)
kaikki ok
Reitin pituus: 8
(7, 7)
(6, 7)
(6, 8)
(6, 9)
(5, 9)
(4, 9)
(4, 8)
(4, 7)
(4, 6)
kaikki ok
Reitin pituus: 26
(17, 2)
(17, 3)
(17, 4)
(17, 5)
(16, 5)
(15, 5)
(14, 5)
(14, 6)
(14, 7)
(14, 8)
(14, 9)
(14, 10)
(14, 11)
(14, 12)
(14, 13)
(14, 14)
(14, 15)
(14, 16)
(14, 17)
(15, 17)
(16, 17)
(17, 17)
(17, 18)
(17, 19)
(16, 19)
(15, 19)
(14, 19)
kaikki ok
Reitin pituus: 14
(14, 14)
(14, 13)
(14, 12)
(14, 11)
(14, 10)
(14, 9)
(14, 8)
(14, 7)
(14, 6)
(14, 5)
(14, 4)
(14, 3)
(14, 2)
(14, 1)
(13, 1)
kaikki ok
Reitin pituus: 13
(8, 13)
(8, 14)
(8, 15)
(9, 15)
(10, 15)
(11, 15)
(12, 15)
(13, 15)
(14, 15)
(14, 16)
(14, 17)
(15, 17)
(16, 17)
(17, 17)
kaikki ok
Reitin pituus: 20
(16, 17)
(15, 17)
(14, 17)
(14, 16)
(14, 15)
(13, 15)
(12, 15)
(11, 15)
(10, 15)
(9, 15)
(8, 15)
(8, 14)
(8, 13)
(7, 13)
(6, 13)
(6, 12)
(6, 11)
(6, 10)
(6, 9)
(5, 9)
(4, 9)
kaikki ok
Reitin pituus: 14
(8, 1)
(8, 2)
(8, 3)
(7, 3)
(6, 3)
(6, 4)
(6, 5)
(7, 5)
(8, 5)
(8, 6)
(8, 7)
(7, 7)
(6, 7)
(6, 8)
(6, 9)
kaikki ok
Reitin pituus: 14
(6, 4)
(6, 3)
(7, 3)
(8, 3)
(9, 3)
(10, 3)
(10, 2)
(10, 1)
(11, 1)
(12, 1)
(13, 1)
(14, 1)
(15, 1)
(16, 1)
(17, 1)
kaikki ok
Reitin pituus: 10
(13, 13)
(12, 13)
(12, 12)
(12, 11)
(12, 10)
(12, 9)
(12, 8)
(12, 7)
(11, 7)
(10, 7)
(9, 7)
kaikki ok
Reitin pituus: 19
(16, 1)
(15, 1)
(14, 1)
(14, 2)
(14, 3)
(14, 4)
(14, 5)
(14, 6)
(14, 7)
(14, 8)
(14, 9)
(13, 9)
(12, 9)
(12, 10)
(12, 11)
(11, 11)
(10, 11)
(9, 11)
(8, 11)
(7, 11)
kaikki ok
Reitin pituus: 12
(4, 12)
(4, 13)
(5, 13)
(6, 13)
(6, 12)
(6, 11)
(7, 11)
(8, 11)
(9, 11)
(10, 11)
(11, 11)
(12, 11)
(12, 12)
kaikki ok
Reitin pituus: 24
(16, 19)
(17, 19)
(17, 18)
(17, 17)
(16, 17)
(15, 17)
(14, 17)
(14, 16)
(14, 15)
(14, 14)
(14, 13)
(14, 12)
(14, 11)
(14, 10)
(14, 9)
(14, 8)
(14, 7)
(14, 6)
(14, 5)
(14, 4)
(14, 3)
(15, 3)
(16, 3)
(17, 3)
(17, 2)
kaikki ok
Reitin pituus: 10
(7, 5)
(6, 5)
(6, 4)
(6, 3)
(5, 3)
(4, 3)
(3, 3)
(2, 3)
(1, 3)
(1, 2)
(1, 1)
kaikki ok
Reitin pituus: 9
(14, 16)
(14, 15)
(13, 15)
(12, 15)
(11, 15)
(10, 15)
(9, 15)
(8, 15)
(7, 15)
(6, 15)
kaikki ok
Reitin pituus: 4
(16, 13)
(15, 13)
(14, 13)
(13, 13)
(12, 13)
kaikki ok
Reitin pituus: 23
(17, 14)
(17, 13)
(16, 13)
(15, 13)
(14, 13)
(14, 12)
(14, 11)
(14, 10)
(14, 9)
(14, 8)
(14, 7)
(14, 6)
(14, 5)
(14, 4)
(14, 3)
(13, 3)
(12, 3)
(11, 3)
(10, 3)
(9, 3)
(8, 3)
(7, 3)
(6, 3)
(5, 3)
kaikki ok
Reitin pituus: 2
(2, 16)
(2, 17)
(3, 17)
kaikki ok
Reitin pituus: 13
(12, 7)
(11, 7)
(10, 7)
(9, 7)
(8, 7)
(7, 7)
(6, 7)
(6, 8)
(6, 9)
(5, 9)
(4, 9)
(4, 10)
(4, 11)
(4, 12)
kaikki ok
Reitin pituus: 9
(10, 13)
(11, 13)
(12, 13)
(12, 12)
(12, 11)
(12, 10)
(12, 9)
(12, 8)
(12, 7)
(11, 7)
kaikki ok
Reitin pituus: 9
(10, 5)
(11, 5)
(12, 5)
(12, 4)
(12, 3)
(11, 3)
(10, 3)
(9, 3)
(8, 3)
(8, 2)
kaikki ok
Reitin pituus: 16
(7, 1)
(6, 1)
(5, 1)
(4, 1)
(4, 2)
(4, 3)
(4, 4)
(4, 5)
(4, 6)
(4, 7)
(4, 8)
(4, 9)
(5, 9)
(6, 9)
(6, 10)
(6, 11)
(7, 11)
kaikki ok
Reitin pituus: 10
(4, 4)
(4, 3)
(5, 3)
(6, 3)
(6, 4)
(6, 5)
(7, 5)
(8, 5)
(8, 6)
(8, 7)
(9, 7)
kaikki ok
Reitin pituus: 23
(14, 6)
(14, 7)
(14, 8)
(14, 9)
(13, 9)
(12, 9)
(12, 10)
(12, 11)
(11, 11)
(10, 11)
(9, 11)
(8, 11)
(7, 11)
(6, 11)
(6, 12)
(6, 13)
(5, 13)
(4, 13)
(3, 13)
(2, 13)
(1, 13)
(1, 14)
(1, 15)
(2, 15)
kaikki ok
Reitin pituus: 24
(10, 13)
(10, 14)
(10, 15)
(9, 15)
(8, 15)
(8, 14)
(8, 13)
(7, 13)
(6, 13)
(6, 12)
(6, 11)
(6, 10)
(6, 9)
(5, 9)
(4, 9)
(4, 8)
(4, 7)
(4, 6)
(4, 5)
(3, 5)
(2, 5)
(1, 5)
(1, 4)
(1, 3)
(1, 2)
kaikki ok
Reitin pituus: 10
(5, 13)
(6, 13)
(6, 12)
(6, 11)
(6, 10)
(6, 9)
(6, 8)
(6, 7)
(7, 7)
(8, 7)
(9, 7)
kaikki ok
Reitin pituus: 18
(11, 1)
(12, 1)
(13, 1)
(14, 1)
(14, 2)
(14, 3)
(14, 4)
(14, 5)
(14, 6)
(14, 7)
(14, 8)
(14, 9)
(13, 9)
(12, 9)
(12, 10)
(12, 11)
(11, 11)
(10, 11)
(9, 11)
kaikki ok
Reitin pituus: 25
(17, 19)
(17, 18)
(17, 17)
(16, 17)
(15, 17)
(14, 17)
(14, 16)
(14, 15)
(14, 14)
(14, 13)
(13, 13)
(12, 13)
(12, 12)
(12, 11)
(12, 10)
(12, 9)
(12, 8)
(12, 7)
(11, 7)
(10, 7)
(9, 7)
(8, 7)
(8, 6)
(8, 5)
(7, 5)
(6, 5)
kaikki ok
Reitin pituus: 10
(17, 3)
(16, 3)
(15, 3)
(14, 3)
(14, 4)
(14, 5)
(14, 6)
(14, 7)
(14, 8)
(14, 9)
(13, 9)
kaikki ok
Reitin pituus: 16
(13, 13)
(12, 13)
(12, 12)
(12, 11)
(11, 11)
(10, 11)
(9, 11)
(8, 11)
(7, 11)
(6, 11)
(6, 10)
(6, 9)
(5, 9)
(4, 9)
(4, 8)
(4, 7)
(4, 6)
kaikki ok
Reitin pituus: 22
(11, 15)
(10, 15)
(9, 15)
(8, 15)
(8, 14)
(8, 13)
(7, 13)
(6, 13)
(6, 12)
(6, 11)
(6, 10)
(6, 9)
(5, 9)
(4, 9)
(4, 8)
(4, 7)
(4, 6)
(4, 5)
(4, 4)
(4, 3)
(4, 2)
(4, 1)
(5, 1)
kaikki ok
Reitin pituus: 17
(2, 16)
(2, 17)
(3, 17)
(4, 17)
(4, 16)
(4, 15)
(5, 15)
(6, 15)
(7, 15)
(8, 15)
(9, 15)
(10, 15)
(11, 15)
(12, 15)
(13, 15)
(14, 15)
(14, 16)
(14, 17)
kaikki ok
Reitin pituus: 10
(6, 12)
(6, 11)
(7, 11)
(8, 11)
(9, 11)
(10, 11)
(11, 11)
(12, 11)
(12, 10)
(12, 9)
(13, 9)
kaikki ok
Reitin pituus: 8
(6, 3)
(6, 4)
(6, 5)
(7, 5)
(8, 5)
(8, 6)
(8, 7)
(7, 7)
(6, 7)
kaikki ok
Reitin pituus: 16
(12, 3)
(13, 3)
(14, 3)
(14, 4)
(14, 5)
(14, 6)
(14, 7)
(14, 8)
(14, 9)
(13, 9)
(12, 9)
(12, 10)
(12, 11)
(12, 12)
(12, 13)
(11, 13)
(10, 13)
kaikki ok
Reitin pituus: 21
(7, 17)
(6, 17)
(6, 16)
(6, 15)
(7, 15)
(8, 15)
(9, 15)
(10, 15)
(10, 14)
(10, 13)
(11, 13)
(12, 13)
(12, 12)
(12, 11)
(12, 10)
(12, 9)
(13, 9)
(14, 9)
(14, 8)
(14, 7)
(14, 6)
(14, 5)
kaikki ok
Reitin pituus: 5
(14, 2)
(14, 3)
(15, 3)
(16, 3)
(17, 3)
(17, 4)
kaikki ok
Reitin pituus: 6
(1, 17)
(2, 17)
(2, 16)
(2, 15)
(1, 15)
(1, 14)
(1, 13)
kaikki ok
Reitin pituus: 6
(6, 7)
(6, 8)
(6, 9)
(6, 10)
(6, 11)
(6, 12)
(6, 13)
kaikki ok
Reitin pituus: 17
(6, 15)
(5, 15)
(4, 15)
(4, 14)
(4, 13)
(4, 12)
(4, 11)
(4, 10)
(4, 9)
(4, 8)
(4, 7)
(4, 6)
(4, 5)
(4, 4)
(4, 3)
(4, 2)
(4, 1)
(3, 1)
kaikki ok
Reitin pituus: 8
(4, 17)
(4, 16)
(4, 15)
(5, 15)
(6, 15)
(7, 15)
(8, 15)
(9, 15)
(10, 15)
kaikki ok
Reitin pituus: 4
(7, 13)
(6, 13)
(5, 13)
(4, 13)
(4, 12)
kaikki ok
Reitin pituus: 15
(15, 13)
(14, 13)
(13, 13)
(12, 13)
(12, 12)
(12, 11)
(12, 10)
(12, 9)
(12, 8)
(12, 7)
(11, 7)
(10, 7)
(9, 7)
(9, 8)
(9, 9)
(8, 9)
kaikki ok
Reitin pituus: 4
(4, 16)
(4, 15)
(4, 14)
(4, 13)
(5, 13)
kaikki ok
Reitin pituus: 13
(2, 15)
(1, 15)
(1, 14)
(1, 13)
(2, 13)
(3, 13)
(4, 13)
(5, 13)
(6, 13)
(6, 12)
(6, 11)
(7, 11)
(8, 11)
(9, 11)
kaikki ok
Reitin pituus: 10
(11, 7)
(12, 7)
(12, 8)
(12, 9)
(12, 10)
(12, 11)
(12, 12)
(12, 13)
(11, 13)
(10, 13)
(10, 14)
kaikki ok
Reitin pituus: 10
(8, 14)
(8, 13)
(7, 13)
(6, 13)
(5, 13)
(4, 13)
(3, 13)
(2, 13)
(1, 13)
(1, 14)
(1, 15)
kaikki ok
Reitin pituus: 3
(4, 5)
(3, 5)
(2, 5)
(1, 5)
kaikki ok
Reitin pituus: 19
(3, 1)
(4, 1)
(4, 2)
(4, 3)
(4, 4)
(4, 5)
(4, 6)
(4, 7)
(4, 8)
(4, 9)
(5, 9)
(6, 9)
(6, 10)
(6, 11)
(6, 12)
(6, 13)
(7, 13)
(8, 13)
(8, 14)
(8, 15)
kaikki ok
Reitin pituus: 28
(16, 3)
(15, 3)
(14, 3)
(13, 3)
(12, 3)
(12, 4)
(12, 5)
(11, 5)
(10, 5)
(10, 6)
(10, 7)
(9, 7)
(8, 7)
(7, 7)
(6, 7)
(6, 8)
(6, 9)
(5, 9)
(4, 9)
(4, 10)
(4, 11)
(4, 12)
(4, 13)
(4, 14)
(4, 15)
(4, 16)
(4, 17)
(3, 17)
(2, 17)
kaikki ok
Reitin pituus: 24
(3, 13)
(4, 13)
(5, 13)
(6, 13)
(6, 12)
(6, 11)
(6, 10)
(6, 9)
(6, 8)
(6, 7)
(7, 7)
(8, 7)
(9, 7)
(10, 7)
(10, 6)
(10, 5)
(11, 5)
(12, 5)
(12, 4)
(12, 3)
(13, 3)
(14, 3)
(15, 3)
(16, 3)
(17, 3)
kaikki ok
Reitin pituus: 14
(5, 19)
(6, 19)
(7, 19)
(8, 19)
(9, 19)
(10, 19)
(11, 19)
(12, 19)
(13, 19)
(14, 19)
(15, 19)
(16, 19)
(17, 19)
(17, 18)
(17, 17)
kaikki ok
Reitin pituus: 7
(12, 16)
(12, 15)
(13, 15)
(14, 15)
(14, 14)
(14, 13)
(13, 13)
(12, 13)
kaikki ok
Reitin pituus: 18
(8, 7)
(7, 7)
(6, 7)
(6, 8)
(6, 9)
(5, 9)
(4, 9)
(4, 10)
(4, 11)
(4, 12)
(4, 13)
(4, 14)
(4, 15)
(4, 16)
(4, 17)
(3, 17)
(2, 17)
(1, 17)
(1, 18)
kaikki ok
Reitin pituus: 5
(1, 17)
(2, 17)
(2, 16)
(2, 15)
(1, 15)
(1, 14)
kaikki ok
Reitin pituus: 23
(1, 15)
(2, 15)
(2, 16)
(2, 17)
(3, 17)
(4, 17)
(4, 16)
(4, 15)
(5, 15)
(6, 15)
(7, 15)
(8, 15)
(9, 15)
(10, 15)
(11, 15)
(12, 15)
(13, 15)
(14, 15)
(14, 16)
(14, 17)
(15, 17)
(16, 17)
(17, 17)
(17, 18)
kaikki ok
Reitin pituus: 26
(12, 19)
(11, 19)
(10, 19)
(9, 19)
(8, 19)
(8, 18)
(8, 17)
(7, 17)
(6, 17)
(6, 16)
(6, 15)
(5, 15)
(4, 15)
(4, 14)
(4, 13)
(4, 12)
(4, 11)
(4, 10)
(4, 9)
(4, 8)
(4, 7)
(4, 6)
(4, 5)
(3, 5)
(2, 5)
(1, 5)
(1, 4)
kaikki ok
Reitin pituus: 9
(7, 17)
(6, 17)
(6, 16)
(6, 15)
(5, 15)
(4, 15)
(4, 16)
(4, 17)
(3, 17)
(2, 17)
kaikki ok
Reitin pituus: 11
(10, 5)
(10, 6)
(10, 7)
(9, 7)
(8, 7)
(7, 7)
(6, 7)
(6, 8)
(6, 9)
(5, 9)
(4, 9)
(4, 10)
kaikki ok
Reitin pituus: 13
(6, 1)
(5, 1)
(4, 1)
(4, 2)
(4, 3)
(4, 4)
(4, 5)
(4, 6)
(4, 7)
(4, 8)
(4, 9)
(4, 10)
(4, 11)
(4, 12)
kaikki ok
Reitin pituus: 26
(9, 19)
(8, 19)
(8, 18)
(8, 17)
(7, 17)
(6, 17)
(6, 16)
(6, 15)
(5, 15)
(4, 15)
(4, 14)
(4, 13)
(4, 12)
(4, 11)
(4, 10)
(4, 9)
(4, 8)
(4, 7)
(4, 6)
(4, 5)
(4, 4)
(4, 3)
(4, 2)
(4, 1)
(5, 1)
(6, 1)
(7, 1)
kaikki ok
Reitin pituus: 8
(13, 15)
(14, 15)
(14, 14)
(14, 13)
(14, 12)
(14, 11)
(14, 10)
(14, 9)
(13, 9)
kaikki ok
Reitin pituus: 21
(14, 10)
(14, 11)
(14, 12)
(14, 13)
(14, 14)
(14, 15)
(13, 15)
(12, 15)
(11, 15)
(10, 15)
(9, 15)
(8, 15)
(7, 15)
(6, 15)
(5, 15)
(4, 15)
(4, 16)
(4, 17)
(3, 17)
(2, 17)
(1, 17)
(1, 18)
kaikki ok
Reitin pituus: 23
(6, 19)
(7, 19)
(8, 19)
(8, 18)
(8, 17)
(7, 17)
(6, 17)
(6, 16)
(6, 15)
(5, 15)
(4, 15)
(4, 14)
(4, 13)
(4, 12)
(4, 11)
(4, 10)
(4, 9)
(4, 8)
(4, 7)
(4, 6)
(4, 5)
(4, 4)
(4, 3)
(4, 2)
kaikki ok
Reitin pituus: 15
(12, 13)
(13, 13)
(14, 13)
(14, 12)
(14, 11)
(14, 10)
(14, 9)
(14, 8)
(14, 7)
(14, 6)
(14, 5)
(14, 4)
(14, 3)
(14, 2)
(14, 1)
(15, 1)
kaikki ok
Reitin pituus: 16
(4, 1)
(4, 2)
(4, 3)
(5, 3)
(6, 3)
(6, 4)
(6, 5)
(7, 5)
(8, 5)
(8, 6)
(8, 7)
(9, 7)
(10, 7)
(11, 7)
(12, 7)
(12, 8)
(12, 9)
kaikki ok
Reitin pituus: 22
(1, 14)
(1, 13)
(2, 13)
(3, 13)
(4, 13)
(4, 12)
(4, 11)
(4, 10)
(4, 9)
(4, 8)
(4, 7)
(4, 6)
(4, 5)
(4, 4)
(4, 3)
(5, 3)
(6, 3)
(7, 3)
(8, 3)
(9, 3)
(10, 3)
(11, 3)
(12, 3)
kaikki ok
Reitin pituus: 6
(10, 2)
(10, 3)
(9, 3)
(8, 3)
(7, 3)
(6, 3)
(5, 3)
kaikki ok
Reitin pituus: 13
(2, 17)
(3, 17)
(4, 17)
(4, 16)
(4, 15)
(4, 14)
(4, 13)
(4, 12)
(4, 11)
(4, 10)
(4, 9)
(5, 9)
(6, 9)
(6, 8)
kaikki ok
Reitin pituus: 18
(7, 5)
(8, 5)
(8, 6)
(8, 7)
(9, 7)
(10, 7)
(11, 7)
(12, 7)
(12, 8)
(12, 9)
(12, 10)
(12, 11)
(12, 12)
(12, 13)
(13, 13)
(14, 13)
(14, 14)
(14, 15)
(13, 15)
kaikki ok
Reitin pituus: 19
(12, 16)
(12, 15)
(11, 15)
(10, 15)
(9, 15)
(8, 15)
(8, 14)
(8, 13)
(7, 13)
(6, 13)
(5, 13)
(4, 13)
(4, 12)
(4, 11)
(4, 10)
(4, 9)
(4, 8)
(4, 7)
(4, 6)
(4, 5)
kaikki ok
Reitin pituus: 7
(16, 13)
(15, 13)
(14, 13)
(14, 14)
(14, 15)
(13, 15)
(12, 15)
(11, 15)
kaikki ok
Reitin pituus: 7
(17, 4)
(17, 3)
(16, 3)
(15, 3)
(14, 3)
(13, 3)
(12, 3)
(12, 4)
kaikki ok
Reitin pituus: 18
(15, 19)
(14, 19)
(13, 19)
(12, 19)
(11, 19)
(10, 19)
(9, 19)
(8, 19)
(7, 19)
(6, 19)
(5, 19)
(4, 19)
(3, 19)
(2, 19)
(1, 19)
(1, 18)
(1, 17)
(2, 17)
(2, 16)
kaikki ok
Reitin pituus: 13
(14, 10)
(14, 11)
(14, 12)
(14, 13)
(14, 14)
(14, 15)
(13, 15)
(12, 15)
(12, 16)
(12, 17)
(11, 17)
(10, 17)
(10, 18)
(10, 19)
kaikki ok
Reitin pituus: 30
(13, 19)
(12, 19)
(11, 19)
(10, 19)
(9, 19)
(8, 19)
(8, 18)
(8, 17)
(7, 17)
(6, 17)
(6, 16)
(6, 15)
(5, 15)
(4, 15)
(4, 14)
(4, 13)
(4, 12)
(4, 11)
(4, 10)
(4, 9)
(4, 8)
(4, 7)
(4, 6)
(4, 5)
(4, 4)
(4, 3)
(4, 2)
(4, 1)
(3, 1)
(2, 1)
(1, 1)
kaikki ok
Reitin pituus: 10
(12, 12)
(12, 11)
(11, 11)
(10, 11)
(9, 11)
(8, 11)
(7, 11)
(6, 11)
(6, 12)
(6, 13)
(5, 13)
kaikki ok
Reitin pituus: 11
(4, 9)
(5, 9)
(6, 9)
(6, 10)
(6, 11)
(7, 11)
(8, 11)
(9, 11)
(10, 11)
(11, 11)
(12, 11)
(12, 10)
kaikki ok
Reitin pituus: 10
(12, 9)
(12, 10)
(12, 11)
(11, 11)
(10, 11)
(9, 11)
(8, 11)
(7, 11)
(6, 11)
(6, 12)
(6, 13)
kaikki ok
Reitin pituus: 17
(10, 15)
(9, 15)
(8, 15)
(8, 14)
(8, 13)
(7, 13)
(6, 13)
(6, 12)
(6, 11)
(6, 10)
(6, 9)
(6, 8)
(6, 7)
(7, 7)
(8, 7)
(8, 6)
(8, 5)
(7, 5)
kaikki ok
Reitin pituus: 23
(3, 3)
(4, 3)
(4, 4)
(4, 5)
(4, 6)
(4, 7)
(4, 8)
(4, 9)
(4, 10)
(4, 11)
(4, 12)
(4, 13)
(5, 13)
(6, 13)
(7, 13)
(8, 13)
(8, 14)
(8, 15)
(9, 15)
(10, 15)
(11, 15)
(12, 15)
(12, 16)
(12, 17)
kaikki ok
Reitin pituus: 13
(16, 3)
(15, 3)
(14, 3)
(14, 4)
(14, 5)
(14, 6)
(14, 7)
(14, 8)
(14, 9)
(13, 9)
(12, 9)
(12, 10)
(12, 11)
(11, 11)
kaikki ok
Reitin pituus: 12
(12, 3)
(12, 4)
(12, 5)
(11, 5)
(10, 5)
(10, 6)
(10, 7)
(9, 7)
(8, 7)
(7, 7)
(6, 7)
(6, 8)
(6, 9)
kaikki ok
Reitin pituus: 23
(1, 19)
(1, 18)
(1, 17)
(2, 17)
(3, 17)
(4, 17)
(4, 16)
(4, 15)
(5, 15)
(6, 15)
(7, 15)
(8, 15)
(9, 15)
(10, 15)
(11, 15)
(12, 15)
(13, 15)
(14, 15)
(14, 14)
(14, 13)
(15, 13)
(16, 13)
(17, 13)
(17, 14)
kaikki ok
Reitin pituus: 26
(8, 19)
(9, 19)
(10, 19)
(10, 18)
(10, 17)
(11, 17)
(12, 17)
(12, 16)
(12, 15)
(13, 15)
(14, 15)
(14, 14)
(14, 13)
(14, 12)
(14, 11)
(14, 10)
(14, 9)
(14, 8)
(14, 7)
(14, 6)
(14, 5)
(14, 4)
(14, 3)
(14, 2)
(14, 1)
(13, 1)
(12, 1)
kaikki ok
Reitin pituus: 11
(8, 14)
(8, 15)
(9, 15)
(10, 15)
(10, 14)
(10, 13)
(11, 13)
(12, 13)
(13, 13)
(14, 13)
(14, 12)
(14, 11)
kaikki ok
Reitin pituus: 10
(11, 11)
(12, 11)
(12, 10)
(12, 9)
(12, 8)
(12, 7)
(11, 7)
(10, 7)
(9, 7)
(8, 7)
(7, 7)
kaikki ok
Reitin pituus: 18
(4, 19)
(3, 19)
(2, 19)
(1, 19)
(1, 18)
(1, 17)
(2, 17)
(3, 17)
(4, 17)
(4, 16)
(4, 15)
(4, 14)
(4, 13)
(4, 12)
(4, 11)
(4, 10)
(4, 9)
(4, 8)
(4, 7)
kaikki ok
Reitin pituus: 10
(4, 10)
(4, 9)
(4, 8)
(4, 7)
(4, 6)
(4, 5)
(4, 4)
(4, 3)
(5, 3)
(6, 3)
(7, 3)
kaikki ok
Reitin pituus: 3
(4, 9)
(5, 9)
(6, 9)
(6, 10)
kaikki ok
Reitin pituus: 11
(15, 5)
(14, 5)
(14, 6)
(14, 7)
(14, 8)
(14, 9)
(13, 9)
(12, 9)
(12, 10)
(12, 11)
(11, 11)
(10, 11)
kaikki ok
Reitin pituus: 5
(6, 10)
(6, 9)
(5, 9)
(4, 9)
(4, 8)
(4, 7)
kaikki ok
Reitin pituus: 16
(9, 9)
(9, 8)
(9, 7)
(10, 7)
(11, 7)
(12, 7)
(12, 8)
(12, 9)
(12, 10)
(12, 11)
(12, 12)
(12, 13)
(11, 13)
(10, 13)
(10, 14)
(10, 15)
(11, 15)
kaikki ok
Reitin pituus: 11
(14, 9)
(13, 9)
(12, 9)
(12, 8)
(12, 7)
(11, 7)
(10, 7)
(9, 7)
(8, 7)
(7, 7)
(6, 7)
(6, 8)
kaikki ok
Reitin pituus: 17
(14, 19)
(15, 19)
(16, 19)
(17, 19)
(17, 18)
(17, 17)
(16, 17)
(15, 17)
(14, 17)
(14, 16)
(14, 15)
(14, 14)
(14, 13)
(14, 12)
(14, 11)
(14, 10)
(14, 9)
(13, 9)
kaikki ok
Reitin pituus: 22
(1, 3)
(2, 3)
(3, 3)
(4, 3)
(4, 4)
(4, 5)
(4, 6)
(4, 7)
(4, 8)
(4, 9)
(4, 10)
(4, 11)
(4, 12)
(4, 13)
(4, 14)
(4, 15)
(5, 15)
(6, 15)
(7, 15)
(8, 15)
(9, 15)
(10, 15)
(11, 15)
kaikki ok
Reitin pituus: 10
(10, 19)
(10, 18)
(10, 17)
(11, 17)
(12, 17)
(12, 16)
(12, 15)
(13, 15)
(14, 15)
(14, 16)
(14, 17)
kaikki ok
Reitin pituus: 15
(1, 3)
(2, 3)
(3, 3)
(4, 3)
(5, 3)
(6, 3)
(7, 3)
(8, 3)
(9, 3)
(10, 3)
(11, 3)
(12, 3)
(13, 3)
(14, 3)
(14, 4)
(14, 5)
kaikki ok
Reitin pituus: 12
(10, 1)
(10, 2)
(10, 3)
(11, 3)
(12, 3)
(12, 4)
(12, 5)
(11, 5)
(10, 5)
(10, 6)
(10, 7)
(9, 7)
(9, 8)
kaikki ok
Reitin pituus: 3
(4, 7)
(4, 6)
(4, 5)
(4, 4)
kaikki ok
Reitin pituus: 19
(15, 5)
(14, 5)
(14, 6)
(14, 7)
(14, 8)
(14, 9)
(13, 9)
(12, 9)
(12, 8)
(12, 7)
(11, 7)
(10, 7)
(9, 7)
(8, 7)
(7, 7)
(6, 7)
(6, 8)
(6, 9)
(5, 9)
(4, 9)
kaikki ok
Reitin pituus: 7
(17, 2)
(17, 3)
(16, 3)
(15, 3)
(14, 3)
(13, 3)
(12, 3)
(12, 4)
kaikki ok
Reitin pituus: 19
(13, 13)
(12, 13)
(12, 12)
(12, 11)
(11, 11)
(10, 11)
(9, 11)
(8, 11)
(7, 11)
(6, 11)
(6, 10)
(6, 9)
(5, 9)
(4, 9)
(4, 8)
(4, 7)
(4, 6)
(4, 5)
(3, 5)
(2, 5)
kaikki ok
Reitin pituus: 10
(3, 19)
(4, 19)
(5, 19)
(6, 19)
(7, 19)
(8, 19)
(8, 18)
(8, 17)
(7, 17)
(6, 17)
(6, 16)
kaikki ok
Reitin pituus: 5
(4, 4)
(4, 3)
(5, 3)
(6, 3)
(7, 3)
(8, 3)
kaikki ok
Reitin pituus: 14
(6, 7)
(7, 7)
(8, 7)
(9, 7)
(10, 7)
(11, 7)
(12, 7)
(12, 8)
(12, 9)
(12, 10)
(12, 11)
(12, 12)
(12, 13)
(11, 13)
(10, 13)
kaikki ok
Reitin pituus: 20
(17, 15)
(16, 15)
(16, 16)
(16, 17)
(15, 17)
(14, 17)
(14, 16)
(14, 15)
(13, 15)
(12, 15)
(11, 15)
(10, 15)
(9, 15)
(8, 15)
(7, 15)
(6, 15)
(5, 15)
(4, 15)
(4, 14)
(4, 13)
(4, 12)
kaikki ok
Reitin pituus: 21
(8, 18)
(8, 17)
(7, 17)
(6, 17)
(6, 16)
(6, 15)
(7, 15)
(8, 15)
(9, 15)
(10, 15)
(10, 14)
(10, 13)
(11, 13)
(12, 13)
(12, 12)
(12, 11)
(12, 10)
(12, 9)
(12, 8)
(12, 7)
(11, 7)
(10, 7)
kaikki ok
Reitin pituus: 15
(6, 10)
(6, 9)
(6, 8)
(6, 7)
(7, 7)
(8, 7)
(9, 7)
(10, 7)
(10, 6)
(10, 5)
(11, 5)
(12, 5)
(12, 4)
(12, 3)
(13, 3)
(14, 3)
kaikki ok
Reitin pituus: 8
(5, 15)
(6, 15)
(7, 15)
(8, 15)
(9, 15)
(10, 15)
(11, 15)
(12, 15)
(12, 16)
kaikki ok
Reitin pituus: 11
(10, 19)
(11, 19)
(12, 19)
(13, 19)
(14, 19)
(15, 19)
(16, 19)
(17, 19)
(17, 18)
(17, 17)
(16, 17)
(16, 16)
kaikki ok
Reitin pituus: 26
(1, 17)
(2, 17)
(3, 17)
(4, 17)
(4, 16)
(4, 15)
(5, 15)
(6, 15)
(7, 15)
(8, 15)
(9, 15)
(10, 15)
(10, 14)
(10, 13)
(11, 13)
(12, 13)
(12, 12)
(12, 11)
(12, 10)
(12, 9)
(13, 9)
(14, 9)
(14, 8)
(14, 7)
(14, 6)
(14, 5)
(15, 5)
kaikki ok
Reitin pituus: 12
(2, 19)
(1, 19)
(1, 18)
(1, 17)
(2, 17)
(3, 17)
(4, 17)
(4, 16)
(4, 15)
(4, 14)
(4, 13)
(4, 12)
(4, 11)
kaikki ok
Reitin pituus: 6
(3, 3)
(4, 3)
(5, 3)
(6, 3)
(7, 3)
(8, 3)
(8, 2)
kaikki ok
Reitin pituus: 2
(6, 5)
(6, 4)
(6, 3)
kaikki ok
Reitin pituus: 25
(4, 16)
(4, 15)
(5, 15)
(6, 15)
(7, 15)
(8, 15)
(9, 15)
(10, 15)
(10, 14)
(10, 13)
(11, 13)
(12, 13)
(12, 12)
(12, 11)
(12, 10)
(12, 9)
(13, 9)
(14, 9)
(14, 8)
(14, 7)
(14, 6)
(14, 5)
(14, 4)
(14, 3)
(15, 3)
(16, 3)
kaikki ok
Reitin pituus: 12
(12, 8)
(12, 7)
(11, 7)
(10, 7)
(9, 7)
(8, 7)
(8, 6)
(8, 5)
(7, 5)
(6, 5)
(6, 4)
(6, 3)
(5, 3)
kaikki ok
Reitin pituus: 17
(14, 15)
(13, 15)
(12, 15)
(11, 15)
(10, 15)
(9, 15)
(8, 15)
(7, 15)
(6, 15)
(5, 15)
(4, 15)
(4, 16)
(4, 17)
(3, 17)
(2, 17)
(1, 17)
(1, 18)
(1, 19)
kaikki ok
Reitin pituus: 18
(15, 5)
(14, 5)
(14, 6)
(14, 7)
(14, 8)
(14, 9)
(14, 10)
(14, 11)
(14, 12)
(14, 13)
(14, 14)
(14, 15)
(14, 16)
(14, 17)
(15, 17)
(16, 17)
(17, 17)
(17, 18)
(17, 19)
kaikki ok
Reitin pituus: 9
(12, 12)
(12, 13)
(11, 13)
(10, 13)
(10, 14)
(10, 15)
(9, 15)
(8, 15)
(7, 15)
(6, 15)
kaikki ok
Reitin pituus: 21
(4, 11)
(4, 12)
(4, 13)
(5, 13)
(6, 13)
(7, 13)
(8, 13)
(8, 14)
(8, 15)
(9, 15)
(10, 15)
(11, 15)
(12, 15)
(13, 15)
(14, 15)
(14, 16)
(14, 17)
(15, 17)
(16, 17)
(17, 17)
(17, 18)
(17, 19)
kaikki ok
Reitin pituus: 7
(17, 2)
(17, 3)
(16, 3)
(15, 3)
(14, 3)
(13, 3)
(12, 3)
(12, 4)
kaikki ok
Reitin pituus: 3
(17, 14)
(17, 15)
(16, 15)
(16, 16)
kaikki ok
Reitin pituus: 15
(14, 5)
(14, 6)
(14, 7)
(14, 8)
(14, 9)
(13, 9)
(12, 9)
(12, 10)
(12, 11)
(11, 11)
(10, 11)
(9, 11)
(8, 11)
(7, 11)
(6, 11)
(6, 12)
kaikki ok
Reitin pituus: 20
(2, 15)
(1, 15)
(1, 14)
(1, 13)
(2, 13)
(3, 13)
(4, 13)
(5, 13)
(6, 13)
(6, 12)
(6, 11)
(7, 11)
(8, 11)
(9, 11)
(10, 11)
(11, 11)
(12, 11)
(12, 10)
(12, 9)
(12, 8)
(12, 7)
kaikki ok
Reitin pituus: 10
(5, 3)
(4, 3)
(4, 4)
(4, 5)
(4, 6)
(4, 7)
(4, 8)
(4, 9)
(4, 10)
(4, 11)
(4, 12)
kaikki ok
Reitin pituus: 8
(14, 5)
(14, 6)
(14, 7)
(14, 8)
(14, 9)
(13, 9)
(12, 9)
(12, 8)
(12, 7)
kaikki ok
Reitin pituus: 12
(14, 14)
(14, 15)
(13, 15)
(12, 15)
(11, 15)
(10, 15)
(9, 15)
(8, 15)
(7, 15)
(6, 15)
(5, 15)
(4, 15)
(4, 16)
kaikki ok
Reitin pituus: 8
(4, 6)
(4, 7)
(4, 8)
(4, 9)
(5, 9)
(6, 9)
(6, 10)
(6, 11)
(7, 11)
kaikki ok
Reitin pituus: 15
(7, 7)
(6, 7)
(6, 8)
(6, 9)
(6, 10)
(6, 11)
(6, 12)
(6, 13)
(7, 13)
(8, 13)
(8, 14)
(8, 15)
(9, 15)
(10, 15)
(11, 15)
(12, 15)
kaikki ok
Reitin pituus: 22
(12, 5)
(11, 5)
(10, 5)
(10, 6)
(10, 7)
(9, 7)
(8, 7)
(7, 7)
(6, 7)
(6, 8)
(6, 9)
(6, 10)
(6, 11)
(6, 12)
(6, 13)
(5, 13)
(4, 13)
(4, 14)
(4, 15)
(4, 16)
(4, 17)
(3, 17)
(2, 17)
kaikki ok
Reitin pituus: 25
(7, 19)
(8, 19)
(8, 18)
(8, 17)
(7, 17)
(6, 17)
(6, 16)
(6, 15)
(5, 15)
(4, 15)
(4, 14)
(4, 13)
(4, 12)
(4, 11)
(4, 10)
(4, 9)
(4, 8)
(4, 7)
(4, 6)
(4, 5)
(3, 5)
(2, 5)
(1, 5)
(1, 4)
(1, 3)
(1, 2)
kaikki ok
Reitin pituus: 15
(6, 8)
(6, 7)
(7, 7)
(8, 7)
(9, 7)
(10, 7)
(10, 6)
(10, 5)
(11, 5)
(12, 5)
(12, 4)
(12, 3)
(13, 3)
(14, 3)
(15, 3)
(16, 3)
kaikki ok
Reitin pituus: 4
(12, 4)
(12, 3)
(11, 3)
(10, 3)
(9, 3)
kaikki ok
Reitin pituus: 29
(15, 19)
(14, 19)
(13, 19)
(12, 19)
(11, 19)
(10, 19)
(9, 19)
(8, 19)
(8, 18)
(8, 17)
(7, 17)
(6, 17)
(6, 16)
(6, 15)
(5, 15)
(4, 15)
(4, 14)
(4, 13)
(4, 12)
(4, 11)
(4, 10)
(4, 9)
(4, 8)
(4, 7)
(4, 6)
(4, 5)
(4, 4)
(4, 3)
(3, 3)
(2, 3)
kaikki ok
Reitin pituus: 8
(14, 1)
(13, 1)
(12, 1)
(11, 1)
(10, 1)
(10, 2)
(10, 3)
(9, 3)
(8, 3)
kaikki ok
Reitin pituus: 9
(9, 9)
(9, 8)
(9, 7)
(10, 7)
(11, 7)
(12, 7)
(12, 8)
(12, 9)
(12, 10)
(12, 11)
kaikki ok
Reitin pituus: 17
(14, 12)
(14, 13)
(13, 13)
(12, 13)
(12, 12)
(12, 11)
(11, 11)
(10, 11)
(9, 11)
(8, 11)
(7, 11)
(6, 11)
(6, 10)
(6, 9)
(5, 9)
(4, 9)
(4, 8)
(4, 7)
kaikki ok
Reitin pituus: 25
(8, 1)
(8, 2)
(8, 3)
(9, 3)
(10, 3)
(11, 3)
(12, 3)
(13, 3)
(14, 3)
(14, 4)
(14, 5)
(14, 6)
(14, 7)
(14, 8)
(14, 9)
(14, 10)
(14, 11)
(14, 12)
(14, 13)
(14, 14)
(14, 15)
(13, 15)
(12, 15)
(12, 16)
(12, 17)
(11, 17)
kaikki ok
Reitin pituus: 20
(2, 17)
(3, 17)
(4, 17)
(4, 16)
(4, 15)
(4, 14)
(4, 13)
(4, 12)
(4, 11)
(4, 10)
(4, 9)
(5, 9)
(6, 9)
(6, 8)
(6, 7)
(7, 7)
(8, 7)
(9, 7)
(10, 7)
(10, 6)
(10, 5)
kaikki ok
Reitin pituus: 12
(7, 13)
(8, 13)
(8, 14)
(8, 15)
(7, 15)
(6, 15)
(6, 16)
(6, 17)
(7, 17)
(8, 17)
(8, 18)
(8, 19)
(9, 19)
kaikki ok
Reitin pituus: 15
(10, 19)
(10, 18)
(10, 17)
(11, 17)
(12, 17)
(12, 16)
(12, 15)
(13, 15)
(14, 15)
(14, 14)
(14, 13)
(14, 12)
(14, 11)
(14, 10)
(14, 9)
(14, 8)
kaikki ok
Reitin pituus: 10
(2, 5)
(3, 5)
(4, 5)
(4, 4)
(4, 3)
(5, 3)
(6, 3)
(6, 4)
(6, 5)
(7, 5)
(8, 5)
kaikki ok
Reitin pituus: 15
(13, 15)
(12, 15)
(11, 15)
(10, 15)
(9, 15)
(8, 15)
(7, 15)
(6, 15)
(5, 15)
(4, 15)
(4, 16)
(4, 17)
(3, 17)
(2, 17)
(1, 17)
(1, 18)
kaikki ok
Reitin pituus: 7
(17, 4)
(17, 5)
(16, 5)
(15, 5)
(14, 5)
(14, 6)
(14, 7)
(14, 8)
kaikki ok
Reitin pituus: 11
(2, 5)
(3, 5)
(4, 5)
(4, 6)
(4, 7)
(4, 8)
(4, 9)
(4, 10)
(4, 11)
(4, 12)
(4, 13)
(4, 14)
kaikki ok
Reitin pituus: 18
(5, 19)
(6, 19)
(7, 19)
(8, 19)
(8, 18)
(8, 17)
(7, 17)
(6, 17)
(6, 16)
(6, 15)
(5, 15)
(4, 15)
(4, 14)
(4, 13)
(4, 12)
(4, 11)
(4, 10)
(4, 9)
(4, 8)
kaikki ok
Reitin pituus: 11
(8, 9)
(9, 9)
(9, 8)
(9, 7)
(10, 7)
(10, 6)
(10, 5)
(11, 5)
(12, 5)
(12, 4)
(12, 3)
(13, 3)
kaikki ok
Reitin pituus: 13
(11, 3)
(10, 3)
(9, 3)
(8, 3)
(7, 3)
(6, 3)
(5, 3)
(4, 3)
(4, 4)
(4, 5)
(4, 6)
(4, 7)
(4, 8)
(4, 9)
kaikki ok
Reitin pituus: 18
(16, 16)
(16, 17)
(17, 17)
(17, 18)
(17, 19)
(16, 19)
(15, 19)
(14, 19)
(13, 19)
(12, 19)
(11, 19)
(10, 19)
(9, 19)
(8, 19)
(7, 19)
(6, 19)
(5, 19)
(4, 19)
(3, 19)
kaikki ok
Reitin pituus: 26
(2, 1)
(3, 1)
(4, 1)
(4, 2)
(4, 3)
(5, 3)
(6, 3)
(6, 4)
(6, 5)
(7, 5)
(8, 5)
(8, 6)
(8, 7)
(9, 7)
(10, 7)
(11, 7)
(12, 7)
(12, 8)
(12, 9)
(12, 10)
(12, 11)
(12, 12)
(12, 13)
(13, 13)
(14, 13)
(15, 13)
(16, 13)
kaikki ok
Reitin pituus: 8
(8, 13)
(7, 13)
(6, 13)
(6, 12)
(6, 11)
(7, 11)
(8, 11)
(9, 11)
(10, 11)
kaikki ok
Reitin pituus: 18
(1, 14)
(1, 13)
(2, 13)
(3, 13)
(4, 13)
(4, 12)
(4, 11)
(4, 10)
(4, 9)
(4, 8)
(4, 7)
(4, 6)
(4, 5)
(4, 4)
(4, 3)
(4, 2)
(4, 1)
(3, 1)
(2, 1)
kaikki ok
Reitin pituus: 17
(17, 13)
(16, 13)
(15, 13)
(14, 13)
(13, 13)
(12, 13)
(12, 12)
(12, 11)
(11, 11)
(10, 11)
(9, 11)
(8, 11)
(7, 11)
(6, 11)
(6, 10)
(6, 9)
(5, 9)
(4, 9)
kaikki ok
Reitin pituus: 17
(4, 5)
(4, 4)
(4, 3)
(5, 3)
(6, 3)
(7, 3)
(8, 3)
(9, 3)
(10, 3)
(11, 3)
(12, 3)
(13, 3)
(14, 3)
(15, 3)
(16, 3)
(17, 3)
(17, 4)
(17, 5)
kaikki ok
Reitin pituus: 5
(6, 8)
(6, 9)
(6, 10)
(6, 11)
(6, 12)
(6, 13)
kaikki ok
Reitin pituus: 19
(1, 5)
(1, 4)
(1, 3)
(2, 3)
(3, 3)
(4, 3)
(5, 3)
(6, 3)
(7, 3)
(8, 3)
(9, 3)
(10, 3)
(11, 3)
(12, 3)
(13, 3)
(14, 3)
(15, 3)
(16, 3)
(17, 3)
(17, 4)
kaikki ok
Reitin pituus: 20
(7, 17)
(6, 17)
(6, 16)
(6, 15)
(5, 15)
(4, 15)
(4, 14)
(4, 13)
(4, 12)
(4, 11)
(4, 10)
(4, 9)
(4, 8)
(4, 7)
(4, 6)
(4, 5)
(4, 4)
(4, 3)
(4, 2)
(4, 1)
(3, 1)
kaikki ok
Reitin pituus: 21
(6, 17)
(6, 16)
(6, 15)
(7, 15)
(8, 15)
(9, 15)
(10, 15)
(10, 14)
(10, 13)
(11, 13)
(12, 13)
(12, 12)
(12, 11)
(12, 10)
(12, 9)
(13, 9)
(14, 9)
(14, 8)
(14, 7)
(14, 6)
(14, 5)
(14, 4)
kaikki ok
Reitin pituus: 21
(2, 16)
(2, 17)
(3, 17)
(4, 17)
(4, 16)
(4, 15)
(4, 14)
(4, 13)
(4, 12)
(4, 11)
(4, 10)
(4, 9)
(4, 8)
(4, 7)
(4, 6)
(4, 5)
(4, 4)
(4, 3)
(4, 2)
(4, 1)
(3, 1)
(2, 1)
kaikki ok
Reitin pituus: 20
(7, 13)
(6, 13)
(6, 12)
(6, 11)
(7, 11)
(8, 11)
(9, 11)
(10, 11)
(11, 11)
(12, 11)
(12, 10)
(12, 9)
(13, 9)
(14, 9)
(14, 8)
(14, 7)
(14, 6)
(14, 5)
(15, 5)
(16, 5)
(17, 5)
kaikki ok
Reitin pituus: 18
(13, 1)
(14, 1)
(14, 2)
(14, 3)
(13, 3)
(12, 3)
(12, 4)
(12, 5)
(11, 5)
(10, 5)
(10, 6)
(10, 7)
(9, 7)
(8, 7)
(7, 7)
(6, 7)
(6, 8)
(6, 9)
(5, 9)
kaikki ok
Reitin pituus: 16
(9, 11)
(10, 11)
(11, 11)
(12, 11)
(12, 10)
(12, 9)
(13, 9)
(14, 9)
(14, 8)
(14, 7)
(14, 6)
(14, 5)
(14, 4)
(14, 3)
(14, 2)
(14, 1)
(13, 1)
kaikki ok
Reitin pituus: 20
(2, 1)
(3, 1)
(4, 1)
(4, 2)
(4, 3)
(4, 4)
(4, 5)
(4, 6)
(4, 7)
(4, 8)
(4, 9)
(4, 10)
(4, 11)
(4, 12)
(4, 13)
(3, 13)
(2, 13)
(1, 13)
(1, 14)
(1, 15)
(2, 15)
kaikki ok
Reitin pituus: 11
(12, 15)
(11, 15)
(10, 15)
(9, 15)
(8, 15)
(7, 15)
(6, 15)
(5, 15)
(4, 15)
(4, 14)
(4, 13)
(3, 13)
kaikki ok
Reitin pituus: 8
(10, 11)
(11, 11)
(12, 11)
(12, 10)
(12, 9)
(13, 9)
(14, 9)
(14, 8)
(14, 7)
kaikki ok
Reitin pituus: 25
(7, 3)
(8, 3)
(9, 3)
(10, 3)
(11, 3)
(12, 3)
(13, 3)
(14, 3)
(14, 4)
(14, 5)
(14, 6)
(14, 7)
(14, 8)
(14, 9)
(14, 10)
(14, 11)
(14, 12)
(14, 13)
(14, 14)
(14, 15)
(14, 16)
(14, 17)
(15, 17)
(16, 17)
(17, 17)
(17, 18)
kaikki ok
Reitin pituus: 21
(14, 10)
(14, 9)
(13, 9)
(12, 9)
(12, 8)
(12, 7)
(11, 7)
(10, 7)
(9, 7)
(8, 7)
(8, 6)
(8, 5)
(7, 5)
(6, 5)
(6, 4)
(6, 3)
(5, 3)
(4, 3)
(3, 3)
(2, 3)
(1, 3)
(1, 2)
kaikki ok
Reitin pituus: 19
(6, 17)
(6, 16)
(6, 15)
(5, 15)
(4, 15)
(4, 14)
(4, 13)
(4, 12)
(4, 11)
(4, 10)
(4, 9)
(4, 8)
(4, 7)
(4, 6)
(4, 5)
(4, 4)
(4, 3)
(5, 3)
(6, 3)
(6, 4)
kaikki ok
Reitin pituus: 14
(10, 14)
(10, 15)
(9, 15)
(8, 15)
(7, 15)
(6, 15)
(5, 15)
(4, 15)
(4, 14)
(4, 13)
(4, 12)
(4, 11)
(4, 10)
(4, 9)
(4, 8)
kaikki ok
Reitin pituus: 16
(17, 3)
(16, 3)
(15, 3)
(14, 3)
(13, 3)
(12, 3)
(12, 4)
(12, 5)
(11, 5)
(10, 5)
(10, 6)
(10, 7)
(9, 7)
(8, 7)
(7, 7)
(6, 7)
(6, 8)
kaikki ok
Reitin pituus: 9
(4, 11)
(4, 10)
(4, 9)
(4, 8)
(4, 7)
(4, 6)
(4, 5)
(3, 5)
(2, 5)
(1, 5)
kaikki ok
Reitin pituus: 30
(1, 2)
(1, 3)
(2, 3)
(3, 3)
(4, 3)
(5, 3)
(6, 3)
(6, 4)
(6, 5)
(7, 5)
(8, 5)
(8, 6)
(8, 7)
(9, 7)
(10, 7)
(11, 7)
(12, 7)
(12, 8)
(12, 9)
(12, 10)
(12, 11)
(12, 12)
(12, 13)
(13, 13)
(14, 13)
(15, 13)
(16, 13)
(17, 13)
(17, 14)
(17, 15)
(16, 15)
kaikki ok
Reitin pituus: 18
(8, 2)
(8, 3)
(7, 3)
(6, 3)
(6, 4)
(6, 5)
(7, 5)
(8, 5)
(8, 6)
(8, 7)
(9, 7)
(10, 7)
(11, 7)
(12, 7)
(12, 8)
(12, 9)
(12, 10)
(12, 11)
(11, 11)
kaikki ok
Reitin pituus: 8
(6, 8)
(6, 9)
(5, 9)
(4, 9)
(4, 8)
(4, 7)
(4, 6)
(4, 5)
(4, 4)
kaikki ok
Reitin pituus: 14
(1, 14)
(1, 13)
(2, 13)
(3, 13)
(4, 13)
(5, 13)
(6, 13)
(7, 13)
(8, 13)
(8, 14)
(8, 15)
(9, 15)
(10, 15)
(11, 15)
(12, 15)
kaikki ok
Reitin pituus: 25
(4, 6)
(4, 7)
(4, 8)
(4, 9)
(4, 10)
(4, 11)
(4, 12)
(4, 13)
(4, 14)
(4, 15)
(5, 15)
(6, 15)
(6, 16)
(6, 17)
(7, 17)
(8, 17)
(8, 18)
(8, 19)
(9, 19)
(10, 19)
(11, 19)
(12, 19)
(13, 19)
(14, 19)
(15, 19)
(16, 19)
kaikki ok
Reitin pituus: 16
(12, 4)
(12, 5)
(11, 5)
(10, 5)
(10, 6)
(10, 7)
(11, 7)
(12, 7)
(12, 8)
(12, 9)
(12, 10)
(12, 11)
(12, 12)
(12, 13)
(11, 13)
(10, 13)
(10, 14)
kaikki ok
Reitin pituus: 21
(4, 9)
(4, 10)
(4, 11)
(4, 12)
(4, 13)
(4, 14)
(4, 15)
(5, 15)
(6, 15)
(6, 16)
(6, 17)
(7, 17)
(8, 17)
(8, 18)
(8, 19)
(9, 19)
(10, 19)
(11, 19)
(12, 19)
(13, 19)
(14, 19)
(15, 19)
kaikki ok
Reitin pituus: 18
(2, 15)
(1, 15)
(1, 14)
(1, 13)
(2, 13)
(3, 13)
(4, 13)
(4, 12)
(4, 11)
(4, 10)
(4, 9)
(4, 8)
(4, 7)
(4, 6)
(4, 5)
(3, 5)
(2, 5)
(1, 5)
(1, 4)
kaikki ok
Reitin pituus: 2
(4, 11)
(4, 12)
(4, 13)
kaikki ok
Reitin pituus: 10
(4, 6)
(4, 7)
(4, 8)
(4, 9)
(4, 10)
(4, 11)
(4, 12)
(4, 13)
(3, 13)
(2, 13)
(1, 13)
kaikki ok
Reitin pituus: 17
(17, 14)
(17, 13)
(16, 13)
(15, 13)
(14, 13)
(14, 14)
(14, 15)
(13, 15)
(12, 15)
(12, 16)
(12, 17)
(11, 17)
(10, 17)
(10, 18)
(10, 19)
(9, 19)
(8, 19)
(8, 18)
kaikki ok
Reitin pituus: 10
(3, 3)
(4, 3)
(5, 3)
(6, 3)
(6, 4)
(6, 5)
(7, 5)
(8, 5)
(8, 6)
(8, 7)
(7, 7)
kaikki ok
Reitin pituus: 10
(7, 11)
(6, 11)
(6, 12)
(6, 13)
(5, 13)
(4, 13)
(4, 14)
(4, 15)
(4, 16)
(4, 17)
(3, 17)
kaikki ok
Reitin pituus: 15
(15, 3)
(14, 3)
(14, 4)
(14, 5)
(14, 6)
(14, 7)
(14, 8)
(14, 9)
(14, 10)
(14, 11)
(14, 12)
(14, 13)
(14, 14)
(14, 15)
(14, 16)
(14, 17)
kaikki ok
Reitin pituus: 3
(17, 2)
(17, 1)
(16, 1)
(15, 1)
kaikki ok
Reitin pituus: 7
(8, 17)
(7, 17)
(6, 17)
(6, 16)
(6, 15)
(7, 15)
(8, 15)
(8, 14)
kaikki ok
Reitin pituus: 11
(13, 19)
(12, 19)
(11, 19)
(10, 19)
(10, 18)
(10, 17)
(11, 17)
(12, 17)
(12, 16)
(12, 15)
(11, 15)
(10, 15)
kaikki ok
Reitin pituus: 25
(6, 5)
(7, 5)
(8, 5)
(8, 6)
(8, 7)
(9, 7)
(10, 7)
(11, 7)
(12, 7)
(12, 8)
(12, 9)
(13, 9)
(14, 9)
(14, 10)
(14, 11)
(14, 12)
(14, 13)
(14, 14)
(14, 15)
(14, 16)
(14, 17)
(15, 17)
(16, 17)
(17, 17)
(17, 18)
(17, 19)
kaikki ok
Reitin pituus: 22
(17, 15)
(16, 15)
(16, 16)
(16, 17)
(15, 17)
(14, 17)
(14, 16)
(14, 15)
(13, 15)
(12, 15)
(11, 15)
(10, 15)
(9, 15)
(8, 15)
(7, 15)
(6, 15)
(5, 15)
(4, 15)
(4, 14)
(4, 13)
(3, 13)
(2, 13)
(1, 13)
kaikki ok
Reitin pituus: 30
(2, 1)
(3, 1)
(4, 1)
(4, 2)
(4, 3)
(5, 3)
(6, 3)
(6, 4)
(6, 5)
(7, 5)
(8, 5)
(8, 6)
(8, 7)
(9, 7)
(10, 7)
(11, 7)
(12, 7)
(12, 8)
(12, 9)
(12, 10)
(12, 11)
(12, 12)
(12, 13)
(13, 13)
(14, 13)
(15, 13)
(16, 13)
(17, 13)
(17, 14)
(17, 15)
(16, 15)
kaikki ok
Reitin pituus: 8
(12, 19)
(11, 19)
(10, 19)
(9, 19)
(8, 19)
(7, 19)
(6, 19)
(5, 19)
(4, 19)
kaikki ok
Reitin pituus: 26
(5, 1)
(4, 1)
(4, 2)
(4, 3)
(4, 4)
(4, 5)
(4, 6)
(4, 7)
(4, 8)
(4, 9)
(4, 10)
(4, 11)
(4, 12)
(4, 13)
(4, 14)
(4, 15)
(5, 15)
(6, 15)
(6, 16)
(6, 17)
(7, 17)
(8, 17)
(8, 18)
(8, 19)
(9, 19)
(10, 19)
(11, 19)
kaikki ok
Reitin pituus: 15
(9, 11)
(8, 11)
(7, 11)
(6, 11)
(6, 12)
(6, 13)
(5, 13)
(4, 13)
(4, 14)
(4, 15)
(4, 16)
(4, 17)
(3, 17)
(2, 17)
(1, 17)
(1, 18)
kaikki ok
Reitin pituus: 28
(16, 15)
(17, 15)
(17, 14)
(17, 13)
(16, 13)
(15, 13)
(14, 13)
(13, 13)
(12, 13)
(12, 12)
(12, 11)
(11, 11)
(10, 11)
(9, 11)
(8, 11)
(7, 11)
(6, 11)
(6, 10)
(6, 9)
(5, 9)
(4, 9)
(4, 8)
(4, 7)
(4, 6)
(4, 5)
(4, 4)
(4, 3)
(4, 2)
(4, 1)
kaikki ok
Reitin pituus: 5
(3, 3)
(4, 3)
(5, 3)
(6, 3)
(7, 3)
(8, 3)
kaikki ok
Reitin pituus: 25
(6, 4)
(6, 3)
(5, 3)
(4, 3)
(4, 4)
(4, 5)
(4, 6)
(4, 7)
(4, 8)
(4, 9)
(4, 10)
(4, 11)
(4, 12)
(4, 13)
(4, 14)
(4, 15)
(5, 15)
(6, 15)
(6, 16)
(6, 17)
(7, 17)
(8, 17)
(8, 18)
(8, 19)
(9, 19)
(10, 19)
kaikki ok
Reitin pituus: 28
(5, 1)
(4, 1)
(4, 2)
(4, 3)
(4, 4)
(4, 5)
(4, 6)
(4, 7)
(4, 8)
(4, 9)
(4, 10)
(4, 11)
(4, 12)
(4, 13)
(4, 14)
(4, 15)
(5, 15)
(6, 15)
(6, 16)
(6, 17)
(7, 17)
(8, 17)
(8, 18)
(8, 19)
(9, 19)
(10, 19)
(11, 19)
(12, 19)
(13, 19)
kaikki ok
Reitin pituus: 15
(17, 13)
(16, 13)
(15, 13)
(14, 13)
(14, 12)
(14, 11)
(14, 10)
(14, 9)
(14, 8)
(14, 7)
(14, 6)
(14, 5)
(14, 4)
(14, 3)
(15, 3)
(16, 3)
kaikki ok
Reitin pituus: 14
(6, 13)
(6, 12)
(6, 11)
(7, 11)
(8, 11)
(9, 11)
(10, 11)
(11, 11)
(12, 11)
(12, 10)
(12, 9)
(13, 9)
(14, 9)
(14, 10)
(14, 11)
kaikki ok
Reitin pituus: 7
(8, 5)
(8, 6)
(8, 7)
(7, 7)
(6, 7)
(6, 8)
(6, 9)
(5, 9)
kaikki ok
Reitin pituus: 22
(1, 18)
(1, 17)
(2, 17)
(3, 17)
(4, 17)
(4, 16)
(4, 15)
(4, 14)
(4, 13)
(4, 12)
(4, 11)
(4, 10)
(4, 9)
(4, 8)
(4, 7)
(4, 6)
(4, 5)
(4, 4)
(4, 3)
(3, 3)
(2, 3)
(1, 3)
(1, 2)
kaikki ok
Reitin pituus: 10
(4, 7)
(4, 6)
(4, 5)
(4, 4)
(4, 3)
(5, 3)
(6, 3)
(7, 3)
(8, 3)
(8, 2)
(8, 1)
kaikki ok
Reitin pituus: 10
(3, 5)
(4, 5)
(4, 4)
(4, 3)
(5, 3)
(6, 3)
(7, 3)
(8, 3)
(9, 3)
(10, 3)
(10, 2)
kaikki ok
Reitin pituus: 12
(10, 19)
(10, 18)
(10, 17)
(11, 17)
(12, 17)
(12, 16)
(12, 15)
(13, 15)
(14, 15)
(14, 14)
(14, 13)
(14, 12)
(14, 11)
kaikki ok
Reitin pituus: 12
(11, 7)
(10, 7)
(9, 7)
(8, 7)
(8, 6)
(8, 5)
(7, 5)
(6, 5)
(6, 4)
(6, 3)
(7, 3)
(8, 3)
(8, 2)
kaikki ok
Reitin pituus: 16
(13, 9)
(14, 9)
(14, 10)
(14, 11)
(14, 12)
(14, 13)
(14, 14)
(14, 15)
(13, 15)
(12, 15)
(12, 16)
(12, 17)
(11, 17)
(10, 17)
(10, 18)
(10, 19)
(11, 19)
kaikki ok
Reitin pituus: 7
(17, 15)
(17, 14)
(17, 13)
(16, 13)
(15, 13)
(14, 13)
(14, 12)
(14, 11)
kaikki ok
Reitin pituus: 6
(17, 14)
(17, 15)
(16, 15)
(16, 16)
(16, 17)
(15, 17)
(14, 17)
kaikki ok
Reitin pituus: 10
(9, 15)
(10, 15)
(11, 15)
(12, 15)
(13, 15)
(14, 15)
(14, 14)
(14, 13)
(14, 12)
(14, 11)
(14, 10)
kaikki ok
Reitin pituus: 9
(6, 10)
(6, 11)
(6, 12)
(6, 13)
(5, 13)
(4, 13)
(3, 13)
(2, 13)
(1, 13)
(1, 14)
kaikki ok
Reitin pituus: 16
(16, 15)
(16, 16)
(16, 17)
(17, 17)
(17, 18)
(17, 19)
(16, 19)
(15, 19)
(14, 19)
(13, 19)
(12, 19)
(11, 19)
(10, 19)
(9, 19)
(8, 19)
(7, 19)
(6, 19)
kaikki ok
Reitin pituus: 11
(10, 2)
(10, 3)
(11, 3)
(12, 3)
(12, 4)
(12, 5)
(11, 5)
(10, 5)
(10, 6)
(10, 7)
(9, 7)
(9, 8)
kaikki ok
Reitin pituus: 17
(3, 5)
(4, 5)
(4, 6)
(4, 7)
(4, 8)
(4, 9)
(5, 9)
(6, 9)
(6, 10)
(6, 11)
(6, 12)
(6, 13)
(7, 13)
(8, 13)
(8, 14)
(8, 15)
(9, 15)
(10, 15)
kaikki ok
Reitin pituus: 19
(8, 2)
(8, 3)
(9, 3)
(10, 3)
(11, 3)
(12, 3)
(13, 3)
(14, 3)
(14, 4)
(14, 5)
(14, 6)
(14, 7)
(14, 8)
(14, 9)
(14, 10)
(14, 11)
(14, 12)
(14, 13)
(15, 13)
(16, 13)
kaikki ok
Reitin pituus: 3
(7, 3)
(8, 3)
(8, 2)
(8, 1)
kaikki ok
Reitin pituus: 6
(14, 7)
(14, 6)
(14, 5)
(15, 5)
(16, 5)
(17, 5)
(17, 4)
kaikki ok
Reitin pituus: 16
(14, 6)
(14, 5)
(14, 4)
(14, 3)
(13, 3)
(12, 3)
(11, 3)
(10, 3)
(9, 3)
(8, 3)
(7, 3)
(6, 3)
(5, 3)
(4, 3)
(4, 4)
(4, 5)
(4, 6)
kaikki ok
Reitin pituus: 16
(14, 11)
(14, 10)
(14, 9)
(14, 8)
(14, 7)
(14, 6)
(14, 5)
(14, 4)
(14, 3)
(13, 3)
(12, 3)
(11, 3)
(10, 3)
(9, 3)
(8, 3)
(7, 3)
(6, 3)
kaikki ok
Reitin pituus: 18
(17, 17)
(17, 18)
(17, 19)
(16, 19)
(15, 19)
(14, 19)
(13, 19)
(12, 19)
(11, 19)
(10, 19)
(9, 19)
(8, 19)
(7, 19)
(6, 19)
(5, 19)
(4, 19)
(3, 19)
(2, 19)
(1, 19)
kaikki ok
Reitin pituus: 5
(2, 3)
(3, 3)
(4, 3)
(4, 4)
(4, 5)
(4, 6)
kaikki ok
Reitin pituus: 13
(4, 12)
(4, 11)
(4, 10)
(4, 9)
(5, 9)
(6, 9)
(6, 8)
(6, 7)
(7, 7)
(8, 7)
(9, 7)
(10, 7)
(11, 7)
(12, 7)
kaikki ok
Reitin pituus: 12
(10, 14)
(10, 13)
(11, 13)
(12, 13)
(13, 13)
(14, 13)
(14, 12)
(14, 11)
(14, 10)
(14, 9)
(14, 8)
(14, 7)
(14, 6)
kaikki ok
Reitin pituus: 17
(4, 12)
(4, 13)
(5, 13)
(6, 13)
(6, 12)
(6, 11)
(7, 11)
(8, 11)
(9, 11)
(10, 11)
(11, 11)
(12, 11)
(12, 12)
(12, 13)
(13, 13)
(14, 13)
(15, 13)
(16, 13)
kaikki ok
Reitin pituus: 12
(11, 17)
(12, 17)
(12, 16)
(12, 15)
(11, 15)
(10, 15)
(9, 15)
(8, 15)
(8, 14)
(8, 13)
(7, 13)
(6, 13)
(6, 12)
kaikki ok
Reitin pituus: 11
(2, 15)
(2, 16)
(2, 17)
(3, 17)
(4, 17)
(4, 16)
(4, 15)
(5, 15)
(6, 15)
(6, 16)
(6, 17)
(7, 17)
kaikki ok
Reitin pituus: 20
(12, 4)
(12, 3)
(13, 3)
(14, 3)
(14, 4)
(14, 5)
(14, 6)
(14, 7)
(14, 8)
(14, 9)
(14, 10)
(14, 11)
(14, 12)
(14, 13)
(14, 14)
(14, 15)
(14, 16)
(14, 17)
(15, 17)
(16, 17)
(16, 16)
kaikki ok
Reitin pituus: 11
(10, 11)
(9, 11)
(8, 11)
(7, 11)
(6, 11)
(6, 12)
(6, 13)
(5, 13)
(4, 13)
(4, 14)
(4, 15)
(4, 16)
kaikki ok
Reitin pituus: 7
(17, 18)
(17, 17)
(16, 17)
(16, 16)
(16, 15)
(17, 15)
(17, 14)
(17, 13)
kaikki ok
Reitin pituus: 17
(17, 2)
(17, 3)
(17, 4)
(17, 5)
(16, 5)
(15, 5)
(14, 5)
(14, 6)
(14, 7)
(14, 8)
(14, 9)
(14, 10)
(14, 11)
(14, 12)
(14, 13)
(14, 14)
(14, 15)
(13, 15)
kaikki ok
Reitin pituus: 15
(10, 13)
(11, 13)
(12, 13)
(12, 12)
(12, 11)
(12, 10)
(12, 9)
(12, 8)
(12, 7)
(11, 7)
(10, 7)
(10, 6)
(10, 5)
(11, 5)
(12, 5)
(12, 4)
kaikki ok
Reitin pituus: 11
(12, 8)
(12, 7)
(11, 7)
(10, 7)
(9, 7)
(8, 7)
(8, 6)
(8, 5)
(7, 5)
(6, 5)
(6, 4)
(6, 3)
kaikki ok
Reitin pituus: 9
(7, 5)
(6, 5)
(6, 4)
(6, 3)
(7, 3)
(8, 3)
(9, 3)
(10, 3)
(11, 3)
(12, 3)
kaikki ok
Reitin pituus: 13
(14, 12)
(14, 11)
(14, 10)
(14, 9)
(13, 9)
(12, 9)
(12, 8)
(12, 7)
(11, 7)
(10, 7)
(9, 7)
(9, 8)
(9, 9)
(8, 9)
kaikki ok
Reitin pituus: 19
(1, 18)
(1, 17)
(2, 17)
(3, 17)
(4, 17)
(4, 16)
(4, 15)
(5, 15)
(6, 15)
(7, 15)
(8, 15)
(9, 15)
(10, 15)
(11, 15)
(12, 15)
(13, 15)
(14, 15)
(14, 16)
(14, 17)
(15, 17)
kaikki ok
Reitin pituus: 13
(12, 11)
(11, 11)
(10, 11)
(9, 11)
(8, 11)
(7, 11)
(6, 11)
(6, 12)
(6, 13)
(5, 13)
(4, 13)
(4, 14)
(4, 15)
(4, 16)
kaikki ok
Reitin pituus: 17
(6, 1)
(5, 1)
(4, 1)
(4, 2)
(4, 3)
(4, 4)
(4, 5)
(4, 6)
(4, 7)
(4, 8)
(4, 9)
(4, 10)
(4, 11)
(4, 12)
(4, 13)
(4, 14)
(4, 15)
(5, 15)
kaikki ok
Reitin pituus: 14
(6, 9)
(6, 10)
(6, 11)
(7, 11)
(8, 11)
(9, 11)
(10, 11)
(11, 11)
(12, 11)
(12, 10)
(12, 9)
(13, 9)
(14, 9)
(14, 8)
(14, 7)
kaikki ok
Reitin pituus: 14
(17, 17)
(17, 18)
(17, 19)
(16, 19)
(15, 19)
(14, 19)
(13, 19)
(12, 19)
(11, 19)
(10, 19)
(9, 19)
(8, 19)
(8, 18)
(8, 17)
(7, 17)
kaikki ok
Reitin pituus: 20
(8, 1)
(8, 2)
(8, 3)
(7, 3)
(6, 3)
(6, 4)
(6, 5)
(7, 5)
(8, 5)
(8, 6)
(8, 7)
(7, 7)
(6, 7)
(6, 8)
(6, 9)
(6, 10)
(6, 11)
(7, 11)
(8, 11)
(9, 11)
(10, 11)
kaikki ok
Reitin pituus: 9
(14, 14)
(14, 15)
(14, 16)
(14, 17)
(15, 17)
(16, 17)
(17, 17)
(17, 18)
(17, 19)
(16, 19)
kaikki ok
Reitin pituus: 29
(5, 19)
(6, 19)
(7, 19)
(8, 19)
(9, 19)
(10, 19)
(10, 18)
(10, 17)
(11, 17)
(12, 17)
(12, 16)
(12, 15)
(13, 15)
(14, 15)
(14, 14)
(14, 13)
(14, 12)
(14, 11)
(14, 10)
(14, 9)
(14, 8)
(14, 7)
(14, 6)
(14, 5)
(14, 4)
(14, 3)
(14, 2)
(14, 1)
(13, 1)
(12, 1)
kaikki ok
Reitin pituus: 24
(9, 9)
(9, 8)
(9, 7)
(8, 7)
(7, 7)
(6, 7)
(6, 8)
(6, 9)
(6, 10)
(6, 11)
(6, 12)
(6, 13)
(7, 13)
(8, 13)
(8, 14)
(8, 15)
(7, 15)
(6, 15)
(6, 16)
(6, 17)
(7, 17)
(8, 17)
(8, 18)
(8, 19)
(9, 19)
kaikki ok
Reitin pituus: 27
(17, 1)
(17, 2)
(17, 3)
(17, 4)
(17, 5)
(16, 5)
(15, 5)
(14, 5)
(14, 6)
(14, 7)
(14, 8)
(14, 9)
(14, 10)
(14, 11)
(14, 12)
(14, 13)
(14, 14)
(14, 15)
(13, 15)
(12, 15)
(12, 16)
(12, 17)
(11, 17)
(10, 17)
(10, 18)
(10, 19)
(9, 19)
(8, 19)
kaikki ok
Reitin pituus: 13
(7, 13)
(8, 13)
(8, 14)
(8, 15)
(9, 15)
(10, 15)
(10, 14)
(10, 13)
(11, 13)
(12, 13)
(13, 13)
(14, 13)
(15, 13)
(16, 13)
kaikki ok
Reitin pituus: 16
(13, 13)
(12, 13)
(12, 12)
(12, 11)
(11, 11)
(10, 11)
(9, 11)
(8, 11)
(7, 11)
(6, 11)
(6, 10)
(6, 9)
(5, 9)
(4, 9)
(4, 8)
(4, 7)
(4, 6)
kaikki ok
Reitin pituus: 13
(8, 7)
(8, 6)
(8, 5)
(7, 5)
(6, 5)
(6, 4)
(6, 3)
(7, 3)
(8, 3)
(9, 3)
(10, 3)
(10, 2)
(10, 1)
(11, 1)
kaikki ok
Reitin pituus: 8
(4, 17)
(4, 16)
(4, 15)
(5, 15)
(6, 15)
(6, 16)
(6, 17)
(7, 17)
(8, 17)
kaikki ok
Reitin pituus: 9
(9, 7)
(10, 7)
(11, 7)
(12, 7)
(12, 8)
(12, 9)
(13, 9)
(14, 9)
(14, 8)
(14, 7)
kaikki ok
Reitin pituus: 24
(16, 13)
(15, 13)
(14, 13)
(13, 13)
(12, 13)
(12, 12)
(12, 11)
(11, 11)
(10, 11)
(9, 11)
(8, 11)
(7, 11)
(6, 11)
(6, 10)
(6, 9)
(5, 9)
(4, 9)
(4, 8)
(4, 7)
(4, 6)
(4, 5)
(3, 5)
(2, 5)
(1, 5)
(1, 4)
kaikki ok
Reitin pituus: 15
(5, 15)
(6, 15)
(7, 15)
(8, 15)
(9, 15)
(10, 15)
(11, 15)
(12, 15)
(13, 15)
(14, 15)
(14, 16)
(14, 17)
(15, 17)
(16, 17)
(16, 16)
(16, 15)
kaikki ok
Reitin pituus: 11
(9, 11)
(8, 11)
(7, 11)
(6, 11)
(6, 12)
(6, 13)
(5, 13)
(4, 13)
(3, 13)
(2, 13)
(1, 13)
(1, 14)
kaikki ok
Reitin pituus: 14
(11, 7)
(10, 7)
(9, 7)
(8, 7)
(8, 6)
(8, 5)
(7, 5)
(6, 5)
(6, 4)
(6, 3)
(5, 3)
(4, 3)
(4, 2)
(4, 1)
(3, 1)
kaikki ok
Reitin pituus: 19
(15, 13)
(14, 13)
(14, 14)
(14, 15)
(13, 15)
(12, 15)
(12, 16)
(12, 17)
(11, 17)
(10, 17)
(10, 18)
(10, 19)
(9, 19)
(8, 19)
(7, 19)
(6, 19)
(5, 19)
(4, 19)
(3, 19)
(2, 19)
kaikki ok
Reitin pituus: 9
(14, 4)
(14, 3)
(13, 3)
(12, 3)
(11, 3)
(10, 3)
(9, 3)
(8, 3)
(7, 3)
(6, 3)
kaikki ok
Reitin pituus: 23
(17, 4)
(17, 5)
(16, 5)
(15, 5)
(14, 5)
(14, 6)
(14, 7)
(14, 8)
(14, 9)
(14, 10)
(14, 11)
(14, 12)
(14, 13)
(14, 14)
(14, 15)
(13, 15)
(12, 15)
(12, 16)
(12, 17)
(11, 17)
(10, 17)
(10, 18)
(10, 19)
(9, 19)
kaikki ok
Reitin pituus: 17
(12, 13)
(12, 12)
(12, 11)
(11, 11)
(10, 11)
(9, 11)
(8, 11)
(7, 11)
(6, 11)
(6, 10)
(6, 9)
(5, 9)
(4, 9)
(4, 8)
(4, 7)
(4, 6)
(4, 5)
(4, 4)
kaikki ok
Reitin pituus: 2
(7, 3)
(8, 3)
(9, 3)
kaikki ok
Reitin pituus: 19
(14, 6)
(14, 7)
(14, 8)
(14, 9)
(13, 9)
(12, 9)
(12, 10)
(12, 11)
(11, 11)
(10, 11)
(9, 11)
(8, 11)
(7, 11)
(6, 11)
(6, 12)
(6, 13)
(5, 13)
(4, 13)
(4, 14)
(4, 15)
kaikki ok
Reitin pituus: 4
(12, 8)
(12, 9)
(12, 10)
(12, 11)
(11, 11)
kaikki ok
Reitin pituus: 11
(10, 18)
(10, 19)
(11, 19)
(12, 19)
(13, 19)
(14, 19)
(15, 19)
(16, 19)
(17, 19)
(17, 18)
(17, 17)
(16, 17)
kaikki ok
Reitin pituus: 14
(10, 7)
(11, 7)
(12, 7)
(12, 8)
(12, 9)
(13, 9)
(14, 9)
(14, 10)
(14, 11)
(14, 12)
(14, 13)
(15, 13)
(16, 13)
(17, 13)
(17, 14)
kaikki ok
Reitin pituus: 8
(6, 9)
(5, 9)
(4, 9)
(4, 8)
(4, 7)
(4, 6)
(4, 5)
(4, 4)
(4, 3)
kaikki ok
Reitin pituus: 15
(7, 11)
(8, 11)
(9, 11)
(10, 11)
(11, 11)
(12, 11)
(12, 10)
(12, 9)
(13, 9)
(14, 9)
(14, 8)
(14, 7)
(14, 6)
(14, 5)
(14, 4)
(14, 3)
kaikki ok
Reitin pituus: 9
(17, 18)
(17, 19)
(16, 19)
(15, 19)
(14, 19)
(13, 19)
(12, 19)
(11, 19)
(10, 19)
(9, 19)
kaikki ok
Reitin pituus: 14
(8, 7)
(7, 7)
(6, 7)
(6, 8)
(6, 9)
(5, 9)
(4, 9)
(4, 10)
(4, 11)
(4, 12)
(4, 13)
(3, 13)
(2, 13)
(1, 13)
(1, 14)
kaikki ok
Reitin pituus: 24
(6, 5)
(7, 5)
(8, 5)
(8, 6)
(8, 7)
(7, 7)
(6, 7)
(6, 8)
(6, 9)
(6, 10)
(6, 11)
(6, 12)
(6, 13)
(7, 13)
(8, 13)
(8, 14)
(8, 15)
(7, 15)
(6, 15)
(6, 16)
(6, 17)
(7, 17)
(8, 17)
(8, 18)
(8, 19)
kaikki ok
Reitin pituus: 13
(10, 7)
(11, 7)
(12, 7)
(12, 8)
(12, 9)
(13, 9)
(14, 9)
(14, 8)
(14, 7)
(14, 6)
(14, 5)
(15, 5)
(16, 5)
(17, 5)
kaikki ok
Reitin pituus: 11
(8, 18)
(8, 17)
(7, 17)
(6, 17)
(6, 16)
(6, 15)
(5, 15)
(4, 15)
(4, 14)
(4, 13)
(3, 13)
(2, 13)
kaikki ok
Reitin pituus: 11
(11, 3)
(10, 3)
(9, 3)
(8, 3)
(7, 3)
(6, 3)
(5, 3)
(4, 3)
(4, 4)
(4, 5)
(3, 5)
(2, 5)
kaikki ok
Reitin pituus: 19
(14, 6)
(14, 7)
(14, 8)
(14, 9)
(14, 10)
(14, 11)
(14, 12)
(14, 13)
(14, 14)
(14, 15)
(13, 15)
(12, 15)
(12, 16)
(12, 17)
(11, 17)
(10, 17)
(10, 18)
(10, 19)
(9, 19)
(8, 19)
kaikki ok
Reitin pituus: 15
(12, 1)
(13, 1)
(14, 1)
(14, 2)
(14, 3)
(14, 4)
(14, 5)
(14, 6)
(14, 7)
(14, 8)
(14, 9)
(14, 10)
(14, 11)
(14, 12)
(14, 13)
(13, 13)
kaikki ok
Reitin pituus: 25
(13, 1)
(14, 1)
(14, 2)
(14, 3)
(14, 4)
(14, 5)
(14, 6)
(14, 7)
(14, 8)
(14, 9)
(14, 10)
(14, 11)
(14, 12)
(14, 13)
(14, 14)
(14, 15)
(13, 15)
(12, 15)
(12, 16)
(12, 17)
(11, 17)
(10, 17)
(10, 18)
(10, 19)
(9, 19)
(8, 19)
kaikki ok
Reitin pituus: 24
(5, 19)
(6, 19)
(7, 19)
(8, 19)
(8, 18)
(8, 17)
(7, 17)
(6, 17)
(6, 16)
(6, 15)
(5, 15)
(4, 15)
(4, 14)
(4, 13)
(4, 12)
(4, 11)
(4, 10)
(4, 9)
(4, 8)
(4, 7)
(4, 6)
(4, 5)
(4, 4)
(4, 3)
(4, 2)
kaikki ok
Reitin pituus: 7
(8, 15)
(7, 15)
(6, 15)
(5, 15)
(4, 15)
(4, 16)
(4, 17)
(3, 17)
kaikki ok
Reitin pituus: 18
(6, 9)
(6, 10)
(6, 11)
(6, 12)
(6, 13)
(7, 13)
(8, 13)
(8, 14)
(8, 15)
(9, 15)
(10, 15)
(11, 15)
(12, 15)
(13, 15)
(14, 15)
(14, 16)
(14, 17)
(15, 17)
(16, 17)
kaikki ok
Reitin pituus: 4
(5, 3)
(6, 3)
(7, 3)
(8, 3)
(9, 3)
kaikki ok
Reitin pituus: 16
(3, 17)
(4, 17)
(4, 16)
(4, 15)
(4, 14)
(4, 13)
(4, 12)
(4, 11)
(4, 10)
(4, 9)
(4, 8)
(4, 7)
(4, 6)
(4, 5)
(3, 5)
(2, 5)
(1, 5)
kaikki ok
Reitin pituus: 10
(3, 19)
(4, 19)
(5, 19)
(6, 19)
(7, 19)
(8, 19)
(8, 18)
(8, 17)
(7, 17)
(6, 17)
(6, 16)
kaikki ok
Reitin pituus: 13
(7, 7)
(6, 7)
(6, 8)
(6, 9)
(5, 9)
(4, 9)
(4, 10)
(4, 11)
(4, 12)
(4, 13)
(3, 13)
(2, 13)
(1, 13)
(1, 14)
kaikki ok
Reitin pituus: 23
(10, 2)
(10, 3)
(9, 3)
(8, 3)
(7, 3)
(6, 3)
(5, 3)
(4, 3)
(4, 4)
(4, 5)
(4, 6)
(4, 7)
(4, 8)
(4, 9)
(4, 10)
(4, 11)
(4, 12)
(4, 13)
(3, 13)
(2, 13)
(1, 13)
(1, 14)
(1, 15)
(2, 15)
kaikki ok
Reitin pituus: 21
(8, 2)
(8, 3)
(7, 3)
(6, 3)
(5, 3)
(4, 3)
(4, 4)
(4, 5)
(4, 6)
(4, 7)
(4, 8)
(4, 9)
(4, 10)
(4, 11)
(4, 12)
(4, 13)
(4, 14)
(4, 15)
(4, 16)
(4, 17)
(3, 17)
(2, 17)
kaikki ok
Reitin pituus: 21
(8, 17)
(7, 17)
(6, 17)
(6, 16)
(6, 15)
(5, 15)
(4, 15)
(4, 14)
(4, 13)
(4, 12)
(4, 11)
(4, 10)
(4, 9)
(5, 9)
(6, 9)
(6, 8)
(6, 7)
(7, 7)
(8, 7)
(9, 7)
(9, 8)
(9, 9)
kaikki ok
Reitin pituus: 13
(6, 13)
(7, 13)
(8, 13)
(8, 14)
(8, 15)
(9, 15)
(10, 15)
(11, 15)
(12, 15)
(12, 16)
(12, 17)
(11, 17)
(10, 17)
(10, 18)
kaikki ok
Reitin pituus: 15
(17, 4)
(17, 3)
(16, 3)
(15, 3)
(14, 3)
(13, 3)
(12, 3)
(11, 3)
(10, 3)
(9, 3)
(8, 3)
(8, 2)
(8, 1)
(7, 1)
(6, 1)
(5, 1)
kaikki ok
Reitin pituus: 21
(8, 18)
(8, 17)
(7, 17)
(6, 17)
(6, 16)
(6, 15)
(5, 15)
(4, 15)
(4, 14)
(4, 13)
(4, 12)
(4, 11)
(4, 10)
(4, 9)
(4, 8)
(4, 7)
(4, 6)
(4, 5)
(3, 5)
(2, 5)
(1, 5)
(1, 4)
kaikki ok
Reitin pituus: 9
(10, 6)
(10, 5)
(11, 5)
(12, 5)
(12, 4)
(12, 3)
(11, 3)
(10, 3)
(9, 3)
(8, 3)
kaikki ok
Reitin pituus: 15
(4, 3)
(4, 4)
(4, 5)
(4, 6)
(4, 7)
(4, 8)
(4, 9)
(4, 10)
(4, 11)
(4, 12)
(4, 13)
(4, 14)
(4, 15)
(5, 15)
(6, 15)
(6, 16)
kaikki ok
Reitin pituus: 4
(10, 18)
(10, 19)
(9, 19)
(8, 19)
(7, 19)
kaikki ok
Reitin pituus: 18
(6, 11)
(6, 12)
(6, 13)
(5, 13)
(4, 13)
(4, 14)
(4, 15)
(5, 15)
(6, 15)
(6, 16)
(6, 17)
(7, 17)
(8, 17)
(8, 18)
(8, 19)
(9, 19)
(10, 19)
(11, 19)
(12, 19)
kaikki ok
Reitin pituus: 1
(1, 5)
(1, 4)
kaikki ok
Reitin pituus: 9
(3, 17)
(4, 17)
(4, 16)
(4, 15)
(5, 15)
(6, 15)
(7, 15)
(8, 15)
(9, 15)
(10, 15)
kaikki ok
Reitin pituus: 4
(10, 7)
(9, 7)
(8, 7)
(8, 6)
(8, 5)
kaikki ok
Reitin pituus: 1
(8, 19)
(8, 18)
kaikki ok
Reitin pituus: 27
(14, 15)
(13, 15)
(12, 15)
(11, 15)
(10, 15)
(9, 15)
(8, 15)
(7, 15)
(6, 15)
(5, 15)
(4, 15)
(4, 14)
(4, 13)
(4, 12)
(4, 11)
(4, 10)
(4, 9)
(4, 8)
(4, 7)
(4, 6)
(4, 5)
(4, 4)
(4, 3)
(3, 3)
(2, 3)
(1, 3)
(1, 2)
(1, 1)
kaikki ok
Reitin pituus: 16
(4, 1)
(4, 2)
(4, 3)
(5, 3)
(6, 3)
(6, 4)
(6, 5)
(7, 5)
(8, 5)
(8, 6)
(8, 7)
(9, 7)
(10, 7)
(11, 7)
(12, 7)
(12, 8)
(12, 9)
kaikki ok
Reitin pituus: 21
(17, 18)
(17, 17)
(16, 17)
(15, 17)
(14, 17)
(14, 16)
(14, 15)
(14, 14)
(14, 13)
(14, 12)
(14, 11)
(14, 10)
(14, 9)
(14, 8)
(14, 7)
(14, 6)
(14, 5)
(14, 4)
(14, 3)
(13, 3)
(12, 3)
(11, 3)
kaikki ok
Reitin pituus: 15
(1, 1)
(1, 2)
(1, 3)
(2, 3)
(3, 3)
(4, 3)
(5, 3)
(6, 3)
(6, 4)
(6, 5)
(7, 5)
(8, 5)
(8, 6)
(8, 7)
(9, 7)
(9, 8)
kaikki ok
Reitin pituus: 12
(2, 15)
(2, 16)
(2, 17)
(3, 17)
(4, 17)
(4, 16)
(4, 15)
(5, 15)
(6, 15)
(6, 16)
(6, 17)
(7, 17)
(8, 17)
kaikki ok
Reitin pituus: 19
(12, 3)
(12, 4)
(12, 5)
(11, 5)
(10, 5)
(10, 6)
(10, 7)
(9, 7)
(8, 7)
(7, 7)
(6, 7)
(6, 8)
(6, 9)
(6, 10)
(6, 11)
(6, 12)
(6, 13)
(7, 13)
(8, 13)
(8, 14)
kaikki ok
Reitin pituus: 12
(12, 12)
(12, 11)
(12, 10)
(12, 9)
(12, 8)
(12, 7)
(11, 7)
(10, 7)
(9, 7)
(8, 7)
(8, 6)
(8, 5)
(7, 5)
kaikki ok
Reitin pituus: 22
(12, 3)
(12, 4)
(12, 5)
(11, 5)
(10, 5)
(10, 6)
(10, 7)
(9, 7)
(8, 7)
(7, 7)
(6, 7)
(6, 8)
(6, 9)
(6, 10)
(6, 11)
(6, 12)
(6, 13)
(5, 13)
(4, 13)
(4, 14)
(4, 15)
(5, 15)
(6, 15)
kaikki ok
Reitin pituus: 23
(1, 14)
(1, 13)
(2, 13)
(3, 13)
(4, 13)
(5, 13)
(6, 13)
(6, 12)
(6, 11)
(7, 11)
(8, 11)
(9, 11)
(10, 11)
(11, 11)
(12, 11)
(12, 10)
(12, 9)
(13, 9)
(14, 9)
(14, 8)
(14, 7)
(14, 6)
(14, 5)
(14, 4)
kaikki ok
Reitin pituus: 28
(7, 19)
(8, 19)
(9, 19)
(10, 19)
(10, 18)
(10, 17)
(11, 17)
(12, 17)
(12, 16)
(12, 15)
(13, 15)
(14, 15)
(14, 14)
(14, 13)
(14, 12)
(14, 11)
(14, 10)
(14, 9)
(14, 8)
(14, 7)
(14, 6)
(14, 5)
(15, 5)
(16, 5)
(17, 5)
(17, 4)
(17, 3)
(17, 2)
(17, 1)
kaikki ok
Reitin pituus: 8
(16, 16)
(16, 17)
(15, 17)
(14, 17)
(14, 16)
(14, 15)
(13, 15)
(12, 15)
(11, 15)
kaikki ok
Reitin pituus: 12
(10, 1)
(10, 2)
(10, 3)
(9, 3)
(8, 3)
(7, 3)
(6, 3)
(5, 3)
(4, 3)
(3, 3)
(2, 3)
(1, 3)
(1, 4)
kaikki ok
Reitin pituus: 10
(5, 3)
(6, 3)
(6, 4)
(6, 5)
(7, 5)
(8, 5)
(8, 6)
(8, 7)
(9, 7)
(10, 7)
(11, 7)
kaikki ok
Reitin pituus: 15
(14, 10)
(14, 11)
(14, 12)
(14, 13)
(14, 14)
(14, 15)
(13, 15)
(12, 15)
(11, 15)
(10, 15)
(9, 15)
(8, 15)
(7, 15)
(6, 15)
(5, 15)
(4, 15)
kaikki ok
Reitin pituus: 15
(7, 1)
(8, 1)
(8, 2)
(8, 3)
(7, 3)
(6, 3)
(6, 4)
(6, 5)
(7, 5)
(8, 5)
(8, 6)
(8, 7)
(9, 7)
(9, 8)
(9, 9)
(10, 9)
kaikki ok
Reitin pituus: 13
(14, 4)
(14, 5)
(14, 6)
(14, 7)
(14, 8)
(14, 9)
(13, 9)
(12, 9)
(12, 10)
(12, 11)
(12, 12)
(12, 13)
(11, 13)
(10, 13)
kaikki ok
Reitin pituus: 25
(4, 4)
(4, 5)
(4, 6)
(4, 7)
(4, 8)
(4, 9)
(4, 10)
(4, 11)
(4, 12)
(4, 13)
(4, 14)
(4, 15)
(5, 15)
(6, 15)
(6, 16)
(6, 17)
(7, 17)
(8, 17)
(8, 18)
(8, 19)
(9, 19)
(10, 19)
(11, 19)
(12, 19)
(13, 19)
(14, 19)
kaikki ok
Reitin pituus: 16
(4, 4)
(4, 3)
(5, 3)
(6, 3)
(6, 4)
(6, 5)
(7, 5)
(8, 5)
(8, 6)
(8, 7)
(9, 7)
(10, 7)
(11, 7)
(12, 7)
(12, 8)
(12, 9)
(13, 9)
kaikki ok
Reitin pituus: 8
(10, 7)
(9, 7)
(8, 7)
(7, 7)
(6, 7)
(6, 8)
(6, 9)
(6, 10)
(6, 11)
kaikki ok
Reitin pituus: 0
(4, 3)
kaikki ok
Reitin pituus: 12
(14, 15)
(13, 15)
(12, 15)
(11, 15)
(10, 15)
(9, 15)
(8, 15)
(7, 15)
(6, 15)
(5, 15)
(4, 15)
(4, 16)
(4, 17)
kaikki ok
Reitin pituus: 16
(14, 11)
(14, 10)
(14, 9)
(14, 8)
(14, 7)
(14, 6)
(14, 5)
(14, 4)
(14, 3)
(13, 3)
(12, 3)
(11, 3)
(10, 3)
(9, 3)
(8, 3)
(7, 3)
(6, 3)
kaikki ok
Reitin pituus: 12
(12, 8)
(12, 9)
(12, 10)
(12, 11)
(12, 12)
(12, 13)
(11, 13)
(10, 13)
(10, 14)
(10, 15)
(9, 15)
(8, 15)
(7, 15)
kaikki ok
Reitin pituus: 20
(8, 5)
(8, 6)
(8, 7)
(7, 7)
(6, 7)
(6, 8)
(6, 9)
(6, 10)
(6, 11)
(6, 12)
(6, 13)
(5, 13)
(4, 13)
(4, 14)
(4, 15)
(4, 16)
(4, 17)
(3, 17)
(2, 17)
(1, 17)
(1, 18)
kaikki ok
Reitin pituus: 18
(2, 15)
(2, 16)
(2, 17)
(3, 17)
(4, 17)
(4, 16)
(4, 15)
(5, 15)
(6, 15)
(7, 15)
(8, 15)
(9, 15)
(10, 15)
(10, 14)
(10, 13)
(11, 13)
(12, 13)
(13, 13)
(14, 13)
kaikki ok
Reitin pituus: 18
(3, 17)
(4, 17)
(4, 16)
(4, 15)
(5, 15)
(6, 15)
(7, 15)
(8, 15)
(9, 15)
(10, 15)
(11, 15)
(12, 15)
(13, 15)
(14, 15)
(14, 14)
(14, 13)
(15, 13)
(16, 13)
(17, 13)
kaikki ok
Reitin pituus: 19
(13, 15)
(12, 15)
(11, 15)
(10, 15)
(9, 15)
(8, 15)
(7, 15)
(6, 15)
(5, 15)
(4, 15)
(4, 14)
(4, 13)
(4, 12)
(4, 11)
(4, 10)
(4, 9)
(4, 8)
(4, 7)
(4, 6)
(4, 5)
kaikki ok
Reitin pituus: 10
(3, 19)
(2, 19)
(1, 19)
(1, 18)
(1, 17)
(2, 17)
(3, 17)
(4, 17)
(4, 16)
(4, 15)
(5, 15)
kaikki ok
Reitin pituus: 28
(14, 17)
(14, 16)
(14, 15)
(13, 15)
(12, 15)
(11, 15)
(10, 15)
(9, 15)
(8, 15)
(8, 14)
(8, 13)
(7, 13)
(6, 13)
(6, 12)
(6, 11)
(6, 10)
(6, 9)
(5, 9)
(4, 9)
(4, 8)
(4, 7)
(4, 6)
(4, 5)
(4, 4)
(4, 3)
(4, 2)
(4, 1)
(3, 1)
(2, 1)
kaikki ok
Reitin pituus: 17
(16, 15)
(17, 15)
(17, 14)
(17, 13)
(16, 13)
(15, 13)
(14, 13)
(13, 13)
(12, 13)
(12, 12)
(12, 11)
(12, 10)
(12, 9)
(12, 8)
(12, 7)
(11, 7)
(10, 7)
(9, 7)
kaikki ok
Reitin pituus: 17
(6, 3)
(5, 3)
(4, 3)
(4, 4)
(4, 5)
(4, 6)
(4, 7)
(4, 8)
(4, 9)
(4, 10)
(4, 11)
(4, 12)
(4, 13)
(4, 14)
(4, 15)
(5, 15)
(6, 15)
(7, 15)
kaikki ok
Reitin pituus: 28
(1, 3)
(2, 3)
(3, 3)
(4, 3)
(5, 3)
(6, 3)
(7, 3)
(8, 3)
(9, 3)
(10, 3)
(11, 3)
(12, 3)
(13, 3)
(14, 3)
(14, 4)
(14, 5)
(14, 6)
(14, 7)
(14, 8)
(14, 9)
(14, 10)
(14, 11)
(14, 12)
(14, 13)
(15, 13)
(16, 13)
(17, 13)
(17, 14)
(17, 15)
kaikki ok
Reitin pituus: 4
(9, 7)
(8, 7)
(7, 7)
(6, 7)
(6, 8)
kaikki ok
Reitin pituus: 5
(8, 9)
(9, 9)
(9, 8)
(9, 7)
(10, 7)
(10, 6)
kaikki ok
Reitin pituus: 19
(16, 17)
(15, 17)
(14, 17)
(14, 16)
(14, 15)
(14, 14)
(14, 13)
(14, 12)
(14, 11)
(14, 10)
(14, 9)
(14, 8)
(14, 7)
(14, 6)
(14, 5)
(14, 4)
(14, 3)
(14, 2)
(14, 1)
(13, 1)
kaikki ok
Reitin pituus: 14
(10, 14)
(10, 15)
(11, 15)
(12, 15)
(12, 16)
(12, 17)
(11, 17)
(10, 17)
(10, 18)
(10, 19)
(9, 19)
(8, 19)
(7, 19)
(6, 19)
(5, 19)
kaikki ok
Reitin pituus: 22
(4, 15)
(4, 14)
(4, 13)
(5, 13)
(6, 13)
(6, 12)
(6, 11)
(7, 11)
(8, 11)
(9, 11)
(10, 11)
(11, 11)
(12, 11)
(12, 10)
(12, 9)
(13, 9)
(14, 9)
(14, 8)
(14, 7)
(14, 6)
(14, 5)
(15, 5)
(16, 5)
kaikki ok
Reitin pituus: 17
(14, 7)
(14, 8)
(14, 9)
(13, 9)
(12, 9)
(12, 8)
(12, 7)
(11, 7)
(10, 7)
(9, 7)
(8, 7)
(7, 7)
(6, 7)
(6, 8)
(6, 9)
(5, 9)
(4, 9)
(4, 10)
kaikki ok
Reitin pituus: 12
(8, 7)
(8, 6)
(8, 5)
(7, 5)
(6, 5)
(6, 4)
(6, 3)
(7, 3)
(8, 3)
(8, 2)
(8, 1)
(7, 1)
(6, 1)
kaikki ok
Reitin pituus: 22
(15, 17)
(14, 17)
(14, 16)
(14, 15)
(14, 14)
(14, 13)
(13, 13)
(12, 13)
(12, 12)
(12, 11)
(12, 10)
(12, 9)
(12, 8)
(12, 7)
(11, 7)
(10, 7)
(9, 7)
(8, 7)
(8, 6)
(8, 5)
(7, 5)
(6, 5)
(6, 4)
kaikki ok
Reitin pituus: 4
(17, 17)
(17, 18)
(17, 19)
(16, 19)
(15, 19)
kaikki ok
Reitin pituus: 8
(2, 13)
(3, 13)
(4, 13)
(4, 12)
(4, 11)
(4, 10)
(4, 9)
(4, 8)
(4, 7)
kaikki ok
Reitin pituus: 13
(5, 19)
(6, 19)
(7, 19)
(8, 19)
(9, 19)
(10, 19)
(11, 19)
(12, 19)
(13, 19)
(14, 19)
(15, 19)
(16, 19)
(17, 19)
(17, 18)
kaikki ok
Reitin pituus: 16
(4, 17)
(4, 16)
(4, 15)
(4, 14)
(4, 13)
(4, 12)
(4, 11)
(4, 10)
(4, 9)
(4, 8)
(4, 7)
(4, 6)
(4, 5)
(4, 4)
(4, 3)
(4, 2)
(4, 1)
kaikki ok
Reitin pituus: 22
(14, 17)
(14, 16)
(14, 15)
(13, 15)
(12, 15)
(11, 15)
(10, 15)
(9, 15)
(8, 15)
(8, 14)
(8, 13)
(7, 13)
(6, 13)
(6, 12)
(6, 11)
(6, 10)
(6, 9)
(5, 9)
(4, 9)
(4, 8)
(4, 7)
(4, 6)
(4, 5)
kaikki ok
Reitin pituus: 25
(1, 17)
(2, 17)
(3, 17)
(4, 17)
(4, 16)
(4, 15)
(4, 14)
(4, 13)
(4, 12)
(4, 11)
(4, 10)
(4, 9)
(4, 8)
(4, 7)
(4, 6)
(4, 5)
(4, 4)
(4, 3)
(5, 3)
(6, 3)
(7, 3)
(8, 3)
(9, 3)
(10, 3)
(10, 2)
(10, 1)
kaikki ok
Reitin pituus: 26
(6, 4)
(6, 3)
(5, 3)
(4, 3)
(4, 4)
(4, 5)
(4, 6)
(4, 7)
(4, 8)
(4, 9)
(4, 10)
(4, 11)
(4, 12)
(4, 13)
(4, 14)
(4, 15)
(5, 15)
(6, 15)
(6, 16)
(6, 17)
(7, 17)
(8, 17)
(8, 18)
(8, 19)
(7, 19)
(6, 19)
(5, 19)
kaikki ok
Reitin pituus: 12
(11, 5)
(10, 5)
(10, 6)
(10, 7)
(11, 7)
(12, 7)
(12, 8)
(12, 9)
(12, 10)
(12, 11)
(12, 12)
(12, 13)
(13, 13)
kaikki ok
Reitin pituus: 10
(14, 2)
(14, 3)
(13, 3)
(12, 3)
(11, 3)
(10, 3)
(9, 3)
(8, 3)
(8, 2)
(8, 1)
(7, 1)
kaikki ok
Reitin pituus: 23
(4, 1)
(4, 2)
(4, 3)
(4, 4)
(4, 5)
(4, 6)
(4, 7)
(4, 8)
(4, 9)
(4, 10)
(4, 11)
(4, 12)
(4, 13)
(4, 14)
(4, 15)
(4, 16)
(4, 17)
(3, 17)
(2, 17)
(1, 17)
(1, 18)
(1, 19)
(2, 19)
(3, 19)
kaikki ok
Reitin pituus: 12
(10, 14)
(10, 13)
(11, 13)
(12, 13)
(12, 12)
(12, 11)
(12, 10)
(12, 9)
(12, 8)
(12, 7)
(11, 7)
(10, 7)
(10, 6)
kaikki ok
Reitin pituus: 11
(6, 19)
(7, 19)
(8, 19)
(8, 18)
(8, 17)
(7, 17)
(6, 17)
(6, 16)
(6, 15)
(7, 15)
(8, 15)
(9, 15)
kaikki ok
Reitin pituus: 10
(6, 8)
(6, 9)
(6, 10)
(6, 11)
(7, 11)
(8, 11)
(9, 11)
(10, 11)
(11, 11)
(12, 11)
(12, 10)
kaikki ok
Reitin pituus: 25
(6, 1)
(7, 1)
(8, 1)
(8, 2)
(8, 3)
(9, 3)
(10, 3)
(11, 3)
(12, 3)
(13, 3)
(14, 3)
(14, 4)
(14, 5)
(14, 6)
(14, 7)
(14, 8)
(14, 9)
(14, 10)
(14, 11)
(14, 12)
(14, 13)
(15, 13)
(16, 13)
(17, 13)
(17, 14)
(17, 15)
kaikki ok
Reitin pituus: 29
(15, 1)
(14, 1)
(14, 2)
(14, 3)
(14, 4)
(14, 5)
(14, 6)
(14, 7)
(14, 8)
(14, 9)
(14, 10)
(14, 11)
(14, 12)
(14, 13)
(14, 14)
(14, 15)
(13, 15)
(12, 15)
(12, 16)
(12, 17)
(11, 17)
(10, 17)
(10, 18)
(10, 19)
(9, 19)
(8, 19)
(7, 19)
(6, 19)
(5, 19)
(4, 19)
kaikki ok
Reitin pituus: 6
(4, 8)
(4, 9)
(4, 10)
(4, 11)
(4, 12)
(4, 13)
(4, 14)
kaikki ok
Reitin pituus: 10
(15, 5)
(14, 5)
(14, 6)
(14, 7)
(14, 8)
(14, 9)
(13, 9)
(12, 9)
(12, 10)
(12, 11)
(11, 11)
kaikki ok
Reitin pituus: 11
(6, 9)
(6, 8)
(6, 7)
(7, 7)
(8, 7)
(8, 6)
(8, 5)
(7, 5)
(6, 5)
(6, 4)
(6, 3)
(7, 3)
kaikki ok
Reitin pituus: 16
(5, 9)
(6, 9)
(6, 10)
(6, 11)
(7, 11)
(8, 11)
(9, 11)
(10, 11)
(11, 11)
(12, 11)
(12, 12)
(12, 13)
(13, 13)
(14, 13)
(14, 14)
(14, 15)
(14, 16)
kaikki ok
Reitin pituus: 26
(8, 3)
(9, 3)
(10, 3)
(11, 3)
(12, 3)
(13, 3)
(14, 3)
(14, 4)
(14, 5)
(14, 6)
(14, 7)
(14, 8)
(14, 9)
(14, 10)
(14, 11)
(14, 12)
(14, 13)
(14, 14)
(14, 15)
(13, 15)
(12, 15)
(12, 16)
(12, 17)
(11, 17)
(10, 17)
(10, 18)
(10, 19)
kaikki ok
Reitin pituus: 12
(8, 7)
(7, 7)
(6, 7)
(6, 8)
(6, 9)
(5, 9)
(4, 9)
(4, 10)
(4, 11)
(4, 12)
(4, 13)
(3, 13)
(2, 13)
kaikki ok
Reitin pituus: 17
(13, 1)
(14, 1)
(14, 2)
(14, 3)
(13, 3)
(12, 3)
(12, 4)
(12, 5)
(11, 5)
(10, 5)
(10, 6)
(10, 7)
(9, 7)
(8, 7)
(7, 7)
(6, 7)
(6, 8)
(6, 9)
kaikki ok
Reitin pituus: 6
(12, 12)
(12, 11)
(12, 10)
(12, 9)
(13, 9)
(14, 9)
(14, 8)
kaikki ok
Reitin pituus: 16
(8, 6)
(8, 7)
(9, 7)
(10, 7)
(10, 6)
(10, 5)
(11, 5)
(12, 5)
(12, 4)
(12, 3)
(13, 3)
(14, 3)
(14, 2)
(14, 1)
(15, 1)
(16, 1)
(17, 1)
kaikki ok
Reitin pituus: 16
(10, 14)
(10, 13)
(11, 13)
(12, 13)
(13, 13)
(14, 13)
(14, 12)
(14, 11)
(14, 10)
(14, 9)
(14, 8)
(14, 7)
(14, 6)
(14, 5)
(14, 4)
(14, 3)
(15, 3)
kaikki ok
Reitin pituus: 7
(4, 9)
(4, 8)
(4, 7)
(4, 6)
(4, 5)
(3, 5)
(2, 5)
(1, 5)
kaikki ok
Reitin pituus: 12
(9, 11)
(10, 11)
(11, 11)
(12, 11)
(12, 12)
(12, 13)
(13, 13)
(14, 13)
(14, 14)
(14, 15)
(14, 16)
(14, 17)
(15, 17)
kaikki ok
Reitin pituus: 9
(9, 8)
(9, 7)
(8, 7)
(7, 7)
(6, 7)
(6, 8)
(6, 9)
(6, 10)
(6, 11)
(6, 12)
kaikki ok
Reitin pituus: 29
(16, 16)
(16, 17)
(15, 17)
(14, 17)
(14, 16)
(14, 15)
(13, 15)
(12, 15)
(11, 15)
(10, 15)
(9, 15)
(8, 15)
(7, 15)
(6, 15)
(5, 15)
(4, 15)
(4, 14)
(4, 13)
(4, 12)
(4, 11)
(4, 10)
(4, 9)
(4, 8)
(4, 7)
(4, 6)
(4, 5)
(3, 5)
(2, 5)
(1, 5)
(1, 4)
kaikki ok
Reitin pituus: 19
(4, 13)
(4, 14)
(4, 15)
(5, 15)
(6, 15)
(7, 15)
(8, 15)
(9, 15)
(10, 15)
(11, 15)
(12, 15)
(13, 15)
(14, 15)
(14, 16)
(14, 17)
(15, 17)
(16, 17)
(17, 17)
(17, 18)
(17, 19)
kaikki ok
Reitin pituus: 13
(14, 17)
(14, 16)
(14, 15)
(14, 14)
(14, 13)
(13, 13)
(12, 13)
(12, 12)
(12, 11)
(11, 11)
(10, 11)
(9, 11)
(8, 11)
(7, 11)
kaikki ok
Reitin pituus: 10
(9, 3)
(8, 3)
(7, 3)
(6, 3)
(5, 3)
(4, 3)
(4, 2)
(4, 1)
(3, 1)
(2, 1)
(1, 1)
kaikki ok
Reitin pituus: 7
(2, 17)
(2, 16)
(2, 15)
(1, 15)
(1, 14)
(1, 13)
(2, 13)
(3, 13)
kaikki ok
Reitin pituus: 15
(12, 10)
(12, 9)
(13, 9)
(14, 9)
(14, 8)
(14, 7)
(14, 6)
(14, 5)
(14, 4)
(14, 3)
(13, 3)
(12, 3)
(11, 3)
(10, 3)
(10, 2)
(10, 1)
kaikki ok
Reitin pituus: 4
(14, 14)
(14, 13)
(13, 13)
(12, 13)
(11, 13)
kaikki ok
Reitin pituus: 12
(4, 4)
(4, 3)
(5, 3)
(6, 3)
(6, 4)
(6, 5)
(7, 5)
(8, 5)
(8, 6)
(8, 7)
(9, 7)
(10, 7)
(11, 7)
kaikki ok
Reitin pituus: 17
(15, 1)
(14, 1)
(13, 1)
(12, 1)
(11, 1)
(10, 1)
(10, 2)
(10, 3)
(9, 3)
(8, 3)
(7, 3)
(6, 3)
(5, 3)
(4, 3)
(4, 4)
(4, 5)
(4, 6)
(4, 7)
kaikki ok
Reitin pituus: 11
(4, 3)
(4, 4)
(4, 5)
(4, 6)
(4, 7)
(4, 8)
(4, 9)
(5, 9)
(6, 9)
(6, 10)
(6, 11)
(7, 11)
kaikki ok
Reitin pituus: 2
(10, 17)
(11, 17)
(12, 17)
kaikki ok
Reitin pituus: 21
(12, 13)
(12, 12)
(12, 11)
(12, 10)
(12, 9)
(12, 8)
(12, 7)
(11, 7)
(10, 7)
(9, 7)
(8, 7)
(8, 6)
(8, 5)
(7, 5)
(6, 5)
(6, 4)
(6, 3)
(7, 3)
(8, 3)
(8, 2)
(8, 1)
(7, 1)
kaikki ok
Reitin pituus: 21
(10, 1)
(11, 1)
(12, 1)
(13, 1)
(14, 1)
(14, 2)
(14, 3)
(14, 4)
(14, 5)
(14, 6)
(14, 7)
(14, 8)
(14, 9)
(14, 10)
(14, 11)
(14, 12)
(14, 13)
(14, 14)
(14, 15)
(13, 15)
(12, 15)
(12, 16)
kaikki ok
Reitin pituus: 12
(5, 1)
(4, 1)
(4, 2)
(4, 3)
(5, 3)
(6, 3)
(6, 4)
(6, 5)
(7, 5)
(8, 5)
(8, 6)
(8, 7)
(7, 7)
kaikki ok
Reitin pituus: 19
(6, 19)
(7, 19)
(8, 19)
(9, 19)
(10, 19)
(10, 18)
(10, 17)
(11, 17)
(12, 17)
(12, 16)
(12, 15)
(13, 15)
(14, 15)
(14, 14)
(14, 13)
(14, 12)
(14, 11)
(14, 10)
(14, 9)
(13, 9)
kaikki ok
Reitin pituus: 4
(12, 12)
(12, 13)
(11, 13)
(10, 13)
(10, 14)
kaikki ok
Reitin pituus: 8
(14, 10)
(14, 9)
(13, 9)
(12, 9)
(12, 8)
(12, 7)
(11, 7)
(10, 7)
(9, 7)
kaikki ok
Reitin pituus: 12
(11, 3)
(10, 3)
(9, 3)
(8, 3)
(7, 3)
(6, 3)
(5, 3)
(4, 3)
(3, 3)
(2, 3)
(1, 3)
(1, 2)
(1, 1)
kaikki ok
Reitin pituus: 21
(15, 3)
(14, 3)
(13, 3)
(12, 3)
(12, 4)
(12, 5)
(11, 5)
(10, 5)
(10, 6)
(10, 7)
(9, 7)
(8, 7)
(7, 7)
(6, 7)
(6, 8)
(6, 9)
(6, 10)
(6, 11)
(6, 12)
(6, 13)
(7, 13)
(8, 13)
kaikki ok
Reitin pituus: 13
(16, 15)
(17, 15)
(17, 14)
(17, 13)
(16, 13)
(15, 13)
(14, 13)
(13, 13)
(12, 13)
(12, 12)
(12, 11)
(11, 11)
(10, 11)
(9, 11)
kaikki ok
Reitin pituus: 10
(15, 19)
(16, 19)
(17, 19)
(17, 18)
(17, 17)
(16, 17)
(16, 16)
(16, 15)
(17, 15)
(17, 14)
(17, 13)
kaikki ok
Reitin pituus: 8
(4, 6)
(4, 7)
(4, 8)
(4, 9)
(5, 9)
(6, 9)
(6, 10)
(6, 11)
(6, 12)
kaikki ok
Reitin pituus: 1
(13, 3)
(12, 3)
kaikki ok
Reitin pituus: 31
(1, 2)
(1, 3)
(1, 4)
(1, 5)
(2, 5)
(3, 5)
(4, 5)
(4, 6)
(4, 7)
(4, 8)
(4, 9)
(4, 10)
(4, 11)
(4, 12)
(4, 13)
(4, 14)
(4, 15)
(5, 15)
(6, 15)
(6, 16)
(6, 17)
(7, 17)
(8, 17)
(8, 18)
(8, 19)
(9, 19)
(10, 19)
(11, 19)
(12, 19)
(13, 19)
(14, 19)
(15, 19)
kaikki ok
Reitin pituus: 24
(8, 17)
(7, 17)
(6, 17)
(6, 16)
(6, 15)
(7, 15)
(8, 15)
(9, 15)
(10, 15)
(10, 14)
(10, 13)
(11, 13)
(12, 13)
(12, 12)
(12, 11)
(12, 10)
(12, 9)
(12, 8)
(12, 7)
(11, 7)
(10, 7)
(10, 6)
(10, 5)
(11, 5)
(12, 5)
kaikki ok
Reitin pituus: 21
(7, 15)
(8, 15)
(9, 15)
(10, 15)
(11, 15)
(12, 15)
(13, 15)
(14, 15)
(14, 14)
(14, 13)
(14, 12)
(14, 11)
(14, 10)
(14, 9)
(14, 8)
(14, 7)
(14, 6)
(14, 5)
(14, 4)
(14, 3)
(15, 3)
(16, 3)
kaikki ok
Reitin pituus: 9
(10, 7)
(9, 7)
(8, 7)
(7, 7)
(6, 7)
(6, 8)
(6, 9)
(6, 10)
(6, 11)
(6, 12)
kaikki ok
Reitin pituus: 20
(2, 16)
(2, 17)
(3, 17)
(4, 17)
(4, 16)
(4, 15)
(4, 14)
(4, 13)
(5, 13)
(6, 13)
(6, 12)
(6, 11)
(6, 10)
(6, 9)
(6, 8)
(6, 7)
(7, 7)
(8, 7)
(9, 7)
(10, 7)
(11, 7)
kaikki ok
Reitin pituus: 6
(12, 11)
(12, 10)
(12, 9)
(13, 9)
(14, 9)
(14, 8)
(14, 7)
kaikki ok
Reitin pituus: 19
(1, 14)
(1, 13)
(2, 13)
(3, 13)
(4, 13)
(5, 13)
(6, 13)
(6, 12)
(6, 11)
(7, 11)
(8, 11)
(9, 11)
(10, 11)
(11, 11)
(12, 11)
(12, 10)
(12, 9)
(13, 9)
(14, 9)
(14, 8)
kaikki ok
Reitin pituus: 27
(14, 16)
(14, 15)
(13, 15)
(12, 15)
(11, 15)
(10, 15)
(9, 15)
(8, 15)
(8, 14)
(8, 13)
(7, 13)
(6, 13)
(6, 12)
(6, 11)
(6, 10)
(6, 9)
(5, 9)
(4, 9)
(4, 8)
(4, 7)
(4, 6)
(4, 5)
(4, 4)
(4, 3)
(3, 3)
(2, 3)
(1, 3)
(1, 2)
kaikki ok
Reitin pituus: 9
(10, 5)
(11, 5)
(12, 5)
(12, 4)
(12, 3)
(13, 3)
(14, 3)
(15, 3)
(16, 3)
(17, 3)
kaikki ok
Reitin pituus: 6
(14, 2)
(14, 3)
(13, 3)
(12, 3)
(12, 4)
(12, 5)
(11, 5)
kaikki ok
Reitin pituus: 9
(9, 7)
(10, 7)
(11, 7)
(12, 7)
(12, 8)
(12, 9)
(13, 9)
(14, 9)
(14, 10)
(14, 11)
kaikki ok
Reitin pituus: 17
(11, 1)
(10, 1)
(10, 2)
(10, 3)
(9, 3)
(8, 3)
(7, 3)
(6, 3)
(5, 3)
(4, 3)
(4, 4)
(4, 5)
(4, 6)
(4, 7)
(4, 8)
(4, 9)
(4, 10)
(4, 11)
kaikki ok
Reitin pituus: 18
(11, 13)
(12, 13)
(12, 12)
(12, 11)
(12, 10)
(12, 9)
(12, 8)
(12, 7)
(11, 7)
(10, 7)
(9, 7)
(8, 7)
(8, 6)
(8, 5)
(7, 5)
(6, 5)
(6, 4)
(6, 3)
(7, 3)
kaikki ok
Reitin pituus: 31
(1, 17)
(2, 17)
(3, 17)
(4, 17)
(4, 16)
(4, 15)
(5, 15)
(6, 15)
(7, 15)
(8, 15)
(9, 15)
(10, 15)
(10, 14)
(10, 13)
(11, 13)
(12, 13)
(12, 12)
(12, 11)
(12, 10)
(12, 9)
(13, 9)
(14, 9)
(14, 8)
(14, 7)
(14, 6)
(14, 5)
(14, 4)
(14, 3)
(15, 3)
(16, 3)
(17, 3)
(17, 2)
kaikki ok
Reitin pituus: 28
(1, 14)
(1, 13)
(2, 13)
(3, 13)
(4, 13)
(4, 12)
(4, 11)
(4, 10)
(4, 9)
(4, 8)
(4, 7)
(4, 6)
(4, 5)
(4, 4)
(4, 3)
(5, 3)
(6, 3)
(7, 3)
(8, 3)
(9, 3)
(10, 3)
(11, 3)
(12, 3)
(13, 3)
(14, 3)
(15, 3)
(16, 3)
(17, 3)
(17, 2)
kaikki ok
Reitin pituus: 11
(11, 13)
(12, 13)
(12, 12)
(12, 11)
(11, 11)
(10, 11)
(9, 11)
(8, 11)
(7, 11)
(6, 11)
(6, 10)
(6, 9)
kaikki ok
Reitin pituus: 22
(4, 15)
(4, 14)
(4, 13)
(5, 13)
(6, 13)
(6, 12)
(6, 11)
(7, 11)
(8, 11)
(9, 11)
(10, 11)
(11, 11)
(12, 11)
(12, 10)
(12, 9)
(13, 9)
(14, 9)
(14, 8)
(14, 7)
(14, 6)
(14, 5)
(15, 5)
(16, 5)
kaikki ok
Reitin pituus: 7
(10, 7)
(10, 6)
(10, 5)
(11, 5)
(12, 5)
(12, 4)
(12, 3)
(11, 3)
kaikki ok
Reitin pituus: 10
(10, 18)
(10, 17)
(11, 17)
(12, 17)
(12, 16)
(12, 15)
(13, 15)
(14, 15)
(14, 14)
(14, 13)
(13, 13)
kaikki ok
Reitin pituus: 18
(17, 17)
(17, 18)
(17, 19)
(16, 19)
(15, 19)
(14, 19)
(13, 19)
(12, 19)
(11, 19)
(10, 19)
(9, 19)
(8, 19)
(7, 19)
(6, 19)
(5, 19)
(4, 19)
(3, 19)
(2, 19)
(1, 19)
kaikki ok
Reitin pituus: 20
(7, 3)
(8, 3)
(9, 3)
(10, 3)
(11, 3)
(12, 3)
(13, 3)
(14, 3)
(14, 4)
(14, 5)
(14, 6)
(14, 7)
(14, 8)
(14, 9)
(14, 10)
(14, 11)
(14, 12)
(14, 13)
(14, 14)
(14, 15)
(13, 15)
kaikki ok
Reitin pituus: 23
(8, 9)
(9, 9)
(9, 8)
(9, 7)
(8, 7)
(7, 7)
(6, 7)
(6, 8)
(6, 9)
(6, 10)
(6, 11)
(6, 12)
(6, 13)
(7, 13)
(8, 13)
(8, 14)
(8, 15)
(7, 15)
(6, 15)
(6, 16)
(6, 17)
(7, 17)
(8, 17)
(8, 18)
kaikki ok
Reitin pituus: 23
(11, 19)
(10, 19)
(9, 19)
(8, 19)
(8, 18)
(8, 17)
(7, 17)
(6, 17)
(6, 16)
(6, 15)
(5, 15)
(4, 15)
(4, 14)
(4, 13)
(4, 12)
(4, 11)
(4, 10)
(4, 9)
(4, 8)
(4, 7)
(4, 6)
(4, 5)
(4, 4)
(4, 3)
kaikki ok
Reitin pituus: 24
(14, 17)
(14, 16)
(14, 15)
(13, 15)
(12, 15)
(11, 15)
(10, 15)
(9, 15)
(8, 15)
(8, 14)
(8, 13)
(7, 13)
(6, 13)
(6, 12)
(6, 11)
(6, 10)
(6, 9)
(5, 9)
(4, 9)
(4, 8)
(4, 7)
(4, 6)
(4, 5)
(4, 4)
(4, 3)
kaikki ok
Reitin pituus: 8
(10, 13)
(10, 14)
(10, 15)
(9, 15)
(8, 15)
(7, 15)
(6, 15)
(5, 15)
(4, 15)
kaikki ok
Reitin pituus: 23
(10, 1)
(10, 2)
(10, 3)
(11, 3)
(12, 3)
(12, 4)
(12, 5)
(11, 5)
(10, 5)
(10, 6)
(10, 7)
(11, 7)
(12, 7)
(12, 8)
(12, 9)
(12, 10)
(12, 11)
(12, 12)
(12, 13)
(11, 13)
(10, 13)
(10, 14)
(10, 15)
(9, 15)
kaikki ok
Reitin pituus: 4
(15, 3)
(14, 3)
(14, 2)
(14, 1)
(15, 1)
kaikki ok
Reitin pituus: 4
(6, 12)
(6, 13)
(5, 13)
(4, 13)
(4, 14)
kaikki ok
Reitin pituus: 9
(1, 14)
(1, 13)
(2, 13)
(3, 13)
(4, 13)
(5, 13)
(6, 13)
(7, 13)
(8, 13)
(8, 14)
kaikki ok
Reitin pituus: 14
(10, 11)
(11, 11)
(12, 11)
(12, 10)
(12, 9)
(13, 9)
(14, 9)
(14, 8)
(14, 7)
(14, 6)
(14, 5)
(14, 4)
(14, 3)
(15, 3)
(16, 3)
kaikki ok
Reitin pituus: 11
(1, 19)
(2, 19)
(3, 19)
(4, 19)
(5, 19)
(6, 19)
(7, 19)
(8, 19)
(9, 19)
(10, 19)
(11, 19)
(12, 19)
kaikki ok
Reitin pituus: 5
(16, 15)
(16, 16)
(16, 17)
(17, 17)
(17, 18)
(17, 19)
kaikki ok
Reitin pituus: 18
(9, 11)
(8, 11)
(7, 11)
(6, 11)
(6, 12)
(6, 13)
(7, 13)
(8, 13)
(8, 14)
(8, 15)
(7, 15)
(6, 15)
(6, 16)
(6, 17)
(7, 17)
(8, 17)
(8, 18)
(8, 19)
(7, 19)
kaikki ok
Reitin pituus: 10
(6, 15)
(6, 16)
(6, 17)
(7, 17)
(8, 17)
(8, 18)
(8, 19)
(9, 19)
(10, 19)
(11, 19)
(12, 19)
kaikki ok
Reitin pituus: 18
(4, 17)
(4, 16)
(4, 15)
(4, 14)
(4, 13)
(4, 12)
(4, 11)
(4, 10)
(4, 9)
(4, 8)
(4, 7)
(4, 6)
(4, 5)
(4, 4)
(4, 3)
(4, 2)
(4, 1)
(5, 1)
(6, 1)
kaikki ok
Reitin pituus: 15
(6, 13)
(6, 12)
(6, 11)
(7, 11)
(8, 11)
(9, 11)
(10, 11)
(11, 11)
(12, 11)
(12, 10)
(12, 9)
(13, 9)
(14, 9)
(14, 8)
(14, 7)
(14, 6)
kaikki ok
Reitin pituus: 16
(4, 2)
(4, 3)
(4, 4)
(4, 5)
(4, 6)
(4, 7)
(4, 8)
(4, 9)
(4, 10)
(4, 11)
(4, 12)
(4, 13)
(4, 14)
(4, 15)
(4, 16)
(4, 17)
(3, 17)
kaikki ok
Reitin pituus: 11
(10, 15)
(9, 15)
(8, 15)
(7, 15)
(6, 15)
(5, 15)
(4, 15)
(4, 14)
(4, 13)
(4, 12)
(4, 11)
(4, 10)
kaikki ok
Reitin pituus: 13
(7, 11)
(6, 11)
(6, 12)
(6, 13)
(7, 13)
(8, 13)
(8, 14)
(8, 15)
(9, 15)
(10, 15)
(11, 15)
(12, 15)
(12, 16)
(12, 17)
kaikki ok
Reitin pituus: 31
(1, 18)
(1, 17)
(2, 17)
(3, 17)
(4, 17)
(4, 16)
(4, 15)
(4, 14)
(4, 13)
(4, 12)
(4, 11)
(4, 10)
(4, 9)
(4, 8)
(4, 7)
(4, 6)
(4, 5)
(4, 4)
(4, 3)
(5, 3)
(6, 3)
(7, 3)
(8, 3)
(9, 3)
(10, 3)
(10, 2)
(10, 1)
(11, 1)
(12, 1)
(13, 1)
(14, 1)
(15, 1)
kaikki ok
Reitin pituus: 18
(5, 1)
(4, 1)
(4, 2)
(4, 3)
(5, 3)
(6, 3)
(6, 4)
(6, 5)
(7, 5)
(8, 5)
(8, 6)
(8, 7)
(9, 7)
(10, 7)
(11, 7)
(12, 7)
(12, 8)
(12, 9)
(13, 9)
kaikki ok
Reitin pituus: 8
(12, 5)
(11, 5)
(10, 5)
(10, 6)
(10, 7)
(9, 7)
(9, 8)
(9, 9)
(8, 9)
kaikki ok
Reitin pituus: 17
(6, 8)
(6, 7)
(7, 7)
(8, 7)
(9, 7)
(10, 7)
(10, 6)
(10, 5)
(11, 5)
(12, 5)
(12, 4)
(12, 3)
(13, 3)
(14, 3)
(15, 3)
(16, 3)
(17, 3)
(17, 4)
kaikki ok
Reitin pituus: 18
(17, 4)
(17, 3)
(16, 3)
(15, 3)
(14, 3)
(13, 3)
(12, 3)
(11, 3)
(10, 3)
(9, 3)
(8, 3)
(7, 3)
(6, 3)
(5, 3)
(4, 3)
(3, 3)
(2, 3)
(1, 3)
(1, 2)
kaikki ok
Reitin pituus: 15
(16, 15)
(16, 16)
(16, 17)
(17, 17)
(17, 18)
(17, 19)
(16, 19)
(15, 19)
(14, 19)
(13, 19)
(12, 19)
(11, 19)
(10, 19)
(9, 19)
(8, 19)
(7, 19)
kaikki ok
Reitin pituus: 14
(7, 1)
(6, 1)
(5, 1)
(4, 1)
(4, 2)
(4, 3)
(4, 4)
(4, 5)
(4, 6)
(4, 7)
(4, 8)
(4, 9)
(5, 9)
(6, 9)
(6, 10)
kaikki ok
Reitin pituus: 11
(12, 13)
(12, 12)
(12, 11)
(12, 10)
(12, 9)
(12, 8)
(12, 7)
(11, 7)
(10, 7)
(9, 7)
(8, 7)
(7, 7)
kaikki ok
Reitin pituus: 20
(4, 11)
(4, 12)
(4, 13)
(5, 13)
(6, 13)
(7, 13)
(8, 13)
(8, 14)
(8, 15)
(9, 15)
(10, 15)
(11, 15)
(12, 15)
(13, 15)
(14, 15)
(14, 16)
(14, 17)
(15, 17)
(16, 17)
(17, 17)
(17, 18)
kaikki ok
Reitin pituus: 9
(14, 10)
(14, 9)
(13, 9)
(12, 9)
(12, 10)
(12, 11)
(11, 11)
(10, 11)
(9, 11)
(8, 11)
kaikki ok
Reitin pituus: 14
(7, 5)
(8, 5)
(8, 6)
(8, 7)
(9, 7)
(10, 7)
(11, 7)
(12, 7)
(12, 8)
(12, 9)
(12, 10)
(12, 11)
(12, 12)
(12, 13)
(13, 13)
kaikki ok
Reitin pituus: 15
(8, 6)
(8, 7)
(7, 7)
(6, 7)
(6, 8)
(6, 9)
(6, 10)
(6, 11)
(6, 12)
(6, 13)
(5, 13)
(4, 13)
(3, 13)
(2, 13)
(1, 13)
(1, 14)
kaikki ok
Reitin pituus: 4
(17, 13)
(16, 13)
(15, 13)
(14, 13)
(13, 13)
kaikki ok
Reitin pituus: 20
(17, 3)
(16, 3)
(15, 3)
(14, 3)
(14, 4)
(14, 5)
(14, 6)
(14, 7)
(14, 8)
(14, 9)
(14, 10)
(14, 11)
(14, 12)
(14, 13)
(14, 14)
(14, 15)
(13, 15)
(12, 15)
(12, 16)
(12, 17)
(11, 17)
kaikki ok
Reitin pituus: 16
(5, 1)
(4, 1)
(4, 2)
(4, 3)
(4, 4)
(4, 5)
(4, 6)
(4, 7)
(4, 8)
(4, 9)
(4, 10)
(4, 11)
(4, 12)
(4, 13)
(4, 14)
(4, 15)
(5, 15)
kaikki ok
Reitin pituus: 2
(4, 13)
(4, 14)
(4, 15)
kaikki ok
Reitin pituus: 8
(16, 5)
(15, 5)
(14, 5)
(14, 6)
(14, 7)
(14, 8)
(14, 9)
(14, 10)
(14, 11)
kaikki ok
Reitin pituus: 7
(15, 1)
(14, 1)
(14, 2)
(14, 3)
(13, 3)
(12, 3)
(12, 4)
(12, 5)
kaikki ok
Reitin pituus: 12
(4, 13)
(4, 14)
(4, 15)
(5, 15)
(6, 15)
(6, 16)
(6, 17)
(7, 17)
(8, 17)
(8, 18)
(8, 19)
(9, 19)
(10, 19)
kaikki ok
Reitin pituus: 8
(11, 1)
(12, 1)
(13, 1)
(14, 1)
(14, 2)
(14, 3)
(14, 4)
(14, 5)
(15, 5)
kaikki ok
Reitin pituus: 15
(17, 17)
(16, 17)
(15, 17)
(14, 17)
(14, 16)
(14, 15)
(13, 15)
(12, 15)
(11, 15)
(10, 15)
(9, 15)
(8, 15)
(8, 14)
(8, 13)
(7, 13)
(6, 13)
kaikki ok
Reitin pituus: 12
(10, 19)
(9, 19)
(8, 19)
(8, 18)
(8, 17)
(7, 17)
(6, 17)
(6, 16)
(6, 15)
(7, 15)
(8, 15)
(8, 14)
(8, 13)
kaikki ok
Reitin pituus: 4
(10, 7)
(10, 6)
(10, 5)
(11, 5)
(12, 5)
kaikki ok
Reitin pituus: 12
(6, 3)
(5, 3)
(4, 3)
(4, 4)
(4, 5)
(4, 6)
(4, 7)
(4, 8)
(4, 9)
(4, 10)
(4, 11)
(4, 12)
(4, 13)
kaikki ok
Reitin pituus: 27
(8, 5)
(8, 6)
(8, 7)
(9, 7)
(10, 7)
(11, 7)
(12, 7)
(12, 8)
(12, 9)
(12, 10)
(12, 11)
(12, 12)
(12, 13)
(13, 13)
(14, 13)
(14, 14)
(14, 15)
(14, 16)
(14, 17)
(15, 17)
(16, 17)
(17, 17)
(17, 18)
(17, 19)
(16, 19)
(15, 19)
(14, 19)
(13, 19)
kaikki ok
Reitin pituus: 6
(5, 13)
(6, 13)
(6, 12)
(6, 11)
(6, 10)
(6, 9)
(6, 8)
kaikki ok
Reitin pituus: 21
(2, 19)
(1, 19)
(1, 18)
(1, 17)
(2, 17)
(3, 17)
(4, 17)
(4, 16)
(4, 15)
(4, 14)
(4, 13)
(5, 13)
(6, 13)
(6, 12)
(6, 11)
(6, 10)
(6, 9)
(6, 8)
(6, 7)
(7, 7)
(8, 7)
(9, 7)
kaikki ok
Reitin pituus: 2
(11, 11)
(12, 11)
(12, 10)
kaikki ok
Reitin pituus: 2
(14, 6)
(14, 7)
(14, 8)
kaikki ok
Reitin pituus: 3
(13, 1)
(14, 1)
(15, 1)
(16, 1)
kaikki ok
Reitin pituus: 7
(12, 4)
(12, 3)
(11, 3)
(10, 3)
(9, 3)
(8, 3)
(8, 2)
(8, 1)
kaikki ok
Reitin pituus: 23
(17, 3)
(16, 3)
(15, 3)
(14, 3)
(14, 4)
(14, 5)
(14, 6)
(14, 7)
(14, 8)
(14, 9)
(14, 10)
(14, 11)
(14, 12)
(14, 13)
(13, 13)
(12, 13)
(11, 13)
(10, 13)
(10, 14)
(10, 15)
(9, 15)
(8, 15)
(7, 15)
(6, 15)
kaikki ok
Reitin pituus: 15
(17, 19)
(17, 18)
(17, 17)
(16, 17)
(15, 17)
(14, 17)
(14, 16)
(14, 15)
(13, 15)
(12, 15)
(11, 15)
(10, 15)
(9, 15)
(8, 15)
(8, 14)
(8, 13)
kaikki ok
Reitin pituus: 9
(12, 11)
(12, 10)
(12, 9)
(12, 8)
(12, 7)
(11, 7)
(10, 7)
(9, 7)
(9, 8)
(9, 9)
kaikki ok
Reitin pituus: 16
(1, 19)
(1, 18)
(1, 17)
(2, 17)
(3, 17)
(4, 17)
(4, 16)
(4, 15)
(5, 15)
(6, 15)
(7, 15)
(8, 15)
(9, 15)
(10, 15)
(10, 14)
(10, 13)
(11, 13)
kaikki ok
Reitin pituus: 17
(2, 17)
(3, 17)
(4, 17)
(4, 16)
(4, 15)
(4, 14)
(4, 13)
(4, 12)
(4, 11)
(4, 10)
(4, 9)
(4, 8)
(4, 7)
(4, 6)
(4, 5)
(4, 4)
(4, 3)
(4, 2)
kaikki ok
Reitin pituus: 12
(12, 3)
(11, 3)
(10, 3)
(9, 3)
(8, 3)
(7, 3)
(6, 3)
(5, 3)
(4, 3)
(4, 4)
(4, 5)
(4, 6)
(4, 7)
kaikki ok
Reitin pituus: 10
(3, 3)
(4, 3)
(5, 3)
(6, 3)
(7, 3)
(8, 3)
(9, 3)
(10, 3)
(11, 3)
(12, 3)
(12, 4)
kaikki ok
Reitin pituus: 6
(8, 19)
(9, 19)
(10, 19)
(11, 19)
(12, 19)
(13, 19)
(14, 19)
kaikki ok
Reitin pituus: 15
(6, 15)
(7, 15)
(8, 15)
(9, 15)
(10, 15)
(10, 14)
(10, 13)
(11, 13)
(12, 13)
(13, 13)
(14, 13)
(15, 13)
(16, 13)
(17, 13)
(17, 14)
(17, 15)
kaikki ok
Reitin pituus: 24
(9, 19)
(8, 19)
(8, 18)
(8, 17)
(7, 17)
(6, 17)
(6, 16)
(6, 15)
(5, 15)
(4, 15)
(4, 14)
(4, 13)
(4, 12)
(4, 11)
(4, 10)
(4, 9)
(4, 8)
(4, 7)
(4, 6)
(4, 5)
(4, 4)
(4, 3)
(3, 3)
(2, 3)
(1, 3)
kaikki ok
Reitin pituus: 24
(17, 3)
(16, 3)
(15, 3)
(14, 3)
(14, 4)
(14, 5)
(14, 6)
(14, 7)
(14, 8)
(14, 9)
(14, 10)
(14, 11)
(14, 12)
(14, 13)
(13, 13)
(12, 13)
(11, 13)
(10, 13)
(10, 14)
(10, 15)
(9, 15)
(8, 15)
(7, 15)
(6, 15)
(6, 16)
kaikki ok
Reitin pituus: 3
(10, 17)
(10, 18)
(10, 19)
(11, 19)
kaikki ok
Reitin pituus: 13
(11, 11)
(12, 11)
(12, 10)
(12, 9)
(13, 9)
(14, 9)
(14, 8)
(14, 7)
(14, 6)
(14, 5)
(15, 5)
(16, 5)
(17, 5)
(17, 4)
kaikki ok
Reitin pituus: 15
(7, 15)
(6, 15)
(5, 15)
(4, 15)
(4, 14)
(4, 13)
(4, 12)
(4, 11)
(4, 10)
(4, 9)
(4, 8)
(4, 7)
(4, 6)
(4, 5)
(4, 4)
(4, 3)
kaikki ok
Reitin pituus: 9
(8, 13)
(8, 14)
(8, 15)
(9, 15)
(10, 15)
(11, 15)
(12, 15)
(13, 15)
(14, 15)
(14, 16)
kaikki ok
Reitin pituus: 15
(5, 15)
(6, 15)
(7, 15)
(8, 15)
(9, 15)
(10, 15)
(11, 15)
(12, 15)
(13, 15)
(14, 15)
(14, 14)
(14, 13)
(15, 13)
(16, 13)
(17, 13)
(17, 14)
kaikki ok
Reitin pituus: 17
(13, 9)
(12, 9)
(12, 8)
(12, 7)
(11, 7)
(10, 7)
(9, 7)
(8, 7)
(8, 6)
(8, 5)
(7, 5)
(6, 5)
(6, 4)
(6, 3)
(5, 3)
(4, 3)
(4, 2)
(4, 1)
kaikki ok
Reitin pituus: 25
(15, 3)
(14, 3)
(14, 4)
(14, 5)
(14, 6)
(14, 7)
(14, 8)
(14, 9)
(14, 10)
(14, 11)
(14, 12)
(14, 13)
(14, 14)
(14, 15)
(13, 15)
(12, 15)
(12, 16)
(12, 17)
(11, 17)
(10, 17)
(10, 18)
(10, 19)
(9, 19)
(8, 19)
(8, 18)
(8, 17)
kaikki ok
Reitin pituus: 7
(11, 11)
(12, 11)
(12, 12)
(12, 13)
(13, 13)
(14, 13)
(14, 14)
(14, 15)
kaikki ok
Reitin pituus: 11
(14, 14)
(14, 15)
(13, 15)
(12, 15)
(12, 16)
(12, 17)
(11, 17)
(10, 17)
(10, 18)
(10, 19)
(9, 19)
(8, 19)
kaikki ok
Reitin pituus: 5
(10, 7)
(10, 6)
(10, 5)
(11, 5)
(12, 5)
(12, 4)
kaikki ok
Reitin pituus: 17
(9, 9)
(9, 8)
(9, 7)
(10, 7)
(11, 7)
(12, 7)
(12, 8)
(12, 9)
(12, 10)
(12, 11)
(12, 12)
(12, 13)
(11, 13)
(10, 13)
(10, 14)
(10, 15)
(11, 15)
(12, 15)
kaikki ok
Reitin pituus: 3
(8, 13)
(8, 14)
(8, 15)
(9, 15)
kaikki ok
Reitin pituus: 23
(10, 14)
(10, 13)
(11, 13)
(12, 13)
(12, 12)
(12, 11)
(12, 10)
(12, 9)
(12, 8)
(12, 7)
(11, 7)
(10, 7)
(9, 7)
(8, 7)
(8, 6)
(8, 5)
(7, 5)
(6, 5)
(6, 4)
(6, 3)
(7, 3)
(8, 3)
(8, 2)
(8, 1)
kaikki ok
Reitin pituus: 13
(14, 12)
(14, 13)
(14, 14)
(14, 15)
(13, 15)
(12, 15)
(12, 16)
(12, 17)
(11, 17)
(10, 17)
(10, 18)
(10, 19)
(9, 19)
(8, 19)
kaikki ok
Reitin pituus: 6
(12, 1)
(13, 1)
(14, 1)
(14, 2)
(14, 3)
(14, 4)
(14, 5)
kaikki ok
Reitin pituus: 5
(12, 12)
(12, 11)
(12, 10)
(12, 9)
(12, 8)
(12, 7)
kaikki ok
Reitin pituus: 8
(16, 15)
(17, 15)
(17, 14)
(17, 13)
(16, 13)
(15, 13)
(14, 13)
(13, 13)
(12, 13)
kaikki ok
Reitin pituus: 3
(7, 3)
(8, 3)
(9, 3)
(10, 3)
kaikki ok
Reitin pituus: 10
(2, 5)
(3, 5)
(4, 5)
(4, 4)
(4, 3)
(4, 2)
(4, 1)
(5, 1)
(6, 1)
(7, 1)
(8, 1)
kaikki ok
Reitin pituus: 25
(2, 17)
(3, 17)
(4, 17)
(4, 16)
(4, 15)
(4, 14)
(4, 13)
(4, 12)
(4, 11)
(4, 10)
(4, 9)
(4, 8)
(4, 7)
(4, 6)
(4, 5)
(4, 4)
(4, 3)
(5, 3)
(6, 3)
(7, 3)
(8, 3)
(9, 3)
(10, 3)
(10, 2)
(10, 1)
(11, 1)
kaikki ok
Reitin pituus: 8
(1, 13)
(2, 13)
(3, 13)
(4, 13)
(5, 13)
(6, 13)
(6, 12)
(6, 11)
(6, 10)
kaikki ok
Reitin pituus: 22
(8, 2)
(8, 3)
(7, 3)
(6, 3)
(5, 3)
(4, 3)
(4, 4)
(4, 5)
(4, 6)
(4, 7)
(4, 8)
(4, 9)
(5, 9)
(6, 9)
(6, 10)
(6, 11)
(6, 12)
(6, 13)
(7, 13)
(8, 13)
(8, 14)
(8, 15)
(9, 15)
kaikki ok
Reitin pituus: 9
(14, 11)
(14, 12)
(14, 13)
(13, 13)
(12, 13)
(11, 13)
(10, 13)
(10, 14)
(10, 15)
(9, 15)
kaikki ok
Reitin pituus: 15
(10, 17)
(11, 17)
(12, 17)
(12, 16)
(12, 15)
(11, 15)
(10, 15)
(9, 15)
(8, 15)
(8, 14)
(8, 13)
(7, 13)
(6, 13)
(6, 12)
(6, 11)
(6, 10)
kaikki ok
Reitin pituus: 17
(16, 19)
(15, 19)
(14, 19)
(13, 19)
(12, 19)
(11, 19)
(10, 19)
(9, 19)
(8, 19)
(7, 19)
(6, 19)
(5, 19)
(4, 19)
(3, 19)
(2, 19)
(1, 19)
(1, 18)
(1, 17)
kaikki ok
Reitin pituus: 12
(3, 1)
(4, 1)
(4, 2)
(4, 3)
(5, 3)
(6, 3)
(7, 3)
(8, 3)
(9, 3)
(10, 3)
(11, 3)
(12, 3)
(12, 4)
kaikki ok
Reitin pituus: 3
(14, 13)
(13, 13)
(12, 13)
(11, 13)
kaikki ok
Reitin pituus: 11
(11, 11)
(10, 11)
(9, 11)
(8, 11)
(7, 11)
(6, 11)
(6, 12)
(6, 13)
(5, 13)
(4, 13)
(4, 14)
(4, 15)
kaikki ok
Reitin pituus: 19
(17, 4)
(17, 5)
(16, 5)
(15, 5)
(14, 5)
(14, 6)
(14, 7)
(14, 8)
(14, 9)
(14, 10)
(14, 11)
(14, 12)
(14, 13)
(14, 14)
(14, 15)
(13, 15)
(12, 15)
(12, 16)
(12, 17)
(11, 17)
kaikki ok
Reitin pituus: 18
(6, 10)
(6, 9)
(6, 8)
(6, 7)
(7, 7)
(8, 7)
(9, 7)
(10, 7)
(10, 6)
(10, 5)
(11, 5)
(12, 5)
(12, 4)
(12, 3)
(13, 3)
(14, 3)
(14, 2)
(14, 1)
(13, 1)
kaikki ok
Reitin pituus: 14
(17, 3)
(16, 3)
(15, 3)
(14, 3)
(13, 3)
(12, 3)
(11, 3)
(10, 3)
(9, 3)
(8, 3)
(7, 3)
(6, 3)
(5, 3)
(4, 3)
(4, 2)
kaikki ok
Reitin pituus: 10
(12, 8)
(12, 9)
(12, 10)
(12, 11)
(11, 11)
(10, 11)
(9, 11)
(8, 11)
(7, 11)
(6, 11)
(6, 12)
kaikki ok
Reitin pituus: 9
(5, 13)
(4, 13)
(4, 14)
(4, 15)
(4, 16)
(4, 17)
(3, 17)
(2, 17)
(1, 17)
(1, 18)
kaikki ok
Reitin pituus: 19
(7, 11)
(6, 11)
(6, 12)
(6, 13)
(7, 13)
(8, 13)
(8, 14)
(8, 15)
(9, 15)
(10, 15)
(11, 15)
(12, 15)
(12, 16)
(12, 17)
(11, 17)
(10, 17)
(10, 18)
(10, 19)
(11, 19)
(12, 19)
kaikki ok
Reitin pituus: 16
(4, 2)
(4, 3)
(4, 4)
(4, 5)
(4, 6)
(4, 7)
(4, 8)
(4, 9)
(4, 10)
(4, 11)
(4, 12)
(4, 13)
(4, 14)
(4, 15)
(5, 15)
(6, 15)
(6, 16)
kaikki ok
Reitin pituus: 18
(2, 15)
(1, 15)
(1, 14)
(1, 13)
(2, 13)
(3, 13)
(4, 13)
(5, 13)
(6, 13)
(6, 12)
(6, 11)
(7, 11)
(8, 11)
(9, 11)
(10, 11)
(11, 11)
(12, 11)
(12, 10)
(12, 9)
kaikki ok
Reitin pituus: 12
(12, 16)
(12, 15)
(11, 15)
(10, 15)
(9, 15)
(8, 15)
(8, 14)
(8, 13)
(7, 13)
(6, 13)
(6, 12)
(6, 11)
(7, 11)
kaikki ok
Reitin pituus: 12
(4, 5)
(4, 6)
(4, 7)
(4, 8)
(4, 9)
(5, 9)
(6, 9)
(6, 10)
(6, 11)
(6, 12)
(6, 13)
(7, 13)
(8, 13)
kaikki ok
Reitin pituus: 10
(11, 5)
(10, 5)
(10, 6)
(10, 7)
(11, 7)
(12, 7)
(12, 8)
(12, 9)
(13, 9)
(14, 9)
(14, 10)
kaikki ok
Reitin pituus: 13
(3, 13)
(4, 13)
(5, 13)
(6, 13)
(6, 12)
(6, 11)
(7, 11)
(8, 11)
(9, 11)
(10, 11)
(11, 11)
(12, 11)
(12, 12)
(12, 13)
kaikki ok
Reitin pituus: 19
(7, 15)
(6, 15)
(5, 15)
(4, 15)
(4, 14)
(4, 13)
(4, 12)
(4, 11)
(4, 10)
(4, 9)
(4, 8)
(4, 7)
(4, 6)
(4, 5)
(3, 5)
(2, 5)
(1, 5)
(1, 4)
(1, 3)
(1, 2)
kaikki ok
Reitin pituus: 15
(10, 15)
(9, 15)
(8, 15)
(8, 14)
(8, 13)
(7, 13)
(6, 13)
(6, 12)
(6, 11)
(6, 10)
(6, 9)
(6, 8)
(6, 7)
(7, 7)
(8, 7)
(8, 6)
kaikki ok
Reitin pituus: 17
(14, 11)
(14, 12)
(14, 13)
(14, 14)
(14, 15)
(13, 15)
(12, 15)
(12, 16)
(12, 17)
(11, 17)
(10, 17)
(10, 18)
(10, 19)
(9, 19)
(8, 19)
(7, 19)
(6, 19)
(5, 19)
kaikki ok
Reitin pituus: 11
(9, 15)
(10, 15)
(11, 15)
(12, 15)
(12, 16)
(12, 17)
(11, 17)
(10, 17)
(10, 18)
(10, 19)
(11, 19)
(12, 19)
kaikki ok
Reitin pituus: 16
(2, 1)
(3, 1)
(4, 1)
(4, 2)
(4, 3)
(4, 4)
(4, 5)
(4, 6)
(4, 7)
(4, 8)
(4, 9)
(4, 10)
(4, 11)
(4, 12)
(4, 13)
(5, 13)
(6, 13)
kaikki ok
Reitin pituus: 11
(1, 4)
(1, 3)
(2, 3)
(3, 3)
(4, 3)
(5, 3)
(6, 3)
(6, 4)
(6, 5)
(7, 5)
(8, 5)
(8, 6)
kaikki ok
Reitin pituus: 9
(11, 7)
(12, 7)
(12, 8)
(12, 9)
(12, 10)
(12, 11)
(12, 12)
(12, 13)
(11, 13)
(10, 13)
kaikki ok
Reitin pituus: 3
(4, 13)
(5, 13)
(6, 13)
(6, 12)
kaikki ok
Reitin pituus: 24
(10, 6)
(10, 7)
(11, 7)
(12, 7)
(12, 8)
(12, 9)
(13, 9)
(14, 9)
(14, 10)
(14, 11)
(14, 12)
(14, 13)
(14, 14)
(14, 15)
(13, 15)
(12, 15)
(12, 16)
(12, 17)
(11, 17)
(10, 17)
(10, 18)
(10, 19)
(11, 19)
(12, 19)
(13, 19)
kaikki ok
Reitin pituus: 20
(10, 11)
(9, 11)
(8, 11)
(7, 11)
(6, 11)
(6, 12)
(6, 13)
(7, 13)
(8, 13)
(8, 14)
(8, 15)
(7, 15)
(6, 15)
(6, 16)
(6, 17)
(7, 17)
(8, 17)
(8, 18)
(8, 19)
(7, 19)
(6, 19)
kaikki ok
Reitin pituus: 0
(17, 14)
kaikki ok
Reitin pituus: 28
(5, 1)
(6, 1)
(7, 1)
(8, 1)
(8, 2)
(8, 3)
(9, 3)
(10, 3)
(11, 3)
(12, 3)
(13, 3)
(14, 3)
(14, 4)
(14, 5)
(14, 6)
(14, 7)
(14, 8)
(14, 9)
(14, 10)
(14, 11)
(14, 12)
(14, 13)
(14, 14)
(14, 15)
(14, 16)
(14, 17)
(15, 17)
(16, 17)
(17, 17)
kaikki ok
Reitin pituus: 19
(15, 17)
(14, 17)
(14, 16)
(14, 15)
(13, 15)
(12, 15)
(11, 15)
(10, 15)
(9, 15)
(8, 15)
(8, 14)
(8, 13)
(7, 13)
(6, 13)
(5, 13)
(4, 13)
(4, 12)
(4, 11)
(4, 10)
(4, 9)
kaikki ok
Reitin pituus: 11
(12, 5)
(11, 5)
(10, 5)
(10, 6)
(10, 7)
(11, 7)
(12, 7)
(12, 8)
(12, 9)
(13, 9)
(14, 9)
(14, 10)
kaikki ok
Reitin pituus: 5
(17, 19)
(17, 18)
(17, 17)
(16, 17)
(15, 17)
(14, 17)
kaikki ok
Reitin pituus: 6
(3, 5)
(4, 5)
(4, 4)
(4, 3)
(5, 3)
(6, 3)
(7, 3)
kaikki ok
Reitin pituus: 13
(15, 1)
(14, 1)
(14, 2)
(14, 3)
(13, 3)
(12, 3)
(12, 4)
(12, 5)
(11, 5)
(10, 5)
(10, 6)
(10, 7)
(11, 7)
(12, 7)
kaikki ok
Reitin pituus: 12
(8, 6)
(8, 5)
(7, 5)
(6, 5)
(6, 4)
(6, 3)
(5, 3)
(4, 3)
(4, 4)
(4, 5)
(3, 5)
(2, 5)
(1, 5)
kaikki ok
Reitin pituus: 17
(11, 3)
(10, 3)
(9, 3)
(8, 3)
(7, 3)
(6, 3)
(5, 3)
(4, 3)
(4, 4)
(4, 5)
(4, 6)
(4, 7)
(4, 8)
(4, 9)
(4, 10)
(4, 11)
(4, 12)
(4, 13)
kaikki ok
Reitin pituus: 30
(1, 18)
(1, 17)
(2, 17)
(3, 17)
(4, 17)
(4, 16)
(4, 15)
(4, 14)
(4, 13)
(4, 12)
(4, 11)
(4, 10)
(4, 9)
(4, 8)
(4, 7)
(4, 6)
(4, 5)
(4, 4)
(4, 3)
(5, 3)
(6, 3)
(7, 3)
(8, 3)
(9, 3)
(10, 3)
(11, 3)
(12, 3)
(13, 3)
(14, 3)
(15, 3)
(16, 3)
kaikki ok
Reitin pituus: 8
(12, 5)
(12, 4)
(12, 3)
(13, 3)
(14, 3)
(15, 3)
(16, 3)
(17, 3)
(17, 2)
kaikki ok
Reitin pituus: 27
(1, 1)
(1, 2)
(1, 3)
(1, 4)
(1, 5)
(2, 5)
(3, 5)
(4, 5)
(4, 6)
(4, 7)
(4, 8)
(4, 9)
(4, 10)
(4, 11)
(4, 12)
(4, 13)
(4, 14)
(4, 15)
(5, 15)
(6, 15)
(6, 16)
(6, 17)
(7, 17)
(8, 17)
(8, 18)
(8, 19)
(7, 19)
(6, 19)
kaikki ok
Reitin pituus: 10
(10, 11)
(11, 11)
(12, 11)
(12, 10)
(12, 9)
(12, 8)
(12, 7)
(11, 7)
(10, 7)
(10, 6)
(10, 5)
kaikki ok
Reitin pituus: 4
(10, 11)
(11, 11)
(12, 11)
(12, 10)
(12, 9)
kaikki ok
Reitin pituus: 22
(10, 17)
(11, 17)
(12, 17)
(12, 16)
(12, 15)
(13, 15)
(14, 15)
(14, 14)
(14, 13)
(14, 12)
(14, 11)
(14, 10)
(14, 9)
(14, 8)
(14, 7)
(14, 6)
(14, 5)
(14, 4)
(14, 3)
(13, 3)
(12, 3)
(12, 4)
(12, 5)
kaikki ok
Reitin pituus: 4
(12, 15)
(11, 15)
(10, 15)
(10, 14)
(10, 13)
kaikki ok
Reitin pituus: 15
(1, 5)
(2, 5)
(3, 5)
(4, 5)
(4, 6)
(4, 7)
(4, 8)
(4, 9)
(4, 10)
(4, 11)
(4, 12)
(4, 13)
(4, 14)
(4, 15)
(4, 16)
(4, 17)
kaikki ok
Reitin pituus: 29
(15, 3)
(14, 3)
(13, 3)
(12, 3)
(12, 4)
(12, 5)
(11, 5)
(10, 5)
(10, 6)
(10, 7)
(9, 7)
(8, 7)
(7, 7)
(6, 7)
(6, 8)
(6, 9)
(5, 9)
(4, 9)
(4, 10)
(4, 11)
(4, 12)
(4, 13)
(4, 14)
(4, 15)
(4, 16)
(4, 17)
(3, 17)
(2, 17)
(1, 17)
(1, 18)
kaikki ok
Reitin pituus: 2
(14, 8)
(14, 7)
(14, 6)
kaikki ok
Reitin pituus: 16
(1, 13)
(2, 13)
(3, 13)
(4, 13)
(4, 14)
(4, 15)
(5, 15)
(6, 15)
(6, 16)
(6, 17)
(7, 17)
(8, 17)
(8, 18)
(8, 19)
(9, 19)
(10, 19)
(11, 19)
kaikki ok
Reitin pituus: 11
(9, 7)
(8, 7)
(7, 7)
(6, 7)
(6, 8)
(6, 9)
(5, 9)
(4, 9)
(4, 10)
(4, 11)
(4, 12)
(4, 13)
kaikki ok
Reitin pituus: 15
(4, 4)
(4, 5)
(4, 6)
(4, 7)
(4, 8)
(4, 9)
(4, 10)
(4, 11)
(4, 12)
(4, 13)
(3, 13)
(2, 13)
(1, 13)
(1, 14)
(1, 15)
(2, 15)
kaikki ok
Reitin pituus: 16
(1, 18)
(1, 19)
(2, 19)
(3, 19)
(4, 19)
(5, 19)
(6, 19)
(7, 19)
(8, 19)
(9, 19)
(10, 19)
(11, 19)
(12, 19)
(13, 19)
(14, 19)
(15, 19)
(16, 19)
kaikki ok
Reitin pituus: 4
(4, 5)
(4, 4)
(4, 3)
(5, 3)
(6, 3)
kaikki ok
Reitin pituus: 12
(7, 19)
(6, 19)
(5, 19)
(4, 19)
(3, 19)
(2, 19)
(1, 19)
(1, 18)
(1, 17)
(2, 17)
(2, 16)
(2, 15)
(1, 15)
kaikki ok
Reitin pituus: 13
(12, 9)
(12, 8)
(12, 7)
(11, 7)
(10, 7)
(10, 6)
(10, 5)
(11, 5)
(12, 5)
(12, 4)
(12, 3)
(11, 3)
(10, 3)
(10, 2)
kaikki ok
Reitin pituus: 12
(8, 13)
(8, 14)
(8, 15)
(7, 15)
(6, 15)
(6, 16)
(6, 17)
(7, 17)
(8, 17)
(8, 18)
(8, 19)
(7, 19)
(6, 19)
kaikki ok
Reitin pituus: 18
(17, 2)
(17, 3)
(16, 3)
(15, 3)
(14, 3)
(13, 3)
(12, 3)
(11, 3)
(10, 3)
(9, 3)
(8, 3)
(7, 3)
(6, 3)
(5, 3)
(4, 3)
(3, 3)
(2, 3)
(1, 3)
(1, 2)
kaikki ok
Reitin pituus: 9
(9, 7)
(8, 7)
(7, 7)
(6, 7)
(6, 8)
(6, 9)
(5, 9)
(4, 9)
(4, 10)
(4, 11)
kaikki ok
Reitin pituus: 12
(7, 15)
(8, 15)
(9, 15)
(10, 15)
(11, 15)
(12, 15)
(13, 15)
(14, 15)
(14, 16)
(14, 17)
(15, 17)
(16, 17)
(16, 16)
kaikki ok
Reitin pituus: 17
(15, 19)
(16, 19)
(17, 19)
(17, 18)
(17, 17)
(16, 17)
(15, 17)
(14, 17)
(14, 16)
(14, 15)
(14, 14)
(14, 13)
(13, 13)
(12, 13)
(12, 12)
(12, 11)
(11, 11)
(10, 11)
kaikki ok
Reitin pituus: 9
(10, 5)
(10, 6)
(10, 7)
(11, 7)
(12, 7)
(12, 8)
(12, 9)
(12, 10)
(12, 11)
(11, 11)
kaikki ok
Reitin pituus: 14
(12, 15)
(13, 15)
(14, 15)
(14, 14)
(14, 13)
(14, 12)
(14, 11)
(14, 10)
(14, 9)
(14, 8)
(14, 7)
(14, 6)
(14, 5)
(14, 4)
(14, 3)
kaikki ok
Reitin pituus: 1
(12, 13)
(13, 13)
kaikki ok
Reitin pituus: 14
(11, 3)
(12, 3)
(13, 3)
(14, 3)
(14, 4)
(14, 5)
(14, 6)
(14, 7)
(14, 8)
(14, 9)
(14, 10)
(14, 11)
(14, 12)
(14, 13)
(14, 14)
kaikki ok
Reitin pituus: 5
(16, 3)
(15, 3)
(14, 3)
(13, 3)
(12, 3)
(11, 3)
kaikki ok
Reitin pituus: 14
(3, 1)
(4, 1)
(4, 2)
(4, 3)
(5, 3)
(6, 3)
(7, 3)
(8, 3)
(9, 3)
(10, 3)
(11, 3)
(12, 3)
(12, 4)
(12, 5)
(11, 5)
kaikki ok
Reitin pituus: 13
(6, 11)
(6, 12)
(6, 13)
(5, 13)
(4, 13)
(4, 14)
(4, 15)
(5, 15)
(6, 15)
(6, 16)
(6, 17)
(7, 17)
(8, 17)
(8, 18)
kaikki ok
Reitin pituus: 10
(4, 6)
(4, 7)
(4, 8)
(4, 9)
(5, 9)
(6, 9)
(6, 10)
(6, 11)
(7, 11)
(8, 11)
(9, 11)
kaikki ok
Reitin pituus: 17
(9, 8)
(9, 7)
(10, 7)
(11, 7)
(12, 7)
(12, 8)
(12, 9)
(13, 9)
(14, 9)
(14, 10)
(14, 11)
(14, 12)
(14, 13)
(14, 14)
(14, 15)
(14, 16)
(14, 17)
(15, 17)
kaikki ok
Reitin pituus: 9
(14, 3)
(13, 3)
(12, 3)
(11, 3)
(10, 3)
(9, 3)
(8, 3)
(7, 3)
(6, 3)
(6, 4)
kaikki ok
Reitin pituus: 10
(2, 15)
(1, 15)
(1, 14)
(1, 13)
(2, 13)
(3, 13)
(4, 13)
(5, 13)
(6, 13)
(6, 12)
(6, 11)
kaikki ok
Reitin pituus: 13
(14, 17)
(14, 16)
(14, 15)
(14, 14)
(14, 13)
(14, 12)
(14, 11)
(14, 10)
(14, 9)
(14, 8)
(14, 7)
(14, 6)
(14, 5)
(15, 5)
kaikki ok
Reitin pituus: 4
(10, 7)
(11, 7)
(12, 7)
(12, 8)
(12, 9)
kaikki ok
Reitin pituus: 10
(7, 17)
(6, 17)
(6, 16)
(6, 15)
(7, 15)
(8, 15)
(9, 15)
(10, 15)
(11, 15)
(12, 15)
(12, 16)
kaikki ok
Reitin pituus: 12
(10, 7)
(11, 7)
(12, 7)
(12, 8)
(12, 9)
(13, 9)
(14, 9)
(14, 10)
(14, 11)
(14, 12)
(14, 13)
(14, 14)
(14, 15)
kaikki ok
Reitin pituus: 22
(3, 19)
(2, 19)
(1, 19)
(1, 18)
(1, 17)
(2, 17)
(3, 17)
(4, 17)
(4, 16)
(4, 15)
(4, 14)
(4, 13)
(4, 12)
(4, 11)
(4, 10)
(4, 9)
(4, 8)
(4, 7)
(4, 6)
(4, 5)
(4, 4)
(4, 3)
(4, 2)
kaikki ok
Reitin pituus: 14
(5, 13)
(4, 13)
(4, 12)
(4, 11)
(4, 10)
(4, 9)
(4, 8)
(4, 7)
(4, 6)
(4, 5)
(4, 4)
(4, 3)
(4, 2)
(4, 1)
(5, 1)
kaikki ok
Reitin pituus: 16
(17, 14)
(17, 13)
(16, 13)
(15, 13)
(14, 13)
(14, 12)
(14, 11)
(14, 10)
(14, 9)
(14, 8)
(14, 7)
(14, 6)
(14, 5)
(15, 5)
(16, 5)
(17, 5)
(17, 4)
kaikki ok
Reitin pituus: 26
(2, 3)
(3, 3)
(4, 3)
(5, 3)
(6, 3)
(6, 4)
(6, 5)
(7, 5)
(8, 5)
(8, 6)
(8, 7)
(9, 7)
(10, 7)
(11, 7)
(12, 7)
(12, 8)
(12, 9)
(12, 10)
(12, 11)
(12, 12)
(12, 13)
(13, 13)
(14, 13)
(14, 14)
(14, 15)
(14, 16)
(14, 17)
kaikki ok
Reitin pituus: 9
(14, 19)
(13, 19)
(12, 19)
(11, 19)
(10, 19)
(9, 19)
(8, 19)
(7, 19)
(6, 19)
(5, 19)
kaikki ok
Reitin pituus: 12
(4, 3)
(4, 4)
(4, 5)
(4, 6)
(4, 7)
(4, 8)
(4, 9)
(4, 10)
(4, 11)
(4, 12)
(4, 13)
(4, 14)
(4, 15)
kaikki ok
Reitin pituus: 6
(2, 3)
(3, 3)
(4, 3)
(4, 2)
(4, 1)
(5, 1)
(6, 1)
kaikki ok
Reitin pituus: 17
(6, 16)
(6, 15)
(7, 15)
(8, 15)
(9, 15)
(10, 15)
(10, 14)
(10, 13)
(11, 13)
(12, 13)
(12, 12)
(12, 11)
(12, 10)
(12, 9)
(13, 9)
(14, 9)
(14, 8)
(14, 7)
kaikki ok
Reitin pituus: 9
(10, 5)
(10, 6)
(10, 7)
(9, 7)
(8, 7)
(8, 6)
(8, 5)
(7, 5)
(6, 5)
(6, 4)
kaikki ok
Reitin pituus: 24
(2, 5)
(3, 5)
(4, 5)
(4, 6)
(4, 7)
(4, 8)
(4, 9)
(4, 10)
(4, 11)
(4, 12)
(4, 13)
(4, 14)
(4, 15)
(5, 15)
(6, 15)
(6, 16)
(6, 17)
(7, 17)
(8, 17)
(8, 18)
(8, 19)
(9, 19)
(10, 19)
(11, 19)
(12, 19)
kaikki ok
Reitin pituus: 6
(12, 4)
(12, 3)
(13, 3)
(14, 3)
(14, 2)
(14, 1)
(13, 1)
kaikki ok
Reitin pituus: 11
(12, 13)
(12, 12)
(12, 11)
(11, 11)
(10, 11)
(9, 11)
(8, 11)
(7, 11)
(6, 11)
(6, 10)
(6, 9)
(5, 9)
kaikki ok
Reitin pituus: 5
(14, 5)
(14, 6)
(14, 7)
(14, 8)
(14, 9)
(13, 9)
kaikki ok
Reitin pituus: 28
(17, 3)
(16, 3)
(15, 3)
(14, 3)
(14, 4)
(14, 5)
(14, 6)
(14, 7)
(14, 8)
(14, 9)
(14, 10)
(14, 11)
(14, 12)
(14, 13)
(14, 14)
(14, 15)
(13, 15)
(12, 15)
(12, 16)
(12, 17)
(11, 17)
(10, 17)
(10, 18)
(10, 19)
(9, 19)
(8, 19)
(7, 19)
(6, 19)
(5, 19)
kaikki ok
Reitin pituus: 13
(5, 3)
(6, 3)
(7, 3)
(8, 3)
(9, 3)
(10, 3)
(11, 3)
(12, 3)
(13, 3)
(14, 3)
(14, 4)
(14, 5)
(15, 5)
(16, 5)
kaikki ok
Reitin pituus: 3
(16, 1)
(17, 1)
(17, 2)
(17, 3)
kaikki ok
Reitin pituus: 9
(6, 8)
(6, 9)
(5, 9)
(4, 9)
(4, 10)
(4, 11)
(4, 12)
(4, 13)
(4, 14)
(4, 15)
kaikki ok
Reitin pituus: 6
(12, 4)
(12, 3)
(11, 3)
(10, 3)
(10, 2)
(10, 1)
(11, 1)
kaikki ok
Reitin pituus: 9
(6, 5)
(6, 4)
(6, 3)
(7, 3)
(8, 3)
(9, 3)
(10, 3)
(10, 2)
(10, 1)
(11, 1)
kaikki ok
Reitin pituus: 5
(6, 12)
(6, 13)
(7, 13)
(8, 13)
(8, 14)
(8, 15)
kaikki ok
Reitin pituus: 10
(5, 13)
(4, 13)
(4, 14)
(4, 15)
(4, 16)
(4, 17)
(3, 17)
(2, 17)
(1, 17)
(1, 18)
(1, 19)
kaikki ok
Reitin pituus: 2
(6, 4)
(6, 3)
(5, 3)
kaikki ok
Reitin pituus: 18
(10, 6)
(10, 7)
(9, 7)
(8, 7)
(7, 7)
(6, 7)
(6, 8)
(6, 9)
(5, 9)
(4, 9)
(4, 10)
(4, 11)
(4, 12)
(4, 13)
(3, 13)
(2, 13)
(1, 13)
(1, 14)
(1, 15)
kaikki ok
Reitin pituus: 7
(6, 15)
(6, 16)
(6, 17)
(7, 17)
(8, 17)
(8, 18)
(8, 19)
(7, 19)
kaikki ok
Reitin pituus: 15
(16, 3)
(15, 3)
(14, 3)
(14, 4)
(14, 5)
(14, 6)
(14, 7)
(14, 8)
(14, 9)
(14, 10)
(14, 11)
(14, 12)
(14, 13)
(15, 13)
(16, 13)
(17, 13)
kaikki ok
Reitin pituus: 5
(12, 9)
(12, 10)
(12, 11)
(11, 11)
(10, 11)
(9, 11)
kaikki ok
Reitin pituus: 21
(12, 19)
(11, 19)
(10, 19)
(10, 18)
(10, 17)
(11, 17)
(12, 17)
(12, 16)
(12, 15)
(13, 15)
(14, 15)
(14, 14)
(14, 13)
(14, 12)
(14, 11)
(14, 10)
(14, 9)
(13, 9)
(12, 9)
(12, 8)
(12, 7)
(11, 7)
kaikki ok
Reitin pituus: 17
(1, 4)
(1, 3)
(2, 3)
(3, 3)
(4, 3)
(5, 3)
(6, 3)
(7, 3)
(8, 3)
(9, 3)
(10, 3)
(11, 3)
(12, 3)
(13, 3)
(14, 3)
(15, 3)
(16, 3)
(17, 3)
kaikki ok
Reitin pituus: 5
(16, 3)
(15, 3)
(14, 3)
(14, 4)
(14, 5)
(14, 6)
kaikki ok
Reitin pituus: 5
(8, 13)
(7, 13)
(6, 13)
(5, 13)
(4, 13)
(3, 13)
kaikki ok
Reitin pituus: 18
(1, 14)
(1, 13)
(2, 13)
(3, 13)
(4, 13)
(4, 12)
(4, 11)
(4, 10)
(4, 9)
(4, 8)
(4, 7)
(4, 6)
(4, 5)
(4, 4)
(4, 3)
(4, 2)
(4, 1)
(3, 1)
(2, 1)
kaikki ok
Reitin pituus: 28
(1, 1)
(1, 2)
(1, 3)
(1, 4)
(1, 5)
(2, 5)
(3, 5)
(4, 5)
(4, 6)
(4, 7)
(4, 8)
(4, 9)
(4, 10)
(4, 11)
(4, 12)
(4, 13)
(4, 14)
(4, 15)
(4, 16)
(4, 17)
(3, 17)
(2, 17)
(1, 17)
(1, 18)
(1, 19)
(2, 19)
(3, 19)
(4, 19)
(5, 19)
kaikki ok
Reitin pituus: 14
(17, 2)
(17, 3)
(16, 3)
(15, 3)
(14, 3)
(13, 3)
(12, 3)
(12, 4)
(12, 5)
(11, 5)
(10, 5)
(10, 6)
(10, 7)
(11, 7)
(12, 7)
kaikki ok
Reitin pituus: 19
(9, 11)
(8, 11)
(7, 11)
(6, 11)
(6, 12)
(6, 13)
(7, 13)
(8, 13)
(8, 14)
(8, 15)
(7, 15)
(6, 15)
(6, 16)
(6, 17)
(7, 17)
(8, 17)
(8, 18)
(8, 19)
(7, 19)
(6, 19)
kaikki ok
Reitin pituus: 23
(10, 5)
(10, 6)
(10, 7)
(11, 7)
(12, 7)
(12, 8)
(12, 9)
(13, 9)
(14, 9)
(14, 10)
(14, 11)
(14, 12)
(14, 13)
(14, 14)
(14, 15)
(14, 16)
(14, 17)
(15, 17)
(16, 17)
(17, 17)
(17, 18)
(17, 19)
(16, 19)
(15, 19)
kaikki ok
Reitin pituus: 12
(9, 19)
(10, 19)
(10, 18)
(10, 17)
(11, 17)
(12, 17)
(12, 16)
(12, 15)
(13, 15)
(14, 15)
(14, 14)
(14, 13)
(14, 12)
kaikki ok
Reitin pituus: 10
(3, 17)
(4, 17)
(4, 16)
(4, 15)
(5, 15)
(6, 15)
(6, 16)
(6, 17)
(7, 17)
(8, 17)
(8, 18)
kaikki ok
Reitin pituus: 8
(3, 3)
(4, 3)
(4, 4)
(4, 5)
(4, 6)
(4, 7)
(4, 8)
(4, 9)
(4, 10)
kaikki ok
Reitin pituus: 19
(8, 3)
(9, 3)
(10, 3)
(11, 3)
(12, 3)
(13, 3)
(14, 3)
(14, 4)
(14, 5)
(14, 6)
(14, 7)
(14, 8)
(14, 9)
(14, 10)
(14, 11)
(14, 12)
(14, 13)
(14, 14)
(14, 15)
(14, 16)
kaikki ok
Reitin pituus: 7
(14, 15)
(14, 14)
(14, 13)
(14, 12)
(14, 11)
(14, 10)
(14, 9)
(14, 8)
kaikki ok
Reitin pituus: 6
(15, 5)
(14, 5)
(14, 4)
(14, 3)
(13, 3)
(12, 3)
(11, 3)
kaikki ok
Reitin pituus: 17
(4, 11)
(4, 12)
(4, 13)
(4, 14)
(4, 15)
(5, 15)
(6, 15)
(6, 16)
(6, 17)
(7, 17)
(8, 17)
(8, 18)
(8, 19)
(9, 19)
(10, 19)
(11, 19)
(12, 19)
(13, 19)
kaikki ok
Reitin pituus: 17
(9, 3)
(8, 3)
(7, 3)
(6, 3)
(6, 4)
(6, 5)
(7, 5)
(8, 5)
(8, 6)
(8, 7)
(7, 7)
(6, 7)
(6, 8)
(6, 9)
(6, 10)
(6, 11)
(6, 12)
(6, 13)
kaikki ok
Reitin pituus: 18
(2, 13)
(3, 13)
(4, 13)
(4, 12)
(4, 11)
(4, 10)
(4, 9)
(4, 8)
(4, 7)
(4, 6)
(4, 5)
(4, 4)
(4, 3)
(5, 3)
(6, 3)
(7, 3)
(8, 3)
(9, 3)
(10, 3)
kaikki ok
Reitin pituus: 10
(13, 1)
(12, 1)
(11, 1)
(10, 1)
(10, 2)
(10, 3)
(9, 3)
(8, 3)
(7, 3)
(6, 3)
(6, 4)
kaikki ok
Reitin pituus: 7
(5, 13)
(4, 13)
(4, 14)
(4, 15)
(4, 16)
(4, 17)
(3, 17)
(2, 17)
kaikki ok
Reitin pituus: 13
(4, 9)
(4, 8)
(4, 7)
(4, 6)
(4, 5)
(4, 4)
(4, 3)
(5, 3)
(6, 3)
(7, 3)
(8, 3)
(9, 3)
(10, 3)
(11, 3)
kaikki ok
Reitin pituus: 25
(3, 5)
(4, 5)
(4, 6)
(4, 7)
(4, 8)
(4, 9)
(5, 9)
(6, 9)
(6, 10)
(6, 11)
(6, 12)
(6, 13)
(7, 13)
(8, 13)
(8, 14)
(8, 15)
(9, 15)
(10, 15)
(11, 15)
(12, 15)
(13, 15)
(14, 15)
(14, 16)
(14, 17)
(15, 17)
(16, 17)
kaikki ok
Reitin pituus: 21
(1, 15)
(1, 14)
(1, 13)
(2, 13)
(3, 13)
(4, 13)
(5, 13)
(6, 13)
(6, 12)
(6, 11)
(6, 10)
(6, 9)
(6, 8)
(6, 7)
(7, 7)
(8, 7)
(9, 7)
(10, 7)
(10, 6)
(10, 5)
(11, 5)
(12, 5)
kaikki ok
Reitin pituus: 16
(11, 3)
(12, 3)
(12, 4)
(12, 5)
(11, 5)
(10, 5)
(10, 6)
(10, 7)
(11, 7)
(12, 7)
(12, 8)
(12, 9)
(12, 10)
(12, 11)
(12, 12)
(12, 13)
(11, 13)
kaikki ok
Reitin pituus: 6
(7, 15)
(6, 15)
(5, 15)
(4, 15)
(4, 16)
(4, 17)
(3, 17)
kaikki ok
Reitin pituus: 7
(14, 8)
(14, 9)
(13, 9)
(12, 9)
(12, 8)
(12, 7)
(11, 7)
(10, 7)
kaikki ok
Reitin pituus: 3
(16, 3)
(15, 3)
(14, 3)
(14, 4)
kaikki ok
Reitin pituus: 15
(17, 14)
(17, 13)
(16, 13)
(15, 13)
(14, 13)
(13, 13)
(12, 13)
(11, 13)
(10, 13)
(10, 14)
(10, 15)
(9, 15)
(8, 15)
(7, 15)
(6, 15)
(6, 16)
kaikki ok
Reitin pituus: 8
(12, 17)
(12, 16)
(12, 15)
(11, 15)
(10, 15)
(9, 15)
(8, 15)
(8, 14)
(8, 13)
kaikki ok
Reitin pituus: 14
(5, 1)
(4, 1)
(4, 2)
(4, 3)
(4, 4)
(4, 5)
(4, 6)
(4, 7)
(4, 8)
(4, 9)
(4, 10)
(4, 11)
(4, 12)
(4, 13)
(4, 14)
kaikki ok
Reitin pituus: 18
(14, 19)
(13, 19)
(12, 19)
(11, 19)
(10, 19)
(9, 19)
(8, 19)
(8, 18)
(8, 17)
(7, 17)
(6, 17)
(6, 16)
(6, 15)
(5, 15)
(4, 15)
(4, 14)
(4, 13)
(4, 12)
(4, 11)
kaikki ok
Reitin pituus: 23
(4, 17)
(4, 16)
(4, 15)
(5, 15)
(6, 15)
(7, 15)
(8, 15)
(9, 15)
(10, 15)
(10, 14)
(10, 13)
(11, 13)
(12, 13)
(12, 12)
(12, 11)
(12, 10)
(12, 9)
(13, 9)
(14, 9)
(14, 8)
(14, 7)
(14, 6)
(14, 5)
(14, 4)
kaikki ok
Reitin pituus: 17
(14, 11)
(14, 12)
(14, 13)
(13, 13)
(12, 13)
(12, 12)
(12, 11)
(11, 11)
(10, 11)
(9, 11)
(8, 11)
(7, 11)
(6, 11)
(6, 12)
(6, 13)
(5, 13)
(4, 13)
(4, 12)
kaikki ok
Reitin pituus: 8
(4, 13)
(5, 13)
(6, 13)
(6, 12)
(6, 11)
(7, 11)
(8, 11)
(9, 11)
(10, 11)
kaikki ok
Reitin pituus: 8
(8, 11)
(7, 11)
(6, 11)
(6, 10)
(6, 9)
(6, 8)
(6, 7)
(7, 7)
(8, 7)
kaikki ok
Reitin pituus: 7
(15, 5)
(14, 5)
(14, 4)
(14, 3)
(13, 3)
(12, 3)
(11, 3)
(10, 3)
kaikki ok
Reitin pituus: 15
(11, 13)
(10, 13)
(10, 14)
(10, 15)
(9, 15)
(8, 15)
(7, 15)
(6, 15)
(5, 15)
(4, 15)
(4, 16)
(4, 17)
(3, 17)
(2, 17)
(2, 16)
(2, 15)
kaikki ok
Reitin pituus: 6
(11, 11)
(12, 11)
(12, 10)
(12, 9)
(13, 9)
(14, 9)
(14, 10)
kaikki ok
Reitin pituus: 19
(6, 12)
(6, 13)
(7, 13)
(8, 13)
(8, 14)
(8, 15)
(9, 15)
(10, 15)
(11, 15)
(12, 15)
(12, 16)
(12, 17)
(11, 17)
(10, 17)
(10, 18)
(10, 19)
(11, 19)
(12, 19)
(13, 19)
(14, 19)
kaikki ok
Reitin pituus: 9
(11, 3)
(12, 3)
(13, 3)
(14, 3)
(14, 4)
(14, 5)
(14, 6)
(14, 7)
(14, 8)
(14, 9)
kaikki ok
Reitin pituus: 13
(4, 1)
(4, 2)
(4, 3)
(5, 3)
(6, 3)
(7, 3)
(8, 3)
(9, 3)
(10, 3)
(11, 3)
(12, 3)
(12, 4)
(12, 5)
(11, 5)
kaikki ok
Reitin pituus: 1
(8, 1)
(7, 1)
kaikki ok
Reitin pituus: 32
(1, 1)
(1, 2)
(1, 3)
(2, 3)
(3, 3)
(4, 3)
(5, 3)
(6, 3)
(6, 4)
(6, 5)
(7, 5)
(8, 5)
(8, 6)
(8, 7)
(9, 7)
(10, 7)
(11, 7)
(12, 7)
(12, 8)
(12, 9)
(12, 10)
(12, 11)
(12, 12)
(12, 13)
(13, 13)
(14, 13)
(14, 14)
(14, 15)
(14, 16)
(14, 17)
(15, 17)
(16, 17)
(16, 16)
kaikki ok
Reitin pituus: 31
(17, 3)
(16, 3)
(15, 3)
(14, 3)
(13, 3)
(12, 3)
(12, 4)
(12, 5)
(11, 5)
(10, 5)
(10, 6)
(10, 7)
(9, 7)
(8, 7)
(7, 7)
(6, 7)
(6, 8)
(6, 9)
(6, 10)
(6, 11)
(6, 12)
(6, 13)
(5, 13)
(4, 13)
(4, 14)
(4, 15)
(4, 16)
(4, 17)
(3, 17)
(2, 17)
(1, 17)
(1, 18)
kaikki ok
Reitin pituus: 13
(8, 2)
(8, 3)
(7, 3)
(6, 3)
(5, 3)
(4, 3)
(4, 4)
(4, 5)
(4, 6)
(4, 7)
(4, 8)
(4, 9)
(4, 10)
(4, 11)
kaikki ok
Reitin pituus: 27
(17, 18)
(17, 17)
(16, 17)
(15, 17)
(14, 17)
(14, 16)
(14, 15)
(13, 15)
(12, 15)
(11, 15)
(10, 15)
(9, 15)
(8, 15)
(8, 14)
(8, 13)
(7, 13)
(6, 13)
(6, 12)
(6, 11)
(6, 10)
(6, 9)
(5, 9)
(4, 9)
(4, 8)
(4, 7)
(4, 6)
(4, 5)
(3, 5)
kaikki ok
Reitin pituus: 10
(8, 19)
(8, 18)
(8, 17)
(7, 17)
(6, 17)
(6, 16)
(6, 15)
(5, 15)
(4, 15)
(4, 16)
(4, 17)
kaikki ok
Reitin pituus: 17
(6, 9)
(6, 10)
(6, 11)
(7, 11)
(8, 11)
(9, 11)
(10, 11)
(11, 11)
(12, 11)
(12, 12)
(12, 13)
(13, 13)
(14, 13)
(15, 13)
(16, 13)
(17, 13)
(17, 14)
(17, 15)
kaikki ok
Reitin pituus: 7
(4, 12)
(4, 13)
(3, 13)
(2, 13)
(1, 13)
(1, 14)
(1, 15)
(2, 15)
kaikki ok
Reitin pituus: 16
(14, 7)
(14, 6)
(14, 5)
(14, 4)
(14, 3)
(13, 3)
(12, 3)
(11, 3)
(10, 3)
(9, 3)
(8, 3)
(8, 2)
(8, 1)
(7, 1)
(6, 1)
(5, 1)
(4, 1)
kaikki ok
Reitin pituus: 6
(12, 1)
(11, 1)
(10, 1)
(10, 2)
(10, 3)
(9, 3)
(8, 3)
kaikki ok
Reitin pituus: 19
(16, 13)
(15, 13)
(14, 13)
(14, 14)
(14, 15)
(13, 15)
(12, 15)
(11, 15)
(10, 15)
(9, 15)
(8, 15)
(7, 15)
(6, 15)
(5, 15)
(4, 15)
(4, 14)
(4, 13)
(3, 13)
(2, 13)
(1, 13)
kaikki ok
Reitin pituus: 14
(7, 5)
(8, 5)
(8, 6)
(8, 7)
(9, 7)
(10, 7)
(11, 7)
(12, 7)
(12, 8)
(12, 9)
(12, 10)
(12, 11)
(12, 12)
(12, 13)
(11, 13)
kaikki ok
Reitin pituus: 24
(8, 3)
(9, 3)
(10, 3)
(11, 3)
(12, 3)
(13, 3)
(14, 3)
(14, 4)
(14, 5)
(14, 6)
(14, 7)
(14, 8)
(14, 9)
(14, 10)
(14, 11)
(14, 12)
(14, 13)
(14, 14)
(14, 15)
(14, 16)
(14, 17)
(15, 17)
(16, 17)
(17, 17)
(17, 18)
kaikki ok
Reitin pituus: 5
(4, 10)
(4, 11)
(4, 12)
(4, 13)
(3, 13)
(2, 13)
kaikki ok
Reitin pituus: 15
(7, 15)
(6, 15)
(5, 15)
(4, 15)
(4, 14)
(4, 13)
(4, 12)
(4, 11)
(4, 10)
(4, 9)
(4, 8)
(4, 7)
(4, 6)
(4, 5)
(4, 4)
(4, 3)
kaikki ok
Reitin pituus: 5
(17, 17)
(17, 18)
(17, 19)
(16, 19)
(15, 19)
(14, 19)
kaikki ok
Reitin pituus: 16
(1, 13)
(2, 13)
(3, 13)
(4, 13)
(4, 12)
(4, 11)
(4, 10)
(4, 9)
(5, 9)
(6, 9)
(6, 8)
(6, 7)
(7, 7)
(8, 7)
(9, 7)
(10, 7)
(11, 7)
kaikki ok
Reitin pituus: 1
(9, 8)
(9, 7)
kaikki ok
Reitin pituus: 7
(12, 13)
(11, 13)
(10, 13)
(10, 14)
(10, 15)
(11, 15)
(12, 15)
(12, 16)
kaikki ok
Reitin pituus: 11
(4, 10)
(4, 11)
(4, 12)
(4, 13)
(4, 14)
(4, 15)
(5, 15)
(6, 15)
(6, 16)
(6, 17)
(7, 17)
(8, 17)
kaikki ok
Reitin pituus: 7
(10, 18)
(10, 17)
(11, 17)
(12, 17)
(12, 16)
(12, 15)
(13, 15)
(14, 15)
kaikki ok
Reitin pituus: 25
(7, 5)
(8, 5)
(8, 6)
(8, 7)
(7, 7)
(6, 7)
(6, 8)
(6, 9)
(6, 10)
(6, 11)
(6, 12)
(6, 13)
(7, 13)
(8, 13)
(8, 14)
(8, 15)
(7, 15)
(6, 15)
(6, 16)
(6, 17)
(7, 17)
(8, 17)
(8, 18)
(8, 19)
(7, 19)
(6, 19)
kaikki ok
Reitin pituus: 14
(17, 2)
(17, 3)
(16, 3)
(15, 3)
(14, 3)
(13, 3)
(12, 3)
(11, 3)
(10, 3)
(9, 3)
(8, 3)
(7, 3)
(6, 3)
(5, 3)
(4, 3)
kaikki ok
Reitin pituus: 13
(13, 9)
(12, 9)
(12, 10)
(12, 11)
(11, 11)
(10, 11)
(9, 11)
(8, 11)
(7, 11)
(6, 11)
(6, 12)
(6, 13)
(5, 13)
(4, 13)
kaikki ok
Reitin pituus: 29
(13, 19)
(12, 19)
(11, 19)
(10, 19)
(10, 18)
(10, 17)
(11, 17)
(12, 17)
(12, 16)
(12, 15)
(13, 15)
(14, 15)
(14, 14)
(14, 13)
(14, 12)
(14, 11)
(14, 10)
(14, 9)
(14, 8)
(14, 7)
(14, 6)
(14, 5)
(14, 4)
(14, 3)
(13, 3)
(12, 3)
(11, 3)
(10, 3)
(9, 3)
(8, 3)
kaikki ok
Reitin pituus: 7
(15, 17)
(14, 17)
(14, 16)
(14, 15)
(14, 14)
(14, 13)
(13, 13)
(12, 13)
kaikki ok
Reitin pituus: 4
(14, 13)
(13, 13)
(12, 13)
(12, 12)
(12, 11)
kaikki ok
Reitin pituus: 1
(12, 1)
(13, 1)
kaikki ok
Reitin pituus: 3
(14, 13)
(14, 14)
(14, 15)
(13, 15)
kaikki ok
Reitin pituus: 3
(16, 17)
(17, 17)
(17, 18)
(17, 19)
kaikki ok
Reitin pituus: 17
(15, 5)
(14, 5)
(14, 4)
(14, 3)
(13, 3)
(12, 3)
(11, 3)
(10, 3)
(9, 3)
(8, 3)
(7, 3)
(6, 3)
(5, 3)
(4, 3)
(4, 4)
(4, 5)
(3, 5)
(2, 5)
kaikki ok
Reitin pituus: 12
(8, 13)
(8, 14)
(8, 15)
(7, 15)
(6, 15)
(6, 16)
(6, 17)
(7, 17)
(8, 17)
(8, 18)
(8, 19)
(7, 19)
(6, 19)
kaikki ok
Reitin pituus: 26
(7, 19)
(8, 19)
(8, 18)
(8, 17)
(7, 17)
(6, 17)
(6, 16)
(6, 15)
(5, 15)
(4, 15)
(4, 14)
(4, 13)
(4, 12)
(4, 11)
(4, 10)
(4, 9)
(4, 8)
(4, 7)
(4, 6)
(4, 5)
(3, 5)
(2, 5)
(1, 5)
(1, 4)
(1, 3)
(1, 2)
(1, 1)
kaikki ok
Reitin pituus: 9
(17, 14)
(17, 13)
(16, 13)
(15, 13)
(14, 13)
(14, 12)
(14, 11)
(14, 10)
(14, 9)
(13, 9)
kaikki ok
Reitin pituus: 3
(4, 14)
(4, 15)
(5, 15)
(6, 15)
kaikki ok
Reitin pituus: 7
(12, 7)
(11, 7)
(10, 7)
(9, 7)
(8, 7)
(7, 7)
(6, 7)
(6, 8)
kaikki ok
Reitin pituus: 19
(9, 3)
(8, 3)
(7, 3)
(6, 3)
(5, 3)
(4, 3)
(4, 4)
(4, 5)
(4, 6)
(4, 7)
(4, 8)
(4, 9)
(4, 10)
(4, 11)
(4, 12)
(4, 13)
(4, 14)
(4, 15)
(4, 16)
(4, 17)
kaikki ok
Reitin pituus: 15
(10, 11)
(9, 11)
(8, 11)
(7, 11)
(6, 11)
(6, 10)
(6, 9)
(5, 9)
(4, 9)
(4, 8)
(4, 7)
(4, 6)
(4, 5)
(3, 5)
(2, 5)
(1, 5)
kaikki ok
Reitin pituus: 15
(15, 5)
(14, 5)
(14, 4)
(14, 3)
(13, 3)
(12, 3)
(11, 3)
(10, 3)
(9, 3)
(8, 3)
(7, 3)
(6, 3)
(5, 3)
(4, 3)
(4, 4)
(4, 5)
kaikki ok
Reitin pituus: 9
(11, 1)
(12, 1)
(13, 1)
(14, 1)
(15, 1)
(16, 1)
(17, 1)
(17, 2)
(17, 3)
(17, 4)
kaikki ok
Reitin pituus: 8
(2, 5)
(3, 5)
(4, 5)
(4, 4)
(4, 3)
(5, 3)
(6, 3)
(7, 3)
(8, 3)
kaikki ok
Reitin pituus: 16
(14, 16)
(14, 15)
(14, 14)
(14, 13)
(14, 12)
(14, 11)
(14, 10)
(14, 9)
(14, 8)
(14, 7)
(14, 6)
(14, 5)
(14, 4)
(14, 3)
(14, 2)
(14, 1)
(13, 1)
kaikki ok
Reitin pituus: 16
(8, 14)
(8, 15)
(9, 15)
(10, 15)
(11, 15)
(12, 15)
(12, 16)
(12, 17)
(11, 17)
(10, 17)
(10, 18)
(10, 19)
(11, 19)
(12, 19)
(13, 19)
(14, 19)
(15, 19)
kaikki ok
Reitin pituus: 18
(9, 7)
(10, 7)
(11, 7)
(12, 7)
(12, 8)
(12, 9)
(13, 9)
(14, 9)
(14, 10)
(14, 11)
(14, 12)
(14, 13)
(14, 14)
(14, 15)
(14, 16)
(14, 17)
(15, 17)
(16, 17)
(17, 17)
kaikki ok
Reitin pituus: 6
(13, 9)
(12, 9)
(12, 8)
(12, 7)
(11, 7)
(10, 7)
(10, 6)
kaikki ok
Reitin pituus: 12
(14, 13)
(14, 14)
(14, 15)
(13, 15)
(12, 15)
(12, 16)
(12, 17)
(11, 17)
(10, 17)
(10, 18)
(10, 19)
(9, 19)
(8, 19)
kaikki ok
Reitin pituus: 2
(4, 4)
(4, 5)
(4, 6)
kaikki ok
Reitin pituus: 21
(6, 16)
(6, 15)
(5, 15)
(4, 15)
(4, 14)
(4, 13)
(4, 12)
(4, 11)
(4, 10)
(4, 9)
(5, 9)
(6, 9)
(6, 8)
(6, 7)
(7, 7)
(8, 7)
(9, 7)
(10, 7)
(10, 6)
(10, 5)
(11, 5)
(12, 5)
kaikki ok
Reitin pituus: 28
(6, 4)
(6, 5)
(7, 5)
(8, 5)
(8, 6)
(8, 7)
(9, 7)
(10, 7)
(11, 7)
(12, 7)
(12, 8)
(12, 9)
(13, 9)
(14, 9)
(14, 10)
(14, 11)
(14, 12)
(14, 13)
(14, 14)
(14, 15)
(14, 16)
(14, 17)
(15, 17)
(16, 17)
(17, 17)
(17, 18)
(17, 19)
(16, 19)
(15, 19)
kaikki ok
Reitin pituus: 16
(17, 1)
(17, 2)
(17, 3)
(17, 4)
(17, 5)
(16, 5)
(15, 5)
(14, 5)
(14, 6)
(14, 7)
(14, 8)
(14, 9)
(13, 9)
(12, 9)
(12, 10)
(12, 11)
(12, 12)
kaikki ok
Reitin pituus: 15
(10, 15)
(10, 14)
(10, 13)
(11, 13)
(12, 13)
(12, 12)
(12, 11)
(12, 10)
(12, 9)
(13, 9)
(14, 9)
(14, 8)
(14, 7)
(14, 6)
(14, 5)
(14, 4)
kaikki ok
Reitin pituus: 11
(13, 3)
(12, 3)
(11, 3)
(10, 3)
(9, 3)
(8, 3)
(7, 3)
(6, 3)
(5, 3)
(4, 3)
(4, 4)
(4, 5)
kaikki ok
Reitin pituus: 21
(4, 4)
(4, 5)
(4, 6)
(4, 7)
(4, 8)
(4, 9)
(4, 10)
(4, 11)
(4, 12)
(4, 13)
(4, 14)
(4, 15)
(5, 15)
(6, 15)
(6, 16)
(6, 17)
(7, 17)
(8, 17)
(8, 18)
(8, 19)
(7, 19)
(6, 19)
kaikki ok
Reitin pituus: 21
(16, 16)
(16, 17)
(15, 17)
(14, 17)
(14, 16)
(14, 15)
(13, 15)
(12, 15)
(11, 15)
(10, 15)
(9, 15)
(8, 15)
(7, 15)
(6, 15)
(5, 15)
(4, 15)
(4, 14)
(4, 13)
(4, 12)
(4, 11)
(4, 10)
(4, 9)
kaikki ok
Reitin pituus: 24
(17, 15)
(17, 14)
(17, 13)
(16, 13)
(15, 13)
(14, 13)
(13, 13)
(12, 13)
(12, 12)
(12, 11)
(11, 11)
(10, 11)
(9, 11)
(8, 11)
(7, 11)
(6, 11)
(6, 10)
(6, 9)
(5, 9)
(4, 9)
(4, 8)
(4, 7)
(4, 6)
(4, 5)
(3, 5)
kaikki ok
Reitin pituus: 18
(10, 6)
(10, 7)
(11, 7)
(12, 7)
(12, 8)
(12, 9)
(13, 9)
(14, 9)
(14, 10)
(14, 11)
(14, 12)
(14, 13)
(15, 13)
(16, 13)
(17, 13)
(17, 14)
(17, 15)
(16, 15)
(16, 16)
kaikki ok
Reitin pituus: 9
(5, 9)
(4, 9)
(4, 10)
(4, 11)
(4, 12)
(4, 13)
(3, 13)
(2, 13)
(1, 13)
(1, 14)
kaikki ok
Reitin pituus: 6
(14, 12)
(14, 11)
(14, 10)
(14, 9)
(13, 9)
(12, 9)
(12, 10)
kaikki ok
Reitin pituus: 16
(11, 17)
(12, 17)
(12, 16)
(12, 15)
(11, 15)
(10, 15)
(9, 15)
(8, 15)
(8, 14)
(8, 13)
(7, 13)
(6, 13)
(6, 12)
(6, 11)
(6, 10)
(6, 9)
(6, 8)
kaikki ok
Reitin pituus: 8
(6, 4)
(6, 5)
(7, 5)
(8, 5)
(8, 6)
(8, 7)
(9, 7)
(10, 7)
(10, 6)
kaikki ok
Reitin pituus: 7
(5, 9)
(4, 9)
(4, 8)
(4, 7)
(4, 6)
(4, 5)
(4, 4)
(4, 3)
kaikki ok
Reitin pituus: 14
(3, 3)
(4, 3)
(5, 3)
(6, 3)
(7, 3)
(8, 3)
(9, 3)
(10, 3)
(10, 2)
(10, 1)
(11, 1)
(12, 1)
(13, 1)
(14, 1)
(15, 1)
kaikki ok
Reitin pituus: 4
(14, 8)
(14, 7)
(14, 6)
(14, 5)
(15, 5)
kaikki ok
Reitin pituus: 6
(7, 13)
(8, 13)
(8, 14)
(8, 15)
(9, 15)
(10, 15)
(10, 14)
kaikki ok
Reitin pituus: 10
(6, 11)
(7, 11)
(8, 11)
(9, 11)
(10, 11)
(11, 11)
(12, 11)
(12, 10)
(12, 9)
(12, 8)
(12, 7)
kaikki ok
Reitin pituus: 27
(7, 17)
(6, 17)
(6, 16)
(6, 15)
(7, 15)
(8, 15)
(9, 15)
(10, 15)
(10, 14)
(10, 13)
(11, 13)
(12, 13)
(12, 12)
(12, 11)
(12, 10)
(12, 9)
(13, 9)
(14, 9)
(14, 8)
(14, 7)
(14, 6)
(14, 5)
(14, 4)
(14, 3)
(14, 2)
(14, 1)
(15, 1)
(16, 1)
kaikki ok
Reitin pituus: 23
(6, 3)
(6, 4)
(6, 5)
(7, 5)
(8, 5)
(8, 6)
(8, 7)
(9, 7)
(10, 7)
(11, 7)
(12, 7)
(12, 8)
(12, 9)
(13, 9)
(14, 9)
(14, 10)
(14, 11)
(14, 12)
(14, 13)
(14, 14)
(14, 15)
(13, 15)
(12, 15)
(12, 16)
kaikki ok
Reitin pituus: 14
(12, 17)
(11, 17)
(10, 17)
(10, 18)
(10, 19)
(9, 19)
(8, 19)
(7, 19)
(6, 19)
(5, 19)
(4, 19)
(3, 19)
(2, 19)
(1, 19)
(1, 18)
kaikki ok
Reitin pituus: 27
(12, 19)
(11, 19)
(10, 19)
(10, 18)
(10, 17)
(11, 17)
(12, 17)
(12, 16)
(12, 15)
(13, 15)
(14, 15)
(14, 14)
(14, 13)
(14, 12)
(14, 11)
(14, 10)
(14, 9)
(14, 8)
(14, 7)
(14, 6)
(14, 5)
(15, 5)
(16, 5)
(17, 5)
(17, 4)
(17, 3)
(17, 2)
(17, 1)
kaikki ok
Reitin pituus: 9
(6, 15)
(7, 15)
(8, 15)
(9, 15)
(10, 15)
(11, 15)
(12, 15)
(13, 15)
(14, 15)
(14, 16)
kaikki ok
Reitin pituus: 14
(6, 12)
(6, 11)
(6, 10)
(6, 9)
(5, 9)
(4, 9)
(4, 8)
(4, 7)
(4, 6)
(4, 5)
(4, 4)
(4, 3)
(5, 3)
(6, 3)
(7, 3)
kaikki ok
Reitin pituus: 14
(17, 17)
(16, 17)
(15, 17)
(14, 17)
(14, 16)
(14, 15)
(13, 15)
(12, 15)
(11, 15)
(10, 15)
(9, 15)
(8, 15)
(7, 15)
(6, 15)
(6, 16)
kaikki ok
Reitin pituus: 3
(3, 19)
(4, 19)
(5, 19)
(6, 19)
kaikki ok
Reitin pituus: 4
(3, 17)
(2, 17)
(1, 17)
(1, 18)
(1, 19)
kaikki ok
Reitin pituus: 16
(14, 16)
(14, 15)
(14, 14)
(14, 13)
(13, 13)
(12, 13)
(12, 12)
(12, 11)
(12, 10)
(12, 9)
(12, 8)
(12, 7)
(11, 7)
(10, 7)
(10, 6)
(10, 5)
(11, 5)
kaikki ok
Reitin pituus: 18
(14, 15)
(14, 14)
(14, 13)
(13, 13)
(12, 13)
(12, 12)
(12, 11)
(12, 10)
(12, 9)
(12, 8)
(12, 7)
(11, 7)
(10, 7)
(9, 7)
(8, 7)
(8, 6)
(8, 5)
(7, 5)
(6, 5)
kaikki ok
Reitin pituus: 7
(14, 15)
(14, 14)
(14, 13)
(13, 13)
(12, 13)
(12, 12)
(12, 11)
(12, 10)
kaikki ok
Reitin pituus: 27
(17, 14)
(17, 13)
(16, 13)
(15, 13)
(14, 13)
(14, 12)
(14, 11)
(14, 10)
(14, 9)
(14, 8)
(14, 7)
(14, 6)
(14, 5)
(14, 4)
(14, 3)
(13, 3)
(12, 3)
(11, 3)
(10, 3)
(9, 3)
(8, 3)
(7, 3)
(6, 3)
(5, 3)
(4, 3)
(3, 3)
(2, 3)
(1, 3)
kaikki ok
Reitin pituus: 13
(9, 9)
(9, 8)
(9, 7)
(8, 7)
(8, 6)
(8, 5)
(7, 5)
(6, 5)
(6, 4)
(6, 3)
(5, 3)
(4, 3)
(4, 4)
(4, 5)
kaikki ok
Reitin pituus: 19
(8, 9)
(9, 9)
(9, 8)
(9, 7)
(8, 7)
(7, 7)
(6, 7)
(6, 8)
(6, 9)
(6, 10)
(6, 11)
(6, 12)
(6, 13)
(5, 13)
(4, 13)
(3, 13)
(2, 13)
(1, 13)
(1, 14)
(1, 15)
kaikki ok
Reitin pituus: 15
(8, 2)
(8, 3)
(7, 3)
(6, 3)
(6, 4)
(6, 5)
(7, 5)
(8, 5)
(8, 6)
(8, 7)
(9, 7)
(10, 7)
(11, 7)
(12, 7)
(12, 8)
(12, 9)
kaikki ok
Reitin pituus: 10
(10, 15)
(11, 15)
(12, 15)
(13, 15)
(14, 15)
(14, 14)
(14, 13)
(15, 13)
(16, 13)
(17, 13)
(17, 14)
kaikki ok
Reitin pituus: 13
(14, 5)
(14, 6)
(14, 7)
(14, 8)
(14, 9)
(13, 9)
(12, 9)
(12, 10)
(12, 11)
(12, 12)
(12, 13)
(11, 13)
(10, 13)
(10, 14)
kaikki ok
Reitin pituus: 20
(16, 16)
(16, 17)
(15, 17)
(14, 17)
(14, 16)
(14, 15)
(14, 14)
(14, 13)
(13, 13)
(12, 13)
(12, 12)
(12, 11)
(11, 11)
(10, 11)
(9, 11)
(8, 11)
(7, 11)
(6, 11)
(6, 10)
(6, 9)
(5, 9)
kaikki ok
Reitin pituus: 11
(8, 15)
(8, 14)
(8, 13)
(7, 13)
(6, 13)
(6, 12)
(6, 11)
(6, 10)
(6, 9)
(6, 8)
(6, 7)
(7, 7)
kaikki ok
Reitin pituus: 19
(16, 13)
(15, 13)
(14, 13)
(14, 12)
(14, 11)
(14, 10)
(14, 9)
(14, 8)
(14, 7)
(14, 6)
(14, 5)
(14, 4)
(14, 3)
(13, 3)
(12, 3)
(11, 3)
(10, 3)
(9, 3)
(8, 3)
(7, 3)
kaikki ok
Reitin pituus: 9
(14, 16)
(14, 15)
(14, 14)
(14, 13)
(13, 13)
(12, 13)
(12, 12)
(12, 11)
(12, 10)
(12, 9)
kaikki ok
Reitin pituus: 28
(10, 1)
(10, 2)
(10, 3)
(9, 3)
(8, 3)
(7, 3)
(6, 3)
(5, 3)
(4, 3)
(4, 4)
(4, 5)
(4, 6)
(4, 7)
(4, 8)
(4, 9)
(4, 10)
(4, 11)
(4, 12)
(4, 13)
(4, 14)
(4, 15)
(5, 15)
(6, 15)
(6, 16)
(6, 17)
(7, 17)
(8, 17)
(8, 18)
(8, 19)
kaikki ok
Reitin pituus: 9
(5, 9)
(6, 9)
(6, 8)
(6, 7)
(7, 7)
(8, 7)
(9, 7)
(9, 8)
(9, 9)
(8, 9)
kaikki ok
Reitin pituus: 25
(2, 5)
(3, 5)
(4, 5)
(4, 6)
(4, 7)
(4, 8)
(4, 9)
(5, 9)
(6, 9)
(6, 10)
(6, 11)
(7, 11)
(8, 11)
(9, 11)
(10, 11)
(11, 11)
(12, 11)
(12, 12)
(12, 13)
(13, 13)
(14, 13)
(15, 13)
(16, 13)
(17, 13)
(17, 14)
(17, 15)
kaikki ok
Reitin pituus: 8
(12, 12)
(12, 11)
(12, 10)
(12, 9)
(13, 9)
(14, 9)
(14, 8)
(14, 7)
(14, 6)
kaikki ok
Reitin pituus: 21
(1, 19)
(2, 19)
(3, 19)
(4, 19)
(5, 19)
(6, 19)
(7, 19)
(8, 19)
(9, 19)
(10, 19)
(11, 19)
(12, 19)
(13, 19)
(14, 19)
(15, 19)
(16, 19)
(17, 19)
(17, 18)
(17, 17)
(16, 17)
(16, 16)
(16, 15)
kaikki ok
Reitin pituus: 15
(11, 15)
(12, 15)
(13, 15)
(14, 15)
(14, 14)
(14, 13)
(14, 12)
(14, 11)
(14, 10)
(14, 9)
(14, 8)
(14, 7)
(14, 6)
(14, 5)
(15, 5)
(16, 5)
kaikki ok
Reitin pituus: 3
(1, 17)
(1, 18)
(1, 19)
(2, 19)
kaikki ok
Reitin pituus: 8
(7, 15)
(8, 15)
(9, 15)
(10, 15)
(11, 15)
(12, 15)
(13, 15)
(14, 15)
(14, 14)
kaikki ok
Reitin pituus: 12
(4, 3)
(4, 4)
(4, 5)
(4, 6)
(4, 7)
(4, 8)
(4, 9)
(4, 10)
(4, 11)
(4, 12)
(4, 13)
(4, 14)
(4, 15)
kaikki ok
Reitin pituus: 16
(12, 7)
(12, 8)
(12, 9)
(13, 9)
(14, 9)
(14, 10)
(14, 11)
(14, 12)
(14, 13)
(14, 14)
(14, 15)
(14, 16)
(14, 17)
(15, 17)
(16, 17)
(17, 17)
(17, 18)
kaikki ok
Reitin pituus: 7
(6, 11)
(6, 10)
(6, 9)
(6, 8)
(6, 7)
(7, 7)
(8, 7)
(9, 7)
kaikki ok
Reitin pituus: 31
(5, 1)
(4, 1)
(4, 2)
(4, 3)
(4, 4)
(4, 5)
(4, 6)
(4, 7)
(4, 8)
(4, 9)
(4, 10)
(4, 11)
(4, 12)
(4, 13)
(4, 14)
(4, 15)
(5, 15)
(6, 15)
(6, 16)
(6, 17)
(7, 17)
(8, 17)
(8, 18)
(8, 19)
(9, 19)
(10, 19)
(11, 19)
(12, 19)
(13, 19)
(14, 19)
(15, 19)
(16, 19)
kaikki ok
Reitin pituus: 8
(13, 9)
(14, 9)
(14, 10)
(14, 11)
(14, 12)
(14, 13)
(14, 14)
(14, 15)
(14, 16)
kaikki ok
Reitin pituus: 17
(1, 18)
(1, 17)
(2, 17)
(3, 17)
(4, 17)
(4, 16)
(4, 15)
(5, 15)
(6, 15)
(7, 15)
(8, 15)
(9, 15)
(10, 15)
(10, 14)
(10, 13)
(11, 13)
(12, 13)
(12, 12)
kaikki ok
Reitin pituus: 2
(14, 3)
(14, 4)
(14, 5)
kaikki ok
Reitin pituus: 20
(7, 19)
(8, 19)
(8, 18)
(8, 17)
(7, 17)
(6, 17)
(6, 16)
(6, 15)
(5, 15)
(4, 15)
(4, 14)
(4, 13)
(4, 12)
(4, 11)
(4, 10)
(4, 9)
(4, 8)
(4, 7)
(4, 6)
(4, 5)
(4, 4)
kaikki ok
Reitin pituus: 9
(8, 6)
(8, 7)
(7, 7)
(6, 7)
(6, 8)
(6, 9)
(6, 10)
(6, 11)
(7, 11)
(8, 11)
kaikki ok
Reitin pituus: 17
(6, 13)
(7, 13)
(8, 13)
(8, 14)
(8, 15)
(9, 15)
(10, 15)
(11, 15)
(12, 15)
(13, 15)
(14, 15)
(14, 16)
(14, 17)
(15, 17)
(16, 17)
(17, 17)
(17, 18)
(17, 19)
kaikki ok
Reitin pituus: 11
(13, 3)
(12, 3)
(11, 3)
(10, 3)
(9, 3)
(8, 3)
(7, 3)
(6, 3)
(6, 4)
(6, 5)
(7, 5)
(8, 5)
kaikki ok
Reitin pituus: 27
(8, 2)
(8, 3)
(7, 3)
(6, 3)
(5, 3)
(4, 3)
(4, 4)
(4, 5)
(4, 6)
(4, 7)
(4, 8)
(4, 9)
(4, 10)
(4, 11)
(4, 12)
(4, 13)
(4, 14)
(4, 15)
(5, 15)
(6, 15)
(6, 16)
(6, 17)
(7, 17)
(8, 17)
(8, 18)
(8, 19)
(9, 19)
(10, 19)
kaikki ok
Reitin pituus: 10
(7, 7)
(8, 7)
(9, 7)
(10, 7)
(10, 6)
(10, 5)
(11, 5)
(12, 5)
(12, 4)
(12, 3)
(11, 3)
kaikki ok
Reitin pituus: 22
(7, 3)
(6, 3)
(5, 3)
(4, 3)
(4, 4)
(4, 5)
(4, 6)
(4, 7)
(4, 8)
(4, 9)
(4, 10)
(4, 11)
(4, 12)
(4, 13)
(4, 14)
(4, 15)
(5, 15)
(6, 15)
(6, 16)
(6, 17)
(7, 17)
(8, 17)
(8, 18)
kaikki ok
Reitin pituus: 7
(6, 10)
(6, 11)
(7, 11)
(8, 11)
(9, 11)
(10, 11)
(11, 11)
(12, 11)
kaikki ok
Reitin pituus: 14
(17, 3)
(16, 3)
(15, 3)
(14, 3)
(13, 3)
(12, 3)
(12, 4)
(12, 5)
(11, 5)
(10, 5)
(10, 6)
(10, 7)
(9, 7)
(8, 7)
(8, 6)
kaikki ok
Reitin pituus: 25
(1, 15)
(1, 14)
(1, 13)
(2, 13)
(3, 13)
(4, 13)
(5, 13)
(6, 13)
(6, 12)
(6, 11)
(6, 10)
(6, 9)
(6, 8)
(6, 7)
(7, 7)
(8, 7)
(9, 7)
(10, 7)
(10, 6)
(10, 5)
(11, 5)
(12, 5)
(12, 4)
(12, 3)
(13, 3)
(14, 3)
kaikki ok
Reitin pituus: 9
(11, 19)
(10, 19)
(10, 18)
(10, 17)
(11, 17)
(12, 17)
(12, 16)
(12, 15)
(11, 15)
(10, 15)
kaikki ok
Reitin pituus: 11
(10, 3)
(9, 3)
(8, 3)
(7, 3)
(6, 3)
(5, 3)
(4, 3)
(4, 4)
(4, 5)
(3, 5)
(2, 5)
(1, 5)
kaikki ok
Reitin pituus: 5
(10, 2)
(10, 3)
(11, 3)
(12, 3)
(12, 4)
(12, 5)
kaikki ok
Reitin pituus: 1
(8, 19)
(9, 19)
kaikki ok
Reitin pituus: 13
(10, 15)
(9, 15)
(8, 15)
(7, 15)
(6, 15)
(5, 15)
(4, 15)
(4, 14)
(4, 13)
(3, 13)
(2, 13)
(1, 13)
(1, 14)
(1, 15)
kaikki ok
Reitin pituus: 26
(6, 17)
(6, 16)
(6, 15)
(7, 15)
(8, 15)
(9, 15)
(10, 15)
(10, 14)
(10, 13)
(11, 13)
(12, 13)
(12, 12)
(12, 11)
(12, 10)
(12, 9)
(13, 9)
(14, 9)
(14, 8)
(14, 7)
(14, 6)
(14, 5)
(14, 4)
(14, 3)
(14, 2)
(14, 1)
(13, 1)
(12, 1)
kaikki ok
Reitin pituus: 18
(4, 4)
(4, 3)
(5, 3)
(6, 3)
(6, 4)
(6, 5)
(7, 5)
(8, 5)
(8, 6)
(8, 7)
(9, 7)
(10, 7)
(11, 7)
(12, 7)
(12, 8)
(12, 9)
(13, 9)
(14, 9)
(14, 10)
kaikki ok
Reitin pituus: 13
(6, 3)
(5, 3)
(4, 3)
(4, 4)
(4, 5)
(4, 6)
(4, 7)
(4, 8)
(4, 9)
(5, 9)
(6, 9)
(6, 10)
(6, 11)
(7, 11)
kaikki ok
Reitin pituus: 23
(1, 1)
(1, 2)
(1, 3)
(1, 4)
(1, 5)
(2, 5)
(3, 5)
(4, 5)
(4, 6)
(4, 7)
(4, 8)
(4, 9)
(4, 10)
(4, 11)
(4, 12)
(4, 13)
(4, 14)
(4, 15)
(5, 15)
(6, 15)
(6, 16)
(6, 17)
(7, 17)
(8, 17)
kaikki ok
Reitin pituus: 15
(7, 11)
(8, 11)
(9, 11)
(10, 11)
(11, 11)
(12, 11)
(12, 12)
(12, 13)
(13, 13)
(14, 13)
(14, 14)
(14, 15)
(14, 16)
(14, 17)
(15, 17)
(16, 17)
kaikki ok
Reitin pituus: 20
(8, 13)
(7, 13)
(6, 13)
(6, 12)
(6, 11)
(7, 11)
(8, 11)
(9, 11)
(10, 11)
(11, 11)
(12, 11)
(12, 10)
(12, 9)
(13, 9)
(14, 9)
(14, 8)
(14, 7)
(14, 6)
(14, 5)
(15, 5)
(16, 5)
kaikki ok
Reitin pituus: 13
(10, 7)
(9, 7)
(8, 7)
(7, 7)
(6, 7)
(6, 8)
(6, 9)
(6, 10)
(6, 11)
(6, 12)
(6, 13)
(7, 13)
(8, 13)
(8, 14)
kaikki ok
Reitin pituus: 8
(14, 8)
(14, 9)
(14, 10)
(14, 11)
(14, 12)
(14, 13)
(15, 13)
(16, 13)
(17, 13)
kaikki ok
Reitin pituus: 12
(1, 13)
(2, 13)
(3, 13)
(4, 13)
(5, 13)
(6, 13)
(7, 13)
(8, 13)
(8, 14)
(8, 15)
(9, 15)
(10, 15)
(10, 14)
kaikki ok
Reitin pituus: 10
(10, 3)
(11, 3)
(12, 3)
(13, 3)
(14, 3)
(14, 4)
(14, 5)
(14, 6)
(14, 7)
(14, 8)
(14, 9)
kaikki ok
Reitin pituus: 12
(7, 7)
(8, 7)
(8, 6)
(8, 5)
(7, 5)
(6, 5)
(6, 4)
(6, 3)
(7, 3)
(8, 3)
(9, 3)
(10, 3)
(10, 2)
kaikki ok
Reitin pituus: 12
(11, 13)
(12, 13)
(13, 13)
(14, 13)
(14, 12)
(14, 11)
(14, 10)
(14, 9)
(14, 8)
(14, 7)
(14, 6)
(14, 5)
(15, 5)
kaikki ok
Reitin pituus: 12
(16, 5)
(15, 5)
(14, 5)
(14, 6)
(14, 7)
(14, 8)
(14, 9)
(13, 9)
(12, 9)
(12, 10)
(12, 11)
(11, 11)
(10, 11)
kaikki ok
Reitin pituus: 7
(17, 18)
(17, 17)
(16, 17)
(15, 17)
(14, 17)
(14, 16)
(14, 15)
(13, 15)
kaikki ok
Reitin pituus: 13
(4, 15)
(4, 14)
(4, 13)
(5, 13)
(6, 13)
(6, 12)
(6, 11)
(7, 11)
(8, 11)
(9, 11)
(10, 11)
(11, 11)
(12, 11)
(12, 10)
kaikki ok
Reitin pituus: 5
(16, 16)
(16, 15)
(17, 15)
(17, 14)
(17, 13)
(16, 13)
kaikki ok
Reitin pituus: 19
(8, 19)
(8, 18)
(8, 17)
(7, 17)
(6, 17)
(6, 16)
(6, 15)
(5, 15)
(4, 15)
(4, 14)
(4, 13)
(4, 12)
(4, 11)
(4, 10)
(4, 9)
(5, 9)
(6, 9)
(6, 8)
(6, 7)
(7, 7)
kaikki ok
Reitin pituus: 13
(14, 15)
(13, 15)
(12, 15)
(11, 15)
(10, 15)
(9, 15)
(8, 15)
(7, 15)
(6, 15)
(5, 15)
(4, 15)
(4, 16)
(4, 17)
(3, 17)
kaikki ok
Reitin pituus: 19
(17, 1)
(17, 2)
(17, 3)
(17, 4)
(17, 5)
(16, 5)
(15, 5)
(14, 5)
(14, 6)
(14, 7)
(14, 8)
(14, 9)
(13, 9)
(12, 9)
(12, 10)
(12, 11)
(12, 12)
(12, 13)
(11, 13)
(10, 13)
kaikki ok
Reitin pituus: 9
(11, 13)
(12, 13)
(13, 13)
(14, 13)
(14, 14)
(14, 15)
(14, 16)
(14, 17)
(15, 17)
(16, 17)
kaikki ok
Reitin pituus: 12
(11, 15)
(10, 15)
(9, 15)
(8, 15)
(7, 15)
(6, 15)
(5, 15)
(4, 15)
(4, 14)
(4, 13)
(3, 13)
(2, 13)
(1, 13)
kaikki ok
Reitin pituus: 25
(1, 13)
(2, 13)
(3, 13)
(4, 13)
(5, 13)
(6, 13)
(6, 12)
(6, 11)
(7, 11)
(8, 11)
(9, 11)
(10, 11)
(11, 11)
(12, 11)
(12, 10)
(12, 9)
(13, 9)
(14, 9)
(14, 8)
(14, 7)
(14, 6)
(14, 5)
(15, 5)
(16, 5)
(17, 5)
(17, 4)
kaikki ok
Reitin pituus: 5
(2, 19)
(1, 19)
(1, 18)
(1, 17)
(2, 17)
(3, 17)
kaikki ok
Reitin pituus: 15
(3, 13)
(4, 13)
(4, 14)
(4, 15)
(5, 15)
(6, 15)
(7, 15)
(8, 15)
(9, 15)
(10, 15)
(11, 15)
(12, 15)
(13, 15)
(14, 15)
(14, 16)
(14, 17)
kaikki ok
Reitin pituus: 20
(17, 17)
(16, 17)
(15, 17)
(14, 17)
(14, 16)
(14, 15)
(14, 14)
(14, 13)
(14, 12)
(14, 11)
(14, 10)
(14, 9)
(14, 8)
(14, 7)
(14, 6)
(14, 5)
(14, 4)
(14, 3)
(14, 2)
(14, 1)
(13, 1)
kaikki ok
Reitin pituus: 19
(6, 11)
(7, 11)
(8, 11)
(9, 11)
(10, 11)
(11, 11)
(12, 11)
(12, 10)
(12, 9)
(13, 9)
(14, 9)
(14, 8)
(14, 7)
(14, 6)
(14, 5)
(14, 4)
(14, 3)
(14, 2)
(14, 1)
(15, 1)
kaikki ok
Reitin pituus: 12
(4, 12)
(4, 11)
(4, 10)
(4, 9)
(4, 8)
(4, 7)
(4, 6)
(4, 5)
(4, 4)
(4, 3)
(5, 3)
(6, 3)
(6, 4)
kaikki ok
Reitin pituus: 19
(8, 5)
(8, 6)
(8, 7)
(9, 7)
(10, 7)
(11, 7)
(12, 7)
(12, 8)
(12, 9)
(12, 10)
(12, 11)
(12, 12)
(12, 13)
(13, 13)
(14, 13)
(15, 13)
(16, 13)
(17, 13)
(17, 14)
(17, 15)
kaikki ok
Reitin pituus: 7
(14, 16)
(14, 15)
(14, 14)
(14, 13)
(14, 12)
(14, 11)
(14, 10)
(14, 9)
kaikki ok
Reitin pituus: 19
(10, 13)
(11, 13)
(12, 13)
(12, 12)
(12, 11)
(12, 10)
(12, 9)
(12, 8)
(12, 7)
(11, 7)
(10, 7)
(10, 6)
(10, 5)
(11, 5)
(12, 5)
(12, 4)
(12, 3)
(11, 3)
(10, 3)
(9, 3)
kaikki ok
Reitin pituus: 9
(10, 6)
(10, 7)
(11, 7)
(12, 7)
(12, 8)
(12, 9)
(12, 10)
(12, 11)
(12, 12)
(12, 13)
kaikki ok
Reitin pituus: 14
(12, 15)
(11, 15)
(10, 15)
(9, 15)
(8, 15)
(8, 14)
(8, 13)
(7, 13)
(6, 13)
(6, 12)
(6, 11)
(6, 10)
(6, 9)
(6, 8)
(6, 7)
kaikki ok
Reitin pituus: 13
(14, 10)
(14, 11)
(14, 12)
(14, 13)
(14, 14)
(14, 15)
(13, 15)
(12, 15)
(12, 16)
(12, 17)
(11, 17)
(10, 17)
(10, 18)
(10, 19)
kaikki ok
Reitin pituus: 7
(4, 6)
(4, 7)
(4, 8)
(4, 9)
(4, 10)
(4, 11)
(4, 12)
(4, 13)
kaikki ok
Reitin pituus: 22
(7, 19)
(8, 19)
(8, 18)
(8, 17)
(7, 17)
(6, 17)
(6, 16)
(6, 15)
(5, 15)
(4, 15)
(4, 14)
(4, 13)
(4, 12)
(4, 11)
(4, 10)
(4, 9)
(4, 8)
(4, 7)
(4, 6)
(4, 5)
(4, 4)
(4, 3)
(3, 3)
kaikki ok
Reitin pituus: 18
(1, 15)
(1, 14)
(1, 13)
(2, 13)
(3, 13)
(4, 13)
(4, 12)
(4, 11)
(4, 10)
(4, 9)
(4, 8)
(4, 7)
(4, 6)
(4, 5)
(4, 4)
(4, 3)
(5, 3)
(6, 3)
(7, 3)
kaikki ok
Reitin pituus: 23
(5, 15)
(6, 15)
(7, 15)
(8, 15)
(9, 15)
(10, 15)
(11, 15)
(12, 15)
(13, 15)
(14, 15)
(14, 14)
(14, 13)
(14, 12)
(14, 11)
(14, 10)
(14, 9)
(14, 8)
(14, 7)
(14, 6)
(14, 5)
(15, 5)
(16, 5)
(17, 5)
(17, 4)
kaikki ok
Reitin pituus: 8
(14, 7)
(14, 6)
(14, 5)
(14, 4)
(14, 3)
(13, 3)
(12, 3)
(11, 3)
(10, 3)
kaikki ok
Reitin pituus: 6
(6, 5)
(6, 4)
(6, 3)
(5, 3)
(4, 3)
(3, 3)
(2, 3)
kaikki ok
Reitin pituus: 15
(10, 7)
(11, 7)
(12, 7)
(12, 8)
(12, 9)
(13, 9)
(14, 9)
(14, 10)
(14, 11)
(14, 12)
(14, 13)
(15, 13)
(16, 13)
(17, 13)
(17, 14)
(17, 15)
kaikki ok
Reitin pituus: 10
(16, 3)
(15, 3)
(14, 3)
(13, 3)
(12, 3)
(11, 3)
(10, 3)
(9, 3)
(8, 3)
(7, 3)
(6, 3)
kaikki ok
Reitin pituus: 22
(7, 1)
(8, 1)
(8, 2)
(8, 3)
(9, 3)
(10, 3)
(11, 3)
(12, 3)
(13, 3)
(14, 3)
(14, 4)
(14, 5)
(14, 6)
(14, 7)
(14, 8)
(14, 9)
(14, 10)
(14, 11)
(14, 12)
(14, 13)
(13, 13)
(12, 13)
(11, 13)
kaikki ok
Reitin pituus: 13
(11, 13)
(12, 13)
(13, 13)
(14, 13)
(14, 14)
(14, 15)
(14, 16)
(14, 17)
(15, 17)
(16, 17)
(17, 17)
(17, 18)
(17, 19)
(16, 19)
kaikki ok
Reitin pituus: 11
(8, 2)
(8, 3)
(9, 3)
(10, 3)
(11, 3)
(12, 3)
(13, 3)
(14, 3)
(15, 3)
(16, 3)
(17, 3)
(17, 4)
kaikki ok
Reitin pituus: 17
(16, 13)
(15, 13)
(14, 13)
(14, 12)
(14, 11)
(14, 10)
(14, 9)
(14, 8)
(14, 7)
(14, 6)
(14, 5)
(14, 4)
(14, 3)
(13, 3)
(12, 3)
(11, 3)
(10, 3)
(10, 2)
kaikki ok
Reitin pituus: 21
(15, 5)
(14, 5)
(14, 6)
(14, 7)
(14, 8)
(14, 9)
(13, 9)
(12, 9)
(12, 10)
(12, 11)
(11, 11)
(10, 11)
(9, 11)
(8, 11)
(7, 11)
(6, 11)
(6, 12)
(6, 13)
(5, 13)
(4, 13)
(3, 13)
(2, 13)
kaikki ok
Reitin pituus: 16
(12, 19)
(11, 19)
(10, 19)
(10, 18)
(10, 17)
(11, 17)
(12, 17)
(12, 16)
(12, 15)
(13, 15)
(14, 15)
(14, 14)
(14, 13)
(13, 13)
(12, 13)
(12, 12)
(12, 11)
kaikki ok
Reitin pituus: 16
(8, 19)
(9, 19)
(10, 19)
(10, 18)
(10, 17)
(11, 17)
(12, 17)
(12, 16)
(12, 15)
(13, 15)
(14, 15)
(14, 14)
(14, 13)
(14, 12)
(14, 11)
(14, 10)
(14, 9)
kaikki ok
Reitin pituus: 4
(14, 10)
(14, 11)
(14, 12)
(14, 13)
(13, 13)
kaikki ok
Reitin pituus: 20
(16, 15)
(17, 15)
(17, 14)
(17, 13)
(16, 13)
(15, 13)
(14, 13)
(13, 13)
(12, 13)
(12, 12)
(12, 11)
(11, 11)
(10, 11)
(9, 11)
(8, 11)
(7, 11)
(6, 11)
(6, 10)
(6, 9)
(6, 8)
(6, 7)
kaikki ok
Reitin pituus: 6
(6, 12)
(6, 11)
(6, 10)
(6, 9)
(5, 9)
(4, 9)
(4, 8)
kaikki ok
Reitin pituus: 15
(8, 9)
(9, 9)
(9, 8)
(9, 7)
(8, 7)
(8, 6)
(8, 5)
(7, 5)
(6, 5)
(6, 4)
(6, 3)
(5, 3)
(4, 3)
(4, 4)
(4, 5)
(3, 5)
kaikki ok
Reitin pituus: 9
(7, 15)
(6, 15)
(5, 15)
(4, 15)
(4, 16)
(4, 17)
(3, 17)
(2, 17)
(1, 17)
(1, 18)
kaikki ok
Reitin pituus: 1
(11, 13)
(10, 13)
kaikki ok
Reitin pituus: 19
(6, 3)
(6, 4)
(6, 5)
(7, 5)
(8, 5)
(8, 6)
(8, 7)
(9, 7)
(10, 7)
(11, 7)
(12, 7)
(12, 8)
(12, 9)
(13, 9)
(14, 9)
(14, 10)
(14, 11)
(14, 12)
(14, 13)
(15, 13)
kaikki ok
Reitin pituus: 17
(10, 3)
(11, 3)
(12, 3)
(12, 4)
(12, 5)
(11, 5)
(10, 5)
(10, 6)
(10, 7)
(11, 7)
(12, 7)
(12, 8)
(12, 9)
(12, 10)
(12, 11)
(11, 11)
(10, 11)
(9, 11)
kaikki ok
Reitin pituus: 23
(12, 19)
(11, 19)
(10, 19)
(10, 18)
(10, 17)
(11, 17)
(12, 17)
(12, 16)
(12, 15)
(13, 15)
(14, 15)
(14, 14)
(14, 13)
(14, 12)
(14, 11)
(14, 10)
(14, 9)
(14, 8)
(14, 7)
(14, 6)
(14, 5)
(14, 4)
(14, 3)
(14, 2)
kaikki ok
Reitin pituus: 15
(7, 13)
(8, 13)
(8, 14)
(8, 15)
(9, 15)
(10, 15)
(11, 15)
(12, 15)
(12, 16)
(12, 17)
(11, 17)
(10, 17)
(10, 18)
(10, 19)
(11, 19)
(12, 19)
kaikki ok
Reitin pituus: 20
(16, 16)
(16, 17)
(15, 17)
(14, 17)
(14, 16)
(14, 15)
(14, 14)
(14, 13)
(14, 12)
(14, 11)
(14, 10)
(14, 9)
(14, 8)
(14, 7)
(14, 6)
(14, 5)
(14, 4)
(14, 3)
(13, 3)
(12, 3)
(11, 3)
kaikki ok
Reitin pituus: 8
(6, 16)
(6, 17)
(7, 17)
(8, 17)
(8, 18)
(8, 19)
(9, 19)
(10, 19)
(11, 19)
kaikki ok
Reitin pituus: 16
(1, 1)
(1, 2)
(1, 3)
(1, 4)
(1, 5)
(2, 5)
(3, 5)
(4, 5)
(4, 6)
(4, 7)
(4, 8)
(4, 9)
(4, 10)
(4, 11)
(4, 12)
(4, 13)
(4, 14)
kaikki ok
Reitin pituus: 21
(4, 8)
(4, 9)
(5, 9)
(6, 9)
(6, 10)
(6, 11)
(7, 11)
(8, 11)
(9, 11)
(10, 11)
(11, 11)
(12, 11)
(12, 12)
(12, 13)
(13, 13)
(14, 13)
(14, 14)
(14, 15)
(14, 16)
(14, 17)
(15, 17)
(16, 17)
kaikki ok
Reitin pituus: 4
(12, 12)
(12, 13)
(11, 13)
(10, 13)
(10, 14)
kaikki ok
Reitin pituus: 18
(17, 13)
(16, 13)
(15, 13)
(14, 13)
(13, 13)
(12, 13)
(12, 12)
(12, 11)
(11, 11)
(10, 11)
(9, 11)
(8, 11)
(7, 11)
(6, 11)
(6, 12)
(6, 13)
(5, 13)
(4, 13)
(4, 12)
kaikki ok
Reitin pituus: 11
(4, 12)
(4, 11)
(4, 10)
(4, 9)
(5, 9)
(6, 9)
(6, 8)
(6, 7)
(7, 7)
(8, 7)
(9, 7)
(9, 8)
kaikki ok
Reitin pituus: 18
(8, 1)
(8, 2)
(8, 3)
(9, 3)
(10, 3)
(11, 3)
(12, 3)
(13, 3)
(14, 3)
(14, 4)
(14, 5)
(14, 6)
(14, 7)
(14, 8)
(14, 9)
(13, 9)
(12, 9)
(12, 10)
(12, 11)
kaikki ok
Reitin pituus: 5
(6, 8)
(6, 9)
(5, 9)
(4, 9)
(4, 10)
(4, 11)
kaikki ok
Reitin pituus: 20
(14, 9)
(13, 9)
(12, 9)
(12, 8)
(12, 7)
(11, 7)
(10, 7)
(9, 7)
(8, 7)
(8, 6)
(8, 5)
(7, 5)
(6, 5)
(6, 4)
(6, 3)
(5, 3)
(4, 3)
(3, 3)
(2, 3)
(1, 3)
(1, 4)
kaikki ok
Reitin pituus: 5
(11, 7)
(10, 7)
(9, 7)
(9, 8)
(9, 9)
(10, 9)
kaikki ok
Reitin pituus: 13
(17, 17)
(16, 17)
(15, 17)
(14, 17)
(14, 16)
(14, 15)
(14, 14)
(14, 13)
(14, 12)
(14, 11)
(14, 10)
(14, 9)
(14, 8)
(14, 7)
kaikki ok
Reitin pituus: 16
(8, 11)
(7, 11)
(6, 11)
(6, 10)
(6, 9)
(5, 9)
(4, 9)
(4, 8)
(4, 7)
(4, 6)
(4, 5)
(4, 4)
(4, 3)
(5, 3)
(6, 3)
(7, 3)
(8, 3)
kaikki ok
Reitin pituus: 24
(8, 14)
(8, 15)
(9, 15)
(10, 15)
(10, 14)
(10, 13)
(11, 13)
(12, 13)
(13, 13)
(14, 13)
(14, 12)
(14, 11)
(14, 10)
(14, 9)
(14, 8)
(14, 7)
(14, 6)
(14, 5)
(14, 4)
(14, 3)
(14, 2)
(14, 1)
(13, 1)
(12, 1)
(11, 1)
kaikki ok
Reitin pituus: 17
(2, 17)
(3, 17)
(4, 17)
(4, 16)
(4, 15)
(5, 15)
(6, 15)
(7, 15)
(8, 15)
(9, 15)
(10, 15)
(11, 15)
(12, 15)
(13, 15)
(14, 15)
(14, 16)
(14, 17)
(15, 17)
kaikki ok
Reitin pituus: 23
(17, 18)
(17, 17)
(16, 17)
(15, 17)
(14, 17)
(14, 16)
(14, 15)
(13, 15)
(12, 15)
(11, 15)
(10, 15)
(9, 15)
(8, 15)
(8, 14)
(8, 13)
(7, 13)
(6, 13)
(6, 12)
(6, 11)
(6, 10)
(6, 9)
(5, 9)
(4, 9)
(4, 8)
kaikki ok
Reitin pituus: 11
(5, 13)
(6, 13)
(7, 13)
(8, 13)
(8, 14)
(8, 15)
(9, 15)
(10, 15)
(11, 15)
(12, 15)
(12, 16)
(12, 17)
kaikki ok
Reitin pituus: 12
(12, 10)
(12, 9)
(13, 9)
(14, 9)
(14, 8)
(14, 7)
(14, 6)
(14, 5)
(14, 4)
(14, 3)
(14, 2)
(14, 1)
(15, 1)
kaikki ok
Reitin pituus: 4
(8, 17)
(7, 17)
(6, 17)
(6, 16)
(6, 15)
kaikki ok
Reitin pituus: 15
(9, 15)
(8, 15)
(8, 14)
(8, 13)
(7, 13)
(6, 13)
(6, 12)
(6, 11)
(6, 10)
(6, 9)
(5, 9)
(4, 9)
(4, 8)
(4, 7)
(4, 6)
(4, 5)
kaikki ok
Reitin pituus: 21
(11, 1)
(10, 1)
(10, 2)
(10, 3)
(9, 3)
(8, 3)
(7, 3)
(6, 3)
(5, 3)
(4, 3)
(4, 4)
(4, 5)
(4, 6)
(4, 7)
(4, 8)
(4, 9)
(4, 10)
(4, 11)
(4, 12)
(4, 13)
(3, 13)
(2, 13)
kaikki ok
Reitin pituus: 21
(16, 17)
(15, 17)
(14, 17)
(14, 16)
(14, 15)
(14, 14)
(14, 13)
(14, 12)
(14, 11)
(14, 10)
(14, 9)
(14, 8)
(14, 7)
(14, 6)
(14, 5)
(14, 4)
(14, 3)
(14, 2)
(14, 1)
(13, 1)
(12, 1)
(11, 1)
kaikki ok
Reitin pituus: 27
(5, 19)
(6, 19)
(7, 19)
(8, 19)
(8, 18)
(8, 17)
(7, 17)
(6, 17)
(6, 16)
(6, 15)
(5, 15)
(4, 15)
(4, 14)
(4, 13)
(4, 12)
(4, 11)
(4, 10)
(4, 9)
(4, 8)
(4, 7)
(4, 6)
(4, 5)
(3, 5)
(2, 5)
(1, 5)
(1, 4)
(1, 3)
(1, 2)
kaikki ok
Reitin pituus: 15
(17, 18)
(17, 17)
(16, 17)
(15, 17)
(14, 17)
(14, 16)
(14, 15)
(14, 14)
(14, 13)
(13, 13)
(12, 13)
(12, 12)
(12, 11)
(12, 10)
(12, 9)
(12, 8)
kaikki ok
Reitin pituus: 14
(6, 8)
(6, 9)
(5, 9)
(4, 9)
(4, 8)
(4, 7)
(4, 6)
(4, 5)
(4, 4)
(4, 3)
(3, 3)
(2, 3)
(1, 3)
(1, 2)
(1, 1)
kaikki ok
Reitin pituus: 5
(1, 17)
(2, 17)
(3, 17)
(4, 17)
(4, 16)
(4, 15)
kaikki ok
Reitin pituus: 15
(4, 4)
(4, 3)
(5, 3)
(6, 3)
(7, 3)
(8, 3)
(9, 3)
(10, 3)
(11, 3)
(12, 3)
(13, 3)
(14, 3)
(14, 4)
(14, 5)
(15, 5)
(16, 5)
kaikki ok
Reitin pituus: 14
(4, 14)
(4, 15)
(5, 15)
(6, 15)
(6, 16)
(6, 17)
(7, 17)
(8, 17)
(8, 18)
(8, 19)
(9, 19)
(10, 19)
(11, 19)
(12, 19)
(13, 19)
kaikki ok
Reitin pituus: 6
(12, 7)
(12, 8)
(12, 9)
(13, 9)
(14, 9)
(14, 8)
(14, 7)
kaikki ok
Reitin pituus: 20
(17, 5)
(16, 5)
(15, 5)
(14, 5)
(14, 6)
(14, 7)
(14, 8)
(14, 9)
(13, 9)
(12, 9)
(12, 10)
(12, 11)
(11, 11)
(10, 11)
(9, 11)
(8, 11)
(7, 11)
(6, 11)
(6, 12)
(6, 13)
(7, 13)
kaikki ok
Reitin pituus: 7
(12, 8)
(12, 9)
(12, 10)
(12, 11)
(12, 12)
(12, 13)
(13, 13)
(14, 13)
kaikki ok
Reitin pituus: 14
(8, 6)
(8, 7)
(7, 7)
(6, 7)
(6, 8)
(6, 9)
(6, 10)
(6, 11)
(6, 12)
(6, 13)
(7, 13)
(8, 13)
(8, 14)
(8, 15)
(9, 15)
kaikki ok
Reitin pituus: 17
(1, 3)
(2, 3)
(3, 3)
(4, 3)
(5, 3)
(6, 3)
(7, 3)
(8, 3)
(9, 3)
(10, 3)
(11, 3)
(12, 3)
(13, 3)
(14, 3)
(15, 3)
(16, 3)
(17, 3)
(17, 4)
kaikki ok
Reitin pituus: 10
(10, 11)
(9, 11)
(8, 11)
(7, 11)
(6, 11)
(6, 10)
(6, 9)
(6, 8)
(6, 7)
(7, 7)
(8, 7)
kaikki ok
Reitin pituus: 12
(11, 17)
(12, 17)
(12, 16)
(12, 15)
(13, 15)
(14, 15)
(14, 16)
(14, 17)
(15, 17)
(16, 17)
(16, 16)
(16, 15)
(17, 15)
kaikki ok
Reitin pituus: 2
(1, 15)
(1, 14)
(1, 13)
kaikki ok
Reitin pituus: 23
(4, 14)
(4, 13)
(5, 13)
(6, 13)
(6, 12)
(6, 11)
(7, 11)
(8, 11)
(9, 11)
(10, 11)
(11, 11)
(12, 11)
(12, 10)
(12, 9)
(13, 9)
(14, 9)
(14, 8)
(14, 7)
(14, 6)
(14, 5)
(15, 5)
(16, 5)
(17, 5)
(17, 4)
kaikki ok
Reitin pituus: 21
(10, 13)
(11, 13)
(12, 13)
(12, 12)
(12, 11)
(12, 10)
(12, 9)
(12, 8)
(12, 7)
(11, 7)
(10, 7)
(9, 7)
(8, 7)
(8, 6)
(8, 5)
(7, 5)
(6, 5)
(6, 4)
(6, 3)
(5, 3)
(4, 3)
(4, 2)
kaikki ok
Reitin pituus: 21
(10, 18)
(10, 19)
(9, 19)
(8, 19)
(8, 18)
(8, 17)
(7, 17)
(6, 17)
(6, 16)
(6, 15)
(5, 15)
(4, 15)
(4, 14)
(4, 13)
(4, 12)
(4, 11)
(4, 10)
(4, 9)
(4, 8)
(4, 7)
(4, 6)
(4, 5)
kaikki ok
Reitin pituus: 12
(17, 17)
(16, 17)
(15, 17)
(14, 17)
(14, 16)
(14, 15)
(14, 14)
(14, 13)
(13, 13)
(12, 13)
(12, 12)
(12, 11)
(11, 11)
kaikki ok
Reitin pituus: 8
(4, 9)
(4, 8)
(4, 7)
(4, 6)
(4, 5)
(3, 5)
(2, 5)
(1, 5)
(1, 4)
kaikki ok
Reitin pituus: 13
(8, 14)
(8, 13)
(7, 13)
(6, 13)
(6, 12)
(6, 11)
(6, 10)
(6, 9)
(6, 8)
(6, 7)
(7, 7)
(8, 7)
(9, 7)
(9, 8)
kaikki ok
Reitin pituus: 21
(14, 1)
(13, 1)
(12, 1)
(11, 1)
(10, 1)
(10, 2)
(10, 3)
(9, 3)
(8, 3)
(7, 3)
(6, 3)
(5, 3)
(4, 3)
(4, 4)
(4, 5)
(4, 6)
(4, 7)
(4, 8)
(4, 9)
(4, 10)
(4, 11)
(4, 12)
kaikki ok
Reitin pituus: 11
(14, 7)
(14, 8)
(14, 9)
(13, 9)
(12, 9)
(12, 8)
(12, 7)
(11, 7)
(10, 7)
(9, 7)
(9, 8)
(9, 9)
kaikki ok
Reitin pituus: 4
(6, 12)
(6, 13)
(5, 13)
(4, 13)
(4, 14)
kaikki ok
Reitin pituus: 6
(3, 5)
(4, 5)
(4, 4)
(4, 3)
(4, 2)
(4, 1)
(3, 1)
kaikki ok
Reitin pituus: 10
(4, 13)
(4, 14)
(4, 15)
(5, 15)
(6, 15)
(7, 15)
(8, 15)
(9, 15)
(10, 15)
(11, 15)
(12, 15)
kaikki ok
Reitin pituus: 13
(1, 3)
(2, 3)
(3, 3)
(4, 3)
(5, 3)
(6, 3)
(7, 3)
(8, 3)
(9, 3)
(10, 3)
(10, 2)
(10, 1)
(11, 1)
(12, 1)
kaikki ok
Reitin pituus: 13
(12, 11)
(12, 10)
(12, 9)
(13, 9)
(14, 9)
(14, 8)
(14, 7)
(14, 6)
(14, 5)
(14, 4)
(14, 3)
(13, 3)
(12, 3)
(11, 3)
kaikki ok
Reitin pituus: 14
(6, 12)
(6, 11)
(6, 10)
(6, 9)
(5, 9)
(4, 9)
(4, 8)
(4, 7)
(4, 6)
(4, 5)
(4, 4)
(4, 3)
(4, 2)
(4, 1)
(3, 1)
kaikki ok
Reitin pituus: 14
(5, 1)
(4, 1)
(4, 2)
(4, 3)
(4, 4)
(4, 5)
(4, 6)
(4, 7)
(4, 8)
(4, 9)
(5, 9)
(6, 9)
(6, 10)
(6, 11)
(6, 12)
kaikki ok
Reitin pituus: 10
(11, 5)
(10, 5)
(10, 6)
(10, 7)
(9, 7)
(8, 7)
(7, 7)
(6, 7)
(6, 8)
(6, 9)
(5, 9)
kaikki ok
Reitin pituus: 19
(13, 15)
(12, 15)
(11, 15)
(10, 15)
(9, 15)
(8, 15)
(7, 15)
(6, 15)
(5, 15)
(4, 15)
(4, 14)
(4, 13)
(4, 12)
(4, 11)
(4, 10)
(4, 9)
(4, 8)
(4, 7)
(4, 6)
(4, 5)
kaikki ok
Reitin pituus: 22
(8, 9)
(9, 9)
(9, 8)
(9, 7)
(10, 7)
(11, 7)
(12, 7)
(12, 8)
(12, 9)
(13, 9)
(14, 9)
(14, 10)
(14, 11)
(14, 12)
(14, 13)
(14, 14)
(14, 15)
(14, 16)
(14, 17)
(15, 17)
(16, 17)
(17, 17)
(17, 18)
kaikki ok
Reitin pituus: 21
(4, 1)
(4, 2)
(4, 3)
(4, 4)
(4, 5)
(4, 6)
(4, 7)
(4, 8)
(4, 9)
(5, 9)
(6, 9)
(6, 10)
(6, 11)
(6, 12)
(6, 13)
(7, 13)
(8, 13)
(8, 14)
(8, 15)
(9, 15)
(10, 15)
(11, 15)
kaikki ok
Reitin pituus: 19
(9, 8)
(9, 7)
(10, 7)
(11, 7)
(12, 7)
(12, 8)
(12, 9)
(13, 9)
(14, 9)
(14, 10)
(14, 11)
(14, 12)
(14, 13)
(14, 14)
(14, 15)
(13, 15)
(12, 15)
(12, 16)
(12, 17)
(11, 17)
kaikki ok
Reitin pituus: 18
(10, 9)
(9, 9)
(9, 8)
(9, 7)
(8, 7)
(7, 7)
(6, 7)
(6, 8)
(6, 9)
(6, 10)
(6, 11)
(6, 12)
(6, 13)
(5, 13)
(4, 13)
(3, 13)
(2, 13)
(1, 13)
(1, 14)
kaikki ok
Reitin pituus: 6
(9, 3)
(10, 3)
(11, 3)
(12, 3)
(13, 3)
(14, 3)
(14, 4)
kaikki ok
Reitin pituus: 13
(4, 10)
(4, 9)
(4, 8)
(4, 7)
(4, 6)
(4, 5)
(4, 4)
(4, 3)
(5, 3)
(6, 3)
(7, 3)
(8, 3)
(9, 3)
(10, 3)
kaikki ok
Reitin pituus: 13
(11, 11)
(12, 11)
(12, 10)
(12, 9)
(12, 8)
(12, 7)
(11, 7)
(10, 7)
(9, 7)
(8, 7)
(8, 6)
(8, 5)
(7, 5)
(6, 5)
kaikki ok
Reitin pituus: 13
(14, 14)
(14, 13)
(13, 13)
(12, 13)
(12, 12)
(12, 11)
(12, 10)
(12, 9)
(12, 8)
(12, 7)
(11, 7)
(10, 7)
(9, 7)
(8, 7)
kaikki ok
Reitin pituus: 5
(14, 11)
(14, 12)
(14, 13)
(14, 14)
(14, 15)
(13, 15)
kaikki ok
Reitin pituus: 14
(1, 5)
(2, 5)
(3, 5)
(4, 5)
(4, 6)
(4, 7)
(4, 8)
(4, 9)
(4, 10)
(4, 11)
(4, 12)
(4, 13)
(4, 14)
(4, 15)
(5, 15)
kaikki ok
Reitin pituus: 13
(14, 7)
(14, 8)
(14, 9)
(13, 9)
(12, 9)
(12, 10)
(12, 11)
(11, 11)
(10, 11)
(9, 11)
(8, 11)
(7, 11)
(6, 11)
(6, 10)
kaikki ok
Reitin pituus: 6
(14, 16)
(14, 15)
(13, 15)
(12, 15)
(11, 15)
(10, 15)
(10, 14)
kaikki ok
Reitin pituus: 16
(5, 3)
(4, 3)
(4, 4)
(4, 5)
(4, 6)
(4, 7)
(4, 8)
(4, 9)
(5, 9)
(6, 9)
(6, 10)
(6, 11)
(7, 11)
(8, 11)
(9, 11)
(10, 11)
(11, 11)
kaikki ok
Reitin pituus: 20
(6, 16)
(6, 15)
(7, 15)
(8, 15)
(9, 15)
(10, 15)
(10, 14)
(10, 13)
(11, 13)
(12, 13)
(12, 12)
(12, 11)
(12, 10)
(12, 9)
(13, 9)
(14, 9)
(14, 8)
(14, 7)
(14, 6)
(14, 5)
(14, 4)
kaikki ok
Reitin pituus: 14
(3, 5)
(4, 5)
(4, 4)
(4, 3)
(5, 3)
(6, 3)
(7, 3)
(8, 3)
(9, 3)
(10, 3)
(10, 2)
(10, 1)
(11, 1)
(12, 1)
(13, 1)
kaikki ok
Reitin pituus: 2
(10, 9)
(9, 9)
(9, 8)
kaikki ok
Reitin pituus: 13
(7, 1)
(8, 1)
(8, 2)
(8, 3)
(9, 3)
(10, 3)
(11, 3)
(12, 3)
(12, 4)
(12, 5)
(11, 5)
(10, 5)
(10, 6)
(10, 7)
kaikki ok
Reitin pituus: 26
(16, 15)
(17, 15)
(17, 14)
(17, 13)
(16, 13)
(15, 13)
(14, 13)
(14, 12)
(14, 11)
(14, 10)
(14, 9)
(14, 8)
(14, 7)
(14, 6)
(14, 5)
(14, 4)
(14, 3)
(13, 3)
(12, 3)
(11, 3)
(10, 3)
(9, 3)
(8, 3)
(8, 2)
(8, 1)
(7, 1)
(6, 1)
kaikki ok
Reitin pituus: 8
(10, 6)
(10, 5)
(11, 5)
(12, 5)
(12, 4)
(12, 3)
(13, 3)
(14, 3)
(14, 2)
kaikki ok
Reitin pituus: 10
(3, 19)
(4, 19)
(5, 19)
(6, 19)
(7, 19)
(8, 19)
(9, 19)
(10, 19)
(10, 18)
(10, 17)
(11, 17)
kaikki ok
Reitin pituus: 10
(8, 5)
(7, 5)
(6, 5)
(6, 4)
(6, 3)
(5, 3)
(4, 3)
(4, 4)
(4, 5)
(4, 6)
(4, 7)
kaikki ok
Reitin pituus: 7
(12, 1)
(13, 1)
(14, 1)
(14, 2)
(14, 3)
(14, 4)
(14, 5)
(15, 5)
kaikki ok
Reitin pituus: 24
(12, 5)
(11, 5)
(10, 5)
(10, 6)
(10, 7)
(11, 7)
(12, 7)
(12, 8)
(12, 9)
(12, 10)
(12, 11)
(12, 12)
(12, 13)
(11, 13)
(10, 13)
(10, 14)
(10, 15)
(9, 15)
(8, 15)
(7, 15)
(6, 15)
(6, 16)
(6, 17)
(7, 17)
(8, 17)
kaikki ok
Reitin pituus: 21
(14, 17)
(14, 16)
(14, 15)
(14, 14)
(14, 13)
(14, 12)
(14, 11)
(14, 10)
(14, 9)
(14, 8)
(14, 7)
(14, 6)
(14, 5)
(14, 4)
(14, 3)
(13, 3)
(12, 3)
(11, 3)
(10, 3)
(9, 3)
(8, 3)
(7, 3)
kaikki ok
Reitin pituus: 10
(3, 13)
(4, 13)
(4, 14)
(4, 15)
(4, 16)
(4, 17)
(3, 17)
(2, 17)
(1, 17)
(1, 18)
(1, 19)
kaikki ok
Reitin pituus: 13
(13, 3)
(12, 3)
(11, 3)
(10, 3)
(9, 3)
(8, 3)
(7, 3)
(6, 3)
(5, 3)
(4, 3)
(4, 4)
(4, 5)
(3, 5)
(2, 5)
kaikki ok
Reitin pituus: 20
(7, 3)
(8, 3)
(9, 3)
(10, 3)
(11, 3)
(12, 3)
(13, 3)
(14, 3)
(14, 4)
(14, 5)
(14, 6)
(14, 7)
(14, 8)
(14, 9)
(14, 10)
(14, 11)
(14, 12)
(14, 13)
(14, 14)
(14, 15)
(13, 15)
kaikki ok
Reitin pituus: 8
(7, 1)
(6, 1)
(5, 1)
(4, 1)
(4, 2)
(4, 3)
(3, 3)
(2, 3)
(1, 3)
kaikki ok
Reitin pituus: 28
(8, 19)
(9, 19)
(10, 19)
(10, 18)
(10, 17)
(11, 17)
(12, 17)
(12, 16)
(12, 15)
(13, 15)
(14, 15)
(14, 14)
(14, 13)
(14, 12)
(14, 11)
(14, 10)
(14, 9)
(14, 8)
(14, 7)
(14, 6)
(14, 5)
(14, 4)
(14, 3)
(14, 2)
(14, 1)
(13, 1)
(12, 1)
(11, 1)
(10, 1)
kaikki ok
Reitin pituus: 20
(12, 17)
(12, 16)
(12, 15)
(11, 15)
(10, 15)
(9, 15)
(8, 15)
(8, 14)
(8, 13)
(7, 13)
(6, 13)
(5, 13)
(4, 13)
(4, 12)
(4, 11)
(4, 10)
(4, 9)
(4, 8)
(4, 7)
(4, 6)
(4, 5)
kaikki ok
Reitin pituus: 10
(12, 16)
(12, 15)
(13, 15)
(14, 15)
(14, 14)
(14, 13)
(13, 13)
(12, 13)
(12, 12)
(12, 11)
(11, 11)
kaikki ok
Reitin pituus: 12
(3, 3)
(4, 3)
(5, 3)
(6, 3)
(6, 4)
(6, 5)
(7, 5)
(8, 5)
(8, 6)
(8, 7)
(9, 7)
(10, 7)
(10, 6)
kaikki ok
Reitin pituus: 4
(4, 1)
(4, 2)
(4, 3)
(4, 4)
(4, 5)
kaikki ok
Reitin pituus: 14
(14, 13)
(14, 12)
(14, 11)
(14, 10)
(14, 9)
(14, 8)
(14, 7)
(14, 6)
(14, 5)
(14, 4)
(14, 3)
(14, 2)
(14, 1)
(15, 1)
(16, 1)
kaikki ok
Reitin pituus: 6
(4, 6)
(4, 5)
(4, 4)
(4, 3)
(5, 3)
(6, 3)
(6, 4)
kaikki ok
Reitin pituus: 5
(16, 5)
(15, 5)
(14, 5)
(14, 4)
(14, 3)
(15, 3)
kaikki ok
Reitin pituus: 15
(13, 1)
(12, 1)
(11, 1)
(10, 1)
(10, 2)
(10, 3)
(9, 3)
(8, 3)
(7, 3)
(6, 3)
(5, 3)
(4, 3)
(4, 4)
(4, 5)
(4, 6)
(4, 7)
kaikki ok
Reitin pituus: 3
(9, 15)
(10, 15)
(11, 15)
(12, 15)
kaikki ok
Reitin pituus: 3
(1, 4)
(1, 5)
(2, 5)
(3, 5)
kaikki ok
Reitin pituus: 14
(16, 16)
(16, 17)
(17, 17)
(17, 18)
(17, 19)
(16, 19)
(15, 19)
(14, 19)
(13, 19)
(12, 19)
(11, 19)
(10, 19)
(9, 19)
(8, 19)
(7, 19)
kaikki ok
Reitin pituus: 34
(17, 19)
(17, 18)
(17, 17)
(16, 17)
(15, 17)
(14, 17)
(14, 16)
(14, 15)
(14, 14)
(14, 13)
(14, 12)
(14, 11)
(14, 10)
(14, 9)
(14, 8)
(14, 7)
(14, 6)
(14, 5)
(14, 4)
(14, 3)
(13, 3)
(12, 3)
(11, 3)
(10, 3)
(9, 3)
(8, 3)
(7, 3)
(6, 3)
(5, 3)
(4, 3)
(3, 3)
(2, 3)
(1, 3)
(1, 2)
(1, 1)
kaikki ok
Reitin pituus: 12
(11, 7)
(10, 7)
(9, 7)
(8, 7)
(8, 6)
(8, 5)
(7, 5)
(6, 5)
(6, 4)
(6, 3)
(5, 3)
(4, 3)
(4, 4)
kaikki ok
Reitin pituus: 8
(17, 13)
(16, 13)
(15, 13)
(14, 13)
(14, 12)
(14, 11)
(14, 10)
(14, 9)
(14, 8)
kaikki ok
Reitin pituus: 8
(15, 3)
(14, 3)
(13, 3)
(12, 3)
(11, 3)
(10, 3)
(9, 3)
(8, 3)
(8, 2)
kaikki ok
Reitin pituus: 20
(4, 6)
(4, 7)
(4, 8)
(4, 9)
(4, 10)
(4, 11)
(4, 12)
(4, 13)
(5, 13)
(6, 13)
(7, 13)
(8, 13)
(8, 14)
(8, 15)
(9, 15)
(10, 15)
(11, 15)
(12, 15)
(12, 16)
(12, 17)
(11, 17)
kaikki ok
Reitin pituus: 19
(10, 14)
(10, 13)
(11, 13)
(12, 13)
(13, 13)
(14, 13)
(14, 12)
(14, 11)
(14, 10)
(14, 9)
(14, 8)
(14, 7)
(14, 6)
(14, 5)
(15, 5)
(16, 5)
(17, 5)
(17, 4)
(17, 3)
(17, 2)
kaikki ok
Reitin pituus: 25
(6, 5)
(7, 5)
(8, 5)
(8, 6)
(8, 7)
(7, 7)
(6, 7)
(6, 8)
(6, 9)
(6, 10)
(6, 11)
(6, 12)
(6, 13)
(7, 13)
(8, 13)
(8, 14)
(8, 15)
(7, 15)
(6, 15)
(6, 16)
(6, 17)
(7, 17)
(8, 17)
(8, 18)
(8, 19)
(7, 19)
kaikki ok
Reitin pituus: 16
(7, 17)
(6, 17)
(6, 16)
(6, 15)
(7, 15)
(8, 15)
(9, 15)
(10, 15)
(10, 14)
(10, 13)
(11, 13)
(12, 13)
(12, 12)
(12, 11)
(12, 10)
(12, 9)
(12, 8)
kaikki ok
Reitin pituus: 11
(12, 3)
(13, 3)
(14, 3)
(14, 4)
(14, 5)
(14, 6)
(14, 7)
(14, 8)
(14, 9)
(13, 9)
(12, 9)
(12, 10)
kaikki ok
Reitin pituus: 26
(5, 19)
(6, 19)
(7, 19)
(8, 19)
(8, 18)
(8, 17)
(7, 17)
(6, 17)
(6, 16)
(6, 15)
(5, 15)
(4, 15)
(4, 14)
(4, 13)
(5, 13)
(6, 13)
(6, 12)
(6, 11)
(6, 10)
(6, 9)
(6, 8)
(6, 7)
(7, 7)
(8, 7)
(8, 6)
(8, 5)
(7, 5)
kaikki ok
Reitin pituus: 19
(10, 2)
(10, 3)
(9, 3)
(8, 3)
(7, 3)
(6, 3)
(5, 3)
(4, 3)
(4, 4)
(4, 5)
(4, 6)
(4, 7)
(4, 8)
(4, 9)
(4, 10)
(4, 11)
(4, 12)
(4, 13)
(4, 14)
(4, 15)
kaikki ok
Reitin pituus: 13
(12, 9)
(13, 9)
(14, 9)
(14, 10)
(14, 11)
(14, 12)
(14, 13)
(14, 14)
(14, 15)
(14, 16)
(14, 17)
(15, 17)
(16, 17)
(17, 17)
kaikki ok
Reitin pituus: 8
(8, 15)
(9, 15)
(10, 15)
(11, 15)
(12, 15)
(13, 15)
(14, 15)
(14, 14)
(14, 13)
kaikki ok
Reitin pituus: 13
(14, 5)
(14, 6)
(14, 7)
(14, 8)
(14, 9)
(14, 10)
(14, 11)
(14, 12)
(14, 13)
(14, 14)
(14, 15)
(13, 15)
(12, 15)
(11, 15)
kaikki ok
Reitin pituus: 17
(12, 11)
(11, 11)
(10, 11)
(9, 11)
(8, 11)
(7, 11)
(6, 11)
(6, 10)
(6, 9)
(5, 9)
(4, 9)
(4, 8)
(4, 7)
(4, 6)
(4, 5)
(4, 4)
(4, 3)
(3, 3)
kaikki ok
Reitin pituus: 7
(12, 7)
(11, 7)
(10, 7)
(9, 7)
(8, 7)
(8, 6)
(8, 5)
(7, 5)
kaikki ok
Reitin pituus: 11
(6, 10)
(6, 11)
(6, 12)
(6, 13)
(5, 13)
(4, 13)
(4, 14)
(4, 15)
(4, 16)
(4, 17)
(3, 17)
(2, 17)
kaikki ok
Reitin pituus: 10
(14, 5)
(14, 6)
(14, 7)
(14, 8)
(14, 9)
(13, 9)
(12, 9)
(12, 10)
(12, 11)
(11, 11)
(10, 11)
kaikki ok
Reitin pituus: 6
(17, 5)
(17, 4)
(17, 3)
(17, 2)
(17, 1)
(16, 1)
(15, 1)
kaikki ok
Reitin pituus: 10
(16, 13)
(15, 13)
(14, 13)
(13, 13)
(12, 13)
(12, 12)
(12, 11)
(11, 11)
(10, 11)
(9, 11)
(8, 11)
kaikki ok
Reitin pituus: 18
(17, 1)
(17, 2)
(17, 3)
(17, 4)
(17, 5)
(16, 5)
(15, 5)
(14, 5)
(14, 6)
(14, 7)
(14, 8)
(14, 9)
(14, 10)
(14, 11)
(14, 12)
(14, 13)
(14, 14)
(14, 15)
(13, 15)
kaikki ok
Reitin pituus: 13
(12, 9)
(12, 8)
(12, 7)
(11, 7)
(10, 7)
(9, 7)
(8, 7)
(8, 6)
(8, 5)
(7, 5)
(6, 5)
(6, 4)
(6, 3)
(5, 3)
kaikki ok
Reitin pituus: 11
(8, 6)
(8, 7)
(9, 7)
(10, 7)
(11, 7)
(12, 7)
(12, 8)
(12, 9)
(13, 9)
(14, 9)
(14, 10)
(14, 11)
kaikki ok
Reitin pituus: 13
(4, 8)
(4, 7)
(4, 6)
(4, 5)
(4, 4)
(4, 3)
(5, 3)
(6, 3)
(7, 3)
(8, 3)
(9, 3)
(10, 3)
(10, 2)
(10, 1)
kaikki ok
Reitin pituus: 18
(11, 19)
(10, 19)
(10, 18)
(10, 17)
(11, 17)
(12, 17)
(12, 16)
(12, 15)
(13, 15)
(14, 15)
(14, 14)
(14, 13)
(13, 13)
(12, 13)
(12, 12)
(12, 11)
(12, 10)
(12, 9)
(12, 8)
kaikki ok
Reitin pituus: 24
(14, 19)
(13, 19)
(12, 19)
(11, 19)
(10, 19)
(9, 19)
(8, 19)
(8, 18)
(8, 17)
(7, 17)
(6, 17)
(6, 16)
(6, 15)
(5, 15)
(4, 15)
(4, 14)
(4, 13)
(4, 12)
(4, 11)
(4, 10)
(4, 9)
(4, 8)
(4, 7)
(4, 6)
(4, 5)
kaikki ok
Reitin pituus: 18
(14, 16)
(14, 15)
(14, 14)
(14, 13)
(14, 12)
(14, 11)
(14, 10)
(14, 9)
(14, 8)
(14, 7)
(14, 6)
(14, 5)
(14, 4)
(14, 3)
(13, 3)
(12, 3)
(11, 3)
(10, 3)
(10, 2)
kaikki ok
Reitin pituus: 7
(4, 19)
(3, 19)
(2, 19)
(1, 19)
(1, 18)
(1, 17)
(2, 17)
(2, 16)
kaikki ok
Reitin pituus: 10
(11, 15)
(10, 15)
(10, 14)
(10, 13)
(11, 13)
(12, 13)
(12, 12)
(12, 11)
(11, 11)
(10, 11)
(9, 11)
kaikki ok
Reitin pituus: 22
(7, 13)
(6, 13)
(6, 12)
(6, 11)
(7, 11)
(8, 11)
(9, 11)
(10, 11)
(11, 11)
(12, 11)
(12, 10)
(12, 9)
(13, 9)
(14, 9)
(14, 8)
(14, 7)
(14, 6)
(14, 5)
(14, 4)
(14, 3)
(14, 2)
(14, 1)
(13, 1)
kaikki ok
Reitin pituus: 22
(17, 13)
(16, 13)
(15, 13)
(14, 13)
(13, 13)
(12, 13)
(12, 12)
(12, 11)
(11, 11)
(10, 11)
(9, 11)
(8, 11)
(7, 11)
(6, 11)
(6, 10)
(6, 9)
(5, 9)
(4, 9)
(4, 8)
(4, 7)
(4, 6)
(4, 5)
(4, 4)
kaikki ok
Reitin pituus: 16
(1, 15)
(1, 14)
(1, 13)
(2, 13)
(3, 13)
(4, 13)
(4, 12)
(4, 11)
(4, 10)
(4, 9)
(4, 8)
(4, 7)
(4, 6)
(4, 5)
(4, 4)
(4, 3)
(4, 2)
kaikki ok
Reitin pituus: 3
(17, 17)
(16, 17)
(16, 16)
(16, 15)
kaikki ok
Reitin pituus: 17
(4, 9)
(5, 9)
(6, 9)
(6, 8)
(6, 7)
(7, 7)
(8, 7)
(9, 7)
(10, 7)
(11, 7)
(12, 7)
(12, 8)
(12, 9)
(13, 9)
(14, 9)
(14, 8)
(14, 7)
(14, 6)
kaikki ok
Reitin pituus: 12
(12, 12)
(12, 11)
(11, 11)
(10, 11)
(9, 11)
(8, 11)
(7, 11)
(6, 11)
(6, 12)
(6, 13)
(5, 13)
(4, 13)
(3, 13)
kaikki ok
Reitin pituus: 10
(16, 5)
(15, 5)
(14, 5)
(14, 4)
(14, 3)
(14, 2)
(14, 1)
(13, 1)
(12, 1)
(11, 1)
(10, 1)
kaikki ok
Reitin pituus: 7
(4, 13)
(5, 13)
(6, 13)
(6, 12)
(6, 11)
(6, 10)
(6, 9)
(6, 8)
kaikki ok
Reitin pituus: 16
(14, 9)
(14, 10)
(14, 11)
(14, 12)
(14, 13)
(14, 14)
(14, 15)
(14, 16)
(14, 17)
(15, 17)
(16, 17)
(17, 17)
(17, 18)
(17, 19)
(16, 19)
(15, 19)
(14, 19)
kaikki ok
Reitin pituus: 12
(10, 13)
(11, 13)
(12, 13)
(12, 12)
(12, 11)
(12, 10)
(12, 9)
(12, 8)
(12, 7)
(11, 7)
(10, 7)
(10, 6)
(10, 5)
kaikki ok
Reitin pituus: 17
(2, 3)
(3, 3)
(4, 3)
(4, 4)
(4, 5)
(4, 6)
(4, 7)
(4, 8)
(4, 9)
(5, 9)
(6, 9)
(6, 10)
(6, 11)
(6, 12)
(6, 13)
(7, 13)
(8, 13)
(8, 14)
kaikki ok
Reitin pituus: 3
(5, 3)
(6, 3)
(6, 4)
(6, 5)
kaikki ok
Reitin pituus: 22
(10, 18)
(10, 17)
(11, 17)
(12, 17)
(12, 16)
(12, 15)
(11, 15)
(10, 15)
(9, 15)
(8, 15)
(8, 14)
(8, 13)
(7, 13)
(6, 13)
(6, 12)
(6, 11)
(6, 10)
(6, 9)
(6, 8)
(6, 7)
(7, 7)
(8, 7)
(8, 6)
kaikki ok
Reitin pituus: 15
(11, 11)
(12, 11)
(12, 12)
(12, 13)
(13, 13)
(14, 13)
(14, 14)
(14, 15)
(14, 16)
(14, 17)
(15, 17)
(16, 17)
(17, 17)
(17, 18)
(17, 19)
(16, 19)
kaikki ok
Reitin pituus: 6
(4, 11)
(4, 12)
(4, 13)
(4, 14)
(4, 15)
(4, 16)
(4, 17)
kaikki ok
Reitin pituus: 6
(7, 15)
(6, 15)
(5, 15)
(4, 15)
(4, 14)
(4, 13)
(5, 13)
kaikki ok
Reitin pituus: 8
(12, 3)
(12, 4)
(12, 5)
(11, 5)
(10, 5)
(10, 6)
(10, 7)
(11, 7)
(12, 7)
kaikki ok
Reitin pituus: 19
(8, 6)
(8, 7)
(9, 7)
(10, 7)
(11, 7)
(12, 7)
(12, 8)
(12, 9)
(12, 10)
(12, 11)
(12, 12)
(12, 13)
(13, 13)
(14, 13)
(15, 13)
(16, 13)
(17, 13)
(17, 14)
(17, 15)
(16, 15)
kaikki ok
Reitin pituus: 10
(17, 14)
(17, 13)
(16, 13)
(15, 13)
(14, 13)
(13, 13)
(12, 13)
(12, 12)
(12, 11)
(11, 11)
(10, 11)
kaikki ok
Reitin pituus: 5
(8, 14)
(8, 13)
(7, 13)
(6, 13)
(5, 13)
(4, 13)
kaikki ok
Reitin pituus: 7
(8, 5)
(7, 5)
(6, 5)
(6, 4)
(6, 3)
(5, 3)
(4, 3)
(4, 2)
kaikki ok
Reitin pituus: 19
(17, 3)
(16, 3)
(15, 3)
(14, 3)
(14, 4)
(14, 5)
(14, 6)
(14, 7)
(14, 8)
(14, 9)
(14, 10)
(14, 11)
(14, 12)
(14, 13)
(13, 13)
(12, 13)
(11, 13)
(10, 13)
(10, 14)
(10, 15)
kaikki ok
Reitin pituus: 10
(14, 17)
(14, 16)
(14, 15)
(14, 14)
(14, 13)
(13, 13)
(12, 13)
(12, 12)
(12, 11)
(12, 10)
(12, 9)
kaikki ok
Reitin pituus: 14
(4, 14)
(4, 13)
(4, 12)
(4, 11)
(4, 10)
(4, 9)
(5, 9)
(6, 9)
(6, 8)
(6, 7)
(7, 7)
(8, 7)
(9, 7)
(9, 8)
(9, 9)
kaikki ok
Reitin pituus: 8
(10, 2)
(10, 3)
(9, 3)
(8, 3)
(7, 3)
(6, 3)
(6, 4)
(6, 5)
(7, 5)
kaikki ok
Reitin pituus: 13
(4, 8)
(4, 9)
(5, 9)
(6, 9)
(6, 10)
(6, 11)
(7, 11)
(8, 11)
(9, 11)
(10, 11)
(11, 11)
(12, 11)
(12, 12)
(12, 13)
kaikki ok
Reitin pituus: 8
(11, 19)
(10, 19)
(10, 18)
(10, 17)
(11, 17)
(12, 17)
(12, 16)
(12, 15)
(11, 15)
kaikki ok
Reitin pituus: 24
(9, 9)
(9, 8)
(9, 7)
(10, 7)
(11, 7)
(12, 7)
(12, 8)
(12, 9)
(12, 10)
(12, 11)
(12, 12)
(12, 13)
(11, 13)
(10, 13)
(10, 14)
(10, 15)
(11, 15)
(12, 15)
(12, 16)
(12, 17)
(11, 17)
(10, 17)
(10, 18)
(10, 19)
(11, 19)
kaikki ok
Reitin pituus: 6
(4, 12)
(4, 11)
(4, 10)
(4, 9)
(4, 8)
(4, 7)
(4, 6)
kaikki ok
Reitin pituus: 15
(16, 3)
(15, 3)
(14, 3)
(14, 4)
(14, 5)
(14, 6)
(14, 7)
(14, 8)
(14, 9)
(14, 10)
(14, 11)
(14, 12)
(14, 13)
(14, 14)
(14, 15)
(14, 16)
kaikki ok
Reitin pituus: 18
(10, 6)
(10, 7)
(9, 7)
(8, 7)
(7, 7)
(6, 7)
(6, 8)
(6, 9)
(5, 9)
(4, 9)
(4, 10)
(4, 11)
(4, 12)
(4, 13)
(4, 14)
(4, 15)
(4, 16)
(4, 17)
(3, 17)
kaikki ok
Reitin pituus: 9
(6, 9)
(5, 9)
(4, 9)
(4, 8)
(4, 7)
(4, 6)
(4, 5)
(4, 4)
(4, 3)
(4, 2)
kaikki ok
Reitin pituus: 3
(14, 14)
(14, 13)
(13, 13)
(12, 13)
kaikki ok
Reitin pituus: 20
(17, 4)
(17, 3)
(16, 3)
(15, 3)
(14, 3)
(13, 3)
(12, 3)
(11, 3)
(10, 3)
(9, 3)
(8, 3)
(7, 3)
(6, 3)
(5, 3)
(4, 3)
(4, 4)
(4, 5)
(4, 6)
(4, 7)
(4, 8)
(4, 9)
kaikki ok
Reitin pituus: 22
(16, 17)
(15, 17)
(14, 17)
(14, 16)
(14, 15)
(14, 14)
(14, 13)
(14, 12)
(14, 11)
(14, 10)
(14, 9)
(13, 9)
(12, 9)
(12, 8)
(12, 7)
(11, 7)
(10, 7)
(9, 7)
(8, 7)
(8, 6)
(8, 5)
(7, 5)
(6, 5)
kaikki ok
Reitin pituus: 5
(1, 13)
(2, 13)
(3, 13)
(4, 13)
(4, 12)
(4, 11)
kaikki ok
Reitin pituus: 20
(12, 4)
(12, 5)
(11, 5)
(10, 5)
(10, 6)
(10, 7)
(9, 7)
(8, 7)
(7, 7)
(6, 7)
(6, 8)
(6, 9)
(5, 9)
(4, 9)
(4, 10)
(4, 11)
(4, 12)
(4, 13)
(4, 14)
(4, 15)
(5, 15)
kaikki ok
Reitin pituus: 19
(1, 5)
(2, 5)
(3, 5)
(4, 5)
(4, 6)
(4, 7)
(4, 8)
(4, 9)
(4, 10)
(4, 11)
(4, 12)
(4, 13)
(4, 14)
(4, 15)
(4, 16)
(4, 17)
(3, 17)
(2, 17)
(1, 17)
(1, 18)
kaikki ok
Reitin pituus: 20
(2, 16)
(2, 17)
(3, 17)
(4, 17)
(4, 16)
(4, 15)
(5, 15)
(6, 15)
(7, 15)
(8, 15)
(9, 15)
(10, 15)
(11, 15)
(12, 15)
(13, 15)
(14, 15)
(14, 14)
(14, 13)
(15, 13)
(16, 13)
(17, 13)
kaikki ok
Reitin pituus: 14
(4, 6)
(4, 5)
(4, 4)
(4, 3)
(5, 3)
(6, 3)
(7, 3)
(8, 3)
(9, 3)
(10, 3)
(11, 3)
(12, 3)
(13, 3)
(14, 3)
(14, 4)
kaikki ok
Reitin pituus: 8
(12, 9)
(13, 9)
(14, 9)
(14, 8)
(14, 7)
(14, 6)
(14, 5)
(14, 4)
(14, 3)
kaikki ok
Reitin pituus: 10
(10, 5)
(10, 6)
(10, 7)
(9, 7)
(8, 7)
(7, 7)
(6, 7)
(6, 8)
(6, 9)
(6, 10)
(6, 11)
kaikki ok
Reitin pituus: 28
(8, 17)
(7, 17)
(6, 17)
(6, 16)
(6, 15)
(7, 15)
(8, 15)
(9, 15)
(10, 15)
(10, 14)
(10, 13)
(11, 13)
(12, 13)
(12, 12)
(12, 11)
(12, 10)
(12, 9)
(13, 9)
(14, 9)
(14, 8)
(14, 7)
(14, 6)
(14, 5)
(14, 4)
(14, 3)
(15, 3)
(16, 3)
(17, 3)
(17, 2)
kaikki ok
Reitin pituus: 22
(10, 2)
(10, 3)
(9, 3)
(8, 3)
(7, 3)
(6, 3)
(5, 3)
(4, 3)
(4, 4)
(4, 5)
(4, 6)
(4, 7)
(4, 8)
(4, 9)
(4, 10)
(4, 11)
(4, 12)
(4, 13)
(3, 13)
(2, 13)
(1, 13)
(1, 14)
(1, 15)
kaikki ok
Reitin pituus: 21
(8, 2)
(8, 3)
(7, 3)
(6, 3)
(5, 3)
(4, 3)
(4, 4)
(4, 5)
(4, 6)
(4, 7)
(4, 8)
(4, 9)
(5, 9)
(6, 9)
(6, 10)
(6, 11)
(6, 12)
(6, 13)
(7, 13)
(8, 13)
(8, 14)
(8, 15)
kaikki ok
Reitin pituus: 5
(14, 11)
(14, 12)
(14, 13)
(14, 14)
(14, 15)
(14, 16)
kaikki ok
Reitin pituus: 25
(16, 15)
(17, 15)
(17, 14)
(17, 13)
(16, 13)
(15, 13)
(14, 13)
(14, 12)
(14, 11)
(14, 10)
(14, 9)
(14, 8)
(14, 7)
(14, 6)
(14, 5)
(14, 4)
(14, 3)
(13, 3)
(12, 3)
(11, 3)
(10, 3)
(9, 3)
(8, 3)
(8, 2)
(8, 1)
(7, 1)
kaikki ok
Reitin pituus: 11
(6, 10)
(6, 11)
(6, 12)
(6, 13)
(5, 13)
(4, 13)
(4, 14)
(4, 15)
(4, 16)
(4, 17)
(3, 17)
(2, 17)
kaikki ok
Reitin pituus: 10
(3, 19)
(4, 19)
(5, 19)
(6, 19)
(7, 19)
(8, 19)
(8, 18)
(8, 17)
(7, 17)
(6, 17)
(6, 16)
kaikki ok
Reitin pituus: 3
(8, 18)
(8, 17)
(7, 17)
(6, 17)
kaikki ok
Reitin pituus: 11
(12, 15)
(13, 15)
(14, 15)
(14, 16)
(14, 17)
(15, 17)
(16, 17)
(17, 17)
(17, 18)
(17, 19)
(16, 19)
(15, 19)
kaikki ok
Reitin pituus: 11
(8, 15)
(9, 15)
(10, 15)
(11, 15)
(12, 15)
(12, 16)
(12, 17)
(11, 17)
(10, 17)
(10, 18)
(10, 19)
(11, 19)
kaikki ok
Reitin pituus: 5
(14, 11)
(14, 12)
(14, 13)
(15, 13)
(16, 13)
(17, 13)
kaikki ok
Reitin pituus: 9
(14, 11)
(14, 12)
(14, 13)
(14, 14)
(14, 15)
(14, 16)
(14, 17)
(15, 17)
(16, 17)
(17, 17)
kaikki ok
Reitin pituus: 17
(1, 13)
(2, 13)
(3, 13)
(4, 13)
(4, 14)
(4, 15)
(5, 15)
(6, 15)
(6, 16)
(6, 17)
(7, 17)
(8, 17)
(8, 18)
(8, 19)
(9, 19)
(10, 19)
(11, 19)
(12, 19)
kaikki ok
Reitin pituus: 24
(17, 19)
(17, 18)
(17, 17)
(16, 17)
(15, 17)
(14, 17)
(14, 16)
(14, 15)
(13, 15)
(12, 15)
(11, 15)
(10, 15)
(9, 15)
(8, 15)
(8, 14)
(8, 13)
(7, 13)
(6, 13)
(6, 12)
(6, 11)
(6, 10)
(6, 9)
(5, 9)
(4, 9)
(4, 8)
kaikki ok
Reitin pituus: 28
(2, 15)
(1, 15)
(1, 14)
(1, 13)
(2, 13)
(3, 13)
(4, 13)
(5, 13)
(6, 13)
(6, 12)
(6, 11)
(7, 11)
(8, 11)
(9, 11)
(10, 11)
(11, 11)
(12, 11)
(12, 10)
(12, 9)
(13, 9)
(14, 9)
(14, 8)
(14, 7)
(14, 6)
(14, 5)
(15, 5)
(16, 5)
(17, 5)
(17, 4)
kaikki ok
Reitin pituus: 11
(8, 15)
(9, 15)
(10, 15)
(11, 15)
(12, 15)
(13, 15)
(14, 15)
(14, 16)
(14, 17)
(15, 17)
(16, 17)
(17, 17)
kaikki ok
Reitin pituus: 4
(4, 4)
(4, 5)
(3, 5)
(2, 5)
(1, 5)
kaikki ok
Reitin pituus: 22
(10, 18)
(10, 17)
(11, 17)
(12, 17)
(12, 16)
(12, 15)
(13, 15)
(14, 15)
(14, 14)
(14, 13)
(14, 12)
(14, 11)
(14, 10)
(14, 9)
(14, 8)
(14, 7)
(14, 6)
(14, 5)
(14, 4)
(14, 3)
(13, 3)
(12, 3)
(12, 4)
kaikki ok
Reitin pituus: 17
(12, 17)
(12, 16)
(12, 15)
(13, 15)
(14, 15)
(14, 14)
(14, 13)
(14, 12)
(14, 11)
(14, 10)
(14, 9)
(14, 8)
(14, 7)
(14, 6)
(14, 5)
(14, 4)
(14, 3)
(14, 2)
kaikki ok
Reitin pituus: 11
(10, 9)
(9, 9)
(9, 8)
(9, 7)
(8, 7)
(8, 6)
(8, 5)
(7, 5)
(6, 5)
(6, 4)
(6, 3)
(7, 3)
kaikki ok
Reitin pituus: 21
(7, 19)
(8, 19)
(9, 19)
(10, 19)
(10, 18)
(10, 17)
(11, 17)
(12, 17)
(12, 16)
(12, 15)
(13, 15)
(14, 15)
(14, 14)
(14, 13)
(14, 12)
(14, 11)
(14, 10)
(14, 9)
(13, 9)
(12, 9)
(12, 8)
(12, 7)
kaikki ok
Reitin pituus: 20
(6, 12)
(6, 11)
(7, 11)
(8, 11)
(9, 11)
(10, 11)
(11, 11)
(12, 11)
(12, 10)
(12, 9)
(13, 9)
(14, 9)
(14, 8)
(14, 7)
(14, 6)
(14, 5)
(14, 4)
(14, 3)
(15, 3)
(16, 3)
(17, 3)
kaikki ok
Reitin pituus: 5
(16, 5)
(15, 5)
(14, 5)
(14, 4)
(14, 3)
(15, 3)
kaikki ok
Reitin pituus: 11
(8, 3)
(9, 3)
(10, 3)
(11, 3)
(12, 3)
(13, 3)
(14, 3)
(15, 3)
(16, 3)
(17, 3)
(17, 2)
(17, 1)
kaikki ok
Reitin pituus: 5
(14, 9)
(14, 8)
(14, 7)
(14, 6)
(14, 5)
(14, 4)
kaikki ok
Reitin pituus: 20
(13, 19)
(12, 19)
(11, 19)
(10, 19)
(10, 18)
(10, 17)
(11, 17)
(12, 17)
(12, 16)
(12, 15)
(13, 15)
(14, 15)
(14, 14)
(14, 13)
(14, 12)
(14, 11)
(14, 10)
(14, 9)
(13, 9)
(12, 9)
(12, 8)
kaikki ok
Reitin pituus: 19
(1, 17)
(2, 17)
(3, 17)
(4, 17)
(4, 16)
(4, 15)
(5, 15)
(6, 15)
(7, 15)
(8, 15)
(9, 15)
(10, 15)
(11, 15)
(12, 15)
(13, 15)
(14, 15)
(14, 14)
(14, 13)
(14, 12)
(14, 11)
kaikki ok
Reitin pituus: 24
(1, 4)
(1, 5)
(2, 5)
(3, 5)
(4, 5)
(4, 6)
(4, 7)
(4, 8)
(4, 9)
(5, 9)
(6, 9)
(6, 10)
(6, 11)
(7, 11)
(8, 11)
(9, 11)
(10, 11)
(11, 11)
(12, 11)
(12, 12)
(12, 13)
(13, 13)
(14, 13)
(15, 13)
(16, 13)
kaikki ok
Reitin pituus: 21
(4, 19)
(3, 19)
(2, 19)
(1, 19)
(1, 18)
(1, 17)
(2, 17)
(3, 17)
(4, 17)
(4, 16)
(4, 15)
(4, 14)
(4, 13)
(4, 12)
(4, 11)
(4, 10)
(4, 9)
(4, 8)
(4, 7)
(4, 6)
(4, 5)
(3, 5)
kaikki ok
Reitin pituus: 10
(14, 14)
(14, 15)
(14, 16)
(14, 17)
(15, 17)
(16, 17)
(17, 17)
(17, 18)
(17, 19)
(16, 19)
(15, 19)
kaikki ok
Reitin pituus: 13
(10, 7)
(9, 7)
(8, 7)
(8, 6)
(8, 5)
(7, 5)
(6, 5)
(6, 4)
(6, 3)
(7, 3)
(8, 3)
(8, 2)
(8, 1)
(7, 1)
kaikki ok
Reitin pituus: 17
(4, 12)
(4, 13)
(5, 13)
(6, 13)
(6, 12)
(6, 11)
(7, 11)
(8, 11)
(9, 11)
(10, 11)
(11, 11)
(12, 11)
(12, 12)
(12, 13)
(13, 13)
(14, 13)
(15, 13)
(16, 13)
kaikki ok
Reitin pituus: 12
(14, 13)
(14, 14)
(14, 15)
(13, 15)
(12, 15)
(12, 16)
(12, 17)
(11, 17)
(10, 17)
(10, 18)
(10, 19)
(9, 19)
(8, 19)
kaikki ok
Reitin pituus: 3
(12, 17)
(11, 17)
(10, 17)
(10, 18)
kaikki ok
Reitin pituus: 14
(16, 16)
(16, 17)
(17, 17)
(17, 18)
(17, 19)
(16, 19)
(15, 19)
(14, 19)
(13, 19)
(12, 19)
(11, 19)
(10, 19)
(9, 19)
(8, 19)
(8, 18)
kaikki ok
Reitin pituus: 12
(8, 14)
(8, 15)
(9, 15)
(10, 15)
(10, 14)
(10, 13)
(11, 13)
(12, 13)
(12, 12)
(12, 11)
(12, 10)
(12, 9)
(13, 9)
kaikki ok
Reitin pituus: 9
(4, 10)
(4, 11)
(4, 12)
(4, 13)
(5, 13)
(6, 13)
(7, 13)
(8, 13)
(8, 14)
(8, 15)
kaikki ok
Reitin pituus: 23
(14, 5)
(14, 6)
(14, 7)
(14, 8)
(14, 9)
(14, 10)
(14, 11)
(14, 12)
(14, 13)
(14, 14)
(14, 15)
(13, 15)
(12, 15)
(12, 16)
(12, 17)
(11, 17)
(10, 17)
(10, 18)
(10, 19)
(9, 19)
(8, 19)
(7, 19)
(6, 19)
(5, 19)
kaikki ok
Reitin pituus: 28
(11, 3)
(12, 3)
(13, 3)
(14, 3)
(14, 4)
(14, 5)
(14, 6)
(14, 7)
(14, 8)
(14, 9)
(14, 10)
(14, 11)
(14, 12)
(14, 13)
(14, 14)
(14, 15)
(13, 15)
(12, 15)
(12, 16)
(12, 17)
(11, 17)
(10, 17)
(10, 18)
(10, 19)
(9, 19)
(8, 19)
(7, 19)
(6, 19)
(5, 19)
kaikki ok
Reitin pituus: 8
(4, 9)
(4, 8)
(4, 7)
(4, 6)
(4, 5)
(4, 4)
(4, 3)
(3, 3)
(2, 3)
kaikki ok
Reitin pituus: 7
(11, 19)
(10, 19)
(9, 19)
(8, 19)
(7, 19)
(6, 19)
(5, 19)
(4, 19)
kaikki ok
Reitin pituus: 6
(14, 13)
(14, 14)
(14, 15)
(13, 15)
(12, 15)
(11, 15)
(10, 15)
kaikki ok
Reitin pituus: 16
(4, 11)
(4, 10)
(4, 9)
(4, 8)
(4, 7)
(4, 6)
(4, 5)
(4, 4)
(4, 3)
(5, 3)
(6, 3)
(7, 3)
(8, 3)
(9, 3)
(10, 3)
(11, 3)
(12, 3)
kaikki ok
Reitin pituus: 21
(8, 2)
(8, 3)
(7, 3)
(6, 3)
(5, 3)
(4, 3)
(4, 4)
(4, 5)
(4, 6)
(4, 7)
(4, 8)
(4, 9)
(4, 10)
(4, 11)
(4, 12)
(4, 13)
(4, 14)
(4, 15)
(4, 16)
(4, 17)
(3, 17)
(2, 17)
kaikki ok
Reitin pituus: 30
(13, 19)
(12, 19)
(11, 19)
(10, 19)
(9, 19)
(8, 19)
(8, 18)
(8, 17)
(7, 17)
(6, 17)
(6, 16)
(6, 15)
(5, 15)
(4, 15)
(4, 14)
(4, 13)
(4, 12)
(4, 11)
(4, 10)
(4, 9)
(4, 8)
(4, 7)
(4, 6)
(4, 5)
(4, 4)
(4, 3)
(4, 2)
(4, 1)
(5, 1)
(6, 1)
(7, 1)
kaikki ok
Reitin pituus: 15
(9, 11)
(10, 11)
(11, 11)
(12, 11)
(12, 10)
(12, 9)
(13, 9)
(14, 9)
(14, 8)
(14, 7)
(14, 6)
(14, 5)
(14, 4)
(14, 3)
(13, 3)
(12, 3)
kaikki ok
Reitin pituus: 17
(6, 11)
(7, 11)
(8, 11)
(9, 11)
(10, 11)
(11, 11)
(12, 11)
(12, 12)
(12, 13)
(13, 13)
(14, 13)
(14, 14)
(14, 15)
(14, 16)
(14, 17)
(15, 17)
(16, 17)
(17, 17)
kaikki ok
Reitin pituus: 14
(10, 11)
(11, 11)
(12, 11)
(12, 12)
(12, 13)
(13, 13)
(14, 13)
(14, 14)
(14, 15)
(14, 16)
(14, 17)
(15, 17)
(16, 17)
(17, 17)
(17, 18)
kaikki ok
Reitin pituus: 18
(9, 15)
(8, 15)
(8, 14)
(8, 13)
(7, 13)
(6, 13)
(6, 12)
(6, 11)
(6, 10)
(6, 9)
(5, 9)
(4, 9)
(4, 8)
(4, 7)
(4, 6)
(4, 5)
(3, 5)
(2, 5)
(1, 5)
kaikki ok
Reitin pituus: 17
(5, 1)
(4, 1)
(4, 2)
(4, 3)
(4, 4)
(4, 5)
(4, 6)
(4, 7)
(4, 8)
(4, 9)
(5, 9)
(6, 9)
(6, 10)
(6, 11)
(6, 12)
(6, 13)
(7, 13)
(8, 13)
kaikki ok
Reitin pituus: 4
(6, 15)
(7, 15)
(8, 15)
(8, 14)
(8, 13)
kaikki ok
Reitin pituus: 15
(17, 15)
(17, 14)
(17, 13)
(16, 13)
(15, 13)
(14, 13)
(13, 13)
(12, 13)
(12, 12)
(12, 11)
(11, 11)
(10, 11)
(9, 11)
(8, 11)
(7, 11)
(6, 11)
kaikki ok
Reitin pituus: 13
(6, 10)
(6, 11)
(7, 11)
(8, 11)
(9, 11)
(10, 11)
(11, 11)
(12, 11)
(12, 10)
(12, 9)
(13, 9)
(14, 9)
(14, 8)
(14, 7)
kaikki ok
Reitin pituus: 24
(14, 16)
(14, 15)
(14, 14)
(14, 13)
(14, 12)
(14, 11)
(14, 10)
(14, 9)
(14, 8)
(14, 7)
(14, 6)
(14, 5)
(14, 4)
(14, 3)
(13, 3)
(12, 3)
(11, 3)
(10, 3)
(9, 3)
(8, 3)
(8, 2)
(8, 1)
(7, 1)
(6, 1)
(5, 1)
kaikki ok
Reitin pituus: 3
(10, 5)
(10, 6)
(10, 7)
(9, 7)
kaikki ok
Reitin pituus: 17
(5, 19)
(6, 19)
(7, 19)
(8, 19)
(9, 19)
(10, 19)
(10, 18)
(10, 17)
(11, 17)
(12, 17)
(12, 16)
(12, 15)
(13, 15)
(14, 15)
(14, 14)
(14, 13)
(13, 13)
(12, 13)
kaikki ok
Reitin pituus: 17
(6, 8)
(6, 9)
(5, 9)
(4, 9)
(4, 10)
(4, 11)
(4, 12)
(4, 13)
(4, 14)
(4, 15)
(4, 16)
(4, 17)
(3, 17)
(2, 17)
(1, 17)
(1, 18)
(1, 19)
(2, 19)
kaikki ok
Reitin pituus: 11
(6, 16)
(6, 15)
(7, 15)
(8, 15)
(9, 15)
(10, 15)
(11, 15)
(12, 15)
(13, 15)
(14, 15)
(14, 14)
(14, 13)
kaikki ok
Reitin pituus: 18
(9, 15)
(10, 15)
(10, 14)
(10, 13)
(11, 13)
(12, 13)
(12, 12)
(12, 11)
(12, 10)
(12, 9)
(13, 9)
(14, 9)
(14, 8)
(14, 7)
(14, 6)
(14, 5)
(15, 5)
(16, 5)
(17, 5)
kaikki ok
Reitin pituus: 10
(14, 8)
(14, 7)
(14, 6)
(14, 5)
(14, 4)
(14, 3)
(14, 2)
(14, 1)
(13, 1)
(12, 1)
(11, 1)
kaikki ok
Reitin pituus: 3
(15, 1)
(16, 1)
(17, 1)
(17, 2)
kaikki ok
Reitin pituus: 10
(3, 13)
(4, 13)
(4, 14)
(4, 15)
(4, 16)
(4, 17)
(3, 17)
(2, 17)
(1, 17)
(1, 18)
(1, 19)
kaikki ok
Reitin pituus: 21
(6, 7)
(6, 8)
(6, 9)
(6, 10)
(6, 11)
(6, 12)
(6, 13)
(7, 13)
(8, 13)
(8, 14)
(8, 15)
(9, 15)
(10, 15)
(11, 15)
(12, 15)
(13, 15)
(14, 15)
(14, 16)
(14, 17)
(15, 17)
(16, 17)
(17, 17)
kaikki ok
Reitin pituus: 20
(12, 4)
(12, 3)
(13, 3)
(14, 3)
(14, 4)
(14, 5)
(14, 6)
(14, 7)
(14, 8)
(14, 9)
(14, 10)
(14, 11)
(14, 12)
(14, 13)
(14, 14)
(14, 15)
(14, 16)
(14, 17)
(15, 17)
(16, 17)
(16, 16)
kaikki ok
Reitin pituus: 8
(15, 17)
(14, 17)
(14, 16)
(14, 15)
(14, 14)
(14, 13)
(13, 13)
(12, 13)
(11, 13)
kaikki ok
Reitin pituus: 9
(1, 5)
(1, 4)
(1, 3)
(2, 3)
(3, 3)
(4, 3)
(5, 3)
(6, 3)
(6, 4)
(6, 5)
kaikki ok
Reitin pituus: 21
(15, 5)
(14, 5)
(14, 6)
(14, 7)
(14, 8)
(14, 9)
(14, 10)
(14, 11)
(14, 12)
(14, 13)
(14, 14)
(14, 15)
(14, 16)
(14, 17)
(15, 17)
(16, 17)
(17, 17)
(17, 18)
(17, 19)
(16, 19)
(15, 19)
(14, 19)
kaikki ok
Reitin pituus: 10
(1, 15)
(1, 14)
(1, 13)
(2, 13)
(3, 13)
(4, 13)
(5, 13)
(6, 13)
(6, 12)
(6, 11)
(6, 10)
kaikki ok
Reitin pituus: 16
(4, 14)
(4, 15)
(5, 15)
(6, 15)
(7, 15)
(8, 15)
(9, 15)
(10, 15)
(11, 15)
(12, 15)
(13, 15)
(14, 15)
(14, 14)
(14, 13)
(14, 12)
(14, 11)
(14, 10)
kaikki ok
Reitin pituus: 6
(2, 15)
(1, 15)
(1, 14)
(1, 13)
(2, 13)
(3, 13)
(4, 13)
kaikki ok
Reitin pituus: 8
(4, 6)
(4, 7)
(4, 8)
(4, 9)
(4, 10)
(4, 11)
(4, 12)
(4, 13)
(3, 13)
kaikki ok
Reitin pituus: 20
(16, 19)
(15, 19)
(14, 19)
(13, 19)
(12, 19)
(11, 19)
(10, 19)
(9, 19)
(8, 19)
(8, 18)
(8, 17)
(7, 17)
(6, 17)
(6, 16)
(6, 15)
(5, 15)
(4, 15)
(4, 14)
(4, 13)
(3, 13)
(2, 13)
kaikki ok
Reitin pituus: 4
(16, 16)
(16, 17)
(17, 17)
(17, 18)
(17, 19)
kaikki ok
Reitin pituus: 19
(12, 12)
(12, 11)
(12, 10)
(12, 9)
(12, 8)
(12, 7)
(11, 7)
(10, 7)
(9, 7)
(8, 7)
(8, 6)
(8, 5)
(7, 5)
(6, 5)
(6, 4)
(6, 3)
(7, 3)
(8, 3)
(8, 2)
(8, 1)
kaikki ok
Reitin pituus: 17
(6, 11)
(7, 11)
(8, 11)
(9, 11)
(10, 11)
(11, 11)
(12, 11)
(12, 10)
(12, 9)
(13, 9)
(14, 9)
(14, 8)
(14, 7)
(14, 6)
(14, 5)
(15, 5)
(16, 5)
(17, 5)
kaikki ok
Reitin pituus: 6
(11, 19)
(12, 19)
(13, 19)
(14, 19)
(15, 19)
(16, 19)
(17, 19)
kaikki ok
Reitin pituus: 14
(10, 18)
(10, 19)
(9, 19)
(8, 19)
(8, 18)
(8, 17)
(7, 17)
(6, 17)
(6, 16)
(6, 15)
(5, 15)
(4, 15)
(4, 14)
(4, 13)
(3, 13)
kaikki ok
Reitin pituus: 28
(17, 5)
(16, 5)
(15, 5)
(14, 5)
(14, 6)
(14, 7)
(14, 8)
(14, 9)
(14, 10)
(14, 11)
(14, 12)
(14, 13)
(14, 14)
(14, 15)
(13, 15)
(12, 15)
(12, 16)
(12, 17)
(11, 17)
(10, 17)
(10, 18)
(10, 19)
(9, 19)
(8, 19)
(7, 19)
(6, 19)
(5, 19)
(4, 19)
(3, 19)
kaikki ok
Reitin pituus: 20
(7, 15)
(6, 15)
(5, 15)
(4, 15)
(4, 14)
(4, 13)
(4, 12)
(4, 11)
(4, 10)
(4, 9)
(4, 8)
(4, 7)
(4, 6)
(4, 5)
(4, 4)
(4, 3)
(5, 3)
(6, 3)
(7, 3)
(8, 3)
(9, 3)
kaikki ok
Reitin pituus: 4
(17, 3)
(17, 4)
(17, 5)
(16, 5)
(15, 5)
kaikki ok
Reitin pituus: 2
(12, 9)
(13, 9)
(14, 9)
kaikki ok
Reitin pituus: 18
(14, 3)
(13, 3)
(12, 3)
(12, 4)
(12, 5)
(11, 5)
(10, 5)
(10, 6)
(10, 7)
(9, 7)
(8, 7)
(7, 7)
(6, 7)
(6, 8)
(6, 9)
(6, 10)
(6, 11)
(6, 12)
(6, 13)
kaikki ok
Reitin pituus: 14
(12, 7)
(11, 7)
(10, 7)
(9, 7)
(8, 7)
(8, 6)
(8, 5)
(7, 5)
(6, 5)
(6, 4)
(6, 3)
(7, 3)
(8, 3)
(8, 2)
(8, 1)
kaikki ok
Reitin pituus: 17
(8, 9)
(9, 9)
(9, 8)
(9, 7)
(10, 7)
(10, 6)
(10, 5)
(11, 5)
(12, 5)
(12, 4)
(12, 3)
(13, 3)
(14, 3)
(14, 4)
(14, 5)
(15, 5)
(16, 5)
(17, 5)
kaikki ok
Reitin pituus: 16
(6, 12)
(6, 11)
(6, 10)
(6, 9)
(6, 8)
(6, 7)
(7, 7)
(8, 7)
(9, 7)
(10, 7)
(10, 6)
(10, 5)
(11, 5)
(12, 5)
(12, 4)
(12, 3)
(13, 3)
kaikki ok
Reitin pituus: 15
(14, 4)
(14, 3)
(13, 3)
(12, 3)
(11, 3)
(10, 3)
(9, 3)
(8, 3)
(7, 3)
(6, 3)
(5, 3)
(4, 3)
(3, 3)
(2, 3)
(1, 3)
(1, 2)
kaikki ok
Reitin pituus: 13
(6, 7)
(7, 7)
(8, 7)
(9, 7)
(10, 7)
(11, 7)
(12, 7)
(12, 8)
(12, 9)
(12, 10)
(12, 11)
(12, 12)
(12, 13)
(13, 13)
kaikki ok
Reitin pituus: 9
(1, 13)
(2, 13)
(3, 13)
(4, 13)
(4, 12)
(4, 11)
(4, 10)
(4, 9)
(5, 9)
(6, 9)
kaikki ok
Reitin pituus: 15
(2, 1)
(3, 1)
(4, 1)
(4, 2)
(4, 3)
(4, 4)
(4, 5)
(4, 6)
(4, 7)
(4, 8)
(4, 9)
(5, 9)
(6, 9)
(6, 10)
(6, 11)
(7, 11)
kaikki ok
Reitin pituus: 23
(4, 19)
(3, 19)
(2, 19)
(1, 19)
(1, 18)
(1, 17)
(2, 17)
(3, 17)
(4, 17)
(4, 16)
(4, 15)
(4, 14)
(4, 13)
(4, 12)
(4, 11)
(4, 10)
(4, 9)
(4, 8)
(4, 7)
(4, 6)
(4, 5)
(3, 5)
(2, 5)
(1, 5)
kaikki ok
Reitin pituus: 19
(17, 15)
(17, 14)
(17, 13)
(16, 13)
(15, 13)
(14, 13)
(13, 13)
(12, 13)
(12, 12)
(12, 11)
(12, 10)
(12, 9)
(12, 8)
(12, 7)
(11, 7)
(10, 7)
(9, 7)
(8, 7)
(8, 6)
(8, 5)
kaikki ok
Reitin pituus: 9
(9, 8)
(9, 7)
(8, 7)
(7, 7)
(6, 7)
(6, 8)
(6, 9)
(6, 10)
(6, 11)
(7, 11)
kaikki ok
Reitin pituus: 16
(4, 17)
(4, 16)
(4, 15)
(5, 15)
(6, 15)
(7, 15)
(8, 15)
(9, 15)
(10, 15)
(10, 14)
(10, 13)
(11, 13)
(12, 13)
(13, 13)
(14, 13)
(14, 12)
(14, 11)
kaikki ok
Reitin pituus: 14
(10, 7)
(9, 7)
(8, 7)
(8, 6)
(8, 5)
(7, 5)
(6, 5)
(6, 4)
(6, 3)
(7, 3)
(8, 3)
(8, 2)
(8, 1)
(7, 1)
(6, 1)
kaikki ok
Reitin pituus: 23
(14, 1)
(14, 2)
(14, 3)
(13, 3)
(12, 3)
(12, 4)
(12, 5)
(11, 5)
(10, 5)
(10, 6)
(10, 7)
(9, 7)
(8, 7)
(7, 7)
(6, 7)
(6, 8)
(6, 9)
(6, 10)
(6, 11)
(6, 12)
(6, 13)
(5, 13)
(4, 13)
(3, 13)
kaikki ok
Reitin pituus: 13
(11, 1)
(12, 1)
(13, 1)
(14, 1)
(14, 2)
(14, 3)
(14, 4)
(14, 5)
(14, 6)
(14, 7)
(14, 8)
(14, 9)
(14, 10)
(14, 11)
kaikki ok
Reitin pituus: 8
(12, 15)
(12, 16)
(12, 17)
(11, 17)
(10, 17)
(10, 18)
(10, 19)
(11, 19)
(12, 19)
kaikki ok
Reitin pituus: 8
(17, 5)
(17, 4)
(17, 3)
(16, 3)
(15, 3)
(14, 3)
(13, 3)
(12, 3)
(11, 3)
kaikki ok
Reitin pituus: 30
(1, 19)
(1, 18)
(1, 17)
(2, 17)
(3, 17)
(4, 17)
(4, 16)
(4, 15)
(5, 15)
(6, 15)
(7, 15)
(8, 15)
(9, 15)
(10, 15)
(10, 14)
(10, 13)
(11, 13)
(12, 13)
(12, 12)
(12, 11)
(12, 10)
(12, 9)
(13, 9)
(14, 9)
(14, 8)
(14, 7)
(14, 6)
(14, 5)
(14, 4)
(14, 3)
(15, 3)
kaikki ok
Reitin pituus: 5
(4, 16)
(4, 15)
(4, 14)
(4, 13)
(3, 13)
(2, 13)
kaikki ok
Reitin pituus: 16
(9, 9)
(9, 8)
(9, 7)
(10, 7)
(11, 7)
(12, 7)
(12, 8)
(12, 9)
(13, 9)
(14, 9)
(14, 10)
(14, 11)
(14, 12)
(14, 13)
(14, 14)
(14, 15)
(14, 16)
kaikki ok
Reitin pituus: 13
(8, 11)
(7, 11)
(6, 11)
(6, 10)
(6, 9)
(6, 8)
(6, 7)
(7, 7)
(8, 7)
(9, 7)
(10, 7)
(10, 6)
(10, 5)
(11, 5)
kaikki ok
Reitin pituus: 2
(13, 3)
(14, 3)
(14, 4)
kaikki ok
Reitin pituus: 27
(10, 5)
(10, 6)
(10, 7)
(9, 7)
(8, 7)
(7, 7)
(6, 7)
(6, 8)
(6, 9)
(6, 10)
(6, 11)
(6, 12)
(6, 13)
(5, 13)
(4, 13)
(4, 14)
(4, 15)
(4, 16)
(4, 17)
(3, 17)
(2, 17)
(1, 17)
(1, 18)
(1, 19)
(2, 19)
(3, 19)
(4, 19)
(5, 19)
kaikki ok
Reitin pituus: 10
(11, 11)
(12, 11)
(12, 10)
(12, 9)
(13, 9)
(14, 9)
(14, 8)
(14, 7)
(14, 6)
(14, 5)
(14, 4)
kaikki ok
Reitin pituus: 17
(14, 7)
(14, 8)
(14, 9)
(13, 9)
(12, 9)
(12, 10)
(12, 11)
(11, 11)
(10, 11)
(9, 11)
(8, 11)
(7, 11)
(6, 11)
(6, 12)
(6, 13)
(5, 13)
(4, 13)
(4, 12)
kaikki ok
Reitin pituus: 16
(4, 15)
(4, 14)
(4, 13)
(4, 12)
(4, 11)
(4, 10)
(4, 9)
(5, 9)
(6, 9)
(6, 8)
(6, 7)
(7, 7)
(8, 7)
(9, 7)
(10, 7)
(10, 6)
(10, 5)
kaikki ok
Reitin pituus: 13
(15, 3)
(14, 3)
(14, 4)
(14, 5)
(14, 6)
(14, 7)
(14, 8)
(14, 9)
(14, 10)
(14, 11)
(14, 12)
(14, 13)
(14, 14)
(14, 15)
kaikki ok
Reitin pituus: 14
(13, 9)
(12, 9)
(12, 10)
(12, 11)
(11, 11)
(10, 11)
(9, 11)
(8, 11)
(7, 11)
(6, 11)
(6, 10)
(6, 9)
(5, 9)
(4, 9)
(4, 10)
kaikki ok
Reitin pituus: 3
(10, 19)
(9, 19)
(8, 19)
(7, 19)
kaikki ok
Reitin pituus: 27
(14, 3)
(13, 3)
(12, 3)
(12, 4)
(12, 5)
(11, 5)
(10, 5)
(10, 6)
(10, 7)
(9, 7)
(8, 7)
(7, 7)
(6, 7)
(6, 8)
(6, 9)
(6, 10)
(6, 11)
(6, 12)
(6, 13)
(5, 13)
(4, 13)
(3, 13)
(2, 13)
(1, 13)
(1, 14)
(1, 15)
(2, 15)
(2, 16)
kaikki ok
Reitin pituus: 20
(2, 17)
(3, 17)
(4, 17)
(4, 16)
(4, 15)
(5, 15)
(6, 15)
(7, 15)
(8, 15)
(9, 15)
(10, 15)
(10, 14)
(10, 13)
(11, 13)
(12, 13)
(12, 12)
(12, 11)
(12, 10)
(12, 9)
(12, 8)
(12, 7)
kaikki ok
Reitin pituus: 16
(11, 17)
(12, 17)
(12, 16)
(12, 15)
(11, 15)
(10, 15)
(9, 15)
(8, 15)
(8, 14)
(8, 13)
(7, 13)
(6, 13)
(5, 13)
(4, 13)
(4, 12)
(4, 11)
(4, 10)
kaikki ok
Reitin pituus: 18
(6, 8)
(6, 9)
(5, 9)
(4, 9)
(4, 10)
(4, 11)
(4, 12)
(4, 13)
(4, 14)
(4, 15)
(5, 15)
(6, 15)
(6, 16)
(6, 17)
(7, 17)
(8, 17)
(8, 18)
(8, 19)
(9, 19)
kaikki ok
Reitin pituus: 21
(17, 19)
(17, 18)
(17, 17)
(16, 17)
(15, 17)
(14, 17)
(14, 16)
(14, 15)
(14, 14)
(14, 13)
(13, 13)
(12, 13)
(12, 12)
(12, 11)
(12, 10)
(12, 9)
(12, 8)
(12, 7)
(11, 7)
(10, 7)
(9, 7)
(8, 7)
kaikki ok
Reitin pituus: 16
(1, 15)
(1, 14)
(1, 13)
(2, 13)
(3, 13)
(4, 13)
(4, 12)
(4, 11)
(4, 10)
(4, 9)
(4, 8)
(4, 7)
(4, 6)
(4, 5)
(4, 4)
(4, 3)
(3, 3)
kaikki ok
Reitin pituus: 20
(10, 18)
(10, 17)
(11, 17)
(12, 17)
(12, 16)
(12, 15)
(13, 15)
(14, 15)
(14, 14)
(14, 13)
(14, 12)
(14, 11)
(14, 10)
(14, 9)
(14, 8)
(14, 7)
(14, 6)
(14, 5)
(15, 5)
(16, 5)
(17, 5)
kaikki ok
Reitin pituus: 25
(4, 14)
(4, 13)
(5, 13)
(6, 13)
(6, 12)
(6, 11)
(7, 11)
(8, 11)
(9, 11)
(10, 11)
(11, 11)
(12, 11)
(12, 10)
(12, 9)
(13, 9)
(14, 9)
(14, 8)
(14, 7)
(14, 6)
(14, 5)
(14, 4)
(14, 3)
(15, 3)
(16, 3)
(17, 3)
(17, 2)
kaikki ok
Reitin pituus: 13
(9, 15)
(8, 15)
(8, 14)
(8, 13)
(7, 13)
(6, 13)
(6, 12)
(6, 11)
(6, 10)
(6, 9)
(5, 9)
(4, 9)
(4, 8)
(4, 7)
kaikki ok
Reitin pituus: 5
(2, 13)
(3, 13)
(4, 13)
(5, 13)
(6, 13)
(7, 13)
kaikki ok
Reitin pituus: 3
(14, 13)
(14, 14)
(14, 15)
(13, 15)
kaikki ok
Reitin pituus: 7
(10, 14)
(10, 13)
(11, 13)
(12, 13)
(13, 13)
(14, 13)
(14, 12)
(14, 11)
kaikki ok
Reitin pituus: 22
(9, 9)
(9, 8)
(9, 7)
(8, 7)
(7, 7)
(6, 7)
(6, 8)
(6, 9)
(6, 10)
(6, 11)
(6, 12)
(6, 13)
(7, 13)
(8, 13)
(8, 14)
(8, 15)
(7, 15)
(6, 15)
(6, 16)
(6, 17)
(7, 17)
(8, 17)
(8, 18)
kaikki ok
Reitin pituus: 19
(7, 17)
(6, 17)
(6, 16)
(6, 15)
(7, 15)
(8, 15)
(9, 15)
(10, 15)
(10, 14)
(10, 13)
(11, 13)
(12, 13)
(12, 12)
(12, 11)
(12, 10)
(12, 9)
(13, 9)
(14, 9)
(14, 8)
(14, 7)
kaikki ok
Reitin pituus: 16
(12, 11)
(11, 11)
(10, 11)
(9, 11)
(8, 11)
(7, 11)
(6, 11)
(6, 10)
(6, 9)
(5, 9)
(4, 9)
(4, 8)
(4, 7)
(4, 6)
(4, 5)
(4, 4)
(4, 3)
kaikki ok
Reitin pituus: 20
(15, 13)
(14, 13)
(14, 14)
(14, 15)
(13, 15)
(12, 15)
(11, 15)
(10, 15)
(9, 15)
(8, 15)
(7, 15)
(6, 15)
(5, 15)
(4, 15)
(4, 14)
(4, 13)
(3, 13)
(2, 13)
(1, 13)
(1, 14)
(1, 15)
kaikki ok
Reitin pituus: 9
(4, 7)
(4, 8)
(4, 9)
(5, 9)
(6, 9)
(6, 10)
(6, 11)
(6, 12)
(6, 13)
(7, 13)
kaikki ok
Reitin pituus: 11
(7, 19)
(8, 19)
(8, 18)
(8, 17)
(7, 17)
(6, 17)
(6, 16)
(6, 15)
(5, 15)
(4, 15)
(4, 14)
(4, 13)
kaikki ok
Reitin pituus: 12
(4, 9)
(5, 9)
(6, 9)
(6, 8)
(6, 7)
(7, 7)
(8, 7)
(9, 7)
(10, 7)
(10, 6)
(10, 5)
(11, 5)
(12, 5)
kaikki ok
Reitin pituus: 18
(1, 2)
(1, 3)
(1, 4)
(1, 5)
(2, 5)
(3, 5)
(4, 5)
(4, 6)
(4, 7)
(4, 8)
(4, 9)
(5, 9)
(6, 9)
(6, 10)
(6, 11)
(7, 11)
(8, 11)
(9, 11)
(10, 11)
kaikki ok
Reitin pituus: 23
(14, 11)
(14, 10)
(14, 9)
(14, 8)
(14, 7)
(14, 6)
(14, 5)
(14, 4)
(14, 3)
(13, 3)
(12, 3)
(11, 3)
(10, 3)
(9, 3)
(8, 3)
(8, 2)
(8, 1)
(7, 1)
(6, 1)
(5, 1)
(4, 1)
(3, 1)
(2, 1)
(1, 1)
kaikki ok
Reitin pituus: 9
(16, 17)
(15, 17)
(14, 17)
(14, 16)
(14, 15)
(14, 14)
(14, 13)
(13, 13)
(12, 13)
(11, 13)
kaikki ok
Reitin pituus: 19
(3, 17)
(4, 17)
(4, 16)
(4, 15)
(4, 14)
(4, 13)
(4, 12)
(4, 11)
(4, 10)
(4, 9)
(4, 8)
(4, 7)
(4, 6)
(4, 5)
(4, 4)
(4, 3)
(4, 2)
(4, 1)
(5, 1)
(6, 1)
kaikki ok
Reitin pituus: 15
(17, 13)
(16, 13)
(15, 13)
(14, 13)
(14, 14)
(14, 15)
(13, 15)
(12, 15)
(11, 15)
(10, 15)
(9, 15)
(8, 15)
(7, 15)
(6, 15)
(5, 15)
(4, 15)
kaikki ok
Reitin pituus: 13
(6, 11)
(6, 10)
(6, 9)
(5, 9)
(4, 9)
(4, 8)
(4, 7)
(4, 6)
(4, 5)
(3, 5)
(2, 5)
(1, 5)
(1, 4)
(1, 3)
kaikki ok
Reitin pituus: 4
(14, 12)
(14, 11)
(14, 10)
(14, 9)
(13, 9)
kaikki ok
Reitin pituus: 23
(10, 5)
(10, 6)
(10, 7)
(9, 7)
(8, 7)
(7, 7)
(6, 7)
(6, 8)
(6, 9)
(6, 10)
(6, 11)
(6, 12)
(6, 13)
(5, 13)
(4, 13)
(4, 14)
(4, 15)
(4, 16)
(4, 17)
(3, 17)
(2, 17)
(1, 17)
(1, 18)
(1, 19)
kaikki ok
Reitin pituus: 14
(10, 14)
(10, 15)
(11, 15)
(12, 15)
(13, 15)
(14, 15)
(14, 16)
(14, 17)
(15, 17)
(16, 17)
(17, 17)
(17, 18)
(17, 19)
(16, 19)
(15, 19)
kaikki ok
Reitin pituus: 15
(5, 9)
(6, 9)
(6, 10)
(6, 11)
(7, 11)
(8, 11)
(9, 11)
(10, 11)
(11, 11)
(12, 11)
(12, 12)
(12, 13)
(13, 13)
(14, 13)
(14, 14)
(14, 15)
kaikki ok
Reitin pituus: 7
(14, 4)
(14, 3)
(13, 3)
(12, 3)
(11, 3)
(10, 3)
(9, 3)
(8, 3)
kaikki ok
Reitin pituus: 21
(16, 5)
(15, 5)
(14, 5)
(14, 6)
(14, 7)
(14, 8)
(14, 9)
(13, 9)
(12, 9)
(12, 10)
(12, 11)
(12, 12)
(12, 13)
(11, 13)
(10, 13)
(10, 14)
(10, 15)
(9, 15)
(8, 15)
(7, 15)
(6, 15)
(6, 16)
kaikki ok
Reitin pituus: 15
(6, 15)
(5, 15)
(4, 15)
(4, 14)
(4, 13)
(4, 12)
(4, 11)
(4, 10)
(4, 9)
(5, 9)
(6, 9)
(6, 8)
(6, 7)
(7, 7)
(8, 7)
(9, 7)
kaikki ok
Reitin pituus: 23
(4, 16)
(4, 15)
(4, 14)
(4, 13)
(4, 12)
(4, 11)
(4, 10)
(4, 9)
(4, 8)
(4, 7)
(4, 6)
(4, 5)
(4, 4)
(4, 3)
(5, 3)
(6, 3)
(7, 3)
(8, 3)
(9, 3)
(10, 3)
(10, 2)
(10, 1)
(11, 1)
(12, 1)
kaikki ok
Reitin pituus: 7
(12, 10)
(12, 9)
(12, 8)
(12, 7)
(11, 7)
(10, 7)
(9, 7)
(9, 8)
kaikki ok
Reitin pituus: 7
(16, 13)
(15, 13)
(14, 13)
(13, 13)
(12, 13)
(12, 12)
(12, 11)
(11, 11)
kaikki ok
Reitin pituus: 14
(4, 8)
(4, 9)
(4, 10)
(4, 11)
(4, 12)
(4, 13)
(4, 14)
(4, 15)
(5, 15)
(6, 15)
(7, 15)
(8, 15)
(9, 15)
(10, 15)
(10, 14)
kaikki ok
Reitin pituus: 14
(6, 10)
(6, 11)
(7, 11)
(8, 11)
(9, 11)
(10, 11)
(11, 11)
(12, 11)
(12, 10)
(12, 9)
(13, 9)
(14, 9)
(14, 8)
(14, 7)
(14, 6)
kaikki ok
Reitin pituus: 16
(12, 10)
(12, 11)
(12, 12)
(12, 13)
(11, 13)
(10, 13)
(10, 14)
(10, 15)
(9, 15)
(8, 15)
(7, 15)
(6, 15)
(6, 16)
(6, 17)
(7, 17)
(8, 17)
(8, 18)
kaikki ok
Reitin pituus: 11
(14, 3)
(14, 4)
(14, 5)
(14, 6)
(14, 7)
(14, 8)
(14, 9)
(14, 10)
(14, 11)
(14, 12)
(14, 13)
(14, 14)
kaikki ok
Reitin pituus: 19
(14, 5)
(14, 6)
(14, 7)
(14, 8)
(14, 9)
(13, 9)
(12, 9)
(12, 10)
(12, 11)
(11, 11)
(10, 11)
(9, 11)
(8, 11)
(7, 11)
(6, 11)
(6, 12)
(6, 13)
(5, 13)
(4, 13)
(4, 14)
kaikki ok
Reitin pituus: 4
(12, 8)
(12, 9)
(12, 10)
(12, 11)
(11, 11)
kaikki ok
Reitin pituus: 9
(12, 4)
(12, 3)
(11, 3)
(10, 3)
(9, 3)
(8, 3)
(8, 2)
(8, 1)
(7, 1)
(6, 1)
kaikki ok
Reitin pituus: 14
(3, 3)
(4, 3)
(4, 4)
(4, 5)
(4, 6)
(4, 7)
(4, 8)
(4, 9)
(4, 10)
(4, 11)
(4, 12)
(4, 13)
(4, 14)
(4, 15)
(4, 16)
kaikki ok
Reitin pituus: 22
(1, 18)
(1, 17)
(2, 17)
(3, 17)
(4, 17)
(4, 16)
(4, 15)
(4, 14)
(4, 13)
(5, 13)
(6, 13)
(6, 12)
(6, 11)
(6, 10)
(6, 9)
(6, 8)
(6, 7)
(7, 7)
(8, 7)
(9, 7)
(9, 8)
(9, 9)
(8, 9)
kaikki ok
Reitin pituus: 25
(3, 19)
(2, 19)
(1, 19)
(1, 18)
(1, 17)
(2, 17)
(3, 17)
(4, 17)
(4, 16)
(4, 15)
(4, 14)
(4, 13)
(4, 12)
(4, 11)
(4, 10)
(4, 9)
(4, 8)
(4, 7)
(4, 6)
(4, 5)
(4, 4)
(4, 3)
(4, 2)
(4, 1)
(5, 1)
(6, 1)
kaikki ok
Reitin pituus: 10
(12, 4)
(12, 3)
(11, 3)
(10, 3)
(9, 3)
(8, 3)
(7, 3)
(6, 3)
(5, 3)
(4, 3)
(4, 2)
kaikki ok
Reitin pituus: 6
(12, 13)
(12, 12)
(12, 11)
(11, 11)
(10, 11)
(9, 11)
(8, 11)
kaikki ok
Reitin pituus: 15
(3, 13)
(4, 13)
(4, 12)
(4, 11)
(4, 10)
(4, 9)
(4, 8)
(4, 7)
(4, 6)
(4, 5)
(3, 5)
(2, 5)
(1, 5)
(1, 4)
(1, 3)
(1, 2)
kaikki ok
Reitin pituus: 25
(12, 15)
(11, 15)
(10, 15)
(9, 15)
(8, 15)
(7, 15)
(6, 15)
(5, 15)
(4, 15)
(4, 14)
(4, 13)
(4, 12)
(4, 11)
(4, 10)
(4, 9)
(4, 8)
(4, 7)
(4, 6)
(4, 5)
(4, 4)
(4, 3)
(3, 3)
(2, 3)
(1, 3)
(1, 2)
(1, 1)
kaikki ok
Reitin pituus: 11
(9, 19)
(8, 19)
(7, 19)
(6, 19)
(5, 19)
(4, 19)
(3, 19)
(2, 19)
(1, 19)
(1, 18)
(1, 17)
(2, 17)
kaikki ok
Reitin pituus: 11
(11, 5)
(10, 5)
(10, 6)
(10, 7)
(9, 7)
(8, 7)
(7, 7)
(6, 7)
(6, 8)
(6, 9)
(5, 9)
(4, 9)
kaikki ok
Reitin pituus: 15
(17, 13)
(16, 13)
(15, 13)
(14, 13)
(14, 12)
(14, 11)
(14, 10)
(14, 9)
(13, 9)
(12, 9)
(12, 8)
(12, 7)
(11, 7)
(10, 7)
(9, 7)
(9, 8)
kaikki ok
Reitin pituus: 3
(4, 5)
(4, 4)
(4, 3)
(4, 2)
kaikki ok
Reitin pituus: 14
(6, 7)
(6, 8)
(6, 9)
(5, 9)
(4, 9)
(4, 8)
(4, 7)
(4, 6)
(4, 5)
(4, 4)
(4, 3)
(4, 2)
(4, 1)
(3, 1)
(2, 1)
kaikki ok
Reitin pituus: 18
(8, 2)
(8, 3)
(9, 3)
(10, 3)
(11, 3)
(12, 3)
(13, 3)
(14, 3)
(14, 4)
(14, 5)
(14, 6)
(14, 7)
(14, 8)
(14, 9)
(14, 10)
(14, 11)
(14, 12)
(14, 13)
(14, 14)
kaikki ok
Reitin pituus: 3
(7, 15)
(8, 15)
(9, 15)
(10, 15)
kaikki ok
Reitin pituus: 16
(17, 13)
(16, 13)
(15, 13)
(14, 13)
(14, 12)
(14, 11)
(14, 10)
(14, 9)
(14, 8)
(14, 7)
(14, 6)
(14, 5)
(14, 4)
(14, 3)
(14, 2)
(14, 1)
(13, 1)
kaikki ok
Reitin pituus: 19
(2, 3)
(3, 3)
(4, 3)
(5, 3)
(6, 3)
(7, 3)
(8, 3)
(9, 3)
(10, 3)
(11, 3)
(12, 3)
(13, 3)
(14, 3)
(14, 4)
(14, 5)
(14, 6)
(14, 7)
(14, 8)
(14, 9)
(14, 10)
kaikki ok
Reitin pituus: 11
(14, 1)
(13, 1)
(12, 1)
(11, 1)
(10, 1)
(10, 2)
(10, 3)
(9, 3)
(8, 3)
(7, 3)
(6, 3)
(5, 3)
kaikki ok
Reitin pituus: 2
(3, 1)
(4, 1)
(5, 1)
kaikki ok
Reitin pituus: 15
(4, 1)
(4, 2)
(4, 3)
(4, 4)
(4, 5)
(4, 6)
(4, 7)
(4, 8)
(4, 9)
(5, 9)
(6, 9)
(6, 10)
(6, 11)
(7, 11)
(8, 11)
(9, 11)
kaikki ok
Reitin pituus: 9
(6, 5)
(6, 4)
(6, 3)
(5, 3)
(4, 3)
(3, 3)
(2, 3)
(1, 3)
(1, 4)
(1, 5)
kaikki ok
Reitin pituus: 17
(16, 3)
(15, 3)
(14, 3)
(14, 4)
(14, 5)
(14, 6)
(14, 7)
(14, 8)
(14, 9)
(14, 10)
(14, 11)
(14, 12)
(14, 13)
(14, 14)
(14, 15)
(13, 15)
(12, 15)
(12, 16)
kaikki ok
Reitin pituus: 3
(15, 17)
(14, 17)
(14, 16)
(14, 15)
kaikki ok
Reitin pituus: 14
(12, 5)
(12, 4)
(12, 3)
(11, 3)
(10, 3)
(9, 3)
(8, 3)
(8, 2)
(8, 1)
(7, 1)
(6, 1)
(5, 1)
(4, 1)
(3, 1)
(2, 1)
kaikki ok
Reitin pituus: 12
(12, 12)
(12, 11)
(12, 10)
(12, 9)
(13, 9)
(14, 9)
(14, 8)
(14, 7)
(14, 6)
(14, 5)
(14, 4)
(14, 3)
(13, 3)
kaikki ok
Reitin pituus: 23
(6, 15)
(7, 15)
(8, 15)
(9, 15)
(10, 15)
(10, 14)
(10, 13)
(11, 13)
(12, 13)
(12, 12)
(12, 11)
(12, 10)
(12, 9)
(13, 9)
(14, 9)
(14, 8)
(14, 7)
(14, 6)
(14, 5)
(14, 4)
(14, 3)
(14, 2)
(14, 1)
(15, 1)
kaikki ok
Reitin pituus: 23
(2, 15)
(1, 15)
(1, 14)
(1, 13)
(2, 13)
(3, 13)
(4, 13)
(4, 12)
(4, 11)
(4, 10)
(4, 9)
(4, 8)
(4, 7)
(4, 6)
(4, 5)
(4, 4)
(4, 3)
(5, 3)
(6, 3)
(7, 3)
(8, 3)
(9, 3)
(10, 3)
(10, 2)
kaikki ok
Reitin pituus: 20
(17, 15)
(17, 14)
(17, 13)
(16, 13)
(15, 13)
(14, 13)
(14, 12)
(14, 11)
(14, 10)
(14, 9)
(14, 8)
(14, 7)
(14, 6)
(14, 5)
(14, 4)
(14, 3)
(14, 2)
(14, 1)
(13, 1)
(12, 1)
(11, 1)
kaikki ok
Reitin pituus: 17
(8, 17)
(7, 17)
(6, 17)
(6, 16)
(6, 15)
(7, 15)
(8, 15)
(9, 15)
(10, 15)
(10, 14)
(10, 13)
(11, 13)
(12, 13)
(12, 12)
(12, 11)
(12, 10)
(12, 9)
(13, 9)
kaikki ok
Reitin pituus: 17
(14, 9)
(13, 9)
(12, 9)
(12, 8)
(12, 7)
(11, 7)
(10, 7)
(9, 7)
(8, 7)
(8, 6)
(8, 5)
(7, 5)
(6, 5)
(6, 4)
(6, 3)
(5, 3)
(4, 3)
(3, 3)
kaikki ok
Reitin pituus: 12
(10, 14)
(10, 13)
(11, 13)
(12, 13)
(13, 13)
(14, 13)
(14, 12)
(14, 11)
(14, 10)
(14, 9)
(14, 8)
(14, 7)
(14, 6)
kaikki ok
Reitin pituus: 16
(14, 6)
(14, 5)
(14, 4)
(14, 3)
(13, 3)
(12, 3)
(11, 3)
(10, 3)
(9, 3)
(8, 3)
(7, 3)
(6, 3)
(5, 3)
(4, 3)
(4, 4)
(4, 5)
(3, 5)
kaikki ok
Reitin pituus: 13
(11, 19)
(10, 19)
(10, 18)
(10, 17)
(11, 17)
(12, 17)
(12, 16)
(12, 15)
(13, 15)
(14, 15)
(14, 14)
(14, 13)
(14, 12)
(14, 11)
kaikki ok
Reitin pituus: 13
(3, 19)
(4, 19)
(5, 19)
(6, 19)
(7, 19)
(8, 19)
(9, 19)
(10, 19)
(11, 19)
(12, 19)
(13, 19)
(14, 19)
(15, 19)
(16, 19)
kaikki ok
Reitin pituus: 5
(2, 15)
(2, 16)
(2, 17)
(3, 17)
(4, 17)
(4, 16)
kaikki ok
Reitin pituus: 20
(1, 1)
(2, 1)
(3, 1)
(4, 1)
(5, 1)
(6, 1)
(7, 1)
(8, 1)
(8, 2)
(8, 3)
(9, 3)
(10, 3)
(11, 3)
(12, 3)
(13, 3)
(14, 3)
(14, 4)
(14, 5)
(15, 5)
(16, 5)
(17, 5)
kaikki ok
Reitin pituus: 2
(17, 19)
(17, 18)
(17, 17)
kaikki ok
Reitin pituus: 15
(3, 17)
(4, 17)
(4, 16)
(4, 15)
(5, 15)
(6, 15)
(7, 15)
(8, 15)
(9, 15)
(10, 15)
(10, 14)
(10, 13)
(11, 13)
(12, 13)
(12, 12)
(12, 11)
kaikki ok
Reitin pituus: 9
(5, 13)
(4, 13)
(4, 14)
(4, 15)
(5, 15)
(6, 15)
(6, 16)
(6, 17)
(7, 17)
(8, 17)
kaikki ok
Reitin pituus: 7
(14, 7)
(14, 6)
(14, 5)
(15, 5)
(16, 5)
(17, 5)
(17, 4)
(17, 3)
kaikki ok
Reitin pituus: 14
(1, 1)
(1, 2)
(1, 3)
(1, 4)
(1, 5)
(2, 5)
(3, 5)
(4, 5)
(4, 6)
(4, 7)
(4, 8)
(4, 9)
(4, 10)
(4, 11)
(4, 12)
kaikki ok
Reitin pituus: 13
(8, 7)
(7, 7)
(6, 7)
(6, 8)
(6, 9)
(6, 10)
(6, 11)
(6, 12)
(6, 13)
(7, 13)
(8, 13)
(8, 14)
(8, 15)
(9, 15)
kaikki ok
Reitin pituus: 25
(14, 5)
(14, 6)
(14, 7)
(14, 8)
(14, 9)
(14, 10)
(14, 11)
(14, 12)
(14, 13)
(14, 14)
(14, 15)
(13, 15)
(12, 15)
(12, 16)
(12, 17)
(11, 17)
(10, 17)
(10, 18)
(10, 19)
(9, 19)
(8, 19)
(7, 19)
(6, 19)
(5, 19)
(4, 19)
(3, 19)
kaikki ok
Reitin pituus: 4
(10, 19)
(9, 19)
(8, 19)
(8, 18)
(8, 17)
kaikki ok
Reitin pituus: 29
(3, 3)
(4, 3)
(4, 4)
(4, 5)
(4, 6)
(4, 7)
(4, 8)
(4, 9)
(4, 10)
(4, 11)
(4, 12)
(4, 13)
(5, 13)
(6, 13)
(7, 13)
(8, 13)
(8, 14)
(8, 15)
(9, 15)
(10, 15)
(11, 15)
(12, 15)
(13, 15)
(14, 15)
(14, 16)
(14, 17)
(15, 17)
(16, 17)
(17, 17)
(17, 18)
kaikki ok
Reitin pituus: 8
(6, 12)
(6, 11)
(6, 10)
(6, 9)
(6, 8)
(6, 7)
(7, 7)
(8, 7)
(9, 7)
kaikki ok
Reitin pituus: 14
(4, 2)
(4, 3)
(4, 4)
(4, 5)
(4, 6)
(4, 7)
(4, 8)
(4, 9)
(5, 9)
(6, 9)
(6, 10)
(6, 11)
(7, 11)
(8, 11)
(9, 11)
kaikki ok
Reitin pituus: 23
(4, 8)
(4, 9)
(4, 10)
(4, 11)
(4, 12)
(4, 13)
(4, 14)
(4, 15)
(5, 15)
(6, 15)
(6, 16)
(6, 17)
(7, 17)
(8, 17)
(8, 18)
(8, 19)
(9, 19)
(10, 19)
(11, 19)
(12, 19)
(13, 19)
(14, 19)
(15, 19)
(16, 19)
kaikki ok
Reitin pituus: 13
(4, 12)
(4, 13)
(5, 13)
(6, 13)
(7, 13)
(8, 13)
(8, 14)
(8, 15)
(9, 15)
(10, 15)
(11, 15)
(12, 15)
(13, 15)
(14, 15)
kaikki ok
Reitin pituus: 22
(15, 13)
(14, 13)
(14, 12)
(14, 11)
(14, 10)
(14, 9)
(14, 8)
(14, 7)
(14, 6)
(14, 5)
(14, 4)
(14, 3)
(13, 3)
(12, 3)
(11, 3)
(10, 3)
(9, 3)
(8, 3)
(7, 3)
(6, 3)
(5, 3)
(4, 3)
(3, 3)
kaikki ok
Reitin pituus: 6
(6, 1)
(5, 1)
(4, 1)
(4, 2)
(4, 3)
(4, 4)
(4, 5)
kaikki ok
Reitin pituus: 27
(17, 18)
(17, 17)
(16, 17)
(15, 17)
(14, 17)
(14, 16)
(14, 15)
(13, 15)
(12, 15)
(11, 15)
(10, 15)
(9, 15)
(8, 15)
(8, 14)
(8, 13)
(7, 13)
(6, 13)
(6, 12)
(6, 11)
(6, 10)
(6, 9)
(5, 9)
(4, 9)
(4, 8)
(4, 7)
(4, 6)
(4, 5)
(3, 5)
kaikki ok
Reitin pituus: 13
(10, 14)
(10, 13)
(11, 13)
(12, 13)
(12, 12)
(12, 11)
(12, 10)
(12, 9)
(12, 8)
(12, 7)
(11, 7)
(10, 7)
(9, 7)
(8, 7)
kaikki ok
Reitin pituus: 25
(10, 9)
(9, 9)
(9, 8)
(9, 7)
(10, 7)
(11, 7)
(12, 7)
(12, 8)
(12, 9)
(13, 9)
(14, 9)
(14, 10)
(14, 11)
(14, 12)
(14, 13)
(14, 14)
(14, 15)
(14, 16)
(14, 17)
(15, 17)
(16, 17)
(17, 17)
(17, 18)
(17, 19)
(16, 19)
(15, 19)
kaikki ok
Reitin pituus: 16
(14, 14)
(14, 13)
(13, 13)
(12, 13)
(12, 12)
(12, 11)
(11, 11)
(10, 11)
(9, 11)
(8, 11)
(7, 11)
(6, 11)
(6, 10)
(6, 9)
(5, 9)
(4, 9)
(4, 8)
kaikki ok
Reitin pituus: 21
(4, 14)
(4, 13)
(4, 12)
(4, 11)
(4, 10)
(4, 9)
(4, 8)
(4, 7)
(4, 6)
(4, 5)
(4, 4)
(4, 3)
(5, 3)
(6, 3)
(7, 3)
(8, 3)
(9, 3)
(10, 3)
(10, 2)
(10, 1)
(11, 1)
(12, 1)
kaikki ok
Reitin pituus: 10
(10, 5)
(11, 5)
(12, 5)
(12, 4)
(12, 3)
(13, 3)
(14, 3)
(14, 4)
(14, 5)
(14, 6)
(14, 7)
kaikki ok
Reitin pituus: 16
(4, 2)
(4, 3)
(5, 3)
(6, 3)
(6, 4)
(6, 5)
(7, 5)
(8, 5)
(8, 6)
(8, 7)
(9, 7)
(10, 7)
(11, 7)
(12, 7)
(12, 8)
(12, 9)
(12, 10)
kaikki ok
Reitin pituus: 3
(14, 5)
(14, 6)
(14, 7)
(14, 8)
kaikki ok
Reitin pituus: 5
(1, 2)
(1, 3)
(2, 3)
(3, 3)
(4, 3)
(4, 2)
kaikki ok
Reitin pituus: 12
(9, 7)
(8, 7)
(8, 6)
(8, 5)
(7, 5)
(6, 5)
(6, 4)
(6, 3)
(7, 3)
(8, 3)
(8, 2)
(8, 1)
(7, 1)
kaikki ok
Reitin pituus: 16
(10, 6)
(10, 7)
(11, 7)
(12, 7)
(12, 8)
(12, 9)
(13, 9)
(14, 9)
(14, 10)
(14, 11)
(14, 12)
(14, 13)
(14, 14)
(14, 15)
(13, 15)
(12, 15)
(12, 16)
kaikki ok
Reitin pituus: 6
(16, 5)
(15, 5)
(14, 5)
(14, 4)
(14, 3)
(14, 2)
(14, 1)
kaikki ok
Reitin pituus: 2
(11, 11)
(10, 11)
(9, 11)
kaikki ok
Reitin pituus: 16
(1, 1)
(1, 2)
(1, 3)
(1, 4)
(1, 5)
(2, 5)
(3, 5)
(4, 5)
(4, 6)
(4, 7)
(4, 8)
(4, 9)
(5, 9)
(6, 9)
(6, 10)
(6, 11)
(7, 11)
kaikki ok
Reitin pituus: 11
(8, 5)
(7, 5)
(6, 5)
(6, 4)
(6, 3)
(7, 3)
(8, 3)
(9, 3)
(10, 3)
(11, 3)
(12, 3)
(13, 3)
kaikki ok
Reitin pituus: 4
(10, 14)
(10, 15)
(9, 15)
(8, 15)
(7, 15)
kaikki ok
Reitin pituus: 27
(3, 5)
(4, 5)
(4, 6)
(4, 7)
(4, 8)
(4, 9)
(5, 9)
(6, 9)
(6, 10)
(6, 11)
(6, 12)
(6, 13)
(7, 13)
(8, 13)
(8, 14)
(8, 15)
(9, 15)
(10, 15)
(11, 15)
(12, 15)
(13, 15)
(14, 15)
(14, 16)
(14, 17)
(15, 17)
(16, 17)
(17, 17)
(17, 18)
kaikki ok
Reitin pituus: 2
(14, 12)
(14, 11)
(14, 10)
kaikki ok
Reitin pituus: 20
(11, 1)
(10, 1)
(10, 2)
(10, 3)
(9, 3)
(8, 3)
(7, 3)
(6, 3)
(5, 3)
(4, 3)
(4, 4)
(4, 5)
(4, 6)
(4, 7)
(4, 8)
(4, 9)
(5, 9)
(6, 9)
(6, 10)
(6, 11)
(6, 12)
kaikki ok
Reitin pituus: 14
(9, 11)
(8, 11)
(7, 11)
(6, 11)
(6, 12)
(6, 13)
(5, 13)
(4, 13)
(3, 13)
(2, 13)
(1, 13)
(1, 14)
(1, 15)
(2, 15)
(2, 16)
kaikki ok
Reitin pituus: 27
(17, 18)
(17, 17)
(16, 17)
(15, 17)
(14, 17)
(14, 16)
(14, 15)
(13, 15)
(12, 15)
(11, 15)
(10, 15)
(9, 15)
(8, 15)
(8, 14)
(8, 13)
(7, 13)
(6, 13)
(6, 12)
(6, 11)
(6, 10)
(6, 9)
(5, 9)
(4, 9)
(4, 8)
(4, 7)
(4, 6)
(4, 5)
(3, 5)
kaikki ok
Reitin pituus: 9
(1, 17)
(2, 17)
(3, 17)
(4, 17)
(4, 16)
(4, 15)
(4, 14)
(4, 13)
(5, 13)
(6, 13)
kaikki ok
Reitin pituus: 14
(17, 1)
(17, 2)
(17, 3)
(16, 3)
(15, 3)
(14, 3)
(13, 3)
(12, 3)
(12, 4)
(12, 5)
(11, 5)
(10, 5)
(10, 6)
(10, 7)
(11, 7)
kaikki ok
Reitin pituus: 13
(14, 3)
(14, 4)
(14, 5)
(14, 6)
(14, 7)
(14, 8)
(14, 9)
(14, 10)
(14, 11)
(14, 12)
(14, 13)
(14, 14)
(14, 15)
(14, 16)
kaikki ok
Reitin pituus: 27
(6, 19)
(7, 19)
(8, 19)
(9, 19)
(10, 19)
(10, 18)
(10, 17)
(11, 17)
(12, 17)
(12, 16)
(12, 15)
(13, 15)
(14, 15)
(14, 14)
(14, 13)
(14, 12)
(14, 11)
(14, 10)
(14, 9)
(14, 8)
(14, 7)
(14, 6)
(14, 5)
(14, 4)
(14, 3)
(13, 3)
(12, 3)
(11, 3)
kaikki ok
Reitin pituus: 26
(3, 3)
(4, 3)
(4, 4)
(4, 5)
(4, 6)
(4, 7)
(4, 8)
(4, 9)
(4, 10)
(4, 11)
(4, 12)
(4, 13)
(4, 14)
(4, 15)
(5, 15)
(6, 15)
(6, 16)
(6, 17)
(7, 17)
(8, 17)
(8, 18)
(8, 19)
(9, 19)
(10, 19)
(11, 19)
(12, 19)
(13, 19)
kaikki ok
Reitin pituus: 10
(10, 17)
(11, 17)
(12, 17)
(12, 16)
(12, 15)
(13, 15)
(14, 15)
(14, 16)
(14, 17)
(15, 17)
(16, 17)
kaikki ok
Reitin pituus: 9
(9, 15)
(8, 15)
(7, 15)
(6, 15)
(5, 15)
(4, 15)
(4, 14)
(4, 13)
(3, 13)
(2, 13)
kaikki ok
Reitin pituus: 14
(12, 13)
(12, 12)
(12, 11)
(11, 11)
(10, 11)
(9, 11)
(8, 11)
(7, 11)
(6, 11)
(6, 12)
(6, 13)
(5, 13)
(4, 13)
(4, 12)
(4, 11)
kaikki ok
Reitin pituus: 18
(12, 7)
(12, 8)
(12, 9)
(13, 9)
(14, 9)
(14, 10)
(14, 11)
(14, 12)
(14, 13)
(14, 14)
(14, 15)
(13, 15)
(12, 15)
(12, 16)
(12, 17)
(11, 17)
(10, 17)
(10, 18)
(10, 19)
kaikki ok
Reitin pituus: 20
(10, 19)
(10, 18)
(10, 17)
(11, 17)
(12, 17)
(12, 16)
(12, 15)
(13, 15)
(14, 15)
(14, 14)
(14, 13)
(14, 12)
(14, 11)
(14, 10)
(14, 9)
(13, 9)
(12, 9)
(12, 8)
(12, 7)
(11, 7)
(10, 7)
kaikki ok
Reitin pituus: 14
(2, 19)
(1, 19)
(1, 18)
(1, 17)
(2, 17)
(3, 17)
(4, 17)
(4, 16)
(4, 15)
(5, 15)
(6, 15)
(7, 15)
(8, 15)
(8, 14)
(8, 13)
kaikki ok
Reitin pituus: 11
(14, 15)
(14, 14)
(14, 13)
(13, 13)
(12, 13)
(12, 12)
(12, 11)
(11, 11)
(10, 11)
(9, 11)
(8, 11)
(7, 11)
kaikki ok
Reitin pituus: 18
(17, 15)
(16, 15)
(16, 16)
(16, 17)
(15, 17)
(14, 17)
(14, 16)
(14, 15)
(13, 15)
(12, 15)
(11, 15)
(10, 15)
(9, 15)
(8, 15)
(7, 15)
(6, 15)
(6, 16)
(6, 17)
(7, 17)
kaikki ok
Reitin pituus: 13
(1, 1)
(2, 1)
(3, 1)
(4, 1)
(5, 1)
(6, 1)
(7, 1)
(8, 1)
(8, 2)
(8, 3)
(9, 3)
(10, 3)
(10, 2)
(10, 1)
kaikki ok
Reitin pituus: 5
(14, 8)
(14, 9)
(13, 9)
(12, 9)
(12, 8)
(12, 7)
kaikki ok
Reitin pituus: 23
(8, 19)
(8, 18)
(8, 17)
(7, 17)
(6, 17)
(6, 16)
(6, 15)
(5, 15)
(4, 15)
(4, 14)
(4, 13)
(4, 12)
(4, 11)
(4, 10)
(4, 9)
(4, 8)
(4, 7)
(4, 6)
(4, 5)
(4, 4)
(4, 3)
(5, 3)
(6, 3)
(6, 4)
kaikki ok
Reitin pituus: 20
(1, 15)
(1, 14)
(1, 13)
(2, 13)
(3, 13)
(4, 13)
(5, 13)
(6, 13)
(6, 12)
(6, 11)
(7, 11)
(8, 11)
(9, 11)
(10, 11)
(11, 11)
(12, 11)
(12, 10)
(12, 9)
(13, 9)
(14, 9)
(14, 8)
kaikki ok
Reitin pituus: 9
(13, 15)
(14, 15)
(14, 16)
(14, 17)
(15, 17)
(16, 17)
(17, 17)
(17, 18)
(17, 19)
(16, 19)
kaikki ok
Reitin pituus: 25
(6, 1)
(5, 1)
(4, 1)
(4, 2)
(4, 3)
(4, 4)
(4, 5)
(4, 6)
(4, 7)
(4, 8)
(4, 9)
(4, 10)
(4, 11)
(4, 12)
(4, 13)
(4, 14)
(4, 15)
(5, 15)
(6, 15)
(6, 16)
(6, 17)
(7, 17)
(8, 17)
(8, 18)
(8, 19)
(7, 19)
kaikki ok
Reitin pituus: 9
(8, 11)
(9, 11)
(10, 11)
(11, 11)
(12, 11)
(12, 10)
(12, 9)
(12, 8)
(12, 7)
(11, 7)
kaikki ok
Reitin pituus: 15
(7, 1)
(8, 1)
(8, 2)
(8, 3)
(9, 3)
(10, 3)
(11, 3)
(12, 3)
(12, 4)
(12, 5)
(11, 5)
(10, 5)
(10, 6)
(10, 7)
(11, 7)
(12, 7)
kaikki ok
Reitin pituus: 25
(1, 2)
(1, 3)
(1, 4)
(1, 5)
(2, 5)
(3, 5)
(4, 5)
(4, 6)
(4, 7)
(4, 8)
(4, 9)
(4, 10)
(4, 11)
(4, 12)
(4, 13)
(5, 13)
(6, 13)
(7, 13)
(8, 13)
(8, 14)
(8, 15)
(9, 15)
(10, 15)
(11, 15)
(12, 15)
(13, 15)
kaikki ok
Reitin pituus: 12
(17, 13)
(16, 13)
(15, 13)
(14, 13)
(14, 12)
(14, 11)
(14, 10)
(14, 9)
(14, 8)
(14, 7)
(14, 6)
(14, 5)
(14, 4)
kaikki ok
Reitin pituus: 21
(10, 14)
(10, 15)
(9, 15)
(8, 15)
(7, 15)
(6, 15)
(5, 15)
(4, 15)
(4, 14)
(4, 13)
(4, 12)
(4, 11)
(4, 10)
(4, 9)
(4, 8)
(4, 7)
(4, 6)
(4, 5)
(4, 4)
(4, 3)
(3, 3)
(2, 3)
kaikki ok
Reitin pituus: 12
(9, 9)
(9, 8)
(9, 7)
(10, 7)
(10, 6)
(10, 5)
(11, 5)
(12, 5)
(12, 4)
(12, 3)
(11, 3)
(10, 3)
(10, 2)
kaikki ok
Reitin pituus: 19
(4, 6)
(4, 7)
(4, 8)
(4, 9)
(4, 10)
(4, 11)
(4, 12)
(4, 13)
(4, 14)
(4, 15)
(5, 15)
(6, 15)
(6, 16)
(6, 17)
(7, 17)
(8, 17)
(8, 18)
(8, 19)
(9, 19)
(10, 19)
kaikki ok
Reitin pituus: 25
(11, 5)
(10, 5)
(10, 6)
(10, 7)
(11, 7)
(12, 7)
(12, 8)
(12, 9)
(13, 9)
(14, 9)
(14, 10)
(14, 11)
(14, 12)
(14, 13)
(14, 14)
(14, 15)
(13, 15)
(12, 15)
(12, 16)
(12, 17)
(11, 17)
(10, 17)
(10, 18)
(10, 19)
(11, 19)
(12, 19)
kaikki ok
Reitin pituus: 13
(10, 1)
(10, 2)
(10, 3)
(9, 3)
(8, 3)
(7, 3)
(6, 3)
(5, 3)
(4, 3)
(4, 4)
(4, 5)
(4, 6)
(4, 7)
(4, 8)
kaikki ok
Reitin pituus: 14
(5, 1)
(6, 1)
(7, 1)
(8, 1)
(8, 2)
(8, 3)
(9, 3)
(10, 3)
(11, 3)
(12, 3)
(12, 4)
(12, 5)
(11, 5)
(10, 5)
(10, 6)
kaikki ok
Reitin pituus: 13
(10, 11)
(9, 11)
(8, 11)
(7, 11)
(6, 11)
(6, 12)
(6, 13)
(5, 13)
(4, 13)
(4, 14)
(4, 15)
(4, 16)
(4, 17)
(3, 17)
kaikki ok
Reitin pituus: 22
(17, 5)
(16, 5)
(15, 5)
(14, 5)
(14, 6)
(14, 7)
(14, 8)
(14, 9)
(14, 10)
(14, 11)
(14, 12)
(14, 13)
(14, 14)
(14, 15)
(13, 15)
(12, 15)
(11, 15)
(10, 15)
(9, 15)
(8, 15)
(7, 15)
(6, 15)
(5, 15)
kaikki ok
Reitin pituus: 8
(10, 2)
(10, 3)
(11, 3)
(12, 3)
(13, 3)
(14, 3)
(14, 4)
(14, 5)
(14, 6)
kaikki ok
Reitin pituus: 12
(13, 3)
(12, 3)
(11, 3)
(10, 3)
(9, 3)
(8, 3)
(7, 3)
(6, 3)
(5, 3)
(4, 3)
(4, 4)
(4, 5)
(4, 6)
kaikki ok
Reitin pituus: 14
(15, 13)
(14, 13)
(14, 12)
(14, 11)
(14, 10)
(14, 9)
(14, 8)
(14, 7)
(14, 6)
(14, 5)
(15, 5)
(16, 5)
(17, 5)
(17, 4)
(17, 3)
kaikki ok
Reitin pituus: 12
(4, 2)
(4, 3)
(5, 3)
(6, 3)
(6, 4)
(6, 5)
(7, 5)
(8, 5)
(8, 6)
(8, 7)
(9, 7)
(10, 7)
(10, 6)
kaikki ok
Reitin pituus: 12
(14, 9)
(14, 10)
(14, 11)
(14, 12)
(14, 13)
(14, 14)
(14, 15)
(13, 15)
(12, 15)
(12, 16)
(12, 17)
(11, 17)
(10, 17)
kaikki ok
Reitin pituus: 15
(10, 14)
(10, 15)
(11, 15)
(12, 15)
(12, 16)
(12, 17)
(11, 17)
(10, 17)
(10, 18)
(10, 19)
(9, 19)
(8, 19)
(7, 19)
(6, 19)
(5, 19)
(4, 19)
kaikki ok
Reitin pituus: 9
(10, 6)
(10, 5)
(11, 5)
(12, 5)
(12, 4)
(12, 3)
(13, 3)
(14, 3)
(15, 3)
(16, 3)
kaikki ok
Reitin pituus: 8
(7, 7)
(8, 7)
(8, 6)
(8, 5)
(7, 5)
(6, 5)
(6, 4)
(6, 3)
(7, 3)
kaikki ok
Reitin pituus: 1
(12, 3)
(11, 3)
kaikki ok
Reitin pituus: 7
(11, 5)
(12, 5)
(12, 4)
(12, 3)
(13, 3)
(14, 3)
(14, 2)
(14, 1)
kaikki ok
Reitin pituus: 14
(8, 13)
(7, 13)
(6, 13)
(5, 13)
(4, 13)
(4, 12)
(4, 11)
(4, 10)
(4, 9)
(4, 8)
(4, 7)
(4, 6)
(4, 5)
(4, 4)
(4, 3)
kaikki ok
Reitin pituus: 19
(8, 14)
(8, 13)
(7, 13)
(6, 13)
(5, 13)
(4, 13)
(4, 12)
(4, 11)
(4, 10)
(4, 9)
(4, 8)
(4, 7)
(4, 6)
(4, 5)
(3, 5)
(2, 5)
(1, 5)
(1, 4)
(1, 3)
(1, 2)
kaikki ok
Reitin pituus: 21
(8, 1)
(8, 2)
(8, 3)
(9, 3)
(10, 3)
(11, 3)
(12, 3)
(13, 3)
(14, 3)
(14, 4)
(14, 5)
(14, 6)
(14, 7)
(14, 8)
(14, 9)
(13, 9)
(12, 9)
(12, 10)
(12, 11)
(12, 12)
(12, 13)
(11, 13)
kaikki ok
Reitin pituus: 3
(2, 3)
(1, 3)
(1, 4)
(1, 5)
kaikki ok
Reitin pituus: 12
(11, 13)
(12, 13)
(12, 12)
(12, 11)
(12, 10)
(12, 9)
(12, 8)
(12, 7)
(11, 7)
(10, 7)
(9, 7)
(8, 7)
(8, 6)
kaikki ok
Reitin pituus: 4
(10, 1)
(10, 2)
(10, 3)
(9, 3)
(8, 3)
kaikki ok
Reitin pituus: 24
(12, 3)
(13, 3)
(14, 3)
(14, 4)
(14, 5)
(14, 6)
(14, 7)
(14, 8)
(14, 9)
(14, 10)
(14, 11)
(14, 12)
(14, 13)
(14, 14)
(14, 15)
(13, 15)
(12, 15)
(12, 16)
(12, 17)
(11, 17)
(10, 17)
(10, 18)
(10, 19)
(9, 19)
(8, 19)
kaikki ok
Reitin pituus: 9
(1, 4)
(1, 5)
(2, 5)
(3, 5)
(4, 5)
(4, 6)
(4, 7)
(4, 8)
(4, 9)
(4, 10)
kaikki ok
Reitin pituus: 10
(4, 12)
(4, 13)
(4, 14)
(4, 15)
(5, 15)
(6, 15)
(6, 16)
(6, 17)
(7, 17)
(8, 17)
(8, 18)
kaikki ok
Reitin pituus: 15
(16, 16)
(16, 17)
(15, 17)
(14, 17)
(14, 16)
(14, 15)
(13, 15)
(12, 15)
(11, 15)
(10, 15)
(9, 15)
(8, 15)
(7, 15)
(6, 15)
(5, 15)
(4, 15)
kaikki ok
Reitin pituus: 21
(1, 18)
(1, 17)
(2, 17)
(3, 17)
(4, 17)
(4, 16)
(4, 15)
(4, 14)
(4, 13)
(4, 12)
(4, 11)
(4, 10)
(4, 9)
(4, 8)
(4, 7)
(4, 6)
(4, 5)
(4, 4)
(4, 3)
(4, 2)
(4, 1)
(3, 1)
kaikki ok
Reitin pituus: 19
(6, 19)
(7, 19)
(8, 19)
(9, 19)
(10, 19)
(10, 18)
(10, 17)
(11, 17)
(12, 17)
(12, 16)
(12, 15)
(13, 15)
(14, 15)
(14, 14)
(14, 13)
(14, 12)
(14, 11)
(14, 10)
(14, 9)
(13, 9)
kaikki ok
Reitin pituus: 4
(1, 14)
(1, 13)
(2, 13)
(3, 13)
(4, 13)
kaikki ok
Reitin pituus: 16
(6, 8)
(6, 7)
(7, 7)
(8, 7)
(9, 7)
(10, 7)
(10, 6)
(10, 5)
(11, 5)
(12, 5)
(12, 4)
(12, 3)
(13, 3)
(14, 3)
(15, 3)
(16, 3)
(17, 3)
kaikki ok
Reitin pituus: 3
(9, 8)
(9, 7)
(10, 7)
(10, 6)
kaikki ok
Reitin pituus: 15
(10, 5)
(10, 6)
(10, 7)
(11, 7)
(12, 7)
(12, 8)
(12, 9)
(13, 9)
(14, 9)
(14, 10)
(14, 11)
(14, 12)
(14, 13)
(14, 14)
(14, 15)
(13, 15)
kaikki ok
Reitin pituus: 18
(15, 17)
(14, 17)
(14, 16)
(14, 15)
(13, 15)
(12, 15)
(11, 15)
(10, 15)
(9, 15)
(8, 15)
(8, 14)
(8, 13)
(7, 13)
(6, 13)
(6, 12)
(6, 11)
(6, 10)
(6, 9)
(5, 9)
kaikki ok
Reitin pituus: 23
(16, 3)
(15, 3)
(14, 3)
(13, 3)
(12, 3)
(12, 4)
(12, 5)
(11, 5)
(10, 5)
(10, 6)
(10, 7)
(9, 7)
(8, 7)
(7, 7)
(6, 7)
(6, 8)
(6, 9)
(5, 9)
(4, 9)
(4, 10)
(4, 11)
(4, 12)
(4, 13)
(4, 14)
kaikki ok
Reitin pituus: 1
(2, 19)
(3, 19)
kaikki ok
Reitin pituus: 24
(3, 1)
(4, 1)
(4, 2)
(4, 3)
(4, 4)
(4, 5)
(4, 6)
(4, 7)
(4, 8)
(4, 9)
(5, 9)
(6, 9)
(6, 10)
(6, 11)
(7, 11)
(8, 11)
(9, 11)
(10, 11)
(11, 11)
(12, 11)
(12, 12)
(12, 13)
(13, 13)
(14, 13)
(15, 13)
kaikki ok
Reitin pituus: 13
(16, 5)
(15, 5)
(14, 5)
(14, 6)
(14, 7)
(14, 8)
(14, 9)
(13, 9)
(12, 9)
(12, 8)
(12, 7)
(11, 7)
(10, 7)
(9, 7)
kaikki ok
Reitin pituus: 8
(13, 15)
(14, 15)
(14, 16)
(14, 17)
(15, 17)
(16, 17)
(17, 17)
(17, 18)
(17, 19)
kaikki ok
Reitin pituus: 11
(14, 11)
(14, 10)
(14, 9)
(13, 9)
(12, 9)
(12, 8)
(12, 7)
(11, 7)
(10, 7)
(9, 7)
(8, 7)
(7, 7)
kaikki ok
Reitin pituus: 16
(17, 18)
(17, 17)
(16, 17)
(15, 17)
(14, 17)
(14, 16)
(14, 15)
(14, 14)
(14, 13)
(13, 13)
(12, 13)
(12, 12)
(12, 11)
(11, 11)
(10, 11)
(9, 11)
(8, 11)
kaikki ok
Reitin pituus: 4
(10, 15)
(9, 15)
(8, 15)
(7, 15)
(6, 15)
kaikki ok
Reitin pituus: 18
(7, 3)
(6, 3)
(5, 3)
(4, 3)
(4, 4)
(4, 5)
(4, 6)
(4, 7)
(4, 8)
(4, 9)
(4, 10)
(4, 11)
(4, 12)
(4, 13)
(3, 13)
(2, 13)
(1, 13)
(1, 14)
(1, 15)
kaikki ok
Reitin pituus: 28
(16, 1)
(15, 1)
(14, 1)
(14, 2)
(14, 3)
(13, 3)
(12, 3)
(12, 4)
(12, 5)
(11, 5)
(10, 5)
(10, 6)
(10, 7)
(9, 7)
(8, 7)
(7, 7)
(6, 7)
(6, 8)
(6, 9)
(6, 10)
(6, 11)
(6, 12)
(6, 13)
(5, 13)
(4, 13)
(4, 14)
(4, 15)
(4, 16)
(4, 17)
kaikki ok
Reitin pituus: 16
(7, 11)
(6, 11)
(6, 12)
(6, 13)
(7, 13)
(8, 13)
(8, 14)
(8, 15)
(7, 15)
(6, 15)
(6, 16)
(6, 17)
(7, 17)
(8, 17)
(8, 18)
(8, 19)
(9, 19)
kaikki ok
Reitin pituus: 17
(1, 18)
(1, 17)
(2, 17)
(3, 17)
(4, 17)
(4, 16)
(4, 15)
(4, 14)
(4, 13)
(4, 12)
(4, 11)
(4, 10)
(4, 9)
(4, 8)
(4, 7)
(4, 6)
(4, 5)
(3, 5)
kaikki ok
Reitin pituus: 28
(17, 17)
(16, 17)
(15, 17)
(14, 17)
(14, 16)
(14, 15)
(13, 15)
(12, 15)
(11, 15)
(10, 15)
(9, 15)
(8, 15)
(8, 14)
(8, 13)
(7, 13)
(6, 13)
(6, 12)
(6, 11)
(6, 10)
(6, 9)
(5, 9)
(4, 9)
(4, 8)
(4, 7)
(4, 6)
(4, 5)
(4, 4)
(4, 3)
(4, 2)
kaikki ok
Reitin pituus: 13
(10, 11)
(11, 11)
(12, 11)
(12, 10)
(12, 9)
(13, 9)
(14, 9)
(14, 8)
(14, 7)
(14, 6)
(14, 5)
(14, 4)
(14, 3)
(14, 2)
kaikki ok
Reitin pituus: 8
(14, 10)
(14, 9)
(13, 9)
(12, 9)
(12, 8)
(12, 7)
(11, 7)
(10, 7)
(9, 7)
kaikki ok
Reitin pituus: 18
(14, 6)
(14, 7)
(14, 8)
(14, 9)
(13, 9)
(12, 9)
(12, 10)
(12, 11)
(11, 11)
(10, 11)
(9, 11)
(8, 11)
(7, 11)
(6, 11)
(6, 12)
(6, 13)
(5, 13)
(4, 13)
(4, 14)
kaikki ok
Reitin pituus: 17
(12, 7)
(12, 8)
(12, 9)
(13, 9)
(14, 9)
(14, 10)
(14, 11)
(14, 12)
(14, 13)
(14, 14)
(14, 15)
(13, 15)
(12, 15)
(12, 16)
(12, 17)
(11, 17)
(10, 17)
(10, 18)
kaikki ok
Reitin pituus: 14
(10, 9)
(9, 9)
(9, 8)
(9, 7)
(10, 7)
(10, 6)
(10, 5)
(11, 5)
(12, 5)
(12, 4)
(12, 3)
(13, 3)
(14, 3)
(14, 4)
(14, 5)
kaikki ok
Reitin pituus: 12
(10, 7)
(10, 6)
(10, 5)
(11, 5)
(12, 5)
(12, 4)
(12, 3)
(13, 3)
(14, 3)
(15, 3)
(16, 3)
(17, 3)
(17, 4)
kaikki ok
Reitin pituus: 28
(1, 3)
(2, 3)
(3, 3)
(4, 3)
(5, 3)
(6, 3)
(7, 3)
(8, 3)
(9, 3)
(10, 3)
(11, 3)
(12, 3)
(13, 3)
(14, 3)
(14, 4)
(14, 5)
(14, 6)
(14, 7)
(14, 8)
(14, 9)
(14, 10)
(14, 11)
(14, 12)
(14, 13)
(15, 13)
(16, 13)
(17, 13)
(17, 14)
(17, 15)
kaikki ok
Reitin pituus: 17
(10, 19)
(9, 19)
(8, 19)
(8, 18)
(8, 17)
(7, 17)
(6, 17)
(6, 16)
(6, 15)
(7, 15)
(8, 15)
(8, 14)
(8, 13)
(7, 13)
(6, 13)
(6, 12)
(6, 11)
(6, 10)
kaikki ok
Reitin pituus: 17
(8, 18)
(8, 17)
(7, 17)
(6, 17)
(6, 16)
(6, 15)
(7, 15)
(8, 15)
(8, 14)
(8, 13)
(7, 13)
(6, 13)
(6, 12)
(6, 11)
(7, 11)
(8, 11)
(9, 11)
(10, 11)
kaikki ok
Reitin pituus: 14
(12, 4)
(12, 3)
(13, 3)
(14, 3)
(14, 4)
(14, 5)
(14, 6)
(14, 7)
(14, 8)
(14, 9)
(14, 10)
(14, 11)
(14, 12)
(14, 13)
(14, 14)
kaikki ok
Reitin pituus: 21
(7, 13)
(6, 13)
(6, 12)
(6, 11)
(7, 11)
(8, 11)
(9, 11)
(10, 11)
(11, 11)
(12, 11)
(12, 10)
(12, 9)
(13, 9)
(14, 9)
(14, 8)
(14, 7)
(14, 6)
(14, 5)
(14, 4)
(14, 3)
(14, 2)
(14, 1)
kaikki ok
Reitin pituus: 13
(12, 7)
(11, 7)
(10, 7)
(10, 6)
(10, 5)
(11, 5)
(12, 5)
(12, 4)
(12, 3)
(13, 3)
(14, 3)
(14, 2)
(14, 1)
(15, 1)
kaikki ok
Reitin pituus: 22
(15, 1)
(14, 1)
(14, 2)
(14, 3)
(14, 4)
(14, 5)
(14, 6)
(14, 7)
(14, 8)
(14, 9)
(13, 9)
(12, 9)
(12, 10)
(12, 11)
(12, 12)
(12, 13)
(11, 13)
(10, 13)
(10, 14)
(10, 15)
(9, 15)
(8, 15)
(7, 15)
kaikki ok
Reitin pituus: 3
(17, 17)
(16, 17)
(16, 16)
(16, 15)
kaikki ok
Reitin pituus: 9
(4, 1)
(4, 2)
(4, 3)
(5, 3)
(6, 3)
(6, 4)
(6, 5)
(7, 5)
(8, 5)
(8, 6)
kaikki ok
Reitin pituus: 24
(12, 5)
(11, 5)
(10, 5)
(10, 6)
(10, 7)
(9, 7)
(8, 7)
(7, 7)
(6, 7)
(6, 8)
(6, 9)
(6, 10)
(6, 11)
(6, 12)
(6, 13)
(5, 13)
(4, 13)
(4, 14)
(4, 15)
(4, 16)
(4, 17)
(3, 17)
(2, 17)
(1, 17)
(1, 18)
kaikki ok
Reitin pituus: 13
(4, 7)
(4, 8)
(4, 9)
(5, 9)
(6, 9)
(6, 10)
(6, 11)
(6, 12)
(6, 13)
(7, 13)
(8, 13)
(8, 14)
(8, 15)
(9, 15)
kaikki ok
Reitin pituus: 4
(8, 13)
(7, 13)
(6, 13)
(5, 13)
(4, 13)
kaikki ok
Reitin pituus: 3
(6, 5)
(6, 4)
(6, 3)
(7, 3)
kaikki ok
Reitin pituus: 15
(12, 11)
(12, 12)
(12, 13)
(11, 13)
(10, 13)
(10, 14)
(10, 15)
(9, 15)
(8, 15)
(7, 15)
(6, 15)
(6, 16)
(6, 17)
(7, 17)
(8, 17)
(8, 18)
kaikki ok
Reitin pituus: 13
(12, 15)
(11, 15)
(10, 15)
(9, 15)
(8, 15)
(7, 15)
(6, 15)
(5, 15)
(4, 15)
(4, 14)
(4, 13)
(4, 12)
(4, 11)
(4, 10)
kaikki ok
Reitin pituus: 10
(4, 11)
(4, 10)
(4, 9)
(4, 8)
(4, 7)
(4, 6)
(4, 5)
(4, 4)
(4, 3)
(3, 3)
(2, 3)
kaikki ok
Reitin pituus: 15
(8, 6)
(8, 7)
(9, 7)
(10, 7)
(10, 6)
(10, 5)
(11, 5)
(12, 5)
(12, 4)
(12, 3)
(13, 3)
(14, 3)
(15, 3)
(16, 3)
(17, 3)
(17, 4)
kaikki ok
Reitin pituus: 11
(8, 17)
(8, 18)
(8, 19)
(9, 19)
(10, 19)
(10, 18)
(10, 17)
(11, 17)
(12, 17)
(12, 16)
(12, 15)
(13, 15)
kaikki ok
Reitin pituus: 8
(6, 16)
(6, 15)
(7, 15)
(8, 15)
(9, 15)
(10, 15)
(11, 15)
(12, 15)
(12, 16)
kaikki ok
Reitin pituus: 24
(5, 19)
(6, 19)
(7, 19)
(8, 19)
(9, 19)
(10, 19)
(10, 18)
(10, 17)
(11, 17)
(12, 17)
(12, 16)
(12, 15)
(13, 15)
(14, 15)
(14, 14)
(14, 13)
(14, 12)
(14, 11)
(14, 10)
(14, 9)
(14, 8)
(14, 7)
(14, 6)
(14, 5)
(14, 4)
kaikki ok
Reitin pituus: 11
(10, 18)
(10, 17)
(11, 17)
(12, 17)
(12, 16)
(12, 15)
(13, 15)
(14, 15)
(14, 14)
(14, 13)
(15, 13)
(16, 13)
kaikki ok
Reitin pituus: 8
(14, 8)
(14, 7)
(14, 6)
(14, 5)
(14, 4)
(14, 3)
(14, 2)
(14, 1)
(15, 1)
kaikki ok
Reitin pituus: 11
(10, 13)
(11, 13)
(12, 13)
(12, 12)
(12, 11)
(12, 10)
(12, 9)
(12, 8)
(12, 7)
(11, 7)
(10, 7)
(10, 6)
kaikki ok
Reitin pituus: 7
(7, 13)
(6, 13)
(6, 12)
(6, 11)
(6, 10)
(6, 9)
(6, 8)
(6, 7)
kaikki ok
Reitin pituus: 14
(14, 5)
(14, 6)
(14, 7)
(14, 8)
(14, 9)
(14, 10)
(14, 11)
(14, 12)
(14, 13)
(15, 13)
(16, 13)
(17, 13)
(17, 14)
(17, 15)
(16, 15)
kaikki ok
Reitin pituus: 15
(14, 7)
(14, 8)
(14, 9)
(14, 10)
(14, 11)
(14, 12)
(14, 13)
(14, 14)
(14, 15)
(14, 16)
(14, 17)
(15, 17)
(16, 17)
(17, 17)
(17, 18)
(17, 19)
kaikki ok
Reitin pituus: 4
(4, 5)
(4, 4)
(4, 3)
(3, 3)
(2, 3)
kaikki ok
Reitin pituus: 21
(6, 19)
(7, 19)
(8, 19)
(9, 19)
(10, 19)
(10, 18)
(10, 17)
(11, 17)
(12, 17)
(12, 16)
(12, 15)
(13, 15)
(14, 15)
(14, 14)
(14, 13)
(13, 13)
(12, 13)
(12, 12)
(12, 11)
(12, 10)
(12, 9)
(12, 8)
kaikki ok
Reitin pituus: 4
(12, 7)
(11, 7)
(10, 7)
(9, 7)
(9, 8)
kaikki ok
Reitin pituus: 24
(16, 15)
(17, 15)
(17, 14)
(17, 13)
(16, 13)
(15, 13)
(14, 13)
(13, 13)
(12, 13)
(12, 12)
(12, 11)
(11, 11)
(10, 11)
(9, 11)
(8, 11)
(7, 11)
(6, 11)
(6, 10)
(6, 9)
(5, 9)
(4, 9)
(4, 8)
(4, 7)
(4, 6)
(4, 5)
kaikki ok
Reitin pituus: 13
(7, 1)
(8, 1)
(8, 2)
(8, 3)
(7, 3)
(6, 3)
(6, 4)
(6, 5)
(7, 5)
(8, 5)
(8, 6)
(8, 7)
(7, 7)
(6, 7)
kaikki ok
Reitin pituus: 30
(5, 19)
(6, 19)
(7, 19)
(8, 19)
(9, 19)
(10, 19)
(10, 18)
(10, 17)
(11, 17)
(12, 17)
(12, 16)
(12, 15)
(13, 15)
(14, 15)
(14, 14)
(14, 13)
(14, 12)
(14, 11)
(14, 10)
(14, 9)
(14, 8)
(14, 7)
(14, 6)
(14, 5)
(15, 5)
(16, 5)
(17, 5)
(17, 4)
(17, 3)
(17, 2)
(17, 1)
kaikki ok
Reitin pituus: 1
(4, 9)
(5, 9)
kaikki ok
Reitin pituus: 1
(9, 9)
(8, 9)
kaikki ok
Reitin pituus: 14
(4, 15)
(4, 14)
(4, 13)
(5, 13)
(6, 13)
(6, 12)
(6, 11)
(7, 11)
(8, 11)
(9, 11)
(10, 11)
(11, 11)
(12, 11)
(12, 10)
(12, 9)
kaikki ok
Reitin pituus: 9
(3, 3)
(4, 3)
(4, 4)
(4, 5)
(4, 6)
(4, 7)
(4, 8)
(4, 9)
(5, 9)
(6, 9)
kaikki ok
Reitin pituus: 10
(8, 14)
(8, 13)
(7, 13)
(6, 13)
(6, 12)
(6, 11)
(7, 11)
(8, 11)
(9, 11)
(10, 11)
(11, 11)
kaikki ok
Reitin pituus: 9
(6, 17)
(6, 16)
(6, 15)
(5, 15)
(4, 15)
(4, 16)
(4, 17)
(3, 17)
(2, 17)
(1, 17)
kaikki ok
Reitin pituus: 7
(1, 19)
(2, 19)
(3, 19)
(4, 19)
(5, 19)
(6, 19)
(7, 19)
(8, 19)
kaikki ok
Reitin pituus: 19
(14, 2)
(14, 3)
(14, 4)
(14, 5)
(14, 6)
(14, 7)
(14, 8)
(14, 9)
(14, 10)
(14, 11)
(14, 12)
(14, 13)
(14, 14)
(14, 15)
(14, 16)
(14, 17)
(15, 17)
(16, 17)
(17, 17)
(17, 18)
kaikki ok
Reitin pituus: 15
(10, 9)
(9, 9)
(9, 8)
(9, 7)
(10, 7)
(11, 7)
(12, 7)
(12, 8)
(12, 9)
(12, 10)
(12, 11)
(12, 12)
(12, 13)
(11, 13)
(10, 13)
(10, 14)
kaikki ok
Reitin pituus: 19
(10, 15)
(10, 14)
(10, 13)
(11, 13)
(12, 13)
(12, 12)
(12, 11)
(12, 10)
(12, 9)
(13, 9)
(14, 9)
(14, 8)
(14, 7)
(14, 6)
(14, 5)
(15, 5)
(16, 5)
(17, 5)
(17, 4)
(17, 3)
kaikki ok
Reitin pituus: 15
(1, 1)
(1, 2)
(1, 3)
(2, 3)
(3, 3)
(4, 3)
(5, 3)
(6, 3)
(6, 4)
(6, 5)
(7, 5)
(8, 5)
(8, 6)
(8, 7)
(9, 7)
(9, 8)
kaikki ok
Reitin pituus: 16
(14, 8)
(14, 7)
(14, 6)
(14, 5)
(14, 4)
(14, 3)
(13, 3)
(12, 3)
(11, 3)
(10, 3)
(9, 3)
(8, 3)
(7, 3)
(6, 3)
(5, 3)
(4, 3)
(4, 2)
kaikki ok
Reitin pituus: 22
(1, 19)
(1, 18)
(1, 17)
(2, 17)
(3, 17)
(4, 17)
(4, 16)
(4, 15)
(5, 15)
(6, 15)
(7, 15)
(8, 15)
(9, 15)
(10, 15)
(11, 15)
(12, 15)
(13, 15)
(14, 15)
(14, 14)
(14, 13)
(15, 13)
(16, 13)
(17, 13)
kaikki ok
Reitin pituus: 22
(14, 3)
(14, 4)
(14, 5)
(14, 6)
(14, 7)
(14, 8)
(14, 9)
(14, 10)
(14, 11)
(14, 12)
(14, 13)
(14, 14)
(14, 15)
(14, 16)
(14, 17)
(15, 17)
(16, 17)
(17, 17)
(17, 18)
(17, 19)
(16, 19)
(15, 19)
(14, 19)
kaikki ok
Reitin pituus: 14
(17, 4)
(17, 5)
(16, 5)
(15, 5)
(14, 5)
(14, 6)
(14, 7)
(14, 8)
(14, 9)
(13, 9)
(12, 9)
(12, 10)
(12, 11)
(12, 12)
(12, 13)
kaikki ok
Reitin pituus: 23
(7, 19)
(8, 19)
(8, 18)
(8, 17)
(7, 17)
(6, 17)
(6, 16)
(6, 15)
(5, 15)
(4, 15)
(4, 14)
(4, 13)
(4, 12)
(4, 11)
(4, 10)
(4, 9)
(4, 8)
(4, 7)
(4, 6)
(4, 5)
(4, 4)
(4, 3)
(3, 3)
(2, 3)
kaikki ok
Reitin pituus: 20
(8, 18)
(8, 17)
(7, 17)
(6, 17)
(6, 16)
(6, 15)
(7, 15)
(8, 15)
(9, 15)
(10, 15)
(10, 14)
(10, 13)
(11, 13)
(12, 13)
(12, 12)
(12, 11)
(12, 10)
(12, 9)
(12, 8)
(12, 7)
(11, 7)
kaikki ok
Reitin pituus: 13
(11, 17)
(12, 17)
(12, 16)
(12, 15)
(11, 15)
(10, 15)
(10, 14)
(10, 13)
(11, 13)
(12, 13)
(12, 12)
(12, 11)
(11, 11)
(10, 11)
kaikki ok
Reitin pituus: 24
(6, 19)
(7, 19)
(8, 19)
(9, 19)
(10, 19)
(10, 18)
(10, 17)
(11, 17)
(12, 17)
(12, 16)
(12, 15)
(13, 15)
(14, 15)
(14, 14)
(14, 13)
(14, 12)
(14, 11)
(14, 10)
(14, 9)
(14, 8)
(14, 7)
(14, 6)
(14, 5)
(14, 4)
(14, 3)
kaikki ok
Reitin pituus: 28
(4, 2)
(4, 3)
(4, 4)
(4, 5)
(4, 6)
(4, 7)
(4, 8)
(4, 9)
(4, 10)
(4, 11)
(4, 12)
(4, 13)
(4, 14)
(4, 15)
(5, 15)
(6, 15)
(6, 16)
(6, 17)
(7, 17)
(8, 17)
(8, 18)
(8, 19)
(9, 19)
(10, 19)
(11, 19)
(12, 19)
(13, 19)
(14, 19)
(15, 19)
kaikki ok
Reitin pituus: 15
(10, 17)
(10, 18)
(10, 19)
(9, 19)
(8, 19)
(7, 19)
(6, 19)
(5, 19)
(4, 19)
(3, 19)
(2, 19)
(1, 19)
(1, 18)
(1, 17)
(2, 17)
(2, 16)
kaikki ok
Reitin pituus: 20
(16, 17)
(15, 17)
(14, 17)
(14, 16)
(14, 15)
(13, 15)
(12, 15)
(11, 15)
(10, 15)
(9, 15)
(8, 15)
(8, 14)
(8, 13)
(7, 13)
(6, 13)
(6, 12)
(6, 11)
(6, 10)
(6, 9)
(5, 9)
(4, 9)
kaikki ok
Reitin pituus: 8
(4, 7)
(4, 8)
(4, 9)
(4, 10)
(4, 11)
(4, 12)
(4, 13)
(3, 13)
(2, 13)
kaikki ok
Reitin pituus: 1
(14, 13)
(14, 14)
kaikki ok
Reitin pituus: 16
(8, 13)
(8, 14)
(8, 15)
(9, 15)
(10, 15)
(11, 15)
(12, 15)
(13, 15)
(14, 15)
(14, 16)
(14, 17)
(15, 17)
(16, 17)
(17, 17)
(17, 18)
(17, 19)
(16, 19)
kaikki ok
Reitin pituus: 16
(13, 19)
(12, 19)
(11, 19)
(10, 19)
(9, 19)
(8, 19)
(8, 18)
(8, 17)
(7, 17)
(6, 17)
(6, 16)
(6, 15)
(7, 15)
(8, 15)
(8, 14)
(8, 13)
(7, 13)
kaikki ok
Reitin pituus: 26
(12, 1)
(11, 1)
(10, 1)
(10, 2)
(10, 3)
(9, 3)
(8, 3)
(7, 3)
(6, 3)
(5, 3)
(4, 3)
(4, 4)
(4, 5)
(4, 6)
(4, 7)
(4, 8)
(4, 9)
(4, 10)
(4, 11)
(4, 12)
(4, 13)
(4, 14)
(4, 15)
(4, 16)
(4, 17)
(3, 17)
(2, 17)
kaikki ok
Reitin pituus: 10
(13, 13)
(12, 13)
(12, 12)
(12, 11)
(12, 10)
(12, 9)
(12, 8)
(12, 7)
(11, 7)
(10, 7)
(10, 6)
kaikki ok
Reitin pituus: 10
(8, 6)
(8, 5)
(7, 5)
(6, 5)
(6, 4)
(6, 3)
(7, 3)
(8, 3)
(9, 3)
(10, 3)
(10, 2)
kaikki ok
Reitin pituus: 19
(4, 8)
(4, 9)
(4, 10)
(4, 11)
(4, 12)
(4, 13)
(4, 14)
(4, 15)
(5, 15)
(6, 15)
(6, 16)
(6, 17)
(7, 17)
(8, 17)
(8, 18)
(8, 19)
(9, 19)
(10, 19)
(11, 19)
(12, 19)
kaikki ok
Reitin pituus: 13
(10, 6)
(10, 7)
(9, 7)
(8, 7)
(7, 7)
(6, 7)
(6, 8)
(6, 9)
(5, 9)
(4, 9)
(4, 8)
(4, 7)
(4, 6)
(4, 5)
kaikki ok
Reitin pituus: 7
(14, 6)
(14, 5)
(14, 4)
(14, 3)
(13, 3)
(12, 3)
(11, 3)
(10, 3)
kaikki ok
Reitin pituus: 9
(15, 17)
(16, 17)
(17, 17)
(17, 18)
(17, 19)
(16, 19)
(15, 19)
(14, 19)
(13, 19)
(12, 19)
kaikki ok
Reitin pituus: 20
(8, 19)
(8, 18)
(8, 17)
(7, 17)
(6, 17)
(6, 16)
(6, 15)
(5, 15)
(4, 15)
(4, 14)
(4, 13)
(4, 12)
(4, 11)
(4, 10)
(4, 9)
(5, 9)
(6, 9)
(6, 8)
(6, 7)
(7, 7)
(8, 7)
kaikki ok
Reitin pituus: 15
(12, 19)
(11, 19)
(10, 19)
(9, 19)
(8, 19)
(8, 18)
(8, 17)
(7, 17)
(6, 17)
(6, 16)
(6, 15)
(5, 15)
(4, 15)
(4, 14)
(4, 13)
(3, 13)
kaikki ok
Reitin pituus: 17
(14, 5)
(14, 4)
(14, 3)
(13, 3)
(12, 3)
(11, 3)
(10, 3)
(9, 3)
(8, 3)
(7, 3)
(6, 3)
(5, 3)
(4, 3)
(4, 4)
(4, 5)
(3, 5)
(2, 5)
(1, 5)
kaikki ok
Reitin pituus: 12
(6, 8)
(6, 9)
(5, 9)
(4, 9)
(4, 8)
(4, 7)
(4, 6)
(4, 5)
(4, 4)
(4, 3)
(4, 2)
(4, 1)
(3, 1)
kaikki ok
Reitin pituus: 15
(12, 1)
(13, 1)
(14, 1)
(14, 2)
(14, 3)
(14, 4)
(14, 5)
(14, 6)
(14, 7)
(14, 8)
(14, 9)
(14, 10)
(14, 11)
(14, 12)
(14, 13)
(13, 13)
kaikki ok
Reitin pituus: 14
(17, 13)
(16, 13)
(15, 13)
(14, 13)
(14, 14)
(14, 15)
(13, 15)
(12, 15)
(12, 16)
(12, 17)
(11, 17)
(10, 17)
(10, 18)
(10, 19)
(9, 19)
kaikki ok
Reitin pituus: 15
(14, 15)
(14, 14)
(14, 13)
(14, 12)
(14, 11)
(14, 10)
(14, 9)
(14, 8)
(14, 7)
(14, 6)
(14, 5)
(14, 4)
(14, 3)
(14, 2)
(14, 1)
(13, 1)
kaikki ok
Reitin pituus: 7
(6, 8)
(6, 9)
(6, 10)
(6, 11)
(7, 11)
(8, 11)
(9, 11)
(10, 11)
kaikki ok
Reitin pituus: 17
(1, 5)
(1, 4)
(1, 3)
(2, 3)
(3, 3)
(4, 3)
(5, 3)
(6, 3)
(7, 3)
(8, 3)
(9, 3)
(10, 3)
(11, 3)
(12, 3)
(13, 3)
(14, 3)
(15, 3)
(16, 3)
kaikki ok
Reitin pituus: 13
(14, 11)
(14, 12)
(14, 13)
(13, 13)
(12, 13)
(12, 12)
(12, 11)
(11, 11)
(10, 11)
(9, 11)
(8, 11)
(7, 11)
(6, 11)
(6, 12)
kaikki ok
Reitin pituus: 9
(14, 3)
(13, 3)
(12, 3)
(11, 3)
(10, 3)
(9, 3)
(8, 3)
(8, 2)
(8, 1)
(7, 1)
kaikki ok
Reitin pituus: 5
(12, 15)
(11, 15)
(10, 15)
(9, 15)
(8, 15)
(7, 15)
kaikki ok
Reitin pituus: 19
(16, 19)
(15, 19)
(14, 19)
(13, 19)
(12, 19)
(11, 19)
(10, 19)
(9, 19)
(8, 19)
(8, 18)
(8, 17)
(7, 17)
(6, 17)
(6, 16)
(6, 15)
(5, 15)
(4, 15)
(4, 14)
(4, 13)
(4, 12)
kaikki ok
Reitin pituus: 9
(5, 3)
(6, 3)
(6, 4)
(6, 5)
(7, 5)
(8, 5)
(8, 6)
(8, 7)
(9, 7)
(10, 7)
kaikki ok
Reitin pituus: 15
(6, 17)
(6, 16)
(6, 15)
(5, 15)
(4, 15)
(4, 14)
(4, 13)
(4, 12)
(4, 11)
(4, 10)
(4, 9)
(4, 8)
(4, 7)
(4, 6)
(4, 5)
(4, 4)
kaikki ok
Reitin pituus: 11
(16, 3)
(15, 3)
(14, 3)
(13, 3)
(12, 3)
(12, 4)
(12, 5)
(11, 5)
(10, 5)
(10, 6)
(10, 7)
(11, 7)
kaikki ok
Reitin pituus: 8
(11, 11)
(10, 11)
(9, 11)
(8, 11)
(7, 11)
(6, 11)
(6, 10)
(6, 9)
(5, 9)
kaikki ok
Reitin pituus: 3
(11, 15)
(12, 15)
(13, 15)
(14, 15)
kaikki ok
Reitin pituus: 4
(6, 9)
(6, 10)
(6, 11)
(6, 12)
(6, 13)
kaikki ok
Reitin pituus: 15
(1, 14)
(1, 13)
(2, 13)
(3, 13)
(4, 13)
(4, 14)
(4, 15)
(5, 15)
(6, 15)
(6, 16)
(6, 17)
(7, 17)
(8, 17)
(8, 18)
(8, 19)
(9, 19)
kaikki ok
Reitin pituus: 19
(1, 2)
(1, 3)
(1, 4)
(1, 5)
(2, 5)
(3, 5)
(4, 5)
(4, 6)
(4, 7)
(4, 8)
(4, 9)
(4, 10)
(4, 11)
(4, 12)
(4, 13)
(4, 14)
(4, 15)
(4, 16)
(4, 17)
(3, 17)
kaikki ok
Reitin pituus: 7
(8, 14)
(8, 13)
(7, 13)
(6, 13)
(5, 13)
(4, 13)
(4, 12)
(4, 11)
kaikki ok
Reitin pituus: 30
(2, 1)
(3, 1)
(4, 1)
(4, 2)
(4, 3)
(5, 3)
(6, 3)
(6, 4)
(6, 5)
(7, 5)
(8, 5)
(8, 6)
(8, 7)
(9, 7)
(10, 7)
(11, 7)
(12, 7)
(12, 8)
(12, 9)
(12, 10)
(12, 11)
(12, 12)
(12, 13)
(13, 13)
(14, 13)
(15, 13)
(16, 13)
(17, 13)
(17, 14)
(17, 15)
(16, 15)
kaikki ok
Reitin pituus: 2
(6, 17)
(6, 16)
(6, 15)
kaikki ok
Reitin pituus: 11
(10, 3)
(9, 3)
(8, 3)
(7, 3)
(6, 3)
(6, 4)
(6, 5)
(7, 5)
(8, 5)
(8, 6)
(8, 7)
(7, 7)
kaikki ok
Reitin pituus: 11
(17, 4)
(17, 3)
(16, 3)
(15, 3)
(14, 3)
(13, 3)
(12, 3)
(11, 3)
(10, 3)
(9, 3)
(8, 3)
(7, 3)
kaikki ok
Reitin pituus: 3
(12, 3)
(12, 4)
(12, 5)
(11, 5)
kaikki ok
Reitin pituus: 15
(7, 19)
(8, 19)
(9, 19)
(10, 19)
(10, 18)
(10, 17)
(11, 17)
(12, 17)
(12, 16)
(12, 15)
(13, 15)
(14, 15)
(14, 14)
(14, 13)
(13, 13)
(12, 13)
kaikki ok
Reitin pituus: 13
(8, 11)
(9, 11)
(10, 11)
(11, 11)
(12, 11)
(12, 12)
(12, 13)
(13, 13)
(14, 13)
(15, 13)
(16, 13)
(17, 13)
(17, 14)
(17, 15)
kaikki ok
Reitin pituus: 23
(5, 3)
(4, 3)
(4, 4)
(4, 5)
(4, 6)
(4, 7)
(4, 8)
(4, 9)
(4, 10)
(4, 11)
(4, 12)
(4, 13)
(4, 14)
(4, 15)
(4, 16)
(4, 17)
(3, 17)
(2, 17)
(1, 17)
(1, 18)
(1, 19)
(2, 19)
(3, 19)
(4, 19)
kaikki ok
Reitin pituus: 17
(4, 6)
(4, 5)
(4, 4)
(4, 3)
(5, 3)
(6, 3)
(7, 3)
(8, 3)
(9, 3)
(10, 3)
(11, 3)
(12, 3)
(13, 3)
(14, 3)
(14, 2)
(14, 1)
(15, 1)
(16, 1)
kaikki ok
Reitin pituus: 16
(4, 6)
(4, 7)
(4, 8)
(4, 9)
(4, 10)
(4, 11)
(4, 12)
(4, 13)
(5, 13)
(6, 13)
(7, 13)
(8, 13)
(8, 14)
(8, 15)
(9, 15)
(10, 15)
(10, 14)
kaikki ok
Reitin pituus: 18
(12, 3)
(12, 4)
(12, 5)
(11, 5)
(10, 5)
(10, 6)
(10, 7)
(9, 7)
(8, 7)
(7, 7)
(6, 7)
(6, 8)
(6, 9)
(6, 10)
(6, 11)
(6, 12)
(6, 13)
(7, 13)
(8, 13)
kaikki ok
Reitin pituus: 14
(10, 13)
(11, 13)
(12, 13)
(13, 13)
(14, 13)
(14, 12)
(14, 11)
(14, 10)
(14, 9)
(14, 8)
(14, 7)
(14, 6)
(14, 5)
(14, 4)
(14, 3)
kaikki ok
Reitin pituus: 11
(5, 19)
(6, 19)
(7, 19)
(8, 19)
(8, 18)
(8, 17)
(7, 17)
(6, 17)
(6, 16)
(6, 15)
(5, 15)
(4, 15)
kaikki ok
Reitin pituus: 6
(4, 6)
(4, 5)
(4, 4)
(4, 3)
(4, 2)
(4, 1)
(3, 1)
kaikki ok
Reitin pituus: 19
(17, 19)
(17, 18)
(17, 17)
(16, 17)
(15, 17)
(14, 17)
(14, 16)
(14, 15)
(13, 15)
(12, 15)
(11, 15)
(10, 15)
(9, 15)
(8, 15)
(8, 14)
(8, 13)
(7, 13)
(6, 13)
(6, 12)
(6, 11)
kaikki ok
Reitin pituus: 13
(12, 10)
(12, 11)
(12, 12)
(12, 13)
(11, 13)
(10, 13)
(10, 14)
(10, 15)
(9, 15)
(8, 15)
(7, 15)
(6, 15)
(6, 16)
(6, 17)
kaikki ok
Reitin pituus: 20
(10, 2)
(10, 3)
(9, 3)
(8, 3)
(7, 3)
(6, 3)
(5, 3)
(4, 3)
(4, 4)
(4, 5)
(4, 6)
(4, 7)
(4, 8)
(4, 9)
(4, 10)
(4, 11)
(4, 12)
(4, 13)
(4, 14)
(4, 15)
(4, 16)
kaikki ok
Reitin pituus: 4
(4, 5)
(4, 4)
(4, 3)
(3, 3)
(2, 3)
kaikki ok
Reitin pituus: 14
(6, 5)
(7, 5)
(8, 5)
(8, 6)
(8, 7)
(7, 7)
(6, 7)
(6, 8)
(6, 9)
(5, 9)
(4, 9)
(4, 10)
(4, 11)
(4, 12)
(4, 13)
kaikki ok
Reitin pituus: 27
(10, 5)
(10, 6)
(10, 7)
(9, 7)
(8, 7)
(7, 7)
(6, 7)
(6, 8)
(6, 9)
(6, 10)
(6, 11)
(6, 12)
(6, 13)
(5, 13)
(4, 13)
(4, 14)
(4, 15)
(4, 16)
(4, 17)
(3, 17)
(2, 17)
(1, 17)
(1, 18)
(1, 19)
(2, 19)
(3, 19)
(4, 19)
(5, 19)
kaikki ok
Reitin pituus: 18
(14, 6)
(14, 7)
(14, 8)
(14, 9)
(13, 9)
(12, 9)
(12, 10)
(12, 11)
(11, 11)
(10, 11)
(9, 11)
(8, 11)
(7, 11)
(6, 11)
(6, 12)
(6, 13)
(5, 13)
(4, 13)
(4, 14)
kaikki ok
Reitin pituus: 13
(6, 13)
(5, 13)
(4, 13)
(4, 12)
(4, 11)
(4, 10)
(4, 9)
(4, 8)
(4, 7)
(4, 6)
(4, 5)
(4, 4)
(4, 3)
(5, 3)
kaikki ok
Reitin pituus: 10
(4, 11)
(4, 12)
(4, 13)
(4, 14)
(4, 15)
(4, 16)
(4, 17)
(3, 17)
(2, 17)
(1, 17)
(1, 18)
kaikki ok
Reitin pituus: 7
(17, 5)
(16, 5)
(15, 5)
(14, 5)
(14, 6)
(14, 7)
(14, 8)
(14, 9)
kaikki ok
Reitin pituus: 7
(4, 6)
(4, 5)
(4, 4)
(4, 3)
(5, 3)
(6, 3)
(6, 4)
(6, 5)
kaikki ok
Reitin pituus: 27
(10, 17)
(11, 17)
(12, 17)
(12, 16)
(12, 15)
(13, 15)
(14, 15)
(14, 14)
(14, 13)
(14, 12)
(14, 11)
(14, 10)
(14, 9)
(14, 8)
(14, 7)
(14, 6)
(14, 5)
(14, 4)
(14, 3)
(13, 3)
(12, 3)
(11, 3)
(10, 3)
(9, 3)
(8, 3)
(8, 2)
(8, 1)
(7, 1)
kaikki ok
Reitin pituus: 17
(5, 19)
(6, 19)
(7, 19)
(8, 19)
(9, 19)
(10, 19)
(11, 19)
(12, 19)
(13, 19)
(14, 19)
(15, 19)
(16, 19)
(17, 19)
(17, 18)
(17, 17)
(16, 17)
(16, 16)
(16, 15)
kaikki ok
Reitin pituus: 13
(6, 10)
(6, 9)
(5, 9)
(4, 9)
(4, 8)
(4, 7)
(4, 6)
(4, 5)
(4, 4)
(4, 3)
(4, 2)
(4, 1)
(5, 1)
(6, 1)
kaikki ok
Reitin pituus: 1
(4, 3)
(4, 4)
kaikki ok
Reitin pituus: 10
(5, 15)
(6, 15)
(7, 15)
(8, 15)
(9, 15)
(10, 15)
(10, 14)
(10, 13)
(11, 13)
(12, 13)
(13, 13)
kaikki ok
Reitin pituus: 7
(6, 10)
(6, 9)
(6, 8)
(6, 7)
(7, 7)
(8, 7)
(9, 7)
(9, 8)
kaikki ok
Reitin pituus: 11
(8, 3)
(7, 3)
(6, 3)
(6, 4)
(6, 5)
(7, 5)
(8, 5)
(8, 6)
(8, 7)
(9, 7)
(9, 8)
(9, 9)
kaikki ok
Reitin pituus: 19
(1, 2)
(1, 3)
(2, 3)
(3, 3)
(4, 3)
(5, 3)
(6, 3)
(7, 3)
(8, 3)
(9, 3)
(10, 3)
(11, 3)
(12, 3)
(13, 3)
(14, 3)
(15, 3)
(16, 3)
(17, 3)
(17, 2)
(17, 1)
kaikki ok
Reitin pituus: 11
(14, 9)
(14, 8)
(14, 7)
(14, 6)
(14, 5)
(14, 4)
(14, 3)
(15, 3)
(16, 3)
(17, 3)
(17, 2)
(17, 1)
kaikki ok
Reitin pituus: 24
(14, 19)
(13, 19)
(12, 19)
(11, 19)
(10, 19)
(9, 19)
(8, 19)
(8, 18)
(8, 17)
(7, 17)
(6, 17)
(6, 16)
(6, 15)
(7, 15)
(8, 15)
(8, 14)
(8, 13)
(7, 13)
(6, 13)
(6, 12)
(6, 11)
(6, 10)
(6, 9)
(6, 8)
(6, 7)
kaikki ok
Reitin pituus: 7
(17, 1)
(16, 1)
(15, 1)
(14, 1)
(13, 1)
(12, 1)
(11, 1)
(10, 1)
kaikki ok
Reitin pituus: 14
(10, 1)
(10, 2)
(10, 3)
(9, 3)
(8, 3)
(7, 3)
(6, 3)
(5, 3)
(4, 3)
(4, 4)
(4, 5)
(4, 6)
(4, 7)
(4, 8)
(4, 9)
kaikki ok
Reitin pituus: 6
(1, 13)
(2, 13)
(3, 13)
(4, 13)
(4, 14)
(4, 15)
(5, 15)
kaikki ok
Reitin pituus: 20
(17, 5)
(16, 5)
(15, 5)
(14, 5)
(14, 6)
(14, 7)
(14, 8)
(14, 9)
(14, 10)
(14, 11)
(14, 12)
(14, 13)
(14, 14)
(14, 15)
(14, 16)
(14, 17)
(15, 17)
(16, 17)
(17, 17)
(17, 18)
(17, 19)
kaikki ok
Reitin pituus: 13
(6, 11)
(6, 10)
(6, 9)
(5, 9)
(4, 9)
(4, 8)
(4, 7)
(4, 6)
(4, 5)
(3, 5)
(2, 5)
(1, 5)
(1, 4)
(1, 3)
kaikki ok
Reitin pituus: 21
(2, 17)
(3, 17)
(4, 17)
(4, 16)
(4, 15)
(5, 15)
(6, 15)
(7, 15)
(8, 15)
(9, 15)
(10, 15)
(11, 15)
(12, 15)
(13, 15)
(14, 15)
(14, 14)
(14, 13)
(14, 12)
(14, 11)
(14, 10)
(14, 9)
(14, 8)
kaikki ok
Reitin pituus: 2
(6, 12)
(6, 13)
(5, 13)
kaikki ok
Reitin pituus: 11
(10, 13)
(11, 13)
(12, 13)
(13, 13)
(14, 13)
(14, 14)
(14, 15)
(14, 16)
(14, 17)
(15, 17)
(16, 17)
(17, 17)
kaikki ok
Reitin pituus: 15
(1, 4)
(1, 3)
(2, 3)
(3, 3)
(4, 3)
(5, 3)
(6, 3)
(7, 3)
(8, 3)
(9, 3)
(10, 3)
(10, 2)
(10, 1)
(11, 1)
(12, 1)
(13, 1)
kaikki ok
Reitin pituus: 18
(14, 19)
(15, 19)
(16, 19)
(17, 19)
(17, 18)
(17, 17)
(16, 17)
(15, 17)
(14, 17)
(14, 16)
(14, 15)
(14, 14)
(14, 13)
(14, 12)
(14, 11)
(14, 10)
(14, 9)
(14, 8)
(14, 7)
kaikki ok
Reitin pituus: 20
(17, 19)
(17, 18)
(17, 17)
(16, 17)
(15, 17)
(14, 17)
(14, 16)
(14, 15)
(14, 14)
(14, 13)
(13, 13)
(12, 13)
(12, 12)
(12, 11)
(12, 10)
(12, 9)
(12, 8)
(12, 7)
(11, 7)
(10, 7)
(10, 6)
kaikki ok
Reitin pituus: 21
(1, 13)
(2, 13)
(3, 13)
(4, 13)
(5, 13)
(6, 13)
(7, 13)
(8, 13)
(8, 14)
(8, 15)
(9, 15)
(10, 15)
(11, 15)
(12, 15)
(13, 15)
(14, 15)
(14, 16)
(14, 17)
(15, 17)
(16, 17)
(17, 17)
(17, 18)
kaikki ok
Reitin pituus: 18
(16, 17)
(15, 17)
(14, 17)
(14, 16)
(14, 15)
(14, 14)
(14, 13)
(14, 12)
(14, 11)
(14, 10)
(14, 9)
(14, 8)
(14, 7)
(14, 6)
(14, 5)
(14, 4)
(14, 3)
(15, 3)
(16, 3)
kaikki ok
Reitin pituus: 26
(11, 5)
(10, 5)
(10, 6)
(10, 7)
(9, 7)
(8, 7)
(7, 7)
(6, 7)
(6, 8)
(6, 9)
(6, 10)
(6, 11)
(6, 12)
(6, 13)
(7, 13)
(8, 13)
(8, 14)
(8, 15)
(7, 15)
(6, 15)
(6, 16)
(6, 17)
(7, 17)
(8, 17)
(8, 18)
(8, 19)
(7, 19)
kaikki ok
Reitin pituus: 9
(13, 3)
(12, 3)
(12, 4)
(12, 5)
(11, 5)
(10, 5)
(10, 6)
(10, 7)
(9, 7)
(8, 7)
kaikki ok
Reitin pituus: 17
(13, 3)
(14, 3)
(14, 4)
(14, 5)
(14, 6)
(14, 7)
(14, 8)
(14, 9)
(14, 10)
(14, 11)
(14, 12)
(14, 13)
(14, 14)
(14, 15)
(13, 15)
(12, 15)
(11, 15)
(10, 15)
kaikki ok
Reitin pituus: 21
(10, 19)
(10, 18)
(10, 17)
(11, 17)
(12, 17)
(12, 16)
(12, 15)
(13, 15)
(14, 15)
(14, 14)
(14, 13)
(14, 12)
(14, 11)
(14, 10)
(14, 9)
(14, 8)
(14, 7)
(14, 6)
(14, 5)
(15, 5)
(16, 5)
(17, 5)
kaikki ok
Reitin pituus: 26
(10, 2)
(10, 3)
(9, 3)
(8, 3)
(7, 3)
(6, 3)
(5, 3)
(4, 3)
(4, 4)
(4, 5)
(4, 6)
(4, 7)
(4, 8)
(4, 9)
(4, 10)
(4, 11)
(4, 12)
(4, 13)
(4, 14)
(4, 15)
(5, 15)
(6, 15)
(6, 16)
(6, 17)
(7, 17)
(8, 17)
(8, 18)
kaikki ok
Reitin pituus: 2
(8, 19)
(8, 18)
(8, 17)
kaikki ok
Reitin pituus: 17
(8, 11)
(7, 11)
(6, 11)
(6, 10)
(6, 9)
(5, 9)
(4, 9)
(4, 8)
(4, 7)
(4, 6)
(4, 5)
(3, 5)
(2, 5)
(1, 5)
(1, 4)
(1, 3)
(1, 2)
(1, 1)
kaikki ok
Reitin pituus: 8
(11, 15)
(12, 15)
(13, 15)
(14, 15)
(14, 16)
(14, 17)
(15, 17)
(16, 17)
(16, 16)
kaikki ok
Reitin pituus: 21
(12, 3)
(12, 4)
(12, 5)
(11, 5)
(10, 5)
(10, 6)
(10, 7)
(9, 7)
(8, 7)
(7, 7)
(6, 7)
(6, 8)
(6, 9)
(6, 10)
(6, 11)
(6, 12)
(6, 13)
(5, 13)
(4, 13)
(4, 14)
(4, 15)
(5, 15)
kaikki ok
Reitin pituus: 4
(1, 1)
(2, 1)
(3, 1)
(4, 1)
(5, 1)
kaikki ok
Reitin pituus: 16
(10, 17)
(11, 17)
(12, 17)
(12, 16)
(12, 15)
(11, 15)
(10, 15)
(10, 14)
(10, 13)
(11, 13)
(12, 13)
(12, 12)
(12, 11)
(12, 10)
(12, 9)
(12, 8)
(12, 7)
kaikki ok
Reitin pituus: 23
(14, 17)
(14, 16)
(14, 15)
(13, 15)
(12, 15)
(11, 15)
(10, 15)
(9, 15)
(8, 15)
(8, 14)
(8, 13)
(7, 13)
(6, 13)
(6, 12)
(6, 11)
(6, 10)
(6, 9)
(5, 9)
(4, 9)
(4, 8)
(4, 7)
(4, 6)
(4, 5)
(3, 5)
kaikki ok
Reitin pituus: 1
(11, 13)
(12, 13)
kaikki ok
Reitin pituus: 0
(10, 13)
kaikki ok
Reitin pituus: 15
(8, 13)
(7, 13)
(6, 13)
(5, 13)
(4, 13)
(4, 12)
(4, 11)
(4, 10)
(4, 9)
(4, 8)
(4, 7)
(4, 6)
(4, 5)
(3, 5)
(2, 5)
(1, 5)
kaikki ok
Reitin pituus: 18
(15, 5)
(14, 5)
(14, 4)
(14, 3)
(13, 3)
(12, 3)
(11, 3)
(10, 3)
(9, 3)
(8, 3)
(7, 3)
(6, 3)
(5, 3)
(4, 3)
(4, 4)
(4, 5)
(4, 6)
(4, 7)
(4, 8)
kaikki ok
Reitin pituus: 5
(15, 5)
(14, 5)
(14, 6)
(14, 7)
(14, 8)
(14, 9)
kaikki ok
Reitin pituus: 5
(17, 18)
(17, 19)
(16, 19)
(15, 19)
(14, 19)
(13, 19)
kaikki ok
Reitin pituus: 10
(6, 7)
(6, 8)
(6, 9)
(5, 9)
(4, 9)
(4, 8)
(4, 7)
(4, 6)
(4, 5)
(4, 4)
(4, 3)
kaikki ok
Reitin pituus: 17
(2, 19)
(3, 19)
(4, 19)
(5, 19)
(6, 19)
(7, 19)
(8, 19)
(9, 19)
(10, 19)
(10, 18)
(10, 17)
(11, 17)
(12, 17)
(12, 16)
(12, 15)
(13, 15)
(14, 15)
(14, 16)
kaikki ok
Reitin pituus: 30
(2, 15)
(1, 15)
(1, 14)
(1, 13)
(2, 13)
(3, 13)
(4, 13)
(4, 12)
(4, 11)
(4, 10)
(4, 9)
(4, 8)
(4, 7)
(4, 6)
(4, 5)
(4, 4)
(4, 3)
(5, 3)
(6, 3)
(7, 3)
(8, 3)
(9, 3)
(10, 3)
(10, 2)
(10, 1)
(11, 1)
(12, 1)
(13, 1)
(14, 1)
(15, 1)
(16, 1)
kaikki ok
Reitin pituus: 23
(12, 16)
(12, 15)
(13, 15)
(14, 15)
(14, 14)
(14, 13)
(14, 12)
(14, 11)
(14, 10)
(14, 9)
(14, 8)
(14, 7)
(14, 6)
(14, 5)
(14, 4)
(14, 3)
(13, 3)
(12, 3)
(11, 3)
(10, 3)
(9, 3)
(8, 3)
(8, 2)
(8, 1)
kaikki ok
Reitin pituus: 20
(8, 1)
(8, 2)
(8, 3)
(9, 3)
(10, 3)
(11, 3)
(12, 3)
(13, 3)
(14, 3)
(14, 4)
(14, 5)
(14, 6)
(14, 7)
(14, 8)
(14, 9)
(14, 10)
(14, 11)
(14, 12)
(14, 13)
(15, 13)
(16, 13)
kaikki ok
Reitin pituus: 10
(10, 7)
(9, 7)
(8, 7)
(7, 7)
(6, 7)
(6, 8)
(6, 9)
(6, 10)
(6, 11)
(7, 11)
(8, 11)
kaikki ok
Reitin pituus: 9
(10, 17)
(10, 18)
(10, 19)
(9, 19)
(8, 19)
(8, 18)
(8, 17)
(7, 17)
(6, 17)
(6, 16)
kaikki ok
Reitin pituus: 1
(6, 11)
(6, 10)
kaikki ok
Reitin pituus: 2
(13, 9)
(12, 9)
(12, 8)
kaikki ok
Reitin pituus: 1
(16, 5)
(17, 5)
kaikki ok
Reitin pituus: 17
(3, 3)
(4, 3)
(4, 4)
(4, 5)
(4, 6)
(4, 7)
(4, 8)
(4, 9)
(4, 10)
(4, 11)
(4, 12)
(4, 13)
(4, 14)
(4, 15)
(4, 16)
(4, 17)
(3, 17)
(2, 17)
kaikki ok
Reitin pituus: 22
(5, 1)
(4, 1)
(4, 2)
(4, 3)
(5, 3)
(6, 3)
(6, 4)
(6, 5)
(7, 5)
(8, 5)
(8, 6)
(8, 7)
(9, 7)
(10, 7)
(11, 7)
(12, 7)
(12, 8)
(12, 9)
(12, 10)
(12, 11)
(12, 12)
(12, 13)
(13, 13)
kaikki ok
Reitin pituus: 10
(10, 17)
(11, 17)
(12, 17)
(12, 16)
(12, 15)
(13, 15)
(14, 15)
(14, 16)
(14, 17)
(15, 17)
(16, 17)
kaikki ok
Reitin pituus: 16
(8, 19)
(9, 19)
(10, 19)
(11, 19)
(12, 19)
(13, 19)
(14, 19)
(15, 19)
(16, 19)
(17, 19)
(17, 18)
(17, 17)
(16, 17)
(16, 16)
(16, 15)
(17, 15)
(17, 14)
kaikki ok
Reitin pituus: 2
(10, 6)
(10, 7)
(9, 7)
kaikki ok
Reitin pituus: 17
(13, 13)
(14, 13)
(14, 14)
(14, 15)
(13, 15)
(12, 15)
(12, 16)
(12, 17)
(11, 17)
(10, 17)
(10, 18)
(10, 19)
(9, 19)
(8, 19)
(7, 19)
(6, 19)
(5, 19)
(4, 19)
kaikki ok
Reitin pituus: 15
(16, 3)
(15, 3)
(14, 3)
(14, 4)
(14, 5)
(14, 6)
(14, 7)
(14, 8)
(14, 9)
(13, 9)
(12, 9)
(12, 10)
(12, 11)
(11, 11)
(10, 11)
(9, 11)
kaikki ok
Reitin pituus: 9
(17, 14)
(17, 13)
(16, 13)
(15, 13)
(14, 13)
(14, 14)
(14, 15)
(13, 15)
(12, 15)
(11, 15)
kaikki ok
Reitin pituus: 25
(1, 19)
(1, 18)
(1, 17)
(2, 17)
(3, 17)
(4, 17)
(4, 16)
(4, 15)
(4, 14)
(4, 13)
(4, 12)
(4, 11)
(4, 10)
(4, 9)
(4, 8)
(4, 7)
(4, 6)
(4, 5)
(4, 4)
(4, 3)
(4, 2)
(4, 1)
(5, 1)
(6, 1)
(7, 1)
(8, 1)
kaikki ok
Reitin pituus: 15
(6, 1)
(5, 1)
(4, 1)
(4, 2)
(4, 3)
(4, 4)
(4, 5)
(4, 6)
(4, 7)
(4, 8)
(4, 9)
(4, 10)
(4, 11)
(4, 12)
(4, 13)
(4, 14)
kaikki ok
Reitin pituus: 15
(11, 3)
(12, 3)
(12, 4)
(12, 5)
(11, 5)
(10, 5)
(10, 6)
(10, 7)
(9, 7)
(8, 7)
(7, 7)
(6, 7)
(6, 8)
(6, 9)
(6, 10)
(6, 11)
kaikki ok
Reitin pituus: 20
(11, 7)
(12, 7)
(12, 8)
(12, 9)
(13, 9)
(14, 9)
(14, 10)
(14, 11)
(14, 12)
(14, 13)
(14, 14)
(14, 15)
(13, 15)
(12, 15)
(12, 16)
(12, 17)
(11, 17)
(10, 17)
(10, 18)
(10, 19)
(9, 19)
kaikki ok
Reitin pituus: 7
(1, 5)
(1, 4)
(1, 3)
(2, 3)
(3, 3)
(4, 3)
(5, 3)
(6, 3)
kaikki ok
Reitin pituus: 5
(7, 1)
(6, 1)
(5, 1)
(4, 1)
(3, 1)
(2, 1)
kaikki ok
Reitin pituus: 7
(13, 15)
(14, 15)
(14, 16)
(14, 17)
(15, 17)
(16, 17)
(16, 16)
(16, 15)
kaikki ok
Reitin pituus: 9
(14, 16)
(14, 15)
(14, 14)
(14, 13)
(13, 13)
(12, 13)
(12, 12)
(12, 11)
(12, 10)
(12, 9)
kaikki ok
Reitin pituus: 22
(11, 3)
(10, 3)
(9, 3)
(8, 3)
(7, 3)
(6, 3)
(5, 3)
(4, 3)
(4, 4)
(4, 5)
(4, 6)
(4, 7)
(4, 8)
(4, 9)
(4, 10)
(4, 11)
(4, 12)
(4, 13)
(4, 14)
(4, 15)
(4, 16)
(4, 17)
(3, 17)
kaikki ok
Reitin pituus: 15
(16, 13)
(15, 13)
(14, 13)
(14, 14)
(14, 15)
(13, 15)
(12, 15)
(11, 15)
(10, 15)
(9, 15)
(8, 15)
(7, 15)
(6, 15)
(5, 15)
(4, 15)
(4, 14)
kaikki ok
Reitin pituus: 14
(11, 15)
(12, 15)
(12, 16)
(12, 17)
(11, 17)
(10, 17)
(10, 18)
(10, 19)
(9, 19)
(8, 19)
(7, 19)
(6, 19)
(5, 19)
(4, 19)
(3, 19)
kaikki ok
Reitin pituus: 13
(10, 18)
(10, 19)
(9, 19)
(8, 19)
(8, 18)
(8, 17)
(7, 17)
(6, 17)
(6, 16)
(6, 15)
(5, 15)
(4, 15)
(4, 16)
(4, 17)
kaikki ok
Reitin pituus: 13
(17, 17)
(17, 18)
(17, 19)
(16, 19)
(15, 19)
(14, 19)
(13, 19)
(12, 19)
(11, 19)
(10, 19)
(9, 19)
(8, 19)
(7, 19)
(6, 19)
kaikki ok
Reitin pituus: 18
(4, 15)
(4, 14)
(4, 13)
(4, 12)
(4, 11)
(4, 10)
(4, 9)
(4, 8)
(4, 7)
(4, 6)
(4, 5)
(4, 4)
(4, 3)
(5, 3)
(6, 3)
(7, 3)
(8, 3)
(8, 2)
(8, 1)
kaikki ok
Reitin pituus: 21
(8, 11)
(7, 11)
(6, 11)
(6, 12)
(6, 13)
(7, 13)
(8, 13)
(8, 14)
(8, 15)
(7, 15)
(6, 15)
(6, 16)
(6, 17)
(7, 17)
(8, 17)
(8, 18)
(8, 19)
(9, 19)
(10, 19)
(11, 19)
(12, 19)
(13, 19)
kaikki ok
Reitin pituus: 27
(5, 3)
(4, 3)
(4, 4)
(4, 5)
(4, 6)
(4, 7)
(4, 8)
(4, 9)
(4, 10)
(4, 11)
(4, 12)
(4, 13)
(4, 14)
(4, 15)
(5, 15)
(6, 15)
(6, 16)
(6, 17)
(7, 17)
(8, 17)
(8, 18)
(8, 19)
(9, 19)
(10, 19)
(11, 19)
(12, 19)
(13, 19)
(14, 19)
kaikki ok
Reitin pituus: 19
(11, 15)
(10, 15)
(9, 15)
(8, 15)
(8, 14)
(8, 13)
(7, 13)
(6, 13)
(6, 12)
(6, 11)
(6, 10)
(6, 9)
(5, 9)
(4, 9)
(4, 8)
(4, 7)
(4, 6)
(4, 5)
(3, 5)
(2, 5)
kaikki ok
Reitin pituus: 11
(1, 17)
(2, 17)
(3, 17)
(4, 17)
(4, 16)
(4, 15)
(4, 14)
(4, 13)
(5, 13)
(6, 13)
(6, 12)
(6, 11)
kaikki ok
Reitin pituus: 16
(6, 10)
(6, 11)
(7, 11)
(8, 11)
(9, 11)
(10, 11)
(11, 11)
(12, 11)
(12, 10)
(12, 9)
(13, 9)
(14, 9)
(14, 8)
(14, 7)
(14, 6)
(14, 5)
(14, 4)
kaikki ok
Reitin pituus: 24
(8, 18)
(8, 19)
(9, 19)
(10, 19)
(10, 18)
(10, 17)
(11, 17)
(12, 17)
(12, 16)
(12, 15)
(13, 15)
(14, 15)
(14, 14)
(14, 13)
(14, 12)
(14, 11)
(14, 10)
(14, 9)
(14, 8)
(14, 7)
(14, 6)
(14, 5)
(14, 4)
(14, 3)
(13, 3)
kaikki ok
Reitin pituus: 11
(8, 6)
(8, 7)
(9, 7)
(10, 7)
(11, 7)
(12, 7)
(12, 8)
(12, 9)
(13, 9)
(14, 9)
(14, 10)
(14, 11)
kaikki ok
Reitin pituus: 14
(17, 2)
(17, 3)
(16, 3)
(15, 3)
(14, 3)
(13, 3)
(12, 3)
(12, 4)
(12, 5)
(11, 5)
(10, 5)
(10, 6)
(10, 7)
(9, 7)
(8, 7)
kaikki ok
Reitin pituus: 14
(14, 15)
(14, 14)
(14, 13)
(13, 13)
(12, 13)
(12, 12)
(12, 11)
(11, 11)
(10, 11)
(9, 11)
(8, 11)
(7, 11)
(6, 11)
(6, 10)
(6, 9)
kaikki ok
Reitin pituus: 3
(15, 5)
(14, 5)
(14, 6)
(14, 7)
kaikki ok
Reitin pituus: 22
(12, 19)
(11, 19)
(10, 19)
(9, 19)
(8, 19)
(8, 18)
(8, 17)
(7, 17)
(6, 17)
(6, 16)
(6, 15)
(5, 15)
(4, 15)
(4, 14)
(4, 13)
(4, 12)
(4, 11)
(4, 10)
(4, 9)
(4, 8)
(4, 7)
(4, 6)
(4, 5)
kaikki ok
Reitin pituus: 10
(4, 15)
(5, 15)
(6, 15)
(6, 16)
(6, 17)
(7, 17)
(8, 17)
(8, 18)
(8, 19)
(9, 19)
(10, 19)
kaikki ok
Reitin pituus: 11
(11, 7)
(12, 7)
(12, 8)
(12, 9)
(13, 9)
(14, 9)
(14, 8)
(14, 7)
(14, 6)
(14, 5)
(15, 5)
(16, 5)
kaikki ok
Reitin pituus: 14
(17, 17)
(16, 17)
(15, 17)
(14, 17)
(14, 16)
(14, 15)
(13, 15)
(12, 15)
(11, 15)
(10, 15)
(9, 15)
(8, 15)
(7, 15)
(6, 15)
(6, 16)
kaikki ok
Reitin pituus: 13
(14, 3)
(14, 4)
(14, 5)
(14, 6)
(14, 7)
(14, 8)
(14, 9)
(13, 9)
(12, 9)
(12, 10)
(12, 11)
(11, 11)
(10, 11)
(9, 11)
kaikki ok
Reitin pituus: 17
(10, 17)
(11, 17)
(12, 17)
(12, 16)
(12, 15)
(13, 15)
(14, 15)
(14, 14)
(14, 13)
(14, 12)
(14, 11)
(14, 10)
(14, 9)
(14, 8)
(14, 7)
(14, 6)
(14, 5)
(14, 4)
kaikki ok
Reitin pituus: 6
(10, 6)
(10, 7)
(9, 7)
(8, 7)
(8, 6)
(8, 5)
(7, 5)
kaikki ok
Reitin pituus: 18
(4, 14)
(4, 13)
(5, 13)
(6, 13)
(6, 12)
(6, 11)
(7, 11)
(8, 11)
(9, 11)
(10, 11)
(11, 11)
(12, 11)
(12, 10)
(12, 9)
(13, 9)
(14, 9)
(14, 8)
(14, 7)
(14, 6)
kaikki ok
Reitin pituus: 23
(12, 15)
(11, 15)
(10, 15)
(9, 15)
(8, 15)
(7, 15)
(6, 15)
(5, 15)
(4, 15)
(4, 14)
(4, 13)
(4, 12)
(4, 11)
(4, 10)
(4, 9)
(4, 8)
(4, 7)
(4, 6)
(4, 5)
(4, 4)
(4, 3)
(4, 2)
(4, 1)
(3, 1)
kaikki ok
Reitin pituus: 6
(6, 19)
(7, 19)
(8, 19)
(9, 19)
(10, 19)
(11, 19)
(12, 19)
kaikki ok
Reitin pituus: 26
(4, 3)
(4, 4)
(4, 5)
(4, 6)
(4, 7)
(4, 8)
(4, 9)
(4, 10)
(4, 11)
(4, 12)
(4, 13)
(4, 14)
(4, 15)
(5, 15)
(6, 15)
(6, 16)
(6, 17)
(7, 17)
(8, 17)
(8, 18)
(8, 19)
(9, 19)
(10, 19)
(11, 19)
(12, 19)
(13, 19)
(14, 19)
kaikki ok
Reitin pituus: 9
(10, 15)
(11, 15)
(12, 15)
(13, 15)
(14, 15)
(14, 16)
(14, 17)
(15, 17)
(16, 17)
(17, 17)
kaikki ok
Reitin pituus: 21
(17, 17)
(16, 17)
(15, 17)
(14, 17)
(14, 16)
(14, 15)
(14, 14)
(14, 13)
(13, 13)
(12, 13)
(12, 12)
(12, 11)
(12, 10)
(12, 9)
(12, 8)
(12, 7)
(11, 7)
(10, 7)
(9, 7)
(9, 8)
(9, 9)
(10, 9)
kaikki ok
Reitin pituus: 8
(3, 5)
(4, 5)
(4, 6)
(4, 7)
(4, 8)
(4, 9)
(5, 9)
(6, 9)
(6, 8)
kaikki ok
Reitin pituus: 15
(14, 15)
(14, 14)
(14, 13)
(13, 13)
(12, 13)
(12, 12)
(12, 11)
(12, 10)
(12, 9)
(12, 8)
(12, 7)
(11, 7)
(10, 7)
(9, 7)
(8, 7)
(8, 6)
kaikki ok
Reitin pituus: 21
(1, 19)
(1, 18)
(1, 17)
(2, 17)
(3, 17)
(4, 17)
(4, 16)
(4, 15)
(4, 14)
(4, 13)
(5, 13)
(6, 13)
(6, 12)
(6, 11)
(6, 10)
(6, 9)
(6, 8)
(6, 7)
(7, 7)
(8, 7)
(9, 7)
(10, 7)
kaikki ok
Reitin pituus: 23
(14, 1)
(14, 2)
(14, 3)
(14, 4)
(14, 5)
(14, 6)
(14, 7)
(14, 8)
(14, 9)
(13, 9)
(12, 9)
(12, 10)
(12, 11)
(12, 12)
(12, 13)
(11, 13)
(10, 13)
(10, 14)
(10, 15)
(9, 15)
(8, 15)
(7, 15)
(6, 15)
(5, 15)
kaikki ok
Reitin pituus: 9
(11, 1)
(12, 1)
(13, 1)
(14, 1)
(15, 1)
(16, 1)
(17, 1)
(17, 2)
(17, 3)
(17, 4)
kaikki ok
Reitin pituus: 1
(10, 13)
(11, 13)
kaikki ok
Reitin pituus: 15
(5, 19)
(6, 19)
(7, 19)
(8, 19)
(8, 18)
(8, 17)
(7, 17)
(6, 17)
(6, 16)
(6, 15)
(5, 15)
(4, 15)
(4, 14)
(4, 13)
(5, 13)
(6, 13)
kaikki ok
Reitin pituus: 25
(12, 19)
(11, 19)
(10, 19)
(9, 19)
(8, 19)
(8, 18)
(8, 17)
(7, 17)
(6, 17)
(6, 16)
(6, 15)
(5, 15)
(4, 15)
(4, 14)
(4, 13)
(4, 12)
(4, 11)
(4, 10)
(4, 9)
(4, 8)
(4, 7)
(4, 6)
(4, 5)
(4, 4)
(4, 3)
(3, 3)
kaikki ok
Reitin pituus: 1
(12, 1)
(13, 1)
kaikki ok
Reitin pituus: 27
(16, 3)
(15, 3)
(14, 3)
(13, 3)
(12, 3)
(12, 4)
(12, 5)
(11, 5)
(10, 5)
(10, 6)
(10, 7)
(9, 7)
(8, 7)
(7, 7)
(6, 7)
(6, 8)
(6, 9)
(5, 9)
(4, 9)
(4, 10)
(4, 11)
(4, 12)
(4, 13)
(3, 13)
(2, 13)
(1, 13)
(1, 14)
(1, 15)
kaikki ok
Reitin pituus: 8
(11, 17)
(12, 17)
(12, 16)
(12, 15)
(13, 15)
(14, 15)
(14, 14)
(14, 13)
(15, 13)
kaikki ok
Reitin pituus: 10
(8, 2)
(8, 3)
(7, 3)
(6, 3)
(6, 4)
(6, 5)
(7, 5)
(8, 5)
(8, 6)
(8, 7)
(9, 7)
kaikki ok
Reitin pituus: 14
(4, 6)
(4, 7)
(4, 8)
(4, 9)
(5, 9)
(6, 9)
(6, 10)
(6, 11)
(7, 11)
(8, 11)
(9, 11)
(10, 11)
(11, 11)
(12, 11)
(12, 12)
kaikki ok
Reitin pituus: 19
(2, 17)
(1, 17)
(1, 18)
(1, 19)
(2, 19)
(3, 19)
(4, 19)
(5, 19)
(6, 19)
(7, 19)
(8, 19)
(9, 19)
(10, 19)
(11, 19)
(12, 19)
(13, 19)
(14, 19)
(15, 19)
(16, 19)
(17, 19)
kaikki ok
Reitin pituus: 10
(12, 11)
(12, 12)
(12, 13)
(13, 13)
(14, 13)
(15, 13)
(16, 13)
(17, 13)
(17, 14)
(17, 15)
(16, 15)
kaikki ok
Reitin pituus: 16
(1, 2)
(1, 3)
(2, 3)
(3, 3)
(4, 3)
(5, 3)
(6, 3)
(7, 3)
(8, 3)
(9, 3)
(10, 3)
(11, 3)
(12, 3)
(13, 3)
(14, 3)
(14, 4)
(14, 5)
kaikki ok
Reitin pituus: 17
(4, 8)
(4, 9)
(5, 9)
(6, 9)
(6, 10)
(6, 11)
(7, 11)
(8, 11)
(9, 11)
(10, 11)
(11, 11)
(12, 11)
(12, 12)
(12, 13)
(13, 13)
(14, 13)
(15, 13)
(16, 13)
kaikki ok
Reitin pituus: 18
(16, 17)
(15, 17)
(14, 17)
(14, 16)
(14, 15)
(14, 14)
(14, 13)
(14, 12)
(14, 11)
(14, 10)
(14, 9)
(14, 8)
(14, 7)
(14, 6)
(14, 5)
(14, 4)
(14, 3)
(13, 3)
(12, 3)
kaikki ok
Reitin pituus: 7
(4, 5)
(4, 6)
(4, 7)
(4, 8)
(4, 9)
(5, 9)
(6, 9)
(6, 8)
kaikki ok
Reitin pituus: 24
(5, 3)
(6, 3)
(6, 4)
(6, 5)
(7, 5)
(8, 5)
(8, 6)
(8, 7)
(9, 7)
(10, 7)
(11, 7)
(12, 7)
(12, 8)
(12, 9)
(12, 10)
(12, 11)
(12, 12)
(12, 13)
(13, 13)
(14, 13)
(14, 14)
(14, 15)
(14, 16)
(14, 17)
(15, 17)
kaikki ok
Reitin pituus: 14
(12, 5)
(12, 4)
(12, 3)
(11, 3)
(10, 3)
(9, 3)
(8, 3)
(7, 3)
(6, 3)
(5, 3)
(4, 3)
(4, 4)
(4, 5)
(3, 5)
(2, 5)
kaikki ok
Reitin pituus: 17
(17, 1)
(17, 2)
(17, 3)
(17, 4)
(17, 5)
(16, 5)
(15, 5)
(14, 5)
(14, 6)
(14, 7)
(14, 8)
(14, 9)
(13, 9)
(12, 9)
(12, 10)
(12, 11)
(12, 12)
(12, 13)
kaikki ok
Reitin pituus: 6
(13, 9)
(14, 9)
(14, 8)
(14, 7)
(14, 6)
(14, 5)
(15, 5)
kaikki ok
Reitin pituus: 16
(2, 13)
(3, 13)
(4, 13)
(4, 14)
(4, 15)
(5, 15)
(6, 15)
(7, 15)
(8, 15)
(9, 15)
(10, 15)
(11, 15)
(12, 15)
(13, 15)
(14, 15)
(14, 16)
(14, 17)
kaikki ok
Reitin pituus: 19
(11, 3)
(12, 3)
(13, 3)
(14, 3)
(14, 4)
(14, 5)
(14, 6)
(14, 7)
(14, 8)
(14, 9)
(14, 10)
(14, 11)
(14, 12)
(14, 13)
(15, 13)
(16, 13)
(17, 13)
(17, 14)
(17, 15)
(16, 15)
kaikki ok
Reitin pituus: 21
(1, 13)
(2, 13)
(3, 13)
(4, 13)
(4, 12)
(4, 11)
(4, 10)
(4, 9)
(4, 8)
(4, 7)
(4, 6)
(4, 5)
(4, 4)
(4, 3)
(5, 3)
(6, 3)
(7, 3)
(8, 3)
(9, 3)
(10, 3)
(11, 3)
(12, 3)
kaikki ok
Reitin pituus: 10
(7, 11)
(6, 11)
(6, 12)
(6, 13)
(7, 13)
(8, 13)
(8, 14)
(8, 15)
(9, 15)
(10, 15)
(11, 15)
kaikki ok
Reitin pituus: 16
(10, 5)
(10, 6)
(10, 7)
(9, 7)
(8, 7)
(8, 6)
(8, 5)
(7, 5)
(6, 5)
(6, 4)
(6, 3)
(5, 3)
(4, 3)
(4, 4)
(4, 5)
(3, 5)
(2, 5)
kaikki ok
Reitin pituus: 13
(6, 5)
(7, 5)
(8, 5)
(8, 6)
(8, 7)
(9, 7)
(10, 7)
(11, 7)
(12, 7)
(12, 8)
(12, 9)
(13, 9)
(14, 9)
(14, 8)
kaikki ok
Reitin pituus: 13
(7, 19)
(8, 19)
(9, 19)
(10, 19)
(10, 18)
(10, 17)
(11, 17)
(12, 17)
(12, 16)
(12, 15)
(13, 15)
(14, 15)
(14, 16)
(14, 17)
kaikki ok
Reitin pituus: 8
(9, 7)
(10, 7)
(11, 7)
(12, 7)
(12, 8)
(12, 9)
(13, 9)
(14, 9)
(14, 10)
kaikki ok
Reitin pituus: 4
(13, 9)
(12, 9)
(12, 8)
(12, 7)
(11, 7)
kaikki ok
Reitin pituus: 18
(17, 14)
(17, 13)
(16, 13)
(15, 13)
(14, 13)
(13, 13)
(12, 13)
(12, 12)
(12, 11)
(12, 10)
(12, 9)
(12, 8)
(12, 7)
(11, 7)
(10, 7)
(9, 7)
(8, 7)
(7, 7)
(6, 7)
kaikki ok
Reitin pituus: 12
(2, 1)
(3, 1)
(4, 1)
(5, 1)
(6, 1)
(7, 1)
(8, 1)
(8, 2)
(8, 3)
(9, 3)
(10, 3)
(10, 2)
(10, 1)
kaikki ok
Reitin pituus: 8
(17, 19)
(17, 18)
(17, 17)
(16, 17)
(15, 17)
(14, 17)
(14, 16)
(14, 15)
(14, 14)
kaikki ok
Reitin pituus: 19
(2, 16)
(2, 17)
(3, 17)
(4, 17)
(4, 16)
(4, 15)
(4, 14)
(4, 13)
(5, 13)
(6, 13)
(6, 12)
(6, 11)
(6, 10)
(6, 9)
(6, 8)
(6, 7)
(7, 7)
(8, 7)
(9, 7)
(10, 7)
kaikki ok
Reitin pituus: 14
(8, 15)
(8, 14)
(8, 13)
(7, 13)
(6, 13)
(6, 12)
(6, 11)
(6, 10)
(6, 9)
(6, 8)
(6, 7)
(7, 7)
(8, 7)
(9, 7)
(10, 7)
kaikki ok
Reitin pituus: 11
(14, 1)
(14, 2)
(14, 3)
(13, 3)
(12, 3)
(12, 4)
(12, 5)
(11, 5)
(10, 5)
(10, 6)
(10, 7)
(11, 7)
kaikki ok
Reitin pituus: 7
(17, 4)
(17, 5)
(16, 5)
(15, 5)
(14, 5)
(14, 6)
(14, 7)
(14, 8)
kaikki ok
Reitin pituus: 12
(10, 11)
(9, 11)
(8, 11)
(7, 11)
(6, 11)
(6, 10)
(6, 9)
(6, 8)
(6, 7)
(7, 7)
(8, 7)
(8, 6)
(8, 5)
kaikki ok
Reitin pituus: 16
(13, 15)
(14, 15)
(14, 14)
(14, 13)
(14, 12)
(14, 11)
(14, 10)
(14, 9)
(13, 9)
(12, 9)
(12, 8)
(12, 7)
(11, 7)
(10, 7)
(10, 6)
(10, 5)
(11, 5)
kaikki ok
Reitin pituus: 18
(14, 2)
(14, 3)
(14, 4)
(14, 5)
(14, 6)
(14, 7)
(14, 8)
(14, 9)
(14, 10)
(14, 11)
(14, 12)
(14, 13)
(14, 14)
(14, 15)
(14, 16)
(14, 17)
(15, 17)
(16, 17)
(17, 17)
kaikki ok
Reitin pituus: 12
(14, 4)
(14, 3)
(13, 3)
(12, 3)
(11, 3)
(10, 3)
(9, 3)
(8, 3)
(7, 3)
(6, 3)
(5, 3)
(4, 3)
(3, 3)
kaikki ok
Reitin pituus: 13
(7, 13)
(8, 13)
(8, 14)
(8, 15)
(9, 15)
(10, 15)
(10, 14)
(10, 13)
(11, 13)
(12, 13)
(13, 13)
(14, 13)
(15, 13)
(16, 13)
kaikki ok
Reitin pituus: 21
(10, 18)
(10, 17)
(11, 17)
(12, 17)
(12, 16)
(12, 15)
(13, 15)
(14, 15)
(14, 14)
(14, 13)
(14, 12)
(14, 11)
(14, 10)
(14, 9)
(14, 8)
(14, 7)
(14, 6)
(14, 5)
(14, 4)
(14, 3)
(13, 3)
(12, 3)
kaikki ok
Reitin pituus: 25
(8, 6)
(8, 7)
(7, 7)
(6, 7)
(6, 8)
(6, 9)
(6, 10)
(6, 11)
(6, 12)
(6, 13)
(7, 13)
(8, 13)
(8, 14)
(8, 15)
(7, 15)
(6, 15)
(6, 16)
(6, 17)
(7, 17)
(8, 17)
(8, 18)
(8, 19)
(9, 19)
(10, 19)
(11, 19)
(12, 19)
kaikki ok
Reitin pituus: 19
(1, 15)
(2, 15)
(2, 16)
(2, 17)
(1, 17)
(1, 18)
(1, 19)
(2, 19)
(3, 19)
(4, 19)
(5, 19)
(6, 19)
(7, 19)
(8, 19)
(9, 19)
(10, 19)
(11, 19)
(12, 19)
(13, 19)
(14, 19)
kaikki ok
Reitin pituus: 14
(9, 9)
(9, 8)
(9, 7)
(10, 7)
(10, 6)
(10, 5)
(11, 5)
(12, 5)
(12, 4)
(12, 3)
(13, 3)
(14, 3)
(15, 3)
(16, 3)
(17, 3)
kaikki ok
Reitin pituus: 24
(13, 19)
(12, 19)
(11, 19)
(10, 19)
(10, 18)
(10, 17)
(11, 17)
(12, 17)
(12, 16)
(12, 15)
(13, 15)
(14, 15)
(14, 14)
(14, 13)
(14, 12)
(14, 11)
(14, 10)
(14, 9)
(14, 8)
(14, 7)
(14, 6)
(14, 5)
(14, 4)
(14, 3)
(13, 3)
kaikki ok
Reitin pituus: 13
(10, 19)
(10, 18)
(10, 17)
(11, 17)
(12, 17)
(12, 16)
(12, 15)
(13, 15)
(14, 15)
(14, 14)
(14, 13)
(14, 12)
(14, 11)
(14, 10)
kaikki ok
Reitin pituus: 13
(14, 15)
(14, 14)
(14, 13)
(14, 12)
(14, 11)
(14, 10)
(14, 9)
(14, 8)
(14, 7)
(14, 6)
(14, 5)
(14, 4)
(14, 3)
(14, 2)
kaikki ok
Reitin pituus: 21
(6, 1)
(5, 1)
(4, 1)
(4, 2)
(4, 3)
(4, 4)
(4, 5)
(4, 6)
(4, 7)
(4, 8)
(4, 9)
(4, 10)
(4, 11)
(4, 12)
(4, 13)
(3, 13)
(2, 13)
(1, 13)
(1, 14)
(1, 15)
(2, 15)
(2, 16)
kaikki ok
Reitin pituus: 20
(15, 17)
(14, 17)
(14, 16)
(14, 15)
(14, 14)
(14, 13)
(14, 12)
(14, 11)
(14, 10)
(14, 9)
(14, 8)
(14, 7)
(14, 6)
(14, 5)
(14, 4)
(14, 3)
(13, 3)
(12, 3)
(11, 3)
(10, 3)
(9, 3)
kaikki ok
Reitin pituus: 22
(1, 1)
(1, 2)
(1, 3)
(1, 4)
(1, 5)
(2, 5)
(3, 5)
(4, 5)
(4, 6)
(4, 7)
(4, 8)
(4, 9)
(4, 10)
(4, 11)
(4, 12)
(4, 13)
(4, 14)
(4, 15)
(4, 16)
(4, 17)
(3, 17)
(2, 17)
(1, 17)
kaikki ok
Reitin pituus: 13
(7, 17)
(6, 17)
(6, 16)
(6, 15)
(7, 15)
(8, 15)
(9, 15)
(10, 15)
(10, 14)
(10, 13)
(11, 13)
(12, 13)
(13, 13)
(14, 13)
kaikki ok
Reitin pituus: 12
(4, 1)
(4, 2)
(4, 3)
(5, 3)
(6, 3)
(6, 4)
(6, 5)
(7, 5)
(8, 5)
(8, 6)
(8, 7)
(9, 7)
(9, 8)
kaikki ok
Reitin pituus: 15
(10, 11)
(9, 11)
(8, 11)
(7, 11)
(6, 11)
(6, 12)
(6, 13)
(7, 13)
(8, 13)
(8, 14)
(8, 15)
(7, 15)
(6, 15)
(6, 16)
(6, 17)
(7, 17)
kaikki ok
Reitin pituus: 12
(2, 1)
(3, 1)
(4, 1)
(4, 2)
(4, 3)
(4, 4)
(4, 5)
(4, 6)
(4, 7)
(4, 8)
(4, 9)
(5, 9)
(6, 9)
kaikki ok
Reitin pituus: 14
(13, 15)
(14, 15)
(14, 14)
(14, 13)
(14, 12)
(14, 11)
(14, 10)
(14, 9)
(14, 8)
(14, 7)
(14, 6)
(14, 5)
(15, 5)
(16, 5)
(17, 5)
kaikki ok
Reitin pituus: 20
(4, 17)
(4, 16)
(4, 15)
(5, 15)
(6, 15)
(7, 15)
(8, 15)
(9, 15)
(10, 15)
(10, 14)
(10, 13)
(11, 13)
(12, 13)
(12, 12)
(12, 11)
(12, 10)
(12, 9)
(13, 9)
(14, 9)
(14, 8)
(14, 7)
kaikki ok
Reitin pituus: 12
(8, 1)
(8, 2)
(8, 3)
(9, 3)
(10, 3)
(11, 3)
(12, 3)
(13, 3)
(14, 3)
(14, 4)
(14, 5)
(14, 6)
(14, 7)
kaikki ok
Reitin pituus: 25
(16, 15)
(17, 15)
(17, 14)
(17, 13)
(16, 13)
(15, 13)
(14, 13)
(13, 13)
(12, 13)
(12, 12)
(12, 11)
(11, 11)
(10, 11)
(9, 11)
(8, 11)
(7, 11)
(6, 11)
(6, 10)
(6, 9)
(5, 9)
(4, 9)
(4, 8)
(4, 7)
(4, 6)
(4, 5)
(4, 4)
kaikki ok
Reitin pituus: 11
(1, 4)
(1, 5)
(2, 5)
(3, 5)
(4, 5)
(4, 6)
(4, 7)
(4, 8)
(4, 9)
(4, 10)
(4, 11)
(4, 12)
kaikki ok
Reitin pituus: 17
(1, 19)
(1, 18)
(1, 17)
(2, 17)
(3, 17)
(4, 17)
(4, 16)
(4, 15)
(4, 14)
(4, 13)
(4, 12)
(4, 11)
(4, 10)
(4, 9)
(4, 8)
(4, 7)
(4, 6)
(4, 5)
kaikki ok
Reitin pituus: 15
(2, 13)
(3, 13)
(4, 13)
(4, 14)
(4, 15)
(5, 15)
(6, 15)
(7, 15)
(8, 15)
(9, 15)
(10, 15)
(11, 15)
(12, 15)
(13, 15)
(14, 15)
(14, 14)
kaikki ok
Reitin pituus: 22
(10, 3)
(11, 3)
(12, 3)
(13, 3)
(14, 3)
(14, 4)
(14, 5)
(14, 6)
(14, 7)
(14, 8)
(14, 9)
(14, 10)
(14, 11)
(14, 12)
(14, 13)
(14, 14)
(14, 15)
(14, 16)
(14, 17)
(15, 17)
(16, 17)
(17, 17)
(17, 18)
kaikki ok
Reitin pituus: 7
(5, 9)
(4, 9)
(4, 8)
(4, 7)
(4, 6)
(4, 5)
(4, 4)
(4, 3)
kaikki ok
Reitin pituus: 13
(10, 6)
(10, 7)
(9, 7)
(8, 7)
(7, 7)
(6, 7)
(6, 8)
(6, 9)
(5, 9)
(4, 9)
(4, 10)
(4, 11)
(4, 12)
(4, 13)
kaikki ok
Reitin pituus: 30
(4, 2)
(4, 3)
(5, 3)
(6, 3)
(6, 4)
(6, 5)
(7, 5)
(8, 5)
(8, 6)
(8, 7)
(9, 7)
(10, 7)
(11, 7)
(12, 7)
(12, 8)
(12, 9)
(12, 10)
(12, 11)
(12, 12)
(12, 13)
(13, 13)
(14, 13)
(14, 14)
(14, 15)
(14, 16)
(14, 17)
(15, 17)
(16, 17)
(17, 17)
(17, 18)
(17, 19)
kaikki ok
Reitin pituus: 18
(11, 11)
(10, 11)
(9, 11)
(8, 11)
(7, 11)
(6, 11)
(6, 10)
(6, 9)
(5, 9)
(4, 9)
(4, 8)
(4, 7)
(4, 6)
(4, 5)
(4, 4)
(4, 3)
(4, 2)
(4, 1)
(5, 1)
kaikki ok
Reitin pituus: 13
(11, 1)
(12, 1)
(13, 1)
(14, 1)
(14, 2)
(14, 3)
(14, 4)
(14, 5)
(14, 6)
(14, 7)
(14, 8)
(14, 9)
(14, 10)
(14, 11)
kaikki ok
Reitin pituus: 16
(10, 18)
(10, 17)
(11, 17)
(12, 17)
(12, 16)
(12, 15)
(11, 15)
(10, 15)
(10, 14)
(10, 13)
(11, 13)
(12, 13)
(12, 12)
(12, 11)
(12, 10)
(12, 9)
(12, 8)
kaikki ok
Reitin pituus: 19
(1, 2)
(1, 3)
(2, 3)
(3, 3)
(4, 3)
(5, 3)
(6, 3)
(7, 3)
(8, 3)
(9, 3)
(10, 3)
(11, 3)
(12, 3)
(13, 3)
(14, 3)
(14, 4)
(14, 5)
(14, 6)
(14, 7)
(14, 8)
kaikki ok
Reitin pituus: 16
(14, 7)
(14, 8)
(14, 9)
(14, 10)
(14, 11)
(14, 12)
(14, 13)
(14, 14)
(14, 15)
(13, 15)
(12, 15)
(12, 16)
(12, 17)
(11, 17)
(10, 17)
(10, 18)
(10, 19)
kaikki ok
Reitin pituus: 6
(8, 6)
(8, 7)
(9, 7)
(10, 7)
(10, 6)
(10, 5)
(11, 5)
kaikki ok
Reitin pituus: 19
(10, 13)
(11, 13)
(12, 13)
(12, 12)
(12, 11)
(12, 10)
(12, 9)
(12, 8)
(12, 7)
(11, 7)
(10, 7)
(9, 7)
(8, 7)
(8, 6)
(8, 5)
(7, 5)
(6, 5)
(6, 4)
(6, 3)
(5, 3)
kaikki ok
Reitin pituus: 0
(13, 15)
kaikki ok
Reitin pituus: 5
(9, 9)
(9, 8)
(9, 7)
(8, 7)
(7, 7)
(6, 7)
kaikki ok
Reitin pituus: 8
(8, 15)
(7, 15)
(6, 15)
(6, 16)
(6, 17)
(7, 17)
(8, 17)
(8, 18)
(8, 19)
kaikki ok
Reitin pituus: 4
(11, 13)
(10, 13)
(10, 14)
(10, 15)
(11, 15)
kaikki ok
Reitin pituus: 17
(17, 4)
(17, 5)
(16, 5)
(15, 5)
(14, 5)
(14, 6)
(14, 7)
(14, 8)
(14, 9)
(13, 9)
(12, 9)
(12, 10)
(12, 11)
(11, 11)
(10, 11)
(9, 11)
(8, 11)
(7, 11)
kaikki ok
Reitin pituus: 15
(6, 17)
(6, 16)
(6, 15)
(7, 15)
(8, 15)
(9, 15)
(10, 15)
(10, 14)
(10, 13)
(11, 13)
(12, 13)
(12, 12)
(12, 11)
(12, 10)
(12, 9)
(12, 8)
kaikki ok
Reitin pituus: 9
(4, 10)
(4, 9)
(4, 8)
(4, 7)
(4, 6)
(4, 5)
(4, 4)
(4, 3)
(4, 2)
(4, 1)
kaikki ok
Reitin pituus: 11
(4, 15)
(4, 14)
(4, 13)
(4, 12)
(4, 11)
(4, 10)
(4, 9)
(5, 9)
(6, 9)
(6, 8)
(6, 7)
(7, 7)
kaikki ok
Reitin pituus: 7
(8, 14)
(8, 13)
(7, 13)
(6, 13)
(5, 13)
(4, 13)
(4, 12)
(4, 11)
kaikki ok
Reitin pituus: 23
(8, 5)
(8, 6)
(8, 7)
(9, 7)
(10, 7)
(11, 7)
(12, 7)
(12, 8)
(12, 9)
(12, 10)
(12, 11)
(12, 12)
(12, 13)
(13, 13)
(14, 13)
(14, 14)
(14, 15)
(13, 15)
(12, 15)
(12, 16)
(12, 17)
(11, 17)
(10, 17)
(10, 18)
kaikki ok
Reitin pituus: 14
(15, 19)
(14, 19)
(13, 19)
(12, 19)
(11, 19)
(10, 19)
(9, 19)
(8, 19)
(8, 18)
(8, 17)
(7, 17)
(6, 17)
(6, 16)
(6, 15)
(7, 15)
kaikki ok
Reitin pituus: 16
(16, 3)
(15, 3)
(14, 3)
(13, 3)
(12, 3)
(11, 3)
(10, 3)
(9, 3)
(8, 3)
(7, 3)
(6, 3)
(5, 3)
(4, 3)
(4, 4)
(4, 5)
(3, 5)
(2, 5)
kaikki ok
Reitin pituus: 6
(14, 10)
(14, 11)
(14, 12)
(14, 13)
(14, 14)
(14, 15)
(14, 16)
kaikki ok
Reitin pituus: 24
(1, 4)
(1, 5)
(2, 5)
(3, 5)
(4, 5)
(4, 6)
(4, 7)
(4, 8)
(4, 9)
(4, 10)
(4, 11)
(4, 12)
(4, 13)
(4, 14)
(4, 15)
(5, 15)
(6, 15)
(6, 16)
(6, 17)
(7, 17)
(8, 17)
(8, 18)
(8, 19)
(7, 19)
(6, 19)
kaikki ok
Reitin pituus: 11
(12, 13)
(12, 12)
(12, 11)
(11, 11)
(10, 11)
(9, 11)
(8, 11)
(7, 11)
(6, 11)
(6, 12)
(6, 13)
(5, 13)
kaikki ok
Reitin pituus: 13
(6, 11)
(6, 12)
(6, 13)
(5, 13)
(4, 13)
(4, 14)
(4, 15)
(4, 16)
(4, 17)
(3, 17)
(2, 17)
(1, 17)
(1, 18)
(1, 19)
kaikki ok
Reitin pituus: 14
(5, 13)
(4, 13)
(4, 12)
(4, 11)
(4, 10)
(4, 9)
(4, 8)
(4, 7)
(4, 6)
(4, 5)
(4, 4)
(4, 3)
(4, 2)
(4, 1)
(5, 1)
kaikki ok
Reitin pituus: 18
(6, 10)
(6, 9)
(6, 8)
(6, 7)
(7, 7)
(8, 7)
(9, 7)
(10, 7)
(10, 6)
(10, 5)
(11, 5)
(12, 5)
(12, 4)
(12, 3)
(13, 3)
(14, 3)
(14, 2)
(14, 1)
(13, 1)
kaikki ok
Reitin pituus: 6
(12, 13)
(11, 13)
(10, 13)
(10, 14)
(10, 15)
(11, 15)
(12, 15)
kaikki ok
Reitin pituus: 15
(17, 19)
(17, 18)
(17, 17)
(16, 17)
(15, 17)
(14, 17)
(14, 16)
(14, 15)
(14, 14)
(14, 13)
(13, 13)
(12, 13)
(12, 12)
(12, 11)
(11, 11)
(10, 11)
kaikki ok
Reitin pituus: 14
(12, 1)
(11, 1)
(10, 1)
(10, 2)
(10, 3)
(9, 3)
(8, 3)
(7, 3)
(6, 3)
(6, 4)
(6, 5)
(7, 5)
(8, 5)
(8, 6)
(8, 7)
kaikki ok
Reitin pituus: 17
(17, 15)
(17, 14)
(17, 13)
(16, 13)
(15, 13)
(14, 13)
(14, 12)
(14, 11)
(14, 10)
(14, 9)
(14, 8)
(14, 7)
(14, 6)
(14, 5)
(14, 4)
(14, 3)
(13, 3)
(12, 3)
kaikki ok
Reitin pituus: 8
(13, 3)
(12, 3)
(11, 3)
(10, 3)
(9, 3)
(8, 3)
(7, 3)
(6, 3)
(5, 3)
kaikki ok
Reitin pituus: 28
(3, 3)
(4, 3)
(5, 3)
(6, 3)
(6, 4)
(6, 5)
(7, 5)
(8, 5)
(8, 6)
(8, 7)
(9, 7)
(10, 7)
(11, 7)
(12, 7)
(12, 8)
(12, 9)
(12, 10)
(12, 11)
(12, 12)
(12, 13)
(13, 13)
(14, 13)
(15, 13)
(16, 13)
(17, 13)
(17, 14)
(17, 15)
(16, 15)
(16, 16)
kaikki ok
Reitin pituus: 13
(11, 1)
(10, 1)
(10, 2)
(10, 3)
(9, 3)
(8, 3)
(7, 3)
(6, 3)
(5, 3)
(4, 3)
(3, 3)
(2, 3)
(1, 3)
(1, 2)
kaikki ok
Reitin pituus: 22
(10, 2)
(10, 3)
(11, 3)
(12, 3)
(12, 4)
(12, 5)
(11, 5)
(10, 5)
(10, 6)
(10, 7)
(11, 7)
(12, 7)
(12, 8)
(12, 9)
(12, 10)
(12, 11)
(12, 12)
(12, 13)
(11, 13)
(10, 13)
(10, 14)
(10, 15)
(9, 15)
kaikki ok
Reitin pituus: 15
(14, 7)
(14, 6)
(14, 5)
(14, 4)
(14, 3)
(13, 3)
(12, 3)
(11, 3)
(10, 3)
(9, 3)
(8, 3)
(7, 3)
(6, 3)
(5, 3)
(4, 3)
(3, 3)
kaikki ok
Reitin pituus: 7
(14, 3)
(13, 3)
(12, 3)
(11, 3)
(10, 3)
(9, 3)
(8, 3)
(8, 2)
kaikki ok
Reitin pituus: 15
(13, 13)
(12, 13)
(12, 12)
(12, 11)
(11, 11)
(10, 11)
(9, 11)
(8, 11)
(7, 11)
(6, 11)
(6, 10)
(6, 9)
(5, 9)
(4, 9)
(4, 8)
(4, 7)
kaikki ok
Reitin pituus: 20
(14, 19)
(13, 19)
(12, 19)
(11, 19)
(10, 19)
(9, 19)
(8, 19)
(8, 18)
(8, 17)
(7, 17)
(6, 17)
(6, 16)
(6, 15)
(7, 15)
(8, 15)
(8, 14)
(8, 13)
(7, 13)
(6, 13)
(6, 12)
(6, 11)
kaikki ok
Reitin pituus: 17
(14, 16)
(14, 15)
(14, 14)
(14, 13)
(13, 13)
(12, 13)
(12, 12)
(12, 11)
(12, 10)
(12, 9)
(12, 8)
(12, 7)
(11, 7)
(10, 7)
(10, 6)
(10, 5)
(11, 5)
(12, 5)
kaikki ok
Reitin pituus: 4
(4, 12)
(4, 11)
(4, 10)
(4, 9)
(5, 9)
kaikki ok
Reitin pituus: 10
(5, 15)
(6, 15)
(7, 15)
(8, 15)
(9, 15)
(10, 15)
(11, 15)
(12, 15)
(13, 15)
(14, 15)
(14, 16)
kaikki ok
Reitin pituus: 6
(16, 13)
(15, 13)
(14, 13)
(13, 13)
(12, 13)
(11, 13)
(10, 13)
kaikki ok
Reitin pituus: 7
(9, 19)
(8, 19)
(7, 19)
(6, 19)
(5, 19)
(4, 19)
(3, 19)
(2, 19)
kaikki ok
Reitin pituus: 16
(6, 16)
(6, 15)
(7, 15)
(8, 15)
(9, 15)
(10, 15)
(10, 14)
(10, 13)
(11, 13)
(12, 13)
(12, 12)
(12, 11)
(12, 10)
(12, 9)
(13, 9)
(14, 9)
(14, 8)
kaikki ok
Reitin pituus: 6
(7, 1)
(8, 1)
(8, 2)
(8, 3)
(9, 3)
(10, 3)
(10, 2)
kaikki ok
Reitin pituus: 27
(5, 19)
(6, 19)
(7, 19)
(8, 19)
(8, 18)
(8, 17)
(7, 17)
(6, 17)
(6, 16)
(6, 15)
(5, 15)
(4, 15)
(4, 14)
(4, 13)
(4, 12)
(4, 11)
(4, 10)
(4, 9)
(4, 8)
(4, 7)
(4, 6)
(4, 5)
(4, 4)
(4, 3)
(4, 2)
(4, 1)
(5, 1)
(6, 1)
kaikki ok
Reitin pituus: 16
(11, 7)
(10, 7)
(9, 7)
(8, 7)
(7, 7)
(6, 7)
(6, 8)
(6, 9)
(5, 9)
(4, 9)
(4, 10)
(4, 11)
(4, 12)
(4, 13)
(4, 14)
(4, 15)
(4, 16)
kaikki ok
Reitin pituus: 8
(5, 13)
(4, 13)
(4, 12)
(4, 11)
(4, 10)
(4, 9)
(4, 8)
(4, 7)
(4, 6)
kaikki ok
Reitin pituus: 19
(14, 19)
(15, 19)
(16, 19)
(17, 19)
(17, 18)
(17, 17)
(16, 17)
(15, 17)
(14, 17)
(14, 16)
(14, 15)
(14, 14)
(14, 13)
(14, 12)
(14, 11)
(14, 10)
(14, 9)
(14, 8)
(14, 7)
(14, 6)
kaikki ok
Reitin pituus: 8
(3, 13)
(4, 13)
(5, 13)
(6, 13)
(6, 12)
(6, 11)
(6, 10)
(6, 9)
(6, 8)
kaikki ok
Reitin pituus: 16
(3, 1)
(4, 1)
(4, 2)
(4, 3)
(5, 3)
(6, 3)
(7, 3)
(8, 3)
(9, 3)
(10, 3)
(10, 2)
(10, 1)
(11, 1)
(12, 1)
(13, 1)
(14, 1)
(15, 1)
kaikki ok
Reitin pituus: 19
(13, 1)
(14, 1)
(14, 2)
(14, 3)
(14, 4)
(14, 5)
(14, 6)
(14, 7)
(14, 8)
(14, 9)
(14, 10)
(14, 11)
(14, 12)
(14, 13)
(14, 14)
(14, 15)
(14, 16)
(14, 17)
(15, 17)
(16, 17)
kaikki ok
Reitin pituus: 14
(6, 17)
(6, 16)
(6, 15)
(7, 15)
(8, 15)
(9, 15)
(10, 15)
(11, 15)
(12, 15)
(13, 15)
(14, 15)
(14, 14)
(14, 13)
(15, 13)
(16, 13)
kaikki ok
Reitin pituus: 14
(17, 4)
(17, 5)
(16, 5)
(15, 5)
(14, 5)
(14, 6)
(14, 7)
(14, 8)
(14, 9)
(13, 9)
(12, 9)
(12, 10)
(12, 11)
(11, 11)
(10, 11)
kaikki ok
Reitin pituus: 10
(10, 13)
(11, 13)
(12, 13)
(12, 12)
(12, 11)
(12, 10)
(12, 9)
(12, 8)
(12, 7)
(11, 7)
(10, 7)
kaikki ok
Reitin pituus: 9
(10, 9)
(9, 9)
(9, 8)
(9, 7)
(10, 7)
(11, 7)
(12, 7)
(12, 8)
(12, 9)
(13, 9)
kaikki ok
Reitin pituus: 20
(1, 14)
(1, 13)
(2, 13)
(3, 13)
(4, 13)
(5, 13)
(6, 13)
(6, 12)
(6, 11)
(7, 11)
(8, 11)
(9, 11)
(10, 11)
(11, 11)
(12, 11)
(12, 12)
(12, 13)
(13, 13)
(14, 13)
(15, 13)
(16, 13)
kaikki ok
Reitin pituus: 14
(11, 17)
(12, 17)
(12, 16)
(12, 15)
(13, 15)
(14, 15)
(14, 14)
(14, 13)
(14, 12)
(14, 11)
(14, 10)
(14, 9)
(13, 9)
(12, 9)
(12, 8)
kaikki ok
Reitin pituus: 8
(14, 4)
(14, 5)
(14, 6)
(14, 7)
(14, 8)
(14, 9)
(13, 9)
(12, 9)
(12, 10)
kaikki ok
Reitin pituus: 19
(13, 3)
(14, 3)
(14, 4)
(14, 5)
(14, 6)
(14, 7)
(14, 8)
(14, 9)
(14, 10)
(14, 11)
(14, 12)
(14, 13)
(14, 14)
(14, 15)
(13, 15)
(12, 15)
(11, 15)
(10, 15)
(9, 15)
(8, 15)
kaikki ok
Reitin pituus: 1
(8, 1)
(8, 2)
kaikki ok
Reitin pituus: 2
(4, 8)
(4, 7)
(4, 6)
kaikki ok
Reitin pituus: 17
(17, 4)
(17, 5)
(16, 5)
(15, 5)
(14, 5)
(14, 6)
(14, 7)
(14, 8)
(14, 9)
(13, 9)
(12, 9)
(12, 10)
(12, 11)
(11, 11)
(10, 11)
(9, 11)
(8, 11)
(7, 11)
kaikki ok
Reitin pituus: 7
(6, 16)
(6, 15)
(7, 15)
(8, 15)
(8, 14)
(8, 13)
(7, 13)
(6, 13)
kaikki ok
Reitin pituus: 14
(14, 3)
(14, 4)
(14, 5)
(14, 6)
(14, 7)
(14, 8)
(14, 9)
(13, 9)
(12, 9)
(12, 10)
(12, 11)
(11, 11)
(10, 11)
(9, 11)
(8, 11)
kaikki ok
Reitin pituus: 13
(9, 11)
(8, 11)
(7, 11)
(6, 11)
(6, 12)
(6, 13)
(5, 13)
(4, 13)
(3, 13)
(2, 13)
(1, 13)
(1, 14)
(1, 15)
(2, 15)
kaikki ok
Reitin pituus: 23
(12, 13)
(12, 12)
(12, 11)
(11, 11)
(10, 11)
(9, 11)
(8, 11)
(7, 11)
(6, 11)
(6, 10)
(6, 9)
(5, 9)
(4, 9)
(4, 8)
(4, 7)
(4, 6)
(4, 5)
(4, 4)
(4, 3)
(4, 2)
(4, 1)
(3, 1)
(2, 1)
(1, 1)
kaikki ok
Reitin pituus: 26
(16, 16)
(16, 17)
(15, 17)
(14, 17)
(14, 16)
(14, 15)
(14, 14)
(14, 13)
(13, 13)
(12, 13)
(12, 12)
(12, 11)
(12, 10)
(12, 9)
(12, 8)
(12, 7)
(11, 7)
(10, 7)
(9, 7)
(8, 7)
(8, 6)
(8, 5)
(7, 5)
(6, 5)
(6, 4)
(6, 3)
(5, 3)
kaikki ok
Reitin pituus: 12
(6, 12)
(6, 11)
(6, 10)
(6, 9)
(6, 8)
(6, 7)
(7, 7)
(8, 7)
(8, 6)
(8, 5)
(7, 5)
(6, 5)
(6, 4)
kaikki ok
Reitin pituus: 11
(4, 10)
(4, 11)
(4, 12)
(4, 13)
(5, 13)
(6, 13)
(7, 13)
(8, 13)
(8, 14)
(8, 15)
(9, 15)
(10, 15)
kaikki ok
Reitin pituus: 13
(2, 13)
(3, 13)
(4, 13)
(4, 12)
(4, 11)
(4, 10)
(4, 9)
(4, 8)
(4, 7)
(4, 6)
(4, 5)
(4, 4)
(4, 3)
(5, 3)
kaikki ok
Reitin pituus: 15
(4, 14)
(4, 15)
(5, 15)
(6, 15)
(7, 15)
(8, 15)
(9, 15)
(10, 15)
(11, 15)
(12, 15)
(13, 15)
(14, 15)
(14, 14)
(14, 13)
(15, 13)
(16, 13)
kaikki ok
Reitin pituus: 2
(6, 11)
(7, 11)
(8, 11)
kaikki ok
Reitin pituus: 23
(3, 1)
(4, 1)
(4, 2)
(4, 3)
(4, 4)
(4, 5)
(4, 6)
(4, 7)
(4, 8)
(4, 9)
(5, 9)
(6, 9)
(6, 10)
(6, 11)
(7, 11)
(8, 11)
(9, 11)
(10, 11)
(11, 11)
(12, 11)
(12, 12)
(12, 13)
(13, 13)
(14, 13)
kaikki ok
Reitin pituus: 20
(11, 7)
(12, 7)
(12, 8)
(12, 9)
(13, 9)
(14, 9)
(14, 10)
(14, 11)
(14, 12)
(14, 13)
(14, 14)
(14, 15)
(13, 15)
(12, 15)
(12, 16)
(12, 17)
(11, 17)
(10, 17)
(10, 18)
(10, 19)
(11, 19)
kaikki ok
Reitin pituus: 15
(6, 7)
(6, 8)
(6, 9)
(6, 10)
(6, 11)
(6, 12)
(6, 13)
(7, 13)
(8, 13)
(8, 14)
(8, 15)
(7, 15)
(6, 15)
(6, 16)
(6, 17)
(7, 17)
kaikki ok
Reitin pituus: 16
(3, 5)
(4, 5)
(4, 4)
(4, 3)
(5, 3)
(6, 3)
(6, 4)
(6, 5)
(7, 5)
(8, 5)
(8, 6)
(8, 7)
(9, 7)
(10, 7)
(11, 7)
(12, 7)
(12, 8)
kaikki ok
Reitin pituus: 15
(3, 3)
(4, 3)
(4, 4)
(4, 5)
(4, 6)
(4, 7)
(4, 8)
(4, 9)
(4, 10)
(4, 11)
(4, 12)
(4, 13)
(4, 14)
(4, 15)
(4, 16)
(4, 17)
kaikki ok
Reitin pituus: 14
(10, 9)
(9, 9)
(9, 8)
(9, 7)
(8, 7)
(8, 6)
(8, 5)
(7, 5)
(6, 5)
(6, 4)
(6, 3)
(5, 3)
(4, 3)
(4, 2)
(4, 1)
kaikki ok
Reitin pituus: 9
(8, 7)
(8, 6)
(8, 5)
(7, 5)
(6, 5)
(6, 4)
(6, 3)
(5, 3)
(4, 3)
(4, 2)
kaikki ok
Reitin pituus: 26
(11, 19)
(10, 19)
(10, 18)
(10, 17)
(11, 17)
(12, 17)
(12, 16)
(12, 15)
(13, 15)
(14, 15)
(14, 14)
(14, 13)
(14, 12)
(14, 11)
(14, 10)
(14, 9)
(14, 8)
(14, 7)
(14, 6)
(14, 5)
(14, 4)
(14, 3)
(13, 3)
(12, 3)
(11, 3)
(10, 3)
(9, 3)
kaikki ok
Reitin pituus: 4
(16, 16)
(16, 17)
(17, 17)
(17, 18)
(17, 19)
kaikki ok
Reitin pituus: 13
(9, 7)
(8, 7)
(8, 6)
(8, 5)
(7, 5)
(6, 5)
(6, 4)
(6, 3)
(5, 3)
(4, 3)
(4, 2)
(4, 1)
(3, 1)
(2, 1)
kaikki ok
Reitin pituus: 11
(1, 15)
(1, 14)
(1, 13)
(2, 13)
(3, 13)
(4, 13)
(4, 12)
(4, 11)
(4, 10)
(4, 9)
(4, 8)
(4, 7)
kaikki ok
Reitin pituus: 23
(5, 19)
(6, 19)
(7, 19)
(8, 19)
(8, 18)
(8, 17)
(7, 17)
(6, 17)
(6, 16)
(6, 15)
(5, 15)
(4, 15)
(4, 14)
(4, 13)
(4, 12)
(4, 11)
(4, 10)
(4, 9)
(4, 8)
(4, 7)
(4, 6)
(4, 5)
(4, 4)
(4, 3)
kaikki ok
Reitin pituus: 28
(6, 4)
(6, 3)
(5, 3)
(4, 3)
(4, 4)
(4, 5)
(4, 6)
(4, 7)
(4, 8)
(4, 9)
(4, 10)
(4, 11)
(4, 12)
(4, 13)
(4, 14)
(4, 15)
(5, 15)
(6, 15)
(6, 16)
(6, 17)
(7, 17)
(8, 17)
(8, 18)
(8, 19)
(9, 19)
(10, 19)
(11, 19)
(12, 19)
(13, 19)
kaikki ok
Reitin pituus: 18
(12, 17)
(12, 16)
(12, 15)
(13, 15)
(14, 15)
(14, 14)
(14, 13)
(14, 12)
(14, 11)
(14, 10)
(14, 9)
(14, 8)
(14, 7)
(14, 6)
(14, 5)
(14, 4)
(14, 3)
(14, 2)
(14, 1)
kaikki ok
Reitin pituus: 19
(2, 15)
(2, 16)
(2, 17)
(3, 17)
(4, 17)
(4, 16)
(4, 15)
(5, 15)
(6, 15)
(7, 15)
(8, 15)
(9, 15)
(10, 15)
(11, 15)
(12, 15)
(13, 15)
(14, 15)
(14, 16)
(14, 17)
(15, 17)
kaikki ok
Reitin pituus: 8
(8, 2)
(8, 3)
(9, 3)
(10, 3)
(11, 3)
(12, 3)
(12, 4)
(12, 5)
(11, 5)
kaikki ok
Reitin pituus: 18
(6, 4)
(6, 3)
(5, 3)
(4, 3)
(4, 4)
(4, 5)
(4, 6)
(4, 7)
(4, 8)
(4, 9)
(4, 10)
(4, 11)
(4, 12)
(4, 13)
(4, 14)
(4, 15)
(5, 15)
(6, 15)
(6, 16)
kaikki ok
Reitin pituus: 21
(1, 5)
(2, 5)
(3, 5)
(4, 5)
(4, 6)
(4, 7)
(4, 8)
(4, 9)
(4, 10)
(4, 11)
(4, 12)
(4, 13)
(4, 14)
(4, 15)
(5, 15)
(6, 15)
(6, 16)
(6, 17)
(7, 17)
(8, 17)
(8, 18)
(8, 19)
kaikki ok
Reitin pituus: 19
(17, 17)
(16, 17)
(15, 17)
(14, 17)
(14, 16)
(14, 15)
(14, 14)
(14, 13)
(13, 13)
(12, 13)
(12, 12)
(12, 11)
(12, 10)
(12, 9)
(12, 8)
(12, 7)
(11, 7)
(10, 7)
(10, 6)
(10, 5)
kaikki ok
Reitin pituus: 20
(14, 11)
(14, 10)
(14, 9)
(14, 8)
(14, 7)
(14, 6)
(14, 5)
(14, 4)
(14, 3)
(13, 3)
(12, 3)
(11, 3)
(10, 3)
(9, 3)
(8, 3)
(8, 2)
(8, 1)
(7, 1)
(6, 1)
(5, 1)
(4, 1)
kaikki ok
Reitin pituus: 7
(6, 15)
(6, 16)
(6, 17)
(7, 17)
(8, 17)
(8, 18)
(8, 19)
(7, 19)
kaikki ok
Reitin pituus: 19
(11, 7)
(12, 7)
(12, 8)
(12, 9)
(12, 10)
(12, 11)
(12, 12)
(12, 13)
(11, 13)
(10, 13)
(10, 14)
(10, 15)
(9, 15)
(8, 15)
(7, 15)
(6, 15)
(6, 16)
(6, 17)
(7, 17)
(8, 17)
kaikki ok
Reitin pituus: 10
(2, 5)
(3, 5)
(4, 5)
(4, 4)
(4, 3)
(5, 3)
(6, 3)
(6, 4)
(6, 5)
(7, 5)
(8, 5)
kaikki ok
Reitin pituus: 13
(4, 16)
(4, 15)
(5, 15)
(6, 15)
(7, 15)
(8, 15)
(9, 15)
(10, 15)
(11, 15)
(12, 15)
(12, 16)
(12, 17)
(11, 17)
(10, 17)
kaikki ok
Reitin pituus: 11
(7, 15)
(8, 15)
(9, 15)
(10, 15)
(11, 15)
(12, 15)
(13, 15)
(14, 15)
(14, 16)
(14, 17)
(15, 17)
(16, 17)
kaikki ok
Reitin pituus: 15
(12, 13)
(11, 13)
(10, 13)
(10, 14)
(10, 15)
(11, 15)
(12, 15)
(12, 16)
(12, 17)
(11, 17)
(10, 17)
(10, 18)
(10, 19)
(11, 19)
(12, 19)
(13, 19)
kaikki ok
Reitin pituus: 25
(2, 1)
(3, 1)
(4, 1)
(4, 2)
(4, 3)
(4, 4)
(4, 5)
(4, 6)
(4, 7)
(4, 8)
(4, 9)
(4, 10)
(4, 11)
(4, 12)
(4, 13)
(4, 14)
(4, 15)
(5, 15)
(6, 15)
(6, 16)
(6, 17)
(7, 17)
(8, 17)
(8, 18)
(8, 19)
(9, 19)
kaikki ok
Reitin pituus: 1
(14, 5)
(15, 5)
kaikki ok
Reitin pituus: 16
(7, 11)
(8, 11)
(9, 11)
(10, 11)
(11, 11)
(12, 11)
(12, 12)
(12, 13)
(13, 13)
(14, 13)
(14, 14)
(14, 15)
(14, 16)
(14, 17)
(15, 17)
(16, 17)
(17, 17)
kaikki ok
Reitin pituus: 27
(1, 1)
(1, 2)
(1, 3)
(2, 3)
(3, 3)
(4, 3)
(5, 3)
(6, 3)
(6, 4)
(6, 5)
(7, 5)
(8, 5)
(8, 6)
(8, 7)
(9, 7)
(10, 7)
(11, 7)
(12, 7)
(12, 8)
(12, 9)
(12, 10)
(12, 11)
(12, 12)
(12, 13)
(13, 13)
(14, 13)
(14, 14)
(14, 15)
kaikki ok
Reitin pituus: 3
(3, 3)
(4, 3)
(5, 3)
(6, 3)
kaikki ok
Reitin pituus: 15
(4, 12)
(4, 11)
(4, 10)
(4, 9)
(4, 8)
(4, 7)
(4, 6)
(4, 5)
(4, 4)
(4, 3)
(4, 2)
(4, 1)
(5, 1)
(6, 1)
(7, 1)
(8, 1)
kaikki ok
Reitin pituus: 23
(4, 19)
(3, 19)
(2, 19)
(1, 19)
(1, 18)
(1, 17)
(2, 17)
(3, 17)
(4, 17)
(4, 16)
(4, 15)
(4, 14)
(4, 13)
(5, 13)
(6, 13)
(6, 12)
(6, 11)
(6, 10)
(6, 9)
(6, 8)
(6, 7)
(7, 7)
(8, 7)
(9, 7)
kaikki ok
Reitin pituus: 3
(12, 5)
(12, 4)
(12, 3)
(13, 3)
kaikki ok
Reitin pituus: 22
(17, 18)
(17, 17)
(16, 17)
(15, 17)
(14, 17)
(14, 16)
(14, 15)
(14, 14)
(14, 13)
(14, 12)
(14, 11)
(14, 10)
(14, 9)
(14, 8)
(14, 7)
(14, 6)
(14, 5)
(14, 4)
(14, 3)
(13, 3)
(12, 3)
(11, 3)
(10, 3)
kaikki ok
Reitin pituus: 10
(11, 1)
(10, 1)
(10, 2)
(10, 3)
(11, 3)
(12, 3)
(12, 4)
(12, 5)
(11, 5)
(10, 5)
(10, 6)
kaikki ok
Reitin pituus: 5
(7, 17)
(6, 17)
(6, 16)
(6, 15)
(7, 15)
(8, 15)
kaikki ok
Reitin pituus: 8
(6, 1)
(5, 1)
(4, 1)
(4, 2)
(4, 3)
(3, 3)
(2, 3)
(1, 3)
(1, 4)
kaikki ok
Reitin pituus: 25
(14, 2)
(14, 3)
(13, 3)
(12, 3)
(12, 4)
(12, 5)
(11, 5)
(10, 5)
(10, 6)
(10, 7)
(9, 7)
(8, 7)
(7, 7)
(6, 7)
(6, 8)
(6, 9)
(6, 10)
(6, 11)
(6, 12)
(6, 13)
(5, 13)
(4, 13)
(4, 14)
(4, 15)
(4, 16)
(4, 17)
kaikki ok
Reitin pituus: 16
(10, 3)
(9, 3)
(8, 3)
(7, 3)
(6, 3)
(5, 3)
(4, 3)
(4, 4)
(4, 5)
(4, 6)
(4, 7)
(4, 8)
(4, 9)
(4, 10)
(4, 11)
(4, 12)
(4, 13)
kaikki ok
Reitin pituus: 19
(1, 17)
(2, 17)
(3, 17)
(4, 17)
(4, 16)
(4, 15)
(5, 15)
(6, 15)
(7, 15)
(8, 15)
(9, 15)
(10, 15)
(10, 14)
(10, 13)
(11, 13)
(12, 13)
(12, 12)
(12, 11)
(12, 10)
(12, 9)
kaikki ok
Reitin pituus: 15
(7, 17)
(6, 17)
(6, 16)
(6, 15)
(7, 15)
(8, 15)
(9, 15)
(10, 15)
(10, 14)
(10, 13)
(11, 13)
(12, 13)
(12, 12)
(12, 11)
(11, 11)
(10, 11)
kaikki ok
Reitin pituus: 4
(9, 11)
(10, 11)
(11, 11)
(12, 11)
(12, 10)
kaikki ok
Reitin pituus: 15
(11, 3)
(12, 3)
(12, 4)
(12, 5)
(11, 5)
(10, 5)
(10, 6)
(10, 7)
(9, 7)
(8, 7)
(7, 7)
(6, 7)
(6, 8)
(6, 9)
(6, 10)
(6, 11)
kaikki ok
Reitin pituus: 8
(4, 8)
(4, 9)
(5, 9)
(6, 9)
(6, 8)
(6, 7)
(7, 7)
(8, 7)
(9, 7)
kaikki ok
Reitin pituus: 14
(5, 1)
(6, 1)
(7, 1)
(8, 1)
(8, 2)
(8, 3)
(9, 3)
(10, 3)
(11, 3)
(12, 3)
(12, 4)
(12, 5)
(11, 5)
(10, 5)
(10, 6)
kaikki ok
Reitin pituus: 18
(11, 15)
(12, 15)
(13, 15)
(14, 15)
(14, 14)
(14, 13)
(14, 12)
(14, 11)
(14, 10)
(14, 9)
(14, 8)
(14, 7)
(14, 6)
(14, 5)
(14, 4)
(14, 3)
(14, 2)
(14, 1)
(13, 1)
kaikki ok
Reitin pituus: 3
(9, 3)
(10, 3)
(11, 3)
(12, 3)
kaikki ok
Reitin pituus: 23
(9, 7)
(10, 7)
(11, 7)
(12, 7)
(12, 8)
(12, 9)
(13, 9)
(14, 9)
(14, 10)
(14, 11)
(14, 12)
(14, 13)
(14, 14)
(14, 15)
(13, 15)
(12, 15)
(12, 16)
(12, 17)
(11, 17)
(10, 17)
(10, 18)
(10, 19)
(11, 19)
(12, 19)
kaikki ok
Reitin pituus: 24
(1, 18)
(1, 17)
(2, 17)
(3, 17)
(4, 17)
(4, 16)
(4, 15)
(4, 14)
(4, 13)
(4, 12)
(4, 11)
(4, 10)
(4, 9)
(4, 8)
(4, 7)
(4, 6)
(4, 5)
(4, 4)
(4, 3)
(5, 3)
(6, 3)
(7, 3)
(8, 3)
(8, 2)
(8, 1)
kaikki ok
Reitin pituus: 12
(14, 19)
(13, 19)
(12, 19)
(11, 19)
(10, 19)
(9, 19)
(8, 19)
(8, 18)
(8, 17)
(7, 17)
(6, 17)
(6, 16)
(6, 15)
kaikki ok
Reitin pituus: 13
(6, 10)
(6, 9)
(5, 9)
(4, 9)
(4, 8)
(4, 7)
(4, 6)
(4, 5)
(4, 4)
(4, 3)
(4, 2)
(4, 1)
(5, 1)
(6, 1)
kaikki ok
Reitin pituus: 3
(14, 1)
(13, 1)
(12, 1)
(11, 1)
kaikki ok
Reitin pituus: 12
(1, 2)
(1, 3)
(1, 4)
(1, 5)
(2, 5)
(3, 5)
(4, 5)
(4, 6)
(4, 7)
(4, 8)
(4, 9)
(4, 10)
(4, 11)
kaikki ok
Reitin pituus: 3
(4, 13)
(4, 12)
(4, 11)
(4, 10)
kaikki ok
Reitin pituus: 19
(6, 15)
(5, 15)
(4, 15)
(4, 14)
(4, 13)
(4, 12)
(4, 11)
(4, 10)
(4, 9)
(4, 8)
(4, 7)
(4, 6)
(4, 5)
(4, 4)
(4, 3)
(4, 2)
(4, 1)
(5, 1)
(6, 1)
(7, 1)
kaikki ok
Reitin pituus: 17
(4, 11)
(4, 10)
(4, 9)
(5, 9)
(6, 9)
(6, 8)
(6, 7)
(7, 7)
(8, 7)
(9, 7)
(10, 7)
(11, 7)
(12, 7)
(12, 8)
(12, 9)
(13, 9)
(14, 9)
(14, 10)
kaikki ok
Reitin pituus: 19
(8, 9)
(9, 9)
(9, 8)
(9, 7)
(8, 7)
(7, 7)
(6, 7)
(6, 8)
(6, 9)
(6, 10)
(6, 11)
(6, 12)
(6, 13)
(7, 13)
(8, 13)
(8, 14)
(8, 15)
(7, 15)
(6, 15)
(6, 16)
kaikki ok
Reitin pituus: 18
(4, 4)
(4, 5)
(4, 6)
(4, 7)
(4, 8)
(4, 9)
(5, 9)
(6, 9)
(6, 10)
(6, 11)
(6, 12)
(6, 13)
(7, 13)
(8, 13)
(8, 14)
(8, 15)
(9, 15)
(10, 15)
(11, 15)
kaikki ok
Reitin pituus: 23
(17, 19)
(17, 18)
(17, 17)
(16, 17)
(15, 17)
(14, 17)
(14, 16)
(14, 15)
(14, 14)
(14, 13)
(14, 12)
(14, 11)
(14, 10)
(14, 9)
(14, 8)
(14, 7)
(14, 6)
(14, 5)
(14, 4)
(14, 3)
(13, 3)
(12, 3)
(12, 4)
(12, 5)
kaikki ok
Reitin pituus: 14
(16, 3)
(15, 3)
(14, 3)
(14, 4)
(14, 5)
(14, 6)
(14, 7)
(14, 8)
(14, 9)
(13, 9)
(12, 9)
(12, 10)
(12, 11)
(11, 11)
(10, 11)
kaikki ok
Reitin pituus: 7
(12, 17)
(12, 16)
(12, 15)
(13, 15)
(14, 15)
(14, 16)
(14, 17)
(15, 17)
kaikki ok
Reitin pituus: 17
(11, 13)
(10, 13)
(10, 14)
(10, 15)
(9, 15)
(8, 15)
(7, 15)
(6, 15)
(5, 15)
(4, 15)
(4, 16)
(4, 17)
(3, 17)
(2, 17)
(1, 17)
(1, 18)
(1, 19)
(2, 19)
kaikki ok
Reitin pituus: 20
(8, 14)
(8, 13)
(7, 13)
(6, 13)
(5, 13)
(4, 13)
(4, 12)
(4, 11)
(4, 10)
(4, 9)
(4, 8)
(4, 7)
(4, 6)
(4, 5)
(4, 4)
(4, 3)
(4, 2)
(4, 1)
(5, 1)
(6, 1)
(7, 1)
kaikki ok
Reitin pituus: 28
(3, 17)
(4, 17)
(4, 16)
(4, 15)
(4, 14)
(4, 13)
(4, 12)
(4, 11)
(4, 10)
(4, 9)
(5, 9)
(6, 9)
(6, 8)
(6, 7)
(7, 7)
(8, 7)
(9, 7)
(10, 7)
(10, 6)
(10, 5)
(11, 5)
(12, 5)
(12, 4)
(12, 3)
(13, 3)
(14, 3)
(15, 3)
(16, 3)
(17, 3)
kaikki ok
Reitin pituus: 14
(8, 9)
(9, 9)
(9, 8)
(9, 7)
(8, 7)
(8, 6)
(8, 5)
(7, 5)
(6, 5)
(6, 4)
(6, 3)
(5, 3)
(4, 3)
(3, 3)
(2, 3)
kaikki ok
Reitin pituus: 13
(4, 9)
(4, 8)
(4, 7)
(4, 6)
(4, 5)
(4, 4)
(4, 3)
(5, 3)
(6, 3)
(7, 3)
(8, 3)
(9, 3)
(10, 3)
(10, 2)
kaikki ok
Reitin pituus: 25
(10, 17)
(11, 17)
(12, 17)
(12, 16)
(12, 15)
(11, 15)
(10, 15)
(9, 15)
(8, 15)
(7, 15)
(6, 15)
(5, 15)
(4, 15)
(4, 14)
(4, 13)
(4, 12)
(4, 11)
(4, 10)
(4, 9)
(4, 8)
(4, 7)
(4, 6)
(4, 5)
(4, 4)
(4, 3)
(3, 3)
kaikki ok
Reitin pituus: 1
(10, 2)
(10, 1)
kaikki ok
Reitin pituus: 21
(6, 10)
(6, 11)
(7, 11)
(8, 11)
(9, 11)
(10, 11)
(11, 11)
(12, 11)
(12, 12)
(12, 13)
(13, 13)
(14, 13)
(14, 14)
(14, 15)
(14, 16)
(14, 17)
(15, 17)
(16, 17)
(17, 17)
(17, 18)
(17, 19)
(16, 19)
kaikki ok
Reitin pituus: 11
(6, 15)
(6, 16)
(6, 17)
(7, 17)
(8, 17)
(8, 18)
(8, 19)
(9, 19)
(10, 19)
(11, 19)
(12, 19)
(13, 19)
kaikki ok
Reitin pituus: 8
(11, 7)
(12, 7)
(12, 8)
(12, 9)
(12, 10)
(12, 11)
(11, 11)
(10, 11)
(9, 11)
kaikki ok
Reitin pituus: 18
(17, 15)
(17, 14)
(17, 13)
(16, 13)
(15, 13)
(14, 13)
(13, 13)
(12, 13)
(12, 12)
(12, 11)
(12, 10)
(12, 9)
(12, 8)
(12, 7)
(11, 7)
(10, 7)
(10, 6)
(10, 5)
(11, 5)
kaikki ok
Reitin pituus: 22
(16, 16)
(16, 17)
(15, 17)
(14, 17)
(14, 16)
(14, 15)
(14, 14)
(14, 13)
(14, 12)
(14, 11)
(14, 10)
(14, 9)
(14, 8)
(14, 7)
(14, 6)
(14, 5)
(14, 4)
(14, 3)
(13, 3)
(12, 3)
(11, 3)
(10, 3)
(10, 2)
kaikki ok
Reitin pituus: 23
(10, 13)
(10, 14)
(10, 15)
(9, 15)
(8, 15)
(8, 14)
(8, 13)
(7, 13)
(6, 13)
(6, 12)
(6, 11)
(6, 10)
(6, 9)
(5, 9)
(4, 9)
(4, 8)
(4, 7)
(4, 6)
(4, 5)
(3, 5)
(2, 5)
(1, 5)
(1, 4)
(1, 3)
kaikki ok
Reitin pituus: 20
(10, 18)
(10, 17)
(11, 17)
(12, 17)
(12, 16)
(12, 15)
(13, 15)
(14, 15)
(14, 14)
(14, 13)
(14, 12)
(14, 11)
(14, 10)
(14, 9)
(14, 8)
(14, 7)
(14, 6)
(14, 5)
(15, 5)
(16, 5)
(17, 5)
kaikki ok
Reitin pituus: 9
(12, 7)
(12, 8)
(12, 9)
(13, 9)
(14, 9)
(14, 8)
(14, 7)
(14, 6)
(14, 5)
(15, 5)
kaikki ok
Reitin pituus: 13
(14, 14)
(14, 13)
(13, 13)
(12, 13)
(12, 12)
(12, 11)
(11, 11)
(10, 11)
(9, 11)
(8, 11)
(7, 11)
(6, 11)
(6, 10)
(6, 9)
kaikki ok
Reitin pituus: 18
(5, 9)
(6, 9)
(6, 10)
(6, 11)
(6, 12)
(6, 13)
(7, 13)
(8, 13)
(8, 14)
(8, 15)
(9, 15)
(10, 15)
(11, 15)
(12, 15)
(12, 16)
(12, 17)
(11, 17)
(10, 17)
(10, 18)
kaikki ok
Reitin pituus: 20
(3, 1)
(4, 1)
(4, 2)
(4, 3)
(4, 4)
(4, 5)
(4, 6)
(4, 7)
(4, 8)
(4, 9)
(5, 9)
(6, 9)
(6, 10)
(6, 11)
(6, 12)
(6, 13)
(7, 13)
(8, 13)
(8, 14)
(8, 15)
(9, 15)
kaikki ok
Reitin pituus: 18
(6, 15)
(5, 15)
(4, 15)
(4, 14)
(4, 13)
(4, 12)
(4, 11)
(4, 10)
(4, 9)
(5, 9)
(6, 9)
(6, 8)
(6, 7)
(7, 7)
(8, 7)
(9, 7)
(9, 8)
(9, 9)
(10, 9)
kaikki ok
Reitin pituus: 7
(12, 15)
(11, 15)
(10, 15)
(10, 14)
(10, 13)
(11, 13)
(12, 13)
(12, 12)
kaikki ok
Reitin pituus: 5
(2, 13)
(1, 13)
(1, 14)
(1, 15)
(2, 15)
(2, 16)
kaikki ok
Reitin pituus: 7
(10, 2)
(10, 3)
(9, 3)
(8, 3)
(7, 3)
(6, 3)
(5, 3)
(4, 3)
kaikki ok
Reitin pituus: 14
(14, 1)
(14, 2)
(14, 3)
(13, 3)
(12, 3)
(12, 4)
(12, 5)
(11, 5)
(10, 5)
(10, 6)
(10, 7)
(9, 7)
(9, 8)
(9, 9)
(10, 9)
kaikki ok
Reitin pituus: 10
(12, 7)
(11, 7)
(10, 7)
(9, 7)
(8, 7)
(7, 7)
(6, 7)
(6, 8)
(6, 9)
(5, 9)
(4, 9)
kaikki ok
Reitin pituus: 12
(10, 14)
(10, 15)
(11, 15)
(12, 15)
(12, 16)
(12, 17)
(11, 17)
(10, 17)
(10, 18)
(10, 19)
(11, 19)
(12, 19)
(13, 19)
kaikki ok
Reitin pituus: 12
(16, 19)
(17, 19)
(17, 18)
(17, 17)
(16, 17)
(15, 17)
(14, 17)
(14, 16)
(14, 15)
(14, 14)
(14, 13)
(13, 13)
(12, 13)
kaikki ok
Reitin pituus: 23
(15, 3)
(14, 3)
(13, 3)
(12, 3)
(12, 4)
(12, 5)
(11, 5)
(10, 5)
(10, 6)
(10, 7)
(9, 7)
(8, 7)
(7, 7)
(6, 7)
(6, 8)
(6, 9)
(5, 9)
(4, 9)
(4, 10)
(4, 11)
(4, 12)
(4, 13)
(3, 13)
(2, 13)
kaikki ok
Reitin pituus: 16
(13, 9)
(12, 9)
(12, 10)
(12, 11)
(12, 12)
(12, 13)
(11, 13)
(10, 13)
(10, 14)
(10, 15)
(9, 15)
(8, 15)
(7, 15)
(6, 15)
(5, 15)
(4, 15)
(4, 16)
kaikki ok
Reitin pituus: 8
(8, 2)
(8, 1)
(7, 1)
(6, 1)
(5, 1)
(4, 1)
(3, 1)
(2, 1)
(1, 1)
kaikki ok
Reitin pituus: 3
(10, 15)
(10, 14)
(10, 13)
(11, 13)
kaikki ok
Reitin pituus: 8
(7, 11)
(6, 11)
(6, 12)
(6, 13)
(7, 13)
(8, 13)
(8, 14)
(8, 15)
(9, 15)
kaikki ok
Reitin pituus: 10
(11, 13)
(12, 13)
(12, 12)
(12, 11)
(12, 10)
(12, 9)
(12, 8)
(12, 7)
(11, 7)
(10, 7)
(9, 7)
kaikki ok
Reitin pituus: 2
(1, 4)
(1, 3)
(1, 2)
kaikki ok
Reitin pituus: 22
(10, 17)
(11, 17)
(12, 17)
(12, 16)
(12, 15)
(13, 15)
(14, 15)
(14, 14)
(14, 13)
(14, 12)
(14, 11)
(14, 10)
(14, 9)
(14, 8)
(14, 7)
(14, 6)
(14, 5)
(14, 4)
(14, 3)
(14, 2)
(14, 1)
(13, 1)
(12, 1)
kaikki ok
Reitin pituus: 8
(10, 11)
(9, 11)
(8, 11)
(7, 11)
(6, 11)
(6, 10)
(6, 9)
(5, 9)
(4, 9)
kaikki ok
Reitin pituus: 3
(2, 3)
(1, 3)
(1, 2)
(1, 1)
kaikki ok
Reitin pituus: 14
(12, 17)
(11, 17)
(10, 17)
(10, 18)
(10, 19)
(9, 19)
(8, 19)
(7, 19)
(6, 19)
(5, 19)
(4, 19)
(3, 19)
(2, 19)
(1, 19)
(1, 18)
kaikki ok
Reitin pituus: 6
(1, 14)
(1, 13)
(2, 13)
(3, 13)
(4, 13)
(4, 14)
(4, 15)
kaikki ok
Reitin pituus: 9
(12, 13)
(12, 12)
(12, 11)
(12, 10)
(12, 9)
(12, 8)
(12, 7)
(11, 7)
(10, 7)
(10, 6)
kaikki ok
Reitin pituus: 18
(11, 17)
(12, 17)
(12, 16)
(12, 15)
(11, 15)
(10, 15)
(9, 15)
(8, 15)
(8, 14)
(8, 13)
(7, 13)
(6, 13)
(6, 12)
(6, 11)
(6, 10)
(6, 9)
(6, 8)
(6, 7)
(7, 7)
kaikki ok
Reitin pituus: 27
(8, 3)
(9, 3)
(10, 3)
(11, 3)
(12, 3)
(13, 3)
(14, 3)
(14, 4)
(14, 5)
(14, 6)
(14, 7)
(14, 8)
(14, 9)
(14, 10)
(14, 11)
(14, 12)
(14, 13)
(14, 14)
(14, 15)
(14, 16)
(14, 17)
(15, 17)
(16, 17)
(17, 17)
(17, 18)
(17, 19)
(16, 19)
(15, 19)
kaikki ok
Reitin pituus: 12
(10, 6)
(10, 7)
(9, 7)
(8, 7)
(7, 7)
(6, 7)
(6, 8)
(6, 9)
(6, 10)
(6, 11)
(6, 12)
(6, 13)
(5, 13)
kaikki ok
Reitin pituus: 17
(4, 16)
(4, 15)
(4, 14)
(4, 13)
(4, 12)
(4, 11)
(4, 10)
(4, 9)
(4, 8)
(4, 7)
(4, 6)
(4, 5)
(4, 4)
(4, 3)
(5, 3)
(6, 3)
(6, 4)
(6, 5)
kaikki ok
Reitin pituus: 9
(10, 7)
(10, 6)
(10, 5)
(11, 5)
(12, 5)
(12, 4)
(12, 3)
(11, 3)
(10, 3)
(9, 3)
kaikki ok
Reitin pituus: 2
(16, 13)
(15, 13)
(14, 13)
kaikki ok
Reitin pituus: 6
(6, 1)
(7, 1)
(8, 1)
(8, 2)
(8, 3)
(7, 3)
(6, 3)
kaikki ok
Reitin pituus: 20
(9, 3)
(8, 3)
(7, 3)
(6, 3)
(5, 3)
(4, 3)
(4, 4)
(4, 5)
(4, 6)
(4, 7)
(4, 8)
(4, 9)
(4, 10)
(4, 11)
(4, 12)
(4, 13)
(4, 14)
(4, 15)
(4, 16)
(4, 17)
(3, 17)
kaikki ok
Reitin pituus: 13
(12, 12)
(12, 11)
(12, 10)
(12, 9)
(13, 9)
(14, 9)
(14, 8)
(14, 7)
(14, 6)
(14, 5)
(15, 5)
(16, 5)
(17, 5)
(17, 4)
kaikki ok
Reitin pituus: 10
(14, 7)
(14, 8)
(14, 9)
(13, 9)
(12, 9)
(12, 8)
(12, 7)
(11, 7)
(10, 7)
(10, 6)
(10, 5)
kaikki ok
Reitin pituus: 10
(11, 19)
(10, 19)
(10, 18)
(10, 17)
(11, 17)
(12, 17)
(12, 16)
(12, 15)
(11, 15)
(10, 15)
(9, 15)
kaikki ok
Reitin pituus: 30
(4, 19)
(5, 19)
(6, 19)
(7, 19)
(8, 19)
(9, 19)
(10, 19)
(10, 18)
(10, 17)
(11, 17)
(12, 17)
(12, 16)
(12, 15)
(13, 15)
(14, 15)
(14, 14)
(14, 13)
(14, 12)
(14, 11)
(14, 10)
(14, 9)
(14, 8)
(14, 7)
(14, 6)
(14, 5)
(14, 4)
(14, 3)
(15, 3)
(16, 3)
(17, 3)
(17, 2)
kaikki ok
Reitin pituus: 13
(14, 3)
(14, 4)
(14, 5)
(14, 6)
(14, 7)
(14, 8)
(14, 9)
(14, 10)
(14, 11)
(14, 12)
(14, 13)
(14, 14)
(14, 15)
(14, 16)
kaikki ok
Reitin pituus: 18
(17, 14)
(17, 13)
(16, 13)
(15, 13)
(14, 13)
(14, 12)
(14, 11)
(14, 10)
(14, 9)
(14, 8)
(14, 7)
(14, 6)
(14, 5)
(14, 4)
(14, 3)
(13, 3)
(12, 3)
(12, 4)
(12, 5)
kaikki ok
Reitin pituus: 23
(10, 7)
(11, 7)
(12, 7)
(12, 8)
(12, 9)
(13, 9)
(14, 9)
(14, 10)
(14, 11)
(14, 12)
(14, 13)
(14, 14)
(14, 15)
(13, 15)
(12, 15)
(12, 16)
(12, 17)
(11, 17)
(10, 17)
(10, 18)
(10, 19)
(11, 19)
(12, 19)
(13, 19)
kaikki ok
Reitin pituus: 14
(7, 7)
(6, 7)
(6, 8)
(6, 9)
(6, 10)
(6, 11)
(6, 12)
(6, 13)
(7, 13)
(8, 13)
(8, 14)
(8, 15)
(9, 15)
(10, 15)
(11, 15)
kaikki ok
Reitin pituus: 12
(14, 11)
(14, 10)
(14, 9)
(13, 9)
(12, 9)
(12, 8)
(12, 7)
(11, 7)
(10, 7)
(9, 7)
(9, 8)
(9, 9)
(8, 9)
kaikki ok
Reitin pituus: 5
(16, 13)
(15, 13)
(14, 13)
(14, 14)
(14, 15)
(13, 15)
kaikki ok
Reitin pituus: 23
(17, 2)
(17, 3)
(17, 4)
(17, 5)
(16, 5)
(15, 5)
(14, 5)
(14, 6)
(14, 7)
(14, 8)
(14, 9)
(14, 10)
(14, 11)
(14, 12)
(14, 13)
(14, 14)
(14, 15)
(14, 16)
(14, 17)
(15, 17)
(16, 17)
(17, 17)
(17, 18)
(17, 19)
kaikki ok
Reitin pituus: 26
(17, 17)
(16, 17)
(15, 17)
(14, 17)
(14, 16)
(14, 15)
(14, 14)
(14, 13)
(13, 13)
(12, 13)
(12, 12)
(12, 11)
(12, 10)
(12, 9)
(12, 8)
(12, 7)
(11, 7)
(10, 7)
(9, 7)
(8, 7)
(8, 6)
(8, 5)
(7, 5)
(6, 5)
(6, 4)
(6, 3)
(5, 3)
kaikki ok
Reitin pituus: 12
(4, 4)
(4, 5)
(4, 6)
(4, 7)
(4, 8)
(4, 9)
(4, 10)
(4, 11)
(4, 12)
(4, 13)
(4, 14)
(4, 15)
(4, 16)
kaikki ok
Reitin pituus: 15
(12, 4)
(12, 5)
(11, 5)
(10, 5)
(10, 6)
(10, 7)
(9, 7)
(8, 7)
(7, 7)
(6, 7)
(6, 8)
(6, 9)
(6, 10)
(6, 11)
(6, 12)
(6, 13)
kaikki ok
Reitin pituus: 12
(6, 8)
(6, 9)
(5, 9)
(4, 9)
(4, 8)
(4, 7)
(4, 6)
(4, 5)
(4, 4)
(4, 3)
(4, 2)
(4, 1)
(5, 1)
kaikki ok
Reitin pituus: 3
(4, 6)
(4, 7)
(4, 8)
(4, 9)
kaikki ok
Reitin pituus: 18
(2, 3)
(3, 3)
(4, 3)
(5, 3)
(6, 3)
(7, 3)
(8, 3)
(9, 3)
(10, 3)
(11, 3)
(12, 3)
(13, 3)
(14, 3)
(14, 4)
(14, 5)
(14, 6)
(14, 7)
(14, 8)
(14, 9)
kaikki ok
Reitin pituus: 4
(17, 3)
(17, 2)
(17, 1)
(16, 1)
(15, 1)
kaikki ok
Reitin pituus: 24
(5, 1)
(6, 1)
(7, 1)
(8, 1)
(8, 2)
(8, 3)
(9, 3)
(10, 3)
(11, 3)
(12, 3)
(13, 3)
(14, 3)
(14, 4)
(14, 5)
(14, 6)
(14, 7)
(14, 8)
(14, 9)
(14, 10)
(14, 11)
(14, 12)
(14, 13)
(15, 13)
(16, 13)
(17, 13)
kaikki ok
Reitin pituus: 20
(16, 19)
(15, 19)
(14, 19)
(13, 19)
(12, 19)
(11, 19)
(10, 19)
(9, 19)
(8, 19)
(8, 18)
(8, 17)
(7, 17)
(6, 17)
(6, 16)
(6, 15)
(5, 15)
(4, 15)
(4, 14)
(4, 13)
(4, 12)
(4, 11)
kaikki ok
Reitin pituus: 15
(17, 15)
(16, 15)
(16, 16)
(16, 17)
(17, 17)
(17, 18)
(17, 19)
(16, 19)
(15, 19)
(14, 19)
(13, 19)
(12, 19)
(11, 19)
(10, 19)
(9, 19)
(8, 19)
kaikki ok
Reitin pituus: 12
(4, 12)
(4, 13)
(5, 13)
(6, 13)
(7, 13)
(8, 13)
(8, 14)
(8, 15)
(9, 15)
(10, 15)
(11, 15)
(12, 15)
(13, 15)
kaikki ok
Reitin pituus: 6
(4, 5)
(4, 4)
(4, 3)
(3, 3)
(2, 3)
(1, 3)
(1, 2)
kaikki ok
Reitin pituus: 10
(10, 5)
(10, 6)
(10, 7)
(9, 7)
(8, 7)
(8, 6)
(8, 5)
(7, 5)
(6, 5)
(6, 4)
(6, 3)
kaikki ok
Reitin pituus: 12
(5, 9)
(4, 9)
(4, 10)
(4, 11)
(4, 12)
(4, 13)
(4, 14)
(4, 15)
(5, 15)
(6, 15)
(6, 16)
(6, 17)
(7, 17)
kaikki ok
Reitin pituus: 8
(11, 13)
(12, 13)
(13, 13)
(14, 13)
(15, 13)
(16, 13)
(17, 13)
(17, 14)
(17, 15)
kaikki ok
Reitin pituus: 7
(4, 8)
(4, 7)
(4, 6)
(4, 5)
(3, 5)
(2, 5)
(1, 5)
(1, 4)
kaikki ok
Reitin pituus: 9
(14, 16)
(14, 17)
(15, 17)
(16, 17)
(17, 17)
(17, 18)
(17, 19)
(16, 19)
(15, 19)
(14, 19)
kaikki ok
Reitin pituus: 6
(2, 16)
(2, 17)
(1, 17)
(1, 18)
(1, 19)
(2, 19)
(3, 19)
kaikki ok
Reitin pituus: 18
(4, 1)
(4, 2)
(4, 3)
(5, 3)
(6, 3)
(7, 3)
(8, 3)
(9, 3)
(10, 3)
(11, 3)
(12, 3)
(13, 3)
(14, 3)
(14, 4)
(14, 5)
(14, 6)
(14, 7)
(14, 8)
(14, 9)
kaikki ok
Reitin pituus: 23
(16, 19)
(15, 19)
(14, 19)
(13, 19)
(12, 19)
(11, 19)
(10, 19)
(9, 19)
(8, 19)
(8, 18)
(8, 17)
(7, 17)
(6, 17)
(6, 16)
(6, 15)
(5, 15)
(4, 15)
(4, 14)
(4, 13)
(4, 12)
(4, 11)
(4, 10)
(4, 9)
(4, 8)
kaikki ok
Reitin pituus: 9
(14, 5)
(14, 6)
(14, 7)
(14, 8)
(14, 9)
(14, 10)
(14, 11)
(14, 12)
(14, 13)
(15, 13)
kaikki ok
Reitin pituus: 16
(4, 11)
(4, 10)
(4, 9)
(4, 8)
(4, 7)
(4, 6)
(4, 5)
(4, 4)
(4, 3)
(5, 3)
(6, 3)
(7, 3)
(8, 3)
(9, 3)
(10, 3)
(10, 2)
(10, 1)
kaikki ok
Reitin pituus: 9
(12, 5)
(12, 4)
(12, 3)
(13, 3)
(14, 3)
(15, 3)
(16, 3)
(17, 3)
(17, 4)
(17, 5)
kaikki ok
Reitin pituus: 7
(16, 13)
(15, 13)
(14, 13)
(13, 13)
(12, 13)
(11, 13)
(10, 13)
(10, 14)
kaikki ok
Reitin pituus: 16
(4, 16)
(4, 15)
(5, 15)
(6, 15)
(6, 16)
(6, 17)
(7, 17)
(8, 17)
(8, 18)
(8, 19)
(9, 19)
(10, 19)
(11, 19)
(12, 19)
(13, 19)
(14, 19)
(15, 19)
kaikki ok
Reitin pituus: 20
(10, 19)
(10, 18)
(10, 17)
(11, 17)
(12, 17)
(12, 16)
(12, 15)
(13, 15)
(14, 15)
(14, 14)
(14, 13)
(14, 12)
(14, 11)
(14, 10)
(14, 9)
(14, 8)
(14, 7)
(14, 6)
(14, 5)
(15, 5)
(16, 5)
kaikki ok
Reitin pituus: 15
(6, 3)
(5, 3)
(4, 3)
(4, 4)
(4, 5)
(4, 6)
(4, 7)
(4, 8)
(4, 9)
(4, 10)
(4, 11)
(4, 12)
(4, 13)
(4, 14)
(4, 15)
(5, 15)
kaikki ok
Reitin pituus: 0
(16, 17)
kaikki ok
Reitin pituus: 18
(14, 6)
(14, 5)
(14, 4)
(14, 3)
(13, 3)
(12, 3)
(11, 3)
(10, 3)
(9, 3)
(8, 3)
(7, 3)
(6, 3)
(5, 3)
(4, 3)
(4, 4)
(4, 5)
(4, 6)
(4, 7)
(4, 8)
kaikki ok
Reitin pituus: 15
(2, 13)
(3, 13)
(4, 13)
(4, 14)
(4, 15)
(5, 15)
(6, 15)
(6, 16)
(6, 17)
(7, 17)
(8, 17)
(8, 18)
(8, 19)
(9, 19)
(10, 19)
(11, 19)
kaikki ok
Reitin pituus: 22
(9, 19)
(8, 19)
(8, 18)
(8, 17)
(7, 17)
(6, 17)
(6, 16)
(6, 15)
(5, 15)
(4, 15)
(4, 14)
(4, 13)
(4, 12)
(4, 11)
(4, 10)
(4, 9)
(4, 8)
(4, 7)
(4, 6)
(4, 5)
(4, 4)
(4, 3)
(4, 2)
kaikki ok
Reitin pituus: 17
(4, 6)
(4, 5)
(4, 4)
(4, 3)
(5, 3)
(6, 3)
(7, 3)
(8, 3)
(9, 3)
(10, 3)
(11, 3)
(12, 3)
(13, 3)
(14, 3)
(14, 4)
(14, 5)
(15, 5)
(16, 5)
kaikki ok
Reitin pituus: 13
(10, 7)
(9, 7)
(8, 7)
(8, 6)
(8, 5)
(7, 5)
(6, 5)
(6, 4)
(6, 3)
(5, 3)
(4, 3)
(4, 4)
(4, 5)
(3, 5)
kaikki ok
Reitin pituus: 7
(11, 19)
(12, 19)
(13, 19)
(14, 19)
(15, 19)
(16, 19)
(17, 19)
(17, 18)
kaikki ok
Reitin pituus: 13
(4, 8)
(4, 9)
(4, 10)
(4, 11)
(4, 12)
(4, 13)
(4, 14)
(4, 15)
(4, 16)
(4, 17)
(3, 17)
(2, 17)
(1, 17)
(1, 18)
kaikki ok
Reitin pituus: 10
(6, 11)
(7, 11)
(8, 11)
(9, 11)
(10, 11)
(11, 11)
(12, 11)
(12, 12)
(12, 13)
(13, 13)
(14, 13)
kaikki ok
Reitin pituus: 15
(11, 15)
(10, 15)
(9, 15)
(8, 15)
(8, 14)
(8, 13)
(7, 13)
(6, 13)
(6, 12)
(6, 11)
(6, 10)
(6, 9)
(5, 9)
(4, 9)
(4, 8)
(4, 7)
kaikki ok
Reitin pituus: 5
(12, 4)
(12, 3)
(13, 3)
(14, 3)
(14, 2)
(14, 1)
kaikki ok
Reitin pituus: 10
(14, 15)
(13, 15)
(12, 15)
(11, 15)
(10, 15)
(9, 15)
(8, 15)
(7, 15)
(6, 15)
(6, 16)
(6, 17)
kaikki ok
Reitin pituus: 14
(11, 13)
(10, 13)
(10, 14)
(10, 15)
(11, 15)
(12, 15)
(12, 16)
(12, 17)
(11, 17)
(10, 17)
(10, 18)
(10, 19)
(9, 19)
(8, 19)
(7, 19)
kaikki ok
Reitin pituus: 23
(17, 19)
(17, 18)
(17, 17)
(16, 17)
(15, 17)
(14, 17)
(14, 16)
(14, 15)
(13, 15)
(12, 15)
(11, 15)
(10, 15)
(9, 15)
(8, 15)
(8, 14)
(8, 13)
(7, 13)
(6, 13)
(6, 12)
(6, 11)
(6, 10)
(6, 9)
(5, 9)
(4, 9)
kaikki ok
Reitin pituus: 13
(8, 7)
(9, 7)
(10, 7)
(10, 6)
(10, 5)
(11, 5)
(12, 5)
(12, 4)
(12, 3)
(13, 3)
(14, 3)
(14, 4)
(14, 5)
(15, 5)
kaikki ok
Reitin pituus: 12
(11, 3)
(10, 3)
(9, 3)
(8, 3)
(7, 3)
(6, 3)
(5, 3)
(4, 3)
(3, 3)
(2, 3)
(1, 3)
(1, 4)
(1, 5)
kaikki ok
Reitin pituus: 24
(16, 1)
(15, 1)
(14, 1)
(14, 2)
(14, 3)
(14, 4)
(14, 5)
(14, 6)
(14, 7)
(14, 8)
(14, 9)
(14, 10)
(14, 11)
(14, 12)
(14, 13)
(14, 14)
(14, 15)
(13, 15)
(12, 15)
(12, 16)
(12, 17)
(11, 17)
(10, 17)
(10, 18)
(10, 19)
kaikki ok
Reitin pituus: 2
(9, 19)
(10, 19)
(11, 19)
kaikki ok
Reitin pituus: 11
(4, 10)
(4, 9)
(4, 8)
(4, 7)
(4, 6)
(4, 5)
(4, 4)
(4, 3)
(4, 2)
(4, 1)
(5, 1)
(6, 1)
kaikki ok
Reitin pituus: 21
(16, 3)
(15, 3)
(14, 3)
(14, 4)
(14, 5)
(14, 6)
(14, 7)
(14, 8)
(14, 9)
(13, 9)
(12, 9)
(12, 10)
(12, 11)
(12, 12)
(12, 13)
(11, 13)
(10, 13)
(10, 14)
(10, 15)
(9, 15)
(8, 15)
(7, 15)
kaikki ok
Reitin pituus: 18
(8, 7)
(7, 7)
(6, 7)
(6, 8)
(6, 9)
(5, 9)
(4, 9)
(4, 10)
(4, 11)
(4, 12)
(4, 13)
(4, 14)
(4, 15)
(4, 16)
(4, 17)
(3, 17)
(2, 17)
(1, 17)
(1, 18)
kaikki ok
Reitin pituus: 15
(6, 15)
(7, 15)
(8, 15)
(9, 15)
(10, 15)
(10, 14)
(10, 13)
(11, 13)
(12, 13)
(12, 12)
(12, 11)
(12, 10)
(12, 9)
(13, 9)
(14, 9)
(14, 8)
kaikki ok
Reitin pituus: 10
(10, 17)
(10, 18)
(10, 19)
(11, 19)
(12, 19)
(13, 19)
(14, 19)
(15, 19)
(16, 19)
(17, 19)
(17, 18)
kaikki ok
Reitin pituus: 18
(9, 11)
(8, 11)
(7, 11)
(6, 11)
(6, 12)
(6, 13)
(7, 13)
(8, 13)
(8, 14)
(8, 15)
(7, 15)
(6, 15)
(6, 16)
(6, 17)
(7, 17)
(8, 17)
(8, 18)
(8, 19)
(7, 19)
kaikki ok
Reitin pituus: 12
(5, 15)
(6, 15)
(7, 15)
(8, 15)
(9, 15)
(10, 15)
(10, 14)
(10, 13)
(11, 13)
(12, 13)
(12, 12)
(12, 11)
(12, 10)
kaikki ok
Reitin pituus: 10
(4, 10)
(4, 11)
(4, 12)
(4, 13)
(4, 14)
(4, 15)
(4, 16)
(4, 17)
(3, 17)
(2, 17)
(2, 16)
kaikki ok
Reitin pituus: 15
(1, 4)
(1, 3)
(2, 3)
(3, 3)
(4, 3)
(5, 3)
(6, 3)
(7, 3)
(8, 3)
(9, 3)
(10, 3)
(10, 2)
(10, 1)
(11, 1)
(12, 1)
(13, 1)
kaikki ok
Reitin pituus: 22
(9, 3)
(8, 3)
(7, 3)
(6, 3)
(5, 3)
(4, 3)
(4, 4)
(4, 5)
(4, 6)
(4, 7)
(4, 8)
(4, 9)
(4, 10)
(4, 11)
(4, 12)
(4, 13)
(4, 14)
(4, 15)
(5, 15)
(6, 15)
(6, 16)
(6, 17)
(7, 17)
kaikki ok
Reitin pituus: 17
(7, 5)
(8, 5)
(8, 6)
(8, 7)
(9, 7)
(10, 7)
(11, 7)
(12, 7)
(12, 8)
(12, 9)
(12, 10)
(12, 11)
(12, 12)
(12, 13)
(13, 13)
(14, 13)
(14, 14)
(14, 15)
kaikki ok
Reitin pituus: 12
(13, 15)
(12, 15)
(11, 15)
(10, 15)
(9, 15)
(8, 15)
(7, 15)
(6, 15)
(5, 15)
(4, 15)
(4, 14)
(4, 13)
(3, 13)
kaikki ok
Reitin pituus: 16
(2, 19)
(1, 19)
(1, 18)
(1, 17)
(2, 17)
(3, 17)
(4, 17)
(4, 16)
(4, 15)
(5, 15)
(6, 15)
(7, 15)
(8, 15)
(9, 15)
(10, 15)
(10, 14)
(10, 13)
kaikki ok
Reitin pituus: 13
(12, 3)
(11, 3)
(10, 3)
(9, 3)
(8, 3)
(7, 3)
(6, 3)
(5, 3)
(4, 3)
(4, 4)
(4, 5)
(3, 5)
(2, 5)
(1, 5)
kaikki ok
Reitin pituus: 14
(15, 17)
(14, 17)
(14, 16)
(14, 15)
(14, 14)
(14, 13)
(13, 13)
(12, 13)
(12, 12)
(12, 11)
(12, 10)
(12, 9)
(12, 8)
(12, 7)
(11, 7)
kaikki ok
Reitin pituus: 14
(15, 1)
(14, 1)
(14, 2)
(14, 3)
(13, 3)
(12, 3)
(12, 4)
(12, 5)
(11, 5)
(10, 5)
(10, 6)
(10, 7)
(9, 7)
(9, 8)
(9, 9)
kaikki ok
Reitin pituus: 18
(17, 5)
(16, 5)
(15, 5)
(14, 5)
(14, 6)
(14, 7)
(14, 8)
(14, 9)
(13, 9)
(12, 9)
(12, 10)
(12, 11)
(11, 11)
(10, 11)
(9, 11)
(8, 11)
(7, 11)
(6, 11)
(6, 10)
kaikki ok
Reitin pituus: 15
(2, 13)
(3, 13)
(4, 13)
(4, 12)
(4, 11)
(4, 10)
(4, 9)
(4, 8)
(4, 7)
(4, 6)
(4, 5)
(4, 4)
(4, 3)
(3, 3)
(2, 3)
(1, 3)
kaikki ok
Reitin pituus: 17
(8, 2)
(8, 3)
(7, 3)
(6, 3)
(6, 4)
(6, 5)
(7, 5)
(8, 5)
(8, 6)
(8, 7)
(9, 7)
(10, 7)
(11, 7)
(12, 7)
(12, 8)
(12, 9)
(12, 10)
(12, 11)
kaikki ok
Reitin pituus: 18
(14, 14)
(14, 13)
(14, 12)
(14, 11)
(14, 10)
(14, 9)
(14, 8)
(14, 7)
(14, 6)
(14, 5)
(14, 4)
(14, 3)
(13, 3)
(12, 3)
(11, 3)
(10, 3)
(9, 3)
(8, 3)
(8, 2)
kaikki ok
Reitin pituus: 11
(7, 7)
(6, 7)
(6, 8)
(6, 9)
(5, 9)
(4, 9)
(4, 10)
(4, 11)
(4, 12)
(4, 13)
(3, 13)
(2, 13)
kaikki ok
Reitin pituus: 7
(6, 4)
(6, 3)
(5, 3)
(4, 3)
(4, 4)
(4, 5)
(4, 6)
(4, 7)
kaikki ok
Reitin pituus: 10
(14, 4)
(14, 5)
(14, 6)
(14, 7)
(14, 8)
(14, 9)
(14, 10)
(14, 11)
(14, 12)
(14, 13)
(15, 13)
kaikki ok
Reitin pituus: 15
(5, 9)
(6, 9)
(6, 10)
(6, 11)
(7, 11)
(8, 11)
(9, 11)
(10, 11)
(11, 11)
(12, 11)
(12, 12)
(12, 13)
(13, 13)
(14, 13)
(14, 14)
(14, 15)
kaikki ok
Reitin pituus: 1
(11, 3)
(10, 3)
kaikki ok
Reitin pituus: 17
(4, 16)
(4, 15)
(4, 14)
(4, 13)
(4, 12)
(4, 11)
(4, 10)
(4, 9)
(4, 8)
(4, 7)
(4, 6)
(4, 5)
(3, 5)
(2, 5)
(1, 5)
(1, 4)
(1, 3)
(1, 2)
kaikki ok
Reitin pituus: 14
(11, 19)
(12, 19)
(13, 19)
(14, 19)
(15, 19)
(16, 19)
(17, 19)
(17, 18)
(17, 17)
(16, 17)
(16, 16)
(16, 15)
(17, 15)
(17, 14)
(17, 13)
kaikki ok
Reitin pituus: 9
(14, 7)
(14, 8)
(14, 9)
(14, 10)
(14, 11)
(14, 12)
(14, 13)
(15, 13)
(16, 13)
(17, 13)
kaikki ok
Reitin pituus: 6
(5, 13)
(4, 13)
(4, 12)
(4, 11)
(4, 10)
(4, 9)
(4, 8)
kaikki ok
Reitin pituus: 20
(1, 5)
(2, 5)
(3, 5)
(4, 5)
(4, 6)
(4, 7)
(4, 8)
(4, 9)
(4, 10)
(4, 11)
(4, 12)
(4, 13)
(4, 14)
(4, 15)
(4, 16)
(4, 17)
(3, 17)
(2, 17)
(1, 17)
(1, 18)
(1, 19)
kaikki ok
Reitin pituus: 5
(5, 15)
(6, 15)
(6, 16)
(6, 17)
(7, 17)
(8, 17)
kaikki ok
Reitin pituus: 2
(4, 16)
(4, 17)
(3, 17)
kaikki ok
Reitin pituus: 19
(4, 6)
(4, 7)
(4, 8)
(4, 9)
(5, 9)
(6, 9)
(6, 10)
(6, 11)
(7, 11)
(8, 11)
(9, 11)
(10, 11)
(11, 11)
(12, 11)
(12, 12)
(12, 13)
(13, 13)
(14, 13)
(15, 13)
(16, 13)
kaikki ok
Reitin pituus: 15
(2, 1)
(3, 1)
(4, 1)
(5, 1)
(6, 1)
(7, 1)
(8, 1)
(8, 2)
(8, 3)
(9, 3)
(10, 3)
(11, 3)
(12, 3)
(12, 4)
(12, 5)
(11, 5)
kaikki ok
Reitin pituus: 24
(11, 3)
(10, 3)
(9, 3)
(8, 3)
(7, 3)
(6, 3)
(5, 3)
(4, 3)
(4, 4)
(4, 5)
(4, 6)
(4, 7)
(4, 8)
(4, 9)
(4, 10)
(4, 11)
(4, 12)
(4, 13)
(4, 14)
(4, 15)
(5, 15)
(6, 15)
(6, 16)
(6, 17)
(7, 17)
kaikki ok
Reitin pituus: 6
(14, 17)
(14, 16)
(14, 15)
(13, 15)
(12, 15)
(12, 16)
(12, 17)
kaikki ok
Reitin pituus: 4
(16, 13)
(15, 13)
(14, 13)
(13, 13)
(12, 13)
kaikki ok
Reitin pituus: 9
(6, 8)
(6, 7)
(7, 7)
(8, 7)
(9, 7)
(10, 7)
(10, 6)
(10, 5)
(11, 5)
(12, 5)
kaikki ok
Reitin pituus: 20
(17, 19)
(17, 18)
(17, 17)
(16, 17)
(15, 17)
(14, 17)
(14, 16)
(14, 15)
(13, 15)
(12, 15)
(11, 15)
(10, 15)
(9, 15)
(8, 15)
(7, 15)
(6, 15)
(5, 15)
(4, 15)
(4, 14)
(4, 13)
(4, 12)
kaikki ok
Reitin pituus: 16
(11, 5)
(10, 5)
(10, 6)
(10, 7)
(11, 7)
(12, 7)
(12, 8)
(12, 9)
(12, 10)
(12, 11)
(12, 12)
(12, 13)
(11, 13)
(10, 13)
(10, 14)
(10, 15)
(11, 15)
kaikki ok
Reitin pituus: 18
(8, 17)
(7, 17)
(6, 17)
(6, 16)
(6, 15)
(7, 15)
(8, 15)
(9, 15)
(10, 15)
(10, 14)
(10, 13)
(11, 13)
(12, 13)
(12, 12)
(12, 11)
(12, 10)
(12, 9)
(13, 9)
(14, 9)
kaikki ok
Reitin pituus: 4
(13, 9)
(12, 9)
(12, 10)
(12, 11)
(12, 12)
kaikki ok
Reitin pituus: 13
(9, 15)
(10, 15)
(10, 14)
(10, 13)
(11, 13)
(12, 13)
(12, 12)
(12, 11)
(12, 10)
(12, 9)
(13, 9)
(14, 9)
(14, 8)
(14, 7)
kaikki ok
Reitin pituus: 21
(8, 15)
(8, 14)
(8, 13)
(7, 13)
(6, 13)
(6, 12)
(6, 11)
(6, 10)
(6, 9)
(5, 9)
(4, 9)
(4, 8)
(4, 7)
(4, 6)
(4, 5)
(4, 4)
(4, 3)
(4, 2)
(4, 1)
(5, 1)
(6, 1)
(7, 1)
kaikki ok
Reitin pituus: 3
(14, 9)
(13, 9)
(12, 9)
(12, 10)
kaikki ok
Reitin pituus: 0
(14, 5)
kaikki ok
Reitin pituus: 21
(1, 18)
(1, 17)
(2, 17)
(3, 17)
(4, 17)
(4, 16)
(4, 15)
(5, 15)
(6, 15)
(7, 15)
(8, 15)
(9, 15)
(10, 15)
(10, 14)
(10, 13)
(11, 13)
(12, 13)
(12, 12)
(12, 11)
(12, 10)
(12, 9)
(13, 9)
kaikki ok
Reitin pituus: 19
(4, 4)
(4, 5)
(4, 6)
(4, 7)
(4, 8)
(4, 9)
(5, 9)
(6, 9)
(6, 10)
(6, 11)
(6, 12)
(6, 13)
(7, 13)
(8, 13)
(8, 14)
(8, 15)
(9, 15)
(10, 15)
(10, 14)
(10, 13)
kaikki ok
Reitin pituus: 16
(4, 8)
(4, 9)
(4, 10)
(4, 11)
(4, 12)
(4, 13)
(4, 14)
(4, 15)
(5, 15)
(6, 15)
(7, 15)
(8, 15)
(9, 15)
(10, 15)
(11, 15)
(12, 15)
(13, 15)
kaikki ok
Reitin pituus: 26
(17, 2)
(17, 3)
(17, 4)
(17, 5)
(16, 5)
(15, 5)
(14, 5)
(14, 6)
(14, 7)
(14, 8)
(14, 9)
(14, 10)
(14, 11)
(14, 12)
(14, 13)
(14, 14)
(14, 15)
(13, 15)
(12, 15)
(12, 16)
(12, 17)
(11, 17)
(10, 17)
(10, 18)
(10, 19)
(9, 19)
(8, 19)
kaikki ok
Reitin pituus: 7
(16, 5)
(15, 5)
(14, 5)
(14, 6)
(14, 7)
(14, 8)
(14, 9)
(13, 9)
kaikki ok
Reitin pituus: 12
(17, 18)
(17, 19)
(16, 19)
(15, 19)
(14, 19)
(13, 19)
(12, 19)
(11, 19)
(10, 19)
(9, 19)
(8, 19)
(8, 18)
(8, 17)
kaikki ok
Reitin pituus: 9
(10, 17)
(11, 17)
(12, 17)
(12, 16)
(12, 15)
(13, 15)
(14, 15)
(14, 16)
(14, 17)
(15, 17)
kaikki ok
Reitin pituus: 14
(4, 12)
(4, 13)
(4, 14)
(4, 15)
(5, 15)
(6, 15)
(6, 16)
(6, 17)
(7, 17)
(8, 17)
(8, 18)
(8, 19)
(9, 19)
(10, 19)
(10, 18)
kaikki ok
Reitin pituus: 14
(5, 3)
(6, 3)
(6, 4)
(6, 5)
(7, 5)
(8, 5)
(8, 6)
(8, 7)
(9, 7)
(10, 7)
(11, 7)
(12, 7)
(12, 8)
(12, 9)
(13, 9)
kaikki ok
Reitin pituus: 25
(4, 1)
(4, 2)
(4, 3)
(4, 4)
(4, 5)
(4, 6)
(4, 7)
(4, 8)
(4, 9)
(4, 10)
(4, 11)
(4, 12)
(4, 13)
(4, 14)
(4, 15)
(5, 15)
(6, 15)
(6, 16)
(6, 17)
(7, 17)
(8, 17)
(8, 18)
(8, 19)
(7, 19)
(6, 19)
(5, 19)
kaikki ok
Reitin pituus: 16
(14, 5)
(14, 4)
(14, 3)
(13, 3)
(12, 3)
(11, 3)
(10, 3)
(9, 3)
(8, 3)
(7, 3)
(6, 3)
(5, 3)
(4, 3)
(3, 3)
(2, 3)
(1, 3)
(1, 2)
kaikki ok
Reitin pituus: 17
(9, 7)
(10, 7)
(11, 7)
(12, 7)
(12, 8)
(12, 9)
(13, 9)
(14, 9)
(14, 10)
(14, 11)
(14, 12)
(14, 13)
(14, 14)
(14, 15)
(13, 15)
(12, 15)
(12, 16)
(12, 17)
kaikki ok
Reitin pituus: 8
(7, 11)
(6, 11)
(6, 10)
(6, 9)
(6, 8)
(6, 7)
(7, 7)
(8, 7)
(9, 7)
kaikki ok
Reitin pituus: 15
(6, 17)
(6, 16)
(6, 15)
(5, 15)
(4, 15)
(4, 14)
(4, 13)
(4, 12)
(4, 11)
(4, 10)
(4, 9)
(4, 8)
(4, 7)
(4, 6)
(4, 5)
(4, 4)
kaikki ok
Reitin pituus: 22
(9, 8)
(9, 7)
(8, 7)
(7, 7)
(6, 7)
(6, 8)
(6, 9)
(5, 9)
(4, 9)
(4, 10)
(4, 11)
(4, 12)
(4, 13)
(4, 14)
(4, 15)
(5, 15)
(6, 15)
(6, 16)
(6, 17)
(7, 17)
(8, 17)
(8, 18)
(8, 19)
kaikki ok
Reitin pituus: 12
(5, 15)
(6, 15)
(7, 15)
(8, 15)
(9, 15)
(10, 15)
(11, 15)
(12, 15)
(13, 15)
(14, 15)
(14, 16)
(14, 17)
(15, 17)
kaikki ok
Reitin pituus: 25
(14, 4)
(14, 5)
(14, 6)
(14, 7)
(14, 8)
(14, 9)
(14, 10)
(14, 11)
(14, 12)
(14, 13)
(14, 14)
(14, 15)
(13, 15)
(12, 15)
(12, 16)
(12, 17)
(11, 17)
(10, 17)
(10, 18)
(10, 19)
(9, 19)
(8, 19)
(7, 19)
(6, 19)
(5, 19)
(4, 19)
kaikki ok
Reitin pituus: 18
(8, 5)
(8, 6)
(8, 7)
(7, 7)
(6, 7)
(6, 8)
(6, 9)
(6, 10)
(6, 11)
(6, 12)
(6, 13)
(5, 13)
(4, 13)
(4, 14)
(4, 15)
(5, 15)
(6, 15)
(6, 16)
(6, 17)
kaikki ok
Reitin pituus: 12
(12, 7)
(11, 7)
(10, 7)
(9, 7)
(8, 7)
(8, 6)
(8, 5)
(7, 5)
(6, 5)
(6, 4)
(6, 3)
(5, 3)
(4, 3)
kaikki ok
Reitin pituus: 5
(4, 7)
(4, 8)
(4, 9)
(5, 9)
(6, 9)
(6, 10)
kaikki ok
Reitin pituus: 15
(16, 5)
(15, 5)
(14, 5)
(14, 4)
(14, 3)
(13, 3)
(12, 3)
(11, 3)
(10, 3)
(9, 3)
(8, 3)
(7, 3)
(6, 3)
(5, 3)
(4, 3)
(3, 3)
kaikki ok
Reitin pituus: 9
(17, 15)
(17, 14)
(17, 13)
(16, 13)
(15, 13)
(14, 13)
(13, 13)
(12, 13)
(11, 13)
(10, 13)
kaikki ok
Reitin pituus: 15
(9, 3)
(8, 3)
(7, 3)
(6, 3)
(5, 3)
(4, 3)
(4, 4)
(4, 5)
(4, 6)
(4, 7)
(4, 8)
(4, 9)
(4, 10)
(4, 11)
(4, 12)
(4, 13)
kaikki ok
Reitin pituus: 12
(10, 14)
(10, 15)
(9, 15)
(8, 15)
(8, 14)
(8, 13)
(7, 13)
(6, 13)
(6, 12)
(6, 11)
(6, 10)
(6, 9)
(5, 9)
kaikki ok
Reitin pituus: 12
(12, 12)
(12, 13)
(11, 13)
(10, 13)
(10, 14)
(10, 15)
(9, 15)
(8, 15)
(7, 15)
(6, 15)
(5, 15)
(4, 15)
(4, 16)
kaikki ok
Reitin pituus: 20
(8, 17)
(7, 17)
(6, 17)
(6, 16)
(6, 15)
(7, 15)
(8, 15)
(9, 15)
(10, 15)
(10, 14)
(10, 13)
(11, 13)
(12, 13)
(12, 12)
(12, 11)
(12, 10)
(12, 9)
(13, 9)
(14, 9)
(14, 8)
(14, 7)
kaikki ok
Reitin pituus: 17
(12, 17)
(12, 16)
(12, 15)
(13, 15)
(14, 15)
(14, 14)
(14, 13)
(14, 12)
(14, 11)
(14, 10)
(14, 9)
(14, 8)
(14, 7)
(14, 6)
(14, 5)
(14, 4)
(14, 3)
(15, 3)
kaikki ok
Reitin pituus: 3
(12, 12)
(12, 11)
(12, 10)
(12, 9)
kaikki ok
Reitin pituus: 1
(1, 18)
(1, 17)
kaikki ok
Reitin pituus: 9
(4, 8)
(4, 7)
(4, 6)
(4, 5)
(4, 4)
(4, 3)
(4, 2)
(4, 1)
(5, 1)
(6, 1)
kaikki ok
Reitin pituus: 11
(14, 8)
(14, 9)
(13, 9)
(12, 9)
(12, 8)
(12, 7)
(11, 7)
(10, 7)
(9, 7)
(9, 8)
(9, 9)
(8, 9)
kaikki ok
Reitin pituus: 20
(16, 1)
(15, 1)
(14, 1)
(14, 2)
(14, 3)
(14, 4)
(14, 5)
(14, 6)
(14, 7)
(14, 8)
(14, 9)
(14, 10)
(14, 11)
(14, 12)
(14, 13)
(15, 13)
(16, 13)
(17, 13)
(17, 14)
(17, 15)
(16, 15)
kaikki ok
Reitin pituus: 28
(8, 2)
(8, 3)
(9, 3)
(10, 3)
(11, 3)
(12, 3)
(13, 3)
(14, 3)
(14, 4)
(14, 5)
(14, 6)
(14, 7)
(14, 8)
(14, 9)
(14, 10)
(14, 11)
(14, 12)
(14, 13)
(14, 14)
(14, 15)
(14, 16)
(14, 17)
(15, 17)
(16, 17)
(17, 17)
(17, 18)
(17, 19)
(16, 19)
(15, 19)
kaikki ok
Reitin pituus: 14
(4, 6)
(4, 7)
(4, 8)
(4, 9)
(4, 10)
(4, 11)
(4, 12)
(4, 13)
(5, 13)
(6, 13)
(7, 13)
(8, 13)
(8, 14)
(8, 15)
(9, 15)
kaikki ok
Reitin pituus: 5
(7, 7)
(6, 7)
(6, 8)
(6, 9)
(6, 10)
(6, 11)
kaikki ok
Reitin pituus: 8
(4, 19)
(5, 19)
(6, 19)
(7, 19)
(8, 19)
(9, 19)
(10, 19)
(11, 19)
(12, 19)
kaikki ok
Reitin pituus: 10
(16, 17)
(15, 17)
(14, 17)
(14, 16)
(14, 15)
(13, 15)
(12, 15)
(12, 16)
(12, 17)
(11, 17)
(10, 17)
kaikki ok
Reitin pituus: 13
(14, 2)
(14, 3)
(13, 3)
(12, 3)
(11, 3)
(10, 3)
(9, 3)
(8, 3)
(8, 2)
(8, 1)
(7, 1)
(6, 1)
(5, 1)
(4, 1)
kaikki ok
Reitin pituus: 14
(6, 4)
(6, 5)
(7, 5)
(8, 5)
(8, 6)
(8, 7)
(7, 7)
(6, 7)
(6, 8)
(6, 9)
(6, 10)
(6, 11)
(6, 12)
(6, 13)
(5, 13)
kaikki ok
Reitin pituus: 17
(17, 3)
(16, 3)
(15, 3)
(14, 3)
(14, 4)
(14, 5)
(14, 6)
(14, 7)
(14, 8)
(14, 9)
(14, 10)
(14, 11)
(14, 12)
(14, 13)
(15, 13)
(16, 13)
(17, 13)
(17, 14)
kaikki ok
Reitin pituus: 12
(3, 5)
(4, 5)
(4, 4)
(4, 3)
(5, 3)
(6, 3)
(7, 3)
(8, 3)
(9, 3)
(10, 3)
(11, 3)
(12, 3)
(13, 3)
kaikki ok
Reitin pituus: 17
(11, 13)
(12, 13)
(13, 13)
(14, 13)
(14, 12)
(14, 11)
(14, 10)
(14, 9)
(14, 8)
(14, 7)
(14, 6)
(14, 5)
(14, 4)
(14, 3)
(14, 2)
(14, 1)
(15, 1)
(16, 1)
kaikki ok
Reitin pituus: 20
(14, 11)
(14, 12)
(14, 13)
(13, 13)
(12, 13)
(12, 12)
(12, 11)
(11, 11)
(10, 11)
(9, 11)
(8, 11)
(7, 11)
(6, 11)
(6, 10)
(6, 9)
(5, 9)
(4, 9)
(4, 8)
(4, 7)
(4, 6)
(4, 5)
kaikki ok
Reitin pituus: 10
(8, 11)
(7, 11)
(6, 11)
(6, 10)
(6, 9)
(6, 8)
(6, 7)
(7, 7)
(8, 7)
(9, 7)
(10, 7)
kaikki ok
Reitin pituus: 7
(14, 5)
(14, 4)
(14, 3)
(13, 3)
(12, 3)
(11, 3)
(10, 3)
(10, 2)
kaikki ok
Reitin pituus: 5
(16, 3)
(15, 3)
(14, 3)
(14, 4)
(14, 5)
(14, 6)
kaikki ok
Reitin pituus: 4
(3, 3)
(4, 3)
(4, 4)
(4, 5)
(4, 6)
kaikki ok
Reitin pituus: 18
(14, 7)
(14, 8)
(14, 9)
(14, 10)
(14, 11)
(14, 12)
(14, 13)
(14, 14)
(14, 15)
(13, 15)
(12, 15)
(12, 16)
(12, 17)
(11, 17)
(10, 17)
(10, 18)
(10, 19)
(11, 19)
(12, 19)
kaikki ok
Reitin pituus: 23
(4, 2)
(4, 3)
(4, 4)
(4, 5)
(4, 6)
(4, 7)
(4, 8)
(4, 9)
(4, 10)
(4, 11)
(4, 12)
(4, 13)
(4, 14)
(4, 15)
(4, 16)
(4, 17)
(3, 17)
(2, 17)
(1, 17)
(1, 18)
(1, 19)
(2, 19)
(3, 19)
(4, 19)
kaikki ok
Reitin pituus: 27
(17, 5)
(16, 5)
(15, 5)
(14, 5)
(14, 6)
(14, 7)
(14, 8)
(14, 9)
(14, 10)
(14, 11)
(14, 12)
(14, 13)
(14, 14)
(14, 15)
(13, 15)
(12, 15)
(12, 16)
(12, 17)
(11, 17)
(10, 17)
(10, 18)
(10, 19)
(9, 19)
(8, 19)
(7, 19)
(6, 19)
(5, 19)
(4, 19)
kaikki ok
Reitin pituus: 24
(16, 19)
(17, 19)
(17, 18)
(17, 17)
(16, 17)
(15, 17)
(14, 17)
(14, 16)
(14, 15)
(14, 14)
(14, 13)
(14, 12)
(14, 11)
(14, 10)
(14, 9)
(14, 8)
(14, 7)
(14, 6)
(14, 5)
(14, 4)
(14, 3)
(14, 2)
(14, 1)
(15, 1)
(16, 1)
kaikki ok
Reitin pituus: 12
(12, 17)
(12, 16)
(12, 15)
(13, 15)
(14, 15)
(14, 14)
(14, 13)
(14, 12)
(14, 11)
(14, 10)
(14, 9)
(14, 8)
(14, 7)
kaikki ok
Reitin pituus: 25
(10, 2)
(10, 3)
(9, 3)
(8, 3)
(7, 3)
(6, 3)
(5, 3)
(4, 3)
(4, 4)
(4, 5)
(4, 6)
(4, 7)
(4, 8)
(4, 9)
(4, 10)
(4, 11)
(4, 12)
(4, 13)
(4, 14)
(4, 15)
(5, 15)
(6, 15)
(6, 16)
(6, 17)
(7, 17)
(8, 17)
kaikki ok
Reitin pituus: 7
(12, 13)
(12, 12)
(12, 11)
(11, 11)
(10, 11)
(9, 11)
(8, 11)
(7, 11)
kaikki ok
Reitin pituus: 15
(11, 19)
(10, 19)
(10, 18)
(10, 17)
(11, 17)
(12, 17)
(12, 16)
(12, 15)
(13, 15)
(14, 15)
(14, 14)
(14, 13)
(13, 13)
(12, 13)
(12, 12)
(12, 11)
kaikki ok
Reitin pituus: 19
(12, 13)
(12, 12)
(12, 11)
(11, 11)
(10, 11)
(9, 11)
(8, 11)
(7, 11)
(6, 11)
(6, 10)
(6, 9)
(5, 9)
(4, 9)
(4, 8)
(4, 7)
(4, 6)
(4, 5)
(4, 4)
(4, 3)
(4, 2)
kaikki ok
Reitin pituus: 25
(4, 17)
(4, 16)
(4, 15)
(5, 15)
(6, 15)
(7, 15)
(8, 15)
(9, 15)
(10, 15)
(10, 14)
(10, 13)
(11, 13)
(12, 13)
(12, 12)
(12, 11)
(12, 10)
(12, 9)
(13, 9)
(14, 9)
(14, 8)
(14, 7)
(14, 6)
(14, 5)
(14, 4)
(14, 3)
(15, 3)
kaikki ok
Reitin pituus: 16
(9, 3)
(10, 3)
(11, 3)
(12, 3)
(13, 3)
(14, 3)
(14, 4)
(14, 5)
(14, 6)
(14, 7)
(14, 8)
(14, 9)
(14, 10)
(14, 11)
(14, 12)
(14, 13)
(14, 14)
kaikki ok
Reitin pituus: 16
(7, 19)
(8, 19)
(9, 19)
(10, 19)
(10, 18)
(10, 17)
(11, 17)
(12, 17)
(12, 16)
(12, 15)
(13, 15)
(14, 15)
(14, 14)
(14, 13)
(13, 13)
(12, 13)
(12, 12)
kaikki ok
Reitin pituus: 10
(4, 16)
(4, 15)
(5, 15)
(6, 15)
(7, 15)
(8, 15)
(9, 15)
(10, 15)
(10, 14)
(10, 13)
(11, 13)
kaikki ok
Reitin pituus: 21
(4, 10)
(4, 9)
(5, 9)
(6, 9)
(6, 10)
(6, 11)
(7, 11)
(8, 11)
(9, 11)
(10, 11)
(11, 11)
(12, 11)
(12, 12)
(12, 13)
(13, 13)
(14, 13)
(15, 13)
(16, 13)
(17, 13)
(17, 14)
(17, 15)
(16, 15)
kaikki ok
Reitin pituus: 6
(8, 9)
(9, 9)
(9, 8)
(9, 7)
(8, 7)
(7, 7)
(6, 7)
kaikki ok
Reitin pituus: 13
(8, 19)
(9, 19)
(10, 19)
(10, 18)
(10, 17)
(11, 17)
(12, 17)
(12, 16)
(12, 15)
(13, 15)
(14, 15)
(14, 14)
(14, 13)
(15, 13)
kaikki ok
Reitin pituus: 8
(9, 15)
(8, 15)
(7, 15)
(6, 15)
(5, 15)
(4, 15)
(4, 14)
(4, 13)
(3, 13)
kaikki ok
Reitin pituus: 12
(10, 17)
(11, 17)
(12, 17)
(12, 16)
(12, 15)
(11, 15)
(10, 15)
(9, 15)
(8, 15)
(7, 15)
(6, 15)
(5, 15)
(4, 15)
kaikki ok
Reitin pituus: 13
(1, 2)
(1, 3)
(2, 3)
(3, 3)
(4, 3)
(5, 3)
(6, 3)
(7, 3)
(8, 3)
(9, 3)
(10, 3)
(10, 2)
(10, 1)
(11, 1)
kaikki ok
Reitin pituus: 19
(13, 13)
(14, 13)
(14, 14)
(14, 15)
(13, 15)
(12, 15)
(12, 16)
(12, 17)
(11, 17)
(10, 17)
(10, 18)
(10, 19)
(9, 19)
(8, 19)
(7, 19)
(6, 19)
(5, 19)
(4, 19)
(3, 19)
(2, 19)
kaikki ok
Reitin pituus: 13
(10, 17)
(11, 17)
(12, 17)
(12, 16)
(12, 15)
(13, 15)
(14, 15)
(14, 16)
(14, 17)
(15, 17)
(16, 17)
(16, 16)
(16, 15)
(17, 15)
kaikki ok
Reitin pituus: 14
(1, 3)
(2, 3)
(3, 3)
(4, 3)
(5, 3)
(6, 3)
(6, 4)
(6, 5)
(7, 5)
(8, 5)
(8, 6)
(8, 7)
(9, 7)
(10, 7)
(11, 7)
kaikki ok
Reitin pituus: 17
(15, 13)
(14, 13)
(14, 14)
(14, 15)
(13, 15)
(12, 15)
(11, 15)
(10, 15)
(9, 15)
(8, 15)
(7, 15)
(6, 15)
(5, 15)
(4, 15)
(4, 14)
(4, 13)
(3, 13)
(2, 13)
kaikki ok
Reitin pituus: 23
(6, 8)
(6, 9)
(6, 10)
(6, 11)
(7, 11)
(8, 11)
(9, 11)
(10, 11)
(11, 11)
(12, 11)
(12, 12)
(12, 13)
(13, 13)
(14, 13)
(14, 14)
(14, 15)
(14, 16)
(14, 17)
(15, 17)
(16, 17)
(17, 17)
(17, 18)
(17, 19)
(16, 19)
kaikki ok
Reitin pituus: 10
(8, 6)
(8, 7)
(9, 7)
(10, 7)
(11, 7)
(12, 7)
(12, 8)
(12, 9)
(12, 10)
(12, 11)
(11, 11)
kaikki ok
Reitin pituus: 23
(4, 1)
(4, 2)
(4, 3)
(5, 3)
(6, 3)
(6, 4)
(6, 5)
(7, 5)
(8, 5)
(8, 6)
(8, 7)
(9, 7)
(10, 7)
(11, 7)
(12, 7)
(12, 8)
(12, 9)
(12, 10)
(12, 11)
(12, 12)
(12, 13)
(13, 13)
(14, 13)
(14, 14)
kaikki ok
Reitin pituus: 9
(13, 9)
(14, 9)
(14, 8)
(14, 7)
(14, 6)
(14, 5)
(14, 4)
(14, 3)
(14, 2)
(14, 1)
kaikki ok
Reitin pituus: 9
(7, 7)
(8, 7)
(9, 7)
(10, 7)
(11, 7)
(12, 7)
(12, 8)
(12, 9)
(12, 10)
(12, 11)
kaikki ok
Reitin pituus: 18
(13, 15)
(14, 15)
(14, 14)
(14, 13)
(14, 12)
(14, 11)
(14, 10)
(14, 9)
(14, 8)
(14, 7)
(14, 6)
(14, 5)
(14, 4)
(14, 3)
(13, 3)
(12, 3)
(11, 3)
(10, 3)
(10, 2)
kaikki ok
Reitin pituus: 1
(11, 11)
(10, 11)
kaikki ok
Reitin pituus: 14
(3, 13)
(4, 13)
(4, 12)
(4, 11)
(4, 10)
(4, 9)
(4, 8)
(4, 7)
(4, 6)
(4, 5)
(3, 5)
(2, 5)
(1, 5)
(1, 4)
(1, 3)
kaikki ok
Reitin pituus: 28
(5, 19)
(6, 19)
(7, 19)
(8, 19)
(8, 18)
(8, 17)
(7, 17)
(6, 17)
(6, 16)
(6, 15)
(5, 15)
(4, 15)
(4, 14)
(4, 13)
(4, 12)
(4, 11)
(4, 10)
(4, 9)
(4, 8)
(4, 7)
(4, 6)
(4, 5)
(3, 5)
(2, 5)
(1, 5)
(1, 4)
(1, 3)
(1, 2)
(1, 1)
kaikki ok
Reitin pituus: 24
(17, 19)
(17, 18)
(17, 17)
(16, 17)
(15, 17)
(14, 17)
(14, 16)
(14, 15)
(13, 15)
(12, 15)
(11, 15)
(10, 15)
(9, 15)
(8, 15)
(8, 14)
(8, 13)
(7, 13)
(6, 13)
(6, 12)
(6, 11)
(6, 10)
(6, 9)
(5, 9)
(4, 9)
(4, 8)
kaikki ok
Reitin pituus: 10
(6, 15)
(7, 15)
(8, 15)
(9, 15)
(10, 15)
(10, 14)
(10, 13)
(11, 13)
(12, 13)
(13, 13)
(14, 13)
kaikki ok
Reitin pituus: 17
(12, 3)
(13, 3)
(14, 3)
(14, 4)
(14, 5)
(14, 6)
(14, 7)
(14, 8)
(14, 9)
(14, 10)
(14, 11)
(14, 12)
(14, 13)
(14, 14)
(14, 15)
(13, 15)
(12, 15)
(12, 16)
kaikki ok
Reitin pituus: 26
(11, 19)
(10, 19)
(9, 19)
(8, 19)
(8, 18)
(8, 17)
(7, 17)
(6, 17)
(6, 16)
(6, 15)
(5, 15)
(4, 15)
(4, 14)
(4, 13)
(4, 12)
(4, 11)
(4, 10)
(4, 9)
(5, 9)
(6, 9)
(6, 8)
(6, 7)
(7, 7)
(8, 7)
(8, 6)
(8, 5)
(7, 5)
kaikki ok
Reitin pituus: 12
(12, 8)
(12, 9)
(12, 10)
(12, 11)
(12, 12)
(12, 13)
(13, 13)
(14, 13)
(15, 13)
(16, 13)
(17, 13)
(17, 14)
(17, 15)
kaikki ok
Reitin pituus: 22
(6, 19)
(7, 19)
(8, 19)
(8, 18)
(8, 17)
(7, 17)
(6, 17)
(6, 16)
(6, 15)
(5, 15)
(4, 15)
(4, 14)
(4, 13)
(5, 13)
(6, 13)
(6, 12)
(6, 11)
(6, 10)
(6, 9)
(6, 8)
(6, 7)
(7, 7)
(8, 7)
kaikki ok
Reitin pituus: 8
(14, 17)
(14, 16)
(14, 15)
(13, 15)
(12, 15)
(11, 15)
(10, 15)
(10, 14)
(10, 13)
kaikki ok
Reitin pituus: 25
(12, 3)
(12, 4)
(12, 5)
(11, 5)
(10, 5)
(10, 6)
(10, 7)
(9, 7)
(8, 7)
(7, 7)
(6, 7)
(6, 8)
(6, 9)
(6, 10)
(6, 11)
(6, 12)
(6, 13)
(5, 13)
(4, 13)
(4, 14)
(4, 15)
(5, 15)
(6, 15)
(6, 16)
(6, 17)
(7, 17)
kaikki ok
Reitin pituus: 17
(4, 7)
(4, 8)
(4, 9)
(5, 9)
(6, 9)
(6, 10)
(6, 11)
(7, 11)
(8, 11)
(9, 11)
(10, 11)
(11, 11)
(12, 11)
(12, 12)
(12, 13)
(13, 13)
(14, 13)
(14, 12)
kaikki ok
Reitin pituus: 18
(14, 8)
(14, 9)
(13, 9)
(12, 9)
(12, 10)
(12, 11)
(11, 11)
(10, 11)
(9, 11)
(8, 11)
(7, 11)
(6, 11)
(6, 12)
(6, 13)
(5, 13)
(4, 13)
(4, 14)
(4, 15)
(4, 16)
kaikki ok
Reitin pituus: 23
(4, 9)
(4, 10)
(4, 11)
(4, 12)
(4, 13)
(4, 14)
(4, 15)
(5, 15)
(6, 15)
(6, 16)
(6, 17)
(7, 17)
(8, 17)
(8, 18)
(8, 19)
(9, 19)
(10, 19)
(11, 19)
(12, 19)
(13, 19)
(14, 19)
(15, 19)
(16, 19)
(17, 19)
kaikki ok
Reitin pituus: 9
(1, 18)
(1, 17)
(2, 17)
(3, 17)
(4, 17)
(4, 16)
(4, 15)
(4, 14)
(4, 13)
(5, 13)
kaikki ok
Reitin pituus: 16
(6, 1)
(5, 1)
(4, 1)
(4, 2)
(4, 3)
(4, 4)
(4, 5)
(4, 6)
(4, 7)
(4, 8)
(4, 9)
(5, 9)
(6, 9)
(6, 10)
(6, 11)
(7, 11)
(8, 11)
kaikki ok
Reitin pituus: 22
(4, 9)
(4, 10)
(4, 11)
(4, 12)
(4, 13)
(4, 14)
(4, 15)
(5, 15)
(6, 15)
(6, 16)
(6, 17)
(7, 17)
(8, 17)
(8, 18)
(8, 19)
(9, 19)
(10, 19)
(11, 19)
(12, 19)
(13, 19)
(14, 19)
(15, 19)
(16, 19)
kaikki ok
Reitin pituus: 4
(5, 9)
(6, 9)
(6, 10)
(6, 11)
(6, 12)
kaikki ok
Reitin pituus: 22
(17, 19)
(17, 18)
(17, 17)
(16, 17)
(15, 17)
(14, 17)
(14, 16)
(14, 15)
(13, 15)
(12, 15)
(11, 15)
(10, 15)
(9, 15)
(8, 15)
(7, 15)
(6, 15)
(5, 15)
(4, 15)
(4, 14)
(4, 13)
(4, 12)
(4, 11)
(4, 10)
kaikki ok
Reitin pituus: 9
(10, 1)
(10, 2)
(10, 3)
(9, 3)
(8, 3)
(8, 2)
(8, 1)
(7, 1)
(6, 1)
(5, 1)
kaikki ok
Reitin pituus: 7
(5, 1)
(4, 1)
(4, 2)
(4, 3)
(5, 3)
(6, 3)
(6, 4)
(6, 5)
kaikki ok
Reitin pituus: 24
(8, 18)
(8, 17)
(7, 17)
(6, 17)
(6, 16)
(6, 15)
(7, 15)
(8, 15)
(9, 15)
(10, 15)
(10, 14)
(10, 13)
(11, 13)
(12, 13)
(12, 12)
(12, 11)
(12, 10)
(12, 9)
(12, 8)
(12, 7)
(11, 7)
(10, 7)
(10, 6)
(10, 5)
(11, 5)
kaikki ok
Reitin pituus: 29
(8, 2)
(8, 3)
(7, 3)
(6, 3)
(5, 3)
(4, 3)
(4, 4)
(4, 5)
(4, 6)
(4, 7)
(4, 8)
(4, 9)
(4, 10)
(4, 11)
(4, 12)
(4, 13)
(4, 14)
(4, 15)
(5, 15)
(6, 15)
(6, 16)
(6, 17)
(7, 17)
(8, 17)
(8, 18)
(8, 19)
(9, 19)
(10, 19)
(11, 19)
(12, 19)
kaikki ok
Reitin pituus: 22
(10, 17)
(11, 17)
(12, 17)
(12, 16)
(12, 15)
(11, 15)
(10, 15)
(10, 14)
(10, 13)
(11, 13)
(12, 13)
(12, 12)
(12, 11)
(12, 10)
(12, 9)
(12, 8)
(12, 7)
(11, 7)
(10, 7)
(9, 7)
(9, 8)
(9, 9)
(10, 9)
kaikki ok
Reitin pituus: 15
(11, 11)
(12, 11)
(12, 12)
(12, 13)
(11, 13)
(10, 13)
(10, 14)
(10, 15)
(11, 15)
(12, 15)
(12, 16)
(12, 17)
(11, 17)
(10, 17)
(10, 18)
(10, 19)
kaikki ok
Reitin pituus: 4
(8, 6)
(8, 7)
(9, 7)
(9, 8)
(9, 9)
kaikki ok
Reitin pituus: 13
(1, 19)
(1, 18)
(1, 17)
(2, 17)
(3, 17)
(4, 17)
(4, 16)
(4, 15)
(4, 14)
(4, 13)
(4, 12)
(4, 11)
(4, 10)
(4, 9)
kaikki ok
Reitin pituus: 5
(12, 3)
(11, 3)
(10, 3)
(9, 3)
(8, 3)
(8, 2)
kaikki ok
Reitin pituus: 23
(6, 17)
(6, 16)
(6, 15)
(7, 15)
(8, 15)
(9, 15)
(10, 15)
(10, 14)
(10, 13)
(11, 13)
(12, 13)
(12, 12)
(12, 11)
(12, 10)
(12, 9)
(13, 9)
(14, 9)
(14, 8)
(14, 7)
(14, 6)
(14, 5)
(14, 4)
(14, 3)
(13, 3)
kaikki ok
Reitin pituus: 4
(9, 3)
(10, 3)
(10, 2)
(10, 1)
(11, 1)
kaikki ok
Reitin pituus: 10
(8, 3)
(7, 3)
(6, 3)
(5, 3)
(4, 3)
(4, 4)
(4, 5)
(4, 6)
(4, 7)
(4, 8)
(4, 9)
kaikki ok
Reitin pituus: 15
(12, 10)
(12, 11)
(12, 12)
(12, 13)
(11, 13)
(10, 13)
(10, 14)
(10, 15)
(11, 15)
(12, 15)
(12, 16)
(12, 17)
(11, 17)
(10, 17)
(10, 18)
(10, 19)
kaikki ok
Reitin pituus: 22
(14, 6)
(14, 7)
(14, 8)
(14, 9)
(13, 9)
(12, 9)
(12, 10)
(12, 11)
(11, 11)
(10, 11)
(9, 11)
(8, 11)
(7, 11)
(6, 11)
(6, 12)
(6, 13)
(5, 13)
(4, 13)
(4, 14)
(4, 15)
(4, 16)
(4, 17)
(3, 17)
kaikki ok
Reitin pituus: 16
(7, 1)
(8, 1)
(8, 2)
(8, 3)
(9, 3)
(10, 3)
(11, 3)
(12, 3)
(12, 4)
(12, 5)
(11, 5)
(10, 5)
(10, 6)
(10, 7)
(11, 7)
(12, 7)
(12, 8)
kaikki ok
Reitin pituus: 11
(10, 13)
(10, 14)
(10, 15)
(9, 15)
(8, 15)
(8, 14)
(8, 13)
(7, 13)
(6, 13)
(5, 13)
(4, 13)
(4, 12)
kaikki ok
Reitin pituus: 15
(1, 2)
(1, 3)
(2, 3)
(3, 3)
(4, 3)
(5, 3)
(6, 3)
(7, 3)
(8, 3)
(9, 3)
(10, 3)
(10, 2)
(10, 1)
(11, 1)
(12, 1)
(13, 1)
kaikki ok
Reitin pituus: 17
(9, 9)
(9, 8)
(9, 7)
(10, 7)
(11, 7)
(12, 7)
(12, 8)
(12, 9)
(13, 9)
(14, 9)
(14, 10)
(14, 11)
(14, 12)
(14, 13)
(15, 13)
(16, 13)
(17, 13)
(17, 14)
kaikki ok
Reitin pituus: 9
(6, 15)
(5, 15)
(4, 15)
(4, 16)
(4, 17)
(3, 17)
(2, 17)
(1, 17)
(1, 18)
(1, 19)
kaikki ok
Reitin pituus: 21
(6, 4)
(6, 5)
(7, 5)
(8, 5)
(8, 6)
(8, 7)
(9, 7)
(10, 7)
(11, 7)
(12, 7)
(12, 8)
(12, 9)
(13, 9)
(14, 9)
(14, 10)
(14, 11)
(14, 12)
(14, 13)
(14, 14)
(14, 15)
(14, 16)
(14, 17)
kaikki ok
Reitin pituus: 15
(3, 3)
(4, 3)
(5, 3)
(6, 3)
(7, 3)
(8, 3)
(9, 3)
(10, 3)
(11, 3)
(12, 3)
(13, 3)
(14, 3)
(15, 3)
(16, 3)
(17, 3)
(17, 2)
kaikki ok
Reitin pituus: 13
(14, 8)
(14, 9)
(13, 9)
(12, 9)
(12, 10)
(12, 11)
(11, 11)
(10, 11)
(9, 11)
(8, 11)
(7, 11)
(6, 11)
(6, 10)
(6, 9)
kaikki ok
Reitin pituus: 25
(8, 18)
(8, 17)
(7, 17)
(6, 17)
(6, 16)
(6, 15)
(5, 15)
(4, 15)
(4, 14)
(4, 13)
(4, 12)
(4, 11)
(4, 10)
(4, 9)
(4, 8)
(4, 7)
(4, 6)
(4, 5)
(4, 4)
(4, 3)
(5, 3)
(6, 3)
(7, 3)
(8, 3)
(8, 2)
(8, 1)
kaikki ok
Reitin pituus: 12
(14, 1)
(13, 1)
(12, 1)
(11, 1)
(10, 1)
(10, 2)
(10, 3)
(9, 3)
(8, 3)
(7, 3)
(6, 3)
(5, 3)
(4, 3)
kaikki ok
Reitin pituus: 13
(8, 14)
(8, 15)
(9, 15)
(10, 15)
(11, 15)
(12, 15)
(12, 16)
(12, 17)
(11, 17)
(10, 17)
(10, 18)
(10, 19)
(11, 19)
(12, 19)
kaikki ok
Reitin pituus: 27
(17, 18)
(17, 17)
(16, 17)
(15, 17)
(14, 17)
(14, 16)
(14, 15)
(14, 14)
(14, 13)
(14, 12)
(14, 11)
(14, 10)
(14, 9)
(14, 8)
(14, 7)
(14, 6)
(14, 5)
(14, 4)
(14, 3)
(13, 3)
(12, 3)
(11, 3)
(10, 3)
(9, 3)
(8, 3)
(7, 3)
(6, 3)
(5, 3)
kaikki ok
Reitin pituus: 18
(1, 3)
(2, 3)
(3, 3)
(4, 3)
(4, 4)
(4, 5)
(4, 6)
(4, 7)
(4, 8)
(4, 9)
(5, 9)
(6, 9)
(6, 10)
(6, 11)
(7, 11)
(8, 11)
(9, 11)
(10, 11)
(11, 11)
kaikki ok
Reitin pituus: 15
(1, 1)
(2, 1)
(3, 1)
(4, 1)
(5, 1)
(6, 1)
(7, 1)
(8, 1)
(8, 2)
(8, 3)
(9, 3)
(10, 3)
(11, 3)
(12, 3)
(13, 3)
(14, 3)
kaikki ok
Reitin pituus: 12
(13, 9)
(14, 9)
(14, 10)
(14, 11)
(14, 12)
(14, 13)
(15, 13)
(16, 13)
(17, 13)
(17, 14)
(17, 15)
(16, 15)
(16, 16)
kaikki ok
Reitin pituus: 29
(3, 1)
(4, 1)
(4, 2)
(4, 3)
(4, 4)
(4, 5)
(4, 6)
(4, 7)
(4, 8)
(4, 9)
(4, 10)
(4, 11)
(4, 12)
(4, 13)
(4, 14)
(4, 15)
(5, 15)
(6, 15)
(6, 16)
(6, 17)
(7, 17)
(8, 17)
(8, 18)
(8, 19)
(9, 19)
(10, 19)
(11, 19)
(12, 19)
(13, 19)
(14, 19)
kaikki ok
Reitin pituus: 21
(17, 13)
(16, 13)
(15, 13)
(14, 13)
(13, 13)
(12, 13)
(12, 12)
(12, 11)
(11, 11)
(10, 11)
(9, 11)
(8, 11)
(7, 11)
(6, 11)
(6, 12)
(6, 13)
(5, 13)
(4, 13)
(3, 13)
(2, 13)
(1, 13)
(1, 14)
kaikki ok
Reitin pituus: 5
(11, 1)
(10, 1)
(10, 2)
(10, 3)
(9, 3)
(8, 3)
kaikki ok
Reitin pituus: 9
(10, 17)
(10, 18)
(10, 19)
(9, 19)
(8, 19)
(7, 19)
(6, 19)
(5, 19)
(4, 19)
(3, 19)
kaikki ok
Reitin pituus: 13
(7, 7)
(8, 7)
(8, 6)
(8, 5)
(7, 5)
(6, 5)
(6, 4)
(6, 3)
(5, 3)
(4, 3)
(4, 2)
(4, 1)
(3, 1)
(2, 1)
kaikki ok
Reitin pituus: 17
(5, 13)
(4, 13)
(4, 14)
(4, 15)
(5, 15)
(6, 15)
(6, 16)
(6, 17)
(7, 17)
(8, 17)
(8, 18)
(8, 19)
(9, 19)
(10, 19)
(11, 19)
(12, 19)
(13, 19)
(14, 19)
kaikki ok
Reitin pituus: 11
(6, 4)
(6, 3)
(7, 3)
(8, 3)
(9, 3)
(10, 3)
(11, 3)
(12, 3)
(13, 3)
(14, 3)
(14, 4)
(14, 5)
kaikki ok
Reitin pituus: 6
(4, 13)
(4, 14)
(4, 15)
(5, 15)
(6, 15)
(7, 15)
(8, 15)
kaikki ok
Reitin pituus: 21
(8, 3)
(9, 3)
(10, 3)
(11, 3)
(12, 3)
(13, 3)
(14, 3)
(14, 4)
(14, 5)
(14, 6)
(14, 7)
(14, 8)
(14, 9)
(14, 10)
(14, 11)
(14, 12)
(14, 13)
(14, 14)
(14, 15)
(14, 16)
(14, 17)
(15, 17)
kaikki ok
Reitin pituus: 20
(13, 19)
(12, 19)
(11, 19)
(10, 19)
(10, 18)
(10, 17)
(11, 17)
(12, 17)
(12, 16)
(12, 15)
(13, 15)
(14, 15)
(14, 14)
(14, 13)
(14, 12)
(14, 11)
(14, 10)
(14, 9)
(13, 9)
(12, 9)
(12, 8)
kaikki ok
Reitin pituus: 17
(6, 3)
(5, 3)
(4, 3)
(4, 4)
(4, 5)
(4, 6)
(4, 7)
(4, 8)
(4, 9)
(4, 10)
(4, 11)
(4, 12)
(4, 13)
(3, 13)
(2, 13)
(1, 13)
(1, 14)
(1, 15)
kaikki ok
Reitin pituus: 2
(12, 17)
(11, 17)
(10, 17)
kaikki ok
Reitin pituus: 12
(5, 13)
(6, 13)
(7, 13)
(8, 13)
(8, 14)
(8, 15)
(9, 15)
(10, 15)
(11, 15)
(12, 15)
(13, 15)
(14, 15)
(14, 14)
kaikki ok
Reitin pituus: 24
(16, 19)
(17, 19)
(17, 18)
(17, 17)
(16, 17)
(15, 17)
(14, 17)
(14, 16)
(14, 15)
(14, 14)
(14, 13)
(14, 12)
(14, 11)
(14, 10)
(14, 9)
(14, 8)
(14, 7)
(14, 6)
(14, 5)
(14, 4)
(14, 3)
(15, 3)
(16, 3)
(17, 3)
(17, 2)
kaikki ok
Reitin pituus: 7
(6, 7)
(7, 7)
(8, 7)
(9, 7)
(10, 7)
(11, 7)
(12, 7)
(12, 8)
kaikki ok
Reitin pituus: 18
(6, 1)
(5, 1)
(4, 1)
(4, 2)
(4, 3)
(4, 4)
(4, 5)
(4, 6)
(4, 7)
(4, 8)
(4, 9)
(4, 10)
(4, 11)
(4, 12)
(4, 13)
(4, 14)
(4, 15)
(5, 15)
(6, 15)
kaikki ok
Reitin pituus: 14
(13, 15)
(12, 15)
(11, 15)
(10, 15)
(9, 15)
(8, 15)
(7, 15)
(6, 15)
(5, 15)
(4, 15)
(4, 16)
(4, 17)
(3, 17)
(2, 17)
(1, 17)
kaikki ok
Reitin pituus: 6
(14, 13)
(14, 14)
(14, 15)
(14, 16)
(14, 17)
(15, 17)
(16, 17)
kaikki ok
Reitin pituus: 12
(17, 3)
(16, 3)
(15, 3)
(14, 3)
(13, 3)
(12, 3)
(11, 3)
(10, 3)
(9, 3)
(8, 3)
(8, 2)
(8, 1)
(7, 1)
kaikki ok
Reitin pituus: 14
(9, 11)
(8, 11)
(7, 11)
(6, 11)
(6, 10)
(6, 9)
(6, 8)
(6, 7)
(7, 7)
(8, 7)
(8, 6)
(8, 5)
(7, 5)
(6, 5)
(6, 4)
kaikki ok
Reitin pituus: 27
(14, 3)
(13, 3)
(12, 3)
(12, 4)
(12, 5)
(11, 5)
(10, 5)
(10, 6)
(10, 7)
(9, 7)
(8, 7)
(7, 7)
(6, 7)
(6, 8)
(6, 9)
(6, 10)
(6, 11)
(6, 12)
(6, 13)
(5, 13)
(4, 13)
(4, 14)
(4, 15)
(4, 16)
(4, 17)
(3, 17)
(2, 17)
(1, 17)
kaikki ok
Reitin pituus: 10
(9, 11)
(10, 11)
(11, 11)
(12, 11)
(12, 12)
(12, 13)
(13, 13)
(14, 13)
(14, 14)
(14, 15)
(14, 16)
kaikki ok
Reitin pituus: 6
(9, 9)
(9, 8)
(9, 7)
(8, 7)
(7, 7)
(6, 7)
(6, 8)
kaikki ok
Reitin pituus: 21
(8, 5)
(8, 6)
(8, 7)
(9, 7)
(10, 7)
(11, 7)
(12, 7)
(12, 8)
(12, 9)
(12, 10)
(12, 11)
(12, 12)
(12, 13)
(13, 13)
(14, 13)
(14, 14)
(14, 15)
(14, 16)
(14, 17)
(15, 17)
(16, 17)
(17, 17)
kaikki ok
Reitin pituus: 23
(12, 1)
(13, 1)
(14, 1)
(14, 2)
(14, 3)
(14, 4)
(14, 5)
(14, 6)
(14, 7)
(14, 8)
(14, 9)
(14, 10)
(14, 11)
(14, 12)
(14, 13)
(14, 14)
(14, 15)
(14, 16)
(14, 17)
(15, 17)
(16, 17)
(17, 17)
(17, 18)
(17, 19)
kaikki ok
Reitin pituus: 18
(8, 14)
(8, 15)
(9, 15)
(10, 15)
(10, 14)
(10, 13)
(11, 13)
(12, 13)
(13, 13)
(14, 13)
(14, 12)
(14, 11)
(14, 10)
(14, 9)
(14, 8)
(14, 7)
(14, 6)
(14, 5)
(14, 4)
kaikki ok
Reitin pituus: 16
(12, 8)
(12, 9)
(12, 10)
(12, 11)
(12, 12)
(12, 13)
(11, 13)
(10, 13)
(10, 14)
(10, 15)
(9, 15)
(8, 15)
(7, 15)
(6, 15)
(6, 16)
(6, 17)
(7, 17)
kaikki ok
Reitin pituus: 14
(2, 17)
(3, 17)
(4, 17)
(4, 16)
(4, 15)
(5, 15)
(6, 15)
(7, 15)
(8, 15)
(9, 15)
(10, 15)
(11, 15)
(12, 15)
(13, 15)
(14, 15)
kaikki ok
Reitin pituus: 13
(14, 14)
(14, 13)
(14, 12)
(14, 11)
(14, 10)
(14, 9)
(14, 8)
(14, 7)
(14, 6)
(14, 5)
(14, 4)
(14, 3)
(13, 3)
(12, 3)
kaikki ok
Reitin pituus: 22
(11, 1)
(12, 1)
(13, 1)
(14, 1)
(14, 2)
(14, 3)
(14, 4)
(14, 5)
(14, 6)
(14, 7)
(14, 8)
(14, 9)
(14, 10)
(14, 11)
(14, 12)
(14, 13)
(14, 14)
(14, 15)
(14, 16)
(14, 17)
(15, 17)
(16, 17)
(17, 17)
kaikki ok
Reitin pituus: 9
(14, 13)
(14, 14)
(14, 15)
(14, 16)
(14, 17)
(15, 17)
(16, 17)
(17, 17)
(17, 18)
(17, 19)
kaikki ok
Reitin pituus: 13
(16, 19)
(15, 19)
(14, 19)
(13, 19)
(12, 19)
(11, 19)
(10, 19)
(9, 19)
(8, 19)
(7, 19)
(6, 19)
(5, 19)
(4, 19)
(3, 19)
kaikki ok
Reitin pituus: 27
(2, 5)
(3, 5)
(4, 5)
(4, 6)
(4, 7)
(4, 8)
(4, 9)
(5, 9)
(6, 9)
(6, 10)
(6, 11)
(6, 12)
(6, 13)
(7, 13)
(8, 13)
(8, 14)
(8, 15)
(9, 15)
(10, 15)
(11, 15)
(12, 15)
(13, 15)
(14, 15)
(14, 16)
(14, 17)
(15, 17)
(16, 17)
(17, 17)
kaikki ok
Reitin pituus: 12
(3, 1)
(4, 1)
(4, 2)
(4, 3)
(5, 3)
(6, 3)
(6, 4)
(6, 5)
(7, 5)
(8, 5)
(8, 6)
(8, 7)
(9, 7)
kaikki ok
Reitin pituus: 20
(10, 1)
(11, 1)
(12, 1)
(13, 1)
(14, 1)
(14, 2)
(14, 3)
(14, 4)
(14, 5)
(14, 6)
(14, 7)
(14, 8)
(14, 9)
(14, 10)
(14, 11)
(14, 12)
(14, 13)
(14, 14)
(14, 15)
(13, 15)
(12, 15)
kaikki ok
Reitin pituus: 17
(6, 11)
(7, 11)
(8, 11)
(9, 11)
(10, 11)
(11, 11)
(12, 11)
(12, 12)
(12, 13)
(13, 13)
(14, 13)
(14, 14)
(14, 15)
(14, 16)
(14, 17)
(15, 17)
(16, 17)
(16, 16)
kaikki ok
Reitin pituus: 25
(17, 2)
(17, 3)
(17, 4)
(17, 5)
(16, 5)
(15, 5)
(14, 5)
(14, 6)
(14, 7)
(14, 8)
(14, 9)
(13, 9)
(12, 9)
(12, 10)
(12, 11)
(12, 12)
(12, 13)
(11, 13)
(10, 13)
(10, 14)
(10, 15)
(9, 15)
(8, 15)
(7, 15)
(6, 15)
(6, 16)
kaikki ok
Reitin pituus: 3
(7, 5)
(8, 5)
(8, 6)
(8, 7)
kaikki ok
Reitin pituus: 17
(1, 15)
(1, 14)
(1, 13)
(2, 13)
(3, 13)
(4, 13)
(4, 12)
(4, 11)
(4, 10)
(4, 9)
(4, 8)
(4, 7)
(4, 6)
(4, 5)
(3, 5)
(2, 5)
(1, 5)
(1, 4)
kaikki ok
Reitin pituus: 18
(17, 19)
(17, 18)
(17, 17)
(16, 17)
(15, 17)
(14, 17)
(14, 16)
(14, 15)
(13, 15)
(12, 15)
(11, 15)
(10, 15)
(9, 15)
(8, 15)
(7, 15)
(6, 15)
(5, 15)
(4, 15)
(4, 16)
kaikki ok
Reitin pituus: 15
(7, 19)
(8, 19)
(9, 19)
(10, 19)
(10, 18)
(10, 17)
(11, 17)
(12, 17)
(12, 16)
(12, 15)
(13, 15)
(14, 15)
(14, 14)
(14, 13)
(15, 13)
(16, 13)
kaikki ok
Reitin pituus: 17
(8, 9)
(9, 9)
(9, 8)
(9, 7)
(8, 7)
(7, 7)
(6, 7)
(6, 8)
(6, 9)
(6, 10)
(6, 11)
(6, 12)
(6, 13)
(5, 13)
(4, 13)
(4, 14)
(4, 15)
(4, 16)
kaikki ok
Reitin pituus: 17
(16, 13)
(15, 13)
(14, 13)
(14, 14)
(14, 15)
(13, 15)
(12, 15)
(11, 15)
(10, 15)
(9, 15)
(8, 15)
(7, 15)
(6, 15)
(5, 15)
(4, 15)
(4, 14)
(4, 13)
(4, 12)
kaikki ok
Reitin pituus: 16
(3, 13)
(4, 13)
(4, 14)
(4, 15)
(5, 15)
(6, 15)
(6, 16)
(6, 17)
(7, 17)
(8, 17)
(8, 18)
(8, 19)
(9, 19)
(10, 19)
(11, 19)
(12, 19)
(13, 19)
kaikki ok
Reitin pituus: 27
(6, 5)
(7, 5)
(8, 5)
(8, 6)
(8, 7)
(7, 7)
(6, 7)
(6, 8)
(6, 9)
(6, 10)
(6, 11)
(6, 12)
(6, 13)
(7, 13)
(8, 13)
(8, 14)
(8, 15)
(7, 15)
(6, 15)
(6, 16)
(6, 17)
(7, 17)
(8, 17)
(8, 18)
(8, 19)
(9, 19)
(10, 19)
(11, 19)
kaikki ok
Reitin pituus: 9
(12, 5)
(11, 5)
(10, 5)
(10, 6)
(10, 7)
(11, 7)
(12, 7)
(12, 8)
(12, 9)
(13, 9)
kaikki ok
Reitin pituus: 17
(7, 11)
(8, 11)
(9, 11)
(10, 11)
(11, 11)
(12, 11)
(12, 10)
(12, 9)
(13, 9)
(14, 9)
(14, 8)
(14, 7)
(14, 6)
(14, 5)
(15, 5)
(16, 5)
(17, 5)
(17, 4)
kaikki ok
Reitin pituus: 25
(6, 1)
(5, 1)
(4, 1)
(4, 2)
(4, 3)
(4, 4)
(4, 5)
(4, 6)
(4, 7)
(4, 8)
(4, 9)
(4, 10)
(4, 11)
(4, 12)
(4, 13)
(4, 14)
(4, 15)
(5, 15)
(6, 15)
(7, 15)
(8, 15)
(9, 15)
(10, 15)
(11, 15)
(12, 15)
(12, 16)
kaikki ok
Reitin pituus: 28
(17, 1)
(17, 2)
(17, 3)
(17, 4)
(17, 5)
(16, 5)
(15, 5)
(14, 5)
(14, 6)
(14, 7)
(14, 8)
(14, 9)
(14, 10)
(14, 11)
(14, 12)
(14, 13)
(14, 14)
(14, 15)
(13, 15)
(12, 15)
(11, 15)
(10, 15)
(9, 15)
(8, 15)
(7, 15)
(6, 15)
(6, 16)
(6, 17)
(7, 17)
kaikki ok
Reitin pituus: 7
(4, 9)
(4, 8)
(4, 7)
(4, 6)
(4, 5)
(3, 5)
(2, 5)
(1, 5)
kaikki ok
Reitin pituus: 25
(15, 1)
(14, 1)
(14, 2)
(14, 3)
(13, 3)
(12, 3)
(12, 4)
(12, 5)
(11, 5)
(10, 5)
(10, 6)
(10, 7)
(9, 7)
(8, 7)
(7, 7)
(6, 7)
(6, 8)
(6, 9)
(6, 10)
(6, 11)
(6, 12)
(6, 13)
(5, 13)
(4, 13)
(3, 13)
(2, 13)
kaikki ok
Reitin pituus: 10
(15, 13)
(14, 13)
(14, 14)
(14, 15)
(13, 15)
(12, 15)
(12, 16)
(12, 17)
(11, 17)
(10, 17)
(10, 18)
kaikki ok
Reitin pituus: 10
(3, 13)
(4, 13)
(5, 13)
(6, 13)
(6, 12)
(6, 11)
(6, 10)
(6, 9)
(6, 8)
(6, 7)
(7, 7)
kaikki ok
Reitin pituus: 23
(6, 17)
(6, 16)
(6, 15)
(7, 15)
(8, 15)
(9, 15)
(10, 15)
(10, 14)
(10, 13)
(11, 13)
(12, 13)
(12, 12)
(12, 11)
(12, 10)
(12, 9)
(13, 9)
(14, 9)
(14, 8)
(14, 7)
(14, 6)
(14, 5)
(14, 4)
(14, 3)
(15, 3)
kaikki ok
Reitin pituus: 3
(10, 6)
(10, 5)
(11, 5)
(12, 5)
kaikki ok
Reitin pituus: 13
(7, 13)
(6, 13)
(6, 12)
(6, 11)
(6, 10)
(6, 9)
(6, 8)
(6, 7)
(7, 7)
(8, 7)
(9, 7)
(9, 8)
(9, 9)
(8, 9)
kaikki ok
Reitin pituus: 27
(14, 1)
(14, 2)
(14, 3)
(13, 3)
(12, 3)
(12, 4)
(12, 5)
(11, 5)
(10, 5)
(10, 6)
(10, 7)
(9, 7)
(8, 7)
(7, 7)
(6, 7)
(6, 8)
(6, 9)
(6, 10)
(6, 11)
(6, 12)
(6, 13)
(5, 13)
(4, 13)
(4, 14)
(4, 15)
(4, 16)
(4, 17)
(3, 17)
kaikki ok
Reitin pituus: 10
(7, 15)
(6, 15)
(5, 15)
(4, 15)
(4, 14)
(4, 13)
(4, 12)
(4, 11)
(4, 10)
(4, 9)
(5, 9)
kaikki ok
Reitin pituus: 4
(8, 3)
(9, 3)
(10, 3)
(10, 2)
(10, 1)
kaikki ok
Reitin pituus: 16
(3, 1)
(4, 1)
(4, 2)
(4, 3)
(5, 3)
(6, 3)
(7, 3)
(8, 3)
(9, 3)
(10, 3)
(10, 2)
(10, 1)
(11, 1)
(12, 1)
(13, 1)
(14, 1)
(15, 1)
kaikki ok
Reitin pituus: 19
(3, 1)
(4, 1)
(4, 2)
(4, 3)
(4, 4)
(4, 5)
(4, 6)
(4, 7)
(4, 8)
(4, 9)
(4, 10)
(4, 11)
(4, 12)
(4, 13)
(4, 14)
(4, 15)
(5, 15)
(6, 15)
(6, 16)
(6, 17)
kaikki ok
Reitin pituus: 9
(1, 14)
(1, 15)
(2, 15)
(2, 16)
(2, 17)
(1, 17)
(1, 18)
(1, 19)
(2, 19)
(3, 19)
kaikki ok
Reitin pituus: 8
(10, 11)
(11, 11)
(12, 11)
(12, 12)
(12, 13)
(13, 13)
(14, 13)
(14, 14)
(14, 15)
kaikki ok
Reitin pituus: 14
(14, 7)
(14, 6)
(14, 5)
(14, 4)
(14, 3)
(13, 3)
(12, 3)
(11, 3)
(10, 3)
(9, 3)
(8, 3)
(7, 3)
(6, 3)
(5, 3)
(4, 3)
kaikki ok
Reitin pituus: 16
(15, 1)
(14, 1)
(13, 1)
(12, 1)
(11, 1)
(10, 1)
(10, 2)
(10, 3)
(9, 3)
(8, 3)
(7, 3)
(6, 3)
(5, 3)
(4, 3)
(3, 3)
(2, 3)
(1, 3)
kaikki ok
Reitin pituus: 20
(17, 19)
(17, 18)
(17, 17)
(16, 17)
(15, 17)
(14, 17)
(14, 16)
(14, 15)
(14, 14)
(14, 13)
(14, 12)
(14, 11)
(14, 10)
(14, 9)
(14, 8)
(14, 7)
(14, 6)
(14, 5)
(14, 4)
(14, 3)
(15, 3)
kaikki ok
Reitin pituus: 22
(10, 17)
(11, 17)
(12, 17)
(12, 16)
(12, 15)
(13, 15)
(14, 15)
(14, 14)
(14, 13)
(14, 12)
(14, 11)
(14, 10)
(14, 9)
(14, 8)
(14, 7)
(14, 6)
(14, 5)
(14, 4)
(14, 3)
(14, 2)
(14, 1)
(13, 1)
(12, 1)
kaikki ok
Reitin pituus: 7
(7, 11)
(8, 11)
(9, 11)
(10, 11)
(11, 11)
(12, 11)
(12, 10)
(12, 9)
kaikki ok
Reitin pituus: 7
(6, 1)
(7, 1)
(8, 1)
(8, 2)
(8, 3)
(9, 3)
(10, 3)
(11, 3)
kaikki ok
Reitin pituus: 13
(12, 3)
(11, 3)
(10, 3)
(9, 3)
(8, 3)
(7, 3)
(6, 3)
(5, 3)
(4, 3)
(4, 4)
(4, 5)
(4, 6)
(4, 7)
(4, 8)
kaikki ok
Reitin pituus: 24
(17, 18)
(17, 17)
(16, 17)
(15, 17)
(14, 17)
(14, 16)
(14, 15)
(14, 14)
(14, 13)
(14, 12)
(14, 11)
(14, 10)
(14, 9)
(14, 8)
(14, 7)
(14, 6)
(14, 5)
(14, 4)
(14, 3)
(13, 3)
(12, 3)
(11, 3)
(10, 3)
(9, 3)
(8, 3)
kaikki ok
Reitin pituus: 21
(10, 1)
(10, 2)
(10, 3)
(9, 3)
(8, 3)
(7, 3)
(6, 3)
(5, 3)
(4, 3)
(4, 4)
(4, 5)
(4, 6)
(4, 7)
(4, 8)
(4, 9)
(5, 9)
(6, 9)
(6, 10)
(6, 11)
(6, 12)
(6, 13)
(7, 13)
kaikki ok
Reitin pituus: 23
(1, 13)
(2, 13)
(3, 13)
(4, 13)
(4, 12)
(4, 11)
(4, 10)
(4, 9)
(4, 8)
(4, 7)
(4, 6)
(4, 5)
(4, 4)
(4, 3)
(5, 3)
(6, 3)
(7, 3)
(8, 3)
(9, 3)
(10, 3)
(10, 2)
(10, 1)
(11, 1)
(12, 1)
kaikki ok
Reitin pituus: 15
(14, 9)
(14, 10)
(14, 11)
(14, 12)
(14, 13)
(14, 14)
(14, 15)
(14, 16)
(14, 17)
(15, 17)
(16, 17)
(17, 17)
(17, 18)
(17, 19)
(16, 19)
(15, 19)
kaikki ok
Reitin pituus: 11
(4, 16)
(4, 15)
(4, 14)
(4, 13)
(4, 12)
(4, 11)
(4, 10)
(4, 9)
(5, 9)
(6, 9)
(6, 8)
(6, 7)
kaikki ok
Reitin pituus: 12
(9, 8)
(9, 7)
(10, 7)
(10, 6)
(10, 5)
(11, 5)
(12, 5)
(12, 4)
(12, 3)
(13, 3)
(14, 3)
(14, 2)
(14, 1)
kaikki ok
Reitin pituus: 4
(14, 13)
(15, 13)
(16, 13)
(17, 13)
(17, 14)
kaikki ok
Reitin pituus: 9
(12, 9)
(13, 9)
(14, 9)
(14, 8)
(14, 7)
(14, 6)
(14, 5)
(15, 5)
(16, 5)
(17, 5)
kaikki ok
Reitin pituus: 10
(14, 2)
(14, 3)
(13, 3)
(12, 3)
(11, 3)
(10, 3)
(9, 3)
(8, 3)
(7, 3)
(6, 3)
(6, 4)
kaikki ok
Reitin pituus: 2
(14, 9)
(14, 8)
(14, 7)
kaikki ok
Reitin pituus: 11
(6, 10)
(6, 11)
(6, 12)
(6, 13)
(7, 13)
(8, 13)
(8, 14)
(8, 15)
(9, 15)
(10, 15)
(10, 14)
(10, 13)
kaikki ok
Reitin pituus: 25
(9, 9)
(9, 8)
(9, 7)
(10, 7)
(11, 7)
(12, 7)
(12, 8)
(12, 9)
(13, 9)
(14, 9)
(14, 10)
(14, 11)
(14, 12)
(14, 13)
(14, 14)
(14, 15)
(14, 16)
(14, 17)
(15, 17)
(16, 17)
(17, 17)
(17, 18)
(17, 19)
(16, 19)
(15, 19)
(14, 19)
kaikki ok
Reitin pituus: 15
(5, 1)
(4, 1)
(4, 2)
(4, 3)
(4, 4)
(4, 5)
(4, 6)
(4, 7)
(4, 8)
(4, 9)
(5, 9)
(6, 9)
(6, 10)
(6, 11)
(7, 11)
(8, 11)
kaikki ok
Reitin pituus: 4
(4, 12)
(4, 13)
(4, 14)
(4, 15)
(4, 16)
kaikki ok
Reitin pituus: 26
(5, 1)
(4, 1)
(4, 2)
(4, 3)
(4, 4)
(4, 5)
(4, 6)
(4, 7)
(4, 8)
(4, 9)
(4, 10)
(4, 11)
(4, 12)
(4, 13)
(4, 14)
(4, 15)
(5, 15)
(6, 15)
(6, 16)
(6, 17)
(7, 17)
(8, 17)
(8, 18)
(8, 19)
(9, 19)
(10, 19)
(10, 18)
kaikki ok
Reitin pituus: 12
(14, 5)
(14, 6)
(14, 7)
(14, 8)
(14, 9)
(13, 9)
(12, 9)
(12, 10)
(12, 11)
(12, 12)
(12, 13)
(11, 13)
(10, 13)
kaikki ok
Reitin pituus: 13
(6, 10)
(6, 9)
(5, 9)
(4, 9)
(4, 8)
(4, 7)
(4, 6)
(4, 5)
(4, 4)
(4, 3)
(4, 2)
(4, 1)
(3, 1)
(2, 1)
kaikki ok
Reitin pituus: 22
(9, 7)
(8, 7)
(7, 7)
(6, 7)
(6, 8)
(6, 9)
(5, 9)
(4, 9)
(4, 10)
(4, 11)
(4, 12)
(4, 13)
(4, 14)
(4, 15)
(4, 16)
(4, 17)
(3, 17)
(2, 17)
(1, 17)
(1, 18)
(1, 19)
(2, 19)
(3, 19)
kaikki ok
Reitin pituus: 16
(13, 1)
(12, 1)
(11, 1)
(10, 1)
(10, 2)
(10, 3)
(9, 3)
(8, 3)
(7, 3)
(6, 3)
(5, 3)
(4, 3)
(4, 4)
(4, 5)
(3, 5)
(2, 5)
(1, 5)
kaikki ok
Reitin pituus: 21
(12, 16)
(12, 15)
(13, 15)
(14, 15)
(14, 14)
(14, 13)
(14, 12)
(14, 11)
(14, 10)
(14, 9)
(14, 8)
(14, 7)
(14, 6)
(14, 5)
(14, 4)
(14, 3)
(13, 3)
(12, 3)
(11, 3)
(10, 3)
(10, 2)
(10, 1)
kaikki ok
Reitin pituus: 7
(6, 12)
(6, 13)
(5, 13)
(4, 13)
(3, 13)
(2, 13)
(1, 13)
(1, 14)
kaikki ok
Reitin pituus: 12
(14, 12)
(14, 13)
(14, 14)
(14, 15)
(13, 15)
(12, 15)
(12, 16)
(12, 17)
(11, 17)
(10, 17)
(10, 18)
(10, 19)
(9, 19)
kaikki ok
Reitin pituus: 18
(2, 15)
(1, 15)
(1, 14)
(1, 13)
(2, 13)
(3, 13)
(4, 13)
(4, 12)
(4, 11)
(4, 10)
(4, 9)
(4, 8)
(4, 7)
(4, 6)
(4, 5)
(3, 5)
(2, 5)
(1, 5)
(1, 4)
kaikki ok
Reitin pituus: 29
(8, 1)
(7, 1)
(6, 1)
(5, 1)
(4, 1)
(4, 2)
(4, 3)
(4, 4)
(4, 5)
(4, 6)
(4, 7)
(4, 8)
(4, 9)
(4, 10)
(4, 11)
(4, 12)
(4, 13)
(4, 14)
(4, 15)
(5, 15)
(6, 15)
(6, 16)
(6, 17)
(7, 17)
(8, 17)
(8, 18)
(8, 19)
(7, 19)
(6, 19)
(5, 19)
kaikki ok
Reitin pituus: 24
(9, 3)
(8, 3)
(7, 3)
(6, 3)
(5, 3)
(4, 3)
(4, 4)
(4, 5)
(4, 6)
(4, 7)
(4, 8)
(4, 9)
(4, 10)
(4, 11)
(4, 12)
(4, 13)
(4, 14)
(4, 15)
(5, 15)
(6, 15)
(6, 16)
(6, 17)
(7, 17)
(8, 17)
(8, 18)
kaikki ok
Reitin pituus: 28
(2, 3)
(3, 3)
(4, 3)
(5, 3)
(6, 3)
(6, 4)
(6, 5)
(7, 5)
(8, 5)
(8, 6)
(8, 7)
(9, 7)
(10, 7)
(11, 7)
(12, 7)
(12, 8)
(12, 9)
(12, 10)
(12, 11)
(12, 12)
(12, 13)
(13, 13)
(14, 13)
(14, 14)
(14, 15)
(14, 16)
(14, 17)
(15, 17)
(16, 17)
kaikki ok
Reitin pituus: 7
(17, 18)
(17, 17)
(16, 17)
(16, 16)
(16, 15)
(17, 15)
(17, 14)
(17, 13)
kaikki ok
Reitin pituus: 9
(15, 17)
(14, 17)
(14, 16)
(14, 15)
(14, 14)
(14, 13)
(14, 12)
(14, 11)
(14, 10)
(14, 9)
kaikki ok
Reitin pituus: 8
(8, 11)
(7, 11)
(6, 11)
(6, 12)
(6, 13)
(5, 13)
(4, 13)
(3, 13)
(2, 13)
kaikki ok
Reitin pituus: 11
(12, 13)
(11, 13)
(10, 13)
(10, 14)
(10, 15)
(11, 15)
(12, 15)
(12, 16)
(12, 17)
(11, 17)
(10, 17)
(10, 18)
kaikki ok
Reitin pituus: 19
(3, 5)
(4, 5)
(4, 6)
(4, 7)
(4, 8)
(4, 9)
(5, 9)
(6, 9)
(6, 10)
(6, 11)
(6, 12)
(6, 13)
(7, 13)
(8, 13)
(8, 14)
(8, 15)
(9, 15)
(10, 15)
(10, 14)
(10, 13)
kaikki ok
Reitin pituus: 16
(14, 15)
(14, 14)
(14, 13)
(14, 12)
(14, 11)
(14, 10)
(14, 9)
(14, 8)
(14, 7)
(14, 6)
(14, 5)
(14, 4)
(14, 3)
(13, 3)
(12, 3)
(12, 4)
(12, 5)
kaikki ok
Reitin pituus: 22
(6, 16)
(6, 15)
(5, 15)
(4, 15)
(4, 14)
(4, 13)
(4, 12)
(4, 11)
(4, 10)
(4, 9)
(5, 9)
(6, 9)
(6, 8)
(6, 7)
(7, 7)
(8, 7)
(9, 7)
(10, 7)
(10, 6)
(10, 5)
(11, 5)
(12, 5)
(12, 4)
kaikki ok
Reitin pituus: 24
(8, 17)
(7, 17)
(6, 17)
(6, 16)
(6, 15)
(7, 15)
(8, 15)
(9, 15)
(10, 15)
(10, 14)
(10, 13)
(11, 13)
(12, 13)
(12, 12)
(12, 11)
(12, 10)
(12, 9)
(13, 9)
(14, 9)
(14, 8)
(14, 7)
(14, 6)
(14, 5)
(15, 5)
(16, 5)
kaikki ok
Reitin pituus: 9
(4, 10)
(4, 11)
(4, 12)
(4, 13)
(4, 14)
(4, 15)
(4, 16)
(4, 17)
(3, 17)
(2, 17)
kaikki ok
Reitin pituus: 5
(17, 2)
(17, 3)
(16, 3)
(15, 3)
(14, 3)
(14, 4)
kaikki ok
Reitin pituus: 14
(1, 1)
(1, 2)
(1, 3)
(2, 3)
(3, 3)
(4, 3)
(5, 3)
(6, 3)
(6, 4)
(6, 5)
(7, 5)
(8, 5)
(8, 6)
(8, 7)
(9, 7)
kaikki ok
Reitin pituus: 15
(1, 4)
(1, 3)
(2, 3)
(3, 3)
(4, 3)
(5, 3)
(6, 3)
(6, 4)
(6, 5)
(7, 5)
(8, 5)
(8, 6)
(8, 7)
(9, 7)
(10, 7)
(10, 6)
kaikki ok
Reitin pituus: 10
(11, 17)
(12, 17)
(12, 16)
(12, 15)
(11, 15)
(10, 15)
(9, 15)
(8, 15)
(7, 15)
(6, 15)
(5, 15)
kaikki ok
Reitin pituus: 11
(12, 19)
(11, 19)
(10, 19)
(10, 18)
(10, 17)
(11, 17)
(12, 17)
(12, 16)
(12, 15)
(11, 15)
(10, 15)
(9, 15)
kaikki ok
Reitin pituus: 11
(1, 14)
(1, 15)
(2, 15)
(2, 16)
(2, 17)
(1, 17)
(1, 18)
(1, 19)
(2, 19)
(3, 19)
(4, 19)
(5, 19)
kaikki ok
Reitin pituus: 20
(4, 3)
(4, 4)
(4, 5)
(4, 6)
(4, 7)
(4, 8)
(4, 9)
(4, 10)
(4, 11)
(4, 12)
(4, 13)
(4, 14)
(4, 15)
(5, 15)
(6, 15)
(6, 16)
(6, 17)
(7, 17)
(8, 17)
(8, 18)
(8, 19)
kaikki ok
Reitin pituus: 26
(17, 3)
(16, 3)
(15, 3)
(14, 3)
(14, 4)
(14, 5)
(14, 6)
(14, 7)
(14, 8)
(14, 9)
(14, 10)
(14, 11)
(14, 12)
(14, 13)
(14, 14)
(14, 15)
(13, 15)
(12, 15)
(12, 16)
(12, 17)
(11, 17)
(10, 17)
(10, 18)
(10, 19)
(9, 19)
(8, 19)
(8, 18)
kaikki ok
Reitin pituus: 21
(7, 3)
(8, 3)
(9, 3)
(10, 3)
(11, 3)
(12, 3)
(13, 3)
(14, 3)
(14, 4)
(14, 5)
(14, 6)
(14, 7)
(14, 8)
(14, 9)
(14, 10)
(14, 11)
(14, 12)
(14, 13)
(14, 14)
(14, 15)
(13, 15)
(12, 15)
kaikki ok
Reitin pituus: 9
(12, 1)
(13, 1)
(14, 1)
(14, 2)
(14, 3)
(14, 4)
(14, 5)
(14, 6)
(14, 7)
(14, 8)
kaikki ok
Reitin pituus: 15
(2, 16)
(2, 17)
(1, 17)
(1, 18)
(1, 19)
(2, 19)
(3, 19)
(4, 19)
(5, 19)
(6, 19)
(7, 19)
(8, 19)
(9, 19)
(10, 19)
(10, 18)
(10, 17)
kaikki ok
Reitin pituus: 9
(11, 5)
(12, 5)
(12, 4)
(12, 3)
(11, 3)
(10, 3)
(9, 3)
(8, 3)
(8, 2)
(8, 1)
kaikki ok
Reitin pituus: 26
(8, 19)
(9, 19)
(10, 19)
(10, 18)
(10, 17)
(11, 17)
(12, 17)
(12, 16)
(12, 15)
(13, 15)
(14, 15)
(14, 14)
(14, 13)
(14, 12)
(14, 11)
(14, 10)
(14, 9)
(14, 8)
(14, 7)
(14, 6)
(14, 5)
(14, 4)
(14, 3)
(13, 3)
(12, 3)
(11, 3)
(10, 3)
kaikki ok
Reitin pituus: 10
(4, 1)
(4, 2)
(4, 3)
(4, 4)
(4, 5)
(4, 6)
(4, 7)
(4, 8)
(4, 9)
(5, 9)
(6, 9)
kaikki ok
Reitin pituus: 9
(6, 5)
(6, 4)
(6, 3)
(7, 3)
(8, 3)
(9, 3)
(10, 3)
(11, 3)
(12, 3)
(12, 4)
kaikki ok
Reitin pituus: 17
(17, 13)
(16, 13)
(15, 13)
(14, 13)
(14, 12)
(14, 11)
(14, 10)
(14, 9)
(13, 9)
(12, 9)
(12, 8)
(12, 7)
(11, 7)
(10, 7)
(9, 7)
(8, 7)
(8, 6)
(8, 5)
kaikki ok
Reitin pituus: 10
(8, 3)
(7, 3)
(6, 3)
(6, 4)
(6, 5)
(7, 5)
(8, 5)
(8, 6)
(8, 7)
(7, 7)
(6, 7)
kaikki ok
Reitin pituus: 21
(1, 4)
(1, 5)
(2, 5)
(3, 5)
(4, 5)
(4, 6)
(4, 7)
(4, 8)
(4, 9)
(5, 9)
(6, 9)
(6, 10)
(6, 11)
(6, 12)
(6, 13)
(7, 13)
(8, 13)
(8, 14)
(8, 15)
(9, 15)
(10, 15)
(10, 14)
kaikki ok
Reitin pituus: 16
(7, 15)
(8, 15)
(9, 15)
(10, 15)
(10, 14)
(10, 13)
(11, 13)
(12, 13)
(12, 12)
(12, 11)
(12, 10)
(12, 9)
(12, 8)
(12, 7)
(11, 7)
(10, 7)
(10, 6)
kaikki ok
Reitin pituus: 24
(15, 19)
(16, 19)
(17, 19)
(17, 18)
(17, 17)
(16, 17)
(15, 17)
(14, 17)
(14, 16)
(14, 15)
(14, 14)
(14, 13)
(14, 12)
(14, 11)
(14, 10)
(14, 9)
(13, 9)
(12, 9)
(12, 8)
(12, 7)
(11, 7)
(10, 7)
(9, 7)
(8, 7)
(8, 6)
kaikki ok
Reitin pituus: 13
(1, 2)
(1, 3)
(2, 3)
(3, 3)
(4, 3)
(5, 3)
(6, 3)
(7, 3)
(8, 3)
(9, 3)
(10, 3)
(10, 2)
(10, 1)
(11, 1)
kaikki ok
Reitin pituus: 12
(14, 10)
(14, 9)
(14, 8)
(14, 7)
(14, 6)
(14, 5)
(14, 4)
(14, 3)
(13, 3)
(12, 3)
(11, 3)
(10, 3)
(10, 2)
kaikki ok
Reitin pituus: 17
(11, 15)
(10, 15)
(10, 14)
(10, 13)
(11, 13)
(12, 13)
(12, 12)
(12, 11)
(12, 10)
(12, 9)
(12, 8)
(12, 7)
(11, 7)
(10, 7)
(9, 7)
(9, 8)
(9, 9)
(10, 9)
kaikki ok
Reitin pituus: 11
(4, 1)
(4, 2)
(4, 3)
(4, 4)
(4, 5)
(4, 6)
(4, 7)
(4, 8)
(4, 9)
(5, 9)
(6, 9)
(6, 10)
kaikki ok
Reitin pituus: 14
(14, 14)
(14, 13)
(14, 12)
(14, 11)
(14, 10)
(14, 9)
(14, 8)
(14, 7)
(14, 6)
(14, 5)
(15, 5)
(16, 5)
(17, 5)
(17, 4)
(17, 3)
kaikki ok
Reitin pituus: 10
(11, 5)
(12, 5)
(12, 4)
(12, 3)
(13, 3)
(14, 3)
(14, 2)
(14, 1)
(15, 1)
(16, 1)
(17, 1)
kaikki ok
Reitin pituus: 23
(8, 17)
(7, 17)
(6, 17)
(6, 16)
(6, 15)
(7, 15)
(8, 15)
(9, 15)
(10, 15)
(10, 14)
(10, 13)
(11, 13)
(12, 13)
(12, 12)
(12, 11)
(12, 10)
(12, 9)
(12, 8)
(12, 7)
(11, 7)
(10, 7)
(10, 6)
(10, 5)
(11, 5)
kaikki ok
Reitin pituus: 7
(4, 5)
(4, 4)
(4, 3)
(5, 3)
(6, 3)
(7, 3)
(8, 3)
(9, 3)
kaikki ok
Reitin pituus: 28
(1, 17)
(2, 17)
(3, 17)
(4, 17)
(4, 16)
(4, 15)
(4, 14)
(4, 13)
(4, 12)
(4, 11)
(4, 10)
(4, 9)
(4, 8)
(4, 7)
(4, 6)
(4, 5)
(4, 4)
(4, 3)
(5, 3)
(6, 3)
(7, 3)
(8, 3)
(9, 3)
(10, 3)
(10, 2)
(10, 1)
(11, 1)
(12, 1)
(13, 1)
kaikki ok
Reitin pituus: 17
(17, 15)
(17, 14)
(17, 13)
(16, 13)
(15, 13)
(14, 13)
(13, 13)
(12, 13)
(12, 12)
(12, 11)
(11, 11)
(10, 11)
(9, 11)
(8, 11)
(7, 11)
(6, 11)
(6, 12)
(6, 13)
kaikki ok
Reitin pituus: 18
(5, 9)
(6, 9)
(6, 10)
(6, 11)
(7, 11)
(8, 11)
(9, 11)
(10, 11)
(11, 11)
(12, 11)
(12, 12)
(12, 13)
(13, 13)
(14, 13)
(14, 14)
(14, 15)
(14, 16)
(14, 17)
(15, 17)
kaikki ok
Reitin pituus: 18
(2, 17)
(3, 17)
(4, 17)
(4, 16)
(4, 15)
(4, 14)
(4, 13)
(4, 12)
(4, 11)
(4, 10)
(4, 9)
(4, 8)
(4, 7)
(4, 6)
(4, 5)
(4, 4)
(4, 3)
(4, 2)
(4, 1)
kaikki ok
Reitin pituus: 14
(4, 8)
(4, 9)
(5, 9)
(6, 9)
(6, 10)
(6, 11)
(7, 11)
(8, 11)
(9, 11)
(10, 11)
(11, 11)
(12, 11)
(12, 12)
(12, 13)
(13, 13)
kaikki ok
Reitin pituus: 17
(10, 18)
(10, 17)
(11, 17)
(12, 17)
(12, 16)
(12, 15)
(11, 15)
(10, 15)
(10, 14)
(10, 13)
(11, 13)
(12, 13)
(12, 12)
(12, 11)
(11, 11)
(10, 11)
(9, 11)
(8, 11)
kaikki ok
Reitin pituus: 13
(5, 13)
(4, 13)
(4, 14)
(4, 15)
(5, 15)
(6, 15)
(6, 16)
(6, 17)
(7, 17)
(8, 17)
(8, 18)
(8, 19)
(9, 19)
(10, 19)
kaikki ok
Reitin pituus: 3
(5, 3)
(4, 3)
(3, 3)
(2, 3)
kaikki ok
Reitin pituus: 9
(6, 4)
(6, 5)
(7, 5)
(8, 5)
(8, 6)
(8, 7)
(7, 7)
(6, 7)
(6, 8)
(6, 9)
kaikki ok
Reitin pituus: 13
(4, 2)
(4, 3)
(4, 4)
(4, 5)
(4, 6)
(4, 7)
(4, 8)
(4, 9)
(5, 9)
(6, 9)
(6, 10)
(6, 11)
(6, 12)
(6, 13)
kaikki ok
Reitin pituus: 24
(3, 19)
(2, 19)
(1, 19)
(1, 18)
(1, 17)
(2, 17)
(3, 17)
(4, 17)
(4, 16)
(4, 15)
(4, 14)
(4, 13)
(4, 12)
(4, 11)
(4, 10)
(4, 9)
(4, 8)
(4, 7)
(4, 6)
(4, 5)
(4, 4)
(4, 3)
(4, 2)
(4, 1)
(5, 1)
kaikki ok
Reitin pituus: 23
(6, 16)
(6, 15)
(7, 15)
(8, 15)
(9, 15)
(10, 15)
(10, 14)
(10, 13)
(11, 13)
(12, 13)
(12, 12)
(12, 11)
(12, 10)
(12, 9)
(13, 9)
(14, 9)
(14, 8)
(14, 7)
(14, 6)
(14, 5)
(14, 4)
(14, 3)
(14, 2)
(14, 1)
kaikki ok
Reitin pituus: 27
(2, 17)
(3, 17)
(4, 17)
(4, 16)
(4, 15)
(4, 14)
(4, 13)
(4, 12)
(4, 11)
(4, 10)
(4, 9)
(4, 8)
(4, 7)
(4, 6)
(4, 5)
(4, 4)
(4, 3)
(5, 3)
(6, 3)
(7, 3)
(8, 3)
(9, 3)
(10, 3)
(10, 2)
(10, 1)
(11, 1)
(12, 1)
(13, 1)
kaikki ok
Reitin pituus: 14
(11, 5)
(10, 5)
(10, 6)
(10, 7)
(9, 7)
(8, 7)
(7, 7)
(6, 7)
(6, 8)
(6, 9)
(6, 10)
(6, 11)
(6, 12)
(6, 13)
(7, 13)
kaikki ok
Reitin pituus: 17
(12, 13)
(13, 13)
(14, 13)
(14, 12)
(14, 11)
(14, 10)
(14, 9)
(14, 8)
(14, 7)
(14, 6)
(14, 5)
(14, 4)
(14, 3)
(13, 3)
(12, 3)
(11, 3)
(10, 3)
(9, 3)
kaikki ok
Reitin pituus: 13
(5, 13)
(4, 13)
(4, 14)
(4, 15)
(5, 15)
(6, 15)
(6, 16)
(6, 17)
(7, 17)
(8, 17)
(8, 18)
(8, 19)
(7, 19)
(6, 19)
kaikki ok
Reitin pituus: 13
(9, 7)
(8, 7)
(7, 7)
(6, 7)
(6, 8)
(6, 9)
(5, 9)
(4, 9)
(4, 10)
(4, 11)
(4, 12)
(4, 13)
(3, 13)
(2, 13)
kaikki ok
Reitin pituus: 24
(12, 15)
(11, 15)
(10, 15)
(9, 15)
(8, 15)
(7, 15)
(6, 15)
(5, 15)
(4, 15)
(4, 14)
(4, 13)
(4, 12)
(4, 11)
(4, 10)
(4, 9)
(4, 8)
(4, 7)
(4, 6)
(4, 5)
(4, 4)
(4, 3)
(3, 3)
(2, 3)
(1, 3)
(1, 2)
kaikki ok
Reitin pituus: 17
(9, 11)
(10, 11)
(11, 11)
(12, 11)
(12, 12)
(12, 13)
(11, 13)
(10, 13)
(10, 14)
(10, 15)
(11, 15)
(12, 15)
(12, 16)
(12, 17)
(11, 17)
(10, 17)
(10, 18)
(10, 19)
kaikki ok
Reitin pituus: 11
(4, 16)
(4, 15)
(4, 14)
(4, 13)
(5, 13)
(6, 13)
(6, 12)
(6, 11)
(7, 11)
(8, 11)
(9, 11)
(10, 11)
kaikki ok
Reitin pituus: 9
(9, 11)
(8, 11)
(7, 11)
(6, 11)
(6, 10)
(6, 9)
(5, 9)
(4, 9)
(4, 8)
(4, 7)
kaikki ok
Reitin pituus: 11
(4, 10)
(4, 11)
(4, 12)
(4, 13)
(4, 14)
(4, 15)
(5, 15)
(6, 15)
(6, 16)
(6, 17)
(7, 17)
(8, 17)
kaikki ok
Reitin pituus: 23
(6, 3)
(6, 4)
(6, 5)
(7, 5)
(8, 5)
(8, 6)
(8, 7)
(9, 7)
(10, 7)
(11, 7)
(12, 7)
(12, 8)
(12, 9)
(13, 9)
(14, 9)
(14, 10)
(14, 11)
(14, 12)
(14, 13)
(14, 14)
(14, 15)
(14, 16)
(14, 17)
(15, 17)
kaikki ok
Reitin pituus: 19
(1, 5)
(2, 5)
(3, 5)
(4, 5)
(4, 6)
(4, 7)
(4, 8)
(4, 9)
(4, 10)
(4, 11)
(4, 12)
(4, 13)
(4, 14)
(4, 15)
(5, 15)
(6, 15)
(7, 15)
(8, 15)
(9, 15)
(10, 15)
kaikki ok
Reitin pituus: 7
(8, 2)
(8, 3)
(9, 3)
(10, 3)
(11, 3)
(12, 3)
(12, 4)
(12, 5)
kaikki ok
Reitin pituus: 9
(17, 14)
(17, 15)
(16, 15)
(16, 16)
(16, 17)
(17, 17)
(17, 18)
(17, 19)
(16, 19)
(15, 19)
kaikki ok
Reitin pituus: 5
(16, 17)
(15, 17)
(14, 17)
(14, 16)
(14, 15)
(14, 14)
kaikki ok
Reitin pituus: 18
(6, 12)
(6, 13)
(7, 13)
(8, 13)
(8, 14)
(8, 15)
(9, 15)
(10, 15)
(11, 15)
(12, 15)
(12, 16)
(12, 17)
(11, 17)
(10, 17)
(10, 18)
(10, 19)
(11, 19)
(12, 19)
(13, 19)
kaikki ok
Reitin pituus: 10
(8, 3)
(9, 3)
(10, 3)
(11, 3)
(12, 3)
(12, 4)
(12, 5)
(11, 5)
(10, 5)
(10, 6)
(10, 7)
kaikki ok
Reitin pituus: 8
(12, 17)
(11, 17)
(10, 17)
(10, 18)
(10, 19)
(9, 19)
(8, 19)
(8, 18)
(8, 17)
kaikki ok
Reitin pituus: 17
(6, 8)
(6, 7)
(7, 7)
(8, 7)
(9, 7)
(10, 7)
(11, 7)
(12, 7)
(12, 8)
(12, 9)
(13, 9)
(14, 9)
(14, 8)
(14, 7)
(14, 6)
(14, 5)
(15, 5)
(16, 5)
kaikki ok
Reitin pituus: 20
(11, 1)
(12, 1)
(13, 1)
(14, 1)
(14, 2)
(14, 3)
(14, 4)
(14, 5)
(14, 6)
(14, 7)
(14, 8)
(14, 9)
(14, 10)
(14, 11)
(14, 12)
(14, 13)
(14, 14)
(14, 15)
(13, 15)
(12, 15)
(12, 16)
kaikki ok
Reitin pituus: 27
(14, 1)
(14, 2)
(14, 3)
(14, 4)
(14, 5)
(14, 6)
(14, 7)
(14, 8)
(14, 9)
(14, 10)
(14, 11)
(14, 12)
(14, 13)
(14, 14)
(14, 15)
(13, 15)
(12, 15)
(12, 16)
(12, 17)
(11, 17)
(10, 17)
(10, 18)
(10, 19)
(9, 19)
(8, 19)
(7, 19)
(6, 19)
(5, 19)
kaikki ok
Reitin pituus: 24
(7, 17)
(6, 17)
(6, 16)
(6, 15)
(5, 15)
(4, 15)
(4, 14)
(4, 13)
(4, 12)
(4, 11)
(4, 10)
(4, 9)
(4, 8)
(4, 7)
(4, 6)
(4, 5)
(4, 4)
(4, 3)
(5, 3)
(6, 3)
(7, 3)
(8, 3)
(9, 3)
(10, 3)
(10, 2)
kaikki ok
Reitin pituus: 28
(4, 1)
(4, 2)
(4, 3)
(5, 3)
(6, 3)
(6, 4)
(6, 5)
(7, 5)
(8, 5)
(8, 6)
(8, 7)
(9, 7)
(10, 7)
(11, 7)
(12, 7)
(12, 8)
(12, 9)
(12, 10)
(12, 11)
(12, 12)
(12, 13)
(13, 13)
(14, 13)
(15, 13)
(16, 13)
(17, 13)
(17, 14)
(17, 15)
(16, 15)
kaikki ok
Reitin pituus: 18
(4, 6)
(4, 7)
(4, 8)
(4, 9)
(4, 10)
(4, 11)
(4, 12)
(4, 13)
(4, 14)
(4, 15)
(4, 16)
(4, 17)
(3, 17)
(2, 17)
(1, 17)
(1, 18)
(1, 19)
(2, 19)
(3, 19)
kaikki ok
Reitin pituus: 12
(13, 1)
(14, 1)
(14, 2)
(14, 3)
(13, 3)
(12, 3)
(12, 4)
(12, 5)
(11, 5)
(10, 5)
(10, 6)
(10, 7)
(11, 7)
kaikki ok
Reitin pituus: 5
(7, 7)
(6, 7)
(6, 8)
(6, 9)
(6, 10)
(6, 11)
kaikki ok
Reitin pituus: 3
(7, 13)
(6, 13)
(6, 12)
(6, 11)
kaikki ok
Reitin pituus: 18
(17, 2)
(17, 3)
(16, 3)
(15, 3)
(14, 3)
(13, 3)
(12, 3)
(11, 3)
(10, 3)
(9, 3)
(8, 3)
(7, 3)
(6, 3)
(5, 3)
(4, 3)
(3, 3)
(2, 3)
(1, 3)
(1, 2)
kaikki ok
Reitin pituus: 1
(16, 1)
(15, 1)
kaikki ok
Reitin pituus: 28
(5, 19)
(6, 19)
(7, 19)
(8, 19)
(9, 19)
(10, 19)
(10, 18)
(10, 17)
(11, 17)
(12, 17)
(12, 16)
(12, 15)
(13, 15)
(14, 15)
(14, 14)
(14, 13)
(14, 12)
(14, 11)
(14, 10)
(14, 9)
(14, 8)
(14, 7)
(14, 6)
(14, 5)
(15, 5)
(16, 5)
(17, 5)
(17, 4)
(17, 3)
kaikki ok
Reitin pituus: 14
(4, 14)
(4, 15)
(5, 15)
(6, 15)
(7, 15)
(8, 15)
(9, 15)
(10, 15)
(11, 15)
(12, 15)
(13, 15)
(14, 15)
(14, 14)
(14, 13)
(14, 12)
kaikki ok
Reitin pituus: 19
(17, 13)
(16, 13)
(15, 13)
(14, 13)
(14, 12)
(14, 11)
(14, 10)
(14, 9)
(13, 9)
(12, 9)
(12, 8)
(12, 7)
(11, 7)
(10, 7)
(9, 7)
(8, 7)
(8, 6)
(8, 5)
(7, 5)
(6, 5)
kaikki ok
Reitin pituus: 7
(4, 6)
(4, 7)
(4, 8)
(4, 9)
(5, 9)
(6, 9)
(6, 10)
(6, 11)
kaikki ok
Reitin pituus: 3
(11, 3)
(12, 3)
(13, 3)
(14, 3)
kaikki ok
Reitin pituus: 16
(14, 9)
(13, 9)
(12, 9)
(12, 10)
(12, 11)
(11, 11)
(10, 11)
(9, 11)
(8, 11)
(7, 11)
(6, 11)
(6, 10)
(6, 9)
(5, 9)
(4, 9)
(4, 8)
(4, 7)
kaikki ok
Reitin pituus: 12
(3, 3)
(4, 3)
(5, 3)
(6, 3)
(6, 4)
(6, 5)
(7, 5)
(8, 5)
(8, 6)
(8, 7)
(9, 7)
(10, 7)
(11, 7)
kaikki ok
Reitin pituus: 12
(1, 17)
(2, 17)
(3, 17)
(4, 17)
(4, 16)
(4, 15)
(4, 14)
(4, 13)
(4, 12)
(4, 11)
(4, 10)
(4, 9)
(4, 8)
kaikki ok
Reitin pituus: 9
(2, 5)
(3, 5)
(4, 5)
(4, 4)
(4, 3)
(4, 2)
(4, 1)
(5, 1)
(6, 1)
(7, 1)
kaikki ok
Reitin pituus: 16
(4, 5)
(4, 6)
(4, 7)
(4, 8)
(4, 9)
(4, 10)
(4, 11)
(4, 12)
(4, 13)
(4, 14)
(4, 15)
(5, 15)
(6, 15)
(6, 16)
(6, 17)
(7, 17)
(8, 17)
kaikki ok
Reitin pituus: 22
(6, 15)
(5, 15)
(4, 15)
(4, 14)
(4, 13)
(4, 12)
(4, 11)
(4, 10)
(4, 9)
(4, 8)
(4, 7)
(4, 6)
(4, 5)
(4, 4)
(4, 3)
(5, 3)
(6, 3)
(7, 3)
(8, 3)
(9, 3)
(10, 3)
(10, 2)
(10, 1)
kaikki ok
Reitin pituus: 12
(14, 9)
(14, 10)
(14, 11)
(14, 12)
(14, 13)
(14, 14)
(14, 15)
(13, 15)
(12, 15)
(12, 16)
(12, 17)
(11, 17)
(10, 17)
kaikki ok
Reitin pituus: 24
(10, 19)
(10, 18)
(10, 17)
(11, 17)
(12, 17)
(12, 16)
(12, 15)
(13, 15)
(14, 15)
(14, 14)
(14, 13)
(14, 12)
(14, 11)
(14, 10)
(14, 9)
(13, 9)
(12, 9)
(12, 8)
(12, 7)
(11, 7)
(10, 7)
(9, 7)
(9, 8)
(9, 9)
(10, 9)
kaikki ok
Reitin pituus: 23
(12, 3)
(12, 4)
(12, 5)
(11, 5)
(10, 5)
(10, 6)
(10, 7)
(9, 7)
(8, 7)
(7, 7)
(6, 7)
(6, 8)
(6, 9)
(6, 10)
(6, 11)
(6, 12)
(6, 13)
(5, 13)
(4, 13)
(4, 14)
(4, 15)
(4, 16)
(4, 17)
(3, 17)
kaikki ok
Reitin pituus: 9
(1, 2)
(1, 3)
(2, 3)
(3, 3)
(4, 3)
(5, 3)
(6, 3)
(6, 4)
(6, 5)
(7, 5)
kaikki ok
Reitin pituus: 9
(10, 5)
(11, 5)
(12, 5)
(12, 4)
(12, 3)
(11, 3)
(10, 3)
(9, 3)
(8, 3)
(7, 3)
kaikki ok
Reitin pituus: 14
(8, 3)
(7, 3)
(6, 3)
(6, 4)
(6, 5)
(7, 5)
(8, 5)
(8, 6)
(8, 7)
(7, 7)
(6, 7)
(6, 8)
(6, 9)
(6, 10)
(6, 11)
kaikki ok
Reitin pituus: 12
(4, 11)
(4, 10)
(4, 9)
(4, 8)
(4, 7)
(4, 6)
(4, 5)
(4, 4)
(4, 3)
(3, 3)
(2, 3)
(1, 3)
(1, 2)
kaikki ok
Reitin pituus: 16
(1, 13)
(2, 13)
(3, 13)
(4, 13)
(5, 13)
(6, 13)
(6, 12)
(6, 11)
(7, 11)
(8, 11)
(9, 11)
(10, 11)
(11, 11)
(12, 11)
(12, 10)
(12, 9)
(13, 9)
kaikki ok
Reitin pituus: 16
(8, 7)
(7, 7)
(6, 7)
(6, 8)
(6, 9)
(5, 9)
(4, 9)
(4, 10)
(4, 11)
(4, 12)
(4, 13)
(3, 13)
(2, 13)
(1, 13)
(1, 14)
(1, 15)
(2, 15)
kaikki ok
Reitin pituus: 14
(15, 13)
(14, 13)
(14, 12)
(14, 11)
(14, 10)
(14, 9)
(14, 8)
(14, 7)
(14, 6)
(14, 5)
(14, 4)
(14, 3)
(14, 2)
(14, 1)
(15, 1)
kaikki ok
Reitin pituus: 1
(9, 15)
(8, 15)
kaikki ok
Reitin pituus: 9
(17, 13)
(16, 13)
(15, 13)
(14, 13)
(14, 12)
(14, 11)
(14, 10)
(14, 9)
(14, 8)
(14, 7)
kaikki ok
Reitin pituus: 25
(3, 19)
(2, 19)
(1, 19)
(1, 18)
(1, 17)
(2, 17)
(3, 17)
(4, 17)
(4, 16)
(4, 15)
(4, 14)
(4, 13)
(4, 12)
(4, 11)
(4, 10)
(4, 9)
(4, 8)
(4, 7)
(4, 6)
(4, 5)
(4, 4)
(4, 3)
(3, 3)
(2, 3)
(1, 3)
(1, 2)
kaikki ok
Reitin pituus: 10
(13, 3)
(12, 3)
(12, 4)
(12, 5)
(11, 5)
(10, 5)
(10, 6)
(10, 7)
(9, 7)
(8, 7)
(7, 7)
kaikki ok
Reitin pituus: 15
(11, 5)
(10, 5)
(10, 6)
(10, 7)
(11, 7)
(12, 7)
(12, 8)
(12, 9)
(12, 10)
(12, 11)
(12, 12)
(12, 13)
(11, 13)
(10, 13)
(10, 14)
(10, 15)
kaikki ok
Reitin pituus: 11
(12, 13)
(13, 13)
(14, 13)
(14, 12)
(14, 11)
(14, 10)
(14, 9)
(14, 8)
(14, 7)
(14, 6)
(14, 5)
(15, 5)
kaikki ok
Reitin pituus: 6
(9, 15)
(10, 15)
(11, 15)
(12, 15)
(12, 16)
(12, 17)
(11, 17)
kaikki ok
Reitin pituus: 12
(8, 18)
(8, 17)
(7, 17)
(6, 17)
(6, 16)
(6, 15)
(5, 15)
(4, 15)
(4, 14)
(4, 13)
(3, 13)
(2, 13)
(1, 13)
kaikki ok
Reitin pituus: 27
(8, 2)
(8, 3)
(9, 3)
(10, 3)
(11, 3)
(12, 3)
(13, 3)
(14, 3)
(14, 4)
(14, 5)
(14, 6)
(14, 7)
(14, 8)
(14, 9)
(14, 10)
(14, 11)
(14, 12)
(14, 13)
(14, 14)
(14, 15)
(14, 16)
(14, 17)
(15, 17)
(16, 17)
(17, 17)
(17, 18)
(17, 19)
(16, 19)
kaikki ok
Reitin pituus: 12
(6, 9)
(5, 9)
(4, 9)
(4, 10)
(4, 11)
(4, 12)
(4, 13)
(4, 14)
(4, 15)
(4, 16)
(4, 17)
(3, 17)
(2, 17)
kaikki ok
Reitin pituus: 19
(8, 3)
(9, 3)
(10, 3)
(11, 3)
(12, 3)
(12, 4)
(12, 5)
(11, 5)
(10, 5)
(10, 6)
(10, 7)
(11, 7)
(12, 7)
(12, 8)
(12, 9)
(12, 10)
(12, 11)
(12, 12)
(12, 13)
(11, 13)
kaikki ok
Reitin pituus: 25
(7, 3)
(8, 3)
(9, 3)
(10, 3)
(11, 3)
(12, 3)
(13, 3)
(14, 3)
(14, 4)
(14, 5)
(14, 6)
(14, 7)
(14, 8)
(14, 9)
(14, 10)
(14, 11)
(14, 12)
(14, 13)
(14, 14)
(14, 15)
(13, 15)
(12, 15)
(12, 16)
(12, 17)
(11, 17)
(10, 17)
kaikki ok
Reitin pituus: 12
(15, 13)
(14, 13)
(14, 14)
(14, 15)
(13, 15)
(12, 15)
(12, 16)
(12, 17)
(11, 17)
(10, 17)
(10, 18)
(10, 19)
(9, 19)
kaikki ok
Reitin pituus: 16
(1, 5)
(1, 4)
(1, 3)
(2, 3)
(3, 3)
(4, 3)
(5, 3)
(6, 3)
(6, 4)
(6, 5)
(7, 5)
(8, 5)
(8, 6)
(8, 7)
(9, 7)
(9, 8)
(9, 9)
kaikki ok
Reitin pituus: 4
(12, 4)
(12, 3)
(13, 3)
(14, 3)
(14, 4)
kaikki ok
Reitin pituus: 21
(3, 19)
(4, 19)
(5, 19)
(6, 19)
(7, 19)
(8, 19)
(9, 19)
(10, 19)
(10, 18)
(10, 17)
(11, 17)
(12, 17)
(12, 16)
(12, 15)
(13, 15)
(14, 15)
(14, 14)
(14, 13)
(15, 13)
(16, 13)
(17, 13)
(17, 14)
kaikki ok
Reitin pituus: 6
(6, 4)
(6, 5)
(7, 5)
(8, 5)
(8, 6)
(8, 7)
(7, 7)
kaikki ok
Reitin pituus: 15
(13, 1)
(14, 1)
(14, 2)
(14, 3)
(14, 4)
(14, 5)
(14, 6)
(14, 7)
(14, 8)
(14, 9)
(14, 10)
(14, 11)
(14, 12)
(14, 13)
(14, 14)
(14, 15)
kaikki ok
Reitin pituus: 13
(2, 13)
(3, 13)
(4, 13)
(5, 13)
(6, 13)
(6, 12)
(6, 11)
(7, 11)
(8, 11)
(9, 11)
(10, 11)
(11, 11)
(12, 11)
(12, 12)
kaikki ok
Reitin pituus: 23
(5, 1)
(6, 1)
(7, 1)
(8, 1)
(8, 2)
(8, 3)
(9, 3)
(10, 3)
(11, 3)
(12, 3)
(13, 3)
(14, 3)
(14, 4)
(14, 5)
(14, 6)
(14, 7)
(14, 8)
(14, 9)
(14, 10)
(14, 11)
(14, 12)
(14, 13)
(15, 13)
(16, 13)
kaikki ok
Reitin pituus: 18
(4, 4)
(4, 3)
(5, 3)
(6, 3)
(6, 4)
(6, 5)
(7, 5)
(8, 5)
(8, 6)
(8, 7)
(9, 7)
(10, 7)
(11, 7)
(12, 7)
(12, 8)
(12, 9)
(13, 9)
(14, 9)
(14, 10)
kaikki ok
Reitin pituus: 14
(11, 13)
(10, 13)
(10, 14)
(10, 15)
(9, 15)
(8, 15)
(7, 15)
(6, 15)
(5, 15)
(4, 15)
(4, 16)
(4, 17)
(3, 17)
(2, 17)
(2, 16)
kaikki ok
Reitin pituus: 7
(12, 5)
(12, 4)
(12, 3)
(13, 3)
(14, 3)
(14, 4)
(14, 5)
(15, 5)
kaikki ok
Reitin pituus: 10
(16, 16)
(16, 17)
(15, 17)
(14, 17)
(14, 16)
(14, 15)
(13, 15)
(12, 15)
(11, 15)
(10, 15)
(10, 14)
kaikki ok
Reitin pituus: 31
(16, 1)
(15, 1)
(14, 1)
(14, 2)
(14, 3)
(13, 3)
(12, 3)
(12, 4)
(12, 5)
(11, 5)
(10, 5)
(10, 6)
(10, 7)
(9, 7)
(8, 7)
(7, 7)
(6, 7)
(6, 8)
(6, 9)
(6, 10)
(6, 11)
(6, 12)
(6, 13)
(5, 13)
(4, 13)
(4, 14)
(4, 15)
(4, 16)
(4, 17)
(3, 17)
(2, 17)
(1, 17)
kaikki ok
Reitin pituus: 11
(6, 13)
(7, 13)
(8, 13)
(8, 14)
(8, 15)
(9, 15)
(10, 15)
(10, 14)
(10, 13)
(11, 13)
(12, 13)
(13, 13)
kaikki ok
Reitin pituus: 11
(9, 19)
(10, 19)
(10, 18)
(10, 17)
(11, 17)
(12, 17)
(12, 16)
(12, 15)
(11, 15)
(10, 15)
(10, 14)
(10, 13)
kaikki ok
Reitin pituus: 2
(9, 3)
(8, 3)
(8, 2)
kaikki ok
Reitin pituus: 6
(5, 15)
(4, 15)
(4, 14)
(4, 13)
(4, 12)
(4, 11)
(4, 10)
kaikki ok
Reitin pituus: 10
(8, 6)
(8, 5)
(7, 5)
(6, 5)
(6, 4)
(6, 3)
(5, 3)
(4, 3)
(4, 2)
(4, 1)
(3, 1)
kaikki ok
Reitin pituus: 8
(8, 1)
(7, 1)
(6, 1)
(5, 1)
(4, 1)
(4, 2)
(4, 3)
(3, 3)
(2, 3)
kaikki ok
Reitin pituus: 4
(4, 4)
(4, 3)
(5, 3)
(6, 3)
(6, 4)
kaikki ok
Reitin pituus: 22
(12, 5)
(11, 5)
(10, 5)
(10, 6)
(10, 7)
(11, 7)
(12, 7)
(12, 8)
(12, 9)
(12, 10)
(12, 11)
(12, 12)
(12, 13)
(11, 13)
(10, 13)
(10, 14)
(10, 15)
(9, 15)
(8, 15)
(7, 15)
(6, 15)
(6, 16)
(6, 17)
kaikki ok
Reitin pituus: 19
(6, 19)
(7, 19)
(8, 19)
(9, 19)
(10, 19)
(10, 18)
(10, 17)
(11, 17)
(12, 17)
(12, 16)
(12, 15)
(13, 15)
(14, 15)
(14, 14)
(14, 13)
(14, 12)
(14, 11)
(14, 10)
(14, 9)
(13, 9)
kaikki ok
Reitin pituus: 1
(6, 16)
(6, 15)
kaikki ok
Reitin pituus: 13
(12, 5)
(12, 4)
(12, 3)
(11, 3)
(10, 3)
(9, 3)
(8, 3)
(7, 3)
(6, 3)
(5, 3)
(4, 3)
(4, 4)
(4, 5)
(3, 5)
kaikki ok
Reitin pituus: 11
(2, 16)
(2, 17)
(3, 17)
(4, 17)
(4, 16)
(4, 15)
(5, 15)
(6, 15)
(7, 15)
(8, 15)
(8, 14)
(8, 13)
kaikki ok
Reitin pituus: 21
(7, 13)
(6, 13)
(6, 12)
(6, 11)
(6, 10)
(6, 9)
(6, 8)
(6, 7)
(7, 7)
(8, 7)
(8, 6)
(8, 5)
(7, 5)
(6, 5)
(6, 4)
(6, 3)
(7, 3)
(8, 3)
(9, 3)
(10, 3)
(10, 2)
(10, 1)
kaikki ok
Reitin pituus: 12
(14, 4)
(14, 3)
(13, 3)
(12, 3)
(11, 3)
(10, 3)
(9, 3)
(8, 3)
(7, 3)
(6, 3)
(5, 3)
(4, 3)
(3, 3)
kaikki ok
Reitin pituus: 4
(7, 7)
(6, 7)
(6, 8)
(6, 9)
(5, 9)
kaikki ok
Reitin pituus: 8
(16, 5)
(15, 5)
(14, 5)
(14, 4)
(14, 3)
(13, 3)
(12, 3)
(12, 4)
(12, 5)
kaikki ok
Reitin pituus: 9
(10, 7)
(9, 7)
(8, 7)
(7, 7)
(6, 7)
(6, 8)
(6, 9)
(5, 9)
(4, 9)
(4, 10)
kaikki ok
Reitin pituus: 10
(12, 12)
(12, 13)
(13, 13)
(14, 13)
(14, 14)
(14, 15)
(14, 16)
(14, 17)
(15, 17)
(16, 17)
(17, 17)
kaikki ok
Reitin pituus: 17
(12, 11)
(11, 11)
(10, 11)
(9, 11)
(8, 11)
(7, 11)
(6, 11)
(6, 10)
(6, 9)
(5, 9)
(4, 9)
(4, 8)
(4, 7)
(4, 6)
(4, 5)
(4, 4)
(4, 3)
(3, 3)
kaikki ok
Reitin pituus: 21
(4, 12)
(4, 13)
(5, 13)
(6, 13)
(6, 12)
(6, 11)
(7, 11)
(8, 11)
(9, 11)
(10, 11)
(11, 11)
(12, 11)
(12, 10)
(12, 9)
(13, 9)
(14, 9)
(14, 8)
(14, 7)
(14, 6)
(14, 5)
(15, 5)
(16, 5)
kaikki ok
Reitin pituus: 23
(17, 19)
(17, 18)
(17, 17)
(16, 17)
(15, 17)
(14, 17)
(14, 16)
(14, 15)
(14, 14)
(14, 13)
(13, 13)
(12, 13)
(12, 12)
(12, 11)
(12, 10)
(12, 9)
(12, 8)
(12, 7)
(11, 7)
(10, 7)
(9, 7)
(9, 8)
(9, 9)
(10, 9)
kaikki ok
Reitin pituus: 3
(10, 14)
(10, 13)
(11, 13)
(12, 13)
kaikki ok
Reitin pituus: 6
(12, 12)
(12, 13)
(11, 13)
(10, 13)
(10, 14)
(10, 15)
(11, 15)
kaikki ok
Reitin pituus: 16
(4, 8)
(4, 9)
(4, 10)
(4, 11)
(4, 12)
(4, 13)
(4, 14)
(4, 15)
(4, 16)
(4, 17)
(3, 17)
(2, 17)
(1, 17)
(1, 18)
(1, 19)
(2, 19)
(3, 19)
kaikki ok
Reitin pituus: 17
(12, 17)
(12, 16)
(12, 15)
(13, 15)
(14, 15)
(14, 14)
(14, 13)
(14, 12)
(14, 11)
(14, 10)
(14, 9)
(14, 8)
(14, 7)
(14, 6)
(14, 5)
(14, 4)
(14, 3)
(15, 3)
kaikki ok
Reitin pituus: 19
(6, 12)
(6, 13)
(7, 13)
(8, 13)
(8, 14)
(8, 15)
(9, 15)
(10, 15)
(11, 15)
(12, 15)
(13, 15)
(14, 15)
(14, 16)
(14, 17)
(15, 17)
(16, 17)
(17, 17)
(17, 18)
(17, 19)
(16, 19)
kaikki ok
Reitin pituus: 9
(14, 12)
(14, 13)
(14, 14)
(14, 15)
(14, 16)
(14, 17)
(15, 17)
(16, 17)
(17, 17)
(17, 18)
kaikki ok
Reitin pituus: 16
(16, 16)
(16, 17)
(15, 17)
(14, 17)
(14, 16)
(14, 15)
(13, 15)
(12, 15)
(11, 15)
(10, 15)
(9, 15)
(8, 15)
(7, 15)
(6, 15)
(6, 16)
(6, 17)
(7, 17)
kaikki ok
Reitin pituus: 24
(1, 19)
(1, 18)
(1, 17)
(2, 17)
(3, 17)
(4, 17)
(4, 16)
(4, 15)
(4, 14)
(4, 13)
(4, 12)
(4, 11)
(4, 10)
(4, 9)
(4, 8)
(4, 7)
(4, 6)
(4, 5)
(4, 4)
(4, 3)
(3, 3)
(2, 3)
(1, 3)
(1, 2)
(1, 1)
kaikki ok
Reitin pituus: 13
(12, 15)
(13, 15)
(14, 15)
(14, 14)
(14, 13)
(14, 12)
(14, 11)
(14, 10)
(14, 9)
(14, 8)
(14, 7)
(14, 6)
(14, 5)
(15, 5)
kaikki ok
Reitin pituus: 10
(7, 13)
(8, 13)
(8, 14)
(8, 15)
(9, 15)
(10, 15)
(11, 15)
(12, 15)
(12, 16)
(12, 17)
(11, 17)
kaikki ok
Reitin pituus: 18
(1, 14)
(1, 13)
(2, 13)
(3, 13)
(4, 13)
(4, 14)
(4, 15)
(5, 15)
(6, 15)
(6, 16)
(6, 17)
(7, 17)
(8, 17)
(8, 18)
(8, 19)
(9, 19)
(10, 19)
(10, 18)
(10, 17)
kaikki ok
Reitin pituus: 12
(5, 9)
(4, 9)
(4, 8)
(4, 7)
(4, 6)
(4, 5)
(4, 4)
(4, 3)
(4, 2)
(4, 1)
(5, 1)
(6, 1)
(7, 1)
kaikki ok
Reitin pituus: 12
(14, 16)
(14, 15)
(13, 15)
(12, 15)
(11, 15)
(10, 15)
(9, 15)
(8, 15)
(8, 14)
(8, 13)
(7, 13)
(6, 13)
(6, 12)
kaikki ok
Reitin pituus: 9
(12, 4)
(12, 5)
(11, 5)
(10, 5)
(10, 6)
(10, 7)
(9, 7)
(8, 7)
(8, 6)
(8, 5)
kaikki ok
Reitin pituus: 15
(1, 4)
(1, 3)
(2, 3)
(3, 3)
(4, 3)
(5, 3)
(6, 3)
(6, 4)
(6, 5)
(7, 5)
(8, 5)
(8, 6)
(8, 7)
(9, 7)
(10, 7)
(10, 6)
kaikki ok
Reitin pituus: 11
(6, 12)
(6, 11)
(6, 10)
(6, 9)
(6, 8)
(6, 7)
(7, 7)
(8, 7)
(9, 7)
(9, 8)
(9, 9)
(10, 9)
kaikki ok
Reitin pituus: 6
(9, 15)
(8, 15)
(7, 15)
(6, 15)
(5, 15)
(4, 15)
(4, 16)
kaikki ok
Reitin pituus: 12
(11, 13)
(12, 13)
(12, 12)
(12, 11)
(11, 11)
(10, 11)
(9, 11)
(8, 11)
(7, 11)
(6, 11)
(6, 10)
(6, 9)
(5, 9)
kaikki ok
Reitin pituus: 8
(4, 8)
(4, 7)
(4, 6)
(4, 5)
(4, 4)
(4, 3)
(4, 2)
(4, 1)
(5, 1)
kaikki ok
Reitin pituus: 7
(4, 5)
(4, 4)
(4, 3)
(5, 3)
(6, 3)
(6, 4)
(6, 5)
(7, 5)
kaikki ok
Reitin pituus: 12
(1, 17)
(2, 17)
(3, 17)
(4, 17)
(4, 16)
(4, 15)
(5, 15)
(6, 15)
(7, 15)
(8, 15)
(9, 15)
(10, 15)
(11, 15)
kaikki ok
Reitin pituus: 20
(1, 17)
(2, 17)
(3, 17)
(4, 17)
(4, 16)
(4, 15)
(4, 14)
(4, 13)
(4, 12)
(4, 11)
(4, 10)
(4, 9)
(4, 8)
(4, 7)
(4, 6)
(4, 5)
(4, 4)
(4, 3)
(4, 2)
(4, 1)
(3, 1)
kaikki ok
Reitin pituus: 27
(8, 1)
(8, 2)
(8, 3)
(9, 3)
(10, 3)
(11, 3)
(12, 3)
(13, 3)
(14, 3)
(14, 4)
(14, 5)
(14, 6)
(14, 7)
(14, 8)
(14, 9)
(14, 10)
(14, 11)
(14, 12)
(14, 13)
(14, 14)
(14, 15)
(13, 15)
(12, 15)
(12, 16)
(12, 17)
(11, 17)
(10, 17)
(10, 18)
kaikki ok
Reitin pituus: 13
(9, 11)
(10, 11)
(11, 11)
(12, 11)
(12, 12)
(12, 13)
(13, 13)
(14, 13)
(14, 14)
(14, 15)
(14, 16)
(14, 17)
(15, 17)
(16, 17)
kaikki ok
Reitin pituus: 5
(12, 10)
(12, 9)
(13, 9)
(14, 9)
(14, 10)
(14, 11)
kaikki ok
Reitin pituus: 5
(7, 5)
(6, 5)
(6, 4)
(6, 3)
(7, 3)
(8, 3)
kaikki ok
Reitin pituus: 10
(6, 12)
(6, 11)
(7, 11)
(8, 11)
(9, 11)
(10, 11)
(11, 11)
(12, 11)
(12, 12)
(12, 13)
(11, 13)
kaikki ok
Reitin pituus: 2
(9, 7)
(8, 7)
(7, 7)
kaikki ok
Reitin pituus: 21
(16, 3)
(15, 3)
(14, 3)
(14, 4)
(14, 5)
(14, 6)
(14, 7)
(14, 8)
(14, 9)
(13, 9)
(12, 9)
(12, 10)
(12, 11)
(12, 12)
(12, 13)
(11, 13)
(10, 13)
(10, 14)
(10, 15)
(9, 15)
(8, 15)
(8, 14)
kaikki ok
Reitin pituus: 20
(11, 17)
(12, 17)
(12, 16)
(12, 15)
(13, 15)
(14, 15)
(14, 14)
(14, 13)
(14, 12)
(14, 11)
(14, 10)
(14, 9)
(13, 9)
(12, 9)
(12, 8)
(12, 7)
(11, 7)
(10, 7)
(9, 7)
(8, 7)
(8, 6)
kaikki ok
Reitin pituus: 10
(7, 7)
(6, 7)
(6, 8)
(6, 9)
(5, 9)
(4, 9)
(4, 8)
(4, 7)
(4, 6)
(4, 5)
(4, 4)
kaikki ok
Reitin pituus: 17
(17, 5)
(17, 4)
(17, 3)
(16, 3)
(15, 3)
(14, 3)
(13, 3)
(12, 3)
(12, 4)
(12, 5)
(11, 5)
(10, 5)
(10, 6)
(10, 7)
(9, 7)
(8, 7)
(7, 7)
(6, 7)
kaikki ok
Reitin pituus: 22
(16, 17)
(15, 17)
(14, 17)
(14, 16)
(14, 15)
(14, 14)
(14, 13)
(14, 12)
(14, 11)
(14, 10)
(14, 9)
(13, 9)
(12, 9)
(12, 8)
(12, 7)
(11, 7)
(10, 7)
(9, 7)
(8, 7)
(8, 6)
(8, 5)
(7, 5)
(6, 5)
kaikki ok
Reitin pituus: 13
(14, 9)
(14, 10)
(14, 11)
(14, 12)
(14, 13)
(14, 14)
(14, 15)
(14, 16)
(14, 17)
(15, 17)
(16, 17)
(17, 17)
(17, 18)
(17, 19)
kaikki ok
Reitin pituus: 18
(14, 16)
(14, 15)
(13, 15)
(12, 15)
(11, 15)
(10, 15)
(9, 15)
(8, 15)
(7, 15)
(6, 15)
(5, 15)
(4, 15)
(4, 16)
(4, 17)
(3, 17)
(2, 17)
(1, 17)
(1, 18)
(1, 19)
kaikki ok
Reitin pituus: 18
(4, 12)
(4, 11)
(4, 10)
(4, 9)
(5, 9)
(6, 9)
(6, 8)
(6, 7)
(7, 7)
(8, 7)
(9, 7)
(10, 7)
(10, 6)
(10, 5)
(11, 5)
(12, 5)
(12, 4)
(12, 3)
(13, 3)
kaikki ok
Reitin pituus: 12
(6, 12)
(6, 11)
(6, 10)
(6, 9)
(6, 8)
(6, 7)
(7, 7)
(8, 7)
(8, 6)
(8, 5)
(7, 5)
(6, 5)
(6, 4)
kaikki ok
Reitin pituus: 15
(3, 3)
(4, 3)
(5, 3)
(6, 3)
(7, 3)
(8, 3)
(9, 3)
(10, 3)
(11, 3)
(12, 3)
(13, 3)
(14, 3)
(14, 4)
(14, 5)
(14, 6)
(14, 7)
kaikki ok
Reitin pituus: 14
(6, 13)
(5, 13)
(4, 13)
(4, 12)
(4, 11)
(4, 10)
(4, 9)
(4, 8)
(4, 7)
(4, 6)
(4, 5)
(4, 4)
(4, 3)
(3, 3)
(2, 3)
kaikki ok
Reitin pituus: 11
(8, 11)
(7, 11)
(6, 11)
(6, 12)
(6, 13)
(5, 13)
(4, 13)
(4, 14)
(4, 15)
(4, 16)
(4, 17)
(3, 17)
kaikki ok
Reitin pituus: 11
(11, 7)
(10, 7)
(9, 7)
(8, 7)
(7, 7)
(6, 7)
(6, 8)
(6, 9)
(5, 9)
(4, 9)
(4, 8)
(4, 7)
kaikki ok
Reitin pituus: 4
(14, 17)
(15, 17)
(16, 17)
(17, 17)
(17, 18)
kaikki ok
Reitin pituus: 15
(15, 1)
(14, 1)
(14, 2)
(14, 3)
(14, 4)
(14, 5)
(14, 6)
(14, 7)
(14, 8)
(14, 9)
(14, 10)
(14, 11)
(14, 12)
(14, 13)
(14, 14)
(14, 15)
kaikki ok
Reitin pituus: 15
(10, 11)
(11, 11)
(12, 11)
(12, 10)
(12, 9)
(13, 9)
(14, 9)
(14, 8)
(14, 7)
(14, 6)
(14, 5)
(14, 4)
(14, 3)
(13, 3)
(12, 3)
(11, 3)
kaikki ok
Reitin pituus: 16
(14, 7)
(14, 8)
(14, 9)
(14, 10)
(14, 11)
(14, 12)
(14, 13)
(14, 14)
(14, 15)
(13, 15)
(12, 15)
(12, 16)
(12, 17)
(11, 17)
(10, 17)
(10, 18)
(10, 19)
kaikki ok
Reitin pituus: 21
(4, 9)
(5, 9)
(6, 9)
(6, 8)
(6, 7)
(7, 7)
(8, 7)
(9, 7)
(10, 7)
(11, 7)
(12, 7)
(12, 8)
(12, 9)
(13, 9)
(14, 9)
(14, 8)
(14, 7)
(14, 6)
(14, 5)
(15, 5)
(16, 5)
(17, 5)
kaikki ok
Reitin pituus: 13
(14, 12)
(14, 11)
(14, 10)
(14, 9)
(13, 9)
(12, 9)
(12, 8)
(12, 7)
(11, 7)
(10, 7)
(9, 7)
(9, 8)
(9, 9)
(10, 9)
kaikki ok
Reitin pituus: 14
(7, 15)
(8, 15)
(9, 15)
(10, 15)
(10, 14)
(10, 13)
(11, 13)
(12, 13)
(12, 12)
(12, 11)
(12, 10)
(12, 9)
(12, 8)
(12, 7)
(11, 7)
kaikki ok
Reitin pituus: 16
(12, 1)
(11, 1)
(10, 1)
(10, 2)
(10, 3)
(9, 3)
(8, 3)
(7, 3)
(6, 3)
(5, 3)
(4, 3)
(4, 4)
(4, 5)
(4, 6)
(4, 7)
(4, 8)
(4, 9)
kaikki ok
Reitin pituus: 2
(15, 3)
(14, 3)
(14, 2)
kaikki ok
Reitin pituus: 15
(5, 1)
(6, 1)
(7, 1)
(8, 1)
(8, 2)
(8, 3)
(9, 3)
(10, 3)
(11, 3)
(12, 3)
(13, 3)
(14, 3)
(15, 3)
(16, 3)
(17, 3)
(17, 4)
kaikki ok
Reitin pituus: 6
(4, 3)
(5, 3)
(6, 3)
(6, 4)
(6, 5)
(7, 5)
(8, 5)
kaikki ok
Reitin pituus: 1
(10, 19)
(9, 19)
kaikki ok
Reitin pituus: 9
(12, 9)
(12, 8)
(12, 7)
(11, 7)
(10, 7)
(10, 6)
(10, 5)
(11, 5)
(12, 5)
(12, 4)
kaikki ok
Reitin pituus: 17
(8, 2)
(8, 3)
(9, 3)
(10, 3)
(11, 3)
(12, 3)
(13, 3)
(14, 3)
(14, 4)
(14, 5)
(14, 6)
(14, 7)
(14, 8)
(14, 9)
(14, 10)
(14, 11)
(14, 12)
(14, 13)
kaikki ok
Reitin pituus: 8
(7, 11)
(8, 11)
(9, 11)
(10, 11)
(11, 11)
(12, 11)
(12, 10)
(12, 9)
(12, 8)
kaikki ok
Reitin pituus: 22
(17, 18)
(17, 17)
(16, 17)
(15, 17)
(14, 17)
(14, 16)
(14, 15)
(13, 15)
(12, 15)
(11, 15)
(10, 15)
(9, 15)
(8, 15)
(8, 14)
(8, 13)
(7, 13)
(6, 13)
(6, 12)
(6, 11)
(6, 10)
(6, 9)
(5, 9)
(4, 9)
kaikki ok
Reitin pituus: 11
(16, 19)
(15, 19)
(14, 19)
(13, 19)
(12, 19)
(11, 19)
(10, 19)
(9, 19)
(8, 19)
(7, 19)
(6, 19)
(5, 19)
kaikki ok
Reitin pituus: 14
(6, 5)
(7, 5)
(8, 5)
(8, 6)
(8, 7)
(7, 7)
(6, 7)
(6, 8)
(6, 9)
(6, 10)
(6, 11)
(6, 12)
(6, 13)
(7, 13)
(8, 13)
kaikki ok
Reitin pituus: 14
(13, 9)
(12, 9)
(12, 8)
(12, 7)
(11, 7)
(10, 7)
(9, 7)
(8, 7)
(8, 6)
(8, 5)
(7, 5)
(6, 5)
(6, 4)
(6, 3)
(7, 3)
kaikki ok
Reitin pituus: 24
(2, 19)
(1, 19)
(1, 18)
(1, 17)
(2, 17)
(3, 17)
(4, 17)
(4, 16)
(4, 15)
(4, 14)
(4, 13)
(4, 12)
(4, 11)
(4, 10)
(4, 9)
(4, 8)
(4, 7)
(4, 6)
(4, 5)
(4, 4)
(4, 3)
(5, 3)
(6, 3)
(7, 3)
(8, 3)
kaikki ok
Reitin pituus: 8
(14, 16)
(14, 15)
(13, 15)
(12, 15)
(11, 15)
(10, 15)
(9, 15)
(8, 15)
(7, 15)
kaikki ok
Reitin pituus: 17
(13, 19)
(12, 19)
(11, 19)
(10, 19)
(9, 19)
(8, 19)
(8, 18)
(8, 17)
(7, 17)
(6, 17)
(6, 16)
(6, 15)
(5, 15)
(4, 15)
(4, 14)
(4, 13)
(3, 13)
(2, 13)
kaikki ok
Reitin pituus: 20
(14, 12)
(14, 13)
(13, 13)
(12, 13)
(11, 13)
(10, 13)
(10, 14)
(10, 15)
(9, 15)
(8, 15)
(7, 15)
(6, 15)
(5, 15)
(4, 15)
(4, 16)
(4, 17)
(3, 17)
(2, 17)
(2, 16)
(2, 15)
(1, 15)
kaikki ok
Reitin pituus: 10
(10, 13)
(10, 14)
(10, 15)
(9, 15)
(8, 15)
(7, 15)
(6, 15)
(5, 15)
(4, 15)
(4, 16)
(4, 17)
kaikki ok
Reitin pituus: 12
(4, 5)
(4, 6)
(4, 7)
(4, 8)
(4, 9)
(5, 9)
(6, 9)
(6, 8)
(6, 7)
(7, 7)
(8, 7)
(9, 7)
(9, 8)
kaikki ok
Reitin pituus: 12
(16, 3)
(15, 3)
(14, 3)
(13, 3)
(12, 3)
(11, 3)
(10, 3)
(9, 3)
(8, 3)
(7, 3)
(6, 3)
(6, 4)
(6, 5)
kaikki ok
Reitin pituus: 16
(12, 10)
(12, 11)
(12, 12)
(12, 13)
(11, 13)
(10, 13)
(10, 14)
(10, 15)
(11, 15)
(12, 15)
(12, 16)
(12, 17)
(11, 17)
(10, 17)
(10, 18)
(10, 19)
(11, 19)
kaikki ok
Reitin pituus: 7
(12, 8)
(12, 7)
(11, 7)
(10, 7)
(9, 7)
(8, 7)
(8, 6)
(8, 5)
kaikki ok
Reitin pituus: 13
(17, 5)
(16, 5)
(15, 5)
(14, 5)
(14, 6)
(14, 7)
(14, 8)
(14, 9)
(13, 9)
(12, 9)
(12, 10)
(12, 11)
(11, 11)
(10, 11)
kaikki ok
Reitin pituus: 17
(1, 14)
(1, 13)
(2, 13)
(3, 13)
(4, 13)
(4, 14)
(4, 15)
(5, 15)
(6, 15)
(6, 16)
(6, 17)
(7, 17)
(8, 17)
(8, 18)
(8, 19)
(9, 19)
(10, 19)
(10, 18)
kaikki ok
Reitin pituus: 27
(6, 5)
(7, 5)
(8, 5)
(8, 6)
(8, 7)
(9, 7)
(10, 7)
(11, 7)
(12, 7)
(12, 8)
(12, 9)
(13, 9)
(14, 9)
(14, 10)
(14, 11)
(14, 12)
(14, 13)
(14, 14)
(14, 15)
(14, 16)
(14, 17)
(15, 17)
(16, 17)
(17, 17)
(17, 18)
(17, 19)
(16, 19)
(15, 19)
kaikki ok
Reitin pituus: 8
(11, 5)
(10, 5)
(10, 6)
(10, 7)
(9, 7)
(8, 7)
(7, 7)
(6, 7)
(6, 8)
kaikki ok
Reitin pituus: 10
(9, 11)
(10, 11)
(11, 11)
(12, 11)
(12, 12)
(12, 13)
(11, 13)
(10, 13)
(10, 14)
(10, 15)
(9, 15)
kaikki ok
Reitin pituus: 19
(7, 3)
(8, 3)
(9, 3)
(10, 3)
(11, 3)
(12, 3)
(13, 3)
(14, 3)
(14, 4)
(14, 5)
(14, 6)
(14, 7)
(14, 8)
(14, 9)
(14, 10)
(14, 11)
(14, 12)
(14, 13)
(14, 14)
(14, 15)
kaikki ok
Reitin pituus: 9
(2, 16)
(2, 17)
(3, 17)
(4, 17)
(4, 16)
(4, 15)
(5, 15)
(6, 15)
(7, 15)
(8, 15)
kaikki ok
Reitin pituus: 17
(4, 9)
(5, 9)
(6, 9)
(6, 8)
(6, 7)
(7, 7)
(8, 7)
(9, 7)
(10, 7)
(10, 6)
(10, 5)
(11, 5)
(12, 5)
(12, 4)
(12, 3)
(13, 3)
(14, 3)
(14, 4)
kaikki ok
Reitin pituus: 5
(4, 15)
(5, 15)
(6, 15)
(7, 15)
(8, 15)
(9, 15)
kaikki ok
Reitin pituus: 17
(16, 15)
(16, 16)
(16, 17)
(17, 17)
(17, 18)
(17, 19)
(16, 19)
(15, 19)
(14, 19)
(13, 19)
(12, 19)
(11, 19)
(10, 19)
(9, 19)
(8, 19)
(7, 19)
(6, 19)
(5, 19)
kaikki ok
Reitin pituus: 9
(14, 1)
(14, 2)
(14, 3)
(14, 4)
(14, 5)
(14, 6)
(14, 7)
(14, 8)
(14, 9)
(14, 10)
kaikki ok
Reitin pituus: 19
(5, 1)
(4, 1)
(4, 2)
(4, 3)
(5, 3)
(6, 3)
(6, 4)
(6, 5)
(7, 5)
(8, 5)
(8, 6)
(8, 7)
(9, 7)
(10, 7)
(11, 7)
(12, 7)
(12, 8)
(12, 9)
(12, 10)
(12, 11)
kaikki ok
Reitin pituus: 11
(16, 15)
(17, 15)
(17, 14)
(17, 13)
(16, 13)
(15, 13)
(14, 13)
(14, 12)
(14, 11)
(14, 10)
(14, 9)
(14, 8)
kaikki ok
Reitin pituus: 16
(4, 17)
(4, 16)
(4, 15)
(4, 14)
(4, 13)
(5, 13)
(6, 13)
(6, 12)
(6, 11)
(6, 10)
(6, 9)
(6, 8)
(6, 7)
(7, 7)
(8, 7)
(8, 6)
(8, 5)
kaikki ok
Reitin pituus: 32
(1, 1)
(1, 2)
(1, 3)
(1, 4)
(1, 5)
(2, 5)
(3, 5)
(4, 5)
(4, 6)
(4, 7)
(4, 8)
(4, 9)
(4, 10)
(4, 11)
(4, 12)
(4, 13)
(4, 14)
(4, 15)
(5, 15)
(6, 15)
(6, 16)
(6, 17)
(7, 17)
(8, 17)
(8, 18)
(8, 19)
(9, 19)
(10, 19)
(11, 19)
(12, 19)
(13, 19)
(14, 19)
(15, 19)
kaikki ok
Reitin pituus: 26
(15, 1)
(14, 1)
(14, 2)
(14, 3)
(14, 4)
(14, 5)
(14, 6)
(14, 7)
(14, 8)
(14, 9)
(13, 9)
(12, 9)
(12, 10)
(12, 11)
(12, 12)
(12, 13)
(11, 13)
(10, 13)
(10, 14)
(10, 15)
(9, 15)
(8, 15)
(7, 15)
(6, 15)
(6, 16)
(6, 17)
(7, 17)
kaikki ok
Reitin pituus: 20
(17, 15)
(17, 14)
(17, 13)
(16, 13)
(15, 13)
(14, 13)
(13, 13)
(12, 13)
(12, 12)
(12, 11)
(11, 11)
(10, 11)
(9, 11)
(8, 11)
(7, 11)
(6, 11)
(6, 10)
(6, 9)
(5, 9)
(4, 9)
(4, 10)
kaikki ok
Reitin pituus: 16
(1, 5)
(1, 4)
(1, 3)
(2, 3)
(3, 3)
(4, 3)
(5, 3)
(6, 3)
(6, 4)
(6, 5)
(7, 5)
(8, 5)
(8, 6)
(8, 7)
(9, 7)
(10, 7)
(10, 6)
kaikki ok
Reitin pituus: 15
(12, 8)
(12, 7)
(11, 7)
(10, 7)
(9, 7)
(8, 7)
(8, 6)
(8, 5)
(7, 5)
(6, 5)
(6, 4)
(6, 3)
(5, 3)
(4, 3)
(4, 2)
(4, 1)
kaikki ok
Reitin pituus: 12
(2, 19)
(1, 19)
(1, 18)
(1, 17)
(2, 17)
(3, 17)
(4, 17)
(4, 16)
(4, 15)
(5, 15)
(6, 15)
(7, 15)
(8, 15)
kaikki ok
Reitin pituus: 18
(7, 3)
(6, 3)
(5, 3)
(4, 3)
(4, 4)
(4, 5)
(4, 6)
(4, 7)
(4, 8)
(4, 9)
(4, 10)
(4, 11)
(4, 12)
(4, 13)
(4, 14)
(4, 15)
(4, 16)
(4, 17)
(3, 17)
kaikki ok
Reitin pituus: 12
(6, 12)
(6, 11)
(7, 11)
(8, 11)
(9, 11)
(10, 11)
(11, 11)
(12, 11)
(12, 12)
(12, 13)
(13, 13)
(14, 13)
(14, 12)
kaikki ok
Reitin pituus: 27
(8, 1)
(8, 2)
(8, 3)
(9, 3)
(10, 3)
(11, 3)
(12, 3)
(13, 3)
(14, 3)
(14, 4)
(14, 5)
(14, 6)
(14, 7)
(14, 8)
(14, 9)
(14, 10)
(14, 11)
(14, 12)
(14, 13)
(14, 14)
(14, 15)
(13, 15)
(12, 15)
(12, 16)
(12, 17)
(11, 17)
(10, 17)
(10, 18)
kaikki ok
Reitin pituus: 27
(5, 19)
(6, 19)
(7, 19)
(8, 19)
(9, 19)
(10, 19)
(10, 18)
(10, 17)
(11, 17)
(12, 17)
(12, 16)
(12, 15)
(13, 15)
(14, 15)
(14, 14)
(14, 13)
(14, 12)
(14, 11)
(14, 10)
(14, 9)
(13, 9)
(12, 9)
(12, 8)
(12, 7)
(11, 7)
(10, 7)
(10, 6)
(10, 5)
kaikki ok
Reitin pituus: 15
(14, 17)
(14, 16)
(14, 15)
(13, 15)
(12, 15)
(11, 15)
(10, 15)
(9, 15)
(8, 15)
(7, 15)
(6, 15)
(5, 15)
(4, 15)
(4, 16)
(4, 17)
(3, 17)
kaikki ok
Reitin pituus: 19
(3, 19)
(2, 19)
(1, 19)
(1, 18)
(1, 17)
(2, 17)
(3, 17)
(4, 17)
(4, 16)
(4, 15)
(4, 14)
(4, 13)
(4, 12)
(4, 11)
(4, 10)
(4, 9)
(4, 8)
(4, 7)
(4, 6)
(4, 5)
kaikki ok
Reitin pituus: 14
(12, 8)
(12, 7)
(11, 7)
(10, 7)
(9, 7)
(8, 7)
(8, 6)
(8, 5)
(7, 5)
(6, 5)
(6, 4)
(6, 3)
(5, 3)
(4, 3)
(3, 3)
kaikki ok
Reitin pituus: 20
(8, 1)
(7, 1)
(6, 1)
(5, 1)
(4, 1)
(4, 2)
(4, 3)
(4, 4)
(4, 5)
(4, 6)
(4, 7)
(4, 8)
(4, 9)
(4, 10)
(4, 11)
(4, 12)
(4, 13)
(4, 14)
(4, 15)
(4, 16)
(4, 17)
kaikki ok
Reitin pituus: 19
(1, 1)
(2, 1)
(3, 1)
(4, 1)
(5, 1)
(6, 1)
(7, 1)
(8, 1)
(8, 2)
(8, 3)
(9, 3)
(10, 3)
(11, 3)
(12, 3)
(13, 3)
(14, 3)
(15, 3)
(16, 3)
(17, 3)
(17, 2)
kaikki ok
Reitin pituus: 27
(7, 17)
(6, 17)
(6, 16)
(6, 15)
(7, 15)
(8, 15)
(9, 15)
(10, 15)
(10, 14)
(10, 13)
(11, 13)
(12, 13)
(12, 12)
(12, 11)
(12, 10)
(12, 9)
(13, 9)
(14, 9)
(14, 8)
(14, 7)
(14, 6)
(14, 5)
(14, 4)
(14, 3)
(14, 2)
(14, 1)
(15, 1)
(16, 1)
kaikki ok
Reitin pituus: 14
(8, 6)
(8, 7)
(9, 7)
(10, 7)
(10, 6)
(10, 5)
(11, 5)
(12, 5)
(12, 4)
(12, 3)
(13, 3)
(14, 3)
(15, 3)
(16, 3)
(17, 3)
kaikki ok
Reitin pituus: 12
(14, 3)
(13, 3)
(12, 3)
(12, 4)
(12, 5)
(11, 5)
(10, 5)
(10, 6)
(10, 7)
(9, 7)
(9, 8)
(9, 9)
(10, 9)
kaikki ok
Reitin pituus: 11
(8, 11)
(7, 11)
(6, 11)
(6, 10)
(6, 9)
(6, 8)
(6, 7)
(7, 7)
(8, 7)
(9, 7)
(10, 7)
(10, 6)
kaikki ok
Reitin pituus: 15
(6, 13)
(5, 13)
(4, 13)
(4, 12)
(4, 11)
(4, 10)
(4, 9)
(4, 8)
(4, 7)
(4, 6)
(4, 5)
(3, 5)
(2, 5)
(1, 5)
(1, 4)
(1, 3)
kaikki ok
Reitin pituus: 21
(13, 1)
(14, 1)
(14, 2)
(14, 3)
(14, 4)
(14, 5)
(14, 6)
(14, 7)
(14, 8)
(14, 9)
(13, 9)
(12, 9)
(12, 10)
(12, 11)
(11, 11)
(10, 11)
(9, 11)
(8, 11)
(7, 11)
(6, 11)
(6, 12)
(6, 13)
kaikki ok
Reitin pituus: 17
(4, 19)
(5, 19)
(6, 19)
(7, 19)
(8, 19)
(9, 19)
(10, 19)
(10, 18)
(10, 17)
(11, 17)
(12, 17)
(12, 16)
(12, 15)
(13, 15)
(14, 15)
(14, 14)
(14, 13)
(15, 13)
kaikki ok
Reitin pituus: 5
(6, 12)
(6, 11)
(7, 11)
(8, 11)
(9, 11)
(10, 11)
kaikki ok
Reitin pituus: 3
(7, 11)
(8, 11)
(9, 11)
(10, 11)
kaikki ok
Reitin pituus: 21
(7, 3)
(8, 3)
(9, 3)
(10, 3)
(11, 3)
(12, 3)
(13, 3)
(14, 3)
(14, 4)
(14, 5)
(14, 6)
(14, 7)
(14, 8)
(14, 9)
(14, 10)
(14, 11)
(14, 12)
(14, 13)
(14, 14)
(14, 15)
(13, 15)
(12, 15)
kaikki ok
Reitin pituus: 11
(9, 11)
(10, 11)
(11, 11)
(12, 11)
(12, 12)
(12, 13)
(11, 13)
(10, 13)
(10, 14)
(10, 15)
(11, 15)
(12, 15)
kaikki ok
Reitin pituus: 24
(3, 19)
(4, 19)
(5, 19)
(6, 19)
(7, 19)
(8, 19)
(9, 19)
(10, 19)
(10, 18)
(10, 17)
(11, 17)
(12, 17)
(12, 16)
(12, 15)
(13, 15)
(14, 15)
(14, 14)
(14, 13)
(14, 12)
(14, 11)
(14, 10)
(14, 9)
(14, 8)
(14, 7)
(14, 6)
kaikki ok
Reitin pituus: 14
(13, 19)
(12, 19)
(11, 19)
(10, 19)
(9, 19)
(8, 19)
(7, 19)
(6, 19)
(5, 19)
(4, 19)
(3, 19)
(2, 19)
(1, 19)
(1, 18)
(1, 17)
kaikki ok
Reitin pituus: 4
(2, 1)
(3, 1)
(4, 1)
(4, 2)
(4, 3)
kaikki ok
Reitin pituus: 2
(2, 16)
(2, 17)
(1, 17)
kaikki ok
Reitin pituus: 11
(6, 16)
(6, 15)
(7, 15)
(8, 15)
(9, 15)
(10, 15)
(11, 15)
(12, 15)
(13, 15)
(14, 15)
(14, 16)
(14, 17)
kaikki ok
Reitin pituus: 24
(9, 19)
(10, 19)
(10, 18)
(10, 17)
(11, 17)
(12, 17)
(12, 16)
(12, 15)
(13, 15)
(14, 15)
(14, 14)
(14, 13)
(14, 12)
(14, 11)
(14, 10)
(14, 9)
(14, 8)
(14, 7)
(14, 6)
(14, 5)
(14, 4)
(14, 3)
(14, 2)
(14, 1)
(15, 1)
kaikki ok
Reitin pituus: 19
(1, 15)
(1, 14)
(1, 13)
(2, 13)
(3, 13)
(4, 13)
(5, 13)
(6, 13)
(6, 12)
(6, 11)
(6, 10)
(6, 9)
(6, 8)
(6, 7)
(7, 7)
(8, 7)
(9, 7)
(9, 8)
(9, 9)
(10, 9)
kaikki ok
Reitin pituus: 17
(5, 9)
(4, 9)
(4, 8)
(4, 7)
(4, 6)
(4, 5)
(4, 4)
(4, 3)
(5, 3)
(6, 3)
(7, 3)
(8, 3)
(9, 3)
(10, 3)
(10, 2)
(10, 1)
(11, 1)
(12, 1)
kaikki ok
Reitin pituus: 2
(14, 11)
(14, 10)
(14, 9)
kaikki ok
Reitin pituus: 12
(14, 9)
(14, 10)
(14, 11)
(14, 12)
(14, 13)
(14, 14)
(14, 15)
(13, 15)
(12, 15)
(11, 15)
(10, 15)
(9, 15)
(8, 15)
kaikki ok
Reitin pituus: 6
(4, 2)
(4, 3)
(5, 3)
(6, 3)
(6, 4)
(6, 5)
(7, 5)
kaikki ok
Reitin pituus: 20
(1, 15)
(2, 15)
(2, 16)
(2, 17)
(3, 17)
(4, 17)
(4, 16)
(4, 15)
(5, 15)
(6, 15)
(7, 15)
(8, 15)
(9, 15)
(10, 15)
(11, 15)
(12, 15)
(13, 15)
(14, 15)
(14, 14)
(14, 13)
(15, 13)
kaikki ok
Reitin pituus: 16
(10, 11)
(11, 11)
(12, 11)
(12, 12)
(12, 13)
(13, 13)
(14, 13)
(14, 14)
(14, 15)
(13, 15)
(12, 15)
(12, 16)
(12, 17)
(11, 17)
(10, 17)
(10, 18)
(10, 19)
kaikki ok
Reitin pituus: 28
(4, 3)
(5, 3)
(6, 3)
(6, 4)
(6, 5)
(7, 5)
(8, 5)
(8, 6)
(8, 7)
(9, 7)
(10, 7)
(11, 7)
(12, 7)
(12, 8)
(12, 9)
(12, 10)
(12, 11)
(12, 12)
(12, 13)
(13, 13)
(14, 13)
(14, 14)
(14, 15)
(14, 16)
(14, 17)
(15, 17)
(16, 17)
(17, 17)
(17, 18)
kaikki ok
Reitin pituus: 14
(1, 17)
(2, 17)
(3, 17)
(4, 17)
(4, 16)
(4, 15)
(4, 14)
(4, 13)
(4, 12)
(4, 11)
(4, 10)
(4, 9)
(4, 8)
(4, 7)
(4, 6)
kaikki ok
Reitin pituus: 5
(9, 7)
(10, 7)
(10, 6)
(10, 5)
(11, 5)
(12, 5)
kaikki ok
Reitin pituus: 24
(16, 16)
(16, 17)
(15, 17)
(14, 17)
(14, 16)
(14, 15)
(14, 14)
(14, 13)
(14, 12)
(14, 11)
(14, 10)
(14, 9)
(14, 8)
(14, 7)
(14, 6)
(14, 5)
(14, 4)
(14, 3)
(13, 3)
(12, 3)
(11, 3)
(10, 3)
(9, 3)
(8, 3)
(7, 3)
kaikki ok
Reitin pituus: 17
(11, 3)
(12, 3)
(12, 4)
(12, 5)
(11, 5)
(10, 5)
(10, 6)
(10, 7)
(11, 7)
(12, 7)
(12, 8)
(12, 9)
(12, 10)
(12, 11)
(11, 11)
(10, 11)
(9, 11)
(8, 11)
kaikki ok
Reitin pituus: 8
(4, 9)
(5, 9)
(6, 9)
(6, 8)
(6, 7)
(7, 7)
(8, 7)
(8, 6)
(8, 5)
kaikki ok
Reitin pituus: 11
(8, 15)
(8, 14)
(8, 13)
(7, 13)
(6, 13)
(6, 12)
(6, 11)
(6, 10)
(6, 9)
(6, 8)
(6, 7)
(7, 7)
kaikki ok
Reitin pituus: 16
(4, 10)
(4, 9)
(4, 8)
(4, 7)
(4, 6)
(4, 5)
(4, 4)
(4, 3)
(5, 3)
(6, 3)
(7, 3)
(8, 3)
(9, 3)
(10, 3)
(10, 2)
(10, 1)
(11, 1)
kaikki ok
Reitin pituus: 13
(6, 9)
(6, 8)
(6, 7)
(7, 7)
(8, 7)
(9, 7)
(10, 7)
(10, 6)
(10, 5)
(11, 5)
(12, 5)
(12, 4)
(12, 3)
(13, 3)
kaikki ok
Reitin pituus: 9
(16, 19)
(15, 19)
(14, 19)
(13, 19)
(12, 19)
(11, 19)
(10, 19)
(10, 18)
(10, 17)
(11, 17)
kaikki ok
Reitin pituus: 12
(8, 7)
(8, 6)
(8, 5)
(7, 5)
(6, 5)
(6, 4)
(6, 3)
(7, 3)
(8, 3)
(9, 3)
(10, 3)
(10, 2)
(10, 1)
kaikki ok
Reitin pituus: 27
(15, 3)
(14, 3)
(14, 4)
(14, 5)
(14, 6)
(14, 7)
(14, 8)
(14, 9)
(14, 10)
(14, 11)
(14, 12)
(14, 13)
(14, 14)
(14, 15)
(13, 15)
(12, 15)
(12, 16)
(12, 17)
(11, 17)
(10, 17)
(10, 18)
(10, 19)
(9, 19)
(8, 19)
(7, 19)
(6, 19)
(5, 19)
(4, 19)
kaikki ok
Reitin pituus: 9
(5, 1)
(4, 1)
(4, 2)
(4, 3)
(4, 4)
(4, 5)
(4, 6)
(4, 7)
(4, 8)
(4, 9)
kaikki ok
Reitin pituus: 10
(7, 11)
(6, 11)
(6, 12)
(6, 13)
(7, 13)
(8, 13)
(8, 14)
(8, 15)
(9, 15)
(10, 15)
(11, 15)
kaikki ok
Reitin pituus: 6
(10, 6)
(10, 7)
(11, 7)
(12, 7)
(12, 8)
(12, 9)
(13, 9)
kaikki ok
Reitin pituus: 10
(9, 7)
(8, 7)
(7, 7)
(6, 7)
(6, 8)
(6, 9)
(6, 10)
(6, 11)
(6, 12)
(6, 13)
(7, 13)
kaikki ok
Reitin pituus: 25
(11, 3)
(12, 3)
(13, 3)
(14, 3)
(14, 4)
(14, 5)
(14, 6)
(14, 7)
(14, 8)
(14, 9)
(14, 10)
(14, 11)
(14, 12)
(14, 13)
(14, 14)
(14, 15)
(14, 16)
(14, 17)
(15, 17)
(16, 17)
(17, 17)
(17, 18)
(17, 19)
(16, 19)
(15, 19)
(14, 19)
kaikki ok
Reitin pituus: 29
(14, 1)
(14, 2)
(14, 3)
(14, 4)
(14, 5)
(14, 6)
(14, 7)
(14, 8)
(14, 9)
(14, 10)
(14, 11)
(14, 12)
(14, 13)
(14, 14)
(14, 15)
(13, 15)
(12, 15)
(12, 16)
(12, 17)
(11, 17)
(10, 17)
(10, 18)
(10, 19)
(9, 19)
(8, 19)
(7, 19)
(6, 19)
(5, 19)
(4, 19)
(3, 19)
kaikki ok
Reitin pituus: 13
(7, 11)
(6, 11)
(6, 12)
(6, 13)
(7, 13)
(8, 13)
(8, 14)
(8, 15)
(9, 15)
(10, 15)
(11, 15)
(12, 15)
(12, 16)
(12, 17)
kaikki ok
Reitin pituus: 12
(4, 13)
(4, 14)
(4, 15)
(5, 15)
(6, 15)
(7, 15)
(8, 15)
(9, 15)
(10, 15)
(11, 15)
(12, 15)
(13, 15)
(14, 15)
kaikki ok
Reitin pituus: 30
(12, 1)
(13, 1)
(14, 1)
(14, 2)
(14, 3)
(14, 4)
(14, 5)
(14, 6)
(14, 7)
(14, 8)
(14, 9)
(14, 10)
(14, 11)
(14, 12)
(14, 13)
(14, 14)
(14, 15)
(13, 15)
(12, 15)
(12, 16)
(12, 17)
(11, 17)
(10, 17)
(10, 18)
(10, 19)
(9, 19)
(8, 19)
(7, 19)
(6, 19)
(5, 19)
(4, 19)
kaikki ok
Reitin pituus: 9
(10, 2)
(10, 3)
(11, 3)
(12, 3)
(13, 3)
(14, 3)
(15, 3)
(16, 3)
(17, 3)
(17, 4)
kaikki ok
Reitin pituus: 18
(10, 14)
(10, 13)
(11, 13)
(12, 13)
(12, 12)
(12, 11)
(12, 10)
(12, 9)
(12, 8)
(12, 7)
(11, 7)
(10, 7)
(9, 7)
(8, 7)
(8, 6)
(8, 5)
(7, 5)
(6, 5)
(6, 4)
kaikki ok
Reitin pituus: 9
(8, 6)
(8, 7)
(7, 7)
(6, 7)
(6, 8)
(6, 9)
(6, 10)
(6, 11)
(7, 11)
(8, 11)
kaikki ok
Reitin pituus: 16
(8, 11)
(9, 11)
(10, 11)
(11, 11)
(12, 11)
(12, 10)
(12, 9)
(13, 9)
(14, 9)
(14, 8)
(14, 7)
(14, 6)
(14, 5)
(14, 4)
(14, 3)
(14, 2)
(14, 1)
kaikki ok
Reitin pituus: 7
(14, 11)
(14, 12)
(14, 13)
(14, 14)
(14, 15)
(14, 16)
(14, 17)
(15, 17)
kaikki ok
Reitin pituus: 13
(4, 5)
(4, 6)
(4, 7)
(4, 8)
(4, 9)
(5, 9)
(6, 9)
(6, 8)
(6, 7)
(7, 7)
(8, 7)
(9, 7)
(9, 8)
(9, 9)
kaikki ok
Reitin pituus: 23
(15, 19)
(16, 19)
(17, 19)
(17, 18)
(17, 17)
(16, 17)
(15, 17)
(14, 17)
(14, 16)
(14, 15)
(14, 14)
(14, 13)
(14, 12)
(14, 11)
(14, 10)
(14, 9)
(13, 9)
(12, 9)
(12, 8)
(12, 7)
(11, 7)
(10, 7)
(10, 6)
(10, 5)
kaikki ok
Reitin pituus: 20
(8, 19)
(8, 18)
(8, 17)
(7, 17)
(6, 17)
(6, 16)
(6, 15)
(5, 15)
(4, 15)
(4, 14)
(4, 13)
(4, 12)
(4, 11)
(4, 10)
(4, 9)
(4, 8)
(4, 7)
(4, 6)
(4, 5)
(3, 5)
(2, 5)
kaikki ok
Reitin pituus: 8
(1, 1)
(2, 1)
(3, 1)
(4, 1)
(5, 1)
(6, 1)
(7, 1)
(8, 1)
(8, 2)
kaikki ok
Reitin pituus: 17
(14, 14)
(14, 15)
(13, 15)
(12, 15)
(12, 16)
(12, 17)
(11, 17)
(10, 17)
(10, 18)
(10, 19)
(9, 19)
(8, 19)
(7, 19)
(6, 19)
(5, 19)
(4, 19)
(3, 19)
(2, 19)
kaikki ok
Reitin pituus: 10
(13, 19)
(12, 19)
(11, 19)
(10, 19)
(10, 18)
(10, 17)
(11, 17)
(12, 17)
(12, 16)
(12, 15)
(11, 15)
kaikki ok
Reitin pituus: 10
(1, 2)
(1, 3)
(2, 3)
(3, 3)
(4, 3)
(5, 3)
(6, 3)
(6, 4)
(6, 5)
(7, 5)
(8, 5)
kaikki ok
Reitin pituus: 18
(14, 15)
(14, 14)
(14, 13)
(14, 12)
(14, 11)
(14, 10)
(14, 9)
(14, 8)
(14, 7)
(14, 6)
(14, 5)
(14, 4)
(14, 3)
(13, 3)
(12, 3)
(11, 3)
(10, 3)
(9, 3)
(8, 3)
kaikki ok
Reitin pituus: 10
(10, 2)
(10, 3)
(11, 3)
(12, 3)
(13, 3)
(14, 3)
(14, 4)
(14, 5)
(15, 5)
(16, 5)
(17, 5)
kaikki ok
Reitin pituus: 13
(16, 19)
(17, 19)
(17, 18)
(17, 17)
(16, 17)
(15, 17)
(14, 17)
(14, 16)
(14, 15)
(14, 14)
(14, 13)
(13, 13)
(12, 13)
(11, 13)
kaikki ok
Reitin pituus: 17
(2, 16)
(2, 17)
(1, 17)
(1, 18)
(1, 19)
(2, 19)
(3, 19)
(4, 19)
(5, 19)
(6, 19)
(7, 19)
(8, 19)
(9, 19)
(10, 19)
(11, 19)
(12, 19)
(13, 19)
(14, 19)
kaikki ok
Reitin pituus: 15
(12, 16)
(12, 15)
(13, 15)
(14, 15)
(14, 14)
(14, 13)
(14, 12)
(14, 11)
(14, 10)
(14, 9)
(14, 8)
(14, 7)
(14, 6)
(14, 5)
(14, 4)
(14, 3)
kaikki ok
Reitin pituus: 15
(3, 1)
(4, 1)
(4, 2)
(4, 3)
(5, 3)
(6, 3)
(7, 3)
(8, 3)
(9, 3)
(10, 3)
(11, 3)
(12, 3)
(12, 4)
(12, 5)
(11, 5)
(10, 5)
kaikki ok
Reitin pituus: 21
(10, 18)
(10, 17)
(11, 17)
(12, 17)
(12, 16)
(12, 15)
(13, 15)
(14, 15)
(14, 14)
(14, 13)
(14, 12)
(14, 11)
(14, 10)
(14, 9)
(14, 8)
(14, 7)
(14, 6)
(14, 5)
(14, 4)
(14, 3)
(13, 3)
(12, 3)
kaikki ok
Reitin pituus: 7
(9, 7)
(10, 7)
(11, 7)
(12, 7)
(12, 8)
(12, 9)
(12, 10)
(12, 11)
kaikki ok
Reitin pituus: 10
(12, 12)
(12, 13)
(11, 13)
(10, 13)
(10, 14)
(10, 15)
(9, 15)
(8, 15)
(8, 14)
(8, 13)
(7, 13)
kaikki ok
Reitin pituus: 7
(11, 3)
(12, 3)
(13, 3)
(14, 3)
(14, 4)
(14, 5)
(14, 6)
(14, 7)
kaikki ok
Reitin pituus: 17
(11, 3)
(12, 3)
(13, 3)
(14, 3)
(14, 4)
(14, 5)
(14, 6)
(14, 7)
(14, 8)
(14, 9)
(14, 10)
(14, 11)
(14, 12)
(14, 13)
(14, 14)
(14, 15)
(14, 16)
(14, 17)
kaikki ok
Reitin pituus: 0
(14, 9)
kaikki ok
Reitin pituus: 13
(12, 4)
(12, 3)
(11, 3)
(10, 3)
(9, 3)
(8, 3)
(8, 2)
(8, 1)
(7, 1)
(6, 1)
(5, 1)
(4, 1)
(3, 1)
(2, 1)
kaikki ok
Reitin pituus: 17
(6, 5)
(7, 5)
(8, 5)
(8, 6)
(8, 7)
(7, 7)
(6, 7)
(6, 8)
(6, 9)
(5, 9)
(4, 9)
(4, 10)
(4, 11)
(4, 12)
(4, 13)
(4, 14)
(4, 15)
(4, 16)
kaikki ok
Reitin pituus: 18
(14, 19)
(13, 19)
(12, 19)
(11, 19)
(10, 19)
(9, 19)
(8, 19)
(8, 18)
(8, 17)
(7, 17)
(6, 17)
(6, 16)
(6, 15)
(5, 15)
(4, 15)
(4, 14)
(4, 13)
(4, 12)
(4, 11)
kaikki ok
Reitin pituus: 28
(3, 19)
(2, 19)
(1, 19)
(1, 18)
(1, 17)
(2, 17)
(3, 17)
(4, 17)
(4, 16)
(4, 15)
(4, 14)
(4, 13)
(4, 12)
(4, 11)
(4, 10)
(4, 9)
(4, 8)
(4, 7)
(4, 6)
(4, 5)
(4, 4)
(4, 3)
(5, 3)
(6, 3)
(7, 3)
(8, 3)
(9, 3)
(10, 3)
(10, 2)
kaikki ok
Reitin pituus: 17
(11, 5)
(10, 5)
(10, 6)
(10, 7)
(11, 7)
(12, 7)
(12, 8)
(12, 9)
(13, 9)
(14, 9)
(14, 10)
(14, 11)
(14, 12)
(14, 13)
(15, 13)
(16, 13)
(17, 13)
(17, 14)
kaikki ok
Reitin pituus: 26
(1, 4)
(1, 5)
(2, 5)
(3, 5)
(4, 5)
(4, 6)
(4, 7)
(4, 8)
(4, 9)
(5, 9)
(6, 9)
(6, 10)
(6, 11)
(7, 11)
(8, 11)
(9, 11)
(10, 11)
(11, 11)
(12, 11)
(12, 12)
(12, 13)
(13, 13)
(14, 13)
(15, 13)
(16, 13)
(17, 13)
(17, 14)
kaikki ok
Reitin pituus: 14
(4, 3)
(5, 3)
(6, 3)
(7, 3)
(8, 3)
(9, 3)
(10, 3)
(10, 2)
(10, 1)
(11, 1)
(12, 1)
(13, 1)
(14, 1)
(15, 1)
(16, 1)
kaikki ok
Reitin pituus: 6
(1, 14)
(1, 13)
(2, 13)
(3, 13)
(4, 13)
(4, 14)
(4, 15)
kaikki ok
Reitin pituus: 28
(17, 19)
(17, 18)
(17, 17)
(16, 17)
(15, 17)
(14, 17)
(14, 16)
(14, 15)
(14, 14)
(14, 13)
(14, 12)
(14, 11)
(14, 10)
(14, 9)
(14, 8)
(14, 7)
(14, 6)
(14, 5)
(14, 4)
(14, 3)
(13, 3)
(12, 3)
(11, 3)
(10, 3)
(9, 3)
(8, 3)
(7, 3)
(6, 3)
(5, 3)
kaikki ok
Reitin pituus: 5
(6, 4)
(6, 3)
(5, 3)
(4, 3)
(4, 2)
(4, 1)
kaikki ok
Reitin pituus: 30
(16, 1)
(15, 1)
(14, 1)
(14, 2)
(14, 3)
(14, 4)
(14, 5)
(14, 6)
(14, 7)
(14, 8)
(14, 9)
(14, 10)
(14, 11)
(14, 12)
(14, 13)
(14, 14)
(14, 15)
(13, 15)
(12, 15)
(12, 16)
(12, 17)
(11, 17)
(10, 17)
(10, 18)
(10, 19)
(9, 19)
(8, 19)
(7, 19)
(6, 19)
(5, 19)
(4, 19)
kaikki ok
Reitin pituus: 15
(10, 2)
(10, 3)
(9, 3)
(8, 3)
(7, 3)
(6, 3)
(5, 3)
(4, 3)
(4, 4)
(4, 5)
(4, 6)
(4, 7)
(4, 8)
(4, 9)
(4, 10)
(4, 11)
kaikki ok
Reitin pituus: 11
(12, 5)
(12, 4)
(12, 3)
(11, 3)
(10, 3)
(9, 3)
(8, 3)
(7, 3)
(6, 3)
(5, 3)
(4, 3)
(4, 4)
kaikki ok
Reitin pituus: 15
(2, 13)
(3, 13)
(4, 13)
(4, 14)
(4, 15)
(5, 15)
(6, 15)
(6, 16)
(6, 17)
(7, 17)
(8, 17)
(8, 18)
(8, 19)
(9, 19)
(10, 19)
(10, 18)
kaikki ok
Reitin pituus: 11
(14, 15)
(13, 15)
(12, 15)
(11, 15)
(10, 15)
(9, 15)
(8, 15)
(8, 14)
(8, 13)
(7, 13)
(6, 13)
(5, 13)
kaikki ok
Reitin pituus: 8
(11, 5)
(10, 5)
(10, 6)
(10, 7)
(9, 7)
(8, 7)
(7, 7)
(6, 7)
(6, 8)
kaikki ok
Reitin pituus: 31
(17, 2)
(17, 3)
(16, 3)
(15, 3)
(14, 3)
(13, 3)
(12, 3)
(11, 3)
(10, 3)
(9, 3)
(8, 3)
(7, 3)
(6, 3)
(5, 3)
(4, 3)
(4, 4)
(4, 5)
(4, 6)
(4, 7)
(4, 8)
(4, 9)
(4, 10)
(4, 11)
(4, 12)
(4, 13)
(4, 14)
(4, 15)
(4, 16)
(4, 17)
(3, 17)
(2, 17)
(1, 17)
kaikki ok
Reitin pituus: 15
(10, 6)
(10, 7)
(9, 7)
(8, 7)
(7, 7)
(6, 7)
(6, 8)
(6, 9)
(5, 9)
(4, 9)
(4, 8)
(4, 7)
(4, 6)
(4, 5)
(3, 5)
(2, 5)
kaikki ok
Reitin pituus: 11
(17, 5)
(16, 5)
(15, 5)
(14, 5)
(14, 6)
(14, 7)
(14, 8)
(14, 9)
(14, 10)
(14, 11)
(14, 12)
(14, 13)
kaikki ok
Reitin pituus: 4
(13, 3)
(14, 3)
(14, 4)
(14, 5)
(15, 5)
kaikki ok
Reitin pituus: 21
(17, 4)
(17, 3)
(16, 3)
(15, 3)
(14, 3)
(13, 3)
(12, 3)
(11, 3)
(10, 3)
(9, 3)
(8, 3)
(7, 3)
(6, 3)
(5, 3)
(4, 3)
(4, 4)
(4, 5)
(4, 6)
(4, 7)
(4, 8)
(4, 9)
(4, 10)
kaikki ok
Reitin pituus: 23
(8, 17)
(7, 17)
(6, 17)
(6, 16)
(6, 15)
(7, 15)
(8, 15)
(9, 15)
(10, 15)
(10, 14)
(10, 13)
(11, 13)
(12, 13)
(12, 12)
(12, 11)
(12, 10)
(12, 9)
(12, 8)
(12, 7)
(11, 7)
(10, 7)
(10, 6)
(10, 5)
(11, 5)
kaikki ok
Reitin pituus: 9
(4, 11)
(4, 10)
(4, 9)
(5, 9)
(6, 9)
(6, 10)
(6, 11)
(7, 11)
(8, 11)
(9, 11)
kaikki ok
Reitin pituus: 18
(5, 9)
(4, 9)
(4, 10)
(4, 11)
(4, 12)
(4, 13)
(4, 14)
(4, 15)
(5, 15)
(6, 15)
(6, 16)
(6, 17)
(7, 17)
(8, 17)
(8, 18)
(8, 19)
(9, 19)
(10, 19)
(11, 19)
kaikki ok
Reitin pituus: 3
(8, 11)
(7, 11)
(6, 11)
(6, 12)
kaikki ok
Reitin pituus: 17
(14, 17)
(14, 16)
(14, 15)
(13, 15)
(12, 15)
(11, 15)
(10, 15)
(9, 15)
(8, 15)
(8, 14)
(8, 13)
(7, 13)
(6, 13)
(6, 12)
(6, 11)
(6, 10)
(6, 9)
(5, 9)
kaikki ok
Reitin pituus: 15
(9, 8)
(9, 7)
(10, 7)
(10, 6)
(10, 5)
(11, 5)
(12, 5)
(12, 4)
(12, 3)
(13, 3)
(14, 3)
(15, 3)
(16, 3)
(17, 3)
(17, 4)
(17, 5)
kaikki ok
Reitin pituus: 17
(12, 13)
(13, 13)
(14, 13)
(14, 12)
(14, 11)
(14, 10)
(14, 9)
(14, 8)
(14, 7)
(14, 6)
(14, 5)
(14, 4)
(14, 3)
(13, 3)
(12, 3)
(11, 3)
(10, 3)
(9, 3)
kaikki ok
Reitin pituus: 17
(1, 15)
(1, 14)
(1, 13)
(2, 13)
(3, 13)
(4, 13)
(4, 12)
(4, 11)
(4, 10)
(4, 9)
(4, 8)
(4, 7)
(4, 6)
(4, 5)
(3, 5)
(2, 5)
(1, 5)
(1, 4)
kaikki ok
Reitin pituus: 10
(1, 2)
(1, 3)
(1, 4)
(1, 5)
(2, 5)
(3, 5)
(4, 5)
(4, 6)
(4, 7)
(4, 8)
(4, 9)
kaikki ok
Reitin pituus: 21
(8, 6)
(8, 7)
(7, 7)
(6, 7)
(6, 8)
(6, 9)
(6, 10)
(6, 11)
(6, 12)
(6, 13)
(5, 13)
(4, 13)
(4, 14)
(4, 15)
(4, 16)
(4, 17)
(3, 17)
(2, 17)
(1, 17)
(1, 18)
(1, 19)
(2, 19)
kaikki ok
Reitin pituus: 20
(14, 11)
(14, 12)
(14, 13)
(13, 13)
(12, 13)
(11, 13)
(10, 13)
(10, 14)
(10, 15)
(9, 15)
(8, 15)
(7, 15)
(6, 15)
(5, 15)
(4, 15)
(4, 16)
(4, 17)
(3, 17)
(2, 17)
(2, 16)
(2, 15)
kaikki ok
Reitin pituus: 17
(14, 7)
(14, 8)
(14, 9)
(14, 10)
(14, 11)
(14, 12)
(14, 13)
(14, 14)
(14, 15)
(13, 15)
(12, 15)
(12, 16)
(12, 17)
(11, 17)
(10, 17)
(10, 18)
(10, 19)
(11, 19)
kaikki ok
Reitin pituus: 13
(4, 15)
(4, 14)
(4, 13)
(4, 12)
(4, 11)
(4, 10)
(4, 9)
(5, 9)
(6, 9)
(6, 8)
(6, 7)
(7, 7)
(8, 7)
(9, 7)
kaikki ok
Reitin pituus: 24
(2, 15)
(1, 15)
(1, 14)
(1, 13)
(2, 13)
(3, 13)
(4, 13)
(4, 12)
(4, 11)
(4, 10)
(4, 9)
(4, 8)
(4, 7)
(4, 6)
(4, 5)
(4, 4)
(4, 3)
(5, 3)
(6, 3)
(7, 3)
(8, 3)
(9, 3)
(10, 3)
(10, 2)
(10, 1)
kaikki ok
Reitin pituus: 11
(6, 13)
(6, 12)
(6, 11)
(6, 10)
(6, 9)
(6, 8)
(6, 7)
(7, 7)
(8, 7)
(8, 6)
(8, 5)
(7, 5)
kaikki ok
Reitin pituus: 14
(11, 3)
(12, 3)
(13, 3)
(14, 3)
(14, 4)
(14, 5)
(14, 6)
(14, 7)
(14, 8)
(14, 9)
(14, 10)
(14, 11)
(14, 12)
(14, 13)
(13, 13)
kaikki ok
Reitin pituus: 24
(12, 15)
(11, 15)
(10, 15)
(9, 15)
(8, 15)
(7, 15)
(6, 15)
(5, 15)
(4, 15)
(4, 14)
(4, 13)
(4, 12)
(4, 11)
(4, 10)
(4, 9)
(4, 8)
(4, 7)
(4, 6)
(4, 5)
(4, 4)
(4, 3)
(3, 3)
(2, 3)
(1, 3)
(1, 2)
kaikki ok
Reitin pituus: 12
(2, 16)
(2, 17)
(3, 17)
(4, 17)
(4, 16)
(4, 15)
(4, 14)
(4, 13)
(5, 13)
(6, 13)
(6, 12)
(6, 11)
(6, 10)
kaikki ok
Reitin pituus: 24
(3, 19)
(2, 19)
(1, 19)
(1, 18)
(1, 17)
(2, 17)
(3, 17)
(4, 17)
(4, 16)
(4, 15)
(4, 14)
(4, 13)
(4, 12)
(4, 11)
(4, 10)
(4, 9)
(4, 8)
(4, 7)
(4, 6)
(4, 5)
(4, 4)
(4, 3)
(3, 3)
(2, 3)
(1, 3)
kaikki ok
Reitin pituus: 14
(6, 15)
(7, 15)
(8, 15)
(9, 15)
(10, 15)
(10, 14)
(10, 13)
(11, 13)
(12, 13)
(12, 12)
(12, 11)
(12, 10)
(12, 9)
(12, 8)
(12, 7)
kaikki ok
Reitin pituus: 9
(10, 11)
(9, 11)
(8, 11)
(7, 11)
(6, 11)
(6, 12)
(6, 13)
(7, 13)
(8, 13)
(8, 14)
kaikki ok
Reitin pituus: 3
(4, 5)
(4, 6)
(4, 7)
(4, 8)
kaikki ok
Reitin pituus: 21
(1, 14)
(1, 13)
(2, 13)
(3, 13)
(4, 13)
(4, 12)
(4, 11)
(4, 10)
(4, 9)
(4, 8)
(4, 7)
(4, 6)
(4, 5)
(4, 4)
(4, 3)
(5, 3)
(6, 3)
(7, 3)
(8, 3)
(9, 3)
(10, 3)
(10, 2)
kaikki ok
Reitin pituus: 20
(6, 13)
(6, 12)
(6, 11)
(7, 11)
(8, 11)
(9, 11)
(10, 11)
(11, 11)
(12, 11)
(12, 10)
(12, 9)
(13, 9)
(14, 9)
(14, 8)
(14, 7)
(14, 6)
(14, 5)
(15, 5)
(16, 5)
(17, 5)
(17, 4)
kaikki ok
Reitin pituus: 9
(6, 13)
(6, 12)
(6, 11)
(7, 11)
(8, 11)
(9, 11)
(10, 11)
(11, 11)
(12, 11)
(12, 12)
kaikki ok
Reitin pituus: 18
(7, 7)
(8, 7)
(9, 7)
(10, 7)
(11, 7)
(12, 7)
(12, 8)
(12, 9)
(12, 10)
(12, 11)
(12, 12)
(12, 13)
(13, 13)
(14, 13)
(14, 14)
(14, 15)
(14, 16)
(14, 17)
(15, 17)
kaikki ok
Reitin pituus: 17
(11, 17)
(12, 17)
(12, 16)
(12, 15)
(11, 15)
(10, 15)
(9, 15)
(8, 15)
(7, 15)
(6, 15)
(5, 15)
(4, 15)
(4, 16)
(4, 17)
(3, 17)
(2, 17)
(2, 16)
(2, 15)
kaikki ok
Reitin pituus: 13
(2, 13)
(3, 13)
(4, 13)
(4, 12)
(4, 11)
(4, 10)
(4, 9)
(4, 8)
(4, 7)
(4, 6)
(4, 5)
(3, 5)
(2, 5)
(1, 5)
kaikki ok
Reitin pituus: 16
(3, 17)
(4, 17)
(4, 16)
(4, 15)
(5, 15)
(6, 15)
(7, 15)
(8, 15)
(9, 15)
(10, 15)
(10, 14)
(10, 13)
(11, 13)
(12, 13)
(12, 12)
(12, 11)
(12, 10)
kaikki ok
Reitin pituus: 18
(4, 10)
(4, 9)
(5, 9)
(6, 9)
(6, 8)
(6, 7)
(7, 7)
(8, 7)
(9, 7)
(10, 7)
(10, 6)
(10, 5)
(11, 5)
(12, 5)
(12, 4)
(12, 3)
(13, 3)
(14, 3)
(14, 4)
kaikki ok
Reitin pituus: 11
(11, 13)
(12, 13)
(12, 12)
(12, 11)
(12, 10)
(12, 9)
(12, 8)
(12, 7)
(11, 7)
(10, 7)
(9, 7)
(9, 8)
kaikki ok
Reitin pituus: 12
(14, 13)
(14, 14)
(14, 15)
(14, 16)
(14, 17)
(15, 17)
(16, 17)
(17, 17)
(17, 18)
(17, 19)
(16, 19)
(15, 19)
(14, 19)
kaikki ok
Reitin pituus: 5
(12, 1)
(11, 1)
(10, 1)
(10, 2)
(10, 3)
(11, 3)
kaikki ok
Reitin pituus: 7
(16, 5)
(15, 5)
(14, 5)
(14, 6)
(14, 7)
(14, 8)
(14, 9)
(13, 9)
kaikki ok
Reitin pituus: 20
(5, 9)
(4, 9)
(4, 10)
(4, 11)
(4, 12)
(4, 13)
(4, 14)
(4, 15)
(5, 15)
(6, 15)
(6, 16)
(6, 17)
(7, 17)
(8, 17)
(8, 18)
(8, 19)
(9, 19)
(10, 19)
(11, 19)
(12, 19)
(13, 19)
kaikki ok
Reitin pituus: 21
(9, 3)
(8, 3)
(7, 3)
(6, 3)
(5, 3)
(4, 3)
(4, 4)
(4, 5)
(4, 6)
(4, 7)
(4, 8)
(4, 9)
(4, 10)
(4, 11)
(4, 12)
(4, 13)
(4, 14)
(4, 15)
(5, 15)
(6, 15)
(6, 16)
(6, 17)
kaikki ok
Reitin pituus: 30
(6, 1)
(7, 1)
(8, 1)
(8, 2)
(8, 3)
(9, 3)
(10, 3)
(11, 3)
(12, 3)
(13, 3)
(14, 3)
(14, 4)
(14, 5)
(14, 6)
(14, 7)
(14, 8)
(14, 9)
(14, 10)
(14, 11)
(14, 12)
(14, 13)
(14, 14)
(14, 15)
(14, 16)
(14, 17)
(15, 17)
(16, 17)
(17, 17)
(17, 18)
(17, 19)
(16, 19)
kaikki ok
Reitin pituus: 11
(6, 10)
(6, 11)
(6, 12)
(6, 13)
(5, 13)
(4, 13)
(3, 13)
(2, 13)
(1, 13)
(1, 14)
(1, 15)
(2, 15)
kaikki ok
Reitin pituus: 14
(14, 15)
(14, 14)
(14, 13)
(13, 13)
(12, 13)
(12, 12)
(12, 11)
(12, 10)
(12, 9)
(12, 8)
(12, 7)
(11, 7)
(10, 7)
(10, 6)
(10, 5)
kaikki ok
Reitin pituus: 10
(5, 15)
(6, 15)
(6, 16)
(6, 17)
(7, 17)
(8, 17)
(8, 18)
(8, 19)
(9, 19)
(10, 19)
(10, 18)
kaikki ok
Reitin pituus: 10
(6, 12)
(6, 11)
(6, 10)
(6, 9)
(6, 8)
(6, 7)
(7, 7)
(8, 7)
(9, 7)
(10, 7)
(11, 7)
kaikki ok
Reitin pituus: 23
(14, 1)
(14, 2)
(14, 3)
(14, 4)
(14, 5)
(14, 6)
(14, 7)
(14, 8)
(14, 9)
(14, 10)
(14, 11)
(14, 12)
(14, 13)
(14, 14)
(14, 15)
(13, 15)
(12, 15)
(12, 16)
(12, 17)
(11, 17)
(10, 17)
(10, 18)
(10, 19)
(9, 19)
kaikki ok
Reitin pituus: 10
(3, 1)
(4, 1)
(4, 2)
(4, 3)
(5, 3)
(6, 3)
(7, 3)
(8, 3)
(9, 3)
(10, 3)
(10, 2)
kaikki ok
Reitin pituus: 15
(4, 14)
(4, 13)
(4, 12)
(4, 11)
(4, 10)
(4, 9)
(4, 8)
(4, 7)
(4, 6)
(4, 5)
(4, 4)
(4, 3)
(4, 2)
(4, 1)
(3, 1)
(2, 1)
kaikki ok
Reitin pituus: 26
(4, 2)
(4, 3)
(5, 3)
(6, 3)
(6, 4)
(6, 5)
(7, 5)
(8, 5)
(8, 6)
(8, 7)
(9, 7)
(10, 7)
(11, 7)
(12, 7)
(12, 8)
(12, 9)
(12, 10)
(12, 11)
(12, 12)
(12, 13)
(13, 13)
(14, 13)
(14, 14)
(14, 15)
(14, 16)
(14, 17)
(15, 17)
kaikki ok
Reitin pituus: 16
(2, 16)
(2, 17)
(3, 17)
(4, 17)
(4, 16)
(4, 15)
(5, 15)
(6, 15)
(7, 15)
(8, 15)
(9, 15)
(10, 15)
(10, 14)
(10, 13)
(11, 13)
(12, 13)
(13, 13)
kaikki ok
Reitin pituus: 13
(12, 17)
(12, 16)
(12, 15)
(11, 15)
(10, 15)
(9, 15)
(8, 15)
(8, 14)
(8, 13)
(7, 13)
(6, 13)
(5, 13)
(4, 13)
(4, 12)
kaikki ok
Reitin pituus: 7
(10, 14)
(10, 13)
(11, 13)
(12, 13)
(12, 12)
(12, 11)
(11, 11)
(10, 11)
kaikki ok
Reitin pituus: 10
(7, 11)
(8, 11)
(9, 11)
(10, 11)
(11, 11)
(12, 11)
(12, 10)
(12, 9)
(13, 9)
(14, 9)
(14, 8)
kaikki ok
Reitin pituus: 22
(1, 13)
(2, 13)
(3, 13)
(4, 13)
(5, 13)
(6, 13)
(6, 12)
(6, 11)
(7, 11)
(8, 11)
(9, 11)
(10, 11)
(11, 11)
(12, 11)
(12, 10)
(12, 9)
(13, 9)
(14, 9)
(14, 8)
(14, 7)
(14, 6)
(14, 5)
(14, 4)
kaikki ok
Reitin pituus: 7
(8, 13)
(7, 13)
(6, 13)
(6, 12)
(6, 11)
(6, 10)
(6, 9)
(5, 9)
kaikki ok
Reitin pituus: 19
(6, 3)
(5, 3)
(4, 3)
(4, 4)
(4, 5)
(4, 6)
(4, 7)
(4, 8)
(4, 9)
(4, 10)
(4, 11)
(4, 12)
(4, 13)
(4, 14)
(4, 15)
(5, 15)
(6, 15)
(6, 16)
(6, 17)
(7, 17)
kaikki ok
Reitin pituus: 5
(7, 11)
(6, 11)
(6, 10)
(6, 9)
(5, 9)
(4, 9)
kaikki ok
Reitin pituus: 13
(4, 10)
(4, 9)
(4, 8)
(4, 7)
(4, 6)
(4, 5)
(4, 4)
(4, 3)
(5, 3)
(6, 3)
(7, 3)
(8, 3)
(9, 3)
(10, 3)
kaikki ok
Reitin pituus: 5
(8, 7)
(9, 7)
(10, 7)
(11, 7)
(12, 7)
(12, 8)
kaikki ok
Reitin pituus: 4
(1, 1)
(1, 2)
(1, 3)
(2, 3)
(3, 3)
kaikki ok
Reitin pituus: 19
(8, 5)
(8, 6)
(8, 7)
(9, 7)
(10, 7)
(11, 7)
(12, 7)
(12, 8)
(12, 9)
(12, 10)
(12, 11)
(12, 12)
(12, 13)
(13, 13)
(14, 13)
(15, 13)
(16, 13)
(17, 13)
(17, 14)
(17, 15)
kaikki ok
Reitin pituus: 16
(5, 13)
(6, 13)
(7, 13)
(8, 13)
(8, 14)
(8, 15)
(9, 15)
(10, 15)
(11, 15)
(12, 15)
(13, 15)
(14, 15)
(14, 16)
(14, 17)
(15, 17)
(16, 17)
(17, 17)
kaikki ok
Reitin pituus: 11
(12, 7)
(12, 8)
(12, 9)
(13, 9)
(14, 9)
(14, 8)
(14, 7)
(14, 6)
(14, 5)
(15, 5)
(16, 5)
(17, 5)
kaikki ok
Reitin pituus: 5
(14, 10)
(14, 9)
(14, 8)
(14, 7)
(14, 6)
(14, 5)
kaikki ok
Reitin pituus: 30
(8, 2)
(8, 3)
(9, 3)
(10, 3)
(11, 3)
(12, 3)
(13, 3)
(14, 3)
(14, 4)
(14, 5)
(14, 6)
(14, 7)
(14, 8)
(14, 9)
(14, 10)
(14, 11)
(14, 12)
(14, 13)
(14, 14)
(14, 15)
(14, 16)
(14, 17)
(15, 17)
(16, 17)
(17, 17)
(17, 18)
(17, 19)
(16, 19)
(15, 19)
(14, 19)
(13, 19)
kaikki ok
Reitin pituus: 8
(8, 7)
(9, 7)
(10, 7)
(11, 7)
(12, 7)
(12, 8)
(12, 9)
(12, 10)
(12, 11)
kaikki ok
Reitin pituus: 4
(6, 16)
(6, 15)
(7, 15)
(8, 15)
(8, 14)
kaikki ok
Reitin pituus: 16
(6, 5)
(7, 5)
(8, 5)
(8, 6)
(8, 7)
(7, 7)
(6, 7)
(6, 8)
(6, 9)
(5, 9)
(4, 9)
(4, 10)
(4, 11)
(4, 12)
(4, 13)
(3, 13)
(2, 13)
kaikki ok
Reitin pituus: 11
(14, 14)
(14, 15)
(14, 16)
(14, 17)
(15, 17)
(16, 17)
(17, 17)
(17, 18)
(17, 19)
(16, 19)
(15, 19)
(14, 19)
kaikki ok
Reitin pituus: 2
(12, 16)
(12, 17)
(11, 17)
kaikki ok
Reitin pituus: 12
(7, 5)
(6, 5)
(6, 4)
(6, 3)
(7, 3)
(8, 3)
(9, 3)
(10, 3)
(11, 3)
(12, 3)
(13, 3)
(14, 3)
(15, 3)
kaikki ok
Reitin pituus: 15
(16, 13)
(15, 13)
(14, 13)
(13, 13)
(12, 13)
(12, 12)
(12, 11)
(12, 10)
(12, 9)
(12, 8)
(12, 7)
(11, 7)
(10, 7)
(10, 6)
(10, 5)
(11, 5)
kaikki ok
Reitin pituus: 9
(6, 4)
(6, 3)
(7, 3)
(8, 3)
(9, 3)
(10, 3)
(10, 2)
(10, 1)
(11, 1)
(12, 1)
kaikki ok
Reitin pituus: 11
(8, 5)
(7, 5)
(6, 5)
(6, 4)
(6, 3)
(7, 3)
(8, 3)
(9, 3)
(10, 3)
(11, 3)
(12, 3)
(13, 3)
kaikki ok
Reitin pituus: 14
(15, 1)
(14, 1)
(14, 2)
(14, 3)
(14, 4)
(14, 5)
(14, 6)
(14, 7)
(14, 8)
(14, 9)
(14, 10)
(14, 11)
(14, 12)
(14, 13)
(15, 13)
kaikki ok
Reitin pituus: 20
(2, 17)
(3, 17)
(4, 17)
(4, 16)
(4, 15)
(5, 15)
(6, 15)
(7, 15)
(8, 15)
(9, 15)
(10, 15)
(11, 15)
(12, 15)
(13, 15)
(14, 15)
(14, 16)
(14, 17)
(15, 17)
(16, 17)
(16, 16)
(16, 15)
kaikki ok
Reitin pituus: 26
(9, 19)
(8, 19)
(8, 18)
(8, 17)
(7, 17)
(6, 17)
(6, 16)
(6, 15)
(5, 15)
(4, 15)
(4, 14)
(4, 13)
(4, 12)
(4, 11)
(4, 10)
(4, 9)
(4, 8)
(4, 7)
(4, 6)
(4, 5)
(4, 4)
(4, 3)
(4, 2)
(4, 1)
(3, 1)
(2, 1)
(1, 1)
kaikki ok
Reitin pituus: 25
(14, 1)
(14, 2)
(14, 3)
(14, 4)
(14, 5)
(14, 6)
(14, 7)
(14, 8)
(14, 9)
(14, 10)
(14, 11)
(14, 12)
(14, 13)
(14, 14)
(14, 15)
(13, 15)
(12, 15)
(12, 16)
(12, 17)
(11, 17)
(10, 17)
(10, 18)
(10, 19)
(9, 19)
(8, 19)
(7, 19)
kaikki ok
Reitin pituus: 14
(14, 6)
(14, 7)
(14, 8)
(14, 9)
(14, 10)
(14, 11)
(14, 12)
(14, 13)
(14, 14)
(14, 15)
(14, 16)
(14, 17)
(15, 17)
(16, 17)
(17, 17)
kaikki ok
Reitin pituus: 9
(4, 3)
(4, 4)
(4, 5)
(4, 6)
(4, 7)
(4, 8)
(4, 9)
(4, 10)
(4, 11)
(4, 12)
kaikki ok
Reitin pituus: 12
(11, 7)
(12, 7)
(12, 8)
(12, 9)
(12, 10)
(12, 11)
(12, 12)
(12, 13)
(11, 13)
(10, 13)
(10, 14)
(10, 15)
(11, 15)
kaikki ok
Reitin pituus: 16
(12, 19)
(11, 19)
(10, 19)
(9, 19)
(8, 19)
(7, 19)
(6, 19)
(5, 19)
(4, 19)
(3, 19)
(2, 19)
(1, 19)
(1, 18)
(1, 17)
(2, 17)
(2, 16)
(2, 15)
kaikki ok
Reitin pituus: 10
(14, 14)
(14, 15)
(13, 15)
(12, 15)
(11, 15)
(10, 15)
(9, 15)
(8, 15)
(7, 15)
(6, 15)
(6, 16)
kaikki ok
Reitin pituus: 21
(15, 19)
(16, 19)
(17, 19)
(17, 18)
(17, 17)
(16, 17)
(15, 17)
(14, 17)
(14, 16)
(14, 15)
(14, 14)
(14, 13)
(14, 12)
(14, 11)
(14, 10)
(14, 9)
(14, 8)
(14, 7)
(14, 6)
(14, 5)
(15, 5)
(16, 5)
kaikki ok
Reitin pituus: 18
(6, 10)
(6, 9)
(5, 9)
(4, 9)
(4, 8)
(4, 7)
(4, 6)
(4, 5)
(4, 4)
(4, 3)
(5, 3)
(6, 3)
(7, 3)
(8, 3)
(9, 3)
(10, 3)
(10, 2)
(10, 1)
(11, 1)
kaikki ok
Reitin pituus: 7
(1, 19)
(1, 18)
(1, 17)
(2, 17)
(2, 16)
(2, 15)
(1, 15)
(1, 14)
kaikki ok
Reitin pituus: 13
(6, 1)
(5, 1)
(4, 1)
(4, 2)
(4, 3)
(4, 4)
(4, 5)
(4, 6)
(4, 7)
(4, 8)
(4, 9)
(4, 10)
(4, 11)
(4, 12)
kaikki ok
Reitin pituus: 18
(15, 13)
(14, 13)
(14, 14)
(14, 15)
(13, 15)
(12, 15)
(11, 15)
(10, 15)
(9, 15)
(8, 15)
(7, 15)
(6, 15)
(5, 15)
(4, 15)
(4, 14)
(4, 13)
(3, 13)
(2, 13)
(1, 13)
kaikki ok
Reitin pituus: 18
(14, 19)
(15, 19)
(16, 19)
(17, 19)
(17, 18)
(17, 17)
(16, 17)
(15, 17)
(14, 17)
(14, 16)
(14, 15)
(14, 14)
(14, 13)
(13, 13)
(12, 13)
(12, 12)
(12, 11)
(11, 11)
(10, 11)
kaikki ok
Reitin pituus: 10
(8, 13)
(7, 13)
(6, 13)
(6, 12)
(6, 11)
(7, 11)
(8, 11)
(9, 11)
(10, 11)
(11, 11)
(12, 11)
kaikki ok
Reitin pituus: 23
(10, 1)
(10, 2)
(10, 3)
(9, 3)
(8, 3)
(7, 3)
(6, 3)
(5, 3)
(4, 3)
(4, 4)
(4, 5)
(4, 6)
(4, 7)
(4, 8)
(4, 9)
(4, 10)
(4, 11)
(4, 12)
(4, 13)
(4, 14)
(4, 15)
(5, 15)
(6, 15)
(7, 15)
kaikki ok
Reitin pituus: 7
(10, 7)
(10, 6)
(10, 5)
(11, 5)
(12, 5)
(12, 4)
(12, 3)
(13, 3)
kaikki ok
Reitin pituus: 12
(7, 5)
(8, 5)
(8, 6)
(8, 7)
(9, 7)
(10, 7)
(11, 7)
(12, 7)
(12, 8)
(12, 9)
(13, 9)
(14, 9)
(14, 8)
kaikki ok
Reitin pituus: 17
(12, 19)
(11, 19)
(10, 19)
(10, 18)
(10, 17)
(11, 17)
(12, 17)
(12, 16)
(12, 15)
(13, 15)
(14, 15)
(14, 14)
(14, 13)
(14, 12)
(14, 11)
(14, 10)
(14, 9)
(13, 9)
kaikki ok
Reitin pituus: 18
(4, 17)
(4, 16)
(4, 15)
(4, 14)
(4, 13)
(5, 13)
(6, 13)
(6, 12)
(6, 11)
(6, 10)
(6, 9)
(6, 8)
(6, 7)
(7, 7)
(8, 7)
(9, 7)
(9, 8)
(9, 9)
(10, 9)
kaikki ok
Reitin pituus: 19
(17, 13)
(16, 13)
(15, 13)
(14, 13)
(14, 12)
(14, 11)
(14, 10)
(14, 9)
(13, 9)
(12, 9)
(12, 8)
(12, 7)
(11, 7)
(10, 7)
(9, 7)
(8, 7)
(8, 6)
(8, 5)
(7, 5)
(6, 5)
kaikki ok
Reitin pituus: 12
(16, 19)
(17, 19)
(17, 18)
(17, 17)
(16, 17)
(15, 17)
(14, 17)
(14, 16)
(14, 15)
(13, 15)
(12, 15)
(11, 15)
(10, 15)
kaikki ok
Reitin pituus: 11
(12, 16)
(12, 15)
(13, 15)
(14, 15)
(14, 14)
(14, 13)
(14, 12)
(14, 11)
(14, 10)
(14, 9)
(14, 8)
(14, 7)
kaikki ok
Reitin pituus: 7
(7, 19)
(8, 19)
(9, 19)
(10, 19)
(10, 18)
(10, 17)
(11, 17)
(12, 17)
kaikki ok
Reitin pituus: 10
(8, 18)
(8, 19)
(9, 19)
(10, 19)
(11, 19)
(12, 19)
(13, 19)
(14, 19)
(15, 19)
(16, 19)
(17, 19)
kaikki ok
Reitin pituus: 6
(12, 15)
(13, 15)
(14, 15)
(14, 14)
(14, 13)
(14, 12)
(14, 11)
kaikki ok
Reitin pituus: 16
(12, 4)
(12, 3)
(13, 3)
(14, 3)
(14, 4)
(14, 5)
(14, 6)
(14, 7)
(14, 8)
(14, 9)
(14, 10)
(14, 11)
(14, 12)
(14, 13)
(14, 14)
(14, 15)
(14, 16)
kaikki ok
Reitin pituus: 5
(12, 10)
(12, 9)
(13, 9)
(14, 9)
(14, 8)
(14, 7)
kaikki ok
Reitin pituus: 16
(7, 11)
(8, 11)
(9, 11)
(10, 11)
(11, 11)
(12, 11)
(12, 10)
(12, 9)
(13, 9)
(14, 9)
(14, 8)
(14, 7)
(14, 6)
(14, 5)
(15, 5)
(16, 5)
(17, 5)
kaikki ok
Reitin pituus: 15
(6, 7)
(6, 8)
(6, 9)
(6, 10)
(6, 11)
(6, 12)
(6, 13)
(5, 13)
(4, 13)
(4, 14)
(4, 15)
(4, 16)
(4, 17)
(3, 17)
(2, 17)
(1, 17)
kaikki ok
Reitin pituus: 12
(1, 2)
(1, 3)
(2, 3)
(3, 3)
(4, 3)
(5, 3)
(6, 3)
(7, 3)
(8, 3)
(9, 3)
(10, 3)
(11, 3)
(12, 3)
kaikki ok
Reitin pituus: 12
(9, 11)
(8, 11)
(7, 11)
(6, 11)
(6, 12)
(6, 13)
(7, 13)
(8, 13)
(8, 14)
(8, 15)
(7, 15)
(6, 15)
(6, 16)
kaikki ok
Reitin pituus: 15
(11, 19)
(10, 19)
(9, 19)
(8, 19)
(8, 18)
(8, 17)
(7, 17)
(6, 17)
(6, 16)
(6, 15)
(5, 15)
(4, 15)
(4, 14)
(4, 13)
(3, 13)
(2, 13)
kaikki ok
Reitin pituus: 12
(16, 1)
(15, 1)
(14, 1)
(13, 1)
(12, 1)
(11, 1)
(10, 1)
(10, 2)
(10, 3)
(9, 3)
(8, 3)
(8, 2)
(8, 1)
kaikki ok
Reitin pituus: 5
(15, 3)
(14, 3)
(14, 2)
(14, 1)
(13, 1)
(12, 1)
kaikki ok
Reitin pituus: 11
(2, 13)
(3, 13)
(4, 13)
(5, 13)
(6, 13)
(6, 12)
(6, 11)
(6, 10)
(6, 9)
(6, 8)
(6, 7)
(7, 7)
kaikki ok
Reitin pituus: 14
(6, 16)
(6, 15)
(7, 15)
(8, 15)
(9, 15)
(10, 15)
(11, 15)
(12, 15)
(13, 15)
(14, 15)
(14, 14)
(14, 13)
(14, 12)
(14, 11)
(14, 10)
kaikki ok
Reitin pituus: 24
(8, 14)
(8, 15)
(9, 15)
(10, 15)
(10, 14)
(10, 13)
(11, 13)
(12, 13)
(13, 13)
(14, 13)
(14, 12)
(14, 11)
(14, 10)
(14, 9)
(14, 8)
(14, 7)
(14, 6)
(14, 5)
(15, 5)
(16, 5)
(17, 5)
(17, 4)
(17, 3)
(17, 2)
(17, 1)
kaikki ok
Reitin pituus: 7
(4, 8)
(4, 7)
(4, 6)
(4, 5)
(4, 4)
(4, 3)
(3, 3)
(2, 3)
kaikki ok
Reitin pituus: 16
(17, 14)
(17, 13)
(16, 13)
(15, 13)
(14, 13)
(14, 12)
(14, 11)
(14, 10)
(14, 9)
(14, 8)
(14, 7)
(14, 6)
(14, 5)
(14, 4)
(14, 3)
(15, 3)
(16, 3)
kaikki ok
Reitin pituus: 15
(12, 4)
(12, 5)
(11, 5)
(10, 5)
(10, 6)
(10, 7)
(9, 7)
(8, 7)
(7, 7)
(6, 7)
(6, 8)
(6, 9)
(5, 9)
(4, 9)
(4, 10)
(4, 11)
kaikki ok
Reitin pituus: 10
(10, 14)
(10, 13)
(11, 13)
(12, 13)
(12, 12)
(12, 11)
(11, 11)
(10, 11)
(9, 11)
(8, 11)
(7, 11)
kaikki ok
Reitin pituus: 15
(12, 4)
(12, 5)
(11, 5)
(10, 5)
(10, 6)
(10, 7)
(11, 7)
(12, 7)
(12, 8)
(12, 9)
(12, 10)
(12, 11)
(12, 12)
(12, 13)
(11, 13)
(10, 13)
kaikki ok
Reitin pituus: 10
(4, 4)
(4, 3)
(5, 3)
(6, 3)
(7, 3)
(8, 3)
(9, 3)
(10, 3)
(11, 3)
(12, 3)
(12, 4)
kaikki ok
Reitin pituus: 10
(11, 5)
(12, 5)
(12, 4)
(12, 3)
(11, 3)
(10, 3)
(9, 3)
(8, 3)
(7, 3)
(6, 3)
(5, 3)
kaikki ok
Reitin pituus: 14
(5, 15)
(6, 15)
(7, 15)
(8, 15)
(9, 15)
(10, 15)
(11, 15)
(12, 15)
(13, 15)
(14, 15)
(14, 14)
(14, 13)
(15, 13)
(16, 13)
(17, 13)
kaikki ok
Reitin pituus: 18
(6, 16)
(6, 15)
(5, 15)
(4, 15)
(4, 14)
(4, 13)
(4, 12)
(4, 11)
(4, 10)
(4, 9)
(4, 8)
(4, 7)
(4, 6)
(4, 5)
(4, 4)
(4, 3)
(4, 2)
(4, 1)
(3, 1)
kaikki ok
Reitin pituus: 12
(1, 14)
(1, 13)
(2, 13)
(3, 13)
(4, 13)
(5, 13)
(6, 13)
(6, 12)
(6, 11)
(7, 11)
(8, 11)
(9, 11)
(10, 11)
kaikki ok
Reitin pituus: 5
(6, 13)
(5, 13)
(4, 13)
(4, 12)
(4, 11)
(4, 10)
kaikki ok
Reitin pituus: 17
(1, 3)
(2, 3)
(3, 3)
(4, 3)
(4, 4)
(4, 5)
(4, 6)
(4, 7)
(4, 8)
(4, 9)
(4, 10)
(4, 11)
(4, 12)
(4, 13)
(5, 13)
(6, 13)
(7, 13)
(8, 13)
kaikki ok
Reitin pituus: 18
(10, 1)
(11, 1)
(12, 1)
(13, 1)
(14, 1)
(14, 2)
(14, 3)
(14, 4)
(14, 5)
(14, 6)
(14, 7)
(14, 8)
(14, 9)
(14, 10)
(14, 11)
(14, 12)
(14, 13)
(15, 13)
(16, 13)
kaikki ok
Reitin pituus: 20
(4, 16)
(4, 15)
(5, 15)
(6, 15)
(7, 15)
(8, 15)
(9, 15)
(10, 15)
(10, 14)
(10, 13)
(11, 13)
(12, 13)
(12, 12)
(12, 11)
(12, 10)
(12, 9)
(13, 9)
(14, 9)
(14, 8)
(14, 7)
(14, 6)
kaikki ok
Reitin pituus: 25
(5, 19)
(6, 19)
(7, 19)
(8, 19)
(8, 18)
(8, 17)
(7, 17)
(6, 17)
(6, 16)
(6, 15)
(5, 15)
(4, 15)
(4, 14)
(4, 13)
(4, 12)
(4, 11)
(4, 10)
(4, 9)
(4, 8)
(4, 7)
(4, 6)
(4, 5)
(4, 4)
(4, 3)
(3, 3)
(2, 3)
kaikki ok
Reitin pituus: 7
(7, 3)
(6, 3)
(5, 3)
(4, 3)
(4, 2)
(4, 1)
(3, 1)
(2, 1)
kaikki ok
Reitin pituus: 14
(4, 17)
(4, 16)
(4, 15)
(5, 15)
(6, 15)
(6, 16)
(6, 17)
(7, 17)
(8, 17)
(8, 18)
(8, 19)
(9, 19)
(10, 19)
(11, 19)
(12, 19)
kaikki ok
Reitin pituus: 12
(4, 16)
(4, 15)
(5, 15)
(6, 15)
(6, 16)
(6, 17)
(7, 17)
(8, 17)
(8, 18)
(8, 19)
(9, 19)
(10, 19)
(11, 19)
kaikki ok
Reitin pituus: 12
(8, 6)
(8, 5)
(7, 5)
(6, 5)
(6, 4)
(6, 3)
(5, 3)
(4, 3)
(4, 4)
(4, 5)
(3, 5)
(2, 5)
(1, 5)
kaikki ok
Reitin pituus: 11
(4, 12)
(4, 11)
(4, 10)
(4, 9)
(4, 8)
(4, 7)
(4, 6)
(4, 5)
(3, 5)
(2, 5)
(1, 5)
(1, 4)
kaikki ok
Reitin pituus: 4
(12, 12)
(12, 11)
(12, 10)
(12, 9)
(12, 8)
kaikki ok
Reitin pituus: 18
(4, 2)
(4, 3)
(4, 4)
(4, 5)
(4, 6)
(4, 7)
(4, 8)
(4, 9)
(5, 9)
(6, 9)
(6, 10)
(6, 11)
(6, 12)
(6, 13)
(7, 13)
(8, 13)
(8, 14)
(8, 15)
(9, 15)
kaikki ok
Reitin pituus: 27
(6, 19)
(7, 19)
(8, 19)
(8, 18)
(8, 17)
(7, 17)
(6, 17)
(6, 16)
(6, 15)
(5, 15)
(4, 15)
(4, 14)
(4, 13)
(4, 12)
(4, 11)
(4, 10)
(4, 9)
(4, 8)
(4, 7)
(4, 6)
(4, 5)
(4, 4)
(4, 3)
(4, 2)
(4, 1)
(5, 1)
(6, 1)
(7, 1)
kaikki ok
Reitin pituus: 18
(2, 15)
(2, 16)
(2, 17)
(3, 17)
(4, 17)
(4, 16)
(4, 15)
(5, 15)
(6, 15)
(7, 15)
(8, 15)
(9, 15)
(10, 15)
(10, 14)
(10, 13)
(11, 13)
(12, 13)
(13, 13)
(14, 13)
kaikki ok
Reitin pituus: 31
(17, 2)
(17, 3)
(16, 3)
(15, 3)
(14, 3)
(13, 3)
(12, 3)
(11, 3)
(10, 3)
(9, 3)
(8, 3)
(7, 3)
(6, 3)
(5, 3)
(4, 3)
(4, 4)
(4, 5)
(4, 6)
(4, 7)
(4, 8)
(4, 9)
(4, 10)
(4, 11)
(4, 12)
(4, 13)
(4, 14)
(4, 15)
(4, 16)
(4, 17)
(3, 17)
(2, 17)
(1, 17)
kaikki ok
Reitin pituus: 11
(15, 13)
(14, 13)
(14, 12)
(14, 11)
(14, 10)
(14, 9)
(14, 8)
(14, 7)
(14, 6)
(14, 5)
(15, 5)
(16, 5)
kaikki ok
Reitin pituus: 24
(11, 3)
(12, 3)
(13, 3)
(14, 3)
(14, 4)
(14, 5)
(14, 6)
(14, 7)
(14, 8)
(14, 9)
(14, 10)
(14, 11)
(14, 12)
(14, 13)
(14, 14)
(14, 15)
(13, 15)
(12, 15)
(12, 16)
(12, 17)
(11, 17)
(10, 17)
(10, 18)
(10, 19)
(11, 19)
kaikki ok
Reitin pituus: 24
(7, 5)
(8, 5)
(8, 6)
(8, 7)
(9, 7)
(10, 7)
(11, 7)
(12, 7)
(12, 8)
(12, 9)
(12, 10)
(12, 11)
(12, 12)
(12, 13)
(13, 13)
(14, 13)
(14, 14)
(14, 15)
(14, 16)
(14, 17)
(15, 17)
(16, 17)
(17, 17)
(17, 18)
(17, 19)
kaikki ok
Reitin pituus: 1
(11, 13)
(12, 13)
kaikki ok
Reitin pituus: 14
(16, 5)
(15, 5)
(14, 5)
(14, 6)
(14, 7)
(14, 8)
(14, 9)
(14, 10)
(14, 11)
(14, 12)
(14, 13)
(14, 14)
(14, 15)
(14, 16)
(14, 17)
kaikki ok
Reitin pituus: 18
(16, 1)
(15, 1)
(14, 1)
(14, 2)
(14, 3)
(14, 4)
(14, 5)
(14, 6)
(14, 7)
(14, 8)
(14, 9)
(14, 10)
(14, 11)
(14, 12)
(14, 13)
(15, 13)
(16, 13)
(17, 13)
(17, 14)
kaikki ok
Reitin pituus: 4
(14, 10)
(14, 9)
(13, 9)
(12, 9)
(12, 8)
kaikki ok
Reitin pituus: 27
(3, 3)
(4, 3)
(4, 4)
(4, 5)
(4, 6)
(4, 7)
(4, 8)
(4, 9)
(4, 10)
(4, 11)
(4, 12)
(4, 13)
(4, 14)
(4, 15)
(5, 15)
(6, 15)
(6, 16)
(6, 17)
(7, 17)
(8, 17)
(8, 18)
(8, 19)
(9, 19)
(10, 19)
(11, 19)
(12, 19)
(13, 19)
(14, 19)
kaikki ok
Reitin pituus: 22
(1, 18)
(1, 17)
(2, 17)
(3, 17)
(4, 17)
(4, 16)
(4, 15)
(5, 15)
(6, 15)
(7, 15)
(8, 15)
(9, 15)
(10, 15)
(10, 14)
(10, 13)
(11, 13)
(12, 13)
(12, 12)
(12, 11)
(12, 10)
(12, 9)
(13, 9)
(14, 9)
kaikki ok
Reitin pituus: 13
(12, 13)
(12, 12)
(12, 11)
(11, 11)
(10, 11)
(9, 11)
(8, 11)
(7, 11)
(6, 11)
(6, 10)
(6, 9)
(5, 9)
(4, 9)
(4, 8)
kaikki ok
Reitin pituus: 4
(11, 5)
(10, 5)
(10, 6)
(10, 7)
(11, 7)
kaikki ok
Reitin pituus: 18
(16, 13)
(15, 13)
(14, 13)
(13, 13)
(12, 13)
(12, 12)
(12, 11)
(12, 10)
(12, 9)
(12, 8)
(12, 7)
(11, 7)
(10, 7)
(9, 7)
(8, 7)
(8, 6)
(8, 5)
(7, 5)
(6, 5)
kaikki ok
Reitin pituus: 14
(6, 5)
(6, 4)
(6, 3)
(7, 3)
(8, 3)
(9, 3)
(10, 3)
(10, 2)
(10, 1)
(11, 1)
(12, 1)
(13, 1)
(14, 1)
(15, 1)
(16, 1)
kaikki ok
Reitin pituus: 13
(14, 19)
(15, 19)
(16, 19)
(17, 19)
(17, 18)
(17, 17)
(16, 17)
(16, 16)
(16, 15)
(17, 15)
(17, 14)
(17, 13)
(16, 13)
(15, 13)
kaikki ok
Reitin pituus: 7
(6, 1)
(7, 1)
(8, 1)
(8, 2)
(8, 3)
(7, 3)
(6, 3)
(6, 4)
kaikki ok
Reitin pituus: 15
(16, 19)
(15, 19)
(14, 19)
(13, 19)
(12, 19)
(11, 19)
(10, 19)
(9, 19)
(8, 19)
(8, 18)
(8, 17)
(7, 17)
(6, 17)
(6, 16)
(6, 15)
(5, 15)
kaikki ok
Reitin pituus: 12
(4, 12)
(4, 13)
(4, 14)
(4, 15)
(5, 15)
(6, 15)
(6, 16)
(6, 17)
(7, 17)
(8, 17)
(8, 18)
(8, 19)
(9, 19)
kaikki ok
Reitin pituus: 11
(17, 18)
(17, 17)
(16, 17)
(15, 17)
(14, 17)
(14, 16)
(14, 15)
(14, 14)
(14, 13)
(13, 13)
(12, 13)
(12, 12)
kaikki ok
Reitin pituus: 14
(14, 10)
(14, 9)
(13, 9)
(12, 9)
(12, 10)
(12, 11)
(11, 11)
(10, 11)
(9, 11)
(8, 11)
(7, 11)
(6, 11)
(6, 12)
(6, 13)
(5, 13)
kaikki ok
Reitin pituus: 11
(6, 15)
(7, 15)
(8, 15)
(9, 15)
(10, 15)
(10, 14)
(10, 13)
(11, 13)
(12, 13)
(13, 13)
(14, 13)
(15, 13)
kaikki ok
Reitin pituus: 20
(7, 1)
(6, 1)
(5, 1)
(4, 1)
(4, 2)
(4, 3)
(4, 4)
(4, 5)
(4, 6)
(4, 7)
(4, 8)
(4, 9)
(4, 10)
(4, 11)
(4, 12)
(4, 13)
(4, 14)
(4, 15)
(5, 15)
(6, 15)
(7, 15)
kaikki ok
Reitin pituus: 14
(1, 13)
(2, 13)
(3, 13)
(4, 13)
(4, 12)
(4, 11)
(4, 10)
(4, 9)
(4, 8)
(4, 7)
(4, 6)
(4, 5)
(4, 4)
(4, 3)
(4, 2)
kaikki ok
Reitin pituus: 22
(9, 19)
(10, 19)
(10, 18)
(10, 17)
(11, 17)
(12, 17)
(12, 16)
(12, 15)
(13, 15)
(14, 15)
(14, 14)
(14, 13)
(14, 12)
(14, 11)
(14, 10)
(14, 9)
(14, 8)
(14, 7)
(14, 6)
(14, 5)
(14, 4)
(14, 3)
(15, 3)
kaikki ok
Reitin pituus: 9
(12, 3)
(11, 3)
(10, 3)
(9, 3)
(8, 3)
(7, 3)
(6, 3)
(6, 4)
(6, 5)
(7, 5)
kaikki ok
Reitin pituus: 24
(7, 17)
(6, 17)
(6, 16)
(6, 15)
(7, 15)
(8, 15)
(9, 15)
(10, 15)
(10, 14)
(10, 13)
(11, 13)
(12, 13)
(12, 12)
(12, 11)
(12, 10)
(12, 9)
(13, 9)
(14, 9)
(14, 8)
(14, 7)
(14, 6)
(14, 5)
(14, 4)
(14, 3)
(14, 2)
kaikki ok
Reitin pituus: 14
(6, 9)
(6, 8)
(6, 7)
(7, 7)
(8, 7)
(9, 7)
(10, 7)
(10, 6)
(10, 5)
(11, 5)
(12, 5)
(12, 4)
(12, 3)
(11, 3)
(10, 3)
kaikki ok
Reitin pituus: 15
(8, 6)
(8, 7)
(9, 7)
(10, 7)
(11, 7)
(12, 7)
(12, 8)
(12, 9)
(12, 10)
(12, 11)
(12, 12)
(12, 13)
(13, 13)
(14, 13)
(14, 14)
(14, 15)
kaikki ok
Reitin pituus: 12
(10, 18)
(10, 17)
(11, 17)
(12, 17)
(12, 16)
(12, 15)
(11, 15)
(10, 15)
(9, 15)
(8, 15)
(8, 14)
(8, 13)
(7, 13)
kaikki ok
Reitin pituus: 7
(8, 9)
(9, 9)
(9, 8)
(9, 7)
(10, 7)
(11, 7)
(12, 7)
(12, 8)
kaikki ok
Reitin pituus: 18
(8, 6)
(8, 7)
(9, 7)
(10, 7)
(11, 7)
(12, 7)
(12, 8)
(12, 9)
(12, 10)
(12, 11)
(12, 12)
(12, 13)
(11, 13)
(10, 13)
(10, 14)
(10, 15)
(11, 15)
(12, 15)
(12, 16)
kaikki ok
Reitin pituus: 10
(8, 5)
(7, 5)
(6, 5)
(6, 4)
(6, 3)
(5, 3)
(4, 3)
(4, 4)
(4, 5)
(4, 6)
(4, 7)
kaikki ok
Reitin pituus: 22
(12, 16)
(12, 15)
(13, 15)
(14, 15)
(14, 14)
(14, 13)
(14, 12)
(14, 11)
(14, 10)
(14, 9)
(14, 8)
(14, 7)
(14, 6)
(14, 5)
(14, 4)
(14, 3)
(13, 3)
(12, 3)
(11, 3)
(10, 3)
(9, 3)
(8, 3)
(8, 2)
kaikki ok
Reitin pituus: 16
(15, 1)
(14, 1)
(14, 2)
(14, 3)
(14, 4)
(14, 5)
(14, 6)
(14, 7)
(14, 8)
(14, 9)
(13, 9)
(12, 9)
(12, 10)
(12, 11)
(11, 11)
(10, 11)
(9, 11)
kaikki ok
Reitin pituus: 15
(1, 5)
(1, 4)
(1, 3)
(2, 3)
(3, 3)
(4, 3)
(5, 3)
(6, 3)
(6, 4)
(6, 5)
(7, 5)
(8, 5)
(8, 6)
(8, 7)
(9, 7)
(10, 7)
kaikki ok
Reitin pituus: 9
(11, 11)
(10, 11)
(9, 11)
(8, 11)
(7, 11)
(6, 11)
(6, 12)
(6, 13)
(7, 13)
(8, 13)
kaikki ok
Reitin pituus: 13
(14, 9)
(14, 10)
(14, 11)
(14, 12)
(14, 13)
(14, 14)
(14, 15)
(14, 16)
(14, 17)
(15, 17)
(16, 17)
(17, 17)
(17, 18)
(17, 19)
kaikki ok
Reitin pituus: 16
(4, 11)
(4, 12)
(4, 13)
(5, 13)
(6, 13)
(7, 13)
(8, 13)
(8, 14)
(8, 15)
(9, 15)
(10, 15)
(11, 15)
(12, 15)
(13, 15)
(14, 15)
(14, 16)
(14, 17)
kaikki ok
Reitin pituus: 23
(1, 15)
(2, 15)
(2, 16)
(2, 17)
(3, 17)
(4, 17)
(4, 16)
(4, 15)
(5, 15)
(6, 15)
(7, 15)
(8, 15)
(9, 15)
(10, 15)
(11, 15)
(12, 15)
(13, 15)
(14, 15)
(14, 14)
(14, 13)
(15, 13)
(16, 13)
(17, 13)
(17, 14)
kaikki ok
Reitin pituus: 6
(10, 13)
(10, 14)
(10, 15)
(9, 15)
(8, 15)
(8, 14)
(8, 13)
kaikki ok
Reitin pituus: 12
(12, 8)
(12, 9)
(12, 10)
(12, 11)
(11, 11)
(10, 11)
(9, 11)
(8, 11)
(7, 11)
(6, 11)
(6, 12)
(6, 13)
(5, 13)
kaikki ok
Reitin pituus: 10
(1, 19)
(1, 18)
(1, 17)
(2, 17)
(3, 17)
(4, 17)
(4, 16)
(4, 15)
(5, 15)
(6, 15)
(6, 16)
kaikki ok
Reitin pituus: 16
(9, 19)
(8, 19)
(8, 18)
(8, 17)
(7, 17)
(6, 17)
(6, 16)
(6, 15)
(5, 15)
(4, 15)
(4, 14)
(4, 13)
(4, 12)
(4, 11)
(4, 10)
(4, 9)
(5, 9)
kaikki ok
Reitin pituus: 11
(3, 13)
(4, 13)
(5, 13)
(6, 13)
(6, 12)
(6, 11)
(7, 11)
(8, 11)
(9, 11)
(10, 11)
(11, 11)
(12, 11)
kaikki ok
Reitin pituus: 20
(5, 13)
(4, 13)
(4, 12)
(4, 11)
(4, 10)
(4, 9)
(4, 8)
(4, 7)
(4, 6)
(4, 5)
(4, 4)
(4, 3)
(5, 3)
(6, 3)
(7, 3)
(8, 3)
(9, 3)
(10, 3)
(10, 2)
(10, 1)
(11, 1)
kaikki ok
Reitin pituus: 26
(14, 19)
(15, 19)
(16, 19)
(17, 19)
(17, 18)
(17, 17)
(16, 17)
(15, 17)
(14, 17)
(14, 16)
(14, 15)
(14, 14)
(14, 13)
(14, 12)
(14, 11)
(14, 10)
(14, 9)
(14, 8)
(14, 7)
(14, 6)
(14, 5)
(14, 4)
(14, 3)
(13, 3)
(12, 3)
(11, 3)
(10, 3)
kaikki ok
Reitin pituus: 28
(17, 2)
(17, 3)
(16, 3)
(15, 3)
(14, 3)
(13, 3)
(12, 3)
(11, 3)
(10, 3)
(9, 3)
(8, 3)
(7, 3)
(6, 3)
(5, 3)
(4, 3)
(4, 4)
(4, 5)
(4, 6)
(4, 7)
(4, 8)
(4, 9)
(4, 10)
(4, 11)
(4, 12)
(4, 13)
(4, 14)
(4, 15)
(4, 16)
(4, 17)
kaikki ok
Reitin pituus: 0
(12, 15)
kaikki ok
Reitin pituus: 6
(11, 15)
(12, 15)
(12, 16)
(12, 17)
(11, 17)
(10, 17)
(10, 18)
kaikki ok
Reitin pituus: 22
(17, 2)
(17, 3)
(17, 4)
(17, 5)
(16, 5)
(15, 5)
(14, 5)
(14, 6)
(14, 7)
(14, 8)
(14, 9)
(14, 10)
(14, 11)
(14, 12)
(14, 13)
(14, 14)
(14, 15)
(14, 16)
(14, 17)
(15, 17)
(16, 17)
(17, 17)
(17, 18)
kaikki ok
Reitin pituus: 18
(1, 1)
(1, 2)
(1, 3)
(2, 3)
(3, 3)
(4, 3)
(5, 3)
(6, 3)
(6, 4)
(6, 5)
(7, 5)
(8, 5)
(8, 6)
(8, 7)
(9, 7)
(10, 7)
(11, 7)
(12, 7)
(12, 8)
kaikki ok
Reitin pituus: 16
(16, 5)
(15, 5)
(14, 5)
(14, 6)
(14, 7)
(14, 8)
(14, 9)
(13, 9)
(12, 9)
(12, 8)
(12, 7)
(11, 7)
(10, 7)
(9, 7)
(9, 8)
(9, 9)
(10, 9)
kaikki ok
Reitin pituus: 18
(10, 17)
(11, 17)
(12, 17)
(12, 16)
(12, 15)
(11, 15)
(10, 15)
(9, 15)
(8, 15)
(8, 14)
(8, 13)
(7, 13)
(6, 13)
(6, 12)
(6, 11)
(6, 10)
(6, 9)
(6, 8)
(6, 7)
kaikki ok
Reitin pituus: 17
(16, 13)
(15, 13)
(14, 13)
(13, 13)
(12, 13)
(12, 12)
(12, 11)
(11, 11)
(10, 11)
(9, 11)
(8, 11)
(7, 11)
(6, 11)
(6, 10)
(6, 9)
(5, 9)
(4, 9)
(4, 10)
kaikki ok
Reitin pituus: 17
(2, 13)
(3, 13)
(4, 13)
(4, 14)
(4, 15)
(5, 15)
(6, 15)
(7, 15)
(8, 15)
(9, 15)
(10, 15)
(11, 15)
(12, 15)
(13, 15)
(14, 15)
(14, 14)
(14, 13)
(14, 12)
kaikki ok
Reitin pituus: 16
(14, 11)
(14, 10)
(14, 9)
(14, 8)
(14, 7)
(14, 6)
(14, 5)
(14, 4)
(14, 3)
(13, 3)
(12, 3)
(11, 3)
(10, 3)
(9, 3)
(8, 3)
(8, 2)
(8, 1)
kaikki ok
Reitin pituus: 25
(5, 1)
(4, 1)
(4, 2)
(4, 3)
(4, 4)
(4, 5)
(4, 6)
(4, 7)
(4, 8)
(4, 9)
(4, 10)
(4, 11)
(4, 12)
(4, 13)
(4, 14)
(4, 15)
(4, 16)
(4, 17)
(3, 17)
(2, 17)
(1, 17)
(1, 18)
(1, 19)
(2, 19)
(3, 19)
(4, 19)
kaikki ok
Reitin pituus: 3
(4, 8)
(4, 7)
(4, 6)
(4, 5)
kaikki ok
Reitin pituus: 18
(4, 14)
(4, 13)
(4, 12)
(4, 11)
(4, 10)
(4, 9)
(4, 8)
(4, 7)
(4, 6)
(4, 5)
(4, 4)
(4, 3)
(5, 3)
(6, 3)
(7, 3)
(8, 3)
(9, 3)
(10, 3)
(10, 2)
kaikki ok
Reitin pituus: 16
(12, 13)
(11, 13)
(10, 13)
(10, 14)
(10, 15)
(9, 15)
(8, 15)
(7, 15)
(6, 15)
(5, 15)
(4, 15)
(4, 16)
(4, 17)
(3, 17)
(2, 17)
(1, 17)
(1, 18)
kaikki ok
Reitin pituus: 6
(8, 6)
(8, 7)
(7, 7)
(6, 7)
(6, 8)
(6, 9)
(6, 10)
kaikki ok
Reitin pituus: 3
(4, 15)
(4, 14)
(4, 13)
(4, 12)
kaikki ok
Reitin pituus: 6
(15, 3)
(14, 3)
(13, 3)
(12, 3)
(11, 3)
(10, 3)
(9, 3)
kaikki ok
Reitin pituus: 16
(16, 17)
(15, 17)
(14, 17)
(14, 16)
(14, 15)
(14, 14)
(14, 13)
(14, 12)
(14, 11)
(14, 10)
(14, 9)
(14, 8)
(14, 7)
(14, 6)
(14, 5)
(15, 5)
(16, 5)
kaikki ok
Reitin pituus: 27
(12, 1)
(13, 1)
(14, 1)
(14, 2)
(14, 3)
(14, 4)
(14, 5)
(14, 6)
(14, 7)
(14, 8)
(14, 9)
(14, 10)
(14, 11)
(14, 12)
(14, 13)
(14, 14)
(14, 15)
(13, 15)
(12, 15)
(12, 16)
(12, 17)
(11, 17)
(10, 17)
(10, 18)
(10, 19)
(9, 19)
(8, 19)
(8, 18)
kaikki ok
Reitin pituus: 10
(7, 3)
(6, 3)
(5, 3)
(4, 3)
(4, 4)
(4, 5)
(4, 6)
(4, 7)
(4, 8)
(4, 9)
(5, 9)
kaikki ok
Reitin pituus: 11
(1, 18)
(1, 17)
(2, 17)
(3, 17)
(4, 17)
(4, 16)
(4, 15)
(5, 15)
(6, 15)
(7, 15)
(8, 15)
(8, 14)
kaikki ok
Reitin pituus: 6
(6, 12)
(6, 13)
(5, 13)
(4, 13)
(4, 12)
(4, 11)
(4, 10)
kaikki ok
Reitin pituus: 21
(14, 9)
(14, 10)
(14, 11)
(14, 12)
(14, 13)
(14, 14)
(14, 15)
(13, 15)
(12, 15)
(11, 15)
(10, 15)
(9, 15)
(8, 15)
(7, 15)
(6, 15)
(5, 15)
(4, 15)
(4, 16)
(4, 17)
(3, 17)
(2, 17)
(1, 17)
kaikki ok
Reitin pituus: 15
(16, 13)
(15, 13)
(14, 13)
(13, 13)
(12, 13)
(12, 12)
(12, 11)
(11, 11)
(10, 11)
(9, 11)
(8, 11)
(7, 11)
(6, 11)
(6, 10)
(6, 9)
(6, 8)
kaikki ok
Reitin pituus: 11
(8, 17)
(7, 17)
(6, 17)
(6, 16)
(6, 15)
(5, 15)
(4, 15)
(4, 14)
(4, 13)
(3, 13)
(2, 13)
(1, 13)
kaikki ok
Reitin pituus: 18
(4, 5)
(4, 6)
(4, 7)
(4, 8)
(4, 9)
(5, 9)
(6, 9)
(6, 10)
(6, 11)
(7, 11)
(8, 11)
(9, 11)
(10, 11)
(11, 11)
(12, 11)
(12, 12)
(12, 13)
(13, 13)
(14, 13)
kaikki ok
Reitin pituus: 10
(4, 4)
(4, 5)
(4, 6)
(4, 7)
(4, 8)
(4, 9)
(5, 9)
(6, 9)
(6, 10)
(6, 11)
(7, 11)
kaikki ok
Reitin pituus: 21
(1, 17)
(2, 17)
(3, 17)
(4, 17)
(4, 16)
(4, 15)
(4, 14)
(4, 13)
(4, 12)
(4, 11)
(4, 10)
(4, 9)
(4, 8)
(4, 7)
(4, 6)
(4, 5)
(4, 4)
(4, 3)
(5, 3)
(6, 3)
(7, 3)
(8, 3)
kaikki ok
Reitin pituus: 21
(8, 3)
(9, 3)
(10, 3)
(11, 3)
(12, 3)
(13, 3)
(14, 3)
(14, 4)
(14, 5)
(14, 6)
(14, 7)
(14, 8)
(14, 9)
(14, 10)
(14, 11)
(14, 12)
(14, 13)
(14, 14)
(14, 15)
(13, 15)
(12, 15)
(11, 15)
kaikki ok
Reitin pituus: 8
(14, 15)
(13, 15)
(12, 15)
(12, 16)
(12, 17)
(11, 17)
(10, 17)
(10, 18)
(10, 19)
kaikki ok
Reitin pituus: 19
(14, 14)
(14, 13)
(13, 13)
(12, 13)
(12, 12)
(12, 11)
(12, 10)
(12, 9)
(12, 8)
(12, 7)
(11, 7)
(10, 7)
(9, 7)
(8, 7)
(8, 6)
(8, 5)
(7, 5)
(6, 5)
(6, 4)
(6, 3)
kaikki ok
Reitin pituus: 2
(14, 1)
(15, 1)
(16, 1)
kaikki ok
Reitin pituus: 15
(6, 8)
(6, 9)
(5, 9)
(4, 9)
(4, 10)
(4, 11)
(4, 12)
(4, 13)
(4, 14)
(4, 15)
(4, 16)
(4, 17)
(3, 17)
(2, 17)
(1, 17)
(1, 18)
kaikki ok
Reitin pituus: 23
(4, 1)
(4, 2)
(4, 3)
(4, 4)
(4, 5)
(4, 6)
(4, 7)
(4, 8)
(4, 9)
(4, 10)
(4, 11)
(4, 12)
(4, 13)
(4, 14)
(4, 15)
(5, 15)
(6, 15)
(6, 16)
(6, 17)
(7, 17)
(8, 17)
(8, 18)
(8, 19)
(9, 19)
kaikki ok
Reitin pituus: 5
(10, 1)
(11, 1)
(12, 1)
(13, 1)
(14, 1)
(14, 2)
kaikki ok
Reitin pituus: 14
(17, 2)
(17, 3)
(16, 3)
(15, 3)
(14, 3)
(13, 3)
(12, 3)
(11, 3)
(10, 3)
(9, 3)
(8, 3)
(7, 3)
(6, 3)
(6, 4)
(6, 5)
kaikki ok
Reitin pituus: 16
(4, 2)
(4, 3)
(5, 3)
(6, 3)
(7, 3)
(8, 3)
(9, 3)
(10, 3)
(11, 3)
(12, 3)
(13, 3)
(14, 3)
(14, 4)
(14, 5)
(14, 6)
(14, 7)
(14, 8)
kaikki ok
Reitin pituus: 14
(17, 3)
(16, 3)
(15, 3)
(14, 3)
(13, 3)
(12, 3)
(11, 3)
(10, 3)
(9, 3)
(8, 3)
(8, 2)
(8, 1)
(7, 1)
(6, 1)
(5, 1)
kaikki ok
Reitin pituus: 3
(14, 3)
(14, 2)
(14, 1)
(13, 1)
kaikki ok
Reitin pituus: 9
(12, 3)
(12, 4)
(12, 5)
(11, 5)
(10, 5)
(10, 6)
(10, 7)
(11, 7)
(12, 7)
(12, 8)
kaikki ok
Reitin pituus: 27
(12, 19)
(11, 19)
(10, 19)
(10, 18)
(10, 17)
(11, 17)
(12, 17)
(12, 16)
(12, 15)
(13, 15)
(14, 15)
(14, 14)
(14, 13)
(14, 12)
(14, 11)
(14, 10)
(14, 9)
(14, 8)
(14, 7)
(14, 6)
(14, 5)
(14, 4)
(14, 3)
(14, 2)
(14, 1)
(13, 1)
(12, 1)
(11, 1)
kaikki ok
Reitin pituus: 20
(14, 12)
(14, 13)
(14, 14)
(14, 15)
(13, 15)
(12, 15)
(12, 16)
(12, 17)
(11, 17)
(10, 17)
(10, 18)
(10, 19)
(9, 19)
(8, 19)
(7, 19)
(6, 19)
(5, 19)
(4, 19)
(3, 19)
(2, 19)
(1, 19)
kaikki ok
Reitin pituus: 8
(15, 3)
(14, 3)
(13, 3)
(12, 3)
(11, 3)
(10, 3)
(9, 3)
(8, 3)
(7, 3)
kaikki ok
Reitin pituus: 18
(2, 19)
(1, 19)
(1, 18)
(1, 17)
(2, 17)
(3, 17)
(4, 17)
(4, 16)
(4, 15)
(4, 14)
(4, 13)
(4, 12)
(4, 11)
(4, 10)
(4, 9)
(4, 8)
(4, 7)
(4, 6)
(4, 5)
kaikki ok
Reitin pituus: 19
(1, 18)
(1, 17)
(2, 17)
(3, 17)
(4, 17)
(4, 16)
(4, 15)
(4, 14)
(4, 13)
(4, 12)
(4, 11)
(4, 10)
(4, 9)
(4, 8)
(4, 7)
(4, 6)
(4, 5)
(3, 5)
(2, 5)
(1, 5)
kaikki ok
Reitin pituus: 5
(4, 19)
(5, 19)
(6, 19)
(7, 19)
(8, 19)
(9, 19)
kaikki ok
Reitin pituus: 22
(1, 19)
(1, 18)
(1, 17)
(2, 17)
(3, 17)
(4, 17)
(4, 16)
(4, 15)
(5, 15)
(6, 15)
(7, 15)
(8, 15)
(9, 15)
(10, 15)
(10, 14)
(10, 13)
(11, 13)
(12, 13)
(12, 12)
(12, 11)
(12, 10)
(12, 9)
(12, 8)
kaikki ok
Reitin pituus: 7
(2, 1)
(3, 1)
(4, 1)
(4, 2)
(4, 3)
(5, 3)
(6, 3)
(6, 4)
kaikki ok
Reitin pituus: 5
(10, 15)
(11, 15)
(12, 15)
(13, 15)
(14, 15)
(14, 14)
kaikki ok
Reitin pituus: 3
(8, 13)
(7, 13)
(6, 13)
(5, 13)
kaikki ok
Reitin pituus: 16
(16, 5)
(15, 5)
(14, 5)
(14, 4)
(14, 3)
(13, 3)
(12, 3)
(11, 3)
(10, 3)
(9, 3)
(8, 3)
(7, 3)
(6, 3)
(5, 3)
(4, 3)
(3, 3)
(2, 3)
kaikki ok
Reitin pituus: 12
(12, 8)
(12, 9)
(12, 10)
(12, 11)
(12, 12)
(12, 13)
(11, 13)
(10, 13)
(10, 14)
(10, 15)
(9, 15)
(8, 15)
(7, 15)
kaikki ok
Reitin pituus: 22
(14, 19)
(13, 19)
(12, 19)
(11, 19)
(10, 19)
(9, 19)
(8, 19)
(8, 18)
(8, 17)
(7, 17)
(6, 17)
(6, 16)
(6, 15)
(7, 15)
(8, 15)
(8, 14)
(8, 13)
(7, 13)
(6, 13)
(6, 12)
(6, 11)
(6, 10)
(6, 9)
kaikki ok
Reitin pituus: 20
(10, 18)
(10, 17)
(11, 17)
(12, 17)
(12, 16)
(12, 15)
(13, 15)
(14, 15)
(14, 14)
(14, 13)
(14, 12)
(14, 11)
(14, 10)
(14, 9)
(14, 8)
(14, 7)
(14, 6)
(14, 5)
(15, 5)
(16, 5)
(17, 5)
kaikki ok
Reitin pituus: 3
(6, 9)
(6, 8)
(6, 7)
(7, 7)
kaikki ok
Reitin pituus: 17
(13, 19)
(12, 19)
(11, 19)
(10, 19)
(9, 19)
(8, 19)
(8, 18)
(8, 17)
(7, 17)
(6, 17)
(6, 16)
(6, 15)
(5, 15)
(4, 15)
(4, 14)
(4, 13)
(5, 13)
(6, 13)
kaikki ok
Reitin pituus: 12
(2, 16)
(2, 17)
(3, 17)
(4, 17)
(4, 16)
(4, 15)
(4, 14)
(4, 13)
(5, 13)
(6, 13)
(6, 12)
(6, 11)
(6, 10)
kaikki ok
Reitin pituus: 23
(10, 18)
(10, 17)
(11, 17)
(12, 17)
(12, 16)
(12, 15)
(13, 15)
(14, 15)
(14, 14)
(14, 13)
(14, 12)
(14, 11)
(14, 10)
(14, 9)
(14, 8)
(14, 7)
(14, 6)
(14, 5)
(14, 4)
(14, 3)
(14, 2)
(14, 1)
(13, 1)
(12, 1)
kaikki ok
Reitin pituus: 21
(11, 5)
(10, 5)
(10, 6)
(10, 7)
(9, 7)
(8, 7)
(7, 7)
(6, 7)
(6, 8)
(6, 9)
(6, 10)
(6, 11)
(6, 12)
(6, 13)
(7, 13)
(8, 13)
(8, 14)
(8, 15)
(7, 15)
(6, 15)
(6, 16)
(6, 17)
kaikki ok
Reitin pituus: 12
(4, 10)
(4, 9)
(5, 9)
(6, 9)
(6, 10)
(6, 11)
(7, 11)
(8, 11)
(9, 11)
(10, 11)
(11, 11)
(12, 11)
(12, 10)
kaikki ok
Reitin pituus: 20
(6, 7)
(6, 8)
(6, 9)
(6, 10)
(6, 11)
(6, 12)
(6, 13)
(7, 13)
(8, 13)
(8, 14)
(8, 15)
(9, 15)
(10, 15)
(11, 15)
(12, 15)
(13, 15)
(14, 15)
(14, 16)
(14, 17)
(15, 17)
(16, 17)
kaikki ok
Reitin pituus: 22
(1, 17)
(2, 17)
(3, 17)
(4, 17)
(4, 16)
(4, 15)
(4, 14)
(4, 13)
(4, 12)
(4, 11)
(4, 10)
(4, 9)
(4, 8)
(4, 7)
(4, 6)
(4, 5)
(4, 4)
(4, 3)
(4, 2)
(4, 1)
(5, 1)
(6, 1)
(7, 1)
kaikki ok
Reitin pituus: 21
(4, 3)
(5, 3)
(6, 3)
(6, 4)
(6, 5)
(7, 5)
(8, 5)
(8, 6)
(8, 7)
(9, 7)
(10, 7)
(11, 7)
(12, 7)
(12, 8)
(12, 9)
(12, 10)
(12, 11)
(12, 12)
(12, 13)
(13, 13)
(14, 13)
(15, 13)
kaikki ok
Reitin pituus: 13
(4, 13)
(4, 12)
(4, 11)
(4, 10)
(4, 9)
(4, 8)
(4, 7)
(4, 6)
(4, 5)
(4, 4)
(4, 3)
(4, 2)
(4, 1)
(3, 1)
kaikki ok
Reitin pituus: 6
(7, 15)
(6, 15)
(5, 15)
(4, 15)
(4, 14)
(4, 13)
(3, 13)
kaikki ok
Reitin pituus: 17
(2, 15)
(1, 15)
(1, 14)
(1, 13)
(2, 13)
(3, 13)
(4, 13)
(4, 12)
(4, 11)
(4, 10)
(4, 9)
(4, 8)
(4, 7)
(4, 6)
(4, 5)
(4, 4)
(4, 3)
(5, 3)
kaikki ok
Reitin pituus: 12
(13, 15)
(14, 15)
(14, 14)
(14, 13)
(14, 12)
(14, 11)
(14, 10)
(14, 9)
(13, 9)
(12, 9)
(12, 8)
(12, 7)
(11, 7)
kaikki ok
Reitin pituus: 22
(13, 9)
(12, 9)
(12, 10)
(12, 11)
(12, 12)
(12, 13)
(11, 13)
(10, 13)
(10, 14)
(10, 15)
(9, 15)
(8, 15)
(7, 15)
(6, 15)
(5, 15)
(4, 15)
(4, 16)
(4, 17)
(3, 17)
(2, 17)
(1, 17)
(1, 18)
(1, 19)
kaikki ok
Reitin pituus: 25
(12, 19)
(11, 19)
(10, 19)
(10, 18)
(10, 17)
(11, 17)
(12, 17)
(12, 16)
(12, 15)
(13, 15)
(14, 15)
(14, 14)
(14, 13)
(14, 12)
(14, 11)
(14, 10)
(14, 9)
(13, 9)
(12, 9)
(12, 8)
(12, 7)
(11, 7)
(10, 7)
(10, 6)
(10, 5)
(11, 5)
kaikki ok
Reitin pituus: 14
(12, 12)
(12, 11)
(12, 10)
(12, 9)
(13, 9)
(14, 9)
(14, 8)
(14, 7)
(14, 6)
(14, 5)
(14, 4)
(14, 3)
(14, 2)
(14, 1)
(13, 1)
kaikki ok
Reitin pituus: 31
(2, 15)
(1, 15)
(1, 14)
(1, 13)
(2, 13)
(3, 13)
(4, 13)
(5, 13)
(6, 13)
(6, 12)
(6, 11)
(6, 10)
(6, 9)
(6, 8)
(6, 7)
(7, 7)
(8, 7)
(9, 7)
(10, 7)
(10, 6)
(10, 5)
(11, 5)
(12, 5)
(12, 4)
(12, 3)
(13, 3)
(14, 3)
(15, 3)
(16, 3)
(17, 3)
(17, 2)
(17, 1)
kaikki ok
Reitin pituus: 10
(5, 15)
(6, 15)
(6, 16)
(6, 17)
(7, 17)
(8, 17)
(8, 18)
(8, 19)
(9, 19)
(10, 19)
(10, 18)
kaikki ok
Reitin pituus: 22
(2, 1)
(3, 1)
(4, 1)
(5, 1)
(6, 1)
(7, 1)
(8, 1)
(8, 2)
(8, 3)
(9, 3)
(10, 3)
(11, 3)
(12, 3)
(13, 3)
(14, 3)
(14, 4)
(14, 5)
(14, 6)
(14, 7)
(14, 8)
(14, 9)
(14, 10)
(14, 11)
kaikki ok
Reitin pituus: 5
(4, 5)
(4, 4)
(4, 3)
(5, 3)
(6, 3)
(7, 3)
kaikki ok
Reitin pituus: 10
(15, 13)
(14, 13)
(14, 12)
(14, 11)
(14, 10)
(14, 9)
(14, 8)
(14, 7)
(14, 6)
(14, 5)
(15, 5)
kaikki ok
Reitin pituus: 12
(8, 6)
(8, 7)
(7, 7)
(6, 7)
(6, 8)
(6, 9)
(6, 10)
(6, 11)
(6, 12)
(6, 13)
(5, 13)
(4, 13)
(4, 14)
kaikki ok
Reitin pituus: 14
(12, 4)
(12, 3)
(11, 3)
(10, 3)
(9, 3)
(8, 3)
(7, 3)
(6, 3)
(5, 3)
(4, 3)
(4, 4)
(4, 5)
(4, 6)
(4, 7)
(4, 8)
kaikki ok
Reitin pituus: 11
(17, 13)
(16, 13)
(15, 13)
(14, 13)
(14, 14)
(14, 15)
(13, 15)
(12, 15)
(12, 16)
(12, 17)
(11, 17)
(10, 17)
kaikki ok
Reitin pituus: 15
(6, 10)
(6, 11)
(7, 11)
(8, 11)
(9, 11)
(10, 11)
(11, 11)
(12, 11)
(12, 12)
(12, 13)
(13, 13)
(14, 13)
(15, 13)
(16, 13)
(17, 13)
(17, 14)
kaikki ok
Reitin pituus: 23
(1, 19)
(1, 18)
(1, 17)
(2, 17)
(3, 17)
(4, 17)
(4, 16)
(4, 15)
(4, 14)
(4, 13)
(4, 12)
(4, 11)
(4, 10)
(4, 9)
(4, 8)
(4, 7)
(4, 6)
(4, 5)
(4, 4)
(4, 3)
(4, 2)
(4, 1)
(3, 1)
(2, 1)
kaikki ok
Reitin pituus: 1
(10, 5)
(10, 6)
kaikki ok
Reitin pituus: 7
(4, 9)
(4, 10)
(4, 11)
(4, 12)
(4, 13)
(4, 14)
(4, 15)
(5, 15)
kaikki ok
Reitin pituus: 18
(11, 3)
(12, 3)
(12, 4)
(12, 5)
(11, 5)
(10, 5)
(10, 6)
(10, 7)
(9, 7)
(8, 7)
(7, 7)
(6, 7)
(6, 8)
(6, 9)
(6, 10)
(6, 11)
(6, 12)
(6, 13)
(7, 13)
kaikki ok
Reitin pituus: 15
(10, 19)
(9, 19)
(8, 19)
(8, 18)
(8, 17)
(7, 17)
(6, 17)
(6, 16)
(6, 15)
(5, 15)
(4, 15)
(4, 14)
(4, 13)
(3, 13)
(2, 13)
(1, 13)
kaikki ok
Reitin pituus: 13
(3, 13)
(4, 13)
(5, 13)
(6, 13)
(6, 12)
(6, 11)
(7, 11)
(8, 11)
(9, 11)
(10, 11)
(11, 11)
(12, 11)
(12, 12)
(12, 13)
kaikki ok
Reitin pituus: 15
(6, 3)
(6, 4)
(6, 5)
(7, 5)
(8, 5)
(8, 6)
(8, 7)
(9, 7)
(10, 7)
(11, 7)
(12, 7)
(12, 8)
(12, 9)
(12, 10)
(12, 11)
(12, 12)
kaikki ok
Reitin pituus: 13
(6, 10)
(6, 9)
(5, 9)
(4, 9)
(4, 8)
(4, 7)
(4, 6)
(4, 5)
(4, 4)
(4, 3)
(5, 3)
(6, 3)
(7, 3)
(8, 3)
kaikki ok
Reitin pituus: 21
(14, 19)
(13, 19)
(12, 19)
(11, 19)
(10, 19)
(9, 19)
(8, 19)
(8, 18)
(8, 17)
(7, 17)
(6, 17)
(6, 16)
(6, 15)
(7, 15)
(8, 15)
(8, 14)
(8, 13)
(7, 13)
(6, 13)
(6, 12)
(6, 11)
(6, 10)
kaikki ok
Reitin pituus: 15
(7, 17)
(6, 17)
(6, 16)
(6, 15)
(7, 15)
(8, 15)
(9, 15)
(10, 15)
(10, 14)
(10, 13)
(11, 13)
(12, 13)
(13, 13)
(14, 13)
(15, 13)
(16, 13)
kaikki ok
Reitin pituus: 18
(12, 8)
(12, 9)
(12, 10)
(12, 11)
(12, 12)
(12, 13)
(13, 13)
(14, 13)
(14, 14)
(14, 15)
(14, 16)
(14, 17)
(15, 17)
(16, 17)
(17, 17)
(17, 18)
(17, 19)
(16, 19)
(15, 19)
kaikki ok
Reitin pituus: 16
(10, 2)
(10, 3)
(11, 3)
(12, 3)
(12, 4)
(12, 5)
(11, 5)
(10, 5)
(10, 6)
(10, 7)
(11, 7)
(12, 7)
(12, 8)
(12, 9)
(12, 10)
(12, 11)
(12, 12)
kaikki ok
Reitin pituus: 5
(3, 3)
(4, 3)
(4, 4)
(4, 5)
(3, 5)
(2, 5)
kaikki ok
Reitin pituus: 17
(4, 1)
(4, 2)
(4, 3)
(5, 3)
(6, 3)
(6, 4)
(6, 5)
(7, 5)
(8, 5)
(8, 6)
(8, 7)
(9, 7)
(10, 7)
(11, 7)
(12, 7)
(12, 8)
(12, 9)
(13, 9)
kaikki ok
Reitin pituus: 17
(3, 17)
(4, 17)
(4, 16)
(4, 15)
(4, 14)
(4, 13)
(4, 12)
(4, 11)
(4, 10)
(4, 9)
(5, 9)
(6, 9)
(6, 8)
(6, 7)
(7, 7)
(8, 7)
(9, 7)
(10, 7)
kaikki ok
Reitin pituus: 8
(4, 7)
(4, 8)
(4, 9)
(5, 9)
(6, 9)
(6, 10)
(6, 11)
(6, 12)
(6, 13)
kaikki ok
Reitin pituus: 2
(14, 5)
(15, 5)
(16, 5)
kaikki ok
Reitin pituus: 11
(8, 11)
(7, 11)
(6, 11)
(6, 12)
(6, 13)
(7, 13)
(8, 13)
(8, 14)
(8, 15)
(7, 15)
(6, 15)
(6, 16)
kaikki ok
Reitin pituus: 24
(5, 1)
(4, 1)
(4, 2)
(4, 3)
(4, 4)
(4, 5)
(4, 6)
(4, 7)
(4, 8)
(4, 9)
(4, 10)
(4, 11)
(4, 12)
(4, 13)
(4, 14)
(4, 15)
(5, 15)
(6, 15)
(6, 16)
(6, 17)
(7, 17)
(8, 17)
(8, 18)
(8, 19)
(7, 19)
kaikki ok
Reitin pituus: 16
(2, 3)
(3, 3)
(4, 3)
(5, 3)
(6, 3)
(7, 3)
(8, 3)
(9, 3)
(10, 3)
(11, 3)
(12, 3)
(13, 3)
(14, 3)
(14, 4)
(14, 5)
(14, 6)
(14, 7)
kaikki ok
Reitin pituus: 18
(10, 11)
(11, 11)
(12, 11)
(12, 12)
(12, 13)
(13, 13)
(14, 13)
(14, 14)
(14, 15)
(13, 15)
(12, 15)
(12, 16)
(12, 17)
(11, 17)
(10, 17)
(10, 18)
(10, 19)
(11, 19)
(12, 19)
kaikki ok
Reitin pituus: 9
(10, 1)
(10, 2)
(10, 3)
(9, 3)
(8, 3)
(7, 3)
(6, 3)
(5, 3)
(4, 3)
(3, 3)
kaikki ok
Reitin pituus: 17
(3, 17)
(4, 17)
(4, 16)
(4, 15)
(4, 14)
(4, 13)
(4, 12)
(4, 11)
(4, 10)
(4, 9)
(4, 8)
(4, 7)
(4, 6)
(4, 5)
(4, 4)
(4, 3)
(5, 3)
(6, 3)
kaikki ok
Reitin pituus: 16
(4, 7)
(4, 8)
(4, 9)
(5, 9)
(6, 9)
(6, 10)
(6, 11)
(6, 12)
(6, 13)
(7, 13)
(8, 13)
(8, 14)
(8, 15)
(9, 15)
(10, 15)
(10, 14)
(10, 13)
kaikki ok
Reitin pituus: 17
(14, 10)
(14, 9)
(13, 9)
(12, 9)
(12, 10)
(12, 11)
(11, 11)
(10, 11)
(9, 11)
(8, 11)
(7, 11)
(6, 11)
(6, 12)
(6, 13)
(5, 13)
(4, 13)
(3, 13)
(2, 13)
kaikki ok
Reitin pituus: 15
(12, 7)
(12, 8)
(12, 9)
(13, 9)
(14, 9)
(14, 10)
(14, 11)
(14, 12)
(14, 13)
(14, 14)
(14, 15)
(13, 15)
(12, 15)
(12, 16)
(12, 17)
(11, 17)
kaikki ok
Reitin pituus: 6
(10, 6)
(10, 7)
(11, 7)
(12, 7)
(12, 8)
(12, 9)
(13, 9)
kaikki ok
Reitin pituus: 7
(12, 5)
(12, 4)
(12, 3)
(11, 3)
(10, 3)
(9, 3)
(8, 3)
(8, 2)
kaikki ok
Reitin pituus: 15
(13, 15)
(14, 15)
(14, 14)
(14, 13)
(14, 12)
(14, 11)
(14, 10)
(14, 9)
(13, 9)
(12, 9)
(12, 8)
(12, 7)
(11, 7)
(10, 7)
(9, 7)
(8, 7)
kaikki ok
Reitin pituus: 31
(15, 19)
(14, 19)
(13, 19)
(12, 19)
(11, 19)
(10, 19)
(9, 19)
(8, 19)
(8, 18)
(8, 17)
(7, 17)
(6, 17)
(6, 16)
(6, 15)
(5, 15)
(4, 15)
(4, 14)
(4, 13)
(4, 12)
(4, 11)
(4, 10)
(4, 9)
(4, 8)
(4, 7)
(4, 6)
(4, 5)
(3, 5)
(2, 5)
(1, 5)
(1, 4)
(1, 3)
(1, 2)
kaikki ok
Reitin pituus: 21
(2, 13)
(3, 13)
(4, 13)
(4, 12)
(4, 11)
(4, 10)
(4, 9)
(4, 8)
(4, 7)
(4, 6)
(4, 5)
(4, 4)
(4, 3)
(5, 3)
(6, 3)
(7, 3)
(8, 3)
(9, 3)
(10, 3)
(10, 2)
(10, 1)
(11, 1)
kaikki ok
Reitin pituus: 18
(4, 10)
(4, 9)
(5, 9)
(6, 9)
(6, 8)
(6, 7)
(7, 7)
(8, 7)
(9, 7)
(10, 7)
(11, 7)
(12, 7)
(12, 8)
(12, 9)
(13, 9)
(14, 9)
(14, 8)
(14, 7)
(14, 6)
kaikki ok
Reitin pituus: 17
(1, 15)
(1, 14)
(1, 13)
(2, 13)
(3, 13)
(4, 13)
(4, 12)
(4, 11)
(4, 10)
(4, 9)
(4, 8)
(4, 7)
(4, 6)
(4, 5)
(4, 4)
(4, 3)
(3, 3)
(2, 3)
kaikki ok
Reitin pituus: 9
(14, 10)
(14, 9)
(14, 8)
(14, 7)
(14, 6)
(14, 5)
(15, 5)
(16, 5)
(17, 5)
(17, 4)
kaikki ok
Reitin pituus: 10
(10, 7)
(11, 7)
(12, 7)
(12, 8)
(12, 9)
(13, 9)
(14, 9)
(14, 8)
(14, 7)
(14, 6)
(14, 5)
kaikki ok
Reitin pituus: 12
(1, 15)
(1, 14)
(1, 13)
(2, 13)
(3, 13)
(4, 13)
(5, 13)
(6, 13)
(6, 12)
(6, 11)
(6, 10)
(6, 9)
(6, 8)
kaikki ok
Reitin pituus: 15
(15, 5)
(14, 5)
(14, 6)
(14, 7)
(14, 8)
(14, 9)
(13, 9)
(12, 9)
(12, 10)
(12, 11)
(12, 12)
(12, 13)
(11, 13)
(10, 13)
(10, 14)
(10, 15)
kaikki ok
Reitin pituus: 19
(7, 1)
(6, 1)
(5, 1)
(4, 1)
(4, 2)
(4, 3)
(4, 4)
(4, 5)
(4, 6)
(4, 7)
(4, 8)
(4, 9)
(4, 10)
(4, 11)
(4, 12)
(4, 13)
(3, 13)
(2, 13)
(1, 13)
(1, 14)
kaikki ok
Reitin pituus: 12
(5, 15)
(4, 15)
(4, 14)
(4, 13)
(5, 13)
(6, 13)
(6, 12)
(6, 11)
(6, 10)
(6, 9)
(6, 8)
(6, 7)
(7, 7)
kaikki ok
Reitin pituus: 21
(6, 8)
(6, 9)
(5, 9)
(4, 9)
(4, 10)
(4, 11)
(4, 12)
(4, 13)
(4, 14)
(4, 15)
(5, 15)
(6, 15)
(6, 16)
(6, 17)
(7, 17)
(8, 17)
(8, 18)
(8, 19)
(9, 19)
(10, 19)
(11, 19)
(12, 19)
kaikki ok
Reitin pituus: 9
(6, 3)
(6, 4)
(6, 5)
(7, 5)
(8, 5)
(8, 6)
(8, 7)
(9, 7)
(9, 8)
(9, 9)
kaikki ok
Reitin pituus: 10
(13, 15)
(12, 15)
(12, 16)
(12, 17)
(11, 17)
(10, 17)
(10, 18)
(10, 19)
(9, 19)
(8, 19)
(7, 19)
kaikki ok
Reitin pituus: 16
(4, 10)
(4, 11)
(4, 12)
(4, 13)
(5, 13)
(6, 13)
(7, 13)
(8, 13)
(8, 14)
(8, 15)
(9, 15)
(10, 15)
(11, 15)
(12, 15)
(13, 15)
(14, 15)
(14, 14)
kaikki ok
Reitin pituus: 18
(3, 1)
(4, 1)
(4, 2)
(4, 3)
(5, 3)
(6, 3)
(6, 4)
(6, 5)
(7, 5)
(8, 5)
(8, 6)
(8, 7)
(9, 7)
(10, 7)
(11, 7)
(12, 7)
(12, 8)
(12, 9)
(12, 10)
kaikki ok
Reitin pituus: 14
(9, 9)
(9, 8)
(9, 7)
(10, 7)
(11, 7)
(12, 7)
(12, 8)
(12, 9)
(13, 9)
(14, 9)
(14, 10)
(14, 11)
(14, 12)
(14, 13)
(14, 14)
kaikki ok
Reitin pituus: 1
(4, 3)
(5, 3)
kaikki ok
Reitin pituus: 7
(4, 7)
(4, 8)
(4, 9)
(5, 9)
(6, 9)
(6, 10)
(6, 11)
(6, 12)
kaikki ok
Reitin pituus: 15
(1, 18)
(1, 17)
(2, 17)
(3, 17)
(4, 17)
(4, 16)
(4, 15)
(4, 14)
(4, 13)
(5, 13)
(6, 13)
(6, 12)
(6, 11)
(7, 11)
(8, 11)
(9, 11)
kaikki ok
Reitin pituus: 11
(11, 13)
(10, 13)
(10, 14)
(10, 15)
(9, 15)
(8, 15)
(7, 15)
(6, 15)
(6, 16)
(6, 17)
(7, 17)
(8, 17)
kaikki ok
Reitin pituus: 22
(17, 1)
(17, 2)
(17, 3)
(17, 4)
(17, 5)
(16, 5)
(15, 5)
(14, 5)
(14, 6)
(14, 7)
(14, 8)
(14, 9)
(14, 10)
(14, 11)
(14, 12)
(14, 13)
(14, 14)
(14, 15)
(14, 16)
(14, 17)
(15, 17)
(16, 17)
(16, 16)
kaikki ok
Reitin pituus: 21
(17, 15)
(16, 15)
(16, 16)
(16, 17)
(15, 17)
(14, 17)
(14, 16)
(14, 15)
(13, 15)
(12, 15)
(11, 15)
(10, 15)
(9, 15)
(8, 15)
(7, 15)
(6, 15)
(5, 15)
(4, 15)
(4, 14)
(4, 13)
(4, 12)
(4, 11)
kaikki ok
Reitin pituus: 7
(17, 4)
(17, 3)
(17, 2)
(17, 1)
(16, 1)
(15, 1)
(14, 1)
(13, 1)
kaikki ok
Reitin pituus: 8
(4, 1)
(4, 2)
(4, 3)
(4, 4)
(4, 5)
(4, 6)
(4, 7)
(4, 8)
(4, 9)
kaikki ok
Reitin pituus: 13
(5, 19)
(6, 19)
(7, 19)
(8, 19)
(9, 19)
(10, 19)
(10, 18)
(10, 17)
(11, 17)
(12, 17)
(12, 16)
(12, 15)
(13, 15)
(14, 15)
kaikki ok
Reitin pituus: 12
(17, 5)
(17, 4)
(17, 3)
(16, 3)
(15, 3)
(14, 3)
(13, 3)
(12, 3)
(11, 3)
(10, 3)
(9, 3)
(8, 3)
(7, 3)
kaikki ok
Reitin pituus: 12
(6, 11)
(6, 12)
(6, 13)
(5, 13)
(4, 13)
(4, 14)
(4, 15)
(4, 16)
(4, 17)
(3, 17)
(2, 17)
(1, 17)
(1, 18)
kaikki ok
Reitin pituus: 16
(16, 16)
(16, 17)
(15, 17)
(14, 17)
(14, 16)
(14, 15)
(13, 15)
(12, 15)
(11, 15)
(10, 15)
(9, 15)
(8, 15)
(7, 15)
(6, 15)
(5, 15)
(4, 15)
(4, 16)
kaikki ok
Reitin pituus: 17
(10, 9)
(9, 9)
(9, 8)
(9, 7)
(10, 7)
(10, 6)
(10, 5)
(11, 5)
(12, 5)
(12, 4)
(12, 3)
(13, 3)
(14, 3)
(14, 4)
(14, 5)
(15, 5)
(16, 5)
(17, 5)
kaikki ok
Reitin pituus: 12
(14, 7)
(14, 8)
(14, 9)
(13, 9)
(12, 9)
(12, 8)
(12, 7)
(11, 7)
(10, 7)
(9, 7)
(9, 8)
(9, 9)
(8, 9)
kaikki ok
Reitin pituus: 4
(11, 13)
(10, 13)
(10, 14)
(10, 15)
(11, 15)
kaikki ok
Reitin pituus: 13
(3, 13)
(4, 13)
(4, 12)
(4, 11)
(4, 10)
(4, 9)
(4, 8)
(4, 7)
(4, 6)
(4, 5)
(4, 4)
(4, 3)
(5, 3)
(6, 3)
kaikki ok
Reitin pituus: 28
(5, 19)
(6, 19)
(7, 19)
(8, 19)
(9, 19)
(10, 19)
(10, 18)
(10, 17)
(11, 17)
(12, 17)
(12, 16)
(12, 15)
(13, 15)
(14, 15)
(14, 14)
(14, 13)
(14, 12)
(14, 11)
(14, 10)
(14, 9)
(14, 8)
(14, 7)
(14, 6)
(14, 5)
(14, 4)
(14, 3)
(13, 3)
(12, 3)
(11, 3)
kaikki ok
Reitin pituus: 21
(2, 15)
(2, 16)
(2, 17)
(1, 17)
(1, 18)
(1, 19)
(2, 19)
(3, 19)
(4, 19)
(5, 19)
(6, 19)
(7, 19)
(8, 19)
(9, 19)
(10, 19)
(11, 19)
(12, 19)
(13, 19)
(14, 19)
(15, 19)
(16, 19)
(17, 19)
kaikki ok
Reitin pituus: 16
(7, 13)
(6, 13)
(6, 12)
(6, 11)
(7, 11)
(8, 11)
(9, 11)
(10, 11)
(11, 11)
(12, 11)
(12, 10)
(12, 9)
(13, 9)
(14, 9)
(14, 8)
(14, 7)
(14, 6)
kaikki ok
Reitin pituus: 25
(17, 4)
(17, 5)
(16, 5)
(15, 5)
(14, 5)
(14, 6)
(14, 7)
(14, 8)
(14, 9)
(14, 10)
(14, 11)
(14, 12)
(14, 13)
(14, 14)
(14, 15)
(13, 15)
(12, 15)
(12, 16)
(12, 17)
(11, 17)
(10, 17)
(10, 18)
(10, 19)
(11, 19)
(12, 19)
(13, 19)
kaikki ok
Reitin pituus: 17
(12, 11)
(12, 10)
(12, 9)
(12, 8)
(12, 7)
(11, 7)
(10, 7)
(9, 7)
(8, 7)
(8, 6)
(8, 5)
(7, 5)
(6, 5)
(6, 4)
(6, 3)
(7, 3)
(8, 3)
(8, 2)
kaikki ok
Reitin pituus: 10
(12, 16)
(12, 15)
(11, 15)
(10, 15)
(9, 15)
(8, 15)
(8, 14)
(8, 13)
(7, 13)
(6, 13)
(6, 12)
kaikki ok
Reitin pituus: 9
(14, 1)
(14, 2)
(14, 3)
(14, 4)
(14, 5)
(14, 6)
(14, 7)
(14, 8)
(14, 9)
(14, 10)
kaikki ok
Reitin pituus: 10
(9, 7)
(8, 7)
(8, 6)
(8, 5)
(7, 5)
(6, 5)
(6, 4)
(6, 3)
(7, 3)
(8, 3)
(9, 3)
kaikki ok
Reitin pituus: 24
(8, 2)
(8, 3)
(7, 3)
(6, 3)
(5, 3)
(4, 3)
(4, 4)
(4, 5)
(4, 6)
(4, 7)
(4, 8)
(4, 9)
(4, 10)
(4, 11)
(4, 12)
(4, 13)
(4, 14)
(4, 15)
(5, 15)
(6, 15)
(6, 16)
(6, 17)
(7, 17)
(8, 17)
(8, 18)
kaikki ok
Reitin pituus: 29
(2, 17)
(3, 17)
(4, 17)
(4, 16)
(4, 15)
(4, 14)
(4, 13)
(4, 12)
(4, 11)
(4, 10)
(4, 9)
(5, 9)
(6, 9)
(6, 8)
(6, 7)
(7, 7)
(8, 7)
(9, 7)
(10, 7)
(10, 6)
(10, 5)
(11, 5)
(12, 5)
(12, 4)
(12, 3)
(13, 3)
(14, 3)
(15, 3)
(16, 3)
(17, 3)
kaikki ok
Reitin pituus: 21
(14, 6)
(14, 7)
(14, 8)
(14, 9)
(14, 10)
(14, 11)
(14, 12)
(14, 13)
(14, 14)
(14, 15)
(13, 15)
(12, 15)
(12, 16)
(12, 17)
(11, 17)
(10, 17)
(10, 18)
(10, 19)
(9, 19)
(8, 19)
(7, 19)
(6, 19)
kaikki ok
Reitin pituus: 4
(14, 6)
(14, 5)
(14, 4)
(14, 3)
(13, 3)
kaikki ok
Reitin pituus: 25
(4, 1)
(4, 2)
(4, 3)
(4, 4)
(4, 5)
(4, 6)
(4, 7)
(4, 8)
(4, 9)
(5, 9)
(6, 9)
(6, 10)
(6, 11)
(6, 12)
(6, 13)
(7, 13)
(8, 13)
(8, 14)
(8, 15)
(9, 15)
(10, 15)
(11, 15)
(12, 15)
(12, 16)
(12, 17)
(11, 17)
kaikki ok
Reitin pituus: 5
(14, 9)
(13, 9)
(12, 9)
(12, 10)
(12, 11)
(11, 11)
kaikki ok
Reitin pituus: 13
(14, 7)
(14, 6)
(14, 5)
(14, 4)
(14, 3)
(13, 3)
(12, 3)
(11, 3)
(10, 3)
(9, 3)
(8, 3)
(7, 3)
(6, 3)
(6, 4)
kaikki ok
Reitin pituus: 26
(17, 1)
(17, 2)
(17, 3)
(17, 4)
(17, 5)
(16, 5)
(15, 5)
(14, 5)
(14, 6)
(14, 7)
(14, 8)
(14, 9)
(14, 10)
(14, 11)
(14, 12)
(14, 13)
(14, 14)
(14, 15)
(13, 15)
(12, 15)
(11, 15)
(10, 15)
(9, 15)
(8, 15)
(7, 15)
(6, 15)
(5, 15)
kaikki ok
Reitin pituus: 9
(2, 15)
(1, 15)
(1, 14)
(1, 13)
(2, 13)
(3, 13)
(4, 13)
(5, 13)
(6, 13)
(6, 12)
kaikki ok
Reitin pituus: 2
(6, 12)
(6, 11)
(6, 10)
kaikki ok
Reitin pituus: 10
(10, 1)
(10, 2)
(10, 3)
(9, 3)
(8, 3)
(7, 3)
(6, 3)
(5, 3)
(4, 3)
(4, 4)
(4, 5)
kaikki ok
Reitin pituus: 17
(1, 2)
(1, 3)
(2, 3)
(3, 3)
(4, 3)
(5, 3)
(6, 3)
(6, 4)
(6, 5)
(7, 5)
(8, 5)
(8, 6)
(8, 7)
(9, 7)
(10, 7)
(11, 7)
(12, 7)
(12, 8)
kaikki ok
Reitin pituus: 21
(14, 14)
(14, 13)
(13, 13)
(12, 13)
(12, 12)
(12, 11)
(11, 11)
(10, 11)
(9, 11)
(8, 11)
(7, 11)
(6, 11)
(6, 10)
(6, 9)
(5, 9)
(4, 9)
(4, 8)
(4, 7)
(4, 6)
(4, 5)
(4, 4)
(4, 3)
kaikki ok
Reitin pituus: 13
(7, 5)
(6, 5)
(6, 4)
(6, 3)
(7, 3)
(8, 3)
(9, 3)
(10, 3)
(10, 2)
(10, 1)
(11, 1)
(12, 1)
(13, 1)
(14, 1)
kaikki ok
Reitin pituus: 12
(12, 12)
(12, 11)
(11, 11)
(10, 11)
(9, 11)
(8, 11)
(7, 11)
(6, 11)
(6, 12)
(6, 13)
(5, 13)
(4, 13)
(4, 12)
kaikki ok
Reitin pituus: 11
(4, 7)
(4, 8)
(4, 9)
(4, 10)
(4, 11)
(4, 12)
(4, 13)
(4, 14)
(4, 15)
(4, 16)
(4, 17)
(3, 17)
kaikki ok
Reitin pituus: 20
(10, 1)
(10, 2)
(10, 3)
(9, 3)
(8, 3)
(7, 3)
(6, 3)
(5, 3)
(4, 3)
(4, 4)
(4, 5)
(4, 6)
(4, 7)
(4, 8)
(4, 9)
(4, 10)
(4, 11)
(4, 12)
(4, 13)
(4, 14)
(4, 15)
kaikki ok
Reitin pituus: 11
(17, 17)
(16, 17)
(15, 17)
(14, 17)
(14, 16)
(14, 15)
(14, 14)
(14, 13)
(14, 12)
(14, 11)
(14, 10)
(14, 9)
kaikki ok
Reitin pituus: 18
(12, 12)
(12, 11)
(11, 11)
(10, 11)
(9, 11)
(8, 11)
(7, 11)
(6, 11)
(6, 10)
(6, 9)
(5, 9)
(4, 9)
(4, 8)
(4, 7)
(4, 6)
(4, 5)
(3, 5)
(2, 5)
(1, 5)
kaikki ok
Reitin pituus: 21
(2, 3)
(3, 3)
(4, 3)
(4, 4)
(4, 5)
(4, 6)
(4, 7)
(4, 8)
(4, 9)
(5, 9)
(6, 9)
(6, 10)
(6, 11)
(6, 12)
(6, 13)
(7, 13)
(8, 13)
(8, 14)
(8, 15)
(9, 15)
(10, 15)
(10, 14)
kaikki ok
Reitin pituus: 28
(8, 2)
(8, 3)
(7, 3)
(6, 3)
(5, 3)
(4, 3)
(4, 4)
(4, 5)
(4, 6)
(4, 7)
(4, 8)
(4, 9)
(4, 10)
(4, 11)
(4, 12)
(4, 13)
(4, 14)
(4, 15)
(5, 15)
(6, 15)
(6, 16)
(6, 17)
(7, 17)
(8, 17)
(8, 18)
(8, 19)
(7, 19)
(6, 19)
(5, 19)
kaikki ok
Reitin pituus: 4
(8, 11)
(7, 11)
(6, 11)
(6, 10)
(6, 9)
kaikki ok
Reitin pituus: 17
(8, 11)
(7, 11)
(6, 11)
(6, 12)
(6, 13)
(7, 13)
(8, 13)
(8, 14)
(8, 15)
(7, 15)
(6, 15)
(6, 16)
(6, 17)
(7, 17)
(8, 17)
(8, 18)
(8, 19)
(7, 19)
kaikki ok
Reitin pituus: 16
(15, 13)
(14, 13)
(14, 12)
(14, 11)
(14, 10)
(14, 9)
(14, 8)
(14, 7)
(14, 6)
(14, 5)
(14, 4)
(14, 3)
(13, 3)
(12, 3)
(11, 3)
(10, 3)
(9, 3)
kaikki ok
Reitin pituus: 9
(2, 13)
(3, 13)
(4, 13)
(4, 12)
(4, 11)
(4, 10)
(4, 9)
(4, 8)
(4, 7)
(4, 6)
kaikki ok
Reitin pituus: 20
(6, 11)
(7, 11)
(8, 11)
(9, 11)
(10, 11)
(11, 11)
(12, 11)
(12, 10)
(12, 9)
(13, 9)
(14, 9)
(14, 8)
(14, 7)
(14, 6)
(14, 5)
(14, 4)
(14, 3)
(14, 2)
(14, 1)
(13, 1)
(12, 1)
kaikki ok
Reitin pituus: 8
(9, 15)
(10, 15)
(11, 15)
(12, 15)
(13, 15)
(14, 15)
(14, 16)
(14, 17)
(15, 17)
kaikki ok
Reitin pituus: 21
(4, 19)
(3, 19)
(2, 19)
(1, 19)
(1, 18)
(1, 17)
(2, 17)
(3, 17)
(4, 17)
(4, 16)
(4, 15)
(4, 14)
(4, 13)
(5, 13)
(6, 13)
(6, 12)
(6, 11)
(6, 10)
(6, 9)
(6, 8)
(6, 7)
(7, 7)
kaikki ok
Reitin pituus: 12
(10, 13)
(10, 14)
(10, 15)
(9, 15)
(8, 15)
(8, 14)
(8, 13)
(7, 13)
(6, 13)
(5, 13)
(4, 13)
(4, 12)
(4, 11)
kaikki ok
Reitin pituus: 11
(4, 15)
(4, 14)
(4, 13)
(4, 12)
(4, 11)
(4, 10)
(4, 9)
(4, 8)
(4, 7)
(4, 6)
(4, 5)
(4, 4)
kaikki ok
Reitin pituus: 14
(5, 13)
(4, 13)
(4, 12)
(4, 11)
(4, 10)
(4, 9)
(4, 8)
(4, 7)
(4, 6)
(4, 5)
(4, 4)
(4, 3)
(4, 2)
(4, 1)
(5, 1)
kaikki ok
Reitin pituus: 7
(14, 8)
(14, 7)
(14, 6)
(14, 5)
(14, 4)
(14, 3)
(15, 3)
(16, 3)
kaikki ok
Reitin pituus: 15
(16, 17)
(15, 17)
(14, 17)
(14, 16)
(14, 15)
(14, 14)
(14, 13)
(14, 12)
(14, 11)
(14, 10)
(14, 9)
(13, 9)
(12, 9)
(12, 8)
(12, 7)
(11, 7)
kaikki ok
Reitin pituus: 12
(10, 1)
(10, 2)
(10, 3)
(9, 3)
(8, 3)
(7, 3)
(6, 3)
(5, 3)
(4, 3)
(3, 3)
(2, 3)
(1, 3)
(1, 2)
kaikki ok
Reitin pituus: 23
(15, 1)
(14, 1)
(14, 2)
(14, 3)
(13, 3)
(12, 3)
(12, 4)
(12, 5)
(11, 5)
(10, 5)
(10, 6)
(10, 7)
(9, 7)
(8, 7)
(7, 7)
(6, 7)
(6, 8)
(6, 9)
(6, 10)
(6, 11)
(6, 12)
(6, 13)
(5, 13)
(4, 13)
kaikki ok
Reitin pituus: 14
(13, 13)
(12, 13)
(12, 12)
(12, 11)
(11, 11)
(10, 11)
(9, 11)
(8, 11)
(7, 11)
(6, 11)
(6, 10)
(6, 9)
(5, 9)
(4, 9)
(4, 8)
kaikki ok
Reitin pituus: 13
(4, 11)
(4, 10)
(4, 9)
(4, 8)
(4, 7)
(4, 6)
(4, 5)
(4, 4)
(4, 3)
(5, 3)
(6, 3)
(7, 3)
(8, 3)
(8, 2)
kaikki ok
Reitin pituus: 15
(5, 13)
(4, 13)
(4, 12)
(4, 11)
(4, 10)
(4, 9)
(4, 8)
(4, 7)
(4, 6)
(4, 5)
(4, 4)
(4, 3)
(4, 2)
(4, 1)
(3, 1)
(2, 1)
kaikki ok
Reitin pituus: 12
(3, 17)
(4, 17)
(4, 16)
(4, 15)
(5, 15)
(6, 15)
(7, 15)
(8, 15)
(9, 15)
(10, 15)
(10, 14)
(10, 13)
(11, 13)
kaikki ok
Reitin pituus: 14
(14, 2)
(14, 3)
(13, 3)
(12, 3)
(12, 4)
(12, 5)
(11, 5)
(10, 5)
(10, 6)
(10, 7)
(9, 7)
(8, 7)
(7, 7)
(6, 7)
(6, 8)
kaikki ok
Reitin pituus: 28
(15, 17)
(14, 17)
(14, 16)
(14, 15)
(14, 14)
(14, 13)
(14, 12)
(14, 11)
(14, 10)
(14, 9)
(14, 8)
(14, 7)
(14, 6)
(14, 5)
(14, 4)
(14, 3)
(13, 3)
(12, 3)
(11, 3)
(10, 3)
(9, 3)
(8, 3)
(8, 2)
(8, 1)
(7, 1)
(6, 1)
(5, 1)
(4, 1)
(3, 1)
kaikki ok
Reitin pituus: 24
(4, 3)
(4, 4)
(4, 5)
(4, 6)
(4, 7)
(4, 8)
(4, 9)
(4, 10)
(4, 11)
(4, 12)
(4, 13)
(4, 14)
(4, 15)
(5, 15)
(6, 15)
(6, 16)
(6, 17)
(7, 17)
(8, 17)
(8, 18)
(8, 19)
(9, 19)
(10, 19)
(11, 19)
(12, 19)
kaikki ok
Reitin pituus: 26
(5, 1)
(6, 1)
(7, 1)
(8, 1)
(8, 2)
(8, 3)
(9, 3)
(10, 3)
(11, 3)
(12, 3)
(13, 3)
(14, 3)
(14, 4)
(14, 5)
(14, 6)
(14, 7)
(14, 8)
(14, 9)
(14, 10)
(14, 11)
(14, 12)
(14, 13)
(14, 14)
(14, 15)
(14, 16)
(14, 17)
(15, 17)
kaikki ok
Reitin pituus: 33
(16, 1)
(15, 1)
(14, 1)
(14, 2)
(14, 3)
(14, 4)
(14, 5)
(14, 6)
(14, 7)
(14, 8)
(14, 9)
(14, 10)
(14, 11)
(14, 12)
(14, 13)
(14, 14)
(14, 15)
(13, 15)
(12, 15)
(12, 16)
(12, 17)
(11, 17)
(10, 17)
(10, 18)
(10, 19)
(9, 19)
(8, 19)
(7, 19)
(6, 19)
(5, 19)
(4, 19)
(3, 19)
(2, 19)
(1, 19)
kaikki ok
Reitin pituus: 18
(4, 8)
(4, 7)
(4, 6)
(4, 5)
(4, 4)
(4, 3)
(5, 3)
(6, 3)
(7, 3)
(8, 3)
(9, 3)
(10, 3)
(10, 2)
(10, 1)
(11, 1)
(12, 1)
(13, 1)
(14, 1)
(15, 1)
kaikki ok
Reitin pituus: 19
(2, 19)
(1, 19)
(1, 18)
(1, 17)
(2, 17)
(3, 17)
(4, 17)
(4, 16)
(4, 15)
(4, 14)
(4, 13)
(5, 13)
(6, 13)
(6, 12)
(6, 11)
(6, 10)
(6, 9)
(6, 8)
(6, 7)
(7, 7)
kaikki ok
Reitin pituus: 9
(10, 2)
(10, 3)
(9, 3)
(8, 3)
(7, 3)
(6, 3)
(5, 3)
(4, 3)
(4, 4)
(4, 5)
kaikki ok
Reitin pituus: 11
(14, 10)
(14, 9)
(13, 9)
(12, 9)
(12, 8)
(12, 7)
(11, 7)
(10, 7)
(9, 7)
(9, 8)
(9, 9)
(8, 9)
kaikki ok
Reitin pituus: 19
(3, 5)
(4, 5)
(4, 6)
(4, 7)
(4, 8)
(4, 9)
(5, 9)
(6, 9)
(6, 10)
(6, 11)
(6, 12)
(6, 13)
(7, 13)
(8, 13)
(8, 14)
(8, 15)
(9, 15)
(10, 15)
(10, 14)
(10, 13)
kaikki ok
Reitin pituus: 22
(17, 13)
(16, 13)
(15, 13)
(14, 13)
(13, 13)
(12, 13)
(12, 12)
(12, 11)
(11, 11)
(10, 11)
(9, 11)
(8, 11)
(7, 11)
(6, 11)
(6, 12)
(6, 13)
(5, 13)
(4, 13)
(3, 13)
(2, 13)
(1, 13)
(1, 14)
(1, 15)
kaikki ok
Reitin pituus: 21
(9, 9)
(9, 8)
(9, 7)
(10, 7)
(11, 7)
(12, 7)
(12, 8)
(12, 9)
(12, 10)
(12, 11)
(12, 12)
(12, 13)
(11, 13)
(10, 13)
(10, 14)
(10, 15)
(11, 15)
(12, 15)
(12, 16)
(12, 17)
(11, 17)
(10, 17)
kaikki ok
Reitin pituus: 5
(10, 18)
(10, 17)
(11, 17)
(12, 17)
(12, 16)
(12, 15)
kaikki ok
Reitin pituus: 17
(14, 8)
(14, 7)
(14, 6)
(14, 5)
(14, 4)
(14, 3)
(13, 3)
(12, 3)
(11, 3)
(10, 3)
(9, 3)
(8, 3)
(7, 3)
(6, 3)
(5, 3)
(4, 3)
(4, 4)
(4, 5)
kaikki ok
Reitin pituus: 11
(9, 7)
(10, 7)
(11, 7)
(12, 7)
(12, 8)
(12, 9)
(13, 9)
(14, 9)
(14, 10)
(14, 11)
(14, 12)
(14, 13)
kaikki ok
Reitin pituus: 25
(16, 3)
(15, 3)
(14, 3)
(14, 4)
(14, 5)
(14, 6)
(14, 7)
(14, 8)
(14, 9)
(14, 10)
(14, 11)
(14, 12)
(14, 13)
(14, 14)
(14, 15)
(13, 15)
(12, 15)
(12, 16)
(12, 17)
(11, 17)
(10, 17)
(10, 18)
(10, 19)
(9, 19)
(8, 19)
(8, 18)
kaikki ok
Reitin pituus: 12
(14, 5)
(14, 6)
(14, 7)
(14, 8)
(14, 9)
(14, 10)
(14, 11)
(14, 12)
(14, 13)
(15, 13)
(16, 13)
(17, 13)
(17, 14)
kaikki ok
Reitin pituus: 0
(2, 1)
kaikki ok
Reitin pituus: 6
(8, 17)
(7, 17)
(6, 17)
(6, 16)
(6, 15)
(5, 15)
(4, 15)
kaikki ok
Reitin pituus: 18
(6, 12)
(6, 11)
(7, 11)
(8, 11)
(9, 11)
(10, 11)
(11, 11)
(12, 11)
(12, 10)
(12, 9)
(13, 9)
(14, 9)
(14, 8)
(14, 7)
(14, 6)
(14, 5)
(14, 4)
(14, 3)
(14, 2)
kaikki ok
Reitin pituus: 13
(15, 5)
(14, 5)
(14, 6)
(14, 7)
(14, 8)
(14, 9)
(13, 9)
(12, 9)
(12, 8)
(12, 7)
(11, 7)
(10, 7)
(9, 7)
(9, 8)
kaikki ok
Reitin pituus: 19
(11, 1)
(12, 1)
(13, 1)
(14, 1)
(14, 2)
(14, 3)
(14, 4)
(14, 5)
(14, 6)
(14, 7)
(14, 8)
(14, 9)
(14, 10)
(14, 11)
(14, 12)
(14, 13)
(15, 13)
(16, 13)
(17, 13)
(17, 14)
kaikki ok
Reitin pituus: 11
(8, 1)
(8, 2)
(8, 3)
(7, 3)
(6, 3)
(6, 4)
(6, 5)
(7, 5)
(8, 5)
(8, 6)
(8, 7)
(9, 7)
kaikki ok
Reitin pituus: 17
(14, 10)
(14, 9)
(13, 9)
(12, 9)
(12, 10)
(12, 11)
(11, 11)
(10, 11)
(9, 11)
(8, 11)
(7, 11)
(6, 11)
(6, 10)
(6, 9)
(5, 9)
(4, 9)
(4, 8)
(4, 7)
kaikki ok
Reitin pituus: 16
(4, 13)
(4, 12)
(4, 11)
(4, 10)
(4, 9)
(4, 8)
(4, 7)
(4, 6)
(4, 5)
(4, 4)
(4, 3)
(5, 3)
(6, 3)
(7, 3)
(8, 3)
(9, 3)
(10, 3)
kaikki ok
Reitin pituus: 18
(7, 13)
(6, 13)
(6, 12)
(6, 11)
(7, 11)
(8, 11)
(9, 11)
(10, 11)
(11, 11)
(12, 11)
(12, 10)
(12, 9)
(13, 9)
(14, 9)
(14, 8)
(14, 7)
(14, 6)
(14, 5)
(15, 5)
kaikki ok
Reitin pituus: 16
(4, 11)
(4, 12)
(4, 13)
(4, 14)
(4, 15)
(5, 15)
(6, 15)
(6, 16)
(6, 17)
(7, 17)
(8, 17)
(8, 18)
(8, 19)
(9, 19)
(10, 19)
(11, 19)
(12, 19)
kaikki ok
Reitin pituus: 19
(8, 11)
(7, 11)
(6, 11)
(6, 10)
(6, 9)
(5, 9)
(4, 9)
(4, 8)
(4, 7)
(4, 6)
(4, 5)
(4, 4)
(4, 3)
(5, 3)
(6, 3)
(7, 3)
(8, 3)
(9, 3)
(10, 3)
(10, 2)
kaikki ok
Reitin pituus: 25
(8, 2)
(8, 3)
(9, 3)
(10, 3)
(11, 3)
(12, 3)
(13, 3)
(14, 3)
(14, 4)
(14, 5)
(14, 6)
(14, 7)
(14, 8)
(14, 9)
(14, 10)
(14, 11)
(14, 12)
(14, 13)
(14, 14)
(14, 15)
(13, 15)
(12, 15)
(12, 16)
(12, 17)
(11, 17)
(10, 17)
kaikki ok
Reitin pituus: 2
(7, 19)
(8, 19)
(9, 19)
kaikki ok
Reitin pituus: 12
(12, 11)
(12, 10)
(12, 9)
(13, 9)
(14, 9)
(14, 8)
(14, 7)
(14, 6)
(14, 5)
(14, 4)
(14, 3)
(14, 2)
(14, 1)
kaikki ok
Reitin pituus: 10
(11, 11)
(12, 11)
(12, 12)
(12, 13)
(13, 13)
(14, 13)
(14, 14)
(14, 15)
(14, 16)
(14, 17)
(15, 17)
kaikki ok
Reitin pituus: 23
(4, 19)
(3, 19)
(2, 19)
(1, 19)
(1, 18)
(1, 17)
(2, 17)
(3, 17)
(4, 17)
(4, 16)
(4, 15)
(4, 14)
(4, 13)
(5, 13)
(6, 13)
(6, 12)
(6, 11)
(6, 10)
(6, 9)
(6, 8)
(6, 7)
(7, 7)
(8, 7)
(8, 6)
kaikki ok
Reitin pituus: 10
(14, 15)
(14, 16)
(14, 17)
(15, 17)
(16, 17)
(17, 17)
(17, 18)
(17, 19)
(16, 19)
(15, 19)
(14, 19)
kaikki ok
Reitin pituus: 17
(6, 5)
(7, 5)
(8, 5)
(8, 6)
(8, 7)
(7, 7)
(6, 7)
(6, 8)
(6, 9)
(6, 10)
(6, 11)
(6, 12)
(6, 13)
(7, 13)
(8, 13)
(8, 14)
(8, 15)
(9, 15)
kaikki ok
Reitin pituus: 21
(1, 3)
(2, 3)
(3, 3)
(4, 3)
(5, 3)
(6, 3)
(7, 3)
(8, 3)
(9, 3)
(10, 3)
(11, 3)
(12, 3)
(13, 3)
(14, 3)
(14, 4)
(14, 5)
(14, 6)
(14, 7)
(14, 8)
(14, 9)
(14, 10)
(14, 11)
kaikki ok
Reitin pituus: 15
(9, 19)
(8, 19)
(8, 18)
(8, 17)
(7, 17)
(6, 17)
(6, 16)
(6, 15)
(5, 15)
(4, 15)
(4, 14)
(4, 13)
(4, 12)
(4, 11)
(4, 10)
(4, 9)
kaikki ok
Reitin pituus: 14
(6, 12)
(6, 11)
(7, 11)
(8, 11)
(9, 11)
(10, 11)
(11, 11)
(12, 11)
(12, 10)
(12, 9)
(13, 9)
(14, 9)
(14, 8)
(14, 7)
(14, 6)
kaikki ok
Reitin pituus: 15
(13, 1)
(12, 1)
(11, 1)
(10, 1)
(10, 2)
(10, 3)
(9, 3)
(8, 3)
(8, 2)
(8, 1)
(7, 1)
(6, 1)
(5, 1)
(4, 1)
(3, 1)
(2, 1)
kaikki ok
Reitin pituus: 8
(12, 7)
(12, 8)
(12, 9)
(13, 9)
(14, 9)
(14, 10)
(14, 11)
(14, 12)
(14, 13)
kaikki ok
Reitin pituus: 7
(12, 11)
(12, 12)
(12, 13)
(13, 13)
(14, 13)
(15, 13)
(16, 13)
(17, 13)
kaikki ok
Reitin pituus: 8
(17, 15)
(16, 15)
(16, 16)
(16, 17)
(15, 17)
(14, 17)
(14, 16)
(14, 15)
(13, 15)
kaikki ok
Reitin pituus: 13
(10, 14)
(10, 15)
(9, 15)
(8, 15)
(7, 15)
(6, 15)
(5, 15)
(4, 15)
(4, 14)
(4, 13)
(4, 12)
(4, 11)
(4, 10)
(4, 9)
kaikki ok
Reitin pituus: 7
(13, 1)
(14, 1)
(14, 2)
(14, 3)
(14, 4)
(14, 5)
(15, 5)
(16, 5)
kaikki ok
Reitin pituus: 15
(14, 15)
(13, 15)
(12, 15)
(11, 15)
(10, 15)
(9, 15)
(8, 15)
(7, 15)
(6, 15)
(5, 15)
(4, 15)
(4, 16)
(4, 17)
(3, 17)
(2, 17)
(2, 16)
kaikki ok
Reitin pituus: 11
(4, 13)
(4, 12)
(4, 11)
(4, 10)
(4, 9)
(4, 8)
(4, 7)
(4, 6)
(4, 5)
(3, 5)
(2, 5)
(1, 5)
kaikki ok
Reitin pituus: 19
(11, 15)
(12, 15)
(13, 15)
(14, 15)
(14, 14)
(14, 13)
(14, 12)
(14, 11)
(14, 10)
(14, 9)
(14, 8)
(14, 7)
(14, 6)
(14, 5)
(14, 4)
(14, 3)
(14, 2)
(14, 1)
(13, 1)
(12, 1)
kaikki ok
Reitin pituus: 13
(10, 11)
(11, 11)
(12, 11)
(12, 10)
(12, 9)
(13, 9)
(14, 9)
(14, 8)
(14, 7)
(14, 6)
(14, 5)
(15, 5)
(16, 5)
(17, 5)
kaikki ok
Reitin pituus: 11
(11, 7)
(10, 7)
(10, 6)
(10, 5)
(11, 5)
(12, 5)
(12, 4)
(12, 3)
(11, 3)
(10, 3)
(10, 2)
(10, 1)
kaikki ok
Reitin pituus: 26
(7, 1)
(6, 1)
(5, 1)
(4, 1)
(4, 2)
(4, 3)
(4, 4)
(4, 5)
(4, 6)
(4, 7)
(4, 8)
(4, 9)
(4, 10)
(4, 11)
(4, 12)
(4, 13)
(4, 14)
(4, 15)
(4, 16)
(4, 17)
(3, 17)
(2, 17)
(1, 17)
(1, 18)
(1, 19)
(2, 19)
(3, 19)
kaikki ok
Reitin pituus: 5
(16, 5)
(15, 5)
(14, 5)
(14, 4)
(14, 3)
(13, 3)
kaikki ok
Reitin pituus: 20
(14, 11)
(14, 12)
(14, 13)
(13, 13)
(12, 13)
(12, 12)
(12, 11)
(11, 11)
(10, 11)
(9, 11)
(8, 11)
(7, 11)
(6, 11)
(6, 10)
(6, 9)
(5, 9)
(4, 9)
(4, 8)
(4, 7)
(4, 6)
(4, 5)
kaikki ok
Reitin pituus: 22
(16, 19)
(15, 19)
(14, 19)
(13, 19)
(12, 19)
(11, 19)
(10, 19)
(9, 19)
(8, 19)
(8, 18)
(8, 17)
(7, 17)
(6, 17)
(6, 16)
(6, 15)
(5, 15)
(4, 15)
(4, 14)
(4, 13)
(4, 12)
(4, 11)
(4, 10)
(4, 9)
kaikki ok
Reitin pituus: 19
(17, 3)
(16, 3)
(15, 3)
(14, 3)
(14, 4)
(14, 5)
(14, 6)
(14, 7)
(14, 8)
(14, 9)
(14, 10)
(14, 11)
(14, 12)
(14, 13)
(14, 14)
(14, 15)
(13, 15)
(12, 15)
(12, 16)
(12, 17)
kaikki ok
Reitin pituus: 17
(13, 15)
(14, 15)
(14, 14)
(14, 13)
(14, 12)
(14, 11)
(14, 10)
(14, 9)
(13, 9)
(12, 9)
(12, 8)
(12, 7)
(11, 7)
(10, 7)
(9, 7)
(9, 8)
(9, 9)
(8, 9)
kaikki ok
Reitin pituus: 13
(5, 13)
(6, 13)
(7, 13)
(8, 13)
(8, 14)
(8, 15)
(9, 15)
(10, 15)
(11, 15)
(12, 15)
(13, 15)
(14, 15)
(14, 16)
(14, 17)
kaikki ok
Reitin pituus: 14
(12, 7)
(11, 7)
(10, 7)
(9, 7)
(8, 7)
(8, 6)
(8, 5)
(7, 5)
(6, 5)
(6, 4)
(6, 3)
(5, 3)
(4, 3)
(3, 3)
(2, 3)
kaikki ok
Reitin pituus: 14
(4, 14)
(4, 15)
(5, 15)
(6, 15)
(7, 15)
(8, 15)
(9, 15)
(10, 15)
(11, 15)
(12, 15)
(13, 15)
(14, 15)
(14, 16)
(14, 17)
(15, 17)
kaikki ok
Reitin pituus: 12
(9, 7)
(10, 7)
(11, 7)
(12, 7)
(12, 8)
(12, 9)
(13, 9)
(14, 9)
(14, 10)
(14, 11)
(14, 12)
(14, 13)
(14, 14)
kaikki ok
Reitin pituus: 14
(10, 2)
(10, 3)
(9, 3)
(8, 3)
(7, 3)
(6, 3)
(6, 4)
(6, 5)
(7, 5)
(8, 5)
(8, 6)
(8, 7)
(7, 7)
(6, 7)
(6, 8)
kaikki ok
Reitin pituus: 13
(8, 3)
(9, 3)
(10, 3)
(11, 3)
(12, 3)
(12, 4)
(12, 5)
(11, 5)
(10, 5)
(10, 6)
(10, 7)
(11, 7)
(12, 7)
(12, 8)
kaikki ok
Reitin pituus: 11
(14, 11)
(14, 12)
(14, 13)
(13, 13)
(12, 13)
(11, 13)
(10, 13)
(10, 14)
(10, 15)
(9, 15)
(8, 15)
(8, 14)
kaikki ok
Reitin pituus: 23
(4, 1)
(4, 2)
(4, 3)
(4, 4)
(4, 5)
(4, 6)
(4, 7)
(4, 8)
(4, 9)
(4, 10)
(4, 11)
(4, 12)
(4, 13)
(4, 14)
(4, 15)
(5, 15)
(6, 15)
(6, 16)
(6, 17)
(7, 17)
(8, 17)
(8, 18)
(8, 19)
(9, 19)
kaikki ok
Reitin pituus: 26
(3, 3)
(4, 3)
(5, 3)
(6, 3)
(6, 4)
(6, 5)
(7, 5)
(8, 5)
(8, 6)
(8, 7)
(9, 7)
(10, 7)
(11, 7)
(12, 7)
(12, 8)
(12, 9)
(12, 10)
(12, 11)
(12, 12)
(12, 13)
(13, 13)
(14, 13)
(15, 13)
(16, 13)
(17, 13)
(17, 14)
(17, 15)
kaikki ok
Reitin pituus: 15
(6, 8)
(6, 7)
(7, 7)
(8, 7)
(9, 7)
(10, 7)
(11, 7)
(12, 7)
(12, 8)
(12, 9)
(13, 9)
(14, 9)
(14, 8)
(14, 7)
(14, 6)
(14, 5)
kaikki ok
Reitin pituus: 16
(16, 17)
(15, 17)
(14, 17)
(14, 16)
(14, 15)
(14, 14)
(14, 13)
(14, 12)
(14, 11)
(14, 10)
(14, 9)
(14, 8)
(14, 7)
(14, 6)
(14, 5)
(14, 4)
(14, 3)
kaikki ok
Reitin pituus: 14
(13, 9)
(12, 9)
(12, 8)
(12, 7)
(11, 7)
(10, 7)
(9, 7)
(8, 7)
(8, 6)
(8, 5)
(7, 5)
(6, 5)
(6, 4)
(6, 3)
(7, 3)
kaikki ok
Reitin pituus: 10
(14, 3)
(14, 4)
(14, 5)
(14, 6)
(14, 7)
(14, 8)
(14, 9)
(14, 10)
(14, 11)
(14, 12)
(14, 13)
kaikki ok
Reitin pituus: 12
(9, 9)
(9, 8)
(9, 7)
(8, 7)
(8, 6)
(8, 5)
(7, 5)
(6, 5)
(6, 4)
(6, 3)
(5, 3)
(4, 3)
(4, 2)
kaikki ok
Reitin pituus: 7
(15, 1)
(14, 1)
(14, 2)
(14, 3)
(14, 4)
(14, 5)
(14, 6)
(14, 7)
kaikki ok
Reitin pituus: 15
(7, 15)
(8, 15)
(9, 15)
(10, 15)
(10, 14)
(10, 13)
(11, 13)
(12, 13)
(12, 12)
(12, 11)
(12, 10)
(12, 9)
(12, 8)
(12, 7)
(11, 7)
(10, 7)
kaikki ok
Reitin pituus: 13
(1, 4)
(1, 3)
(2, 3)
(3, 3)
(4, 3)
(5, 3)
(6, 3)
(6, 4)
(6, 5)
(7, 5)
(8, 5)
(8, 6)
(8, 7)
(9, 7)
kaikki ok
Reitin pituus: 10
(14, 10)
(14, 9)
(13, 9)
(12, 9)
(12, 8)
(12, 7)
(11, 7)
(10, 7)
(9, 7)
(8, 7)
(7, 7)
kaikki ok
Reitin pituus: 20
(17, 19)
(17, 18)
(17, 17)
(16, 17)
(15, 17)
(14, 17)
(14, 16)
(14, 15)
(14, 14)
(14, 13)
(14, 12)
(14, 11)
(14, 10)
(14, 9)
(14, 8)
(14, 7)
(14, 6)
(14, 5)
(14, 4)
(14, 3)
(15, 3)
kaikki ok
Reitin pituus: 21
(7, 3)
(8, 3)
(9, 3)
(10, 3)
(11, 3)
(12, 3)
(13, 3)
(14, 3)
(14, 4)
(14, 5)
(14, 6)
(14, 7)
(14, 8)
(14, 9)
(14, 10)
(14, 11)
(14, 12)
(14, 13)
(15, 13)
(16, 13)
(17, 13)
(17, 14)
kaikki ok
Reitin pituus: 26
(10, 9)
(9, 9)
(9, 8)
(9, 7)
(8, 7)
(7, 7)
(6, 7)
(6, 8)
(6, 9)
(6, 10)
(6, 11)
(6, 12)
(6, 13)
(5, 13)
(4, 13)
(4, 14)
(4, 15)
(4, 16)
(4, 17)
(3, 17)
(2, 17)
(1, 17)
(1, 18)
(1, 19)
(2, 19)
(3, 19)
(4, 19)
kaikki ok
Reitin pituus: 22
(14, 11)
(14, 12)
(14, 13)
(13, 13)
(12, 13)
(12, 12)
(12, 11)
(11, 11)
(10, 11)
(9, 11)
(8, 11)
(7, 11)
(6, 11)
(6, 10)
(6, 9)
(5, 9)
(4, 9)
(4, 8)
(4, 7)
(4, 6)
(4, 5)
(3, 5)
(2, 5)
kaikki ok
Reitin pituus: 11
(4, 8)
(4, 9)
(5, 9)
(6, 9)
(6, 8)
(6, 7)
(7, 7)
(8, 7)
(9, 7)
(10, 7)
(11, 7)
(12, 7)
kaikki ok
Reitin pituus: 15
(1, 15)
(1, 14)
(1, 13)
(2, 13)
(3, 13)
(4, 13)
(5, 13)
(6, 13)
(6, 12)
(6, 11)
(6, 10)
(6, 9)
(6, 8)
(6, 7)
(7, 7)
(8, 7)
kaikki ok
Reitin pituus: 16
(6, 1)
(7, 1)
(8, 1)
(8, 2)
(8, 3)
(7, 3)
(6, 3)
(6, 4)
(6, 5)
(7, 5)
(8, 5)
(8, 6)
(8, 7)
(9, 7)
(10, 7)
(11, 7)
(12, 7)
kaikki ok
Reitin pituus: 20
(11, 19)
(10, 19)
(10, 18)
(10, 17)
(11, 17)
(12, 17)
(12, 16)
(12, 15)
(13, 15)
(14, 15)
(14, 14)
(14, 13)
(14, 12)
(14, 11)
(14, 10)
(14, 9)
(14, 8)
(14, 7)
(14, 6)
(14, 5)
(14, 4)
kaikki ok
Reitin pituus: 12
(14, 5)
(14, 6)
(14, 7)
(14, 8)
(14, 9)
(14, 10)
(14, 11)
(14, 12)
(14, 13)
(14, 14)
(14, 15)
(14, 16)
(14, 17)
kaikki ok
Reitin pituus: 16
(4, 1)
(4, 2)
(4, 3)
(5, 3)
(6, 3)
(7, 3)
(8, 3)
(9, 3)
(10, 3)
(11, 3)
(12, 3)
(13, 3)
(14, 3)
(14, 4)
(14, 5)
(14, 6)
(14, 7)
kaikki ok
Reitin pituus: 21
(4, 14)
(4, 13)
(5, 13)
(6, 13)
(6, 12)
(6, 11)
(7, 11)
(8, 11)
(9, 11)
(10, 11)
(11, 11)
(12, 11)
(12, 10)
(12, 9)
(13, 9)
(14, 9)
(14, 8)
(14, 7)
(14, 6)
(14, 5)
(15, 5)
(16, 5)
kaikki ok
Reitin pituus: 9
(8, 15)
(9, 15)
(10, 15)
(11, 15)
(12, 15)
(13, 15)
(14, 15)
(14, 14)
(14, 13)
(14, 12)
kaikki ok
Reitin pituus: 25
(3, 13)
(4, 13)
(5, 13)
(6, 13)
(6, 12)
(6, 11)
(6, 10)
(6, 9)
(6, 8)
(6, 7)
(7, 7)
(8, 7)
(9, 7)
(10, 7)
(10, 6)
(10, 5)
(11, 5)
(12, 5)
(12, 4)
(12, 3)
(13, 3)
(14, 3)
(14, 2)
(14, 1)
(15, 1)
(16, 1)
kaikki ok
Reitin pituus: 12
(9, 19)
(8, 19)
(8, 18)
(8, 17)
(7, 17)
(6, 17)
(6, 16)
(6, 15)
(5, 15)
(4, 15)
(4, 14)
(4, 13)
(5, 13)
kaikki ok
Reitin pituus: 1
(7, 19)
(6, 19)
kaikki ok
Reitin pituus: 21
(9, 9)
(9, 8)
(9, 7)
(8, 7)
(7, 7)
(6, 7)
(6, 8)
(6, 9)
(6, 10)
(6, 11)
(6, 12)
(6, 13)
(7, 13)
(8, 13)
(8, 14)
(8, 15)
(7, 15)
(6, 15)
(6, 16)
(6, 17)
(7, 17)
(8, 17)
kaikki ok
Reitin pituus: 19
(7, 7)
(8, 7)
(9, 7)
(10, 7)
(11, 7)
(12, 7)
(12, 8)
(12, 9)
(12, 10)
(12, 11)
(12, 12)
(12, 13)
(13, 13)
(14, 13)
(15, 13)
(16, 13)
(17, 13)
(17, 14)
(17, 15)
(16, 15)
kaikki ok
Reitin pituus: 17
(8, 11)
(7, 11)
(6, 11)
(6, 12)
(6, 13)
(7, 13)
(8, 13)
(8, 14)
(8, 15)
(7, 15)
(6, 15)
(6, 16)
(6, 17)
(7, 17)
(8, 17)
(8, 18)
(8, 19)
(9, 19)
kaikki ok
Reitin pituus: 24
(17, 1)
(17, 2)
(17, 3)
(16, 3)
(15, 3)
(14, 3)
(13, 3)
(12, 3)
(12, 4)
(12, 5)
(11, 5)
(10, 5)
(10, 6)
(10, 7)
(9, 7)
(8, 7)
(7, 7)
(6, 7)
(6, 8)
(6, 9)
(6, 10)
(6, 11)
(6, 12)
(6, 13)
(7, 13)
kaikki ok
Reitin pituus: 2
(2, 3)
(3, 3)
(4, 3)
kaikki ok
Reitin pituus: 17
(8, 18)
(8, 17)
(7, 17)
(6, 17)
(6, 16)
(6, 15)
(5, 15)
(4, 15)
(4, 14)
(4, 13)
(4, 12)
(4, 11)
(4, 10)
(4, 9)
(4, 8)
(4, 7)
(4, 6)
(4, 5)
kaikki ok
Reitin pituus: 6
(16, 17)
(17, 17)
(17, 18)
(17, 19)
(16, 19)
(15, 19)
(14, 19)
kaikki ok
Reitin pituus: 4
(8, 18)
(8, 19)
(9, 19)
(10, 19)
(11, 19)
kaikki ok
Reitin pituus: 11
(7, 15)
(8, 15)
(9, 15)
(10, 15)
(11, 15)
(12, 15)
(13, 15)
(14, 15)
(14, 14)
(14, 13)
(15, 13)
(16, 13)
kaikki ok
Reitin pituus: 3
(12, 19)
(13, 19)
(14, 19)
(15, 19)
kaikki ok
Reitin pituus: 13
(2, 16)
(2, 17)
(3, 17)
(4, 17)
(4, 16)
(4, 15)
(4, 14)
(4, 13)
(4, 12)
(4, 11)
(4, 10)
(4, 9)
(4, 8)
(4, 7)
kaikki ok
Reitin pituus: 7
(5, 9)
(6, 9)
(6, 8)
(6, 7)
(7, 7)
(8, 7)
(9, 7)
(9, 8)
kaikki ok
Reitin pituus: 8
(12, 4)
(12, 3)
(11, 3)
(10, 3)
(9, 3)
(8, 3)
(7, 3)
(6, 3)
(5, 3)
kaikki ok
Reitin pituus: 10
(4, 14)
(4, 13)
(4, 12)
(4, 11)
(4, 10)
(4, 9)
(5, 9)
(6, 9)
(6, 8)
(6, 7)
(7, 7)
kaikki ok
Reitin pituus: 18
(14, 10)
(14, 9)
(14, 8)
(14, 7)
(14, 6)
(14, 5)
(14, 4)
(14, 3)
(13, 3)
(12, 3)
(11, 3)
(10, 3)
(9, 3)
(8, 3)
(8, 2)
(8, 1)
(7, 1)
(6, 1)
(5, 1)
kaikki ok
Reitin pituus: 8
(12, 10)
(12, 9)
(12, 8)
(12, 7)
(11, 7)
(10, 7)
(9, 7)
(8, 7)
(8, 6)
kaikki ok
Reitin pituus: 14
(8, 6)
(8, 7)
(7, 7)
(6, 7)
(6, 8)
(6, 9)
(6, 10)
(6, 11)
(6, 12)
(6, 13)
(5, 13)
(4, 13)
(4, 14)
(4, 15)
(4, 16)
kaikki ok
Reitin pituus: 19
(8, 9)
(9, 9)
(9, 8)
(9, 7)
(10, 7)
(11, 7)
(12, 7)
(12, 8)
(12, 9)
(12, 10)
(12, 11)
(12, 12)
(12, 13)
(11, 13)
(10, 13)
(10, 14)
(10, 15)
(11, 15)
(12, 15)
(12, 16)
kaikki ok
Reitin pituus: 12
(14, 2)
(14, 3)
(13, 3)
(12, 3)
(11, 3)
(10, 3)
(9, 3)
(8, 3)
(7, 3)
(6, 3)
(5, 3)
(4, 3)
(4, 2)
kaikki ok
Reitin pituus: 9
(1, 15)
(1, 14)
(1, 13)
(2, 13)
(3, 13)
(4, 13)
(5, 13)
(6, 13)
(7, 13)
(8, 13)
kaikki ok
Reitin pituus: 13
(6, 11)
(6, 12)
(6, 13)
(7, 13)
(8, 13)
(8, 14)
(8, 15)
(9, 15)
(10, 15)
(11, 15)
(12, 15)
(12, 16)
(12, 17)
(11, 17)
kaikki ok
Reitin pituus: 25
(11, 19)
(10, 19)
(10, 18)
(10, 17)
(11, 17)
(12, 17)
(12, 16)
(12, 15)
(13, 15)
(14, 15)
(14, 14)
(14, 13)
(13, 13)
(12, 13)
(12, 12)
(12, 11)
(12, 10)
(12, 9)
(12, 8)
(12, 7)
(11, 7)
(10, 7)
(9, 7)
(9, 8)
(9, 9)
(10, 9)
kaikki ok
Reitin pituus: 19
(17, 19)
(17, 18)
(17, 17)
(16, 17)
(15, 17)
(14, 17)
(14, 16)
(14, 15)
(13, 15)
(12, 15)
(11, 15)
(10, 15)
(9, 15)
(8, 15)
(7, 15)
(6, 15)
(5, 15)
(4, 15)
(4, 14)
(4, 13)
kaikki ok
Reitin pituus: 12
(16, 1)
(15, 1)
(14, 1)
(13, 1)
(12, 1)
(11, 1)
(10, 1)
(10, 2)
(10, 3)
(9, 3)
(8, 3)
(7, 3)
(6, 3)
kaikki ok
Reitin pituus: 4
(4, 14)
(4, 15)
(5, 15)
(6, 15)
(6, 16)
kaikki ok
Reitin pituus: 14
(10, 13)
(11, 13)
(12, 13)
(13, 13)
(14, 13)
(14, 12)
(14, 11)
(14, 10)
(14, 9)
(14, 8)
(14, 7)
(14, 6)
(14, 5)
(15, 5)
(16, 5)
kaikki ok
Reitin pituus: 7
(12, 15)
(11, 15)
(10, 15)
(9, 15)
(8, 15)
(8, 14)
(8, 13)
(7, 13)
kaikki ok
Reitin pituus: 10
(9, 8)
(9, 7)
(8, 7)
(7, 7)
(6, 7)
(6, 8)
(6, 9)
(6, 10)
(6, 11)
(7, 11)
(8, 11)
kaikki ok
Reitin pituus: 17
(7, 3)
(6, 3)
(6, 4)
(6, 5)
(7, 5)
(8, 5)
(8, 6)
(8, 7)
(9, 7)
(10, 7)
(11, 7)
(12, 7)
(12, 8)
(12, 9)
(12, 10)
(12, 11)
(12, 12)
(12, 13)
kaikki ok
Reitin pituus: 15
(4, 2)
(4, 3)
(4, 4)
(4, 5)
(4, 6)
(4, 7)
(4, 8)
(4, 9)
(4, 10)
(4, 11)
(4, 12)
(4, 13)
(4, 14)
(4, 15)
(4, 16)
(4, 17)
kaikki ok
Reitin pituus: 12
(2, 1)
(3, 1)
(4, 1)
(4, 2)
(4, 3)
(4, 4)
(4, 5)
(4, 6)
(4, 7)
(4, 8)
(4, 9)
(4, 10)
(4, 11)
kaikki ok
Reitin pituus: 7
(4, 19)
(3, 19)
(2, 19)
(1, 19)
(1, 18)
(1, 17)
(2, 17)
(3, 17)
kaikki ok
Reitin pituus: 3
(5, 13)
(6, 13)
(6, 12)
(6, 11)
kaikki ok
Reitin pituus: 6
(4, 4)
(4, 3)
(5, 3)
(6, 3)
(7, 3)
(8, 3)
(8, 2)
kaikki ok
Reitin pituus: 6
(11, 13)
(12, 13)
(13, 13)
(14, 13)
(14, 14)
(14, 15)
(14, 16)
kaikki ok
Reitin pituus: 8
(9, 11)
(10, 11)
(11, 11)
(12, 11)
(12, 12)
(12, 13)
(11, 13)
(10, 13)
(10, 14)
kaikki ok
Reitin pituus: 10
(6, 16)
(6, 15)
(5, 15)
(4, 15)
(4, 14)
(4, 13)
(4, 12)
(4, 11)
(4, 10)
(4, 9)
(5, 9)
kaikki ok
Reitin pituus: 25
(13, 19)
(12, 19)
(11, 19)
(10, 19)
(10, 18)
(10, 17)
(11, 17)
(12, 17)
(12, 16)
(12, 15)
(13, 15)
(14, 15)
(14, 14)
(14, 13)
(14, 12)
(14, 11)
(14, 10)
(14, 9)
(13, 9)
(12, 9)
(12, 8)
(12, 7)
(11, 7)
(10, 7)
(10, 6)
(10, 5)
kaikki ok
Reitin pituus: 13
(9, 7)
(10, 7)
(11, 7)
(12, 7)
(12, 8)
(12, 9)
(13, 9)
(14, 9)
(14, 10)
(14, 11)
(14, 12)
(14, 13)
(14, 14)
(14, 15)
kaikki ok
Reitin pituus: 16
(1, 5)
(1, 4)
(1, 3)
(2, 3)
(3, 3)
(4, 3)
(5, 3)
(6, 3)
(7, 3)
(8, 3)
(9, 3)
(10, 3)
(11, 3)
(12, 3)
(13, 3)
(14, 3)
(14, 4)
kaikki ok
Reitin pituus: 18
(13, 13)
(12, 13)
(12, 12)
(12, 11)
(11, 11)
(10, 11)
(9, 11)
(8, 11)
(7, 11)
(6, 11)
(6, 10)
(6, 9)
(5, 9)
(4, 9)
(4, 8)
(4, 7)
(4, 6)
(4, 5)
(3, 5)
kaikki ok
Reitin pituus: 10
(17, 4)
(17, 3)
(16, 3)
(15, 3)
(14, 3)
(13, 3)
(12, 3)
(11, 3)
(10, 3)
(9, 3)
(8, 3)
kaikki ok
Reitin pituus: 11
(4, 8)
(4, 7)
(4, 6)
(4, 5)
(4, 4)
(4, 3)
(5, 3)
(6, 3)
(7, 3)
(8, 3)
(8, 2)
(8, 1)
kaikki ok
Reitin pituus: 25
(5, 1)
(6, 1)
(7, 1)
(8, 1)
(8, 2)
(8, 3)
(9, 3)
(10, 3)
(11, 3)
(12, 3)
(13, 3)
(14, 3)
(14, 4)
(14, 5)
(14, 6)
(14, 7)
(14, 8)
(14, 9)
(14, 10)
(14, 11)
(14, 12)
(14, 13)
(14, 14)
(14, 15)
(14, 16)
(14, 17)
kaikki ok
Reitin pituus: 16
(6, 12)
(6, 13)
(5, 13)
(4, 13)
(4, 14)
(4, 15)
(4, 16)
(4, 17)
(3, 17)
(2, 17)
(1, 17)
(1, 18)
(1, 19)
(2, 19)
(3, 19)
(4, 19)
(5, 19)
kaikki ok
Reitin pituus: 0
(12, 13)
kaikki ok
Reitin pituus: 22
(4, 10)
(4, 9)
(5, 9)
(6, 9)
(6, 8)
(6, 7)
(7, 7)
(8, 7)
(9, 7)
(10, 7)
(10, 6)
(10, 5)
(11, 5)
(12, 5)
(12, 4)
(12, 3)
(13, 3)
(14, 3)
(15, 3)
(16, 3)
(17, 3)
(17, 4)
(17, 5)
kaikki ok
Reitin pituus: 11
(10, 3)
(9, 3)
(8, 3)
(7, 3)
(6, 3)
(5, 3)
(4, 3)
(4, 4)
(4, 5)
(4, 6)
(4, 7)
(4, 8)
kaikki ok
Reitin pituus: 16
(14, 2)
(14, 3)
(13, 3)
(12, 3)
(12, 4)
(12, 5)
(11, 5)
(10, 5)
(10, 6)
(10, 7)
(9, 7)
(8, 7)
(7, 7)
(6, 7)
(6, 8)
(6, 9)
(6, 10)
kaikki ok
Reitin pituus: 9
(6, 19)
(7, 19)
(8, 19)
(9, 19)
(10, 19)
(10, 18)
(10, 17)
(11, 17)
(12, 17)
(12, 16)
kaikki ok
Reitin pituus: 16
(1, 4)
(1, 3)
(2, 3)
(3, 3)
(4, 3)
(5, 3)
(6, 3)
(6, 4)
(6, 5)
(7, 5)
(8, 5)
(8, 6)
(8, 7)
(9, 7)
(9, 8)
(9, 9)
(8, 9)
kaikki ok
Reitin pituus: 5
(4, 4)
(4, 3)
(5, 3)
(6, 3)
(6, 4)
(6, 5)
kaikki ok
Reitin pituus: 12
(1, 5)
(2, 5)
(3, 5)
(4, 5)
(4, 6)
(4, 7)
(4, 8)
(4, 9)
(5, 9)
(6, 9)
(6, 10)
(6, 11)
(7, 11)
kaikki ok
Reitin pituus: 20
(17, 15)
(17, 14)
(17, 13)
(16, 13)
(15, 13)
(14, 13)
(14, 12)
(14, 11)
(14, 10)
(14, 9)
(14, 8)
(14, 7)
(14, 6)
(14, 5)
(14, 4)
(14, 3)
(13, 3)
(12, 3)
(11, 3)
(10, 3)
(9, 3)
kaikki ok
Reitin pituus: 9
(14, 1)
(13, 1)
(12, 1)
(11, 1)
(10, 1)
(10, 2)
(10, 3)
(9, 3)
(8, 3)
(7, 3)
kaikki ok
Reitin pituus: 18
(10, 11)
(9, 11)
(8, 11)
(7, 11)
(6, 11)
(6, 12)
(6, 13)
(7, 13)
(8, 13)
(8, 14)
(8, 15)
(7, 15)
(6, 15)
(6, 16)
(6, 17)
(7, 17)
(8, 17)
(8, 18)
(8, 19)
kaikki ok
Reitin pituus: 7
(6, 7)
(6, 8)
(6, 9)
(6, 10)
(6, 11)
(7, 11)
(8, 11)
(9, 11)
kaikki ok
Reitin pituus: 30
(1, 1)
(1, 2)
(1, 3)
(1, 4)
(1, 5)
(2, 5)
(3, 5)
(4, 5)
(4, 6)
(4, 7)
(4, 8)
(4, 9)
(4, 10)
(4, 11)
(4, 12)
(4, 13)
(4, 14)
(4, 15)
(5, 15)
(6, 15)
(6, 16)
(6, 17)
(7, 17)
(8, 17)
(8, 18)
(8, 19)
(9, 19)
(10, 19)
(11, 19)
(12, 19)
(13, 19)
kaikki ok
Reitin pituus: 4
(6, 7)
(6, 8)
(6, 9)
(6, 10)
(6, 11)
kaikki ok
Reitin pituus: 18
(14, 8)
(14, 9)
(13, 9)
(12, 9)
(12, 10)
(12, 11)
(11, 11)
(10, 11)
(9, 11)
(8, 11)
(7, 11)
(6, 11)
(6, 12)
(6, 13)
(5, 13)
(4, 13)
(4, 14)
(4, 15)
(4, 16)
kaikki ok
Reitin pituus: 16
(4, 9)
(4, 10)
(4, 11)
(4, 12)
(4, 13)
(4, 14)
(4, 15)
(5, 15)
(6, 15)
(7, 15)
(8, 15)
(9, 15)
(10, 15)
(11, 15)
(12, 15)
(12, 16)
(12, 17)
kaikki ok
Reitin pituus: 12
(12, 9)
(12, 10)
(12, 11)
(11, 11)
(10, 11)
(9, 11)
(8, 11)
(7, 11)
(6, 11)
(6, 12)
(6, 13)
(5, 13)
(4, 13)
kaikki ok
Reitin pituus: 21
(1, 1)
(2, 1)
(3, 1)
(4, 1)
(5, 1)
(6, 1)
(7, 1)
(8, 1)
(8, 2)
(8, 3)
(9, 3)
(10, 3)
(11, 3)
(12, 3)
(13, 3)
(14, 3)
(14, 4)
(14, 5)
(14, 6)
(14, 7)
(14, 8)
(14, 9)
kaikki ok
Reitin pituus: 17
(13, 3)
(14, 3)
(14, 4)
(14, 5)
(14, 6)
(14, 7)
(14, 8)
(14, 9)
(14, 10)
(14, 11)
(14, 12)
(14, 13)
(14, 14)
(14, 15)
(13, 15)
(12, 15)
(12, 16)
(12, 17)
kaikki ok
Reitin pituus: 27
(10, 17)
(11, 17)
(12, 17)
(12, 16)
(12, 15)
(13, 15)
(14, 15)
(14, 14)
(14, 13)
(14, 12)
(14, 11)
(14, 10)
(14, 9)
(14, 8)
(14, 7)
(14, 6)
(14, 5)
(14, 4)
(14, 3)
(13, 3)
(12, 3)
(11, 3)
(10, 3)
(9, 3)
(8, 3)
(8, 2)
(8, 1)
(7, 1)
kaikki ok
Reitin pituus: 8
(10, 9)
(9, 9)
(9, 8)
(9, 7)
(10, 7)
(10, 6)
(10, 5)
(11, 5)
(12, 5)
kaikki ok
Reitin pituus: 28
(5, 3)
(6, 3)
(6, 4)
(6, 5)
(7, 5)
(8, 5)
(8, 6)
(8, 7)
(9, 7)
(10, 7)
(11, 7)
(12, 7)
(12, 8)
(12, 9)
(12, 10)
(12, 11)
(12, 12)
(12, 13)
(13, 13)
(14, 13)
(14, 14)
(14, 15)
(14, 16)
(14, 17)
(15, 17)
(16, 17)
(17, 17)
(17, 18)
(17, 19)
kaikki ok
Reitin pituus: 16
(7, 3)
(8, 3)
(9, 3)
(10, 3)
(11, 3)
(12, 3)
(13, 3)
(14, 3)
(14, 4)
(14, 5)
(14, 6)
(14, 7)
(14, 8)
(14, 9)
(14, 10)
(14, 11)
(14, 12)
kaikki ok
Reitin pituus: 14
(11, 1)
(12, 1)
(13, 1)
(14, 1)
(14, 2)
(14, 3)
(14, 4)
(14, 5)
(14, 6)
(14, 7)
(14, 8)
(14, 9)
(14, 10)
(14, 11)
(14, 12)
kaikki ok
Reitin pituus: 29
(4, 1)
(4, 2)
(4, 3)
(5, 3)
(6, 3)
(6, 4)
(6, 5)
(7, 5)
(8, 5)
(8, 6)
(8, 7)
(9, 7)
(10, 7)
(11, 7)
(12, 7)
(12, 8)
(12, 9)
(12, 10)
(12, 11)
(12, 12)
(12, 13)
(13, 13)
(14, 13)
(15, 13)
(16, 13)
(17, 13)
(17, 14)
(17, 15)
(16, 15)
(16, 16)
kaikki ok
Reitin pituus: 13
(6, 11)
(6, 10)
(6, 9)
(6, 8)
(6, 7)
(7, 7)
(8, 7)
(9, 7)
(10, 7)
(10, 6)
(10, 5)
(11, 5)
(12, 5)
(12, 4)
kaikki ok
Reitin pituus: 21
(5, 1)
(4, 1)
(4, 2)
(4, 3)
(4, 4)
(4, 5)
(4, 6)
(4, 7)
(4, 8)
(4, 9)
(5, 9)
(6, 9)
(6, 10)
(6, 11)
(6, 12)
(6, 13)
(7, 13)
(8, 13)
(8, 14)
(8, 15)
(9, 15)
(10, 15)
kaikki ok
Reitin pituus: 7
(13, 9)
(12, 9)
(12, 8)
(12, 7)
(11, 7)
(10, 7)
(9, 7)
(9, 8)
kaikki ok
Reitin pituus: 13
(17, 3)
(16, 3)
(15, 3)
(14, 3)
(13, 3)
(12, 3)
(12, 4)
(12, 5)
(11, 5)
(10, 5)
(10, 6)
(10, 7)
(9, 7)
(8, 7)
kaikki ok
Reitin pituus: 12
(11, 11)
(12, 11)
(12, 12)
(12, 13)
(11, 13)
(10, 13)
(10, 14)
(10, 15)
(11, 15)
(12, 15)
(12, 16)
(12, 17)
(11, 17)
kaikki ok
Reitin pituus: 4
(10, 19)
(10, 18)
(10, 17)
(11, 17)
(12, 17)
kaikki ok
Reitin pituus: 26
(4, 3)
(5, 3)
(6, 3)
(6, 4)
(6, 5)
(7, 5)
(8, 5)
(8, 6)
(8, 7)
(9, 7)
(10, 7)
(11, 7)
(12, 7)
(12, 8)
(12, 9)
(12, 10)
(12, 11)
(12, 12)
(12, 13)
(13, 13)
(14, 13)
(15, 13)
(16, 13)
(17, 13)
(17, 14)
(17, 15)
(16, 15)
kaikki ok
Reitin pituus: 21
(16, 19)
(17, 19)
(17, 18)
(17, 17)
(16, 17)
(15, 17)
(14, 17)
(14, 16)
(14, 15)
(14, 14)
(14, 13)
(13, 13)
(12, 13)
(12, 12)
(12, 11)
(12, 10)
(12, 9)
(12, 8)
(12, 7)
(11, 7)
(10, 7)
(9, 7)
kaikki ok
Reitin pituus: 3
(9, 3)
(8, 3)
(7, 3)
(6, 3)
kaikki ok
Reitin pituus: 8
(17, 4)
(17, 3)
(16, 3)
(15, 3)
(14, 3)
(13, 3)
(12, 3)
(11, 3)
(10, 3)
kaikki ok
Reitin pituus: 11
(14, 1)
(14, 2)
(14, 3)
(13, 3)
(12, 3)
(12, 4)
(12, 5)
(11, 5)
(10, 5)
(10, 6)
(10, 7)
(11, 7)
kaikki ok
Reitin pituus: 6
(11, 11)
(12, 11)
(12, 10)
(12, 9)
(13, 9)
(14, 9)
(14, 10)
kaikki ok
Reitin pituus: 12
(7, 7)
(8, 7)
(8, 6)
(8, 5)
(7, 5)
(6, 5)
(6, 4)
(6, 3)
(5, 3)
(4, 3)
(4, 2)
(4, 1)
(3, 1)
kaikki ok
Reitin pituus: 20
(17, 19)
(17, 18)
(17, 17)
(16, 17)
(15, 17)
(14, 17)
(14, 16)
(14, 15)
(13, 15)
(12, 15)
(11, 15)
(10, 15)
(9, 15)
(8, 15)
(7, 15)
(6, 15)
(5, 15)
(4, 15)
(4, 16)
(4, 17)
(3, 17)
kaikki ok
Reitin pituus: 14
(9, 9)
(9, 8)
(9, 7)
(10, 7)
(11, 7)
(12, 7)
(12, 8)
(12, 9)
(13, 9)
(14, 9)
(14, 10)
(14, 11)
(14, 12)
(14, 13)
(14, 14)
kaikki ok
Reitin pituus: 10
(2, 3)
(3, 3)
(4, 3)
(5, 3)
(6, 3)
(7, 3)
(8, 3)
(9, 3)
(10, 3)
(10, 2)
(10, 1)
kaikki ok
Reitin pituus: 26
(8, 17)
(7, 17)
(6, 17)
(6, 16)
(6, 15)
(5, 15)
(4, 15)
(4, 14)
(4, 13)
(4, 12)
(4, 11)
(4, 10)
(4, 9)
(4, 8)
(4, 7)
(4, 6)
(4, 5)
(4, 4)
(4, 3)
(5, 3)
(6, 3)
(7, 3)
(8, 3)
(9, 3)
(10, 3)
(10, 2)
(10, 1)
kaikki ok
Reitin pituus: 11
(8, 18)
(8, 19)
(9, 19)
(10, 19)
(11, 19)
(12, 19)
(13, 19)
(14, 19)
(15, 19)
(16, 19)
(17, 19)
(17, 18)
kaikki ok
Reitin pituus: 13
(11, 7)
(12, 7)
(12, 8)
(12, 9)
(13, 9)
(14, 9)
(14, 10)
(14, 11)
(14, 12)
(14, 13)
(14, 14)
(14, 15)
(13, 15)
(12, 15)
kaikki ok
Reitin pituus: 4
(9, 15)
(10, 15)
(10, 14)
(10, 13)
(11, 13)
kaikki ok
Reitin pituus: 13
(14, 15)
(13, 15)
(12, 15)
(11, 15)
(10, 15)
(9, 15)
(8, 15)
(7, 15)
(6, 15)
(5, 15)
(4, 15)
(4, 14)
(4, 13)
(3, 13)
kaikki ok
Reitin pituus: 20
(6, 4)
(6, 3)
(5, 3)
(4, 3)
(4, 4)
(4, 5)
(4, 6)
(4, 7)
(4, 8)
(4, 9)
(4, 10)
(4, 11)
(4, 12)
(4, 13)
(4, 14)
(4, 15)
(4, 16)
(4, 17)
(3, 17)
(2, 17)
(2, 16)
kaikki ok
Reitin pituus: 0
(8, 15)
kaikki ok
Reitin pituus: 13
(16, 1)
(15, 1)
(14, 1)
(14, 2)
(14, 3)
(14, 4)
(14, 5)
(14, 6)
(14, 7)
(14, 8)
(14, 9)
(13, 9)
(12, 9)
(12, 10)
kaikki ok
Reitin pituus: 17
(13, 15)
(14, 15)
(14, 14)
(14, 13)
(14, 12)
(14, 11)
(14, 10)
(14, 9)
(14, 8)
(14, 7)
(14, 6)
(14, 5)
(14, 4)
(14, 3)
(15, 3)
(16, 3)
(17, 3)
(17, 2)
kaikki ok
Reitin pituus: 8
(5, 9)
(6, 9)
(6, 10)
(6, 11)
(7, 11)
(8, 11)
(9, 11)
(10, 11)
(11, 11)
kaikki ok
Reitin pituus: 13
(16, 15)
(16, 16)
(16, 17)
(17, 17)
(17, 18)
(17, 19)
(16, 19)
(15, 19)
(14, 19)
(13, 19)
(12, 19)
(11, 19)
(10, 19)
(10, 18)
kaikki ok
Reitin pituus: 12
(9, 11)
(8, 11)
(7, 11)
(6, 11)
(6, 12)
(6, 13)
(7, 13)
(8, 13)
(8, 14)
(8, 15)
(7, 15)
(6, 15)
(6, 16)
kaikki ok
Reitin pituus: 15
(6, 7)
(7, 7)
(8, 7)
(9, 7)
(10, 7)
(10, 6)
(10, 5)
(11, 5)
(12, 5)
(12, 4)
(12, 3)
(11, 3)
(10, 3)
(10, 2)
(10, 1)
(11, 1)
kaikki ok
Reitin pituus: 13
(12, 7)
(12, 8)
(12, 9)
(13, 9)
(14, 9)
(14, 10)
(14, 11)
(14, 12)
(14, 13)
(14, 14)
(14, 15)
(14, 16)
(14, 17)
(15, 17)
kaikki ok
Reitin pituus: 20
(1, 17)
(2, 17)
(3, 17)
(4, 17)
(4, 16)
(4, 15)
(4, 14)
(4, 13)
(4, 12)
(4, 11)
(4, 10)
(4, 9)
(4, 8)
(4, 7)
(4, 6)
(4, 5)
(4, 4)
(4, 3)
(4, 2)
(4, 1)
(3, 1)
kaikki ok
Reitin pituus: 15
(17, 1)
(16, 1)
(15, 1)
(14, 1)
(13, 1)
(12, 1)
(11, 1)
(10, 1)
(10, 2)
(10, 3)
(9, 3)
(8, 3)
(7, 3)
(6, 3)
(6, 4)
(6, 5)
kaikki ok
Reitin pituus: 15
(2, 5)
(3, 5)
(4, 5)
(4, 4)
(4, 3)
(5, 3)
(6, 3)
(7, 3)
(8, 3)
(9, 3)
(10, 3)
(11, 3)
(12, 3)
(13, 3)
(14, 3)
(15, 3)
kaikki ok
Reitin pituus: 19
(17, 15)
(17, 14)
(17, 13)
(16, 13)
(15, 13)
(14, 13)
(13, 13)
(12, 13)
(12, 12)
(12, 11)
(11, 11)
(10, 11)
(9, 11)
(8, 11)
(7, 11)
(6, 11)
(6, 10)
(6, 9)
(6, 8)
(6, 7)
kaikki ok
Reitin pituus: 4
(8, 5)
(8, 6)
(8, 7)
(9, 7)
(9, 8)
kaikki ok
Reitin pituus: 9
(7, 5)
(8, 5)
(8, 6)
(8, 7)
(7, 7)
(6, 7)
(6, 8)
(6, 9)
(6, 10)
(6, 11)
kaikki ok
Reitin pituus: 10
(8, 14)
(8, 15)
(9, 15)
(10, 15)
(10, 14)
(10, 13)
(11, 13)
(12, 13)
(12, 12)
(12, 11)
(12, 10)
kaikki ok
Reitin pituus: 23
(10, 3)
(11, 3)
(12, 3)
(13, 3)
(14, 3)
(14, 4)
(14, 5)
(14, 6)
(14, 7)
(14, 8)
(14, 9)
(14, 10)
(14, 11)
(14, 12)
(14, 13)
(14, 14)
(14, 15)
(14, 16)
(14, 17)
(15, 17)
(16, 17)
(17, 17)
(17, 18)
(17, 19)
kaikki ok
Reitin pituus: 15
(16, 5)
(15, 5)
(14, 5)
(14, 4)
(14, 3)
(13, 3)
(12, 3)
(11, 3)
(10, 3)
(9, 3)
(8, 3)
(7, 3)
(6, 3)
(5, 3)
(4, 3)
(4, 2)
kaikki ok
Reitin pituus: 26
(2, 3)
(3, 3)
(4, 3)
(4, 4)
(4, 5)
(4, 6)
(4, 7)
(4, 8)
(4, 9)
(5, 9)
(6, 9)
(6, 10)
(6, 11)
(6, 12)
(6, 13)
(7, 13)
(8, 13)
(8, 14)
(8, 15)
(9, 15)
(10, 15)
(11, 15)
(12, 15)
(12, 16)
(12, 17)
(11, 17)
(10, 17)
kaikki ok
Reitin pituus: 26
(13, 1)
(12, 1)
(11, 1)
(10, 1)
(10, 2)
(10, 3)
(9, 3)
(8, 3)
(7, 3)
(6, 3)
(5, 3)
(4, 3)
(4, 4)
(4, 5)
(4, 6)
(4, 7)
(4, 8)
(4, 9)
(4, 10)
(4, 11)
(4, 12)
(4, 13)
(4, 14)
(4, 15)
(4, 16)
(4, 17)
(3, 17)
kaikki ok
Reitin pituus: 21
(2, 13)
(3, 13)
(4, 13)
(4, 12)
(4, 11)
(4, 10)
(4, 9)
(4, 8)
(4, 7)
(4, 6)
(4, 5)
(4, 4)
(4, 3)
(5, 3)
(6, 3)
(7, 3)
(8, 3)
(9, 3)
(10, 3)
(10, 2)
(10, 1)
(11, 1)
kaikki ok
Reitin pituus: 5
(16, 1)
(15, 1)
(14, 1)
(14, 2)
(14, 3)
(13, 3)
kaikki ok
Reitin pituus: 15
(14, 16)
(14, 15)
(14, 14)
(14, 13)
(13, 13)
(12, 13)
(12, 12)
(12, 11)
(12, 10)
(12, 9)
(12, 8)
(12, 7)
(11, 7)
(10, 7)
(9, 7)
(8, 7)
kaikki ok
Reitin pituus: 3
(4, 7)
(4, 6)
(4, 5)
(3, 5)
kaikki ok
Reitin pituus: 9
(15, 5)
(14, 5)
(14, 4)
(14, 3)
(13, 3)
(12, 3)
(11, 3)
(10, 3)
(10, 2)
(10, 1)
kaikki ok
Reitin pituus: 22
(9, 8)
(9, 7)
(8, 7)
(7, 7)
(6, 7)
(6, 8)
(6, 9)
(5, 9)
(4, 9)
(4, 10)
(4, 11)
(4, 12)
(4, 13)
(4, 14)
(4, 15)
(4, 16)
(4, 17)
(3, 17)
(2, 17)
(1, 17)
(1, 18)
(1, 19)
(2, 19)
kaikki ok
Reitin pituus: 16
(4, 10)
(4, 11)
(4, 12)
(4, 13)
(5, 13)
(6, 13)
(7, 13)
(8, 13)
(8, 14)
(8, 15)
(9, 15)
(10, 15)
(11, 15)
(12, 15)
(13, 15)
(14, 15)
(14, 14)
kaikki ok
Reitin pituus: 11
(10, 9)
(9, 9)
(9, 8)
(9, 7)
(10, 7)
(11, 7)
(12, 7)
(12, 8)
(12, 9)
(13, 9)
(14, 9)
(14, 10)
kaikki ok
Reitin pituus: 6
(17, 5)
(17, 4)
(17, 3)
(17, 2)
(17, 1)
(16, 1)
(15, 1)
kaikki ok
Reitin pituus: 10
(12, 7)
(11, 7)
(10, 7)
(9, 7)
(8, 7)
(7, 7)
(6, 7)
(6, 8)
(6, 9)
(5, 9)
(4, 9)
kaikki ok
Reitin pituus: 8
(1, 3)
(2, 3)
(3, 3)
(4, 3)
(5, 3)
(6, 3)
(7, 3)
(8, 3)
(9, 3)
kaikki ok
Reitin pituus: 16
(8, 13)
(7, 13)
(6, 13)
(5, 13)
(4, 13)
(4, 12)
(4, 11)
(4, 10)
(4, 9)
(4, 8)
(4, 7)
(4, 6)
(4, 5)
(4, 4)
(4, 3)
(5, 3)
(6, 3)
kaikki ok
Reitin pituus: 9
(10, 19)
(10, 18)
(10, 17)
(11, 17)
(12, 17)
(12, 16)
(12, 15)
(13, 15)
(14, 15)
(14, 16)
kaikki ok
Reitin pituus: 12
(14, 13)
(13, 13)
(12, 13)
(12, 12)
(12, 11)
(11, 11)
(10, 11)
(9, 11)
(8, 11)
(7, 11)
(6, 11)
(6, 10)
(6, 9)
kaikki ok
Reitin pituus: 27
(8, 2)
(8, 3)
(7, 3)
(6, 3)
(5, 3)
(4, 3)
(4, 4)
(4, 5)
(4, 6)
(4, 7)
(4, 8)
(4, 9)
(4, 10)
(4, 11)
(4, 12)
(4, 13)
(4, 14)
(4, 15)
(4, 16)
(4, 17)
(3, 17)
(2, 17)
(1, 17)
(1, 18)
(1, 19)
(2, 19)
(3, 19)
(4, 19)
kaikki ok
Reitin pituus: 18
(4, 2)
(4, 3)
(4, 4)
(4, 5)
(4, 6)
(4, 7)
(4, 8)
(4, 9)
(5, 9)
(6, 9)
(6, 10)
(6, 11)
(6, 12)
(6, 13)
(7, 13)
(8, 13)
(8, 14)
(8, 15)
(9, 15)
kaikki ok
Reitin pituus: 18
(3, 13)
(4, 13)
(5, 13)
(6, 13)
(6, 12)
(6, 11)
(7, 11)
(8, 11)
(9, 11)
(10, 11)
(11, 11)
(12, 11)
(12, 10)
(12, 9)
(13, 9)
(14, 9)
(14, 8)
(14, 7)
(14, 6)
kaikki ok
Reitin pituus: 17
(11, 13)
(12, 13)
(12, 12)
(12, 11)
(12, 10)
(12, 9)
(12, 8)
(12, 7)
(11, 7)
(10, 7)
(9, 7)
(8, 7)
(8, 6)
(8, 5)
(7, 5)
(6, 5)
(6, 4)
(6, 3)
kaikki ok
Reitin pituus: 14
(6, 13)
(5, 13)
(4, 13)
(4, 12)
(4, 11)
(4, 10)
(4, 9)
(4, 8)
(4, 7)
(4, 6)
(4, 5)
(4, 4)
(4, 3)
(4, 2)
(4, 1)
kaikki ok
Reitin pituus: 14
(10, 7)
(9, 7)
(8, 7)
(8, 6)
(8, 5)
(7, 5)
(6, 5)
(6, 4)
(6, 3)
(5, 3)
(4, 3)
(4, 4)
(4, 5)
(3, 5)
(2, 5)
kaikki ok
Reitin pituus: 9
(2, 5)
(3, 5)
(4, 5)
(4, 6)
(4, 7)
(4, 8)
(4, 9)
(4, 10)
(4, 11)
(4, 12)
kaikki ok
Reitin pituus: 11
(1, 4)
(1, 3)
(2, 3)
(3, 3)
(4, 3)
(5, 3)
(6, 3)
(6, 4)
(6, 5)
(7, 5)
(8, 5)
(8, 6)
kaikki ok
Reitin pituus: 16
(1, 14)
(1, 13)
(2, 13)
(3, 13)
(4, 13)
(5, 13)
(6, 13)
(6, 12)
(6, 11)
(6, 10)
(6, 9)
(6, 8)
(6, 7)
(7, 7)
(8, 7)
(9, 7)
(10, 7)
kaikki ok
Reitin pituus: 8
(14, 7)
(14, 6)
(14, 5)
(15, 5)
(16, 5)
(17, 5)
(17, 4)
(17, 3)
(17, 2)
kaikki ok
Reitin pituus: 12
(8, 2)
(8, 3)
(7, 3)
(6, 3)
(6, 4)
(6, 5)
(7, 5)
(8, 5)
(8, 6)
(8, 7)
(9, 7)
(10, 7)
(11, 7)
kaikki ok
Reitin pituus: 17
(3, 13)
(4, 13)
(5, 13)
(6, 13)
(6, 12)
(6, 11)
(7, 11)
(8, 11)
(9, 11)
(10, 11)
(11, 11)
(12, 11)
(12, 10)
(12, 9)
(13, 9)
(14, 9)
(14, 8)
(14, 7)
kaikki ok
Reitin pituus: 7
(11, 15)
(12, 15)
(13, 15)
(14, 15)
(14, 14)
(14, 13)
(15, 13)
(16, 13)
kaikki ok
Reitin pituus: 25
(6, 3)
(5, 3)
(4, 3)
(4, 4)
(4, 5)
(4, 6)
(4, 7)
(4, 8)
(4, 9)
(4, 10)
(4, 11)
(4, 12)
(4, 13)
(4, 14)
(4, 15)
(5, 15)
(6, 15)
(6, 16)
(6, 17)
(7, 17)
(8, 17)
(8, 18)
(8, 19)
(7, 19)
(6, 19)
(5, 19)
kaikki ok
Reitin pituus: 29
(8, 17)
(7, 17)
(6, 17)
(6, 16)
(6, 15)
(7, 15)
(8, 15)
(9, 15)
(10, 15)
(10, 14)
(10, 13)
(11, 13)
(12, 13)
(12, 12)
(12, 11)
(12, 10)
(12, 9)
(13, 9)
(14, 9)
(14, 8)
(14, 7)
(14, 6)
(14, 5)
(14, 4)
(14, 3)
(15, 3)
(16, 3)
(17, 3)
(17, 2)
(17, 1)
kaikki ok
Reitin pituus: 15
(4, 11)
(4, 10)
(4, 9)
(5, 9)
(6, 9)
(6, 10)
(6, 11)
(7, 11)
(8, 11)
(9, 11)
(10, 11)
(11, 11)
(12, 11)
(12, 12)
(12, 13)
(13, 13)
kaikki ok
Reitin pituus: 27
(10, 5)
(10, 6)
(10, 7)
(9, 7)
(8, 7)
(7, 7)
(6, 7)
(6, 8)
(6, 9)
(6, 10)
(6, 11)
(6, 12)
(6, 13)
(5, 13)
(4, 13)
(4, 14)
(4, 15)
(4, 16)
(4, 17)
(3, 17)
(2, 17)
(1, 17)
(1, 18)
(1, 19)
(2, 19)
(3, 19)
(4, 19)
(5, 19)
kaikki ok
Reitin pituus: 15
(12, 15)
(11, 15)
(10, 15)
(9, 15)
(8, 15)
(8, 14)
(8, 13)
(7, 13)
(6, 13)
(6, 12)
(6, 11)
(6, 10)
(6, 9)
(6, 8)
(6, 7)
(7, 7)
kaikki ok
Reitin pituus: 17
(1, 3)
(2, 3)
(3, 3)
(4, 3)
(4, 4)
(4, 5)
(4, 6)
(4, 7)
(4, 8)
(4, 9)
(4, 10)
(4, 11)
(4, 12)
(4, 13)
(3, 13)
(2, 13)
(1, 13)
(1, 14)
kaikki ok
Reitin pituus: 7
(12, 11)
(12, 10)
(12, 9)
(12, 8)
(12, 7)
(11, 7)
(10, 7)
(9, 7)
kaikki ok
Reitin pituus: 26
(17, 3)
(16, 3)
(15, 3)
(14, 3)
(14, 4)
(14, 5)
(14, 6)
(14, 7)
(14, 8)
(14, 9)
(14, 10)
(14, 11)
(14, 12)
(14, 13)
(14, 14)
(14, 15)
(14, 16)
(14, 17)
(15, 17)
(16, 17)
(17, 17)
(17, 18)
(17, 19)
(16, 19)
(15, 19)
(14, 19)
(13, 19)
kaikki ok
Reitin pituus: 19
(17, 15)
(16, 15)
(16, 16)
(16, 17)
(17, 17)
(17, 18)
(17, 19)
(16, 19)
(15, 19)
(14, 19)
(13, 19)
(12, 19)
(11, 19)
(10, 19)
(9, 19)
(8, 19)
(7, 19)
(6, 19)
(5, 19)
(4, 19)
kaikki ok
Reitin pituus: 5
(17, 19)
(17, 18)
(17, 17)
(16, 17)
(15, 17)
(14, 17)
kaikki ok
Reitin pituus: 10
(12, 9)
(12, 8)
(12, 7)
(11, 7)
(10, 7)
(10, 6)
(10, 5)
(11, 5)
(12, 5)
(12, 4)
(12, 3)
kaikki ok
Reitin pituus: 11
(3, 5)
(4, 5)
(4, 6)
(4, 7)
(4, 8)
(4, 9)
(4, 10)
(4, 11)
(4, 12)
(4, 13)
(4, 14)
(4, 15)
kaikki ok
Reitin pituus: 8
(1, 15)
(2, 15)
(2, 16)
(2, 17)
(3, 17)
(4, 17)
(4, 16)
(4, 15)
(5, 15)
kaikki ok
Reitin pituus: 6
(4, 13)
(3, 13)
(2, 13)
(1, 13)
(1, 14)
(1, 15)
(2, 15)
kaikki ok
Reitin pituus: 4
(4, 14)
(4, 13)
(5, 13)
(6, 13)
(7, 13)
kaikki ok
Reitin pituus: 24
(16, 1)
(15, 1)
(14, 1)
(14, 2)
(14, 3)
(14, 4)
(14, 5)
(14, 6)
(14, 7)
(14, 8)
(14, 9)
(14, 10)
(14, 11)
(14, 12)
(14, 13)
(14, 14)
(14, 15)
(13, 15)
(12, 15)
(11, 15)
(10, 15)
(9, 15)
(8, 15)
(7, 15)
(6, 15)
kaikki ok
Reitin pituus: 12
(7, 15)
(8, 15)
(8, 14)
(8, 13)
(7, 13)
(6, 13)
(6, 12)
(6, 11)
(6, 10)
(6, 9)
(6, 8)
(6, 7)
(7, 7)
kaikki ok
Reitin pituus: 15
(15, 5)
(14, 5)
(14, 6)
(14, 7)
(14, 8)
(14, 9)
(13, 9)
(12, 9)
(12, 8)
(12, 7)
(11, 7)
(10, 7)
(9, 7)
(9, 8)
(9, 9)
(8, 9)
kaikki ok
Reitin pituus: 18
(14, 3)
(13, 3)
(12, 3)
(11, 3)
(10, 3)
(9, 3)
(8, 3)
(7, 3)
(6, 3)
(5, 3)
(4, 3)
(4, 4)
(4, 5)
(4, 6)
(4, 7)
(4, 8)
(4, 9)
(4, 10)
(4, 11)
kaikki ok
Reitin pituus: 11
(5, 13)
(6, 13)
(7, 13)
(8, 13)
(8, 14)
(8, 15)
(9, 15)
(10, 15)
(11, 15)
(12, 15)
(12, 16)
(12, 17)
kaikki ok
Reitin pituus: 1
(1, 4)
(1, 3)
kaikki ok
Reitin pituus: 12
(14, 12)
(14, 11)
(14, 10)
(14, 9)
(14, 8)
(14, 7)
(14, 6)
(14, 5)
(14, 4)
(14, 3)
(14, 2)
(14, 1)
(15, 1)
kaikki ok
Reitin pituus: 14
(7, 13)
(6, 13)
(6, 12)
(6, 11)
(6, 10)
(6, 9)
(5, 9)
(4, 9)
(4, 8)
(4, 7)
(4, 6)
(4, 5)
(4, 4)
(4, 3)
(4, 2)
kaikki ok
Reitin pituus: 6
(9, 3)
(10, 3)
(11, 3)
(12, 3)
(12, 4)
(12, 5)
(11, 5)
kaikki ok
Reitin pituus: 15
(16, 5)
(15, 5)
(14, 5)
(14, 6)
(14, 7)
(14, 8)
(14, 9)
(13, 9)
(12, 9)
(12, 10)
(12, 11)
(12, 12)
(12, 13)
(11, 13)
(10, 13)
(10, 14)
kaikki ok
Reitin pituus: 4
(11, 17)
(10, 17)
(10, 18)
(10, 19)
(11, 19)
kaikki ok
Reitin pituus: 4
(13, 13)
(14, 13)
(14, 14)
(14, 15)
(14, 16)
kaikki ok
Reitin pituus: 25
(2, 1)
(3, 1)
(4, 1)
(4, 2)
(4, 3)
(4, 4)
(4, 5)
(4, 6)
(4, 7)
(4, 8)
(4, 9)
(4, 10)
(4, 11)
(4, 12)
(4, 13)
(4, 14)
(4, 15)
(5, 15)
(6, 15)
(6, 16)
(6, 17)
(7, 17)
(8, 17)
(8, 18)
(8, 19)
(7, 19)
kaikki ok
Reitin pituus: 13
(13, 19)
(12, 19)
(11, 19)
(10, 19)
(10, 18)
(10, 17)
(11, 17)
(12, 17)
(12, 16)
(12, 15)
(13, 15)
(14, 15)
(14, 14)
(14, 13)
kaikki ok
Reitin pituus: 18
(1, 18)
(1, 17)
(2, 17)
(3, 17)
(4, 17)
(4, 16)
(4, 15)
(4, 14)
(4, 13)
(4, 12)
(4, 11)
(4, 10)
(4, 9)
(4, 8)
(4, 7)
(4, 6)
(4, 5)
(4, 4)
(4, 3)
kaikki ok
Reitin pituus: 29
(17, 19)
(17, 18)
(17, 17)
(16, 17)
(15, 17)
(14, 17)
(14, 16)
(14, 15)
(13, 15)
(12, 15)
(11, 15)
(10, 15)
(9, 15)
(8, 15)
(8, 14)
(8, 13)
(7, 13)
(6, 13)
(6, 12)
(6, 11)
(6, 10)
(6, 9)
(5, 9)
(4, 9)
(4, 8)
(4, 7)
(4, 6)
(4, 5)
(3, 5)
(2, 5)
kaikki ok
Reitin pituus: 12
(12, 10)
(12, 9)
(13, 9)
(14, 9)
(14, 8)
(14, 7)
(14, 6)
(14, 5)
(14, 4)
(14, 3)
(14, 2)
(14, 1)
(13, 1)
kaikki ok
Reitin pituus: 20
(8, 15)
(8, 14)
(8, 13)
(7, 13)
(6, 13)
(6, 12)
(6, 11)
(6, 10)
(6, 9)
(5, 9)
(4, 9)
(4, 8)
(4, 7)
(4, 6)
(4, 5)
(4, 4)
(4, 3)
(4, 2)
(4, 1)
(5, 1)
(6, 1)
kaikki ok
Reitin pituus: 23
(8, 19)
(8, 18)
(8, 17)
(7, 17)
(6, 17)
(6, 16)
(6, 15)
(5, 15)
(4, 15)
(4, 14)
(4, 13)
(4, 12)
(4, 11)
(4, 10)
(4, 9)
(5, 9)
(6, 9)
(6, 8)
(6, 7)
(7, 7)
(8, 7)
(9, 7)
(9, 8)
(9, 9)
kaikki ok
Reitin pituus: 11
(5, 1)
(6, 1)
(7, 1)
(8, 1)
(8, 2)
(8, 3)
(9, 3)
(10, 3)
(10, 2)
(10, 1)
(11, 1)
(12, 1)
kaikki ok
Reitin pituus: 19
(9, 9)
(9, 8)
(9, 7)
(10, 7)
(11, 7)
(12, 7)
(12, 8)
(12, 9)
(12, 10)
(12, 11)
(12, 12)
(12, 13)
(11, 13)
(10, 13)
(10, 14)
(10, 15)
(11, 15)
(12, 15)
(12, 16)
(12, 17)
kaikki ok
Reitin pituus: 7
(1, 2)
(1, 3)
(1, 4)
(1, 5)
(2, 5)
(3, 5)
(4, 5)
(4, 6)
kaikki ok
Reitin pituus: 11
(7, 11)
(6, 11)
(6, 10)
(6, 9)
(6, 8)
(6, 7)
(7, 7)
(8, 7)
(9, 7)
(9, 8)
(9, 9)
(8, 9)
kaikki ok
Reitin pituus: 17
(1, 3)
(2, 3)
(3, 3)
(4, 3)
(5, 3)
(6, 3)
(7, 3)
(8, 3)
(9, 3)
(10, 3)
(11, 3)
(12, 3)
(13, 3)
(14, 3)
(15, 3)
(16, 3)
(17, 3)
(17, 4)
kaikki ok
Reitin pituus: 10
(7, 17)
(6, 17)
(6, 16)
(6, 15)
(7, 15)
(8, 15)
(9, 15)
(10, 15)
(11, 15)
(12, 15)
(13, 15)
kaikki ok
Reitin pituus: 13
(7, 3)
(6, 3)
(6, 4)
(6, 5)
(7, 5)
(8, 5)
(8, 6)
(8, 7)
(7, 7)
(6, 7)
(6, 8)
(6, 9)
(6, 10)
(6, 11)
kaikki ok
Reitin pituus: 21
(16, 16)
(16, 17)
(15, 17)
(14, 17)
(14, 16)
(14, 15)
(14, 14)
(14, 13)
(13, 13)
(12, 13)
(12, 12)
(12, 11)
(12, 10)
(12, 9)
(12, 8)
(12, 7)
(11, 7)
(10, 7)
(9, 7)
(8, 7)
(8, 6)
(8, 5)
kaikki ok
Reitin pituus: 15
(10, 3)
(11, 3)
(12, 3)
(13, 3)
(14, 3)
(14, 4)
(14, 5)
(14, 6)
(14, 7)
(14, 8)
(14, 9)
(14, 10)
(14, 11)
(14, 12)
(14, 13)
(15, 13)
kaikki ok
Reitin pituus: 21
(2, 5)
(3, 5)
(4, 5)
(4, 6)
(4, 7)
(4, 8)
(4, 9)
(5, 9)
(6, 9)
(6, 10)
(6, 11)
(7, 11)
(8, 11)
(9, 11)
(10, 11)
(11, 11)
(12, 11)
(12, 12)
(12, 13)
(13, 13)
(14, 13)
(14, 12)
kaikki ok
Reitin pituus: 17
(16, 19)
(17, 19)
(17, 18)
(17, 17)
(16, 17)
(15, 17)
(14, 17)
(14, 16)
(14, 15)
(14, 14)
(14, 13)
(13, 13)
(12, 13)
(12, 12)
(12, 11)
(11, 11)
(10, 11)
(9, 11)
kaikki ok
Reitin pituus: 15
(2, 13)
(3, 13)
(4, 13)
(4, 14)
(4, 15)
(5, 15)
(6, 15)
(7, 15)
(8, 15)
(9, 15)
(10, 15)
(11, 15)
(12, 15)
(12, 16)
(12, 17)
(11, 17)
kaikki ok
Reitin pituus: 13
(4, 1)
(4, 2)
(4, 3)
(5, 3)
(6, 3)
(6, 4)
(6, 5)
(7, 5)
(8, 5)
(8, 6)
(8, 7)
(9, 7)
(10, 7)
(11, 7)
kaikki ok
Reitin pituus: 14
(4, 8)
(4, 9)
(5, 9)
(6, 9)
(6, 10)
(6, 11)
(7, 11)
(8, 11)
(9, 11)
(10, 11)
(11, 11)
(12, 11)
(12, 10)
(12, 9)
(13, 9)
kaikki ok
Reitin pituus: 16
(8, 19)
(8, 18)
(8, 17)
(7, 17)
(6, 17)
(6, 16)
(6, 15)
(5, 15)
(4, 15)
(4, 14)
(4, 13)
(4, 12)
(4, 11)
(4, 10)
(4, 9)
(4, 8)
(4, 7)
kaikki ok
Reitin pituus: 17
(1, 18)
(1, 17)
(2, 17)
(3, 17)
(4, 17)
(4, 16)
(4, 15)
(4, 14)
(4, 13)
(4, 12)
(4, 11)
(4, 10)
(4, 9)
(4, 8)
(4, 7)
(4, 6)
(4, 5)
(4, 4)
kaikki ok
Reitin pituus: 10
(10, 6)
(10, 5)
(11, 5)
(12, 5)
(12, 4)
(12, 3)
(13, 3)
(14, 3)
(14, 2)
(14, 1)
(15, 1)
kaikki ok
Reitin pituus: 5
(6, 10)
(6, 11)
(7, 11)
(8, 11)
(9, 11)
(10, 11)
kaikki ok
Reitin pituus: 9
(8, 7)
(9, 7)
(10, 7)
(11, 7)
(12, 7)
(12, 8)
(12, 9)
(12, 10)
(12, 11)
(11, 11)
kaikki ok
Reitin pituus: 9
(8, 13)
(7, 13)
(6, 13)
(5, 13)
(4, 13)
(3, 13)
(2, 13)
(1, 13)
(1, 14)
(1, 15)
kaikki ok
Reitin pituus: 12
(4, 4)
(4, 3)
(5, 3)
(6, 3)
(7, 3)
(8, 3)
(9, 3)
(10, 3)
(11, 3)
(12, 3)
(12, 4)
(12, 5)
(11, 5)
kaikki ok
Reitin pituus: 13
(8, 11)
(7, 11)
(6, 11)
(6, 10)
(6, 9)
(6, 8)
(6, 7)
(7, 7)
(8, 7)
(8, 6)
(8, 5)
(7, 5)
(6, 5)
(6, 4)
kaikki ok
Reitin pituus: 13
(4, 14)
(4, 15)
(5, 15)
(6, 15)
(6, 16)
(6, 17)
(7, 17)
(8, 17)
(8, 18)
(8, 19)
(9, 19)
(10, 19)
(11, 19)
(12, 19)
kaikki ok
Reitin pituus: 14
(4, 7)
(4, 6)
(4, 5)
(4, 4)
(4, 3)
(5, 3)
(6, 3)
(7, 3)
(8, 3)
(9, 3)
(10, 3)
(11, 3)
(12, 3)
(12, 4)
(12, 5)
kaikki ok
Reitin pituus: 1
(5, 15)
(4, 15)
kaikki ok
Reitin pituus: 19
(3, 13)
(4, 13)
(4, 14)
(4, 15)
(5, 15)
(6, 15)
(7, 15)
(8, 15)
(9, 15)
(10, 15)
(11, 15)
(12, 15)
(13, 15)
(14, 15)
(14, 16)
(14, 17)
(15, 17)
(16, 17)
(16, 16)
(16, 15)
kaikki ok
Reitin pituus: 12
(12, 17)
(12, 16)
(12, 15)
(11, 15)
(10, 15)
(10, 14)
(10, 13)
(11, 13)
(12, 13)
(12, 12)
(12, 11)
(11, 11)
(10, 11)
kaikki ok
Reitin pituus: 9
(11, 17)
(12, 17)
(12, 16)
(12, 15)
(11, 15)
(10, 15)
(9, 15)
(8, 15)
(7, 15)
(6, 15)
kaikki ok
Reitin pituus: 14
(6, 7)
(6, 8)
(6, 9)
(6, 10)
(6, 11)
(6, 12)
(6, 13)
(5, 13)
(4, 13)
(4, 14)
(4, 15)
(4, 16)
(4, 17)
(3, 17)
(2, 17)
kaikki ok
Reitin pituus: 14
(12, 8)
(12, 7)
(11, 7)
(10, 7)
(9, 7)
(8, 7)
(8, 6)
(8, 5)
(7, 5)
(6, 5)
(6, 4)
(6, 3)
(5, 3)
(4, 3)
(4, 2)
kaikki ok
Reitin pituus: 4
(6, 7)
(7, 7)
(8, 7)
(8, 6)
(8, 5)
kaikki ok
Reitin pituus: 4
(4, 14)
(4, 15)
(4, 16)
(4, 17)
(3, 17)
kaikki ok
Reitin pituus: 13
(6, 13)
(6, 12)
(6, 11)
(6, 10)
(6, 9)
(6, 8)
(6, 7)
(7, 7)
(8, 7)
(8, 6)
(8, 5)
(7, 5)
(6, 5)
(6, 4)
kaikki ok
Reitin pituus: 22
(15, 1)
(14, 1)
(14, 2)
(14, 3)
(13, 3)
(12, 3)
(12, 4)
(12, 5)
(11, 5)
(10, 5)
(10, 6)
(10, 7)
(9, 7)
(8, 7)
(7, 7)
(6, 7)
(6, 8)
(6, 9)
(6, 10)
(6, 11)
(6, 12)
(6, 13)
(5, 13)
kaikki ok
Reitin pituus: 14
(4, 12)
(4, 13)
(5, 13)
(6, 13)
(6, 12)
(6, 11)
(7, 11)
(8, 11)
(9, 11)
(10, 11)
(11, 11)
(12, 11)
(12, 12)
(12, 13)
(13, 13)
kaikki ok
Reitin pituus: 27
(11, 17)
(12, 17)
(12, 16)
(12, 15)
(11, 15)
(10, 15)
(9, 15)
(8, 15)
(8, 14)
(8, 13)
(7, 13)
(6, 13)
(5, 13)
(4, 13)
(4, 12)
(4, 11)
(4, 10)
(4, 9)
(4, 8)
(4, 7)
(4, 6)
(4, 5)
(4, 4)
(4, 3)
(4, 2)
(4, 1)
(3, 1)
(2, 1)
kaikki ok
Reitin pituus: 12
(2, 19)
(3, 19)
(4, 19)
(5, 19)
(6, 19)
(7, 19)
(8, 19)
(9, 19)
(10, 19)
(10, 18)
(10, 17)
(11, 17)
(12, 17)
kaikki ok
Reitin pituus: 14
(4, 3)
(5, 3)
(6, 3)
(7, 3)
(8, 3)
(9, 3)
(10, 3)
(11, 3)
(12, 3)
(13, 3)
(14, 3)
(15, 3)
(16, 3)
(17, 3)
(17, 2)
kaikki ok
Reitin pituus: 15
(2, 15)
(2, 16)
(2, 17)
(1, 17)
(1, 18)
(1, 19)
(2, 19)
(3, 19)
(4, 19)
(5, 19)
(6, 19)
(7, 19)
(8, 19)
(9, 19)
(10, 19)
(11, 19)
kaikki ok
Reitin pituus: 22
(17, 2)
(17, 3)
(16, 3)
(15, 3)
(14, 3)
(13, 3)
(12, 3)
(11, 3)
(10, 3)
(9, 3)
(8, 3)
(7, 3)
(6, 3)
(5, 3)
(4, 3)
(4, 4)
(4, 5)
(4, 6)
(4, 7)
(4, 8)
(4, 9)
(4, 10)
(4, 11)
kaikki ok
Reitin pituus: 8
(7, 7)
(6, 7)
(6, 8)
(6, 9)
(6, 10)
(6, 11)
(7, 11)
(8, 11)
(9, 11)
kaikki ok
Reitin pituus: 24
(7, 17)
(6, 17)
(6, 16)
(6, 15)
(7, 15)
(8, 15)
(9, 15)
(10, 15)
(10, 14)
(10, 13)
(11, 13)
(12, 13)
(12, 12)
(12, 11)
(12, 10)
(12, 9)
(13, 9)
(14, 9)
(14, 8)
(14, 7)
(14, 6)
(14, 5)
(14, 4)
(14, 3)
(15, 3)
kaikki ok
Reitin pituus: 14
(8, 7)
(7, 7)
(6, 7)
(6, 8)
(6, 9)
(6, 10)
(6, 11)
(6, 12)
(6, 13)
(7, 13)
(8, 13)
(8, 14)
(8, 15)
(9, 15)
(10, 15)
kaikki ok
Reitin pituus: 17
(6, 3)
(6, 4)
(6, 5)
(7, 5)
(8, 5)
(8, 6)
(8, 7)
(9, 7)
(10, 7)
(11, 7)
(12, 7)
(12, 8)
(12, 9)
(13, 9)
(14, 9)
(14, 10)
(14, 11)
(14, 12)
kaikki ok
Reitin pituus: 12
(8, 11)
(7, 11)
(6, 11)
(6, 10)
(6, 9)
(5, 9)
(4, 9)
(4, 8)
(4, 7)
(4, 6)
(4, 5)
(3, 5)
(2, 5)
kaikki ok
Reitin pituus: 13
(10, 13)
(10, 14)
(10, 15)
(9, 15)
(8, 15)
(7, 15)
(6, 15)
(5, 15)
(4, 15)
(4, 16)
(4, 17)
(3, 17)
(2, 17)
(2, 16)
kaikki ok
Reitin pituus: 10
(9, 19)
(10, 19)
(10, 18)
(10, 17)
(11, 17)
(12, 17)
(12, 16)
(12, 15)
(11, 15)
(10, 15)
(9, 15)
kaikki ok
Reitin pituus: 15
(14, 17)
(14, 16)
(14, 15)
(13, 15)
(12, 15)
(11, 15)
(10, 15)
(9, 15)
(8, 15)
(8, 14)
(8, 13)
(7, 13)
(6, 13)
(5, 13)
(4, 13)
(4, 12)
kaikki ok
Reitin pituus: 5
(3, 1)
(4, 1)
(4, 2)
(4, 3)
(4, 4)
(4, 5)
kaikki ok
Reitin pituus: 9
(8, 2)
(8, 3)
(7, 3)
(6, 3)
(6, 4)
(6, 5)
(7, 5)
(8, 5)
(8, 6)
(8, 7)
kaikki ok
Reitin pituus: 11
(14, 16)
(14, 15)
(13, 15)
(12, 15)
(11, 15)
(10, 15)
(9, 15)
(8, 15)
(7, 15)
(6, 15)
(6, 16)
(6, 17)
kaikki ok
Reitin pituus: 21
(11, 19)
(10, 19)
(10, 18)
(10, 17)
(11, 17)
(12, 17)
(12, 16)
(12, 15)
(13, 15)
(14, 15)
(14, 14)
(14, 13)
(14, 12)
(14, 11)
(14, 10)
(14, 9)
(14, 8)
(14, 7)
(14, 6)
(14, 5)
(14, 4)
(14, 3)
kaikki ok
Reitin pituus: 7
(11, 17)
(10, 17)
(10, 18)
(10, 19)
(9, 19)
(8, 19)
(8, 18)
(8, 17)
kaikki ok
Reitin pituus: 19
(12, 16)
(12, 15)
(13, 15)
(14, 15)
(14, 14)
(14, 13)
(14, 12)
(14, 11)
(14, 10)
(14, 9)
(13, 9)
(12, 9)
(12, 8)
(12, 7)
(11, 7)
(10, 7)
(9, 7)
(9, 8)
(9, 9)
(8, 9)
kaikki ok
Reitin pituus: 12
(2, 15)
(2, 16)
(2, 17)
(3, 17)
(4, 17)
(4, 16)
(4, 15)
(5, 15)
(6, 15)
(7, 15)
(8, 15)
(9, 15)
(10, 15)
kaikki ok
Reitin pituus: 13
(5, 3)
(4, 3)
(4, 4)
(4, 5)
(4, 6)
(4, 7)
(4, 8)
(4, 9)
(5, 9)
(6, 9)
(6, 10)
(6, 11)
(7, 11)
(8, 11)
kaikki ok
Reitin pituus: 15
(9, 8)
(9, 7)
(10, 7)
(10, 6)
(10, 5)
(11, 5)
(12, 5)
(12, 4)
(12, 3)
(13, 3)
(14, 3)
(15, 3)
(16, 3)
(17, 3)
(17, 2)
(17, 1)
kaikki ok
Reitin pituus: 10
(12, 9)
(13, 9)
(14, 9)
(14, 8)
(14, 7)
(14, 6)
(14, 5)
(14, 4)
(14, 3)
(14, 2)
(14, 1)
kaikki ok
Reitin pituus: 23
(5, 15)
(6, 15)
(7, 15)
(8, 15)
(9, 15)
(10, 15)
(11, 15)
(12, 15)
(13, 15)
(14, 15)
(14, 14)
(14, 13)
(14, 12)
(14, 11)
(14, 10)
(14, 9)
(14, 8)
(14, 7)
(14, 6)
(14, 5)
(15, 5)
(16, 5)
(17, 5)
(17, 4)
kaikki ok
Reitin pituus: 14
(10, 13)
(10, 14)
(10, 15)
(9, 15)
(8, 15)
(8, 14)
(8, 13)
(7, 13)
(6, 13)
(6, 12)
(6, 11)
(6, 10)
(6, 9)
(5, 9)
(4, 9)
kaikki ok
Reitin pituus: 29
(1, 18)
(1, 17)
(2, 17)
(3, 17)
(4, 17)
(4, 16)
(4, 15)
(4, 14)
(4, 13)
(4, 12)
(4, 11)
(4, 10)
(4, 9)
(4, 8)
(4, 7)
(4, 6)
(4, 5)
(4, 4)
(4, 3)
(5, 3)
(6, 3)
(7, 3)
(8, 3)
(9, 3)
(10, 3)
(11, 3)
(12, 3)
(13, 3)
(14, 3)
(15, 3)
kaikki ok
Reitin pituus: 0
(17, 4)
kaikki ok
Reitin pituus: 16
(4, 15)
(4, 14)
(4, 13)
(5, 13)
(6, 13)
(6, 12)
(6, 11)
(7, 11)
(8, 11)
(9, 11)
(10, 11)
(11, 11)
(12, 11)
(12, 10)
(12, 9)
(12, 8)
(12, 7)
kaikki ok
Reitin pituus: 15
(14, 5)
(14, 4)
(14, 3)
(13, 3)
(12, 3)
(11, 3)
(10, 3)
(9, 3)
(8, 3)
(8, 2)
(8, 1)
(7, 1)
(6, 1)
(5, 1)
(4, 1)
(3, 1)
kaikki ok
Reitin pituus: 31
(17, 3)
(16, 3)
(15, 3)
(14, 3)
(13, 3)
(12, 3)
(12, 4)
(12, 5)
(11, 5)
(10, 5)
(10, 6)
(10, 7)
(9, 7)
(8, 7)
(7, 7)
(6, 7)
(6, 8)
(6, 9)
(6, 10)
(6, 11)
(6, 12)
(6, 13)
(5, 13)
(4, 13)
(4, 14)
(4, 15)
(4, 16)
(4, 17)
(3, 17)
(2, 17)
(1, 17)
(1, 18)
kaikki ok
Reitin pituus: 16
(2, 17)
(3, 17)
(4, 17)
(4, 16)
(4, 15)
(4, 14)
(4, 13)
(4, 12)
(4, 11)
(4, 10)
(4, 9)
(4, 8)
(4, 7)
(4, 6)
(4, 5)
(4, 4)
(4, 3)
kaikki ok
Reitin pituus: 14
(2, 15)
(1, 15)
(1, 14)
(1, 13)
(2, 13)
(3, 13)
(4, 13)
(5, 13)
(6, 13)
(6, 12)
(6, 11)
(7, 11)
(8, 11)
(9, 11)
(10, 11)
kaikki ok
Reitin pituus: 16
(4, 12)
(4, 13)
(5, 13)
(6, 13)
(6, 12)
(6, 11)
(7, 11)
(8, 11)
(9, 11)
(10, 11)
(11, 11)
(12, 11)
(12, 12)
(12, 13)
(13, 13)
(14, 13)
(15, 13)
kaikki ok
Reitin pituus: 7
(8, 13)
(7, 13)
(6, 13)
(6, 12)
(6, 11)
(6, 10)
(6, 9)
(5, 9)
kaikki ok
Reitin pituus: 4
(5, 9)
(6, 9)
(6, 8)
(6, 7)
(7, 7)
kaikki ok
Reitin pituus: 24
(14, 2)
(14, 3)
(14, 4)
(14, 5)
(14, 6)
(14, 7)
(14, 8)
(14, 9)
(14, 10)
(14, 11)
(14, 12)
(14, 13)
(14, 14)
(14, 15)
(13, 15)
(12, 15)
(12, 16)
(12, 17)
(11, 17)
(10, 17)
(10, 18)
(10, 19)
(9, 19)
(8, 19)
(7, 19)
kaikki ok
Reitin pituus: 9
(9, 7)
(10, 7)
(11, 7)
(12, 7)
(12, 8)
(12, 9)
(12, 10)
(12, 11)
(11, 11)
(10, 11)
kaikki ok
Reitin pituus: 11
(2, 15)
(1, 15)
(1, 14)
(1, 13)
(2, 13)
(3, 13)
(4, 13)
(5, 13)
(6, 13)
(6, 12)
(6, 11)
(7, 11)
kaikki ok
Reitin pituus: 17
(17, 4)
(17, 3)
(16, 3)
(15, 3)
(14, 3)
(13, 3)
(12, 3)
(11, 3)
(10, 3)
(9, 3)
(8, 3)
(7, 3)
(6, 3)
(5, 3)
(4, 3)
(4, 4)
(4, 5)
(3, 5)
kaikki ok
Reitin pituus: 22
(2, 5)
(3, 5)
(4, 5)
(4, 6)
(4, 7)
(4, 8)
(4, 9)
(5, 9)
(6, 9)
(6, 10)
(6, 11)
(7, 11)
(8, 11)
(9, 11)
(10, 11)
(11, 11)
(12, 11)
(12, 12)
(12, 13)
(13, 13)
(14, 13)
(15, 13)
(16, 13)
kaikki ok
Reitin pituus: 14
(4, 14)
(4, 13)
(4, 12)
(4, 11)
(4, 10)
(4, 9)
(4, 8)
(4, 7)
(4, 6)
(4, 5)
(4, 4)
(4, 3)
(5, 3)
(6, 3)
(6, 4)
kaikki ok
Reitin pituus: 21
(11, 3)
(10, 3)
(9, 3)
(8, 3)
(7, 3)
(6, 3)
(5, 3)
(4, 3)
(4, 4)
(4, 5)
(4, 6)
(4, 7)
(4, 8)
(4, 9)
(4, 10)
(4, 11)
(4, 12)
(4, 13)
(4, 14)
(4, 15)
(5, 15)
(6, 15)
kaikki ok
Reitin pituus: 15
(4, 13)
(4, 14)
(4, 15)
(5, 15)
(6, 15)
(6, 16)
(6, 17)
(7, 17)
(8, 17)
(8, 18)
(8, 19)
(9, 19)
(10, 19)
(11, 19)
(12, 19)
(13, 19)
kaikki ok
Reitin pituus: 6
(7, 3)
(6, 3)
(5, 3)
(4, 3)
(4, 4)
(4, 5)
(3, 5)
kaikki ok
Reitin pituus: 3
(17, 17)
(16, 17)
(15, 17)
(14, 17)
kaikki ok
Reitin pituus: 11
(6, 15)
(7, 15)
(8, 15)
(9, 15)
(10, 15)
(10, 14)
(10, 13)
(11, 13)
(12, 13)
(12, 12)
(12, 11)
(11, 11)
kaikki ok
Reitin pituus: 12
(10, 1)
(10, 2)
(10, 3)
(9, 3)
(8, 3)
(7, 3)
(6, 3)
(5, 3)
(4, 3)
(4, 4)
(4, 5)
(3, 5)
(2, 5)
kaikki ok
Reitin pituus: 5
(14, 13)
(15, 13)
(16, 13)
(17, 13)
(17, 14)
(17, 15)
kaikki ok
Reitin pituus: 11
(6, 19)
(7, 19)
(8, 19)
(9, 19)
(10, 19)
(10, 18)
(10, 17)
(11, 17)
(12, 17)
(12, 16)
(12, 15)
(11, 15)
kaikki ok
Reitin pituus: 15
(17, 2)
(17, 3)
(17, 4)
(17, 5)
(16, 5)
(15, 5)
(14, 5)
(14, 6)
(14, 7)
(14, 8)
(14, 9)
(13, 9)
(12, 9)
(12, 10)
(12, 11)
(11, 11)
kaikki ok
Reitin pituus: 9
(7, 11)
(6, 11)
(6, 12)
(6, 13)
(7, 13)
(8, 13)
(8, 14)
(8, 15)
(9, 15)
(10, 15)
kaikki ok
Reitin pituus: 11
(4, 1)
(4, 2)
(4, 3)
(4, 4)
(4, 5)
(4, 6)
(4, 7)
(4, 8)
(4, 9)
(4, 10)
(4, 11)
(4, 12)
kaikki ok
Reitin pituus: 16
(1, 4)
(1, 3)
(2, 3)
(3, 3)
(4, 3)
(5, 3)
(6, 3)
(6, 4)
(6, 5)
(7, 5)
(8, 5)
(8, 6)
(8, 7)
(9, 7)
(9, 8)
(9, 9)
(8, 9)
kaikki ok
Reitin pituus: 28
(4, 3)
(4, 4)
(4, 5)
(4, 6)
(4, 7)
(4, 8)
(4, 9)
(4, 10)
(4, 11)
(4, 12)
(4, 13)
(4, 14)
(4, 15)
(5, 15)
(6, 15)
(6, 16)
(6, 17)
(7, 17)
(8, 17)
(8, 18)
(8, 19)
(9, 19)
(10, 19)
(11, 19)
(12, 19)
(13, 19)
(14, 19)
(15, 19)
(16, 19)
kaikki ok
Reitin pituus: 1
(6, 15)
(6, 16)
kaikki ok
Reitin pituus: 8
(8, 14)
(8, 13)
(7, 13)
(6, 13)
(5, 13)
(4, 13)
(4, 12)
(4, 11)
(4, 10)
kaikki ok
Reitin pituus: 18
(10, 18)
(10, 17)
(11, 17)
(12, 17)
(12, 16)
(12, 15)
(11, 15)
(10, 15)
(9, 15)
(8, 15)
(8, 14)
(8, 13)
(7, 13)
(6, 13)
(6, 12)
(6, 11)
(6, 10)
(6, 9)
(6, 8)
kaikki ok
Reitin pituus: 11
(10, 18)
(10, 17)
(11, 17)
(12, 17)
(12, 16)
(12, 15)
(13, 15)
(14, 15)
(14, 14)
(14, 13)
(14, 12)
(14, 11)
kaikki ok
Reitin pituus: 15
(9, 7)
(10, 7)
(11, 7)
(12, 7)
(12, 8)
(12, 9)
(13, 9)
(14, 9)
(14, 10)
(14, 11)
(14, 12)
(14, 13)
(14, 14)
(14, 15)
(13, 15)
(12, 15)
kaikki ok
Reitin pituus: 12
(14, 13)
(14, 12)
(14, 11)
(14, 10)
(14, 9)
(14, 8)
(14, 7)
(14, 6)
(14, 5)
(14, 4)
(14, 3)
(15, 3)
(16, 3)
kaikki ok
Reitin pituus: 21
(2, 16)
(2, 17)
(3, 17)
(4, 17)
(4, 16)
(4, 15)
(4, 14)
(4, 13)
(4, 12)
(4, 11)
(4, 10)
(4, 9)
(4, 8)
(4, 7)
(4, 6)
(4, 5)
(4, 4)
(4, 3)
(5, 3)
(6, 3)
(6, 4)
(6, 5)
kaikki ok
Reitin pituus: 25
(12, 1)
(13, 1)
(14, 1)
(14, 2)
(14, 3)
(14, 4)
(14, 5)
(14, 6)
(14, 7)
(14, 8)
(14, 9)
(14, 10)
(14, 11)
(14, 12)
(14, 13)
(14, 14)
(14, 15)
(14, 16)
(14, 17)
(15, 17)
(16, 17)
(17, 17)
(17, 18)
(17, 19)
(16, 19)
(15, 19)
kaikki ok
Reitin pituus: 18
(2, 1)
(3, 1)
(4, 1)
(4, 2)
(4, 3)
(4, 4)
(4, 5)
(4, 6)
(4, 7)
(4, 8)
(4, 9)
(4, 10)
(4, 11)
(4, 12)
(4, 13)
(4, 14)
(4, 15)
(4, 16)
(4, 17)
kaikki ok
Reitin pituus: 10
(5, 15)
(6, 15)
(7, 15)
(8, 15)
(9, 15)
(10, 15)
(11, 15)
(12, 15)
(13, 15)
(14, 15)
(14, 16)
kaikki ok
Reitin pituus: 4
(11, 11)
(10, 11)
(9, 11)
(8, 11)
(7, 11)
kaikki ok
Reitin pituus: 5
(15, 1)
(14, 1)
(13, 1)
(12, 1)
(11, 1)
(10, 1)
kaikki ok
Reitin pituus: 1
(5, 1)
(4, 1)
kaikki ok
Reitin pituus: 1
(2, 1)
(1, 1)
kaikki ok
Reitin pituus: 4
(10, 18)
(10, 19)
(9, 19)
(8, 19)
(7, 19)
kaikki ok
Reitin pituus: 16
(4, 11)
(4, 12)
(4, 13)
(4, 14)
(4, 15)
(5, 15)
(6, 15)
(6, 16)
(6, 17)
(7, 17)
(8, 17)
(8, 18)
(8, 19)
(9, 19)
(10, 19)
(10, 18)
(10, 17)
kaikki ok
Reitin pituus: 12
(16, 3)
(15, 3)
(14, 3)
(13, 3)
(12, 3)
(12, 4)
(12, 5)
(11, 5)
(10, 5)
(10, 6)
(10, 7)
(9, 7)
(8, 7)
kaikki ok
Reitin pituus: 16
(15, 13)
(14, 13)
(14, 14)
(14, 15)
(13, 15)
(12, 15)
(12, 16)
(12, 17)
(11, 17)
(10, 17)
(10, 18)
(10, 19)
(9, 19)
(8, 19)
(7, 19)
(6, 19)
(5, 19)
kaikki ok
Reitin pituus: 5
(6, 9)
(6, 8)
(6, 7)
(7, 7)
(8, 7)
(9, 7)
kaikki ok
Reitin pituus: 9
(12, 12)
(12, 13)
(11, 13)
(10, 13)
(10, 14)
(10, 15)
(9, 15)
(8, 15)
(8, 14)
(8, 13)
kaikki ok
Reitin pituus: 0
(5, 1)
kaikki ok
Reitin pituus: 4
(6, 11)
(6, 10)
(6, 9)
(6, 8)
(6, 7)
kaikki ok
Reitin pituus: 5
(4, 17)
(4, 16)
(4, 15)
(4, 14)
(4, 13)
(3, 13)
kaikki ok
Reitin pituus: 22
(17, 19)
(17, 18)
(17, 17)
(16, 17)
(15, 17)
(14, 17)
(14, 16)
(14, 15)
(14, 14)
(14, 13)
(13, 13)
(12, 13)
(12, 12)
(12, 11)
(12, 10)
(12, 9)
(12, 8)
(12, 7)
(11, 7)
(10, 7)
(10, 6)
(10, 5)
(11, 5)
kaikki ok
Reitin pituus: 25
(10, 19)
(9, 19)
(8, 19)
(8, 18)
(8, 17)
(7, 17)
(6, 17)
(6, 16)
(6, 15)
(5, 15)
(4, 15)
(4, 14)
(4, 13)
(4, 12)
(4, 11)
(4, 10)
(4, 9)
(4, 8)
(4, 7)
(4, 6)
(4, 5)
(4, 4)
(4, 3)
(5, 3)
(6, 3)
(6, 4)
kaikki ok
Reitin pituus: 10
(17, 18)
(17, 19)
(16, 19)
(15, 19)
(14, 19)
(13, 19)
(12, 19)
(11, 19)
(10, 19)
(9, 19)
(8, 19)
kaikki ok
Reitin pituus: 14
(8, 17)
(8, 18)
(8, 19)
(9, 19)
(10, 19)
(10, 18)
(10, 17)
(11, 17)
(12, 17)
(12, 16)
(12, 15)
(13, 15)
(14, 15)
(14, 16)
(14, 17)
kaikki ok
Reitin pituus: 20
(4, 5)
(4, 6)
(4, 7)
(4, 8)
(4, 9)
(4, 10)
(4, 11)
(4, 12)
(4, 13)
(4, 14)
(4, 15)
(5, 15)
(6, 15)
(6, 16)
(6, 17)
(7, 17)
(8, 17)
(8, 18)
(8, 19)
(9, 19)
(10, 19)
kaikki ok
Reitin pituus: 18
(12, 7)
(12, 8)
(12, 9)
(12, 10)
(12, 11)
(12, 12)
(12, 13)
(11, 13)
(10, 13)
(10, 14)
(10, 15)
(9, 15)
(8, 15)
(7, 15)
(6, 15)
(5, 15)
(4, 15)
(4, 16)
(4, 17)
kaikki ok
Reitin pituus: 20
(17, 2)
(17, 3)
(16, 3)
(15, 3)
(14, 3)
(13, 3)
(12, 3)
(12, 4)
(12, 5)
(11, 5)
(10, 5)
(10, 6)
(10, 7)
(9, 7)
(8, 7)
(7, 7)
(6, 7)
(6, 8)
(6, 9)
(6, 10)
(6, 11)
kaikki ok
Reitin pituus: 23
(12, 5)
(11, 5)
(10, 5)
(10, 6)
(10, 7)
(11, 7)
(12, 7)
(12, 8)
(12, 9)
(13, 9)
(14, 9)
(14, 10)
(14, 11)
(14, 12)
(14, 13)
(14, 14)
(14, 15)
(14, 16)
(14, 17)
(15, 17)
(16, 17)
(17, 17)
(17, 18)
(17, 19)
kaikki ok
Reitin pituus: 1
(5, 3)
(6, 3)
kaikki ok
Reitin pituus: 13
(6, 8)
(6, 7)
(7, 7)
(8, 7)
(8, 6)
(8, 5)
(7, 5)
(6, 5)
(6, 4)
(6, 3)
(7, 3)
(8, 3)
(9, 3)
(10, 3)
kaikki ok
Reitin pituus: 20
(11, 3)
(12, 3)
(13, 3)
(14, 3)
(14, 4)
(14, 5)
(14, 6)
(14, 7)
(14, 8)
(14, 9)
(14, 10)
(14, 11)
(14, 12)
(14, 13)
(14, 14)
(14, 15)
(14, 16)
(14, 17)
(15, 17)
(16, 17)
(16, 16)
kaikki ok
Reitin pituus: 7
(4, 8)
(4, 9)
(5, 9)
(6, 9)
(6, 10)
(6, 11)
(7, 11)
(8, 11)
kaikki ok
Reitin pituus: 14
(12, 17)
(12, 16)
(12, 15)
(13, 15)
(14, 15)
(14, 14)
(14, 13)
(14, 12)
(14, 11)
(14, 10)
(14, 9)
(14, 8)
(14, 7)
(14, 6)
(14, 5)
kaikki ok
Reitin pituus: 5
(14, 15)
(14, 16)
(14, 17)
(15, 17)
(16, 17)
(16, 16)
kaikki ok
Reitin pituus: 19
(16, 17)
(15, 17)
(14, 17)
(14, 16)
(14, 15)
(13, 15)
(12, 15)
(11, 15)
(10, 15)
(9, 15)
(8, 15)
(8, 14)
(8, 13)
(7, 13)
(6, 13)
(6, 12)
(6, 11)
(6, 10)
(6, 9)
(5, 9)
kaikki ok
Reitin pituus: 6
(16, 13)
(15, 13)
(14, 13)
(14, 12)
(14, 11)
(14, 10)
(14, 9)
kaikki ok
Reitin pituus: 20
(6, 5)
(7, 5)
(8, 5)
(8, 6)
(8, 7)
(9, 7)
(10, 7)
(11, 7)
(12, 7)
(12, 8)
(12, 9)
(13, 9)
(14, 9)
(14, 10)
(14, 11)
(14, 12)
(14, 13)
(14, 14)
(14, 15)
(14, 16)
(14, 17)
kaikki ok
Reitin pituus: 14
(6, 10)
(6, 9)
(5, 9)
(4, 9)
(4, 8)
(4, 7)
(4, 6)
(4, 5)
(3, 5)
(2, 5)
(1, 5)
(1, 4)
(1, 3)
(1, 2)
(1, 1)
kaikki ok
Reitin pituus: 14
(5, 1)
(6, 1)
(7, 1)
(8, 1)
(8, 2)
(8, 3)
(9, 3)
(10, 3)
(11, 3)
(12, 3)
(13, 3)
(14, 3)
(14, 4)
(14, 5)
(14, 6)
kaikki ok
Reitin pituus: 17
(15, 17)
(14, 17)
(14, 16)
(14, 15)
(14, 14)
(14, 13)
(13, 13)
(12, 13)
(12, 12)
(12, 11)
(12, 10)
(12, 9)
(12, 8)
(12, 7)
(11, 7)
(10, 7)
(9, 7)
(9, 8)
kaikki ok
Reitin pituus: 23
(10, 18)
(10, 17)
(11, 17)
(12, 17)
(12, 16)
(12, 15)
(13, 15)
(14, 15)
(14, 14)
(14, 13)
(14, 12)
(14, 11)
(14, 10)
(14, 9)
(14, 8)
(14, 7)
(14, 6)
(14, 5)
(14, 4)
(14, 3)
(13, 3)
(12, 3)
(12, 4)
(12, 5)
kaikki ok
Reitin pituus: 6
(4, 4)
(4, 3)
(5, 3)
(6, 3)
(7, 3)
(8, 3)
(9, 3)
kaikki ok
Reitin pituus: 16
(8, 5)
(8, 6)
(8, 7)
(7, 7)
(6, 7)
(6, 8)
(6, 9)
(6, 10)
(6, 11)
(6, 12)
(6, 13)
(7, 13)
(8, 13)
(8, 14)
(8, 15)
(9, 15)
(10, 15)
kaikki ok
Reitin pituus: 10
(10, 11)
(9, 11)
(8, 11)
(7, 11)
(6, 11)
(6, 10)
(6, 9)
(5, 9)
(4, 9)
(4, 8)
(4, 7)
kaikki ok
Reitin pituus: 21
(11, 1)
(10, 1)
(10, 2)
(10, 3)
(9, 3)
(8, 3)
(7, 3)
(6, 3)
(5, 3)
(4, 3)
(4, 4)
(4, 5)
(4, 6)
(4, 7)
(4, 8)
(4, 9)
(5, 9)
(6, 9)
(6, 10)
(6, 11)
(6, 12)
(6, 13)
kaikki ok
Reitin pituus: 10
(6, 16)
(6, 17)
(7, 17)
(8, 17)
(8, 18)
(8, 19)
(9, 19)
(10, 19)
(11, 19)
(12, 19)
(13, 19)
kaikki ok
Reitin pituus: 10
(10, 7)
(9, 7)
(8, 7)
(8, 6)
(8, 5)
(7, 5)
(6, 5)
(6, 4)
(6, 3)
(5, 3)
(4, 3)
kaikki ok
Reitin pituus: 3
(11, 5)
(10, 5)
(10, 6)
(10, 7)
kaikki ok
Reitin pituus: 9
(10, 13)
(10, 14)
(10, 15)
(9, 15)
(8, 15)
(7, 15)
(6, 15)
(6, 16)
(6, 17)
(7, 17)
kaikki ok
Reitin pituus: 14
(10, 9)
(9, 9)
(9, 8)
(9, 7)
(10, 7)
(11, 7)
(12, 7)
(12, 8)
(12, 9)
(13, 9)
(14, 9)
(14, 10)
(14, 11)
(14, 12)
(14, 13)
kaikki ok
Reitin pituus: 13
(5, 13)
(6, 13)
(6, 12)
(6, 11)
(6, 10)
(6, 9)
(6, 8)
(6, 7)
(7, 7)
(8, 7)
(9, 7)
(10, 7)
(10, 6)
(10, 5)
kaikki ok
Reitin pituus: 3
(8, 5)
(8, 6)
(8, 7)
(9, 7)
kaikki ok
Reitin pituus: 12
(10, 13)
(11, 13)
(12, 13)
(13, 13)
(14, 13)
(14, 12)
(14, 11)
(14, 10)
(14, 9)
(14, 8)
(14, 7)
(14, 6)
(14, 5)
kaikki ok
Reitin pituus: 21
(1, 15)
(1, 14)
(1, 13)
(2, 13)
(3, 13)
(4, 13)
(4, 12)
(4, 11)
(4, 10)
(4, 9)
(4, 8)
(4, 7)
(4, 6)
(4, 5)
(4, 4)
(4, 3)
(4, 2)
(4, 1)
(5, 1)
(6, 1)
(7, 1)
(8, 1)
kaikki ok
Reitin pituus: 12
(12, 4)
(12, 5)
(11, 5)
(10, 5)
(10, 6)
(10, 7)
(11, 7)
(12, 7)
(12, 8)
(12, 9)
(12, 10)
(12, 11)
(11, 11)
kaikki ok
Reitin pituus: 13
(4, 12)
(4, 11)
(4, 10)
(4, 9)
(5, 9)
(6, 9)
(6, 8)
(6, 7)
(7, 7)
(8, 7)
(9, 7)
(10, 7)
(11, 7)
(12, 7)
kaikki ok
Reitin pituus: 21
(7, 1)
(8, 1)
(8, 2)
(8, 3)
(9, 3)
(10, 3)
(11, 3)
(12, 3)
(13, 3)
(14, 3)
(14, 4)
(14, 5)
(14, 6)
(14, 7)
(14, 8)
(14, 9)
(14, 10)
(14, 11)
(14, 12)
(14, 13)
(14, 14)
(14, 15)
kaikki ok
Reitin pituus: 30
(17, 1)
(17, 2)
(17, 3)
(16, 3)
(15, 3)
(14, 3)
(13, 3)
(12, 3)
(12, 4)
(12, 5)
(11, 5)
(10, 5)
(10, 6)
(10, 7)
(9, 7)
(8, 7)
(7, 7)
(6, 7)
(6, 8)
(6, 9)
(6, 10)
(6, 11)
(6, 12)
(6, 13)
(5, 13)
(4, 13)
(4, 14)
(4, 15)
(4, 16)
(4, 17)
(3, 17)
kaikki ok
Reitin pituus: 15
(7, 5)
(8, 5)
(8, 6)
(8, 7)
(9, 7)
(10, 7)
(11, 7)
(12, 7)
(12, 8)
(12, 9)
(12, 10)
(12, 11)
(12, 12)
(12, 13)
(11, 13)
(10, 13)
kaikki ok
Reitin pituus: 14
(14, 13)
(14, 14)
(14, 15)
(13, 15)
(12, 15)
(11, 15)
(10, 15)
(9, 15)
(8, 15)
(7, 15)
(6, 15)
(5, 15)
(4, 15)
(4, 16)
(4, 17)
kaikki ok
Reitin pituus: 13
(14, 10)
(14, 11)
(14, 12)
(14, 13)
(14, 14)
(14, 15)
(14, 16)
(14, 17)
(15, 17)
(16, 17)
(17, 17)
(17, 18)
(17, 19)
(16, 19)
kaikki ok
Reitin pituus: 20
(8, 14)
(8, 13)
(7, 13)
(6, 13)
(5, 13)
(4, 13)
(4, 12)
(4, 11)
(4, 10)
(4, 9)
(4, 8)
(4, 7)
(4, 6)
(4, 5)
(4, 4)
(4, 3)
(5, 3)
(6, 3)
(7, 3)
(8, 3)
(8, 2)
kaikki ok
Reitin pituus: 22
(12, 16)
(12, 15)
(11, 15)
(10, 15)
(9, 15)
(8, 15)
(8, 14)
(8, 13)
(7, 13)
(6, 13)
(5, 13)
(4, 13)
(4, 12)
(4, 11)
(4, 10)
(4, 9)
(4, 8)
(4, 7)
(4, 6)
(4, 5)
(4, 4)
(4, 3)
(5, 3)
kaikki ok
Reitin pituus: 16
(17, 13)
(16, 13)
(15, 13)
(14, 13)
(14, 12)
(14, 11)
(14, 10)
(14, 9)
(14, 8)
(14, 7)
(14, 6)
(14, 5)
(14, 4)
(14, 3)
(13, 3)
(12, 3)
(11, 3)
kaikki ok
Reitin pituus: 18
(15, 17)
(14, 17)
(14, 16)
(14, 15)
(14, 14)
(14, 13)
(14, 12)
(14, 11)
(14, 10)
(14, 9)
(14, 8)
(14, 7)
(14, 6)
(14, 5)
(14, 4)
(14, 3)
(13, 3)
(12, 3)
(12, 4)
kaikki ok
Reitin pituus: 26
(12, 19)
(11, 19)
(10, 19)
(9, 19)
(8, 19)
(8, 18)
(8, 17)
(7, 17)
(6, 17)
(6, 16)
(6, 15)
(5, 15)
(4, 15)
(4, 14)
(4, 13)
(4, 12)
(4, 11)
(4, 10)
(4, 9)
(4, 8)
(4, 7)
(4, 6)
(4, 5)
(4, 4)
(4, 3)
(3, 3)
(2, 3)
kaikki ok
Reitin pituus: 23
(17, 14)
(17, 13)
(16, 13)
(15, 13)
(14, 13)
(14, 12)
(14, 11)
(14, 10)
(14, 9)
(14, 8)
(14, 7)
(14, 6)
(14, 5)
(14, 4)
(14, 3)
(13, 3)
(12, 3)
(11, 3)
(10, 3)
(9, 3)
(8, 3)
(7, 3)
(6, 3)
(5, 3)
kaikki ok
Reitin pituus: 21
(17, 3)
(16, 3)
(15, 3)
(14, 3)
(13, 3)
(12, 3)
(11, 3)
(10, 3)
(9, 3)
(8, 3)
(7, 3)
(6, 3)
(5, 3)
(4, 3)
(4, 4)
(4, 5)
(4, 6)
(4, 7)
(4, 8)
(4, 9)
(4, 10)
(4, 11)
kaikki ok
Reitin pituus: 14
(4, 8)
(4, 9)
(4, 10)
(4, 11)
(4, 12)
(4, 13)
(4, 14)
(4, 15)
(5, 15)
(6, 15)
(7, 15)
(8, 15)
(9, 15)
(10, 15)
(10, 14)
kaikki ok
Reitin pituus: 9
(8, 15)
(9, 15)
(10, 15)
(10, 14)
(10, 13)
(11, 13)
(12, 13)
(12, 12)
(12, 11)
(12, 10)
kaikki ok
Reitin pituus: 10
(1, 15)
(1, 14)
(1, 13)
(2, 13)
(3, 13)
(4, 13)
(4, 12)
(4, 11)
(4, 10)
(4, 9)
(4, 8)
kaikki ok
Reitin pituus: 11
(17, 14)
(17, 13)
(16, 13)
(15, 13)
(14, 13)
(13, 13)
(12, 13)
(12, 12)
(12, 11)
(11, 11)
(10, 11)
(9, 11)
kaikki ok
Reitin pituus: 15
(4, 5)
(4, 4)
(4, 3)
(5, 3)
(6, 3)
(7, 3)
(8, 3)
(9, 3)
(10, 3)
(10, 2)
(10, 1)
(11, 1)
(12, 1)
(13, 1)
(14, 1)
(15, 1)
kaikki ok
Reitin pituus: 24
(14, 4)
(14, 5)
(14, 6)
(14, 7)
(14, 8)
(14, 9)
(13, 9)
(12, 9)
(12, 10)
(12, 11)
(11, 11)
(10, 11)
(9, 11)
(8, 11)
(7, 11)
(6, 11)
(6, 12)
(6, 13)
(5, 13)
(4, 13)
(3, 13)
(2, 13)
(1, 13)
(1, 14)
(1, 15)
kaikki ok
Reitin pituus: 6
(10, 3)
(10, 2)
(10, 1)
(11, 1)
(12, 1)
(13, 1)
(14, 1)
kaikki ok
Reitin pituus: 11
(9, 8)
(9, 7)
(8, 7)
(8, 6)
(8, 5)
(7, 5)
(6, 5)
(6, 4)
(6, 3)
(5, 3)
(4, 3)
(4, 2)
kaikki ok
Reitin pituus: 8
(9, 8)
(9, 7)
(8, 7)
(8, 6)
(8, 5)
(7, 5)
(6, 5)
(6, 4)
(6, 3)
kaikki ok
Reitin pituus: 20
(5, 3)
(6, 3)
(6, 4)
(6, 5)
(7, 5)
(8, 5)
(8, 6)
(8, 7)
(9, 7)
(10, 7)
(11, 7)
(12, 7)
(12, 8)
(12, 9)
(12, 10)
(12, 11)
(12, 12)
(12, 13)
(13, 13)
(14, 13)
(14, 14)
kaikki ok
Reitin pituus: 16
(14, 2)
(14, 3)
(13, 3)
(12, 3)
(12, 4)
(12, 5)
(11, 5)
(10, 5)
(10, 6)
(10, 7)
(9, 7)
(8, 7)
(7, 7)
(6, 7)
(6, 8)
(6, 9)
(6, 10)
kaikki ok
Reitin pituus: 15
(5, 15)
(6, 15)
(7, 15)
(8, 15)
(9, 15)
(10, 15)
(11, 15)
(12, 15)
(13, 15)
(14, 15)
(14, 14)
(14, 13)
(15, 13)
(16, 13)
(17, 13)
(17, 14)
kaikki ok
Reitin pituus: 18
(2, 17)
(3, 17)
(4, 17)
(4, 16)
(4, 15)
(5, 15)
(6, 15)
(7, 15)
(8, 15)
(9, 15)
(10, 15)
(11, 15)
(12, 15)
(13, 15)
(14, 15)
(14, 16)
(14, 17)
(15, 17)
(16, 17)
kaikki ok
Reitin pituus: 9
(12, 10)
(12, 9)
(12, 8)
(12, 7)
(11, 7)
(10, 7)
(9, 7)
(8, 7)
(8, 6)
(8, 5)
kaikki ok
Reitin pituus: 11
(14, 7)
(14, 8)
(14, 9)
(13, 9)
(12, 9)
(12, 8)
(12, 7)
(11, 7)
(10, 7)
(9, 7)
(8, 7)
(7, 7)
kaikki ok
Reitin pituus: 16
(10, 3)
(11, 3)
(12, 3)
(12, 4)
(12, 5)
(11, 5)
(10, 5)
(10, 6)
(10, 7)
(11, 7)
(12, 7)
(12, 8)
(12, 9)
(12, 10)
(12, 11)
(11, 11)
(10, 11)
kaikki ok
Reitin pituus: 5
(4, 14)
(4, 15)
(5, 15)
(6, 15)
(6, 16)
(6, 17)
kaikki ok
Reitin pituus: 8
(14, 9)
(14, 8)
(14, 7)
(14, 6)
(14, 5)
(14, 4)
(14, 3)
(15, 3)
(16, 3)
kaikki ok
Reitin pituus: 17
(8, 9)
(9, 9)
(9, 8)
(9, 7)
(10, 7)
(10, 6)
(10, 5)
(11, 5)
(12, 5)
(12, 4)
(12, 3)
(13, 3)
(14, 3)
(14, 4)
(14, 5)
(15, 5)
(16, 5)
(17, 5)
kaikki ok
Reitin pituus: 14
(17, 2)
(17, 3)
(17, 4)
(17, 5)
(16, 5)
(15, 5)
(14, 5)
(14, 6)
(14, 7)
(14, 8)
(14, 9)
(14, 10)
(14, 11)
(14, 12)
(14, 13)
kaikki ok
Reitin pituus: 11
(8, 19)
(9, 19)
(10, 19)
(11, 19)
(12, 19)
(13, 19)
(14, 19)
(15, 19)
(16, 19)
(17, 19)
(17, 18)
(17, 17)
kaikki ok
Reitin pituus: 12
(4, 8)
(4, 9)
(4, 10)
(4, 11)
(4, 12)
(4, 13)
(4, 14)
(4, 15)
(5, 15)
(6, 15)
(6, 16)
(6, 17)
(7, 17)
kaikki ok
Reitin pituus: 21
(3, 17)
(4, 17)
(4, 16)
(4, 15)
(5, 15)
(6, 15)
(7, 15)
(8, 15)
(9, 15)
(10, 15)
(10, 14)
(10, 13)
(11, 13)
(12, 13)
(12, 12)
(12, 11)
(12, 10)
(12, 9)
(13, 9)
(14, 9)
(14, 8)
(14, 7)
kaikki ok
Reitin pituus: 17
(14, 15)
(14, 14)
(14, 13)
(14, 12)
(14, 11)
(14, 10)
(14, 9)
(14, 8)
(14, 7)
(14, 6)
(14, 5)
(14, 4)
(14, 3)
(15, 3)
(16, 3)
(17, 3)
(17, 2)
(17, 1)
kaikki ok
Reitin pituus: 2
(8, 9)
(9, 9)
(10, 9)
kaikki ok
Reitin pituus: 30
(6, 1)
(5, 1)
(4, 1)
(4, 2)
(4, 3)
(4, 4)
(4, 5)
(4, 6)
(4, 7)
(4, 8)
(4, 9)
(4, 10)
(4, 11)
(4, 12)
(4, 13)
(4, 14)
(4, 15)
(5, 15)
(6, 15)
(6, 16)
(6, 17)
(7, 17)
(8, 17)
(8, 18)
(8, 19)
(9, 19)
(10, 19)
(11, 19)
(12, 19)
(13, 19)
(14, 19)
kaikki ok
Reitin pituus: 9
(16, 15)
(16, 16)
(16, 17)
(17, 17)
(17, 18)
(17, 19)
(16, 19)
(15, 19)
(14, 19)
(13, 19)
kaikki ok
Reitin pituus: 17
(17, 13)
(16, 13)
(15, 13)
(14, 13)
(14, 12)
(14, 11)
(14, 10)
(14, 9)
(13, 9)
(12, 9)
(12, 8)
(12, 7)
(11, 7)
(10, 7)
(9, 7)
(9, 8)
(9, 9)
(10, 9)
kaikki ok
Reitin pituus: 8
(17, 1)
(17, 2)
(17, 3)
(16, 3)
(15, 3)
(14, 3)
(13, 3)
(12, 3)
(12, 4)
kaikki ok
Reitin pituus: 17
(13, 13)
(14, 13)
(14, 12)
(14, 11)
(14, 10)
(14, 9)
(14, 8)
(14, 7)
(14, 6)
(14, 5)
(14, 4)
(14, 3)
(13, 3)
(12, 3)
(11, 3)
(10, 3)
(10, 2)
(10, 1)
kaikki ok
Reitin pituus: 6
(8, 15)
(7, 15)
(6, 15)
(5, 15)
(4, 15)
(4, 14)
(4, 13)
kaikki ok
Reitin pituus: 12
(4, 12)
(4, 13)
(5, 13)
(6, 13)
(7, 13)
(8, 13)
(8, 14)
(8, 15)
(9, 15)
(10, 15)
(11, 15)
(12, 15)
(13, 15)
kaikki ok
Reitin pituus: 17
(1, 1)
(1, 2)
(1, 3)
(1, 4)
(1, 5)
(2, 5)
(3, 5)
(4, 5)
(4, 6)
(4, 7)
(4, 8)
(4, 9)
(4, 10)
(4, 11)
(4, 12)
(4, 13)
(4, 14)
(4, 15)
kaikki ok
Reitin pituus: 7
(7, 5)
(8, 5)
(8, 6)
(8, 7)
(9, 7)
(9, 8)
(9, 9)
(8, 9)
kaikki ok
Reitin pituus: 12
(7, 13)
(6, 13)
(6, 12)
(6, 11)
(6, 10)
(6, 9)
(6, 8)
(6, 7)
(7, 7)
(8, 7)
(9, 7)
(10, 7)
(10, 6)
kaikki ok
Reitin pituus: 9
(10, 2)
(10, 3)
(9, 3)
(8, 3)
(7, 3)
(6, 3)
(5, 3)
(4, 3)
(3, 3)
(2, 3)
kaikki ok
Reitin pituus: 17
(17, 15)
(16, 15)
(16, 16)
(16, 17)
(15, 17)
(14, 17)
(14, 16)
(14, 15)
(13, 15)
(12, 15)
(11, 15)
(10, 15)
(9, 15)
(8, 15)
(7, 15)
(6, 15)
(6, 16)
(6, 17)
kaikki ok
Reitin pituus: 16
(13, 3)
(14, 3)
(14, 4)
(14, 5)
(14, 6)
(14, 7)
(14, 8)
(14, 9)
(14, 10)
(14, 11)
(14, 12)
(14, 13)
(14, 14)
(14, 15)
(14, 16)
(14, 17)
(15, 17)
kaikki ok
Reitin pituus: 10
(8, 17)
(8, 18)
(8, 19)
(9, 19)
(10, 19)
(10, 18)
(10, 17)
(11, 17)
(12, 17)
(12, 16)
(12, 15)
kaikki ok
Reitin pituus: 16
(4, 7)
(4, 8)
(4, 9)
(4, 10)
(4, 11)
(4, 12)
(4, 13)
(4, 14)
(4, 15)
(4, 16)
(4, 17)
(3, 17)
(2, 17)
(1, 17)
(1, 18)
(1, 19)
(2, 19)
kaikki ok
Reitin pituus: 16
(10, 5)
(11, 5)
(12, 5)
(12, 4)
(12, 3)
(11, 3)
(10, 3)
(9, 3)
(8, 3)
(8, 2)
(8, 1)
(7, 1)
(6, 1)
(5, 1)
(4, 1)
(3, 1)
(2, 1)
kaikki ok
Reitin pituus: 22
(15, 5)
(14, 5)
(14, 6)
(14, 7)
(14, 8)
(14, 9)
(14, 10)
(14, 11)
(14, 12)
(14, 13)
(14, 14)
(14, 15)
(13, 15)
(12, 15)
(12, 16)
(12, 17)
(11, 17)
(10, 17)
(10, 18)
(10, 19)
(9, 19)
(8, 19)
(8, 18)
kaikki ok
Reitin pituus: 3
(11, 13)
(10, 13)
(10, 14)
(10, 15)
kaikki ok
Reitin pituus: 17
(3, 5)
(4, 5)
(4, 4)
(4, 3)
(5, 3)
(6, 3)
(7, 3)
(8, 3)
(9, 3)
(10, 3)
(11, 3)
(12, 3)
(13, 3)
(14, 3)
(14, 4)
(14, 5)
(15, 5)
(16, 5)
kaikki ok
Reitin pituus: 20
(8, 15)
(9, 15)
(10, 15)
(11, 15)
(12, 15)
(13, 15)
(14, 15)
(14, 14)
(14, 13)
(14, 12)
(14, 11)
(14, 10)
(14, 9)
(14, 8)
(14, 7)
(14, 6)
(14, 5)
(14, 4)
(14, 3)
(14, 2)
(14, 1)
kaikki ok
Reitin pituus: 13
(16, 15)
(17, 15)
(17, 14)
(17, 13)
(16, 13)
(15, 13)
(14, 13)
(13, 13)
(12, 13)
(12, 12)
(12, 11)
(12, 10)
(12, 9)
(12, 8)
kaikki ok
Reitin pituus: 17
(1, 13)
(2, 13)
(3, 13)
(4, 13)
(5, 13)
(6, 13)
(7, 13)
(8, 13)
(8, 14)
(8, 15)
(9, 15)
(10, 15)
(11, 15)
(12, 15)
(13, 15)
(14, 15)
(14, 16)
(14, 17)
kaikki ok
Reitin pituus: 10
(4, 6)
(4, 5)
(4, 4)
(4, 3)
(5, 3)
(6, 3)
(7, 3)
(8, 3)
(9, 3)
(10, 3)
(11, 3)
kaikki ok
Reitin pituus: 8
(8, 2)
(8, 3)
(7, 3)
(6, 3)
(5, 3)
(4, 3)
(3, 3)
(2, 3)
(1, 3)
kaikki ok
Reitin pituus: 16
(10, 5)
(10, 6)
(10, 7)
(9, 7)
(8, 7)
(8, 6)
(8, 5)
(7, 5)
(6, 5)
(6, 4)
(6, 3)
(5, 3)
(4, 3)
(3, 3)
(2, 3)
(1, 3)
(1, 4)
kaikki ok
Reitin pituus: 15
(6, 13)
(7, 13)
(8, 13)
(8, 14)
(8, 15)
(9, 15)
(10, 15)
(11, 15)
(12, 15)
(12, 16)
(12, 17)
(11, 17)
(10, 17)
(10, 18)
(10, 19)
(11, 19)
kaikki ok
Reitin pituus: 6
(13, 9)
(12, 9)
(12, 8)
(12, 7)
(11, 7)
(10, 7)
(10, 6)
kaikki ok
Reitin pituus: 29
(5, 19)
(6, 19)
(7, 19)
(8, 19)
(9, 19)
(10, 19)
(10, 18)
(10, 17)
(11, 17)
(12, 17)
(12, 16)
(12, 15)
(13, 15)
(14, 15)
(14, 14)
(14, 13)
(14, 12)
(14, 11)
(14, 10)
(14, 9)
(14, 8)
(14, 7)
(14, 6)
(14, 5)
(15, 5)
(16, 5)
(17, 5)
(17, 4)
(17, 3)
(17, 2)
kaikki ok
Reitin pituus: 8
(13, 13)
(14, 13)
(14, 14)
(14, 15)
(13, 15)
(12, 15)
(12, 16)
(12, 17)
(11, 17)
kaikki ok
Reitin pituus: 18
(12, 12)
(12, 11)
(11, 11)
(10, 11)
(9, 11)
(8, 11)
(7, 11)
(6, 11)
(6, 10)
(6, 9)
(5, 9)
(4, 9)
(4, 8)
(4, 7)
(4, 6)
(4, 5)
(4, 4)
(4, 3)
(4, 2)
kaikki ok
Reitin pituus: 12
(8, 3)
(7, 3)
(6, 3)
(6, 4)
(6, 5)
(7, 5)
(8, 5)
(8, 6)
(8, 7)
(9, 7)
(9, 8)
(9, 9)
(10, 9)
kaikki ok
Reitin pituus: 11
(14, 13)
(14, 12)
(14, 11)
(14, 10)
(14, 9)
(14, 8)
(14, 7)
(14, 6)
(14, 5)
(15, 5)
(16, 5)
(17, 5)
kaikki ok
Reitin pituus: 10
(9, 8)
(9, 7)
(8, 7)
(8, 6)
(8, 5)
(7, 5)
(6, 5)
(6, 4)
(6, 3)
(7, 3)
(8, 3)
kaikki ok
Reitin pituus: 16
(3, 3)
(4, 3)
(5, 3)
(6, 3)
(6, 4)
(6, 5)
(7, 5)
(8, 5)
(8, 6)
(8, 7)
(9, 7)
(10, 7)
(11, 7)
(12, 7)
(12, 8)
(12, 9)
(13, 9)
kaikki ok
Reitin pituus: 29
(1, 2)
(1, 3)
(2, 3)
(3, 3)
(4, 3)
(5, 3)
(6, 3)
(6, 4)
(6, 5)
(7, 5)
(8, 5)
(8, 6)
(8, 7)
(9, 7)
(10, 7)
(11, 7)
(12, 7)
(12, 8)
(12, 9)
(12, 10)
(12, 11)
(12, 12)
(12, 13)
(13, 13)
(14, 13)
(14, 14)
(14, 15)
(14, 16)
(14, 17)
(15, 17)
kaikki ok
Reitin pituus: 24
(14, 6)
(14, 7)
(14, 8)
(14, 9)
(13, 9)
(12, 9)
(12, 10)
(12, 11)
(11, 11)
(10, 11)
(9, 11)
(8, 11)
(7, 11)
(6, 11)
(6, 12)
(6, 13)
(5, 13)
(4, 13)
(3, 13)
(2, 13)
(1, 13)
(1, 14)
(1, 15)
(2, 15)
(2, 16)
kaikki ok
Reitin pituus: 12
(16, 13)
(15, 13)
(14, 13)
(13, 13)
(12, 13)
(12, 12)
(12, 11)
(11, 11)
(10, 11)
(9, 11)
(8, 11)
(7, 11)
(6, 11)
kaikki ok
Reitin pituus: 5
(10, 13)
(10, 14)
(10, 15)
(11, 15)
(12, 15)
(12, 16)
kaikki ok
Reitin pituus: 29
(16, 17)
(15, 17)
(14, 17)
(14, 16)
(14, 15)
(14, 14)
(14, 13)
(14, 12)
(14, 11)
(14, 10)
(14, 9)
(14, 8)
(14, 7)
(14, 6)
(14, 5)
(14, 4)
(14, 3)
(13, 3)
(12, 3)
(11, 3)
(10, 3)
(9, 3)
(8, 3)
(8, 2)
(8, 1)
(7, 1)
(6, 1)
(5, 1)
(4, 1)
(3, 1)
kaikki ok
Reitin pituus: 14
(8, 9)
(9, 9)
(9, 8)
(9, 7)
(8, 7)
(8, 6)
(8, 5)
(7, 5)
(6, 5)
(6, 4)
(6, 3)
(5, 3)
(4, 3)
(3, 3)
(2, 3)
kaikki ok
Reitin pituus: 12
(3, 5)
(4, 5)
(4, 4)
(4, 3)
(5, 3)
(6, 3)
(7, 3)
(8, 3)
(9, 3)
(10, 3)
(10, 2)
(10, 1)
(11, 1)
kaikki ok
Reitin pituus: 8
(9, 9)
(9, 8)
(9, 7)
(8, 7)
(7, 7)
(6, 7)
(6, 8)
(6, 9)
(6, 10)
kaikki ok
Reitin pituus: 16
(15, 17)
(14, 17)
(14, 16)
(14, 15)
(14, 14)
(14, 13)
(13, 13)
(12, 13)
(12, 12)
(12, 11)
(12, 10)
(12, 9)
(12, 8)
(12, 7)
(11, 7)
(10, 7)
(9, 7)
kaikki ok
Reitin pituus: 20
(16, 15)
(16, 16)
(16, 17)
(15, 17)
(14, 17)
(14, 16)
(14, 15)
(13, 15)
(12, 15)
(11, 15)
(10, 15)
(9, 15)
(8, 15)
(8, 14)
(8, 13)
(7, 13)
(6, 13)
(5, 13)
(4, 13)
(3, 13)
(2, 13)
kaikki ok
Reitin pituus: 16
(9, 9)
(9, 8)
(9, 7)
(8, 7)
(8, 6)
(8, 5)
(7, 5)
(6, 5)
(6, 4)
(6, 3)
(5, 3)
(4, 3)
(3, 3)
(2, 3)
(1, 3)
(1, 2)
(1, 1)
kaikki ok
Reitin pituus: 20
(9, 11)
(10, 11)
(11, 11)
(12, 11)
(12, 12)
(12, 13)
(13, 13)
(14, 13)
(14, 14)
(14, 15)
(14, 16)
(14, 17)
(15, 17)
(16, 17)
(17, 17)
(17, 18)
(17, 19)
(16, 19)
(15, 19)
(14, 19)
(13, 19)
kaikki ok
Reitin pituus: 18
(3, 17)
(4, 17)
(4, 16)
(4, 15)
(5, 15)
(6, 15)
(7, 15)
(8, 15)
(9, 15)
(10, 15)
(11, 15)
(12, 15)
(13, 15)
(14, 15)
(14, 16)
(14, 17)
(15, 17)
(16, 17)
(17, 17)
kaikki ok
Reitin pituus: 11
(7, 17)
(8, 17)
(8, 18)
(8, 19)
(7, 19)
(6, 19)
(5, 19)
(4, 19)
(3, 19)
(2, 19)
(1, 19)
(1, 18)
kaikki ok
Reitin pituus: 20
(9, 3)
(10, 3)
(11, 3)
(12, 3)
(12, 4)
(12, 5)
(11, 5)
(10, 5)
(10, 6)
(10, 7)
(11, 7)
(12, 7)
(12, 8)
(12, 9)
(12, 10)
(12, 11)
(12, 12)
(12, 13)
(11, 13)
(10, 13)
(10, 14)
kaikki ok
Reitin pituus: 15
(16, 17)
(15, 17)
(14, 17)
(14, 16)
(14, 15)
(14, 14)
(14, 13)
(14, 12)
(14, 11)
(14, 10)
(14, 9)
(14, 8)
(14, 7)
(14, 6)
(14, 5)
(15, 5)
kaikki ok
Reitin pituus: 4
(17, 3)
(17, 2)
(17, 1)
(16, 1)
(15, 1)
kaikki ok
Reitin pituus: 10
(6, 16)
(6, 17)
(7, 17)
(8, 17)
(8, 18)
(8, 19)
(9, 19)
(10, 19)
(10, 18)
(10, 17)
(11, 17)
kaikki ok
Reitin pituus: 17
(9, 15)
(8, 15)
(8, 14)
(8, 13)
(7, 13)
(6, 13)
(6, 12)
(6, 11)
(6, 10)
(6, 9)
(6, 8)
(6, 7)
(7, 7)
(8, 7)
(8, 6)
(8, 5)
(7, 5)
(6, 5)
kaikki ok
Reitin pituus: 21
(10, 3)
(11, 3)
(12, 3)
(13, 3)
(14, 3)
(14, 4)
(14, 5)
(14, 6)
(14, 7)
(14, 8)
(14, 9)
(14, 10)
(14, 11)
(14, 12)
(14, 13)
(15, 13)
(16, 13)
(17, 13)
(17, 14)
(17, 15)
(16, 15)
(16, 16)
kaikki ok
Reitin pituus: 3
(12, 11)
(12, 10)
(12, 9)
(13, 9)
kaikki ok
Reitin pituus: 10
(9, 15)
(10, 15)
(10, 14)
(10, 13)
(11, 13)
(12, 13)
(12, 12)
(12, 11)
(12, 10)
(12, 9)
(12, 8)
kaikki ok
Reitin pituus: 23
(10, 19)
(10, 18)
(10, 17)
(11, 17)
(12, 17)
(12, 16)
(12, 15)
(13, 15)
(14, 15)
(14, 14)
(14, 13)
(14, 12)
(14, 11)
(14, 10)
(14, 9)
(13, 9)
(12, 9)
(12, 8)
(12, 7)
(11, 7)
(10, 7)
(9, 7)
(9, 8)
(9, 9)
kaikki ok
Reitin pituus: 13
(4, 12)
(4, 11)
(4, 10)
(4, 9)
(5, 9)
(6, 9)
(6, 8)
(6, 7)
(7, 7)
(8, 7)
(9, 7)
(9, 8)
(9, 9)
(8, 9)
kaikki ok
Reitin pituus: 24
(13, 15)
(12, 15)
(11, 15)
(10, 15)
(9, 15)
(8, 15)
(7, 15)
(6, 15)
(5, 15)
(4, 15)
(4, 14)
(4, 13)
(4, 12)
(4, 11)
(4, 10)
(4, 9)
(4, 8)
(4, 7)
(4, 6)
(4, 5)
(4, 4)
(4, 3)
(4, 2)
(4, 1)
(5, 1)
kaikki ok
Reitin pituus: 17
(15, 13)
(14, 13)
(13, 13)
(12, 13)
(12, 12)
(12, 11)
(12, 10)
(12, 9)
(12, 8)
(12, 7)
(11, 7)
(10, 7)
(9, 7)
(8, 7)
(8, 6)
(8, 5)
(7, 5)
(6, 5)
kaikki ok
Reitin pituus: 10
(17, 15)
(16, 15)
(16, 16)
(16, 17)
(15, 17)
(14, 17)
(14, 16)
(14, 15)
(13, 15)
(12, 15)
(11, 15)
kaikki ok
Reitin pituus: 1
(12, 9)
(12, 8)
kaikki ok
Reitin pituus: 15
(6, 11)
(6, 10)
(6, 9)
(5, 9)
(4, 9)
(4, 8)
(4, 7)
(4, 6)
(4, 5)
(3, 5)
(2, 5)
(1, 5)
(1, 4)
(1, 3)
(1, 2)
(1, 1)
kaikki ok
Reitin pituus: 4
(11, 19)
(10, 19)
(10, 18)
(10, 17)
(11, 17)
kaikki ok
Reitin pituus: 25
(8, 9)
(9, 9)
(9, 8)
(9, 7)
(8, 7)
(7, 7)
(6, 7)
(6, 8)
(6, 9)
(6, 10)
(6, 11)
(6, 12)
(6, 13)
(7, 13)
(8, 13)
(8, 14)
(8, 15)
(7, 15)
(6, 15)
(6, 16)
(6, 17)
(7, 17)
(8, 17)
(8, 18)
(8, 19)
(7, 19)
kaikki ok
Reitin pituus: 4
(14, 6)
(14, 5)
(14, 4)
(14, 3)
(13, 3)
kaikki ok
Reitin pituus: 8
(16, 5)
(15, 5)
(14, 5)
(14, 6)
(14, 7)
(14, 8)
(14, 9)
(14, 10)
(14, 11)
kaikki ok
Reitin pituus: 23
(11, 5)
(10, 5)
(10, 6)
(10, 7)
(11, 7)
(12, 7)
(12, 8)
(12, 9)
(13, 9)
(14, 9)
(14, 10)
(14, 11)
(14, 12)
(14, 13)
(14, 14)
(14, 15)
(13, 15)
(12, 15)
(12, 16)
(12, 17)
(11, 17)
(10, 17)
(10, 18)
(10, 19)
kaikki ok
Reitin pituus: 10
(6, 8)
(6, 9)
(5, 9)
(4, 9)
(4, 10)
(4, 11)
(4, 12)
(4, 13)
(3, 13)
(2, 13)
(1, 13)
kaikki ok
Reitin pituus: 12
(1, 17)
(2, 17)
(3, 17)
(4, 17)
(4, 16)
(4, 15)
(4, 14)
(4, 13)
(5, 13)
(6, 13)
(6, 12)
(6, 11)
(7, 11)
kaikki ok
Reitin pituus: 11
(4, 2)
(4, 3)
(4, 4)
(4, 5)
(4, 6)
(4, 7)
(4, 8)
(4, 9)
(4, 10)
(4, 11)
(4, 12)
(4, 13)
kaikki ok
Reitin pituus: 3
(2, 3)
(3, 3)
(4, 3)
(4, 2)
kaikki ok
Reitin pituus: 9
(10, 14)
(10, 15)
(11, 15)
(12, 15)
(13, 15)
(14, 15)
(14, 16)
(14, 17)
(15, 17)
(16, 17)
kaikki ok
Reitin pituus: 12
(6, 13)
(6, 12)
(6, 11)
(6, 10)
(6, 9)
(6, 8)
(6, 7)
(7, 7)
(8, 7)
(9, 7)
(10, 7)
(10, 6)
(10, 5)
kaikki ok
Reitin pituus: 19
(8, 15)
(9, 15)
(10, 15)
(11, 15)
(12, 15)
(13, 15)
(14, 15)
(14, 14)
(14, 13)
(14, 12)
(14, 11)
(14, 10)
(14, 9)
(14, 8)
(14, 7)
(14, 6)
(14, 5)
(15, 5)
(16, 5)
(17, 5)
kaikki ok
Reitin pituus: 15
(4, 8)
(4, 9)
(4, 10)
(4, 11)
(4, 12)
(4, 13)
(4, 14)
(4, 15)
(5, 15)
(6, 15)
(7, 15)
(8, 15)
(9, 15)
(10, 15)
(11, 15)
(12, 15)
kaikki ok
Reitin pituus: 17
(8, 17)
(8, 18)
(8, 19)
(9, 19)
(10, 19)
(11, 19)
(12, 19)
(13, 19)
(14, 19)
(15, 19)
(16, 19)
(17, 19)
(17, 18)
(17, 17)
(16, 17)
(16, 16)
(16, 15)
(17, 15)
kaikki ok
Reitin pituus: 6
(4, 4)
(4, 3)
(5, 3)
(6, 3)
(7, 3)
(8, 3)
(8, 2)
kaikki ok
Reitin pituus: 16
(16, 5)
(15, 5)
(14, 5)
(14, 6)
(14, 7)
(14, 8)
(14, 9)
(14, 10)
(14, 11)
(14, 12)
(14, 13)
(14, 14)
(14, 15)
(13, 15)
(12, 15)
(12, 16)
(12, 17)
kaikki ok
Reitin pituus: 7
(12, 7)
(12, 8)
(12, 9)
(13, 9)
(14, 9)
(14, 10)
(14, 11)
(14, 12)
kaikki ok
Reitin pituus: 24
(8, 19)
(8, 18)
(8, 17)
(7, 17)
(6, 17)
(6, 16)
(6, 15)
(5, 15)
(4, 15)
(4, 14)
(4, 13)
(4, 12)
(4, 11)
(4, 10)
(4, 9)
(4, 8)
(4, 7)
(4, 6)
(4, 5)
(3, 5)
(2, 5)
(1, 5)
(1, 4)
(1, 3)
(1, 2)
kaikki ok
Reitin pituus: 15
(1, 17)
(2, 17)
(3, 17)
(4, 17)
(4, 16)
(4, 15)
(4, 14)
(4, 13)
(4, 12)
(4, 11)
(4, 10)
(4, 9)
(4, 8)
(4, 7)
(4, 6)
(4, 5)
kaikki ok
Reitin pituus: 13
(14, 12)
(14, 11)
(14, 10)
(14, 9)
(13, 9)
(12, 9)
(12, 8)
(12, 7)
(11, 7)
(10, 7)
(9, 7)
(9, 8)
(9, 9)
(10, 9)
kaikki ok
Reitin pituus: 16
(4, 14)
(4, 13)
(4, 12)
(4, 11)
(4, 10)
(4, 9)
(4, 8)
(4, 7)
(4, 6)
(4, 5)
(4, 4)
(4, 3)
(5, 3)
(6, 3)
(7, 3)
(8, 3)
(9, 3)
kaikki ok
Reitin pituus: 17
(14, 5)
(14, 4)
(14, 3)
(13, 3)
(12, 3)
(11, 3)
(10, 3)
(9, 3)
(8, 3)
(7, 3)
(6, 3)
(5, 3)
(4, 3)
(4, 4)
(4, 5)
(4, 6)
(4, 7)
(4, 8)
kaikki ok
Reitin pituus: 12
(12, 4)
(12, 5)
(11, 5)
(10, 5)
(10, 6)
(10, 7)
(9, 7)
(8, 7)
(7, 7)
(6, 7)
(6, 8)
(6, 9)
(5, 9)
kaikki ok
Reitin pituus: 8
(10, 5)
(11, 5)
(12, 5)
(12, 4)
(12, 3)
(13, 3)
(14, 3)
(15, 3)
(16, 3)
kaikki ok
Reitin pituus: 3
(7, 1)
(6, 1)
(5, 1)
(4, 1)
kaikki ok
Reitin pituus: 17
(11, 11)
(10, 11)
(9, 11)
(8, 11)
(7, 11)
(6, 11)
(6, 12)
(6, 13)
(5, 13)
(4, 13)
(4, 14)
(4, 15)
(4, 16)
(4, 17)
(3, 17)
(2, 17)
(1, 17)
(1, 18)
kaikki ok
Reitin pituus: 9
(14, 6)
(14, 7)
(14, 8)
(14, 9)
(14, 10)
(14, 11)
(14, 12)
(14, 13)
(13, 13)
(12, 13)
kaikki ok
Reitin pituus: 10
(6, 13)
(6, 12)
(6, 11)
(6, 10)
(6, 9)
(6, 8)
(6, 7)
(7, 7)
(8, 7)
(8, 6)
(8, 5)
kaikki ok
Reitin pituus: 15
(12, 1)
(13, 1)
(14, 1)
(14, 2)
(14, 3)
(14, 4)
(14, 5)
(14, 6)
(14, 7)
(14, 8)
(14, 9)
(14, 10)
(14, 11)
(14, 12)
(14, 13)
(15, 13)
kaikki ok
Reitin pituus: 18
(17, 2)
(17, 3)
(16, 3)
(15, 3)
(14, 3)
(13, 3)
(12, 3)
(11, 3)
(10, 3)
(9, 3)
(8, 3)
(8, 2)
(8, 1)
(7, 1)
(6, 1)
(5, 1)
(4, 1)
(3, 1)
(2, 1)
kaikki ok
Reitin pituus: 2
(11, 17)
(12, 17)
(12, 16)
kaikki ok
Reitin pituus: 16
(3, 19)
(4, 19)
(5, 19)
(6, 19)
(7, 19)
(8, 19)
(9, 19)
(10, 19)
(10, 18)
(10, 17)
(11, 17)
(12, 17)
(12, 16)
(12, 15)
(13, 15)
(14, 15)
(14, 14)
kaikki ok
Reitin pituus: 13
(10, 9)
(9, 9)
(9, 8)
(9, 7)
(8, 7)
(7, 7)
(6, 7)
(6, 8)
(6, 9)
(5, 9)
(4, 9)
(4, 10)
(4, 11)
(4, 12)
kaikki ok
Reitin pituus: 23
(6, 1)
(5, 1)
(4, 1)
(4, 2)
(4, 3)
(4, 4)
(4, 5)
(4, 6)
(4, 7)
(4, 8)
(4, 9)
(4, 10)
(4, 11)
(4, 12)
(4, 13)
(4, 14)
(4, 15)
(5, 15)
(6, 15)
(6, 16)
(6, 17)
(7, 17)
(8, 17)
(8, 18)
kaikki ok
Reitin pituus: 10
(7, 1)
(8, 1)
(8, 2)
(8, 3)
(7, 3)
(6, 3)
(6, 4)
(6, 5)
(7, 5)
(8, 5)
(8, 6)
kaikki ok
Reitin pituus: 20
(10, 19)
(9, 19)
(8, 19)
(8, 18)
(8, 17)
(7, 17)
(6, 17)
(6, 16)
(6, 15)
(5, 15)
(4, 15)
(4, 14)
(4, 13)
(4, 12)
(4, 11)
(4, 10)
(4, 9)
(4, 8)
(4, 7)
(4, 6)
(4, 5)
kaikki ok
Reitin pituus: 21
(8, 5)
(8, 6)
(8, 7)
(7, 7)
(6, 7)
(6, 8)
(6, 9)
(6, 10)
(6, 11)
(6, 12)
(6, 13)
(5, 13)
(4, 13)
(4, 14)
(4, 15)
(5, 15)
(6, 15)
(6, 16)
(6, 17)
(7, 17)
(8, 17)
(8, 18)
kaikki ok
Reitin pituus: 9
(12, 16)
(12, 17)
(11, 17)
(10, 17)
(10, 18)
(10, 19)
(9, 19)
(8, 19)
(8, 18)
(8, 17)
kaikki ok
Reitin pituus: 15
(17, 2)
(17, 3)
(16, 3)
(15, 3)
(14, 3)
(13, 3)
(12, 3)
(11, 3)
(10, 3)
(9, 3)
(8, 3)
(7, 3)
(6, 3)
(6, 4)
(6, 5)
(7, 5)
kaikki ok
Reitin pituus: 10
(5, 15)
(6, 15)
(6, 16)
(6, 17)
(7, 17)
(8, 17)
(8, 18)
(8, 19)
(7, 19)
(6, 19)
(5, 19)
kaikki ok
Reitin pituus: 15
(10, 9)
(9, 9)
(9, 8)
(9, 7)
(8, 7)
(8, 6)
(8, 5)
(7, 5)
(6, 5)
(6, 4)
(6, 3)
(5, 3)
(4, 3)
(3, 3)
(2, 3)
(1, 3)
kaikki ok
Reitin pituus: 7
(3, 5)
(4, 5)
(4, 4)
(4, 3)
(4, 2)
(4, 1)
(3, 1)
(2, 1)
kaikki ok
Reitin pituus: 18
(6, 8)
(6, 9)
(6, 10)
(6, 11)
(6, 12)
(6, 13)
(7, 13)
(8, 13)
(8, 14)
(8, 15)
(9, 15)
(10, 15)
(11, 15)
(12, 15)
(12, 16)
(12, 17)
(11, 17)
(10, 17)
(10, 18)
kaikki ok
Reitin pituus: 8
(10, 6)
(10, 7)
(9, 7)
(8, 7)
(8, 6)
(8, 5)
(7, 5)
(6, 5)
(6, 4)
kaikki ok
Reitin pituus: 18
(1, 14)
(1, 13)
(2, 13)
(3, 13)
(4, 13)
(5, 13)
(6, 13)
(7, 13)
(8, 13)
(8, 14)
(8, 15)
(9, 15)
(10, 15)
(11, 15)
(12, 15)
(13, 15)
(14, 15)
(14, 16)
(14, 17)
kaikki ok
Reitin pituus: 22
(12, 13)
(12, 12)
(12, 11)
(11, 11)
(10, 11)
(9, 11)
(8, 11)
(7, 11)
(6, 11)
(6, 10)
(6, 9)
(5, 9)
(4, 9)
(4, 8)
(4, 7)
(4, 6)
(4, 5)
(4, 4)
(4, 3)
(4, 2)
(4, 1)
(3, 1)
(2, 1)
kaikki ok
Reitin pituus: 13
(6, 9)
(5, 9)
(4, 9)
(4, 10)
(4, 11)
(4, 12)
(4, 13)
(4, 14)
(4, 15)
(4, 16)
(4, 17)
(3, 17)
(2, 17)
(2, 16)
kaikki ok
Reitin pituus: 11
(4, 4)
(4, 3)
(5, 3)
(6, 3)
(7, 3)
(8, 3)
(9, 3)
(10, 3)
(11, 3)
(12, 3)
(12, 4)
(12, 5)
kaikki ok
Reitin pituus: 9
(8, 13)
(7, 13)
(6, 13)
(5, 13)
(4, 13)
(3, 13)
(2, 13)
(1, 13)
(1, 14)
(1, 15)
kaikki ok
Reitin pituus: 19
(1, 18)
(1, 17)
(2, 17)
(3, 17)
(4, 17)
(4, 16)
(4, 15)
(4, 14)
(4, 13)
(4, 12)
(4, 11)
(4, 10)
(4, 9)
(4, 8)
(4, 7)
(4, 6)
(4, 5)
(4, 4)
(4, 3)
(5, 3)
kaikki ok
Reitin pituus: 24
(4, 17)
(4, 16)
(4, 15)
(5, 15)
(6, 15)
(7, 15)
(8, 15)
(9, 15)
(10, 15)
(10, 14)
(10, 13)
(11, 13)
(12, 13)
(12, 12)
(12, 11)
(12, 10)
(12, 9)
(13, 9)
(14, 9)
(14, 8)
(14, 7)
(14, 6)
(14, 5)
(14, 4)
(14, 3)
kaikki ok
Reitin pituus: 4
(2, 13)
(1, 13)
(1, 14)
(1, 15)
(2, 15)
kaikki ok
Reitin pituus: 12
(17, 5)
(16, 5)
(15, 5)
(14, 5)
(14, 6)
(14, 7)
(14, 8)
(14, 9)
(13, 9)
(12, 9)
(12, 10)
(12, 11)
(12, 12)
kaikki ok
Reitin pituus: 10
(4, 10)
(4, 9)
(5, 9)
(6, 9)
(6, 8)
(6, 7)
(7, 7)
(8, 7)
(8, 6)
(8, 5)
(7, 5)
kaikki ok
Reitin pituus: 8
(13, 1)
(12, 1)
(11, 1)
(10, 1)
(10, 2)
(10, 3)
(9, 3)
(8, 3)
(7, 3)
kaikki ok
Reitin pituus: 7
(6, 1)
(5, 1)
(4, 1)
(4, 2)
(4, 3)
(3, 3)
(2, 3)
(1, 3)
kaikki ok
Reitin pituus: 8
(7, 1)
(6, 1)
(5, 1)
(4, 1)
(4, 2)
(4, 3)
(3, 3)
(2, 3)
(1, 3)
kaikki ok
Reitin pituus: 16
(7, 5)
(8, 5)
(8, 6)
(8, 7)
(7, 7)
(6, 7)
(6, 8)
(6, 9)
(6, 10)
(6, 11)
(6, 12)
(6, 13)
(7, 13)
(8, 13)
(8, 14)
(8, 15)
(7, 15)
kaikki ok
Reitin pituus: 24
(7, 19)
(8, 19)
(9, 19)
(10, 19)
(10, 18)
(10, 17)
(11, 17)
(12, 17)
(12, 16)
(12, 15)
(13, 15)
(14, 15)
(14, 14)
(14, 13)
(14, 12)
(14, 11)
(14, 10)
(14, 9)
(14, 8)
(14, 7)
(14, 6)
(14, 5)
(15, 5)
(16, 5)
(17, 5)
kaikki ok
Reitin pituus: 8
(12, 13)
(13, 13)
(14, 13)
(14, 12)
(14, 11)
(14, 10)
(14, 9)
(14, 8)
(14, 7)
kaikki ok
Reitin pituus: 15
(14, 7)
(14, 6)
(14, 5)
(14, 4)
(14, 3)
(13, 3)
(12, 3)
(11, 3)
(10, 3)
(9, 3)
(8, 3)
(7, 3)
(6, 3)
(5, 3)
(4, 3)
(4, 2)
kaikki ok
Reitin pituus: 15
(17, 13)
(16, 13)
(15, 13)
(14, 13)
(14, 12)
(14, 11)
(14, 10)
(14, 9)
(14, 8)
(14, 7)
(14, 6)
(14, 5)
(15, 5)
(16, 5)
(17, 5)
(17, 4)
kaikki ok
Reitin pituus: 20
(3, 5)
(4, 5)
(4, 6)
(4, 7)
(4, 8)
(4, 9)
(5, 9)
(6, 9)
(6, 10)
(6, 11)
(7, 11)
(8, 11)
(9, 11)
(10, 11)
(11, 11)
(12, 11)
(12, 12)
(12, 13)
(13, 13)
(14, 13)
(14, 14)
kaikki ok
Reitin pituus: 18
(4, 17)
(4, 16)
(4, 15)
(4, 14)
(4, 13)
(4, 12)
(4, 11)
(4, 10)
(4, 9)
(4, 8)
(4, 7)
(4, 6)
(4, 5)
(4, 4)
(4, 3)
(3, 3)
(2, 3)
(1, 3)
(1, 2)
kaikki ok
Reitin pituus: 10
(16, 16)
(16, 17)
(15, 17)
(14, 17)
(14, 16)
(14, 15)
(14, 14)
(14, 13)
(14, 12)
(14, 11)
(14, 10)
kaikki ok
Reitin pituus: 9
(14, 10)
(14, 11)
(14, 12)
(14, 13)
(15, 13)
(16, 13)
(17, 13)
(17, 14)
(17, 15)
(16, 15)
kaikki ok
Reitin pituus: 17
(10, 1)
(11, 1)
(12, 1)
(13, 1)
(14, 1)
(14, 2)
(14, 3)
(14, 4)
(14, 5)
(14, 6)
(14, 7)
(14, 8)
(14, 9)
(14, 10)
(14, 11)
(14, 12)
(14, 13)
(14, 14)
kaikki ok
Reitin pituus: 7
(4, 11)
(4, 10)
(4, 9)
(5, 9)
(6, 9)
(6, 10)
(6, 11)
(7, 11)
kaikki ok
Reitin pituus: 4
(4, 9)
(5, 9)
(6, 9)
(6, 10)
(6, 11)
kaikki ok
Reitin pituus: 17
(1, 2)
(1, 3)
(2, 3)
(3, 3)
(4, 3)
(5, 3)
(6, 3)
(7, 3)
(8, 3)
(9, 3)
(10, 3)
(11, 3)
(12, 3)
(13, 3)
(14, 3)
(14, 4)
(14, 5)
(15, 5)
kaikki ok
Reitin pituus: 5
(12, 12)
(12, 13)
(11, 13)
(10, 13)
(10, 14)
(10, 15)
kaikki ok
Reitin pituus: 13
(2, 15)
(1, 15)
(1, 14)
(1, 13)
(2, 13)
(3, 13)
(4, 13)
(4, 12)
(4, 11)
(4, 10)
(4, 9)
(4, 8)
(4, 7)
(4, 6)
kaikki ok
Reitin pituus: 15
(14, 13)
(14, 12)
(14, 11)
(14, 10)
(14, 9)
(14, 8)
(14, 7)
(14, 6)
(14, 5)
(14, 4)
(14, 3)
(13, 3)
(12, 3)
(11, 3)
(10, 3)
(9, 3)
kaikki ok
Reitin pituus: 21
(10, 17)
(11, 17)
(12, 17)
(12, 16)
(12, 15)
(13, 15)
(14, 15)
(14, 14)
(14, 13)
(14, 12)
(14, 11)
(14, 10)
(14, 9)
(14, 8)
(14, 7)
(14, 6)
(14, 5)
(14, 4)
(14, 3)
(13, 3)
(12, 3)
(11, 3)
kaikki ok
Reitin pituus: 24
(5, 19)
(6, 19)
(7, 19)
(8, 19)
(8, 18)
(8, 17)
(7, 17)
(6, 17)
(6, 16)
(6, 15)
(5, 15)
(4, 15)
(4, 14)
(4, 13)
(4, 12)
(4, 11)
(4, 10)
(4, 9)
(4, 8)
(4, 7)
(4, 6)
(4, 5)
(4, 4)
(4, 3)
(4, 2)
kaikki ok
Reitin pituus: 11
(3, 17)
(4, 17)
(4, 16)
(4, 15)
(5, 15)
(6, 15)
(7, 15)
(8, 15)
(9, 15)
(10, 15)
(10, 14)
(10, 13)
kaikki ok
Reitin pituus: 1
(12, 3)
(13, 3)
kaikki ok
Reitin pituus: 7
(4, 9)
(4, 8)
(4, 7)
(4, 6)
(4, 5)
(3, 5)
(2, 5)
(1, 5)
kaikki ok
Reitin pituus: 19
(11, 5)
(10, 5)
(10, 6)
(10, 7)
(9, 7)
(8, 7)
(7, 7)
(6, 7)
(6, 8)
(6, 9)
(5, 9)
(4, 9)
(4, 10)
(4, 11)
(4, 12)
(4, 13)
(4, 14)
(4, 15)
(4, 16)
(4, 17)
kaikki ok
Reitin pituus: 16
(4, 5)
(4, 4)
(4, 3)
(5, 3)
(6, 3)
(7, 3)
(8, 3)
(9, 3)
(10, 3)
(11, 3)
(12, 3)
(13, 3)
(14, 3)
(14, 4)
(14, 5)
(14, 6)
(14, 7)
kaikki ok
Reitin pituus: 4
(5, 1)
(4, 1)
(4, 2)
(4, 3)
(4, 4)
kaikki ok
Reitin pituus: 10
(8, 6)
(8, 5)
(7, 5)
(6, 5)
(6, 4)
(6, 3)
(5, 3)
(4, 3)
(3, 3)
(2, 3)
(1, 3)
kaikki ok
Reitin pituus: 20
(8, 2)
(8, 3)
(9, 3)
(10, 3)
(11, 3)
(12, 3)
(13, 3)
(14, 3)
(14, 4)
(14, 5)
(14, 6)
(14, 7)
(14, 8)
(14, 9)
(14, 10)
(14, 11)
(14, 12)
(14, 13)
(14, 14)
(14, 15)
(13, 15)
kaikki ok
Reitin pituus: 7
(4, 4)
(4, 3)
(5, 3)
(6, 3)
(7, 3)
(8, 3)
(8, 2)
(8, 1)
kaikki ok
Reitin pituus: 14
(2, 3)
(3, 3)
(4, 3)
(5, 3)
(6, 3)
(6, 4)
(6, 5)
(7, 5)
(8, 5)
(8, 6)
(8, 7)
(9, 7)
(10, 7)
(10, 6)
(10, 5)
kaikki ok
Reitin pituus: 9
(17, 14)
(17, 13)
(16, 13)
(15, 13)
(14, 13)
(14, 12)
(14, 11)
(14, 10)
(14, 9)
(13, 9)
kaikki ok
Reitin pituus: 13
(3, 3)
(4, 3)
(5, 3)
(6, 3)
(7, 3)
(8, 3)
(9, 3)
(10, 3)
(11, 3)
(12, 3)
(13, 3)
(14, 3)
(14, 4)
(14, 5)
kaikki ok
Reitin pituus: 16
(10, 5)
(10, 6)
(10, 7)
(11, 7)
(12, 7)
(12, 8)
(12, 9)
(12, 10)
(12, 11)
(12, 12)
(12, 13)
(11, 13)
(10, 13)
(10, 14)
(10, 15)
(11, 15)
(12, 15)
kaikki ok
Reitin pituus: 13
(14, 16)
(14, 15)
(13, 15)
(12, 15)
(11, 15)
(10, 15)
(9, 15)
(8, 15)
(7, 15)
(6, 15)
(5, 15)
(4, 15)
(4, 14)
(4, 13)
kaikki ok
Reitin pituus: 1
(1, 2)
(1, 3)
kaikki ok
Reitin pituus: 7
(1, 13)
(2, 13)
(3, 13)
(4, 13)
(5, 13)
(6, 13)
(6, 12)
(6, 11)
kaikki ok
Reitin pituus: 12
(4, 6)
(4, 7)
(4, 8)
(4, 9)
(5, 9)
(6, 9)
(6, 10)
(6, 11)
(7, 11)
(8, 11)
(9, 11)
(10, 11)
(11, 11)
kaikki ok
Reitin pituus: 27
(6, 19)
(7, 19)
(8, 19)
(8, 18)
(8, 17)
(7, 17)
(6, 17)
(6, 16)
(6, 15)
(5, 15)
(4, 15)
(4, 14)
(4, 13)
(4, 12)
(4, 11)
(4, 10)
(4, 9)
(4, 8)
(4, 7)
(4, 6)
(4, 5)
(4, 4)
(4, 3)
(4, 2)
(4, 1)
(3, 1)
(2, 1)
(1, 1)
kaikki ok
Reitin pituus: 7
(16, 3)
(15, 3)
(14, 3)
(13, 3)
(12, 3)
(11, 3)
(10, 3)
(10, 2)
kaikki ok
Reitin pituus: 10
(4, 4)
(4, 5)
(4, 6)
(4, 7)
(4, 8)
(4, 9)
(5, 9)
(6, 9)
(6, 10)
(6, 11)
(6, 12)
kaikki ok
Reitin pituus: 24
(10, 18)
(10, 19)
(9, 19)
(8, 19)
(8, 18)
(8, 17)
(7, 17)
(6, 17)
(6, 16)
(6, 15)
(5, 15)
(4, 15)
(4, 14)
(4, 13)
(4, 12)
(4, 11)
(4, 10)
(4, 9)
(4, 8)
(4, 7)
(4, 6)
(4, 5)
(4, 4)
(4, 3)
(3, 3)
kaikki ok
Reitin pituus: 15
(1, 17)
(2, 17)
(3, 17)
(4, 17)
(4, 16)
(4, 15)
(5, 15)
(6, 15)
(7, 15)
(8, 15)
(9, 15)
(10, 15)
(10, 14)
(10, 13)
(11, 13)
(12, 13)
kaikki ok
Reitin pituus: 18
(3, 17)
(4, 17)
(4, 16)
(4, 15)
(4, 14)
(4, 13)
(4, 12)
(4, 11)
(4, 10)
(4, 9)
(4, 8)
(4, 7)
(4, 6)
(4, 5)
(4, 4)
(4, 3)
(5, 3)
(6, 3)
(6, 4)
kaikki ok
Reitin pituus: 10
(12, 3)
(11, 3)
(10, 3)
(9, 3)
(8, 3)
(8, 2)
(8, 1)
(7, 1)
(6, 1)
(5, 1)
(4, 1)
kaikki ok
Reitin pituus: 16
(11, 15)
(10, 15)
(9, 15)
(8, 15)
(8, 14)
(8, 13)
(7, 13)
(6, 13)
(6, 12)
(6, 11)
(6, 10)
(6, 9)
(5, 9)
(4, 9)
(4, 8)
(4, 7)
(4, 6)
kaikki ok
Reitin pituus: 17
(14, 8)
(14, 9)
(14, 10)
(14, 11)
(14, 12)
(14, 13)
(14, 14)
(14, 15)
(13, 15)
(12, 15)
(12, 16)
(12, 17)
(11, 17)
(10, 17)
(10, 18)
(10, 19)
(11, 19)
(12, 19)
kaikki ok
Reitin pituus: 9
(12, 3)
(11, 3)
(10, 3)
(9, 3)
(8, 3)
(7, 3)
(6, 3)
(6, 4)
(6, 5)
(7, 5)
kaikki ok
Reitin pituus: 12
(8, 7)
(8, 6)
(8, 5)
(7, 5)
(6, 5)
(6, 4)
(6, 3)
(5, 3)
(4, 3)
(3, 3)
(2, 3)
(1, 3)
(1, 4)
kaikki ok
Reitin pituus: 26
(1, 14)
(1, 13)
(2, 13)
(3, 13)
(4, 13)
(4, 12)
(4, 11)
(4, 10)
(4, 9)
(4, 8)
(4, 7)
(4, 6)
(4, 5)
(4, 4)
(4, 3)
(5, 3)
(6, 3)
(7, 3)
(8, 3)
(9, 3)
(10, 3)
(11, 3)
(12, 3)
(13, 3)
(14, 3)
(15, 3)
(16, 3)
kaikki ok
Reitin pituus: 18
(7, 1)
(8, 1)
(8, 2)
(8, 3)
(9, 3)
(10, 3)
(11, 3)
(12, 3)
(12, 4)
(12, 5)
(11, 5)
(10, 5)
(10, 6)
(10, 7)
(11, 7)
(12, 7)
(12, 8)
(12, 9)
(12, 10)
kaikki ok
Reitin pituus: 22
(17, 19)
(17, 18)
(17, 17)
(16, 17)
(15, 17)
(14, 17)
(14, 16)
(14, 15)
(14, 14)
(14, 13)
(14, 12)
(14, 11)
(14, 10)
(14, 9)
(14, 8)
(14, 7)
(14, 6)
(14, 5)
(14, 4)
(14, 3)
(13, 3)
(12, 3)
(12, 4)
kaikki ok
Reitin pituus: 9
(6, 17)
(6, 16)
(6, 15)
(7, 15)
(8, 15)
(9, 15)
(10, 15)
(10, 14)
(10, 13)
(11, 13)
kaikki ok
Reitin pituus: 3
(4, 7)
(4, 8)
(4, 9)
(5, 9)
kaikki ok
Reitin pituus: 13
(6, 5)
(6, 4)
(6, 3)
(7, 3)
(8, 3)
(9, 3)
(10, 3)
(11, 3)
(12, 3)
(13, 3)
(14, 3)
(14, 4)
(14, 5)
(15, 5)
kaikki ok
Reitin pituus: 17
(14, 19)
(15, 19)
(16, 19)
(17, 19)
(17, 18)
(17, 17)
(16, 17)
(15, 17)
(14, 17)
(14, 16)
(14, 15)
(14, 14)
(14, 13)
(13, 13)
(12, 13)
(12, 12)
(12, 11)
(12, 10)
kaikki ok
Reitin pituus: 9
(10, 14)
(10, 13)
(11, 13)
(12, 13)
(13, 13)
(14, 13)
(15, 13)
(16, 13)
(17, 13)
(17, 14)
kaikki ok
Reitin pituus: 25
(8, 17)
(7, 17)
(6, 17)
(6, 16)
(6, 15)
(7, 15)
(8, 15)
(9, 15)
(10, 15)
(10, 14)
(10, 13)
(11, 13)
(12, 13)
(12, 12)
(12, 11)
(12, 10)
(12, 9)
(13, 9)
(14, 9)
(14, 8)
(14, 7)
(14, 6)
(14, 5)
(14, 4)
(14, 3)
(13, 3)
kaikki ok
Reitin pituus: 17
(16, 16)
(16, 17)
(15, 17)
(14, 17)
(14, 16)
(14, 15)
(13, 15)
(12, 15)
(11, 15)
(10, 15)
(9, 15)
(8, 15)
(7, 15)
(6, 15)
(5, 15)
(4, 15)
(4, 14)
(4, 13)
kaikki ok
Reitin pituus: 13
(14, 16)
(14, 15)
(13, 15)
(12, 15)
(12, 16)
(12, 17)
(11, 17)
(10, 17)
(10, 18)
(10, 19)
(9, 19)
(8, 19)
(8, 18)
(8, 17)
kaikki ok
Reitin pituus: 11
(6, 9)
(6, 10)
(6, 11)
(6, 12)
(6, 13)
(7, 13)
(8, 13)
(8, 14)
(8, 15)
(9, 15)
(10, 15)
(11, 15)
kaikki ok
Reitin pituus: 10
(16, 13)
(17, 13)
(17, 14)
(17, 15)
(16, 15)
(16, 16)
(16, 17)
(17, 17)
(17, 18)
(17, 19)
(16, 19)
kaikki ok
Reitin pituus: 10
(17, 18)
(17, 19)
(16, 19)
(15, 19)
(14, 19)
(13, 19)
(12, 19)
(11, 19)
(10, 19)
(9, 19)
(8, 19)
kaikki ok
Reitin pituus: 4
(11, 1)
(10, 1)
(10, 2)
(10, 3)
(11, 3)
kaikki ok
Reitin pituus: 17
(8, 11)
(9, 11)
(10, 11)
(11, 11)
(12, 11)
(12, 10)
(12, 9)
(13, 9)
(14, 9)
(14, 8)
(14, 7)
(14, 6)
(14, 5)
(14, 4)
(14, 3)
(13, 3)
(12, 3)
(11, 3)
kaikki ok
Reitin pituus: 13
(8, 19)
(9, 19)
(10, 19)
(10, 18)
(10, 17)
(11, 17)
(12, 17)
(12, 16)
(12, 15)
(13, 15)
(14, 15)
(14, 14)
(14, 13)
(13, 13)
kaikki ok
Reitin pituus: 12
(6, 7)
(7, 7)
(8, 7)
(9, 7)
(10, 7)
(11, 7)
(12, 7)
(12, 8)
(12, 9)
(12, 10)
(12, 11)
(12, 12)
(12, 13)
kaikki ok
Reitin pituus: 9
(9, 9)
(9, 8)
(9, 7)
(10, 7)
(11, 7)
(12, 7)
(12, 8)
(12, 9)
(13, 9)
(14, 9)
kaikki ok
Reitin pituus: 16
(14, 17)
(14, 16)
(14, 15)
(14, 14)
(14, 13)
(14, 12)
(14, 11)
(14, 10)
(14, 9)
(14, 8)
(14, 7)
(14, 6)
(14, 5)
(14, 4)
(14, 3)
(13, 3)
(12, 3)
kaikki ok
Reitin pituus: 11
(11, 3)
(10, 3)
(9, 3)
(8, 3)
(7, 3)
(6, 3)
(5, 3)
(4, 3)
(4, 4)
(4, 5)
(3, 5)
(2, 5)
kaikki ok
Reitin pituus: 18
(17, 13)
(16, 13)
(15, 13)
(14, 13)
(13, 13)
(12, 13)
(12, 12)
(12, 11)
(11, 11)
(10, 11)
(9, 11)
(8, 11)
(7, 11)
(6, 11)
(6, 10)
(6, 9)
(5, 9)
(4, 9)
(4, 8)
kaikki ok
Reitin pituus: 17
(10, 17)
(11, 17)
(12, 17)
(12, 16)
(12, 15)
(11, 15)
(10, 15)
(9, 15)
(8, 15)
(7, 15)
(6, 15)
(5, 15)
(4, 15)
(4, 14)
(4, 13)
(4, 12)
(4, 11)
(4, 10)
kaikki ok
Reitin pituus: 7
(10, 18)
(10, 19)
(11, 19)
(12, 19)
(13, 19)
(14, 19)
(15, 19)
(16, 19)
kaikki ok
Reitin pituus: 14
(14, 6)
(14, 7)
(14, 8)
(14, 9)
(13, 9)
(12, 9)
(12, 8)
(12, 7)
(11, 7)
(10, 7)
(9, 7)
(8, 7)
(7, 7)
(6, 7)
(6, 8)
kaikki ok
Reitin pituus: 12
(4, 2)
(4, 3)
(5, 3)
(6, 3)
(7, 3)
(8, 3)
(9, 3)
(10, 3)
(10, 2)
(10, 1)
(11, 1)
(12, 1)
(13, 1)
kaikki ok
Reitin pituus: 12
(8, 1)
(8, 2)
(8, 3)
(9, 3)
(10, 3)
(11, 3)
(12, 3)
(13, 3)
(14, 3)
(14, 4)
(14, 5)
(14, 6)
(14, 7)
kaikki ok
Reitin pituus: 15
(8, 13)
(7, 13)
(6, 13)
(6, 12)
(6, 11)
(6, 10)
(6, 9)
(6, 8)
(6, 7)
(7, 7)
(8, 7)
(9, 7)
(10, 7)
(10, 6)
(10, 5)
(11, 5)
kaikki ok
Reitin pituus: 26
(12, 17)
(12, 16)
(12, 15)
(11, 15)
(10, 15)
(9, 15)
(8, 15)
(8, 14)
(8, 13)
(7, 13)
(6, 13)
(5, 13)
(4, 13)
(4, 12)
(4, 11)
(4, 10)
(4, 9)
(4, 8)
(4, 7)
(4, 6)
(4, 5)
(4, 4)
(4, 3)
(3, 3)
(2, 3)
(1, 3)
(1, 2)
kaikki ok
Reitin pituus: 21
(17, 13)
(16, 13)
(15, 13)
(14, 13)
(14, 14)
(14, 15)
(13, 15)
(12, 15)
(11, 15)
(10, 15)
(9, 15)
(8, 15)
(7, 15)
(6, 15)
(5, 15)
(4, 15)
(4, 16)
(4, 17)
(3, 17)
(2, 17)
(1, 17)
(1, 18)
kaikki ok
Reitin pituus: 23
(15, 1)
(14, 1)
(14, 2)
(14, 3)
(13, 3)
(12, 3)
(12, 4)
(12, 5)
(11, 5)
(10, 5)
(10, 6)
(10, 7)
(9, 7)
(8, 7)
(7, 7)
(6, 7)
(6, 8)
(6, 9)
(6, 10)
(6, 11)
(6, 12)
(6, 13)
(7, 13)
(8, 13)
kaikki ok
Reitin pituus: 14
(6, 11)
(6, 12)
(6, 13)
(5, 13)
(4, 13)
(4, 14)
(4, 15)
(5, 15)
(6, 15)
(6, 16)
(6, 17)
(7, 17)
(8, 17)
(8, 18)
(8, 19)
kaikki ok
Reitin pituus: 20
(16, 16)
(16, 17)
(15, 17)
(14, 17)
(14, 16)
(14, 15)
(14, 14)
(14, 13)
(14, 12)
(14, 11)
(14, 10)
(14, 9)
(14, 8)
(14, 7)
(14, 6)
(14, 5)
(15, 5)
(16, 5)
(17, 5)
(17, 4)
(17, 3)
kaikki ok
Reitin pituus: 22
(13, 3)
(14, 3)
(14, 4)
(14, 5)
(14, 6)
(14, 7)
(14, 8)
(14, 9)
(14, 10)
(14, 11)
(14, 12)
(14, 13)
(14, 14)
(14, 15)
(14, 16)
(14, 17)
(15, 17)
(16, 17)
(17, 17)
(17, 18)
(17, 19)
(16, 19)
(15, 19)
kaikki ok
Reitin pituus: 15
(1, 1)
(1, 2)
(1, 3)
(2, 3)
(3, 3)
(4, 3)
(5, 3)
(6, 3)
(6, 4)
(6, 5)
(7, 5)
(8, 5)
(8, 6)
(8, 7)
(7, 7)
(6, 7)
kaikki ok
Reitin pituus: 8
(12, 3)
(12, 4)
(12, 5)
(11, 5)
(10, 5)
(10, 6)
(10, 7)
(9, 7)
(8, 7)
kaikki ok
Reitin pituus: 6
(4, 14)
(4, 15)
(5, 15)
(6, 15)
(7, 15)
(8, 15)
(9, 15)
kaikki ok
Reitin pituus: 6
(12, 7)
(11, 7)
(10, 7)
(9, 7)
(8, 7)
(8, 6)
(8, 5)
kaikki ok
Reitin pituus: 14
(7, 7)
(8, 7)
(9, 7)
(10, 7)
(11, 7)
(12, 7)
(12, 8)
(12, 9)
(12, 10)
(12, 11)
(12, 12)
(12, 13)
(13, 13)
(14, 13)
(14, 14)
kaikki ok
Reitin pituus: 12
(6, 4)
(6, 3)
(7, 3)
(8, 3)
(9, 3)
(10, 3)
(11, 3)
(12, 3)
(13, 3)
(14, 3)
(14, 4)
(14, 5)
(14, 6)
kaikki ok
Reitin pituus: 32
(2, 19)
(3, 19)
(4, 19)
(5, 19)
(6, 19)
(7, 19)
(8, 19)
(9, 19)
(10, 19)
(10, 18)
(10, 17)
(11, 17)
(12, 17)
(12, 16)
(12, 15)
(13, 15)
(14, 15)
(14, 14)
(14, 13)
(14, 12)
(14, 11)
(14, 10)
(14, 9)
(14, 8)
(14, 7)
(14, 6)
(14, 5)
(14, 4)
(14, 3)
(14, 2)
(14, 1)
(15, 1)
(16, 1)
kaikki ok
Reitin pituus: 12
(7, 15)
(8, 15)
(9, 15)
(10, 15)
(11, 15)
(12, 15)
(13, 15)
(14, 15)
(14, 16)
(14, 17)
(15, 17)
(16, 17)
(17, 17)
kaikki ok
Reitin pituus: 7
(6, 13)
(6, 12)
(6, 11)
(7, 11)
(8, 11)
(9, 11)
(10, 11)
(11, 11)
kaikki ok
Reitin pituus: 13
(7, 15)
(8, 15)
(9, 15)
(10, 15)
(11, 15)
(12, 15)
(13, 15)
(14, 15)
(14, 14)
(14, 13)
(14, 12)
(14, 11)
(14, 10)
(14, 9)
kaikki ok
Reitin pituus: 12
(8, 6)
(8, 5)
(7, 5)
(6, 5)
(6, 4)
(6, 3)
(5, 3)
(4, 3)
(3, 3)
(2, 3)
(1, 3)
(1, 2)
(1, 1)
kaikki ok
Reitin pituus: 4
(15, 3)
(14, 3)
(14, 2)
(14, 1)
(15, 1)
kaikki ok
Reitin pituus: 2
(9, 7)
(10, 7)
(10, 6)
kaikki ok
Reitin pituus: 20
(14, 16)
(14, 15)
(14, 14)
(14, 13)
(13, 13)
(12, 13)
(12, 12)
(12, 11)
(12, 10)
(12, 9)
(12, 8)
(12, 7)
(11, 7)
(10, 7)
(9, 7)
(8, 7)
(8, 6)
(8, 5)
(7, 5)
(6, 5)
(6, 4)
kaikki ok
Reitin pituus: 20
(14, 9)
(14, 10)
(14, 11)
(14, 12)
(14, 13)
(14, 14)
(14, 15)
(13, 15)
(12, 15)
(12, 16)
(12, 17)
(11, 17)
(10, 17)
(10, 18)
(10, 19)
(9, 19)
(8, 19)
(7, 19)
(6, 19)
(5, 19)
(4, 19)
kaikki ok
Reitin pituus: 22
(17, 13)
(16, 13)
(15, 13)
(14, 13)
(14, 12)
(14, 11)
(14, 10)
(14, 9)
(14, 8)
(14, 7)
(14, 6)
(14, 5)
(14, 4)
(14, 3)
(13, 3)
(12, 3)
(11, 3)
(10, 3)
(9, 3)
(8, 3)
(8, 2)
(8, 1)
(7, 1)
kaikki ok
Reitin pituus: 13
(12, 11)
(12, 10)
(12, 9)
(13, 9)
(14, 9)
(14, 8)
(14, 7)
(14, 6)
(14, 5)
(14, 4)
(14, 3)
(14, 2)
(14, 1)
(15, 1)
kaikki ok
Reitin pituus: 21
(4, 3)
(4, 4)
(4, 5)
(4, 6)
(4, 7)
(4, 8)
(4, 9)
(4, 10)
(4, 11)
(4, 12)
(4, 13)
(4, 14)
(4, 15)
(5, 15)
(6, 15)
(6, 16)
(6, 17)
(7, 17)
(8, 17)
(8, 18)
(8, 19)
(7, 19)
kaikki ok
Reitin pituus: 21
(17, 5)
(16, 5)
(15, 5)
(14, 5)
(14, 6)
(14, 7)
(14, 8)
(14, 9)
(13, 9)
(12, 9)
(12, 10)
(12, 11)
(11, 11)
(10, 11)
(9, 11)
(8, 11)
(7, 11)
(6, 11)
(6, 12)
(6, 13)
(5, 13)
(4, 13)
kaikki ok
Reitin pituus: 20
(1, 5)
(1, 4)
(1, 3)
(2, 3)
(3, 3)
(4, 3)
(5, 3)
(6, 3)
(7, 3)
(8, 3)
(9, 3)
(10, 3)
(11, 3)
(12, 3)
(13, 3)
(14, 3)
(14, 4)
(14, 5)
(15, 5)
(16, 5)
(17, 5)
kaikki ok
Reitin pituus: 22
(4, 14)
(4, 13)
(5, 13)
(6, 13)
(6, 12)
(6, 11)
(7, 11)
(8, 11)
(9, 11)
(10, 11)
(11, 11)
(12, 11)
(12, 10)
(12, 9)
(13, 9)
(14, 9)
(14, 8)
(14, 7)
(14, 6)
(14, 5)
(14, 4)
(14, 3)
(14, 2)
kaikki ok
Reitin pituus: 16
(1, 2)
(1, 3)
(1, 4)
(1, 5)
(2, 5)
(3, 5)
(4, 5)
(4, 6)
(4, 7)
(4, 8)
(4, 9)
(4, 10)
(4, 11)
(4, 12)
(4, 13)
(4, 14)
(4, 15)
kaikki ok
Reitin pituus: 14
(12, 19)
(11, 19)
(10, 19)
(10, 18)
(10, 17)
(11, 17)
(12, 17)
(12, 16)
(12, 15)
(13, 15)
(14, 15)
(14, 14)
(14, 13)
(15, 13)
(16, 13)
kaikki ok
Reitin pituus: 23
(13, 19)
(12, 19)
(11, 19)
(10, 19)
(9, 19)
(8, 19)
(8, 18)
(8, 17)
(7, 17)
(6, 17)
(6, 16)
(6, 15)
(5, 15)
(4, 15)
(4, 14)
(4, 13)
(5, 13)
(6, 13)
(6, 12)
(6, 11)
(6, 10)
(6, 9)
(6, 8)
(6, 7)
kaikki ok
Reitin pituus: 6
(5, 13)
(4, 13)
(4, 14)
(4, 15)
(5, 15)
(6, 15)
(6, 16)
kaikki ok
Reitin pituus: 14
(8, 14)
(8, 13)
(7, 13)
(6, 13)
(6, 12)
(6, 11)
(6, 10)
(6, 9)
(6, 8)
(6, 7)
(7, 7)
(8, 7)
(9, 7)
(10, 7)
(11, 7)
kaikki ok
Reitin pituus: 10
(12, 8)
(12, 7)
(11, 7)
(10, 7)
(9, 7)
(8, 7)
(7, 7)
(6, 7)
(6, 8)
(6, 9)
(5, 9)
kaikki ok
Reitin pituus: 19
(12, 1)
(13, 1)
(14, 1)
(14, 2)
(14, 3)
(14, 4)
(14, 5)
(14, 6)
(14, 7)
(14, 8)
(14, 9)
(14, 10)
(14, 11)
(14, 12)
(14, 13)
(13, 13)
(12, 13)
(11, 13)
(10, 13)
(10, 14)
kaikki ok
Reitin pituus: 18
(15, 19)
(16, 19)
(17, 19)
(17, 18)
(17, 17)
(16, 17)
(15, 17)
(14, 17)
(14, 16)
(14, 15)
(14, 14)
(14, 13)
(14, 12)
(14, 11)
(14, 10)
(14, 9)
(13, 9)
(12, 9)
(12, 8)
kaikki ok
Reitin pituus: 10
(11, 7)
(12, 7)
(12, 8)
(12, 9)
(13, 9)
(14, 9)
(14, 8)
(14, 7)
(14, 6)
(14, 5)
(15, 5)
kaikki ok
Reitin pituus: 9
(17, 18)
(17, 19)
(16, 19)
(15, 19)
(14, 19)
(13, 19)
(12, 19)
(11, 19)
(10, 19)
(9, 19)
kaikki ok
Reitin pituus: 16
(12, 9)
(12, 10)
(12, 11)
(11, 11)
(10, 11)
(9, 11)
(8, 11)
(7, 11)
(6, 11)
(6, 12)
(6, 13)
(5, 13)
(4, 13)
(3, 13)
(2, 13)
(1, 13)
(1, 14)
kaikki ok
Reitin pituus: 14
(14, 2)
(14, 3)
(13, 3)
(12, 3)
(12, 4)
(12, 5)
(11, 5)
(10, 5)
(10, 6)
(10, 7)
(9, 7)
(8, 7)
(7, 7)
(6, 7)
(6, 8)
kaikki ok
Reitin pituus: 31
(8, 1)
(8, 2)
(8, 3)
(9, 3)
(10, 3)
(11, 3)
(12, 3)
(13, 3)
(14, 3)
(14, 4)
(14, 5)
(14, 6)
(14, 7)
(14, 8)
(14, 9)
(14, 10)
(14, 11)
(14, 12)
(14, 13)
(14, 14)
(14, 15)
(13, 15)
(12, 15)
(12, 16)
(12, 17)
(11, 17)
(10, 17)
(10, 18)
(10, 19)
(11, 19)
(12, 19)
(13, 19)
kaikki ok
Reitin pituus: 15
(17, 18)
(17, 17)
(16, 17)
(15, 17)
(14, 17)
(14, 16)
(14, 15)
(14, 14)
(14, 13)
(14, 12)
(14, 11)
(14, 10)
(14, 9)
(14, 8)
(14, 7)
(14, 6)
kaikki ok
Reitin pituus: 12
(14, 12)
(14, 11)
(14, 10)
(14, 9)
(14, 8)
(14, 7)
(14, 6)
(14, 5)
(14, 4)
(14, 3)
(13, 3)
(12, 3)
(12, 4)
kaikki ok
Reitin pituus: 16
(2, 3)
(3, 3)
(4, 3)
(5, 3)
(6, 3)
(7, 3)
(8, 3)
(9, 3)
(10, 3)
(11, 3)
(12, 3)
(13, 3)
(14, 3)
(15, 3)
(16, 3)
(17, 3)
(17, 4)
kaikki ok
Reitin pituus: 26
(8, 17)
(7, 17)
(6, 17)
(6, 16)
(6, 15)
(7, 15)
(8, 15)
(9, 15)
(10, 15)
(10, 14)
(10, 13)
(11, 13)
(12, 13)
(12, 12)
(12, 11)
(12, 10)
(12, 9)
(13, 9)
(14, 9)
(14, 8)
(14, 7)
(14, 6)
(14, 5)
(14, 4)
(14, 3)
(14, 2)
(14, 1)
kaikki ok
Reitin pituus: 7
(4, 7)
(4, 8)
(4, 9)
(5, 9)
(6, 9)
(6, 10)
(6, 11)
(7, 11)
kaikki ok
Reitin pituus: 17
(12, 9)
(12, 10)
(12, 11)
(12, 12)
(12, 13)
(11, 13)
(10, 13)
(10, 14)
(10, 15)
(9, 15)
(8, 15)
(7, 15)
(6, 15)
(5, 15)
(4, 15)
(4, 16)
(4, 17)
(3, 17)
kaikki ok
Reitin pituus: 10
(4, 8)
(4, 7)
(4, 6)
(4, 5)
(4, 4)
(4, 3)
(4, 2)
(4, 1)
(3, 1)
(2, 1)
(1, 1)
kaikki ok
Reitin pituus: 22
(8, 19)
(8, 18)
(8, 17)
(7, 17)
(6, 17)
(6, 16)
(6, 15)
(5, 15)
(4, 15)
(4, 14)
(4, 13)
(4, 12)
(4, 11)
(4, 10)
(4, 9)
(4, 8)
(4, 7)
(4, 6)
(4, 5)
(4, 4)
(4, 3)
(4, 2)
(4, 1)
kaikki ok
Reitin pituus: 13
(6, 11)
(6, 12)
(6, 13)
(5, 13)
(4, 13)
(4, 14)
(4, 15)
(5, 15)
(6, 15)
(6, 16)
(6, 17)
(7, 17)
(8, 17)
(8, 18)
kaikki ok
Reitin pituus: 1
(4, 14)
(4, 13)
kaikki ok
Reitin pituus: 7
(10, 17)
(11, 17)
(12, 17)
(12, 16)
(12, 15)
(11, 15)
(10, 15)
(9, 15)
kaikki ok
Reitin pituus: 12
(12, 5)
(11, 5)
(10, 5)
(10, 6)
(10, 7)
(11, 7)
(12, 7)
(12, 8)
(12, 9)
(12, 10)
(12, 11)
(12, 12)
(12, 13)
kaikki ok
Reitin pituus: 13
(14, 1)
(13, 1)
(12, 1)
(11, 1)
(10, 1)
(10, 2)
(10, 3)
(9, 3)
(8, 3)
(8, 2)
(8, 1)
(7, 1)
(6, 1)
(5, 1)
kaikki ok
Reitin pituus: 15
(15, 5)
(14, 5)
(14, 6)
(14, 7)
(14, 8)
(14, 9)
(14, 10)
(14, 11)
(14, 12)
(14, 13)
(14, 14)
(14, 15)
(13, 15)
(12, 15)
(12, 16)
(12, 17)
kaikki ok
Reitin pituus: 20
(17, 18)
(17, 17)
(16, 17)
(15, 17)
(14, 17)
(14, 16)
(14, 15)
(14, 14)
(14, 13)
(13, 13)
(12, 13)
(12, 12)
(12, 11)
(12, 10)
(12, 9)
(12, 8)
(12, 7)
(11, 7)
(10, 7)
(10, 6)
(10, 5)
kaikki ok
Reitin pituus: 21
(17, 17)
(16, 17)
(15, 17)
(14, 17)
(14, 16)
(14, 15)
(14, 14)
(14, 13)
(14, 12)
(14, 11)
(14, 10)
(14, 9)
(14, 8)
(14, 7)
(14, 6)
(14, 5)
(14, 4)
(14, 3)
(13, 3)
(12, 3)
(12, 4)
(12, 5)
kaikki ok
Reitin pituus: 30
(3, 19)
(4, 19)
(5, 19)
(6, 19)
(7, 19)
(8, 19)
(9, 19)
(10, 19)
(10, 18)
(10, 17)
(11, 17)
(12, 17)
(12, 16)
(12, 15)
(13, 15)
(14, 15)
(14, 14)
(14, 13)
(14, 12)
(14, 11)
(14, 10)
(14, 9)
(14, 8)
(14, 7)
(14, 6)
(14, 5)
(14, 4)
(14, 3)
(14, 2)
(14, 1)
(13, 1)
kaikki ok
Reitin pituus: 18
(11, 19)
(10, 19)
(10, 18)
(10, 17)
(11, 17)
(12, 17)
(12, 16)
(12, 15)
(13, 15)
(14, 15)
(14, 14)
(14, 13)
(13, 13)
(12, 13)
(12, 12)
(12, 11)
(12, 10)
(12, 9)
(12, 8)
kaikki ok
Reitin pituus: 22
(10, 2)
(10, 3)
(11, 3)
(12, 3)
(13, 3)
(14, 3)
(14, 4)
(14, 5)
(14, 6)
(14, 7)
(14, 8)
(14, 9)
(14, 10)
(14, 11)
(14, 12)
(14, 13)
(15, 13)
(16, 13)
(17, 13)
(17, 14)
(17, 15)
(16, 15)
(16, 16)
kaikki ok
Reitin pituus: 6
(3, 1)
(4, 1)
(4, 2)
(4, 3)
(5, 3)
(6, 3)
(6, 4)
kaikki ok
Reitin pituus: 20
(8, 17)
(7, 17)
(6, 17)
(6, 16)
(6, 15)
(5, 15)
(4, 15)
(4, 14)
(4, 13)
(4, 12)
(4, 11)
(4, 10)
(4, 9)
(5, 9)
(6, 9)
(6, 8)
(6, 7)
(7, 7)
(8, 7)
(9, 7)
(9, 8)
kaikki ok
Reitin pituus: 2
(13, 1)
(14, 1)
(15, 1)
kaikki ok
Reitin pituus: 17
(11, 1)
(10, 1)
(10, 2)
(10, 3)
(9, 3)
(8, 3)
(7, 3)
(6, 3)
(5, 3)
(4, 3)
(4, 4)
(4, 5)
(4, 6)
(4, 7)
(4, 8)
(4, 9)
(4, 10)
(4, 11)
kaikki ok
Reitin pituus: 3
(1, 5)
(1, 4)
(1, 3)
(1, 2)
kaikki ok
Reitin pituus: 4
(12, 19)
(11, 19)
(10, 19)
(10, 18)
(10, 17)
kaikki ok
Reitin pituus: 21
(13, 3)
(14, 3)
(14, 4)
(14, 5)
(14, 6)
(14, 7)
(14, 8)
(14, 9)
(14, 10)
(14, 11)
(14, 12)
(14, 13)
(14, 14)
(14, 15)
(13, 15)
(12, 15)
(11, 15)
(10, 15)
(9, 15)
(8, 15)
(7, 15)
(6, 15)
kaikki ok
Reitin pituus: 11
(6, 8)
(6, 9)
(5, 9)
(4, 9)
(4, 8)
(4, 7)
(4, 6)
(4, 5)
(4, 4)
(4, 3)
(3, 3)
(2, 3)
kaikki ok
Reitin pituus: 16
(17, 13)
(16, 13)
(15, 13)
(14, 13)
(14, 12)
(14, 11)
(14, 10)
(14, 9)
(14, 8)
(14, 7)
(14, 6)
(14, 5)
(14, 4)
(14, 3)
(14, 2)
(14, 1)
(15, 1)
kaikki ok
Reitin pituus: 16
(14, 5)
(14, 4)
(14, 3)
(13, 3)
(12, 3)
(11, 3)
(10, 3)
(9, 3)
(8, 3)
(8, 2)
(8, 1)
(7, 1)
(6, 1)
(5, 1)
(4, 1)
(3, 1)
(2, 1)
kaikki ok
Reitin pituus: 0
(4, 10)
kaikki ok
Reitin pituus: 24
(14, 17)
(14, 16)
(14, 15)
(14, 14)
(14, 13)
(14, 12)
(14, 11)
(14, 10)
(14, 9)
(14, 8)
(14, 7)
(14, 6)
(14, 5)
(14, 4)
(14, 3)
(13, 3)
(12, 3)
(11, 3)
(10, 3)
(9, 3)
(8, 3)
(8, 2)
(8, 1)
(7, 1)
(6, 1)
kaikki ok
Reitin pituus: 17
(12, 12)
(12, 13)
(11, 13)
(10, 13)
(10, 14)
(10, 15)
(9, 15)
(8, 15)
(7, 15)
(6, 15)
(5, 15)
(4, 15)
(4, 16)
(4, 17)
(3, 17)
(2, 17)
(2, 16)
(2, 15)
kaikki ok
Reitin pituus: 5
(6, 17)
(6, 16)
(6, 15)
(5, 15)
(4, 15)
(4, 14)
kaikki ok
Reitin pituus: 7
(1, 18)
(1, 17)
(2, 17)
(3, 17)
(4, 17)
(4, 16)
(4, 15)
(4, 14)
kaikki ok
Reitin pituus: 25
(1, 17)
(2, 17)
(3, 17)
(4, 17)
(4, 16)
(4, 15)
(5, 15)
(6, 15)
(7, 15)
(8, 15)
(9, 15)
(10, 15)
(10, 14)
(10, 13)
(11, 13)
(12, 13)
(12, 12)
(12, 11)
(12, 10)
(12, 9)
(13, 9)
(14, 9)
(14, 8)
(14, 7)
(14, 6)
(14, 5)
kaikki ok
Reitin pituus: 7
(14, 3)
(14, 4)
(14, 5)
(14, 6)
(14, 7)
(14, 8)
(14, 9)
(14, 10)
kaikki ok
Reitin pituus: 16
(4, 9)
(4, 8)
(4, 7)
(4, 6)
(4, 5)
(4, 4)
(4, 3)
(5, 3)
(6, 3)
(7, 3)
(8, 3)
(9, 3)
(10, 3)
(10, 2)
(10, 1)
(11, 1)
(12, 1)
kaikki ok
Reitin pituus: 14
(17, 5)
(16, 5)
(15, 5)
(14, 5)
(14, 6)
(14, 7)
(14, 8)
(14, 9)
(14, 10)
(14, 11)
(14, 12)
(14, 13)
(15, 13)
(16, 13)
(17, 13)
kaikki ok
Reitin pituus: 20
(12, 7)
(12, 8)
(12, 9)
(13, 9)
(14, 9)
(14, 10)
(14, 11)
(14, 12)
(14, 13)
(14, 14)
(14, 15)
(14, 16)
(14, 17)
(15, 17)
(16, 17)
(17, 17)
(17, 18)
(17, 19)
(16, 19)
(15, 19)
(14, 19)
kaikki ok
Reitin pituus: 25
(17, 4)
(17, 5)
(16, 5)
(15, 5)
(14, 5)
(14, 6)
(14, 7)
(14, 8)
(14, 9)
(14, 10)
(14, 11)
(14, 12)
(14, 13)
(14, 14)
(14, 15)
(13, 15)
(12, 15)
(12, 16)
(12, 17)
(11, 17)
(10, 17)
(10, 18)
(10, 19)
(11, 19)
(12, 19)
(13, 19)
kaikki ok
Reitin pituus: 9
(8, 18)
(8, 17)
(7, 17)
(6, 17)
(6, 16)
(6, 15)
(5, 15)
(4, 15)
(4, 14)
(4, 13)
kaikki ok
Reitin pituus: 8
(9, 11)
(10, 11)
(11, 11)
(12, 11)
(12, 10)
(12, 9)
(12, 8)
(12, 7)
(11, 7)
kaikki ok
Reitin pituus: 19
(2, 17)
(3, 17)
(4, 17)
(4, 16)
(4, 15)
(5, 15)
(6, 15)
(7, 15)
(8, 15)
(9, 15)
(10, 15)
(11, 15)
(12, 15)
(13, 15)
(14, 15)
(14, 14)
(14, 13)
(14, 12)
(14, 11)
(14, 10)
kaikki ok
Reitin pituus: 7
(7, 11)
(6, 11)
(6, 10)
(6, 9)
(5, 9)
(4, 9)
(4, 10)
(4, 11)
kaikki ok
Reitin pituus: 8
(16, 13)
(17, 13)
(17, 14)
(17, 15)
(16, 15)
(16, 16)
(16, 17)
(17, 17)
(17, 18)
kaikki ok
Reitin pituus: 7
(5, 1)
(4, 1)
(4, 2)
(4, 3)
(4, 4)
(4, 5)
(3, 5)
(2, 5)
kaikki ok
Reitin pituus: 2
(10, 6)
(10, 7)
(11, 7)
kaikki ok
Reitin pituus: 16
(15, 5)
(14, 5)
(14, 4)
(14, 3)
(13, 3)
(12, 3)
(11, 3)
(10, 3)
(9, 3)
(8, 3)
(7, 3)
(6, 3)
(5, 3)
(4, 3)
(4, 4)
(4, 5)
(3, 5)
kaikki ok
Reitin pituus: 14
(12, 16)
(12, 17)
(11, 17)
(10, 17)
(10, 18)
(10, 19)
(9, 19)
(8, 19)
(7, 19)
(6, 19)
(5, 19)
(4, 19)
(3, 19)
(2, 19)
(1, 19)
kaikki ok
Reitin pituus: 14
(14, 10)
(14, 9)
(13, 9)
(12, 9)
(12, 10)
(12, 11)
(11, 11)
(10, 11)
(9, 11)
(8, 11)
(7, 11)
(6, 11)
(6, 10)
(6, 9)
(5, 9)
kaikki ok
Reitin pituus: 20
(8, 7)
(9, 7)
(10, 7)
(11, 7)
(12, 7)
(12, 8)
(12, 9)
(12, 10)
(12, 11)
(12, 12)
(12, 13)
(13, 13)
(14, 13)
(14, 14)
(14, 15)
(13, 15)
(12, 15)
(12, 16)
(12, 17)
(11, 17)
(10, 17)
kaikki ok
Reitin pituus: 27
(5, 1)
(4, 1)
(4, 2)
(4, 3)
(4, 4)
(4, 5)
(4, 6)
(4, 7)
(4, 8)
(4, 9)
(5, 9)
(6, 9)
(6, 10)
(6, 11)
(6, 12)
(6, 13)
(7, 13)
(8, 13)
(8, 14)
(8, 15)
(9, 15)
(10, 15)
(11, 15)
(12, 15)
(12, 16)
(12, 17)
(11, 17)
(10, 17)
kaikki ok
Reitin pituus: 9
(3, 17)
(2, 17)
(1, 17)
(1, 18)
(1, 19)
(2, 19)
(3, 19)
(4, 19)
(5, 19)
(6, 19)
kaikki ok
Reitin pituus: 19
(10, 13)
(11, 13)
(12, 13)
(13, 13)
(14, 13)
(14, 12)
(14, 11)
(14, 10)
(14, 9)
(14, 8)
(14, 7)
(14, 6)
(14, 5)
(14, 4)
(14, 3)
(14, 2)
(14, 1)
(13, 1)
(12, 1)
(11, 1)
kaikki ok
Reitin pituus: 5
(10, 1)
(10, 2)
(10, 3)
(11, 3)
(12, 3)
(12, 4)
kaikki ok
Reitin pituus: 9
(1, 13)
(2, 13)
(3, 13)
(4, 13)
(4, 12)
(4, 11)
(4, 10)
(4, 9)
(5, 9)
(6, 9)
kaikki ok
Reitin pituus: 13
(14, 17)
(14, 16)
(14, 15)
(14, 14)
(14, 13)
(13, 13)
(12, 13)
(12, 12)
(12, 11)
(11, 11)
(10, 11)
(9, 11)
(8, 11)
(7, 11)
kaikki ok
Reitin pituus: 24
(12, 4)
(12, 3)
(13, 3)
(14, 3)
(14, 4)
(14, 5)
(14, 6)
(14, 7)
(14, 8)
(14, 9)
(14, 10)
(14, 11)
(14, 12)
(14, 13)
(14, 14)
(14, 15)
(13, 15)
(12, 15)
(12, 16)
(12, 17)
(11, 17)
(10, 17)
(10, 18)
(10, 19)
(11, 19)
kaikki ok
Reitin pituus: 7
(3, 17)
(4, 17)
(4, 16)
(4, 15)
(5, 15)
(6, 15)
(7, 15)
(8, 15)
kaikki ok
Reitin pituus: 3
(10, 14)
(10, 15)
(11, 15)
(12, 15)
kaikki ok
Reitin pituus: 10
(5, 13)
(6, 13)
(6, 12)
(6, 11)
(7, 11)
(8, 11)
(9, 11)
(10, 11)
(11, 11)
(12, 11)
(12, 12)
kaikki ok
Reitin pituus: 8
(10, 18)
(10, 19)
(11, 19)
(12, 19)
(13, 19)
(14, 19)
(15, 19)
(16, 19)
(17, 19)
kaikki ok
Reitin pituus: 15
(1, 18)
(1, 19)
(2, 19)
(3, 19)
(4, 19)
(5, 19)
(6, 19)
(7, 19)
(8, 19)
(9, 19)
(10, 19)
(10, 18)
(10, 17)
(11, 17)
(12, 17)
(12, 16)
kaikki ok
Reitin pituus: 22
(1, 19)
(2, 19)
(3, 19)
(4, 19)
(5, 19)
(6, 19)
(7, 19)
(8, 19)
(9, 19)
(10, 19)
(11, 19)
(12, 19)
(13, 19)
(14, 19)
(15, 19)
(16, 19)
(17, 19)
(17, 18)
(17, 17)
(16, 17)
(16, 16)
(16, 15)
(17, 15)
kaikki ok
Reitin pituus: 18
(1, 5)
(2, 5)
(3, 5)
(4, 5)
(4, 6)
(4, 7)
(4, 8)
(4, 9)
(4, 10)
(4, 11)
(4, 12)
(4, 13)
(4, 14)
(4, 15)
(5, 15)
(6, 15)
(7, 15)
(8, 15)
(9, 15)
kaikki ok
Reitin pituus: 15
(15, 3)
(14, 3)
(13, 3)
(12, 3)
(11, 3)
(10, 3)
(9, 3)
(8, 3)
(8, 2)
(8, 1)
(7, 1)
(6, 1)
(5, 1)
(4, 1)
(3, 1)
(2, 1)
kaikki ok
Reitin pituus: 26
(17, 15)
(17, 14)
(17, 13)
(16, 13)
(15, 13)
(14, 13)
(13, 13)
(12, 13)
(12, 12)
(12, 11)
(11, 11)
(10, 11)
(9, 11)
(8, 11)
(7, 11)
(6, 11)
(6, 10)
(6, 9)
(5, 9)
(4, 9)
(4, 8)
(4, 7)
(4, 6)
(4, 5)
(3, 5)
(2, 5)
(1, 5)
kaikki ok
Reitin pituus: 24
(11, 7)
(12, 7)
(12, 8)
(12, 9)
(13, 9)
(14, 9)
(14, 10)
(14, 11)
(14, 12)
(14, 13)
(14, 14)
(14, 15)
(13, 15)
(12, 15)
(12, 16)
(12, 17)
(11, 17)
(10, 17)
(10, 18)
(10, 19)
(9, 19)
(8, 19)
(7, 19)
(6, 19)
(5, 19)
kaikki ok
Reitin pituus: 4
(17, 4)
(17, 3)
(16, 3)
(15, 3)
(14, 3)
kaikki ok
Reitin pituus: 7
(6, 7)
(6, 8)
(6, 9)
(5, 9)
(4, 9)
(4, 10)
(4, 11)
(4, 12)
kaikki ok
Reitin pituus: 8
(11, 17)
(12, 17)
(12, 16)
(12, 15)
(13, 15)
(14, 15)
(14, 14)
(14, 13)
(15, 13)
kaikki ok
Reitin pituus: 19
(4, 7)
(4, 8)
(4, 9)
(5, 9)
(6, 9)
(6, 10)
(6, 11)
(7, 11)
(8, 11)
(9, 11)
(10, 11)
(11, 11)
(12, 11)
(12, 12)
(12, 13)
(13, 13)
(14, 13)
(15, 13)
(16, 13)
(17, 13)
kaikki ok
Reitin pituus: 21
(2, 16)
(2, 17)
(3, 17)
(4, 17)
(4, 16)
(4, 15)
(4, 14)
(4, 13)
(5, 13)
(6, 13)
(6, 12)
(6, 11)
(6, 10)
(6, 9)
(6, 8)
(6, 7)
(7, 7)
(8, 7)
(9, 7)
(9, 8)
(9, 9)
(8, 9)
kaikki ok
Reitin pituus: 22
(10, 2)
(10, 3)
(9, 3)
(8, 3)
(7, 3)
(6, 3)
(5, 3)
(4, 3)
(4, 4)
(4, 5)
(4, 6)
(4, 7)
(4, 8)
(4, 9)
(4, 10)
(4, 11)
(4, 12)
(4, 13)
(3, 13)
(2, 13)
(1, 13)
(1, 14)
(1, 15)
kaikki ok
Reitin pituus: 19
(16, 16)
(16, 17)
(15, 17)
(14, 17)
(14, 16)
(14, 15)
(14, 14)
(14, 13)
(14, 12)
(14, 11)
(14, 10)
(14, 9)
(14, 8)
(14, 7)
(14, 6)
(14, 5)
(14, 4)
(14, 3)
(14, 2)
(14, 1)
kaikki ok
Reitin pituus: 22
(8, 17)
(7, 17)
(6, 17)
(6, 16)
(6, 15)
(5, 15)
(4, 15)
(4, 14)
(4, 13)
(4, 12)
(4, 11)
(4, 10)
(4, 9)
(4, 8)
(4, 7)
(4, 6)
(4, 5)
(4, 4)
(4, 3)
(5, 3)
(6, 3)
(7, 3)
(8, 3)
kaikki ok
Reitin pituus: 5
(2, 15)
(2, 16)
(2, 17)
(1, 17)
(1, 18)
(1, 19)
kaikki ok
Reitin pituus: 16
(4, 10)
(4, 11)
(4, 12)
(4, 13)
(4, 14)
(4, 15)
(5, 15)
(6, 15)
(6, 16)
(6, 17)
(7, 17)
(8, 17)
(8, 18)
(8, 19)
(9, 19)
(10, 19)
(11, 19)
kaikki ok
Reitin pituus: 19
(6, 16)
(6, 15)
(5, 15)
(4, 15)
(4, 14)
(4, 13)
(4, 12)
(4, 11)
(4, 10)
(4, 9)
(5, 9)
(6, 9)
(6, 8)
(6, 7)
(7, 7)
(8, 7)
(9, 7)
(10, 7)
(10, 6)
(10, 5)
kaikki ok
Reitin pituus: 18
(1, 1)
(1, 2)
(1, 3)
(1, 4)
(1, 5)
(2, 5)
(3, 5)
(4, 5)
(4, 6)
(4, 7)
(4, 8)
(4, 9)
(4, 10)
(4, 11)
(4, 12)
(4, 13)
(4, 14)
(4, 15)
(5, 15)
kaikki ok
Reitin pituus: 9
(17, 4)
(17, 3)
(17, 2)
(17, 1)
(16, 1)
(15, 1)
(14, 1)
(13, 1)
(12, 1)
(11, 1)
kaikki ok
Reitin pituus: 9
(17, 13)
(17, 14)
(17, 15)
(16, 15)
(16, 16)
(16, 17)
(17, 17)
(17, 18)
(17, 19)
(16, 19)
kaikki ok
Reitin pituus: 24
(1, 1)
(1, 2)
(1, 3)
(1, 4)
(1, 5)
(2, 5)
(3, 5)
(4, 5)
(4, 6)
(4, 7)
(4, 8)
(4, 9)
(5, 9)
(6, 9)
(6, 10)
(6, 11)
(6, 12)
(6, 13)
(7, 13)
(8, 13)
(8, 14)
(8, 15)
(9, 15)
(10, 15)
(11, 15)
kaikki ok
Reitin pituus: 8
(12, 16)
(12, 15)
(11, 15)
(10, 15)
(9, 15)
(8, 15)
(7, 15)
(6, 15)
(5, 15)
kaikki ok
Reitin pituus: 14
(1, 17)
(2, 17)
(3, 17)
(4, 17)
(4, 16)
(4, 15)
(5, 15)
(6, 15)
(7, 15)
(8, 15)
(9, 15)
(10, 15)
(10, 14)
(10, 13)
(11, 13)
kaikki ok
Reitin pituus: 15
(3, 19)
(2, 19)
(1, 19)
(1, 18)
(1, 17)
(2, 17)
(3, 17)
(4, 17)
(4, 16)
(4, 15)
(4, 14)
(4, 13)
(4, 12)
(4, 11)
(4, 10)
(4, 9)
kaikki ok
Reitin pituus: 19
(14, 15)
(14, 14)
(14, 13)
(13, 13)
(12, 13)
(12, 12)
(12, 11)
(12, 10)
(12, 9)
(12, 8)
(12, 7)
(11, 7)
(10, 7)
(9, 7)
(8, 7)
(8, 6)
(8, 5)
(7, 5)
(6, 5)
(6, 4)
kaikki ok
Reitin pituus: 18
(14, 7)
(14, 8)
(14, 9)
(14, 10)
(14, 11)
(14, 12)
(14, 13)
(14, 14)
(14, 15)
(13, 15)
(12, 15)
(12, 16)
(12, 17)
(11, 17)
(10, 17)
(10, 18)
(10, 19)
(9, 19)
(8, 19)
kaikki ok
Reitin pituus: 8
(14, 12)
(14, 13)
(13, 13)
(12, 13)
(11, 13)
(10, 13)
(10, 14)
(10, 15)
(9, 15)
kaikki ok
Reitin pituus: 7
(4, 14)
(4, 15)
(5, 15)
(6, 15)
(6, 16)
(6, 17)
(7, 17)
(8, 17)
kaikki ok
Reitin pituus: 0
(4, 10)
kaikki ok
Reitin pituus: 9
(12, 19)
(11, 19)
(10, 19)
(10, 18)
(10, 17)
(11, 17)
(12, 17)
(12, 16)
(12, 15)
(13, 15)
kaikki ok
Reitin pituus: 6
(2, 5)
(3, 5)
(4, 5)
(4, 4)
(4, 3)
(5, 3)
(6, 3)
kaikki ok
Reitin pituus: 7
(10, 19)
(9, 19)
(8, 19)
(8, 18)
(8, 17)
(7, 17)
(6, 17)
(6, 16)
kaikki ok
Reitin pituus: 19
(14, 11)
(14, 12)
(14, 13)
(13, 13)
(12, 13)
(12, 12)
(12, 11)
(11, 11)
(10, 11)
(9, 11)
(8, 11)
(7, 11)
(6, 11)
(6, 10)
(6, 9)
(5, 9)
(4, 9)
(4, 8)
(4, 7)
(4, 6)
kaikki ok
Reitin pituus: 15
(2, 19)
(3, 19)
(4, 19)
(5, 19)
(6, 19)
(7, 19)
(8, 19)
(9, 19)
(10, 19)
(10, 18)
(10, 17)
(11, 17)
(12, 17)
(12, 16)
(12, 15)
(13, 15)
kaikki ok
Reitin pituus: 15
(3, 13)
(4, 13)
(5, 13)
(6, 13)
(6, 12)
(6, 11)
(6, 10)
(6, 9)
(6, 8)
(6, 7)
(7, 7)
(8, 7)
(8, 6)
(8, 5)
(7, 5)
(6, 5)
kaikki ok
Reitin pituus: 22
(10, 15)
(9, 15)
(8, 15)
(8, 14)
(8, 13)
(7, 13)
(6, 13)
(6, 12)
(6, 11)
(6, 10)
(6, 9)
(5, 9)
(4, 9)
(4, 8)
(4, 7)
(4, 6)
(4, 5)
(4, 4)
(4, 3)
(4, 2)
(4, 1)
(5, 1)
(6, 1)
kaikki ok
Reitin pituus: 14
(16, 5)
(15, 5)
(14, 5)
(14, 6)
(14, 7)
(14, 8)
(14, 9)
(13, 9)
(12, 9)
(12, 8)
(12, 7)
(11, 7)
(10, 7)
(9, 7)
(8, 7)
kaikki ok
Reitin pituus: 4
(14, 14)
(14, 15)
(13, 15)
(12, 15)
(12, 16)
kaikki ok
Reitin pituus: 21
(2, 13)
(3, 13)
(4, 13)
(4, 14)
(4, 15)
(5, 15)
(6, 15)
(7, 15)
(8, 15)
(9, 15)
(10, 15)
(11, 15)
(12, 15)
(13, 15)
(14, 15)
(14, 16)
(14, 17)
(15, 17)
(16, 17)
(17, 17)
(17, 18)
(17, 19)
kaikki ok
Reitin pituus: 22
(17, 14)
(17, 13)
(16, 13)
(15, 13)
(14, 13)
(13, 13)
(12, 13)
(11, 13)
(10, 13)
(10, 14)
(10, 15)
(9, 15)
(8, 15)
(7, 15)
(6, 15)
(5, 15)
(4, 15)
(4, 16)
(4, 17)
(3, 17)
(2, 17)
(1, 17)
(1, 18)
kaikki ok
Reitin pituus: 21
(12, 11)
(11, 11)
(10, 11)
(9, 11)
(8, 11)
(7, 11)
(6, 11)
(6, 10)
(6, 9)
(5, 9)
(4, 9)
(4, 8)
(4, 7)
(4, 6)
(4, 5)
(3, 5)
(2, 5)
(1, 5)
(1, 4)
(1, 3)
(1, 2)
(1, 1)
kaikki ok
Reitin pituus: 19
(14, 15)
(14, 14)
(14, 13)
(13, 13)
(12, 13)
(12, 12)
(12, 11)
(12, 10)
(12, 9)
(12, 8)
(12, 7)
(11, 7)
(10, 7)
(9, 7)
(8, 7)
(8, 6)
(8, 5)
(7, 5)
(6, 5)
(6, 4)
kaikki ok
Reitin pituus: 7
(8, 5)
(8, 6)
(8, 7)
(7, 7)
(6, 7)
(6, 8)
(6, 9)
(6, 10)
kaikki ok
Reitin pituus: 3
(7, 3)
(8, 3)
(9, 3)
(10, 3)
kaikki ok
Reitin pituus: 26
(17, 3)
(16, 3)
(15, 3)
(14, 3)
(13, 3)
(12, 3)
(12, 4)
(12, 5)
(11, 5)
(10, 5)
(10, 6)
(10, 7)
(9, 7)
(8, 7)
(7, 7)
(6, 7)
(6, 8)
(6, 9)
(6, 10)
(6, 11)
(6, 12)
(6, 13)
(5, 13)
(4, 13)
(3, 13)
(2, 13)
(1, 13)
kaikki ok
Reitin pituus: 11
(14, 2)
(14, 3)
(13, 3)
(12, 3)
(11, 3)
(10, 3)
(9, 3)
(8, 3)
(8, 2)
(8, 1)
(7, 1)
(6, 1)
kaikki ok
Reitin pituus: 9
(4, 15)
(5, 15)
(6, 15)
(7, 15)
(8, 15)
(9, 15)
(10, 15)
(11, 15)
(12, 15)
(12, 16)
kaikki ok
Reitin pituus: 18
(4, 6)
(4, 7)
(4, 8)
(4, 9)
(5, 9)
(6, 9)
(6, 8)
(6, 7)
(7, 7)
(8, 7)
(9, 7)
(10, 7)
(11, 7)
(12, 7)
(12, 8)
(12, 9)
(13, 9)
(14, 9)
(14, 8)
kaikki ok
Reitin pituus: 13
(6, 17)
(6, 16)
(6, 15)
(7, 15)
(8, 15)
(9, 15)
(10, 15)
(11, 15)
(12, 15)
(13, 15)
(14, 15)
(14, 14)
(14, 13)
(15, 13)
kaikki ok
Reitin pituus: 13
(4, 5)
(4, 4)
(4, 3)
(5, 3)
(6, 3)
(7, 3)
(8, 3)
(9, 3)
(10, 3)
(11, 3)
(12, 3)
(13, 3)
(14, 3)
(14, 4)
kaikki ok
Reitin pituus: 28
(7, 1)
(6, 1)
(5, 1)
(4, 1)
(4, 2)
(4, 3)
(4, 4)
(4, 5)
(4, 6)
(4, 7)
(4, 8)
(4, 9)
(4, 10)
(4, 11)
(4, 12)
(4, 13)
(4, 14)
(4, 15)
(5, 15)
(6, 15)
(6, 16)
(6, 17)
(7, 17)
(8, 17)
(8, 18)
(8, 19)
(7, 19)
(6, 19)
(5, 19)
kaikki ok
Reitin pituus: 8
(9, 9)
(9, 8)
(9, 7)
(10, 7)
(11, 7)
(12, 7)
(12, 8)
(12, 9)
(13, 9)
kaikki ok
Reitin pituus: 6
(7, 3)
(8, 3)
(9, 3)
(10, 3)
(11, 3)
(12, 3)
(12, 4)
kaikki ok
Reitin pituus: 1
(13, 15)
(14, 15)
kaikki ok
Reitin pituus: 11
(10, 15)
(9, 15)
(8, 15)
(8, 14)
(8, 13)
(7, 13)
(6, 13)
(6, 12)
(6, 11)
(6, 10)
(6, 9)
(6, 8)
kaikki ok
Reitin pituus: 20
(1, 14)
(1, 13)
(2, 13)
(3, 13)
(4, 13)
(5, 13)
(6, 13)
(7, 13)
(8, 13)
(8, 14)
(8, 15)
(9, 15)
(10, 15)
(11, 15)
(12, 15)
(13, 15)
(14, 15)
(14, 16)
(14, 17)
(15, 17)
(16, 17)
kaikki ok
Reitin pituus: 28
(1, 18)
(1, 17)
(2, 17)
(3, 17)
(4, 17)
(4, 16)
(4, 15)
(4, 14)
(4, 13)
(4, 12)
(4, 11)
(4, 10)
(4, 9)
(4, 8)
(4, 7)
(4, 6)
(4, 5)
(4, 4)
(4, 3)
(5, 3)
(6, 3)
(7, 3)
(8, 3)
(9, 3)
(10, 3)
(11, 3)
(12, 3)
(13, 3)
(14, 3)
kaikki ok
Reitin pituus: 13
(8, 9)
(9, 9)
(9, 8)
(9, 7)
(10, 7)
(10, 6)
(10, 5)
(11, 5)
(12, 5)
(12, 4)
(12, 3)
(13, 3)
(14, 3)
(14, 4)
kaikki ok
Reitin pituus: 24
(1, 13)
(2, 13)
(3, 13)
(4, 13)
(4, 12)
(4, 11)
(4, 10)
(4, 9)
(4, 8)
(4, 7)
(4, 6)
(4, 5)
(4, 4)
(4, 3)
(5, 3)
(6, 3)
(7, 3)
(8, 3)
(9, 3)
(10, 3)
(10, 2)
(10, 1)
(11, 1)
(12, 1)
(13, 1)
kaikki ok
Reitin pituus: 14
(7, 7)
(8, 7)
(9, 7)
(10, 7)
(10, 6)
(10, 5)
(11, 5)
(12, 5)
(12, 4)
(12, 3)
(13, 3)
(14, 3)
(15, 3)
(16, 3)
(17, 3)
kaikki ok
Reitin pituus: 25
(6, 3)
(6, 4)
(6, 5)
(7, 5)
(8, 5)
(8, 6)
(8, 7)
(9, 7)
(10, 7)
(11, 7)
(12, 7)
(12, 8)
(12, 9)
(13, 9)
(14, 9)
(14, 10)
(14, 11)
(14, 12)
(14, 13)
(14, 14)
(14, 15)
(14, 16)
(14, 17)
(15, 17)
(16, 17)
(17, 17)
kaikki ok
Reitin pituus: 10
(10, 7)
(9, 7)
(8, 7)
(8, 6)
(8, 5)
(7, 5)
(6, 5)
(6, 4)
(6, 3)
(7, 3)
(8, 3)
kaikki ok
Reitin pituus: 12
(4, 8)
(4, 7)
(4, 6)
(4, 5)
(4, 4)
(4, 3)
(5, 3)
(6, 3)
(7, 3)
(8, 3)
(9, 3)
(10, 3)
(10, 2)
kaikki ok
Reitin pituus: 8
(8, 6)
(8, 7)
(7, 7)
(6, 7)
(6, 8)
(6, 9)
(6, 10)
(6, 11)
(7, 11)
kaikki ok
Reitin pituus: 32
(15, 19)
(14, 19)
(13, 19)
(12, 19)
(11, 19)
(10, 19)
(9, 19)
(8, 19)
(8, 18)
(8, 17)
(7, 17)
(6, 17)
(6, 16)
(6, 15)
(5, 15)
(4, 15)
(4, 14)
(4, 13)
(4, 12)
(4, 11)
(4, 10)
(4, 9)
(4, 8)
(4, 7)
(4, 6)
(4, 5)
(4, 4)
(4, 3)
(4, 2)
(4, 1)
(3, 1)
(2, 1)
(1, 1)
kaikki ok
Reitin pituus: 7
(15, 1)
(14, 1)
(14, 2)
(14, 3)
(14, 4)
(14, 5)
(14, 6)
(14, 7)
kaikki ok
Reitin pituus: 15
(10, 11)
(9, 11)
(8, 11)
(7, 11)
(6, 11)
(6, 12)
(6, 13)
(5, 13)
(4, 13)
(4, 14)
(4, 15)
(4, 16)
(4, 17)
(3, 17)
(2, 17)
(2, 16)
kaikki ok
Reitin pituus: 6
(15, 13)
(14, 13)
(13, 13)
(12, 13)
(11, 13)
(10, 13)
(10, 14)
kaikki ok
Reitin pituus: 4
(2, 16)
(2, 17)
(1, 17)
(1, 18)
(1, 19)
kaikki ok
Reitin pituus: 28
(9, 3)
(10, 3)
(11, 3)
(12, 3)
(13, 3)
(14, 3)
(14, 4)
(14, 5)
(14, 6)
(14, 7)
(14, 8)
(14, 9)
(14, 10)
(14, 11)
(14, 12)
(14, 13)
(14, 14)
(14, 15)
(14, 16)
(14, 17)
(15, 17)
(16, 17)
(17, 17)
(17, 18)
(17, 19)
(16, 19)
(15, 19)
(14, 19)
(13, 19)
kaikki ok
Reitin pituus: 10
(14, 7)
(14, 8)
(14, 9)
(13, 9)
(12, 9)
(12, 8)
(12, 7)
(11, 7)
(10, 7)
(10, 6)
(10, 5)
kaikki ok
Reitin pituus: 14
(6, 15)
(7, 15)
(8, 15)
(9, 15)
(10, 15)
(10, 14)
(10, 13)
(11, 13)
(12, 13)
(13, 13)
(14, 13)
(15, 13)
(16, 13)
(17, 13)
(17, 14)
kaikki ok
Reitin pituus: 3
(14, 11)
(14, 10)
(14, 9)
(14, 8)
kaikki ok
Reitin pituus: 9
(2, 3)
(3, 3)
(4, 3)
(5, 3)
(6, 3)
(7, 3)
(8, 3)
(9, 3)
(10, 3)
(10, 2)
kaikki ok
Reitin pituus: 5
(12, 1)
(13, 1)
(14, 1)
(14, 2)
(14, 3)
(13, 3)
kaikki ok
Reitin pituus: 6
(16, 5)
(15, 5)
(14, 5)
(14, 6)
(14, 7)
(14, 8)
(14, 9)
kaikki ok
Reitin pituus: 2
(11, 11)
(10, 11)
(9, 11)
kaikki ok
Reitin pituus: 15
(4, 6)
(4, 5)
(4, 4)
(4, 3)
(5, 3)
(6, 3)
(7, 3)
(8, 3)
(9, 3)
(10, 3)
(11, 3)
(12, 3)
(13, 3)
(14, 3)
(14, 2)
(14, 1)
kaikki ok
Reitin pituus: 16
(8, 6)
(8, 7)
(9, 7)
(10, 7)
(10, 6)
(10, 5)
(11, 5)
(12, 5)
(12, 4)
(12, 3)
(13, 3)
(14, 3)
(14, 4)
(14, 5)
(15, 5)
(16, 5)
(17, 5)
kaikki ok
Reitin pituus: 9
(7, 11)
(6, 11)
(6, 12)
(6, 13)
(5, 13)
(4, 13)
(4, 14)
(4, 15)
(4, 16)
(4, 17)
kaikki ok
Reitin pituus: 16
(14, 6)
(14, 7)
(14, 8)
(14, 9)
(14, 10)
(14, 11)
(14, 12)
(14, 13)
(14, 14)
(14, 15)
(13, 15)
(12, 15)
(12, 16)
(12, 17)
(11, 17)
(10, 17)
(10, 18)
kaikki ok
Reitin pituus: 14
(14, 3)
(14, 4)
(14, 5)
(14, 6)
(14, 7)
(14, 8)
(14, 9)
(14, 10)
(14, 11)
(14, 12)
(14, 13)
(14, 14)
(14, 15)
(14, 16)
(14, 17)
kaikki ok
Reitin pituus: 11
(8, 7)
(8, 6)
(8, 5)
(7, 5)
(6, 5)
(6, 4)
(6, 3)
(7, 3)
(8, 3)
(8, 2)
(8, 1)
(7, 1)
]]></system-out>
  <system-err><![CDATA[]]></system-err>
</testsuite>
